206.9333 	WARNING 	User requested fullscreen with size [1024  768], but screen is actually [1920, 1200]. Using actual size
207.7301 	EXP 	Created window1 = Window(allowGUI=False, allowStencil=False, autoLog=True, backendConf=UNKNOWN, bitsMode=UNKNOWN, blendMode='avg', bpc=(8, 8, 8), color=array([0, 0, 0]), colorSpace='rgb', depthBits=8, fullscr=<method-wrapper '__getattribute__' of attributeSetter object at 0x000001CF2DB76710>, gamma=None, gammaErrorPolicy='raise', lms=UNKNOWN, monitor=<psychopy.monitors.calibTools.Monitor object at 0x000001CF2F283FD0>, multiSample=False, name='window1', numSamples=2, pos=[0.0, 0.0], screen=0, size=array([1920, 1200]), stencilBits=0, stereo=False, units='norm', useFBO=True, useRetina=False, viewOri=0.0, viewPos=None, viewScale=None, waitBlanking=True, winType='pyglet')
207.7304 	EXP 	window1: mouseVisible = True
207.7305 	EXP 	window1: mouseVisible = False
207.7305 	EXP 	window1: recordFrameIntervals = False
207.8966 	EXP 	window1: recordFrameIntervals = True
208.0802 	EXP 	window1: recordFrameIntervals = False
208.1338 	EXP 	Created text = TextStim(__class__=<class 'psychopy.visual.text.TextStim'>, alignHoriz=method-wrapper(...), alignText='center', alignVert=method-wrapper(...), anchorHoriz='center', anchorVert='center', antialias=True, autoLog=True, bold=False, color=array([1., 1., 1.]), colorSpace='rgb', contrast=1.0, depth=0.0, flipHoriz=False, flipVert=False, font='Arial', fontFiles=[], height=0.15, italic=False, languageStyle='LTR', name='text', opacity=1, ori=0, pos=array([0., 0.]), rgb=UNKNOWN, text='+', units='norm', win=Window(...), wrapWidth=1)
208.1528 	EXP 	Created text = TextStim(__class__=<class 'psychopy.visual.text.TextStim'>, alignHoriz=method-wrapper(...), alignText='center', alignVert=method-wrapper(...), anchorHoriz='center', anchorVert='center', antialias=True, autoLog=True, bold=False, color=array([1., 1., 1.]), colorSpace='rgb', contrast=1.0, depth=0.0, flipHoriz=False, flipVert=False, font='Arial', fontFiles=[], height=0.07, italic=False, languageStyle='LTR', name='text', opacity=1, ori=0, pos=array([0., 0.]), rgb=UNKNOWN, text=str(...), units='norm', win=Window(...), wrapWidth=1.65)
208.1622 	EXP 	Created text = TextStim(__class__=<class 'psychopy.visual.text.TextStim'>, alignHoriz=method-wrapper(...), alignText='center', alignVert=method-wrapper(...), anchorHoriz='center', anchorVert='center', antialias=True, autoLog=True, bold=False, color=array([1., 1., 1.]), colorSpace='rgb', contrast=1.0, depth=0.0, flipHoriz=False, flipVert=False, font='Arial', fontFiles=[], height=0.07, italic=False, languageStyle='LTR', name='text', opacity=1, ori=0, pos=array([0., 0.]), rgb=UNKNOWN, text=str(...), units='norm', win=Window(...), wrapWidth=1.65)
208.1709 	EXP 	Created text = TextStim(__class__=<class 'psychopy.visual.text.TextStim'>, alignHoriz=method-wrapper(...), alignText='center', alignVert=method-wrapper(...), anchorHoriz='center', anchorVert='center', antialias=True, autoLog=True, bold=False, color=array([1., 1., 1.]), colorSpace='rgb', contrast=1.0, depth=0.0, flipHoriz=False, flipVert=False, font='Arial', fontFiles=[], height=0.07, italic=False, languageStyle='LTR', name='text', opacity=1, ori=0, pos=array([0., 0.]), rgb=UNKNOWN, text=str(...), units='norm', win=Window(...), wrapWidth=1.65)
208.1807 	EXP 	Created text = TextStim(__class__=<class 'psychopy.visual.text.TextStim'>, alignHoriz=method-wrapper(...), alignText='center', alignVert=method-wrapper(...), anchorHoriz='center', anchorVert='center', antialias=True, autoLog=True, bold=False, color=array([1., 1., 1.]), colorSpace='rgb', contrast=1.0, depth=0.0, flipHoriz=False, flipVert=False, font='Arial', fontFiles=[], height=0.07, italic=False, languageStyle='LTR', name='text', opacity=1, ori=0, pos=array([0., 0.]), rgb=UNKNOWN, text=str(...), units='norm', win=Window(...), wrapWidth=1.65)
208.1868 	EXP 	Created text = TextStim(__class__=<class 'psychopy.visual.text.TextStim'>, alignHoriz=method-wrapper(...), alignText='center', alignVert=method-wrapper(...), anchorHoriz='center', anchorVert='center', antialias=True, autoLog=True, bold=False, color=array([1., 1., 1.]), colorSpace='rgb', contrast=1.0, depth=0.0, flipHoriz=False, flipVert=False, font='Arial', fontFiles=[], height=0.07, italic=False, languageStyle='LTR', name='text', opacity=1, ori=0, pos=array([0., 0.]), rgb=UNKNOWN, text=str(...), units='norm', win=Window(...), wrapWidth=1.65)
208.2023 	EXP 	Created text = TextStim(__class__=<class 'psychopy.visual.text.TextStim'>, alignHoriz=method-wrapper(...), alignText='center', alignVert=method-wrapper(...), anchorHoriz='center', anchorVert='center', antialias=True, autoLog=True, bold=False, color=array([1., 1., 1.]), colorSpace='rgb', contrast=1.0, depth=0.0, flipHoriz=False, flipVert=False, font='Arial', fontFiles=[], height=0.15, italic=False, languageStyle='LTR', name='text', opacity=1, ori=0, pos=array([0., 0.]), rgb=UNKNOWN, text=str(...), units='norm', win=Window(...), wrapWidth=1.65)
208.2310 	EXP 	Created text = TextStim(__class__=<class 'psychopy.visual.text.TextStim'>, alignHoriz=method-wrapper(...), alignText='center', alignVert=method-wrapper(...), anchorHoriz='center', anchorVert='center', antialias=True, autoLog=True, bold=False, color=array([1., 1., 1.]), colorSpace='rgb', contrast=1.0, depth=0.0, flipHoriz=False, flipVert=False, font='Arial', fontFiles=[], height=0.07, italic=False, languageStyle='LTR', name='text', opacity=1, ori=0, pos=array([0., 0.]), rgb=UNKNOWN, text=str(...), units='norm', win=Window(...), wrapWidth=1.65)
208.2515 	EXP 	Created text = TextStim(__class__=<class 'psychopy.visual.text.TextStim'>, alignHoriz=method-wrapper(...), alignText='center', alignVert=method-wrapper(...), anchorHoriz='center', anchorVert='center', antialias=True, autoLog=True, bold=False, color=array([1., 1., 1.]), colorSpace='rgb', contrast=1.0, depth=0.0, flipHoriz=False, flipVert=False, font='Arial', fontFiles=[], height=0.07, italic=False, languageStyle='LTR', name='text', opacity=1, ori=0, pos=array([0., 0.]), rgb=UNKNOWN, text=str(...), units='norm', win=Window(...), wrapWidth=1.65)
208.2825 	EXP 	Created text = TextStim(__class__=<class 'psychopy.visual.text.TextStim'>, alignHoriz=method-wrapper(...), alignText='center', alignVert=method-wrapper(...), anchorHoriz='center', anchorVert='center', antialias=True, autoLog=True, bold=False, color=array([1., 1., 1.]), colorSpace='rgb', contrast=1.0, depth=0.0, flipHoriz=False, flipVert=False, font='Arial', fontFiles=[], height=0.07, italic=False, languageStyle='LTR', name='text', opacity=1, ori=0, pos=array([0., 0.]), rgb=UNKNOWN, text=str(...), units='norm', win=Window(...), wrapWidth=1.65)
208.3060 	EXP 	Created text = TextStim(__class__=<class 'psychopy.visual.text.TextStim'>, alignHoriz=method-wrapper(...), alignText='center', alignVert=method-wrapper(...), anchorHoriz='center', anchorVert='center', antialias=True, autoLog=True, bold=False, color=array([1., 1., 1.]), colorSpace='rgb', contrast=1.0, depth=0.0, flipHoriz=False, flipVert=False, font='Arial', fontFiles=[], height=0.07, italic=False, languageStyle='LTR', name='text', opacity=1, ori=0, pos=array([0., 0.]), rgb=UNKNOWN, text=str(...), units='norm', win=Window(...), wrapWidth=1.65)
208.3347 	EXP 	Created text = TextStim(__class__=<class 'psychopy.visual.text.TextStim'>, alignHoriz=method-wrapper(...), alignText='center', alignVert=method-wrapper(...), anchorHoriz='center', anchorVert='center', antialias=True, autoLog=True, bold=False, color=array([1., 1., 1.]), colorSpace='rgb', contrast=1.0, depth=0.0, flipHoriz=False, flipVert=False, font='Arial', fontFiles=[], height=0.07, italic=False, languageStyle='LTR', name='text', opacity=1, ori=0, pos=array([0., 0.]), rgb=UNKNOWN, text=str(...), units='norm', win=Window(...), wrapWidth=1.65)
208.3450 	EXP 	Created text = TextStim(__class__=<class 'psychopy.visual.text.TextStim'>, alignHoriz=method-wrapper(...), alignText='center', alignVert=method-wrapper(...), anchorHoriz='center', anchorVert='center', antialias=True, autoLog=True, bold=False, color=array([1., 1., 1.]), colorSpace='rgb', contrast=1.0, depth=0.0, flipHoriz=False, flipVert=False, font='Arial', fontFiles=[], height=0.07, italic=False, languageStyle='LTR', name='text', opacity=1, ori=0, pos=array([0., 0.]), rgb=UNKNOWN, text=str(...), units='norm', win=Window(...), wrapWidth=1.65)
208.3571 	EXP 	Created text = TextStim(__class__=<class 'psychopy.visual.text.TextStim'>, alignHoriz=method-wrapper(...), alignText='center', alignVert=method-wrapper(...), anchorHoriz='center', anchorVert='center', antialias=True, autoLog=True, bold=False, color=array([1., 1., 1.]), colorSpace='rgb', contrast=1.0, depth=0.0, flipHoriz=False, flipVert=False, font='Arial', fontFiles=[], height=0.07, italic=False, languageStyle='LTR', name='text', opacity=1, ori=0, pos=array([0., 0.]), rgb=UNKNOWN, text=str(...), units='norm', win=Window(...), wrapWidth=1.65)
208.3613 	EXP 	Created instru = TextStim(__class__=<class 'psychopy.visual.text.TextStim'>, alignHoriz=method-wrapper(...), alignText='center', alignVert=method-wrapper(...), anchorHoriz='center', anchorVert='center', antialias=True, autoLog=True, bold=False, color=array([1., 1., 1.]), colorSpace='rgb', contrast=1.0, depth=0.0, flipHoriz=False, flipVert=False, font='Arial', fontFiles=[], height=0.07, italic=False, languageStyle='LTR', name='instru', opacity=1, ori=0, pos=array([0. , 0.5]), rgb=UNKNOWN, text=str(...), units='norm', win=Window(...), wrapWidth=1)
208.3639 	EXP 	Created unnamed Line = Line(__class__=<class 'psychopy.visual.line.Line'>, autoDraw=False, autoLog=True, closeShape=False, color=array([1., 1., 1.]), colorSpace='rgb', contrast=None, depth=0, fillColor=array([0, 0, 0]), fillColorSpace='rgb', fillRGB=array([0, 0, 0]), interpolate=True, lineColor=array([1., 1., 1.]), lineColorSpace='rgb', lineRGB=array([1, 1, 1]), lineWidth=5, name='unnamed Line', opacity=0.5, ori=0.0, pos=array([0., 0.]), size=array([1., 1.]), units='norm', vertices=array([[-0.5,  0. ],
       [ 0.5,  0. ]]), win=Window(...), windingRule=None)
208.3659 	EXP 	Created unnamed Line = Line(__class__=<class 'psychopy.visual.line.Line'>, autoDraw=False, autoLog=True, closeShape=False, color=array([1., 1., 1.]), colorSpace='rgb', contrast=None, depth=0, fillColor=array([0, 0, 0]), fillColorSpace='rgb', fillRGB=array([0, 0, 0]), interpolate=True, lineColor=array([1., 1., 1.]), lineColorSpace='rgb', lineRGB=array([1, 1, 1]), lineWidth=3, name='unnamed Line', opacity=0.5, ori=0.0, pos=array([0., 0.]), size=array([1., 1.]), units='norm', vertices=array([[-0.5 , -0.05],
       [-0.5 ,  0.05]]), win=Window(...), windingRule=None)
208.3678 	EXP 	Created unnamed Line = Line(__class__=<class 'psychopy.visual.line.Line'>, autoDraw=False, autoLog=True, closeShape=False, color=array([1., 1., 1.]), colorSpace='rgb', contrast=None, depth=0, fillColor=array([0, 0, 0]), fillColorSpace='rgb', fillRGB=array([0, 0, 0]), interpolate=True, lineColor=array([1., 1., 1.]), lineColorSpace='rgb', lineRGB=array([1, 1, 1]), lineWidth=3, name='unnamed Line', opacity=0.5, ori=0.0, pos=array([0., 0.]), size=array([1., 1.]), units='norm', vertices=ndarray(...), win=Window(...), windingRule=None)
208.3698 	EXP 	Created unnamed Line = Line(__class__=<class 'psychopy.visual.line.Line'>, autoDraw=False, autoLog=True, closeShape=False, color=array([1., 1., 1.]), colorSpace='rgb', contrast=None, depth=0, fillColor=array([0, 0, 0]), fillColorSpace='rgb', fillRGB=array([0, 0, 0]), interpolate=True, lineColor=array([1., 1., 1.]), lineColorSpace='rgb', lineRGB=array([1, 1, 1]), lineWidth=3, name='unnamed Line', opacity=0.5, ori=0.0, pos=array([0., 0.]), size=array([1., 1.]), units='norm', vertices=ndarray(...), win=Window(...), windingRule=None)
208.3718 	EXP 	Created unnamed Line = Line(__class__=<class 'psychopy.visual.line.Line'>, autoDraw=False, autoLog=True, closeShape=False, color=array([1., 1., 1.]), colorSpace='rgb', contrast=None, depth=0, fillColor=array([0, 0, 0]), fillColorSpace='rgb', fillRGB=array([0, 0, 0]), interpolate=True, lineColor=array([1., 1., 1.]), lineColorSpace='rgb', lineRGB=array([1, 1, 1]), lineWidth=3, name='unnamed Line', opacity=0.5, ori=0.0, pos=array([0., 0.]), size=array([1., 1.]), units='norm', vertices=array([[ 0.5 , -0.05],
       [ 0.5 ,  0.05]]), win=Window(...), windingRule=None)
208.3856 	EXP 	Created unnamed TextStim = TextStim(__class__=<class 'psychopy.visual.text.TextStim'>, alignHoriz=method-wrapper(...), alignText='center', alignVert=method-wrapper(...), anchorHoriz='center', anchorVert='center', antialias=True, autoLog=True, bold=False, color=array([1., 1., 1.]), colorSpace='rgb', contrast=1.0, depth=0, flipHoriz=False, flipVert=False, font='', fontFiles=[], height=0.05, italic=False, languageStyle='LTR', name='unnamed TextStim', opacity=1.0, ori=0.0, pos=array([-0.5, -0.1]), rgb=UNKNOWN, text='Helt klart \n IKKE FOKUSERT', units='norm', win=Window(...), wrapWidth=1)
208.3867 	EXP 	Created unnamed TextStim = TextStim(__class__=<class 'psychopy.visual.text.TextStim'>, alignHoriz=method-wrapper(...), alignText='center', alignVert=method-wrapper(...), anchorHoriz='center', anchorVert='center', antialias=True, autoLog=True, bold=False, color=array([1., 1., 1.]), colorSpace='rgb', contrast=1.0, depth=0, flipHoriz=False, flipVert=False, font='', fontFiles=[], height=0.05, italic=False, languageStyle='LTR', name='unnamed TextStim', opacity=1.0, ori=0.0, pos=array([-0.16666667, -0.1       ]), rgb=UNKNOWN, text='', units='norm', win=Window(...), wrapWidth=1)
208.3879 	EXP 	Created unnamed TextStim = TextStim(__class__=<class 'psychopy.visual.text.TextStim'>, alignHoriz=method-wrapper(...), alignText='center', alignVert=method-wrapper(...), anchorHoriz='center', anchorVert='center', antialias=True, autoLog=True, bold=False, color=array([1., 1., 1.]), colorSpace='rgb', contrast=1.0, depth=0, flipHoriz=False, flipVert=False, font='', fontFiles=[], height=0.05, italic=False, languageStyle='LTR', name='unnamed TextStim', opacity=1.0, ori=0.0, pos=array([ 0.16666667, -0.1       ]), rgb=UNKNOWN, text='', units='norm', win=Window(...), wrapWidth=1)
208.3914 	EXP 	Created unnamed TextStim = TextStim(__class__=<class 'psychopy.visual.text.TextStim'>, alignHoriz=method-wrapper(...), alignText='center', alignVert=method-wrapper(...), anchorHoriz='center', anchorVert='center', antialias=True, autoLog=True, bold=False, color=array([1., 1., 1.]), colorSpace='rgb', contrast=1.0, depth=0, flipHoriz=False, flipVert=False, font='', fontFiles=[], height=0.05, italic=False, languageStyle='LTR', name='unnamed TextStim', opacity=1.0, ori=0.0, pos=array([ 0.5, -0.1]), rgb=UNKNOWN, text='Helt klart \n FOKUSERT', units='norm', win=Window(...), wrapWidth=1)
208.3934 	EXP 	Created unnamed ShapeStim = ShapeStim(__class__=<class 'psychopy.visual.shape.ShapeStim'>, autoDraw=False, autoLog=True, closeShape=True, color=method-wrapper(...), colorSpace='rgb', contrast=None, depth=0, fillColor=array([1, 1, 1]), fillColorSpace='rgb', fillRGB=array([1, 1, 1]), interpolate=True, lineColor=array([-1., -1., -1.]), lineColorSpace='rgb', lineRGB=array([-1, -1, -1]), lineWidth=1.5, name='unnamed ShapeStim', opacity=1.0, ori=0.0, pos=array([0., 0.]), size=array([1., 1.]), units='norm', vertices=ndarray(...), win=Window(...), windingRule=None)
208.4006 	EXP 	Created instru = TextStim(__class__=<class 'psychopy.visual.text.TextStim'>, alignHoriz=method-wrapper(...), alignText='center', alignVert=method-wrapper(...), anchorHoriz='center', anchorVert='center', antialias=True, autoLog=True, bold=False, color=array([1., 1., 1.]), colorSpace='rgb', contrast=1.0, depth=0.0, flipHoriz=False, flipVert=False, font='Arial', fontFiles=[], height=0.07, italic=False, languageStyle='LTR', name='instru', opacity=1, ori=0, pos=array([0. , 0.5]), rgb=UNKNOWN, text=str(...), units='norm', win=Window(...), wrapWidth=1)
208.4027 	EXP 	Created unnamed Line = Line(__class__=<class 'psychopy.visual.line.Line'>, autoDraw=False, autoLog=True, closeShape=False, color=array([1., 1., 1.]), colorSpace='rgb', contrast=None, depth=0, fillColor=array([0, 0, 0]), fillColorSpace='rgb', fillRGB=array([0, 0, 0]), interpolate=True, lineColor=array([1., 1., 1.]), lineColorSpace='rgb', lineRGB=array([1, 1, 1]), lineWidth=5, name='unnamed Line', opacity=0.5, ori=0.0, pos=array([0., 0.]), size=array([1., 1.]), units='norm', vertices=array([[-0.5,  0. ],
       [ 0.5,  0. ]]), win=Window(...), windingRule=None)
208.4047 	EXP 	Created unnamed Line = Line(__class__=<class 'psychopy.visual.line.Line'>, autoDraw=False, autoLog=True, closeShape=False, color=array([1., 1., 1.]), colorSpace='rgb', contrast=None, depth=0, fillColor=array([0, 0, 0]), fillColorSpace='rgb', fillRGB=array([0, 0, 0]), interpolate=True, lineColor=array([1., 1., 1.]), lineColorSpace='rgb', lineRGB=array([1, 1, 1]), lineWidth=3, name='unnamed Line', opacity=0.5, ori=0.0, pos=array([0., 0.]), size=array([1., 1.]), units='norm', vertices=array([[-0.5 , -0.05],
       [-0.5 ,  0.05]]), win=Window(...), windingRule=None)
208.4067 	EXP 	Created unnamed Line = Line(__class__=<class 'psychopy.visual.line.Line'>, autoDraw=False, autoLog=True, closeShape=False, color=array([1., 1., 1.]), colorSpace='rgb', contrast=None, depth=0, fillColor=array([0, 0, 0]), fillColorSpace='rgb', fillRGB=array([0, 0, 0]), interpolate=True, lineColor=array([1., 1., 1.]), lineColorSpace='rgb', lineRGB=array([1, 1, 1]), lineWidth=3, name='unnamed Line', opacity=0.5, ori=0.0, pos=array([0., 0.]), size=array([1., 1.]), units='norm', vertices=ndarray(...), win=Window(...), windingRule=None)
208.4086 	EXP 	Created unnamed Line = Line(__class__=<class 'psychopy.visual.line.Line'>, autoDraw=False, autoLog=True, closeShape=False, color=array([1., 1., 1.]), colorSpace='rgb', contrast=None, depth=0, fillColor=array([0, 0, 0]), fillColorSpace='rgb', fillRGB=array([0, 0, 0]), interpolate=True, lineColor=array([1., 1., 1.]), lineColorSpace='rgb', lineRGB=array([1, 1, 1]), lineWidth=3, name='unnamed Line', opacity=0.5, ori=0.0, pos=array([0., 0.]), size=array([1., 1.]), units='norm', vertices=ndarray(...), win=Window(...), windingRule=None)
208.4106 	EXP 	Created unnamed Line = Line(__class__=<class 'psychopy.visual.line.Line'>, autoDraw=False, autoLog=True, closeShape=False, color=array([1., 1., 1.]), colorSpace='rgb', contrast=None, depth=0, fillColor=array([0, 0, 0]), fillColorSpace='rgb', fillRGB=array([0, 0, 0]), interpolate=True, lineColor=array([1., 1., 1.]), lineColorSpace='rgb', lineRGB=array([1, 1, 1]), lineWidth=3, name='unnamed Line', opacity=0.5, ori=0.0, pos=array([0., 0.]), size=array([1., 1.]), units='norm', vertices=array([[ 0.5 , -0.05],
       [ 0.5 ,  0.05]]), win=Window(...), windingRule=None)
208.4154 	EXP 	Created unnamed TextStim = TextStim(__class__=<class 'psychopy.visual.text.TextStim'>, alignHoriz=method-wrapper(...), alignText='center', alignVert=method-wrapper(...), anchorHoriz='center', anchorVert='center', antialias=True, autoLog=True, bold=False, color=array([1., 1., 1.]), colorSpace='rgb', contrast=1.0, depth=0, flipHoriz=False, flipVert=False, font='', fontFiles=[], height=0.05, italic=False, languageStyle='LTR', name='unnamed TextStim', opacity=1.0, ori=0.0, pos=array([-0.5, -0.1]), rgb=UNKNOWN, text='Helt klart \n INGENTING', units='norm', win=Window(...), wrapWidth=1)
208.4165 	EXP 	Created unnamed TextStim = TextStim(__class__=<class 'psychopy.visual.text.TextStim'>, alignHoriz=method-wrapper(...), alignText='center', alignVert=method-wrapper(...), anchorHoriz='center', anchorVert='center', antialias=True, autoLog=True, bold=False, color=array([1., 1., 1.]), colorSpace='rgb', contrast=1.0, depth=0, flipHoriz=False, flipVert=False, font='', fontFiles=[], height=0.05, italic=False, languageStyle='LTR', name='unnamed TextStim', opacity=1.0, ori=0.0, pos=array([-0.16666667, -0.1       ]), rgb=UNKNOWN, text='', units='norm', win=Window(...), wrapWidth=1)
208.4175 	EXP 	Created unnamed TextStim = TextStim(__class__=<class 'psychopy.visual.text.TextStim'>, alignHoriz=method-wrapper(...), alignText='center', alignVert=method-wrapper(...), anchorHoriz='center', anchorVert='center', antialias=True, autoLog=True, bold=False, color=array([1., 1., 1.]), colorSpace='rgb', contrast=1.0, depth=0, flipHoriz=False, flipVert=False, font='', fontFiles=[], height=0.05, italic=False, languageStyle='LTR', name='unnamed TextStim', opacity=1.0, ori=0.0, pos=array([ 0.16666667, -0.1       ]), rgb=UNKNOWN, text='', units='norm', win=Window(...), wrapWidth=1)
208.4205 	EXP 	Created unnamed TextStim = TextStim(__class__=<class 'psychopy.visual.text.TextStim'>, alignHoriz=method-wrapper(...), alignText='center', alignVert=method-wrapper(...), anchorHoriz='center', anchorVert='center', antialias=True, autoLog=True, bold=False, color=array([1., 1., 1.]), colorSpace='rgb', contrast=1.0, depth=0, flipHoriz=False, flipVert=False, font='', fontFiles=[], height=0.05, italic=False, languageStyle='LTR', name='unnamed TextStim', opacity=1.0, ori=0.0, pos=array([ 0.5, -0.1]), rgb=UNKNOWN, text='Helt klart \n NOE', units='norm', win=Window(...), wrapWidth=1)
208.4224 	EXP 	Created unnamed ShapeStim = ShapeStim(__class__=<class 'psychopy.visual.shape.ShapeStim'>, autoDraw=False, autoLog=True, closeShape=True, color=method-wrapper(...), colorSpace='rgb', contrast=None, depth=0, fillColor=array([1, 1, 1]), fillColorSpace='rgb', fillRGB=array([1, 1, 1]), interpolate=True, lineColor=array([-1., -1., -1.]), lineColorSpace='rgb', lineRGB=array([-1, -1, -1]), lineWidth=1.5, name='unnamed ShapeStim', opacity=1.0, ori=0.0, pos=array([0., 0.]), size=array([1., 1.]), units='norm', vertices=ndarray(...), win=Window(...), windingRule=None)
208.4293 	EXP 	Created instru = TextStim(__class__=<class 'psychopy.visual.text.TextStim'>, alignHoriz=method-wrapper(...), alignText='center', alignVert=method-wrapper(...), anchorHoriz='center', anchorVert='center', antialias=True, autoLog=True, bold=False, color=array([1., 1., 1.]), colorSpace='rgb', contrast=1.0, depth=0.0, flipHoriz=False, flipVert=False, font='Arial', fontFiles=[], height=0.07, italic=False, languageStyle='LTR', name='instru', opacity=1, ori=0, pos=array([0. , 0.5]), rgb=UNKNOWN, text=str(...), units='norm', win=Window(...), wrapWidth=1)
208.4313 	EXP 	Created unnamed Line = Line(__class__=<class 'psychopy.visual.line.Line'>, autoDraw=False, autoLog=True, closeShape=False, color=array([1., 1., 1.]), colorSpace='rgb', contrast=None, depth=0, fillColor=array([0, 0, 0]), fillColorSpace='rgb', fillRGB=array([0, 0, 0]), interpolate=True, lineColor=array([1., 1., 1.]), lineColorSpace='rgb', lineRGB=array([1, 1, 1]), lineWidth=5, name='unnamed Line', opacity=0.5, ori=0.0, pos=array([0., 0.]), size=array([1., 1.]), units='norm', vertices=array([[-0.5,  0. ],
       [ 0.5,  0. ]]), win=Window(...), windingRule=None)
208.4333 	EXP 	Created unnamed Line = Line(__class__=<class 'psychopy.visual.line.Line'>, autoDraw=False, autoLog=True, closeShape=False, color=array([1., 1., 1.]), colorSpace='rgb', contrast=None, depth=0, fillColor=array([0, 0, 0]), fillColorSpace='rgb', fillRGB=array([0, 0, 0]), interpolate=True, lineColor=array([1., 1., 1.]), lineColorSpace='rgb', lineRGB=array([1, 1, 1]), lineWidth=3, name='unnamed Line', opacity=0.5, ori=0.0, pos=array([0., 0.]), size=array([1., 1.]), units='norm', vertices=array([[-0.5 , -0.05],
       [-0.5 ,  0.05]]), win=Window(...), windingRule=None)
208.4353 	EXP 	Created unnamed Line = Line(__class__=<class 'psychopy.visual.line.Line'>, autoDraw=False, autoLog=True, closeShape=False, color=array([1., 1., 1.]), colorSpace='rgb', contrast=None, depth=0, fillColor=array([0, 0, 0]), fillColorSpace='rgb', fillRGB=array([0, 0, 0]), interpolate=True, lineColor=array([1., 1., 1.]), lineColorSpace='rgb', lineRGB=array([1, 1, 1]), lineWidth=3, name='unnamed Line', opacity=0.5, ori=0.0, pos=array([0., 0.]), size=array([1., 1.]), units='norm', vertices=ndarray(...), win=Window(...), windingRule=None)
208.4373 	EXP 	Created unnamed Line = Line(__class__=<class 'psychopy.visual.line.Line'>, autoDraw=False, autoLog=True, closeShape=False, color=array([1., 1., 1.]), colorSpace='rgb', contrast=None, depth=0, fillColor=array([0, 0, 0]), fillColorSpace='rgb', fillRGB=array([0, 0, 0]), interpolate=True, lineColor=array([1., 1., 1.]), lineColorSpace='rgb', lineRGB=array([1, 1, 1]), lineWidth=3, name='unnamed Line', opacity=0.5, ori=0.0, pos=array([0., 0.]), size=array([1., 1.]), units='norm', vertices=ndarray(...), win=Window(...), windingRule=None)
208.4392 	EXP 	Created unnamed Line = Line(__class__=<class 'psychopy.visual.line.Line'>, autoDraw=False, autoLog=True, closeShape=False, color=array([1., 1., 1.]), colorSpace='rgb', contrast=None, depth=0, fillColor=array([0, 0, 0]), fillColorSpace='rgb', fillRGB=array([0, 0, 0]), interpolate=True, lineColor=array([1., 1., 1.]), lineColorSpace='rgb', lineRGB=array([1, 1, 1]), lineWidth=3, name='unnamed Line', opacity=0.5, ori=0.0, pos=array([0., 0.]), size=array([1., 1.]), units='norm', vertices=array([[ 0.5 , -0.05],
       [ 0.5 ,  0.05]]), win=Window(...), windingRule=None)
208.4440 	EXP 	Created unnamed TextStim = TextStim(__class__=<class 'psychopy.visual.text.TextStim'>, alignHoriz=method-wrapper(...), alignText='center', alignVert=method-wrapper(...), anchorHoriz='center', anchorVert='center', antialias=True, autoLog=True, bold=False, color=array([1., 1., 1.]), colorSpace='rgb', contrast=1.0, depth=0, flipHoriz=False, flipVert=False, font='', fontFiles=[], height=0.05, italic=False, languageStyle='LTR', name='unnamed TextStim', opacity=1.0, ori=0.0, pos=array([-0.5, -0.1]), rgb=UNKNOWN, text='Helt klart \n SPONTAN', units='norm', win=Window(...), wrapWidth=1)
208.4450 	EXP 	Created unnamed TextStim = TextStim(__class__=<class 'psychopy.visual.text.TextStim'>, alignHoriz=method-wrapper(...), alignText='center', alignVert=method-wrapper(...), anchorHoriz='center', anchorVert='center', antialias=True, autoLog=True, bold=False, color=array([1., 1., 1.]), colorSpace='rgb', contrast=1.0, depth=0, flipHoriz=False, flipVert=False, font='', fontFiles=[], height=0.05, italic=False, languageStyle='LTR', name='unnamed TextStim', opacity=1.0, ori=0.0, pos=array([-0.16666667, -0.1       ]), rgb=UNKNOWN, text='', units='norm', win=Window(...), wrapWidth=1)
208.4461 	EXP 	Created unnamed TextStim = TextStim(__class__=<class 'psychopy.visual.text.TextStim'>, alignHoriz=method-wrapper(...), alignText='center', alignVert=method-wrapper(...), anchorHoriz='center', anchorVert='center', antialias=True, autoLog=True, bold=False, color=array([1., 1., 1.]), colorSpace='rgb', contrast=1.0, depth=0, flipHoriz=False, flipVert=False, font='', fontFiles=[], height=0.05, italic=False, languageStyle='LTR', name='unnamed TextStim', opacity=1.0, ori=0.0, pos=array([ 0.16666667, -0.1       ]), rgb=UNKNOWN, text='', units='norm', win=Window(...), wrapWidth=1)
208.4506 	EXP 	Created unnamed TextStim = TextStim(__class__=<class 'psychopy.visual.text.TextStim'>, alignHoriz=method-wrapper(...), alignText='center', alignVert=method-wrapper(...), anchorHoriz='center', anchorVert='center', antialias=True, autoLog=True, bold=False, color=array([1., 1., 1.]), colorSpace='rgb', contrast=1.0, depth=0, flipHoriz=False, flipVert=False, font='', fontFiles=[], height=0.05, italic=False, languageStyle='LTR', name='unnamed TextStim', opacity=1.0, ori=0.0, pos=array([ 0.5, -0.1]), rgb=UNKNOWN, text='Helt klart \n BEVISST', units='norm', win=Window(...), wrapWidth=1)
208.4524 	EXP 	Created unnamed ShapeStim = ShapeStim(__class__=<class 'psychopy.visual.shape.ShapeStim'>, autoDraw=False, autoLog=True, closeShape=True, color=method-wrapper(...), colorSpace='rgb', contrast=None, depth=0, fillColor=array([1, 1, 1]), fillColorSpace='rgb', fillRGB=array([1, 1, 1]), interpolate=True, lineColor=array([-1., -1., -1.]), lineColorSpace='rgb', lineRGB=array([-1, -1, -1]), lineWidth=1.5, name='unnamed ShapeStim', opacity=1.0, ori=0.0, pos=array([0., 0.]), size=array([1., 1.]), units='norm', vertices=ndarray(...), win=Window(...), windingRule=None)
208.5015 	EXP 	Sound  set volume 1.000
208.5325 	EXP 	unnamed ShapeStim: vertices = <class 'numpy.ndarray'>
208.5325 	EXP 	unnamed ShapeStim: vertices = <class 'numpy.ndarray'>
208.5325 	EXP 	unnamed ShapeStim: vertices = <class 'numpy.ndarray'>
212.6444 	DATA 	Keypress: rctrl
213.1679 	EXP 	Sound  started
213.4282 	DATA 	Keypress: rctrl
213.9179 	EXP 	Sound  started
213.9402 	DATA 	Keypress: rctrl
214.5642 	DATA 	Keypress: rctrl
214.6679 	EXP 	Sound  started
215.2683 	DATA 	Keypress: rctrl
215.4179 	EXP 	Sound  started
216.0043 	DATA 	Keypress: rctrl
216.1679 	EXP 	Sound  started
216.7722 	DATA 	Keypress: rctrl
216.9179 	EXP 	Sound  started
217.5723 	DATA 	Keypress: rctrl
217.6679 	EXP 	Sound  started
218.3243 	DATA 	Keypress: rctrl
218.4180 	EXP 	Sound  started
219.0283 	DATA 	Keypress: rctrl
219.1680 	EXP 	Sound  started
219.7963 	DATA 	Keypress: rctrl
219.9180 	EXP 	Sound  started
220.4842 	DATA 	Keypress: rctrl
220.6680 	EXP 	Sound  started
221.3323 	DATA 	Keypress: rctrl
221.4180 	EXP 	Sound  started
222.0522 	DATA 	Keypress: rctrl
222.1680 	EXP 	Sound  started
222.8363 	DATA 	Keypress: rctrl
222.9180 	EXP 	Sound  started
223.5882 	DATA 	Keypress: lshift
223.6681 	EXP 	Sound  started
224.4181 	EXP 	Sound  started
224.4362 	DATA 	Keypress: lctrl
225.1681 	EXP 	Sound  started
225.2682 	DATA 	Keypress: lctrl
225.9181 	EXP 	Sound  started
225.9242 	DATA 	Keypress: lctrl
226.6603 	DATA 	Keypress: lctrl
226.6681 	EXP 	Sound  started
227.4181 	EXP 	Sound  started
228.0523 	DATA 	Keypress: lctrl
228.1681 	EXP 	Sound  started
228.9163 	DATA 	Keypress: rctrl
228.9181 	EXP 	Sound  started
229.6682 	EXP 	Sound  started
229.6843 	DATA 	Keypress: rctrl
230.3563 	DATA 	Keypress: rctrl
230.4182 	EXP 	Sound  started
231.1243 	DATA 	Keypress: rctrl
231.1682 	EXP 	Sound  started
231.8283 	DATA 	Keypress: rctrl
231.9182 	EXP 	Sound  started
232.6442 	DATA 	Keypress: rctrl
232.6682 	EXP 	Sound  started
233.3322 	DATA 	Keypress: rctrl
233.4182 	EXP 	Sound  started
234.0202 	DATA 	Keypress: rctrl
234.1682 	EXP 	Sound  started
234.7082 	DATA 	Keypress: rctrl
234.9182 	EXP 	Sound  started
235.5083 	DATA 	Keypress: rctrl
235.6683 	EXP 	Sound  started
236.3083 	DATA 	Keypress: rctrl
236.4183 	EXP 	Sound  started
237.0284 	DATA 	Keypress: rctrl
237.1683 	EXP 	Sound  started
237.7642 	DATA 	Keypress: rctrl
237.9183 	EXP 	Sound  started
238.6122 	DATA 	Keypress: rctrl
238.6683 	EXP 	Sound  started
239.3002 	DATA 	Keypress: rctrl
239.4183 	EXP 	Sound  started
240.0202 	DATA 	Keypress: rctrl
240.1683 	EXP 	Sound  started
240.7722 	DATA 	Keypress: rctrl
240.9183 	EXP 	Sound  started
241.4763 	DATA 	Keypress: rctrl
241.6684 	EXP 	Sound  started
242.1963 	DATA 	Keypress: rctrl
242.4184 	EXP 	Sound  started
242.9964 	DATA 	Keypress: rctrl
243.1684 	EXP 	Sound  started
243.7963 	DATA 	Keypress: rctrl
243.9184 	EXP 	Sound  started
244.5643 	DATA 	Keypress: rctrl
244.6684 	EXP 	Sound  started
245.2682 	DATA 	Keypress: rctrl
245.4184 	EXP 	Sound  started
245.9883 	DATA 	Keypress: rctrl
246.1685 	EXP 	Sound  started
246.7403 	DATA 	Keypress: rctrl
246.9185 	EXP 	Sound  started
247.5723 	DATA 	Keypress: rctrl
247.6685 	EXP 	Sound  started
248.3403 	DATA 	Keypress: lctrl
248.4185 	EXP 	Sound  started
249.1082 	DATA 	Keypress: lctrl
249.1685 	EXP 	Sound  started
249.8283 	DATA 	Keypress: lctrl
249.9185 	EXP 	Sound  started
250.6444 	DATA 	Keypress: lctrl
250.6686 	EXP 	Sound  started
251.4186 	EXP 	Sound  started
251.4603 	DATA 	Keypress: lctrl
252.1686 	EXP 	Sound  started
252.1803 	DATA 	Keypress: lctrl
252.8202 	DATA 	Keypress: lctrl
252.9186 	EXP 	Sound  started
253.4603 	DATA 	Keypress: lctrl
253.6686 	EXP 	Sound  started
254.2923 	DATA 	Keypress: lctrl
254.4186 	EXP 	Sound  started
254.9642 	DATA 	Keypress: lctrl
255.1686 	EXP 	Sound  started
255.7323 	DATA 	Keypress: lctrl
255.9186 	EXP 	Sound  started
256.4843 	DATA 	Keypress: lctrl
256.6687 	EXP 	Sound  started
257.2683 	DATA 	Keypress: lctrl
257.4187 	EXP 	Sound  started
258.0043 	DATA 	Keypress: lctrl
258.1687 	EXP 	Sound  started
258.7083 	DATA 	Keypress: lctrl
258.9187 	EXP 	Sound  started
259.4924 	DATA 	Keypress: lctrl
259.6687 	EXP 	Sound  started
260.2123 	DATA 	Keypress: lctrl
260.4187 	EXP 	Sound  started
261.0603 	DATA 	Keypress: rctrl
261.1688 	EXP 	Sound  started
261.7483 	DATA 	Keypress: rctrl
261.9188 	EXP 	Sound  started
262.4684 	DATA 	Keypress: rctrl
262.6688 	EXP 	Sound  started
263.2683 	DATA 	Keypress: rctrl
263.4188 	EXP 	Sound  started
264.0202 	DATA 	Keypress: rctrl
264.1688 	EXP 	Sound  started
264.6923 	DATA 	Keypress: rctrl
264.9188 	EXP 	Sound  started
265.4603 	DATA 	Keypress: rctrl
265.6688 	EXP 	Sound  started
266.2923 	DATA 	Keypress: lctrl
266.4189 	EXP 	Sound  started
267.0603 	DATA 	Keypress: lctrl
267.2178 	EXP 	unnamed TextStim: text = ''
267.2178 	EXP 	unnamed TextStim: text = ''
269.4301 	DATA 	Keypress: 3
269.4466 	EXP 	unnamed ShapeStim: vertices = <class 'numpy.ndarray'>
270.9812 	EXP 	unnamed TextStim: text = ''
270.9812 	EXP 	unnamed TextStim: text = ''
272.6328 	DATA 	Keypress: 3
272.6493 	EXP 	unnamed ShapeStim: vertices = <class 'numpy.ndarray'>
274.1839 	EXP 	unnamed TextStim: text = ''
274.1839 	EXP 	unnamed TextStim: text = ''
274.9685 	DATA 	Keypress: 2
274.9850 	EXP 	unnamed ShapeStim: vertices = <class 'numpy.ndarray'>
277.2701 	EXP 	Sound  started
277.2703 	DATA 	Keypress: rctrl
277.8763 	DATA 	Keypress: rctrl
278.0201 	EXP 	Sound  started
278.6442 	DATA 	Keypress: rctrl
278.7701 	EXP 	Sound  started
279.3323 	DATA 	Keypress: rctrl
279.5201 	EXP 	Sound  started
280.1323 	DATA 	Keypress: rctrl
280.2702 	EXP 	Sound  started
280.8363 	DATA 	Keypress: rctrl
281.0202 	EXP 	Sound  started
281.6043 	DATA 	Keypress: lctrl
281.7702 	EXP 	Sound  started
282.3083 	DATA 	Keypress: lctrl
282.5202 	EXP 	Sound  started
283.1563 	DATA 	Keypress: lctrl
283.2702 	EXP 	Sound  started
283.9402 	DATA 	Keypress: lctrl
284.0204 	EXP 	Sound  started
284.6603 	DATA 	Keypress: lctrl
284.7704 	EXP 	Sound  started
285.3963 	DATA 	Keypress: lctrl
285.5204 	EXP 	Sound  started
286.1483 	DATA 	Keypress: lctrl
286.2704 	EXP 	Sound  started
286.9482 	DATA 	Keypress: lctrl
287.0204 	EXP 	Sound  started
287.7483 	DATA 	Keypress: lctrl
287.7705 	EXP 	Sound  started
288.4683 	DATA 	Keypress: lctrl
288.5205 	EXP 	Sound  started
289.1723 	DATA 	Keypress: lctrl
289.2705 	EXP 	Sound  started
289.9403 	DATA 	Keypress: rctrl
290.0205 	EXP 	Sound  started
290.6923 	DATA 	Keypress: rctrl
290.7705 	EXP 	Sound  started
291.4123 	DATA 	Keypress: rctrl
291.5205 	EXP 	Sound  started
292.1163 	DATA 	Keypress: rctrl
292.2705 	EXP 	Sound  started
292.8523 	DATA 	Keypress: rctrl
293.0206 	EXP 	Sound  started
293.6683 	DATA 	Keypress: rctrl
293.7706 	EXP 	Sound  started
294.4522 	DATA 	Keypress: rctrl
294.5206 	EXP 	Sound  started
295.1243 	DATA 	Keypress: rctrl
295.2706 	EXP 	Sound  started
295.7963 	DATA 	Keypress: rctrl
296.0206 	EXP 	Sound  started
296.5963 	DATA 	Keypress: rctrl
296.7706 	EXP 	Sound  started
297.3963 	DATA 	Keypress: rctrl
297.5206 	EXP 	Sound  started
298.1484 	DATA 	Keypress: rctrl
298.2707 	EXP 	Sound  started
298.8843 	DATA 	Keypress: rctrl
299.0207 	EXP 	Sound  started
299.6044 	DATA 	Keypress: rctrl
299.7707 	EXP 	Sound  started
300.3724 	DATA 	Keypress: rctrl
300.5207 	EXP 	Sound  started
301.1083 	DATA 	Keypress: rctrl
301.2707 	EXP 	Sound  started
301.8283 	DATA 	Keypress: rctrl
302.0207 	EXP 	Sound  started
302.5643 	DATA 	Keypress: lctrl
302.7707 	EXP 	Sound  started
303.3003 	DATA 	Keypress: lctrl
303.5208 	EXP 	Sound  started
304.1323 	DATA 	Keypress: lctrl
304.2708 	EXP 	Sound  started
304.9323 	DATA 	Keypress: lctrl
305.0208 	EXP 	Sound  started
305.7003 	DATA 	Keypress: lctrl
305.7708 	EXP 	Sound  started
306.4203 	DATA 	Keypress: lctrl
306.5208 	EXP 	Sound  started
307.1883 	DATA 	Keypress: lctrl
307.2708 	EXP 	Sound  started
307.9563 	DATA 	Keypress: lctrl
308.0208 	EXP 	Sound  started
308.7403 	DATA 	Keypress: rctrl
308.7708 	EXP 	Sound  started
309.4924 	DATA 	Keypress: rctrl
309.5208 	EXP 	Sound  started
310.2123 	DATA 	Keypress: rctrl
310.2709 	EXP 	Sound  started
310.9163 	DATA 	Keypress: rctrl
311.0209 	EXP 	Sound  started
311.7003 	DATA 	Keypress: rctrl
311.7709 	EXP 	Sound  started
312.3723 	DATA 	Keypress: rctrl
312.5209 	EXP 	Sound  started
313.1563 	DATA 	Keypress: rctrl
313.2709 	EXP 	Sound  started
313.8603 	DATA 	Keypress: rctrl
314.0209 	EXP 	Sound  started
314.6763 	DATA 	Keypress: lctrl
314.7709 	EXP 	Sound  started
315.3963 	DATA 	Keypress: lctrl
315.5210 	EXP 	Sound  started
316.2123 	DATA 	Keypress: lctrl
316.2710 	EXP 	Sound  started
316.8843 	DATA 	Keypress: lctrl
317.0210 	EXP 	Sound  started
317.6524 	DATA 	Keypress: lctrl
317.7710 	EXP 	Sound  started
318.3244 	DATA 	Keypress: lctrl
318.5210 	EXP 	Sound  started
319.1564 	DATA 	Keypress: rctrl
319.2710 	EXP 	Sound  started
319.8923 	DATA 	Keypress: rctrl
320.0210 	EXP 	Sound  started
320.6764 	DATA 	Keypress: rctrl
320.7711 	EXP 	Sound  started
321.4284 	DATA 	Keypress: rctrl
321.5211 	EXP 	Sound  started
322.1323 	DATA 	Keypress: rctrl
322.2711 	EXP 	Sound  started
322.8683 	DATA 	Keypress: rctrl
323.0211 	EXP 	Sound  started
323.5883 	DATA 	Keypress: lctrl
323.7711 	EXP 	Sound  started
324.3084 	DATA 	Keypress: lctrl
324.5211 	EXP 	Sound  started
325.1403 	DATA 	Keypress: lctrl
325.2711 	EXP 	Sound  started
325.8763 	DATA 	Keypress: lctrl
326.0211 	EXP 	Sound  started
326.7712 	EXP 	Sound  started
326.8363 	DATA 	Keypress: rctrl
327.4123 	DATA 	Keypress: rctrl
327.5212 	EXP 	Sound  started
328.1803 	DATA 	Keypress: rctrl
328.2712 	EXP 	Sound  started
328.9484 	DATA 	Keypress: rctrl
329.0212 	EXP 	Sound  started
329.6204 	DATA 	Keypress: rctrl
329.7712 	EXP 	Sound  started
330.3883 	DATA 	Keypress: rctrl
330.5212 	EXP 	Sound  started
331.1723 	DATA 	Keypress: rctrl
331.2712 	EXP 	Sound  started
331.8443 	DATA 	Keypress: rctrl
332.0212 	EXP 	Sound  started
332.6283 	DATA 	Keypress: rctrl
332.7713 	EXP 	Sound  started
333.3323 	DATA 	Keypress: rctrl
333.5213 	EXP 	Sound  started
334.1004 	DATA 	Keypress: rctrl
334.2713 	EXP 	Sound  started
334.7883 	DATA 	Keypress: rctrl
335.0213 	EXP 	Sound  started
335.7713 	EXP 	Sound  started
335.8283 	DATA 	Keypress: rctrl
336.4363 	DATA 	Keypress: lctrl
336.5213 	EXP 	Sound  started
337.1883 	DATA 	Keypress: lctrl
337.2713 	EXP 	Sound  started
337.9403 	DATA 	Keypress: lctrl
338.0214 	EXP 	Sound  started
338.7083 	DATA 	Keypress: lctrl
338.7714 	EXP 	Sound  started
339.4923 	DATA 	Keypress: rctrl
339.5214 	EXP 	Sound  started
340.2123 	DATA 	Keypress: rctrl
340.2714 	EXP 	Sound  started
340.9322 	DATA 	Keypress: rctrl
341.0214 	EXP 	Sound  started
341.7003 	DATA 	Keypress: rctrl
341.7714 	EXP 	Sound  started
342.4203 	DATA 	Keypress: rctrl
342.5214 	EXP 	Sound  started
343.1403 	DATA 	Keypress: rctrl
343.2715 	EXP 	Sound  started
343.8924 	DATA 	Keypress: rctrl
344.0215 	EXP 	Sound  started
344.6283 	DATA 	Keypress: rctrl
346.1769 	DATA 	Keypress: 1
346.1934 	EXP 	unnamed ShapeStim: vertices = <class 'numpy.ndarray'>
349.0960 	DATA 	Keypress: 4
349.1125 	EXP 	unnamed ShapeStim: vertices = <class 'numpy.ndarray'>
351.6685 	DATA 	Keypress: 2
351.6979 	EXP 	unnamed ShapeStim: vertices = <class 'numpy.ndarray'>
353.9826 	EXP 	Sound  started
354.1004 	DATA 	Keypress: lctrl
354.7326 	EXP 	Sound  started
354.7403 	DATA 	Keypress: lctrl
355.3803 	DATA 	Keypress: lctrl
355.4827 	EXP 	Sound  started
356.1163 	DATA 	Keypress: lctrl
356.2327 	EXP 	Sound  started
356.8524 	DATA 	Keypress: lctrl
356.9827 	EXP 	Sound  started
357.6043 	DATA 	Keypress: rctrl
357.7327 	EXP 	Sound  started
358.3563 	DATA 	Keypress: rctrl
358.4827 	EXP 	Sound  started
359.1083 	DATA 	Keypress: rctrl
359.2327 	EXP 	Sound  started
359.9243 	DATA 	Keypress: rctrl
359.9827 	EXP 	Sound  started
360.7242 	DATA 	Keypress: rctrl
360.7327 	EXP 	Sound  started
361.4443 	DATA 	Keypress: rctrl
361.4827 	EXP 	Sound  started
362.1483 	DATA 	Keypress: rctrl
362.2328 	EXP 	Sound  started
362.8683 	DATA 	Keypress: rctrl
362.9828 	EXP 	Sound  started
363.6363 	DATA 	Keypress: rctrl
363.7328 	EXP 	Sound  started
364.3885 	DATA 	Keypress: rctrl
364.4828 	EXP 	Sound  started
365.1563 	DATA 	Keypress: lctrl
365.2328 	EXP 	Sound  started
365.8763 	DATA 	Keypress: lctrl
365.9828 	EXP 	Sound  started
366.5963 	DATA 	Keypress: lctrl
366.7328 	EXP 	Sound  started
367.3643 	DATA 	Keypress: lctrl
367.4829 	EXP 	Sound  started
368.0523 	DATA 	Keypress: rctrl
368.2329 	EXP 	Sound  started
368.8362 	DATA 	Keypress: rctrl
368.9829 	EXP 	Sound  started
369.6523 	DATA 	Keypress: rctrl
369.7329 	EXP 	Sound  started
370.4043 	DATA 	Keypress: rctrl
370.4829 	EXP 	Sound  started
371.2044 	DATA 	Keypress: rctrl
371.2329 	EXP 	Sound  started
371.9083 	DATA 	Keypress: lctrl
371.9829 	EXP 	Sound  started
372.6443 	DATA 	Keypress: lctrl
372.7329 	EXP 	Sound  started
373.3162 	DATA 	Keypress: lctrl
373.4829 	EXP 	Sound  started
374.0523 	DATA 	Keypress: lctrl
374.2329 	EXP 	Sound  started
374.7723 	DATA 	Keypress: lctrl
374.9830 	EXP 	Sound  started
375.5085 	DATA 	Keypress: lctrl
375.7330 	EXP 	Sound  started
376.2924 	DATA 	Keypress: rctrl
376.4830 	EXP 	Sound  started
377.0763 	DATA 	Keypress: rctrl
377.2330 	EXP 	Sound  started
377.8763 	DATA 	Keypress: rctrl
377.9830 	EXP 	Sound  started
378.5484 	DATA 	Keypress: rctrl
378.7330 	EXP 	Sound  started
379.3323 	DATA 	Keypress: rctrl
379.4831 	EXP 	Sound  started
380.1003 	DATA 	Keypress: rctrl
380.2331 	EXP 	Sound  started
380.8202 	DATA 	Keypress: rctrl
380.9831 	EXP 	Sound  started
381.5564 	DATA 	Keypress: rctrl
381.7331 	EXP 	Sound  started
382.2924 	DATA 	Keypress: rctrl
382.4831 	EXP 	Sound  started
382.9484 	DATA 	Keypress: rctrl
383.2331 	EXP 	Sound  started
383.8443 	DATA 	Keypress: rctrl
383.9831 	EXP 	Sound  started
384.5803 	DATA 	Keypress: rctrl
384.7332 	EXP 	Sound  started
385.3163 	DATA 	Keypress: rctrl
385.4832 	EXP 	Sound  started
386.1323 	DATA 	Keypress: lctrl
386.2332 	EXP 	Sound  started
386.9832 	EXP 	Sound  started
386.9963 	DATA 	Keypress: lctrl
387.7163 	DATA 	Keypress: lctrl
387.7332 	EXP 	Sound  started
388.4043 	DATA 	Keypress: rctrl
388.4832 	EXP 	Sound  started
389.0923 	DATA 	Keypress: rctrl
389.2333 	EXP 	Sound  started
389.8443 	DATA 	Keypress: rctrl
389.9833 	EXP 	Sound  started
390.5644 	DATA 	Keypress: rctrl
390.7333 	EXP 	Sound  started
391.2843 	DATA 	Keypress: rctrl
391.4833 	EXP 	Sound  started
392.1003 	DATA 	Keypress: rctrl
392.2333 	EXP 	Sound  started
392.8682 	DATA 	Keypress: rctrl
392.9833 	EXP 	Sound  started
393.5083 	DATA 	Keypress: rctrl
393.7333 	EXP 	Sound  started
394.3563 	DATA 	Keypress: rctrl
395.8009 	DATA 	Keypress: 1
395.8174 	EXP 	unnamed ShapeStim: vertices = <class 'numpy.ndarray'>
398.5693 	DATA 	Keypress: 2
398.5859 	EXP 	unnamed ShapeStim: vertices = <class 'numpy.ndarray'>
401.7719 	DATA 	Keypress: 2
401.7885 	EXP 	unnamed ShapeStim: vertices = <class 'numpy.ndarray'>
404.0725 	EXP 	Sound  started
404.1485 	DATA 	Keypress: rctrl
404.7882 	DATA 	Keypress: rctrl
404.8225 	EXP 	Sound  started
405.4763 	DATA 	Keypress: rctrl
405.5725 	EXP 	Sound  started
406.2123 	DATA 	Keypress: rctrl
406.3225 	EXP 	Sound  started
406.9323 	DATA 	Keypress: rctrl
407.0725 	EXP 	Sound  started
407.6844 	DATA 	Keypress: rctrl
407.8225 	EXP 	Sound  started
408.4202 	DATA 	Keypress: rctrl
408.5725 	EXP 	Sound  started
409.1883 	DATA 	Keypress: rctrl
409.3226 	EXP 	Sound  started
409.9403 	DATA 	Keypress: rctrl
410.0726 	EXP 	Sound  started
410.6923 	DATA 	Keypress: rctrl
410.8226 	EXP 	Sound  started
411.4443 	DATA 	Keypress: rctrl
411.5726 	EXP 	Sound  started
412.1963 	DATA 	Keypress: lctrl
412.3226 	EXP 	Sound  started
412.9163 	DATA 	Keypress: lctrl
413.0726 	EXP 	Sound  started
413.6843 	DATA 	Keypress: lctrl
413.8226 	EXP 	Sound  started
414.4684 	DATA 	Keypress: lctrl
414.5727 	EXP 	Sound  started
415.2683 	DATA 	Keypress: lctrl
415.3227 	EXP 	Sound  started
415.9563 	DATA 	Keypress: lctrl
416.0727 	EXP 	Sound  started
416.6923 	DATA 	Keypress: lctrl
416.8227 	EXP 	Sound  started
417.4283 	DATA 	Keypress: rctrl
417.5727 	EXP 	Sound  started
418.1803 	DATA 	Keypress: rctrl
418.3227 	EXP 	Sound  started
418.9163 	DATA 	Keypress: rctrl
419.0727 	EXP 	Sound  started
419.6843 	DATA 	Keypress: rctrl
419.8228 	EXP 	Sound  started
420.4843 	DATA 	Keypress: rctrl
420.5728 	EXP 	Sound  started
421.2204 	DATA 	Keypress: rctrl
421.3228 	EXP 	Sound  started
421.9722 	DATA 	Keypress: rctrl
422.0728 	EXP 	Sound  started
422.7082 	DATA 	Keypress: rctrl
422.8228 	EXP 	Sound  started
423.3642 	DATA 	Keypress: lctrl
423.5728 	EXP 	Sound  started
424.2443 	DATA 	Keypress: lctrl
424.3229 	EXP 	Sound  started
424.9963 	DATA 	Keypress: lctrl
425.0729 	EXP 	Sound  started
425.6683 	DATA 	Keypress: lctrl
425.8229 	EXP 	Sound  started
426.4683 	DATA 	Keypress: lctrl
426.5729 	EXP 	Sound  started
427.2203 	DATA 	Keypress: rctrl
427.3229 	EXP 	Sound  started
427.9722 	DATA 	Keypress: rctrl
428.0729 	EXP 	Sound  started
428.7082 	DATA 	Keypress: rctrl
428.8229 	EXP 	Sound  started
429.4603 	DATA 	Keypress: rctrl
429.5730 	EXP 	Sound  started
430.1962 	DATA 	Keypress: rctrl
430.3230 	EXP 	Sound  started
430.9162 	DATA 	Keypress: rctrl
431.0730 	EXP 	Sound  started
431.6202 	DATA 	Keypress: rctrl
431.8230 	EXP 	Sound  started
432.3723 	DATA 	Keypress: lctrl
432.5730 	EXP 	Sound  started
433.1722 	DATA 	Keypress: lctrl
433.3230 	EXP 	Sound  started
433.9722 	DATA 	Keypress: lctrl
434.0730 	EXP 	Sound  started
434.7883 	DATA 	Keypress: lctrl
434.8230 	EXP 	Sound  started
435.4603 	DATA 	Keypress: rctrl
435.5730 	EXP 	Sound  started
436.2282 	DATA 	Keypress: rctrl
436.3231 	EXP 	Sound  started
436.9962 	DATA 	Keypress: rctrl
437.0731 	EXP 	Sound  started
437.7163 	DATA 	Keypress: rctrl
437.8231 	EXP 	Sound  started
438.4682 	DATA 	Keypress: rctrl
438.5731 	EXP 	Sound  started
439.1724 	DATA 	Keypress: rctrl
439.3231 	EXP 	Sound  started
439.9083 	DATA 	Keypress: rctrl
440.0731 	EXP 	Sound  started
440.8231 	EXP 	Sound  started
440.8844 	DATA 	Keypress: rctrl
441.5404 	DATA 	Keypress: lctrl
441.5732 	EXP 	Sound  started
442.2123 	DATA 	Keypress: lctrl
442.3232 	EXP 	Sound  started
442.9643 	DATA 	Keypress: rctrl
443.0732 	EXP 	Sound  started
443.7163 	DATA 	Keypress: rctrl
443.8232 	EXP 	Sound  started
444.5164 	DATA 	Keypress: lctrl
444.5732 	EXP 	Sound  started
445.2523 	DATA 	Keypress: lctrl
445.3232 	EXP 	Sound  started
446.0204 	DATA 	Keypress: rctrl
446.0733 	EXP 	Sound  started
446.7404 	DATA 	Keypress: rctrl
446.8233 	EXP 	Sound  started
447.5243 	DATA 	Keypress: rctrl
447.5733 	EXP 	Sound  started
448.2123 	DATA 	Keypress: rctrl
448.3233 	EXP 	Sound  started
448.9483 	DATA 	Keypress: rctrl
449.0733 	EXP 	Sound  started
449.6843 	DATA 	Keypress: rctrl
449.8233 	EXP 	Sound  started
450.3563 	DATA 	Keypress: rctrl
450.5733 	EXP 	Sound  started
451.1083 	DATA 	Keypress: rctrl
451.3233 	EXP 	Sound  started
451.8923 	DATA 	Keypress: rctrl
452.0734 	EXP 	Sound  started
452.5963 	DATA 	Keypress: rctrl
452.8234 	EXP 	Sound  started
453.3483 	DATA 	Keypress: rctrl
453.5734 	EXP 	Sound  started
454.1964 	DATA 	Keypress: rctrl
454.3234 	EXP 	Sound  started
454.8843 	DATA 	Keypress: lctrl
455.0734 	EXP 	Sound  started
455.6203 	DATA 	Keypress: lctrl
455.8234 	EXP 	Sound  started
456.3883 	DATA 	Keypress: lctrl
456.5735 	EXP 	Sound  started
457.1403 	DATA 	Keypress: lctrl
457.3235 	EXP 	Sound  started
457.9403 	DATA 	Keypress: lctrl
458.0735 	EXP 	Sound  started
458.7883 	DATA 	Keypress: lctrl
458.8235 	EXP 	Sound  started
459.5083 	DATA 	Keypress: lctrl
459.5735 	EXP 	Sound  started
460.1963 	DATA 	Keypress: lctrl
460.3235 	EXP 	Sound  started
460.9803 	DATA 	Keypress: lctrl
461.0735 	EXP 	Sound  started
461.6683 	DATA 	Keypress: lctrl
461.8235 	EXP 	Sound  started
462.4202 	DATA 	Keypress: lctrl
462.5736 	EXP 	Sound  started
463.1563 	DATA 	Keypress: lctrl
463.3236 	EXP 	Sound  started
463.9083 	DATA 	Keypress: lctrl
464.0736 	EXP 	Sound  started
464.6762 	DATA 	Keypress: lctrl
464.8236 	EXP 	Sound  started
465.4603 	DATA 	Keypress: lctrl
465.5736 	EXP 	Sound  started
466.1802 	DATA 	Keypress: lctrl
466.3236 	EXP 	Sound  started
466.8203 	DATA 	Keypress: lctrl
470.6618 	DATA 	Keypress: 2
470.6782 	EXP 	unnamed ShapeStim: vertices = <class 'numpy.ndarray'>
472.8640 	DATA 	Keypress: 1
472.8806 	EXP 	unnamed ShapeStim: vertices = <class 'numpy.ndarray'>
475.4829 	DATA 	Keypress: 3
475.4994 	EXP 	unnamed ShapeStim: vertices = <class 'numpy.ndarray'>
477.7839 	EXP 	Sound  started
478.0364 	DATA 	Keypress: rctrl
478.5339 	EXP 	Sound  started
478.5643 	DATA 	Keypress: rctrl
479.2684 	DATA 	Keypress: rctrl
479.2840 	EXP 	Sound  started
479.9884 	DATA 	Keypress: rctrl
480.0340 	EXP 	Sound  started
480.6923 	DATA 	Keypress: rctrl
480.7840 	EXP 	Sound  started
481.3964 	DATA 	Keypress: rctrl
481.5340 	EXP 	Sound  started
482.1003 	DATA 	Keypress: rctrl
482.2840 	EXP 	Sound  started
482.8844 	DATA 	Keypress: lctrl
483.0340 	EXP 	Sound  started
483.6523 	DATA 	Keypress: lctrl
483.7840 	EXP 	Sound  started
484.4043 	DATA 	Keypress: lctrl
484.5340 	EXP 	Sound  started
485.0924 	DATA 	Keypress: lctrl
485.2841 	EXP 	Sound  started
485.8924 	DATA 	Keypress: lctrl
486.0341 	EXP 	Sound  started
486.7723 	DATA 	Keypress: lctrl
486.7841 	EXP 	Sound  started
487.4603 	DATA 	Keypress: lctrl
487.5341 	EXP 	Sound  started
488.1643 	DATA 	Keypress: lctrl
488.2841 	EXP 	Sound  started
488.9163 	DATA 	Keypress: lctrl
489.0341 	EXP 	Sound  started
489.6524 	DATA 	Keypress: lctrl
489.7841 	EXP 	Sound  started
490.3884 	DATA 	Keypress: lctrl
490.5342 	EXP 	Sound  started
491.2363 	DATA 	Keypress: lctrl
491.2842 	EXP 	Sound  started
491.9243 	DATA 	Keypress: lctrl
492.0342 	EXP 	Sound  started
492.7083 	DATA 	Keypress: lctrl
492.7842 	EXP 	Sound  started
493.4443 	DATA 	Keypress: lctrl
493.5342 	EXP 	Sound  started
494.2123 	DATA 	Keypress: lctrl
494.2842 	EXP 	Sound  started
494.9483 	DATA 	Keypress: lctrl
495.0343 	EXP 	Sound  started
495.7163 	DATA 	Keypress: lctrl
495.7843 	EXP 	Sound  started
496.4683 	DATA 	Keypress: lctrl
496.5343 	EXP 	Sound  started
497.2523 	DATA 	Keypress: rctrl
497.2843 	EXP 	Sound  started
497.9723 	DATA 	Keypress: rctrl
498.0343 	EXP 	Sound  started
498.6443 	DATA 	Keypress: rctrl
498.7843 	EXP 	Sound  started
499.3483 	DATA 	Keypress: rctrl
499.5343 	EXP 	Sound  started
500.0363 	DATA 	Keypress: rctrl
500.2844 	EXP 	Sound  started
500.8203 	DATA 	Keypress: rctrl
501.0344 	EXP 	Sound  started
501.5724 	DATA 	Keypress: rctrl
501.7844 	EXP 	Sound  started
502.3563 	DATA 	Keypress: rctrl
502.5344 	EXP 	Sound  started
503.1882 	DATA 	Keypress: rctrl
503.2844 	EXP 	Sound  started
503.9084 	DATA 	Keypress: rctrl
504.0344 	EXP 	Sound  started
504.6443 	DATA 	Keypress: lctrl
504.7844 	EXP 	Sound  started
505.3803 	DATA 	Keypress: lctrl
505.5344 	EXP 	Sound  started
506.1963 	DATA 	Keypress: rctrl
506.2845 	EXP 	Sound  started
506.9804 	DATA 	Keypress: rctrl
507.0345 	EXP 	Sound  started
507.6363 	DATA 	Keypress: rctrl
507.7845 	EXP 	Sound  started
508.4683 	DATA 	Keypress: rctrl
508.5345 	EXP 	Sound  started
509.2845 	EXP 	Sound  started
509.3003 	DATA 	Keypress: rctrl
509.9884 	DATA 	Keypress: rctrl
510.0345 	EXP 	Sound  started
510.7243 	DATA 	Keypress: rctrl
510.7845 	EXP 	Sound  started
511.4923 	DATA 	Keypress: rctrl
511.5346 	EXP 	Sound  started
512.2283 	DATA 	Keypress: lctrl
512.2846 	EXP 	Sound  started
512.9803 	DATA 	Keypress: lctrl
513.0346 	EXP 	Sound  started
513.7004 	DATA 	Keypress: lctrl
513.7846 	EXP 	Sound  started
514.4044 	DATA 	Keypress: lctrl
514.5346 	EXP 	Sound  started
515.2363 	DATA 	Keypress: lctrl
515.2846 	EXP 	Sound  started
515.9563 	DATA 	Keypress: lctrl
516.0346 	EXP 	Sound  started
516.7083 	DATA 	Keypress: rctrl
516.7846 	EXP 	Sound  started
517.4763 	DATA 	Keypress: rctrl
517.5347 	EXP 	Sound  started
518.2124 	DATA 	Keypress: rctrl
519.7354 	DATA 	Keypress: 1
519.7519 	EXP 	unnamed ShapeStim: vertices = <class 'numpy.ndarray'>
522.8379 	DATA 	Keypress: 1
522.8544 	EXP 	unnamed ShapeStim: vertices = <class 'numpy.ndarray'>
525.2237 	DATA 	Keypress: 2
525.2397 	EXP 	unnamed ShapeStim: vertices = <class 'numpy.ndarray'>
527.5244 	EXP 	Sound  started
527.7004 	DATA 	Keypress: rctrl
528.2603 	DATA 	Keypress: rctrl
528.2744 	EXP 	Sound  started
528.9804 	DATA 	Keypress: rctrl
529.0244 	EXP 	Sound  started
529.6683 	DATA 	Keypress: rctrl
529.7744 	EXP 	Sound  started
530.4683 	DATA 	Keypress: rctrl
530.5244 	EXP 	Sound  started
531.1883 	DATA 	Keypress: rctrl
531.2745 	EXP 	Sound  started
532.0245 	EXP 	Sound  started
532.7403 	DATA 	Keypress: rctrl
532.7745 	EXP 	Sound  started
533.4283 	DATA 	Keypress: lctrl
533.5245 	EXP 	Sound  started
534.1163 	DATA 	Keypress: lctrl
534.2745 	EXP 	Sound  started
534.9003 	DATA 	Keypress: lctrl
535.0245 	EXP 	Sound  started
535.6203 	DATA 	Keypress: lctrl
535.7745 	EXP 	Sound  started
536.3723 	DATA 	Keypress: lctrl
536.5246 	EXP 	Sound  started
537.1564 	DATA 	Keypress: lctrl
537.2746 	EXP 	Sound  started
537.8764 	DATA 	Keypress: lctrl
538.0246 	EXP 	Sound  started
538.6284 	DATA 	Keypress: lctrl
538.7746 	EXP 	Sound  started
539.4122 	DATA 	Keypress: lctrl
539.5246 	EXP 	Sound  started
540.1003 	DATA 	Keypress: lctrl
540.2746 	EXP 	Sound  started
540.9804 	DATA 	Keypress: rctrl
541.0246 	EXP 	Sound  started
541.7323 	DATA 	Keypress: rctrl
541.7747 	EXP 	Sound  started
542.4203 	DATA 	Keypress: rctrl
542.5247 	EXP 	Sound  started
543.0763 	DATA 	Keypress: rctrl
543.2747 	EXP 	Sound  started
543.9564 	DATA 	Keypress: rctrl
544.0247 	EXP 	Sound  started
544.6122 	DATA 	Keypress: rctrl
544.7747 	EXP 	Sound  started
545.4283 	DATA 	Keypress: rctrl
545.5247 	EXP 	Sound  started
546.0842 	DATA 	Keypress: rctrl
546.2748 	EXP 	Sound  started
546.8203 	DATA 	Keypress: rctrl
547.0248 	EXP 	Sound  started
547.5723 	DATA 	Keypress: rctrl
547.7748 	EXP 	Sound  started
548.3563 	DATA 	Keypress: rctrl
548.5248 	EXP 	Sound  started
549.1402 	DATA 	Keypress: rctrl
549.2748 	EXP 	Sound  started
549.8283 	DATA 	Keypress: rctrl
550.0248 	EXP 	Sound  started
550.5483 	DATA 	Keypress: lctrl
550.7748 	EXP 	Sound  started
551.2362 	DATA 	Keypress: lctrl
551.5249 	EXP 	Sound  started
552.0203 	DATA 	Keypress: lctrl
552.2749 	EXP 	Sound  started
552.8523 	DATA 	Keypress: lctrl
553.0249 	EXP 	Sound  started
553.6044 	DATA 	Keypress: lctrl
553.7749 	EXP 	Sound  started
554.4522 	DATA 	Keypress: lctrl
554.5249 	EXP 	Sound  started
555.1723 	DATA 	Keypress: lctrl
555.2749 	EXP 	Sound  started
555.9242 	DATA 	Keypress: lctrl
556.0250 	EXP 	Sound  started
556.6922 	DATA 	Keypress: lctrl
556.7750 	EXP 	Sound  started
557.3963 	DATA 	Keypress: lctrl
557.5250 	EXP 	Sound  started
558.1803 	DATA 	Keypress: lctrl
558.2750 	EXP 	Sound  started
558.8362 	DATA 	Keypress: rctrl
559.0250 	EXP 	Sound  started
559.6204 	DATA 	Keypress: rctrl
559.7750 	EXP 	Sound  started
560.4203 	DATA 	Keypress: rctrl
560.5250 	EXP 	Sound  started
561.1723 	DATA 	Keypress: rctrl
561.2751 	EXP 	Sound  started
561.9883 	DATA 	Keypress: rctrl
562.0251 	EXP 	Sound  started
562.6444 	DATA 	Keypress: rctrl
562.7751 	EXP 	Sound  started
563.3802 	DATA 	Keypress: rctrl
563.5251 	EXP 	Sound  started
564.1324 	DATA 	Keypress: rctrl
564.2751 	EXP 	Sound  started
564.7723 	DATA 	Keypress: rctrl
565.0251 	EXP 	Sound  started
565.4763 	DATA 	Keypress: rctrl
565.7751 	EXP 	Sound  started
566.2443 	DATA 	Keypress: rctrl
566.5252 	EXP 	Sound  started
566.9963 	DATA 	Keypress: rctrl
567.2752 	EXP 	Sound  started
567.7324 	DATA 	Keypress: rctrl
568.0252 	EXP 	Sound  started
568.5002 	DATA 	Keypress: rctrl
568.7752 	EXP 	Sound  started
569.4603 	DATA 	Keypress: rctrl
569.5252 	EXP 	Sound  started
570.1803 	DATA 	Keypress: lctrl
570.2752 	EXP 	Sound  started
570.9323 	DATA 	Keypress: lctrl
571.0252 	EXP 	Sound  started
571.6522 	DATA 	Keypress: lctrl
571.7753 	EXP 	Sound  started
572.3722 	DATA 	Keypress: lctrl
572.5253 	EXP 	Sound  started
573.1722 	DATA 	Keypress: lctrl
573.2753 	EXP 	Sound  started
573.9883 	DATA 	Keypress: lctrl
574.0253 	EXP 	Sound  started
574.7753 	EXP 	Sound  started
574.7882 	DATA 	Keypress: lctrl
575.5253 	EXP 	Sound  started
575.5403 	DATA 	Keypress: lctrl
576.2282 	DATA 	Keypress: rctrl
576.2753 	EXP 	Sound  started
576.9482 	DATA 	Keypress: rctrl
577.0254 	EXP 	Sound  started
577.6683 	DATA 	Keypress: rctrl
577.7754 	EXP 	Sound  started
578.3882 	DATA 	Keypress: rctrl
578.5254 	EXP 	Sound  started
579.1082 	DATA 	Keypress: rctrl
579.2754 	EXP 	Sound  started
579.8923 	DATA 	Keypress: rctrl
581.2067 	DATA 	Keypress: 1
581.2358 	EXP 	unnamed ShapeStim: vertices = <class 'numpy.ndarray'>
583.8217 	DATA 	Keypress: 2
583.8382 	EXP 	unnamed ShapeStim: vertices = <class 'numpy.ndarray'>
585.6398 	DATA 	Keypress: 1
585.6564 	EXP 	unnamed ShapeStim: vertices = <class 'numpy.ndarray'>
587.9417 	EXP 	Sound  started
587.9724 	DATA 	Keypress: rctrl
588.6442 	DATA 	Keypress: rctrl
588.6916 	EXP 	Sound  started
589.3643 	DATA 	Keypress: rctrl
589.4417 	EXP 	Sound  started
590.1002 	DATA 	Keypress: rctrl
590.1917 	EXP 	Sound  started
590.8842 	DATA 	Keypress: rctrl
590.9417 	EXP 	Sound  started
591.6362 	DATA 	Keypress: rctrl
591.6917 	EXP 	Sound  started
592.3403 	DATA 	Keypress: rctrl
592.4417 	EXP 	Sound  started
593.0763 	DATA 	Keypress: rctrl
593.1917 	EXP 	Sound  started
593.8283 	DATA 	Keypress: rctrl
593.9417 	EXP 	Sound  started
594.6443 	DATA 	Keypress: rctrl
594.6918 	EXP 	Sound  started
595.3483 	DATA 	Keypress: rctrl
595.4418 	EXP 	Sound  started
596.1163 	DATA 	Keypress: rctrl
596.1918 	EXP 	Sound  started
596.8684 	DATA 	Keypress: lctrl
596.9418 	EXP 	Sound  started
597.6203 	DATA 	Keypress: lctrl
597.6918 	EXP 	Sound  started
598.3723 	DATA 	Keypress: lctrl
598.4418 	EXP 	Sound  started
599.1084 	DATA 	Keypress: lctrl
599.1918 	EXP 	Sound  started
599.9084 	DATA 	Keypress: lctrl
599.9418 	EXP 	Sound  started
600.6282 	DATA 	Keypress: lctrl
600.6919 	EXP 	Sound  started
601.3962 	DATA 	Keypress: lctrl
601.4419 	EXP 	Sound  started
602.0683 	DATA 	Keypress: lctrl
602.1919 	EXP 	Sound  started
602.8683 	DATA 	Keypress: rctrl
602.9419 	EXP 	Sound  started
603.6363 	DATA 	Keypress: rctrl
603.6919 	EXP 	Sound  started
604.4363 	DATA 	Keypress: rctrl
604.4419 	EXP 	Sound  started
605.1402 	DATA 	Keypress: rctrl
605.1919 	EXP 	Sound  started
605.8762 	DATA 	Keypress: rctrl
605.9419 	EXP 	Sound  started
606.5643 	DATA 	Keypress: rctrl
606.6920 	EXP 	Sound  started
607.3643 	DATA 	Keypress: rctrl
607.4420 	EXP 	Sound  started
608.0522 	DATA 	Keypress: rctrl
608.1920 	EXP 	Sound  started
608.7884 	DATA 	Keypress: lctrl
608.9420 	EXP 	Sound  started
609.5722 	DATA 	Keypress: lctrl
609.6920 	EXP 	Sound  started
610.2442 	DATA 	Keypress: lctrl
610.4420 	EXP 	Sound  started
610.9323 	DATA 	Keypress: lctrl
611.1920 	EXP 	Sound  started
611.7163 	DATA 	Keypress: rctrl
611.9421 	EXP 	Sound  started
612.5483 	DATA 	Keypress: rctrl
612.6921 	EXP 	Sound  started
613.2842 	DATA 	Keypress: rctrl
613.4421 	EXP 	Sound  started
614.0202 	DATA 	Keypress: rctrl
614.1921 	EXP 	Sound  started
614.8203 	DATA 	Keypress: rctrl
614.9421 	EXP 	Sound  started
615.5403 	DATA 	Keypress: rctrl
615.6921 	EXP 	Sound  started
616.3243 	DATA 	Keypress: rctrl
616.4421 	EXP 	Sound  started
617.0443 	DATA 	Keypress: rctrl
617.1921 	EXP 	Sound  started
617.7962 	DATA 	Keypress: lctrl
617.9422 	EXP 	Sound  started
618.4523 	DATA 	Keypress: lctrl
618.6922 	EXP 	Sound  started
619.2363 	DATA 	Keypress: lctrl
619.4422 	EXP 	Sound  started
619.9242 	DATA 	Keypress: lctrl
620.1922 	EXP 	Sound  started
620.6763 	DATA 	Keypress: lctrl
620.9422 	EXP 	Sound  started
621.5403 	DATA 	Keypress: lctrl
621.6922 	EXP 	Sound  started
622.3563 	DATA 	Keypress: lctrl
622.4422 	EXP 	Sound  started
623.1083 	DATA 	Keypress: lctrl
623.1923 	EXP 	Sound  started
623.8763 	DATA 	Keypress: lctrl
623.9423 	EXP 	Sound  started
624.6443 	DATA 	Keypress: lctrl
624.6923 	EXP 	Sound  started
625.3803 	DATA 	Keypress: lctrl
625.4423 	EXP 	Sound  started
626.0843 	DATA 	Keypress: lctrl
626.1923 	EXP 	Sound  started
626.8203 	DATA 	Keypress: lctrl
628.7748 	DATA 	Keypress: 3
628.7913 	EXP 	unnamed ShapeStim: vertices = <class 'numpy.ndarray'>
631.6939 	DATA 	Keypress: 1
631.7104 	EXP 	unnamed ShapeStim: vertices = <class 'numpy.ndarray'>
633.6626 	DATA 	Keypress: 2
633.6791 	EXP 	unnamed ShapeStim: vertices = <class 'numpy.ndarray'>
635.9634 	EXP 	Sound  started
636.0844 	DATA 	Keypress: rctrl
636.6764 	DATA 	Keypress: rctrl
636.7134 	EXP 	Sound  started
637.3643 	DATA 	Keypress: rctrl
637.4634 	EXP 	Sound  started
638.1163 	DATA 	Keypress: rctrl
638.2134 	EXP 	Sound  started
638.9003 	DATA 	Keypress: rctrl
638.9634 	EXP 	Sound  started
639.6043 	DATA 	Keypress: rctrl
639.7135 	EXP 	Sound  started
640.3883 	DATA 	Keypress: rctrl
640.4635 	EXP 	Sound  started
641.1403 	DATA 	Keypress: rctrl
641.2135 	EXP 	Sound  started
641.9083 	DATA 	Keypress: rctrl
641.9635 	EXP 	Sound  started
642.6924 	DATA 	Keypress: rctrl
642.7135 	EXP 	Sound  started
643.3963 	DATA 	Keypress: rctrl
643.4635 	EXP 	Sound  started
644.1323 	DATA 	Keypress: rctrl
644.2136 	EXP 	Sound  started
644.8843 	DATA 	Keypress: rctrl
644.9636 	EXP 	Sound  started
645.5883 	DATA 	Keypress: rctrl
645.7136 	EXP 	Sound  started
646.2923 	DATA 	Keypress: rctrl
646.4636 	EXP 	Sound  started
646.9803 	DATA 	Keypress: rctrl
647.2136 	EXP 	Sound  started
647.8123 	DATA 	Keypress: rctrl
647.9636 	EXP 	Sound  started
648.6283 	DATA 	Keypress: rctrl
648.7136 	EXP 	Sound  started
649.3322 	DATA 	Keypress: rctrl
649.4636 	EXP 	Sound  started
650.0682 	DATA 	Keypress: rctrl
650.2137 	EXP 	Sound  started
650.9003 	DATA 	Keypress: lctrl
650.9637 	EXP 	Sound  started
651.6843 	DATA 	Keypress: lctrl
651.7137 	EXP 	Sound  started
652.3402 	DATA 	Keypress: lctrl
652.4637 	EXP 	Sound  started
653.1563 	DATA 	Keypress: lctrl
653.2137 	EXP 	Sound  started
653.9403 	DATA 	Keypress: lctrl
653.9637 	EXP 	Sound  started
654.6763 	DATA 	Keypress: lctrl
654.7137 	EXP 	Sound  started
655.4638 	EXP 	Sound  started
655.4923 	DATA 	Keypress: lctrl
656.2138 	EXP 	Sound  started
656.2443 	DATA 	Keypress: lctrl
656.9003 	DATA 	Keypress: lctrl
656.9638 	EXP 	Sound  started
657.6523 	DATA 	Keypress: lctrl
657.7138 	EXP 	Sound  started
658.3723 	DATA 	Keypress: lctrl
658.4638 	EXP 	Sound  started
659.1883 	DATA 	Keypress: lctrl
659.2138 	EXP 	Sound  started
659.9244 	DATA 	Keypress: lctrl
659.9639 	EXP 	Sound  started
660.6922 	DATA 	Keypress: lctrl
660.7139 	EXP 	Sound  started
661.4443 	DATA 	Keypress: lctrl
661.4639 	EXP 	Sound  started
662.2123 	DATA 	Keypress: rctrl
662.2139 	EXP 	Sound  started
662.9163 	DATA 	Keypress: rctrl
662.9639 	EXP 	Sound  started
663.6683 	DATA 	Keypress: rctrl
663.7139 	EXP 	Sound  started
664.4203 	DATA 	Keypress: rctrl
664.4639 	EXP 	Sound  started
665.1243 	DATA 	Keypress: rctrl
665.2140 	EXP 	Sound  started
665.8603 	DATA 	Keypress: rctrl
665.9640 	EXP 	Sound  started
666.6283 	DATA 	Keypress: rctrl
666.7140 	EXP 	Sound  started
667.3963 	DATA 	Keypress: rctrl
667.4640 	EXP 	Sound  started
668.2123 	DATA 	Keypress: rctrl
668.2140 	EXP 	Sound  started
668.9640 	EXP 	Sound  started
668.9803 	DATA 	Keypress: rctrl
669.6843 	DATA 	Keypress: lctrl
669.7140 	EXP 	Sound  started
670.4043 	DATA 	Keypress: lctrl
670.4640 	EXP 	Sound  started
671.1723 	DATA 	Keypress: lctrl
671.2141 	EXP 	Sound  started
671.8924 	DATA 	Keypress: lctrl
671.9641 	EXP 	Sound  started
672.5803 	DATA 	Keypress: lctrl
672.7141 	EXP 	Sound  started
673.3164 	DATA 	Keypress: lctrl
673.4641 	EXP 	Sound  started
674.0523 	DATA 	Keypress: lctrl
674.2141 	EXP 	Sound  started
674.9163 	DATA 	Keypress: rctrl
674.9641 	EXP 	Sound  started
675.6363 	DATA 	Keypress: rctrl
675.7141 	EXP 	Sound  started
676.4523 	DATA 	Keypress: rctrl
676.4642 	EXP 	Sound  started
677.2043 	DATA 	Keypress: rctrl
677.2142 	EXP 	Sound  started
677.9083 	DATA 	Keypress: rctrl
677.9642 	EXP 	Sound  started
678.6283 	DATA 	Keypress: rctrl
678.7142 	EXP 	Sound  started
679.3163 	DATA 	Keypress: rctrl
679.4642 	EXP 	Sound  started
680.0684 	DATA 	Keypress: rctrl
680.2142 	EXP 	Sound  started
680.7403 	DATA 	Keypress: lctrl
680.9642 	EXP 	Sound  started
681.6044 	DATA 	Keypress: lctrl
681.7143 	EXP 	Sound  started
682.3883 	DATA 	Keypress: lctrl
682.4643 	EXP 	Sound  started
683.1243 	DATA 	Keypress: lctrl
683.2143 	EXP 	Sound  started
683.7803 	DATA 	Keypress: lctrl
683.9643 	EXP 	Sound  started
684.5803 	DATA 	Keypress: lctrl
684.7143 	EXP 	Sound  started
685.3323 	DATA 	Keypress: lctrl
685.4643 	EXP 	Sound  started
686.1163 	DATA 	Keypress: lctrl
686.2143 	EXP 	Sound  started
686.8203 	DATA 	Keypress: lctrl
686.9644 	EXP 	Sound  started
687.7003 	DATA 	Keypress: rctrl
687.7144 	EXP 	Sound  started
688.4203 	DATA 	Keypress: rctrl
688.4645 	EXP 	Sound  started
689.1403 	DATA 	Keypress: rctrl
689.2145 	EXP 	Sound  started
689.8763 	DATA 	Keypress: rctrl
689.9645 	EXP 	Sound  started
690.6283 	DATA 	Keypress: rctrl
690.7145 	EXP 	Sound  started
691.3323 	DATA 	Keypress: rctrl
691.4645 	EXP 	Sound  started
692.1324 	DATA 	Keypress: lctrl
692.2145 	EXP 	Sound  started
692.8363 	DATA 	Keypress: lctrl
692.9645 	EXP 	Sound  started
693.5883 	DATA 	Keypress: lctrl
693.7146 	EXP 	Sound  started
694.3403 	DATA 	Keypress: lctrl
694.4646 	EXP 	Sound  started
695.0763 	DATA 	Keypress: lctrl
695.2146 	EXP 	Sound  started
695.9403 	DATA 	Keypress: rctrl
695.9646 	EXP 	Sound  started
696.6443 	DATA 	Keypress: rctrl
696.7146 	EXP 	Sound  started
697.4603 	DATA 	Keypress: rctrl
697.4646 	EXP 	Sound  started
698.2146 	EXP 	Sound  started
698.2604 	DATA 	Keypress: rctrl
698.9647 	EXP 	Sound  started
698.9803 	DATA 	Keypress: rctrl
699.7147 	EXP 	Sound  started
699.7323 	DATA 	Keypress: rctrl
700.4203 	DATA 	Keypress: rctrl
700.4647 	EXP 	Sound  started
701.1244 	DATA 	Keypress: rctrl
701.2147 	EXP 	Sound  started
701.8923 	DATA 	Keypress: rctrl
703.5527 	DATA 	Keypress: 1
703.5692 	EXP 	unnamed ShapeStim: vertices = <class 'numpy.ndarray'>
705.5252 	DATA 	Keypress: 3
705.5547 	EXP 	unnamed ShapeStim: vertices = <class 'numpy.ndarray'>
707.9568 	DATA 	Keypress: 1
707.9733 	EXP 	unnamed ShapeStim: vertices = <class 'numpy.ndarray'>
710.2586 	EXP 	Sound  started
710.4044 	DATA 	Keypress: rctrl
710.9963 	DATA 	Keypress: rctrl
711.0086 	EXP 	Sound  started
711.7163 	DATA 	Keypress: rctrl
711.7586 	EXP 	Sound  started
712.5004 	DATA 	Keypress: rctrl
712.5087 	EXP 	Sound  started
713.1404 	DATA 	Keypress: rctrl
713.2587 	EXP 	Sound  started
713.8763 	DATA 	Keypress: rctrl
714.0087 	EXP 	Sound  started
714.6282 	DATA 	Keypress: lctrl
714.7587 	EXP 	Sound  started
715.3643 	DATA 	Keypress: lctrl
715.5087 	EXP 	Sound  started
716.1323 	DATA 	Keypress: lctrl
716.2587 	EXP 	Sound  started
716.8843 	DATA 	Keypress: lctrl
717.0087 	EXP 	Sound  started
717.6042 	DATA 	Keypress: lctrl
717.7587 	EXP 	Sound  started
718.4524 	DATA 	Keypress: lctrl
718.5088 	EXP 	Sound  started
719.2043 	DATA 	Keypress: rctrl
719.2588 	EXP 	Sound  started
719.9243 	DATA 	Keypress: rctrl
720.0088 	EXP 	Sound  started
720.7243 	DATA 	Keypress: rctrl
720.7588 	EXP 	Sound  started
721.4603 	DATA 	Keypress: rctrl
721.5088 	EXP 	Sound  started
722.1484 	DATA 	Keypress: rctrl
722.2588 	EXP 	Sound  started
722.9162 	DATA 	Keypress: rctrl
723.0088 	EXP 	Sound  started
723.6043 	DATA 	Keypress: lctrl
723.7589 	EXP 	Sound  started
724.4202 	DATA 	Keypress: lctrl
724.5089 	EXP 	Sound  started
725.1403 	DATA 	Keypress: lctrl
725.2589 	EXP 	Sound  started
725.8922 	DATA 	Keypress: lctrl
726.0089 	EXP 	Sound  started
726.6123 	DATA 	Keypress: lctrl
726.7589 	EXP 	Sound  started
727.3163 	DATA 	Keypress: lctrl
727.5089 	EXP 	Sound  started
728.1163 	DATA 	Keypress: lctrl
728.2589 	EXP 	Sound  started
728.9005 	DATA 	Keypress: lctrl
729.0089 	EXP 	Sound  started
729.6363 	DATA 	Keypress: lctrl
729.7590 	EXP 	Sound  started
730.4043 	DATA 	Keypress: lctrl
730.5090 	EXP 	Sound  started
731.0922 	DATA 	Keypress: rctrl
731.2590 	EXP 	Sound  started
731.7962 	DATA 	Keypress: rctrl
732.0090 	EXP 	Sound  started
732.5003 	DATA 	Keypress: lctrl
732.7590 	EXP 	Sound  started
733.5090 	EXP 	Sound  started
734.2124 	DATA 	Keypress: lctrl
734.2590 	EXP 	Sound  started
734.9642 	DATA 	Keypress: rctrl
735.0090 	EXP 	Sound  started
735.6682 	DATA 	Keypress: lctrl
735.7590 	EXP 	Sound  started
736.5003 	DATA 	Keypress: rctrl
736.5091 	EXP 	Sound  started
737.1883 	DATA 	Keypress: lctrl
737.2591 	EXP 	Sound  started
737.9082 	DATA 	Keypress: rctrl
738.0091 	EXP 	Sound  started
738.6923 	DATA 	Keypress: lctrl
738.7591 	EXP 	Sound  started
739.4123 	DATA 	Keypress: rctrl
739.5091 	EXP 	Sound  started
740.1803 	DATA 	Keypress: lctrl
740.2591 	EXP 	Sound  started
740.9963 	DATA 	Keypress: rctrl
741.0092 	EXP 	Sound  started
741.7592 	EXP 	Sound  started
741.7643 	DATA 	Keypress: rctrl
742.4843 	DATA 	Keypress: rctrl
742.5092 	EXP 	Sound  started
743.2592 	EXP 	Sound  started
743.2683 	DATA 	Keypress: lctrl
744.0092 	EXP 	Sound  started
744.0202 	DATA 	Keypress: rctrl
744.7403 	DATA 	Keypress: rctrl
744.7592 	EXP 	Sound  started
745.4283 	DATA 	Keypress: rctrl
745.5092 	EXP 	Sound  started
746.2592 	EXP 	Sound  started
746.8683 	DATA 	Keypress: rctrl
747.0093 	EXP 	Sound  started
747.2203 	DATA 	Keypress: rctrl
747.7002 	DATA 	Keypress: rctrl
747.7593 	EXP 	Sound  started
748.3724 	DATA 	Keypress: rctrl
748.5093 	EXP 	Sound  started
749.0443 	DATA 	Keypress: rctrl
749.2593 	EXP 	Sound  started
749.5563 	DATA 	Keypress: rctrl
750.0093 	EXP 	Sound  started
750.0683 	DATA 	Keypress: rctrl
750.6442 	DATA 	Keypress: rctrl
750.7593 	EXP 	Sound  started
751.4282 	DATA 	Keypress: lctrl
751.5093 	EXP 	Sound  started
751.9402 	DATA 	Keypress: lctrl
752.2594 	EXP 	Sound  started
752.6283 	DATA 	Keypress: lctrl
753.0094 	EXP 	Sound  started
753.0922 	DATA 	Keypress: lctrl
753.6843 	DATA 	Keypress: lctrl
754.9325 	DATA 	Keypress: 1
754.9619 	EXP 	unnamed ShapeStim: vertices = <class 'numpy.ndarray'>
756.9341 	DATA 	Keypress: 1
756.9635 	EXP 	unnamed ShapeStim: vertices = <class 'numpy.ndarray'>
758.7151 	DATA 	Keypress: 1
758.7316 	EXP 	unnamed ShapeStim: vertices = <class 'numpy.ndarray'>
761.0165 	EXP 	Sound  started
761.2524 	DATA 	Keypress: rctrl
761.7665 	EXP 	Sound  started
761.7803 	DATA 	Keypress: rctrl
762.4683 	DATA 	Keypress: rctrl
762.5165 	EXP 	Sound  started
763.2043 	DATA 	Keypress: rctrl
763.2665 	EXP 	Sound  started
763.9402 	DATA 	Keypress: rctrl
764.0165 	EXP 	Sound  started
764.6122 	DATA 	Keypress: rctrl
764.7665 	EXP 	Sound  started
765.4122 	DATA 	Keypress: rctrl
765.5166 	EXP 	Sound  started
766.1803 	DATA 	Keypress: rctrl
766.2666 	EXP 	Sound  started
766.8842 	DATA 	Keypress: rctrl
767.0166 	EXP 	Sound  started
767.6204 	DATA 	Keypress: rctrl
767.7666 	EXP 	Sound  started
768.4363 	DATA 	Keypress: rctrl
768.5166 	EXP 	Sound  started
769.1403 	DATA 	Keypress: rctrl
769.2666 	EXP 	Sound  started
769.8283 	DATA 	Keypress: rctrl
770.0166 	EXP 	Sound  started
770.6923 	DATA 	Keypress: rctrl
770.7666 	EXP 	Sound  started
771.3643 	DATA 	Keypress: lctrl
771.5167 	EXP 	Sound  started
772.1163 	DATA 	Keypress: lctrl
772.2667 	EXP 	Sound  started
772.8043 	DATA 	Keypress: lctrl
773.0167 	EXP 	Sound  started
773.5723 	DATA 	Keypress: lctrl
773.7667 	EXP 	Sound  started
774.3882 	DATA 	Keypress: lctrl
774.5167 	EXP 	Sound  started
775.1563 	DATA 	Keypress: lctrl
775.2668 	EXP 	Sound  started
775.9082 	DATA 	Keypress: lctrl
776.0168 	EXP 	Sound  started
776.6602 	DATA 	Keypress: lctrl
776.7668 	EXP 	Sound  started
777.3802 	DATA 	Keypress: lctrl
777.5168 	EXP 	Sound  started
778.1323 	DATA 	Keypress: lctrl
778.2668 	EXP 	Sound  started
778.9162 	DATA 	Keypress: lctrl
779.0168 	EXP 	Sound  started
779.6523 	DATA 	Keypress: lctrl
779.7668 	EXP 	Sound  started
780.3883 	DATA 	Keypress: lctrl
780.5169 	EXP 	Sound  started
781.1084 	DATA 	Keypress: lctrl
781.2669 	EXP 	Sound  started
781.9083 	DATA 	Keypress: rctrl
782.0169 	EXP 	Sound  started
782.6123 	DATA 	Keypress: rctrl
782.7669 	EXP 	Sound  started
783.4122 	DATA 	Keypress: rctrl
783.5169 	EXP 	Sound  started
784.0843 	DATA 	Keypress: rctrl
784.2669 	EXP 	Sound  started
784.7883 	DATA 	Keypress: rctrl
785.0169 	EXP 	Sound  started
785.4924 	DATA 	Keypress: rctrl
785.7669 	EXP 	Sound  started
786.3242 	DATA 	Keypress: rctrl
786.5170 	EXP 	Sound  started
787.0763 	DATA 	Keypress: rctrl
787.2670 	EXP 	Sound  started
787.7324 	DATA 	Keypress: rctrl
788.0170 	EXP 	Sound  started
788.4523 	DATA 	Keypress: rctrl
788.7670 	EXP 	Sound  started
789.2203 	DATA 	Keypress: rctrl
789.5170 	EXP 	Sound  started
790.0043 	DATA 	Keypress: rctrl
790.2670 	EXP 	Sound  started
790.7083 	DATA 	Keypress: rctrl
791.0170 	EXP 	Sound  started
791.4123 	DATA 	Keypress: rctrl
791.7671 	EXP 	Sound  started
792.1643 	DATA 	Keypress: rctrl
792.5171 	EXP 	Sound  started
792.8843 	DATA 	Keypress: rctrl
793.2671 	EXP 	Sound  started
793.3162 	DATA 	Keypress: rctrl
794.0042 	DATA 	Keypress: rctrl
794.0171 	EXP 	Sound  started
794.7242 	DATA 	Keypress: rctrl
794.7671 	EXP 	Sound  started
795.4603 	DATA 	Keypress: rctrl
795.5171 	EXP 	Sound  started
796.2602 	DATA 	Keypress: rctrl
796.2671 	EXP 	Sound  started
796.9323 	DATA 	Keypress: rctrl
797.0172 	EXP 	Sound  started
797.7003 	DATA 	Keypress: rctrl
797.7672 	EXP 	Sound  started
798.4203 	DATA 	Keypress: rctrl
798.5172 	EXP 	Sound  started
799.1722 	DATA 	Keypress: rctrl
799.2672 	EXP 	Sound  started
799.9082 	DATA 	Keypress: rctrl
800.0172 	EXP 	Sound  started
800.6123 	DATA 	Keypress: rctrl
800.7672 	EXP 	Sound  started
801.3964 	DATA 	Keypress: rctrl
801.5173 	EXP 	Sound  started
802.1163 	DATA 	Keypress: rctrl
802.2673 	EXP 	Sound  started
802.8523 	DATA 	Keypress: rctrl
803.0173 	EXP 	Sound  started
803.5403 	DATA 	Keypress: rctrl
803.7673 	EXP 	Sound  started
804.3243 	DATA 	Keypress: rctrl
804.5173 	EXP 	Sound  started
805.0923 	DATA 	Keypress: rctrl
805.2673 	EXP 	Sound  started
805.8443 	DATA 	Keypress: rctrl
806.0173 	EXP 	Sound  started
806.6283 	DATA 	Keypress: rctrl
806.7673 	EXP 	Sound  started
807.3804 	DATA 	Keypress: rctrl
807.5174 	EXP 	Sound  started
808.1003 	DATA 	Keypress: rctrl
808.2674 	EXP 	Sound  started
808.8203 	DATA 	Keypress: rctrl
809.0174 	EXP 	Sound  started
809.5725 	DATA 	Keypress: rctrl
809.7674 	EXP 	Sound  started
810.3403 	DATA 	Keypress: rctrl
810.5174 	EXP 	Sound  started
811.0603 	DATA 	Keypress: rctrl
811.2674 	EXP 	Sound  started
811.7963 	DATA 	Keypress: rctrl
812.0174 	EXP 	Sound  started
812.5643 	DATA 	Keypress: rctrl
812.7674 	EXP 	Sound  started
813.2843 	DATA 	Keypress: rctrl
813.5175 	EXP 	Sound  started
814.1643 	DATA 	Keypress: lctrl
814.2675 	EXP 	Sound  started
814.9163 	DATA 	Keypress: lctrl
815.0175 	EXP 	Sound  started
815.7003 	DATA 	Keypress: lctrl
815.7675 	EXP 	Sound  started
816.4363 	DATA 	Keypress: lctrl
816.5175 	EXP 	Sound  started
817.2363 	DATA 	Keypress: lctrl
817.2675 	EXP 	Sound  started
818.0043 	DATA 	Keypress: lctrl
818.0175 	EXP 	Sound  started
818.7676 	EXP 	Sound  started
818.7723 	DATA 	Keypress: lctrl
819.4603 	DATA 	Keypress: lctrl
819.5176 	EXP 	Sound  started
820.2603 	DATA 	Keypress: lctrl
820.2676 	EXP 	Sound  started
820.9323 	DATA 	Keypress: rctrl
821.0176 	EXP 	Sound  started
821.7483 	DATA 	Keypress: rctrl
821.7676 	EXP 	Sound  started
822.4363 	DATA 	Keypress: rctrl
822.5176 	EXP 	Sound  started
823.1403 	DATA 	Keypress: rctrl
823.2677 	EXP 	Sound  started
823.8923 	DATA 	Keypress: rctrl
824.0177 	EXP 	Sound  started
824.6603 	DATA 	Keypress: rctrl
824.7677 	EXP 	Sound  started
825.3963 	DATA 	Keypress: rctrl
825.5177 	EXP 	Sound  started
826.0843 	DATA 	Keypress: rctrl
826.2677 	EXP 	Sound  started
826.8683 	DATA 	Keypress: rctrl
832.7921 	DATA 	Keypress: 2
832.8086 	EXP 	unnamed ShapeStim: vertices = <class 'numpy.ndarray'>
834.6140 	DATA 	Keypress: 3
834.6434 	EXP 	unnamed ShapeStim: vertices = <class 'numpy.ndarray'>
836.4456 	DATA 	Keypress: 1
836.4621 	EXP 	unnamed ShapeStim: vertices = <class 'numpy.ndarray'>
838.7466 	EXP 	Sound  started
838.9483 	DATA 	Keypress: rctrl
839.4764 	DATA 	Keypress: rctrl
839.4966 	EXP 	Sound  started
840.2443 	DATA 	Keypress: rctrl
840.2466 	EXP 	Sound  started
840.9163 	DATA 	Keypress: rctrl
840.9966 	EXP 	Sound  started
841.6523 	DATA 	Keypress: rctrl
841.7466 	EXP 	Sound  started
842.4523 	DATA 	Keypress: rctrl
842.4966 	EXP 	Sound  started
843.1243 	DATA 	Keypress: lctrl
843.2466 	EXP 	Sound  started
843.8603 	DATA 	Keypress: lctrl
843.9966 	EXP 	Sound  started
844.5963 	DATA 	Keypress: lctrl
844.7467 	EXP 	Sound  started
845.3643 	DATA 	Keypress: lctrl
845.4967 	EXP 	Sound  started
846.0363 	DATA 	Keypress: lctrl
846.2467 	EXP 	Sound  started
846.8043 	DATA 	Keypress: lctrl
846.9967 	EXP 	Sound  started
847.5083 	DATA 	Keypress: rctrl
847.7467 	EXP 	Sound  started
848.3723 	DATA 	Keypress: rctrl
848.4967 	EXP 	Sound  started
849.2203 	DATA 	Keypress: rctrl
849.2467 	EXP 	Sound  started
849.9403 	DATA 	Keypress: rctrl
849.9967 	EXP 	Sound  started
850.6924 	DATA 	Keypress: rctrl
850.7468 	EXP 	Sound  started
851.4124 	DATA 	Keypress: rctrl
851.4968 	EXP 	Sound  started
852.1803 	DATA 	Keypress: lctrl
852.2468 	EXP 	Sound  started
852.9163 	DATA 	Keypress: lctrl
852.9968 	EXP 	Sound  started
853.6363 	DATA 	Keypress: lctrl
853.7468 	EXP 	Sound  started
854.4683 	DATA 	Keypress: lctrl
854.4968 	EXP 	Sound  started
855.2043 	DATA 	Keypress: rctrl
855.2468 	EXP 	Sound  started
855.9243 	DATA 	Keypress: rctrl
855.9969 	EXP 	Sound  started
856.7243 	DATA 	Keypress: rctrl
856.7469 	EXP 	Sound  started
857.4923 	DATA 	Keypress: rctrl
857.4969 	EXP 	Sound  started
858.1323 	DATA 	Keypress: rctrl
858.2469 	EXP 	Sound  started
858.8203 	DATA 	Keypress: rctrl
858.9969 	EXP 	Sound  started
859.6043 	DATA 	Keypress: rctrl
859.7469 	EXP 	Sound  started
860.3563 	DATA 	Keypress: rctrl
860.4970 	EXP 	Sound  started
861.1564 	DATA 	Keypress: rctrl
861.2470 	EXP 	Sound  started
861.8764 	DATA 	Keypress: rctrl
861.9970 	EXP 	Sound  started
862.7244 	DATA 	Keypress: rctrl
862.7470 	EXP 	Sound  started
863.4124 	DATA 	Keypress: rctrl
863.4970 	EXP 	Sound  started
864.0843 	DATA 	Keypress: rctrl
864.2470 	EXP 	Sound  started
864.8843 	DATA 	Keypress: rctrl
864.9970 	EXP 	Sound  started
865.6203 	DATA 	Keypress: rctrl
865.7471 	EXP 	Sound  started
866.3883 	DATA 	Keypress: rctrl
866.4971 	EXP 	Sound  started
867.0923 	DATA 	Keypress: rctrl
867.2471 	EXP 	Sound  started
867.7324 	DATA 	Keypress: lctrl
867.9971 	EXP 	Sound  started
868.5483 	DATA 	Keypress: lctrl
868.7471 	EXP 	Sound  started
869.2523 	DATA 	Keypress: lctrl
869.4971 	EXP 	Sound  started
870.0684 	DATA 	Keypress: rctrl
870.2471 	EXP 	Sound  started
870.8203 	DATA 	Keypress: rctrl
870.9972 	EXP 	Sound  started
871.4923 	DATA 	Keypress: rctrl
871.7472 	EXP 	Sound  started
872.2283 	DATA 	Keypress: rctrl
872.4972 	EXP 	Sound  started
873.1403 	DATA 	Keypress: rctrl
873.2472 	EXP 	Sound  started
873.8603 	DATA 	Keypress: rctrl
873.9972 	EXP 	Sound  started
874.6123 	DATA 	Keypress: rctrl
874.7472 	EXP 	Sound  started
875.4124 	DATA 	Keypress: lctrl
875.4972 	EXP 	Sound  started
876.0683 	DATA 	Keypress: lctrl
876.2472 	EXP 	Sound  started
876.7724 	DATA 	Keypress: rctrl
876.9973 	EXP 	Sound  started
877.5563 	DATA 	Keypress: rctrl
877.7473 	EXP 	Sound  started
878.3243 	DATA 	Keypress: rctrl
878.4973 	EXP 	Sound  started
879.0443 	DATA 	Keypress: rctrl
879.2473 	EXP 	Sound  started
879.8443 	DATA 	Keypress: rctrl
879.9973 	EXP 	Sound  started
880.6123 	DATA 	Keypress: rctrl
880.7473 	EXP 	Sound  started
881.3643 	DATA 	Keypress: rctrl
881.4974 	EXP 	Sound  started
882.1003 	DATA 	Keypress: rctrl
882.2474 	EXP 	Sound  started
882.7723 	DATA 	Keypress: rctrl
882.9974 	EXP 	Sound  started
883.5563 	DATA 	Keypress: rctrl
883.7474 	EXP 	Sound  started
884.2603 	DATA 	Keypress: rctrl
884.4974 	EXP 	Sound  started
885.0443 	DATA 	Keypress: rctrl
885.2474 	EXP 	Sound  started
885.7803 	DATA 	Keypress: rctrl
885.9974 	EXP 	Sound  started
886.5163 	DATA 	Keypress: rctrl
886.7475 	EXP 	Sound  started
887.3163 	DATA 	Keypress: lctrl
887.4975 	EXP 	Sound  started
888.0844 	DATA 	Keypress: lctrl
888.2475 	EXP 	Sound  started
888.8843 	DATA 	Keypress: lctrl
888.9975 	EXP 	Sound  started
889.6523 	DATA 	Keypress: lctrl
889.7475 	EXP 	Sound  started
890.3563 	DATA 	Keypress: lctrl
890.4975 	EXP 	Sound  started
891.0443 	DATA 	Keypress: lctrl
891.2475 	EXP 	Sound  started
891.8123 	DATA 	Keypress: lctrl
891.9975 	EXP 	Sound  started
892.5803 	DATA 	Keypress: lctrl
892.7476 	EXP 	Sound  started
893.3323 	DATA 	Keypress: lctrl
893.4976 	EXP 	Sound  started
894.0683 	DATA 	Keypress: lctrl
894.2476 	EXP 	Sound  started
894.7884 	DATA 	Keypress: lctrl
894.9976 	EXP 	Sound  started
895.5083 	DATA 	Keypress: lctrl
895.7476 	EXP 	Sound  started
896.3883 	DATA 	Keypress: lctrl
896.4976 	EXP 	Sound  started
897.0443 	DATA 	Keypress: lctrl
897.2476 	EXP 	Sound  started
897.7803 	DATA 	Keypress: rctrl
899.4801 	DATA 	Keypress: 1
899.4966 	EXP 	unnamed ShapeStim: vertices = <class 'numpy.ndarray'>
901.8158 	DATA 	Keypress: 4
901.8323 	EXP 	unnamed ShapeStim: vertices = <class 'numpy.ndarray'>
904.6844 	DATA 	Keypress: 3
904.7009 	EXP 	unnamed ShapeStim: vertices = <class 'numpy.ndarray'>
1023.8925 	DATA 	Keypress: escape
1023.9567 	EXP 	window1: mouseVisible = True
