20.2023 	WARNING 	User requested fullscreen with size [1024  768], but screen is actually [1920, 1200]. Using actual size
21.0014 	EXP 	Created window1 = Window(allowGUI=False, allowStencil=False, autoLog=True, backendConf=UNKNOWN, bitsMode=UNKNOWN, blendMode='avg', bpc=(8, 8, 8), color=array([0, 0, 0]), colorSpace='rgb', depthBits=8, fullscr=<method-wrapper '__getattribute__' of attributeSetter object at 0x000001FD912E6780>, gamma=None, gammaErrorPolicy='raise', lms=UNKNOWN, monitor=<psychopy.monitors.calibTools.Monitor object at 0x000001FD92A14080>, multiSample=False, name='window1', numSamples=2, pos=[0.0, 0.0], screen=0, size=array([1920, 1200]), stencilBits=0, stereo=False, units='norm', useFBO=True, useRetina=False, viewOri=0.0, viewPos=None, viewScale=None, waitBlanking=True, winType='pyglet')
21.0018 	EXP 	window1: mouseVisible = True
21.0018 	EXP 	window1: mouseVisible = False
21.0018 	EXP 	window1: recordFrameIntervals = False
21.1680 	EXP 	window1: recordFrameIntervals = True
21.3515 	EXP 	window1: recordFrameIntervals = False
21.4067 	EXP 	Created text = TextStim(__class__=<class 'psychopy.visual.text.TextStim'>, alignHoriz=method-wrapper(...), alignText='center', alignVert=method-wrapper(...), anchorHoriz='center', anchorVert='center', antialias=True, autoLog=True, bold=False, color=array([1., 1., 1.]), colorSpace='rgb', contrast=1.0, depth=0.0, flipHoriz=False, flipVert=False, font='Arial', fontFiles=[], height=0.15, italic=False, languageStyle='LTR', name='text', opacity=1, ori=0, pos=array([0., 0.]), rgb=UNKNOWN, text='+', units='norm', win=Window(...), wrapWidth=1)
21.4285 	EXP 	Created text = TextStim(__class__=<class 'psychopy.visual.text.TextStim'>, alignHoriz=method-wrapper(...), alignText='center', alignVert=method-wrapper(...), anchorHoriz='center', anchorVert='center', antialias=True, autoLog=True, bold=False, color=array([1., 1., 1.]), colorSpace='rgb', contrast=1.0, depth=0.0, flipHoriz=False, flipVert=False, font='Arial', fontFiles=[], height=0.07, italic=False, languageStyle='LTR', name='text', opacity=1, ori=0, pos=array([0., 0.]), rgb=UNKNOWN, text=str(...), units='norm', win=Window(...), wrapWidth=1.65)
21.4386 	EXP 	Created text = TextStim(__class__=<class 'psychopy.visual.text.TextStim'>, alignHoriz=method-wrapper(...), alignText='center', alignVert=method-wrapper(...), anchorHoriz='center', anchorVert='center', antialias=True, autoLog=True, bold=False, color=array([1., 1., 1.]), colorSpace='rgb', contrast=1.0, depth=0.0, flipHoriz=False, flipVert=False, font='Arial', fontFiles=[], height=0.07, italic=False, languageStyle='LTR', name='text', opacity=1, ori=0, pos=array([0., 0.]), rgb=UNKNOWN, text=str(...), units='norm', win=Window(...), wrapWidth=1.65)
21.4483 	EXP 	Created text = TextStim(__class__=<class 'psychopy.visual.text.TextStim'>, alignHoriz=method-wrapper(...), alignText='center', alignVert=method-wrapper(...), anchorHoriz='center', anchorVert='center', antialias=True, autoLog=True, bold=False, color=array([1., 1., 1.]), colorSpace='rgb', contrast=1.0, depth=0.0, flipHoriz=False, flipVert=False, font='Arial', fontFiles=[], height=0.07, italic=False, languageStyle='LTR', name='text', opacity=1, ori=0, pos=array([0., 0.]), rgb=UNKNOWN, text=str(...), units='norm', win=Window(...), wrapWidth=1.65)
21.4592 	EXP 	Created text = TextStim(__class__=<class 'psychopy.visual.text.TextStim'>, alignHoriz=method-wrapper(...), alignText='center', alignVert=method-wrapper(...), anchorHoriz='center', anchorVert='center', antialias=True, autoLog=True, bold=False, color=array([1., 1., 1.]), colorSpace='rgb', contrast=1.0, depth=0.0, flipHoriz=False, flipVert=False, font='Arial', fontFiles=[], height=0.07, italic=False, languageStyle='LTR', name='text', opacity=1, ori=0, pos=array([0., 0.]), rgb=UNKNOWN, text=str(...), units='norm', win=Window(...), wrapWidth=1.65)
21.4653 	EXP 	Created text = TextStim(__class__=<class 'psychopy.visual.text.TextStim'>, alignHoriz=method-wrapper(...), alignText='center', alignVert=method-wrapper(...), anchorHoriz='center', anchorVert='center', antialias=True, autoLog=True, bold=False, color=array([1., 1., 1.]), colorSpace='rgb', contrast=1.0, depth=0.0, flipHoriz=False, flipVert=False, font='Arial', fontFiles=[], height=0.07, italic=False, languageStyle='LTR', name='text', opacity=1, ori=0, pos=array([0., 0.]), rgb=UNKNOWN, text=str(...), units='norm', win=Window(...), wrapWidth=1.65)
21.4795 	EXP 	Created text = TextStim(__class__=<class 'psychopy.visual.text.TextStim'>, alignHoriz=method-wrapper(...), alignText='center', alignVert=method-wrapper(...), anchorHoriz='center', anchorVert='center', antialias=True, autoLog=True, bold=False, color=array([1., 1., 1.]), colorSpace='rgb', contrast=1.0, depth=0.0, flipHoriz=False, flipVert=False, font='Arial', fontFiles=[], height=0.15, italic=False, languageStyle='LTR', name='text', opacity=1, ori=0, pos=array([0., 0.]), rgb=UNKNOWN, text=str(...), units='norm', win=Window(...), wrapWidth=1.65)
21.5081 	EXP 	Created text = TextStim(__class__=<class 'psychopy.visual.text.TextStim'>, alignHoriz=method-wrapper(...), alignText='center', alignVert=method-wrapper(...), anchorHoriz='center', anchorVert='center', antialias=True, autoLog=True, bold=False, color=array([1., 1., 1.]), colorSpace='rgb', contrast=1.0, depth=0.0, flipHoriz=False, flipVert=False, font='Arial', fontFiles=[], height=0.07, italic=False, languageStyle='LTR', name='text', opacity=1, ori=0, pos=array([0., 0.]), rgb=UNKNOWN, text=str(...), units='norm', win=Window(...), wrapWidth=1.65)
21.5288 	EXP 	Created text = TextStim(__class__=<class 'psychopy.visual.text.TextStim'>, alignHoriz=method-wrapper(...), alignText='center', alignVert=method-wrapper(...), anchorHoriz='center', anchorVert='center', antialias=True, autoLog=True, bold=False, color=array([1., 1., 1.]), colorSpace='rgb', contrast=1.0, depth=0.0, flipHoriz=False, flipVert=False, font='Arial', fontFiles=[], height=0.07, italic=False, languageStyle='LTR', name='text', opacity=1, ori=0, pos=array([0., 0.]), rgb=UNKNOWN, text=str(...), units='norm', win=Window(...), wrapWidth=1.65)
21.5581 	EXP 	Created text = TextStim(__class__=<class 'psychopy.visual.text.TextStim'>, alignHoriz=method-wrapper(...), alignText='center', alignVert=method-wrapper(...), anchorHoriz='center', anchorVert='center', antialias=True, autoLog=True, bold=False, color=array([1., 1., 1.]), colorSpace='rgb', contrast=1.0, depth=0.0, flipHoriz=False, flipVert=False, font='Arial', fontFiles=[], height=0.07, italic=False, languageStyle='LTR', name='text', opacity=1, ori=0, pos=array([0., 0.]), rgb=UNKNOWN, text=str(...), units='norm', win=Window(...), wrapWidth=1.65)
21.5814 	EXP 	Created text = TextStim(__class__=<class 'psychopy.visual.text.TextStim'>, alignHoriz=method-wrapper(...), alignText='center', alignVert=method-wrapper(...), anchorHoriz='center', anchorVert='center', antialias=True, autoLog=True, bold=False, color=array([1., 1., 1.]), colorSpace='rgb', contrast=1.0, depth=0.0, flipHoriz=False, flipVert=False, font='Arial', fontFiles=[], height=0.07, italic=False, languageStyle='LTR', name='text', opacity=1, ori=0, pos=array([0., 0.]), rgb=UNKNOWN, text=str(...), units='norm', win=Window(...), wrapWidth=1.65)
21.6104 	EXP 	Created text = TextStim(__class__=<class 'psychopy.visual.text.TextStim'>, alignHoriz=method-wrapper(...), alignText='center', alignVert=method-wrapper(...), anchorHoriz='center', anchorVert='center', antialias=True, autoLog=True, bold=False, color=array([1., 1., 1.]), colorSpace='rgb', contrast=1.0, depth=0.0, flipHoriz=False, flipVert=False, font='Arial', fontFiles=[], height=0.07, italic=False, languageStyle='LTR', name='text', opacity=1, ori=0, pos=array([0., 0.]), rgb=UNKNOWN, text=str(...), units='norm', win=Window(...), wrapWidth=1.65)
21.6208 	EXP 	Created text = TextStim(__class__=<class 'psychopy.visual.text.TextStim'>, alignHoriz=method-wrapper(...), alignText='center', alignVert=method-wrapper(...), anchorHoriz='center', anchorVert='center', antialias=True, autoLog=True, bold=False, color=array([1., 1., 1.]), colorSpace='rgb', contrast=1.0, depth=0.0, flipHoriz=False, flipVert=False, font='Arial', fontFiles=[], height=0.07, italic=False, languageStyle='LTR', name='text', opacity=1, ori=0, pos=array([0., 0.]), rgb=UNKNOWN, text=str(...), units='norm', win=Window(...), wrapWidth=1.65)
21.6331 	EXP 	Created text = TextStim(__class__=<class 'psychopy.visual.text.TextStim'>, alignHoriz=method-wrapper(...), alignText='center', alignVert=method-wrapper(...), anchorHoriz='center', anchorVert='center', antialias=True, autoLog=True, bold=False, color=array([1., 1., 1.]), colorSpace='rgb', contrast=1.0, depth=0.0, flipHoriz=False, flipVert=False, font='Arial', fontFiles=[], height=0.07, italic=False, languageStyle='LTR', name='text', opacity=1, ori=0, pos=array([0., 0.]), rgb=UNKNOWN, text=str(...), units='norm', win=Window(...), wrapWidth=1.65)
21.6376 	EXP 	Created instru = TextStim(__class__=<class 'psychopy.visual.text.TextStim'>, alignHoriz=method-wrapper(...), alignText='center', alignVert=method-wrapper(...), anchorHoriz='center', anchorVert='center', antialias=True, autoLog=True, bold=False, color=array([1., 1., 1.]), colorSpace='rgb', contrast=1.0, depth=0.0, flipHoriz=False, flipVert=False, font='Arial', fontFiles=[], height=0.07, italic=False, languageStyle='LTR', name='instru', opacity=1, ori=0, pos=array([0. , 0.5]), rgb=UNKNOWN, text=str(...), units='norm', win=Window(...), wrapWidth=1)
21.6401 	EXP 	Created unnamed Line = Line(__class__=<class 'psychopy.visual.line.Line'>, autoDraw=False, autoLog=True, closeShape=False, color=array([1., 1., 1.]), colorSpace='rgb', contrast=None, depth=0, fillColor=array([0, 0, 0]), fillColorSpace='rgb', fillRGB=array([0, 0, 0]), interpolate=True, lineColor=array([1., 1., 1.]), lineColorSpace='rgb', lineRGB=array([1, 1, 1]), lineWidth=5, name='unnamed Line', opacity=0.5, ori=0.0, pos=array([0., 0.]), size=array([1., 1.]), units='norm', vertices=array([[-0.5,  0. ],
       [ 0.5,  0. ]]), win=Window(...), windingRule=None)
21.6421 	EXP 	Created unnamed Line = Line(__class__=<class 'psychopy.visual.line.Line'>, autoDraw=False, autoLog=True, closeShape=False, color=array([1., 1., 1.]), colorSpace='rgb', contrast=None, depth=0, fillColor=array([0, 0, 0]), fillColorSpace='rgb', fillRGB=array([0, 0, 0]), interpolate=True, lineColor=array([1., 1., 1.]), lineColorSpace='rgb', lineRGB=array([1, 1, 1]), lineWidth=3, name='unnamed Line', opacity=0.5, ori=0.0, pos=array([0., 0.]), size=array([1., 1.]), units='norm', vertices=array([[-0.5 , -0.05],
       [-0.5 ,  0.05]]), win=Window(...), windingRule=None)
21.6441 	EXP 	Created unnamed Line = Line(__class__=<class 'psychopy.visual.line.Line'>, autoDraw=False, autoLog=True, closeShape=False, color=array([1., 1., 1.]), colorSpace='rgb', contrast=None, depth=0, fillColor=array([0, 0, 0]), fillColorSpace='rgb', fillRGB=array([0, 0, 0]), interpolate=True, lineColor=array([1., 1., 1.]), lineColorSpace='rgb', lineRGB=array([1, 1, 1]), lineWidth=3, name='unnamed Line', opacity=0.5, ori=0.0, pos=array([0., 0.]), size=array([1., 1.]), units='norm', vertices=ndarray(...), win=Window(...), windingRule=None)
21.6461 	EXP 	Created unnamed Line = Line(__class__=<class 'psychopy.visual.line.Line'>, autoDraw=False, autoLog=True, closeShape=False, color=array([1., 1., 1.]), colorSpace='rgb', contrast=None, depth=0, fillColor=array([0, 0, 0]), fillColorSpace='rgb', fillRGB=array([0, 0, 0]), interpolate=True, lineColor=array([1., 1., 1.]), lineColorSpace='rgb', lineRGB=array([1, 1, 1]), lineWidth=3, name='unnamed Line', opacity=0.5, ori=0.0, pos=array([0., 0.]), size=array([1., 1.]), units='norm', vertices=ndarray(...), win=Window(...), windingRule=None)
21.6481 	EXP 	Created unnamed Line = Line(__class__=<class 'psychopy.visual.line.Line'>, autoDraw=False, autoLog=True, closeShape=False, color=array([1., 1., 1.]), colorSpace='rgb', contrast=None, depth=0, fillColor=array([0, 0, 0]), fillColorSpace='rgb', fillRGB=array([0, 0, 0]), interpolate=True, lineColor=array([1., 1., 1.]), lineColorSpace='rgb', lineRGB=array([1, 1, 1]), lineWidth=3, name='unnamed Line', opacity=0.5, ori=0.0, pos=array([0., 0.]), size=array([1., 1.]), units='norm', vertices=array([[ 0.5 , -0.05],
       [ 0.5 ,  0.05]]), win=Window(...), windingRule=None)
21.6610 	EXP 	Created unnamed TextStim = TextStim(__class__=<class 'psychopy.visual.text.TextStim'>, alignHoriz=method-wrapper(...), alignText='center', alignVert=method-wrapper(...), anchorHoriz='center', anchorVert='center', antialias=True, autoLog=True, bold=False, color=array([1., 1., 1.]), colorSpace='rgb', contrast=1.0, depth=0, flipHoriz=False, flipVert=False, font='', fontFiles=[], height=0.05, italic=False, languageStyle='LTR', name='unnamed TextStim', opacity=1.0, ori=0.0, pos=array([-0.5, -0.1]), rgb=UNKNOWN, text='Helt klart \n IKKE FOKUSERT', units='norm', win=Window(...), wrapWidth=1)
21.6620 	EXP 	Created unnamed TextStim = TextStim(__class__=<class 'psychopy.visual.text.TextStim'>, alignHoriz=method-wrapper(...), alignText='center', alignVert=method-wrapper(...), anchorHoriz='center', anchorVert='center', antialias=True, autoLog=True, bold=False, color=array([1., 1., 1.]), colorSpace='rgb', contrast=1.0, depth=0, flipHoriz=False, flipVert=False, font='', fontFiles=[], height=0.05, italic=False, languageStyle='LTR', name='unnamed TextStim', opacity=1.0, ori=0.0, pos=array([-0.16666667, -0.1       ]), rgb=UNKNOWN, text='', units='norm', win=Window(...), wrapWidth=1)
21.6631 	EXP 	Created unnamed TextStim = TextStim(__class__=<class 'psychopy.visual.text.TextStim'>, alignHoriz=method-wrapper(...), alignText='center', alignVert=method-wrapper(...), anchorHoriz='center', anchorVert='center', antialias=True, autoLog=True, bold=False, color=array([1., 1., 1.]), colorSpace='rgb', contrast=1.0, depth=0, flipHoriz=False, flipVert=False, font='', fontFiles=[], height=0.05, italic=False, languageStyle='LTR', name='unnamed TextStim', opacity=1.0, ori=0.0, pos=array([ 0.16666667, -0.1       ]), rgb=UNKNOWN, text='', units='norm', win=Window(...), wrapWidth=1)
21.6665 	EXP 	Created unnamed TextStim = TextStim(__class__=<class 'psychopy.visual.text.TextStim'>, alignHoriz=method-wrapper(...), alignText='center', alignVert=method-wrapper(...), anchorHoriz='center', anchorVert='center', antialias=True, autoLog=True, bold=False, color=array([1., 1., 1.]), colorSpace='rgb', contrast=1.0, depth=0, flipHoriz=False, flipVert=False, font='', fontFiles=[], height=0.05, italic=False, languageStyle='LTR', name='unnamed TextStim', opacity=1.0, ori=0.0, pos=array([ 0.5, -0.1]), rgb=UNKNOWN, text='Helt klart \n FOKUSERT', units='norm', win=Window(...), wrapWidth=1)
21.6685 	EXP 	Created unnamed ShapeStim = ShapeStim(__class__=<class 'psychopy.visual.shape.ShapeStim'>, autoDraw=False, autoLog=True, closeShape=True, color=method-wrapper(...), colorSpace='rgb', contrast=None, depth=0, fillColor=array([1, 1, 1]), fillColorSpace='rgb', fillRGB=array([1, 1, 1]), interpolate=True, lineColor=array([-1., -1., -1.]), lineColorSpace='rgb', lineRGB=array([-1, -1, -1]), lineWidth=1.5, name='unnamed ShapeStim', opacity=1.0, ori=0.0, pos=array([0., 0.]), size=array([1., 1.]), units='norm', vertices=ndarray(...), win=Window(...), windingRule=None)
21.6765 	EXP 	Created instru = TextStim(__class__=<class 'psychopy.visual.text.TextStim'>, alignHoriz=method-wrapper(...), alignText='center', alignVert=method-wrapper(...), anchorHoriz='center', anchorVert='center', antialias=True, autoLog=True, bold=False, color=array([1., 1., 1.]), colorSpace='rgb', contrast=1.0, depth=0.0, flipHoriz=False, flipVert=False, font='Arial', fontFiles=[], height=0.07, italic=False, languageStyle='LTR', name='instru', opacity=1, ori=0, pos=array([0. , 0.5]), rgb=UNKNOWN, text=str(...), units='norm', win=Window(...), wrapWidth=1)
21.6786 	EXP 	Created unnamed Line = Line(__class__=<class 'psychopy.visual.line.Line'>, autoDraw=False, autoLog=True, closeShape=False, color=array([1., 1., 1.]), colorSpace='rgb', contrast=None, depth=0, fillColor=array([0, 0, 0]), fillColorSpace='rgb', fillRGB=array([0, 0, 0]), interpolate=True, lineColor=array([1., 1., 1.]), lineColorSpace='rgb', lineRGB=array([1, 1, 1]), lineWidth=5, name='unnamed Line', opacity=0.5, ori=0.0, pos=array([0., 0.]), size=array([1., 1.]), units='norm', vertices=array([[-0.5,  0. ],
       [ 0.5,  0. ]]), win=Window(...), windingRule=None)
21.6806 	EXP 	Created unnamed Line = Line(__class__=<class 'psychopy.visual.line.Line'>, autoDraw=False, autoLog=True, closeShape=False, color=array([1., 1., 1.]), colorSpace='rgb', contrast=None, depth=0, fillColor=array([0, 0, 0]), fillColorSpace='rgb', fillRGB=array([0, 0, 0]), interpolate=True, lineColor=array([1., 1., 1.]), lineColorSpace='rgb', lineRGB=array([1, 1, 1]), lineWidth=3, name='unnamed Line', opacity=0.5, ori=0.0, pos=array([0., 0.]), size=array([1., 1.]), units='norm', vertices=array([[-0.5 , -0.05],
       [-0.5 ,  0.05]]), win=Window(...), windingRule=None)
21.6826 	EXP 	Created unnamed Line = Line(__class__=<class 'psychopy.visual.line.Line'>, autoDraw=False, autoLog=True, closeShape=False, color=array([1., 1., 1.]), colorSpace='rgb', contrast=None, depth=0, fillColor=array([0, 0, 0]), fillColorSpace='rgb', fillRGB=array([0, 0, 0]), interpolate=True, lineColor=array([1., 1., 1.]), lineColorSpace='rgb', lineRGB=array([1, 1, 1]), lineWidth=3, name='unnamed Line', opacity=0.5, ori=0.0, pos=array([0., 0.]), size=array([1., 1.]), units='norm', vertices=ndarray(...), win=Window(...), windingRule=None)
21.6847 	EXP 	Created unnamed Line = Line(__class__=<class 'psychopy.visual.line.Line'>, autoDraw=False, autoLog=True, closeShape=False, color=array([1., 1., 1.]), colorSpace='rgb', contrast=None, depth=0, fillColor=array([0, 0, 0]), fillColorSpace='rgb', fillRGB=array([0, 0, 0]), interpolate=True, lineColor=array([1., 1., 1.]), lineColorSpace='rgb', lineRGB=array([1, 1, 1]), lineWidth=3, name='unnamed Line', opacity=0.5, ori=0.0, pos=array([0., 0.]), size=array([1., 1.]), units='norm', vertices=ndarray(...), win=Window(...), windingRule=None)
21.6867 	EXP 	Created unnamed Line = Line(__class__=<class 'psychopy.visual.line.Line'>, autoDraw=False, autoLog=True, closeShape=False, color=array([1., 1., 1.]), colorSpace='rgb', contrast=None, depth=0, fillColor=array([0, 0, 0]), fillColorSpace='rgb', fillRGB=array([0, 0, 0]), interpolate=True, lineColor=array([1., 1., 1.]), lineColorSpace='rgb', lineRGB=array([1, 1, 1]), lineWidth=3, name='unnamed Line', opacity=0.5, ori=0.0, pos=array([0., 0.]), size=array([1., 1.]), units='norm', vertices=array([[ 0.5 , -0.05],
       [ 0.5 ,  0.05]]), win=Window(...), windingRule=None)
21.6920 	EXP 	Created unnamed TextStim = TextStim(__class__=<class 'psychopy.visual.text.TextStim'>, alignHoriz=method-wrapper(...), alignText='center', alignVert=method-wrapper(...), anchorHoriz='center', anchorVert='center', antialias=True, autoLog=True, bold=False, color=array([1., 1., 1.]), colorSpace='rgb', contrast=1.0, depth=0, flipHoriz=False, flipVert=False, font='', fontFiles=[], height=0.05, italic=False, languageStyle='LTR', name='unnamed TextStim', opacity=1.0, ori=0.0, pos=array([-0.5, -0.1]), rgb=UNKNOWN, text='Helt klart \n INGENTING', units='norm', win=Window(...), wrapWidth=1)
21.6931 	EXP 	Created unnamed TextStim = TextStim(__class__=<class 'psychopy.visual.text.TextStim'>, alignHoriz=method-wrapper(...), alignText='center', alignVert=method-wrapper(...), anchorHoriz='center', anchorVert='center', antialias=True, autoLog=True, bold=False, color=array([1., 1., 1.]), colorSpace='rgb', contrast=1.0, depth=0, flipHoriz=False, flipVert=False, font='', fontFiles=[], height=0.05, italic=False, languageStyle='LTR', name='unnamed TextStim', opacity=1.0, ori=0.0, pos=array([-0.16666667, -0.1       ]), rgb=UNKNOWN, text='', units='norm', win=Window(...), wrapWidth=1)
21.6942 	EXP 	Created unnamed TextStim = TextStim(__class__=<class 'psychopy.visual.text.TextStim'>, alignHoriz=method-wrapper(...), alignText='center', alignVert=method-wrapper(...), anchorHoriz='center', anchorVert='center', antialias=True, autoLog=True, bold=False, color=array([1., 1., 1.]), colorSpace='rgb', contrast=1.0, depth=0, flipHoriz=False, flipVert=False, font='', fontFiles=[], height=0.05, italic=False, languageStyle='LTR', name='unnamed TextStim', opacity=1.0, ori=0.0, pos=array([ 0.16666667, -0.1       ]), rgb=UNKNOWN, text='', units='norm', win=Window(...), wrapWidth=1)
21.6974 	EXP 	Created unnamed TextStim = TextStim(__class__=<class 'psychopy.visual.text.TextStim'>, alignHoriz=method-wrapper(...), alignText='center', alignVert=method-wrapper(...), anchorHoriz='center', anchorVert='center', antialias=True, autoLog=True, bold=False, color=array([1., 1., 1.]), colorSpace='rgb', contrast=1.0, depth=0, flipHoriz=False, flipVert=False, font='', fontFiles=[], height=0.05, italic=False, languageStyle='LTR', name='unnamed TextStim', opacity=1.0, ori=0.0, pos=array([ 0.5, -0.1]), rgb=UNKNOWN, text='Helt klart \n NOE', units='norm', win=Window(...), wrapWidth=1)
21.6993 	EXP 	Created unnamed ShapeStim = ShapeStim(__class__=<class 'psychopy.visual.shape.ShapeStim'>, autoDraw=False, autoLog=True, closeShape=True, color=method-wrapper(...), colorSpace='rgb', contrast=None, depth=0, fillColor=array([1, 1, 1]), fillColorSpace='rgb', fillRGB=array([1, 1, 1]), interpolate=True, lineColor=array([-1., -1., -1.]), lineColorSpace='rgb', lineRGB=array([-1, -1, -1]), lineWidth=1.5, name='unnamed ShapeStim', opacity=1.0, ori=0.0, pos=array([0., 0.]), size=array([1., 1.]), units='norm', vertices=ndarray(...), win=Window(...), windingRule=None)
21.7070 	EXP 	Created instru = TextStim(__class__=<class 'psychopy.visual.text.TextStim'>, alignHoriz=method-wrapper(...), alignText='center', alignVert=method-wrapper(...), anchorHoriz='center', anchorVert='center', antialias=True, autoLog=True, bold=False, color=array([1., 1., 1.]), colorSpace='rgb', contrast=1.0, depth=0.0, flipHoriz=False, flipVert=False, font='Arial', fontFiles=[], height=0.07, italic=False, languageStyle='LTR', name='instru', opacity=1, ori=0, pos=array([0. , 0.5]), rgb=UNKNOWN, text=str(...), units='norm', win=Window(...), wrapWidth=1)
21.7092 	EXP 	Created unnamed Line = Line(__class__=<class 'psychopy.visual.line.Line'>, autoDraw=False, autoLog=True, closeShape=False, color=array([1., 1., 1.]), colorSpace='rgb', contrast=None, depth=0, fillColor=array([0, 0, 0]), fillColorSpace='rgb', fillRGB=array([0, 0, 0]), interpolate=True, lineColor=array([1., 1., 1.]), lineColorSpace='rgb', lineRGB=array([1, 1, 1]), lineWidth=5, name='unnamed Line', opacity=0.5, ori=0.0, pos=array([0., 0.]), size=array([1., 1.]), units='norm', vertices=array([[-0.5,  0. ],
       [ 0.5,  0. ]]), win=Window(...), windingRule=None)
21.7113 	EXP 	Created unnamed Line = Line(__class__=<class 'psychopy.visual.line.Line'>, autoDraw=False, autoLog=True, closeShape=False, color=array([1., 1., 1.]), colorSpace='rgb', contrast=None, depth=0, fillColor=array([0, 0, 0]), fillColorSpace='rgb', fillRGB=array([0, 0, 0]), interpolate=True, lineColor=array([1., 1., 1.]), lineColorSpace='rgb', lineRGB=array([1, 1, 1]), lineWidth=3, name='unnamed Line', opacity=0.5, ori=0.0, pos=array([0., 0.]), size=array([1., 1.]), units='norm', vertices=array([[-0.5 , -0.05],
       [-0.5 ,  0.05]]), win=Window(...), windingRule=None)
21.7133 	EXP 	Created unnamed Line = Line(__class__=<class 'psychopy.visual.line.Line'>, autoDraw=False, autoLog=True, closeShape=False, color=array([1., 1., 1.]), colorSpace='rgb', contrast=None, depth=0, fillColor=array([0, 0, 0]), fillColorSpace='rgb', fillRGB=array([0, 0, 0]), interpolate=True, lineColor=array([1., 1., 1.]), lineColorSpace='rgb', lineRGB=array([1, 1, 1]), lineWidth=3, name='unnamed Line', opacity=0.5, ori=0.0, pos=array([0., 0.]), size=array([1., 1.]), units='norm', vertices=ndarray(...), win=Window(...), windingRule=None)
21.7154 	EXP 	Created unnamed Line = Line(__class__=<class 'psychopy.visual.line.Line'>, autoDraw=False, autoLog=True, closeShape=False, color=array([1., 1., 1.]), colorSpace='rgb', contrast=None, depth=0, fillColor=array([0, 0, 0]), fillColorSpace='rgb', fillRGB=array([0, 0, 0]), interpolate=True, lineColor=array([1., 1., 1.]), lineColorSpace='rgb', lineRGB=array([1, 1, 1]), lineWidth=3, name='unnamed Line', opacity=0.5, ori=0.0, pos=array([0., 0.]), size=array([1., 1.]), units='norm', vertices=ndarray(...), win=Window(...), windingRule=None)
21.7174 	EXP 	Created unnamed Line = Line(__class__=<class 'psychopy.visual.line.Line'>, autoDraw=False, autoLog=True, closeShape=False, color=array([1., 1., 1.]), colorSpace='rgb', contrast=None, depth=0, fillColor=array([0, 0, 0]), fillColorSpace='rgb', fillRGB=array([0, 0, 0]), interpolate=True, lineColor=array([1., 1., 1.]), lineColorSpace='rgb', lineRGB=array([1, 1, 1]), lineWidth=3, name='unnamed Line', opacity=0.5, ori=0.0, pos=array([0., 0.]), size=array([1., 1.]), units='norm', vertices=array([[ 0.5 , -0.05],
       [ 0.5 ,  0.05]]), win=Window(...), windingRule=None)
21.7224 	EXP 	Created unnamed TextStim = TextStim(__class__=<class 'psychopy.visual.text.TextStim'>, alignHoriz=method-wrapper(...), alignText='center', alignVert=method-wrapper(...), anchorHoriz='center', anchorVert='center', antialias=True, autoLog=True, bold=False, color=array([1., 1., 1.]), colorSpace='rgb', contrast=1.0, depth=0, flipHoriz=False, flipVert=False, font='', fontFiles=[], height=0.05, italic=False, languageStyle='LTR', name='unnamed TextStim', opacity=1.0, ori=0.0, pos=array([-0.5, -0.1]), rgb=UNKNOWN, text='Helt klart \n SPONTAN', units='norm', win=Window(...), wrapWidth=1)
21.7235 	EXP 	Created unnamed TextStim = TextStim(__class__=<class 'psychopy.visual.text.TextStim'>, alignHoriz=method-wrapper(...), alignText='center', alignVert=method-wrapper(...), anchorHoriz='center', anchorVert='center', antialias=True, autoLog=True, bold=False, color=array([1., 1., 1.]), colorSpace='rgb', contrast=1.0, depth=0, flipHoriz=False, flipVert=False, font='', fontFiles=[], height=0.05, italic=False, languageStyle='LTR', name='unnamed TextStim', opacity=1.0, ori=0.0, pos=array([-0.16666667, -0.1       ]), rgb=UNKNOWN, text='', units='norm', win=Window(...), wrapWidth=1)
21.7246 	EXP 	Created unnamed TextStim = TextStim(__class__=<class 'psychopy.visual.text.TextStim'>, alignHoriz=method-wrapper(...), alignText='center', alignVert=method-wrapper(...), anchorHoriz='center', anchorVert='center', antialias=True, autoLog=True, bold=False, color=array([1., 1., 1.]), colorSpace='rgb', contrast=1.0, depth=0, flipHoriz=False, flipVert=False, font='', fontFiles=[], height=0.05, italic=False, languageStyle='LTR', name='unnamed TextStim', opacity=1.0, ori=0.0, pos=array([ 0.16666667, -0.1       ]), rgb=UNKNOWN, text='', units='norm', win=Window(...), wrapWidth=1)
21.7292 	EXP 	Created unnamed TextStim = TextStim(__class__=<class 'psychopy.visual.text.TextStim'>, alignHoriz=method-wrapper(...), alignText='center', alignVert=method-wrapper(...), anchorHoriz='center', anchorVert='center', antialias=True, autoLog=True, bold=False, color=array([1., 1., 1.]), colorSpace='rgb', contrast=1.0, depth=0, flipHoriz=False, flipVert=False, font='', fontFiles=[], height=0.05, italic=False, languageStyle='LTR', name='unnamed TextStim', opacity=1.0, ori=0.0, pos=array([ 0.5, -0.1]), rgb=UNKNOWN, text='Helt klart \n BEVISST', units='norm', win=Window(...), wrapWidth=1)
21.7311 	EXP 	Created unnamed ShapeStim = ShapeStim(__class__=<class 'psychopy.visual.shape.ShapeStim'>, autoDraw=False, autoLog=True, closeShape=True, color=method-wrapper(...), colorSpace='rgb', contrast=None, depth=0, fillColor=array([1, 1, 1]), fillColorSpace='rgb', fillRGB=array([1, 1, 1]), interpolate=True, lineColor=array([-1., -1., -1.]), lineColorSpace='rgb', lineRGB=array([-1, -1, -1]), lineWidth=1.5, name='unnamed ShapeStim', opacity=1.0, ori=0.0, pos=array([0., 0.]), size=array([1., 1.]), units='norm', vertices=ndarray(...), win=Window(...), windingRule=None)
21.7792 	EXP 	Sound  set volume 1.000
21.8099 	EXP 	unnamed ShapeStim: vertices = <class 'numpy.ndarray'>
21.8099 	EXP 	unnamed ShapeStim: vertices = <class 'numpy.ndarray'>
21.8099 	EXP 	unnamed ShapeStim: vertices = <class 'numpy.ndarray'>
55.7996 	DATA 	Keypress: space
56.3135 	EXP 	Sound  started
56.5355 	DATA 	Keypress: rctrl
56.8875 	DATA 	Keypress: rctrl
57.0635 	EXP 	Sound  started
57.7515 	DATA 	Keypress: rctrl
57.8135 	EXP 	Sound  started
58.5515 	DATA 	Keypress: lctrl
58.5636 	EXP 	Sound  started
59.3035 	DATA 	Keypress: lctrl
59.3136 	EXP 	Sound  started
60.0636 	EXP 	Sound  started
60.0715 	DATA 	Keypress: rctrl
60.8075 	DATA 	Keypress: lctrl
60.8136 	EXP 	Sound  started
61.5636 	EXP 	Sound  started
61.5755 	DATA 	Keypress: lctrl
62.3136 	EXP 	Sound  started
62.3275 	DATA 	Keypress: rctrl
63.0636 	EXP 	Sound  started
63.1275 	DATA 	Keypress: lctrl
63.8137 	EXP 	Sound  started
63.8155 	DATA 	Keypress: rctrl
64.5637 	EXP 	Sound  started
64.5835 	DATA 	Keypress: lctrl
65.3137 	EXP 	Sound  started
65.3196 	DATA 	Keypress: lctrl
66.0395 	DATA 	Keypress: rctrl
66.0637 	EXP 	Sound  started
66.8075 	DATA 	Keypress: lctrl
66.8137 	EXP 	Sound  started
67.5435 	DATA 	Keypress: rctrl
67.5637 	EXP 	Sound  started
68.2795 	DATA 	Keypress: lctrl
68.3138 	EXP 	Sound  started
69.0155 	DATA 	Keypress: rctrl
69.0638 	EXP 	Sound  started
69.8138 	EXP 	Sound  started
69.8315 	DATA 	Keypress: rctrl
70.5515 	DATA 	Keypress: lctrl
70.5638 	EXP 	Sound  started
71.2555 	DATA 	Keypress: rctrl
71.3138 	EXP 	Sound  started
72.0395 	DATA 	Keypress: rctrl
72.0638 	EXP 	Sound  started
72.8075 	DATA 	Keypress: lctrl
72.8138 	EXP 	Sound  started
73.5435 	DATA 	Keypress: rctrl
73.5639 	EXP 	Sound  started
74.2635 	DATA 	Keypress: lctrl
74.3139 	EXP 	Sound  started
75.0155 	DATA 	Keypress: rctrl
75.0639 	EXP 	Sound  started
75.7036 	DATA 	Keypress: lctrl
75.8139 	EXP 	Sound  started
76.5355 	DATA 	Keypress: rctrl
76.5639 	EXP 	Sound  started
77.3139 	EXP 	Sound  started
77.3355 	DATA 	Keypress: lctrl
78.0555 	DATA 	Keypress: rctrl
78.0639 	EXP 	Sound  started
78.7915 	DATA 	Keypress: lctrl
78.8140 	EXP 	Sound  started
79.5276 	DATA 	Keypress: rctrl
79.5640 	EXP 	Sound  started
80.2636 	DATA 	Keypress: lctrl
80.3140 	EXP 	Sound  started
81.0640 	EXP 	Sound  started
81.0795 	DATA 	Keypress: rctrl
81.8140 	EXP 	Sound  started
81.8635 	DATA 	Keypress: rctrl
82.5640 	EXP 	Sound  started
82.5676 	DATA 	Keypress: lctrl
83.3141 	EXP 	Sound  started
83.3515 	DATA 	Keypress: rctrl
84.0641 	EXP 	Sound  started
84.1037 	DATA 	Keypress: lctrl
84.8075 	DATA 	Keypress: rctrl
84.8141 	EXP 	Sound  started
85.5641 	EXP 	Sound  started
85.5755 	DATA 	Keypress: rctrl
86.3141 	EXP 	Sound  started
86.3435 	DATA 	Keypress: lctrl
87.0635 	DATA 	Keypress: lctrl
87.0641 	EXP 	Sound  started
87.8141 	EXP 	Sound  started
87.8315 	DATA 	Keypress: rctrl
88.5641 	EXP 	Sound  started
88.5674 	DATA 	Keypress: lctrl
89.3142 	EXP 	Sound  started
89.3355 	DATA 	Keypress: rctrl
90.0235 	DATA 	Keypress: lctrl
90.0642 	EXP 	Sound  started
90.8142 	EXP 	Sound  started
90.8235 	DATA 	Keypress: rctrl
91.4956 	DATA 	Keypress: rctrl
91.5642 	EXP 	Sound  started
92.3142 	EXP 	Sound  started
92.3435 	DATA 	Keypress: lctrl
93.0642 	EXP 	Sound  started
93.1435 	DATA 	Keypress: rctrl
93.8142 	EXP 	Sound  started
93.8635 	DATA 	Keypress: lctrl
94.5643 	EXP 	Sound  started
94.5675 	DATA 	Keypress: rctrl
95.3143 	EXP 	Sound  started
95.3355 	DATA 	Keypress: lctrl
96.0720 	DATA 	Keypress: rctrl
96.0961 	EXP 	unnamed TextStim: text = ''
96.0961 	EXP 	unnamed TextStim: text = ''
98.5516 	DATA 	Keypress: 3
98.5810 	EXP 	unnamed ShapeStim: vertices = <class 'numpy.ndarray'>
100.1156 	EXP 	unnamed TextStim: text = ''
100.1156 	EXP 	unnamed TextStim: text = ''
102.4881 	DATA 	Keypress: 4
102.5175 	EXP 	unnamed ShapeStim: vertices = <class 'numpy.ndarray'>
104.0521 	EXP 	unnamed TextStim: text = ''
104.0521 	EXP 	unnamed TextStim: text = ''
110.1406 	DATA 	Keypress: 4
110.1571 	EXP 	unnamed ShapeStim: vertices = <class 'numpy.ndarray'>
112.4426 	EXP 	Sound  started
112.5516 	DATA 	Keypress: lctrl
113.1926 	EXP 	Sound  started
113.2395 	DATA 	Keypress: lctrl
113.9116 	DATA 	Keypress: rctrl
113.9426 	EXP 	Sound  started
114.6636 	DATA 	Keypress: lctrl
114.6926 	EXP 	Sound  started
115.3995 	DATA 	Keypress: rctrl
115.4426 	EXP 	Sound  started
116.1675 	DATA 	Keypress: lctrl
116.1927 	EXP 	Sound  started
116.9427 	EXP 	Sound  started
116.9676 	DATA 	Keypress: rctrl
117.6715 	DATA 	Keypress: rctrl
117.6927 	EXP 	Sound  started
118.4075 	DATA 	Keypress: lctrl
118.4427 	EXP 	Sound  started
119.1595 	DATA 	Keypress: rctrl
119.1927 	EXP 	Sound  started
119.8475 	DATA 	Keypress: lctrl
119.9427 	EXP 	Sound  started
120.6928 	EXP 	Sound  started
120.6956 	DATA 	Keypress: rctrl
121.3676 	DATA 	Keypress: lctrl
121.4428 	EXP 	Sound  started
122.1516 	DATA 	Keypress: rctrl
122.1928 	EXP 	Sound  started
122.8876 	DATA 	Keypress: rctrl
122.9428 	EXP 	Sound  started
123.6555 	DATA 	Keypress: lctrl
123.6928 	EXP 	Sound  started
124.4075 	DATA 	Keypress: rctrl
124.4428 	EXP 	Sound  started
125.1115 	DATA 	Keypress: rctrl
125.1928 	EXP 	Sound  started
125.8955 	DATA 	Keypress: lctrl
125.9429 	EXP 	Sound  started
126.6795 	DATA 	Keypress: rctrl
126.6929 	EXP 	Sound  started
127.3675 	DATA 	Keypress: lctrl
127.4429 	EXP 	Sound  started
128.1036 	DATA 	Keypress: rctrl
128.1929 	EXP 	Sound  started
128.9195 	DATA 	Keypress: lctrl
128.9429 	EXP 	Sound  started
129.6076 	DATA 	Keypress: rctrl
129.6930 	EXP 	Sound  started
130.4076 	DATA 	Keypress: rctrl
130.4430 	EXP 	Sound  started
131.1115 	DATA 	Keypress: lctrl
131.1930 	EXP 	Sound  started
131.9430 	EXP 	Sound  started
131.9435 	DATA 	Keypress: rctrl
132.6155 	DATA 	Keypress: lctrl
132.6930 	EXP 	Sound  started
133.3355 	DATA 	Keypress: rctrl
133.4430 	EXP 	Sound  started
134.1675 	DATA 	Keypress: lctrl
134.1930 	EXP 	Sound  started
134.9195 	DATA 	Keypress: lctrl
134.9430 	EXP 	Sound  started
135.6931 	EXP 	Sound  started
135.7196 	DATA 	Keypress: lctrl
136.4431 	EXP 	Sound  started
136.4555 	DATA 	Keypress: lctrl
137.1915 	DATA 	Keypress: rctrl
137.1931 	EXP 	Sound  started
137.8315 	DATA 	Keypress: rctrl
137.9431 	EXP 	Sound  started
138.5995 	DATA 	Keypress: rctrl
138.6931 	EXP 	Sound  started
139.3675 	DATA 	Keypress: rctrl
139.4431 	EXP 	Sound  started
140.1035 	DATA 	Keypress: lctrl
140.1932 	EXP 	Sound  started
140.8715 	DATA 	Keypress: lctrl
140.9432 	EXP 	Sound  started
141.6235 	DATA 	Keypress: lctrl
141.6932 	EXP 	Sound  started
142.3595 	DATA 	Keypress: rctrl
142.4432 	EXP 	Sound  started
143.1115 	DATA 	Keypress: rctrl
143.1932 	EXP 	Sound  started
143.9432 	EXP 	Sound  started
143.9435 	DATA 	Keypress: lctrl
144.6795 	DATA 	Keypress: lctrl
144.6932 	EXP 	Sound  started
145.4315 	DATA 	Keypress: lctrl
145.4433 	EXP 	Sound  started
146.1675 	DATA 	Keypress: rctrl
146.1933 	EXP 	Sound  started
146.8235 	DATA 	Keypress: rctrl
146.9433 	EXP 	Sound  started
147.6933 	EXP 	Sound  started
147.7195 	DATA 	Keypress: rctrl
148.4235 	DATA 	Keypress: lctrl
148.4433 	EXP 	Sound  started
149.1933 	EXP 	Sound  started
149.2715 	DATA 	Keypress: lctrl
149.9434 	EXP 	Sound  started
149.9595 	DATA 	Keypress: rctrl
150.6636 	DATA 	Keypress: lctrl
150.6934 	EXP 	Sound  started
151.4155 	DATA 	Keypress: rctrl
151.4434 	EXP 	Sound  started
152.1934 	EXP 	Sound  started
152.2155 	DATA 	Keypress: lctrl
152.9035 	DATA 	Keypress: rctrl
152.9434 	EXP 	Sound  started
153.6934 	EXP 	Sound  started
153.7195 	DATA 	Keypress: rctrl
154.4434 	EXP 	Sound  started
154.4715 	DATA 	Keypress: lctrl
155.1915 	DATA 	Keypress: lctrl
155.1935 	EXP 	Sound  started
155.8955 	DATA 	Keypress: rctrl
155.9435 	EXP 	Sound  started
156.6796 	DATA 	Keypress: rctrl
156.6935 	EXP 	Sound  started
157.4316 	DATA 	Keypress: rctrl
157.4435 	EXP 	Sound  started
158.1675 	DATA 	Keypress: rctrl
158.1936 	EXP 	Sound  started
158.9035 	DATA 	Keypress: lctrl
158.9436 	EXP 	Sound  started
159.6715 	DATA 	Keypress: rctrl
159.6936 	EXP 	Sound  started
160.3755 	DATA 	Keypress: lctrl
160.4436 	EXP 	Sound  started
161.1595 	DATA 	Keypress: rctrl
161.1936 	EXP 	Sound  started
161.9435 	DATA 	Keypress: rctrl
161.9437 	EXP 	Sound  started
162.6475 	DATA 	Keypress: lctrl
162.6937 	EXP 	Sound  started
163.4155 	DATA 	Keypress: rctrl
163.4437 	EXP 	Sound  started
164.1937 	EXP 	Sound  started
164.2155 	DATA 	Keypress: lctrl
164.9437 	EXP 	Sound  started
164.9675 	DATA 	Keypress: rctrl
165.6875 	DATA 	Keypress: rctrl
165.6938 	EXP 	Sound  started
166.4395 	DATA 	Keypress: rctrl
166.4438 	EXP 	Sound  started
167.1755 	DATA 	Keypress: lctrl
167.1938 	EXP 	Sound  started
167.9275 	DATA 	Keypress: lctrl
167.9438 	EXP 	Sound  started
168.6635 	DATA 	Keypress: rctrl
168.6938 	EXP 	Sound  started
169.3675 	DATA 	Keypress: lctrl
169.4438 	EXP 	Sound  started
170.1835 	DATA 	Keypress: lctrl
170.1939 	EXP 	Sound  started
170.9439 	EXP 	Sound  started
170.9995 	DATA 	Keypress: rctrl
171.6396 	DATA 	Keypress: lctrl
171.6939 	EXP 	Sound  started
172.3915 	DATA 	Keypress: lctrl
172.4439 	EXP 	Sound  started
173.1939 	EXP 	Sound  started
173.2395 	DATA 	Keypress: rctrl
173.9439 	EXP 	Sound  started
174.0075 	DATA 	Keypress: rctrl
174.6940 	EXP 	Sound  started
174.7115 	DATA 	Keypress: lctrl
175.4440 	EXP 	Sound  started
175.5115 	DATA 	Keypress: lctrl
176.1940 	EXP 	Sound  started
176.2315 	DATA 	Keypress: rctrl
176.9440 	EXP 	Sound  started
176.9675 	DATA 	Keypress: lctrl
177.6715 	DATA 	Keypress: lctrl
177.6940 	EXP 	Sound  started
178.4805 	DATA 	Keypress: rctrl
180.3482 	DATA 	Keypress: 4
180.3647 	EXP 	unnamed ShapeStim: vertices = <class 'numpy.ndarray'>
182.2169 	DATA 	Keypress: 1
182.2334 	EXP 	unnamed ShapeStim: vertices = <class 'numpy.ndarray'>
184.0517 	DATA 	Keypress: 4
184.0682 	EXP 	unnamed ShapeStim: vertices = <class 'numpy.ndarray'>
186.3533 	EXP 	Sound  started
186.5515 	DATA 	Keypress: lctrl
187.1033 	EXP 	Sound  started
187.1275 	DATA 	Keypress: lctrl
187.8315 	DATA 	Keypress: rctrl
187.8534 	EXP 	Sound  started
188.5675 	DATA 	Keypress: rctrl
188.6034 	EXP 	Sound  started
189.3534 	EXP 	Sound  started
189.3675 	DATA 	Keypress: rctrl
190.1034 	EXP 	Sound  started
190.3275 	DATA 	Keypress: rctrl
190.8534 	EXP 	Sound  started
190.8715 	DATA 	Keypress: lctrl
191.5756 	DATA 	Keypress: rctrl
191.6034 	EXP 	Sound  started
192.3435 	DATA 	Keypress: rctrl
192.3534 	EXP 	Sound  started
193.1035 	EXP 	Sound  started
193.1115 	DATA 	Keypress: rctrl
193.8535 	EXP 	Sound  started
193.9115 	DATA 	Keypress: lctrl
194.6035 	EXP 	Sound  started
194.6796 	DATA 	Keypress: rctrl
195.3535 	EXP 	Sound  started
195.3836 	DATA 	Keypress: lctrl
196.1035 	EXP 	Sound  started
196.1675 	DATA 	Keypress: rctrl
196.8535 	EXP 	Sound  started
196.8875 	DATA 	Keypress: rctrl
197.6035 	EXP 	Sound  started
197.6395 	DATA 	Keypress: rctrl
198.3536 	EXP 	Sound  started
198.3595 	DATA 	Keypress: lctrl
199.0955 	DATA 	Keypress: lctrl
199.1036 	EXP 	Sound  started
199.8536 	EXP 	Sound  started
199.8956 	DATA 	Keypress: lctrl
200.6036 	EXP 	Sound  started
200.6156 	DATA 	Keypress: rctrl
201.3356 	DATA 	Keypress: lctrl
201.3536 	EXP 	Sound  started
202.0875 	DATA 	Keypress: rctrl
202.1036 	EXP 	Sound  started
202.8536 	EXP 	Sound  started
202.8875 	DATA 	Keypress: rctrl
203.6037 	EXP 	Sound  started
203.6715 	DATA 	Keypress: rctrl
204.3537 	EXP 	Sound  started
204.3915 	DATA 	Keypress: lctrl
205.1037 	EXP 	Sound  started
205.1435 	DATA 	Keypress: lctrl
205.8537 	EXP 	Sound  started
205.8796 	DATA 	Keypress: rctrl
206.6037 	EXP 	Sound  started
206.6635 	DATA 	Keypress: lctrl
207.3537 	EXP 	Sound  started
207.4155 	DATA 	Keypress: rctrl
208.1038 	EXP 	Sound  started
208.1515 	DATA 	Keypress: rctrl
208.8538 	EXP 	Sound  started
208.8875 	DATA 	Keypress: rctrl
209.6038 	EXP 	Sound  started
209.6235 	DATA 	Keypress: lctrl
210.3538 	EXP 	Sound  started
210.4875 	DATA 	Keypress: lctrl
211.1038 	EXP 	Sound  started
211.3035 	DATA 	Keypress: rctrl
211.8538 	EXP 	Sound  started
211.8795 	DATA 	Keypress: lctrl
212.6038 	EXP 	Sound  started
212.6475 	DATA 	Keypress: rctrl
213.3035 	DATA 	Keypress: lctrl
213.3538 	EXP 	Sound  started
214.1039 	EXP 	Sound  started
214.1195 	DATA 	Keypress: lctrl
214.8395 	DATA 	Keypress: rctrl
214.8539 	EXP 	Sound  started
215.5755 	DATA 	Keypress: rctrl
215.6039 	EXP 	Sound  started
216.3539 	EXP 	Sound  started
216.3595 	DATA 	Keypress: rctrl
217.0475 	DATA 	Keypress: rctrl
217.1039 	EXP 	Sound  started
217.8539 	EXP 	Sound  started
217.8795 	DATA 	Keypress: rctrl
218.5676 	DATA 	Keypress: lctrl
218.6040 	EXP 	Sound  started
219.3515 	DATA 	Keypress: rctrl
219.3540 	EXP 	Sound  started
220.1036 	DATA 	Keypress: lctrl
220.1040 	EXP 	Sound  started
220.8540 	EXP 	Sound  started
220.8555 	DATA 	Keypress: lctrl
221.6040 	EXP 	Sound  started
221.6235 	DATA 	Keypress: lctrl
222.3276 	DATA 	Keypress: rctrl
222.3540 	EXP 	Sound  started
223.0955 	DATA 	Keypress: rctrl
223.1040 	EXP 	Sound  started
223.8315 	DATA 	Keypress: lctrl
223.8541 	EXP 	Sound  started
224.6041 	EXP 	Sound  started
224.6476 	DATA 	Keypress: lctrl
225.3541 	EXP 	Sound  started
225.4315 	DATA 	Keypress: rctrl
226.1035 	DATA 	Keypress: lctrl
226.1041 	EXP 	Sound  started
226.8395 	DATA 	Keypress: rctrl
226.8541 	EXP 	Sound  started
227.5595 	DATA 	Keypress: lctrl
227.6041 	EXP 	Sound  started
228.3115 	DATA 	Keypress: rctrl
228.3541 	EXP 	Sound  started
229.1258 	DATA 	Keypress: lctrl
230.5066 	DATA 	Keypress: 4
230.5230 	EXP 	unnamed ShapeStim: vertices = <class 'numpy.ndarray'>
232.4247 	DATA 	Keypress: 1
232.4412 	EXP 	unnamed ShapeStim: vertices = <class 'numpy.ndarray'>
234.5932 	DATA 	Keypress: 4
234.6097 	EXP 	unnamed ShapeStim: vertices = <class 'numpy.ndarray'>
236.8953 	EXP 	Sound  started
237.0956 	DATA 	Keypress: rctrl
237.6453 	EXP 	Sound  started
237.6716 	DATA 	Keypress: rctrl
238.3915 	DATA 	Keypress: lctrl
238.3953 	EXP 	Sound  started
239.1454 	EXP 	Sound  started
239.1596 	DATA 	Keypress: rctrl
239.8795 	DATA 	Keypress: lctrl
239.8954 	EXP 	Sound  started
240.5836 	DATA 	Keypress: rctrl
240.6454 	EXP 	Sound  started
241.3954 	EXP 	Sound  started
241.4156 	DATA 	Keypress: rctrl
242.1035 	DATA 	Keypress: rctrl
242.1454 	EXP 	Sound  started
242.8555 	DATA 	Keypress: rctrl
242.8954 	EXP 	Sound  started
243.6454 	EXP 	Sound  started
243.7355 	DATA 	Keypress: rctrl
244.3954 	EXP 	Sound  started
244.4075 	DATA 	Keypress: rctrl
245.1115 	DATA 	Keypress: rctrl
245.1455 	EXP 	Sound  started
245.8955 	DATA 	Keypress: rctrl
245.8957 	EXP 	Sound  started
246.5995 	DATA 	Keypress: rctrl
246.6457 	EXP 	Sound  started
247.3515 	DATA 	Keypress: rctrl
247.3957 	EXP 	Sound  started
248.1035 	DATA 	Keypress: lctrl
248.1457 	EXP 	Sound  started
248.8957 	EXP 	Sound  started
248.9036 	DATA 	Keypress: rctrl
249.6235 	DATA 	Keypress: rctrl
249.6457 	EXP 	Sound  started
250.3958 	EXP 	Sound  started
250.4235 	DATA 	Keypress: rctrl
251.1115 	DATA 	Keypress: rctrl
251.1458 	EXP 	Sound  started
251.8958 	EXP 	Sound  started
251.9275 	DATA 	Keypress: rctrl
252.6155 	DATA 	Keypress: rctrl
252.6458 	EXP 	Sound  started
253.3958 	EXP 	Sound  started
253.4155 	DATA 	Keypress: rctrl
254.1355 	DATA 	Keypress: rctrl
254.1458 	EXP 	Sound  started
254.8555 	DATA 	Keypress: rctrl
254.8958 	EXP 	Sound  started
255.5916 	DATA 	Keypress: rctrl
255.6459 	EXP 	Sound  started
256.3275 	DATA 	Keypress: rctrl
256.3959 	EXP 	Sound  started
257.0955 	DATA 	Keypress: lctrl
257.1459 	EXP 	Sound  started
257.8315 	DATA 	Keypress: rctrl
257.8959 	EXP 	Sound  started
258.5675 	DATA 	Keypress: rctrl
258.6459 	EXP 	Sound  started
259.3835 	DATA 	Keypress: lctrl
259.3959 	EXP 	Sound  started
260.0555 	DATA 	Keypress: rctrl
260.1459 	EXP 	Sound  started
260.8075 	DATA 	Keypress: lctrl
260.8960 	EXP 	Sound  started
261.5275 	DATA 	Keypress: rctrl
261.6460 	EXP 	Sound  started
262.2955 	DATA 	Keypress: rctrl
262.3960 	EXP 	Sound  started
262.9835 	DATA 	Keypress: rctrl
263.1460 	EXP 	Sound  started
263.7355 	DATA 	Keypress: lctrl
263.8960 	EXP 	Sound  started
264.4715 	DATA 	Keypress: rctrl
264.6460 	EXP 	Sound  started
265.2235 	DATA 	Keypress: rctrl
265.3960 	EXP 	Sound  started
265.9275 	DATA 	Keypress: rctrl
266.1461 	EXP 	Sound  started
266.7115 	DATA 	Keypress: rctrl
266.8961 	EXP 	Sound  started
267.4635 	DATA 	Keypress: rctrl
267.6461 	EXP 	Sound  started
268.2315 	DATA 	Keypress: rctrl
268.3961 	EXP 	Sound  started
269.0155 	DATA 	Keypress: rctrl
269.1461 	EXP 	Sound  started
269.7194 	DATA 	Keypress: lctrl
269.8961 	EXP 	Sound  started
270.5035 	DATA 	Keypress: rctrl
270.6462 	EXP 	Sound  started
271.2396 	DATA 	Keypress: lctrl
271.3962 	EXP 	Sound  started
271.9435 	DATA 	Keypress: rctrl
272.1462 	EXP 	Sound  started
272.7115 	DATA 	Keypress: lctrl
272.8962 	EXP 	Sound  started
273.4955 	DATA 	Keypress: rctrl
273.6462 	EXP 	Sound  started
274.2155 	DATA 	Keypress: lctrl
274.3962 	EXP 	Sound  started
274.9355 	DATA 	Keypress: rctrl
275.1462 	EXP 	Sound  started
275.7195 	DATA 	Keypress: lctrl
275.8963 	EXP 	Sound  started
276.4555 	DATA 	Keypress: rctrl
276.6463 	EXP 	Sound  started
277.2235 	DATA 	Keypress: lctrl
280.0966 	DATA 	Keypress: 4
280.1132 	EXP 	unnamed ShapeStim: vertices = <class 'numpy.ndarray'>
281.9820 	DATA 	Keypress: 1
281.9985 	EXP 	unnamed ShapeStim: vertices = <class 'numpy.ndarray'>
286.1220 	DATA 	Keypress: 4
286.1515 	EXP 	unnamed ShapeStim: vertices = <class 'numpy.ndarray'>
288.4355 	EXP 	Sound  started
288.4357 	DATA 	Keypress: rctrl
289.1855 	EXP 	Sound  started
289.1915 	DATA 	Keypress: rctrl
289.9355 	EXP 	Sound  started
289.9595 	DATA 	Keypress: lctrl
290.6855 	EXP 	Sound  started
290.6955 	DATA 	Keypress: lctrl
291.4355 	EXP 	Sound  started
291.4475 	DATA 	Keypress: lctrl
292.1855 	EXP 	Sound  started
292.1994 	DATA 	Keypress: rctrl
292.9194 	DATA 	Keypress: rctrl
292.9355 	EXP 	Sound  started
293.6856 	EXP 	Sound  started
293.7195 	DATA 	Keypress: lctrl
294.4356 	EXP 	Sound  started
294.5035 	DATA 	Keypress: rctrl
295.1856 	EXP 	Sound  started
295.2395 	DATA 	Keypress: rctrl
295.9356 	EXP 	Sound  started
295.9755 	DATA 	Keypress: lctrl
296.6795 	DATA 	Keypress: rctrl
296.6856 	EXP 	Sound  started
297.4155 	DATA 	Keypress: lctrl
297.4356 	EXP 	Sound  started
298.1857 	EXP 	Sound  started
298.1996 	DATA 	Keypress: lctrl
298.9357 	EXP 	Sound  started
298.9995 	DATA 	Keypress: rctrl
299.6857 	EXP 	Sound  started
299.6875 	DATA 	Keypress: lctrl
300.3915 	DATA 	Keypress: lctrl
300.4357 	EXP 	Sound  started
301.1275 	DATA 	Keypress: rctrl
301.1857 	EXP 	Sound  started
301.8955 	DATA 	Keypress: lctrl
301.9357 	EXP 	Sound  started
302.6316 	DATA 	Keypress: rctrl
302.6857 	EXP 	Sound  started
303.3995 	DATA 	Keypress: rctrl
303.4358 	EXP 	Sound  started
304.1515 	DATA 	Keypress: lctrl
304.1858 	EXP 	Sound  started
304.9035 	DATA 	Keypress: lctrl
304.9358 	EXP 	Sound  started
305.6714 	DATA 	Keypress: rctrl
305.6858 	EXP 	Sound  started
306.4075 	DATA 	Keypress: rctrl
306.4358 	EXP 	Sound  started
307.1274 	DATA 	Keypress: lctrl
307.1858 	EXP 	Sound  started
307.8635 	DATA 	Keypress: rctrl
307.9358 	EXP 	Sound  started
308.6315 	DATA 	Keypress: lctrl
308.6859 	EXP 	Sound  started
309.3674 	DATA 	Keypress: rctrl
309.4359 	EXP 	Sound  started
310.1196 	DATA 	Keypress: lctrl
310.1859 	EXP 	Sound  started
310.9359 	EXP 	Sound  started
310.9675 	DATA 	Keypress: rctrl
311.6859 	EXP 	Sound  started
311.7035 	DATA 	Keypress: lctrl
312.4236 	DATA 	Keypress: rctrl
312.4359 	EXP 	Sound  started
313.1859 	EXP 	Sound  started
313.2075 	DATA 	Keypress: lctrl
313.9275 	DATA 	Keypress: rctrl
313.9359 	EXP 	Sound  started
314.6635 	DATA 	Keypress: rctrl
314.6860 	EXP 	Sound  started
315.4315 	DATA 	Keypress: rctrl
315.4360 	EXP 	Sound  started
316.1515 	DATA 	Keypress: rctrl
316.1860 	EXP 	Sound  started
316.9196 	DATA 	Keypress: lctrl
316.9360 	EXP 	Sound  started
317.6860 	EXP 	Sound  started
317.7196 	DATA 	Keypress: rctrl
318.4361 	EXP 	Sound  started
318.4395 	DATA 	Keypress: lctrl
319.1275 	DATA 	Keypress: rctrl
319.1861 	EXP 	Sound  started
319.9361 	EXP 	Sound  started
319.9915 	DATA 	Keypress: lctrl
320.6795 	DATA 	Keypress: lctrl
320.6861 	EXP 	Sound  started
321.4361 	EXP 	Sound  started
321.4475 	DATA 	Keypress: lctrl
322.1835 	DATA 	Keypress: lctrl
322.1861 	EXP 	Sound  started
322.9355 	DATA 	Keypress: rctrl
322.9361 	EXP 	Sound  started
323.6861 	EXP 	Sound  started
323.6875 	DATA 	Keypress: lctrl
324.4362 	EXP 	Sound  started
324.4395 	DATA 	Keypress: rctrl
325.1862 	EXP 	Sound  started
325.2235 	DATA 	Keypress: rctrl
325.9362 	EXP 	Sound  started
325.9435 	DATA 	Keypress: rctrl
326.6862 	EXP 	Sound  started
326.7275 	DATA 	Keypress: rctrl
327.4315 	DATA 	Keypress: lctrl
327.4362 	EXP 	Sound  started
328.1676 	DATA 	Keypress: lctrl
328.1862 	EXP 	Sound  started
328.8715 	DATA 	Keypress: rctrl
328.9362 	EXP 	Sound  started
329.6863 	EXP 	Sound  started
329.7195 	DATA 	Keypress: lctrl
330.3916 	DATA 	Keypress: rctrl
330.4363 	EXP 	Sound  started
331.1863 	EXP 	Sound  started
331.1915 	DATA 	Keypress: lctrl
331.9275 	DATA 	Keypress: rctrl
331.9363 	EXP 	Sound  started
332.6315 	DATA 	Keypress: rctrl
332.6863 	EXP 	Sound  started
333.4364 	EXP 	Sound  started
333.4476 	DATA 	Keypress: rctrl
334.1195 	DATA 	Keypress: lctrl
334.1864 	EXP 	Sound  started
334.8875 	DATA 	Keypress: rctrl
334.9364 	EXP 	Sound  started
335.6235 	DATA 	Keypress: lctrl
335.6864 	EXP 	Sound  started
336.3594 	DATA 	Keypress: rctrl
336.4364 	EXP 	Sound  started
337.0795 	DATA 	Keypress: lctrl
337.1864 	EXP 	Sound  started
337.8475 	DATA 	Keypress: rctrl
337.9364 	EXP 	Sound  started
338.5836 	DATA 	Keypress: lctrl
338.6865 	EXP 	Sound  started
339.3515 	DATA 	Keypress: rctrl
339.4365 	EXP 	Sound  started
340.1865 	EXP 	Sound  started
340.2955 	DATA 	Keypress: lctrl
340.9365 	EXP 	Sound  started
340.9515 	DATA 	Keypress: rctrl
341.6556 	DATA 	Keypress: lctrl
343.2151 	DATA 	Keypress: 4
343.2317 	EXP 	unnamed ShapeStim: vertices = <class 'numpy.ndarray'>
345.8344 	DATA 	Keypress: 2
345.8510 	EXP 	unnamed ShapeStim: vertices = <class 'numpy.ndarray'>
347.6559 	DATA 	Keypress: 4
347.6853 	EXP 	unnamed ShapeStim: vertices = <class 'numpy.ndarray'>
349.9703 	EXP 	Sound  started
349.9705 	DATA 	Keypress: lctrl
350.6955 	DATA 	Keypress: rctrl
350.7203 	EXP 	Sound  started
351.4315 	DATA 	Keypress: lctrl
351.4704 	EXP 	Sound  started
352.1675 	DATA 	Keypress: rctrl
352.2204 	EXP 	Sound  started
352.9704 	EXP 	Sound  started
352.9836 	DATA 	Keypress: lctrl
353.6235 	DATA 	Keypress: rctrl
353.7204 	EXP 	Sound  started
354.3755 	DATA 	Keypress: lctrl
354.4704 	EXP 	Sound  started
355.2204 	EXP 	Sound  started
355.2396 	DATA 	Keypress: rctrl
355.9704 	EXP 	Sound  started
355.9756 	DATA 	Keypress: rctrl
356.6955 	DATA 	Keypress: rctrl
356.7205 	EXP 	Sound  started
357.4155 	DATA 	Keypress: lctrl
357.4705 	EXP 	Sound  started
358.1835 	DATA 	Keypress: rctrl
358.2205 	EXP 	Sound  started
358.9356 	DATA 	Keypress: lctrl
358.9705 	EXP 	Sound  started
359.6555 	DATA 	Keypress: rctrl
359.7205 	EXP 	Sound  started
360.3915 	DATA 	Keypress: lctrl
360.4705 	EXP 	Sound  started
361.1755 	DATA 	Keypress: rctrl
361.2206 	EXP 	Sound  started
361.9115 	DATA 	Keypress: rctrl
361.9706 	EXP 	Sound  started
362.6155 	DATA 	Keypress: rctrl
362.7206 	EXP 	Sound  started
363.4155 	DATA 	Keypress: rctrl
363.4706 	EXP 	Sound  started
364.2155 	DATA 	Keypress: rctrl
364.2206 	EXP 	Sound  started
364.9706 	EXP 	Sound  started
364.9835 	DATA 	Keypress: lctrl
365.7196 	DATA 	Keypress: lctrl
365.7206 	EXP 	Sound  started
366.4707 	EXP 	Sound  started
366.4716 	DATA 	Keypress: lctrl
367.1435 	DATA 	Keypress: rctrl
367.2207 	EXP 	Sound  started
367.9707 	EXP 	Sound  started
367.9756 	DATA 	Keypress: rctrl
368.6315 	DATA 	Keypress: lctrl
368.7207 	EXP 	Sound  started
369.4635 	DATA 	Keypress: rctrl
369.4707 	EXP 	Sound  started
370.1675 	DATA 	Keypress: rctrl
370.2207 	EXP 	Sound  started
370.9195 	DATA 	Keypress: lctrl
370.9707 	EXP 	Sound  started
371.7195 	DATA 	Keypress: rctrl
371.7208 	EXP 	Sound  started
372.4708 	EXP 	Sound  started
372.4715 	DATA 	Keypress: rctrl
373.1595 	DATA 	Keypress: lctrl
373.2208 	EXP 	Sound  started
373.9275 	DATA 	Keypress: lctrl
373.9708 	EXP 	Sound  started
374.6315 	DATA 	Keypress: lctrl
374.7208 	EXP 	Sound  started
375.4708 	EXP 	Sound  started
375.5115 	DATA 	Keypress: lctrl
376.2154 	DATA 	Keypress: lctrl
376.2208 	EXP 	Sound  started
376.9675 	DATA 	Keypress: lctrl
376.9709 	EXP 	Sound  started
377.6875 	DATA 	Keypress: lctrl
377.7209 	EXP 	Sound  started
378.4555 	DATA 	Keypress: lctrl
378.4709 	EXP 	Sound  started
379.1274 	DATA 	Keypress: lctrl
379.2209 	EXP 	Sound  started
379.9595 	DATA 	Keypress: lctrl
379.9709 	EXP 	Sound  started
380.6955 	DATA 	Keypress: rctrl
380.7209 	EXP 	Sound  started
381.3675 	DATA 	Keypress: lctrl
381.4710 	EXP 	Sound  started
382.0875 	DATA 	Keypress: rctrl
382.2210 	EXP 	Sound  started
382.8715 	DATA 	Keypress: rctrl
382.9710 	EXP 	Sound  started
383.6075 	DATA 	Keypress: lctrl
383.7210 	EXP 	Sound  started
384.3435 	DATA 	Keypress: lctrl
384.4710 	EXP 	Sound  started
385.1115 	DATA 	Keypress: lctrl
385.2210 	EXP 	Sound  started
385.7355 	DATA 	Keypress: rctrl
385.9710 	EXP 	Sound  started
386.5835 	DATA 	Keypress: lctrl
386.7211 	EXP 	Sound  started
387.3675 	DATA 	Keypress: lctrl
387.4711 	EXP 	Sound  started
388.0875 	DATA 	Keypress: lctrl
388.2211 	EXP 	Sound  started
388.8075 	DATA 	Keypress: lctrl
388.9711 	EXP 	Sound  started
389.5116 	DATA 	Keypress: rctrl
389.7211 	EXP 	Sound  started
390.2475 	DATA 	Keypress: lctrl
390.4711 	EXP 	Sound  started
390.9675 	DATA 	Keypress: rctrl
391.2211 	EXP 	Sound  started
391.7355 	DATA 	Keypress: rctrl
391.9712 	EXP 	Sound  started
392.4715 	DATA 	Keypress: rctrl
392.7212 	EXP 	Sound  started
393.1915 	DATA 	Keypress: lctrl
393.4712 	EXP 	Sound  started
394.0235 	DATA 	Keypress: lctrl
394.2212 	EXP 	Sound  started
394.7434 	DATA 	Keypress: rctrl
394.9712 	EXP 	Sound  started
395.5115 	DATA 	Keypress: lctrl
395.7212 	EXP 	Sound  started
396.2155 	DATA 	Keypress: rctrl
396.4712 	EXP 	Sound  started
397.0155 	DATA 	Keypress: lctrl
397.2212 	EXP 	Sound  started
397.7356 	DATA 	Keypress: rctrl
397.9713 	EXP 	Sound  started
398.4876 	DATA 	Keypress: lctrl
398.7213 	EXP 	Sound  started
399.2235 	DATA 	Keypress: rctrl
399.4713 	EXP 	Sound  started
399.9756 	DATA 	Keypress: lctrl
400.2213 	EXP 	Sound  started
400.7115 	DATA 	Keypress: rctrl
400.9713 	EXP 	Sound  started
401.5435 	DATA 	Keypress: lctrl
401.7213 	EXP 	Sound  started
402.2475 	DATA 	Keypress: rctrl
402.4713 	EXP 	Sound  started
402.9995 	DATA 	Keypress: rctrl
403.2214 	EXP 	Sound  started
403.7035 	DATA 	Keypress: rctrl
403.9714 	EXP 	Sound  started
404.5195 	DATA 	Keypress: rctrl
404.7214 	EXP 	Sound  started
405.2715 	DATA 	Keypress: lctrl
405.4714 	EXP 	Sound  started
405.9915 	DATA 	Keypress: lctrl
406.2214 	EXP 	Sound  started
406.7275 	DATA 	Keypress: rctrl
406.9715 	EXP 	Sound  started
407.4956 	DATA 	Keypress: lctrl
407.7215 	EXP 	Sound  started
408.2315 	DATA 	Keypress: rctrl
408.4715 	EXP 	Sound  started
408.9835 	DATA 	Keypress: lctrl
409.2215 	EXP 	Sound  started
409.7035 	DATA 	Keypress: rctrl
409.9715 	EXP 	Sound  started
410.5515 	DATA 	Keypress: lctrl
410.7215 	EXP 	Sound  started
411.2716 	DATA 	Keypress: rctrl
411.4715 	EXP 	Sound  started
411.9275 	DATA 	Keypress: lctrl
412.2216 	EXP 	Sound  started
412.7275 	DATA 	Keypress: rctrl
412.9716 	EXP 	Sound  started
413.5596 	DATA 	Keypress: lctrl
413.7216 	EXP 	Sound  started
414.2315 	DATA 	Keypress: rctrl
414.4716 	EXP 	Sound  started
415.0155 	DATA 	Keypress: lctrl
415.2216 	EXP 	Sound  started
415.7195 	DATA 	Keypress: rctrl
415.9716 	EXP 	Sound  started
416.4395 	DATA 	Keypress: lctrl
418.2099 	DATA 	Keypress: 4
418.2265 	EXP 	unnamed ShapeStim: vertices = <class 'numpy.ndarray'>
420.1120 	DATA 	Keypress: 1
420.1285 	EXP 	unnamed ShapeStim: vertices = <class 'numpy.ndarray'>
421.9635 	DATA 	Keypress: 4
421.9800 	EXP 	unnamed ShapeStim: vertices = <class 'numpy.ndarray'>
424.2653 	EXP 	Sound  started
424.2655 	DATA 	Keypress: lctrl
424.8236 	DATA 	Keypress: rctrl
425.0153 	EXP 	Sound  started
425.5595 	DATA 	Keypress: lctrl
425.7653 	EXP 	Sound  started
426.3597 	DATA 	Keypress: lctrl
426.5153 	EXP 	Sound  started
427.1116 	DATA 	Keypress: lctrl
427.2653 	EXP 	Sound  started
427.9435 	DATA 	Keypress: rctrl
428.0153 	EXP 	Sound  started
428.7276 	DATA 	Keypress: rctrl
428.7653 	EXP 	Sound  started
429.4635 	DATA 	Keypress: rctrl
429.5154 	EXP 	Sound  started
430.2475 	DATA 	Keypress: lctrl
430.2654 	EXP 	Sound  started
430.9676 	DATA 	Keypress: lctrl
431.0154 	EXP 	Sound  started
431.5115 	DATA 	Keypress: lctrl
431.7654 	EXP 	Sound  started
432.4875 	DATA 	Keypress: lctrl
432.5154 	EXP 	Sound  started
433.2654 	EXP 	Sound  started
433.2715 	DATA 	Keypress: lctrl
434.0075 	DATA 	Keypress: lctrl
434.0154 	EXP 	Sound  started
434.7595 	DATA 	Keypress: rctrl
434.7655 	EXP 	Sound  started
435.5155 	EXP 	Sound  started
435.5756 	DATA 	Keypress: rctrl
436.2655 	EXP 	Sound  started
436.2954 	DATA 	Keypress: rctrl
437.0155 	EXP 	Sound  started
437.0795 	DATA 	Keypress: rctrl
437.7655 	EXP 	Sound  started
437.7675 	DATA 	Keypress: rctrl
438.5155 	EXP 	Sound  started
438.5195 	DATA 	Keypress: rctrl
439.2555 	DATA 	Keypress: rctrl
439.2655 	EXP 	Sound  started
440.0156 	EXP 	Sound  started
440.0395 	DATA 	Keypress: lctrl
440.7115 	DATA 	Keypress: rctrl
440.7656 	EXP 	Sound  started
441.5156 	EXP 	Sound  started
441.5595 	DATA 	Keypress: rctrl
442.2656 	EXP 	Sound  started
442.2795 	DATA 	Keypress: lctrl
443.0155 	DATA 	Keypress: lctrl
443.0157 	EXP 	Sound  started
443.7356 	DATA 	Keypress: rctrl
443.7657 	EXP 	Sound  started
444.5158 	EXP 	Sound  started
444.5195 	DATA 	Keypress: lctrl
445.2658 	EXP 	Sound  started
445.2875 	DATA 	Keypress: lctrl
445.9915 	DATA 	Keypress: rctrl
446.0158 	EXP 	Sound  started
446.7596 	DATA 	Keypress: lctrl
446.7658 	EXP 	Sound  started
447.3355 	DATA 	Keypress: rctrl
447.5158 	EXP 	Sound  started
448.2635 	DATA 	Keypress: rctrl
448.2658 	EXP 	Sound  started
449.0159 	EXP 	Sound  started
449.0795 	DATA 	Keypress: rctrl
449.7356 	DATA 	Keypress: lctrl
449.7659 	EXP 	Sound  started
450.4716 	DATA 	Keypress: rctrl
450.5159 	EXP 	Sound  started
451.2659 	EXP 	Sound  started
451.3675 	DATA 	Keypress: lctrl
452.0159 	EXP 	Sound  started
452.1675 	DATA 	Keypress: lctrl
452.7659 	EXP 	Sound  started
452.8234 	DATA 	Keypress: rctrl
453.4635 	DATA 	Keypress: lctrl
453.5159 	EXP 	Sound  started
454.2635 	DATA 	Keypress: rctrl
454.2659 	EXP 	Sound  started
455.0160 	EXP 	Sound  started
455.0314 	DATA 	Keypress: rctrl
455.7660 	EXP 	Sound  started
455.7675 	DATA 	Keypress: lctrl
456.4395 	DATA 	Keypress: rctrl
456.5160 	EXP 	Sound  started
457.1915 	DATA 	Keypress: lctrl
457.2660 	EXP 	Sound  started
458.0075 	DATA 	Keypress: lctrl
458.0160 	EXP 	Sound  started
458.7661 	EXP 	Sound  started
458.7755 	DATA 	Keypress: lctrl
459.4956 	DATA 	Keypress: rctrl
459.5161 	EXP 	Sound  started
460.2475 	DATA 	Keypress: lctrl
460.2661 	EXP 	Sound  started
461.0161 	EXP 	Sound  started
461.0315 	DATA 	Keypress: rctrl
461.7516 	DATA 	Keypress: rctrl
461.7661 	EXP 	Sound  started
462.4396 	DATA 	Keypress: lctrl
462.5161 	EXP 	Sound  started
463.2661 	EXP 	Sound  started
463.3035 	DATA 	Keypress: rctrl
464.0161 	EXP 	Sound  started
464.0716 	DATA 	Keypress: rctrl
464.8153 	DATA 	Keypress: lctrl
466.9537 	DATA 	Keypress: 4
466.9831 	EXP 	unnamed ShapeStim: vertices = <class 'numpy.ndarray'>
469.6359 	DATA 	Keypress: 2
469.6525 	EXP 	unnamed ShapeStim: vertices = <class 'numpy.ndarray'>
471.9712 	DATA 	Keypress: 4
471.9877 	EXP 	unnamed ShapeStim: vertices = <class 'numpy.ndarray'>
474.2714 	EXP 	Sound  started
474.4555 	DATA 	Keypress: lctrl
475.0155 	DATA 	Keypress: lctrl
475.0214 	EXP 	Sound  started
475.7514 	DATA 	Keypress: rctrl
475.7714 	EXP 	Sound  started
476.5214 	EXP 	Sound  started
476.5675 	DATA 	Keypress: lctrl
477.2714 	EXP 	Sound  started
477.3035 	DATA 	Keypress: rctrl
478.0214 	EXP 	Sound  started
478.0395 	DATA 	Keypress: rctrl
478.7714 	EXP 	Sound  started
478.7916 	DATA 	Keypress: rctrl
479.5215 	EXP 	Sound  started
479.5435 	DATA 	Keypress: rctrl
480.2715 	EXP 	Sound  started
480.3115 	DATA 	Keypress: lctrl
481.0215 	EXP 	Sound  started
481.0796 	DATA 	Keypress: rctrl
481.7715 	EXP 	Sound  started
481.7995 	DATA 	Keypress: rctrl
482.5035 	DATA 	Keypress: rctrl
482.5215 	EXP 	Sound  started
483.2715 	DATA 	Keypress: rctrl
483.2717 	EXP 	Sound  started
483.9915 	DATA 	Keypress: rctrl
484.0217 	EXP 	Sound  started
484.7435 	DATA 	Keypress: lctrl
484.7718 	EXP 	Sound  started
485.4636 	DATA 	Keypress: rctrl
485.5218 	EXP 	Sound  started
486.2155 	DATA 	Keypress: rctrl
486.2718 	EXP 	Sound  started
486.9675 	DATA 	Keypress: rctrl
487.0218 	EXP 	Sound  started
487.7354 	DATA 	Keypress: rctrl
487.7718 	EXP 	Sound  started
488.4875 	DATA 	Keypress: rctrl
488.5218 	EXP 	Sound  started
489.2719 	EXP 	Sound  started
489.2875 	DATA 	Keypress: lctrl
489.9756 	DATA 	Keypress: rctrl
490.0219 	EXP 	Sound  started
490.6795 	DATA 	Keypress: lctrl
490.7719 	EXP 	Sound  started
491.4796 	DATA 	Keypress: rctrl
491.5219 	EXP 	Sound  started
492.2719 	EXP 	Sound  started
492.2956 	DATA 	Keypress: lctrl
493.0219 	EXP 	Sound  started
493.0315 	DATA 	Keypress: rctrl
493.7516 	DATA 	Keypress: rctrl
493.7720 	EXP 	Sound  started
494.5195 	DATA 	Keypress: rctrl
494.5220 	EXP 	Sound  started
495.2555 	DATA 	Keypress: lctrl
495.2720 	EXP 	Sound  started
496.0220 	EXP 	Sound  started
496.0396 	DATA 	Keypress: lctrl
496.7720 	EXP 	Sound  started
496.7755 	DATA 	Keypress: rctrl
497.5220 	EXP 	Sound  started
497.5275 	DATA 	Keypress: lctrl
498.2720 	EXP 	Sound  started
498.3275 	DATA 	Keypress: lctrl
499.0221 	EXP 	Sound  started
499.0955 	DATA 	Keypress: rctrl
499.7676 	DATA 	Keypress: rctrl
499.7721 	EXP 	Sound  started
500.4556 	DATA 	Keypress: rctrl
500.5221 	EXP 	Sound  started
501.2721 	EXP 	Sound  started
501.2876 	DATA 	Keypress: lctrl
502.0221 	EXP 	Sound  started
502.0395 	DATA 	Keypress: lctrl
502.7435 	DATA 	Keypress: lctrl
502.7721 	EXP 	Sound  started
503.5222 	EXP 	Sound  started
503.5435 	DATA 	Keypress: lctrl
504.2635 	DATA 	Keypress: lctrl
504.2722 	EXP 	Sound  started
504.9836 	DATA 	Keypress: rctrl
505.0222 	EXP 	Sound  started
505.7355 	DATA 	Keypress: lctrl
505.7722 	EXP 	Sound  started
506.4875 	DATA 	Keypress: lctrl
506.5222 	EXP 	Sound  started
507.2722 	EXP 	Sound  started
507.3035 	DATA 	Keypress: rctrl
507.9595 	DATA 	Keypress: lctrl
508.0223 	EXP 	Sound  started
508.7723 	EXP 	Sound  started
508.7755 	DATA 	Keypress: rctrl
509.5223 	EXP 	Sound  started
509.5435 	DATA 	Keypress: lctrl
510.2723 	EXP 	Sound  started
510.3115 	DATA 	Keypress: rctrl
511.0155 	DATA 	Keypress: rctrl
511.0223 	EXP 	Sound  started
511.7515 	DATA 	Keypress: lctrl
511.7723 	EXP 	Sound  started
512.4875 	DATA 	Keypress: lctrl
512.5223 	EXP 	Sound  started
513.2724 	EXP 	Sound  started
513.2875 	DATA 	Keypress: lctrl
514.0224 	EXP 	Sound  started
514.0715 	DATA 	Keypress: lctrl
514.7435 	DATA 	Keypress: rctrl
514.7724 	EXP 	Sound  started
515.5224 	EXP 	Sound  started
515.5596 	DATA 	Keypress: lctrl
516.2724 	EXP 	Sound  started
516.2795 	DATA 	Keypress: rctrl
516.9995 	DATA 	Keypress: lctrl
517.0224 	EXP 	Sound  started
517.7724 	EXP 	Sound  started
517.8155 	DATA 	Keypress: rctrl
518.4716 	DATA 	Keypress: lctrl
518.5225 	EXP 	Sound  started
519.2555 	DATA 	Keypress: rctrl
519.2725 	EXP 	Sound  started
520.0225 	EXP 	Sound  started
520.0396 	DATA 	Keypress: lctrl
520.7725 	EXP 	Sound  started
520.7755 	DATA 	Keypress: rctrl
521.4635 	DATA 	Keypress: lctrl
521.5225 	EXP 	Sound  started
522.2155 	DATA 	Keypress: rctrl
522.2725 	EXP 	Sound  started
522.9355 	DATA 	Keypress: lctrl
523.0225 	EXP 	Sound  started
523.7725 	EXP 	Sound  started
523.8476 	DATA 	Keypress: lctrl
524.5226 	EXP 	Sound  started
524.5355 	DATA 	Keypress: lctrl
525.1915 	DATA 	Keypress: rctrl
525.2726 	EXP 	Sound  started
526.0226 	EXP 	Sound  started
526.7726 	EXP 	Sound  started
526.7916 	DATA 	Keypress: rctrl
527.4955 	DATA 	Keypress: lctrl
527.5226 	EXP 	Sound  started
528.2635 	DATA 	Keypress: rctrl
528.2726 	EXP 	Sound  started
529.0227 	EXP 	Sound  started
529.0315 	DATA 	Keypress: lctrl
529.7195 	DATA 	Keypress: rctrl
529.7727 	EXP 	Sound  started
530.4395 	DATA 	Keypress: lctrl
530.5227 	EXP 	Sound  started
531.2727 	EXP 	Sound  started
531.3195 	DATA 	Keypress: rctrl
531.9595 	DATA 	Keypress: lctrl
532.0227 	EXP 	Sound  started
532.7275 	DATA 	Keypress: rctrl
532.7727 	EXP 	Sound  started
533.4795 	DATA 	Keypress: lctrl
533.5227 	EXP 	Sound  started
534.2636 	DATA 	Keypress: rctrl
534.2727 	EXP 	Sound  started
534.9835 	DATA 	Keypress: lctrl
535.0228 	EXP 	Sound  started
535.7728 	EXP 	Sound  started
535.7835 	DATA 	Keypress: lctrl
536.5228 	EXP 	Sound  started
536.5515 	DATA 	Keypress: lctrl
537.2728 	EXP 	Sound  started
537.3196 	DATA 	Keypress: lctrl
538.1255 	DATA 	Keypress: lctrl
540.2639 	DATA 	Keypress: 3
540.2933 	EXP 	unnamed ShapeStim: vertices = <class 'numpy.ndarray'>
544.4469 	DATA 	Keypress: 1
544.4634 	EXP 	unnamed ShapeStim: vertices = <class 'numpy.ndarray'>
546.9156 	DATA 	Keypress: 3
546.9321 	EXP 	unnamed ShapeStim: vertices = <class 'numpy.ndarray'>
549.2160 	EXP 	Sound  started
549.4636 	DATA 	Keypress: rctrl
549.9660 	EXP 	Sound  started
550.0235 	DATA 	Keypress: rctrl
550.7160 	EXP 	Sound  started
550.7275 	DATA 	Keypress: lctrl
551.4635 	DATA 	Keypress: rctrl
551.4660 	EXP 	Sound  started
552.1675 	DATA 	Keypress: lctrl
552.2161 	EXP 	Sound  started
552.9355 	DATA 	Keypress: rctrl
552.9661 	EXP 	Sound  started
553.6715 	DATA 	Keypress: rctrl
553.7161 	EXP 	Sound  started
554.4556 	DATA 	Keypress: lctrl
554.4661 	EXP 	Sound  started
555.2161 	EXP 	Sound  started
555.2555 	DATA 	Keypress: rctrl
555.9596 	DATA 	Keypress: rctrl
555.9662 	EXP 	Sound  started
556.6475 	DATA 	Keypress: lshift
556.7162 	EXP 	Sound  started
557.3356 	DATA 	Keypress: lctrl
557.4662 	EXP 	Sound  started
557.7515 	DATA 	Keypress: rctrl
558.1355 	DATA 	Keypress: rctrl
558.2162 	EXP 	Sound  started
558.9662 	EXP 	Sound  started
558.9995 	DATA 	Keypress: lctrl
559.6875 	DATA 	Keypress: rctrl
559.7162 	EXP 	Sound  started
560.4555 	DATA 	Keypress: lctrl
560.4662 	EXP 	Sound  started
561.2163 	EXP 	Sound  started
561.2715 	DATA 	Keypress: rctrl
561.9595 	DATA 	Keypress: lctrl
561.9663 	EXP 	Sound  started
562.7163 	EXP 	Sound  started
562.7275 	DATA 	Keypress: rctrl
563.4663 	EXP 	Sound  started
563.4796 	DATA 	Keypress: lctrl
564.2163 	EXP 	Sound  started
564.2475 	DATA 	Keypress: rctrl
564.9663 	EXP 	Sound  started
564.9835 	DATA 	Keypress: rctrl
565.7163 	EXP 	Sound  started
565.7835 	DATA 	Keypress: rctrl
566.4664 	EXP 	Sound  started
566.4875 	DATA 	Keypress: rctrl
567.1595 	DATA 	Keypress: rctrl
567.2164 	EXP 	Sound  started
567.9664 	EXP 	Sound  started
568.0075 	DATA 	Keypress: lctrl
568.7164 	EXP 	Sound  started
568.7275 	DATA 	Keypress: rctrl
569.4635 	DATA 	Keypress: lctrl
569.4664 	EXP 	Sound  started
570.2164 	EXP 	Sound  started
570.2635 	DATA 	Keypress: rctrl
570.9515 	DATA 	Keypress: lctrl
570.9664 	EXP 	Sound  started
571.7165 	EXP 	Sound  started
571.7356 	DATA 	Keypress: lctrl
572.4665 	EXP 	Sound  started
572.5195 	DATA 	Keypress: rctrl
573.2076 	DATA 	Keypress: rctrl
573.2165 	EXP 	Sound  started
573.9435 	DATA 	Keypress: lctrl
573.9665 	EXP 	Sound  started
574.7115 	DATA 	Keypress: rctrl
574.7165 	EXP 	Sound  started
575.4156 	DATA 	Keypress: lctrl
575.4665 	EXP 	Sound  started
576.2155 	DATA 	Keypress: lctrl
576.2166 	EXP 	Sound  started
576.9666 	EXP 	Sound  started
576.9675 	DATA 	Keypress: lctrl
577.7166 	EXP 	Sound  started
577.7196 	DATA 	Keypress: rctrl
578.4556 	DATA 	Keypress: lctrl
578.4666 	EXP 	Sound  started
579.1595 	DATA 	Keypress: rctrl
579.2166 	EXP 	Sound  started
579.9666 	EXP 	Sound  started
579.9756 	DATA 	Keypress: rctrl
580.7166 	EXP 	Sound  started
580.7755 	DATA 	Keypress: lctrl
581.3995 	DATA 	Keypress: rctrl
581.4667 	EXP 	Sound  started
582.1995 	DATA 	Keypress: rctrl
582.2167 	EXP 	Sound  started
582.9667 	EXP 	Sound  started
582.9675 	DATA 	Keypress: lctrl
583.7035 	DATA 	Keypress: rctrl
583.7167 	EXP 	Sound  started
584.4395 	DATA 	Keypress: lctrl
584.4667 	EXP 	Sound  started
585.1595 	DATA 	Keypress: rctrl
585.2167 	EXP 	Sound  started
585.9667 	EXP 	Sound  started
586.0076 	DATA 	Keypress: rctrl
586.7168 	EXP 	Sound  started
586.7755 	DATA 	Keypress: lctrl
587.4668 	EXP 	Sound  started
587.4955 	DATA 	Keypress: lctrl
588.2168 	EXP 	Sound  started
588.2315 	DATA 	Keypress: rctrl
588.9668 	EXP 	Sound  started
588.9835 	DATA 	Keypress: rctrl
589.7168 	EXP 	Sound  started
589.8155 	DATA 	Keypress: lctrl
590.4395 	DATA 	Keypress: rctrl
590.4668 	EXP 	Sound  started
591.1435 	DATA 	Keypress: lctrl
591.2168 	EXP 	Sound  started
591.8635 	DATA 	Keypress: rctrl
591.9669 	EXP 	Sound  started
592.6315 	DATA 	Keypress: lctrl
592.7169 	EXP 	Sound  started
593.4155 	DATA 	Keypress: rctrl
593.4669 	EXP 	Sound  started
594.2169 	EXP 	Sound  started
594.3116 	DATA 	Keypress: lctrl
594.9669 	EXP 	Sound  started
594.9675 	DATA 	Keypress: rctrl
595.7169 	EXP 	Sound  started
595.7355 	DATA 	Keypress: rctrl
596.4669 	EXP 	Sound  started
596.5195 	DATA 	Keypress: rctrl
597.2170 	EXP 	Sound  started
597.2555 	DATA 	Keypress: rctrl
597.9670 	EXP 	Sound  started
598.0076 	DATA 	Keypress: lctrl
598.7170 	EXP 	Sound  started
598.8075 	DATA 	Keypress: lctrl
599.4670 	EXP 	Sound  started
599.5275 	DATA 	Keypress: rctrl
600.2170 	EXP 	Sound  started
600.2635 	DATA 	Keypress: rctrl
600.9670 	EXP 	Sound  started
601.0476 	DATA 	Keypress: lctrl
601.7171 	EXP 	Sound  started
601.7356 	DATA 	Keypress: lctrl
602.4671 	EXP 	Sound  started
602.5356 	DATA 	Keypress: lctrl
603.2171 	EXP 	Sound  started
603.2875 	DATA 	Keypress: lctrl
603.9671 	EXP 	Sound  started
604.0075 	DATA 	Keypress: rctrl
604.7171 	EXP 	Sound  started
604.7596 	DATA 	Keypress: rctrl
605.4315 	DATA 	Keypress: lctrl
605.4671 	EXP 	Sound  started
606.2171 	EXP 	Sound  started
606.2475 	DATA 	Keypress: lctrl
606.9671 	EXP 	Sound  started
607.0795 	DATA 	Keypress: rctrl
607.7172 	EXP 	Sound  started
607.8635 	DATA 	Keypress: lctrl
608.4672 	EXP 	Sound  started
608.5515 	DATA 	Keypress: rctrl
609.2172 	EXP 	Sound  started
609.2235 	DATA 	Keypress: rctrl
609.9672 	EXP 	Sound  started
609.9915 	DATA 	Keypress: rctrl
610.7172 	EXP 	Sound  started
610.7275 	DATA 	Keypress: rctrl
611.4672 	EXP 	Sound  started
611.5275 	DATA 	Keypress: lctrl
612.2172 	EXP 	Sound  started
612.2955 	DATA 	Keypress: lctrl
612.9672 	EXP 	Sound  started
612.9835 	DATA 	Keypress: rctrl
613.7173 	EXP 	Sound  started
613.7355 	DATA 	Keypress: lctrl
614.4555 	DATA 	Keypress: rctrl
614.4673 	EXP 	Sound  started
615.2075 	DATA 	Keypress: lctrl
618.1073 	DATA 	Keypress: 2
618.1238 	EXP 	unnamed ShapeStim: vertices = <class 'numpy.ndarray'>
625.2298 	DATA 	Keypress: 2
625.2463 	EXP 	unnamed ShapeStim: vertices = <class 'numpy.ndarray'>
627.1652 	DATA 	Keypress: 3
627.1817 	EXP 	unnamed ShapeStim: vertices = <class 'numpy.ndarray'>
629.4666 	EXP 	Sound  started
629.9756 	DATA 	Keypress: rctrl
630.2166 	EXP 	Sound  started
630.3435 	DATA 	Keypress: rctrl
630.9666 	EXP 	Sound  started
631.0316 	DATA 	Keypress: lctrl
631.7166 	EXP 	Sound  started
631.7195 	DATA 	Keypress: rctrl
632.4666 	EXP 	Sound  started
632.5356 	DATA 	Keypress: lctrl
633.1756 	DATA 	Keypress: rctrl
633.2166 	EXP 	Sound  started
633.9666 	EXP 	Sound  started
633.9755 	DATA 	Keypress: rctrl
634.7115 	DATA 	Keypress: lctrl
634.7167 	EXP 	Sound  started
635.4315 	DATA 	Keypress: rctrl
635.4667 	EXP 	Sound  started
636.2167 	EXP 	Sound  started
636.2636 	DATA 	Keypress: lctrl
636.9515 	DATA 	Keypress: rctrl
636.9667 	EXP 	Sound  started
637.7035 	DATA 	Keypress: rctrl
637.7167 	EXP 	Sound  started
638.3916 	DATA 	Keypress: rctrl
638.4667 	EXP 	Sound  started
639.2168 	EXP 	Sound  started
639.2236 	DATA 	Keypress: lctrl
639.9668 	EXP 	Sound  started
639.9916 	DATA 	Keypress: rctrl
640.7116 	DATA 	Keypress: lctrl
640.7168 	EXP 	Sound  started
641.4668 	EXP 	Sound  started
641.4796 	DATA 	Keypress: rctrl
642.2168 	EXP 	Sound  started
642.2476 	DATA 	Keypress: rctrl
642.9668 	EXP 	Sound  started
642.9675 	DATA 	Keypress: rctrl
643.7168 	EXP 	Sound  started
643.7515 	DATA 	Keypress: rctrl
644.4668 	EXP 	Sound  started
644.5036 	DATA 	Keypress: lctrl
645.2168 	EXP 	Sound  started
645.2395 	DATA 	Keypress: lctrl
645.9669 	EXP 	Sound  started
645.9917 	DATA 	Keypress: rctrl
646.7169 	EXP 	Sound  started
646.7275 	DATA 	Keypress: rctrl
647.4669 	EXP 	Sound  started
647.5116 	DATA 	Keypress: lctrl
648.2169 	EXP 	Sound  started
648.2796 	DATA 	Keypress: lctrl
648.9669 	EXP 	Sound  started
649.0315 	DATA 	Keypress: lctrl
649.7170 	EXP 	Sound  started
649.8156 	DATA 	Keypress: lctrl
650.4670 	EXP 	Sound  started
650.5356 	DATA 	Keypress: lctrl
651.2075 	DATA 	Keypress: lctrl
651.2170 	EXP 	Sound  started
651.9670 	EXP 	Sound  started
651.9915 	DATA 	Keypress: lctrl
652.7170 	EXP 	Sound  started
652.7755 	DATA 	Keypress: lctrl
653.4670 	EXP 	Sound  started
653.5276 	DATA 	Keypress: rctrl
654.2170 	EXP 	Sound  started
654.2795 	DATA 	Keypress: rctrl
654.9670 	EXP 	Sound  started
654.9995 	DATA 	Keypress: rctrl
655.7171 	EXP 	Sound  started
655.7515 	DATA 	Keypress: lctrl
656.4556 	DATA 	Keypress: lctrl
656.4671 	EXP 	Sound  started
657.2171 	EXP 	Sound  started
657.2715 	DATA 	Keypress: lctrl
657.9671 	EXP 	Sound  started
658.0076 	DATA 	Keypress: lctrl
658.7171 	EXP 	Sound  started
658.7756 	DATA 	Keypress: rctrl
659.4671 	EXP 	Sound  started
659.5596 	DATA 	Keypress: rctrl
660.2171 	EXP 	Sound  started
660.3115 	DATA 	Keypress: lctrl
660.9671 	EXP 	Sound  started
661.0155 	DATA 	Keypress: lctrl
661.7172 	EXP 	Sound  started
661.7996 	DATA 	Keypress: lctrl
662.4672 	EXP 	Sound  started
662.5355 	DATA 	Keypress: lctrl
663.2172 	EXP 	Sound  started
663.2875 	DATA 	Keypress: lctrl
663.9672 	EXP 	Sound  started
664.0235 	DATA 	Keypress: lctrl
664.7172 	EXP 	Sound  started
664.7595 	DATA 	Keypress: rctrl
665.4635 	DATA 	Keypress: rctrl
665.4672 	EXP 	Sound  started
666.2172 	EXP 	Sound  started
666.2315 	DATA 	Keypress: rctrl
666.9673 	EXP 	Sound  started
667.0155 	DATA 	Keypress: rctrl
667.7173 	EXP 	Sound  started
667.7195 	DATA 	Keypress: rctrl
668.4673 	EXP 	Sound  started
668.4876 	DATA 	Keypress: lctrl
669.2173 	EXP 	Sound  started
669.2556 	DATA 	Keypress: rctrl
669.9596 	DATA 	Keypress: lctrl
669.9673 	EXP 	Sound  started
670.7173 	EXP 	Sound  started
670.7275 	DATA 	Keypress: rctrl
671.4674 	EXP 	Sound  started
671.4956 	DATA 	Keypress: lctrl
672.2174 	EXP 	Sound  started
672.2635 	DATA 	Keypress: rctrl
672.9674 	EXP 	Sound  started
672.9996 	DATA 	Keypress: lctrl
673.7174 	EXP 	Sound  started
673.7355 	DATA 	Keypress: rctrl
674.4674 	EXP 	Sound  started
674.5356 	DATA 	Keypress: lctrl
675.2174 	EXP 	Sound  started
675.2235 	DATA 	Keypress: rctrl
675.9675 	EXP 	Sound  started
675.9756 	DATA 	Keypress: lctrl
676.7175 	EXP 	Sound  started
676.7915 	DATA 	Keypress: lctrl
677.4675 	EXP 	Sound  started
677.5595 	DATA 	Keypress: lctrl
678.2175 	EXP 	Sound  started
678.2795 	DATA 	Keypress: rctrl
678.9675 	EXP 	Sound  started
679.0476 	DATA 	Keypress: rctrl
679.7175 	EXP 	Sound  started
679.7996 	DATA 	Keypress: rctrl
680.4675 	EXP 	Sound  started
680.5676 	DATA 	Keypress: lctrl
681.2175 	EXP 	Sound  started
681.3675 	DATA 	Keypress: lctrl
681.9676 	EXP 	Sound  started
681.9915 	DATA 	Keypress: rctrl
682.7479 	DATA 	Keypress: rctrl
686.0630 	DATA 	Keypress: 3
686.0796 	EXP 	unnamed ShapeStim: vertices = <class 'numpy.ndarray'>
690.6168 	DATA 	Keypress: 1
690.6333 	EXP 	unnamed ShapeStim: vertices = <class 'numpy.ndarray'>
694.1363 	DATA 	Keypress: 4
694.1529 	EXP 	unnamed ShapeStim: vertices = <class 'numpy.ndarray'>
696.4385 	EXP 	Sound  started
696.6796 	DATA 	Keypress: lctrl
697.1885 	EXP 	Sound  started
697.3195 	DATA 	Keypress: lctrl
697.9385 	EXP 	Sound  started
698.0715 	DATA 	Keypress: rctrl
698.6885 	EXP 	Sound  started
698.7596 	DATA 	Keypress: lctrl
699.4385 	EXP 	Sound  started
699.4955 	DATA 	Keypress: rctrl
700.1835 	DATA 	Keypress: lctrl
700.1885 	EXP 	Sound  started
700.9386 	EXP 	Sound  started
700.9675 	DATA 	Keypress: rctrl
701.6886 	EXP 	Sound  started
701.7515 	DATA 	Keypress: lctrl
702.4386 	EXP 	Sound  started
702.5035 	DATA 	Keypress: rctrl
703.1886 	EXP 	Sound  started
703.2236 	DATA 	Keypress: lctrl
703.9386 	EXP 	Sound  started
703.9915 	DATA 	Keypress: lctrl
704.6886 	EXP 	Sound  started
704.7435 	DATA 	Keypress: lctrl
705.4386 	EXP 	Sound  started
705.4955 	DATA 	Keypress: rctrl
706.1887 	EXP 	Sound  started
706.2315 	DATA 	Keypress: lctrl
706.9387 	EXP 	Sound  started
706.9676 	DATA 	Keypress: rctrl
707.6887 	EXP 	Sound  started
707.7356 	DATA 	Keypress: rctrl
708.4387 	EXP 	Sound  started
708.4876 	DATA 	Keypress: rctrl
709.1755 	DATA 	Keypress: rctrl
709.1887 	EXP 	Sound  started
709.9275 	DATA 	Keypress: rctrl
709.9387 	EXP 	Sound  started
710.6636 	DATA 	Keypress: rctrl
710.6887 	EXP 	Sound  started
711.4388 	EXP 	Sound  started
711.4635 	DATA 	Keypress: lctrl
712.1888 	EXP 	Sound  started
712.2155 	DATA 	Keypress: lctrl
712.8875 	DATA 	Keypress: lctrl
712.9388 	EXP 	Sound  started
713.6888 	EXP 	Sound  started
713.7195 	DATA 	Keypress: lctrl
714.4388 	EXP 	Sound  started
714.4555 	DATA 	Keypress: rctrl
715.1888 	EXP 	Sound  started
715.2076 	DATA 	Keypress: lctrl
715.9389 	EXP 	Sound  started
715.9595 	DATA 	Keypress: lctrl
716.6636 	DATA 	Keypress: lctrl
716.6889 	EXP 	Sound  started
717.4389 	EXP 	Sound  started
717.4955 	DATA 	Keypress: lctrl
718.1889 	EXP 	Sound  started
718.2955 	DATA 	Keypress: lctrl
718.9389 	EXP 	Sound  started
719.0316 	DATA 	Keypress: rctrl
719.6889 	EXP 	Sound  started
719.7516 	DATA 	Keypress: rctrl
720.4390 	EXP 	Sound  started
720.4556 	DATA 	Keypress: rctrl
721.1890 	EXP 	Sound  started
721.2395 	DATA 	Keypress: rctrl
721.9276 	DATA 	Keypress: rctrl
721.9390 	EXP 	Sound  started
722.6890 	EXP 	Sound  started
722.7756 	DATA 	Keypress: lctrl
723.4390 	EXP 	Sound  started
723.5436 	DATA 	Keypress: lctrl
724.1890 	EXP 	Sound  started
724.2955 	DATA 	Keypress: rctrl
724.9390 	EXP 	Sound  started
724.9995 	DATA 	Keypress: rctrl
725.6890 	EXP 	Sound  started
725.7515 	DATA 	Keypress: lctrl
726.4391 	EXP 	Sound  started
726.4555 	DATA 	Keypress: rctrl
727.1891 	EXP 	Sound  started
727.2395 	DATA 	Keypress: lctrl
727.9391 	EXP 	Sound  started
728.0075 	DATA 	Keypress: rctrl
728.6891 	EXP 	Sound  started
728.6955 	DATA 	Keypress: lctrl
729.3836 	DATA 	Keypress: rctrl
729.4391 	EXP 	Sound  started
730.1891 	EXP 	Sound  started
730.2155 	DATA 	Keypress: lctrl
730.9392 	EXP 	Sound  started
731.0955 	DATA 	Keypress: rctrl
731.6892 	EXP 	Sound  started
731.8475 	DATA 	Keypress: lctrl
732.4392 	EXP 	Sound  started
732.5515 	DATA 	Keypress: lctrl
733.1892 	EXP 	Sound  started
733.2555 	DATA 	Keypress: rctrl
733.9392 	EXP 	Sound  started
733.9435 	DATA 	Keypress: rctrl
734.6635 	DATA 	Keypress: lctrl
734.6892 	EXP 	Sound  started
735.4392 	EXP 	Sound  started
735.4636 	DATA 	Keypress: rctrl
736.1893 	EXP 	Sound  started
736.1995 	DATA 	Keypress: rctrl
736.9393 	EXP 	Sound  started
736.9835 	DATA 	Keypress: lctrl
737.6893 	EXP 	Sound  started
737.7035 	DATA 	Keypress: lctrl
738.4235 	DATA 	Keypress: rctrl
738.4393 	EXP 	Sound  started
739.1893 	EXP 	Sound  started
739.1915 	DATA 	Keypress: lctrl
739.8796 	DATA 	Keypress: rctrl
739.9393 	EXP 	Sound  started
740.5675 	DATA 	Keypress: lctrl
740.6893 	EXP 	Sound  started
741.3995 	DATA 	Keypress: rctrl
741.4394 	EXP 	Sound  started
742.1355 	DATA 	Keypress: lctrl
742.1894 	EXP 	Sound  started
742.9194 	DATA 	Keypress: rctrl
742.9394 	EXP 	Sound  started
743.6235 	DATA 	Keypress: rctrl
743.6894 	EXP 	Sound  started
744.3917 	DATA 	Keypress: rctrl
744.4394 	EXP 	Sound  started
745.1275 	DATA 	Keypress: rctrl
745.1894 	EXP 	Sound  started
745.8635 	DATA 	Keypress: rctrl
745.9395 	EXP 	Sound  started
746.5355 	DATA 	Keypress: rctrl
746.6895 	EXP 	Sound  started
747.3515 	DATA 	Keypress: rctrl
747.4395 	EXP 	Sound  started
748.0875 	DATA 	Keypress: rctrl
748.1895 	EXP 	Sound  started
748.8555 	DATA 	Keypress: rctrl
748.9395 	EXP 	Sound  started
749.5755 	DATA 	Keypress: rctrl
749.6895 	EXP 	Sound  started
750.3435 	DATA 	Keypress: rctrl
750.4395 	EXP 	Sound  started
751.1755 	DATA 	Keypress: rctrl
751.1896 	EXP 	Sound  started
751.9115 	DATA 	Keypress: lctrl
751.9396 	EXP 	Sound  started
752.6636 	DATA 	Keypress: lctrl
752.6896 	EXP 	Sound  started
753.4396 	EXP 	Sound  started
753.4635 	DATA 	Keypress: lctrl
754.1896 	EXP 	Sound  started
754.2315 	DATA 	Keypress: rctrl
754.9356 	DATA 	Keypress: lctrl
754.9396 	EXP 	Sound  started
755.6875 	DATA 	Keypress: lctrl
758.8894 	DATA 	Keypress: 4
758.9059 	EXP 	unnamed ShapeStim: vertices = <class 'numpy.ndarray'>
762.0087 	DATA 	Keypress: 2
762.0252 	EXP 	unnamed ShapeStim: vertices = <class 'numpy.ndarray'>
765.3614 	DATA 	Keypress: 3
765.3779 	EXP 	unnamed ShapeStim: vertices = <class 'numpy.ndarray'>
2495.8318 	DATA 	Keypress: return
2495.9044 	EXP 	window1: mouseVisible = True
