149.1162 	WARNING 	User requested fullscreen with size [1024  768], but screen is actually [1920, 1200]. Using actual size
149.9203 	EXP 	Created window1 = Window(allowGUI=False, allowStencil=False, autoLog=True, backendConf=UNKNOWN, bitsMode=UNKNOWN, blendMode='avg', bpc=(8, 8, 8), color=array([0, 0, 0]), colorSpace='rgb', depthBits=8, fullscr=<method-wrapper '__getattribute__' of attributeSetter object at 0x000002205BE66780>, gamma=None, gammaErrorPolicy='raise', lms=UNKNOWN, monitor=<psychopy.monitors.calibTools.Monitor object at 0x000002205D584080>, multiSample=False, name='window1', numSamples=2, pos=[0.0, 0.0], screen=0, size=array([1920, 1200]), stencilBits=0, stereo=False, units='norm', useFBO=True, useRetina=False, viewOri=0.0, viewPos=None, viewScale=None, waitBlanking=True, winType='pyglet')
149.9207 	EXP 	window1: mouseVisible = True
149.9207 	EXP 	window1: mouseVisible = False
149.9207 	EXP 	window1: recordFrameIntervals = False
150.0868 	EXP 	window1: recordFrameIntervals = True
150.2705 	EXP 	window1: recordFrameIntervals = False
150.3264 	EXP 	Created text = TextStim(__class__=<class 'psychopy.visual.text.TextStim'>, alignHoriz=method-wrapper(...), alignText='center', alignVert=method-wrapper(...), anchorHoriz='center', anchorVert='center', antialias=True, autoLog=True, bold=False, color=array([1., 1., 1.]), colorSpace='rgb', contrast=1.0, depth=0.0, flipHoriz=False, flipVert=False, font='Arial', fontFiles=[], height=0.15, italic=False, languageStyle='LTR', name='text', opacity=1, ori=0, pos=array([0., 0.]), rgb=UNKNOWN, text='+', units='norm', win=Window(...), wrapWidth=1)
150.3472 	EXP 	Created text = TextStim(__class__=<class 'psychopy.visual.text.TextStim'>, alignHoriz=method-wrapper(...), alignText='center', alignVert=method-wrapper(...), anchorHoriz='center', anchorVert='center', antialias=True, autoLog=True, bold=False, color=array([1., 1., 1.]), colorSpace='rgb', contrast=1.0, depth=0.0, flipHoriz=False, flipVert=False, font='Arial', fontFiles=[], height=0.07, italic=False, languageStyle='LTR', name='text', opacity=1, ori=0, pos=array([0., 0.]), rgb=UNKNOWN, text=str(...), units='norm', win=Window(...), wrapWidth=1.65)
150.3598 	EXP 	Created text = TextStim(__class__=<class 'psychopy.visual.text.TextStim'>, alignHoriz=method-wrapper(...), alignText='center', alignVert=method-wrapper(...), anchorHoriz='center', anchorVert='center', antialias=True, autoLog=True, bold=False, color=array([1., 1., 1.]), colorSpace='rgb', contrast=1.0, depth=0.0, flipHoriz=False, flipVert=False, font='Arial', fontFiles=[], height=0.07, italic=False, languageStyle='LTR', name='text', opacity=1, ori=0, pos=array([0., 0.]), rgb=UNKNOWN, text=str(...), units='norm', win=Window(...), wrapWidth=1.65)
150.3700 	EXP 	Created text = TextStim(__class__=<class 'psychopy.visual.text.TextStim'>, alignHoriz=method-wrapper(...), alignText='center', alignVert=method-wrapper(...), anchorHoriz='center', anchorVert='center', antialias=True, autoLog=True, bold=False, color=array([1., 1., 1.]), colorSpace='rgb', contrast=1.0, depth=0.0, flipHoriz=False, flipVert=False, font='Arial', fontFiles=[], height=0.07, italic=False, languageStyle='LTR', name='text', opacity=1, ori=0, pos=array([0., 0.]), rgb=UNKNOWN, text=str(...), units='norm', win=Window(...), wrapWidth=1.65)
150.3801 	EXP 	Created text = TextStim(__class__=<class 'psychopy.visual.text.TextStim'>, alignHoriz=method-wrapper(...), alignText='center', alignVert=method-wrapper(...), anchorHoriz='center', anchorVert='center', antialias=True, autoLog=True, bold=False, color=array([1., 1., 1.]), colorSpace='rgb', contrast=1.0, depth=0.0, flipHoriz=False, flipVert=False, font='Arial', fontFiles=[], height=0.07, italic=False, languageStyle='LTR', name='text', opacity=1, ori=0, pos=array([0., 0.]), rgb=UNKNOWN, text=str(...), units='norm', win=Window(...), wrapWidth=1.65)
150.3856 	EXP 	Created text = TextStim(__class__=<class 'psychopy.visual.text.TextStim'>, alignHoriz=method-wrapper(...), alignText='center', alignVert=method-wrapper(...), anchorHoriz='center', anchorVert='center', antialias=True, autoLog=True, bold=False, color=array([1., 1., 1.]), colorSpace='rgb', contrast=1.0, depth=0.0, flipHoriz=False, flipVert=False, font='Arial', fontFiles=[], height=0.07, italic=False, languageStyle='LTR', name='text', opacity=1, ori=0, pos=array([0., 0.]), rgb=UNKNOWN, text=str(...), units='norm', win=Window(...), wrapWidth=1.65)
150.4007 	EXP 	Created text = TextStim(__class__=<class 'psychopy.visual.text.TextStim'>, alignHoriz=method-wrapper(...), alignText='center', alignVert=method-wrapper(...), anchorHoriz='center', anchorVert='center', antialias=True, autoLog=True, bold=False, color=array([1., 1., 1.]), colorSpace='rgb', contrast=1.0, depth=0.0, flipHoriz=False, flipVert=False, font='Arial', fontFiles=[], height=0.15, italic=False, languageStyle='LTR', name='text', opacity=1, ori=0, pos=array([0., 0.]), rgb=UNKNOWN, text=str(...), units='norm', win=Window(...), wrapWidth=1.65)
150.4292 	EXP 	Created text = TextStim(__class__=<class 'psychopy.visual.text.TextStim'>, alignHoriz=method-wrapper(...), alignText='center', alignVert=method-wrapper(...), anchorHoriz='center', anchorVert='center', antialias=True, autoLog=True, bold=False, color=array([1., 1., 1.]), colorSpace='rgb', contrast=1.0, depth=0.0, flipHoriz=False, flipVert=False, font='Arial', fontFiles=[], height=0.07, italic=False, languageStyle='LTR', name='text', opacity=1, ori=0, pos=array([0., 0.]), rgb=UNKNOWN, text=str(...), units='norm', win=Window(...), wrapWidth=1.65)
150.4473 	EXP 	Created text = TextStim(__class__=<class 'psychopy.visual.text.TextStim'>, alignHoriz=method-wrapper(...), alignText='center', alignVert=method-wrapper(...), anchorHoriz='center', anchorVert='center', antialias=True, autoLog=True, bold=False, color=array([1., 1., 1.]), colorSpace='rgb', contrast=1.0, depth=0.0, flipHoriz=False, flipVert=False, font='Arial', fontFiles=[], height=0.07, italic=False, languageStyle='LTR', name='text', opacity=1, ori=0, pos=array([0., 0.]), rgb=UNKNOWN, text=str(...), units='norm', win=Window(...), wrapWidth=1.65)
150.4782 	EXP 	Created text = TextStim(__class__=<class 'psychopy.visual.text.TextStim'>, alignHoriz=method-wrapper(...), alignText='center', alignVert=method-wrapper(...), anchorHoriz='center', anchorVert='center', antialias=True, autoLog=True, bold=False, color=array([1., 1., 1.]), colorSpace='rgb', contrast=1.0, depth=0.0, flipHoriz=False, flipVert=False, font='Arial', fontFiles=[], height=0.07, italic=False, languageStyle='LTR', name='text', opacity=1, ori=0, pos=array([0., 0.]), rgb=UNKNOWN, text=str(...), units='norm', win=Window(...), wrapWidth=1.65)
150.5062 	EXP 	Created text = TextStim(__class__=<class 'psychopy.visual.text.TextStim'>, alignHoriz=method-wrapper(...), alignText='center', alignVert=method-wrapper(...), anchorHoriz='center', anchorVert='center', antialias=True, autoLog=True, bold=False, color=array([1., 1., 1.]), colorSpace='rgb', contrast=1.0, depth=0.0, flipHoriz=False, flipVert=False, font='Arial', fontFiles=[], height=0.07, italic=False, languageStyle='LTR', name='text', opacity=1, ori=0, pos=array([0., 0.]), rgb=UNKNOWN, text=str(...), units='norm', win=Window(...), wrapWidth=1.65)
150.5387 	EXP 	Created text = TextStim(__class__=<class 'psychopy.visual.text.TextStim'>, alignHoriz=method-wrapper(...), alignText='center', alignVert=method-wrapper(...), anchorHoriz='center', anchorVert='center', antialias=True, autoLog=True, bold=False, color=array([1., 1., 1.]), colorSpace='rgb', contrast=1.0, depth=0.0, flipHoriz=False, flipVert=False, font='Arial', fontFiles=[], height=0.07, italic=False, languageStyle='LTR', name='text', opacity=1, ori=0, pos=array([0., 0.]), rgb=UNKNOWN, text=str(...), units='norm', win=Window(...), wrapWidth=1.65)
150.5476 	EXP 	Created text = TextStim(__class__=<class 'psychopy.visual.text.TextStim'>, alignHoriz=method-wrapper(...), alignText='center', alignVert=method-wrapper(...), anchorHoriz='center', anchorVert='center', antialias=True, autoLog=True, bold=False, color=array([1., 1., 1.]), colorSpace='rgb', contrast=1.0, depth=0.0, flipHoriz=False, flipVert=False, font='Arial', fontFiles=[], height=0.07, italic=False, languageStyle='LTR', name='text', opacity=1, ori=0, pos=array([0., 0.]), rgb=UNKNOWN, text=str(...), units='norm', win=Window(...), wrapWidth=1.65)
150.5600 	EXP 	Created text = TextStim(__class__=<class 'psychopy.visual.text.TextStim'>, alignHoriz=method-wrapper(...), alignText='center', alignVert=method-wrapper(...), anchorHoriz='center', anchorVert='center', antialias=True, autoLog=True, bold=False, color=array([1., 1., 1.]), colorSpace='rgb', contrast=1.0, depth=0.0, flipHoriz=False, flipVert=False, font='Arial', fontFiles=[], height=0.07, italic=False, languageStyle='LTR', name='text', opacity=1, ori=0, pos=array([0., 0.]), rgb=UNKNOWN, text=str(...), units='norm', win=Window(...), wrapWidth=1.65)
150.5646 	EXP 	Created instru = TextStim(__class__=<class 'psychopy.visual.text.TextStim'>, alignHoriz=method-wrapper(...), alignText='center', alignVert=method-wrapper(...), anchorHoriz='center', anchorVert='center', antialias=True, autoLog=True, bold=False, color=array([1., 1., 1.]), colorSpace='rgb', contrast=1.0, depth=0.0, flipHoriz=False, flipVert=False, font='Arial', fontFiles=[], height=0.07, italic=False, languageStyle='LTR', name='instru', opacity=1, ori=0, pos=array([0. , 0.5]), rgb=UNKNOWN, text=str(...), units='norm', win=Window(...), wrapWidth=1)
150.5672 	EXP 	Created unnamed Line = Line(__class__=<class 'psychopy.visual.line.Line'>, autoDraw=False, autoLog=True, closeShape=False, color=array([1., 1., 1.]), colorSpace='rgb', contrast=None, depth=0, fillColor=array([0, 0, 0]), fillColorSpace='rgb', fillRGB=array([0, 0, 0]), interpolate=True, lineColor=array([1., 1., 1.]), lineColorSpace='rgb', lineRGB=array([1, 1, 1]), lineWidth=5, name='unnamed Line', opacity=0.5, ori=0.0, pos=array([0., 0.]), size=array([1., 1.]), units='norm', vertices=array([[-0.5,  0. ],
       [ 0.5,  0. ]]), win=Window(...), windingRule=None)
150.5692 	EXP 	Created unnamed Line = Line(__class__=<class 'psychopy.visual.line.Line'>, autoDraw=False, autoLog=True, closeShape=False, color=array([1., 1., 1.]), colorSpace='rgb', contrast=None, depth=0, fillColor=array([0, 0, 0]), fillColorSpace='rgb', fillRGB=array([0, 0, 0]), interpolate=True, lineColor=array([1., 1., 1.]), lineColorSpace='rgb', lineRGB=array([1, 1, 1]), lineWidth=3, name='unnamed Line', opacity=0.5, ori=0.0, pos=array([0., 0.]), size=array([1., 1.]), units='norm', vertices=array([[-0.5 , -0.05],
       [-0.5 ,  0.05]]), win=Window(...), windingRule=None)
150.5712 	EXP 	Created unnamed Line = Line(__class__=<class 'psychopy.visual.line.Line'>, autoDraw=False, autoLog=True, closeShape=False, color=array([1., 1., 1.]), colorSpace='rgb', contrast=None, depth=0, fillColor=array([0, 0, 0]), fillColorSpace='rgb', fillRGB=array([0, 0, 0]), interpolate=True, lineColor=array([1., 1., 1.]), lineColorSpace='rgb', lineRGB=array([1, 1, 1]), lineWidth=3, name='unnamed Line', opacity=0.5, ori=0.0, pos=array([0., 0.]), size=array([1., 1.]), units='norm', vertices=ndarray(...), win=Window(...), windingRule=None)
150.5732 	EXP 	Created unnamed Line = Line(__class__=<class 'psychopy.visual.line.Line'>, autoDraw=False, autoLog=True, closeShape=False, color=array([1., 1., 1.]), colorSpace='rgb', contrast=None, depth=0, fillColor=array([0, 0, 0]), fillColorSpace='rgb', fillRGB=array([0, 0, 0]), interpolate=True, lineColor=array([1., 1., 1.]), lineColorSpace='rgb', lineRGB=array([1, 1, 1]), lineWidth=3, name='unnamed Line', opacity=0.5, ori=0.0, pos=array([0., 0.]), size=array([1., 1.]), units='norm', vertices=ndarray(...), win=Window(...), windingRule=None)
150.5752 	EXP 	Created unnamed Line = Line(__class__=<class 'psychopy.visual.line.Line'>, autoDraw=False, autoLog=True, closeShape=False, color=array([1., 1., 1.]), colorSpace='rgb', contrast=None, depth=0, fillColor=array([0, 0, 0]), fillColorSpace='rgb', fillRGB=array([0, 0, 0]), interpolate=True, lineColor=array([1., 1., 1.]), lineColorSpace='rgb', lineRGB=array([1, 1, 1]), lineWidth=3, name='unnamed Line', opacity=0.5, ori=0.0, pos=array([0., 0.]), size=array([1., 1.]), units='norm', vertices=array([[ 0.5 , -0.05],
       [ 0.5 ,  0.05]]), win=Window(...), windingRule=None)
150.5869 	EXP 	Created unnamed TextStim = TextStim(__class__=<class 'psychopy.visual.text.TextStim'>, alignHoriz=method-wrapper(...), alignText='center', alignVert=method-wrapper(...), anchorHoriz='center', anchorVert='center', antialias=True, autoLog=True, bold=False, color=array([1., 1., 1.]), colorSpace='rgb', contrast=1.0, depth=0, flipHoriz=False, flipVert=False, font='', fontFiles=[], height=0.05, italic=False, languageStyle='LTR', name='unnamed TextStim', opacity=1.0, ori=0.0, pos=array([-0.5, -0.1]), rgb=UNKNOWN, text='Clearly \n NOT FOCUSED', units='norm', win=Window(...), wrapWidth=1)
150.5879 	EXP 	Created unnamed TextStim = TextStim(__class__=<class 'psychopy.visual.text.TextStim'>, alignHoriz=method-wrapper(...), alignText='center', alignVert=method-wrapper(...), anchorHoriz='center', anchorVert='center', antialias=True, autoLog=True, bold=False, color=array([1., 1., 1.]), colorSpace='rgb', contrast=1.0, depth=0, flipHoriz=False, flipVert=False, font='', fontFiles=[], height=0.05, italic=False, languageStyle='LTR', name='unnamed TextStim', opacity=1.0, ori=0.0, pos=array([-0.16666667, -0.1       ]), rgb=UNKNOWN, text='', units='norm', win=Window(...), wrapWidth=1)
150.5889 	EXP 	Created unnamed TextStim = TextStim(__class__=<class 'psychopy.visual.text.TextStim'>, alignHoriz=method-wrapper(...), alignText='center', alignVert=method-wrapper(...), anchorHoriz='center', anchorVert='center', antialias=True, autoLog=True, bold=False, color=array([1., 1., 1.]), colorSpace='rgb', contrast=1.0, depth=0, flipHoriz=False, flipVert=False, font='', fontFiles=[], height=0.05, italic=False, languageStyle='LTR', name='unnamed TextStim', opacity=1.0, ori=0.0, pos=array([ 0.16666667, -0.1       ]), rgb=UNKNOWN, text='', units='norm', win=Window(...), wrapWidth=1)
150.5920 	EXP 	Created unnamed TextStim = TextStim(__class__=<class 'psychopy.visual.text.TextStim'>, alignHoriz=method-wrapper(...), alignText='center', alignVert=method-wrapper(...), anchorHoriz='center', anchorVert='center', antialias=True, autoLog=True, bold=False, color=array([1., 1., 1.]), colorSpace='rgb', contrast=1.0, depth=0, flipHoriz=False, flipVert=False, font='', fontFiles=[], height=0.05, italic=False, languageStyle='LTR', name='unnamed TextStim', opacity=1.0, ori=0.0, pos=array([ 0.5, -0.1]), rgb=UNKNOWN, text='Clearly \n FOCUSED', units='norm', win=Window(...), wrapWidth=1)
150.5939 	EXP 	Created unnamed ShapeStim = ShapeStim(__class__=<class 'psychopy.visual.shape.ShapeStim'>, autoDraw=False, autoLog=True, closeShape=True, color=method-wrapper(...), colorSpace='rgb', contrast=None, depth=0, fillColor=array([1, 1, 1]), fillColorSpace='rgb', fillRGB=array([1, 1, 1]), interpolate=True, lineColor=array([-1., -1., -1.]), lineColorSpace='rgb', lineRGB=array([-1, -1, -1]), lineWidth=1.5, name='unnamed ShapeStim', opacity=1.0, ori=0.0, pos=array([0., 0.]), size=array([1., 1.]), units='norm', vertices=ndarray(...), win=Window(...), windingRule=None)
150.6029 	EXP 	Created instru = TextStim(__class__=<class 'psychopy.visual.text.TextStim'>, alignHoriz=method-wrapper(...), alignText='center', alignVert=method-wrapper(...), anchorHoriz='center', anchorVert='center', antialias=True, autoLog=True, bold=False, color=array([1., 1., 1.]), colorSpace='rgb', contrast=1.0, depth=0.0, flipHoriz=False, flipVert=False, font='Arial', fontFiles=[], height=0.07, italic=False, languageStyle='LTR', name='instru', opacity=1, ori=0, pos=array([0. , 0.5]), rgb=UNKNOWN, text=str(...), units='norm', win=Window(...), wrapWidth=1)
150.6049 	EXP 	Created unnamed Line = Line(__class__=<class 'psychopy.visual.line.Line'>, autoDraw=False, autoLog=True, closeShape=False, color=array([1., 1., 1.]), colorSpace='rgb', contrast=None, depth=0, fillColor=array([0, 0, 0]), fillColorSpace='rgb', fillRGB=array([0, 0, 0]), interpolate=True, lineColor=array([1., 1., 1.]), lineColorSpace='rgb', lineRGB=array([1, 1, 1]), lineWidth=5, name='unnamed Line', opacity=0.5, ori=0.0, pos=array([0., 0.]), size=array([1., 1.]), units='norm', vertices=array([[-0.5,  0. ],
       [ 0.5,  0. ]]), win=Window(...), windingRule=None)
150.6069 	EXP 	Created unnamed Line = Line(__class__=<class 'psychopy.visual.line.Line'>, autoDraw=False, autoLog=True, closeShape=False, color=array([1., 1., 1.]), colorSpace='rgb', contrast=None, depth=0, fillColor=array([0, 0, 0]), fillColorSpace='rgb', fillRGB=array([0, 0, 0]), interpolate=True, lineColor=array([1., 1., 1.]), lineColorSpace='rgb', lineRGB=array([1, 1, 1]), lineWidth=3, name='unnamed Line', opacity=0.5, ori=0.0, pos=array([0., 0.]), size=array([1., 1.]), units='norm', vertices=array([[-0.5 , -0.05],
       [-0.5 ,  0.05]]), win=Window(...), windingRule=None)
150.6089 	EXP 	Created unnamed Line = Line(__class__=<class 'psychopy.visual.line.Line'>, autoDraw=False, autoLog=True, closeShape=False, color=array([1., 1., 1.]), colorSpace='rgb', contrast=None, depth=0, fillColor=array([0, 0, 0]), fillColorSpace='rgb', fillRGB=array([0, 0, 0]), interpolate=True, lineColor=array([1., 1., 1.]), lineColorSpace='rgb', lineRGB=array([1, 1, 1]), lineWidth=3, name='unnamed Line', opacity=0.5, ori=0.0, pos=array([0., 0.]), size=array([1., 1.]), units='norm', vertices=ndarray(...), win=Window(...), windingRule=None)
150.6110 	EXP 	Created unnamed Line = Line(__class__=<class 'psychopy.visual.line.Line'>, autoDraw=False, autoLog=True, closeShape=False, color=array([1., 1., 1.]), colorSpace='rgb', contrast=None, depth=0, fillColor=array([0, 0, 0]), fillColorSpace='rgb', fillRGB=array([0, 0, 0]), interpolate=True, lineColor=array([1., 1., 1.]), lineColorSpace='rgb', lineRGB=array([1, 1, 1]), lineWidth=3, name='unnamed Line', opacity=0.5, ori=0.0, pos=array([0., 0.]), size=array([1., 1.]), units='norm', vertices=ndarray(...), win=Window(...), windingRule=None)
150.6130 	EXP 	Created unnamed Line = Line(__class__=<class 'psychopy.visual.line.Line'>, autoDraw=False, autoLog=True, closeShape=False, color=array([1., 1., 1.]), colorSpace='rgb', contrast=None, depth=0, fillColor=array([0, 0, 0]), fillColorSpace='rgb', fillRGB=array([0, 0, 0]), interpolate=True, lineColor=array([1., 1., 1.]), lineColorSpace='rgb', lineRGB=array([1, 1, 1]), lineWidth=3, name='unnamed Line', opacity=0.5, ori=0.0, pos=array([0., 0.]), size=array([1., 1.]), units='norm', vertices=array([[ 0.5 , -0.05],
       [ 0.5 ,  0.05]]), win=Window(...), windingRule=None)
150.6181 	EXP 	Created unnamed TextStim = TextStim(__class__=<class 'psychopy.visual.text.TextStim'>, alignHoriz=method-wrapper(...), alignText='center', alignVert=method-wrapper(...), anchorHoriz='center', anchorVert='center', antialias=True, autoLog=True, bold=False, color=array([1., 1., 1.]), colorSpace='rgb', contrast=1.0, depth=0, flipHoriz=False, flipVert=False, font='', fontFiles=[], height=0.05, italic=False, languageStyle='LTR', name='unnamed TextStim', opacity=1.0, ori=0.0, pos=array([-0.5, -0.1]), rgb=UNKNOWN, text='Clearly \n NOTHING', units='norm', win=Window(...), wrapWidth=1)
150.6192 	EXP 	Created unnamed TextStim = TextStim(__class__=<class 'psychopy.visual.text.TextStim'>, alignHoriz=method-wrapper(...), alignText='center', alignVert=method-wrapper(...), anchorHoriz='center', anchorVert='center', antialias=True, autoLog=True, bold=False, color=array([1., 1., 1.]), colorSpace='rgb', contrast=1.0, depth=0, flipHoriz=False, flipVert=False, font='', fontFiles=[], height=0.05, italic=False, languageStyle='LTR', name='unnamed TextStim', opacity=1.0, ori=0.0, pos=array([-0.16666667, -0.1       ]), rgb=UNKNOWN, text='', units='norm', win=Window(...), wrapWidth=1)
150.6202 	EXP 	Created unnamed TextStim = TextStim(__class__=<class 'psychopy.visual.text.TextStim'>, alignHoriz=method-wrapper(...), alignText='center', alignVert=method-wrapper(...), anchorHoriz='center', anchorVert='center', antialias=True, autoLog=True, bold=False, color=array([1., 1., 1.]), colorSpace='rgb', contrast=1.0, depth=0, flipHoriz=False, flipVert=False, font='', fontFiles=[], height=0.05, italic=False, languageStyle='LTR', name='unnamed TextStim', opacity=1.0, ori=0.0, pos=array([ 0.16666667, -0.1       ]), rgb=UNKNOWN, text='', units='norm', win=Window(...), wrapWidth=1)
150.6242 	EXP 	Created unnamed TextStim = TextStim(__class__=<class 'psychopy.visual.text.TextStim'>, alignHoriz=method-wrapper(...), alignText='center', alignVert=method-wrapper(...), anchorHoriz='center', anchorVert='center', antialias=True, autoLog=True, bold=False, color=array([1., 1., 1.]), colorSpace='rgb', contrast=1.0, depth=0, flipHoriz=False, flipVert=False, font='', fontFiles=[], height=0.05, italic=False, languageStyle='LTR', name='unnamed TextStim', opacity=1.0, ori=0.0, pos=array([ 0.5, -0.1]), rgb=UNKNOWN, text='Clearly \n SOMETHING', units='norm', win=Window(...), wrapWidth=1)
150.6260 	EXP 	Created unnamed ShapeStim = ShapeStim(__class__=<class 'psychopy.visual.shape.ShapeStim'>, autoDraw=False, autoLog=True, closeShape=True, color=method-wrapper(...), colorSpace='rgb', contrast=None, depth=0, fillColor=array([1, 1, 1]), fillColorSpace='rgb', fillRGB=array([1, 1, 1]), interpolate=True, lineColor=array([-1., -1., -1.]), lineColorSpace='rgb', lineRGB=array([-1, -1, -1]), lineWidth=1.5, name='unnamed ShapeStim', opacity=1.0, ori=0.0, pos=array([0., 0.]), size=array([1., 1.]), units='norm', vertices=ndarray(...), win=Window(...), windingRule=None)
150.6327 	EXP 	Created instru = TextStim(__class__=<class 'psychopy.visual.text.TextStim'>, alignHoriz=method-wrapper(...), alignText='center', alignVert=method-wrapper(...), anchorHoriz='center', anchorVert='center', antialias=True, autoLog=True, bold=False, color=array([1., 1., 1.]), colorSpace='rgb', contrast=1.0, depth=0.0, flipHoriz=False, flipVert=False, font='Arial', fontFiles=[], height=0.07, italic=False, languageStyle='LTR', name='instru', opacity=1, ori=0, pos=array([0. , 0.5]), rgb=UNKNOWN, text=str(...), units='norm', win=Window(...), wrapWidth=1)
150.6347 	EXP 	Created unnamed Line = Line(__class__=<class 'psychopy.visual.line.Line'>, autoDraw=False, autoLog=True, closeShape=False, color=array([1., 1., 1.]), colorSpace='rgb', contrast=None, depth=0, fillColor=array([0, 0, 0]), fillColorSpace='rgb', fillRGB=array([0, 0, 0]), interpolate=True, lineColor=array([1., 1., 1.]), lineColorSpace='rgb', lineRGB=array([1, 1, 1]), lineWidth=5, name='unnamed Line', opacity=0.5, ori=0.0, pos=array([0., 0.]), size=array([1., 1.]), units='norm', vertices=array([[-0.5,  0. ],
       [ 0.5,  0. ]]), win=Window(...), windingRule=None)
150.6367 	EXP 	Created unnamed Line = Line(__class__=<class 'psychopy.visual.line.Line'>, autoDraw=False, autoLog=True, closeShape=False, color=array([1., 1., 1.]), colorSpace='rgb', contrast=None, depth=0, fillColor=array([0, 0, 0]), fillColorSpace='rgb', fillRGB=array([0, 0, 0]), interpolate=True, lineColor=array([1., 1., 1.]), lineColorSpace='rgb', lineRGB=array([1, 1, 1]), lineWidth=3, name='unnamed Line', opacity=0.5, ori=0.0, pos=array([0., 0.]), size=array([1., 1.]), units='norm', vertices=array([[-0.5 , -0.05],
       [-0.5 ,  0.05]]), win=Window(...), windingRule=None)
150.6387 	EXP 	Created unnamed Line = Line(__class__=<class 'psychopy.visual.line.Line'>, autoDraw=False, autoLog=True, closeShape=False, color=array([1., 1., 1.]), colorSpace='rgb', contrast=None, depth=0, fillColor=array([0, 0, 0]), fillColorSpace='rgb', fillRGB=array([0, 0, 0]), interpolate=True, lineColor=array([1., 1., 1.]), lineColorSpace='rgb', lineRGB=array([1, 1, 1]), lineWidth=3, name='unnamed Line', opacity=0.5, ori=0.0, pos=array([0., 0.]), size=array([1., 1.]), units='norm', vertices=ndarray(...), win=Window(...), windingRule=None)
150.6407 	EXP 	Created unnamed Line = Line(__class__=<class 'psychopy.visual.line.Line'>, autoDraw=False, autoLog=True, closeShape=False, color=array([1., 1., 1.]), colorSpace='rgb', contrast=None, depth=0, fillColor=array([0, 0, 0]), fillColorSpace='rgb', fillRGB=array([0, 0, 0]), interpolate=True, lineColor=array([1., 1., 1.]), lineColorSpace='rgb', lineRGB=array([1, 1, 1]), lineWidth=3, name='unnamed Line', opacity=0.5, ori=0.0, pos=array([0., 0.]), size=array([1., 1.]), units='norm', vertices=ndarray(...), win=Window(...), windingRule=None)
150.6427 	EXP 	Created unnamed Line = Line(__class__=<class 'psychopy.visual.line.Line'>, autoDraw=False, autoLog=True, closeShape=False, color=array([1., 1., 1.]), colorSpace='rgb', contrast=None, depth=0, fillColor=array([0, 0, 0]), fillColorSpace='rgb', fillRGB=array([0, 0, 0]), interpolate=True, lineColor=array([1., 1., 1.]), lineColorSpace='rgb', lineRGB=array([1, 1, 1]), lineWidth=3, name='unnamed Line', opacity=0.5, ori=0.0, pos=array([0., 0.]), size=array([1., 1.]), units='norm', vertices=array([[ 0.5 , -0.05],
       [ 0.5 ,  0.05]]), win=Window(...), windingRule=None)
150.6479 	EXP 	Created unnamed TextStim = TextStim(__class__=<class 'psychopy.visual.text.TextStim'>, alignHoriz=method-wrapper(...), alignText='center', alignVert=method-wrapper(...), anchorHoriz='center', anchorVert='center', antialias=True, autoLog=True, bold=False, color=array([1., 1., 1.]), colorSpace='rgb', contrast=1.0, depth=0, flipHoriz=False, flipVert=False, font='', fontFiles=[], height=0.05, italic=False, languageStyle='LTR', name='unnamed TextStim', opacity=1.0, ori=0.0, pos=array([-0.5, -0.1]), rgb=UNKNOWN, text='Clearly \n SPONTANEOUS', units='norm', win=Window(...), wrapWidth=1)
150.6489 	EXP 	Created unnamed TextStim = TextStim(__class__=<class 'psychopy.visual.text.TextStim'>, alignHoriz=method-wrapper(...), alignText='center', alignVert=method-wrapper(...), anchorHoriz='center', anchorVert='center', antialias=True, autoLog=True, bold=False, color=array([1., 1., 1.]), colorSpace='rgb', contrast=1.0, depth=0, flipHoriz=False, flipVert=False, font='', fontFiles=[], height=0.05, italic=False, languageStyle='LTR', name='unnamed TextStim', opacity=1.0, ori=0.0, pos=array([-0.16666667, -0.1       ]), rgb=UNKNOWN, text='', units='norm', win=Window(...), wrapWidth=1)
150.6501 	EXP 	Created unnamed TextStim = TextStim(__class__=<class 'psychopy.visual.text.TextStim'>, alignHoriz=method-wrapper(...), alignText='center', alignVert=method-wrapper(...), anchorHoriz='center', anchorVert='center', antialias=True, autoLog=True, bold=False, color=array([1., 1., 1.]), colorSpace='rgb', contrast=1.0, depth=0, flipHoriz=False, flipVert=False, font='', fontFiles=[], height=0.05, italic=False, languageStyle='LTR', name='unnamed TextStim', opacity=1.0, ori=0.0, pos=array([ 0.16666667, -0.1       ]), rgb=UNKNOWN, text='', units='norm', win=Window(...), wrapWidth=1)
150.6554 	EXP 	Created unnamed TextStim = TextStim(__class__=<class 'psychopy.visual.text.TextStim'>, alignHoriz=method-wrapper(...), alignText='center', alignVert=method-wrapper(...), anchorHoriz='center', anchorVert='center', antialias=True, autoLog=True, bold=False, color=array([1., 1., 1.]), colorSpace='rgb', contrast=1.0, depth=0, flipHoriz=False, flipVert=False, font='', fontFiles=[], height=0.05, italic=False, languageStyle='LTR', name='unnamed TextStim', opacity=1.0, ori=0.0, pos=array([ 0.5, -0.1]), rgb=UNKNOWN, text='Clearly \n DELIBERATE', units='norm', win=Window(...), wrapWidth=1)
150.6571 	EXP 	Created unnamed ShapeStim = ShapeStim(__class__=<class 'psychopy.visual.shape.ShapeStim'>, autoDraw=False, autoLog=True, closeShape=True, color=method-wrapper(...), colorSpace='rgb', contrast=None, depth=0, fillColor=array([1, 1, 1]), fillColorSpace='rgb', fillRGB=array([1, 1, 1]), interpolate=True, lineColor=array([-1., -1., -1.]), lineColorSpace='rgb', lineRGB=array([-1, -1, -1]), lineWidth=1.5, name='unnamed ShapeStim', opacity=1.0, ori=0.0, pos=array([0., 0.]), size=array([1., 1.]), units='norm', vertices=ndarray(...), win=Window(...), windingRule=None)
150.7054 	EXP 	Sound  set volume 1.000
150.7317 	EXP 	unnamed ShapeStim: vertices = <class 'numpy.ndarray'>
150.7317 	EXP 	unnamed ShapeStim: vertices = <class 'numpy.ndarray'>
150.7317 	EXP 	unnamed ShapeStim: vertices = <class 'numpy.ndarray'>
162.1808 	DATA 	Keypress: rctrl
162.6972 	EXP 	Sound  started
162.8687 	DATA 	Keypress: rctrl
163.3326 	DATA 	Keypress: rctrl
163.4471 	EXP 	Sound  started
164.1167 	DATA 	Keypress: rctrl
164.1971 	EXP 	Sound  started
164.8847 	DATA 	Keypress: rctrl
164.9471 	EXP 	Sound  started
165.6687 	DATA 	Keypress: rctrl
165.6971 	EXP 	Sound  started
166.4047 	DATA 	Keypress: rctrl
166.4471 	EXP 	Sound  started
167.1408 	DATA 	Keypress: rctrl
167.1972 	EXP 	Sound  started
167.8607 	DATA 	Keypress: rctrl
167.9472 	EXP 	Sound  started
168.6446 	DATA 	Keypress: rctrl
168.6972 	EXP 	Sound  started
169.4126 	DATA 	Keypress: rctrl
169.4472 	EXP 	Sound  started
170.1167 	DATA 	Keypress: rctrl
170.1972 	EXP 	Sound  started
170.9007 	DATA 	Keypress: rctrl
170.9472 	EXP 	Sound  started
171.6207 	DATA 	Keypress: rctrl
171.6972 	EXP 	Sound  started
172.3726 	DATA 	Keypress: lctrl
172.4472 	EXP 	Sound  started
173.1888 	DATA 	Keypress: lctrl
173.1973 	EXP 	Sound  started
173.9407 	DATA 	Keypress: lctrl
173.9473 	EXP 	Sound  started
174.6606 	DATA 	Keypress: rctrl
174.6973 	EXP 	Sound  started
175.4287 	DATA 	Keypress: rctrl
175.4473 	EXP 	Sound  started
176.1806 	DATA 	Keypress: rctrl
176.1973 	EXP 	Sound  started
176.9006 	DATA 	Keypress: rctrl
176.9473 	EXP 	Sound  started
177.6367 	DATA 	Keypress: rctrl
177.6973 	EXP 	Sound  started
178.3567 	DATA 	Keypress: rctrl
178.4474 	EXP 	Sound  started
179.1407 	DATA 	Keypress: rctrl
179.1974 	EXP 	Sound  started
179.9087 	DATA 	Keypress: lctrl
179.9474 	EXP 	Sound  started
180.6287 	DATA 	Keypress: lctrl
180.6974 	EXP 	Sound  started
181.3646 	DATA 	Keypress: rctrl
181.4474 	EXP 	Sound  started
182.1967 	DATA 	Keypress: lctrl
182.1974 	EXP 	Sound  started
182.8687 	DATA 	Keypress: rctrl
182.9475 	EXP 	Sound  started
183.5887 	DATA 	Keypress: lctrl
183.6975 	EXP 	Sound  started
184.3246 	DATA 	Keypress: rctrl
184.4475 	EXP 	Sound  started
185.0286 	DATA 	Keypress: lctrl
185.1975 	EXP 	Sound  started
185.7487 	DATA 	Keypress: rctrl
185.9475 	EXP 	Sound  started
186.5807 	DATA 	Keypress: rctrl
186.6975 	EXP 	Sound  started
187.3326 	DATA 	Keypress: rctrl
187.4475 	EXP 	Sound  started
188.0046 	DATA 	Keypress: rctrl
188.1975 	EXP 	Sound  started
188.7727 	DATA 	Keypress: rctrl
188.9475 	EXP 	Sound  started
189.5727 	DATA 	Keypress: rctrl
189.6976 	EXP 	Sound  started
190.3407 	DATA 	Keypress: rctrl
190.4476 	EXP 	Sound  started
191.0447 	DATA 	Keypress: rctrl
191.1976 	EXP 	Sound  started
191.8126 	DATA 	Keypress: rctrl
191.9476 	EXP 	Sound  started
192.5167 	DATA 	Keypress: lctrl
192.6976 	EXP 	Sound  started
193.2687 	DATA 	Keypress: lctrl
193.4476 	EXP 	Sound  started
194.0367 	DATA 	Keypress: lctrl
194.1976 	EXP 	Sound  started
194.8046 	DATA 	Keypress: lctrl
194.9476 	EXP 	Sound  started
195.6207 	DATA 	Keypress: rctrl
195.6977 	EXP 	Sound  started
196.3246 	DATA 	Keypress: lctrl
196.4477 	EXP 	Sound  started
197.1246 	DATA 	Keypress: rctrl
197.1977 	EXP 	Sound  started
197.8606 	DATA 	Keypress: lctrl
197.9477 	EXP 	Sound  started
198.5966 	DATA 	Keypress: rctrl
198.6977 	EXP 	Sound  started
199.3326 	DATA 	Keypress: lctrl
199.4477 	EXP 	Sound  started
200.1486 	DATA 	Keypress: rctrl
200.1977 	EXP 	Sound  started
200.8526 	DATA 	Keypress: lctrl
200.9478 	EXP 	Sound  started
201.6047 	DATA 	Keypress: rctrl
201.6978 	EXP 	Sound  started
202.2927 	DATA 	Keypress: lctrl
202.4478 	EXP 	Sound  started
203.0286 	DATA 	Keypress: rctrl
203.1978 	EXP 	Sound  started
203.7486 	DATA 	Keypress: lctrl
203.9478 	EXP 	Sound  started
204.5967 	DATA 	Keypress: lctrl
204.6978 	EXP 	Sound  started
205.3807 	DATA 	Keypress: lctrl
205.4479 	EXP 	Sound  started
206.1326 	DATA 	Keypress: lctrl
206.1979 	EXP 	Sound  started
206.9006 	DATA 	Keypress: lctrl
206.9792 	EXP 	unnamed TextStim: text = ''
206.9792 	EXP 	unnamed TextStim: text = ''
209.8187 	DATA 	Keypress: 3
209.8353 	EXP 	unnamed ShapeStim: vertices = <class 'numpy.ndarray'>
211.3699 	EXP 	unnamed TextStim: text = ''
211.3699 	EXP 	unnamed TextStim: text = ''
213.4717 	DATA 	Keypress: 4
213.4882 	EXP 	unnamed ShapeStim: vertices = <class 'numpy.ndarray'>
215.0228 	EXP 	unnamed TextStim: text = ''
215.0228 	EXP 	unnamed TextStim: text = ''
217.0456 	DATA 	Keypress: 2
217.0745 	EXP 	unnamed ShapeStim: vertices = <class 'numpy.ndarray'>
219.3587 	EXP 	Sound  started
219.4447 	DATA 	Keypress: rctrl
220.0848 	DATA 	Keypress: rctrl
220.1086 	EXP 	Sound  started
220.7726 	DATA 	Keypress: lctrl
220.8586 	EXP 	Sound  started
221.5406 	DATA 	Keypress: lctrl
221.6086 	EXP 	Sound  started
222.3246 	DATA 	Keypress: lctrl
222.3586 	EXP 	Sound  started
223.0926 	DATA 	Keypress: lctrl
223.1086 	EXP 	Sound  started
223.8126 	DATA 	Keypress: lctrl
223.8586 	EXP 	Sound  started
224.5806 	DATA 	Keypress: lctrl
224.6086 	EXP 	Sound  started
225.3167 	DATA 	Keypress: lctrl
225.3587 	EXP 	Sound  started
226.0686 	DATA 	Keypress: lctrl
226.1087 	EXP 	Sound  started
226.7566 	DATA 	Keypress: lctrl
226.8587 	EXP 	Sound  started
227.5087 	DATA 	Keypress: lctrl
227.6087 	EXP 	Sound  started
228.2767 	DATA 	Keypress: lctrl
228.3587 	EXP 	Sound  started
229.0607 	DATA 	Keypress: lctrl
229.1087 	EXP 	Sound  started
229.8126 	DATA 	Keypress: lctrl
229.8587 	EXP 	Sound  started
230.5806 	DATA 	Keypress: lctrl
230.6088 	EXP 	Sound  started
231.3006 	DATA 	Keypress: lctrl
231.3588 	EXP 	Sound  started
232.0526 	DATA 	Keypress: rctrl
232.1088 	EXP 	Sound  started
232.8206 	DATA 	Keypress: rctrl
232.8588 	EXP 	Sound  started
233.5566 	DATA 	Keypress: lctrl
233.6088 	EXP 	Sound  started
234.3086 	DATA 	Keypress: lctrl
234.3588 	EXP 	Sound  started
235.0606 	DATA 	Keypress: lctrl
235.1088 	EXP 	Sound  started
235.7966 	DATA 	Keypress: lctrl
235.8589 	EXP 	Sound  started
236.5646 	DATA 	Keypress: rctrl
236.6089 	EXP 	Sound  started
237.3006 	DATA 	Keypress: rctrl
237.3589 	EXP 	Sound  started
238.0687 	DATA 	Keypress: lctrl
238.1089 	EXP 	Sound  started
238.7566 	DATA 	Keypress: rctrl
238.8589 	EXP 	Sound  started
239.5566 	DATA 	Keypress: lctrl
239.6089 	EXP 	Sound  started
240.2606 	DATA 	Keypress: rctrl
240.3589 	EXP 	Sound  started
241.0447 	DATA 	Keypress: rctrl
241.1090 	EXP 	Sound  started
241.8286 	DATA 	Keypress: rctrl
241.8590 	EXP 	Sound  started
242.6090 	EXP 	Sound  started
242.6126 	DATA 	Keypress: rctrl
243.3326 	DATA 	Keypress: rctrl
243.3590 	EXP 	Sound  started
244.0846 	DATA 	Keypress: lctrl
244.1090 	EXP 	Sound  started
244.8206 	DATA 	Keypress: lctrl
244.8590 	EXP 	Sound  started
245.5886 	DATA 	Keypress: lctrl
245.6090 	EXP 	Sound  started
246.3407 	DATA 	Keypress: lctrl
246.3591 	EXP 	Sound  started
247.0606 	DATA 	Keypress: lctrl
247.1091 	EXP 	Sound  started
247.8126 	DATA 	Keypress: lctrl
247.8591 	EXP 	Sound  started
248.5646 	DATA 	Keypress: rctrl
248.6091 	EXP 	Sound  started
249.3166 	DATA 	Keypress: rctrl
249.3591 	EXP 	Sound  started
250.1091 	EXP 	Sound  started
250.1166 	DATA 	Keypress: rctrl
250.7726 	DATA 	Keypress: lctrl
250.8591 	EXP 	Sound  started
251.5406 	DATA 	Keypress: rctrl
251.6091 	EXP 	Sound  started
252.3406 	DATA 	Keypress: lctrl
252.3592 	EXP 	Sound  started
252.9967 	DATA 	Keypress: rctrl
253.1092 	EXP 	Sound  started
253.7806 	DATA 	Keypress: rctrl
253.8592 	EXP 	Sound  started
254.5486 	DATA 	Keypress: rctrl
254.6092 	EXP 	Sound  started
255.2846 	DATA 	Keypress: lctrl
255.3592 	EXP 	Sound  started
256.0046 	DATA 	Keypress: lctrl
256.1092 	EXP 	Sound  started
256.8205 	DATA 	Keypress: rctrl
256.8592 	EXP 	Sound  started
257.6093 	EXP 	Sound  started
258.3086 	DATA 	Keypress: rctrl
258.3593 	EXP 	Sound  started
259.1087 	DATA 	Keypress: lctrl
259.1093 	EXP 	Sound  started
259.8126 	DATA 	Keypress: lctrl
259.8593 	EXP 	Sound  started
260.5806 	DATA 	Keypress: lctrl
260.6093 	EXP 	Sound  started
261.3007 	DATA 	Keypress: lctrl
261.3593 	EXP 	Sound  started
262.0526 	DATA 	Keypress: lctrl
262.1093 	EXP 	Sound  started
262.8525 	DATA 	Keypress: rctrl
262.8594 	EXP 	Sound  started
263.5725 	DATA 	Keypress: rctrl
263.6094 	EXP 	Sound  started
264.3406 	DATA 	Keypress: lctrl
264.3594 	EXP 	Sound  started
265.0285 	DATA 	Keypress: lctrl
265.1094 	EXP 	Sound  started
265.7806 	DATA 	Keypress: lctrl
265.8594 	EXP 	Sound  started
266.5006 	DATA 	Keypress: lctrl
266.6094 	EXP 	Sound  started
267.2846 	DATA 	Keypress: lctrl
267.3594 	EXP 	Sound  started
268.0366 	DATA 	Keypress: lctrl
268.1095 	EXP 	Sound  started
268.8365 	DATA 	Keypress: rctrl
268.8595 	EXP 	Sound  started
269.6045 	DATA 	Keypress: rctrl
269.6095 	EXP 	Sound  started
270.2446 	DATA 	Keypress: lctrl
270.3595 	EXP 	Sound  started
271.0607 	DATA 	Keypress: lctrl
271.1096 	EXP 	Sound  started
271.8127 	DATA 	Keypress: lctrl
271.8595 	EXP 	Sound  started
272.5965 	DATA 	Keypress: lctrl
272.6095 	EXP 	Sound  started
273.3486 	DATA 	Keypress: lctrl
273.3596 	EXP 	Sound  started
274.1006 	DATA 	Keypress: lctrl
274.1096 	EXP 	Sound  started
274.8366 	DATA 	Keypress: lctrl
274.8596 	EXP 	Sound  started
275.5726 	DATA 	Keypress: lctrl
275.6096 	EXP 	Sound  started
276.3406 	DATA 	Keypress: lctrl
276.3596 	EXP 	Sound  started
277.0605 	DATA 	Keypress: lctrl
277.1096 	EXP 	Sound  started
277.8127 	DATA 	Keypress: lctrl
277.8596 	EXP 	Sound  started
278.5487 	DATA 	Keypress: rctrl
278.6097 	EXP 	Sound  started
279.3325 	DATA 	Keypress: rctrl
279.3597 	EXP 	Sound  started
280.0847 	DATA 	Keypress: rctrl
280.1097 	EXP 	Sound  started
280.8046 	DATA 	Keypress: rctrl
280.8597 	EXP 	Sound  started
281.6097 	EXP 	Sound  started
281.6686 	DATA 	Keypress: lctrl
282.3246 	DATA 	Keypress: lctrl
282.3597 	EXP 	Sound  started
283.0286 	DATA 	Keypress: lctrl
283.1097 	EXP 	Sound  started
283.7326 	DATA 	Keypress: lctrl
285.7976 	DATA 	Keypress: 3
285.8141 	EXP 	unnamed ShapeStim: vertices = <class 'numpy.ndarray'>
288.7334 	DATA 	Keypress: 4
288.7499 	EXP 	unnamed ShapeStim: vertices = <class 'numpy.ndarray'>
293.7208 	DATA 	Keypress: 2
293.7373 	EXP 	unnamed ShapeStim: vertices = <class 'numpy.ndarray'>
296.0214 	EXP 	Sound  started
296.0222 	DATA 	Keypress: rctrl
296.6606 	DATA 	Keypress: rctrl
296.7713 	EXP 	Sound  started
297.4286 	DATA 	Keypress: rctrl
297.5213 	EXP 	Sound  started
298.1646 	DATA 	Keypress: lctrl
298.2713 	EXP 	Sound  started
298.9166 	DATA 	Keypress: lctrl
299.0213 	EXP 	Sound  started
299.6366 	DATA 	Keypress: lctrl
299.7713 	EXP 	Sound  started
300.4206 	DATA 	Keypress: lctrl
300.5213 	EXP 	Sound  started
301.2046 	DATA 	Keypress: lctrl
301.2714 	EXP 	Sound  started
301.9726 	DATA 	Keypress: lctrl
302.0214 	EXP 	Sound  started
302.7247 	DATA 	Keypress: lctrl
302.7714 	EXP 	Sound  started
303.4446 	DATA 	Keypress: lctrl
303.5214 	EXP 	Sound  started
304.1965 	DATA 	Keypress: lctrl
304.2714 	EXP 	Sound  started
304.9325 	DATA 	Keypress: lctrl
305.0214 	EXP 	Sound  started
305.6685 	DATA 	Keypress: rctrl
305.7714 	EXP 	Sound  started
306.4046 	DATA 	Keypress: rctrl
306.5215 	EXP 	Sound  started
307.1726 	DATA 	Keypress: rctrl
307.2715 	EXP 	Sound  started
307.8925 	DATA 	Keypress: lctrl
308.0215 	EXP 	Sound  started
308.6125 	DATA 	Keypress: lctrl
308.7715 	EXP 	Sound  started
309.3646 	DATA 	Keypress: lctrl
309.5215 	EXP 	Sound  started
310.1325 	DATA 	Keypress: lctrl
310.2715 	EXP 	Sound  started
310.9327 	DATA 	Keypress: lctrl
311.0216 	EXP 	Sound  started
311.6845 	DATA 	Keypress: lctrl
311.7716 	EXP 	Sound  started
312.4686 	DATA 	Keypress: rctrl
312.5216 	EXP 	Sound  started
313.2366 	DATA 	Keypress: rctrl
313.2716 	EXP 	Sound  started
313.9885 	DATA 	Keypress: rctrl
314.0216 	EXP 	Sound  started
314.7086 	DATA 	Keypress: rctrl
314.7716 	EXP 	Sound  started
315.4445 	DATA 	Keypress: rctrl
315.5216 	EXP 	Sound  started
316.1966 	DATA 	Keypress: rctrl
316.2716 	EXP 	Sound  started
316.9485 	DATA 	Keypress: rctrl
317.0216 	EXP 	Sound  started
317.7005 	DATA 	Keypress: rctrl
317.7716 	EXP 	Sound  started
318.5006 	DATA 	Keypress: rctrl
318.5217 	EXP 	Sound  started
319.2205 	DATA 	Keypress: lctrl
319.2717 	EXP 	Sound  started
320.0217 	EXP 	Sound  started
320.6926 	DATA 	Keypress: lctrl
320.7717 	EXP 	Sound  started
321.4766 	DATA 	Keypress: lctrl
321.5217 	EXP 	Sound  started
322.2446 	DATA 	Keypress: lctrl
322.2717 	EXP 	Sound  started
322.9325 	DATA 	Keypress: lctrl
323.0217 	EXP 	Sound  started
323.6845 	DATA 	Keypress: lctrl
323.7717 	EXP 	Sound  started
324.4686 	DATA 	Keypress: rctrl
324.5218 	EXP 	Sound  started
325.2365 	DATA 	Keypress: rctrl
325.2718 	EXP 	Sound  started
326.0046 	DATA 	Keypress: rctrl
326.0218 	EXP 	Sound  started
326.7407 	DATA 	Keypress: lctrl
326.7718 	EXP 	Sound  started
327.4446 	DATA 	Keypress: lctrl
327.5218 	EXP 	Sound  started
328.1485 	DATA 	Keypress: rctrl
328.2718 	EXP 	Sound  started
328.8845 	DATA 	Keypress: rctrl
329.0218 	EXP 	Sound  started
329.7326 	DATA 	Keypress: lctrl
329.7719 	EXP 	Sound  started
330.4685 	DATA 	Keypress: lctrl
330.5219 	EXP 	Sound  started
331.2205 	DATA 	Keypress: lctrl
331.2719 	EXP 	Sound  started
331.9405 	DATA 	Keypress: lctrl
332.0219 	EXP 	Sound  started
332.7719 	EXP 	Sound  started
333.5086 	DATA 	Keypress: rctrl
333.5219 	EXP 	Sound  started
334.2285 	DATA 	Keypress: rctrl
334.2720 	EXP 	Sound  started
334.9166 	DATA 	Keypress: lctrl
335.0220 	EXP 	Sound  started
335.7005 	DATA 	Keypress: lctrl
335.7720 	EXP 	Sound  started
336.5006 	DATA 	Keypress: lctrl
336.5220 	EXP 	Sound  started
337.1885 	DATA 	Keypress: lctrl
337.2720 	EXP 	Sound  started
337.9085 	DATA 	Keypress: lctrl
338.0220 	EXP 	Sound  started
338.6125 	DATA 	Keypress: lctrl
338.7720 	EXP 	Sound  started
339.3486 	DATA 	Keypress: rctrl
339.5220 	EXP 	Sound  started
340.1805 	DATA 	Keypress: rctrl
340.2721 	EXP 	Sound  started
340.9005 	DATA 	Keypress: rctrl
341.0221 	EXP 	Sound  started
341.5886 	DATA 	Keypress: lctrl
341.7721 	EXP 	Sound  started
342.3246 	DATA 	Keypress: lctrl
342.5221 	EXP 	Sound  started
343.0605 	DATA 	Keypress: rctrl
345.9469 	DATA 	Keypress: 3
345.9634 	EXP 	unnamed ShapeStim: vertices = <class 'numpy.ndarray'>
349.3034 	DATA 	Keypress: 4
349.3328 	EXP 	unnamed ShapeStim: vertices = <class 'numpy.ndarray'>
351.7521 	DATA 	Keypress: 3
351.7686 	EXP 	unnamed ShapeStim: vertices = <class 'numpy.ndarray'>
354.0528 	EXP 	Sound  started
354.2446 	DATA 	Keypress: rctrl
354.7885 	DATA 	Keypress: lctrl
354.8026 	EXP 	Sound  started
355.5245 	DATA 	Keypress: lctrl
355.5526 	EXP 	Sound  started
356.2605 	DATA 	Keypress: lctrl
356.3027 	EXP 	Sound  started
356.9966 	DATA 	Keypress: lctrl
357.0527 	EXP 	Sound  started
357.7006 	DATA 	Keypress: lctrl
357.8027 	EXP 	Sound  started
358.4205 	DATA 	Keypress: lctrl
358.5527 	EXP 	Sound  started
359.1566 	DATA 	Keypress: rctrl
359.3027 	EXP 	Sound  started
359.9566 	DATA 	Keypress: rctrl
360.0527 	EXP 	Sound  started
360.6925 	DATA 	Keypress: rctrl
360.8028 	EXP 	Sound  started
361.4286 	DATA 	Keypress: rctrl
361.5528 	EXP 	Sound  started
362.1486 	DATA 	Keypress: lctrl
362.3028 	EXP 	Sound  started
362.9646 	DATA 	Keypress: lctrl
363.0528 	EXP 	Sound  started
363.6685 	DATA 	Keypress: lctrl
363.8028 	EXP 	Sound  started
364.4366 	DATA 	Keypress: lctrl
364.5528 	EXP 	Sound  started
365.1885 	DATA 	Keypress: rctrl
365.3028 	EXP 	Sound  started
365.9245 	DATA 	Keypress: rctrl
366.0528 	EXP 	Sound  started
366.6766 	DATA 	Keypress: rctrl
366.8029 	EXP 	Sound  started
367.4286 	DATA 	Keypress: rctrl
367.5529 	EXP 	Sound  started
368.1486 	DATA 	Keypress: rctrl
368.3029 	EXP 	Sound  started
368.9005 	DATA 	Keypress: rctrl
369.0529 	EXP 	Sound  started
369.7165 	DATA 	Keypress: rctrl
369.8029 	EXP 	Sound  started
370.4685 	DATA 	Keypress: rctrl
370.5529 	EXP 	Sound  started
371.1886 	DATA 	Keypress: lctrl
371.3030 	EXP 	Sound  started
371.9565 	DATA 	Keypress: lctrl
372.0530 	EXP 	Sound  started
372.6285 	DATA 	Keypress: rctrl
372.8030 	EXP 	Sound  started
373.3966 	DATA 	Keypress: rctrl
373.5530 	EXP 	Sound  started
374.1485 	DATA 	Keypress: rctrl
374.3030 	EXP 	Sound  started
374.9326 	DATA 	Keypress: rctrl
375.0530 	EXP 	Sound  started
375.7326 	DATA 	Keypress: rctrl
375.8030 	EXP 	Sound  started
376.4685 	DATA 	Keypress: rctrl
376.5530 	EXP 	Sound  started
377.2365 	DATA 	Keypress: rctrl
377.3031 	EXP 	Sound  started
377.9565 	DATA 	Keypress: rctrl
378.0531 	EXP 	Sound  started
378.6445 	DATA 	Keypress: lctrl
378.8031 	EXP 	Sound  started
379.3805 	DATA 	Keypress: lctrl
379.5531 	EXP 	Sound  started
380.2445 	DATA 	Keypress: lctrl
380.3031 	EXP 	Sound  started
380.9325 	DATA 	Keypress: lctrl
381.0531 	EXP 	Sound  started
381.6365 	DATA 	Keypress: lctrl
381.8031 	EXP 	Sound  started
382.3565 	DATA 	Keypress: lctrl
382.5531 	EXP 	Sound  started
383.1085 	DATA 	Keypress: lctrl
383.3032 	EXP 	Sound  started
383.8605 	DATA 	Keypress: lctrl
384.0532 	EXP 	Sound  started
384.6125 	DATA 	Keypress: lctrl
384.8032 	EXP 	Sound  started
385.3645 	DATA 	Keypress: lctrl
385.5532 	EXP 	Sound  started
386.1164 	DATA 	Keypress: lctrl
386.3032 	EXP 	Sound  started
386.9005 	DATA 	Keypress: rctrl
387.0532 	EXP 	Sound  started
387.7005 	DATA 	Keypress: rctrl
387.8032 	EXP 	Sound  started
388.4845 	DATA 	Keypress: rctrl
388.5533 	EXP 	Sound  started
389.1725 	DATA 	Keypress: rctrl
389.3033 	EXP 	Sound  started
389.9404 	DATA 	Keypress: rctrl
390.0533 	EXP 	Sound  started
390.6605 	DATA 	Keypress: rctrl
390.8033 	EXP 	Sound  started
391.3805 	DATA 	Keypress: rctrl
391.5533 	EXP 	Sound  started
392.1325 	DATA 	Keypress: lctrl
392.3033 	EXP 	Sound  started
392.8524 	DATA 	Keypress: rctrl
393.0534 	EXP 	Sound  started
393.6366 	DATA 	Keypress: lctrl
393.8034 	EXP 	Sound  started
394.3404 	DATA 	Keypress: rctrl
394.5534 	EXP 	Sound  started
395.1725 	DATA 	Keypress: lctrl
395.3034 	EXP 	Sound  started
395.9244 	DATA 	Keypress: lctrl
396.0534 	EXP 	Sound  started
396.6605 	DATA 	Keypress: lctrl
396.8034 	EXP 	Sound  started
397.3965 	DATA 	Keypress: lctrl
397.5534 	EXP 	Sound  started
398.1806 	DATA 	Keypress: rctrl
398.3035 	EXP 	Sound  started
398.9005 	DATA 	Keypress: lctrl
399.0535 	EXP 	Sound  started
399.5725 	DATA 	Keypress: rctrl
399.8035 	EXP 	Sound  started
400.3565 	DATA 	Keypress: rctrl
400.5535 	EXP 	Sound  started
401.0924 	DATA 	Keypress: rctrl
401.3035 	EXP 	Sound  started
401.7644 	DATA 	Keypress: rctrl
402.0535 	EXP 	Sound  started
402.4525 	DATA 	Keypress: rctrl
402.8035 	EXP 	Sound  started
403.1725 	DATA 	Keypress: rctrl
403.5536 	EXP 	Sound  started
403.8764 	DATA 	Keypress: rctrl
404.3036 	EXP 	Sound  started
404.5964 	DATA 	Keypress: rctrl
405.0536 	EXP 	Sound  started
405.3005 	DATA 	Keypress: rctrl
405.8036 	EXP 	Sound  started
406.0685 	DATA 	Keypress: rctrl
406.5536 	EXP 	Sound  started
406.8845 	DATA 	Keypress: rctrl
407.3036 	EXP 	Sound  started
407.6844 	DATA 	Keypress: lctrl
408.0536 	EXP 	Sound  started
408.3885 	DATA 	Keypress: lctrl
408.8036 	EXP 	Sound  started
409.1404 	DATA 	Keypress: lctrl
409.5537 	EXP 	Sound  started
409.8925 	DATA 	Keypress: lctrl
410.3037 	EXP 	Sound  started
410.6125 	DATA 	Keypress: lctrl
411.0537 	EXP 	Sound  started
411.3645 	DATA 	Keypress: lctrl
411.8037 	EXP 	Sound  started
412.0525 	DATA 	Keypress: rctrl
412.5537 	EXP 	Sound  started
412.9645 	DATA 	Keypress: lctrl
413.3037 	EXP 	Sound  started
413.6524 	DATA 	Keypress: rctrl
414.0537 	EXP 	Sound  started
414.3406 	DATA 	Keypress: lctrl
414.8037 	EXP 	Sound  started
415.1086 	DATA 	Keypress: rctrl
415.5538 	EXP 	Sound  started
415.8605 	DATA 	Keypress: lctrl
416.3038 	EXP 	Sound  started
416.5804 	DATA 	Keypress: rctrl
417.0538 	EXP 	Sound  started
417.8038 	EXP 	Sound  started
418.1166 	DATA 	Keypress: rctrl
418.5538 	EXP 	Sound  started
418.8524 	DATA 	Keypress: lctrl
419.3038 	EXP 	Sound  started
419.5726 	DATA 	Keypress: rctrl
420.0538 	EXP 	Sound  started
420.3885 	DATA 	Keypress: lctrl
420.8039 	EXP 	Sound  started
421.0765 	DATA 	Keypress: lctrl
424.4445 	DATA 	Keypress: 2
424.4610 	EXP 	unnamed ShapeStim: vertices = <class 'numpy.ndarray'>
427.1972 	DATA 	Keypress: 4
427.2137 	EXP 	unnamed ShapeStim: vertices = <class 'numpy.ndarray'>
434.9864 	DATA 	Keypress: 2
435.0029 	EXP 	unnamed ShapeStim: vertices = <class 'numpy.ndarray'>
437.2874 	EXP 	Sound  started
437.4288 	DATA 	Keypress: lctrl
438.0373 	EXP 	Sound  started
438.0684 	DATA 	Keypress: lctrl
438.7565 	DATA 	Keypress: lctrl
438.7873 	EXP 	Sound  started
439.4765 	DATA 	Keypress: lctrl
439.5373 	EXP 	Sound  started
440.2285 	DATA 	Keypress: lctrl
440.2873 	EXP 	Sound  started
440.9165 	DATA 	Keypress: lctrl
441.0373 	EXP 	Sound  started
441.6845 	DATA 	Keypress: lctrl
441.7873 	EXP 	Sound  started
442.4205 	DATA 	Keypress: lctrl
442.5374 	EXP 	Sound  started
443.1565 	DATA 	Keypress: lctrl
443.2874 	EXP 	Sound  started
443.8604 	DATA 	Keypress: lctrl
444.0374 	EXP 	Sound  started
444.6124 	DATA 	Keypress: lctrl
444.7874 	EXP 	Sound  started
445.3644 	DATA 	Keypress: lctrl
445.5374 	EXP 	Sound  started
446.1165 	DATA 	Keypress: rctrl
446.2874 	EXP 	Sound  started
446.8365 	DATA 	Keypress: rctrl
447.0374 	EXP 	Sound  started
447.5565 	DATA 	Keypress: rctrl
447.7874 	EXP 	Sound  started
448.3244 	DATA 	Keypress: lctrl
448.5375 	EXP 	Sound  started
449.0765 	DATA 	Keypress: lctrl
449.2875 	EXP 	Sound  started
449.7965 	DATA 	Keypress: lctrl
450.0375 	EXP 	Sound  started
450.5325 	DATA 	Keypress: lctrl
450.7875 	EXP 	Sound  started
451.3005 	DATA 	Keypress: lctrl
451.5375 	EXP 	Sound  started
452.0845 	DATA 	Keypress: rctrl
452.2875 	EXP 	Sound  started
452.8204 	DATA 	Keypress: rctrl
453.0375 	EXP 	Sound  started
453.5085 	DATA 	Keypress: rctrl
453.7876 	EXP 	Sound  started
454.2284 	DATA 	Keypress: rctrl
454.5376 	EXP 	Sound  started
454.9324 	DATA 	Keypress: rctrl
455.2876 	EXP 	Sound  started
455.6045 	DATA 	Keypress: rctrl
456.0376 	EXP 	Sound  started
456.3885 	DATA 	Keypress: rctrl
456.7876 	EXP 	Sound  started
457.1085 	DATA 	Keypress: rctrl
457.5376 	EXP 	Sound  started
457.8284 	DATA 	Keypress: rctrl
458.2876 	EXP 	Sound  started
458.5324 	DATA 	Keypress: rctrl
459.0377 	EXP 	Sound  started
459.4925 	DATA 	Keypress: rctrl
459.7877 	EXP 	Sound  started
460.1325 	DATA 	Keypress: rctrl
460.5377 	EXP 	Sound  started
461.2877 	EXP 	Sound  started
461.6044 	DATA 	Keypress: lctrl
462.0377 	EXP 	Sound  started
462.2444 	DATA 	Keypress: rctrl
462.7877 	EXP 	Sound  started
463.0445 	DATA 	Keypress: lctrl
463.5377 	EXP 	Sound  started
463.7645 	DATA 	Keypress: rctrl
464.2878 	EXP 	Sound  started
464.5484 	DATA 	Keypress: lctrl
465.0378 	EXP 	Sound  started
465.3165 	DATA 	Keypress: rctrl
465.7878 	EXP 	Sound  started
466.0525 	DATA 	Keypress: lctrl
466.5378 	EXP 	Sound  started
466.7885 	DATA 	Keypress: rctrl
467.2878 	EXP 	Sound  started
467.5405 	DATA 	Keypress: rctrl
468.0378 	EXP 	Sound  started
468.2764 	DATA 	Keypress: rctrl
468.7878 	EXP 	Sound  started
469.0765 	DATA 	Keypress: rctrl
469.5378 	EXP 	Sound  started
469.8764 	DATA 	Keypress: rctrl
470.2879 	EXP 	Sound  started
470.6444 	DATA 	Keypress: rctrl
471.0379 	EXP 	Sound  started
471.4605 	DATA 	Keypress: rctrl
471.7879 	EXP 	Sound  started
472.1644 	DATA 	Keypress: rctrl
472.5379 	EXP 	Sound  started
472.9484 	DATA 	Keypress: rctrl
473.2879 	EXP 	Sound  started
473.6204 	DATA 	Keypress: rctrl
474.0379 	EXP 	Sound  started
474.4204 	DATA 	Keypress: rctrl
474.7879 	EXP 	Sound  started
475.1244 	DATA 	Keypress: rctrl
475.5379 	EXP 	Sound  started
475.8925 	DATA 	Keypress: lctrl
476.2880 	EXP 	Sound  started
476.6444 	DATA 	Keypress: lctrl
477.0380 	EXP 	Sound  started
477.3004 	DATA 	Keypress: rctrl
477.7880 	EXP 	Sound  started
478.1165 	DATA 	Keypress: lctrl
478.5380 	EXP 	Sound  started
478.8525 	DATA 	Keypress: rctrl
479.2880 	EXP 	Sound  started
479.6685 	DATA 	Keypress: lctrl
480.0380 	EXP 	Sound  started
480.3724 	DATA 	Keypress: rctrl
480.7880 	EXP 	Sound  started
481.0764 	DATA 	Keypress: lctrl
481.5381 	EXP 	Sound  started
481.8605 	DATA 	Keypress: lctrl
482.2881 	EXP 	Sound  started
482.7084 	DATA 	Keypress: lctrl
483.0381 	EXP 	Sound  started
483.4925 	DATA 	Keypress: lctrl
483.7881 	EXP 	Sound  started
484.2444 	DATA 	Keypress: lctrl
487.0791 	DATA 	Keypress: 3
487.0956 	EXP 	unnamed ShapeStim: vertices = <class 'numpy.ndarray'>
490.0858 	DATA 	Keypress: 4
490.1152 	EXP 	unnamed ShapeStim: vertices = <class 'numpy.ndarray'>
491.9168 	DATA 	Keypress: 3
491.9334 	EXP 	unnamed ShapeStim: vertices = <class 'numpy.ndarray'>
494.2186 	EXP 	Sound  started
494.2194 	DATA 	Keypress: rctrl
494.9165 	DATA 	Keypress: rctrl
494.9684 	EXP 	Sound  started
495.6524 	DATA 	Keypress: rctrl
495.7184 	EXP 	Sound  started
496.4524 	DATA 	Keypress: lctrl
496.4684 	EXP 	Sound  started
497.1405 	DATA 	Keypress: lctrl
497.2184 	EXP 	Sound  started
497.8764 	DATA 	Keypress: lctrl
497.9685 	EXP 	Sound  started
498.6604 	DATA 	Keypress: rctrl
498.7185 	EXP 	Sound  started
499.3964 	DATA 	Keypress: rctrl
499.4685 	EXP 	Sound  started
500.1324 	DATA 	Keypress: rctrl
500.2185 	EXP 	Sound  started
500.8365 	DATA 	Keypress: lctrl
500.9685 	EXP 	Sound  started
501.5885 	DATA 	Keypress: lctrl
501.7185 	EXP 	Sound  started
502.3565 	DATA 	Keypress: lctrl
502.4685 	EXP 	Sound  started
503.0764 	DATA 	Keypress: rctrl
503.2185 	EXP 	Sound  started
503.8764 	DATA 	Keypress: rctrl
503.9686 	EXP 	Sound  started
504.5804 	DATA 	Keypress: rctrl
504.7186 	EXP 	Sound  started
505.1724 	DATA 	Keypress: lctrl
505.4686 	EXP 	Sound  started
505.9725 	DATA 	Keypress: lctrl
506.2186 	EXP 	Sound  started
506.7085 	DATA 	Keypress: lctrl
506.9686 	EXP 	Sound  started
507.3644 	DATA 	Keypress: lctrl
507.7186 	EXP 	Sound  started
508.1004 	DATA 	Keypress: lctrl
508.4686 	EXP 	Sound  started
508.8044 	DATA 	Keypress: lctrl
509.2187 	EXP 	Sound  started
509.4924 	DATA 	Keypress: lctrl
509.9687 	EXP 	Sound  started
510.2444 	DATA 	Keypress: lctrl
510.7187 	EXP 	Sound  started
511.0124 	DATA 	Keypress: lctrl
511.4687 	EXP 	Sound  started
511.8125 	DATA 	Keypress: rctrl
512.2187 	EXP 	Sound  started
512.6284 	DATA 	Keypress: rctrl
512.9687 	EXP 	Sound  started
513.2684 	DATA 	Keypress: lctrl
513.7187 	EXP 	Sound  started
514.0045 	DATA 	Keypress: lctrl
514.4687 	EXP 	Sound  started
514.7244 	DATA 	Keypress: lctrl
515.2188 	EXP 	Sound  started
515.4604 	DATA 	Keypress: lctrl
515.9688 	EXP 	Sound  started
516.2284 	DATA 	Keypress: lctrl
516.7188 	EXP 	Sound  started
516.9964 	DATA 	Keypress: lctrl
517.4688 	EXP 	Sound  started
517.9244 	DATA 	Keypress: lctrl
518.2188 	EXP 	Sound  started
518.7244 	DATA 	Keypress: lctrl
518.9688 	EXP 	Sound  started
519.4124 	DATA 	Keypress: lctrl
519.7188 	EXP 	Sound  started
520.0364 	DATA 	Keypress: rctrl
520.4688 	EXP 	Sound  started
520.8364 	DATA 	Keypress: rctrl
521.2189 	EXP 	Sound  started
521.4604 	DATA 	Keypress: lctrl
521.9689 	EXP 	Sound  started
522.3084 	DATA 	Keypress: lctrl
522.7189 	EXP 	Sound  started
523.1724 	DATA 	Keypress: lctrl
523.4689 	EXP 	Sound  started
523.8924 	DATA 	Keypress: lctrl
524.2189 	EXP 	Sound  started
524.5964 	DATA 	Keypress: lctrl
524.9689 	EXP 	Sound  started
525.2684 	DATA 	Keypress: lctrl
525.7189 	EXP 	Sound  started
526.0364 	DATA 	Keypress: rctrl
526.4689 	EXP 	Sound  started
526.7883 	DATA 	Keypress: rctrl
527.2189 	EXP 	Sound  started
527.5244 	DATA 	Keypress: rctrl
527.9690 	EXP 	Sound  started
528.3085 	DATA 	Keypress: rctrl
528.7190 	EXP 	Sound  started
529.0765 	DATA 	Keypress: rctrl
529.4690 	EXP 	Sound  started
529.8124 	DATA 	Keypress: lctrl
530.2190 	EXP 	Sound  started
530.6125 	DATA 	Keypress: lctrl
530.9690 	EXP 	Sound  started
531.3004 	DATA 	Keypress: rctrl
531.7190 	EXP 	Sound  started
532.1324 	DATA 	Keypress: lctrl
532.4691 	EXP 	Sound  started
532.8204 	DATA 	Keypress: rctrl
533.2191 	EXP 	Sound  started
533.4923 	DATA 	Keypress: lctrl
533.9691 	EXP 	Sound  started
534.2283 	DATA 	Keypress: rctrl
534.7191 	EXP 	Sound  started
534.9484 	DATA 	Keypress: lctrl
535.4691 	EXP 	Sound  started
535.6844 	DATA 	Keypress: rctrl
536.2191 	EXP 	Sound  started
536.5483 	DATA 	Keypress: rctrl
536.9691 	EXP 	Sound  started
537.3164 	DATA 	Keypress: rctrl
537.7191 	EXP 	Sound  started
538.0204 	DATA 	Keypress: rctrl
538.4692 	EXP 	Sound  started
538.7564 	DATA 	Keypress: rctrl
539.2192 	EXP 	Sound  started
539.5404 	DATA 	Keypress: rctrl
539.9692 	EXP 	Sound  started
540.2605 	DATA 	Keypress: rctrl
540.7192 	EXP 	Sound  started
540.9643 	DATA 	Keypress: rctrl
541.4692 	EXP 	Sound  started
541.7484 	DATA 	Keypress: rctrl
542.2192 	EXP 	Sound  started
542.5004 	DATA 	Keypress: rctrl
542.9693 	EXP 	Sound  started
543.2684 	DATA 	Keypress: rctrl
543.7193 	EXP 	Sound  started
543.9723 	DATA 	Keypress: rctrl
544.4693 	EXP 	Sound  started
544.7563 	DATA 	Keypress: lctrl
545.2193 	EXP 	Sound  started
545.5404 	DATA 	Keypress: lctrl
545.9693 	EXP 	Sound  started
546.2764 	DATA 	Keypress: rctrl
546.7193 	EXP 	Sound  started
547.1243 	DATA 	Keypress: rctrl
547.4693 	EXP 	Sound  started
547.8604 	DATA 	Keypress: rctrl
548.2193 	EXP 	Sound  started
548.5964 	DATA 	Keypress: rctrl
548.9694 	EXP 	Sound  started
549.3644 	DATA 	Keypress: rctrl
549.7194 	EXP 	Sound  started
550.0205 	DATA 	Keypress: rctrl
550.4694 	EXP 	Sound  started
550.7564 	DATA 	Keypress: rctrl
551.2194 	EXP 	Sound  started
551.5084 	DATA 	Keypress: rctrl
551.9694 	EXP 	Sound  started
552.2283 	DATA 	Keypress: rctrl
552.7194 	EXP 	Sound  started
552.9804 	DATA 	Keypress: rctrl
553.4694 	EXP 	Sound  started
553.7644 	DATA 	Keypress: lctrl
554.2195 	EXP 	Sound  started
554.5965 	DATA 	Keypress: lctrl
554.9695 	EXP 	Sound  started
555.3324 	DATA 	Keypress: lctrl
555.7195 	EXP 	Sound  started
556.1003 	DATA 	Keypress: lctrl
560.5392 	DATA 	Keypress: 2
560.5557 	EXP 	unnamed ShapeStim: vertices = <class 'numpy.ndarray'>
563.5917 	DATA 	Keypress: 4
563.6082 	EXP 	unnamed ShapeStim: vertices = <class 'numpy.ndarray'>
566.3111 	DATA 	Keypress: 2
566.3276 	EXP 	unnamed ShapeStim: vertices = <class 'numpy.ndarray'>
568.6119 	EXP 	Sound  started
568.8205 	DATA 	Keypress: lctrl
569.3617 	EXP 	Sound  started
569.3964 	DATA 	Keypress: lctrl
570.1117 	EXP 	Sound  started
570.1324 	DATA 	Keypress: lctrl
570.7883 	DATA 	Keypress: rctrl
570.8618 	EXP 	Sound  started
571.5245 	DATA 	Keypress: lctrl
571.6118 	EXP 	Sound  started
572.2764 	DATA 	Keypress: lctrl
572.3618 	EXP 	Sound  started
573.0284 	DATA 	Keypress: lctrl
573.1118 	EXP 	Sound  started
573.8283 	DATA 	Keypress: rctrl
573.8618 	EXP 	Sound  started
574.5483 	DATA 	Keypress: lctrl
574.6118 	EXP 	Sound  started
575.2843 	DATA 	Keypress: lctrl
575.3618 	EXP 	Sound  started
576.0044 	DATA 	Keypress: lctrl
576.1119 	EXP 	Sound  started
576.7243 	DATA 	Keypress: lctrl
576.8619 	EXP 	Sound  started
577.4444 	DATA 	Keypress: lctrl
577.6119 	EXP 	Sound  started
578.1963 	DATA 	Keypress: lctrl
578.3619 	EXP 	Sound  started
578.9164 	DATA 	Keypress: lctrl
579.1119 	EXP 	Sound  started
579.6363 	DATA 	Keypress: rctrl
579.8619 	EXP 	Sound  started
580.3723 	DATA 	Keypress: rctrl
580.6119 	EXP 	Sound  started
581.1084 	DATA 	Keypress: rctrl
581.3619 	EXP 	Sound  started
581.7803 	DATA 	Keypress: rctrl
582.1119 	EXP 	Sound  started
582.4204 	DATA 	Keypress: rctrl
582.8620 	EXP 	Sound  started
583.2045 	DATA 	Keypress: rctrl
583.6120 	EXP 	Sound  started
584.0043 	DATA 	Keypress: rctrl
584.3620 	EXP 	Sound  started
584.7085 	DATA 	Keypress: rctrl
585.1120 	EXP 	Sound  started
585.4124 	DATA 	Keypress: rctrl
585.8620 	EXP 	Sound  started
586.1324 	DATA 	Keypress: rctrl
586.6120 	EXP 	Sound  started
586.8524 	DATA 	Keypress: rctrl
587.3620 	EXP 	Sound  started
587.6203 	DATA 	Keypress: rctrl
588.1121 	EXP 	Sound  started
588.3563 	DATA 	Keypress: rctrl
588.8621 	EXP 	Sound  started
589.1564 	DATA 	Keypress: rctrl
589.6121 	EXP 	Sound  started
589.9885 	DATA 	Keypress: lctrl
590.3621 	EXP 	Sound  started
590.8043 	DATA 	Keypress: lctrl
591.1121 	EXP 	Sound  started
591.4444 	DATA 	Keypress: lctrl
591.8621 	EXP 	Sound  started
592.1803 	DATA 	Keypress: lctrl
592.6121 	EXP 	Sound  started
592.9323 	DATA 	Keypress: lctrl
593.3621 	EXP 	Sound  started
593.7004 	DATA 	Keypress: lctrl
594.1122 	EXP 	Sound  started
594.5963 	DATA 	Keypress: lctrl
594.8622 	EXP 	Sound  started
595.3003 	DATA 	Keypress: lctrl
595.6122 	EXP 	Sound  started
596.1484 	DATA 	Keypress: lctrl
596.3622 	EXP 	Sound  started
596.9324 	DATA 	Keypress: lctrl
597.1122 	EXP 	Sound  started
597.6843 	DATA 	Keypress: lctrl
597.8622 	EXP 	Sound  started
598.4203 	DATA 	Keypress: lctrl
598.6122 	EXP 	Sound  started
599.0923 	DATA 	Keypress: lctrl
599.3623 	EXP 	Sound  started
599.8284 	DATA 	Keypress: lctrl
600.1123 	EXP 	Sound  started
600.5643 	DATA 	Keypress: lctrl
600.8623 	EXP 	Sound  started
601.2683 	DATA 	Keypress: lctrl
601.6123 	EXP 	Sound  started
602.0044 	DATA 	Keypress: lctrl
602.3623 	EXP 	Sound  started
602.7723 	DATA 	Keypress: lctrl
603.1123 	EXP 	Sound  started
603.5244 	DATA 	Keypress: rctrl
603.8623 	EXP 	Sound  started
604.3083 	DATA 	Keypress: rctrl
604.6124 	EXP 	Sound  started
605.0763 	DATA 	Keypress: rctrl
605.3624 	EXP 	Sound  started
605.7323 	DATA 	Keypress: rctrl
606.1124 	EXP 	Sound  started
606.5483 	DATA 	Keypress: rctrl
606.8624 	EXP 	Sound  started
607.2363 	DATA 	Keypress: rctrl
607.6124 	EXP 	Sound  started
607.9723 	DATA 	Keypress: rctrl
608.3624 	EXP 	Sound  started
608.6923 	DATA 	Keypress: rctrl
609.1124 	EXP 	Sound  started
609.4283 	DATA 	Keypress: rctrl
609.8624 	EXP 	Sound  started
610.2123 	DATA 	Keypress: rctrl
612.4317 	DATA 	Keypress: 3
612.4482 	EXP 	unnamed ShapeStim: vertices = <class 'numpy.ndarray'>
614.9176 	DATA 	Keypress: 4
614.9341 	EXP 	unnamed ShapeStim: vertices = <class 'numpy.ndarray'>
619.1409 	DATA 	Keypress: 2
619.1704 	EXP 	unnamed ShapeStim: vertices = <class 'numpy.ndarray'>
621.4548 	EXP 	Sound  started
621.4556 	DATA 	Keypress: rctrl
622.1644 	DATA 	Keypress: lctrl
622.2046 	EXP 	Sound  started
622.9163 	DATA 	Keypress: rctrl
622.9546 	EXP 	Sound  started
623.6523 	DATA 	Keypress: lctrl
623.7046 	EXP 	Sound  started
624.3883 	DATA 	Keypress: lctrl
624.4546 	EXP 	Sound  started
625.1243 	DATA 	Keypress: lctrl
625.2046 	EXP 	Sound  started
625.8123 	DATA 	Keypress: rctrl
625.9546 	EXP 	Sound  started
626.5963 	DATA 	Keypress: rctrl
626.7046 	EXP 	Sound  started
627.3643 	DATA 	Keypress: lctrl
627.4547 	EXP 	Sound  started
628.1483 	DATA 	Keypress: lctrl
628.2047 	EXP 	Sound  started
628.8363 	DATA 	Keypress: rctrl
628.9547 	EXP 	Sound  started
629.5884 	DATA 	Keypress: rctrl
629.7047 	EXP 	Sound  started
630.2763 	DATA 	Keypress: rctrl
630.4547 	EXP 	Sound  started
630.9803 	DATA 	Keypress: rctrl
631.2047 	EXP 	Sound  started
631.7483 	DATA 	Keypress: rctrl
631.9547 	EXP 	Sound  started
632.5003 	DATA 	Keypress: rctrl
632.7048 	EXP 	Sound  started
633.2523 	DATA 	Keypress: rctrl
633.4548 	EXP 	Sound  started
633.9723 	DATA 	Keypress: rctrl
634.2048 	EXP 	Sound  started
634.7403 	DATA 	Keypress: rctrl
634.9548 	EXP 	Sound  started
635.5243 	DATA 	Keypress: rctrl
635.7048 	EXP 	Sound  started
636.2283 	DATA 	Keypress: lctrl
636.4548 	EXP 	Sound  started
636.8523 	DATA 	Keypress: lctrl
637.2048 	EXP 	Sound  started
637.5563 	DATA 	Keypress: rctrl
637.9548 	EXP 	Sound  started
638.2443 	DATA 	Keypress: lctrl
638.7049 	EXP 	Sound  started
638.9803 	DATA 	Keypress: rctrl
639.4549 	EXP 	Sound  started
639.7323 	DATA 	Keypress: lctrl
640.2049 	EXP 	Sound  started
640.5163 	DATA 	Keypress: lctrl
640.9549 	EXP 	Sound  started
641.2523 	DATA 	Keypress: lctrl
641.7049 	EXP 	Sound  started
642.1004 	DATA 	Keypress: lctrl
642.4549 	EXP 	Sound  started
642.8363 	DATA 	Keypress: lctrl
643.2049 	EXP 	Sound  started
643.5563 	DATA 	Keypress: rctrl
643.9550 	EXP 	Sound  started
644.2603 	DATA 	Keypress: rctrl
644.7050 	EXP 	Sound  started
645.0604 	DATA 	Keypress: rctrl
645.4550 	EXP 	Sound  started
645.8123 	DATA 	Keypress: rctrl
646.2050 	EXP 	Sound  started
646.6123 	DATA 	Keypress: rctrl
646.9550 	EXP 	Sound  started
647.3324 	DATA 	Keypress: rctrl
647.7050 	EXP 	Sound  started
648.0043 	DATA 	Keypress: rctrl
648.4550 	EXP 	Sound  started
648.7563 	DATA 	Keypress: rctrl
649.2050 	EXP 	Sound  started
649.4923 	DATA 	Keypress: rctrl
649.9551 	EXP 	Sound  started
650.2763 	DATA 	Keypress: rctrl
650.7051 	EXP 	Sound  started
651.0283 	DATA 	Keypress: rctrl
651.4551 	EXP 	Sound  started
651.7484 	DATA 	Keypress: rctrl
652.2051 	EXP 	Sound  started
652.5803 	DATA 	Keypress: lctrl
652.9551 	EXP 	Sound  started
653.2843 	DATA 	Keypress: lctrl
653.7051 	EXP 	Sound  started
654.0363 	DATA 	Keypress: lctrl
654.4551 	EXP 	Sound  started
654.8043 	DATA 	Keypress: lctrl
655.2052 	EXP 	Sound  started
655.5883 	DATA 	Keypress: lctrl
655.9552 	EXP 	Sound  started
656.2923 	DATA 	Keypress: lctrl
656.7052 	EXP 	Sound  started
657.0603 	DATA 	Keypress: lctrl
657.4552 	EXP 	Sound  started
657.7803 	DATA 	Keypress: lctrl
658.2052 	EXP 	Sound  started
658.6123 	DATA 	Keypress: lctrl
658.9552 	EXP 	Sound  started
659.2843 	DATA 	Keypress: rctrl
659.7052 	EXP 	Sound  started
660.0204 	DATA 	Keypress: rctrl
660.4552 	EXP 	Sound  started
660.7724 	DATA 	Keypress: rctrl
661.2053 	EXP 	Sound  started
661.5884 	DATA 	Keypress: rctrl
661.9553 	EXP 	Sound  started
662.3243 	DATA 	Keypress: rctrl
662.7053 	EXP 	Sound  started
663.0444 	DATA 	Keypress: rctrl
663.4553 	EXP 	Sound  started
663.7803 	DATA 	Keypress: rctrl
664.2053 	EXP 	Sound  started
664.4363 	DATA 	Keypress: lctrl
664.9553 	EXP 	Sound  started
665.1723 	DATA 	Keypress: rctrl
665.7053 	EXP 	Sound  started
666.0043 	DATA 	Keypress: lctrl
666.4554 	EXP 	Sound  started
666.7883 	DATA 	Keypress: rctrl
667.2054 	EXP 	Sound  started
667.6683 	DATA 	Keypress: lctrl
667.9554 	EXP 	Sound  started
668.2763 	DATA 	Keypress: rctrl
668.7054 	EXP 	Sound  started
668.9963 	DATA 	Keypress: lctrl
669.4554 	EXP 	Sound  started
669.8284 	DATA 	Keypress: rctrl
670.2054 	EXP 	Sound  started
670.6282 	DATA 	Keypress: rctrl
670.9554 	EXP 	Sound  started
671.3963 	DATA 	Keypress: rctrl
671.7055 	EXP 	Sound  started
672.1643 	DATA 	Keypress: rctrl
672.4555 	EXP 	Sound  started
672.9003 	DATA 	Keypress: rctrl
673.2055 	EXP 	Sound  started
673.6363 	DATA 	Keypress: rctrl
673.9555 	EXP 	Sound  started
674.3403 	DATA 	Keypress: rctrl
674.7055 	EXP 	Sound  started
675.1403 	DATA 	Keypress: lctrl
675.4555 	EXP 	Sound  started
675.9083 	DATA 	Keypress: lctrl
676.2055 	EXP 	Sound  started
676.6604 	DATA 	Keypress: lctrl
676.9556 	EXP 	Sound  started
677.3482 	DATA 	Keypress: lctrl
677.7056 	EXP 	Sound  started
678.0683 	DATA 	Keypress: lctrl
678.4556 	EXP 	Sound  started
678.8042 	DATA 	Keypress: lctrl
679.2056 	EXP 	Sound  started
679.5563 	DATA 	Keypress: lctrl
679.9556 	EXP 	Sound  started
680.3563 	DATA 	Keypress: lctrl
684.7743 	DATA 	Keypress: 2
684.7908 	EXP 	unnamed ShapeStim: vertices = <class 'numpy.ndarray'>
687.0304 	DATA 	Keypress: 4
687.0598 	EXP 	unnamed ShapeStim: vertices = <class 'numpy.ndarray'>
690.0124 	DATA 	Keypress: 2
690.0289 	EXP 	unnamed ShapeStim: vertices = <class 'numpy.ndarray'>
692.3135 	EXP 	Sound  started
692.4684 	DATA 	Keypress: rctrl
693.0633 	EXP 	Sound  started
693.1083 	DATA 	Keypress: rctrl
693.8134 	EXP 	Sound  started
693.8283 	DATA 	Keypress: rctrl
694.5163 	DATA 	Keypress: lctrl
694.5634 	EXP 	Sound  started
695.3134 	EXP 	Sound  started
695.3323 	DATA 	Keypress: lctrl
695.9723 	DATA 	Keypress: rctrl
696.0634 	EXP 	Sound  started
696.7882 	DATA 	Keypress: rctrl
696.8134 	EXP 	Sound  started
697.5242 	DATA 	Keypress: rctrl
697.5634 	EXP 	Sound  started
698.2282 	DATA 	Keypress: rctrl
698.3134 	EXP 	Sound  started
698.9484 	DATA 	Keypress: rctrl
699.0635 	EXP 	Sound  started
699.7163 	DATA 	Keypress: rctrl
699.8135 	EXP 	Sound  started
700.4683 	DATA 	Keypress: rctrl
700.5635 	EXP 	Sound  started
701.2203 	DATA 	Keypress: rctrl
701.3135 	EXP 	Sound  started
701.9082 	DATA 	Keypress: lctrl
702.0635 	EXP 	Sound  started
702.6762 	DATA 	Keypress: lctrl
702.8135 	EXP 	Sound  started
703.3962 	DATA 	Keypress: lctrl
703.5635 	EXP 	Sound  started
704.1643 	DATA 	Keypress: rctrl
704.3136 	EXP 	Sound  started
704.9004 	DATA 	Keypress: lctrl
705.0636 	EXP 	Sound  started
705.6522 	DATA 	Keypress: lctrl
705.8136 	EXP 	Sound  started
706.4203 	DATA 	Keypress: rctrl
706.5636 	EXP 	Sound  started
707.1563 	DATA 	Keypress: rctrl
707.3136 	EXP 	Sound  started
707.9403 	DATA 	Keypress: rctrl
708.0636 	EXP 	Sound  started
708.6283 	DATA 	Keypress: rctrl
708.8136 	EXP 	Sound  started
709.3963 	DATA 	Keypress: rctrl
709.5636 	EXP 	Sound  started
710.1163 	DATA 	Keypress: rctrl
710.3137 	EXP 	Sound  started
710.8522 	DATA 	Keypress: lctrl
711.0637 	EXP 	Sound  started
711.6043 	DATA 	Keypress: lctrl
711.8137 	EXP 	Sound  started
712.3402 	DATA 	Keypress: lctrl
712.5637 	EXP 	Sound  started
713.0602 	DATA 	Keypress: rctrl
713.3137 	EXP 	Sound  started
713.8122 	DATA 	Keypress: lctrl
714.0638 	EXP 	Sound  started
714.5003 	DATA 	Keypress: rctrl
714.8137 	EXP 	Sound  started
715.2203 	DATA 	Keypress: lctrl
715.5638 	EXP 	Sound  started
715.9083 	DATA 	Keypress: rctrl
716.3138 	EXP 	Sound  started
716.7883 	DATA 	Keypress: rctrl
717.0638 	EXP 	Sound  started
717.5243 	DATA 	Keypress: rctrl
717.8138 	EXP 	Sound  started
718.2124 	DATA 	Keypress: rctrl
718.5638 	EXP 	Sound  started
719.0604 	DATA 	Keypress: rctrl
719.3138 	EXP 	Sound  started
719.8123 	DATA 	Keypress: rctrl
720.0638 	EXP 	Sound  started
720.5323 	DATA 	Keypress: rctrl
720.8139 	EXP 	Sound  started
721.2363 	DATA 	Keypress: rctrl
721.5639 	EXP 	Sound  started
721.9084 	DATA 	Keypress: rctrl
722.3139 	EXP 	Sound  started
722.7083 	DATA 	Keypress: rctrl
723.0639 	EXP 	Sound  started
723.4762 	DATA 	Keypress: lctrl
723.8139 	EXP 	Sound  started
724.2443 	DATA 	Keypress: lctrl
724.5639 	EXP 	Sound  started
724.9963 	DATA 	Keypress: lctrl
725.3139 	EXP 	Sound  started
725.7642 	DATA 	Keypress: lctrl
726.0640 	EXP 	Sound  started
726.5322 	DATA 	Keypress: lctrl
726.8140 	EXP 	Sound  started
727.3002 	DATA 	Keypress: lctrl
727.5640 	EXP 	Sound  started
728.1643 	DATA 	Keypress: lctrl
728.3140 	EXP 	Sound  started
728.9643 	DATA 	Keypress: lctrl
729.0640 	EXP 	Sound  started
729.7323 	DATA 	Keypress: lctrl
729.8141 	EXP 	Sound  started
730.5323 	DATA 	Keypress: lctrl
730.5640 	EXP 	Sound  started
731.1883 	DATA 	Keypress: rctrl
733.8978 	DATA 	Keypress: 3
733.9143 	EXP 	unnamed ShapeStim: vertices = <class 'numpy.ndarray'>
737.1338 	DATA 	Keypress: 4
737.1503 	EXP 	unnamed ShapeStim: vertices = <class 'numpy.ndarray'>
741.8377 	DATA 	Keypress: 3
741.8542 	EXP 	unnamed ShapeStim: vertices = <class 'numpy.ndarray'>
744.1392 	EXP 	Sound  started
744.1645 	DATA 	Keypress: rctrl
744.8682 	DATA 	Keypress: rctrl
744.8890 	EXP 	Sound  started
745.5242 	DATA 	Keypress: lctrl
745.6390 	EXP 	Sound  started
746.2762 	DATA 	Keypress: rctrl
746.3890 	EXP 	Sound  started
747.0763 	DATA 	Keypress: rctrl
747.1390 	EXP 	Sound  started
747.8123 	DATA 	Keypress: rctrl
747.8891 	EXP 	Sound  started
748.6122 	DATA 	Keypress: lctrl
748.6391 	EXP 	Sound  started
749.2843 	DATA 	Keypress: rctrl
749.3891 	EXP 	Sound  started
750.0843 	DATA 	Keypress: rctrl
750.1391 	EXP 	Sound  started
750.8202 	DATA 	Keypress: rctrl
750.8891 	EXP 	Sound  started
751.5883 	DATA 	Keypress: rctrl
751.6392 	EXP 	Sound  started
752.3082 	DATA 	Keypress: rctrl
752.3891 	EXP 	Sound  started
753.0122 	DATA 	Keypress: rctrl
753.1392 	EXP 	Sound  started
753.7962 	DATA 	Keypress: lctrl
753.8892 	EXP 	Sound  started
754.4842 	DATA 	Keypress: rctrl
754.6392 	EXP 	Sound  started
755.1882 	DATA 	Keypress: rctrl
755.3892 	EXP 	Sound  started
755.8922 	DATA 	Keypress: rctrl
756.1392 	EXP 	Sound  started
756.7242 	DATA 	Keypress: rctrl
756.8892 	EXP 	Sound  started
757.4923 	DATA 	Keypress: rctrl
757.6392 	EXP 	Sound  started
758.2282 	DATA 	Keypress: rctrl
758.3893 	EXP 	Sound  started
758.9482 	DATA 	Keypress: rctrl
759.1393 	EXP 	Sound  started
759.7322 	DATA 	Keypress: rctrl
759.8893 	EXP 	Sound  started
760.5162 	DATA 	Keypress: lctrl
760.6393 	EXP 	Sound  started
761.2682 	DATA 	Keypress: lctrl
761.3893 	EXP 	Sound  started
762.0522 	DATA 	Keypress: lctrl
762.1393 	EXP 	Sound  started
762.8042 	DATA 	Keypress: lctrl
762.8893 	EXP 	Sound  started
763.5242 	DATA 	Keypress: lctrl
763.6393 	EXP 	Sound  started
764.2763 	DATA 	Keypress: lctrl
764.3894 	EXP 	Sound  started
764.9803 	DATA 	Keypress: lctrl
765.1394 	EXP 	Sound  started
765.6682 	DATA 	Keypress: rctrl
765.8894 	EXP 	Sound  started
766.4842 	DATA 	Keypress: lctrl
766.6394 	EXP 	Sound  started
767.2842 	DATA 	Keypress: rctrl
767.3894 	EXP 	Sound  started
768.0202 	DATA 	Keypress: lctrl
768.1394 	EXP 	Sound  started
768.7722 	DATA 	Keypress: lctrl
768.8895 	EXP 	Sound  started
769.6203 	DATA 	Keypress: rctrl
769.6395 	EXP 	Sound  started
770.3243 	DATA 	Keypress: rctrl
770.3895 	EXP 	Sound  started
771.0282 	DATA 	Keypress: rctrl
771.1395 	EXP 	Sound  started
771.8895 	EXP 	Sound  started
771.9242 	DATA 	Keypress: rctrl
772.5802 	DATA 	Keypress: rctrl
772.6395 	EXP 	Sound  started
773.3163 	DATA 	Keypress: lctrl
773.3895 	EXP 	Sound  started
774.0522 	DATA 	Keypress: lctrl
774.1395 	EXP 	Sound  started
774.7402 	DATA 	Keypress: rctrl
774.8896 	EXP 	Sound  started
775.5562 	DATA 	Keypress: rctrl
775.6396 	EXP 	Sound  started
776.2922 	DATA 	Keypress: rctrl
776.3896 	EXP 	Sound  started
777.1396 	EXP 	Sound  started
777.8123 	DATA 	Keypress: lctrl
777.8896 	EXP 	Sound  started
778.5802 	DATA 	Keypress: lctrl
778.6396 	EXP 	Sound  started
779.3322 	DATA 	Keypress: lctrl
779.3896 	EXP 	Sound  started
780.0843 	DATA 	Keypress: lctrl
780.1397 	EXP 	Sound  started
780.8042 	DATA 	Keypress: lctrl
780.8897 	EXP 	Sound  started
781.5562 	DATA 	Keypress: lctrl
781.6397 	EXP 	Sound  started
782.3242 	DATA 	Keypress: lctrl
782.3897 	EXP 	Sound  started
783.0603 	DATA 	Keypress: lctrl
783.1397 	EXP 	Sound  started
783.8442 	DATA 	Keypress: lctrl
783.8897 	EXP 	Sound  started
784.6397 	EXP 	Sound  started
784.7083 	DATA 	Keypress: lctrl
785.3162 	DATA 	Keypress: lctrl
785.3898 	EXP 	Sound  started
786.0682 	DATA 	Keypress: lctrl
786.1398 	EXP 	Sound  started
786.7882 	DATA 	Keypress: lctrl
786.8898 	EXP 	Sound  started
787.6362 	DATA 	Keypress: lctrl
787.6398 	EXP 	Sound  started
788.3722 	DATA 	Keypress: lctrl
788.3898 	EXP 	Sound  started
789.0762 	DATA 	Keypress: lctrl
789.1398 	EXP 	Sound  started
789.7802 	DATA 	Keypress: lctrl
789.8899 	EXP 	Sound  started
790.5642 	DATA 	Keypress: rctrl
790.6399 	EXP 	Sound  started
791.3482 	DATA 	Keypress: rctrl
791.3899 	EXP 	Sound  started
792.0842 	DATA 	Keypress: rctrl
792.1399 	EXP 	Sound  started
792.7722 	DATA 	Keypress: rctrl
792.8899 	EXP 	Sound  started
793.5882 	DATA 	Keypress: lctrl
793.6399 	EXP 	Sound  started
794.3402 	DATA 	Keypress: lctrl
794.3899 	EXP 	Sound  started
795.0922 	DATA 	Keypress: lctrl
795.1399 	EXP 	Sound  started
795.8602 	DATA 	Keypress: lctrl
795.8900 	EXP 	Sound  started
796.5802 	DATA 	Keypress: lctrl
796.6400 	EXP 	Sound  started
797.3322 	DATA 	Keypress: rctrl
797.3900 	EXP 	Sound  started
798.1002 	DATA 	Keypress: rctrl
798.1400 	EXP 	Sound  started
798.8842 	DATA 	Keypress: lctrl
798.8900 	EXP 	Sound  started
799.6042 	DATA 	Keypress: lctrl
799.6400 	EXP 	Sound  started
800.3402 	DATA 	Keypress: rctrl
800.3900 	EXP 	Sound  started
801.1082 	DATA 	Keypress: rctrl
801.1401 	EXP 	Sound  started
801.8901 	EXP 	Sound  started
801.8922 	DATA 	Keypress: lctrl
802.6122 	DATA 	Keypress: lctrl
802.6401 	EXP 	Sound  started
803.3482 	DATA 	Keypress: lctrl
805.6899 	DATA 	Keypress: 3
805.7065 	EXP 	unnamed ShapeStim: vertices = <class 'numpy.ndarray'>
808.1962 	DATA 	Keypress: 4
808.2257 	EXP 	unnamed ShapeStim: vertices = <class 'numpy.ndarray'>
813.0960 	DATA 	Keypress: 2
813.1125 	EXP 	unnamed ShapeStim: vertices = <class 'numpy.ndarray'>
815.3973 	EXP 	Sound  started
815.3981 	DATA 	Keypress: rctrl
816.1322 	DATA 	Keypress: rctrl
816.1471 	EXP 	Sound  started
816.7882 	DATA 	Keypress: lctrl
816.8971 	EXP 	Sound  started
817.5561 	DATA 	Keypress: rctrl
817.6471 	EXP 	Sound  started
818.3241 	DATA 	Keypress: rctrl
818.3971 	EXP 	Sound  started
819.0442 	DATA 	Keypress: lctrl
819.1472 	EXP 	Sound  started
819.8282 	DATA 	Keypress: rctrl
819.8972 	EXP 	Sound  started
820.5642 	DATA 	Keypress: rctrl
820.6472 	EXP 	Sound  started
821.3002 	DATA 	Keypress: rctrl
821.3972 	EXP 	Sound  started
822.0842 	DATA 	Keypress: rctrl
822.1472 	EXP 	Sound  started
822.8522 	DATA 	Keypress: rctrl
822.8972 	EXP 	Sound  started
823.6201 	DATA 	Keypress: rctrl
823.6472 	EXP 	Sound  started
824.3882 	DATA 	Keypress: rctrl
824.3973 	EXP 	Sound  started
825.0923 	DATA 	Keypress: rctrl
825.1473 	EXP 	Sound  started
825.8122 	DATA 	Keypress: lctrl
825.8973 	EXP 	Sound  started
826.4682 	DATA 	Keypress: rctrl
826.6473 	EXP 	Sound  started
827.2361 	DATA 	Keypress: rctrl
827.3973 	EXP 	Sound  started
828.0202 	DATA 	Keypress: lctrl
828.1473 	EXP 	Sound  started
828.7562 	DATA 	Keypress: lctrl
828.8973 	EXP 	Sound  started
829.5403 	DATA 	Keypress: lctrl
829.6474 	EXP 	Sound  started
830.2283 	DATA 	Keypress: lctrl
830.3974 	EXP 	Sound  started
830.9483 	DATA 	Keypress: lctrl
831.1474 	EXP 	Sound  started
831.7161 	DATA 	Keypress: lctrl
831.8974 	EXP 	Sound  started
832.4202 	DATA 	Keypress: lctrl
832.6474 	EXP 	Sound  started
833.1402 	DATA 	Keypress: lctrl
833.3974 	EXP 	Sound  started
833.9401 	DATA 	Keypress: lctrl
834.1474 	EXP 	Sound  started
834.6602 	DATA 	Keypress: lctrl
834.8974 	EXP 	Sound  started
835.4122 	DATA 	Keypress: lctrl
835.6475 	EXP 	Sound  started
836.1002 	DATA 	Keypress: lctrl
836.3975 	EXP 	Sound  started
836.8682 	DATA 	Keypress: lctrl
837.1475 	EXP 	Sound  started
837.5562 	DATA 	Keypress: lctrl
837.8975 	EXP 	Sound  started
838.2603 	DATA 	Keypress: lctrl
838.6475 	EXP 	Sound  started
838.9803 	DATA 	Keypress: lctrl
839.3975 	EXP 	Sound  started
839.7002 	DATA 	Keypress: lctrl
840.1475 	EXP 	Sound  started
840.4041 	DATA 	Keypress: lctrl
840.8975 	EXP 	Sound  started
841.1881 	DATA 	Keypress: lctrl
841.6476 	EXP 	Sound  started
841.9722 	DATA 	Keypress: lctrl
842.3976 	EXP 	Sound  started
842.7082 	DATA 	Keypress: lctrl
843.1476 	EXP 	Sound  started
843.5082 	DATA 	Keypress: rctrl
843.8976 	EXP 	Sound  started
844.2922 	DATA 	Keypress: rctrl
844.6476 	EXP 	Sound  started
845.0443 	DATA 	Keypress: rctrl
845.3976 	EXP 	Sound  started
845.7642 	DATA 	Keypress: rctrl
846.1476 	EXP 	Sound  started
846.5482 	DATA 	Keypress: rctrl
846.8976 	EXP 	Sound  started
847.2682 	DATA 	Keypress: rctrl
847.6477 	EXP 	Sound  started
847.9561 	DATA 	Keypress: lctrl
848.3977 	EXP 	Sound  started
848.6921 	DATA 	Keypress: rctrl
849.1477 	EXP 	Sound  started
849.4283 	DATA 	Keypress: lctrl
849.8977 	EXP 	Sound  started
850.1002 	DATA 	Keypress: rctrl
850.6477 	EXP 	Sound  started
850.9641 	DATA 	Keypress: rctrl
851.3977 	EXP 	Sound  started
851.7002 	DATA 	Keypress: rctrl
852.1477 	EXP 	Sound  started
852.5001 	DATA 	Keypress: rctrl
852.8978 	EXP 	Sound  started
853.3323 	DATA 	Keypress: rctrl
853.6478 	EXP 	Sound  started
854.1322 	DATA 	Keypress: rctrl
854.3978 	EXP 	Sound  started
854.8842 	DATA 	Keypress: rctrl
855.1478 	EXP 	Sound  started
855.6361 	DATA 	Keypress: lctrl
855.8978 	EXP 	Sound  started
856.3882 	DATA 	Keypress: lctrl
856.6478 	EXP 	Sound  started
857.1722 	DATA 	Keypress: rctrl
857.3978 	EXP 	Sound  started
858.0202 	DATA 	Keypress: lctrl
858.1478 	EXP 	Sound  started
858.7882 	DATA 	Keypress: lctrl
858.8978 	EXP 	Sound  started
859.5561 	DATA 	Keypress: lctrl
859.6479 	EXP 	Sound  started
860.2921 	DATA 	Keypress: lctrl
860.3979 	EXP 	Sound  started
861.0442 	DATA 	Keypress: lctrl
861.1479 	EXP 	Sound  started
861.8281 	DATA 	Keypress: lctrl
861.8979 	EXP 	Sound  started
862.5641 	DATA 	Keypress: lctrl
862.6479 	EXP 	Sound  started
863.3482 	DATA 	Keypress: rctrl
863.3979 	EXP 	Sound  started
864.1001 	DATA 	Keypress: lctrl
864.1479 	EXP 	Sound  started
864.8042 	DATA 	Keypress: rctrl
864.8980 	EXP 	Sound  started
865.5082 	DATA 	Keypress: rctrl
865.6480 	EXP 	Sound  started
866.2281 	DATA 	Keypress: rctrl
866.3980 	EXP 	Sound  started
866.9962 	DATA 	Keypress: rctrl
867.1480 	EXP 	Sound  started
867.7001 	DATA 	Keypress: rctrl
867.8980 	EXP 	Sound  started
868.4201 	DATA 	Keypress: rctrl
868.6480 	EXP 	Sound  started
869.1401 	DATA 	Keypress: rctrl
869.3980 	EXP 	Sound  started
869.9402 	DATA 	Keypress: rctrl
870.1480 	EXP 	Sound  started
870.7721 	DATA 	Keypress: rctrl
870.8981 	EXP 	Sound  started
871.5242 	DATA 	Keypress: rctrl
871.6481 	EXP 	Sound  started
872.2762 	DATA 	Keypress: rctrl
872.3981 	EXP 	Sound  started
873.0122 	DATA 	Keypress: rctrl
873.1481 	EXP 	Sound  started
873.7642 	DATA 	Keypress: rctrl
873.8981 	EXP 	Sound  started
874.5321 	DATA 	Keypress: rctrl
877.2152 	DATA 	Keypress: 2
877.2317 	EXP 	unnamed ShapeStim: vertices = <class 'numpy.ndarray'>
880.2348 	DATA 	Keypress: 4
880.2513 	EXP 	unnamed ShapeStim: vertices = <class 'numpy.ndarray'>
882.2026 	DATA 	Keypress: 2
882.2191 	EXP 	unnamed ShapeStim: vertices = <class 'numpy.ndarray'>
886.5224 	DATA 	Keypress: rctrl
1172.5482 	DATA 	Keypress: escape
1172.6109 	EXP 	window1: mouseVisible = True
