13.2833 	WARNING 	User requested fullscreen with size [1024  768], but screen is actually [1920, 1200]. Using actual size
14.1058 	EXP 	Created window1 = Window(allowGUI=False, allowStencil=False, autoLog=True, backendConf=UNKNOWN, bitsMode=UNKNOWN, blendMode='avg', bpc=(8, 8, 8), color=array([0, 0, 0]), colorSpace='rgb', depthBits=8, fullscr=<method-wrapper '__getattribute__' of attributeSetter object at 0x000001E058617780>, gamma=None, gammaErrorPolicy='raise', lms=UNKNOWN, monitor=<psychopy.monitors.calibTools.Monitor object at 0x000001E059D54080>, multiSample=False, name='window1', numSamples=2, pos=[0.0, 0.0], screen=0, size=array([1920, 1200]), stencilBits=0, stereo=False, units='norm', useFBO=True, useRetina=False, viewOri=0.0, viewPos=None, viewScale=None, waitBlanking=True, winType='pyglet')
14.1061 	EXP 	window1: mouseVisible = True
14.1062 	EXP 	window1: mouseVisible = False
14.1062 	EXP 	window1: recordFrameIntervals = False
14.2723 	EXP 	window1: recordFrameIntervals = True
14.4559 	EXP 	window1: recordFrameIntervals = False
14.5097 	EXP 	Created text = TextStim(__class__=<class 'psychopy.visual.text.TextStim'>, alignHoriz=method-wrapper(...), alignText='center', alignVert=method-wrapper(...), anchorHoriz='center', anchorVert='center', antialias=True, autoLog=True, bold=False, color=array([1., 1., 1.]), colorSpace='rgb', contrast=1.0, depth=0.0, flipHoriz=False, flipVert=False, font='Arial', fontFiles=[], height=0.15, italic=False, languageStyle='LTR', name='text', opacity=1, ori=0, pos=array([0., 0.]), rgb=UNKNOWN, text='+', units='norm', win=Window(...), wrapWidth=1)
14.5325 	EXP 	Created text = TextStim(__class__=<class 'psychopy.visual.text.TextStim'>, alignHoriz=method-wrapper(...), alignText='center', alignVert=method-wrapper(...), anchorHoriz='center', anchorVert='center', antialias=True, autoLog=True, bold=False, color=array([1., 1., 1.]), colorSpace='rgb', contrast=1.0, depth=0.0, flipHoriz=False, flipVert=False, font='Arial', fontFiles=[], height=0.07, italic=False, languageStyle='LTR', name='text', opacity=1, ori=0, pos=array([0., 0.]), rgb=UNKNOWN, text=str(...), units='norm', win=Window(...), wrapWidth=1.65)
14.5421 	EXP 	Created text = TextStim(__class__=<class 'psychopy.visual.text.TextStim'>, alignHoriz=method-wrapper(...), alignText='center', alignVert=method-wrapper(...), anchorHoriz='center', anchorVert='center', antialias=True, autoLog=True, bold=False, color=array([1., 1., 1.]), colorSpace='rgb', contrast=1.0, depth=0.0, flipHoriz=False, flipVert=False, font='Arial', fontFiles=[], height=0.07, italic=False, languageStyle='LTR', name='text', opacity=1, ori=0, pos=array([0., 0.]), rgb=UNKNOWN, text=str(...), units='norm', win=Window(...), wrapWidth=1.65)
14.5514 	EXP 	Created text = TextStim(__class__=<class 'psychopy.visual.text.TextStim'>, alignHoriz=method-wrapper(...), alignText='center', alignVert=method-wrapper(...), anchorHoriz='center', anchorVert='center', antialias=True, autoLog=True, bold=False, color=array([1., 1., 1.]), colorSpace='rgb', contrast=1.0, depth=0.0, flipHoriz=False, flipVert=False, font='Arial', fontFiles=[], height=0.07, italic=False, languageStyle='LTR', name='text', opacity=1, ori=0, pos=array([0., 0.]), rgb=UNKNOWN, text=str(...), units='norm', win=Window(...), wrapWidth=1.65)
14.5622 	EXP 	Created text = TextStim(__class__=<class 'psychopy.visual.text.TextStim'>, alignHoriz=method-wrapper(...), alignText='center', alignVert=method-wrapper(...), anchorHoriz='center', anchorVert='center', antialias=True, autoLog=True, bold=False, color=array([1., 1., 1.]), colorSpace='rgb', contrast=1.0, depth=0.0, flipHoriz=False, flipVert=False, font='Arial', fontFiles=[], height=0.07, italic=False, languageStyle='LTR', name='text', opacity=1, ori=0, pos=array([0., 0.]), rgb=UNKNOWN, text=str(...), units='norm', win=Window(...), wrapWidth=1.65)
14.5684 	EXP 	Created text = TextStim(__class__=<class 'psychopy.visual.text.TextStim'>, alignHoriz=method-wrapper(...), alignText='center', alignVert=method-wrapper(...), anchorHoriz='center', anchorVert='center', antialias=True, autoLog=True, bold=False, color=array([1., 1., 1.]), colorSpace='rgb', contrast=1.0, depth=0.0, flipHoriz=False, flipVert=False, font='Arial', fontFiles=[], height=0.07, italic=False, languageStyle='LTR', name='text', opacity=1, ori=0, pos=array([0., 0.]), rgb=UNKNOWN, text=str(...), units='norm', win=Window(...), wrapWidth=1.65)
14.5829 	EXP 	Created text = TextStim(__class__=<class 'psychopy.visual.text.TextStim'>, alignHoriz=method-wrapper(...), alignText='center', alignVert=method-wrapper(...), anchorHoriz='center', anchorVert='center', antialias=True, autoLog=True, bold=False, color=array([1., 1., 1.]), colorSpace='rgb', contrast=1.0, depth=0.0, flipHoriz=False, flipVert=False, font='Arial', fontFiles=[], height=0.15, italic=False, languageStyle='LTR', name='text', opacity=1, ori=0, pos=array([0., 0.]), rgb=UNKNOWN, text=str(...), units='norm', win=Window(...), wrapWidth=1.65)
14.6121 	EXP 	Created text = TextStim(__class__=<class 'psychopy.visual.text.TextStim'>, alignHoriz=method-wrapper(...), alignText='center', alignVert=method-wrapper(...), anchorHoriz='center', anchorVert='center', antialias=True, autoLog=True, bold=False, color=array([1., 1., 1.]), colorSpace='rgb', contrast=1.0, depth=0.0, flipHoriz=False, flipVert=False, font='Arial', fontFiles=[], height=0.07, italic=False, languageStyle='LTR', name='text', opacity=1, ori=0, pos=array([0., 0.]), rgb=UNKNOWN, text=str(...), units='norm', win=Window(...), wrapWidth=1.65)
14.6328 	EXP 	Created text = TextStim(__class__=<class 'psychopy.visual.text.TextStim'>, alignHoriz=method-wrapper(...), alignText='center', alignVert=method-wrapper(...), anchorHoriz='center', anchorVert='center', antialias=True, autoLog=True, bold=False, color=array([1., 1., 1.]), colorSpace='rgb', contrast=1.0, depth=0.0, flipHoriz=False, flipVert=False, font='Arial', fontFiles=[], height=0.07, italic=False, languageStyle='LTR', name='text', opacity=1, ori=0, pos=array([0., 0.]), rgb=UNKNOWN, text=str(...), units='norm', win=Window(...), wrapWidth=1.65)
14.6631 	EXP 	Created text = TextStim(__class__=<class 'psychopy.visual.text.TextStim'>, alignHoriz=method-wrapper(...), alignText='center', alignVert=method-wrapper(...), anchorHoriz='center', anchorVert='center', antialias=True, autoLog=True, bold=False, color=array([1., 1., 1.]), colorSpace='rgb', contrast=1.0, depth=0.0, flipHoriz=False, flipVert=False, font='Arial', fontFiles=[], height=0.07, italic=False, languageStyle='LTR', name='text', opacity=1, ori=0, pos=array([0., 0.]), rgb=UNKNOWN, text=str(...), units='norm', win=Window(...), wrapWidth=1.65)
14.6867 	EXP 	Created text = TextStim(__class__=<class 'psychopy.visual.text.TextStim'>, alignHoriz=method-wrapper(...), alignText='center', alignVert=method-wrapper(...), anchorHoriz='center', anchorVert='center', antialias=True, autoLog=True, bold=False, color=array([1., 1., 1.]), colorSpace='rgb', contrast=1.0, depth=0.0, flipHoriz=False, flipVert=False, font='Arial', fontFiles=[], height=0.07, italic=False, languageStyle='LTR', name='text', opacity=1, ori=0, pos=array([0., 0.]), rgb=UNKNOWN, text=str(...), units='norm', win=Window(...), wrapWidth=1.65)
14.7169 	EXP 	Created text = TextStim(__class__=<class 'psychopy.visual.text.TextStim'>, alignHoriz=method-wrapper(...), alignText='center', alignVert=method-wrapper(...), anchorHoriz='center', anchorVert='center', antialias=True, autoLog=True, bold=False, color=array([1., 1., 1.]), colorSpace='rgb', contrast=1.0, depth=0.0, flipHoriz=False, flipVert=False, font='Arial', fontFiles=[], height=0.07, italic=False, languageStyle='LTR', name='text', opacity=1, ori=0, pos=array([0., 0.]), rgb=UNKNOWN, text=str(...), units='norm', win=Window(...), wrapWidth=1.65)
14.7274 	EXP 	Created text = TextStim(__class__=<class 'psychopy.visual.text.TextStim'>, alignHoriz=method-wrapper(...), alignText='center', alignVert=method-wrapper(...), anchorHoriz='center', anchorVert='center', antialias=True, autoLog=True, bold=False, color=array([1., 1., 1.]), colorSpace='rgb', contrast=1.0, depth=0.0, flipHoriz=False, flipVert=False, font='Arial', fontFiles=[], height=0.07, italic=False, languageStyle='LTR', name='text', opacity=1, ori=0, pos=array([0., 0.]), rgb=UNKNOWN, text=str(...), units='norm', win=Window(...), wrapWidth=1.65)
14.7397 	EXP 	Created text = TextStim(__class__=<class 'psychopy.visual.text.TextStim'>, alignHoriz=method-wrapper(...), alignText='center', alignVert=method-wrapper(...), anchorHoriz='center', anchorVert='center', antialias=True, autoLog=True, bold=False, color=array([1., 1., 1.]), colorSpace='rgb', contrast=1.0, depth=0.0, flipHoriz=False, flipVert=False, font='Arial', fontFiles=[], height=0.07, italic=False, languageStyle='LTR', name='text', opacity=1, ori=0, pos=array([0., 0.]), rgb=UNKNOWN, text=str(...), units='norm', win=Window(...), wrapWidth=1.65)
14.7442 	EXP 	Created instru = TextStim(__class__=<class 'psychopy.visual.text.TextStim'>, alignHoriz=method-wrapper(...), alignText='center', alignVert=method-wrapper(...), anchorHoriz='center', anchorVert='center', antialias=True, autoLog=True, bold=False, color=array([1., 1., 1.]), colorSpace='rgb', contrast=1.0, depth=0.0, flipHoriz=False, flipVert=False, font='Arial', fontFiles=[], height=0.07, italic=False, languageStyle='LTR', name='instru', opacity=1, ori=0, pos=array([0. , 0.5]), rgb=UNKNOWN, text=str(...), units='norm', win=Window(...), wrapWidth=1)
14.7467 	EXP 	Created unnamed Line = Line(__class__=<class 'psychopy.visual.line.Line'>, autoDraw=False, autoLog=True, closeShape=False, color=array([1., 1., 1.]), colorSpace='rgb', contrast=None, depth=0, fillColor=array([0, 0, 0]), fillColorSpace='rgb', fillRGB=array([0, 0, 0]), interpolate=True, lineColor=array([1., 1., 1.]), lineColorSpace='rgb', lineRGB=array([1, 1, 1]), lineWidth=5, name='unnamed Line', opacity=0.5, ori=0.0, pos=array([0., 0.]), size=array([1., 1.]), units='norm', vertices=array([[-0.5,  0. ],
       [ 0.5,  0. ]]), win=Window(...), windingRule=None)
14.7487 	EXP 	Created unnamed Line = Line(__class__=<class 'psychopy.visual.line.Line'>, autoDraw=False, autoLog=True, closeShape=False, color=array([1., 1., 1.]), colorSpace='rgb', contrast=None, depth=0, fillColor=array([0, 0, 0]), fillColorSpace='rgb', fillRGB=array([0, 0, 0]), interpolate=True, lineColor=array([1., 1., 1.]), lineColorSpace='rgb', lineRGB=array([1, 1, 1]), lineWidth=3, name='unnamed Line', opacity=0.5, ori=0.0, pos=array([0., 0.]), size=array([1., 1.]), units='norm', vertices=array([[-0.5 , -0.05],
       [-0.5 ,  0.05]]), win=Window(...), windingRule=None)
14.7507 	EXP 	Created unnamed Line = Line(__class__=<class 'psychopy.visual.line.Line'>, autoDraw=False, autoLog=True, closeShape=False, color=array([1., 1., 1.]), colorSpace='rgb', contrast=None, depth=0, fillColor=array([0, 0, 0]), fillColorSpace='rgb', fillRGB=array([0, 0, 0]), interpolate=True, lineColor=array([1., 1., 1.]), lineColorSpace='rgb', lineRGB=array([1, 1, 1]), lineWidth=3, name='unnamed Line', opacity=0.5, ori=0.0, pos=array([0., 0.]), size=array([1., 1.]), units='norm', vertices=ndarray(...), win=Window(...), windingRule=None)
14.7526 	EXP 	Created unnamed Line = Line(__class__=<class 'psychopy.visual.line.Line'>, autoDraw=False, autoLog=True, closeShape=False, color=array([1., 1., 1.]), colorSpace='rgb', contrast=None, depth=0, fillColor=array([0, 0, 0]), fillColorSpace='rgb', fillRGB=array([0, 0, 0]), interpolate=True, lineColor=array([1., 1., 1.]), lineColorSpace='rgb', lineRGB=array([1, 1, 1]), lineWidth=3, name='unnamed Line', opacity=0.5, ori=0.0, pos=array([0., 0.]), size=array([1., 1.]), units='norm', vertices=ndarray(...), win=Window(...), windingRule=None)
14.7546 	EXP 	Created unnamed Line = Line(__class__=<class 'psychopy.visual.line.Line'>, autoDraw=False, autoLog=True, closeShape=False, color=array([1., 1., 1.]), colorSpace='rgb', contrast=None, depth=0, fillColor=array([0, 0, 0]), fillColorSpace='rgb', fillRGB=array([0, 0, 0]), interpolate=True, lineColor=array([1., 1., 1.]), lineColorSpace='rgb', lineRGB=array([1, 1, 1]), lineWidth=3, name='unnamed Line', opacity=0.5, ori=0.0, pos=array([0., 0.]), size=array([1., 1.]), units='norm', vertices=array([[ 0.5 , -0.05],
       [ 0.5 ,  0.05]]), win=Window(...), windingRule=None)
14.7672 	EXP 	Created unnamed TextStim = TextStim(__class__=<class 'psychopy.visual.text.TextStim'>, alignHoriz=method-wrapper(...), alignText='center', alignVert=method-wrapper(...), anchorHoriz='center', anchorVert='center', antialias=True, autoLog=True, bold=False, color=array([1., 1., 1.]), colorSpace='rgb', contrast=1.0, depth=0, flipHoriz=False, flipVert=False, font='', fontFiles=[], height=0.05, italic=False, languageStyle='LTR', name='unnamed TextStim', opacity=1.0, ori=0.0, pos=array([-0.5, -0.1]), rgb=UNKNOWN, text='Helt klart \n IKKE FOKUSERT', units='norm', win=Window(...), wrapWidth=1)
14.7683 	EXP 	Created unnamed TextStim = TextStim(__class__=<class 'psychopy.visual.text.TextStim'>, alignHoriz=method-wrapper(...), alignText='center', alignVert=method-wrapper(...), anchorHoriz='center', anchorVert='center', antialias=True, autoLog=True, bold=False, color=array([1., 1., 1.]), colorSpace='rgb', contrast=1.0, depth=0, flipHoriz=False, flipVert=False, font='', fontFiles=[], height=0.05, italic=False, languageStyle='LTR', name='unnamed TextStim', opacity=1.0, ori=0.0, pos=array([-0.16666667, -0.1       ]), rgb=UNKNOWN, text='', units='norm', win=Window(...), wrapWidth=1)
14.7693 	EXP 	Created unnamed TextStim = TextStim(__class__=<class 'psychopy.visual.text.TextStim'>, alignHoriz=method-wrapper(...), alignText='center', alignVert=method-wrapper(...), anchorHoriz='center', anchorVert='center', antialias=True, autoLog=True, bold=False, color=array([1., 1., 1.]), colorSpace='rgb', contrast=1.0, depth=0, flipHoriz=False, flipVert=False, font='', fontFiles=[], height=0.05, italic=False, languageStyle='LTR', name='unnamed TextStim', opacity=1.0, ori=0.0, pos=array([ 0.16666667, -0.1       ]), rgb=UNKNOWN, text='', units='norm', win=Window(...), wrapWidth=1)
14.7728 	EXP 	Created unnamed TextStim = TextStim(__class__=<class 'psychopy.visual.text.TextStim'>, alignHoriz=method-wrapper(...), alignText='center', alignVert=method-wrapper(...), anchorHoriz='center', anchorVert='center', antialias=True, autoLog=True, bold=False, color=array([1., 1., 1.]), colorSpace='rgb', contrast=1.0, depth=0, flipHoriz=False, flipVert=False, font='', fontFiles=[], height=0.05, italic=False, languageStyle='LTR', name='unnamed TextStim', opacity=1.0, ori=0.0, pos=array([ 0.5, -0.1]), rgb=UNKNOWN, text='Helt klart \n FOKUSERT', units='norm', win=Window(...), wrapWidth=1)
14.7749 	EXP 	Created unnamed ShapeStim = ShapeStim(__class__=<class 'psychopy.visual.shape.ShapeStim'>, autoDraw=False, autoLog=True, closeShape=True, color=method-wrapper(...), colorSpace='rgb', contrast=None, depth=0, fillColor=array([1, 1, 1]), fillColorSpace='rgb', fillRGB=array([1, 1, 1]), interpolate=True, lineColor=array([-1., -1., -1.]), lineColorSpace='rgb', lineRGB=array([-1, -1, -1]), lineWidth=1.5, name='unnamed ShapeStim', opacity=1.0, ori=0.0, pos=array([0., 0.]), size=array([1., 1.]), units='norm', vertices=ndarray(...), win=Window(...), windingRule=None)
14.7825 	EXP 	Created instru = TextStim(__class__=<class 'psychopy.visual.text.TextStim'>, alignHoriz=method-wrapper(...), alignText='center', alignVert=method-wrapper(...), anchorHoriz='center', anchorVert='center', antialias=True, autoLog=True, bold=False, color=array([1., 1., 1.]), colorSpace='rgb', contrast=1.0, depth=0.0, flipHoriz=False, flipVert=False, font='Arial', fontFiles=[], height=0.07, italic=False, languageStyle='LTR', name='instru', opacity=1, ori=0, pos=array([0. , 0.5]), rgb=UNKNOWN, text=str(...), units='norm', win=Window(...), wrapWidth=1)
14.7846 	EXP 	Created unnamed Line = Line(__class__=<class 'psychopy.visual.line.Line'>, autoDraw=False, autoLog=True, closeShape=False, color=array([1., 1., 1.]), colorSpace='rgb', contrast=None, depth=0, fillColor=array([0, 0, 0]), fillColorSpace='rgb', fillRGB=array([0, 0, 0]), interpolate=True, lineColor=array([1., 1., 1.]), lineColorSpace='rgb', lineRGB=array([1, 1, 1]), lineWidth=5, name='unnamed Line', opacity=0.5, ori=0.0, pos=array([0., 0.]), size=array([1., 1.]), units='norm', vertices=array([[-0.5,  0. ],
       [ 0.5,  0. ]]), win=Window(...), windingRule=None)
14.7866 	EXP 	Created unnamed Line = Line(__class__=<class 'psychopy.visual.line.Line'>, autoDraw=False, autoLog=True, closeShape=False, color=array([1., 1., 1.]), colorSpace='rgb', contrast=None, depth=0, fillColor=array([0, 0, 0]), fillColorSpace='rgb', fillRGB=array([0, 0, 0]), interpolate=True, lineColor=array([1., 1., 1.]), lineColorSpace='rgb', lineRGB=array([1, 1, 1]), lineWidth=3, name='unnamed Line', opacity=0.5, ori=0.0, pos=array([0., 0.]), size=array([1., 1.]), units='norm', vertices=array([[-0.5 , -0.05],
       [-0.5 ,  0.05]]), win=Window(...), windingRule=None)
14.7887 	EXP 	Created unnamed Line = Line(__class__=<class 'psychopy.visual.line.Line'>, autoDraw=False, autoLog=True, closeShape=False, color=array([1., 1., 1.]), colorSpace='rgb', contrast=None, depth=0, fillColor=array([0, 0, 0]), fillColorSpace='rgb', fillRGB=array([0, 0, 0]), interpolate=True, lineColor=array([1., 1., 1.]), lineColorSpace='rgb', lineRGB=array([1, 1, 1]), lineWidth=3, name='unnamed Line', opacity=0.5, ori=0.0, pos=array([0., 0.]), size=array([1., 1.]), units='norm', vertices=ndarray(...), win=Window(...), windingRule=None)
14.7908 	EXP 	Created unnamed Line = Line(__class__=<class 'psychopy.visual.line.Line'>, autoDraw=False, autoLog=True, closeShape=False, color=array([1., 1., 1.]), colorSpace='rgb', contrast=None, depth=0, fillColor=array([0, 0, 0]), fillColorSpace='rgb', fillRGB=array([0, 0, 0]), interpolate=True, lineColor=array([1., 1., 1.]), lineColorSpace='rgb', lineRGB=array([1, 1, 1]), lineWidth=3, name='unnamed Line', opacity=0.5, ori=0.0, pos=array([0., 0.]), size=array([1., 1.]), units='norm', vertices=ndarray(...), win=Window(...), windingRule=None)
14.7928 	EXP 	Created unnamed Line = Line(__class__=<class 'psychopy.visual.line.Line'>, autoDraw=False, autoLog=True, closeShape=False, color=array([1., 1., 1.]), colorSpace='rgb', contrast=None, depth=0, fillColor=array([0, 0, 0]), fillColorSpace='rgb', fillRGB=array([0, 0, 0]), interpolate=True, lineColor=array([1., 1., 1.]), lineColorSpace='rgb', lineRGB=array([1, 1, 1]), lineWidth=3, name='unnamed Line', opacity=0.5, ori=0.0, pos=array([0., 0.]), size=array([1., 1.]), units='norm', vertices=array([[ 0.5 , -0.05],
       [ 0.5 ,  0.05]]), win=Window(...), windingRule=None)
14.7987 	EXP 	Created unnamed TextStim = TextStim(__class__=<class 'psychopy.visual.text.TextStim'>, alignHoriz=method-wrapper(...), alignText='center', alignVert=method-wrapper(...), anchorHoriz='center', anchorVert='center', antialias=True, autoLog=True, bold=False, color=array([1., 1., 1.]), colorSpace='rgb', contrast=1.0, depth=0, flipHoriz=False, flipVert=False, font='', fontFiles=[], height=0.05, italic=False, languageStyle='LTR', name='unnamed TextStim', opacity=1.0, ori=0.0, pos=array([-0.5, -0.1]), rgb=UNKNOWN, text='Helt klart \n INGENTING', units='norm', win=Window(...), wrapWidth=1)
14.7998 	EXP 	Created unnamed TextStim = TextStim(__class__=<class 'psychopy.visual.text.TextStim'>, alignHoriz=method-wrapper(...), alignText='center', alignVert=method-wrapper(...), anchorHoriz='center', anchorVert='center', antialias=True, autoLog=True, bold=False, color=array([1., 1., 1.]), colorSpace='rgb', contrast=1.0, depth=0, flipHoriz=False, flipVert=False, font='', fontFiles=[], height=0.05, italic=False, languageStyle='LTR', name='unnamed TextStim', opacity=1.0, ori=0.0, pos=array([-0.16666667, -0.1       ]), rgb=UNKNOWN, text='', units='norm', win=Window(...), wrapWidth=1)
14.8008 	EXP 	Created unnamed TextStim = TextStim(__class__=<class 'psychopy.visual.text.TextStim'>, alignHoriz=method-wrapper(...), alignText='center', alignVert=method-wrapper(...), anchorHoriz='center', anchorVert='center', antialias=True, autoLog=True, bold=False, color=array([1., 1., 1.]), colorSpace='rgb', contrast=1.0, depth=0, flipHoriz=False, flipVert=False, font='', fontFiles=[], height=0.05, italic=False, languageStyle='LTR', name='unnamed TextStim', opacity=1.0, ori=0.0, pos=array([ 0.16666667, -0.1       ]), rgb=UNKNOWN, text='', units='norm', win=Window(...), wrapWidth=1)
14.8041 	EXP 	Created unnamed TextStim = TextStim(__class__=<class 'psychopy.visual.text.TextStim'>, alignHoriz=method-wrapper(...), alignText='center', alignVert=method-wrapper(...), anchorHoriz='center', anchorVert='center', antialias=True, autoLog=True, bold=False, color=array([1., 1., 1.]), colorSpace='rgb', contrast=1.0, depth=0, flipHoriz=False, flipVert=False, font='', fontFiles=[], height=0.05, italic=False, languageStyle='LTR', name='unnamed TextStim', opacity=1.0, ori=0.0, pos=array([ 0.5, -0.1]), rgb=UNKNOWN, text='Helt klart \n NOE', units='norm', win=Window(...), wrapWidth=1)
14.8060 	EXP 	Created unnamed ShapeStim = ShapeStim(__class__=<class 'psychopy.visual.shape.ShapeStim'>, autoDraw=False, autoLog=True, closeShape=True, color=method-wrapper(...), colorSpace='rgb', contrast=None, depth=0, fillColor=array([1, 1, 1]), fillColorSpace='rgb', fillRGB=array([1, 1, 1]), interpolate=True, lineColor=array([-1., -1., -1.]), lineColorSpace='rgb', lineRGB=array([-1, -1, -1]), lineWidth=1.5, name='unnamed ShapeStim', opacity=1.0, ori=0.0, pos=array([0., 0.]), size=array([1., 1.]), units='norm', vertices=ndarray(...), win=Window(...), windingRule=None)
14.8139 	EXP 	Created instru = TextStim(__class__=<class 'psychopy.visual.text.TextStim'>, alignHoriz=method-wrapper(...), alignText='center', alignVert=method-wrapper(...), anchorHoriz='center', anchorVert='center', antialias=True, autoLog=True, bold=False, color=array([1., 1., 1.]), colorSpace='rgb', contrast=1.0, depth=0.0, flipHoriz=False, flipVert=False, font='Arial', fontFiles=[], height=0.07, italic=False, languageStyle='LTR', name='instru', opacity=1, ori=0, pos=array([0. , 0.5]), rgb=UNKNOWN, text=str(...), units='norm', win=Window(...), wrapWidth=1)
14.8159 	EXP 	Created unnamed Line = Line(__class__=<class 'psychopy.visual.line.Line'>, autoDraw=False, autoLog=True, closeShape=False, color=array([1., 1., 1.]), colorSpace='rgb', contrast=None, depth=0, fillColor=array([0, 0, 0]), fillColorSpace='rgb', fillRGB=array([0, 0, 0]), interpolate=True, lineColor=array([1., 1., 1.]), lineColorSpace='rgb', lineRGB=array([1, 1, 1]), lineWidth=5, name='unnamed Line', opacity=0.5, ori=0.0, pos=array([0., 0.]), size=array([1., 1.]), units='norm', vertices=array([[-0.5,  0. ],
       [ 0.5,  0. ]]), win=Window(...), windingRule=None)
14.8179 	EXP 	Created unnamed Line = Line(__class__=<class 'psychopy.visual.line.Line'>, autoDraw=False, autoLog=True, closeShape=False, color=array([1., 1., 1.]), colorSpace='rgb', contrast=None, depth=0, fillColor=array([0, 0, 0]), fillColorSpace='rgb', fillRGB=array([0, 0, 0]), interpolate=True, lineColor=array([1., 1., 1.]), lineColorSpace='rgb', lineRGB=array([1, 1, 1]), lineWidth=3, name='unnamed Line', opacity=0.5, ori=0.0, pos=array([0., 0.]), size=array([1., 1.]), units='norm', vertices=array([[-0.5 , -0.05],
       [-0.5 ,  0.05]]), win=Window(...), windingRule=None)
14.8199 	EXP 	Created unnamed Line = Line(__class__=<class 'psychopy.visual.line.Line'>, autoDraw=False, autoLog=True, closeShape=False, color=array([1., 1., 1.]), colorSpace='rgb', contrast=None, depth=0, fillColor=array([0, 0, 0]), fillColorSpace='rgb', fillRGB=array([0, 0, 0]), interpolate=True, lineColor=array([1., 1., 1.]), lineColorSpace='rgb', lineRGB=array([1, 1, 1]), lineWidth=3, name='unnamed Line', opacity=0.5, ori=0.0, pos=array([0., 0.]), size=array([1., 1.]), units='norm', vertices=ndarray(...), win=Window(...), windingRule=None)
14.8219 	EXP 	Created unnamed Line = Line(__class__=<class 'psychopy.visual.line.Line'>, autoDraw=False, autoLog=True, closeShape=False, color=array([1., 1., 1.]), colorSpace='rgb', contrast=None, depth=0, fillColor=array([0, 0, 0]), fillColorSpace='rgb', fillRGB=array([0, 0, 0]), interpolate=True, lineColor=array([1., 1., 1.]), lineColorSpace='rgb', lineRGB=array([1, 1, 1]), lineWidth=3, name='unnamed Line', opacity=0.5, ori=0.0, pos=array([0., 0.]), size=array([1., 1.]), units='norm', vertices=ndarray(...), win=Window(...), windingRule=None)
14.8239 	EXP 	Created unnamed Line = Line(__class__=<class 'psychopy.visual.line.Line'>, autoDraw=False, autoLog=True, closeShape=False, color=array([1., 1., 1.]), colorSpace='rgb', contrast=None, depth=0, fillColor=array([0, 0, 0]), fillColorSpace='rgb', fillRGB=array([0, 0, 0]), interpolate=True, lineColor=array([1., 1., 1.]), lineColorSpace='rgb', lineRGB=array([1, 1, 1]), lineWidth=3, name='unnamed Line', opacity=0.5, ori=0.0, pos=array([0., 0.]), size=array([1., 1.]), units='norm', vertices=array([[ 0.5 , -0.05],
       [ 0.5 ,  0.05]]), win=Window(...), windingRule=None)
14.8290 	EXP 	Created unnamed TextStim = TextStim(__class__=<class 'psychopy.visual.text.TextStim'>, alignHoriz=method-wrapper(...), alignText='center', alignVert=method-wrapper(...), anchorHoriz='center', anchorVert='center', antialias=True, autoLog=True, bold=False, color=array([1., 1., 1.]), colorSpace='rgb', contrast=1.0, depth=0, flipHoriz=False, flipVert=False, font='', fontFiles=[], height=0.05, italic=False, languageStyle='LTR', name='unnamed TextStim', opacity=1.0, ori=0.0, pos=array([-0.5, -0.1]), rgb=UNKNOWN, text='Helt klart \n SPONTAN', units='norm', win=Window(...), wrapWidth=1)
14.8300 	EXP 	Created unnamed TextStim = TextStim(__class__=<class 'psychopy.visual.text.TextStim'>, alignHoriz=method-wrapper(...), alignText='center', alignVert=method-wrapper(...), anchorHoriz='center', anchorVert='center', antialias=True, autoLog=True, bold=False, color=array([1., 1., 1.]), colorSpace='rgb', contrast=1.0, depth=0, flipHoriz=False, flipVert=False, font='', fontFiles=[], height=0.05, italic=False, languageStyle='LTR', name='unnamed TextStim', opacity=1.0, ori=0.0, pos=array([-0.16666667, -0.1       ]), rgb=UNKNOWN, text='', units='norm', win=Window(...), wrapWidth=1)
14.8311 	EXP 	Created unnamed TextStim = TextStim(__class__=<class 'psychopy.visual.text.TextStim'>, alignHoriz=method-wrapper(...), alignText='center', alignVert=method-wrapper(...), anchorHoriz='center', anchorVert='center', antialias=True, autoLog=True, bold=False, color=array([1., 1., 1.]), colorSpace='rgb', contrast=1.0, depth=0, flipHoriz=False, flipVert=False, font='', fontFiles=[], height=0.05, italic=False, languageStyle='LTR', name='unnamed TextStim', opacity=1.0, ori=0.0, pos=array([ 0.16666667, -0.1       ]), rgb=UNKNOWN, text='', units='norm', win=Window(...), wrapWidth=1)
14.8358 	EXP 	Created unnamed TextStim = TextStim(__class__=<class 'psychopy.visual.text.TextStim'>, alignHoriz=method-wrapper(...), alignText='center', alignVert=method-wrapper(...), anchorHoriz='center', anchorVert='center', antialias=True, autoLog=True, bold=False, color=array([1., 1., 1.]), colorSpace='rgb', contrast=1.0, depth=0, flipHoriz=False, flipVert=False, font='', fontFiles=[], height=0.05, italic=False, languageStyle='LTR', name='unnamed TextStim', opacity=1.0, ori=0.0, pos=array([ 0.5, -0.1]), rgb=UNKNOWN, text='Helt klart \n BEVISST', units='norm', win=Window(...), wrapWidth=1)
14.8377 	EXP 	Created unnamed ShapeStim = ShapeStim(__class__=<class 'psychopy.visual.shape.ShapeStim'>, autoDraw=False, autoLog=True, closeShape=True, color=method-wrapper(...), colorSpace='rgb', contrast=None, depth=0, fillColor=array([1, 1, 1]), fillColorSpace='rgb', fillRGB=array([1, 1, 1]), interpolate=True, lineColor=array([-1., -1., -1.]), lineColorSpace='rgb', lineRGB=array([-1, -1, -1]), lineWidth=1.5, name='unnamed ShapeStim', opacity=1.0, ori=0.0, pos=array([0., 0.]), size=array([1., 1.]), units='norm', vertices=ndarray(...), win=Window(...), windingRule=None)
14.8864 	EXP 	Sound  set volume 1.000
14.9179 	EXP 	unnamed ShapeStim: vertices = <class 'numpy.ndarray'>
14.9179 	EXP 	unnamed ShapeStim: vertices = <class 'numpy.ndarray'>
14.9179 	EXP 	unnamed ShapeStim: vertices = <class 'numpy.ndarray'>
55.1515 	DATA 	Keypress: rctrl
55.6728 	EXP 	Sound  started
55.8875 	DATA 	Keypress: lctrl
56.3834 	DATA 	Keypress: rctrl
56.4228 	EXP 	Sound  started
57.0075 	DATA 	Keypress: rctrl
57.1728 	EXP 	Sound  started
57.7595 	DATA 	Keypress: lctrl
57.9228 	EXP 	Sound  started
58.6555 	DATA 	Keypress: rctrl
58.6728 	EXP 	Sound  started
59.4229 	EXP 	Sound  started
59.4235 	DATA 	Keypress: lctrl
60.1275 	DATA 	Keypress: lctrl
60.1729 	EXP 	Sound  started
60.9229 	EXP 	Sound  started
60.9914 	DATA 	Keypress: rctrl
61.6729 	EXP 	Sound  started
61.6955 	DATA 	Keypress: lctrl
62.4155 	DATA 	Keypress: lctrl
62.4229 	EXP 	Sound  started
63.1729 	EXP 	Sound  started
63.1835 	DATA 	Keypress: rctrl
63.9036 	DATA 	Keypress: rctrl
63.9229 	EXP 	Sound  started
64.6075 	DATA 	Keypress: lctrl
64.6730 	EXP 	Sound  started
65.3434 	DATA 	Keypress: lctrl
65.4230 	EXP 	Sound  started
66.1595 	DATA 	Keypress: rctrl
66.1730 	EXP 	Sound  started
66.8955 	DATA 	Keypress: lctrl
66.9230 	EXP 	Sound  started
67.6155 	DATA 	Keypress: lctrl
67.6730 	EXP 	Sound  started
68.3995 	DATA 	Keypress: rctrl
68.4230 	EXP 	Sound  started
69.1354 	DATA 	Keypress: rctrl
69.1730 	EXP 	Sound  started
69.9034 	DATA 	Keypress: lctrl
69.9231 	EXP 	Sound  started
70.6075 	DATA 	Keypress: rctrl
70.6731 	EXP 	Sound  started
71.3275 	DATA 	Keypress: rctrl
71.4231 	EXP 	Sound  started
72.0795 	DATA 	Keypress: lctrl
72.1731 	EXP 	Sound  started
72.8794 	DATA 	Keypress: rctrl
72.9231 	EXP 	Sound  started
73.6314 	DATA 	Keypress: rctrl
73.6731 	EXP 	Sound  started
74.3516 	DATA 	Keypress: lctrl
74.4231 	EXP 	Sound  started
75.1675 	DATA 	Keypress: rctrl
75.1732 	EXP 	Sound  started
75.8714 	DATA 	Keypress: lctrl
75.9232 	EXP 	Sound  started
76.6234 	DATA 	Keypress: lctrl
76.6732 	EXP 	Sound  started
77.3754 	DATA 	Keypress: rctrl
77.4232 	EXP 	Sound  started
78.1274 	DATA 	Keypress: lctrl
78.1732 	EXP 	Sound  started
78.8474 	DATA 	Keypress: lctrl
78.9232 	EXP 	Sound  started
79.6634 	DATA 	Keypress: lctrl
79.6732 	EXP 	Sound  started
80.4233 	EXP 	Sound  started
80.4314 	DATA 	Keypress: rctrl
81.1195 	DATA 	Keypress: lctrl
81.1733 	EXP 	Sound  started
81.9035 	DATA 	Keypress: lctrl
81.9233 	EXP 	Sound  started
82.6714 	DATA 	Keypress: rctrl
82.6733 	EXP 	Sound  started
83.4233 	EXP 	Sound  started
83.4395 	DATA 	Keypress: rctrl
84.0954 	DATA 	Keypress: lctrl
84.1734 	EXP 	Sound  started
84.8474 	DATA 	Keypress: rctrl
84.9234 	EXP 	Sound  started
85.5194 	DATA 	Keypress: lctrl
85.6734 	EXP 	Sound  started
86.3835 	DATA 	Keypress: rctrl
86.4234 	EXP 	Sound  started
87.1355 	DATA 	Keypress: lctrl
87.1734 	EXP 	Sound  started
87.9234 	EXP 	Sound  started
87.9674 	DATA 	Keypress: rctrl
88.6394 	DATA 	Keypress: rctrl
88.6734 	EXP 	Sound  started
89.3435 	DATA 	Keypress: lctrl
89.4234 	EXP 	Sound  started
90.1114 	DATA 	Keypress: rctrl
90.1735 	EXP 	Sound  started
90.8474 	DATA 	Keypress: rctrl
90.9235 	EXP 	Sound  started
91.6314 	DATA 	Keypress: lctrl
91.6735 	EXP 	Sound  started
92.3674 	DATA 	Keypress: rctrl
92.4235 	EXP 	Sound  started
93.1674 	DATA 	Keypress: rctrl
93.1735 	EXP 	Sound  started
93.8715 	DATA 	Keypress: lctrl
93.9235 	EXP 	Sound  started
94.6715 	DATA 	Keypress: rctrl
94.6736 	EXP 	Sound  started
95.3915 	DATA 	Keypress: lctrl
95.4236 	EXP 	Sound  started
96.1435 	DATA 	Keypress: rctrl
96.1736 	EXP 	Sound  started
96.8634 	DATA 	Keypress: rctrl
96.9236 	EXP 	Sound  started
97.5834 	DATA 	Keypress: lctrl
97.6736 	EXP 	Sound  started
98.4236 	EXP 	Sound  started
98.4635 	DATA 	Keypress: rctrl
99.1736 	EXP 	Sound  started
99.1994 	DATA 	Keypress: lctrl
99.9237 	EXP 	Sound  started
99.9834 	DATA 	Keypress: rctrl
100.6737 	EXP 	Sound  started
100.7033 	DATA 	Keypress: lctrl
101.4237 	EXP 	Sound  started
101.4874 	DATA 	Keypress: lctrl
102.1737 	EXP 	Sound  started
102.2554 	DATA 	Keypress: lctrl
102.8954 	DATA 	Keypress: rctrl
102.9237 	EXP 	Sound  started
103.6634 	DATA 	Keypress: lctrl
103.6737 	EXP 	Sound  started
104.4238 	EXP 	Sound  started
104.4314 	DATA 	Keypress: rctrl
105.1515 	DATA 	Keypress: rctrl
105.1738 	EXP 	Sound  started
105.8874 	DATA 	Keypress: lctrl
105.9238 	EXP 	Sound  started
106.6738 	EXP 	Sound  started
106.7035 	DATA 	Keypress: rctrl
107.4234 	DATA 	Keypress: lctrl
107.4238 	EXP 	Sound  started
108.1738 	EXP 	Sound  started
108.1754 	DATA 	Keypress: rctrl
108.9239 	EXP 	Sound  started
108.9434 	DATA 	Keypress: rctrl
109.6739 	EXP 	Sound  started
109.6955 	DATA 	Keypress: lctrl
110.4239 	EXP 	Sound  started
110.4635 	DATA 	Keypress: rctrl
111.2017 	EXP 	unnamed TextStim: text = ''
111.2017 	EXP 	unnamed TextStim: text = ''
111.2087 	DATA 	Keypress: rctrl
115.4882 	DATA 	Keypress: 4
115.5047 	EXP 	unnamed ShapeStim: vertices = <class 'numpy.ndarray'>
117.0393 	EXP 	unnamed TextStim: text = ''
117.0393 	EXP 	unnamed TextStim: text = ''
119.1246 	DATA 	Keypress: 2
119.1410 	EXP 	unnamed ShapeStim: vertices = <class 'numpy.ndarray'>
120.6923 	EXP 	unnamed TextStim: text = ''
120.6923 	EXP 	unnamed TextStim: text = ''
123.8450 	DATA 	Keypress: 4
123.8615 	EXP 	unnamed ShapeStim: vertices = <class 'numpy.ndarray'>
126.1467 	EXP 	Sound  started
126.3835 	DATA 	Keypress: lctrl
126.8967 	EXP 	Sound  started
126.9435 	DATA 	Keypress: rctrl
127.5834 	DATA 	Keypress: lctrl
127.6467 	EXP 	Sound  started
128.3515 	DATA 	Keypress: rctrl
128.3967 	EXP 	Sound  started
129.0394 	DATA 	Keypress: rctrl
129.1467 	EXP 	Sound  started
129.8234 	DATA 	Keypress: lctrl
129.8968 	EXP 	Sound  started
130.6236 	DATA 	Keypress: rctrl
130.6468 	EXP 	Sound  started
131.3594 	DATA 	Keypress: rctrl
131.3968 	EXP 	Sound  started
132.0794 	DATA 	Keypress: lctrl
132.1468 	EXP 	Sound  started
132.8634 	DATA 	Keypress: lctrl
132.8968 	EXP 	Sound  started
133.6314 	DATA 	Keypress: rctrl
133.6468 	EXP 	Sound  started
134.3354 	DATA 	Keypress: lctrl
134.3969 	EXP 	Sound  started
135.1034 	DATA 	Keypress: rctrl
135.1469 	EXP 	Sound  started
135.8969 	EXP 	Sound  started
135.9194 	DATA 	Keypress: rctrl
136.6394 	DATA 	Keypress: lctrl
136.6469 	EXP 	Sound  started
137.3754 	DATA 	Keypress: rctrl
137.3969 	EXP 	Sound  started
138.0794 	DATA 	Keypress: rctrl
138.1469 	EXP 	Sound  started
138.7994 	DATA 	Keypress: lctrl
138.8969 	EXP 	Sound  started
139.5834 	DATA 	Keypress: rctrl
139.6470 	EXP 	Sound  started
140.3674 	DATA 	Keypress: rctrl
140.3970 	EXP 	Sound  started
141.0714 	DATA 	Keypress: lctrl
141.1470 	EXP 	Sound  started
141.8395 	DATA 	Keypress: lctrl
141.8970 	EXP 	Sound  started
142.5914 	DATA 	Keypress: rctrl
142.6470 	EXP 	Sound  started
143.3434 	DATA 	Keypress: lctrl
143.3970 	EXP 	Sound  started
144.0474 	DATA 	Keypress: rctrl
144.1470 	EXP 	Sound  started
144.8314 	DATA 	Keypress: rctrl
144.8971 	EXP 	Sound  started
145.5034 	DATA 	Keypress: lctrl
145.6471 	EXP 	Sound  started
146.2874 	DATA 	Keypress: rctrl
146.3971 	EXP 	Sound  started
147.0874 	DATA 	Keypress: lctrl
147.1471 	EXP 	Sound  started
147.8874 	DATA 	Keypress: rctrl
147.8971 	EXP 	Sound  started
148.6471 	EXP 	Sound  started
148.7353 	DATA 	Keypress: rctrl
149.3971 	EXP 	Sound  started
149.4074 	DATA 	Keypress: lctrl
150.0954 	DATA 	Keypress: rctrl
150.1472 	EXP 	Sound  started
150.8154 	DATA 	Keypress: rctrl
150.8972 	EXP 	Sound  started
151.5514 	DATA 	Keypress: lctrl
151.6472 	EXP 	Sound  started
152.2874 	DATA 	Keypress: lctrl
152.3973 	EXP 	Sound  started
153.1194 	DATA 	Keypress: rctrl
153.1473 	EXP 	Sound  started
153.8973 	EXP 	Sound  started
153.9034 	DATA 	Keypress: rctrl
154.6473 	EXP 	Sound  started
154.7514 	DATA 	Keypress: lctrl
155.3973 	EXP 	Sound  started
155.4233 	DATA 	Keypress: rctrl
156.1434 	DATA 	Keypress: rctrl
156.1473 	EXP 	Sound  started
156.7834 	DATA 	Keypress: lctrl
156.8974 	EXP 	Sound  started
157.5354 	DATA 	Keypress: rctrl
157.6474 	EXP 	Sound  started
158.3034 	DATA 	Keypress: rctrl
158.3974 	EXP 	Sound  started
159.0714 	DATA 	Keypress: lctrl
159.1474 	EXP 	Sound  started
159.7434 	DATA 	Keypress: rctrl
159.8974 	EXP 	Sound  started
160.5434 	DATA 	Keypress: lctrl
160.6474 	EXP 	Sound  started
161.3114 	DATA 	Keypress: lctrl
161.3974 	EXP 	Sound  started
162.1114 	DATA 	Keypress: rctrl
162.1474 	EXP 	Sound  started
162.8975 	EXP 	Sound  started
162.9114 	DATA 	Keypress: rctrl
163.5674 	DATA 	Keypress: lctrl
163.6475 	EXP 	Sound  started
164.3353 	DATA 	Keypress: lctrl
164.3975 	EXP 	Sound  started
165.1475 	EXP 	Sound  started
165.1674 	DATA 	Keypress: rctrl
165.8234 	DATA 	Keypress: lctrl
165.8975 	EXP 	Sound  started
166.5914 	DATA 	Keypress: lctrl
166.6475 	EXP 	Sound  started
167.3914 	DATA 	Keypress: rctrl
167.3975 	EXP 	Sound  started
168.0954 	DATA 	Keypress: lctrl
168.1476 	EXP 	Sound  started
168.8976 	EXP 	Sound  started
168.9113 	DATA 	Keypress: lctrl
169.6474 	DATA 	Keypress: rctrl
169.6477 	EXP 	Sound  started
170.3674 	DATA 	Keypress: lctrl
170.3977 	EXP 	Sound  started
171.1477 	EXP 	Sound  started
171.1836 	DATA 	Keypress: rctrl
171.8554 	DATA 	Keypress: lctrl
171.8977 	EXP 	Sound  started
172.5914 	DATA 	Keypress: lctrl
172.6477 	EXP 	Sound  started
173.3594 	DATA 	Keypress: rctrl
173.3977 	EXP 	Sound  started
174.0954 	DATA 	Keypress: rctrl
176.4882 	DATA 	Keypress: 4
176.5047 	EXP 	unnamed ShapeStim: vertices = <class 'numpy.ndarray'>
178.3235 	DATA 	Keypress: 1
178.3400 	EXP 	unnamed ShapeStim: vertices = <class 'numpy.ndarray'>
181.8759 	DATA 	Keypress: 4
181.8924 	EXP 	unnamed ShapeStim: vertices = <class 'numpy.ndarray'>
184.1768 	EXP 	Sound  started
184.4314 	DATA 	Keypress: lctrl
184.9268 	EXP 	Sound  started
184.9594 	DATA 	Keypress: lctrl
185.6313 	DATA 	Keypress: rctrl
185.6768 	EXP 	Sound  started
186.3994 	DATA 	Keypress: lctrl
186.4268 	EXP 	Sound  started
187.1768 	EXP 	Sound  started
187.1834 	DATA 	Keypress: lctrl
187.9268 	EXP 	Sound  started
187.9354 	DATA 	Keypress: rctrl
188.6715 	DATA 	Keypress: rctrl
188.6768 	EXP 	Sound  started
189.4074 	DATA 	Keypress: lctrl
189.4269 	EXP 	Sound  started
190.1594 	DATA 	Keypress: rctrl
190.1769 	EXP 	Sound  started
190.9113 	DATA 	Keypress: rctrl
190.9269 	EXP 	Sound  started
191.6633 	DATA 	Keypress: lctrl
191.6769 	EXP 	Sound  started
192.3674 	DATA 	Keypress: rctrl
192.4269 	EXP 	Sound  started
193.1769 	EXP 	Sound  started
193.1833 	DATA 	Keypress: rctrl
193.9270 	EXP 	Sound  started
193.9513 	DATA 	Keypress: lctrl
194.6770 	EXP 	Sound  started
194.7033 	DATA 	Keypress: lctrl
195.4074 	DATA 	Keypress: rctrl
195.4270 	EXP 	Sound  started
196.1754 	DATA 	Keypress: lctrl
196.1770 	EXP 	Sound  started
196.8634 	DATA 	Keypress: lctrl
196.9270 	EXP 	Sound  started
197.6314 	DATA 	Keypress: rctrl
197.6770 	EXP 	Sound  started
198.3994 	DATA 	Keypress: lctrl
198.4270 	EXP 	Sound  started
199.1353 	DATA 	Keypress: lctrl
199.1771 	EXP 	Sound  started
199.8714 	DATA 	Keypress: rctrl
199.9271 	EXP 	Sound  started
200.6074 	DATA 	Keypress: lctrl
200.6771 	EXP 	Sound  started
201.4074 	DATA 	Keypress: lctrl
201.4271 	EXP 	Sound  started
202.1771 	EXP 	Sound  started
202.8634 	DATA 	Keypress: lctrl
202.9271 	EXP 	Sound  started
203.6313 	DATA 	Keypress: lctrl
203.6771 	EXP 	Sound  started
204.3993 	DATA 	Keypress: rctrl
204.4272 	EXP 	Sound  started
205.1772 	EXP 	Sound  started
205.1833 	DATA 	Keypress: rctrl
205.9272 	EXP 	Sound  started
205.9513 	DATA 	Keypress: lctrl
206.6554 	DATA 	Keypress: rctrl
206.6772 	EXP 	Sound  started
207.4272 	EXP 	Sound  started
207.4873 	DATA 	Keypress: rctrl
208.1433 	DATA 	Keypress: lctrl
208.1773 	EXP 	Sound  started
208.9113 	DATA 	Keypress: lctrl
208.9273 	EXP 	Sound  started
209.6474 	DATA 	Keypress: rctrl
209.6773 	EXP 	Sound  started
210.4273 	EXP 	Sound  started
210.4314 	DATA 	Keypress: rctrl
211.1773 	EXP 	Sound  started
211.1834 	DATA 	Keypress: lctrl
211.9273 	EXP 	Sound  started
211.9354 	DATA 	Keypress: rctrl
212.6773 	EXP 	Sound  started
212.7193 	DATA 	Keypress: lctrl
213.4073 	DATA 	Keypress: rctrl
213.4274 	EXP 	Sound  started
214.1433 	DATA 	Keypress: lctrl
214.1774 	EXP 	Sound  started
214.8954 	DATA 	Keypress: lctrl
214.9274 	EXP 	Sound  started
215.6774 	EXP 	Sound  started
215.6953 	DATA 	Keypress: rctrl
216.4274 	EXP 	Sound  started
216.4313 	DATA 	Keypress: lctrl
217.1774 	EXP 	Sound  started
217.2313 	DATA 	Keypress: lctrl
217.9194 	DATA 	Keypress: lctrl
217.9274 	EXP 	Sound  started
218.6775 	EXP 	Sound  started
218.6873 	DATA 	Keypress: rctrl
219.3754 	DATA 	Keypress: lctrl
219.4275 	EXP 	Sound  started
220.1433 	DATA 	Keypress: rctrl
220.1775 	EXP 	Sound  started
220.8953 	DATA 	Keypress: lctrl
220.9275 	EXP 	Sound  started
221.6775 	EXP 	Sound  started
221.6953 	DATA 	Keypress: lctrl
222.3833 	DATA 	Keypress: lctrl
222.4275 	EXP 	Sound  started
223.1035 	DATA 	Keypress: rctrl
223.1776 	EXP 	Sound  started
223.9193 	DATA 	Keypress: rctrl
223.9276 	EXP 	Sound  started
224.6553 	DATA 	Keypress: lctrl
224.6776 	EXP 	Sound  started
225.4073 	DATA 	Keypress: rctrl
225.4276 	EXP 	Sound  started
226.1594 	DATA 	Keypress: lctrl
226.1776 	EXP 	Sound  started
226.9276 	EXP 	Sound  started
226.9433 	DATA 	Keypress: lctrl
227.6776 	EXP 	Sound  started
227.6954 	DATA 	Keypress: rctrl
228.4276 	EXP 	Sound  started
228.4794 	DATA 	Keypress: lctrl
229.1777 	EXP 	Sound  started
229.1833 	DATA 	Keypress: rctrl
229.9193 	DATA 	Keypress: rctrl
229.9277 	EXP 	Sound  started
230.6777 	EXP 	Sound  started
230.6874 	DATA 	Keypress: lctrl
231.3913 	DATA 	Keypress: rctrl
231.4277 	EXP 	Sound  started
232.1274 	DATA 	Keypress: rctrl
232.1777 	EXP 	Sound  started
232.9554 	DATA 	Keypress: lctrl
237.5882 	DATA 	Keypress: 3
237.6047 	EXP 	unnamed ShapeStim: vertices = <class 'numpy.ndarray'>
239.9406 	DATA 	Keypress: 3
239.9571 	EXP 	unnamed ShapeStim: vertices = <class 'numpy.ndarray'>
246.0989 	DATA 	Keypress: 2
246.1283 	EXP 	unnamed ShapeStim: vertices = <class 'numpy.ndarray'>
248.4127 	EXP 	Sound  started
248.6073 	DATA 	Keypress: lctrl
249.1354 	DATA 	Keypress: rctrl
249.1626 	EXP 	Sound  started
249.8074 	DATA 	Keypress: lctrl
249.9126 	EXP 	Sound  started
250.6073 	DATA 	Keypress: lctrl
250.6626 	EXP 	Sound  started
251.3913 	DATA 	Keypress: rctrl
251.4126 	EXP 	Sound  started
252.1274 	DATA 	Keypress: rctrl
252.1626 	EXP 	Sound  started
252.8953 	DATA 	Keypress: lctrl
252.9126 	EXP 	Sound  started
253.5994 	DATA 	Keypress: lctrl
253.6627 	EXP 	Sound  started
254.3033 	DATA 	Keypress: rctrl
254.4127 	EXP 	Sound  started
255.1193 	DATA 	Keypress: rctrl
255.1627 	EXP 	Sound  started
255.8714 	DATA 	Keypress: lctrl
255.9127 	EXP 	Sound  started
256.6074 	DATA 	Keypress: rctrl
256.6627 	EXP 	Sound  started
257.3273 	DATA 	Keypress: lctrl
257.4127 	EXP 	Sound  started
258.0793 	DATA 	Keypress: rctrl
258.1627 	EXP 	Sound  started
258.8473 	DATA 	Keypress: lctrl
258.9127 	EXP 	Sound  started
259.5833 	DATA 	Keypress: lctrl
259.6628 	EXP 	Sound  started
260.3673 	DATA 	Keypress: rctrl
260.4128 	EXP 	Sound  started
261.1033 	DATA 	Keypress: rctrl
261.1628 	EXP 	Sound  started
261.8553 	DATA 	Keypress: lctrl
261.9128 	EXP 	Sound  started
262.5753 	DATA 	Keypress: rctrl
262.6628 	EXP 	Sound  started
263.2953 	DATA 	Keypress: rctrl
263.4128 	EXP 	Sound  started
263.9993 	DATA 	Keypress: lctrl
264.1629 	EXP 	Sound  started
264.7673 	DATA 	Keypress: lctrl
264.9129 	EXP 	Sound  started
265.5833 	DATA 	Keypress: rctrl
265.6629 	EXP 	Sound  started
266.3673 	DATA 	Keypress: rctrl
266.4129 	EXP 	Sound  started
267.1353 	DATA 	Keypress: lctrl
267.1629 	EXP 	Sound  started
267.8713 	DATA 	Keypress: lctrl
267.9129 	EXP 	Sound  started
268.5753 	DATA 	Keypress: rctrl
268.6629 	EXP 	Sound  started
269.3274 	DATA 	Keypress: lctrl
269.4130 	EXP 	Sound  started
270.0954 	DATA 	Keypress: rctrl
270.1630 	EXP 	Sound  started
270.8793 	DATA 	Keypress: rctrl
270.9130 	EXP 	Sound  started
271.6473 	DATA 	Keypress: lctrl
271.6630 	EXP 	Sound  started
272.3673 	DATA 	Keypress: rctrl
272.4130 	EXP 	Sound  started
273.1353 	DATA 	Keypress: lctrl
273.1630 	EXP 	Sound  started
273.8714 	DATA 	Keypress: rctrl
273.9130 	EXP 	Sound  started
274.6631 	EXP 	Sound  started
274.6713 	DATA 	Keypress: lctrl
275.3913 	DATA 	Keypress: lctrl
275.4131 	EXP 	Sound  started
276.1631 	EXP 	Sound  started
276.1753 	DATA 	Keypress: lctrl
276.9131 	EXP 	Sound  started
276.9593 	DATA 	Keypress: rctrl
277.6631 	EXP 	Sound  started
277.7113 	DATA 	Keypress: lctrl
278.4132 	EXP 	Sound  started
278.4633 	DATA 	Keypress: lctrl
279.1632 	EXP 	Sound  started
279.1994 	DATA 	Keypress: rctrl
279.9132 	EXP 	Sound  started
279.9193 	DATA 	Keypress: lctrl
280.6233 	DATA 	Keypress: rctrl
280.6632 	EXP 	Sound  started
281.4132 	EXP 	Sound  started
281.4393 	DATA 	Keypress: rctrl
282.0953 	DATA 	Keypress: lctrl
282.1632 	EXP 	Sound  started
282.8793 	DATA 	Keypress: rctrl
282.9132 	EXP 	Sound  started
283.5673 	DATA 	Keypress: lctrl
283.6632 	EXP 	Sound  started
284.3673 	DATA 	Keypress: rctrl
284.4132 	EXP 	Sound  started
285.1633 	EXP 	Sound  started
285.1673 	DATA 	Keypress: rctrl
285.9133 	EXP 	Sound  started
285.9833 	DATA 	Keypress: lctrl
286.6393 	DATA 	Keypress: rctrl
286.6633 	EXP 	Sound  started
287.4133 	EXP 	Sound  started
287.4233 	DATA 	Keypress: rctrl
288.1633 	EXP 	Sound  started
288.8953 	DATA 	Keypress: rctrl
288.9133 	EXP 	Sound  started
289.6313 	DATA 	Keypress: lctrl
289.6633 	EXP 	Sound  started
290.3993 	DATA 	Keypress: lctrl
294.0344 	DATA 	Keypress: 4
294.0509 	EXP 	unnamed ShapeStim: vertices = <class 'numpy.ndarray'>
299.4093 	DATA 	Keypress: 1
299.4387 	EXP 	unnamed ShapeStim: vertices = <class 'numpy.ndarray'>
308.0330 	DATA 	Keypress: 4
308.0624 	EXP 	unnamed ShapeStim: vertices = <class 'numpy.ndarray'>
310.3469 	EXP 	Sound  started
310.3477 	DATA 	Keypress: lctrl
310.5912 	DATA 	Keypress: lctrl
311.0968 	EXP 	Sound  started
311.1353 	DATA 	Keypress: rctrl
311.7593 	DATA 	Keypress: lctrl
311.8468 	EXP 	Sound  started
312.5593 	DATA 	Keypress: rctrl
312.5968 	EXP 	Sound  started
313.2152 	DATA 	Keypress: lctrl
313.3468 	EXP 	Sound  started
314.0153 	DATA 	Keypress: lctrl
314.0968 	EXP 	Sound  started
314.7673 	DATA 	Keypress: rctrl
314.8469 	EXP 	Sound  started
315.5832 	DATA 	Keypress: rctrl
315.5969 	EXP 	Sound  started
316.3193 	DATA 	Keypress: lctrl
316.3469 	EXP 	Sound  started
317.0969 	EXP 	Sound  started
317.1993 	DATA 	Keypress: rctrl
317.8233 	DATA 	Keypress: rctrl
317.8469 	EXP 	Sound  started
318.5753 	DATA 	Keypress: lctrl
318.5969 	EXP 	Sound  started
319.2793 	DATA 	Keypress: rctrl
319.3469 	EXP 	Sound  started
320.0153 	DATA 	Keypress: rctrl
320.0970 	EXP 	Sound  started
320.8153 	DATA 	Keypress: lctrl
320.8470 	EXP 	Sound  started
321.5674 	DATA 	Keypress: rctrl
321.5970 	EXP 	Sound  started
322.2553 	DATA 	Keypress: rctrl
322.3470 	EXP 	Sound  started
323.0872 	DATA 	Keypress: lctrl
323.0970 	EXP 	Sound  started
323.7593 	DATA 	Keypress: rctrl
323.8470 	EXP 	Sound  started
324.5753 	DATA 	Keypress: lctrl
324.5970 	EXP 	Sound  started
325.3272 	DATA 	Keypress: rctrl
325.3471 	EXP 	Sound  started
326.0313 	DATA 	Keypress: rctrl
326.0971 	EXP 	Sound  started
326.7993 	DATA 	Keypress: lctrl
326.8471 	EXP 	Sound  started
327.5352 	DATA 	Keypress: rctrl
327.5971 	EXP 	Sound  started
328.2873 	DATA 	Keypress: lctrl
328.3471 	EXP 	Sound  started
329.0393 	DATA 	Keypress: rctrl
329.0971 	EXP 	Sound  started
329.8392 	DATA 	Keypress: rctrl
329.8471 	EXP 	Sound  started
330.5593 	DATA 	Keypress: lctrl
330.5972 	EXP 	Sound  started
331.3472 	EXP 	Sound  started
331.3592 	DATA 	Keypress: rctrl
332.0972 	EXP 	Sound  started
332.1112 	DATA 	Keypress: rctrl
332.8473 	DATA 	Keypress: lctrl
332.8476 	EXP 	Sound  started
333.5192 	DATA 	Keypress: rctrl
333.5976 	EXP 	Sound  started
334.3033 	DATA 	Keypress: lctrl
334.3476 	EXP 	Sound  started
335.0392 	DATA 	Keypress: lctrl
335.0976 	EXP 	Sound  started
335.8232 	DATA 	Keypress: rctrl
335.8476 	EXP 	Sound  started
336.5976 	EXP 	Sound  started
336.6232 	DATA 	Keypress: lctrl
337.2952 	DATA 	Keypress: rctrl
337.3477 	EXP 	Sound  started
338.0632 	DATA 	Keypress: rctrl
338.0977 	EXP 	Sound  started
338.7994 	DATA 	Keypress: lctrl
338.8477 	EXP 	Sound  started
339.5977 	EXP 	Sound  started
339.6152 	DATA 	Keypress: rctrl
340.3353 	DATA 	Keypress: lctrl
340.3477 	EXP 	Sound  started
341.0977 	EXP 	Sound  started
341.1512 	DATA 	Keypress: lctrl
341.8478 	EXP 	Sound  started
341.9192 	DATA 	Keypress: lctrl
342.5978 	EXP 	Sound  started
342.6553 	DATA 	Keypress: rctrl
343.3113 	DATA 	Keypress: lctrl
343.3478 	EXP 	Sound  started
344.0978 	EXP 	Sound  started
344.1433 	DATA 	Keypress: lctrl
344.8153 	DATA 	Keypress: rctrl
344.8478 	EXP 	Sound  started
345.5672 	DATA 	Keypress: lctrl
345.5978 	EXP 	Sound  started
346.3353 	DATA 	Keypress: rctrl
346.3478 	EXP 	Sound  started
347.0979 	EXP 	Sound  started
347.1033 	DATA 	Keypress: lctrl
347.8479 	EXP 	Sound  started
347.8552 	DATA 	Keypress: lctrl
348.5593 	DATA 	Keypress: rctrl
348.5979 	EXP 	Sound  started
349.2473 	DATA 	Keypress: lctrl
349.3479 	EXP 	Sound  started
350.0633 	DATA 	Keypress: lctrl
350.0979 	EXP 	Sound  started
350.8313 	DATA 	Keypress: rctrl
354.1336 	DATA 	Keypress: 4
354.1501 	EXP 	unnamed ShapeStim: vertices = <class 'numpy.ndarray'>
361.2061 	DATA 	Keypress: 2
361.2226 	EXP 	unnamed ShapeStim: vertices = <class 'numpy.ndarray'>
364.1289 	DATA 	Keypress: 4
364.1583 	EXP 	unnamed ShapeStim: vertices = <class 'numpy.ndarray'>
366.4433 	EXP 	Sound  started
366.7033 	DATA 	Keypress: lctrl
367.1933 	EXP 	Sound  started
367.2472 	DATA 	Keypress: lctrl
367.9433 	EXP 	Sound  started
367.9512 	DATA 	Keypress: lctrl
368.6933 	EXP 	Sound  started
368.7352 	DATA 	Keypress: rctrl
369.3912 	DATA 	Keypress: lctrl
369.4433 	EXP 	Sound  started
370.1752 	DATA 	Keypress: lctrl
370.1933 	EXP 	Sound  started
370.9272 	DATA 	Keypress: rctrl
370.9433 	EXP 	Sound  started
371.6632 	DATA 	Keypress: lctrl
371.6934 	EXP 	Sound  started
372.4434 	EXP 	Sound  started
372.4793 	DATA 	Keypress: rctrl
373.1832 	DATA 	Keypress: rctrl
373.1934 	EXP 	Sound  started
373.8872 	DATA 	Keypress: lctrl
373.9434 	EXP 	Sound  started
374.6233 	DATA 	Keypress: rctrl
374.6934 	EXP 	Sound  started
375.4393 	DATA 	Keypress: lctrl
375.4434 	EXP 	Sound  started
376.1752 	DATA 	Keypress: rctrl
376.1934 	EXP 	Sound  started
376.9272 	DATA 	Keypress: lctrl
376.9435 	EXP 	Sound  started
377.6793 	DATA 	Keypress: rctrl
377.6935 	EXP 	Sound  started
378.4435 	EXP 	Sound  started
378.4632 	DATA 	Keypress: lctrl
379.1833 	DATA 	Keypress: lctrl
379.1935 	EXP 	Sound  started
379.9352 	DATA 	Keypress: rctrl
379.9435 	EXP 	Sound  started
380.6935 	EXP 	Sound  started
380.7352 	DATA 	Keypress: lctrl
381.4435 	EXP 	Sound  started
381.4713 	DATA 	Keypress: lctrl
382.1432 	DATA 	Keypress: rctrl
382.1935 	EXP 	Sound  started
382.8792 	DATA 	Keypress: lctrl
382.9436 	EXP 	Sound  started
383.6313 	DATA 	Keypress: rctrl
383.6936 	EXP 	Sound  started
384.4312 	DATA 	Keypress: lctrl
384.4436 	EXP 	Sound  started
385.1832 	DATA 	Keypress: rctrl
385.1936 	EXP 	Sound  started
385.9192 	DATA 	Keypress: rctrl
385.9436 	EXP 	Sound  started
386.6712 	DATA 	Keypress: lctrl
386.6936 	EXP 	Sound  started
387.4232 	DATA 	Keypress: lctrl
387.4437 	EXP 	Sound  started
388.1937 	EXP 	Sound  started
388.2392 	DATA 	Keypress: rctrl
388.9272 	DATA 	Keypress: rctrl
388.9437 	EXP 	Sound  started
389.6792 	DATA 	Keypress: lctrl
389.6937 	EXP 	Sound  started
390.3992 	DATA 	Keypress: lctrl
390.4437 	EXP 	Sound  started
391.1512 	DATA 	Keypress: rctrl
391.1937 	EXP 	Sound  started
391.9438 	EXP 	Sound  started
391.9512 	DATA 	Keypress: lctrl
392.6938 	EXP 	Sound  started
392.7513 	DATA 	Keypress: lctrl
393.3913 	DATA 	Keypress: rctrl
393.4438 	EXP 	Sound  started
394.1913 	DATA 	Keypress: rctrl
394.1938 	EXP 	Sound  started
394.9112 	DATA 	Keypress: lctrl
394.9438 	EXP 	Sound  started
395.6938 	EXP 	Sound  started
395.7592 	DATA 	Keypress: rctrl
396.4438 	EXP 	Sound  started
396.4632 	DATA 	Keypress: lctrl
397.1939 	EXP 	Sound  started
397.1992 	DATA 	Keypress: rctrl
397.9439 	EXP 	Sound  started
397.9672 	DATA 	Keypress: lctrl
398.6939 	EXP 	Sound  started
398.7193 	DATA 	Keypress: lctrl
399.4393 	DATA 	Keypress: rctrl
399.4439 	EXP 	Sound  started
400.1113 	DATA 	Keypress: lctrl
400.1939 	EXP 	Sound  started
400.9439 	EXP 	Sound  started
400.9752 	DATA 	Keypress: rctrl
401.6939 	EXP 	Sound  started
401.7432 	DATA 	Keypress: rctrl
402.4312 	DATA 	Keypress: lctrl
402.4439 	EXP 	Sound  started
403.1673 	DATA 	Keypress: rctrl
403.1940 	EXP 	Sound  started
403.9440 	EXP 	Sound  started
403.9672 	DATA 	Keypress: lctrl
404.6552 	DATA 	Keypress: rctrl
404.6940 	EXP 	Sound  started
405.4440 	EXP 	Sound  started
405.4712 	DATA 	Keypress: rctrl
406.1272 	DATA 	Keypress: lctrl
406.1940 	EXP 	Sound  started
406.9272 	DATA 	Keypress: rctrl
406.9440 	EXP 	Sound  started
407.6941 	EXP 	Sound  started
407.7113 	DATA 	Keypress: rctrl
408.4441 	EXP 	Sound  started
408.4632 	DATA 	Keypress: lctrl
409.1941 	EXP 	Sound  started
409.2152 	DATA 	Keypress: rctrl
409.9441 	EXP 	Sound  started
409.9512 	DATA 	Keypress: lctrl
410.6941 	EXP 	Sound  started
410.7192 	DATA 	Keypress: rctrl
411.3912 	DATA 	Keypress: lctrl
411.4441 	EXP 	Sound  started
412.1752 	DATA 	Keypress: lctrl
412.1942 	EXP 	Sound  started
412.9442 	EXP 	Sound  started
412.9752 	DATA 	Keypress: lctrl
413.6942 	EXP 	Sound  started
413.7112 	DATA 	Keypress: rctrl
414.3834 	DATA 	Keypress: lctrl
414.4442 	EXP 	Sound  started
415.1512 	DATA 	Keypress: rctrl
415.1942 	EXP 	Sound  started
415.8872 	DATA 	Keypress: lctrl
415.9442 	EXP 	Sound  started
416.6712 	DATA 	Keypress: lctrl
416.6942 	EXP 	Sound  started
417.4392 	DATA 	Keypress: rctrl
419.1373 	DATA 	Keypress: 4
419.1539 	EXP 	unnamed ShapeStim: vertices = <class 'numpy.ndarray'>
421.0422 	DATA 	Keypress: 1
421.0716 	EXP 	unnamed ShapeStim: vertices = <class 'numpy.ndarray'>
422.9776 	DATA 	Keypress: 4
423.0070 	EXP 	unnamed ShapeStim: vertices = <class 'numpy.ndarray'>
425.2915 	EXP 	Sound  started
425.5192 	DATA 	Keypress: lctrl
426.0415 	EXP 	Sound  started
426.0632 	DATA 	Keypress: rctrl
426.7915 	EXP 	Sound  started
426.8152 	DATA 	Keypress: lctrl
427.5192 	DATA 	Keypress: lctrl
427.5415 	EXP 	Sound  started
428.2712 	DATA 	Keypress: rctrl
428.2915 	EXP 	Sound  started
429.0072 	DATA 	Keypress: lctrl
429.0415 	EXP 	Sound  started
429.7432 	DATA 	Keypress: lctrl
429.7915 	EXP 	Sound  started
430.5113 	DATA 	Keypress: rctrl
430.5415 	EXP 	Sound  started
431.2472 	DATA 	Keypress: lctrl
431.2916 	EXP 	Sound  started
431.9832 	DATA 	Keypress: rctrl
432.0416 	EXP 	Sound  started
432.7916 	EXP 	Sound  started
432.8152 	DATA 	Keypress: rctrl
433.5352 	DATA 	Keypress: lctrl
433.5416 	EXP 	Sound  started
434.2392 	DATA 	Keypress: rctrl
434.2916 	EXP 	Sound  started
435.0393 	DATA 	Keypress: lctrl
435.0416 	EXP 	Sound  started
435.7752 	DATA 	Keypress: lctrl
435.7916 	EXP 	Sound  started
436.5272 	DATA 	Keypress: rctrl
436.5416 	EXP 	Sound  started
437.2472 	DATA 	Keypress: lctrl
437.2917 	EXP 	Sound  started
438.0152 	DATA 	Keypress: lctrl
438.0417 	EXP 	Sound  started
438.7352 	DATA 	Keypress: rctrl
438.7917 	EXP 	Sound  started
439.5352 	DATA 	Keypress: lctrl
439.5417 	EXP 	Sound  started
440.2917 	EXP 	Sound  started
440.3192 	DATA 	Keypress: rctrl
441.0417 	EXP 	Sound  started
441.0552 	DATA 	Keypress: lctrl
441.7432 	DATA 	Keypress: lctrl
441.7917 	EXP 	Sound  started
442.5111 	DATA 	Keypress: rctrl
442.5418 	EXP 	Sound  started
443.2472 	DATA 	Keypress: lctrl
443.2918 	EXP 	Sound  started
443.9992 	DATA 	Keypress: rctrl
444.0418 	EXP 	Sound  started
444.7032 	DATA 	Keypress: lctrl
444.7918 	EXP 	Sound  started
445.5418 	EXP 	Sound  started
445.5512 	DATA 	Keypress: rctrl
446.2711 	DATA 	Keypress: lctrl
446.2918 	EXP 	Sound  started
447.0232 	DATA 	Keypress: lctrl
447.0418 	EXP 	Sound  started
447.7432 	DATA 	Keypress: rctrl
447.7919 	EXP 	Sound  started
448.5419 	EXP 	Sound  started
448.5432 	DATA 	Keypress: lctrl
449.2792 	DATA 	Keypress: rctrl
449.2919 	EXP 	Sound  started
450.0419 	EXP 	Sound  started
450.0792 	DATA 	Keypress: rctrl
450.7192 	DATA 	Keypress: lctrl
450.7919 	EXP 	Sound  started
451.4872 	DATA 	Keypress: lctrl
451.5419 	EXP 	Sound  started
452.2920 	EXP 	Sound  started
452.3032 	DATA 	Keypress: rctrl
453.0420 	EXP 	Sound  started
453.0872 	DATA 	Keypress: lctrl
453.7920 	EXP 	Sound  started
453.8392 	DATA 	Keypress: rctrl
454.5420 	EXP 	Sound  started
454.5912 	DATA 	Keypress: rctrl
455.2792 	DATA 	Keypress: lctrl
455.2920 	EXP 	Sound  started
456.0152 	DATA 	Keypress: rctrl
456.0420 	EXP 	Sound  started
456.7920 	EXP 	Sound  started
456.7991 	DATA 	Keypress: lctrl
457.5421 	EXP 	Sound  started
457.5992 	DATA 	Keypress: rctrl
458.2921 	EXP 	Sound  started
458.3513 	DATA 	Keypress: rctrl
459.0421 	EXP 	Sound  started
459.1031 	DATA 	Keypress: rctrl
459.7921 	EXP 	Sound  started
459.9033 	DATA 	Keypress: lctrl
460.5421 	EXP 	Sound  started
460.5432 	DATA 	Keypress: rctrl
461.2921 	EXP 	Sound  started
461.3112 	DATA 	Keypress: rctrl
462.0311 	DATA 	Keypress: lctrl
462.0421 	EXP 	Sound  started
462.7672 	DATA 	Keypress: rctrl
462.7921 	EXP 	Sound  started
463.5422 	EXP 	Sound  started
463.5992 	DATA 	Keypress: rctrl
464.2392 	DATA 	Keypress: lctrl
464.2922 	EXP 	Sound  started
464.9751 	DATA 	Keypress: rctrl
465.0422 	EXP 	Sound  started
465.7272 	DATA 	Keypress: lctrl
465.7922 	EXP 	Sound  started
466.4792 	DATA 	Keypress: rctrl
466.5422 	EXP 	Sound  started
467.2922 	EXP 	Sound  started
467.2952 	DATA 	Keypress: rctrl
468.0423 	EXP 	Sound  started
468.0632 	DATA 	Keypress: lctrl
468.7923 	EXP 	Sound  started
468.8152 	DATA 	Keypress: rctrl
469.5423 	EXP 	Sound  started
469.6471 	DATA 	Keypress: rctrl
470.2923 	EXP 	Sound  started
470.3352 	DATA 	Keypress: rctrl
471.0231 	DATA 	Keypress: lctrl
471.0423 	EXP 	Sound  started
471.7923 	EXP 	Sound  started
471.8231 	DATA 	Keypress: rctrl
472.5424 	EXP 	Sound  started
472.5752 	DATA 	Keypress: rctrl
473.2792 	DATA 	Keypress: lctrl
473.2924 	EXP 	Sound  started
473.9991 	DATA 	Keypress: rctrl
474.0424 	EXP 	Sound  started
474.7833 	DATA 	Keypress: rctrl
474.7924 	EXP 	Sound  started
475.5192 	DATA 	Keypress: lctrl
475.5424 	EXP 	Sound  started
476.2872 	DATA 	Keypress: rctrl
476.2924 	EXP 	Sound  started
477.0424 	EXP 	Sound  started
477.0711 	DATA 	Keypress: rctrl
477.7912 	DATA 	Keypress: lctrl
477.7925 	EXP 	Sound  started
478.5112 	DATA 	Keypress: rctrl
478.5425 	EXP 	Sound  started
479.2632 	DATA 	Keypress: lctrl
479.2925 	EXP 	Sound  started
480.0425 	EXP 	Sound  started
480.0632 	DATA 	Keypress: rctrl
480.7831 	DATA 	Keypress: lctrl
480.7925 	EXP 	Sound  started
481.5425 	EXP 	Sound  started
481.5671 	DATA 	Keypress: rctrl
482.2926 	EXP 	Sound  started
482.3031 	DATA 	Keypress: rctrl
483.0071 	DATA 	Keypress: lctrl
483.0426 	EXP 	Sound  started
483.8108 	DATA 	Keypress: rctrl
485.1247 	DATA 	Keypress: 4
485.1412 	EXP 	unnamed ShapeStim: vertices = <class 'numpy.ndarray'>
486.9633 	DATA 	Keypress: 1
486.9923 	EXP 	unnamed ShapeStim: vertices = <class 'numpy.ndarray'>
489.6322 	DATA 	Keypress: 4
489.6616 	EXP 	unnamed ShapeStim: vertices = <class 'numpy.ndarray'>
491.9470 	EXP 	Sound  started
492.1272 	DATA 	Keypress: lctrl
492.6969 	EXP 	Sound  started
492.7031 	DATA 	Keypress: rctrl
493.4231 	DATA 	Keypress: rctrl
493.4469 	EXP 	Sound  started
494.1111 	DATA 	Keypress: lctrl
494.1969 	EXP 	Sound  started
494.8791 	DATA 	Keypress: rctrl
494.9469 	EXP 	Sound  started
495.6792 	DATA 	Keypress: rctrl
495.6969 	EXP 	Sound  started
496.3992 	DATA 	Keypress: lctrl
496.4469 	EXP 	Sound  started
497.1671 	DATA 	Keypress: rctrl
497.1969 	EXP 	Sound  started
497.9031 	DATA 	Keypress: lctrl
497.9470 	EXP 	Sound  started
498.6970 	EXP 	Sound  started
499.4072 	DATA 	Keypress: rctrl
499.4470 	EXP 	Sound  started
500.1431 	DATA 	Keypress: lctrl
500.1970 	EXP 	Sound  started
500.8791 	DATA 	Keypress: rctrl
500.9470 	EXP 	Sound  started
501.6471 	DATA 	Keypress: rctrl
501.6970 	EXP 	Sound  started
502.4311 	DATA 	Keypress: lctrl
502.4470 	EXP 	Sound  started
503.1672 	DATA 	Keypress: rctrl
503.1971 	EXP 	Sound  started
503.9032 	DATA 	Keypress: lctrl
503.9471 	EXP 	Sound  started
504.6971 	EXP 	Sound  started
504.7032 	DATA 	Keypress: lctrl
505.4231 	DATA 	Keypress: rctrl
505.4471 	EXP 	Sound  started
506.1591 	DATA 	Keypress: rctrl
506.1971 	EXP 	Sound  started
506.9431 	DATA 	Keypress: lctrl
506.9471 	EXP 	Sound  started
507.6791 	DATA 	Keypress: rctrl
507.6971 	EXP 	Sound  started
508.3991 	DATA 	Keypress: rctrl
508.4472 	EXP 	Sound  started
509.1352 	DATA 	Keypress: lctrl
509.1972 	EXP 	Sound  started
509.8232 	DATA 	Keypress: rctrl
509.9472 	EXP 	Sound  started
510.6231 	DATA 	Keypress: rctrl
510.6972 	EXP 	Sound  started
511.4472 	EXP 	Sound  started
512.1271 	DATA 	Keypress: lctrl
512.1972 	EXP 	Sound  started
512.8631 	DATA 	Keypress: rctrl
512.9472 	EXP 	Sound  started
513.6791 	DATA 	Keypress: lctrl
513.6973 	EXP 	Sound  started
514.4473 	EXP 	Sound  started
514.4792 	DATA 	Keypress: rctrl
515.1833 	DATA 	Keypress: lctrl
515.1973 	EXP 	Sound  started
515.9032 	DATA 	Keypress: rctrl
515.9473 	EXP 	Sound  started
516.6072 	DATA 	Keypress: lctrl
516.6973 	EXP 	Sound  started
517.4072 	DATA 	Keypress: rctrl
517.4474 	EXP 	Sound  started
518.1974 	EXP 	Sound  started
518.2071 	DATA 	Keypress: lctrl
518.9431 	DATA 	Keypress: rctrl
518.9474 	EXP 	Sound  started
519.6974 	EXP 	Sound  started
520.3991 	DATA 	Keypress: rctrl
520.4474 	EXP 	Sound  started
521.1672 	DATA 	Keypress: rctrl
521.1974 	EXP 	Sound  started
521.9031 	DATA 	Keypress: lctrl
521.9474 	EXP 	Sound  started
522.6071 	DATA 	Keypress: rctrl
522.6974 	EXP 	Sound  started
523.3751 	DATA 	Keypress: lctrl
523.4474 	EXP 	Sound  started
524.1591 	DATA 	Keypress: rctrl
524.1975 	EXP 	Sound  started
524.8631 	DATA 	Keypress: rctrl
524.9475 	EXP 	Sound  started
525.6631 	DATA 	Keypress: rctrl
525.6975 	EXP 	Sound  started
526.4151 	DATA 	Keypress: lctrl
526.4475 	EXP 	Sound  started
527.1975 	EXP 	Sound  started
527.1991 	DATA 	Keypress: rctrl
527.9475 	EXP 	Sound  started
528.0631 	DATA 	Keypress: rctrl
528.6976 	EXP 	Sound  started
528.7671 	DATA 	Keypress: rctrl
529.4476 	EXP 	Sound  started
529.4711 	DATA 	Keypress: lctrl
530.1976 	EXP 	Sound  started
530.2072 	DATA 	Keypress: lctrl
530.8791 	DATA 	Keypress: rctrl
530.9476 	EXP 	Sound  started
531.6631 	DATA 	Keypress: lctrl
531.6976 	EXP 	Sound  started
532.4476 	EXP 	Sound  started
532.5591 	DATA 	Keypress: lctrl
533.1831 	DATA 	Keypress: rctrl
533.1976 	EXP 	Sound  started
533.9351 	DATA 	Keypress: lctrl
533.9476 	EXP 	Sound  started
534.6551 	DATA 	Keypress: rctrl
534.6977 	EXP 	Sound  started
535.4391 	DATA 	Keypress: lctrl
535.4477 	EXP 	Sound  started
536.1977 	EXP 	Sound  started
536.2072 	DATA 	Keypress: lctrl
536.9477 	EXP 	Sound  started
536.9752 	DATA 	Keypress: lctrl
537.6977 	EXP 	Sound  started
537.7111 	DATA 	Keypress: rctrl
538.3511 	DATA 	Keypress: lctrl
538.4477 	EXP 	Sound  started
539.1977 	EXP 	Sound  started
539.1992 	DATA 	Keypress: lctrl
539.9191 	DATA 	Keypress: rctrl
539.9477 	EXP 	Sound  started
540.6978 	EXP 	Sound  started
540.7031 	DATA 	Keypress: lctrl
541.4391 	DATA 	Keypress: lctrl
541.4478 	EXP 	Sound  started
542.1751 	DATA 	Keypress: rctrl
542.1978 	EXP 	Sound  started
542.9478 	EXP 	Sound  started
542.9751 	DATA 	Keypress: lctrl
543.6978 	EXP 	Sound  started
543.7111 	DATA 	Keypress: lctrl
544.3991 	DATA 	Keypress: lctrl
544.4478 	EXP 	Sound  started
545.1512 	DATA 	Keypress: rctrl
545.1979 	EXP 	Sound  started
545.8391 	DATA 	Keypress: rctrl
545.9479 	EXP 	Sound  started
546.5591 	DATA 	Keypress: lctrl
546.6979 	EXP 	Sound  started
547.3271 	DATA 	Keypress: rctrl
547.4479 	EXP 	Sound  started
548.0951 	DATA 	Keypress: rctrl
548.1979 	EXP 	Sound  started
548.8951 	DATA 	Keypress: lctrl
548.9479 	EXP 	Sound  started
549.6152 	DATA 	Keypress: rctrl
553.5636 	DATA 	Keypress: 4
553.5801 	EXP 	unnamed ShapeStim: vertices = <class 'numpy.ndarray'>
555.6325 	DATA 	Keypress: 1
555.6490 	EXP 	unnamed ShapeStim: vertices = <class 'numpy.ndarray'>
558.2012 	DATA 	Keypress: 4
558.2177 	EXP 	unnamed ShapeStim: vertices = <class 'numpy.ndarray'>
560.5023 	EXP 	Sound  started
560.6872 	DATA 	Keypress: lctrl
561.2311 	DATA 	Keypress: rctrl
561.2522 	EXP 	Sound  started
561.9671 	DATA 	Keypress: lctrl
562.0022 	EXP 	Sound  started
562.6870 	DATA 	Keypress: lctrl
562.7523 	EXP 	Sound  started
563.4391 	DATA 	Keypress: rctrl
563.5023 	EXP 	Sound  started
564.2071 	DATA 	Keypress: rctrl
564.2523 	EXP 	Sound  started
564.9751 	DATA 	Keypress: lctrl
565.0023 	EXP 	Sound  started
565.7271 	DATA 	Keypress: rctrl
565.7523 	EXP 	Sound  started
566.5023 	EXP 	Sound  started
566.5111 	DATA 	Keypress: lctrl
567.1991 	DATA 	Keypress: lctrl
567.2523 	EXP 	Sound  started
568.0024 	EXP 	Sound  started
568.0312 	DATA 	Keypress: rctrl
568.7524 	EXP 	Sound  started
568.7831 	DATA 	Keypress: rctrl
569.5024 	EXP 	Sound  started
569.5031 	DATA 	Keypress: lctrl
570.2524 	EXP 	Sound  started
570.2711 	DATA 	Keypress: rctrl
570.9751 	DATA 	Keypress: lctrl
571.0024 	EXP 	Sound  started
571.7271 	DATA 	Keypress: lctrl
571.7524 	EXP 	Sound  started
572.5025 	EXP 	Sound  started
572.5111 	DATA 	Keypress: rctrl
573.1991 	DATA 	Keypress: rctrl
573.2525 	EXP 	Sound  started
573.9351 	DATA 	Keypress: lctrl
574.0025 	EXP 	Sound  started
574.7031 	DATA 	Keypress: rctrl
574.7525 	EXP 	Sound  started
575.4711 	DATA 	Keypress: rctrl
575.5025 	EXP 	Sound  started
576.2071 	DATA 	Keypress: lctrl
576.2525 	EXP 	Sound  started
576.8791 	DATA 	Keypress: rctrl
577.0025 	EXP 	Sound  started
577.7271 	DATA 	Keypress: lctrl
577.7525 	EXP 	Sound  started
578.4631 	DATA 	Keypress: lctrl
578.5026 	EXP 	Sound  started
579.2526 	EXP 	Sound  started
579.2631 	DATA 	Keypress: rctrl
580.0026 	EXP 	Sound  started
580.0311 	DATA 	Keypress: rctrl
580.7526 	EXP 	Sound  started
580.8151 	DATA 	Keypress: lctrl
581.5026 	EXP 	Sound  started
581.5511 	DATA 	Keypress: lctrl
582.2526 	EXP 	Sound  started
582.2551 	DATA 	Keypress: rctrl
582.9912 	DATA 	Keypress: lctrl
583.0027 	EXP 	Sound  started
583.7271 	DATA 	Keypress: rctrl
583.7527 	EXP 	Sound  started
584.4471 	DATA 	Keypress: rctrl
584.5027 	EXP 	Sound  started
585.2152 	DATA 	Keypress: lctrl
585.2527 	EXP 	Sound  started
585.9511 	DATA 	Keypress: lctrl
586.0027 	EXP 	Sound  started
586.7527 	EXP 	Sound  started
586.7830 	DATA 	Keypress: rctrl
587.4231 	DATA 	Keypress: lctrl
587.5028 	EXP 	Sound  started
588.2071 	DATA 	Keypress: lctrl
588.2528 	EXP 	Sound  started
588.9911 	DATA 	Keypress: rctrl
589.0028 	EXP 	Sound  started
589.7528 	EXP 	Sound  started
589.7912 	DATA 	Keypress: lctrl
590.5028 	EXP 	Sound  started
590.5431 	DATA 	Keypress: rctrl
591.2528 	EXP 	Sound  started
591.2951 	DATA 	Keypress: rctrl
592.0028 	EXP 	Sound  started
592.0151 	DATA 	Keypress: lctrl
592.7529 	EXP 	Sound  started
592.7831 	DATA 	Keypress: rctrl
593.5029 	EXP 	Sound  started
593.5510 	DATA 	Keypress: rctrl
594.2529 	EXP 	Sound  started
594.3031 	DATA 	Keypress: lctrl
595.0029 	EXP 	Sound  started
595.0711 	DATA 	Keypress: rctrl
595.7111 	DATA 	Keypress: rctrl
595.7529 	EXP 	Sound  started
596.5029 	EXP 	Sound  started
596.5110 	DATA 	Keypress: lctrl
597.2529 	EXP 	Sound  started
597.2951 	DATA 	Keypress: rctrl
598.0030 	EXP 	Sound  started
598.0151 	DATA 	Keypress: lctrl
598.7511 	DATA 	Keypress: lctrl
598.7530 	EXP 	Sound  started
599.4551 	DATA 	Keypress: rctrl
599.5030 	EXP 	Sound  started
600.2071 	DATA 	Keypress: lctrl
600.2530 	EXP 	Sound  started
600.9911 	DATA 	Keypress: rctrl
601.0030 	EXP 	Sound  started
601.7431 	DATA 	Keypress: rctrl
601.7530 	EXP 	Sound  started
602.4631 	DATA 	Keypress: lctrl
602.5030 	EXP 	Sound  started
603.2311 	DATA 	Keypress: rctrl
603.2531 	EXP 	Sound  started
603.9830 	DATA 	Keypress: rctrl
604.0031 	EXP 	Sound  started
604.7351 	DATA 	Keypress: lctrl
604.7531 	EXP 	Sound  started
605.5031 	EXP 	Sound  started
605.5351 	DATA 	Keypress: rctrl
606.2531 	EXP 	Sound  started
606.2871 	DATA 	Keypress: lctrl
607.0031 	EXP 	Sound  started
607.0391 	DATA 	Keypress: rctrl
607.7111 	DATA 	Keypress: lctrl
607.7531 	EXP 	Sound  started
608.4471 	DATA 	Keypress: rctrl
608.5031 	EXP 	Sound  started
609.1991 	DATA 	Keypress: lctrl
609.2532 	EXP 	Sound  started
610.0032 	EXP 	Sound  started
610.0310 	DATA 	Keypress: lctrl
610.7350 	DATA 	Keypress: rctrl
610.7532 	EXP 	Sound  started
611.5032 	EXP 	Sound  started
611.5511 	DATA 	Keypress: lctrl
612.2532 	EXP 	Sound  started
612.3351 	DATA 	Keypress: rctrl
613.0033 	EXP 	Sound  started
613.0551 	DATA 	Keypress: lctrl
613.7533 	EXP 	Sound  started
613.7591 	DATA 	Keypress: rctrl
614.4790 	DATA 	Keypress: rctrl
614.5033 	EXP 	Sound  started
615.2150 	DATA 	Keypress: lctrl
615.2533 	EXP 	Sound  started
615.9831 	DATA 	Keypress: rctrl
616.0033 	EXP 	Sound  started
616.7533 	EXP 	Sound  started
616.7991 	DATA 	Keypress: lctrl
617.5033 	EXP 	Sound  started
617.6151 	DATA 	Keypress: rctrl
618.2534 	EXP 	Sound  started
618.3031 	DATA 	Keypress: lctrl
618.9911 	DATA 	Keypress: lctrl
619.0034 	EXP 	Sound  started
619.6471 	DATA 	Keypress: lctrl
619.7534 	EXP 	Sound  started
620.4951 	DATA 	Keypress: rctrl
620.5034 	EXP 	Sound  started
621.2311 	DATA 	Keypress: rctrl
621.2534 	EXP 	Sound  started
621.9831 	DATA 	Keypress: lctrl
622.0034 	EXP 	Sound  started
622.7534 	EXP 	Sound  started
622.7671 	DATA 	Keypress: rctrl
623.5030 	DATA 	Keypress: rctrl
623.5035 	EXP 	Sound  started
624.2535 	EXP 	Sound  started
624.2711 	DATA 	Keypress: lctrl
625.0077 	DATA 	Keypress: lctrl
627.0071 	DATA 	Keypress: 4
627.0236 	EXP 	unnamed ShapeStim: vertices = <class 'numpy.ndarray'>
629.3466 	DATA 	Keypress: 1
629.3760 	EXP 	unnamed ShapeStim: vertices = <class 'numpy.ndarray'>
631.3778 	DATA 	Keypress: 4
631.3943 	EXP 	unnamed ShapeStim: vertices = <class 'numpy.ndarray'>
633.6793 	EXP 	Sound  started
633.8711 	DATA 	Keypress: lctrl
634.3831 	DATA 	Keypress: rctrl
634.4292 	EXP 	Sound  started
635.0870 	DATA 	Keypress: lctrl
635.1792 	EXP 	Sound  started
635.8550 	DATA 	Keypress: lctrl
635.9292 	EXP 	Sound  started
636.6071 	DATA 	Keypress: rctrl
636.6792 	EXP 	Sound  started
637.3751 	DATA 	Keypress: lctrl
637.4293 	EXP 	Sound  started
638.1750 	DATA 	Keypress: rctrl
638.1793 	EXP 	Sound  started
638.9111 	DATA 	Keypress: rctrl
638.9293 	EXP 	Sound  started
639.6630 	DATA 	Keypress: lctrl
639.6793 	EXP 	Sound  started
640.4150 	DATA 	Keypress: rctrl
640.4293 	EXP 	Sound  started
641.1671 	DATA 	Keypress: rctrl
641.1793 	EXP 	Sound  started
641.9293 	EXP 	Sound  started
641.9510 	DATA 	Keypress: lctrl
642.6794 	EXP 	Sound  started
642.7190 	DATA 	Keypress: rctrl
643.4294 	EXP 	Sound  started
643.4390 	DATA 	Keypress: rctrl
644.1590 	DATA 	Keypress: lctrl
644.1794 	EXP 	Sound  started
644.9294 	EXP 	Sound  started
644.9430 	DATA 	Keypress: rctrl
645.6790 	DATA 	Keypress: rctrl
645.6794 	EXP 	Sound  started
646.4294 	EXP 	Sound  started
646.4631 	DATA 	Keypress: lctrl
647.1795 	EXP 	Sound  started
647.1832 	DATA 	Keypress: lctrl
647.8710 	DATA 	Keypress: rctrl
647.9295 	EXP 	Sound  started
648.6390 	DATA 	Keypress: lctrl
648.6795 	EXP 	Sound  started
649.4230 	DATA 	Keypress: lctrl
649.4295 	EXP 	Sound  started
650.1795 	EXP 	Sound  started
650.1911 	DATA 	Keypress: lctrl
650.9295 	EXP 	Sound  started
650.9590 	DATA 	Keypress: rctrl
651.6791 	DATA 	Keypress: lctrl
651.6795 	EXP 	Sound  started
652.4150 	DATA 	Keypress: rctrl
652.4296 	EXP 	Sound  started
653.1796 	EXP 	Sound  started
653.1990 	DATA 	Keypress: lctrl
653.9296 	EXP 	Sound  started
653.9350 	DATA 	Keypress: lctrl
654.6390 	DATA 	Keypress: rctrl
654.6796 	EXP 	Sound  started
655.4230 	DATA 	Keypress: lctrl
655.4296 	EXP 	Sound  started
656.1796 	EXP 	Sound  started
656.2230 	DATA 	Keypress: rctrl
656.8630 	DATA 	Keypress: rctrl
656.9296 	EXP 	Sound  started
657.6631 	DATA 	Keypress: lctrl
657.6797 	EXP 	Sound  started
658.3670 	DATA 	Keypress: rctrl
658.4297 	EXP 	Sound  started
659.1190 	DATA 	Keypress: rctrl
659.1797 	EXP 	Sound  started
659.8710 	DATA 	Keypress: lctrl
659.9297 	EXP 	Sound  started
660.5590 	DATA 	Keypress: rctrl
660.6797 	EXP 	Sound  started
661.3590 	DATA 	Keypress: lctrl
661.4297 	EXP 	Sound  started
662.1431 	DATA 	Keypress: lctrl
662.1798 	EXP 	Sound  started
662.9110 	DATA 	Keypress: rctrl
662.9298 	EXP 	Sound  started
663.6310 	DATA 	Keypress: rctrl
663.6798 	EXP 	Sound  started
664.4150 	DATA 	Keypress: lctrl
664.4298 	EXP 	Sound  started
665.1798 	EXP 	Sound  started
665.3430 	DATA 	Keypress: rctrl
665.9190 	DATA 	Keypress: lctrl
665.9298 	EXP 	Sound  started
666.6798 	EXP 	Sound  started
666.6870 	DATA 	Keypress: rctrl
667.3430 	DATA 	Keypress: rctrl
667.4299 	EXP 	Sound  started
668.1110 	DATA 	Keypress: lctrl
668.1799 	EXP 	Sound  started
668.8630 	DATA 	Keypress: rctrl
668.9299 	EXP 	Sound  started
669.5190 	DATA 	Keypress: lctrl
669.6799 	EXP 	Sound  started
670.3670 	DATA 	Keypress: rctrl
670.4299 	EXP 	Sound  started
671.1030 	DATA 	Keypress: rctrl
671.1799 	EXP 	Sound  started
671.9030 	DATA 	Keypress: lctrl
671.9299 	EXP 	Sound  started
672.6390 	DATA 	Keypress: rctrl
672.6800 	EXP 	Sound  started
673.3590 	DATA 	Keypress: lctrl
673.4300 	EXP 	Sound  started
674.1430 	DATA 	Keypress: rctrl
674.1800 	EXP 	Sound  started
674.8470 	DATA 	Keypress: lctrl
674.9300 	EXP 	Sound  started
675.6470 	DATA 	Keypress: rctrl
675.6800 	EXP 	Sound  started
676.4150 	DATA 	Keypress: rctrl
676.4300 	EXP 	Sound  started
677.1510 	DATA 	Keypress: lctrl
677.1800 	EXP 	Sound  started
677.9190 	DATA 	Keypress: rctrl
677.9301 	EXP 	Sound  started
678.6550 	DATA 	Keypress: lctrl
678.6801 	EXP 	Sound  started
679.4301 	EXP 	Sound  started
679.4710 	DATA 	Keypress: rctrl
680.1430 	DATA 	Keypress: lctrl
680.1801 	EXP 	Sound  started
680.8630 	DATA 	Keypress: rctrl
680.9301 	EXP 	Sound  started
681.6310 	DATA 	Keypress: lctrl
681.6801 	EXP 	Sound  started
682.3830 	DATA 	Keypress: rctrl
682.4301 	EXP 	Sound  started
683.1350 	DATA 	Keypress: rctrl
683.1802 	EXP 	Sound  started
683.9190 	DATA 	Keypress: lctrl
683.9302 	EXP 	Sound  started
684.6390 	DATA 	Keypress: rctrl
684.6802 	EXP 	Sound  started
685.4302 	EXP 	Sound  started
685.4711 	DATA 	Keypress: lctrl
686.1802 	EXP 	Sound  started
686.2550 	DATA 	Keypress: lctrl
686.9303 	EXP 	Sound  started
686.9750 	DATA 	Keypress: rctrl
687.6471 	DATA 	Keypress: lctrl
687.6803 	EXP 	Sound  started
688.4303 	EXP 	Sound  started
688.4312 	DATA 	Keypress: rctrl
689.1510 	DATA 	Keypress: lctrl
689.1803 	EXP 	Sound  started
689.9303 	EXP 	Sound  started
689.9510 	DATA 	Keypress: lctrl
690.6550 	DATA 	Keypress: rctrl
690.6803 	EXP 	Sound  started
691.4070 	DATA 	Keypress: lctrl
691.4303 	EXP 	Sound  started
692.1803 	EXP 	Sound  started
692.1910 	DATA 	Keypress: rctrl
692.9304 	EXP 	Sound  started
692.9591 	DATA 	Keypress: rctrl
693.6150 	DATA 	Keypress: lctrl
693.6804 	EXP 	Sound  started
694.3990 	DATA 	Keypress: rctrl
694.4304 	EXP 	Sound  started
695.0871 	DATA 	Keypress: lctrl
695.1804 	EXP 	Sound  started
695.8390 	DATA 	Keypress: rctrl
695.9304 	EXP 	Sound  started
696.5750 	DATA 	Keypress: rctrl
696.6804 	EXP 	Sound  started
697.3110 	DATA 	Keypress: lctrl
697.4305 	EXP 	Sound  started
698.0470 	DATA 	Keypress: rctrl
698.1805 	EXP 	Sound  started
698.8791 	DATA 	Keypress: rctrl
698.9305 	EXP 	Sound  started
699.5830 	DATA 	Keypress: lctrl
701.2017 	DATA 	Keypress: 4
701.2182 	EXP 	unnamed ShapeStim: vertices = <class 'numpy.ndarray'>
704.1709 	DATA 	Keypress: 1
704.1873 	EXP 	unnamed ShapeStim: vertices = <class 'numpy.ndarray'>
706.5766 	DATA 	Keypress: 4
706.6059 	EXP 	unnamed ShapeStim: vertices = <class 'numpy.ndarray'>
708.8908 	EXP 	Sound  started
708.8916 	DATA 	Keypress: rctrl
709.5990 	DATA 	Keypress: lctrl
709.6406 	EXP 	Sound  started
710.3190 	DATA 	Keypress: lctrl
710.3906 	EXP 	Sound  started
711.1407 	EXP 	Sound  started
711.1830 	DATA 	Keypress: lctrl
711.8907 	EXP 	Sound  started
711.9350 	DATA 	Keypress: rctrl
712.5909 	DATA 	Keypress: lctrl
712.6407 	EXP 	Sound  started
713.3429 	DATA 	Keypress: rctrl
713.3907 	EXP 	Sound  started
714.1407 	EXP 	Sound  started
714.2070 	DATA 	Keypress: rctrl
714.8470 	DATA 	Keypress: lctrl
714.8907 	EXP 	Sound  started
715.6407 	EXP 	Sound  started
715.6630 	DATA 	Keypress: rctrl
716.3350 	DATA 	Keypress: rctrl
716.3908 	EXP 	Sound  started
717.0710 	DATA 	Keypress: lctrl
717.1408 	EXP 	Sound  started
717.8390 	DATA 	Keypress: rctrl
717.8908 	EXP 	Sound  started
718.5910 	DATA 	Keypress: lctrl
718.6408 	EXP 	Sound  started
719.3109 	DATA 	Keypress: lctrl
719.3908 	EXP 	Sound  started
719.9990 	DATA 	Keypress: rctrl
720.1409 	EXP 	Sound  started
720.7190 	DATA 	Keypress: lctrl
720.8909 	EXP 	Sound  started
721.5670 	DATA 	Keypress: rctrl
721.6409 	EXP 	Sound  started
722.2870 	DATA 	Keypress: rctrl
722.3909 	EXP 	Sound  started
722.9910 	DATA 	Keypress: lctrl
723.1409 	EXP 	Sound  started
723.7750 	DATA 	Keypress: rctrl
723.8909 	EXP 	Sound  started
724.6070 	DATA 	Keypress: rctrl
724.6409 	EXP 	Sound  started
725.3270 	DATA 	Keypress: lctrl
725.3909 	EXP 	Sound  started
726.0950 	DATA 	Keypress: rctrl
726.1410 	EXP 	Sound  started
726.8470 	DATA 	Keypress: rctrl
726.8910 	EXP 	Sound  started
727.6150 	DATA 	Keypress: lctrl
727.6410 	EXP 	Sound  started
728.3670 	DATA 	Keypress: rctrl
728.3910 	EXP 	Sound  started
729.1190 	DATA 	Keypress: lctrl
729.1410 	EXP 	Sound  started
729.8710 	DATA 	Keypress: rctrl
729.8911 	EXP 	Sound  started
730.6411 	EXP 	Sound  started
730.6550 	DATA 	Keypress: rctrl
731.3750 	DATA 	Keypress: lctrl
731.3911 	EXP 	Sound  started
732.1270 	DATA 	Keypress: rctrl
732.1411 	EXP 	Sound  started
732.8790 	DATA 	Keypress: rctrl
732.8911 	EXP 	Sound  started
733.6150 	DATA 	Keypress: lctrl
733.6411 	EXP 	Sound  started
734.3911 	EXP 	Sound  started
734.3990 	DATA 	Keypress: lctrl
735.1412 	EXP 	Sound  started
735.1830 	DATA 	Keypress: rctrl
735.8710 	DATA 	Keypress: lctrl
735.8912 	EXP 	Sound  started
736.5750 	DATA 	Keypress: lctrl
736.6412 	EXP 	Sound  started
737.3430 	DATA 	Keypress: lctrl
737.3912 	EXP 	Sound  started
738.1412 	EXP 	Sound  started
738.1430 	DATA 	Keypress: lctrl
738.8912 	EXP 	Sound  started
738.8949 	DATA 	Keypress: rctrl
739.6150 	DATA 	Keypress: lctrl
739.6412 	EXP 	Sound  started
740.3913 	EXP 	Sound  started
740.3991 	DATA 	Keypress: lctrl
741.1350 	DATA 	Keypress: lctrl
741.1413 	EXP 	Sound  started
741.8550 	DATA 	Keypress: rctrl
741.8913 	EXP 	Sound  started
742.5590 	DATA 	Keypress: lctrl
742.6413 	EXP 	Sound  started
743.3270 	DATA 	Keypress: lctrl
743.3913 	EXP 	Sound  started
744.1109 	DATA 	Keypress: rctrl
744.1413 	EXP 	Sound  started
744.8310 	DATA 	Keypress: lctrl
744.8913 	EXP 	Sound  started
745.5990 	DATA 	Keypress: lctrl
745.6414 	EXP 	Sound  started
746.3830 	DATA 	Keypress: lctrl
746.3914 	EXP 	Sound  started
747.0870 	DATA 	Keypress: lctrl
747.1414 	EXP 	Sound  started
747.8709 	DATA 	Keypress: rctrl
747.8914 	EXP 	Sound  started
748.5590 	DATA 	Keypress: lctrl
748.6414 	EXP 	Sound  started
749.3590 	DATA 	Keypress: lctrl
749.3914 	EXP 	Sound  started
750.1110 	DATA 	Keypress: rctrl
750.1414 	EXP 	Sound  started
750.8150 	DATA 	Keypress: lctrl
750.8915 	EXP 	Sound  started
751.6415 	EXP 	Sound  started
751.6470 	DATA 	Keypress: rctrl
752.3915 	EXP 	Sound  started
752.4469 	DATA 	Keypress: rctrl
753.1189 	DATA 	Keypress: rctrl
753.1415 	EXP 	Sound  started
753.8709 	DATA 	Keypress: lctrl
753.8915 	EXP 	Sound  started
754.6229 	DATA 	Keypress: rctrl
754.6415 	EXP 	Sound  started
755.3750 	DATA 	Keypress: lctrl
755.3915 	EXP 	Sound  started
756.0949 	DATA 	Keypress: lctrl
756.1416 	EXP 	Sound  started
756.8790 	DATA 	Keypress: rctrl
756.8916 	EXP 	Sound  started
757.6150 	DATA 	Keypress: rctrl
757.6416 	EXP 	Sound  started
758.3669 	DATA 	Keypress: lctrl
758.3916 	EXP 	Sound  started
759.1350 	DATA 	Keypress: rctrl
759.1416 	EXP 	Sound  started
759.8869 	DATA 	Keypress: lctrl
759.8916 	EXP 	Sound  started
760.6070 	DATA 	Keypress: lctrl
760.6416 	EXP 	Sound  started
761.3430 	DATA 	Keypress: rctrl
761.3917 	EXP 	Sound  started
762.0469 	DATA 	Keypress: lctrl
762.1417 	EXP 	Sound  started
762.7989 	DATA 	Keypress: lctrl
762.8917 	EXP 	Sound  started
763.5990 	DATA 	Keypress: rctrl
763.6417 	EXP 	Sound  started
764.3030 	DATA 	Keypress: lctrl
764.3917 	EXP 	Sound  started
765.1417 	EXP 	Sound  started
765.1510 	DATA 	Keypress: rctrl
765.8918 	EXP 	Sound  started
765.9351 	DATA 	Keypress: rctrl
766.6070 	DATA 	Keypress: lctrl
766.6418 	EXP 	Sound  started
767.3109 	DATA 	Keypress: rctrl
767.3918 	EXP 	Sound  started
768.1110 	DATA 	Keypress: rctrl
770.7915 	DATA 	Keypress: 4
770.8080 	EXP 	unnamed ShapeStim: vertices = <class 'numpy.ndarray'>
772.5763 	DATA 	Keypress: 2
772.5928 	EXP 	unnamed ShapeStim: vertices = <class 'numpy.ndarray'>
777.3969 	DATA 	Keypress: 3
777.4134 	EXP 	unnamed ShapeStim: vertices = <class 'numpy.ndarray'>
913.9828 	DATA 	Keypress: return
914.0498 	EXP 	window1: mouseVisible = True
