331.7759 	WARNING 	User requested fullscreen with size [1024  768], but screen is actually [1920, 1200]. Using actual size
332.5686 	EXP 	Created window1 = Window(allowGUI=False, allowStencil=False, autoLog=True, backendConf=UNKNOWN, bitsMode=UNKNOWN, blendMode='avg', bpc=(8, 8, 8), color=array([0, 0, 0]), colorSpace='rgb', depthBits=8, fullscr=<method-wrapper '__getattribute__' of attributeSetter object at 0x00000198024467B8>, gamma=None, gammaErrorPolicy='raise', lms=UNKNOWN, monitor=<psychopy.monitors.calibTools.Monitor object at 0x0000019803E140B8>, multiSample=False, name='window1', numSamples=2, pos=[0.0, 0.0], screen=0, size=array([1920, 1200]), stencilBits=0, stereo=False, units='norm', useFBO=True, useRetina=False, viewOri=0.0, viewPos=None, viewScale=None, waitBlanking=True, winType='pyglet')
332.5690 	EXP 	window1: mouseVisible = True
332.5690 	EXP 	window1: mouseVisible = False
332.5690 	EXP 	window1: recordFrameIntervals = False
332.7351 	EXP 	window1: recordFrameIntervals = True
332.9188 	EXP 	window1: recordFrameIntervals = False
332.9723 	EXP 	Created text = TextStim(__class__=<class 'psychopy.visual.text.TextStim'>, alignHoriz=method-wrapper(...), alignText='center', alignVert=method-wrapper(...), anchorHoriz='center', anchorVert='center', antialias=True, autoLog=True, bold=False, color=array([1., 1., 1.]), colorSpace='rgb', contrast=1.0, depth=0.0, flipHoriz=False, flipVert=False, font='Arial', fontFiles=[], height=0.15, italic=False, languageStyle='LTR', name='text', opacity=1, ori=0, pos=array([0., 0.]), rgb=UNKNOWN, text='+', units='norm', win=Window(...), wrapWidth=1)
332.9916 	EXP 	Created text = TextStim(__class__=<class 'psychopy.visual.text.TextStim'>, alignHoriz=method-wrapper(...), alignText='center', alignVert=method-wrapper(...), anchorHoriz='center', anchorVert='center', antialias=True, autoLog=True, bold=False, color=array([1., 1., 1.]), colorSpace='rgb', contrast=1.0, depth=0.0, flipHoriz=False, flipVert=False, font='Arial', fontFiles=[], height=0.07, italic=False, languageStyle='LTR', name='text', opacity=1, ori=0, pos=array([0., 0.]), rgb=UNKNOWN, text=str(...), units='norm', win=Window(...), wrapWidth=1.65)
333.0036 	EXP 	Created text = TextStim(__class__=<class 'psychopy.visual.text.TextStim'>, alignHoriz=method-wrapper(...), alignText='center', alignVert=method-wrapper(...), anchorHoriz='center', anchorVert='center', antialias=True, autoLog=True, bold=False, color=array([1., 1., 1.]), colorSpace='rgb', contrast=1.0, depth=0.0, flipHoriz=False, flipVert=False, font='Arial', fontFiles=[], height=0.07, italic=False, languageStyle='LTR', name='text', opacity=1, ori=0, pos=array([0., 0.]), rgb=UNKNOWN, text=str(...), units='norm', win=Window(...), wrapWidth=1.65)
333.0137 	EXP 	Created text = TextStim(__class__=<class 'psychopy.visual.text.TextStim'>, alignHoriz=method-wrapper(...), alignText='center', alignVert=method-wrapper(...), anchorHoriz='center', anchorVert='center', antialias=True, autoLog=True, bold=False, color=array([1., 1., 1.]), colorSpace='rgb', contrast=1.0, depth=0.0, flipHoriz=False, flipVert=False, font='Arial', fontFiles=[], height=0.07, italic=False, languageStyle='LTR', name='text', opacity=1, ori=0, pos=array([0., 0.]), rgb=UNKNOWN, text=str(...), units='norm', win=Window(...), wrapWidth=1.65)
333.0243 	EXP 	Created text = TextStim(__class__=<class 'psychopy.visual.text.TextStim'>, alignHoriz=method-wrapper(...), alignText='center', alignVert=method-wrapper(...), anchorHoriz='center', anchorVert='center', antialias=True, autoLog=True, bold=False, color=array([1., 1., 1.]), colorSpace='rgb', contrast=1.0, depth=0.0, flipHoriz=False, flipVert=False, font='Arial', fontFiles=[], height=0.07, italic=False, languageStyle='LTR', name='text', opacity=1, ori=0, pos=array([0., 0.]), rgb=UNKNOWN, text=str(...), units='norm', win=Window(...), wrapWidth=1.65)
333.0296 	EXP 	Created text = TextStim(__class__=<class 'psychopy.visual.text.TextStim'>, alignHoriz=method-wrapper(...), alignText='center', alignVert=method-wrapper(...), anchorHoriz='center', anchorVert='center', antialias=True, autoLog=True, bold=False, color=array([1., 1., 1.]), colorSpace='rgb', contrast=1.0, depth=0.0, flipHoriz=False, flipVert=False, font='Arial', fontFiles=[], height=0.07, italic=False, languageStyle='LTR', name='text', opacity=1, ori=0, pos=array([0., 0.]), rgb=UNKNOWN, text=str(...), units='norm', win=Window(...), wrapWidth=1.65)
333.0453 	EXP 	Created text = TextStim(__class__=<class 'psychopy.visual.text.TextStim'>, alignHoriz=method-wrapper(...), alignText='center', alignVert=method-wrapper(...), anchorHoriz='center', anchorVert='center', antialias=True, autoLog=True, bold=False, color=array([1., 1., 1.]), colorSpace='rgb', contrast=1.0, depth=0.0, flipHoriz=False, flipVert=False, font='Arial', fontFiles=[], height=0.15, italic=False, languageStyle='LTR', name='text', opacity=1, ori=0, pos=array([0., 0.]), rgb=UNKNOWN, text=str(...), units='norm', win=Window(...), wrapWidth=1.65)
333.0734 	EXP 	Created text = TextStim(__class__=<class 'psychopy.visual.text.TextStim'>, alignHoriz=method-wrapper(...), alignText='center', alignVert=method-wrapper(...), anchorHoriz='center', anchorVert='center', antialias=True, autoLog=True, bold=False, color=array([1., 1., 1.]), colorSpace='rgb', contrast=1.0, depth=0.0, flipHoriz=False, flipVert=False, font='Arial', fontFiles=[], height=0.07, italic=False, languageStyle='LTR', name='text', opacity=1, ori=0, pos=array([0., 0.]), rgb=UNKNOWN, text=str(...), units='norm', win=Window(...), wrapWidth=1.65)
333.0915 	EXP 	Created text = TextStim(__class__=<class 'psychopy.visual.text.TextStim'>, alignHoriz=method-wrapper(...), alignText='center', alignVert=method-wrapper(...), anchorHoriz='center', anchorVert='center', antialias=True, autoLog=True, bold=False, color=array([1., 1., 1.]), colorSpace='rgb', contrast=1.0, depth=0.0, flipHoriz=False, flipVert=False, font='Arial', fontFiles=[], height=0.07, italic=False, languageStyle='LTR', name='text', opacity=1, ori=0, pos=array([0., 0.]), rgb=UNKNOWN, text=str(...), units='norm', win=Window(...), wrapWidth=1.65)
333.1219 	EXP 	Created text = TextStim(__class__=<class 'psychopy.visual.text.TextStim'>, alignHoriz=method-wrapper(...), alignText='center', alignVert=method-wrapper(...), anchorHoriz='center', anchorVert='center', antialias=True, autoLog=True, bold=False, color=array([1., 1., 1.]), colorSpace='rgb', contrast=1.0, depth=0.0, flipHoriz=False, flipVert=False, font='Arial', fontFiles=[], height=0.07, italic=False, languageStyle='LTR', name='text', opacity=1, ori=0, pos=array([0., 0.]), rgb=UNKNOWN, text=str(...), units='norm', win=Window(...), wrapWidth=1.65)
333.1500 	EXP 	Created text = TextStim(__class__=<class 'psychopy.visual.text.TextStim'>, alignHoriz=method-wrapper(...), alignText='center', alignVert=method-wrapper(...), anchorHoriz='center', anchorVert='center', antialias=True, autoLog=True, bold=False, color=array([1., 1., 1.]), colorSpace='rgb', contrast=1.0, depth=0.0, flipHoriz=False, flipVert=False, font='Arial', fontFiles=[], height=0.07, italic=False, languageStyle='LTR', name='text', opacity=1, ori=0, pos=array([0., 0.]), rgb=UNKNOWN, text=str(...), units='norm', win=Window(...), wrapWidth=1.65)
333.1822 	EXP 	Created text = TextStim(__class__=<class 'psychopy.visual.text.TextStim'>, alignHoriz=method-wrapper(...), alignText='center', alignVert=method-wrapper(...), anchorHoriz='center', anchorVert='center', antialias=True, autoLog=True, bold=False, color=array([1., 1., 1.]), colorSpace='rgb', contrast=1.0, depth=0.0, flipHoriz=False, flipVert=False, font='Arial', fontFiles=[], height=0.07, italic=False, languageStyle='LTR', name='text', opacity=1, ori=0, pos=array([0., 0.]), rgb=UNKNOWN, text=str(...), units='norm', win=Window(...), wrapWidth=1.65)
333.1911 	EXP 	Created text = TextStim(__class__=<class 'psychopy.visual.text.TextStim'>, alignHoriz=method-wrapper(...), alignText='center', alignVert=method-wrapper(...), anchorHoriz='center', anchorVert='center', antialias=True, autoLog=True, bold=False, color=array([1., 1., 1.]), colorSpace='rgb', contrast=1.0, depth=0.0, flipHoriz=False, flipVert=False, font='Arial', fontFiles=[], height=0.07, italic=False, languageStyle='LTR', name='text', opacity=1, ori=0, pos=array([0., 0.]), rgb=UNKNOWN, text=str(...), units='norm', win=Window(...), wrapWidth=1.65)
333.2033 	EXP 	Created text = TextStim(__class__=<class 'psychopy.visual.text.TextStim'>, alignHoriz=method-wrapper(...), alignText='center', alignVert=method-wrapper(...), anchorHoriz='center', anchorVert='center', antialias=True, autoLog=True, bold=False, color=array([1., 1., 1.]), colorSpace='rgb', contrast=1.0, depth=0.0, flipHoriz=False, flipVert=False, font='Arial', fontFiles=[], height=0.07, italic=False, languageStyle='LTR', name='text', opacity=1, ori=0, pos=array([0., 0.]), rgb=UNKNOWN, text=str(...), units='norm', win=Window(...), wrapWidth=1.65)
333.2078 	EXP 	Created instru = TextStim(__class__=<class 'psychopy.visual.text.TextStim'>, alignHoriz=method-wrapper(...), alignText='center', alignVert=method-wrapper(...), anchorHoriz='center', anchorVert='center', antialias=True, autoLog=True, bold=False, color=array([1., 1., 1.]), colorSpace='rgb', contrast=1.0, depth=0.0, flipHoriz=False, flipVert=False, font='Arial', fontFiles=[], height=0.07, italic=False, languageStyle='LTR', name='instru', opacity=1, ori=0, pos=array([0. , 0.5]), rgb=UNKNOWN, text=str(...), units='norm', win=Window(...), wrapWidth=1)
333.2104 	EXP 	Created unnamed Line = Line(__class__=<class 'psychopy.visual.line.Line'>, autoDraw=False, autoLog=True, closeShape=False, color=array([1., 1., 1.]), colorSpace='rgb', contrast=None, depth=0, fillColor=array([0, 0, 0]), fillColorSpace='rgb', fillRGB=array([0, 0, 0]), interpolate=True, lineColor=array([1., 1., 1.]), lineColorSpace='rgb', lineRGB=array([1, 1, 1]), lineWidth=5, name='unnamed Line', opacity=0.5, ori=0.0, pos=array([0., 0.]), size=array([1., 1.]), units='norm', vertices=array([[-0.5,  0. ],
       [ 0.5,  0. ]]), win=Window(...), windingRule=None)
333.2124 	EXP 	Created unnamed Line = Line(__class__=<class 'psychopy.visual.line.Line'>, autoDraw=False, autoLog=True, closeShape=False, color=array([1., 1., 1.]), colorSpace='rgb', contrast=None, depth=0, fillColor=array([0, 0, 0]), fillColorSpace='rgb', fillRGB=array([0, 0, 0]), interpolate=True, lineColor=array([1., 1., 1.]), lineColorSpace='rgb', lineRGB=array([1, 1, 1]), lineWidth=3, name='unnamed Line', opacity=0.5, ori=0.0, pos=array([0., 0.]), size=array([1., 1.]), units='norm', vertices=array([[-0.5 , -0.05],
       [-0.5 ,  0.05]]), win=Window(...), windingRule=None)
333.2144 	EXP 	Created unnamed Line = Line(__class__=<class 'psychopy.visual.line.Line'>, autoDraw=False, autoLog=True, closeShape=False, color=array([1., 1., 1.]), colorSpace='rgb', contrast=None, depth=0, fillColor=array([0, 0, 0]), fillColorSpace='rgb', fillRGB=array([0, 0, 0]), interpolate=True, lineColor=array([1., 1., 1.]), lineColorSpace='rgb', lineRGB=array([1, 1, 1]), lineWidth=3, name='unnamed Line', opacity=0.5, ori=0.0, pos=array([0., 0.]), size=array([1., 1.]), units='norm', vertices=ndarray(...), win=Window(...), windingRule=None)
333.2164 	EXP 	Created unnamed Line = Line(__class__=<class 'psychopy.visual.line.Line'>, autoDraw=False, autoLog=True, closeShape=False, color=array([1., 1., 1.]), colorSpace='rgb', contrast=None, depth=0, fillColor=array([0, 0, 0]), fillColorSpace='rgb', fillRGB=array([0, 0, 0]), interpolate=True, lineColor=array([1., 1., 1.]), lineColorSpace='rgb', lineRGB=array([1, 1, 1]), lineWidth=3, name='unnamed Line', opacity=0.5, ori=0.0, pos=array([0., 0.]), size=array([1., 1.]), units='norm', vertices=ndarray(...), win=Window(...), windingRule=None)
333.2184 	EXP 	Created unnamed Line = Line(__class__=<class 'psychopy.visual.line.Line'>, autoDraw=False, autoLog=True, closeShape=False, color=array([1., 1., 1.]), colorSpace='rgb', contrast=None, depth=0, fillColor=array([0, 0, 0]), fillColorSpace='rgb', fillRGB=array([0, 0, 0]), interpolate=True, lineColor=array([1., 1., 1.]), lineColorSpace='rgb', lineRGB=array([1, 1, 1]), lineWidth=3, name='unnamed Line', opacity=0.5, ori=0.0, pos=array([0., 0.]), size=array([1., 1.]), units='norm', vertices=array([[ 0.5 , -0.05],
       [ 0.5 ,  0.05]]), win=Window(...), windingRule=None)
333.2305 	EXP 	Created unnamed TextStim = TextStim(__class__=<class 'psychopy.visual.text.TextStim'>, alignHoriz=method-wrapper(...), alignText='center', alignVert=method-wrapper(...), anchorHoriz='center', anchorVert='center', antialias=True, autoLog=True, bold=False, color=array([1., 1., 1.]), colorSpace='rgb', contrast=1.0, depth=0, flipHoriz=False, flipVert=False, font='', fontFiles=[], height=0.05, italic=False, languageStyle='LTR', name='unnamed TextStim', opacity=1.0, ori=0.0, pos=array([-0.5, -0.1]), rgb=UNKNOWN, text='Clearly \n NOT FOCUSED', units='norm', win=Window(...), wrapWidth=1)
333.2316 	EXP 	Created unnamed TextStim = TextStim(__class__=<class 'psychopy.visual.text.TextStim'>, alignHoriz=method-wrapper(...), alignText='center', alignVert=method-wrapper(...), anchorHoriz='center', anchorVert='center', antialias=True, autoLog=True, bold=False, color=array([1., 1., 1.]), colorSpace='rgb', contrast=1.0, depth=0, flipHoriz=False, flipVert=False, font='', fontFiles=[], height=0.05, italic=False, languageStyle='LTR', name='unnamed TextStim', opacity=1.0, ori=0.0, pos=array([-0.16666667, -0.1       ]), rgb=UNKNOWN, text='', units='norm', win=Window(...), wrapWidth=1)
333.2326 	EXP 	Created unnamed TextStim = TextStim(__class__=<class 'psychopy.visual.text.TextStim'>, alignHoriz=method-wrapper(...), alignText='center', alignVert=method-wrapper(...), anchorHoriz='center', anchorVert='center', antialias=True, autoLog=True, bold=False, color=array([1., 1., 1.]), colorSpace='rgb', contrast=1.0, depth=0, flipHoriz=False, flipVert=False, font='', fontFiles=[], height=0.05, italic=False, languageStyle='LTR', name='unnamed TextStim', opacity=1.0, ori=0.0, pos=array([ 0.16666667, -0.1       ]), rgb=UNKNOWN, text='', units='norm', win=Window(...), wrapWidth=1)
333.2357 	EXP 	Created unnamed TextStim = TextStim(__class__=<class 'psychopy.visual.text.TextStim'>, alignHoriz=method-wrapper(...), alignText='center', alignVert=method-wrapper(...), anchorHoriz='center', anchorVert='center', antialias=True, autoLog=True, bold=False, color=array([1., 1., 1.]), colorSpace='rgb', contrast=1.0, depth=0, flipHoriz=False, flipVert=False, font='', fontFiles=[], height=0.05, italic=False, languageStyle='LTR', name='unnamed TextStim', opacity=1.0, ori=0.0, pos=array([ 0.5, -0.1]), rgb=UNKNOWN, text='Clearly \n FOCUSED', units='norm', win=Window(...), wrapWidth=1)
333.2375 	EXP 	Created unnamed ShapeStim = ShapeStim(__class__=<class 'psychopy.visual.shape.ShapeStim'>, autoDraw=False, autoLog=True, closeShape=True, color=method-wrapper(...), colorSpace='rgb', contrast=None, depth=0, fillColor=array([1, 1, 1]), fillColorSpace='rgb', fillRGB=array([1, 1, 1]), interpolate=True, lineColor=array([-1., -1., -1.]), lineColorSpace='rgb', lineRGB=array([-1, -1, -1]), lineWidth=1.5, name='unnamed ShapeStim', opacity=1.0, ori=0.0, pos=array([0., 0.]), size=array([1., 1.]), units='norm', vertices=ndarray(...), win=Window(...), windingRule=None)
333.2458 	EXP 	Created instru = TextStim(__class__=<class 'psychopy.visual.text.TextStim'>, alignHoriz=method-wrapper(...), alignText='center', alignVert=method-wrapper(...), anchorHoriz='center', anchorVert='center', antialias=True, autoLog=True, bold=False, color=array([1., 1., 1.]), colorSpace='rgb', contrast=1.0, depth=0.0, flipHoriz=False, flipVert=False, font='Arial', fontFiles=[], height=0.07, italic=False, languageStyle='LTR', name='instru', opacity=1, ori=0, pos=array([0. , 0.5]), rgb=UNKNOWN, text=str(...), units='norm', win=Window(...), wrapWidth=1)
333.2478 	EXP 	Created unnamed Line = Line(__class__=<class 'psychopy.visual.line.Line'>, autoDraw=False, autoLog=True, closeShape=False, color=array([1., 1., 1.]), colorSpace='rgb', contrast=None, depth=0, fillColor=array([0, 0, 0]), fillColorSpace='rgb', fillRGB=array([0, 0, 0]), interpolate=True, lineColor=array([1., 1., 1.]), lineColorSpace='rgb', lineRGB=array([1, 1, 1]), lineWidth=5, name='unnamed Line', opacity=0.5, ori=0.0, pos=array([0., 0.]), size=array([1., 1.]), units='norm', vertices=array([[-0.5,  0. ],
       [ 0.5,  0. ]]), win=Window(...), windingRule=None)
333.2499 	EXP 	Created unnamed Line = Line(__class__=<class 'psychopy.visual.line.Line'>, autoDraw=False, autoLog=True, closeShape=False, color=array([1., 1., 1.]), colorSpace='rgb', contrast=None, depth=0, fillColor=array([0, 0, 0]), fillColorSpace='rgb', fillRGB=array([0, 0, 0]), interpolate=True, lineColor=array([1., 1., 1.]), lineColorSpace='rgb', lineRGB=array([1, 1, 1]), lineWidth=3, name='unnamed Line', opacity=0.5, ori=0.0, pos=array([0., 0.]), size=array([1., 1.]), units='norm', vertices=array([[-0.5 , -0.05],
       [-0.5 ,  0.05]]), win=Window(...), windingRule=None)
333.2519 	EXP 	Created unnamed Line = Line(__class__=<class 'psychopy.visual.line.Line'>, autoDraw=False, autoLog=True, closeShape=False, color=array([1., 1., 1.]), colorSpace='rgb', contrast=None, depth=0, fillColor=array([0, 0, 0]), fillColorSpace='rgb', fillRGB=array([0, 0, 0]), interpolate=True, lineColor=array([1., 1., 1.]), lineColorSpace='rgb', lineRGB=array([1, 1, 1]), lineWidth=3, name='unnamed Line', opacity=0.5, ori=0.0, pos=array([0., 0.]), size=array([1., 1.]), units='norm', vertices=ndarray(...), win=Window(...), windingRule=None)
333.2538 	EXP 	Created unnamed Line = Line(__class__=<class 'psychopy.visual.line.Line'>, autoDraw=False, autoLog=True, closeShape=False, color=array([1., 1., 1.]), colorSpace='rgb', contrast=None, depth=0, fillColor=array([0, 0, 0]), fillColorSpace='rgb', fillRGB=array([0, 0, 0]), interpolate=True, lineColor=array([1., 1., 1.]), lineColorSpace='rgb', lineRGB=array([1, 1, 1]), lineWidth=3, name='unnamed Line', opacity=0.5, ori=0.0, pos=array([0., 0.]), size=array([1., 1.]), units='norm', vertices=ndarray(...), win=Window(...), windingRule=None)
333.2558 	EXP 	Created unnamed Line = Line(__class__=<class 'psychopy.visual.line.Line'>, autoDraw=False, autoLog=True, closeShape=False, color=array([1., 1., 1.]), colorSpace='rgb', contrast=None, depth=0, fillColor=array([0, 0, 0]), fillColorSpace='rgb', fillRGB=array([0, 0, 0]), interpolate=True, lineColor=array([1., 1., 1.]), lineColorSpace='rgb', lineRGB=array([1, 1, 1]), lineWidth=3, name='unnamed Line', opacity=0.5, ori=0.0, pos=array([0., 0.]), size=array([1., 1.]), units='norm', vertices=array([[ 0.5 , -0.05],
       [ 0.5 ,  0.05]]), win=Window(...), windingRule=None)
333.2610 	EXP 	Created unnamed TextStim = TextStim(__class__=<class 'psychopy.visual.text.TextStim'>, alignHoriz=method-wrapper(...), alignText='center', alignVert=method-wrapper(...), anchorHoriz='center', anchorVert='center', antialias=True, autoLog=True, bold=False, color=array([1., 1., 1.]), colorSpace='rgb', contrast=1.0, depth=0, flipHoriz=False, flipVert=False, font='', fontFiles=[], height=0.05, italic=False, languageStyle='LTR', name='unnamed TextStim', opacity=1.0, ori=0.0, pos=array([-0.5, -0.1]), rgb=UNKNOWN, text='Clearly \n NOTHING', units='norm', win=Window(...), wrapWidth=1)
333.2620 	EXP 	Created unnamed TextStim = TextStim(__class__=<class 'psychopy.visual.text.TextStim'>, alignHoriz=method-wrapper(...), alignText='center', alignVert=method-wrapper(...), anchorHoriz='center', anchorVert='center', antialias=True, autoLog=True, bold=False, color=array([1., 1., 1.]), colorSpace='rgb', contrast=1.0, depth=0, flipHoriz=False, flipVert=False, font='', fontFiles=[], height=0.05, italic=False, languageStyle='LTR', name='unnamed TextStim', opacity=1.0, ori=0.0, pos=array([-0.16666667, -0.1       ]), rgb=UNKNOWN, text='', units='norm', win=Window(...), wrapWidth=1)
333.2630 	EXP 	Created unnamed TextStim = TextStim(__class__=<class 'psychopy.visual.text.TextStim'>, alignHoriz=method-wrapper(...), alignText='center', alignVert=method-wrapper(...), anchorHoriz='center', anchorVert='center', antialias=True, autoLog=True, bold=False, color=array([1., 1., 1.]), colorSpace='rgb', contrast=1.0, depth=0, flipHoriz=False, flipVert=False, font='', fontFiles=[], height=0.05, italic=False, languageStyle='LTR', name='unnamed TextStim', opacity=1.0, ori=0.0, pos=array([ 0.16666667, -0.1       ]), rgb=UNKNOWN, text='', units='norm', win=Window(...), wrapWidth=1)
333.2674 	EXP 	Created unnamed TextStim = TextStim(__class__=<class 'psychopy.visual.text.TextStim'>, alignHoriz=method-wrapper(...), alignText='center', alignVert=method-wrapper(...), anchorHoriz='center', anchorVert='center', antialias=True, autoLog=True, bold=False, color=array([1., 1., 1.]), colorSpace='rgb', contrast=1.0, depth=0, flipHoriz=False, flipVert=False, font='', fontFiles=[], height=0.05, italic=False, languageStyle='LTR', name='unnamed TextStim', opacity=1.0, ori=0.0, pos=array([ 0.5, -0.1]), rgb=UNKNOWN, text='Clearly \n SOMETHING', units='norm', win=Window(...), wrapWidth=1)
333.2693 	EXP 	Created unnamed ShapeStim = ShapeStim(__class__=<class 'psychopy.visual.shape.ShapeStim'>, autoDraw=False, autoLog=True, closeShape=True, color=method-wrapper(...), colorSpace='rgb', contrast=None, depth=0, fillColor=array([1, 1, 1]), fillColorSpace='rgb', fillRGB=array([1, 1, 1]), interpolate=True, lineColor=array([-1., -1., -1.]), lineColorSpace='rgb', lineRGB=array([-1, -1, -1]), lineWidth=1.5, name='unnamed ShapeStim', opacity=1.0, ori=0.0, pos=array([0., 0.]), size=array([1., 1.]), units='norm', vertices=ndarray(...), win=Window(...), windingRule=None)
333.2767 	EXP 	Created instru = TextStim(__class__=<class 'psychopy.visual.text.TextStim'>, alignHoriz=method-wrapper(...), alignText='center', alignVert=method-wrapper(...), anchorHoriz='center', anchorVert='center', antialias=True, autoLog=True, bold=False, color=array([1., 1., 1.]), colorSpace='rgb', contrast=1.0, depth=0.0, flipHoriz=False, flipVert=False, font='Arial', fontFiles=[], height=0.07, italic=False, languageStyle='LTR', name='instru', opacity=1, ori=0, pos=array([0. , 0.5]), rgb=UNKNOWN, text=str(...), units='norm', win=Window(...), wrapWidth=1)
333.2787 	EXP 	Created unnamed Line = Line(__class__=<class 'psychopy.visual.line.Line'>, autoDraw=False, autoLog=True, closeShape=False, color=array([1., 1., 1.]), colorSpace='rgb', contrast=None, depth=0, fillColor=array([0, 0, 0]), fillColorSpace='rgb', fillRGB=array([0, 0, 0]), interpolate=True, lineColor=array([1., 1., 1.]), lineColorSpace='rgb', lineRGB=array([1, 1, 1]), lineWidth=5, name='unnamed Line', opacity=0.5, ori=0.0, pos=array([0., 0.]), size=array([1., 1.]), units='norm', vertices=array([[-0.5,  0. ],
       [ 0.5,  0. ]]), win=Window(...), windingRule=None)
333.2807 	EXP 	Created unnamed Line = Line(__class__=<class 'psychopy.visual.line.Line'>, autoDraw=False, autoLog=True, closeShape=False, color=array([1., 1., 1.]), colorSpace='rgb', contrast=None, depth=0, fillColor=array([0, 0, 0]), fillColorSpace='rgb', fillRGB=array([0, 0, 0]), interpolate=True, lineColor=array([1., 1., 1.]), lineColorSpace='rgb', lineRGB=array([1, 1, 1]), lineWidth=3, name='unnamed Line', opacity=0.5, ori=0.0, pos=array([0., 0.]), size=array([1., 1.]), units='norm', vertices=array([[-0.5 , -0.05],
       [-0.5 ,  0.05]]), win=Window(...), windingRule=None)
333.2826 	EXP 	Created unnamed Line = Line(__class__=<class 'psychopy.visual.line.Line'>, autoDraw=False, autoLog=True, closeShape=False, color=array([1., 1., 1.]), colorSpace='rgb', contrast=None, depth=0, fillColor=array([0, 0, 0]), fillColorSpace='rgb', fillRGB=array([0, 0, 0]), interpolate=True, lineColor=array([1., 1., 1.]), lineColorSpace='rgb', lineRGB=array([1, 1, 1]), lineWidth=3, name='unnamed Line', opacity=0.5, ori=0.0, pos=array([0., 0.]), size=array([1., 1.]), units='norm', vertices=ndarray(...), win=Window(...), windingRule=None)
333.2846 	EXP 	Created unnamed Line = Line(__class__=<class 'psychopy.visual.line.Line'>, autoDraw=False, autoLog=True, closeShape=False, color=array([1., 1., 1.]), colorSpace='rgb', contrast=None, depth=0, fillColor=array([0, 0, 0]), fillColorSpace='rgb', fillRGB=array([0, 0, 0]), interpolate=True, lineColor=array([1., 1., 1.]), lineColorSpace='rgb', lineRGB=array([1, 1, 1]), lineWidth=3, name='unnamed Line', opacity=0.5, ori=0.0, pos=array([0., 0.]), size=array([1., 1.]), units='norm', vertices=ndarray(...), win=Window(...), windingRule=None)
333.2866 	EXP 	Created unnamed Line = Line(__class__=<class 'psychopy.visual.line.Line'>, autoDraw=False, autoLog=True, closeShape=False, color=array([1., 1., 1.]), colorSpace='rgb', contrast=None, depth=0, fillColor=array([0, 0, 0]), fillColorSpace='rgb', fillRGB=array([0, 0, 0]), interpolate=True, lineColor=array([1., 1., 1.]), lineColorSpace='rgb', lineRGB=array([1, 1, 1]), lineWidth=3, name='unnamed Line', opacity=0.5, ori=0.0, pos=array([0., 0.]), size=array([1., 1.]), units='norm', vertices=array([[ 0.5 , -0.05],
       [ 0.5 ,  0.05]]), win=Window(...), windingRule=None)
333.2915 	EXP 	Created unnamed TextStim = TextStim(__class__=<class 'psychopy.visual.text.TextStim'>, alignHoriz=method-wrapper(...), alignText='center', alignVert=method-wrapper(...), anchorHoriz='center', anchorVert='center', antialias=True, autoLog=True, bold=False, color=array([1., 1., 1.]), colorSpace='rgb', contrast=1.0, depth=0, flipHoriz=False, flipVert=False, font='', fontFiles=[], height=0.05, italic=False, languageStyle='LTR', name='unnamed TextStim', opacity=1.0, ori=0.0, pos=array([-0.5, -0.1]), rgb=UNKNOWN, text='Clearly \n SPONTANEOUS', units='norm', win=Window(...), wrapWidth=1)
333.2926 	EXP 	Created unnamed TextStim = TextStim(__class__=<class 'psychopy.visual.text.TextStim'>, alignHoriz=method-wrapper(...), alignText='center', alignVert=method-wrapper(...), anchorHoriz='center', anchorVert='center', antialias=True, autoLog=True, bold=False, color=array([1., 1., 1.]), colorSpace='rgb', contrast=1.0, depth=0, flipHoriz=False, flipVert=False, font='', fontFiles=[], height=0.05, italic=False, languageStyle='LTR', name='unnamed TextStim', opacity=1.0, ori=0.0, pos=array([-0.16666667, -0.1       ]), rgb=UNKNOWN, text='', units='norm', win=Window(...), wrapWidth=1)
333.2936 	EXP 	Created unnamed TextStim = TextStim(__class__=<class 'psychopy.visual.text.TextStim'>, alignHoriz=method-wrapper(...), alignText='center', alignVert=method-wrapper(...), anchorHoriz='center', anchorVert='center', antialias=True, autoLog=True, bold=False, color=array([1., 1., 1.]), colorSpace='rgb', contrast=1.0, depth=0, flipHoriz=False, flipVert=False, font='', fontFiles=[], height=0.05, italic=False, languageStyle='LTR', name='unnamed TextStim', opacity=1.0, ori=0.0, pos=array([ 0.16666667, -0.1       ]), rgb=UNKNOWN, text='', units='norm', win=Window(...), wrapWidth=1)
333.2991 	EXP 	Created unnamed TextStim = TextStim(__class__=<class 'psychopy.visual.text.TextStim'>, alignHoriz=method-wrapper(...), alignText='center', alignVert=method-wrapper(...), anchorHoriz='center', anchorVert='center', antialias=True, autoLog=True, bold=False, color=array([1., 1., 1.]), colorSpace='rgb', contrast=1.0, depth=0, flipHoriz=False, flipVert=False, font='', fontFiles=[], height=0.05, italic=False, languageStyle='LTR', name='unnamed TextStim', opacity=1.0, ori=0.0, pos=array([ 0.5, -0.1]), rgb=UNKNOWN, text='Clearly \n DELIBERATE', units='norm', win=Window(...), wrapWidth=1)
333.3008 	EXP 	Created unnamed ShapeStim = ShapeStim(__class__=<class 'psychopy.visual.shape.ShapeStim'>, autoDraw=False, autoLog=True, closeShape=True, color=method-wrapper(...), colorSpace='rgb', contrast=None, depth=0, fillColor=array([1, 1, 1]), fillColorSpace='rgb', fillRGB=array([1, 1, 1]), interpolate=True, lineColor=array([-1., -1., -1.]), lineColorSpace='rgb', lineRGB=array([-1, -1, -1]), lineWidth=1.5, name='unnamed ShapeStim', opacity=1.0, ori=0.0, pos=array([0., 0.]), size=array([1., 1.]), units='norm', vertices=ndarray(...), win=Window(...), windingRule=None)
333.3750 	EXP 	Sound  set volume 1.000
333.4054 	EXP 	unnamed ShapeStim: vertices = <class 'numpy.ndarray'>
333.4054 	EXP 	unnamed ShapeStim: vertices = <class 'numpy.ndarray'>
333.4054 	EXP 	unnamed ShapeStim: vertices = <class 'numpy.ndarray'>
339.6648 	DATA 	Keypress: lctrl
340.1752 	EXP 	Sound  started
340.8327 	DATA 	Keypress: rctrl
340.9250 	EXP 	Sound  started
341.6168 	DATA 	Keypress: lctrl
341.6750 	EXP 	Sound  started
342.3529 	DATA 	Keypress: lctrl
342.4250 	EXP 	Sound  started
343.0727 	DATA 	Keypress: lctrl
343.1750 	EXP 	Sound  started
343.8087 	DATA 	Keypress: rctrl
343.9250 	EXP 	Sound  started
344.5607 	DATA 	Keypress: rctrl
344.6751 	EXP 	Sound  started
345.2807 	DATA 	Keypress: lctrl
345.4251 	EXP 	Sound  started
346.1128 	DATA 	Keypress: lctrl
346.1751 	EXP 	Sound  started
346.8007 	DATA 	Keypress: rctrl
346.9251 	EXP 	Sound  started
347.5208 	DATA 	Keypress: lctrl
347.6751 	EXP 	Sound  started
348.3207 	DATA 	Keypress: lctrl
348.4251 	EXP 	Sound  started
349.1048 	DATA 	Keypress: lctrl
349.1752 	EXP 	Sound  started
349.7767 	DATA 	Keypress: rctrl
349.9252 	EXP 	Sound  started
350.5768 	DATA 	Keypress: rctrl
350.6752 	EXP 	Sound  started
351.3287 	DATA 	Keypress: lctrl
351.4252 	EXP 	Sound  started
352.0487 	DATA 	Keypress: rctrl
352.1752 	EXP 	Sound  started
352.8327 	DATA 	Keypress: rctrl
352.9252 	EXP 	Sound  started
353.6167 	DATA 	Keypress: lctrl
353.6752 	EXP 	Sound  started
354.3207 	DATA 	Keypress: rctrl
354.4253 	EXP 	Sound  started
355.0087 	DATA 	Keypress: lctrl
355.1753 	EXP 	Sound  started
355.8247 	DATA 	Keypress: lctrl
355.9253 	EXP 	Sound  started
356.5127 	DATA 	Keypress: lctrl
356.6753 	EXP 	Sound  started
357.2647 	DATA 	Keypress: rctrl
357.4253 	EXP 	Sound  started
358.0487 	DATA 	Keypress: rctrl
358.1753 	EXP 	Sound  started
358.7687 	DATA 	Keypress: lctrl
358.9253 	EXP 	Sound  started
359.5047 	DATA 	Keypress: rctrl
359.6754 	EXP 	Sound  started
360.2727 	DATA 	Keypress: rctrl
360.4254 	EXP 	Sound  started
361.0407 	DATA 	Keypress: lctrl
361.1754 	EXP 	Sound  started
361.8728 	DATA 	Keypress: lctrl
361.9254 	EXP 	Sound  started
362.5607 	DATA 	Keypress: rctrl
362.6754 	EXP 	Sound  started
363.2967 	DATA 	Keypress: lctrl
363.4254 	EXP 	Sound  started
364.0327 	DATA 	Keypress: lctrl
364.1754 	EXP 	Sound  started
364.7687 	DATA 	Keypress: rctrl
364.9255 	EXP 	Sound  started
365.5207 	DATA 	Keypress: lctrl
365.6755 	EXP 	Sound  started
366.2727 	DATA 	Keypress: lctrl
366.4255 	EXP 	Sound  started
367.0088 	DATA 	Keypress: rctrl
367.1755 	EXP 	Sound  started
367.7767 	DATA 	Keypress: lctrl
367.9255 	EXP 	Sound  started
368.5448 	DATA 	Keypress: rctrl
368.6755 	EXP 	Sound  started
369.2487 	DATA 	Keypress: rctrl
369.4255 	EXP 	Sound  started
370.0167 	DATA 	Keypress: rctrl
370.1756 	EXP 	Sound  started
370.8007 	DATA 	Keypress: lctrl
370.9256 	EXP 	Sound  started
371.5687 	DATA 	Keypress: lctrl
371.6756 	EXP 	Sound  started
372.3047 	DATA 	Keypress: rctrl
372.4256 	EXP 	Sound  started
373.1047 	DATA 	Keypress: lctrl
373.1756 	EXP 	Sound  started
373.8087 	DATA 	Keypress: lctrl
373.9256 	EXP 	Sound  started
374.5286 	DATA 	Keypress: rctrl
374.6757 	EXP 	Sound  started
375.2807 	DATA 	Keypress: lctrl
375.4257 	EXP 	Sound  started
376.0327 	DATA 	Keypress: rctrl
376.1757 	EXP 	Sound  started
376.7847 	DATA 	Keypress: rctrl
376.9257 	EXP 	Sound  started
377.6757 	EXP 	Sound  started
377.7607 	DATA 	Keypress: lctrl
378.3687 	DATA 	Keypress: lctrl
378.4257 	EXP 	Sound  started
379.0407 	DATA 	Keypress: lctrl
379.1757 	EXP 	Sound  started
379.7767 	DATA 	Keypress: rctrl
379.9258 	EXP 	Sound  started
380.5127 	DATA 	Keypress: lctrl
380.6758 	EXP 	Sound  started
381.2646 	DATA 	Keypress: lctrl
381.4416 	EXP 	unnamed TextStim: text = ''
381.4416 	EXP 	unnamed TextStim: text = ''
382.8091 	DATA 	Keypress: 4
382.8256 	EXP 	unnamed ShapeStim: vertices = <class 'numpy.ndarray'>
384.3602 	EXP 	unnamed TextStim: text = ''
384.3602 	EXP 	unnamed TextStim: text = ''
384.6611 	DATA 	Keypress: 4
384.6776 	EXP 	unnamed ShapeStim: vertices = <class 'numpy.ndarray'>
386.2122 	EXP 	unnamed TextStim: text = ''
386.2122 	EXP 	unnamed TextStim: text = ''
386.4996 	DATA 	Keypress: 4
386.5291 	EXP 	unnamed ShapeStim: vertices = <class 'numpy.ndarray'>
388.8136 	EXP 	Sound  started
388.8175 	DATA 	Keypress: rctrl
389.4886 	DATA 	Keypress: lctrl
389.5635 	EXP 	Sound  started
390.2407 	DATA 	Keypress: lctrl
390.3135 	EXP 	Sound  started
390.8807 	DATA 	Keypress: lctrl
391.0635 	EXP 	Sound  started
391.6807 	DATA 	Keypress: rctrl
391.8135 	EXP 	Sound  started
392.4646 	DATA 	Keypress: lctrl
392.5635 	EXP 	Sound  started
393.2327 	DATA 	Keypress: rctrl
393.3135 	EXP 	Sound  started
393.9368 	DATA 	Keypress: rctrl
394.0635 	EXP 	Sound  started
394.6566 	DATA 	Keypress: lctrl
394.8135 	EXP 	Sound  started
395.4727 	DATA 	Keypress: lctrl
395.5636 	EXP 	Sound  started
396.2727 	DATA 	Keypress: lctrl
396.3136 	EXP 	Sound  started
396.9447 	DATA 	Keypress: rctrl
397.0636 	EXP 	Sound  started
397.6807 	DATA 	Keypress: lctrl
397.8136 	EXP 	Sound  started
398.4328 	DATA 	Keypress: rctrl
398.5636 	EXP 	Sound  started
399.2006 	DATA 	Keypress: rctrl
399.3136 	EXP 	Sound  started
399.9527 	DATA 	Keypress: lctrl
400.0636 	EXP 	Sound  started
400.6727 	DATA 	Keypress: lctrl
400.8136 	EXP 	Sound  started
401.4087 	DATA 	Keypress: lctrl
401.5637 	EXP 	Sound  started
402.1287 	DATA 	Keypress: rctrl
402.3137 	EXP 	Sound  started
402.8967 	DATA 	Keypress: rctrl
403.0637 	EXP 	Sound  started
403.6487 	DATA 	Keypress: rctrl
403.8137 	EXP 	Sound  started
404.4167 	DATA 	Keypress: lctrl
404.5637 	EXP 	Sound  started
405.1208 	DATA 	Keypress: rctrl
405.3138 	EXP 	Sound  started
405.9367 	DATA 	Keypress: lctrl
406.0638 	EXP 	Sound  started
406.6727 	DATA 	Keypress: lctrl
406.8138 	EXP 	Sound  started
407.3767 	DATA 	Keypress: rctrl
407.5638 	EXP 	Sound  started
408.2408 	DATA 	Keypress: lctrl
408.3138 	EXP 	Sound  started
408.9926 	DATA 	Keypress: lctrl
409.0638 	EXP 	Sound  started
409.7286 	DATA 	Keypress: lctrl
409.8138 	EXP 	Sound  started
410.4487 	DATA 	Keypress: rctrl
410.5639 	EXP 	Sound  started
411.2007 	DATA 	Keypress: rctrl
411.3139 	EXP 	Sound  started
411.9527 	DATA 	Keypress: rctrl
412.0639 	EXP 	Sound  started
412.7207 	DATA 	Keypress: lctrl
412.8139 	EXP 	Sound  started
413.5047 	DATA 	Keypress: rctrl
413.5639 	EXP 	Sound  started
414.2407 	DATA 	Keypress: rctrl
414.3139 	EXP 	Sound  started
415.0087 	DATA 	Keypress: lctrl
415.0639 	EXP 	Sound  started
415.7126 	DATA 	Keypress: lctrl
415.8139 	EXP 	Sound  started
416.4967 	DATA 	Keypress: lctrl
416.5640 	EXP 	Sound  started
417.2167 	DATA 	Keypress: rctrl
417.3140 	EXP 	Sound  started
417.9527 	DATA 	Keypress: lctrl
418.0640 	EXP 	Sound  started
418.7047 	DATA 	Keypress: rctrl
418.8140 	EXP 	Sound  started
419.4246 	DATA 	Keypress: rctrl
419.5640 	EXP 	Sound  started
420.2407 	DATA 	Keypress: lctrl
420.3140 	EXP 	Sound  started
420.9287 	DATA 	Keypress: rctrl
421.0640 	EXP 	Sound  started
421.7927 	DATA 	Keypress: lctrl
421.8141 	EXP 	Sound  started
422.4807 	DATA 	Keypress: lctrl
422.5641 	EXP 	Sound  started
423.2328 	DATA 	Keypress: lctrl
423.3141 	EXP 	Sound  started
423.9687 	DATA 	Keypress: rctrl
424.0641 	EXP 	Sound  started
424.7047 	DATA 	Keypress: rctrl
424.8141 	EXP 	Sound  started
425.4566 	DATA 	Keypress: lctrl
425.5641 	EXP 	Sound  started
426.2088 	DATA 	Keypress: rctrl
426.3141 	EXP 	Sound  started
426.9126 	DATA 	Keypress: lctrl
427.0642 	EXP 	Sound  started
427.7286 	DATA 	Keypress: lctrl
427.8142 	EXP 	Sound  started
428.4327 	DATA 	Keypress: rctrl
428.5642 	EXP 	Sound  started
429.1846 	DATA 	Keypress: lctrl
429.3142 	EXP 	Sound  started
429.9206 	DATA 	Keypress: rctrl
430.0642 	EXP 	Sound  started
430.7046 	DATA 	Keypress: rctrl
430.8142 	EXP 	Sound  started
431.4246 	DATA 	Keypress: lctrl
431.5642 	EXP 	Sound  started
432.2086 	DATA 	Keypress: rctrl
432.3142 	EXP 	Sound  started
432.9446 	DATA 	Keypress: rctrl
433.0643 	EXP 	Sound  started
433.6487 	DATA 	Keypress: rctrl
433.8143 	EXP 	Sound  started
434.4486 	DATA 	Keypress: lctrl
434.5643 	EXP 	Sound  started
435.1846 	DATA 	Keypress: rctrl
435.3143 	EXP 	Sound  started
435.9847 	DATA 	Keypress: lctrl
436.0643 	EXP 	Sound  started
436.7527 	DATA 	Keypress: lctrl
436.8144 	EXP 	Sound  started
437.4246 	DATA 	Keypress: rctrl
437.5644 	EXP 	Sound  started
438.1926 	DATA 	Keypress: lctrl
438.3144 	EXP 	Sound  started
438.8806 	DATA 	Keypress: rctrl
439.0644 	EXP 	Sound  started
439.6327 	DATA 	Keypress: rctrl
439.8144 	EXP 	Sound  started
440.4647 	DATA 	Keypress: lctrl
440.5644 	EXP 	Sound  started
441.2326 	DATA 	Keypress: lctrl
441.3144 	EXP 	Sound  started
441.9527 	DATA 	Keypress: rctrl
443.8757 	DATA 	Keypress: 3
443.8922 	EXP 	unnamed ShapeStim: vertices = <class 'numpy.ndarray'>
446.3949 	DATA 	Keypress: 4
446.4114 	EXP 	unnamed ShapeStim: vertices = <class 'numpy.ndarray'>
448.8174 	DATA 	Keypress: 3
448.8468 	EXP 	unnamed ShapeStim: vertices = <class 'numpy.ndarray'>
451.1320 	EXP 	Sound  started
451.1848 	DATA 	Keypress: rctrl
451.8087 	DATA 	Keypress: lctrl
451.8818 	EXP 	Sound  started
452.5447 	DATA 	Keypress: lctrl
452.6319 	EXP 	Sound  started
453.3287 	DATA 	Keypress: lctrl
453.3819 	EXP 	Sound  started
454.0327 	DATA 	Keypress: rctrl
454.1319 	EXP 	Sound  started
454.7526 	DATA 	Keypress: lctrl
454.8819 	EXP 	Sound  started
455.5047 	DATA 	Keypress: lctrl
455.6319 	EXP 	Sound  started
456.2727 	DATA 	Keypress: rctrl
456.3819 	EXP 	Sound  started
457.0086 	DATA 	Keypress: lctrl
457.1319 	EXP 	Sound  started
457.7447 	DATA 	Keypress: rctrl
457.8819 	EXP 	Sound  started
458.5287 	DATA 	Keypress: rctrl
458.6320 	EXP 	Sound  started
459.2648 	DATA 	Keypress: lctrl
459.3820 	EXP 	Sound  started
460.0327 	DATA 	Keypress: lctrl
460.1320 	EXP 	Sound  started
460.7207 	DATA 	Keypress: rctrl
460.8820 	EXP 	Sound  started
461.5207 	DATA 	Keypress: lctrl
461.6320 	EXP 	Sound  started
462.2246 	DATA 	Keypress: lctrl
462.3820 	EXP 	Sound  started
463.0246 	DATA 	Keypress: lctrl
463.1320 	EXP 	Sound  started
463.7126 	DATA 	Keypress: rctrl
463.8821 	EXP 	Sound  started
464.5127 	DATA 	Keypress: lctrl
464.6321 	EXP 	Sound  started
465.2166 	DATA 	Keypress: rctrl
465.3821 	EXP 	Sound  started
465.9846 	DATA 	Keypress: rctrl
466.1321 	EXP 	Sound  started
466.7686 	DATA 	Keypress: lctrl
466.8821 	EXP 	Sound  started
467.5366 	DATA 	Keypress: lctrl
467.6321 	EXP 	Sound  started
468.2726 	DATA 	Keypress: rctrl
468.3821 	EXP 	Sound  started
469.0887 	DATA 	Keypress: lctrl
469.1322 	EXP 	Sound  started
469.8086 	DATA 	Keypress: lctrl
469.8822 	EXP 	Sound  started
470.5766 	DATA 	Keypress: lctrl
470.6322 	EXP 	Sound  started
471.2967 	DATA 	Keypress: rctrl
471.3822 	EXP 	Sound  started
472.0006 	DATA 	Keypress: rctrl
472.1322 	EXP 	Sound  started
472.7527 	DATA 	Keypress: lctrl
472.8822 	EXP 	Sound  started
473.4726 	DATA 	Keypress: lctrl
473.6322 	EXP 	Sound  started
474.2247 	DATA 	Keypress: rctrl
474.3822 	EXP 	Sound  started
475.0406 	DATA 	Keypress: lctrl
475.1322 	EXP 	Sound  started
475.7766 	DATA 	Keypress: lctrl
475.8823 	EXP 	Sound  started
476.4807 	DATA 	Keypress: rctrl
476.6323 	EXP 	Sound  started
477.2326 	DATA 	Keypress: lctrl
477.3823 	EXP 	Sound  started
477.9527 	DATA 	Keypress: rctrl
478.1323 	EXP 	Sound  started
478.7367 	DATA 	Keypress: lctrl
478.8823 	EXP 	Sound  started
479.5046 	DATA 	Keypress: lctrl
479.6323 	EXP 	Sound  started
480.2246 	DATA 	Keypress: rctrl
480.3823 	EXP 	Sound  started
481.0407 	DATA 	Keypress: rctrl
481.1324 	EXP 	Sound  started
481.7926 	DATA 	Keypress: lctrl
481.8824 	EXP 	Sound  started
482.5126 	DATA 	Keypress: lctrl
482.6324 	EXP 	Sound  started
483.2326 	DATA 	Keypress: rctrl
483.3824 	EXP 	Sound  started
484.0327 	DATA 	Keypress: lctrl
484.1324 	EXP 	Sound  started
484.7847 	DATA 	Keypress: lctrl
484.8824 	EXP 	Sound  started
485.5526 	DATA 	Keypress: rctrl
485.6324 	EXP 	Sound  started
486.3208 	DATA 	Keypress: rctrl
486.3825 	EXP 	Sound  started
487.0566 	DATA 	Keypress: lctrl
487.1325 	EXP 	Sound  started
487.6968 	DATA 	Keypress: rctrl
487.8825 	EXP 	Sound  started
488.5127 	DATA 	Keypress: lctrl
488.6325 	EXP 	Sound  started
489.2166 	DATA 	Keypress: lctrl
489.3825 	EXP 	Sound  started
489.9846 	DATA 	Keypress: lctrl
490.1325 	EXP 	Sound  started
490.7526 	DATA 	Keypress: rctrl
490.8826 	EXP 	Sound  started
491.4886 	DATA 	Keypress: rctrl
491.6326 	EXP 	Sound  started
492.2567 	DATA 	Keypress: lctrl
492.3826 	EXP 	Sound  started
493.0247 	DATA 	Keypress: rctrl
493.1326 	EXP 	Sound  started
493.7287 	DATA 	Keypress: lctrl
493.8826 	EXP 	Sound  started
494.5607 	DATA 	Keypress: lctrl
494.6326 	EXP 	Sound  started
495.2647 	DATA 	Keypress: rctrl
495.3827 	EXP 	Sound  started
496.0166 	DATA 	Keypress: lctrl
496.1327 	EXP 	Sound  started
496.7846 	DATA 	Keypress: lctrl
496.8827 	EXP 	Sound  started
497.5046 	DATA 	Keypress: lctrl
497.6327 	EXP 	Sound  started
498.3046 	DATA 	Keypress: rctrl
498.3827 	EXP 	Sound  started
499.0887 	DATA 	Keypress: rctrl
499.1327 	EXP 	Sound  started
499.7927 	DATA 	Keypress: lctrl
499.8828 	EXP 	Sound  started
500.5446 	DATA 	Keypress: rctrl
500.6328 	EXP 	Sound  started
501.2646 	DATA 	Keypress: rctrl
501.3828 	EXP 	Sound  started
501.9846 	DATA 	Keypress: rctrl
502.1328 	EXP 	Sound  started
502.7526 	DATA 	Keypress: lctrl
502.8828 	EXP 	Sound  started
503.5206 	DATA 	Keypress: lctrl
503.6328 	EXP 	Sound  started
504.3528 	DATA 	Keypress: rctrl
504.3828 	EXP 	Sound  started
505.0886 	DATA 	Keypress: lctrl
505.1328 	EXP 	Sound  started
505.7926 	DATA 	Keypress: lctrl
505.8829 	EXP 	Sound  started
506.4806 	DATA 	Keypress: rctrl
506.6329 	EXP 	Sound  started
507.2646 	DATA 	Keypress: lctrl
507.3829 	EXP 	Sound  started
507.9687 	DATA 	Keypress: rctrl
508.1329 	EXP 	Sound  started
508.7206 	DATA 	Keypress: lctrl
508.8829 	EXP 	Sound  started
509.5366 	DATA 	Keypress: rctrl
509.6329 	EXP 	Sound  started
510.2406 	DATA 	Keypress: rctrl
510.3829 	EXP 	Sound  started
511.0246 	DATA 	Keypress: rctrl
511.1330 	EXP 	Sound  started
511.7926 	DATA 	Keypress: lctrl
511.8830 	EXP 	Sound  started
512.5926 	DATA 	Keypress: lctrl
512.6330 	EXP 	Sound  started
513.2966 	DATA 	Keypress: lctrl
513.3830 	EXP 	Sound  started
514.0166 	DATA 	Keypress: rctrl
514.1330 	EXP 	Sound  started
514.7686 	DATA 	Keypress: lctrl
516.3689 	DATA 	Keypress: 3
516.3853 	EXP 	unnamed ShapeStim: vertices = <class 'numpy.ndarray'>
520.0047 	DATA 	Keypress: 2
520.0212 	EXP 	unnamed ShapeStim: vertices = <class 'numpy.ndarray'>
522.1564 	DATA 	Keypress: 1
522.1729 	EXP 	unnamed ShapeStim: vertices = <class 'numpy.ndarray'>
524.4579 	EXP 	Sound  started
524.5447 	DATA 	Keypress: rctrl
525.1686 	DATA 	Keypress: lctrl
525.2078 	EXP 	Sound  started
525.8726 	DATA 	Keypress: rctrl
525.9578 	EXP 	Sound  started
526.5766 	DATA 	Keypress: rctrl
526.7078 	EXP 	Sound  started
527.3286 	DATA 	Keypress: lctrl
527.4578 	EXP 	Sound  started
528.1766 	DATA 	Keypress: lctrl
528.2078 	EXP 	Sound  started
528.8806 	DATA 	Keypress: lctrl
528.9579 	EXP 	Sound  started
529.5686 	DATA 	Keypress: lctrl
529.7079 	EXP 	Sound  started
530.3046 	DATA 	Keypress: lctrl
530.4579 	EXP 	Sound  started
531.0566 	DATA 	Keypress: rctrl
531.2079 	EXP 	Sound  started
531.8246 	DATA 	Keypress: lctrl
531.9579 	EXP 	Sound  started
532.5287 	DATA 	Keypress: rctrl
532.7079 	EXP 	Sound  started
533.2966 	DATA 	Keypress: lctrl
533.4579 	EXP 	Sound  started
534.0166 	DATA 	Keypress: lctrl
534.2079 	EXP 	Sound  started
534.8327 	DATA 	Keypress: rctrl
534.9580 	EXP 	Sound  started
535.5366 	DATA 	Keypress: rctrl
535.7080 	EXP 	Sound  started
536.3366 	DATA 	Keypress: lctrl
536.4580 	EXP 	Sound  started
537.2080 	EXP 	Sound  started
537.2326 	DATA 	Keypress: rctrl
537.8088 	DATA 	Keypress: rctrl
537.9580 	EXP 	Sound  started
538.6086 	DATA 	Keypress: rctrl
538.7080 	EXP 	Sound  started
539.3286 	DATA 	Keypress: lctrl
539.4580 	EXP 	Sound  started
540.0486 	DATA 	Keypress: rctrl
540.2081 	EXP 	Sound  started
540.8487 	DATA 	Keypress: lctrl
540.9581 	EXP 	Sound  started
541.6326 	DATA 	Keypress: lctrl
541.7081 	EXP 	Sound  started
542.3526 	DATA 	Keypress: lctrl
542.4581 	EXP 	Sound  started
543.0406 	DATA 	Keypress: rctrl
543.2081 	EXP 	Sound  started
543.8887 	DATA 	Keypress: rctrl
543.9582 	EXP 	Sound  started
544.6245 	DATA 	Keypress: rctrl
544.7082 	EXP 	Sound  started
545.4566 	DATA 	Keypress: lctrl
545.4582 	EXP 	Sound  started
546.0806 	DATA 	Keypress: rctrl
546.2082 	EXP 	Sound  started
546.8966 	DATA 	Keypress: lctrl
546.9582 	EXP 	Sound  started
547.6646 	DATA 	Keypress: lctrl
547.7082 	EXP 	Sound  started
548.3846 	DATA 	Keypress: lctrl
548.4582 	EXP 	Sound  started
549.0886 	DATA 	Keypress: rctrl
549.2083 	EXP 	Sound  started
549.8408 	DATA 	Keypress: lctrl
549.9583 	EXP 	Sound  started
550.5605 	DATA 	Keypress: rctrl
550.7083 	EXP 	Sound  started
551.3446 	DATA 	Keypress: rctrl
551.4583 	EXP 	Sound  started
552.0806 	DATA 	Keypress: rctrl
552.2083 	EXP 	Sound  started
552.8005 	DATA 	Keypress: lctrl
552.9583 	EXP 	Sound  started
553.5526 	DATA 	Keypress: rctrl
553.7083 	EXP 	Sound  started
554.3527 	DATA 	Keypress: rctrl
554.4584 	EXP 	Sound  started
555.1206 	DATA 	Keypress: lctrl
555.2084 	EXP 	Sound  started
555.8087 	DATA 	Keypress: rctrl
555.9584 	EXP 	Sound  started
556.5606 	DATA 	Keypress: lctrl
556.7084 	EXP 	Sound  started
557.3445 	DATA 	Keypress: rctrl
557.4584 	EXP 	Sound  started
558.1126 	DATA 	Keypress: lctrl
558.2084 	EXP 	Sound  started
558.8326 	DATA 	Keypress: rctrl
558.9585 	EXP 	Sound  started
559.6006 	DATA 	Keypress: lctrl
559.7085 	EXP 	Sound  started
560.3366 	DATA 	Keypress: rctrl
560.4585 	EXP 	Sound  started
561.0886 	DATA 	Keypress: rctrl
561.2085 	EXP 	Sound  started
561.8726 	DATA 	Keypress: lctrl
561.9585 	EXP 	Sound  started
562.6247 	DATA 	Keypress: lctrl
562.7085 	EXP 	Sound  started
563.3606 	DATA 	Keypress: rctrl
563.4586 	EXP 	Sound  started
564.1286 	DATA 	Keypress: lctrl
564.2088 	EXP 	Sound  started
564.8805 	DATA 	Keypress: rctrl
564.9588 	EXP 	Sound  started
565.7088 	EXP 	Sound  started
565.7286 	DATA 	Keypress: lctrl
566.4006 	DATA 	Keypress: lctrl
566.4588 	EXP 	Sound  started
567.0725 	DATA 	Keypress: rctrl
567.2088 	EXP 	Sound  started
567.8566 	DATA 	Keypress: lctrl
567.9588 	EXP 	Sound  started
568.6246 	DATA 	Keypress: rctrl
568.7088 	EXP 	Sound  started
569.3605 	DATA 	Keypress: rctrl
569.4588 	EXP 	Sound  started
570.0646 	DATA 	Keypress: rctrl
570.2089 	EXP 	Sound  started
570.8486 	DATA 	Keypress: rctrl
570.9589 	EXP 	Sound  started
571.6006 	DATA 	Keypress: lctrl
571.7089 	EXP 	Sound  started
572.3365 	DATA 	Keypress: rctrl
572.4589 	EXP 	Sound  started
573.1526 	DATA 	Keypress: lctrl
573.2089 	EXP 	Sound  started
573.8885 	DATA 	Keypress: lctrl
573.9589 	EXP 	Sound  started
574.6405 	DATA 	Keypress: rctrl
574.7089 	EXP 	Sound  started
575.3766 	DATA 	Keypress: lctrl
575.4590 	EXP 	Sound  started
576.1126 	DATA 	Keypress: rctrl
576.2090 	EXP 	Sound  started
576.8166 	DATA 	Keypress: rctrl
576.9590 	EXP 	Sound  started
577.4565 	DATA 	Keypress: lctrl
577.7090 	EXP 	Sound  started
578.3366 	DATA 	Keypress: rctrl
578.4590 	EXP 	Sound  started
579.1206 	DATA 	Keypress: lctrl
579.2090 	EXP 	Sound  started
579.8406 	DATA 	Keypress: lctrl
579.9590 	EXP 	Sound  started
580.5287 	DATA 	Keypress: rctrl
580.7091 	EXP 	Sound  started
581.3765 	DATA 	Keypress: lctrl
581.4591 	EXP 	Sound  started
582.1446 	DATA 	Keypress: lctrl
582.2091 	EXP 	Sound  started
582.7845 	DATA 	Keypress: rctrl
582.9591 	EXP 	Sound  started
583.6006 	DATA 	Keypress: lctrl
583.7091 	EXP 	Sound  started
584.3686 	DATA 	Keypress: lctrl
584.4591 	EXP 	Sound  started
585.1047 	DATA 	Keypress: rctrl
586.7426 	DATA 	Keypress: 3
586.7591 	EXP 	unnamed ShapeStim: vertices = <class 'numpy.ndarray'>
589.3452 	DATA 	Keypress: 1
589.3617 	EXP 	unnamed ShapeStim: vertices = <class 'numpy.ndarray'>
591.6971 	DATA 	Keypress: 1
591.7136 	EXP 	unnamed ShapeStim: vertices = <class 'numpy.ndarray'>
593.9982 	EXP 	Sound  started
593.9991 	DATA 	Keypress: lctrl
594.6406 	DATA 	Keypress: rctrl
594.7481 	EXP 	Sound  started
595.3766 	DATA 	Keypress: rctrl
595.4981 	EXP 	Sound  started
596.1446 	DATA 	Keypress: lctrl
596.2481 	EXP 	Sound  started
596.9126 	DATA 	Keypress: lctrl
596.9981 	EXP 	Sound  started
597.6005 	DATA 	Keypress: rctrl
597.7481 	EXP 	Sound  started
598.3686 	DATA 	Keypress: lctrl
598.4981 	EXP 	Sound  started
599.0887 	DATA 	Keypress: rctrl
599.2481 	EXP 	Sound  started
599.9046 	DATA 	Keypress: rctrl
599.9982 	EXP 	Sound  started
600.6565 	DATA 	Keypress: lctrl
600.7482 	EXP 	Sound  started
601.3766 	DATA 	Keypress: lctrl
601.4982 	EXP 	Sound  started
602.1446 	DATA 	Keypress: rctrl
602.2482 	EXP 	Sound  started
602.8966 	DATA 	Keypress: lctrl
602.9982 	EXP 	Sound  started
603.6487 	DATA 	Keypress: lctrl
603.7482 	EXP 	Sound  started
604.3525 	DATA 	Keypress: rctrl
604.4983 	EXP 	Sound  started
605.0886 	DATA 	Keypress: rctrl
605.2483 	EXP 	Sound  started
605.9045 	DATA 	Keypress: lctrl
605.9983 	EXP 	Sound  started
606.6566 	DATA 	Keypress: rctrl
606.7483 	EXP 	Sound  started
607.3926 	DATA 	Keypress: lctrl
607.4983 	EXP 	Sound  started
608.0646 	DATA 	Keypress: lctrl
608.2483 	EXP 	Sound  started
608.8485 	DATA 	Keypress: lctrl
608.9983 	EXP 	Sound  started
609.5845 	DATA 	Keypress: rctrl
609.7483 	EXP 	Sound  started
610.3686 	DATA 	Keypress: rctrl
610.4983 	EXP 	Sound  started
611.1045 	DATA 	Keypress: lctrl
611.2484 	EXP 	Sound  started
611.8725 	DATA 	Keypress: lctrl
611.9984 	EXP 	Sound  started
612.6245 	DATA 	Keypress: rctrl
612.7484 	EXP 	Sound  started
613.3926 	DATA 	Keypress: lctrl
613.4984 	EXP 	Sound  started
614.1445 	DATA 	Keypress: rctrl
614.2484 	EXP 	Sound  started
614.9285 	DATA 	Keypress: rctrl
614.9984 	EXP 	Sound  started
615.6805 	DATA 	Keypress: lctrl
615.7484 	EXP 	Sound  started
616.4165 	DATA 	Keypress: lctrl
616.4985 	EXP 	Sound  started
617.1526 	DATA 	Keypress: rctrl
617.2488 	EXP 	Sound  started
617.8725 	DATA 	Keypress: lctrl
617.9988 	EXP 	Sound  started
618.6886 	DATA 	Keypress: lctrl
618.7488 	EXP 	Sound  started
619.4086 	DATA 	Keypress: lctrl
619.4989 	EXP 	Sound  started
620.1125 	DATA 	Keypress: rctrl
620.2489 	EXP 	Sound  started
620.8805 	DATA 	Keypress: lctrl
620.9989 	EXP 	Sound  started
621.6166 	DATA 	Keypress: lctrl
621.7489 	EXP 	Sound  started
622.3207 	DATA 	Keypress: rctrl
622.4989 	EXP 	Sound  started
623.1366 	DATA 	Keypress: lctrl
623.2489 	EXP 	Sound  started
623.8725 	DATA 	Keypress: rctrl
623.9989 	EXP 	Sound  started
624.5285 	DATA 	Keypress: rctrl
624.7489 	EXP 	Sound  started
625.4726 	DATA 	Keypress: lctrl
625.4989 	EXP 	Sound  started
626.1766 	DATA 	Keypress: lctrl
626.2490 	EXP 	Sound  started
626.8966 	DATA 	Keypress: rctrl
626.9990 	EXP 	Sound  started
627.6486 	DATA 	Keypress: lctrl
627.7490 	EXP 	Sound  started
628.3846 	DATA 	Keypress: lctrl
628.4990 	EXP 	Sound  started
629.1526 	DATA 	Keypress: rctrl
629.2490 	EXP 	Sound  started
629.8886 	DATA 	Keypress: rctrl
629.9990 	EXP 	Sound  started
630.6086 	DATA 	Keypress: lctrl
630.7490 	EXP 	Sound  started
631.3925 	DATA 	Keypress: rctrl
631.4991 	EXP 	Sound  started
632.1285 	DATA 	Keypress: lctrl
632.2491 	EXP 	Sound  started
632.8966 	DATA 	Keypress: rctrl
632.9991 	EXP 	Sound  started
633.6005 	DATA 	Keypress: rctrl
633.7491 	EXP 	Sound  started
634.4005 	DATA 	Keypress: lctrl
634.4991 	EXP 	Sound  started
635.1685 	DATA 	Keypress: lctrl
635.2491 	EXP 	Sound  started
635.9525 	DATA 	Keypress: lctrl
635.9992 	EXP 	Sound  started
636.6725 	DATA 	Keypress: rctrl
636.7492 	EXP 	Sound  started
637.4406 	DATA 	Keypress: rctrl
637.4992 	EXP 	Sound  started
638.2085 	DATA 	Keypress: lctrl
638.2492 	EXP 	Sound  started
638.9286 	DATA 	Keypress: rctrl
638.9992 	EXP 	Sound  started
639.7126 	DATA 	Keypress: rctrl
639.7492 	EXP 	Sound  started
640.4805 	DATA 	Keypress: lctrl
640.4993 	EXP 	Sound  started
641.2166 	DATA 	Keypress: rctrl
641.2493 	EXP 	Sound  started
641.9366 	DATA 	Keypress: rctrl
641.9993 	EXP 	Sound  started
642.7493 	EXP 	Sound  started
643.4245 	DATA 	Keypress: lctrl
643.4993 	EXP 	Sound  started
644.0965 	DATA 	Keypress: rctrl
644.2493 	EXP 	Sound  started
644.8485 	DATA 	Keypress: lctrl
644.9993 	EXP 	Sound  started
645.6325 	DATA 	Keypress: lctrl
645.7494 	EXP 	Sound  started
646.4165 	DATA 	Keypress: rctrl
646.4994 	EXP 	Sound  started
647.1845 	DATA 	Keypress: rctrl
647.2494 	EXP 	Sound  started
647.9045 	DATA 	Keypress: rctrl
651.1453 	DATA 	Keypress: 2
651.1618 	EXP 	unnamed ShapeStim: vertices = <class 'numpy.ndarray'>
654.2979 	DATA 	Keypress: 1
654.3144 	EXP 	unnamed ShapeStim: vertices = <class 'numpy.ndarray'>
656.3704 	DATA 	Keypress: 1
656.3999 	EXP 	unnamed ShapeStim: vertices = <class 'numpy.ndarray'>
658.6843 	EXP 	Sound  started
658.6852 	DATA 	Keypress: rctrl
659.3285 	DATA 	Keypress: lctrl
659.4341 	EXP 	Sound  started
660.0806 	DATA 	Keypress: lctrl
660.1841 	EXP 	Sound  started
660.8165 	DATA 	Keypress: rctrl
660.9341 	EXP 	Sound  started
661.6165 	DATA 	Keypress: rctrl
661.6842 	EXP 	Sound  started
662.3205 	DATA 	Keypress: lctrl
662.4342 	EXP 	Sound  started
663.1205 	DATA 	Keypress: lctrl
663.1842 	EXP 	Sound  started
663.7925 	DATA 	Keypress: rctrl
663.9342 	EXP 	Sound  started
664.5445 	DATA 	Keypress: lctrl
664.6842 	EXP 	Sound  started
665.3125 	DATA 	Keypress: lctrl
665.4342 	EXP 	Sound  started
666.0966 	DATA 	Keypress: rctrl
666.1842 	EXP 	Sound  started
666.8485 	DATA 	Keypress: rctrl
666.9343 	EXP 	Sound  started
667.6165 	DATA 	Keypress: rctrl
667.6843 	EXP 	Sound  started
668.3365 	DATA 	Keypress: lctrl
668.4343 	EXP 	Sound  started
669.0725 	DATA 	Keypress: lctrl
669.1843 	EXP 	Sound  started
669.8085 	DATA 	Keypress: rctrl
669.9343 	EXP 	Sound  started
670.5925 	DATA 	Keypress: lctrl
670.6843 	EXP 	Sound  started
671.3606 	DATA 	Keypress: lctrl
671.4343 	EXP 	Sound  started
672.1286 	DATA 	Keypress: rctrl
672.1844 	EXP 	Sound  started
672.8486 	DATA 	Keypress: rctrl
672.9344 	EXP 	Sound  started
673.5525 	DATA 	Keypress: lctrl
673.6844 	EXP 	Sound  started
674.3045 	DATA 	Keypress: rctrl
674.4344 	EXP 	Sound  started
675.0406 	DATA 	Keypress: lctrl
675.1844 	EXP 	Sound  started
675.7766 	DATA 	Keypress: rctrl
675.9344 	EXP 	Sound  started
676.6085 	DATA 	Keypress: lctrl
676.6844 	EXP 	Sound  started
677.3125 	DATA 	Keypress: rctrl
677.4344 	EXP 	Sound  started
678.0965 	DATA 	Keypress: rctrl
678.1845 	EXP 	Sound  started
678.8005 	DATA 	Keypress: lctrl
678.9345 	EXP 	Sound  started
679.5525 	DATA 	Keypress: lctrl
679.6845 	EXP 	Sound  started
680.3365 	DATA 	Keypress: lctrl
680.4345 	EXP 	Sound  started
681.0725 	DATA 	Keypress: rctrl
681.1845 	EXP 	Sound  started
681.8246 	DATA 	Keypress: lctrl
681.9345 	EXP 	Sound  started
682.5765 	DATA 	Keypress: rctrl
682.6846 	EXP 	Sound  started
683.3605 	DATA 	Keypress: lctrl
683.4346 	EXP 	Sound  started
684.1605 	DATA 	Keypress: lctrl
684.1846 	EXP 	Sound  started
684.8805 	DATA 	Keypress: rctrl
684.9346 	EXP 	Sound  started
685.6005 	DATA 	Keypress: rctrl
685.6846 	EXP 	Sound  started
686.4005 	DATA 	Keypress: lctrl
686.4346 	EXP 	Sound  started
687.1045 	DATA 	Keypress: lctrl
687.1846 	EXP 	Sound  started
687.7925 	DATA 	Keypress: rctrl
687.9346 	EXP 	Sound  started
688.5765 	DATA 	Keypress: lctrl
688.6847 	EXP 	Sound  started
689.3765 	DATA 	Keypress: rctrl
689.4347 	EXP 	Sound  started
690.1847 	EXP 	Sound  started
690.2725 	DATA 	Keypress: lctrl
690.8965 	DATA 	Keypress: lctrl
690.9347 	EXP 	Sound  started
691.5845 	DATA 	Keypress: lctrl
691.6847 	EXP 	Sound  started
692.3365 	DATA 	Keypress: lctrl
692.4347 	EXP 	Sound  started
693.1525 	DATA 	Keypress: lctrl
693.1848 	EXP 	Sound  started
693.8245 	DATA 	Keypress: rctrl
693.9348 	EXP 	Sound  started
694.5766 	DATA 	Keypress: rctrl
694.6848 	EXP 	Sound  started
695.2965 	DATA 	Keypress: lctrl
695.4348 	EXP 	Sound  started
696.0805 	DATA 	Keypress: rctrl
696.1848 	EXP 	Sound  started
696.8325 	DATA 	Keypress: rctrl
696.9348 	EXP 	Sound  started
697.5525 	DATA 	Keypress: lctrl
697.6848 	EXP 	Sound  started
698.3525 	DATA 	Keypress: rctrl
698.4349 	EXP 	Sound  started
699.0725 	DATA 	Keypress: lctrl
699.1849 	EXP 	Sound  started
699.8245 	DATA 	Keypress: rctrl
699.9349 	EXP 	Sound  started
700.5925 	DATA 	Keypress: rctrl
700.6849 	EXP 	Sound  started
701.3285 	DATA 	Keypress: rctrl
701.4349 	EXP 	Sound  started
702.0645 	DATA 	Keypress: rctrl
702.1849 	EXP 	Sound  started
702.8485 	DATA 	Keypress: lctrl
702.9349 	EXP 	Sound  started
703.6005 	DATA 	Keypress: lctrl
703.6850 	EXP 	Sound  started
704.4006 	DATA 	Keypress: rctrl
704.4350 	EXP 	Sound  started
705.1205 	DATA 	Keypress: rctrl
705.1850 	EXP 	Sound  started
705.8724 	DATA 	Keypress: lctrl
705.9350 	EXP 	Sound  started
706.5765 	DATA 	Keypress: lctrl
706.6850 	EXP 	Sound  started
707.3607 	DATA 	Keypress: rctrl
707.4350 	EXP 	Sound  started
708.1286 	DATA 	Keypress: lctrl
708.1850 	EXP 	Sound  started
708.8645 	DATA 	Keypress: rctrl
708.9351 	EXP 	Sound  started
709.6006 	DATA 	Keypress: rctrl
709.6851 	EXP 	Sound  started
710.4005 	DATA 	Keypress: lctrl
710.4351 	EXP 	Sound  started
711.1046 	DATA 	Keypress: lctrl
711.1851 	EXP 	Sound  started
711.8246 	DATA 	Keypress: rctrl
711.9351 	EXP 	Sound  started
712.6245 	DATA 	Keypress: lctrl
712.6851 	EXP 	Sound  started
713.3925 	DATA 	Keypress: rctrl
713.4352 	EXP 	Sound  started
714.1445 	DATA 	Keypress: lctrl
714.1852 	EXP 	Sound  started
714.8485 	DATA 	Keypress: lctrl
714.9352 	EXP 	Sound  started
715.6005 	DATA 	Keypress: rctrl
715.6852 	EXP 	Sound  started
716.3685 	DATA 	Keypress: lctrl
716.4352 	EXP 	Sound  started
717.1205 	DATA 	Keypress: rctrl
717.1852 	EXP 	Sound  started
717.8564 	DATA 	Keypress: rctrl
717.9352 	EXP 	Sound  started
718.6405 	DATA 	Keypress: lctrl
718.6853 	EXP 	Sound  started
719.3285 	DATA 	Keypress: rctrl
719.4353 	EXP 	Sound  started
720.1605 	DATA 	Keypress: lctrl
720.1853 	EXP 	Sound  started
720.9125 	DATA 	Keypress: lctrl
720.9353 	EXP 	Sound  started
721.6164 	DATA 	Keypress: lctrl
721.6853 	EXP 	Sound  started
722.3206 	DATA 	Keypress: lctrl
722.4354 	EXP 	Sound  started
723.0884 	DATA 	Keypress: rctrl
723.1854 	EXP 	Sound  started
723.7924 	DATA 	Keypress: lctrl
726.9406 	DATA 	Keypress: 2
726.9571 	EXP 	unnamed ShapeStim: vertices = <class 'numpy.ndarray'>
728.5290 	DATA 	Keypress: lshift
733.0623 	DATA 	Keypress: 1
733.0788 	EXP 	unnamed ShapeStim: vertices = <class 'numpy.ndarray'>
737.3992 	DATA 	Keypress: 1
737.4157 	EXP 	unnamed ShapeStim: vertices = <class 'numpy.ndarray'>
739.7000 	EXP 	Sound  started
739.7008 	DATA 	Keypress: rctrl
740.3684 	DATA 	Keypress: rctrl
740.4498 	EXP 	Sound  started
741.0884 	DATA 	Keypress: lctrl
741.1998 	EXP 	Sound  started
741.8565 	DATA 	Keypress: rctrl
741.9498 	EXP 	Sound  started
742.5926 	DATA 	Keypress: rctrl
742.6998 	EXP 	Sound  started
743.3445 	DATA 	Keypress: rctrl
743.4498 	EXP 	Sound  started
744.0805 	DATA 	Keypress: lctrl
744.1999 	EXP 	Sound  started
744.8484 	DATA 	Keypress: lctrl
744.9499 	EXP 	Sound  started
745.6325 	DATA 	Keypress: lctrl
745.6999 	EXP 	Sound  started
746.4006 	DATA 	Keypress: rctrl
746.4499 	EXP 	Sound  started
747.1366 	DATA 	Keypress: lctrl
747.1999 	EXP 	Sound  started
747.8724 	DATA 	Keypress: rctrl
747.9499 	EXP 	Sound  started
748.5926 	DATA 	Keypress: rctrl
748.6999 	EXP 	Sound  started
749.4084 	DATA 	Keypress: rctrl
749.4499 	EXP 	Sound  started
750.1445 	DATA 	Keypress: lctrl
750.2000 	EXP 	Sound  started
750.9286 	DATA 	Keypress: lctrl
750.9500 	EXP 	Sound  started
751.6645 	DATA 	Keypress: lctrl
751.7000 	EXP 	Sound  started
752.3365 	DATA 	Keypress: rctrl
752.4500 	EXP 	Sound  started
753.1045 	DATA 	Keypress: lctrl
753.2000 	EXP 	Sound  started
753.8725 	DATA 	Keypress: lctrl
753.9500 	EXP 	Sound  started
754.6565 	DATA 	Keypress: lctrl
754.7000 	EXP 	Sound  started
755.4085 	DATA 	Keypress: rctrl
755.4501 	EXP 	Sound  started
756.1124 	DATA 	Keypress: rctrl
756.2001 	EXP 	Sound  started
756.8964 	DATA 	Keypress: lctrl
756.9501 	EXP 	Sound  started
757.6485 	DATA 	Keypress: lctrl
757.7001 	EXP 	Sound  started
758.3204 	DATA 	Keypress: rctrl
758.4501 	EXP 	Sound  started
759.1045 	DATA 	Keypress: lctrl
759.2001 	EXP 	Sound  started
759.8244 	DATA 	Keypress: rctrl
759.9501 	EXP 	Sound  started
760.5445 	DATA 	Keypress: rctrl
760.7002 	EXP 	Sound  started
761.2964 	DATA 	Keypress: lctrl
761.4502 	EXP 	Sound  started
762.0645 	DATA 	Keypress: lctrl
762.2002 	EXP 	Sound  started
762.8964 	DATA 	Keypress: lctrl
762.9502 	EXP 	Sound  started
763.6325 	DATA 	Keypress: lctrl
763.7002 	EXP 	Sound  started
764.3685 	DATA 	Keypress: rctrl
764.4502 	EXP 	Sound  started
765.1205 	DATA 	Keypress: lctrl
765.2003 	EXP 	Sound  started
765.8084 	DATA 	Keypress: lctrl
765.9503 	EXP 	Sound  started
766.5605 	DATA 	Keypress: rctrl
766.7003 	EXP 	Sound  started
767.3285 	DATA 	Keypress: rctrl
767.4503 	EXP 	Sound  started
768.0805 	DATA 	Keypress: lctrl
768.2003 	EXP 	Sound  started
768.8165 	DATA 	Keypress: rctrl
768.9503 	EXP 	Sound  started
769.6166 	DATA 	Keypress: rctrl
769.7003 	EXP 	Sound  started
770.3366 	DATA 	Keypress: lctrl
770.4503 	EXP 	Sound  started
771.0885 	DATA 	Keypress: lctrl
771.2003 	EXP 	Sound  started
771.7925 	DATA 	Keypress: rctrl
771.9504 	EXP 	Sound  started
772.6084 	DATA 	Keypress: lctrl
772.7004 	EXP 	Sound  started
773.3765 	DATA 	Keypress: lctrl
773.4504 	EXP 	Sound  started
774.0965 	DATA 	Keypress: lctrl
774.2004 	EXP 	Sound  started
774.8484 	DATA 	Keypress: rctrl
774.9504 	EXP 	Sound  started
775.6485 	DATA 	Keypress: rctrl
775.7004 	EXP 	Sound  started
776.3685 	DATA 	Keypress: lctrl
776.4505 	EXP 	Sound  started
777.1206 	DATA 	Keypress: rctrl
777.2005 	EXP 	Sound  started
777.8565 	DATA 	Keypress: rctrl
777.9505 	EXP 	Sound  started
778.6404 	DATA 	Keypress: lctrl
778.7005 	EXP 	Sound  started
779.3924 	DATA 	Keypress: lctrl
779.4505 	EXP 	Sound  started
780.0964 	DATA 	Keypress: rctrl
780.2005 	EXP 	Sound  started
780.8484 	DATA 	Keypress: lctrl
780.9505 	EXP 	Sound  started
781.5684 	DATA 	Keypress: rctrl
781.7006 	EXP 	Sound  started
782.3845 	DATA 	Keypress: lctrl
782.4506 	EXP 	Sound  started
783.1365 	DATA 	Keypress: lctrl
783.2006 	EXP 	Sound  started
783.8404 	DATA 	Keypress: rctrl
783.9506 	EXP 	Sound  started
784.5765 	DATA 	Keypress: lctrl
784.7006 	EXP 	Sound  started
785.3765 	DATA 	Keypress: lctrl
785.4506 	EXP 	Sound  started
786.2006 	EXP 	Sound  started
786.3204 	DATA 	Keypress: rctrl
786.8804 	DATA 	Keypress: lctrl
786.9507 	EXP 	Sound  started
787.6165 	DATA 	Keypress: rctrl
787.7007 	EXP 	Sound  started
788.3685 	DATA 	Keypress: rctrl
788.4507 	EXP 	Sound  started
789.1205 	DATA 	Keypress: lctrl
789.2007 	EXP 	Sound  started
789.8724 	DATA 	Keypress: rctrl
789.9507 	EXP 	Sound  started
790.6244 	DATA 	Keypress: rctrl
790.7007 	EXP 	Sound  started
791.3765 	DATA 	Keypress: rctrl
791.4507 	EXP 	Sound  started
792.0804 	DATA 	Keypress: lctrl
792.2008 	EXP 	Sound  started
792.8644 	DATA 	Keypress: rctrl
795.4801 	DATA 	Keypress: 3
795.4966 	EXP 	unnamed ShapeStim: vertices = <class 'numpy.ndarray'>
800.3712 	DATA 	Keypress: 3
800.4006 	EXP 	unnamed ShapeStim: vertices = <class 'numpy.ndarray'>
804.3206 	DATA 	Keypress: 4
804.3372 	EXP 	unnamed ShapeStim: vertices = <class 'numpy.ndarray'>
806.6215 	EXP 	Sound  started
806.6223 	DATA 	Keypress: lctrl
807.2805 	DATA 	Keypress: rctrl
807.3714 	EXP 	Sound  started
808.0324 	DATA 	Keypress: rctrl
808.1214 	EXP 	Sound  started
808.7364 	DATA 	Keypress: rctrl
808.8714 	EXP 	Sound  started
809.5525 	DATA 	Keypress: lctrl
809.6214 	EXP 	Sound  started
810.2244 	DATA 	Keypress: rctrl
810.3715 	EXP 	Sound  started
811.1045 	DATA 	Keypress: lctrl
811.1215 	EXP 	Sound  started
811.7925 	DATA 	Keypress: lctrl
811.8715 	EXP 	Sound  started
812.5604 	DATA 	Keypress: lctrl
812.6215 	EXP 	Sound  started
813.2324 	DATA 	Keypress: rctrl
813.3715 	EXP 	Sound  started
814.0484 	DATA 	Keypress: rctrl
814.1215 	EXP 	Sound  started
814.7846 	DATA 	Keypress: lctrl
814.8715 	EXP 	Sound  started
815.5684 	DATA 	Keypress: rctrl
815.6215 	EXP 	Sound  started
816.2885 	DATA 	Keypress: rctrl
816.3716 	EXP 	Sound  started
817.0564 	DATA 	Keypress: lctrl
817.1216 	EXP 	Sound  started
817.8244 	DATA 	Keypress: rctrl
817.8716 	EXP 	Sound  started
818.5445 	DATA 	Keypress: lctrl
818.6216 	EXP 	Sound  started
819.3444 	DATA 	Keypress: lctrl
819.3716 	EXP 	Sound  started
820.0164 	DATA 	Keypress: rctrl
820.1216 	EXP 	Sound  started
820.7845 	DATA 	Keypress: rctrl
820.8716 	EXP 	Sound  started
821.5364 	DATA 	Keypress: rctrl
821.6217 	EXP 	Sound  started
822.2724 	DATA 	Keypress: lctrl
822.3717 	EXP 	Sound  started
823.0084 	DATA 	Keypress: rctrl
823.1217 	EXP 	Sound  started
823.7925 	DATA 	Keypress: rctrl
823.8717 	EXP 	Sound  started
824.5445 	DATA 	Keypress: lctrl
824.6217 	EXP 	Sound  started
825.3124 	DATA 	Keypress: rctrl
825.3717 	EXP 	Sound  started
826.0484 	DATA 	Keypress: lctrl
826.1217 	EXP 	Sound  started
826.7524 	DATA 	Keypress: lctrl
826.8718 	EXP 	Sound  started
827.5204 	DATA 	Keypress: rctrl
827.6218 	EXP 	Sound  started
828.3044 	DATA 	Keypress: lctrl
828.3718 	EXP 	Sound  started
829.0404 	DATA 	Keypress: rctrl
829.1218 	EXP 	Sound  started
829.7926 	DATA 	Keypress: rctrl
829.8718 	EXP 	Sound  started
830.5285 	DATA 	Keypress: lctrl
830.6218 	EXP 	Sound  started
831.2804 	DATA 	Keypress: lctrl
831.3718 	EXP 	Sound  started
832.0004 	DATA 	Keypress: rctrl
832.1218 	EXP 	Sound  started
832.7844 	DATA 	Keypress: rctrl
832.8719 	EXP 	Sound  started
833.5525 	DATA 	Keypress: lctrl
833.6219 	EXP 	Sound  started
834.2565 	DATA 	Keypress: rctrl
834.3719 	EXP 	Sound  started
835.0085 	DATA 	Keypress: lctrl
835.1219 	EXP 	Sound  started
835.7924 	DATA 	Keypress: lctrl
835.8719 	EXP 	Sound  started
836.4965 	DATA 	Keypress: rctrl
836.6219 	EXP 	Sound  started
837.2004 	DATA 	Keypress: lctrl
837.3719 	EXP 	Sound  started
838.0164 	DATA 	Keypress: rctrl
838.1220 	EXP 	Sound  started
838.7204 	DATA 	Keypress: rctrl
838.8720 	EXP 	Sound  started
839.4724 	DATA 	Keypress: rctrl
839.6220 	EXP 	Sound  started
840.2564 	DATA 	Keypress: rctrl
840.3720 	EXP 	Sound  started
841.0244 	DATA 	Keypress: lctrl
841.1220 	EXP 	Sound  started
841.7604 	DATA 	Keypress: lctrl
841.8720 	EXP 	Sound  started
842.5284 	DATA 	Keypress: lctrl
842.6220 	EXP 	Sound  started
843.2644 	DATA 	Keypress: rctrl
843.3720 	EXP 	Sound  started
844.0484 	DATA 	Keypress: lctrl
844.1221 	EXP 	Sound  started
844.7685 	DATA 	Keypress: rctrl
844.8721 	EXP 	Sound  started
845.5045 	DATA 	Keypress: lctrl
845.6221 	EXP 	Sound  started
846.2564 	DATA 	Keypress: rctrl
846.3721 	EXP 	Sound  started
847.0084 	DATA 	Keypress: lctrl
847.1221 	EXP 	Sound  started
847.8244 	DATA 	Keypress: lctrl
847.8721 	EXP 	Sound  started
848.5604 	DATA 	Keypress: lctrl
848.6222 	EXP 	Sound  started
849.2804 	DATA 	Keypress: rctrl
851.4759 	DATA 	Keypress: 3
851.4924 	EXP 	unnamed ShapeStim: vertices = <class 'numpy.ndarray'>
855.8128 	DATA 	Keypress: 4
855.8293 	EXP 	unnamed ShapeStim: vertices = <class 'numpy.ndarray'>
857.6518 	DATA 	Keypress: 4
857.6813 	EXP 	unnamed ShapeStim: vertices = <class 'numpy.ndarray'>
859.9666 	EXP 	Sound  started
860.0644 	DATA 	Keypress: rctrl
860.6564 	DATA 	Keypress: lctrl
860.7164 	EXP 	Sound  started
861.3764 	DATA 	Keypress: rctrl
861.4665 	EXP 	Sound  started
862.1285 	DATA 	Keypress: rctrl
862.2165 	EXP 	Sound  started
862.8644 	DATA 	Keypress: rctrl
862.9665 	EXP 	Sound  started
863.6644 	DATA 	Keypress: lctrl
863.7165 	EXP 	Sound  started
864.4164 	DATA 	Keypress: rctrl
864.4665 	EXP 	Sound  started
865.1204 	DATA 	Keypress: lctrl
865.2166 	EXP 	Sound  started
865.8724 	DATA 	Keypress: lctrl
865.9666 	EXP 	Sound  started
866.6084 	DATA 	Keypress: rctrl
866.7166 	EXP 	Sound  started
867.3924 	DATA 	Keypress: lctrl
867.4667 	EXP 	Sound  started
868.1604 	DATA 	Keypress: lctrl
868.2167 	EXP 	Sound  started
868.8804 	DATA 	Keypress: rctrl
868.9667 	EXP 	Sound  started
869.5844 	DATA 	Keypress: lctrl
869.7167 	EXP 	Sound  started
870.4004 	DATA 	Keypress: rctrl
870.4667 	EXP 	Sound  started
871.1204 	DATA 	Keypress: rctrl
871.2167 	EXP 	Sound  started
871.8564 	DATA 	Keypress: rctrl
871.9667 	EXP 	Sound  started
872.5924 	DATA 	Keypress: lctrl
872.7167 	EXP 	Sound  started
873.3124 	DATA 	Keypress: rctrl
873.4668 	EXP 	Sound  started
874.1124 	DATA 	Keypress: lctrl
874.2168 	EXP 	Sound  started
874.8643 	DATA 	Keypress: lctrl
874.9668 	EXP 	Sound  started
875.6004 	DATA 	Keypress: rctrl
875.7168 	EXP 	Sound  started
876.3844 	DATA 	Keypress: lctrl
876.4668 	EXP 	Sound  started
877.1684 	DATA 	Keypress: lctrl
877.2168 	EXP 	Sound  started
877.8405 	DATA 	Keypress: rctrl
877.9668 	EXP 	Sound  started
878.6085 	DATA 	Keypress: lctrl
878.7169 	EXP 	Sound  started
879.3604 	DATA 	Keypress: rctrl
879.4669 	EXP 	Sound  started
880.1124 	DATA 	Keypress: lctrl
880.2169 	EXP 	Sound  started
880.8804 	DATA 	Keypress: lctrl
880.9669 	EXP 	Sound  started
881.6164 	DATA 	Keypress: rctrl
881.7169 	EXP 	Sound  started
882.3684 	DATA 	Keypress: rctrl
882.4669 	EXP 	Sound  started
883.1524 	DATA 	Keypress: lctrl
883.2169 	EXP 	Sound  started
883.8724 	DATA 	Keypress: rctrl
883.9669 	EXP 	Sound  started
884.6404 	DATA 	Keypress: lctrl
884.7170 	EXP 	Sound  started
885.4084 	DATA 	Keypress: lctrl
885.4670 	EXP 	Sound  started
886.1444 	DATA 	Keypress: lctrl
886.2170 	EXP 	Sound  started
886.8644 	DATA 	Keypress: lctrl
886.9670 	EXP 	Sound  started
887.6164 	DATA 	Keypress: rctrl
887.7170 	EXP 	Sound  started
888.4644 	DATA 	Keypress: lctrl
888.4670 	EXP 	Sound  started
889.1365 	DATA 	Keypress: rctrl
889.2171 	EXP 	Sound  started
889.8724 	DATA 	Keypress: rctrl
889.9671 	EXP 	Sound  started
890.6244 	DATA 	Keypress: lctrl
890.7171 	EXP 	Sound  started
891.3765 	DATA 	Keypress: lctrl
891.4671 	EXP 	Sound  started
892.1284 	DATA 	Keypress: rctrl
892.2171 	EXP 	Sound  started
892.8804 	DATA 	Keypress: rctrl
892.9671 	EXP 	Sound  started
893.6164 	DATA 	Keypress: rctrl
893.7171 	EXP 	Sound  started
894.3044 	DATA 	Keypress: rctrl
894.4672 	EXP 	Sound  started
895.0884 	DATA 	Keypress: lctrl
895.2172 	EXP 	Sound  started
895.9043 	DATA 	Keypress: rctrl
895.9672 	EXP 	Sound  started
896.6244 	DATA 	Keypress: lctrl
896.7172 	EXP 	Sound  started
897.3444 	DATA 	Keypress: rctrl
897.4672 	EXP 	Sound  started
898.1284 	DATA 	Keypress: rctrl
898.2172 	EXP 	Sound  started
898.8964 	DATA 	Keypress: rctrl
898.9672 	EXP 	Sound  started
899.6485 	DATA 	Keypress: rctrl
899.7173 	EXP 	Sound  started
900.3683 	DATA 	Keypress: rctrl
900.4673 	EXP 	Sound  started
901.1364 	DATA 	Keypress: lctrl
901.2173 	EXP 	Sound  started
901.8884 	DATA 	Keypress: lctrl
901.9673 	EXP 	Sound  started
902.6243 	DATA 	Keypress: rctrl
902.7173 	EXP 	Sound  started
903.4404 	DATA 	Keypress: lctrl
903.4673 	EXP 	Sound  started
904.1443 	DATA 	Keypress: lctrl
904.2173 	EXP 	Sound  started
904.9123 	DATA 	Keypress: rctrl
904.9673 	EXP 	Sound  started
905.6325 	DATA 	Keypress: lctrl
907.6886 	DATA 	Keypress: 3
907.7050 	EXP 	unnamed ShapeStim: vertices = <class 'numpy.ndarray'>
910.5248 	DATA 	Keypress: 4
910.5412 	EXP 	unnamed ShapeStim: vertices = <class 'numpy.ndarray'>
912.4424 	DATA 	Keypress: 4
912.4589 	EXP 	unnamed ShapeStim: vertices = <class 'numpy.ndarray'>
914.7443 	EXP 	Sound  started
914.7451 	DATA 	Keypress: rctrl
915.4083 	DATA 	Keypress: lctrl
915.4941 	EXP 	Sound  started
916.1443 	DATA 	Keypress: lctrl
916.2441 	EXP 	Sound  started
916.8643 	DATA 	Keypress: rctrl
916.9942 	EXP 	Sound  started
917.6324 	DATA 	Keypress: rctrl
917.7442 	EXP 	Sound  started
918.3685 	DATA 	Keypress: lctrl
918.4942 	EXP 	Sound  started
919.1204 	DATA 	Keypress: lctrl
919.2442 	EXP 	Sound  started
919.8564 	DATA 	Keypress: rctrl
919.9942 	EXP 	Sound  started
920.6564 	DATA 	Keypress: lctrl
920.7442 	EXP 	Sound  started
921.4404 	DATA 	Keypress: lctrl
921.4942 	EXP 	Sound  started
922.1124 	DATA 	Keypress: rctrl
922.2443 	EXP 	Sound  started
922.9284 	DATA 	Keypress: rctrl
922.9943 	EXP 	Sound  started
923.6484 	DATA 	Keypress: lctrl
923.7443 	EXP 	Sound  started
924.3523 	DATA 	Keypress: rctrl
924.4943 	EXP 	Sound  started
925.1204 	DATA 	Keypress: lctrl
925.2443 	EXP 	Sound  started
925.9364 	DATA 	Keypress: lctrl
925.9943 	EXP 	Sound  started
926.6724 	DATA 	Keypress: lctrl
926.7443 	EXP 	Sound  started
927.3604 	DATA 	Keypress: rctrl
927.4944 	EXP 	Sound  started
928.1124 	DATA 	Keypress: rctrl
928.2444 	EXP 	Sound  started
928.9124 	DATA 	Keypress: lctrl
928.9944 	EXP 	Sound  started
929.6804 	DATA 	Keypress: lctrl
929.7444 	EXP 	Sound  started
930.3844 	DATA 	Keypress: rctrl
930.4944 	EXP 	Sound  started
931.2003 	DATA 	Keypress: lctrl
931.2444 	EXP 	Sound  started
931.8884 	DATA 	Keypress: rctrl
931.9944 	EXP 	Sound  started
932.6244 	DATA 	Keypress: lctrl
932.7445 	EXP 	Sound  started
933.3923 	DATA 	Keypress: lctrl
933.4945 	EXP 	Sound  started
934.1924 	DATA 	Keypress: lctrl
934.2445 	EXP 	Sound  started
934.9124 	DATA 	Keypress: rctrl
934.9945 	EXP 	Sound  started
935.6803 	DATA 	Keypress: rctrl
935.7445 	EXP 	Sound  started
936.4163 	DATA 	Keypress: rctrl
936.4945 	EXP 	Sound  started
937.1683 	DATA 	Keypress: lctrl
937.2445 	EXP 	Sound  started
937.8884 	DATA 	Keypress: rctrl
937.9946 	EXP 	Sound  started
938.6403 	DATA 	Keypress: lctrl
938.7446 	EXP 	Sound  started
939.4083 	DATA 	Keypress: lctrl
939.4946 	EXP 	Sound  started
940.1763 	DATA 	Keypress: rctrl
940.2446 	EXP 	Sound  started
940.9444 	DATA 	Keypress: lctrl
940.9946 	EXP 	Sound  started
941.6483 	DATA 	Keypress: rctrl
941.7446 	EXP 	Sound  started
942.3684 	DATA 	Keypress: rctrl
942.4946 	EXP 	Sound  started
943.1523 	DATA 	Keypress: lctrl
943.2447 	EXP 	Sound  started
943.9204 	DATA 	Keypress: lctrl
943.9947 	EXP 	Sound  started
944.6403 	DATA 	Keypress: lctrl
944.7447 	EXP 	Sound  started
945.3604 	DATA 	Keypress: rctrl
945.4947 	EXP 	Sound  started
946.1603 	DATA 	Keypress: lctrl
946.2447 	EXP 	Sound  started
946.8963 	DATA 	Keypress: rctrl
946.9948 	EXP 	Sound  started
947.6485 	DATA 	Keypress: rctrl
947.7448 	EXP 	Sound  started
948.4004 	DATA 	Keypress: rctrl
948.4948 	EXP 	Sound  started
949.1524 	DATA 	Keypress: lctrl
949.2448 	EXP 	Sound  started
949.9043 	DATA 	Keypress: rctrl
949.9948 	EXP 	Sound  started
950.6884 	DATA 	Keypress: lctrl
950.7448 	EXP 	Sound  started
951.4564 	DATA 	Keypress: lctrl
951.4948 	EXP 	Sound  started
952.1443 	DATA 	Keypress: rctrl
952.2448 	EXP 	Sound  started
952.8964 	DATA 	Keypress: rctrl
952.9949 	EXP 	Sound  started
953.6644 	DATA 	Keypress: lctrl
953.7449 	EXP 	Sound  started
954.4803 	DATA 	Keypress: lctrl
954.4949 	EXP 	Sound  started
955.2003 	DATA 	Keypress: lctrl
955.2449 	EXP 	Sound  started
955.9364 	DATA 	Keypress: rctrl
955.9949 	EXP 	Sound  started
956.6564 	DATA 	Keypress: rctrl
956.7449 	EXP 	Sound  started
957.3924 	DATA 	Keypress: lctrl
957.4950 	EXP 	Sound  started
958.1764 	DATA 	Keypress: rctrl
958.2450 	EXP 	Sound  started
958.9124 	DATA 	Keypress: lctrl
958.9950 	EXP 	Sound  started
959.6484 	DATA 	Keypress: lctrl
959.7450 	EXP 	Sound  started
960.4324 	DATA 	Keypress: rctrl
960.4950 	EXP 	Sound  started
961.1843 	DATA 	Keypress: lctrl
961.2450 	EXP 	Sound  started
961.8723 	DATA 	Keypress: lctrl
961.9950 	EXP 	Sound  started
962.7043 	DATA 	Keypress: rctrl
962.7451 	EXP 	Sound  started
963.4403 	DATA 	Keypress: lctrl
963.4951 	EXP 	Sound  started
964.1283 	DATA 	Keypress: rctrl
964.2451 	EXP 	Sound  started
964.8803 	DATA 	Keypress: rctrl
964.9951 	EXP 	Sound  started
965.6485 	DATA 	Keypress: rctrl
965.7451 	EXP 	Sound  started
966.4163 	DATA 	Keypress: lctrl
966.4951 	EXP 	Sound  started
967.2005 	DATA 	Keypress: lctrl
968.9887 	DATA 	Keypress: 3
969.0052 	EXP 	unnamed ShapeStim: vertices = <class 'numpy.ndarray'>
972.4582 	DATA 	Keypress: 2
972.4747 	EXP 	unnamed ShapeStim: vertices = <class 'numpy.ndarray'>
974.8806 	DATA 	Keypress: 1
974.9100 	EXP 	unnamed ShapeStim: vertices = <class 'numpy.ndarray'>
977.1955 	EXP 	Sound  started
977.2964 	DATA 	Keypress: rctrl
977.8883 	DATA 	Keypress: lctrl
977.9454 	EXP 	Sound  started
978.6243 	DATA 	Keypress: rctrl
978.6954 	EXP 	Sound  started
979.3124 	DATA 	Keypress: rctrl
979.4454 	EXP 	Sound  started
980.0803 	DATA 	Keypress: lctrl
980.1954 	EXP 	Sound  started
980.8163 	DATA 	Keypress: rctrl
980.9455 	EXP 	Sound  started
981.6164 	DATA 	Keypress: lctrl
981.6955 	EXP 	Sound  started
982.4164 	DATA 	Keypress: lctrl
982.4455 	EXP 	Sound  started
983.0723 	DATA 	Keypress: rctrl
983.1955 	EXP 	Sound  started
983.8083 	DATA 	Keypress: lctrl
983.9455 	EXP 	Sound  started
984.5923 	DATA 	Keypress: rctrl
984.6955 	EXP 	Sound  started
985.3444 	DATA 	Keypress: rctrl
985.4456 	EXP 	Sound  started
986.0964 	DATA 	Keypress: lctrl
986.1956 	EXP 	Sound  started
986.8163 	DATA 	Keypress: lctrl
986.9456 	EXP 	Sound  started
987.5843 	DATA 	Keypress: rctrl
987.6956 	EXP 	Sound  started
988.3844 	DATA 	Keypress: lctrl
988.4456 	EXP 	Sound  started
989.0883 	DATA 	Keypress: lctrl
989.1956 	EXP 	Sound  started
989.8723 	DATA 	Keypress: lctrl
989.9456 	EXP 	Sound  started
990.6084 	DATA 	Keypress: lctrl
990.6957 	EXP 	Sound  started
991.3603 	DATA 	Keypress: rctrl
991.4457 	EXP 	Sound  started
992.0484 	DATA 	Keypress: rctrl
992.1957 	EXP 	Sound  started
992.8323 	DATA 	Keypress: lctrl
992.9457 	EXP 	Sound  started
993.6163 	DATA 	Keypress: lctrl
993.6957 	EXP 	Sound  started
994.3204 	DATA 	Keypress: rctrl
994.4457 	EXP 	Sound  started
995.0564 	DATA 	Keypress: rctrl
995.1957 	EXP 	Sound  started
995.8883 	DATA 	Keypress: lctrl
995.9458 	EXP 	Sound  started
996.5764 	DATA 	Keypress: rctrl
996.6958 	EXP 	Sound  started
997.3444 	DATA 	Keypress: rctrl
997.4458 	EXP 	Sound  started
998.0804 	DATA 	Keypress: lctrl
998.1958 	EXP 	Sound  started
998.8163 	DATA 	Keypress: rctrl
998.9458 	EXP 	Sound  started
999.6803 	DATA 	Keypress: rctrl
999.6958 	EXP 	Sound  started
1000.4003 	DATA 	Keypress: lctrl
1000.4458 	EXP 	Sound  started
1001.1203 	DATA 	Keypress: rctrl
1001.1959 	EXP 	Sound  started
1001.8404 	DATA 	Keypress: lctrl
1001.9459 	EXP 	Sound  started
1002.6403 	DATA 	Keypress: lctrl
1002.6959 	EXP 	Sound  started
1003.3763 	DATA 	Keypress: lctrl
1003.4459 	EXP 	Sound  started
1004.0963 	DATA 	Keypress: lctrl
1004.1959 	EXP 	Sound  started
1004.8003 	DATA 	Keypress: rctrl
1004.9459 	EXP 	Sound  started
1005.6003 	DATA 	Keypress: rctrl
1005.6960 	EXP 	Sound  started
1006.3683 	DATA 	Keypress: lctrl
1006.4460 	EXP 	Sound  started
1007.1044 	DATA 	Keypress: lctrl
1007.1960 	EXP 	Sound  started
1007.7924 	DATA 	Keypress: rctrl
1007.9460 	EXP 	Sound  started
1008.5603 	DATA 	Keypress: lctrl
1008.6960 	EXP 	Sound  started
1009.3124 	DATA 	Keypress: rctrl
1009.4460 	EXP 	Sound  started
1010.0484 	DATA 	Keypress: rctrl
1010.1960 	EXP 	Sound  started
1010.8164 	DATA 	Keypress: rctrl
1010.9460 	EXP 	Sound  started
1011.6004 	DATA 	Keypress: lctrl
1011.6961 	EXP 	Sound  started
1012.3364 	DATA 	Keypress: rctrl
1012.4461 	EXP 	Sound  started
1013.0883 	DATA 	Keypress: rctrl
1013.1961 	EXP 	Sound  started
1013.8723 	DATA 	Keypress: lctrl
1013.9461 	EXP 	Sound  started
1014.6564 	DATA 	Keypress: lctrl
1014.6961 	EXP 	Sound  started
1015.3284 	DATA 	Keypress: rctrl
1015.4461 	EXP 	Sound  started
1016.1283 	DATA 	Keypress: lctrl
1016.1961 	EXP 	Sound  started
1016.8963 	DATA 	Keypress: lctrl
1016.9462 	EXP 	Sound  started
1017.6003 	DATA 	Keypress: rctrl
1017.6962 	EXP 	Sound  started
1018.3683 	DATA 	Keypress: lctrl
1018.4462 	EXP 	Sound  started
1019.1683 	DATA 	Keypress: rctrl
1019.1962 	EXP 	Sound  started
1019.8723 	DATA 	Keypress: rctrl
1019.9462 	EXP 	Sound  started
1020.6243 	DATA 	Keypress: lctrl
1020.6962 	EXP 	Sound  started
1021.4244 	DATA 	Keypress: lctrl
1021.4462 	EXP 	Sound  started
1022.1443 	DATA 	Keypress: rctrl
1022.1962 	EXP 	Sound  started
1022.8803 	DATA 	Keypress: lctrl
1022.9463 	EXP 	Sound  started
1023.6003 	DATA 	Keypress: rctrl
1023.6963 	EXP 	Sound  started
1024.3204 	DATA 	Keypress: rctrl
1024.4463 	EXP 	Sound  started
1025.0723 	DATA 	Keypress: rctrl
1025.1963 	EXP 	Sound  started
1025.8723 	DATA 	Keypress: lctrl
1025.9463 	EXP 	Sound  started
1026.6243 	DATA 	Keypress: rctrl
1026.6963 	EXP 	Sound  started
1027.3283 	DATA 	Keypress: rctrl
1027.4464 	EXP 	Sound  started
1028.1123 	DATA 	Keypress: lctrl
1028.1964 	EXP 	Sound  started
1028.8643 	DATA 	Keypress: rctrl
1028.9464 	EXP 	Sound  started
1029.6003 	DATA 	Keypress: rctrl
1029.6964 	EXP 	Sound  started
1030.3363 	DATA 	Keypress: lctrl
1030.4464 	EXP 	Sound  started
1031.1044 	DATA 	Keypress: lctrl
1031.1964 	EXP 	Sound  started
1031.8564 	DATA 	Keypress: rctrl
1031.9465 	EXP 	Sound  started
1032.5924 	DATA 	Keypress: lctrl
1032.6965 	EXP 	Sound  started
1033.4465 	EXP 	Sound  started
1034.1604 	DATA 	Keypress: rctrl
1034.1965 	EXP 	Sound  started
1034.8963 	DATA 	Keypress: rctrl
1034.9465 	EXP 	Sound  started
1035.6644 	DATA 	Keypress: lctrl
1035.6965 	EXP 	Sound  started
1036.3843 	DATA 	Keypress: rctrl
1037.8284 	DATA 	Keypress: 3
1037.8449 	EXP 	unnamed ShapeStim: vertices = <class 'numpy.ndarray'>
1041.0977 	DATA 	Keypress: 1
1041.1142 	EXP 	unnamed ShapeStim: vertices = <class 'numpy.ndarray'>
1043.8499 	DATA 	Keypress: 1
1043.8665 	EXP 	unnamed ShapeStim: vertices = <class 'numpy.ndarray'>
1046.1565 	DATA 	Keypress: lctrl
1195.4563 	DATA 	Keypress: escape
1195.5293 	EXP 	window1: mouseVisible = True
