201.0347 	WARNING 	User requested fullscreen with size [1024  768], but screen is actually [1920, 1200]. Using actual size
201.8447 	EXP 	Created window1 = Window(allowGUI=False, allowStencil=False, autoLog=True, backendConf=UNKNOWN, bitsMode=UNKNOWN, blendMode='avg', bpc=(8, 8, 8), color=array([0, 0, 0]), colorSpace='rgb', depthBits=8, fullscr=<method-wrapper '__getattribute__' of attributeSetter object at 0x0000025C99EA8908>, gamma=None, gammaErrorPolicy='raise', lms=UNKNOWN, monitor=<psychopy.monitors.calibTools.Monitor object at 0x0000025C9B5E4208>, multiSample=False, name='window1', numSamples=2, pos=[0.0, 0.0], screen=0, size=array([1920, 1200]), stencilBits=0, stereo=False, units='norm', useFBO=True, useRetina=False, viewOri=0.0, viewPos=None, viewScale=None, waitBlanking=True, winType='pyglet')
201.8451 	EXP 	window1: mouseVisible = True
201.8451 	EXP 	window1: mouseVisible = False
201.8451 	EXP 	window1: recordFrameIntervals = False
202.0112 	EXP 	window1: recordFrameIntervals = True
202.1949 	EXP 	window1: recordFrameIntervals = False
202.2481 	EXP 	Created text = TextStim(__class__=<class 'psychopy.visual.text.TextStim'>, alignHoriz=method-wrapper(...), alignText='center', alignVert=method-wrapper(...), anchorHoriz='center', anchorVert='center', antialias=True, autoLog=True, bold=False, color=array([1., 1., 1.]), colorSpace='rgb', contrast=1.0, depth=0.0, flipHoriz=False, flipVert=False, font='Arial', fontFiles=[], height=0.15, italic=False, languageStyle='LTR', name='text', opacity=1, ori=0, pos=array([0., 0.]), rgb=UNKNOWN, text='+', units='norm', win=Window(...), wrapWidth=1)
202.2691 	EXP 	Created text = TextStim(__class__=<class 'psychopy.visual.text.TextStim'>, alignHoriz=method-wrapper(...), alignText='center', alignVert=method-wrapper(...), anchorHoriz='center', anchorVert='center', antialias=True, autoLog=True, bold=False, color=array([1., 1., 1.]), colorSpace='rgb', contrast=1.0, depth=0.0, flipHoriz=False, flipVert=False, font='Arial', fontFiles=[], height=0.07, italic=False, languageStyle='LTR', name='text', opacity=1, ori=0, pos=array([0., 0.]), rgb=UNKNOWN, text=str(...), units='norm', win=Window(...), wrapWidth=1.65)
202.2787 	EXP 	Created text = TextStim(__class__=<class 'psychopy.visual.text.TextStim'>, alignHoriz=method-wrapper(...), alignText='center', alignVert=method-wrapper(...), anchorHoriz='center', anchorVert='center', antialias=True, autoLog=True, bold=False, color=array([1., 1., 1.]), colorSpace='rgb', contrast=1.0, depth=0.0, flipHoriz=False, flipVert=False, font='Arial', fontFiles=[], height=0.07, italic=False, languageStyle='LTR', name='text', opacity=1, ori=0, pos=array([0., 0.]), rgb=UNKNOWN, text=str(...), units='norm', win=Window(...), wrapWidth=1.65)
202.2881 	EXP 	Created text = TextStim(__class__=<class 'psychopy.visual.text.TextStim'>, alignHoriz=method-wrapper(...), alignText='center', alignVert=method-wrapper(...), anchorHoriz='center', anchorVert='center', antialias=True, autoLog=True, bold=False, color=array([1., 1., 1.]), colorSpace='rgb', contrast=1.0, depth=0.0, flipHoriz=False, flipVert=False, font='Arial', fontFiles=[], height=0.07, italic=False, languageStyle='LTR', name='text', opacity=1, ori=0, pos=array([0., 0.]), rgb=UNKNOWN, text=str(...), units='norm', win=Window(...), wrapWidth=1.65)
202.2967 	EXP 	Created text = TextStim(__class__=<class 'psychopy.visual.text.TextStim'>, alignHoriz=method-wrapper(...), alignText='center', alignVert=method-wrapper(...), anchorHoriz='center', anchorVert='center', antialias=True, autoLog=True, bold=False, color=array([1., 1., 1.]), colorSpace='rgb', contrast=1.0, depth=0.0, flipHoriz=False, flipVert=False, font='Arial', fontFiles=[], height=0.07, italic=False, languageStyle='LTR', name='text', opacity=1, ori=0, pos=array([0., 0.]), rgb=UNKNOWN, text=str(...), units='norm', win=Window(...), wrapWidth=1.65)
202.3021 	EXP 	Created text = TextStim(__class__=<class 'psychopy.visual.text.TextStim'>, alignHoriz=method-wrapper(...), alignText='center', alignVert=method-wrapper(...), anchorHoriz='center', anchorVert='center', antialias=True, autoLog=True, bold=False, color=array([1., 1., 1.]), colorSpace='rgb', contrast=1.0, depth=0.0, flipHoriz=False, flipVert=False, font='Arial', fontFiles=[], height=0.07, italic=False, languageStyle='LTR', name='text', opacity=1, ori=0, pos=array([0., 0.]), rgb=UNKNOWN, text=str(...), units='norm', win=Window(...), wrapWidth=1.65)
202.3149 	EXP 	Created text = TextStim(__class__=<class 'psychopy.visual.text.TextStim'>, alignHoriz=method-wrapper(...), alignText='center', alignVert=method-wrapper(...), anchorHoriz='center', anchorVert='center', antialias=True, autoLog=True, bold=False, color=array([1., 1., 1.]), colorSpace='rgb', contrast=1.0, depth=0.0, flipHoriz=False, flipVert=False, font='Arial', fontFiles=[], height=0.15, italic=False, languageStyle='LTR', name='text', opacity=1, ori=0, pos=array([0., 0.]), rgb=UNKNOWN, text=str(...), units='norm', win=Window(...), wrapWidth=1.65)
202.3448 	EXP 	Created text = TextStim(__class__=<class 'psychopy.visual.text.TextStim'>, alignHoriz=method-wrapper(...), alignText='center', alignVert=method-wrapper(...), anchorHoriz='center', anchorVert='center', antialias=True, autoLog=True, bold=False, color=array([1., 1., 1.]), colorSpace='rgb', contrast=1.0, depth=0.0, flipHoriz=False, flipVert=False, font='Arial', fontFiles=[], height=0.07, italic=False, languageStyle='LTR', name='text', opacity=1, ori=0, pos=array([0., 0.]), rgb=UNKNOWN, text=str(...), units='norm', win=Window(...), wrapWidth=1.65)
202.3653 	EXP 	Created text = TextStim(__class__=<class 'psychopy.visual.text.TextStim'>, alignHoriz=method-wrapper(...), alignText='center', alignVert=method-wrapper(...), anchorHoriz='center', anchorVert='center', antialias=True, autoLog=True, bold=False, color=array([1., 1., 1.]), colorSpace='rgb', contrast=1.0, depth=0.0, flipHoriz=False, flipVert=False, font='Arial', fontFiles=[], height=0.07, italic=False, languageStyle='LTR', name='text', opacity=1, ori=0, pos=array([0., 0.]), rgb=UNKNOWN, text=str(...), units='norm', win=Window(...), wrapWidth=1.65)
202.3949 	EXP 	Created text = TextStim(__class__=<class 'psychopy.visual.text.TextStim'>, alignHoriz=method-wrapper(...), alignText='center', alignVert=method-wrapper(...), anchorHoriz='center', anchorVert='center', antialias=True, autoLog=True, bold=False, color=array([1., 1., 1.]), colorSpace='rgb', contrast=1.0, depth=0.0, flipHoriz=False, flipVert=False, font='Arial', fontFiles=[], height=0.07, italic=False, languageStyle='LTR', name='text', opacity=1, ori=0, pos=array([0., 0.]), rgb=UNKNOWN, text=str(...), units='norm', win=Window(...), wrapWidth=1.65)
202.4183 	EXP 	Created text = TextStim(__class__=<class 'psychopy.visual.text.TextStim'>, alignHoriz=method-wrapper(...), alignText='center', alignVert=method-wrapper(...), anchorHoriz='center', anchorVert='center', antialias=True, autoLog=True, bold=False, color=array([1., 1., 1.]), colorSpace='rgb', contrast=1.0, depth=0.0, flipHoriz=False, flipVert=False, font='Arial', fontFiles=[], height=0.07, italic=False, languageStyle='LTR', name='text', opacity=1, ori=0, pos=array([0., 0.]), rgb=UNKNOWN, text=str(...), units='norm', win=Window(...), wrapWidth=1.65)
202.4473 	EXP 	Created text = TextStim(__class__=<class 'psychopy.visual.text.TextStim'>, alignHoriz=method-wrapper(...), alignText='center', alignVert=method-wrapper(...), anchorHoriz='center', anchorVert='center', antialias=True, autoLog=True, bold=False, color=array([1., 1., 1.]), colorSpace='rgb', contrast=1.0, depth=0.0, flipHoriz=False, flipVert=False, font='Arial', fontFiles=[], height=0.07, italic=False, languageStyle='LTR', name='text', opacity=1, ori=0, pos=array([0., 0.]), rgb=UNKNOWN, text=str(...), units='norm', win=Window(...), wrapWidth=1.65)
202.4576 	EXP 	Created text = TextStim(__class__=<class 'psychopy.visual.text.TextStim'>, alignHoriz=method-wrapper(...), alignText='center', alignVert=method-wrapper(...), anchorHoriz='center', anchorVert='center', antialias=True, autoLog=True, bold=False, color=array([1., 1., 1.]), colorSpace='rgb', contrast=1.0, depth=0.0, flipHoriz=False, flipVert=False, font='Arial', fontFiles=[], height=0.07, italic=False, languageStyle='LTR', name='text', opacity=1, ori=0, pos=array([0., 0.]), rgb=UNKNOWN, text=str(...), units='norm', win=Window(...), wrapWidth=1.65)
202.4699 	EXP 	Created text = TextStim(__class__=<class 'psychopy.visual.text.TextStim'>, alignHoriz=method-wrapper(...), alignText='center', alignVert=method-wrapper(...), anchorHoriz='center', anchorVert='center', antialias=True, autoLog=True, bold=False, color=array([1., 1., 1.]), colorSpace='rgb', contrast=1.0, depth=0.0, flipHoriz=False, flipVert=False, font='Arial', fontFiles=[], height=0.07, italic=False, languageStyle='LTR', name='text', opacity=1, ori=0, pos=array([0., 0.]), rgb=UNKNOWN, text=str(...), units='norm', win=Window(...), wrapWidth=1.65)
202.4742 	EXP 	Created instru = TextStim(__class__=<class 'psychopy.visual.text.TextStim'>, alignHoriz=method-wrapper(...), alignText='center', alignVert=method-wrapper(...), anchorHoriz='center', anchorVert='center', antialias=True, autoLog=True, bold=False, color=array([1., 1., 1.]), colorSpace='rgb', contrast=1.0, depth=0.0, flipHoriz=False, flipVert=False, font='Arial', fontFiles=[], height=0.07, italic=False, languageStyle='LTR', name='instru', opacity=1, ori=0, pos=array([0. , 0.5]), rgb=UNKNOWN, text=str(...), units='norm', win=Window(...), wrapWidth=1)
202.4767 	EXP 	Created unnamed Line = Line(__class__=<class 'psychopy.visual.line.Line'>, autoDraw=False, autoLog=True, closeShape=False, color=array([1., 1., 1.]), colorSpace='rgb', contrast=None, depth=0, fillColor=array([0, 0, 0]), fillColorSpace='rgb', fillRGB=array([0, 0, 0]), interpolate=True, lineColor=array([1., 1., 1.]), lineColorSpace='rgb', lineRGB=array([1, 1, 1]), lineWidth=5, name='unnamed Line', opacity=0.5, ori=0.0, pos=array([0., 0.]), size=array([1., 1.]), units='norm', vertices=array([[-0.5,  0. ],
       [ 0.5,  0. ]]), win=Window(...), windingRule=None)
202.4787 	EXP 	Created unnamed Line = Line(__class__=<class 'psychopy.visual.line.Line'>, autoDraw=False, autoLog=True, closeShape=False, color=array([1., 1., 1.]), colorSpace='rgb', contrast=None, depth=0, fillColor=array([0, 0, 0]), fillColorSpace='rgb', fillRGB=array([0, 0, 0]), interpolate=True, lineColor=array([1., 1., 1.]), lineColorSpace='rgb', lineRGB=array([1, 1, 1]), lineWidth=3, name='unnamed Line', opacity=0.5, ori=0.0, pos=array([0., 0.]), size=array([1., 1.]), units='norm', vertices=array([[-0.5 , -0.05],
       [-0.5 ,  0.05]]), win=Window(...), windingRule=None)
202.4807 	EXP 	Created unnamed Line = Line(__class__=<class 'psychopy.visual.line.Line'>, autoDraw=False, autoLog=True, closeShape=False, color=array([1., 1., 1.]), colorSpace='rgb', contrast=None, depth=0, fillColor=array([0, 0, 0]), fillColorSpace='rgb', fillRGB=array([0, 0, 0]), interpolate=True, lineColor=array([1., 1., 1.]), lineColorSpace='rgb', lineRGB=array([1, 1, 1]), lineWidth=3, name='unnamed Line', opacity=0.5, ori=0.0, pos=array([0., 0.]), size=array([1., 1.]), units='norm', vertices=ndarray(...), win=Window(...), windingRule=None)
202.4827 	EXP 	Created unnamed Line = Line(__class__=<class 'psychopy.visual.line.Line'>, autoDraw=False, autoLog=True, closeShape=False, color=array([1., 1., 1.]), colorSpace='rgb', contrast=None, depth=0, fillColor=array([0, 0, 0]), fillColorSpace='rgb', fillRGB=array([0, 0, 0]), interpolate=True, lineColor=array([1., 1., 1.]), lineColorSpace='rgb', lineRGB=array([1, 1, 1]), lineWidth=3, name='unnamed Line', opacity=0.5, ori=0.0, pos=array([0., 0.]), size=array([1., 1.]), units='norm', vertices=ndarray(...), win=Window(...), windingRule=None)
202.4847 	EXP 	Created unnamed Line = Line(__class__=<class 'psychopy.visual.line.Line'>, autoDraw=False, autoLog=True, closeShape=False, color=array([1., 1., 1.]), colorSpace='rgb', contrast=None, depth=0, fillColor=array([0, 0, 0]), fillColorSpace='rgb', fillRGB=array([0, 0, 0]), interpolate=True, lineColor=array([1., 1., 1.]), lineColorSpace='rgb', lineRGB=array([1, 1, 1]), lineWidth=3, name='unnamed Line', opacity=0.5, ori=0.0, pos=array([0., 0.]), size=array([1., 1.]), units='norm', vertices=array([[ 0.5 , -0.05],
       [ 0.5 ,  0.05]]), win=Window(...), windingRule=None)
202.4969 	EXP 	Created unnamed TextStim = TextStim(__class__=<class 'psychopy.visual.text.TextStim'>, alignHoriz=method-wrapper(...), alignText='center', alignVert=method-wrapper(...), anchorHoriz='center', anchorVert='center', antialias=True, autoLog=True, bold=False, color=array([1., 1., 1.]), colorSpace='rgb', contrast=1.0, depth=0, flipHoriz=False, flipVert=False, font='', fontFiles=[], height=0.05, italic=False, languageStyle='LTR', name='unnamed TextStim', opacity=1.0, ori=0.0, pos=array([-0.5, -0.1]), rgb=UNKNOWN, text='Helt klart \n IKKE FOKUSERT', units='norm', win=Window(...), wrapWidth=1)
202.4979 	EXP 	Created unnamed TextStim = TextStim(__class__=<class 'psychopy.visual.text.TextStim'>, alignHoriz=method-wrapper(...), alignText='center', alignVert=method-wrapper(...), anchorHoriz='center', anchorVert='center', antialias=True, autoLog=True, bold=False, color=array([1., 1., 1.]), colorSpace='rgb', contrast=1.0, depth=0, flipHoriz=False, flipVert=False, font='', fontFiles=[], height=0.05, italic=False, languageStyle='LTR', name='unnamed TextStim', opacity=1.0, ori=0.0, pos=array([-0.16666667, -0.1       ]), rgb=UNKNOWN, text='', units='norm', win=Window(...), wrapWidth=1)
202.4991 	EXP 	Created unnamed TextStim = TextStim(__class__=<class 'psychopy.visual.text.TextStim'>, alignHoriz=method-wrapper(...), alignText='center', alignVert=method-wrapper(...), anchorHoriz='center', anchorVert='center', antialias=True, autoLog=True, bold=False, color=array([1., 1., 1.]), colorSpace='rgb', contrast=1.0, depth=0, flipHoriz=False, flipVert=False, font='', fontFiles=[], height=0.05, italic=False, languageStyle='LTR', name='unnamed TextStim', opacity=1.0, ori=0.0, pos=array([ 0.16666667, -0.1       ]), rgb=UNKNOWN, text='', units='norm', win=Window(...), wrapWidth=1)
202.5026 	EXP 	Created unnamed TextStim = TextStim(__class__=<class 'psychopy.visual.text.TextStim'>, alignHoriz=method-wrapper(...), alignText='center', alignVert=method-wrapper(...), anchorHoriz='center', anchorVert='center', antialias=True, autoLog=True, bold=False, color=array([1., 1., 1.]), colorSpace='rgb', contrast=1.0, depth=0, flipHoriz=False, flipVert=False, font='', fontFiles=[], height=0.05, italic=False, languageStyle='LTR', name='unnamed TextStim', opacity=1.0, ori=0.0, pos=array([ 0.5, -0.1]), rgb=UNKNOWN, text='Helt klart \n FOKUSERT', units='norm', win=Window(...), wrapWidth=1)
202.5046 	EXP 	Created unnamed ShapeStim = ShapeStim(__class__=<class 'psychopy.visual.shape.ShapeStim'>, autoDraw=False, autoLog=True, closeShape=True, color=method-wrapper(...), colorSpace='rgb', contrast=None, depth=0, fillColor=array([1, 1, 1]), fillColorSpace='rgb', fillRGB=array([1, 1, 1]), interpolate=True, lineColor=array([-1., -1., -1.]), lineColorSpace='rgb', lineRGB=array([-1, -1, -1]), lineWidth=1.5, name='unnamed ShapeStim', opacity=1.0, ori=0.0, pos=array([0., 0.]), size=array([1., 1.]), units='norm', vertices=ndarray(...), win=Window(...), windingRule=None)
202.5117 	EXP 	Created instru = TextStim(__class__=<class 'psychopy.visual.text.TextStim'>, alignHoriz=method-wrapper(...), alignText='center', alignVert=method-wrapper(...), anchorHoriz='center', anchorVert='center', antialias=True, autoLog=True, bold=False, color=array([1., 1., 1.]), colorSpace='rgb', contrast=1.0, depth=0.0, flipHoriz=False, flipVert=False, font='Arial', fontFiles=[], height=0.07, italic=False, languageStyle='LTR', name='instru', opacity=1, ori=0, pos=array([0. , 0.5]), rgb=UNKNOWN, text=str(...), units='norm', win=Window(...), wrapWidth=1)
202.5137 	EXP 	Created unnamed Line = Line(__class__=<class 'psychopy.visual.line.Line'>, autoDraw=False, autoLog=True, closeShape=False, color=array([1., 1., 1.]), colorSpace='rgb', contrast=None, depth=0, fillColor=array([0, 0, 0]), fillColorSpace='rgb', fillRGB=array([0, 0, 0]), interpolate=True, lineColor=array([1., 1., 1.]), lineColorSpace='rgb', lineRGB=array([1, 1, 1]), lineWidth=5, name='unnamed Line', opacity=0.5, ori=0.0, pos=array([0., 0.]), size=array([1., 1.]), units='norm', vertices=array([[-0.5,  0. ],
       [ 0.5,  0. ]]), win=Window(...), windingRule=None)
202.5157 	EXP 	Created unnamed Line = Line(__class__=<class 'psychopy.visual.line.Line'>, autoDraw=False, autoLog=True, closeShape=False, color=array([1., 1., 1.]), colorSpace='rgb', contrast=None, depth=0, fillColor=array([0, 0, 0]), fillColorSpace='rgb', fillRGB=array([0, 0, 0]), interpolate=True, lineColor=array([1., 1., 1.]), lineColorSpace='rgb', lineRGB=array([1, 1, 1]), lineWidth=3, name='unnamed Line', opacity=0.5, ori=0.0, pos=array([0., 0.]), size=array([1., 1.]), units='norm', vertices=array([[-0.5 , -0.05],
       [-0.5 ,  0.05]]), win=Window(...), windingRule=None)
202.5176 	EXP 	Created unnamed Line = Line(__class__=<class 'psychopy.visual.line.Line'>, autoDraw=False, autoLog=True, closeShape=False, color=array([1., 1., 1.]), colorSpace='rgb', contrast=None, depth=0, fillColor=array([0, 0, 0]), fillColorSpace='rgb', fillRGB=array([0, 0, 0]), interpolate=True, lineColor=array([1., 1., 1.]), lineColorSpace='rgb', lineRGB=array([1, 1, 1]), lineWidth=3, name='unnamed Line', opacity=0.5, ori=0.0, pos=array([0., 0.]), size=array([1., 1.]), units='norm', vertices=ndarray(...), win=Window(...), windingRule=None)
202.5195 	EXP 	Created unnamed Line = Line(__class__=<class 'psychopy.visual.line.Line'>, autoDraw=False, autoLog=True, closeShape=False, color=array([1., 1., 1.]), colorSpace='rgb', contrast=None, depth=0, fillColor=array([0, 0, 0]), fillColorSpace='rgb', fillRGB=array([0, 0, 0]), interpolate=True, lineColor=array([1., 1., 1.]), lineColorSpace='rgb', lineRGB=array([1, 1, 1]), lineWidth=3, name='unnamed Line', opacity=0.5, ori=0.0, pos=array([0., 0.]), size=array([1., 1.]), units='norm', vertices=ndarray(...), win=Window(...), windingRule=None)
202.5215 	EXP 	Created unnamed Line = Line(__class__=<class 'psychopy.visual.line.Line'>, autoDraw=False, autoLog=True, closeShape=False, color=array([1., 1., 1.]), colorSpace='rgb', contrast=None, depth=0, fillColor=array([0, 0, 0]), fillColorSpace='rgb', fillRGB=array([0, 0, 0]), interpolate=True, lineColor=array([1., 1., 1.]), lineColorSpace='rgb', lineRGB=array([1, 1, 1]), lineWidth=3, name='unnamed Line', opacity=0.5, ori=0.0, pos=array([0., 0.]), size=array([1., 1.]), units='norm', vertices=array([[ 0.5 , -0.05],
       [ 0.5 ,  0.05]]), win=Window(...), windingRule=None)
202.5263 	EXP 	Created unnamed TextStim = TextStim(__class__=<class 'psychopy.visual.text.TextStim'>, alignHoriz=method-wrapper(...), alignText='center', alignVert=method-wrapper(...), anchorHoriz='center', anchorVert='center', antialias=True, autoLog=True, bold=False, color=array([1., 1., 1.]), colorSpace='rgb', contrast=1.0, depth=0, flipHoriz=False, flipVert=False, font='', fontFiles=[], height=0.05, italic=False, languageStyle='LTR', name='unnamed TextStim', opacity=1.0, ori=0.0, pos=array([-0.5, -0.1]), rgb=UNKNOWN, text='Helt klart \n INGENTING', units='norm', win=Window(...), wrapWidth=1)
202.5273 	EXP 	Created unnamed TextStim = TextStim(__class__=<class 'psychopy.visual.text.TextStim'>, alignHoriz=method-wrapper(...), alignText='center', alignVert=method-wrapper(...), anchorHoriz='center', anchorVert='center', antialias=True, autoLog=True, bold=False, color=array([1., 1., 1.]), colorSpace='rgb', contrast=1.0, depth=0, flipHoriz=False, flipVert=False, font='', fontFiles=[], height=0.05, italic=False, languageStyle='LTR', name='unnamed TextStim', opacity=1.0, ori=0.0, pos=array([-0.16666667, -0.1       ]), rgb=UNKNOWN, text='', units='norm', win=Window(...), wrapWidth=1)
202.5283 	EXP 	Created unnamed TextStim = TextStim(__class__=<class 'psychopy.visual.text.TextStim'>, alignHoriz=method-wrapper(...), alignText='center', alignVert=method-wrapper(...), anchorHoriz='center', anchorVert='center', antialias=True, autoLog=True, bold=False, color=array([1., 1., 1.]), colorSpace='rgb', contrast=1.0, depth=0, flipHoriz=False, flipVert=False, font='', fontFiles=[], height=0.05, italic=False, languageStyle='LTR', name='unnamed TextStim', opacity=1.0, ori=0.0, pos=array([ 0.16666667, -0.1       ]), rgb=UNKNOWN, text='', units='norm', win=Window(...), wrapWidth=1)
202.5314 	EXP 	Created unnamed TextStim = TextStim(__class__=<class 'psychopy.visual.text.TextStim'>, alignHoriz=method-wrapper(...), alignText='center', alignVert=method-wrapper(...), anchorHoriz='center', anchorVert='center', antialias=True, autoLog=True, bold=False, color=array([1., 1., 1.]), colorSpace='rgb', contrast=1.0, depth=0, flipHoriz=False, flipVert=False, font='', fontFiles=[], height=0.05, italic=False, languageStyle='LTR', name='unnamed TextStim', opacity=1.0, ori=0.0, pos=array([ 0.5, -0.1]), rgb=UNKNOWN, text='Helt klart \n NOE', units='norm', win=Window(...), wrapWidth=1)
202.5332 	EXP 	Created unnamed ShapeStim = ShapeStim(__class__=<class 'psychopy.visual.shape.ShapeStim'>, autoDraw=False, autoLog=True, closeShape=True, color=method-wrapper(...), colorSpace='rgb', contrast=None, depth=0, fillColor=array([1, 1, 1]), fillColorSpace='rgb', fillRGB=array([1, 1, 1]), interpolate=True, lineColor=array([-1., -1., -1.]), lineColorSpace='rgb', lineRGB=array([-1, -1, -1]), lineWidth=1.5, name='unnamed ShapeStim', opacity=1.0, ori=0.0, pos=array([0., 0.]), size=array([1., 1.]), units='norm', vertices=ndarray(...), win=Window(...), windingRule=None)
202.5400 	EXP 	Created instru = TextStim(__class__=<class 'psychopy.visual.text.TextStim'>, alignHoriz=method-wrapper(...), alignText='center', alignVert=method-wrapper(...), anchorHoriz='center', anchorVert='center', antialias=True, autoLog=True, bold=False, color=array([1., 1., 1.]), colorSpace='rgb', contrast=1.0, depth=0.0, flipHoriz=False, flipVert=False, font='Arial', fontFiles=[], height=0.07, italic=False, languageStyle='LTR', name='instru', opacity=1, ori=0, pos=array([0. , 0.5]), rgb=UNKNOWN, text=str(...), units='norm', win=Window(...), wrapWidth=1)
202.5420 	EXP 	Created unnamed Line = Line(__class__=<class 'psychopy.visual.line.Line'>, autoDraw=False, autoLog=True, closeShape=False, color=array([1., 1., 1.]), colorSpace='rgb', contrast=None, depth=0, fillColor=array([0, 0, 0]), fillColorSpace='rgb', fillRGB=array([0, 0, 0]), interpolate=True, lineColor=array([1., 1., 1.]), lineColorSpace='rgb', lineRGB=array([1, 1, 1]), lineWidth=5, name='unnamed Line', opacity=0.5, ori=0.0, pos=array([0., 0.]), size=array([1., 1.]), units='norm', vertices=array([[-0.5,  0. ],
       [ 0.5,  0. ]]), win=Window(...), windingRule=None)
202.5440 	EXP 	Created unnamed Line = Line(__class__=<class 'psychopy.visual.line.Line'>, autoDraw=False, autoLog=True, closeShape=False, color=array([1., 1., 1.]), colorSpace='rgb', contrast=None, depth=0, fillColor=array([0, 0, 0]), fillColorSpace='rgb', fillRGB=array([0, 0, 0]), interpolate=True, lineColor=array([1., 1., 1.]), lineColorSpace='rgb', lineRGB=array([1, 1, 1]), lineWidth=3, name='unnamed Line', opacity=0.5, ori=0.0, pos=array([0., 0.]), size=array([1., 1.]), units='norm', vertices=array([[-0.5 , -0.05],
       [-0.5 ,  0.05]]), win=Window(...), windingRule=None)
202.5459 	EXP 	Created unnamed Line = Line(__class__=<class 'psychopy.visual.line.Line'>, autoDraw=False, autoLog=True, closeShape=False, color=array([1., 1., 1.]), colorSpace='rgb', contrast=None, depth=0, fillColor=array([0, 0, 0]), fillColorSpace='rgb', fillRGB=array([0, 0, 0]), interpolate=True, lineColor=array([1., 1., 1.]), lineColorSpace='rgb', lineRGB=array([1, 1, 1]), lineWidth=3, name='unnamed Line', opacity=0.5, ori=0.0, pos=array([0., 0.]), size=array([1., 1.]), units='norm', vertices=ndarray(...), win=Window(...), windingRule=None)
202.5478 	EXP 	Created unnamed Line = Line(__class__=<class 'psychopy.visual.line.Line'>, autoDraw=False, autoLog=True, closeShape=False, color=array([1., 1., 1.]), colorSpace='rgb', contrast=None, depth=0, fillColor=array([0, 0, 0]), fillColorSpace='rgb', fillRGB=array([0, 0, 0]), interpolate=True, lineColor=array([1., 1., 1.]), lineColorSpace='rgb', lineRGB=array([1, 1, 1]), lineWidth=3, name='unnamed Line', opacity=0.5, ori=0.0, pos=array([0., 0.]), size=array([1., 1.]), units='norm', vertices=ndarray(...), win=Window(...), windingRule=None)
202.5498 	EXP 	Created unnamed Line = Line(__class__=<class 'psychopy.visual.line.Line'>, autoDraw=False, autoLog=True, closeShape=False, color=array([1., 1., 1.]), colorSpace='rgb', contrast=None, depth=0, fillColor=array([0, 0, 0]), fillColorSpace='rgb', fillRGB=array([0, 0, 0]), interpolate=True, lineColor=array([1., 1., 1.]), lineColorSpace='rgb', lineRGB=array([1, 1, 1]), lineWidth=3, name='unnamed Line', opacity=0.5, ori=0.0, pos=array([0., 0.]), size=array([1., 1.]), units='norm', vertices=array([[ 0.5 , -0.05],
       [ 0.5 ,  0.05]]), win=Window(...), windingRule=None)
202.5545 	EXP 	Created unnamed TextStim = TextStim(__class__=<class 'psychopy.visual.text.TextStim'>, alignHoriz=method-wrapper(...), alignText='center', alignVert=method-wrapper(...), anchorHoriz='center', anchorVert='center', antialias=True, autoLog=True, bold=False, color=array([1., 1., 1.]), colorSpace='rgb', contrast=1.0, depth=0, flipHoriz=False, flipVert=False, font='', fontFiles=[], height=0.05, italic=False, languageStyle='LTR', name='unnamed TextStim', opacity=1.0, ori=0.0, pos=array([-0.5, -0.1]), rgb=UNKNOWN, text='Helt klart \n SPONTAN', units='norm', win=Window(...), wrapWidth=1)
202.5555 	EXP 	Created unnamed TextStim = TextStim(__class__=<class 'psychopy.visual.text.TextStim'>, alignHoriz=method-wrapper(...), alignText='center', alignVert=method-wrapper(...), anchorHoriz='center', anchorVert='center', antialias=True, autoLog=True, bold=False, color=array([1., 1., 1.]), colorSpace='rgb', contrast=1.0, depth=0, flipHoriz=False, flipVert=False, font='', fontFiles=[], height=0.05, italic=False, languageStyle='LTR', name='unnamed TextStim', opacity=1.0, ori=0.0, pos=array([-0.16666667, -0.1       ]), rgb=UNKNOWN, text='', units='norm', win=Window(...), wrapWidth=1)
202.5565 	EXP 	Created unnamed TextStim = TextStim(__class__=<class 'psychopy.visual.text.TextStim'>, alignHoriz=method-wrapper(...), alignText='center', alignVert=method-wrapper(...), anchorHoriz='center', anchorVert='center', antialias=True, autoLog=True, bold=False, color=array([1., 1., 1.]), colorSpace='rgb', contrast=1.0, depth=0, flipHoriz=False, flipVert=False, font='', fontFiles=[], height=0.05, italic=False, languageStyle='LTR', name='unnamed TextStim', opacity=1.0, ori=0.0, pos=array([ 0.16666667, -0.1       ]), rgb=UNKNOWN, text='', units='norm', win=Window(...), wrapWidth=1)
202.5611 	EXP 	Created unnamed TextStim = TextStim(__class__=<class 'psychopy.visual.text.TextStim'>, alignHoriz=method-wrapper(...), alignText='center', alignVert=method-wrapper(...), anchorHoriz='center', anchorVert='center', antialias=True, autoLog=True, bold=False, color=array([1., 1., 1.]), colorSpace='rgb', contrast=1.0, depth=0, flipHoriz=False, flipVert=False, font='', fontFiles=[], height=0.05, italic=False, languageStyle='LTR', name='unnamed TextStim', opacity=1.0, ori=0.0, pos=array([ 0.5, -0.1]), rgb=UNKNOWN, text='Helt klart \n BEVISST', units='norm', win=Window(...), wrapWidth=1)
202.5629 	EXP 	Created unnamed ShapeStim = ShapeStim(__class__=<class 'psychopy.visual.shape.ShapeStim'>, autoDraw=False, autoLog=True, closeShape=True, color=method-wrapper(...), colorSpace='rgb', contrast=None, depth=0, fillColor=array([1, 1, 1]), fillColorSpace='rgb', fillRGB=array([1, 1, 1]), interpolate=True, lineColor=array([-1., -1., -1.]), lineColorSpace='rgb', lineRGB=array([-1, -1, -1]), lineWidth=1.5, name='unnamed ShapeStim', opacity=1.0, ori=0.0, pos=array([0., 0.]), size=array([1., 1.]), units='norm', vertices=ndarray(...), win=Window(...), windingRule=None)
202.6110 	EXP 	Sound  set volume 1.000
202.6391 	EXP 	unnamed ShapeStim: vertices = <class 'numpy.ndarray'>
202.6391 	EXP 	unnamed ShapeStim: vertices = <class 'numpy.ndarray'>
202.6391 	EXP 	unnamed ShapeStim: vertices = <class 'numpy.ndarray'>
205.0433 	DATA 	Keypress: rctrl
205.5647 	EXP 	Sound  started
205.8274 	DATA 	Keypress: rctrl
206.3146 	EXP 	Sound  started
206.3713 	DATA 	Keypress: lctrl
207.0646 	EXP 	Sound  started
207.0752 	DATA 	Keypress: rctrl
207.7952 	DATA 	Keypress: rctrl
207.8146 	EXP 	Sound  started
208.5646 	EXP 	Sound  started
208.6272 	DATA 	Keypress: lctrl
209.3146 	EXP 	Sound  started
209.3472 	DATA 	Keypress: lctrl
210.0646 	EXP 	Sound  started
210.0832 	DATA 	Keypress: rctrl
210.8146 	EXP 	Sound  started
210.8512 	DATA 	Keypress: rctrl
211.5647 	EXP 	Sound  started
211.5712 	DATA 	Keypress: rctrl
212.2752 	DATA 	Keypress: lctrl
212.3147 	EXP 	Sound  started
213.0647 	EXP 	Sound  started
213.0753 	DATA 	Keypress: rctrl
213.7952 	DATA 	Keypress: lctrl
213.8147 	EXP 	Sound  started
214.5472 	DATA 	Keypress: rctrl
214.5647 	EXP 	Sound  started
215.2992 	DATA 	Keypress: rctrl
215.3147 	EXP 	Sound  started
216.0512 	DATA 	Keypress: rctrl
216.0647 	EXP 	Sound  started
216.8147 	EXP 	Sound  started
216.8192 	DATA 	Keypress: lctrl
217.5232 	DATA 	Keypress: lctrl
217.5648 	EXP 	Sound  started
218.2753 	DATA 	Keypress: lctrl
218.3148 	EXP 	Sound  started
219.0111 	DATA 	Keypress: rctrl
219.0648 	EXP 	Sound  started
219.7632 	DATA 	Keypress: rctrl
219.8148 	EXP 	Sound  started
220.5632 	DATA 	Keypress: lctrl
220.5648 	EXP 	Sound  started
221.3148 	EXP 	Sound  started
221.3312 	DATA 	Keypress: rctrl
222.0648 	EXP 	Sound  started
222.0832 	DATA 	Keypress: lctrl
222.8149 	EXP 	Sound  started
222.8193 	DATA 	Keypress: rctrl
223.5649 	EXP 	Sound  started
223.5712 	DATA 	Keypress: rctrl
224.2911 	DATA 	Keypress: rctrl
224.3149 	EXP 	Sound  started
225.0432 	DATA 	Keypress: rctrl
225.0649 	EXP 	Sound  started
225.8112 	DATA 	Keypress: lctrl
225.8149 	EXP 	Sound  started
226.5473 	DATA 	Keypress: lctrl
226.5649 	EXP 	Sound  started
227.3149 	EXP 	Sound  started
227.3792 	DATA 	Keypress: rctrl
228.0650 	EXP 	Sound  started
228.0831 	DATA 	Keypress: lctrl
228.8150 	EXP 	Sound  started
228.8512 	DATA 	Keypress: rctrl
229.5233 	DATA 	Keypress: rctrl
229.5650 	EXP 	Sound  started
230.3150 	EXP 	Sound  started
230.3391 	DATA 	Keypress: rctrl
231.0591 	DATA 	Keypress: lctrl
231.0650 	EXP 	Sound  started
231.8150 	EXP 	Sound  started
231.8272 	DATA 	Keypress: lctrl
232.5650 	EXP 	Sound  started
232.5792 	DATA 	Keypress: rctrl
233.3150 	EXP 	Sound  started
233.3152 	DATA 	Keypress: lctrl
234.0651 	EXP 	Sound  started
234.0991 	DATA 	Keypress: rctrl
234.7872 	DATA 	Keypress: lctrl
234.8151 	EXP 	Sound  started
235.5651 	EXP 	Sound  started
235.5871 	DATA 	Keypress: lctrl
236.3151 	EXP 	Sound  started
236.3712 	DATA 	Keypress: rctrl
237.0651 	EXP 	Sound  started
237.0911 	DATA 	Keypress: lctrl
237.8151 	EXP 	Sound  started
237.8752 	DATA 	Keypress: rctrl
238.5651 	EXP 	Sound  started
238.5951 	DATA 	Keypress: rctrl
239.2992 	DATA 	Keypress: lctrl
239.3151 	EXP 	Sound  started
240.0652 	EXP 	Sound  started
240.0992 	DATA 	Keypress: lctrl
240.8152 	EXP 	Sound  started
240.8192 	DATA 	Keypress: lctrl
241.5652 	EXP 	Sound  started
241.6832 	DATA 	Keypress: rctrl
242.3152 	EXP 	Sound  started
242.3392 	DATA 	Keypress: rctrl
243.0272 	DATA 	Keypress: rctrl
243.0652 	EXP 	Sound  started
243.8152 	EXP 	Sound  started
243.8431 	DATA 	Keypress: lctrl
244.5652 	EXP 	Sound  started
244.6112 	DATA 	Keypress: lctrl
245.3151 	DATA 	Keypress: rctrl
245.3153 	EXP 	Sound  started
246.0653 	EXP 	Sound  started
246.0671 	DATA 	Keypress: lctrl
246.8032 	DATA 	Keypress: lctrl
246.8154 	EXP 	Sound  started
247.5552 	DATA 	Keypress: lctrl
247.5654 	EXP 	Sound  started
248.2911 	DATA 	Keypress: rctrl
248.3154 	EXP 	Sound  started
249.0592 	DATA 	Keypress: rctrl
249.0654 	EXP 	Sound  started
249.8154 	EXP 	Sound  started
249.8273 	DATA 	Keypress: lctrl
250.5471 	DATA 	Keypress: rctrl
250.5654 	EXP 	Sound  started
251.3151 	DATA 	Keypress: lctrl
251.3154 	EXP 	Sound  started
252.0352 	DATA 	Keypress: rctrl
252.0655 	EXP 	Sound  started
252.8155 	EXP 	Sound  started
252.8192 	DATA 	Keypress: rctrl
253.5655 	EXP 	Sound  started
253.5711 	DATA 	Keypress: rctrl
254.2912 	DATA 	Keypress: lctrl
254.3155 	EXP 	Sound  started
255.0655 	EXP 	Sound  started
255.0752 	DATA 	Keypress: lctrl
255.7632 	DATA 	Keypress: rctrl
255.8155 	EXP 	Sound  started
256.5154 	DATA 	Keypress: lctrl
256.5656 	EXP 	Sound  started
257.2992 	DATA 	Keypress: lctrl
257.3155 	EXP 	Sound  started
258.0656 	EXP 	Sound  started
258.0832 	DATA 	Keypress: lctrl
258.8156 	EXP 	Sound  started
258.8192 	DATA 	Keypress: rctrl
259.5656 	EXP 	Sound  started
259.6031 	DATA 	Keypress: rctrl
260.3156 	EXP 	Sound  started
260.3391 	DATA 	Keypress: rctrl
261.0431 	DATA 	Keypress: rctrl
261.0656 	EXP 	Sound  started
261.8156 	EXP 	Sound  started
261.8432 	DATA 	Keypress: rctrl
262.5657 	EXP 	Sound  started
262.5953 	DATA 	Keypress: lctrl
263.3157 	EXP 	Sound  started
263.3631 	DATA 	Keypress: lctrl
264.0657 	EXP 	Sound  started
264.1313 	DATA 	Keypress: rctrl
264.8157 	EXP 	Sound  started
264.8511 	DATA 	Keypress: rctrl
265.5231 	DATA 	Keypress: rctrl
265.5657 	EXP 	Sound  started
266.2912 	DATA 	Keypress: lctrl
266.3157 	EXP 	Sound  started
267.0593 	DATA 	Keypress: lctrl
267.0657 	EXP 	Sound  started
267.8157 	EXP 	Sound  started
267.8751 	DATA 	Keypress: lctrl
268.5658 	EXP 	Sound  started
268.5952 	DATA 	Keypress: lctrl
269.3158 	EXP 	Sound  started
269.3311 	DATA 	Keypress: rctrl
270.0984 	EXP 	unnamed TextStim: text = ''
270.0984 	EXP 	unnamed TextStim: text = ''
270.1172 	DATA 	Keypress: rctrl
271.4177 	DATA 	Keypress: 4
271.4342 	EXP 	unnamed ShapeStim: vertices = <class 'numpy.ndarray'>
272.9688 	EXP 	unnamed TextStim: text = ''
272.9688 	EXP 	unnamed TextStim: text = ''
275.2542 	DATA 	Keypress: 4
275.2707 	EXP 	unnamed ShapeStim: vertices = <class 'numpy.ndarray'>
276.8053 	EXP 	unnamed TextStim: text = ''
276.8053 	EXP 	unnamed TextStim: text = ''
277.4231 	DATA 	Keypress: 3
277.4396 	EXP 	unnamed ShapeStim: vertices = <class 'numpy.ndarray'>
279.7247 	EXP 	Sound  started
279.9713 	DATA 	Keypress: rctrl
280.4745 	EXP 	Sound  started
280.4991 	DATA 	Keypress: lctrl
281.2245 	EXP 	Sound  started
281.2512 	DATA 	Keypress: rctrl
281.9745 	EXP 	Sound  started
282.0191 	DATA 	Keypress: rctrl
282.7245 	EXP 	Sound  started
282.7871 	DATA 	Keypress: lctrl
283.4746 	EXP 	Sound  started
283.5712 	DATA 	Keypress: lctrl
284.2246 	EXP 	Sound  started
284.2751 	DATA 	Keypress: rctrl
284.9471 	DATA 	Keypress: lctrl
284.9746 	EXP 	Sound  started
285.7246 	EXP 	Sound  started
285.7312 	DATA 	Keypress: rctrl
286.4746 	EXP 	Sound  started
286.4831 	DATA 	Keypress: rctrl
287.2191 	DATA 	Keypress: rctrl
287.2246 	EXP 	Sound  started
287.9746 	EXP 	Sound  started
288.0031 	DATA 	Keypress: lctrl
288.7246 	EXP 	Sound  started
288.7552 	DATA 	Keypress: rctrl
289.4747 	EXP 	Sound  started
289.4912 	DATA 	Keypress: lctrl
290.2247 	EXP 	Sound  started
290.2432 	DATA 	Keypress: lctrl
290.9747 	EXP 	Sound  started
290.9792 	DATA 	Keypress: rctrl
291.7151 	DATA 	Keypress: lctrl
291.7247 	EXP 	Sound  started
292.4673 	DATA 	Keypress: rctrl
292.4747 	EXP 	Sound  started
293.2247 	EXP 	Sound  started
293.2671 	DATA 	Keypress: lctrl
293.9747 	EXP 	Sound  started
294.0031 	DATA 	Keypress: lctrl
294.7247 	EXP 	Sound  started
294.7551 	DATA 	Keypress: rctrl
295.4748 	EXP 	Sound  started
295.5071 	DATA 	Keypress: lctrl
296.2248 	EXP 	Sound  started
296.2273 	DATA 	Keypress: rctrl
296.9748 	EXP 	Sound  started
296.9951 	DATA 	Keypress: rctrl
297.7248 	EXP 	Sound  started
297.7471 	DATA 	Keypress: lctrl
298.4671 	DATA 	Keypress: rctrl
298.4748 	EXP 	Sound  started
299.2191 	DATA 	Keypress: lctrl
299.2248 	EXP 	Sound  started
299.9712 	DATA 	Keypress: lctrl
299.9748 	EXP 	Sound  started
300.7249 	EXP 	Sound  started
300.7391 	DATA 	Keypress: rctrl
301.4749 	EXP 	Sound  started
301.5072 	DATA 	Keypress: lctrl
302.2249 	EXP 	Sound  started
302.2272 	DATA 	Keypress: lctrl
302.9749 	EXP 	Sound  started
302.9951 	DATA 	Keypress: rctrl
303.7249 	EXP 	Sound  started
303.7311 	DATA 	Keypress: lctrl
304.4749 	EXP 	Sound  started
304.4832 	DATA 	Keypress: rctrl
305.2249 	EXP 	Sound  started
305.2351 	DATA 	Keypress: lctrl
305.9711 	DATA 	Keypress: lctrl
305.9749 	EXP 	Sound  started
306.7072 	DATA 	Keypress: lctrl
306.7250 	EXP 	Sound  started
307.4750 	EXP 	Sound  started
307.4912 	DATA 	Keypress: rctrl
308.2250 	EXP 	Sound  started
308.2751 	DATA 	Keypress: lctrl
308.9750 	EXP 	Sound  started
308.9952 	DATA 	Keypress: lctrl
309.7152 	DATA 	Keypress: rctrl
309.7250 	EXP 	Sound  started
310.4750 	EXP 	Sound  started
310.5152 	DATA 	Keypress: rctrl
311.2250 	EXP 	Sound  started
311.2832 	DATA 	Keypress: lctrl
311.9751 	EXP 	Sound  started
311.9872 	DATA 	Keypress: rctrl
312.7251 	EXP 	Sound  started
312.7871 	DATA 	Keypress: rctrl
313.4432 	DATA 	Keypress: lctrl
313.4751 	EXP 	Sound  started
314.2251 	EXP 	Sound  started
314.2272 	DATA 	Keypress: rctrl
314.9751 	EXP 	Sound  started
315.0112 	DATA 	Keypress: lctrl
315.7251 	EXP 	Sound  started
315.7471 	DATA 	Keypress: rctrl
316.4752 	EXP 	Sound  started
316.4992 	DATA 	Keypress: lctrl
317.2251 	EXP 	Sound  started
317.2353 	DATA 	Keypress: rctrl
317.9752 	EXP 	Sound  started
318.0031 	DATA 	Keypress: rctrl
318.7252 	EXP 	Sound  started
318.7551 	DATA 	Keypress: rctrl
319.4752 	EXP 	Sound  started
319.5392 	DATA 	Keypress: lctrl
320.2252 	EXP 	Sound  started
320.2752 	DATA 	Keypress: lctrl
320.9752 	EXP 	Sound  started
320.9953 	DATA 	Keypress: rctrl
321.7252 	EXP 	Sound  started
321.7471 	DATA 	Keypress: rctrl
322.4671 	DATA 	Keypress: lctrl
322.4753 	EXP 	Sound  started
323.2031 	DATA 	Keypress: rctrl
323.2253 	EXP 	Sound  started
323.9551 	DATA 	Keypress: lctrl
323.9753 	EXP 	Sound  started
324.7253 	EXP 	Sound  started
324.7552 	DATA 	Keypress: lctrl
325.4753 	EXP 	Sound  started
325.5071 	DATA 	Keypress: lctrl
326.2112 	DATA 	Keypress: lctrl
326.2253 	EXP 	Sound  started
326.9311 	DATA 	Keypress: lctrl
326.9753 	EXP 	Sound  started
327.6991 	DATA 	Keypress: rctrl
327.7253 	EXP 	Sound  started
328.4512 	DATA 	Keypress: rctrl
328.4754 	EXP 	Sound  started
329.2254 	EXP 	Sound  started
329.2352 	DATA 	Keypress: lctrl
329.9552 	DATA 	Keypress: rctrl
329.9754 	EXP 	Sound  started
330.7254 	EXP 	Sound  started
330.7551 	DATA 	Keypress: lctrl
331.5507 	DATA 	Keypress: lctrl
333.2683 	DATA 	Keypress: 3
333.2849 	EXP 	unnamed ShapeStim: vertices = <class 'numpy.ndarray'>
337.4756 	DATA 	Keypress: 2
337.5050 	EXP 	unnamed ShapeStim: vertices = <class 'numpy.ndarray'>
340.0243 	DATA 	Keypress: 1
340.0409 	EXP 	unnamed ShapeStim: vertices = <class 'numpy.ndarray'>
342.3252 	EXP 	Sound  started
342.4353 	DATA 	Keypress: rctrl
343.0753 	DATA 	Keypress: lctrl
343.0755 	EXP 	Sound  started
343.8255 	EXP 	Sound  started
343.8751 	DATA 	Keypress: rctrl
344.5755 	EXP 	Sound  started
344.5951 	DATA 	Keypress: rctrl
345.3255 	EXP 	Sound  started
345.3951 	DATA 	Keypress: lctrl
346.0756 	EXP 	Sound  started
346.1631 	DATA 	Keypress: lctrl
346.8256 	EXP 	Sound  started
346.8831 	DATA 	Keypress: rctrl
347.5756 	EXP 	Sound  started
347.6512 	DATA 	Keypress: lctrl
348.3256 	EXP 	Sound  started
348.3391 	DATA 	Keypress: rctrl
349.0756 	EXP 	Sound  started
349.0911 	DATA 	Keypress: lctrl
349.8111 	DATA 	Keypress: lctrl
349.8256 	EXP 	Sound  started
350.5756 	EXP 	Sound  started
350.6271 	DATA 	Keypress: lctrl
351.3256 	EXP 	Sound  started
351.3631 	DATA 	Keypress: rctrl
352.0757 	EXP 	Sound  started
352.0991 	DATA 	Keypress: rctrl
352.8257 	EXP 	Sound  started
352.8991 	DATA 	Keypress: lctrl
353.5757 	EXP 	Sound  started
353.6031 	DATA 	Keypress: lctrl
354.3257 	EXP 	Sound  started
354.3391 	DATA 	Keypress: rctrl
355.0757 	EXP 	Sound  started
355.1071 	DATA 	Keypress: lctrl
355.8257 	EXP 	Sound  started
355.8271 	DATA 	Keypress: rctrl
356.5631 	DATA 	Keypress: rctrl
356.5758 	EXP 	Sound  started
357.3258 	EXP 	Sound  started
357.3311 	DATA 	Keypress: rctrl
358.0758 	EXP 	Sound  started
358.0831 	DATA 	Keypress: lctrl
358.8258 	EXP 	Sound  started
358.8673 	DATA 	Keypress: lctrl
359.5711 	DATA 	Keypress: rctrl
359.5758 	EXP 	Sound  started
360.3232 	DATA 	Keypress: lctrl
360.3258 	EXP 	Sound  started
361.0591 	DATA 	Keypress: rctrl
361.0758 	EXP 	Sound  started
361.8259 	EXP 	Sound  started
361.8591 	DATA 	Keypress: lctrl
362.5759 	EXP 	Sound  started
362.6111 	DATA 	Keypress: lctrl
363.3259 	EXP 	Sound  started
363.3311 	DATA 	Keypress: rctrl
364.0511 	DATA 	Keypress: rctrl
364.0759 	EXP 	Sound  started
364.8032 	DATA 	Keypress: rctrl
364.8259 	EXP 	Sound  started
365.5759 	EXP 	Sound  started
365.5871 	DATA 	Keypress: rctrl
366.3259 	EXP 	Sound  started
366.3552 	DATA 	Keypress: lctrl
367.0752 	DATA 	Keypress: rctrl
367.0759 	EXP 	Sound  started
367.8260 	EXP 	Sound  started
367.8271 	DATA 	Keypress: lctrl
368.5760 	EXP 	Sound  started
368.5792 	DATA 	Keypress: lctrl
369.3260 	EXP 	Sound  started
369.3311 	DATA 	Keypress: rctrl
370.0760 	EXP 	Sound  started
370.0833 	DATA 	Keypress: rctrl
370.8260 	EXP 	Sound  started
370.8513 	DATA 	Keypress: lctrl
371.5760 	EXP 	Sound  started
371.6031 	DATA 	Keypress: lctrl
372.3260 	EXP 	Sound  started
372.3712 	DATA 	Keypress: rctrl
373.0761 	EXP 	Sound  started
373.1231 	DATA 	Keypress: lctrl
373.8261 	EXP 	Sound  started
373.8591 	DATA 	Keypress: rctrl
374.5761 	EXP 	Sound  started
374.6432 	DATA 	Keypress: lctrl
375.3261 	EXP 	Sound  started
375.3952 	DATA 	Keypress: lctrl
376.0761 	EXP 	Sound  started
376.1471 	DATA 	Keypress: lctrl
376.8191 	DATA 	Keypress: rctrl
376.8261 	EXP 	Sound  started
377.5761 	EXP 	Sound  started
377.6351 	DATA 	Keypress: rctrl
378.3261 	EXP 	Sound  started
378.3711 	DATA 	Keypress: lctrl
379.0762 	EXP 	Sound  started
379.1551 	DATA 	Keypress: rctrl
379.8262 	EXP 	Sound  started
379.8911 	DATA 	Keypress: lctrl
380.5762 	EXP 	Sound  started
380.5951 	DATA 	Keypress: rctrl
381.3262 	EXP 	Sound  started
381.3312 	DATA 	Keypress: rctrl
382.0762 	EXP 	Sound  started
382.0992 	DATA 	Keypress: rctrl
382.8262 	EXP 	Sound  started
382.8991 	DATA 	Keypress: lctrl
383.5762 	EXP 	Sound  started
383.6031 	DATA 	Keypress: lctrl
384.3263 	EXP 	Sound  started
384.3393 	DATA 	Keypress: rctrl
385.1446 	DATA 	Keypress: lctrl
386.3618 	DATA 	Keypress: 1
386.3783 	EXP 	unnamed ShapeStim: vertices = <class 'numpy.ndarray'>
388.2972 	DATA 	Keypress: 4
388.3137 	EXP 	unnamed ShapeStim: vertices = <class 'numpy.ndarray'>
390.1821 	DATA 	Keypress: 1
390.1986 	EXP 	unnamed ShapeStim: vertices = <class 'numpy.ndarray'>
392.4828 	EXP 	Sound  started
392.4837 	DATA 	Keypress: rctrl
393.2327 	EXP 	Sound  started
393.2351 	DATA 	Keypress: lctrl
393.9827 	EXP 	Sound  started
394.0191 	DATA 	Keypress: rctrl
394.7327 	EXP 	Sound  started
394.7390 	DATA 	Keypress: rctrl
395.4827 	EXP 	Sound  started
395.5871 	DATA 	Keypress: lctrl
396.2327 	EXP 	Sound  started
396.3072 	DATA 	Keypress: rctrl
396.9828 	EXP 	Sound  started
397.0431 	DATA 	Keypress: lctrl
397.7328 	EXP 	Sound  started
397.7630 	DATA 	Keypress: rctrl
398.4828 	EXP 	Sound  started
398.5470 	DATA 	Keypress: rctrl
399.2328 	EXP 	Sound  started
399.3150 	DATA 	Keypress: lctrl
399.9828 	EXP 	Sound  started
400.0511 	DATA 	Keypress: lctrl
400.7328 	EXP 	Sound  started
400.7551 	DATA 	Keypress: lctrl
401.4752 	DATA 	Keypress: rctrl
401.4828 	EXP 	Sound  started
402.2328 	EXP 	Sound  started
402.2911 	DATA 	Keypress: lctrl
402.9792 	DATA 	Keypress: rctrl
402.9829 	EXP 	Sound  started
403.7329 	EXP 	Sound  started
403.7471 	DATA 	Keypress: rctrl
404.4829 	EXP 	Sound  started
404.4991 	DATA 	Keypress: rctrl
405.2031 	DATA 	Keypress: lctrl
405.2329 	EXP 	Sound  started
405.9829 	EXP 	Sound  started
406.0030 	DATA 	Keypress: rctrl
406.7329 	EXP 	Sound  started
406.7711 	DATA 	Keypress: lctrl
407.4829 	EXP 	Sound  started
407.5072 	DATA 	Keypress: lctrl
408.2273 	DATA 	Keypress: lctrl
408.2330 	EXP 	Sound  started
408.9791 	DATA 	Keypress: lctrl
408.9830 	EXP 	Sound  started
409.7330 	EXP 	Sound  started
409.7472 	DATA 	Keypress: lctrl
410.4671 	DATA 	Keypress: lctrl
410.4830 	EXP 	Sound  started
411.2191 	DATA 	Keypress: lctrl
411.2330 	EXP 	Sound  started
411.9231 	DATA 	Keypress: rctrl
411.9830 	EXP 	Sound  started
412.7330 	EXP 	Sound  started
412.8030 	DATA 	Keypress: rctrl
413.4830 	EXP 	Sound  started
413.4911 	DATA 	Keypress: lctrl
414.2331 	EXP 	Sound  started
414.2911 	DATA 	Keypress: rctrl
414.9831 	EXP 	Sound  started
415.0430 	DATA 	Keypress: rctrl
415.7331 	EXP 	Sound  started
415.7471 	DATA 	Keypress: rctrl
416.4831 	EXP 	Sound  started
416.5312 	DATA 	Keypress: rctrl
417.2331 	EXP 	Sound  started
417.2350 	DATA 	Keypress: lctrl
417.9832 	EXP 	Sound  started
418.0030 	DATA 	Keypress: rctrl
418.7231 	DATA 	Keypress: lctrl
418.7332 	EXP 	Sound  started
419.4832 	EXP 	Sound  started
419.4911 	DATA 	Keypress: rctrl
420.2270 	DATA 	Keypress: rctrl
420.2332 	EXP 	Sound  started
420.9832 	EXP 	Sound  started
421.0270 	DATA 	Keypress: rctrl
421.7332 	EXP 	Sound  started
421.7631 	DATA 	Keypress: lctrl
422.4832 	EXP 	Sound  started
422.5310 	DATA 	Keypress: rctrl
423.2332 	EXP 	Sound  started
423.2351 	DATA 	Keypress: lctrl
423.9833 	EXP 	Sound  started
423.9872 	DATA 	Keypress: lctrl
424.7333 	EXP 	Sound  started
424.7390 	DATA 	Keypress: lctrl
425.4833 	EXP 	Sound  started
425.5231 	DATA 	Keypress: rctrl
426.2333 	EXP 	Sound  started
426.2590 	DATA 	Keypress: lctrl
426.9791 	DATA 	Keypress: rctrl
426.9833 	EXP 	Sound  started
427.7151 	DATA 	Keypress: rctrl
427.7333 	EXP 	Sound  started
428.4670 	DATA 	Keypress: lctrl
428.4833 	EXP 	Sound  started
429.1870 	DATA 	Keypress: rctrl
429.2333 	EXP 	Sound  started
429.9833 	EXP 	Sound  started
430.0032 	DATA 	Keypress: lctrl
430.7334 	EXP 	Sound  started
430.7710 	DATA 	Keypress: lctrl
431.4751 	DATA 	Keypress: rctrl
431.4834 	EXP 	Sound  started
432.2270 	DATA 	Keypress: lctrl
432.2334 	EXP 	Sound  started
432.9630 	DATA 	Keypress: rctrl
432.9834 	EXP 	Sound  started
433.7310 	DATA 	Keypress: rctrl
433.7334 	EXP 	Sound  started
434.4834 	EXP 	Sound  started
434.5470 	DATA 	Keypress: lctrl
435.2334 	EXP 	Sound  started
435.2831 	DATA 	Keypress: rctrl
435.9835 	EXP 	Sound  started
436.0190 	DATA 	Keypress: lctrl
436.7335 	EXP 	Sound  started
436.7551 	DATA 	Keypress: lctrl
437.4835 	EXP 	Sound  started
437.4910 	DATA 	Keypress: rctrl
438.2272 	DATA 	Keypress: rctrl
438.2335 	EXP 	Sound  started
438.9835 	EXP 	Sound  started
438.9950 	DATA 	Keypress: rctrl
439.7335 	EXP 	Sound  started
439.7630 	DATA 	Keypress: lctrl
440.4831 	DATA 	Keypress: lctrl
440.4836 	EXP 	Sound  started
441.2191 	DATA 	Keypress: rctrl
441.2336 	EXP 	Sound  started
441.9836 	EXP 	Sound  started
442.0512 	DATA 	Keypress: rctrl
442.7336 	EXP 	Sound  started
442.7711 	DATA 	Keypress: rctrl
443.5258 	DATA 	Keypress: lctrl
445.1933 	DATA 	Keypress: 3
445.2098 	EXP 	unnamed ShapeStim: vertices = <class 'numpy.ndarray'>
449.3170 	DATA 	Keypress: 3
449.3466 	EXP 	unnamed ShapeStim: vertices = <class 'numpy.ndarray'>
454.3675 	DATA 	Keypress: 3
454.3840 	EXP 	unnamed ShapeStim: vertices = <class 'numpy.ndarray'>
456.6691 	EXP 	Sound  started
456.8671 	DATA 	Keypress: rctrl
457.4190 	EXP 	Sound  started
457.4431 	DATA 	Keypress: lctrl
458.1631 	DATA 	Keypress: lctrl
458.1690 	EXP 	Sound  started
458.9151 	DATA 	Keypress: lctrl
458.9190 	EXP 	Sound  started
459.6690 	EXP 	Sound  started
459.6830 	DATA 	Keypress: rctrl
460.4190 	EXP 	Sound  started
460.4350 	DATA 	Keypress: rctrl
461.1690 	EXP 	Sound  started
461.1711 	DATA 	Keypress: lctrl
461.9190 	EXP 	Sound  started
461.9390 	DATA 	Keypress: rctrl
462.6691 	EXP 	Sound  started
462.6910 	DATA 	Keypress: lctrl
463.4191 	EXP 	Sound  started
463.4430 	DATA 	Keypress: lctrl
464.1691 	EXP 	Sound  started
464.2110 	DATA 	Keypress: rctrl
464.9150 	DATA 	Keypress: lctrl
464.9191 	EXP 	Sound  started
465.6691 	EXP 	Sound  started
465.6991 	DATA 	Keypress: rctrl
466.4191 	EXP 	Sound  started
466.4352 	DATA 	Keypress: rctrl
467.1691 	EXP 	Sound  started
467.1710 	DATA 	Keypress: rctrl
467.9070 	DATA 	Keypress: rctrl
467.9192 	EXP 	Sound  started
468.6590 	DATA 	Keypress: lctrl
468.6692 	EXP 	Sound  started
469.4192 	EXP 	Sound  started
469.4430 	DATA 	Keypress: rctrl
470.1692 	EXP 	Sound  started
470.2111 	DATA 	Keypress: rctrl
470.9192 	EXP 	Sound  started
470.9472 	DATA 	Keypress: rctrl
471.6670 	DATA 	Keypress: lctrl
471.6692 	EXP 	Sound  started
472.4031 	DATA 	Keypress: rctrl
472.4193 	EXP 	Sound  started
473.1693 	EXP 	Sound  started
473.1710 	DATA 	Keypress: lctrl
473.9193 	EXP 	Sound  started
473.9550 	DATA 	Keypress: lctrl
474.6693 	EXP 	Sound  started
474.7071 	DATA 	Keypress: rctrl
475.4110 	DATA 	Keypress: lctrl
475.4193 	EXP 	Sound  started
476.1471 	DATA 	Keypress: rctrl
476.1693 	EXP 	Sound  started
476.9193 	EXP 	Sound  started
476.9470 	DATA 	Keypress: rctrl
477.6350 	DATA 	Keypress: lctrl
477.6693 	EXP 	Sound  started
478.4194 	EXP 	Sound  started
478.4670 	DATA 	Keypress: rctrl
479.1694 	EXP 	Sound  started
479.2191 	DATA 	Keypress: rctrl
479.9194 	EXP 	Sound  started
479.9713 	DATA 	Keypress: rctrl
480.6431 	DATA 	Keypress: lctrl
480.6694 	EXP 	Sound  started
481.4194 	EXP 	Sound  started
481.4270 	DATA 	Keypress: lctrl
482.1694 	EXP 	Sound  started
482.2271 	DATA 	Keypress: lctrl
482.9151 	DATA 	Keypress: rctrl
482.9194 	EXP 	Sound  started
483.6694 	EXP 	Sound  started
483.7151 	DATA 	Keypress: rctrl
484.4190 	DATA 	Keypress: lctrl
484.4195 	EXP 	Sound  started
485.1695 	EXP 	Sound  started
485.2030 	DATA 	Keypress: rctrl
485.9195 	EXP 	Sound  started
485.9230 	DATA 	Keypress: lctrl
486.6695 	EXP 	Sound  started
486.6910 	DATA 	Keypress: lctrl
487.4195 	EXP 	Sound  started
487.4270 	DATA 	Keypress: rctrl
488.1695 	EXP 	Sound  started
488.2110 	DATA 	Keypress: lctrl
488.8830 	DATA 	Keypress: rctrl
488.9195 	EXP 	Sound  started
489.6696 	EXP 	Sound  started
489.6831 	DATA 	Keypress: rctrl
490.4196 	EXP 	Sound  started
490.4350 	DATA 	Keypress: rctrl
491.1696 	EXP 	Sound  started
491.2030 	DATA 	Keypress: lctrl
491.9196 	EXP 	Sound  started
491.9871 	DATA 	Keypress: lctrl
492.6696 	EXP 	Sound  started
492.7071 	DATA 	Keypress: rctrl
493.4196 	EXP 	Sound  started
493.4592 	DATA 	Keypress: lctrl
494.1696 	EXP 	Sound  started
494.1950 	DATA 	Keypress: rctrl
494.9197 	EXP 	Sound  started
494.9471 	DATA 	Keypress: lctrl
495.6697 	EXP 	Sound  started
495.6831 	DATA 	Keypress: lctrl
496.4197 	EXP 	Sound  started
496.4351 	DATA 	Keypress: rctrl
497.1697 	EXP 	Sound  started
497.1870 	DATA 	Keypress: lctrl
497.9740 	DATA 	Keypress: lctrl
499.7213 	DATA 	Keypress: 1
499.7378 	EXP 	unnamed ShapeStim: vertices = <class 'numpy.ndarray'>
502.3240 	DATA 	Keypress: 1
502.3404 	EXP 	unnamed ShapeStim: vertices = <class 'numpy.ndarray'>
504.7092 	DATA 	Keypress: 1
504.7257 	EXP 	unnamed ShapeStim: vertices = <class 'numpy.ndarray'>
507.0109 	EXP 	Sound  started
507.2191 	DATA 	Keypress: rctrl
507.7607 	EXP 	Sound  started
507.8270 	DATA 	Keypress: lctrl
508.5108 	EXP 	Sound  started
508.5470 	DATA 	Keypress: rctrl
509.2608 	EXP 	Sound  started
509.3150 	DATA 	Keypress: lctrl
510.0108 	EXP 	Sound  started
510.0830 	DATA 	Keypress: lctrl
510.7608 	EXP 	Sound  started
510.7870 	DATA 	Keypress: rctrl
511.5108 	EXP 	Sound  started
511.5391 	DATA 	Keypress: rctrl
512.2591 	DATA 	Keypress: rctrl
512.2608 	EXP 	Sound  started
513.0108 	EXP 	Sound  started
513.0431 	DATA 	Keypress: lctrl
513.7609 	EXP 	Sound  started
513.7951 	DATA 	Keypress: rctrl
514.5109 	EXP 	Sound  started
514.5790 	DATA 	Keypress: lctrl
515.2609 	EXP 	Sound  started
515.2990 	DATA 	Keypress: lctrl
516.0109 	EXP 	Sound  started
516.0350 	DATA 	Keypress: lctrl
516.7550 	DATA 	Keypress: rctrl
516.7609 	EXP 	Sound  started
517.5109 	EXP 	Sound  started
517.5230 	DATA 	Keypress: rctrl
518.2590 	DATA 	Keypress: lctrl
518.2609 	EXP 	Sound  started
519.0110 	EXP 	Sound  started
519.0271 	DATA 	Keypress: rctrl
519.7610 	EXP 	Sound  started
519.8111 	DATA 	Keypress: lctrl
520.5110 	EXP 	Sound  started
520.5791 	DATA 	Keypress: lctrl
521.2610 	EXP 	Sound  started
521.2991 	DATA 	Keypress: rctrl
522.0110 	EXP 	Sound  started
522.0350 	DATA 	Keypress: lctrl
522.7610 	EXP 	Sound  started
522.7710 	DATA 	Keypress: rctrl
523.5070 	DATA 	Keypress: rctrl
523.5111 	EXP 	Sound  started
524.2611 	EXP 	Sound  started
524.2910 	DATA 	Keypress: rctrl
525.0111 	EXP 	Sound  started
525.0431 	DATA 	Keypress: rctrl
525.7611 	EXP 	Sound  started
525.7632 	DATA 	Keypress: lctrl
526.5111 	EXP 	Sound  started
526.5632 	DATA 	Keypress: lctrl
527.2611 	EXP 	Sound  started
527.2670 	DATA 	Keypress: rctrl
528.0111 	EXP 	Sound  started
528.0511 	DATA 	Keypress: rctrl
528.7611 	EXP 	Sound  started
528.8190 	DATA 	Keypress: lctrl
529.5111 	EXP 	Sound  started
529.6030 	DATA 	Keypress: lctrl
530.2612 	EXP 	Sound  started
530.3390 	DATA 	Keypress: lctrl
531.0112 	EXP 	Sound  started
531.1070 	DATA 	Keypress: rctrl
531.7612 	EXP 	Sound  started
531.7791 	DATA 	Keypress: lctrl
532.4670 	DATA 	Keypress: rctrl
532.5112 	EXP 	Sound  started
533.2612 	EXP 	Sound  started
533.2830 	DATA 	Keypress: lctrl
534.0112 	EXP 	Sound  started
534.0351 	DATA 	Keypress: rctrl
534.7612 	EXP 	Sound  started
534.7872 	DATA 	Keypress: rctrl
535.5113 	EXP 	Sound  started
535.5710 	DATA 	Keypress: lctrl
536.2613 	EXP 	Sound  started
536.3070 	DATA 	Keypress: rctrl
537.0113 	EXP 	Sound  started
537.0270 	DATA 	Keypress: lctrl
537.7613 	EXP 	Sound  started
537.8110 	DATA 	Keypress: lctrl
538.5113 	EXP 	Sound  started
538.5470 	DATA 	Keypress: lctrl
539.2613 	EXP 	Sound  started
539.2830 	DATA 	Keypress: rctrl
540.0113 	EXP 	Sound  started
540.0510 	DATA 	Keypress: rctrl
540.7613 	EXP 	Sound  started
540.7870 	DATA 	Keypress: lctrl
541.5114 	EXP 	Sound  started
541.5391 	DATA 	Keypress: rctrl
542.2614 	EXP 	Sound  started
542.2910 	DATA 	Keypress: rctrl
543.0114 	EXP 	Sound  started
543.0270 	DATA 	Keypress: rctrl
543.7614 	EXP 	Sound  started
543.7790 	DATA 	Keypress: lctrl
544.5114 	EXP 	Sound  started
544.5150 	DATA 	Keypress: lctrl
545.2614 	EXP 	Sound  started
545.2830 	DATA 	Keypress: rctrl
546.0114 	EXP 	Sound  started
546.0510 	DATA 	Keypress: lctrl
546.7615 	EXP 	Sound  started
546.8030 	DATA 	Keypress: rctrl
547.5115 	EXP 	Sound  started
547.5390 	DATA 	Keypress: rctrl
548.2615 	EXP 	Sound  started
548.2750 	DATA 	Keypress: rctrl
549.0324 	DATA 	Keypress: lctrl
550.7298 	DATA 	Keypress: 3
550.7462 	EXP 	unnamed ShapeStim: vertices = <class 'numpy.ndarray'>
553.6362 	DATA 	Keypress: 3
553.6658 	EXP 	unnamed ShapeStim: vertices = <class 'numpy.ndarray'>
556.0512 	DATA 	Keypress: 1
556.0677 	EXP 	unnamed ShapeStim: vertices = <class 'numpy.ndarray'>
558.3518 	EXP 	Sound  started
558.4992 	DATA 	Keypress: rctrl
559.1016 	EXP 	Sound  started
559.1070 	DATA 	Keypress: lctrl
559.8516 	EXP 	Sound  started
559.8750 	DATA 	Keypress: lctrl
560.6016 	EXP 	Sound  started
560.6110 	DATA 	Keypress: lctrl
561.3516 	EXP 	Sound  started
561.3950 	DATA 	Keypress: rctrl
562.1017 	EXP 	Sound  started
562.1311 	DATA 	Keypress: rctrl
562.8517 	EXP 	Sound  started
562.8991 	DATA 	Keypress: lctrl
563.6017 	EXP 	Sound  started
563.6191 	DATA 	Keypress: lctrl
564.3391 	DATA 	Keypress: rctrl
564.3517 	EXP 	Sound  started
565.0910 	DATA 	Keypress: lctrl
565.1017 	EXP 	Sound  started
565.8430 	DATA 	Keypress: rctrl
565.8517 	EXP 	Sound  started
566.6017 	EXP 	Sound  started
566.6110 	DATA 	Keypress: rctrl
567.3470 	DATA 	Keypress: rctrl
567.3518 	EXP 	Sound  started
568.0990 	DATA 	Keypress: rctrl
568.1018 	EXP 	Sound  started
568.8518 	EXP 	Sound  started
568.8989 	DATA 	Keypress: lctrl
569.6018 	EXP 	Sound  started
569.6189 	DATA 	Keypress: rctrl
570.3518 	EXP 	Sound  started
570.3869 	DATA 	Keypress: lctrl
571.1018 	EXP 	Sound  started
571.1550 	DATA 	Keypress: rctrl
571.8430 	DATA 	Keypress: rctrl
571.8518 	EXP 	Sound  started
572.6019 	EXP 	Sound  started
572.6270 	DATA 	Keypress: rctrl
573.3519 	EXP 	Sound  started
573.3629 	DATA 	Keypress: lctrl
574.0989 	DATA 	Keypress: rctrl
574.1019 	EXP 	Sound  started
574.8519 	EXP 	Sound  started
574.8990 	DATA 	Keypress: lctrl
575.6019 	EXP 	Sound  started
575.6351 	DATA 	Keypress: lctrl
576.3519 	EXP 	Sound  started
576.4030 	DATA 	Keypress: rctrl
577.1019 	EXP 	Sound  started
577.1389 	DATA 	Keypress: lctrl
577.8519 	EXP 	Sound  started
577.8750 	DATA 	Keypress: rctrl
578.5950 	DATA 	Keypress: rctrl
578.6020 	EXP 	Sound  started
579.3520 	EXP 	Sound  started
579.3949 	DATA 	Keypress: rctrl
580.1020 	EXP 	Sound  started
580.1470 	DATA 	Keypress: lctrl
580.8520 	EXP 	Sound  started
580.9150 	DATA 	Keypress: lctrl
581.6020 	EXP 	Sound  started
581.6830 	DATA 	Keypress: lctrl
582.3520 	EXP 	Sound  started
582.3709 	DATA 	Keypress: rctrl
583.1020 	EXP 	Sound  started
583.1389 	DATA 	Keypress: lctrl
583.8520 	EXP 	Sound  started
583.9390 	DATA 	Keypress: rctrl
584.6021 	EXP 	Sound  started
584.6749 	DATA 	Keypress: lctrl
585.3521 	EXP 	Sound  started
585.4270 	DATA 	Keypress: lctrl
586.1021 	EXP 	Sound  started
586.1470 	DATA 	Keypress: rctrl
586.8509 	DATA 	Keypress: rctrl
586.8521 	EXP 	Sound  started
587.6021 	EXP 	Sound  started
587.6190 	DATA 	Keypress: lctrl
588.3522 	EXP 	Sound  started
588.4031 	DATA 	Keypress: rctrl
589.1022 	EXP 	Sound  started
589.1071 	DATA 	Keypress: lctrl
589.8522 	EXP 	Sound  started
589.8750 	DATA 	Keypress: lctrl
590.6022 	EXP 	Sound  started
590.6429 	DATA 	Keypress: lctrl
591.3522 	EXP 	Sound  started
591.3790 	DATA 	Keypress: rctrl
592.1022 	EXP 	Sound  started
592.1469 	DATA 	Keypress: rctrl
592.8522 	EXP 	Sound  started
592.8989 	DATA 	Keypress: lctrl
593.6022 	EXP 	Sound  started
593.6350 	DATA 	Keypress: rctrl
594.3523 	EXP 	Sound  started
594.4509 	DATA 	Keypress: rctrl
595.1023 	EXP 	Sound  started
595.1550 	DATA 	Keypress: lctrl
595.8523 	EXP 	Sound  started
595.8909 	DATA 	Keypress: rctrl
596.5629 	DATA 	Keypress: lctrl
596.6023 	EXP 	Sound  started
597.3469 	DATA 	Keypress: rctrl
597.3523 	EXP 	Sound  started
598.1023 	EXP 	Sound  started
598.1470 	DATA 	Keypress: rctrl
598.8523 	EXP 	Sound  started
598.8990 	DATA 	Keypress: rctrl
599.5869 	DATA 	Keypress: lctrl
599.6024 	EXP 	Sound  started
600.3524 	EXP 	Sound  started
600.3869 	DATA 	Keypress: lctrl
601.1024 	EXP 	Sound  started
601.1550 	DATA 	Keypress: lctrl
601.8524 	EXP 	Sound  started
601.9070 	DATA 	Keypress: rctrl
602.6024 	EXP 	Sound  started
602.6429 	DATA 	Keypress: rctrl
603.3524 	EXP 	Sound  started
603.4109 	DATA 	Keypress: rctrl
604.1024 	EXP 	Sound  started
604.1469 	DATA 	Keypress: lctrl
604.8525 	EXP 	Sound  started
604.9151 	DATA 	Keypress: lctrl
605.6025 	EXP 	Sound  started
605.6350 	DATA 	Keypress: rctrl
606.3525 	EXP 	Sound  started
606.3869 	DATA 	Keypress: lctrl
607.1025 	EXP 	Sound  started
607.1550 	DATA 	Keypress: rctrl
607.8525 	EXP 	Sound  started
607.8590 	DATA 	Keypress: lctrl
608.6025 	EXP 	Sound  started
608.6109 	DATA 	Keypress: rctrl
609.3525 	EXP 	Sound  started
609.3950 	DATA 	Keypress: lctrl
610.1026 	EXP 	Sound  started
610.1789 	DATA 	Keypress: lctrl
610.8526 	EXP 	Sound  started
610.8830 	DATA 	Keypress: rctrl
611.6026 	EXP 	Sound  started
611.6030 	DATA 	Keypress: lctrl
612.3390 	DATA 	Keypress: rctrl
612.3526 	EXP 	Sound  started
613.1647 	DATA 	Keypress: rctrl
614.4991 	DATA 	Keypress: 1
614.5152 	EXP 	unnamed ShapeStim: vertices = <class 'numpy.ndarray'>
616.9845 	DATA 	Keypress: 4
617.0010 	EXP 	unnamed ShapeStim: vertices = <class 'numpy.ndarray'>
618.8058 	DATA 	Keypress: 1
618.8354 	EXP 	unnamed ShapeStim: vertices = <class 'numpy.ndarray'>
621.1201 	EXP 	Sound  started
621.1872 	DATA 	Keypress: rctrl
621.8700 	EXP 	Sound  started
621.8750 	DATA 	Keypress: lctrl
622.6200 	EXP 	Sound  started
622.6751 	DATA 	Keypress: lctrl
623.3700 	EXP 	Sound  started
623.4431 	DATA 	Keypress: rctrl
624.1200 	EXP 	Sound  started
624.1470 	DATA 	Keypress: rctrl
624.8700 	EXP 	Sound  started
624.8991 	DATA 	Keypress: lctrl
625.6200 	EXP 	Sound  started
625.6349 	DATA 	Keypress: lctrl
626.3701 	EXP 	Sound  started
626.4029 	DATA 	Keypress: rctrl
627.1201 	EXP 	Sound  started
627.1549 	DATA 	Keypress: lctrl
627.8701 	EXP 	Sound  started
627.8749 	DATA 	Keypress: rctrl
628.6201 	EXP 	Sound  started
628.6430 	DATA 	Keypress: rctrl
629.3701 	EXP 	Sound  started
629.4270 	DATA 	Keypress: lctrl
630.1201 	EXP 	Sound  started
630.1949 	DATA 	Keypress: lctrl
630.8670 	DATA 	Keypress: lctrl
630.8701 	EXP 	Sound  started
631.6202 	EXP 	Sound  started
631.6510 	DATA 	Keypress: rctrl
632.3702 	EXP 	Sound  started
632.3869 	DATA 	Keypress: lctrl
633.1202 	EXP 	Sound  started
633.1710 	DATA 	Keypress: rctrl
633.8702 	EXP 	Sound  started
633.9230 	DATA 	Keypress: rctrl
634.6202 	EXP 	Sound  started
634.6430 	DATA 	Keypress: lctrl
635.3469 	DATA 	Keypress: rctrl
635.3702 	EXP 	Sound  started
636.1203 	EXP 	Sound  started
636.1470 	DATA 	Keypress: lctrl
636.8703 	EXP 	Sound  started
636.8829 	DATA 	Keypress: rctrl
637.6203 	EXP 	Sound  started
637.6671 	DATA 	Keypress: rctrl
638.3703 	EXP 	Sound  started
638.4029 	DATA 	Keypress: rctrl
639.1070 	DATA 	Keypress: lctrl
639.1203 	EXP 	Sound  started
639.8703 	EXP 	Sound  started
639.8909 	DATA 	Keypress: rctrl
640.6203 	EXP 	Sound  started
640.6269 	DATA 	Keypress: lctrl
641.3703 	EXP 	Sound  started
641.4110 	DATA 	Keypress: rctrl
642.1204 	EXP 	Sound  started
642.1471 	DATA 	Keypress: rctrl
642.8704 	EXP 	Sound  started
642.9151 	DATA 	Keypress: lctrl
643.6204 	EXP 	Sound  started
643.6511 	DATA 	Keypress: rctrl
644.3704 	EXP 	Sound  started
644.4190 	DATA 	Keypress: rctrl
645.1204 	EXP 	Sound  started
645.1390 	DATA 	Keypress: rctrl
645.8704 	EXP 	Sound  started
645.9230 	DATA 	Keypress: lctrl
646.6204 	EXP 	Sound  started
646.6429 	DATA 	Keypress: lctrl
647.3705 	EXP 	Sound  started
647.3789 	DATA 	Keypress: lctrl
648.1205 	EXP 	Sound  started
648.1309 	DATA 	Keypress: rctrl
648.8705 	EXP 	Sound  started
648.9149 	DATA 	Keypress: rctrl
649.6205 	EXP 	Sound  started
649.6510 	DATA 	Keypress: lctrl
650.3390 	DATA 	Keypress: rctrl
650.3705 	EXP 	Sound  started
651.1205 	EXP 	Sound  started
651.1229 	DATA 	Keypress: rctrl
651.8705 	EXP 	Sound  started
651.8910 	DATA 	Keypress: lctrl
652.6206 	EXP 	Sound  started
652.6911 	DATA 	Keypress: lctrl
653.3706 	EXP 	Sound  started
653.4269 	DATA 	Keypress: lctrl
654.1206 	EXP 	Sound  started
654.1629 	DATA 	Keypress: lctrl
654.8670 	DATA 	Keypress: rctrl
654.8706 	EXP 	Sound  started
655.6206 	EXP 	Sound  started
655.6669 	DATA 	Keypress: rctrl
656.3706 	EXP 	Sound  started
656.3710 	DATA 	Keypress: lctrl
657.1206 	EXP 	Sound  started
657.1389 	DATA 	Keypress: lctrl
657.8707 	EXP 	Sound  started
657.8749 	DATA 	Keypress: rctrl
658.6207 	EXP 	Sound  started
658.6430 	DATA 	Keypress: rctrl
659.3629 	DATA 	Keypress: rctrl
659.3707 	EXP 	Sound  started
660.1150 	DATA 	Keypress: rctrl
660.1207 	EXP 	Sound  started
660.8510 	DATA 	Keypress: rctrl
660.8707 	EXP 	Sound  started
661.6207 	EXP 	Sound  started
661.6350 	DATA 	Keypress: rctrl
662.3707 	EXP 	Sound  started
662.4349 	DATA 	Keypress: rctrl
663.1208 	EXP 	Sound  started
663.1229 	DATA 	Keypress: lctrl
663.8708 	EXP 	Sound  started
663.8909 	DATA 	Keypress: rctrl
664.6208 	EXP 	Sound  started
664.6269 	DATA 	Keypress: rctrl
665.3708 	EXP 	Sound  started
665.3950 	DATA 	Keypress: rctrl
666.0829 	DATA 	Keypress: lctrl
666.1208 	EXP 	Sound  started
666.8510 	DATA 	Keypress: lctrl
666.8708 	EXP 	Sound  started
667.6208 	EXP 	Sound  started
667.6990 	DATA 	Keypress: lctrl
668.3709 	EXP 	Sound  started
668.4831 	DATA 	Keypress: rctrl
669.1209 	EXP 	Sound  started
669.1549 	DATA 	Keypress: lctrl
669.8109 	DATA 	Keypress: rctrl
669.8709 	EXP 	Sound  started
670.6209 	EXP 	Sound  started
670.6431 	DATA 	Keypress: rctrl
671.3709 	EXP 	Sound  started
671.4109 	DATA 	Keypress: rctrl
672.1210 	EXP 	Sound  started
672.1629 	DATA 	Keypress: lctrl
672.8709 	EXP 	Sound  started
672.9150 	DATA 	Keypress: lctrl
673.6210 	EXP 	Sound  started
673.6349 	DATA 	Keypress: rctrl
674.3549 	DATA 	Keypress: rctrl
674.3710 	EXP 	Sound  started
675.1210 	EXP 	Sound  started
675.1390 	DATA 	Keypress: lctrl
675.8710 	EXP 	Sound  started
675.9069 	DATA 	Keypress: lctrl
676.6210 	EXP 	Sound  started
676.6431 	DATA 	Keypress: lctrl
677.3469 	DATA 	Keypress: rctrl
677.3710 	EXP 	Sound  started
678.1210 	EXP 	Sound  started
678.1469 	DATA 	Keypress: rctrl
678.8711 	EXP 	Sound  started
678.8990 	DATA 	Keypress: rctrl
679.6211 	EXP 	Sound  started
679.6349 	DATA 	Keypress: rctrl
680.3711 	EXP 	Sound  started
680.4029 	DATA 	Keypress: lctrl
681.1211 	EXP 	Sound  started
681.1389 	DATA 	Keypress: lctrl
681.8711 	EXP 	Sound  started
681.8749 	DATA 	Keypress: rctrl
682.6211 	EXP 	Sound  started
682.6429 	DATA 	Keypress: lctrl
683.3711 	EXP 	Sound  started
683.4269 	DATA 	Keypress: rctrl
684.0829 	DATA 	Keypress: rctrl
684.1211 	EXP 	Sound  started
684.9234 	DATA 	Keypress: rctrl
686.3575 	DATA 	Keypress: 4
686.3740 	EXP 	unnamed ShapeStim: vertices = <class 'numpy.ndarray'>
689.0602 	DATA 	Keypress: 4
689.0767 	EXP 	unnamed ShapeStim: vertices = <class 'numpy.ndarray'>
692.9796 	DATA 	Keypress: 4
692.9961 	EXP 	unnamed ShapeStim: vertices = <class 'numpy.ndarray'>
695.2810 	EXP 	Sound  started
695.4431 	DATA 	Keypress: rctrl
696.0308 	EXP 	Sound  started
696.1949 	DATA 	Keypress: lctrl
696.7809 	EXP 	Sound  started
696.8189 	DATA 	Keypress: rctrl
697.5309 	EXP 	Sound  started
697.5869 	DATA 	Keypress: rctrl
698.2809 	EXP 	Sound  started
698.3709 	DATA 	Keypress: lctrl
699.0309 	EXP 	Sound  started
699.0590 	DATA 	Keypress: lctrl
699.7809 	EXP 	Sound  started
699.7949 	DATA 	Keypress: rctrl
700.5309 	EXP 	Sound  started
700.5629 	DATA 	Keypress: rctrl
701.2809 	EXP 	Sound  started
701.3149 	DATA 	Keypress: lctrl
702.0310 	EXP 	Sound  started
702.0829 	DATA 	Keypress: lctrl
702.7810 	EXP 	Sound  started
702.8510 	DATA 	Keypress: rctrl
703.5310 	EXP 	Sound  started
703.5710 	DATA 	Keypress: lctrl
704.2810 	EXP 	Sound  started
704.2909 	DATA 	Keypress: rctrl
704.9949 	DATA 	Keypress: lctrl
705.0310 	EXP 	Sound  started
705.7629 	DATA 	Keypress: rctrl
705.7810 	EXP 	Sound  started
706.5310 	DATA 	Keypress: lctrl
706.5312 	EXP 	Sound  started
707.2812 	EXP 	Sound  started
707.2990 	DATA 	Keypress: lctrl
708.0313 	EXP 	Sound  started
708.0671 	DATA 	Keypress: rctrl
708.7813 	EXP 	Sound  started
708.8191 	DATA 	Keypress: lctrl
709.5069 	DATA 	Keypress: rctrl
709.5313 	EXP 	Sound  started
710.2813 	EXP 	Sound  started
710.3069 	DATA 	Keypress: rctrl
711.0313 	EXP 	Sound  started
711.0589 	DATA 	Keypress: rctrl
711.7813 	EXP 	Sound  started
711.7949 	DATA 	Keypress: rctrl
712.5313 	EXP 	Sound  started
712.5469 	DATA 	Keypress: lctrl
713.2509 	DATA 	Keypress: rctrl
713.2814 	EXP 	Sound  started
713.9549 	DATA 	Keypress: rctrl
714.0314 	EXP 	Sound  started
714.7814 	EXP 	Sound  started
714.8510 	DATA 	Keypress: lctrl
715.5314 	EXP 	Sound  started
715.5549 	DATA 	Keypress: lctrl
716.2814 	EXP 	Sound  started
716.2910 	DATA 	Keypress: rctrl
717.0314 	EXP 	Sound  started
717.1389 	DATA 	Keypress: lctrl
717.7814 	EXP 	Sound  started
717.8429 	DATA 	Keypress: rctrl
718.5315 	EXP 	Sound  started
718.5630 	DATA 	Keypress: rctrl
719.2669 	DATA 	Keypress: rctrl
719.2815 	EXP 	Sound  started
720.0315 	EXP 	Sound  started
720.0989 	DATA 	Keypress: lctrl
720.7815 	EXP 	Sound  started
720.8510 	DATA 	Keypress: rctrl
721.5315 	EXP 	Sound  started
721.5869 	DATA 	Keypress: lctrl
722.2815 	EXP 	Sound  started
722.3389 	DATA 	Keypress: lctrl
723.0316 	EXP 	Sound  started
723.0749 	DATA 	Keypress: rctrl
723.7629 	DATA 	Keypress: lctrl
723.7816 	EXP 	Sound  started
724.5316 	EXP 	Sound  started
724.5470 	DATA 	Keypress: rctrl
725.2669 	DATA 	Keypress: rctrl
725.2816 	EXP 	Sound  started
726.0316 	EXP 	Sound  started
726.0669 	DATA 	Keypress: lctrl
726.7816 	EXP 	Sound  started
726.8510 	DATA 	Keypress: lctrl
727.5316 	EXP 	Sound  started
727.5709 	DATA 	Keypress: rctrl
728.2816 	EXP 	Sound  started
728.3229 	DATA 	Keypress: lctrl
728.9789 	DATA 	Keypress: rctrl
729.0317 	EXP 	Sound  started
729.7817 	EXP 	Sound  started
729.8109 	DATA 	Keypress: lctrl
730.5309 	DATA 	Keypress: rctrl
730.5317 	EXP 	Sound  started
731.2817 	EXP 	Sound  started
731.3309 	DATA 	Keypress: lctrl
732.0317 	EXP 	Sound  started
732.0829 	DATA 	Keypress: rctrl
732.7817 	EXP 	Sound  started
732.8349 	DATA 	Keypress: rctrl
733.5317 	EXP 	Sound  started
733.5709 	DATA 	Keypress: rctrl
734.2818 	EXP 	Sound  started
734.2909 	DATA 	Keypress: lctrl
735.0109 	DATA 	Keypress: rctrl
735.0318 	EXP 	Sound  started
735.7818 	EXP 	Sound  started
735.7949 	DATA 	Keypress: lctrl
736.5318 	EXP 	Sound  started
736.5789 	DATA 	Keypress: lctrl
737.2818 	EXP 	Sound  started
737.3469 	DATA 	Keypress: rctrl
738.0318 	EXP 	Sound  started
738.0510 	DATA 	Keypress: lctrl
738.7818 	EXP 	Sound  started
738.7869 	DATA 	Keypress: rctrl
739.5319 	EXP 	Sound  started
739.5708 	DATA 	Keypress: rctrl
740.2819 	EXP 	Sound  started
740.3069 	DATA 	Keypress: rctrl
741.0319 	EXP 	Sound  started
741.0589 	DATA 	Keypress: lctrl
741.7819 	EXP 	Sound  started
741.8109 	DATA 	Keypress: lctrl
742.5310 	DATA 	Keypress: rctrl
742.5319 	EXP 	Sound  started
743.2819 	EXP 	Sound  started
743.3309 	DATA 	Keypress: lctrl
744.0319 	EXP 	Sound  started
744.0829 	DATA 	Keypress: rctrl
744.7820 	EXP 	Sound  started
744.8190 	DATA 	Keypress: rctrl
745.5320 	EXP 	Sound  started
745.5389 	DATA 	Keypress: rctrl
746.2820 	EXP 	Sound  started
746.3389 	DATA 	Keypress: lctrl
747.0320 	EXP 	Sound  started
747.0429 	DATA 	Keypress: lctrl
747.7820 	EXP 	Sound  started
747.7949 	DATA 	Keypress: rctrl
748.5320 	EXP 	Sound  started
748.5469 	DATA 	Keypress: lctrl
749.2820 	EXP 	Sound  started
749.2989 	DATA 	Keypress: rctrl
750.0320 	EXP 	Sound  started
750.0670 	DATA 	Keypress: rctrl
750.8274 	DATA 	Keypress: rctrl
752.2114 	DATA 	Keypress: 2
752.2279 	EXP 	unnamed ShapeStim: vertices = <class 'numpy.ndarray'>
757.4157 	DATA 	Keypress: 3
757.4322 	EXP 	unnamed ShapeStim: vertices = <class 'numpy.ndarray'>
760.1184 	DATA 	Keypress: 1
760.1344 	EXP 	unnamed ShapeStim: vertices = <class 'numpy.ndarray'>
762.4191 	EXP 	Sound  started
762.5310 	DATA 	Keypress: rctrl
763.1690 	EXP 	Sound  started
763.2348 	DATA 	Keypress: lctrl
763.9190 	EXP 	Sound  started
763.9229 	DATA 	Keypress: rctrl
764.6690 	EXP 	Sound  started
764.6749 	DATA 	Keypress: rctrl
765.4190 	EXP 	Sound  started
765.4589 	DATA 	Keypress: lctrl
766.1690 	EXP 	Sound  started
766.2589 	DATA 	Keypress: lctrl
766.9190 	EXP 	Sound  started
766.9948 	DATA 	Keypress: rctrl
767.6690 	EXP 	Sound  started
767.7149 	DATA 	Keypress: rctrl
768.4191 	EXP 	Sound  started
768.5309 	DATA 	Keypress: lctrl
769.1691 	EXP 	Sound  started
769.2349 	DATA 	Keypress: rctrl
769.9069 	DATA 	Keypress: lctrl
769.9191 	EXP 	Sound  started
770.6691 	EXP 	Sound  started
770.7069 	DATA 	Keypress: lctrl
771.4191 	EXP 	Sound  started
771.4749 	DATA 	Keypress: lctrl
772.1691 	EXP 	Sound  started
772.1949 	DATA 	Keypress: rctrl
772.8989 	DATA 	Keypress: lctrl
772.9191 	EXP 	Sound  started
773.6692 	EXP 	Sound  started
773.7148 	DATA 	Keypress: rctrl
774.4188 	DATA 	Keypress: rctrl
774.4192 	EXP 	Sound  started
775.1692 	EXP 	Sound  started
775.2189 	DATA 	Keypress: lctrl
775.9192 	EXP 	Sound  started
775.9389 	DATA 	Keypress: rctrl
776.6692 	EXP 	Sound  started
776.6749 	DATA 	Keypress: lctrl
777.4192 	EXP 	Sound  started
777.4428 	DATA 	Keypress: rctrl
778.1628 	DATA 	Keypress: rctrl
778.1692 	EXP 	Sound  started
778.9193 	EXP 	Sound  started
778.9629 	DATA 	Keypress: rctrl
779.6693 	EXP 	Sound  started
779.7149 	DATA 	Keypress: lctrl
780.4193 	EXP 	Sound  started
780.4668 	DATA 	Keypress: rctrl
781.1693 	EXP 	Sound  started
781.1869 	DATA 	Keypress: lctrl
781.9193 	EXP 	Sound  started
781.9548 	DATA 	Keypress: rctrl
782.6588 	DATA 	Keypress: rctrl
782.6693 	EXP 	Sound  started
783.4193 	EXP 	Sound  started
783.5068 	DATA 	Keypress: rctrl
784.1694 	EXP 	Sound  started
784.2429 	DATA 	Keypress: lctrl
784.9194 	EXP 	Sound  started
784.9949 	DATA 	Keypress: rctrl
785.6694 	EXP 	Sound  started
785.7148 	DATA 	Keypress: lctrl
786.4028 	DATA 	Keypress: rctrl
786.4194 	EXP 	Sound  started
787.1694 	EXP 	Sound  started
787.1708 	DATA 	Keypress: rctrl
787.9194 	EXP 	Sound  started
787.9229 	DATA 	Keypress: rctrl
788.6695 	EXP 	Sound  started
788.6909 	DATA 	Keypress: lctrl
789.4195 	EXP 	Sound  started
789.4588 	DATA 	Keypress: rctrl
790.1695 	EXP 	Sound  started
790.2110 	DATA 	Keypress: lctrl
790.9195 	EXP 	Sound  started
790.9629 	DATA 	Keypress: lctrl
791.6695 	EXP 	Sound  started
791.7309 	DATA 	Keypress: rctrl
792.4195 	EXP 	Sound  started
792.4349 	DATA 	Keypress: lctrl
793.1695 	EXP 	Sound  started
793.1708 	DATA 	Keypress: rctrl
793.9195 	EXP 	Sound  started
793.9708 	DATA 	Keypress: rctrl
794.6696 	EXP 	Sound  started
794.6910 	DATA 	Keypress: lctrl
795.4196 	EXP 	Sound  started
795.4270 	DATA 	Keypress: rctrl
796.1628 	DATA 	Keypress: lctrl
796.1696 	EXP 	Sound  started
796.9196 	EXP 	Sound  started
796.9629 	DATA 	Keypress: lctrl
797.6668 	DATA 	Keypress: lctrl
797.6696 	EXP 	Sound  started
798.4196 	EXP 	Sound  started
798.4350 	DATA 	Keypress: rctrl
799.1696 	EXP 	Sound  started
799.2189 	DATA 	Keypress: lctrl
799.9197 	EXP 	Sound  started
799.9388 	DATA 	Keypress: rctrl
800.6697 	EXP 	Sound  started
800.7228 	DATA 	Keypress: rctrl
801.4197 	EXP 	Sound  started
801.4588 	DATA 	Keypress: lctrl
802.1697 	EXP 	Sound  started
802.1949 	DATA 	Keypress: rctrl
802.8669 	DATA 	Keypress: lctrl
802.9197 	EXP 	Sound  started
803.6697 	EXP 	Sound  started
803.6989 	DATA 	Keypress: rctrl
804.4198 	EXP 	Sound  started
804.4669 	DATA 	Keypress: rctrl
805.1698 	EXP 	Sound  started
805.2508 	DATA 	Keypress: lctrl
805.9198 	EXP 	Sound  started
805.9870 	DATA 	Keypress: rctrl
806.6698 	EXP 	Sound  started
806.6750 	DATA 	Keypress: lctrl
807.4198 	EXP 	Sound  started
807.4749 	DATA 	Keypress: lctrl
808.1698 	EXP 	Sound  started
808.1949 	DATA 	Keypress: rctrl
808.9198 	EXP 	Sound  started
808.9468 	DATA 	Keypress: lctrl
809.6698 	EXP 	Sound  started
809.6828 	DATA 	Keypress: rctrl
810.4199 	EXP 	Sound  started
810.4348 	DATA 	Keypress: lctrl
811.1699 	EXP 	Sound  started
811.2030 	DATA 	Keypress: rctrl
811.9199 	EXP 	Sound  started
811.9228 	DATA 	Keypress: lctrl
812.6699 	EXP 	Sound  started
812.6750 	DATA 	Keypress: rctrl
813.4199 	EXP 	Sound  started
813.4428 	DATA 	Keypress: rctrl
814.1699 	EXP 	Sound  started
814.2109 	DATA 	Keypress: rctrl
814.9199 	EXP 	Sound  started
814.9310 	DATA 	Keypress: lctrl
815.6668 	DATA 	Keypress: lctrl
815.6700 	EXP 	Sound  started
816.3869 	DATA 	Keypress: rctrl
816.4200 	EXP 	Sound  started
817.1700 	EXP 	Sound  started
817.2189 	DATA 	Keypress: rctrl
817.9200 	EXP 	Sound  started
817.9548 	DATA 	Keypress: rctrl
818.6700 	EXP 	Sound  started
818.7228 	DATA 	Keypress: lctrl
819.4200 	EXP 	Sound  started
819.4268 	DATA 	Keypress: rctrl
820.1700 	EXP 	Sound  started
820.1788 	DATA 	Keypress: rctrl
820.8828 	DATA 	Keypress: rctrl
820.9201 	EXP 	Sound  started
821.6701 	EXP 	Sound  started
821.7468 	DATA 	Keypress: rctrl
822.4201 	EXP 	Sound  started
822.4988 	DATA 	Keypress: lctrl
823.1701 	EXP 	Sound  started
823.2029 	DATA 	Keypress: lctrl
823.9201 	EXP 	Sound  started
823.9869 	DATA 	Keypress: lctrl
824.6589 	DATA 	Keypress: rctrl
824.6701 	EXP 	Sound  started
825.4201 	EXP 	Sound  started
825.4749 	DATA 	Keypress: lctrl
826.1702 	EXP 	Sound  started
826.1948 	DATA 	Keypress: rctrl
826.8988 	DATA 	Keypress: lctrl
826.9202 	EXP 	Sound  started
827.6940 	DATA 	Keypress: rctrl
829.2412 	DATA 	Keypress: 4
829.2577 	EXP 	unnamed ShapeStim: vertices = <class 'numpy.ndarray'>
831.8437 	DATA 	Keypress: 4
831.8603 	EXP 	unnamed ShapeStim: vertices = <class 'numpy.ndarray'>
833.7157 	DATA 	Keypress: 4
833.7451 	EXP 	unnamed ShapeStim: vertices = <class 'numpy.ndarray'>
836.0303 	EXP 	Sound  started
836.1469 	DATA 	Keypress: rctrl
836.7801 	EXP 	Sound  started
836.8669 	DATA 	Keypress: lctrl
837.5302 	EXP 	Sound  started
837.5708 	DATA 	Keypress: rctrl
838.2802 	EXP 	Sound  started
838.2908 	DATA 	Keypress: lctrl
839.0302 	EXP 	Sound  started
839.0428 	DATA 	Keypress: rctrl
839.7802 	EXP 	Sound  started
839.8108 	DATA 	Keypress: lctrl
840.5302 	EXP 	Sound  started
840.5789 	DATA 	Keypress: rctrl
841.2802 	EXP 	Sound  started
841.3308 	DATA 	Keypress: rctrl
842.0302 	EXP 	Sound  started
842.0509 	DATA 	Keypress: rctrl
842.7803 	EXP 	Sound  started
842.8029 	DATA 	Keypress: lctrl
843.5303 	EXP 	Sound  started
843.5868 	DATA 	Keypress: lctrl
844.2803 	EXP 	Sound  started
844.3388 	DATA 	Keypress: lctrl
845.0303 	EXP 	Sound  started
845.0748 	DATA 	Keypress: lctrl
845.7628 	DATA 	Keypress: rctrl
845.7803 	EXP 	Sound  started
846.5303 	EXP 	Sound  started
846.5628 	DATA 	Keypress: lctrl
847.2803 	EXP 	Sound  started
847.2988 	DATA 	Keypress: rctrl
848.0303 	EXP 	Sound  started
848.0828 	DATA 	Keypress: rctrl
848.7804 	EXP 	Sound  started
848.8509 	DATA 	Keypress: lctrl
849.5228 	DATA 	Keypress: rctrl
849.5304 	EXP 	Sound  started
850.2804 	EXP 	Sound  started
850.3069 	DATA 	Keypress: lctrl
851.0110 	DATA 	Keypress: lctrl
851.0304 	EXP 	Sound  started
851.7629 	DATA 	Keypress: rctrl
851.7804 	EXP 	Sound  started
852.5304 	EXP 	Sound  started
852.5468 	DATA 	Keypress: rctrl
853.2804 	EXP 	Sound  started
853.2828 	DATA 	Keypress: rctrl
854.0305 	EXP 	Sound  started
854.0348 	DATA 	Keypress: rctrl
854.7388 	DATA 	Keypress: lctrl
854.7805 	EXP 	Sound  started
855.5305 	EXP 	Sound  started
855.5388 	DATA 	Keypress: lctrl
856.2805 	EXP 	Sound  started
856.2908 	DATA 	Keypress: rctrl
857.0305 	EXP 	Sound  started
857.0911 	DATA 	Keypress: rctrl
857.7805 	EXP 	Sound  started
857.7949 	DATA 	Keypress: rctrl
858.5306 	EXP 	Sound  started
858.5469 	DATA 	Keypress: lctrl
859.2509 	DATA 	Keypress: rctrl
859.2806 	EXP 	Sound  started
860.0306 	EXP 	Sound  started
860.1308 	DATA 	Keypress: lctrl
860.7806 	EXP 	Sound  started
860.7868 	DATA 	Keypress: rctrl
861.5306 	EXP 	Sound  started
861.5708 	DATA 	Keypress: lctrl
862.2429 	DATA 	Keypress: rctrl
862.2806 	EXP 	Sound  started
863.0269 	DATA 	Keypress: rctrl
863.0306 	EXP 	Sound  started
863.7806 	EXP 	Sound  started
863.8108 	DATA 	Keypress: rctrl
864.5307 	EXP 	Sound  started
864.5308 	DATA 	Keypress: lctrl
865.2807 	EXP 	Sound  started
865.2988 	DATA 	Keypress: lctrl
866.0188 	DATA 	Keypress: rctrl
866.0307 	EXP 	Sound  started
866.7807 	EXP 	Sound  started
866.7868 	DATA 	Keypress: lctrl
867.4910 	DATA 	Keypress: lctrl
867.5307 	EXP 	Sound  started
868.2807 	EXP 	Sound  started
868.3230 	DATA 	Keypress: lctrl
869.0307 	EXP 	Sound  started
869.0748 	DATA 	Keypress: lctrl
869.7807 	EXP 	Sound  started
869.7948 	DATA 	Keypress: rctrl
870.5308 	EXP 	Sound  started
870.5628 	DATA 	Keypress: rctrl
871.2808 	EXP 	Sound  started
871.3148 	DATA 	Keypress: rctrl
872.0308 	EXP 	Sound  started
872.0668 	DATA 	Keypress: rctrl
872.7808 	EXP 	Sound  started
872.8188 	DATA 	Keypress: rctrl
873.5308 	EXP 	Sound  started
873.5548 	DATA 	Keypress: rctrl
874.2428 	DATA 	Keypress: lctrl
874.2808 	EXP 	Sound  started
875.0308 	EXP 	Sound  started
875.0428 	DATA 	Keypress: rctrl
875.7809 	EXP 	Sound  started
875.7948 	DATA 	Keypress: rctrl
876.5309 	EXP 	Sound  started
876.6109 	DATA 	Keypress: lctrl
877.2809 	EXP 	Sound  started
877.2828 	DATA 	Keypress: lctrl
878.0309 	EXP 	Sound  started
878.0508 	DATA 	Keypress: rctrl
878.7069 	DATA 	Keypress: lctrl
878.7809 	EXP 	Sound  started
879.5309 	EXP 	Sound  started
879.5708 	DATA 	Keypress: lctrl
880.2809 	EXP 	Sound  started
880.3068 	DATA 	Keypress: lctrl
880.9789 	DATA 	Keypress: rctrl
881.0309 	EXP 	Sound  started
881.7788 	DATA 	Keypress: lctrl
881.7809 	EXP 	Sound  started
882.5308 	DATA 	Keypress: rctrl
882.5310 	EXP 	Sound  started
883.2810 	EXP 	Sound  started
883.3628 	DATA 	Keypress: rctrl
884.0310 	EXP 	Sound  started
884.1308 	DATA 	Keypress: lctrl
884.7810 	EXP 	Sound  started
884.8668 	DATA 	Keypress: lctrl
885.5310 	EXP 	Sound  started
885.6028 	DATA 	Keypress: rctrl
886.2810 	EXP 	Sound  started
886.3549 	DATA 	Keypress: lctrl
887.0268 	DATA 	Keypress: lctrl
887.0311 	EXP 	Sound  started
887.7148 	DATA 	Keypress: lctrl
887.7811 	EXP 	Sound  started
888.5311 	EXP 	Sound  started
888.5468 	DATA 	Keypress: rctrl
889.2811 	EXP 	Sound  started
889.3148 	DATA 	Keypress: rctrl
890.0311 	EXP 	Sound  started
890.0348 	DATA 	Keypress: rctrl
890.7811 	EXP 	Sound  started
890.8828 	DATA 	Keypress: rctrl
891.5228 	DATA 	Keypress: lctrl
891.5311 	EXP 	Sound  started
892.2812 	EXP 	Sound  started
892.3228 	DATA 	Keypress: lctrl
893.0312 	EXP 	Sound  started
893.0748 	DATA 	Keypress: rctrl
893.7812 	EXP 	Sound  started
893.7948 	DATA 	Keypress: lctrl
894.5312 	EXP 	Sound  started
894.5629 	DATA 	Keypress: rctrl
895.2668 	DATA 	Keypress: rctrl
896.6802 	DATA 	Keypress: 3
896.6962 	EXP 	unnamed ShapeStim: vertices = <class 'numpy.ndarray'>
898.8190 	DATA 	Keypress: 4
898.8484 	EXP 	unnamed ShapeStim: vertices = <class 'numpy.ndarray'>
901.5878 	DATA 	Keypress: 3
901.6174 	EXP 	unnamed ShapeStim: vertices = <class 'numpy.ndarray'>
987.0589 	DATA 	Keypress: escape
987.1420 	EXP 	window1: mouseVisible = True
