15.7443 	WARNING 	User requested fullscreen with size [1024  768], but screen is actually [1920, 1200]. Using actual size
16.5670 	EXP 	Created window1 = Window(allowGUI=False, allowStencil=False, autoLog=True, backendConf=UNKNOWN, bitsMode=UNKNOWN, blendMode='avg', bpc=(8, 8, 8), color=array([0, 0, 0]), colorSpace='rgb', depthBits=8, fullscr=<method-wrapper '__getattribute__' of attributeSetter object at 0x00000170559A7940>, gamma=None, gammaErrorPolicy='raise', lms=UNKNOWN, monitor=<psychopy.monitors.calibTools.Monitor object at 0x00000170570E4240>, multiSample=False, name='window1', numSamples=2, pos=[0.0, 0.0], screen=0, size=array([1920, 1200]), stencilBits=0, stereo=False, units='norm', useFBO=True, useRetina=False, viewOri=0.0, viewPos=None, viewScale=None, waitBlanking=True, winType='pyglet')
16.5674 	EXP 	window1: mouseVisible = True
16.5674 	EXP 	window1: mouseVisible = False
16.5674 	EXP 	window1: recordFrameIntervals = False
16.7335 	EXP 	window1: recordFrameIntervals = True
16.9171 	EXP 	window1: recordFrameIntervals = False
16.9712 	EXP 	Created text = TextStim(__class__=<class 'psychopy.visual.text.TextStim'>, alignHoriz=method-wrapper(...), alignText='center', alignVert=method-wrapper(...), anchorHoriz='center', anchorVert='center', antialias=True, autoLog=True, bold=False, color=array([1., 1., 1.]), colorSpace='rgb', contrast=1.0, depth=0.0, flipHoriz=False, flipVert=False, font='Arial', fontFiles=[], height=0.15, italic=False, languageStyle='LTR', name='text', opacity=1, ori=0, pos=array([0., 0.]), rgb=UNKNOWN, text='+', units='norm', win=Window(...), wrapWidth=1)
16.9922 	EXP 	Created text = TextStim(__class__=<class 'psychopy.visual.text.TextStim'>, alignHoriz=method-wrapper(...), alignText='center', alignVert=method-wrapper(...), anchorHoriz='center', anchorVert='center', antialias=True, autoLog=True, bold=False, color=array([1., 1., 1.]), colorSpace='rgb', contrast=1.0, depth=0.0, flipHoriz=False, flipVert=False, font='Arial', fontFiles=[], height=0.07, italic=False, languageStyle='LTR', name='text', opacity=1, ori=0, pos=array([0., 0.]), rgb=UNKNOWN, text=str(...), units='norm', win=Window(...), wrapWidth=1.65)
17.0014 	EXP 	Created text = TextStim(__class__=<class 'psychopy.visual.text.TextStim'>, alignHoriz=method-wrapper(...), alignText='center', alignVert=method-wrapper(...), anchorHoriz='center', anchorVert='center', antialias=True, autoLog=True, bold=False, color=array([1., 1., 1.]), colorSpace='rgb', contrast=1.0, depth=0.0, flipHoriz=False, flipVert=False, font='Arial', fontFiles=[], height=0.07, italic=False, languageStyle='LTR', name='text', opacity=1, ori=0, pos=array([0., 0.]), rgb=UNKNOWN, text=str(...), units='norm', win=Window(...), wrapWidth=1.65)
17.0103 	EXP 	Created text = TextStim(__class__=<class 'psychopy.visual.text.TextStim'>, alignHoriz=method-wrapper(...), alignText='center', alignVert=method-wrapper(...), anchorHoriz='center', anchorVert='center', antialias=True, autoLog=True, bold=False, color=array([1., 1., 1.]), colorSpace='rgb', contrast=1.0, depth=0.0, flipHoriz=False, flipVert=False, font='Arial', fontFiles=[], height=0.07, italic=False, languageStyle='LTR', name='text', opacity=1, ori=0, pos=array([0., 0.]), rgb=UNKNOWN, text=str(...), units='norm', win=Window(...), wrapWidth=1.65)
17.0193 	EXP 	Created text = TextStim(__class__=<class 'psychopy.visual.text.TextStim'>, alignHoriz=method-wrapper(...), alignText='center', alignVert=method-wrapper(...), anchorHoriz='center', anchorVert='center', antialias=True, autoLog=True, bold=False, color=array([1., 1., 1.]), colorSpace='rgb', contrast=1.0, depth=0.0, flipHoriz=False, flipVert=False, font='Arial', fontFiles=[], height=0.07, italic=False, languageStyle='LTR', name='text', opacity=1, ori=0, pos=array([0., 0.]), rgb=UNKNOWN, text=str(...), units='norm', win=Window(...), wrapWidth=1.65)
17.0248 	EXP 	Created text = TextStim(__class__=<class 'psychopy.visual.text.TextStim'>, alignHoriz=method-wrapper(...), alignText='center', alignVert=method-wrapper(...), anchorHoriz='center', anchorVert='center', antialias=True, autoLog=True, bold=False, color=array([1., 1., 1.]), colorSpace='rgb', contrast=1.0, depth=0.0, flipHoriz=False, flipVert=False, font='Arial', fontFiles=[], height=0.07, italic=False, languageStyle='LTR', name='text', opacity=1, ori=0, pos=array([0., 0.]), rgb=UNKNOWN, text=str(...), units='norm', win=Window(...), wrapWidth=1.65)
17.0378 	EXP 	Created text = TextStim(__class__=<class 'psychopy.visual.text.TextStim'>, alignHoriz=method-wrapper(...), alignText='center', alignVert=method-wrapper(...), anchorHoriz='center', anchorVert='center', antialias=True, autoLog=True, bold=False, color=array([1., 1., 1.]), colorSpace='rgb', contrast=1.0, depth=0.0, flipHoriz=False, flipVert=False, font='Arial', fontFiles=[], height=0.15, italic=False, languageStyle='LTR', name='text', opacity=1, ori=0, pos=array([0., 0.]), rgb=UNKNOWN, text=str(...), units='norm', win=Window(...), wrapWidth=1.65)
17.0669 	EXP 	Created text = TextStim(__class__=<class 'psychopy.visual.text.TextStim'>, alignHoriz=method-wrapper(...), alignText='center', alignVert=method-wrapper(...), anchorHoriz='center', anchorVert='center', antialias=True, autoLog=True, bold=False, color=array([1., 1., 1.]), colorSpace='rgb', contrast=1.0, depth=0.0, flipHoriz=False, flipVert=False, font='Arial', fontFiles=[], height=0.07, italic=False, languageStyle='LTR', name='text', opacity=1, ori=0, pos=array([0., 0.]), rgb=UNKNOWN, text=str(...), units='norm', win=Window(...), wrapWidth=1.65)
17.0875 	EXP 	Created text = TextStim(__class__=<class 'psychopy.visual.text.TextStim'>, alignHoriz=method-wrapper(...), alignText='center', alignVert=method-wrapper(...), anchorHoriz='center', anchorVert='center', antialias=True, autoLog=True, bold=False, color=array([1., 1., 1.]), colorSpace='rgb', contrast=1.0, depth=0.0, flipHoriz=False, flipVert=False, font='Arial', fontFiles=[], height=0.07, italic=False, languageStyle='LTR', name='text', opacity=1, ori=0, pos=array([0., 0.]), rgb=UNKNOWN, text=str(...), units='norm', win=Window(...), wrapWidth=1.65)
17.1171 	EXP 	Created text = TextStim(__class__=<class 'psychopy.visual.text.TextStim'>, alignHoriz=method-wrapper(...), alignText='center', alignVert=method-wrapper(...), anchorHoriz='center', anchorVert='center', antialias=True, autoLog=True, bold=False, color=array([1., 1., 1.]), colorSpace='rgb', contrast=1.0, depth=0.0, flipHoriz=False, flipVert=False, font='Arial', fontFiles=[], height=0.07, italic=False, languageStyle='LTR', name='text', opacity=1, ori=0, pos=array([0., 0.]), rgb=UNKNOWN, text=str(...), units='norm', win=Window(...), wrapWidth=1.65)
17.1404 	EXP 	Created text = TextStim(__class__=<class 'psychopy.visual.text.TextStim'>, alignHoriz=method-wrapper(...), alignText='center', alignVert=method-wrapper(...), anchorHoriz='center', anchorVert='center', antialias=True, autoLog=True, bold=False, color=array([1., 1., 1.]), colorSpace='rgb', contrast=1.0, depth=0.0, flipHoriz=False, flipVert=False, font='Arial', fontFiles=[], height=0.07, italic=False, languageStyle='LTR', name='text', opacity=1, ori=0, pos=array([0., 0.]), rgb=UNKNOWN, text=str(...), units='norm', win=Window(...), wrapWidth=1.65)
17.1691 	EXP 	Created text = TextStim(__class__=<class 'psychopy.visual.text.TextStim'>, alignHoriz=method-wrapper(...), alignText='center', alignVert=method-wrapper(...), anchorHoriz='center', anchorVert='center', antialias=True, autoLog=True, bold=False, color=array([1., 1., 1.]), colorSpace='rgb', contrast=1.0, depth=0.0, flipHoriz=False, flipVert=False, font='Arial', fontFiles=[], height=0.07, italic=False, languageStyle='LTR', name='text', opacity=1, ori=0, pos=array([0., 0.]), rgb=UNKNOWN, text=str(...), units='norm', win=Window(...), wrapWidth=1.65)
17.1793 	EXP 	Created text = TextStim(__class__=<class 'psychopy.visual.text.TextStim'>, alignHoriz=method-wrapper(...), alignText='center', alignVert=method-wrapper(...), anchorHoriz='center', anchorVert='center', antialias=True, autoLog=True, bold=False, color=array([1., 1., 1.]), colorSpace='rgb', contrast=1.0, depth=0.0, flipHoriz=False, flipVert=False, font='Arial', fontFiles=[], height=0.07, italic=False, languageStyle='LTR', name='text', opacity=1, ori=0, pos=array([0., 0.]), rgb=UNKNOWN, text=str(...), units='norm', win=Window(...), wrapWidth=1.65)
17.1914 	EXP 	Created text = TextStim(__class__=<class 'psychopy.visual.text.TextStim'>, alignHoriz=method-wrapper(...), alignText='center', alignVert=method-wrapper(...), anchorHoriz='center', anchorVert='center', antialias=True, autoLog=True, bold=False, color=array([1., 1., 1.]), colorSpace='rgb', contrast=1.0, depth=0.0, flipHoriz=False, flipVert=False, font='Arial', fontFiles=[], height=0.07, italic=False, languageStyle='LTR', name='text', opacity=1, ori=0, pos=array([0., 0.]), rgb=UNKNOWN, text=str(...), units='norm', win=Window(...), wrapWidth=1.65)
17.1958 	EXP 	Created instru = TextStim(__class__=<class 'psychopy.visual.text.TextStim'>, alignHoriz=method-wrapper(...), alignText='center', alignVert=method-wrapper(...), anchorHoriz='center', anchorVert='center', antialias=True, autoLog=True, bold=False, color=array([1., 1., 1.]), colorSpace='rgb', contrast=1.0, depth=0.0, flipHoriz=False, flipVert=False, font='Arial', fontFiles=[], height=0.07, italic=False, languageStyle='LTR', name='instru', opacity=1, ori=0, pos=array([0. , 0.5]), rgb=UNKNOWN, text=str(...), units='norm', win=Window(...), wrapWidth=1)
17.1982 	EXP 	Created unnamed Line = Line(__class__=<class 'psychopy.visual.line.Line'>, autoDraw=False, autoLog=True, closeShape=False, color=array([1., 1., 1.]), colorSpace='rgb', contrast=None, depth=0, fillColor=array([0, 0, 0]), fillColorSpace='rgb', fillRGB=array([0, 0, 0]), interpolate=True, lineColor=array([1., 1., 1.]), lineColorSpace='rgb', lineRGB=array([1, 1, 1]), lineWidth=5, name='unnamed Line', opacity=0.5, ori=0.0, pos=array([0., 0.]), size=array([1., 1.]), units='norm', vertices=array([[-0.5,  0. ],
       [ 0.5,  0. ]]), win=Window(...), windingRule=None)
17.2002 	EXP 	Created unnamed Line = Line(__class__=<class 'psychopy.visual.line.Line'>, autoDraw=False, autoLog=True, closeShape=False, color=array([1., 1., 1.]), colorSpace='rgb', contrast=None, depth=0, fillColor=array([0, 0, 0]), fillColorSpace='rgb', fillRGB=array([0, 0, 0]), interpolate=True, lineColor=array([1., 1., 1.]), lineColorSpace='rgb', lineRGB=array([1, 1, 1]), lineWidth=3, name='unnamed Line', opacity=0.5, ori=0.0, pos=array([0., 0.]), size=array([1., 1.]), units='norm', vertices=array([[-0.5 , -0.05],
       [-0.5 ,  0.05]]), win=Window(...), windingRule=None)
17.2022 	EXP 	Created unnamed Line = Line(__class__=<class 'psychopy.visual.line.Line'>, autoDraw=False, autoLog=True, closeShape=False, color=array([1., 1., 1.]), colorSpace='rgb', contrast=None, depth=0, fillColor=array([0, 0, 0]), fillColorSpace='rgb', fillRGB=array([0, 0, 0]), interpolate=True, lineColor=array([1., 1., 1.]), lineColorSpace='rgb', lineRGB=array([1, 1, 1]), lineWidth=3, name='unnamed Line', opacity=0.5, ori=0.0, pos=array([0., 0.]), size=array([1., 1.]), units='norm', vertices=ndarray(...), win=Window(...), windingRule=None)
17.2042 	EXP 	Created unnamed Line = Line(__class__=<class 'psychopy.visual.line.Line'>, autoDraw=False, autoLog=True, closeShape=False, color=array([1., 1., 1.]), colorSpace='rgb', contrast=None, depth=0, fillColor=array([0, 0, 0]), fillColorSpace='rgb', fillRGB=array([0, 0, 0]), interpolate=True, lineColor=array([1., 1., 1.]), lineColorSpace='rgb', lineRGB=array([1, 1, 1]), lineWidth=3, name='unnamed Line', opacity=0.5, ori=0.0, pos=array([0., 0.]), size=array([1., 1.]), units='norm', vertices=ndarray(...), win=Window(...), windingRule=None)
17.2061 	EXP 	Created unnamed Line = Line(__class__=<class 'psychopy.visual.line.Line'>, autoDraw=False, autoLog=True, closeShape=False, color=array([1., 1., 1.]), colorSpace='rgb', contrast=None, depth=0, fillColor=array([0, 0, 0]), fillColorSpace='rgb', fillRGB=array([0, 0, 0]), interpolate=True, lineColor=array([1., 1., 1.]), lineColorSpace='rgb', lineRGB=array([1, 1, 1]), lineWidth=3, name='unnamed Line', opacity=0.5, ori=0.0, pos=array([0., 0.]), size=array([1., 1.]), units='norm', vertices=array([[ 0.5 , -0.05],
       [ 0.5 ,  0.05]]), win=Window(...), windingRule=None)
17.2189 	EXP 	Created unnamed TextStim = TextStim(__class__=<class 'psychopy.visual.text.TextStim'>, alignHoriz=method-wrapper(...), alignText='center', alignVert=method-wrapper(...), anchorHoriz='center', anchorVert='center', antialias=True, autoLog=True, bold=False, color=array([1., 1., 1.]), colorSpace='rgb', contrast=1.0, depth=0, flipHoriz=False, flipVert=False, font='', fontFiles=[], height=0.05, italic=False, languageStyle='LTR', name='unnamed TextStim', opacity=1.0, ori=0.0, pos=array([-0.5, -0.1]), rgb=UNKNOWN, text='Helt klart \n IKKE FOKUSERT', units='norm', win=Window(...), wrapWidth=1)
17.2199 	EXP 	Created unnamed TextStim = TextStim(__class__=<class 'psychopy.visual.text.TextStim'>, alignHoriz=method-wrapper(...), alignText='center', alignVert=method-wrapper(...), anchorHoriz='center', anchorVert='center', antialias=True, autoLog=True, bold=False, color=array([1., 1., 1.]), colorSpace='rgb', contrast=1.0, depth=0, flipHoriz=False, flipVert=False, font='', fontFiles=[], height=0.05, italic=False, languageStyle='LTR', name='unnamed TextStim', opacity=1.0, ori=0.0, pos=array([-0.16666667, -0.1       ]), rgb=UNKNOWN, text='', units='norm', win=Window(...), wrapWidth=1)
17.2210 	EXP 	Created unnamed TextStim = TextStim(__class__=<class 'psychopy.visual.text.TextStim'>, alignHoriz=method-wrapper(...), alignText='center', alignVert=method-wrapper(...), anchorHoriz='center', anchorVert='center', antialias=True, autoLog=True, bold=False, color=array([1., 1., 1.]), colorSpace='rgb', contrast=1.0, depth=0, flipHoriz=False, flipVert=False, font='', fontFiles=[], height=0.05, italic=False, languageStyle='LTR', name='unnamed TextStim', opacity=1.0, ori=0.0, pos=array([ 0.16666667, -0.1       ]), rgb=UNKNOWN, text='', units='norm', win=Window(...), wrapWidth=1)
17.2244 	EXP 	Created unnamed TextStim = TextStim(__class__=<class 'psychopy.visual.text.TextStim'>, alignHoriz=method-wrapper(...), alignText='center', alignVert=method-wrapper(...), anchorHoriz='center', anchorVert='center', antialias=True, autoLog=True, bold=False, color=array([1., 1., 1.]), colorSpace='rgb', contrast=1.0, depth=0, flipHoriz=False, flipVert=False, font='', fontFiles=[], height=0.05, italic=False, languageStyle='LTR', name='unnamed TextStim', opacity=1.0, ori=0.0, pos=array([ 0.5, -0.1]), rgb=UNKNOWN, text='Helt klart \n FOKUSERT', units='norm', win=Window(...), wrapWidth=1)
17.2264 	EXP 	Created unnamed ShapeStim = ShapeStim(__class__=<class 'psychopy.visual.shape.ShapeStim'>, autoDraw=False, autoLog=True, closeShape=True, color=method-wrapper(...), colorSpace='rgb', contrast=None, depth=0, fillColor=array([1, 1, 1]), fillColorSpace='rgb', fillRGB=array([1, 1, 1]), interpolate=True, lineColor=array([-1., -1., -1.]), lineColorSpace='rgb', lineRGB=array([-1, -1, -1]), lineWidth=1.5, name='unnamed ShapeStim', opacity=1.0, ori=0.0, pos=array([0., 0.]), size=array([1., 1.]), units='norm', vertices=ndarray(...), win=Window(...), windingRule=None)
17.2336 	EXP 	Created instru = TextStim(__class__=<class 'psychopy.visual.text.TextStim'>, alignHoriz=method-wrapper(...), alignText='center', alignVert=method-wrapper(...), anchorHoriz='center', anchorVert='center', antialias=True, autoLog=True, bold=False, color=array([1., 1., 1.]), colorSpace='rgb', contrast=1.0, depth=0.0, flipHoriz=False, flipVert=False, font='Arial', fontFiles=[], height=0.07, italic=False, languageStyle='LTR', name='instru', opacity=1, ori=0, pos=array([0. , 0.5]), rgb=UNKNOWN, text=str(...), units='norm', win=Window(...), wrapWidth=1)
17.2356 	EXP 	Created unnamed Line = Line(__class__=<class 'psychopy.visual.line.Line'>, autoDraw=False, autoLog=True, closeShape=False, color=array([1., 1., 1.]), colorSpace='rgb', contrast=None, depth=0, fillColor=array([0, 0, 0]), fillColorSpace='rgb', fillRGB=array([0, 0, 0]), interpolate=True, lineColor=array([1., 1., 1.]), lineColorSpace='rgb', lineRGB=array([1, 1, 1]), lineWidth=5, name='unnamed Line', opacity=0.5, ori=0.0, pos=array([0., 0.]), size=array([1., 1.]), units='norm', vertices=array([[-0.5,  0. ],
       [ 0.5,  0. ]]), win=Window(...), windingRule=None)
17.2377 	EXP 	Created unnamed Line = Line(__class__=<class 'psychopy.visual.line.Line'>, autoDraw=False, autoLog=True, closeShape=False, color=array([1., 1., 1.]), colorSpace='rgb', contrast=None, depth=0, fillColor=array([0, 0, 0]), fillColorSpace='rgb', fillRGB=array([0, 0, 0]), interpolate=True, lineColor=array([1., 1., 1.]), lineColorSpace='rgb', lineRGB=array([1, 1, 1]), lineWidth=3, name='unnamed Line', opacity=0.5, ori=0.0, pos=array([0., 0.]), size=array([1., 1.]), units='norm', vertices=array([[-0.5 , -0.05],
       [-0.5 ,  0.05]]), win=Window(...), windingRule=None)
17.2396 	EXP 	Created unnamed Line = Line(__class__=<class 'psychopy.visual.line.Line'>, autoDraw=False, autoLog=True, closeShape=False, color=array([1., 1., 1.]), colorSpace='rgb', contrast=None, depth=0, fillColor=array([0, 0, 0]), fillColorSpace='rgb', fillRGB=array([0, 0, 0]), interpolate=True, lineColor=array([1., 1., 1.]), lineColorSpace='rgb', lineRGB=array([1, 1, 1]), lineWidth=3, name='unnamed Line', opacity=0.5, ori=0.0, pos=array([0., 0.]), size=array([1., 1.]), units='norm', vertices=ndarray(...), win=Window(...), windingRule=None)
17.2416 	EXP 	Created unnamed Line = Line(__class__=<class 'psychopy.visual.line.Line'>, autoDraw=False, autoLog=True, closeShape=False, color=array([1., 1., 1.]), colorSpace='rgb', contrast=None, depth=0, fillColor=array([0, 0, 0]), fillColorSpace='rgb', fillRGB=array([0, 0, 0]), interpolate=True, lineColor=array([1., 1., 1.]), lineColorSpace='rgb', lineRGB=array([1, 1, 1]), lineWidth=3, name='unnamed Line', opacity=0.5, ori=0.0, pos=array([0., 0.]), size=array([1., 1.]), units='norm', vertices=ndarray(...), win=Window(...), windingRule=None)
17.2436 	EXP 	Created unnamed Line = Line(__class__=<class 'psychopy.visual.line.Line'>, autoDraw=False, autoLog=True, closeShape=False, color=array([1., 1., 1.]), colorSpace='rgb', contrast=None, depth=0, fillColor=array([0, 0, 0]), fillColorSpace='rgb', fillRGB=array([0, 0, 0]), interpolate=True, lineColor=array([1., 1., 1.]), lineColorSpace='rgb', lineRGB=array([1, 1, 1]), lineWidth=3, name='unnamed Line', opacity=0.5, ori=0.0, pos=array([0., 0.]), size=array([1., 1.]), units='norm', vertices=array([[ 0.5 , -0.05],
       [ 0.5 ,  0.05]]), win=Window(...), windingRule=None)
17.2484 	EXP 	Created unnamed TextStim = TextStim(__class__=<class 'psychopy.visual.text.TextStim'>, alignHoriz=method-wrapper(...), alignText='center', alignVert=method-wrapper(...), anchorHoriz='center', anchorVert='center', antialias=True, autoLog=True, bold=False, color=array([1., 1., 1.]), colorSpace='rgb', contrast=1.0, depth=0, flipHoriz=False, flipVert=False, font='', fontFiles=[], height=0.05, italic=False, languageStyle='LTR', name='unnamed TextStim', opacity=1.0, ori=0.0, pos=array([-0.5, -0.1]), rgb=UNKNOWN, text='Helt klart \n INGENTING', units='norm', win=Window(...), wrapWidth=1)
17.2495 	EXP 	Created unnamed TextStim = TextStim(__class__=<class 'psychopy.visual.text.TextStim'>, alignHoriz=method-wrapper(...), alignText='center', alignVert=method-wrapper(...), anchorHoriz='center', anchorVert='center', antialias=True, autoLog=True, bold=False, color=array([1., 1., 1.]), colorSpace='rgb', contrast=1.0, depth=0, flipHoriz=False, flipVert=False, font='', fontFiles=[], height=0.05, italic=False, languageStyle='LTR', name='unnamed TextStim', opacity=1.0, ori=0.0, pos=array([-0.16666667, -0.1       ]), rgb=UNKNOWN, text='', units='norm', win=Window(...), wrapWidth=1)
17.2505 	EXP 	Created unnamed TextStim = TextStim(__class__=<class 'psychopy.visual.text.TextStim'>, alignHoriz=method-wrapper(...), alignText='center', alignVert=method-wrapper(...), anchorHoriz='center', anchorVert='center', antialias=True, autoLog=True, bold=False, color=array([1., 1., 1.]), colorSpace='rgb', contrast=1.0, depth=0, flipHoriz=False, flipVert=False, font='', fontFiles=[], height=0.05, italic=False, languageStyle='LTR', name='unnamed TextStim', opacity=1.0, ori=0.0, pos=array([ 0.16666667, -0.1       ]), rgb=UNKNOWN, text='', units='norm', win=Window(...), wrapWidth=1)
17.2536 	EXP 	Created unnamed TextStim = TextStim(__class__=<class 'psychopy.visual.text.TextStim'>, alignHoriz=method-wrapper(...), alignText='center', alignVert=method-wrapper(...), anchorHoriz='center', anchorVert='center', antialias=True, autoLog=True, bold=False, color=array([1., 1., 1.]), colorSpace='rgb', contrast=1.0, depth=0, flipHoriz=False, flipVert=False, font='', fontFiles=[], height=0.05, italic=False, languageStyle='LTR', name='unnamed TextStim', opacity=1.0, ori=0.0, pos=array([ 0.5, -0.1]), rgb=UNKNOWN, text='Helt klart \n NOE', units='norm', win=Window(...), wrapWidth=1)
17.2554 	EXP 	Created unnamed ShapeStim = ShapeStim(__class__=<class 'psychopy.visual.shape.ShapeStim'>, autoDraw=False, autoLog=True, closeShape=True, color=method-wrapper(...), colorSpace='rgb', contrast=None, depth=0, fillColor=array([1, 1, 1]), fillColorSpace='rgb', fillRGB=array([1, 1, 1]), interpolate=True, lineColor=array([-1., -1., -1.]), lineColorSpace='rgb', lineRGB=array([-1, -1, -1]), lineWidth=1.5, name='unnamed ShapeStim', opacity=1.0, ori=0.0, pos=array([0., 0.]), size=array([1., 1.]), units='norm', vertices=ndarray(...), win=Window(...), windingRule=None)
17.2621 	EXP 	Created instru = TextStim(__class__=<class 'psychopy.visual.text.TextStim'>, alignHoriz=method-wrapper(...), alignText='center', alignVert=method-wrapper(...), anchorHoriz='center', anchorVert='center', antialias=True, autoLog=True, bold=False, color=array([1., 1., 1.]), colorSpace='rgb', contrast=1.0, depth=0.0, flipHoriz=False, flipVert=False, font='Arial', fontFiles=[], height=0.07, italic=False, languageStyle='LTR', name='instru', opacity=1, ori=0, pos=array([0. , 0.5]), rgb=UNKNOWN, text=str(...), units='norm', win=Window(...), wrapWidth=1)
17.2641 	EXP 	Created unnamed Line = Line(__class__=<class 'psychopy.visual.line.Line'>, autoDraw=False, autoLog=True, closeShape=False, color=array([1., 1., 1.]), colorSpace='rgb', contrast=None, depth=0, fillColor=array([0, 0, 0]), fillColorSpace='rgb', fillRGB=array([0, 0, 0]), interpolate=True, lineColor=array([1., 1., 1.]), lineColorSpace='rgb', lineRGB=array([1, 1, 1]), lineWidth=5, name='unnamed Line', opacity=0.5, ori=0.0, pos=array([0., 0.]), size=array([1., 1.]), units='norm', vertices=array([[-0.5,  0. ],
       [ 0.5,  0. ]]), win=Window(...), windingRule=None)
17.2660 	EXP 	Created unnamed Line = Line(__class__=<class 'psychopy.visual.line.Line'>, autoDraw=False, autoLog=True, closeShape=False, color=array([1., 1., 1.]), colorSpace='rgb', contrast=None, depth=0, fillColor=array([0, 0, 0]), fillColorSpace='rgb', fillRGB=array([0, 0, 0]), interpolate=True, lineColor=array([1., 1., 1.]), lineColorSpace='rgb', lineRGB=array([1, 1, 1]), lineWidth=3, name='unnamed Line', opacity=0.5, ori=0.0, pos=array([0., 0.]), size=array([1., 1.]), units='norm', vertices=array([[-0.5 , -0.05],
       [-0.5 ,  0.05]]), win=Window(...), windingRule=None)
17.2680 	EXP 	Created unnamed Line = Line(__class__=<class 'psychopy.visual.line.Line'>, autoDraw=False, autoLog=True, closeShape=False, color=array([1., 1., 1.]), colorSpace='rgb', contrast=None, depth=0, fillColor=array([0, 0, 0]), fillColorSpace='rgb', fillRGB=array([0, 0, 0]), interpolate=True, lineColor=array([1., 1., 1.]), lineColorSpace='rgb', lineRGB=array([1, 1, 1]), lineWidth=3, name='unnamed Line', opacity=0.5, ori=0.0, pos=array([0., 0.]), size=array([1., 1.]), units='norm', vertices=ndarray(...), win=Window(...), windingRule=None)
17.2700 	EXP 	Created unnamed Line = Line(__class__=<class 'psychopy.visual.line.Line'>, autoDraw=False, autoLog=True, closeShape=False, color=array([1., 1., 1.]), colorSpace='rgb', contrast=None, depth=0, fillColor=array([0, 0, 0]), fillColorSpace='rgb', fillRGB=array([0, 0, 0]), interpolate=True, lineColor=array([1., 1., 1.]), lineColorSpace='rgb', lineRGB=array([1, 1, 1]), lineWidth=3, name='unnamed Line', opacity=0.5, ori=0.0, pos=array([0., 0.]), size=array([1., 1.]), units='norm', vertices=ndarray(...), win=Window(...), windingRule=None)
17.2719 	EXP 	Created unnamed Line = Line(__class__=<class 'psychopy.visual.line.Line'>, autoDraw=False, autoLog=True, closeShape=False, color=array([1., 1., 1.]), colorSpace='rgb', contrast=None, depth=0, fillColor=array([0, 0, 0]), fillColorSpace='rgb', fillRGB=array([0, 0, 0]), interpolate=True, lineColor=array([1., 1., 1.]), lineColorSpace='rgb', lineRGB=array([1, 1, 1]), lineWidth=3, name='unnamed Line', opacity=0.5, ori=0.0, pos=array([0., 0.]), size=array([1., 1.]), units='norm', vertices=array([[ 0.5 , -0.05],
       [ 0.5 ,  0.05]]), win=Window(...), windingRule=None)
17.2766 	EXP 	Created unnamed TextStim = TextStim(__class__=<class 'psychopy.visual.text.TextStim'>, alignHoriz=method-wrapper(...), alignText='center', alignVert=method-wrapper(...), anchorHoriz='center', anchorVert='center', antialias=True, autoLog=True, bold=False, color=array([1., 1., 1.]), colorSpace='rgb', contrast=1.0, depth=0, flipHoriz=False, flipVert=False, font='', fontFiles=[], height=0.05, italic=False, languageStyle='LTR', name='unnamed TextStim', opacity=1.0, ori=0.0, pos=array([-0.5, -0.1]), rgb=UNKNOWN, text='Helt klart \n SPONTAN', units='norm', win=Window(...), wrapWidth=1)
17.2777 	EXP 	Created unnamed TextStim = TextStim(__class__=<class 'psychopy.visual.text.TextStim'>, alignHoriz=method-wrapper(...), alignText='center', alignVert=method-wrapper(...), anchorHoriz='center', anchorVert='center', antialias=True, autoLog=True, bold=False, color=array([1., 1., 1.]), colorSpace='rgb', contrast=1.0, depth=0, flipHoriz=False, flipVert=False, font='', fontFiles=[], height=0.05, italic=False, languageStyle='LTR', name='unnamed TextStim', opacity=1.0, ori=0.0, pos=array([-0.16666667, -0.1       ]), rgb=UNKNOWN, text='', units='norm', win=Window(...), wrapWidth=1)
17.2789 	EXP 	Created unnamed TextStim = TextStim(__class__=<class 'psychopy.visual.text.TextStim'>, alignHoriz=method-wrapper(...), alignText='center', alignVert=method-wrapper(...), anchorHoriz='center', anchorVert='center', antialias=True, autoLog=True, bold=False, color=array([1., 1., 1.]), colorSpace='rgb', contrast=1.0, depth=0, flipHoriz=False, flipVert=False, font='', fontFiles=[], height=0.05, italic=False, languageStyle='LTR', name='unnamed TextStim', opacity=1.0, ori=0.0, pos=array([ 0.16666667, -0.1       ]), rgb=UNKNOWN, text='', units='norm', win=Window(...), wrapWidth=1)
17.2835 	EXP 	Created unnamed TextStim = TextStim(__class__=<class 'psychopy.visual.text.TextStim'>, alignHoriz=method-wrapper(...), alignText='center', alignVert=method-wrapper(...), anchorHoriz='center', anchorVert='center', antialias=True, autoLog=True, bold=False, color=array([1., 1., 1.]), colorSpace='rgb', contrast=1.0, depth=0, flipHoriz=False, flipVert=False, font='', fontFiles=[], height=0.05, italic=False, languageStyle='LTR', name='unnamed TextStim', opacity=1.0, ori=0.0, pos=array([ 0.5, -0.1]), rgb=UNKNOWN, text='Helt klart \n BEVISST', units='norm', win=Window(...), wrapWidth=1)
17.2853 	EXP 	Created unnamed ShapeStim = ShapeStim(__class__=<class 'psychopy.visual.shape.ShapeStim'>, autoDraw=False, autoLog=True, closeShape=True, color=method-wrapper(...), colorSpace='rgb', contrast=None, depth=0, fillColor=array([1, 1, 1]), fillColorSpace='rgb', fillRGB=array([1, 1, 1]), interpolate=True, lineColor=array([-1., -1., -1.]), lineColorSpace='rgb', lineRGB=array([-1, -1, -1]), lineWidth=1.5, name='unnamed ShapeStim', opacity=1.0, ori=0.0, pos=array([0., 0.]), size=array([1., 1.]), units='norm', vertices=ndarray(...), win=Window(...), windingRule=None)
17.3335 	EXP 	Sound  set volume 1.000
17.3625 	EXP 	unnamed ShapeStim: vertices = <class 'numpy.ndarray'>
17.3625 	EXP 	unnamed ShapeStim: vertices = <class 'numpy.ndarray'>
17.3625 	EXP 	unnamed ShapeStim: vertices = <class 'numpy.ndarray'>
62.8499 	DATA 	Keypress: rctrl
63.3722 	EXP 	Sound  started
63.5377 	DATA 	Keypress: rctrl
64.0658 	DATA 	Keypress: rctrl
64.1221 	EXP 	Sound  started
64.7537 	DATA 	Keypress: rctrl
64.8721 	EXP 	Sound  started
65.5059 	DATA 	Keypress: rctrl
65.6221 	EXP 	Sound  started
66.3217 	DATA 	Keypress: lshift
66.3721 	EXP 	Sound  started
67.0739 	DATA 	Keypress: rctrl
67.1221 	EXP 	Sound  started
67.7938 	DATA 	Keypress: rctrl
67.8721 	EXP 	Sound  started
68.5297 	DATA 	Keypress: lctrl
68.6222 	EXP 	Sound  started
69.2338 	DATA 	Keypress: lctrl
69.3722 	EXP 	Sound  started
69.9538 	DATA 	Keypress: lctrl
70.1222 	EXP 	Sound  started
70.5938 	DATA 	Keypress: rctrl
70.8722 	EXP 	Sound  started
71.4097 	DATA 	Keypress: lctrl
71.6222 	EXP 	Sound  started
72.1137 	DATA 	Keypress: lctrl
72.3722 	EXP 	Sound  started
72.8817 	DATA 	Keypress: lctrl
73.1222 	EXP 	Sound  started
73.7458 	DATA 	Keypress: rctrl
73.8722 	EXP 	Sound  started
74.4337 	DATA 	Keypress: rctrl
74.6223 	EXP 	Sound  started
75.1697 	DATA 	Keypress: lctrl
75.3723 	EXP 	Sound  started
75.8897 	DATA 	Keypress: lctrl
76.1223 	EXP 	Sound  started
76.6258 	DATA 	Keypress: lctrl
76.8723 	EXP 	Sound  started
77.4577 	DATA 	Keypress: lctrl
77.6223 	EXP 	Sound  started
78.1779 	DATA 	Keypress: rctrl
78.3723 	EXP 	Sound  started
78.8179 	DATA 	Keypress: lctrl
79.1223 	EXP 	Sound  started
79.6178 	DATA 	Keypress: lctrl
79.8724 	EXP 	Sound  started
80.4177 	DATA 	Keypress: rctrl
80.6224 	EXP 	Sound  started
81.1217 	DATA 	Keypress: rctrl
81.3724 	EXP 	Sound  started
81.7777 	DATA 	Keypress: rctrl
82.1224 	EXP 	Sound  started
82.5458 	DATA 	Keypress: rctrl
82.8724 	EXP 	Sound  started
83.1697 	DATA 	Keypress: lctrl
83.6224 	EXP 	Sound  started
84.2097 	DATA 	Keypress: lctrl
84.3724 	EXP 	Sound  started
85.0258 	DATA 	Keypress: rctrl
85.1225 	EXP 	Sound  started
85.7938 	DATA 	Keypress: lctrl
85.8725 	EXP 	Sound  started
86.5457 	DATA 	Keypress: rctrl
86.6225 	EXP 	Sound  started
87.2017 	DATA 	Keypress: lctrl
87.3725 	EXP 	Sound  started
87.8897 	DATA 	Keypress: rctrl
88.1225 	EXP 	Sound  started
88.6578 	DATA 	Keypress: lctrl
88.8725 	EXP 	Sound  started
89.3777 	DATA 	Keypress: rctrl
89.6225 	EXP 	Sound  started
90.1297 	DATA 	Keypress: rctrl
90.3726 	EXP 	Sound  started
90.8977 	DATA 	Keypress: lctrl
91.1226 	EXP 	Sound  started
91.6498 	DATA 	Keypress: rctrl
91.8726 	EXP 	Sound  started
92.3697 	DATA 	Keypress: rctrl
92.6226 	EXP 	Sound  started
93.1697 	DATA 	Keypress: rctrl
93.3726 	EXP 	Sound  started
93.9217 	DATA 	Keypress: rctrl
94.1226 	EXP 	Sound  started
94.6737 	DATA 	Keypress: lctrl
94.8726 	EXP 	Sound  started
95.3457 	DATA 	Keypress: rctrl
95.6226 	EXP 	Sound  started
96.1617 	DATA 	Keypress: rctrl
96.3726 	EXP 	Sound  started
96.9457 	DATA 	Keypress: lctrl
97.1227 	EXP 	Sound  started
97.6337 	DATA 	Keypress: lctrl
97.8727 	EXP 	Sound  started
98.3377 	DATA 	Keypress: rctrl
98.6227 	EXP 	Sound  started
99.1058 	DATA 	Keypress: rctrl
99.3727 	EXP 	Sound  started
99.9057 	DATA 	Keypress: lctrl
100.1227 	EXP 	Sound  started
100.6579 	DATA 	Keypress: rctrl
100.8727 	EXP 	Sound  started
101.3778 	DATA 	Keypress: rctrl
101.6227 	EXP 	Sound  started
102.1778 	DATA 	Keypress: rctrl
102.3728 	EXP 	Sound  started
102.8657 	DATA 	Keypress: lctrl
103.1228 	EXP 	Sound  started
103.5857 	DATA 	Keypress: rctrl
103.8728 	EXP 	Sound  started
104.3857 	DATA 	Keypress: lctrl
104.6228 	EXP 	Sound  started
105.0417 	DATA 	Keypress: rctrl
105.3728 	EXP 	Sound  started
105.8897 	DATA 	Keypress: lctrl
106.1228 	EXP 	Sound  started
106.6098 	DATA 	Keypress: rctrl
106.8728 	EXP 	Sound  started
107.4258 	DATA 	Keypress: lctrl
107.6229 	EXP 	Sound  started
108.1937 	DATA 	Keypress: lctrl
108.3729 	EXP 	Sound  started
108.9457 	DATA 	Keypress: lctrl
109.1229 	EXP 	Sound  started
109.5857 	DATA 	Keypress: rctrl
109.8729 	EXP 	Sound  started
110.3377 	DATA 	Keypress: lctrl
110.6229 	EXP 	Sound  started
111.1057 	DATA 	Keypress: rctrl
111.3729 	EXP 	Sound  started
111.8578 	DATA 	Keypress: rctrl
112.1229 	EXP 	Sound  started
112.5937 	DATA 	Keypress: rctrl
112.8729 	EXP 	Sound  started
113.4257 	DATA 	Keypress: lctrl
113.6229 	EXP 	Sound  started
114.1937 	DATA 	Keypress: rctrl
114.3730 	EXP 	Sound  started
114.9297 	DATA 	Keypress: lctrl
115.1230 	EXP 	Sound  started
115.6979 	DATA 	Keypress: lctrl
115.8730 	EXP 	Sound  started
116.4657 	DATA 	Keypress: lctrl
116.6230 	EXP 	Sound  started
117.1537 	DATA 	Keypress: rctrl
117.3730 	EXP 	Sound  started
117.9698 	DATA 	Keypress: lctrl
118.1230 	EXP 	Sound  started
118.6579 	DATA 	Keypress: rctrl
118.8730 	EXP 	Sound  started
119.4580 	DATA 	Keypress: lctrl
119.6231 	EXP 	Sound  started
120.1617 	DATA 	Keypress: lctrl
120.3731 	EXP 	Sound  started
120.8817 	DATA 	Keypress: lctrl
121.1231 	EXP 	Sound  started
121.6018 	DATA 	Keypress: lctrl
121.8731 	EXP 	Sound  started
122.4018 	DATA 	Keypress: lctrl
122.6231 	EXP 	Sound  started
123.1217 	DATA 	Keypress: lctrl
123.3731 	EXP 	Sound  started
123.8417 	DATA 	Keypress: lctrl
124.1232 	EXP 	Sound  started
124.6257 	DATA 	Keypress: lctrl
124.8732 	EXP 	Sound  started
125.3297 	DATA 	Keypress: lctrl
125.6232 	EXP 	Sound  started
126.0977 	DATA 	Keypress: lctrl
126.3899 	EXP 	unnamed TextStim: text = ''
126.3899 	EXP 	unnamed TextStim: text = ''
128.5784 	DATA 	Keypress: 4
128.6079 	EXP 	unnamed ShapeStim: vertices = <class 'numpy.ndarray'>
130.1425 	EXP 	unnamed TextStim: text = ''
130.1425 	EXP 	unnamed TextStim: text = ''
130.4762 	DATA 	Keypress: 4
130.4928 	EXP 	unnamed ShapeStim: vertices = <class 'numpy.ndarray'>
132.0278 	EXP 	unnamed TextStim: text = ''
132.0278 	EXP 	unnamed TextStim: text = ''
132.3116 	DATA 	Keypress: 4
132.3280 	EXP 	unnamed ShapeStim: vertices = <class 'numpy.ndarray'>
134.6124 	EXP 	Sound  started
134.6133 	DATA 	Keypress: lctrl
135.0578 	DATA 	Keypress: lctrl
135.3622 	EXP 	Sound  started
135.8577 	DATA 	Keypress: lctrl
136.1122 	EXP 	Sound  started
136.6257 	DATA 	Keypress: rctrl
136.8623 	EXP 	Sound  started
137.5217 	DATA 	Keypress: lctrl
137.6123 	EXP 	Sound  started
138.1937 	DATA 	Keypress: rctrl
138.3623 	EXP 	Sound  started
138.8977 	DATA 	Keypress: lctrl
139.1123 	EXP 	Sound  started
139.6017 	DATA 	Keypress: rctrl
139.8623 	EXP 	Sound  started
140.3857 	DATA 	Keypress: lctrl
140.6123 	EXP 	Sound  started
141.1537 	DATA 	Keypress: rctrl
141.3623 	EXP 	Sound  started
141.9057 	DATA 	Keypress: rctrl
142.1124 	EXP 	Sound  started
142.6577 	DATA 	Keypress: rctrl
142.8624 	EXP 	Sound  started
143.4097 	DATA 	Keypress: rctrl
143.6124 	EXP 	Sound  started
144.2097 	DATA 	Keypress: rctrl
144.3624 	EXP 	Sound  started
144.9617 	DATA 	Keypress: rctrl
145.1124 	EXP 	Sound  started
145.6977 	DATA 	Keypress: lctrl
145.8624 	EXP 	Sound  started
146.4498 	DATA 	Keypress: lctrl
146.6124 	EXP 	Sound  started
147.2017 	DATA 	Keypress: lctrl
147.3625 	EXP 	Sound  started
147.8897 	DATA 	Keypress: rctrl
148.1125 	EXP 	Sound  started
148.6097 	DATA 	Keypress: lctrl
148.8625 	EXP 	Sound  started
149.3457 	DATA 	Keypress: rctrl
149.6125 	EXP 	Sound  started
150.1937 	DATA 	Keypress: lctrl
150.3625 	EXP 	Sound  started
150.9138 	DATA 	Keypress: lctrl
151.1125 	EXP 	Sound  started
151.6017 	DATA 	Keypress: rctrl
151.8625 	EXP 	Sound  started
152.3378 	DATA 	Keypress: lctrl
152.6126 	EXP 	Sound  started
153.0577 	DATA 	Keypress: lctrl
153.3626 	EXP 	Sound  started
153.8417 	DATA 	Keypress: rctrl
154.1126 	EXP 	Sound  started
154.6097 	DATA 	Keypress: rctrl
154.8626 	EXP 	Sound  started
155.3777 	DATA 	Keypress: lctrl
155.6126 	EXP 	Sound  started
156.0818 	DATA 	Keypress: rctrl
156.3626 	EXP 	Sound  started
156.7697 	DATA 	Keypress: rctrl
157.1126 	EXP 	Sound  started
157.6656 	DATA 	Keypress: rctrl
157.8626 	EXP 	Sound  started
158.3697 	DATA 	Keypress: lctrl
158.6127 	EXP 	Sound  started
159.2017 	DATA 	Keypress: lctrl
159.3627 	EXP 	Sound  started
159.9697 	DATA 	Keypress: lctrl
160.1127 	EXP 	Sound  started
160.6417 	DATA 	Keypress: lctrl
160.8627 	EXP 	Sound  started
161.3777 	DATA 	Keypress: rctrl
161.6127 	EXP 	Sound  started
162.1137 	DATA 	Keypress: lctrl
162.3627 	EXP 	Sound  started
162.8817 	DATA 	Keypress: rctrl
163.1127 	EXP 	Sound  started
163.6337 	DATA 	Keypress: rctrl
163.8627 	EXP 	Sound  started
164.4337 	DATA 	Keypress: rctrl
164.6128 	EXP 	Sound  started
165.1057 	DATA 	Keypress: rctrl
165.3628 	EXP 	Sound  started
165.9858 	DATA 	Keypress: lctrl
166.1128 	EXP 	Sound  started
166.6576 	DATA 	Keypress: lctrl
166.8628 	EXP 	Sound  started
167.3777 	DATA 	Keypress: rctrl
167.6128 	EXP 	Sound  started
168.0977 	DATA 	Keypress: lctrl
168.3628 	EXP 	Sound  started
168.8817 	DATA 	Keypress: lctrl
169.1128 	EXP 	Sound  started
169.6977 	DATA 	Keypress: rctrl
169.8628 	EXP 	Sound  started
170.4017 	DATA 	Keypress: rctrl
170.6129 	EXP 	Sound  started
171.1217 	DATA 	Keypress: lctrl
171.3629 	EXP 	Sound  started
171.8417 	DATA 	Keypress: rctrl
172.1129 	EXP 	Sound  started
172.5937 	DATA 	Keypress: lctrl
172.8629 	EXP 	Sound  started
173.3937 	DATA 	Keypress: lctrl
173.6129 	EXP 	Sound  started
174.0816 	DATA 	Keypress: rctrl
174.3629 	EXP 	Sound  started
174.8017 	DATA 	Keypress: rctrl
175.1130 	EXP 	Sound  started
175.6017 	DATA 	Keypress: rctrl
175.8630 	EXP 	Sound  started
176.4017 	DATA 	Keypress: rctrl
176.6130 	EXP 	Sound  started
177.1057 	DATA 	Keypress: rctrl
177.3630 	EXP 	Sound  started
177.8258 	DATA 	Keypress: rctrl
178.1130 	EXP 	Sound  started
178.6897 	DATA 	Keypress: rctrl
178.8630 	EXP 	Sound  started
179.3936 	DATA 	Keypress: lctrl
181.0343 	DATA 	Keypress: 4
181.0508 	EXP 	unnamed ShapeStim: vertices = <class 'numpy.ndarray'>
182.5761 	DATA 	Keypress: 4
182.6188 	EXP 	unnamed ShapeStim: vertices = <class 'numpy.ndarray'>
184.4375 	DATA 	Keypress: 4
184.4540 	EXP 	unnamed ShapeStim: vertices = <class 'numpy.ndarray'>
186.7389 	EXP 	Sound  started
186.7398 	DATA 	Keypress: lctrl
187.2657 	DATA 	Keypress: lctrl
187.4888 	EXP 	Sound  started
188.0817 	DATA 	Keypress: rctrl
188.2388 	EXP 	Sound  started
188.7377 	DATA 	Keypress: lctrl
188.9888 	EXP 	Sound  started
189.5857 	DATA 	Keypress: lctrl
189.7388 	EXP 	Sound  started
190.2899 	DATA 	Keypress: rctrl
190.4888 	EXP 	Sound  started
191.1377 	DATA 	Keypress: rctrl
191.2388 	EXP 	Sound  started
191.7937 	DATA 	Keypress: rctrl
191.9888 	EXP 	Sound  started
192.5138 	DATA 	Keypress: rctrl
192.7389 	EXP 	Sound  started
193.3137 	DATA 	Keypress: lctrl
193.4889 	EXP 	Sound  started
194.0817 	DATA 	Keypress: rctrl
194.2389 	EXP 	Sound  started
194.9298 	DATA 	Keypress: rctrl
194.9889 	EXP 	Sound  started
195.7137 	DATA 	Keypress: rctrl
195.7389 	EXP 	Sound  started
196.3857 	DATA 	Keypress: lctrl
196.4889 	EXP 	Sound  started
197.0737 	DATA 	Keypress: rctrl
197.2389 	EXP 	Sound  started
197.8417 	DATA 	Keypress: lctrl
197.9890 	EXP 	Sound  started
198.5297 	DATA 	Keypress: lctrl
198.7390 	EXP 	Sound  started
199.3298 	DATA 	Keypress: rctrl
199.4890 	EXP 	Sound  started
200.0337 	DATA 	Keypress: rctrl
200.2390 	EXP 	Sound  started
200.7697 	DATA 	Keypress: lctrl
200.9890 	EXP 	Sound  started
201.5057 	DATA 	Keypress: rctrl
201.7390 	EXP 	Sound  started
202.3216 	DATA 	Keypress: lctrl
202.4890 	EXP 	Sound  started
203.0897 	DATA 	Keypress: rctrl
203.2391 	EXP 	Sound  started
203.8577 	DATA 	Keypress: rctrl
203.9891 	EXP 	Sound  started
204.5776 	DATA 	Keypress: rctrl
204.7391 	EXP 	Sound  started
205.3618 	DATA 	Keypress: rctrl
205.4891 	EXP 	Sound  started
206.0977 	DATA 	Keypress: rctrl
206.2391 	EXP 	Sound  started
206.8496 	DATA 	Keypress: rctrl
206.9891 	EXP 	Sound  started
207.5216 	DATA 	Keypress: lctrl
207.7391 	EXP 	Sound  started
208.1777 	DATA 	Keypress: rctrl
208.4892 	EXP 	Sound  started
209.0097 	DATA 	Keypress: lctrl
209.2392 	EXP 	Sound  started
209.7936 	DATA 	Keypress: lctrl
209.9892 	EXP 	Sound  started
210.4977 	DATA 	Keypress: lctrl
210.7392 	EXP 	Sound  started
211.2817 	DATA 	Keypress: lctrl
211.4892 	EXP 	Sound  started
211.9857 	DATA 	Keypress: rctrl
212.2392 	EXP 	Sound  started
212.6737 	DATA 	Keypress: lctrl
212.9892 	EXP 	Sound  started
213.1696 	DATA 	Keypress: rctrl
213.7393 	EXP 	Sound  started
214.4016 	DATA 	Keypress: rctrl
214.4893 	EXP 	Sound  started
215.0576 	DATA 	Keypress: lctrl
215.2393 	EXP 	Sound  started
215.8098 	DATA 	Keypress: rctrl
215.9893 	EXP 	Sound  started
216.5776 	DATA 	Keypress: rctrl
216.7393 	EXP 	Sound  started
217.3136 	DATA 	Keypress: rctrl
217.4893 	EXP 	Sound  started
218.0176 	DATA 	Keypress: lctrl
218.2393 	EXP 	Sound  started
218.7537 	DATA 	Keypress: lctrl
218.9893 	EXP 	Sound  started
219.4416 	DATA 	Keypress: rctrl
219.7394 	EXP 	Sound  started
220.2257 	DATA 	Keypress: rctrl
220.4894 	EXP 	Sound  started
220.9937 	DATA 	Keypress: lctrl
221.2394 	EXP 	Sound  started
221.7298 	DATA 	Keypress: lctrl
221.9894 	EXP 	Sound  started
222.5776 	DATA 	Keypress: rctrl
222.7394 	EXP 	Sound  started
223.3777 	DATA 	Keypress: rctrl
223.4894 	EXP 	Sound  started
224.0657 	DATA 	Keypress: lctrl
224.2394 	EXP 	Sound  started
224.7536 	DATA 	Keypress: rctrl
224.9894 	EXP 	Sound  started
225.4897 	DATA 	Keypress: rctrl
225.7395 	EXP 	Sound  started
226.2417 	DATA 	Keypress: lctrl
226.4895 	EXP 	Sound  started
227.0577 	DATA 	Keypress: lctrl
227.2395 	EXP 	Sound  started
227.7457 	DATA 	Keypress: lctrl
227.9895 	EXP 	Sound  started
228.4976 	DATA 	Keypress: rctrl
228.7395 	EXP 	Sound  started
229.2336 	DATA 	Keypress: lctrl
229.4895 	EXP 	Sound  started
230.0016 	DATA 	Keypress: rctrl
230.2395 	EXP 	Sound  started
230.7536 	DATA 	Keypress: rctrl
230.9896 	EXP 	Sound  started
231.4897 	DATA 	Keypress: lctrl
231.7396 	EXP 	Sound  started
232.2258 	DATA 	Keypress: rctrl
232.4896 	EXP 	Sound  started
232.9616 	DATA 	Keypress: rctrl
233.2396 	EXP 	Sound  started
233.7296 	DATA 	Keypress: lctrl
233.9896 	EXP 	Sound  started
234.5137 	DATA 	Keypress: lctrl
234.7396 	EXP 	Sound  started
235.2337 	DATA 	Keypress: lctrl
235.4896 	EXP 	Sound  started
235.8736 	DATA 	Keypress: lctrl
236.2396 	EXP 	Sound  started
236.7057 	DATA 	Keypress: lctrl
236.9897 	EXP 	Sound  started
237.7296 	DATA 	Keypress: lctrl
237.7397 	EXP 	Sound  started
238.3857 	DATA 	Keypress: lctrl
238.4897 	EXP 	Sound  started
239.0896 	DATA 	Keypress: lctrl
239.2397 	EXP 	Sound  started
239.8256 	DATA 	Keypress: lctrl
239.9897 	EXP 	Sound  started
240.5136 	DATA 	Keypress: rctrl
240.7397 	EXP 	Sound  started
241.2496 	DATA 	Keypress: lctrl
241.4897 	EXP 	Sound  started
242.0336 	DATA 	Keypress: rctrl
242.2398 	EXP 	Sound  started
242.7856 	DATA 	Keypress: lctrl
242.9898 	EXP 	Sound  started
243.4737 	DATA 	Keypress: lctrl
243.7398 	EXP 	Sound  started
244.1937 	DATA 	Keypress: lctrl
244.4898 	EXP 	Sound  started
244.9616 	DATA 	Keypress: lctrl
245.2398 	EXP 	Sound  started
245.7456 	DATA 	Keypress: rctrl
245.9898 	EXP 	Sound  started
246.4817 	DATA 	Keypress: lctrl
246.7399 	EXP 	Sound  started
247.2816 	DATA 	Keypress: rctrl
247.4899 	EXP 	Sound  started
247.9856 	DATA 	Keypress: rctrl
248.2399 	EXP 	Sound  started
248.7696 	DATA 	Keypress: rctrl
248.9899 	EXP 	Sound  started
249.4578 	DATA 	Keypress: lctrl
249.7399 	EXP 	Sound  started
250.1938 	DATA 	Keypress: rctrl
250.4899 	EXP 	Sound  started
250.9938 	DATA 	Keypress: rctrl
251.2399 	EXP 	Sound  started
251.9899 	EXP 	Sound  started
252.4817 	DATA 	Keypress: rctrl
253.8777 	DATA 	Keypress: 4
253.8937 	EXP 	unnamed ShapeStim: vertices = <class 'numpy.ndarray'>
255.6991 	DATA 	Keypress: 4
255.7286 	EXP 	unnamed ShapeStim: vertices = <class 'numpy.ndarray'>
257.5473 	DATA 	Keypress: 4
257.5639 	EXP 	unnamed ShapeStim: vertices = <class 'numpy.ndarray'>
259.8489 	EXP 	Sound  started
259.8499 	DATA 	Keypress: rctrl
260.4178 	DATA 	Keypress: rctrl
260.5987 	EXP 	Sound  started
261.1696 	DATA 	Keypress: rctrl
261.3487 	EXP 	Sound  started
261.9216 	DATA 	Keypress: lctrl
262.0987 	EXP 	Sound  started
262.6256 	DATA 	Keypress: rctrl
262.8487 	EXP 	Sound  started
263.3936 	DATA 	Keypress: rctrl
263.5988 	EXP 	Sound  started
264.0976 	DATA 	Keypress: rctrl
264.3488 	EXP 	Sound  started
264.8336 	DATA 	Keypress: lctrl
265.0988 	EXP 	Sound  started
265.6177 	DATA 	Keypress: lctrl
265.8488 	EXP 	Sound  started
266.5988 	EXP 	Sound  started
267.2176 	DATA 	Keypress: rctrl
267.3488 	EXP 	Sound  started
267.9377 	DATA 	Keypress: lctrl
268.0989 	EXP 	Sound  started
268.6896 	DATA 	Keypress: rctrl
268.8489 	EXP 	Sound  started
269.3937 	DATA 	Keypress: rctrl
269.5989 	EXP 	Sound  started
270.0816 	DATA 	Keypress: rctrl
270.3489 	EXP 	Sound  started
270.8656 	DATA 	Keypress: rctrl
271.0989 	EXP 	Sound  started
271.6017 	DATA 	Keypress: lctrl
271.8489 	EXP 	Sound  started
272.3696 	DATA 	Keypress: rctrl
272.5989 	EXP 	Sound  started
273.1056 	DATA 	Keypress: rctrl
273.3489 	EXP 	Sound  started
273.8896 	DATA 	Keypress: lctrl
274.0990 	EXP 	Sound  started
274.5936 	DATA 	Keypress: rctrl
274.8490 	EXP 	Sound  started
275.3616 	DATA 	Keypress: lctrl
275.5990 	EXP 	Sound  started
276.2736 	DATA 	Keypress: rctrl
276.3490 	EXP 	Sound  started
276.9136 	DATA 	Keypress: lctrl
277.0990 	EXP 	Sound  started
277.6497 	DATA 	Keypress: rctrl
277.8490 	EXP 	Sound  started
278.4017 	DATA 	Keypress: lctrl
278.5990 	EXP 	Sound  started
279.0416 	DATA 	Keypress: lctrl
279.3490 	EXP 	Sound  started
279.8256 	DATA 	Keypress: lctrl
280.0990 	EXP 	Sound  started
280.6256 	DATA 	Keypress: lctrl
280.8491 	EXP 	Sound  started
281.3936 	DATA 	Keypress: lctrl
281.5991 	EXP 	Sound  started
282.1296 	DATA 	Keypress: lctrl
282.3491 	EXP 	Sound  started
282.8656 	DATA 	Keypress: lctrl
283.0991 	EXP 	Sound  started
283.6016 	DATA 	Keypress: lctrl
283.8491 	EXP 	Sound  started
284.4176 	DATA 	Keypress: lctrl
284.5991 	EXP 	Sound  started
285.1057 	DATA 	Keypress: lctrl
285.3491 	EXP 	Sound  started
285.8576 	DATA 	Keypress: lctrl
286.0992 	EXP 	Sound  started
286.6577 	DATA 	Keypress: lctrl
286.8492 	EXP 	Sound  started
287.4096 	DATA 	Keypress: rctrl
287.5992 	EXP 	Sound  started
288.0816 	DATA 	Keypress: rctrl
288.3492 	EXP 	Sound  started
288.7856 	DATA 	Keypress: rctrl
289.0992 	EXP 	Sound  started
289.6176 	DATA 	Keypress: rctrl
289.8492 	EXP 	Sound  started
290.4976 	DATA 	Keypress: rctrl
290.5992 	EXP 	Sound  started
291.2496 	DATA 	Keypress: rctrl
291.3493 	EXP 	Sound  started
291.9216 	DATA 	Keypress: lctrl
292.0993 	EXP 	Sound  started
292.6736 	DATA 	Keypress: rctrl
292.8493 	EXP 	Sound  started
293.3776 	DATA 	Keypress: rctrl
293.5993 	EXP 	Sound  started
294.1616 	DATA 	Keypress: lctrl
294.3493 	EXP 	Sound  started
294.8337 	DATA 	Keypress: lctrl
295.0993 	EXP 	Sound  started
295.5856 	DATA 	Keypress: lctrl
295.8493 	EXP 	Sound  started
296.3696 	DATA 	Keypress: lctrl
296.5994 	EXP 	Sound  started
297.0896 	DATA 	Keypress: rctrl
297.3494 	EXP 	Sound  started
297.9058 	DATA 	Keypress: rctrl
298.0994 	EXP 	Sound  started
298.6578 	DATA 	Keypress: lctrl
298.8494 	EXP 	Sound  started
299.3776 	DATA 	Keypress: rctrl
299.5994 	EXP 	Sound  started
300.1617 	DATA 	Keypress: lctrl
300.3494 	EXP 	Sound  started
300.8976 	DATA 	Keypress: rctrl
301.0994 	EXP 	Sound  started
301.5537 	DATA 	Keypress: rctrl
301.8495 	EXP 	Sound  started
302.3056 	DATA 	Keypress: lctrl
303.9553 	DATA 	Keypress: 4
303.9848 	EXP 	unnamed ShapeStim: vertices = <class 'numpy.ndarray'>
305.8698 	DATA 	Keypress: 4
305.8863 	EXP 	unnamed ShapeStim: vertices = <class 'numpy.ndarray'>
308.4890 	DATA 	Keypress: 4
308.5056 	EXP 	unnamed ShapeStim: vertices = <class 'numpy.ndarray'>
310.7898 	EXP 	Sound  started
310.7906 	DATA 	Keypress: lctrl
311.3298 	DATA 	Keypress: lctrl
311.5396 	EXP 	Sound  started
312.0657 	DATA 	Keypress: rctrl
312.2896 	EXP 	Sound  started
312.7856 	DATA 	Keypress: lctrl
313.0396 	EXP 	Sound  started
313.6176 	DATA 	Keypress: lctrl
313.7896 	EXP 	Sound  started
314.3536 	DATA 	Keypress: lctrl
314.5397 	EXP 	Sound  started
315.0576 	DATA 	Keypress: rctrl
315.2897 	EXP 	Sound  started
315.8416 	DATA 	Keypress: lctrl
316.0397 	EXP 	Sound  started
316.6896 	DATA 	Keypress: lctrl
316.7897 	EXP 	Sound  started
317.3136 	DATA 	Keypress: lctrl
317.5397 	EXP 	Sound  started
318.0656 	DATA 	Keypress: lctrl
318.2897 	EXP 	Sound  started
318.7697 	DATA 	Keypress: rctrl
319.0397 	EXP 	Sound  started
319.5536 	DATA 	Keypress: lctrl
319.7897 	EXP 	Sound  started
320.2896 	DATA 	Keypress: rctrl
320.5397 	EXP 	Sound  started
321.0576 	DATA 	Keypress: lctrl
321.2898 	EXP 	Sound  started
321.8417 	DATA 	Keypress: rctrl
322.0398 	EXP 	Sound  started
322.5777 	DATA 	Keypress: lctrl
322.7898 	EXP 	Sound  started
323.3776 	DATA 	Keypress: rctrl
323.5398 	EXP 	Sound  started
324.0656 	DATA 	Keypress: rctrl
324.2898 	EXP 	Sound  started
324.7376 	DATA 	Keypress: lctrl
325.0398 	EXP 	Sound  started
325.5376 	DATA 	Keypress: rctrl
325.7898 	EXP 	Sound  started
326.2576 	DATA 	Keypress: lctrl
326.5398 	EXP 	Sound  started
327.0896 	DATA 	Keypress: rctrl
327.2899 	EXP 	Sound  started
327.7617 	DATA 	Keypress: rctrl
328.0399 	EXP 	Sound  started
328.5296 	DATA 	Keypress: rctrl
328.7899 	EXP 	Sound  started
329.2496 	DATA 	Keypress: rctrl
329.5399 	EXP 	Sound  started
330.0656 	DATA 	Keypress: lctrl
330.2899 	EXP 	Sound  started
330.6096 	DATA 	Keypress: lctrl
331.0399 	EXP 	Sound  started
331.5375 	DATA 	Keypress: lctrl
331.7899 	EXP 	Sound  started
332.3216 	DATA 	Keypress: rctrl
332.5399 	EXP 	Sound  started
333.1856 	DATA 	Keypress: lctrl
333.2900 	EXP 	Sound  started
333.8736 	DATA 	Keypress: lctrl
334.0400 	EXP 	Sound  started
334.5777 	DATA 	Keypress: rctrl
334.7900 	EXP 	Sound  started
335.2656 	DATA 	Keypress: rctrl
335.5400 	EXP 	Sound  started
336.1136 	DATA 	Keypress: lctrl
336.2900 	EXP 	Sound  started
336.8176 	DATA 	Keypress: lctrl
337.0400 	EXP 	Sound  started
337.5536 	DATA 	Keypress: rctrl
337.7900 	EXP 	Sound  started
338.3378 	DATA 	Keypress: rctrl
338.5400 	EXP 	Sound  started
339.0896 	DATA 	Keypress: lctrl
339.2901 	EXP 	Sound  started
339.7456 	DATA 	Keypress: rctrl
340.0401 	EXP 	Sound  started
340.5137 	DATA 	Keypress: rctrl
340.7901 	EXP 	Sound  started
341.3136 	DATA 	Keypress: rctrl
341.5401 	EXP 	Sound  started
341.9536 	DATA 	Keypress: lctrl
342.2901 	EXP 	Sound  started
342.9136 	DATA 	Keypress: lctrl
343.0401 	EXP 	Sound  started
343.4896 	DATA 	Keypress: rctrl
343.7901 	EXP 	Sound  started
344.2257 	DATA 	Keypress: lctrl
344.5401 	EXP 	Sound  started
344.9456 	DATA 	Keypress: lctrl
345.2902 	EXP 	Sound  started
345.7775 	DATA 	Keypress: lctrl
346.0402 	EXP 	Sound  started
346.5457 	DATA 	Keypress: lctrl
346.7902 	EXP 	Sound  started
347.3296 	DATA 	Keypress: lctrl
347.5402 	EXP 	Sound  started
348.0335 	DATA 	Keypress: lctrl
348.2902 	EXP 	Sound  started
348.7857 	DATA 	Keypress: lctrl
349.0402 	EXP 	Sound  started
349.5536 	DATA 	Keypress: lctrl
349.7902 	EXP 	Sound  started
350.2096 	DATA 	Keypress: rctrl
350.5402 	EXP 	Sound  started
351.0575 	DATA 	Keypress: lctrl
352.5622 	DATA 	Keypress: 4
352.5916 	EXP 	unnamed ShapeStim: vertices = <class 'numpy.ndarray'>
354.3932 	DATA 	Keypress: 4
354.4098 	EXP 	unnamed ShapeStim: vertices = <class 'numpy.ndarray'>
356.3615 	DATA 	Keypress: 4
356.3781 	EXP 	unnamed ShapeStim: vertices = <class 'numpy.ndarray'>
358.6626 	EXP 	Sound  started
358.6635 	DATA 	Keypress: lctrl
359.3297 	DATA 	Keypress: lctrl
359.4125 	EXP 	Sound  started
360.0656 	DATA 	Keypress: rctrl
360.1625 	EXP 	Sound  started
360.7536 	DATA 	Keypress: lctrl
360.9125 	EXP 	Sound  started
361.4737 	DATA 	Keypress: lctrl
361.6625 	EXP 	Sound  started
362.2097 	DATA 	Keypress: lctrl
362.4125 	EXP 	Sound  started
362.8656 	DATA 	Keypress: lctrl
363.1625 	EXP 	Sound  started
363.7457 	DATA 	Keypress: lctrl
363.9126 	EXP 	Sound  started
364.4976 	DATA 	Keypress: lctrl
364.6626 	EXP 	Sound  started
365.2656 	DATA 	Keypress: lctrl
365.4126 	EXP 	Sound  started
366.0496 	DATA 	Keypress: lctrl
366.1626 	EXP 	Sound  started
366.8178 	DATA 	Keypress: lctrl
366.9126 	EXP 	Sound  started
367.5537 	DATA 	Keypress: lctrl
367.6626 	EXP 	Sound  started
368.2735 	DATA 	Keypress: lctrl
368.4126 	EXP 	Sound  started
368.9775 	DATA 	Keypress: rctrl
369.1626 	EXP 	Sound  started
369.6336 	DATA 	Keypress: rctrl
369.9127 	EXP 	Sound  started
370.4975 	DATA 	Keypress: rctrl
370.6627 	EXP 	Sound  started
371.1695 	DATA 	Keypress: rctrl
371.4127 	EXP 	Sound  started
372.0336 	DATA 	Keypress: rctrl
372.1627 	EXP 	Sound  started
372.6737 	DATA 	Keypress: rctrl
372.9127 	EXP 	Sound  started
373.4736 	DATA 	Keypress: rctrl
373.6627 	EXP 	Sound  started
374.2256 	DATA 	Keypress: lctrl
374.4127 	EXP 	Sound  started
374.9296 	DATA 	Keypress: lctrl
375.1627 	EXP 	Sound  started
375.8576 	DATA 	Keypress: rctrl
375.9128 	EXP 	Sound  started
376.5295 	DATA 	Keypress: rctrl
376.6628 	EXP 	Sound  started
377.1536 	DATA 	Keypress: rctrl
377.4128 	EXP 	Sound  started
378.0176 	DATA 	Keypress: rctrl
378.1628 	EXP 	Sound  started
378.7696 	DATA 	Keypress: lctrl
378.9128 	EXP 	Sound  started
379.4096 	DATA 	Keypress: rctrl
379.6628 	EXP 	Sound  started
380.1456 	DATA 	Keypress: rctrl
380.4128 	EXP 	Sound  started
380.9135 	DATA 	Keypress: lctrl
381.1629 	EXP 	Sound  started
381.6015 	DATA 	Keypress: lctrl
381.9129 	EXP 	Sound  started
382.4175 	DATA 	Keypress: lctrl
382.6629 	EXP 	Sound  started
383.2016 	DATA 	Keypress: rctrl
383.4129 	EXP 	Sound  started
383.9375 	DATA 	Keypress: rctrl
384.1629 	EXP 	Sound  started
384.6415 	DATA 	Keypress: lctrl
384.9129 	EXP 	Sound  started
385.6176 	DATA 	Keypress: rctrl
385.6629 	EXP 	Sound  started
386.4129 	EXP 	Sound  started
386.4335 	DATA 	Keypress: rctrl
387.0415 	DATA 	Keypress: lctrl
387.1630 	EXP 	Sound  started
387.8095 	DATA 	Keypress: lctrl
387.9130 	EXP 	Sound  started
388.4656 	DATA 	Keypress: rctrl
388.6630 	EXP 	Sound  started
389.1696 	DATA 	Keypress: rctrl
389.4130 	EXP 	Sound  started
389.9375 	DATA 	Keypress: rctrl
390.1630 	EXP 	Sound  started
390.7376 	DATA 	Keypress: lctrl
390.9130 	EXP 	Sound  started
391.4415 	DATA 	Keypress: lctrl
391.6630 	EXP 	Sound  started
392.1935 	DATA 	Keypress: rctrl
392.4130 	EXP 	Sound  started
392.8655 	DATA 	Keypress: rctrl
393.1630 	EXP 	Sound  started
393.6655 	DATA 	Keypress: lctrl
393.9131 	EXP 	Sound  started
394.4175 	DATA 	Keypress: rctrl
394.6631 	EXP 	Sound  started
395.2335 	DATA 	Keypress: lctrl
395.4131 	EXP 	Sound  started
395.8896 	DATA 	Keypress: rctrl
396.1631 	EXP 	Sound  started
396.6255 	DATA 	Keypress: rctrl
396.9131 	EXP 	Sound  started
397.4255 	DATA 	Keypress: lctrl
397.6631 	EXP 	Sound  started
398.2415 	DATA 	Keypress: rctrl
398.4132 	EXP 	Sound  started
398.9456 	DATA 	Keypress: rctrl
399.1632 	EXP 	Sound  started
399.6976 	DATA 	Keypress: lctrl
399.9132 	EXP 	Sound  started
400.3857 	DATA 	Keypress: lctrl
400.6632 	EXP 	Sound  started
401.1376 	DATA 	Keypress: rctrl
401.4132 	EXP 	Sound  started
401.8096 	DATA 	Keypress: rctrl
403.2999 	DATA 	Keypress: 4
403.3165 	EXP 	unnamed ShapeStim: vertices = <class 'numpy.ndarray'>
405.3016 	DATA 	Keypress: 4
405.3181 	EXP 	unnamed ShapeStim: vertices = <class 'numpy.ndarray'>
407.3032 	DATA 	Keypress: 4
407.3198 	EXP 	unnamed ShapeStim: vertices = <class 'numpy.ndarray'>
409.6050 	EXP 	Sound  started
409.6059 	DATA 	Keypress: rctrl
410.1297 	DATA 	Keypress: rctrl
410.3549 	EXP 	Sound  started
410.9296 	DATA 	Keypress: lctrl
411.1049 	EXP 	Sound  started
411.6335 	DATA 	Keypress: rctrl
411.8549 	EXP 	Sound  started
412.3855 	DATA 	Keypress: lctrl
412.6049 	EXP 	Sound  started
413.1696 	DATA 	Keypress: rctrl
413.3549 	EXP 	Sound  started
414.0016 	DATA 	Keypress: lctrl
414.1049 	EXP 	Sound  started
414.6415 	DATA 	Keypress: rctrl
414.8549 	EXP 	Sound  started
415.3775 	DATA 	Keypress: lctrl
415.6050 	EXP 	Sound  started
416.0655 	DATA 	Keypress: lctrl
416.3550 	EXP 	Sound  started
416.8495 	DATA 	Keypress: lctrl
417.1050 	EXP 	Sound  started
417.6495 	DATA 	Keypress: lctrl
417.8550 	EXP 	Sound  started
418.4016 	DATA 	Keypress: lctrl
418.6050 	EXP 	Sound  started
419.1216 	DATA 	Keypress: rctrl
419.3550 	EXP 	Sound  started
419.9856 	DATA 	Keypress: rctrl
420.1051 	EXP 	Sound  started
420.6575 	DATA 	Keypress: lctrl
420.8551 	EXP 	Sound  started
421.4256 	DATA 	Keypress: rctrl
421.6051 	EXP 	Sound  started
422.0815 	DATA 	Keypress: rctrl
422.3551 	EXP 	Sound  started
422.8496 	DATA 	Keypress: lctrl
423.1051 	EXP 	Sound  started
423.6656 	DATA 	Keypress: lctrl
423.8551 	EXP 	Sound  started
424.2895 	DATA 	Keypress: rctrl
424.6051 	EXP 	Sound  started
425.0415 	DATA 	Keypress: rctrl
425.3551 	EXP 	Sound  started
425.8895 	DATA 	Keypress: rctrl
426.1052 	EXP 	Sound  started
426.5456 	DATA 	Keypress: lctrl
426.8552 	EXP 	Sound  started
427.3455 	DATA 	Keypress: rctrl
427.6052 	EXP 	Sound  started
428.1777 	DATA 	Keypress: rctrl
428.3552 	EXP 	Sound  started
428.8175 	DATA 	Keypress: lctrl
429.1052 	EXP 	Sound  started
429.6655 	DATA 	Keypress: rctrl
429.8552 	EXP 	Sound  started
430.3855 	DATA 	Keypress: rctrl
430.6052 	EXP 	Sound  started
431.1535 	DATA 	Keypress: rctrl
431.3552 	EXP 	Sound  started
431.7776 	DATA 	Keypress: lctrl
432.1053 	EXP 	Sound  started
432.5297 	DATA 	Keypress: lctrl
432.8553 	EXP 	Sound  started
433.3295 	DATA 	Keypress: lctrl
433.6053 	EXP 	Sound  started
433.9535 	DATA 	Keypress: lctrl
434.3553 	EXP 	Sound  started
434.9776 	DATA 	Keypress: rctrl
435.1053 	EXP 	Sound  started
435.6495 	DATA 	Keypress: lctrl
435.8553 	EXP 	Sound  started
436.4655 	DATA 	Keypress: rctrl
436.6053 	EXP 	Sound  started
437.2656 	DATA 	Keypress: lctrl
437.3553 	EXP 	Sound  started
437.9375 	DATA 	Keypress: lctrl
438.1054 	EXP 	Sound  started
438.6095 	DATA 	Keypress: rctrl
438.8554 	EXP 	Sound  started
439.3936 	DATA 	Keypress: lctrl
439.6054 	EXP 	Sound  started
440.1295 	DATA 	Keypress: rctrl
440.3554 	EXP 	Sound  started
440.9935 	DATA 	Keypress: lctrl
441.1054 	EXP 	Sound  started
441.7936 	DATA 	Keypress: lctrl
441.8554 	EXP 	Sound  started
442.4496 	DATA 	Keypress: lctrl
442.6054 	EXP 	Sound  started
443.2175 	DATA 	Keypress: lctrl
443.3555 	EXP 	Sound  started
443.9215 	DATA 	Keypress: rctrl
444.1055 	EXP 	Sound  started
444.6575 	DATA 	Keypress: rctrl
444.8555 	EXP 	Sound  started
445.3935 	DATA 	Keypress: rctrl
445.6055 	EXP 	Sound  started
446.1935 	DATA 	Keypress: rctrl
446.3555 	EXP 	Sound  started
446.9616 	DATA 	Keypress: rctrl
447.1055 	EXP 	Sound  started
447.6335 	DATA 	Keypress: rctrl
447.8555 	EXP 	Sound  started
448.3695 	DATA 	Keypress: rctrl
448.6055 	EXP 	Sound  started
449.1215 	DATA 	Keypress: rctrl
449.3556 	EXP 	Sound  started
449.8735 	DATA 	Keypress: lctrl
450.1056 	EXP 	Sound  started
450.6737 	DATA 	Keypress: lctrl
450.8556 	EXP 	Sound  started
451.4576 	DATA 	Keypress: rctrl
451.6056 	EXP 	Sound  started
452.0497 	DATA 	Keypress: lctrl
452.3556 	EXP 	Sound  started
452.8975 	DATA 	Keypress: lctrl
453.1056 	EXP 	Sound  started
453.6337 	DATA 	Keypress: lctrl
453.8556 	EXP 	Sound  started
454.3695 	DATA 	Keypress: lctrl
454.6057 	EXP 	Sound  started
455.3455 	DATA 	Keypress: lctrl
455.3557 	EXP 	Sound  started
455.9695 	DATA 	Keypress: rctrl
456.1057 	EXP 	Sound  started
456.8335 	DATA 	Keypress: rctrl
456.8557 	EXP 	Sound  started
457.4255 	DATA 	Keypress: lctrl
457.6057 	EXP 	Sound  started
458.0975 	DATA 	Keypress: rctrl
458.3557 	EXP 	Sound  started
458.8815 	DATA 	Keypress: lctrl
459.1058 	EXP 	Sound  started
459.6815 	DATA 	Keypress: lctrl
459.8558 	EXP 	Sound  started
460.3375 	DATA 	Keypress: rctrl
460.6058 	EXP 	Sound  started
461.1216 	DATA 	Keypress: rctrl
461.3558 	EXP 	Sound  started
461.8415 	DATA 	Keypress: lctrl
462.1058 	EXP 	Sound  started
462.5775 	DATA 	Keypress: lctrl
462.8558 	EXP 	Sound  started
463.3455 	DATA 	Keypress: lctrl
463.6058 	EXP 	Sound  started
464.1456 	DATA 	Keypress: rctrl
464.3558 	EXP 	Sound  started
464.9295 	DATA 	Keypress: rctrl
465.1058 	EXP 	Sound  started
465.6975 	DATA 	Keypress: lctrl
465.8559 	EXP 	Sound  started
466.4335 	DATA 	Keypress: lctrl
466.6059 	EXP 	Sound  started
467.1536 	DATA 	Keypress: rctrl
467.3559 	EXP 	Sound  started
467.8575 	DATA 	Keypress: lctrl
468.1059 	EXP 	Sound  started
468.6415 	DATA 	Keypress: lctrl
468.8559 	EXP 	Sound  started
469.3456 	DATA 	Keypress: rctrl
469.6059 	EXP 	Sound  started
470.1615 	DATA 	Keypress: rctrl
470.3559 	EXP 	Sound  started
470.8655 	DATA 	Keypress: rctrl
472.7735 	DATA 	Keypress: 3
472.7900 	EXP 	unnamed ShapeStim: vertices = <class 'numpy.ndarray'>
475.4424 	DATA 	Keypress: 3
475.4589 	EXP 	unnamed ShapeStim: vertices = <class 'numpy.ndarray'>
478.6112 	DATA 	Keypress: 3
478.6277 	EXP 	unnamed ShapeStim: vertices = <class 'numpy.ndarray'>
480.9134 	EXP 	Sound  started
480.9143 	DATA 	Keypress: rctrl
481.4097 	DATA 	Keypress: rctrl
481.6632 	EXP 	Sound  started
482.2575 	DATA 	Keypress: rctrl
482.4133 	EXP 	Sound  started
482.9775 	DATA 	Keypress: rctrl
483.1633 	EXP 	Sound  started
483.7935 	DATA 	Keypress: lctrl
483.9133 	EXP 	Sound  started
484.5776 	DATA 	Keypress: rctrl
484.6633 	EXP 	Sound  started
485.2655 	DATA 	Keypress: rctrl
485.4133 	EXP 	Sound  started
486.0175 	DATA 	Keypress: rctrl
486.1633 	EXP 	Sound  started
486.7696 	DATA 	Keypress: rctrl
486.9134 	EXP 	Sound  started
487.4256 	DATA 	Keypress: rctrl
487.6634 	EXP 	Sound  started
488.2255 	DATA 	Keypress: lctrl
488.4134 	EXP 	Sound  started
488.9935 	DATA 	Keypress: rctrl
489.1634 	EXP 	Sound  started
489.2975 	DATA 	Keypress: lctrl
489.9134 	EXP 	Sound  started
490.0496 	DATA 	Keypress: lctrl
490.6634 	EXP 	Sound  started
490.7055 	DATA 	Keypress: lctrl
491.2975 	DATA 	Keypress: lctrl
491.4135 	EXP 	Sound  started
492.0015 	DATA 	Keypress: rctrl
492.1635 	EXP 	Sound  started
492.6895 	DATA 	Keypress: lctrl
492.9135 	EXP 	Sound  started
493.4256 	DATA 	Keypress: rctrl
493.6635 	EXP 	Sound  started
494.1935 	DATA 	Keypress: rctrl
494.4135 	EXP 	Sound  started
494.9456 	DATA 	Keypress: lctrl
495.1635 	EXP 	Sound  started
495.6975 	DATA 	Keypress: lctrl
495.9135 	EXP 	Sound  started
496.4496 	DATA 	Keypress: lctrl
496.6635 	EXP 	Sound  started
497.1855 	DATA 	Keypress: rctrl
497.4135 	EXP 	Sound  started
497.9375 	DATA 	Keypress: lctrl
498.1636 	EXP 	Sound  started
498.6896 	DATA 	Keypress: rctrl
498.9136 	EXP 	Sound  started
499.4095 	DATA 	Keypress: rctrl
499.6636 	EXP 	Sound  started
500.1936 	DATA 	Keypress: lctrl
500.4136 	EXP 	Sound  started
500.9614 	DATA 	Keypress: rctrl
501.1636 	EXP 	Sound  started
501.7615 	DATA 	Keypress: rctrl
501.9136 	EXP 	Sound  started
502.4495 	DATA 	Keypress: rctrl
502.6636 	EXP 	Sound  started
503.2335 	DATA 	Keypress: lctrl
503.4137 	EXP 	Sound  started
504.0175 	DATA 	Keypress: lctrl
504.1637 	EXP 	Sound  started
504.7376 	DATA 	Keypress: rctrl
504.9137 	EXP 	Sound  started
505.4895 	DATA 	Keypress: rctrl
505.6637 	EXP 	Sound  started
506.1135 	DATA 	Keypress: lctrl
506.4137 	EXP 	Sound  started
506.8975 	DATA 	Keypress: rctrl
507.1637 	EXP 	Sound  started
507.6335 	DATA 	Keypress: lctrl
507.9137 	EXP 	Sound  started
508.4015 	DATA 	Keypress: lctrl
508.6637 	EXP 	Sound  started
509.1055 	DATA 	Keypress: lctrl
509.4137 	EXP 	Sound  started
509.8255 	DATA 	Keypress: lctrl
510.1638 	EXP 	Sound  started
510.7695 	DATA 	Keypress: lctrl
510.9138 	EXP 	Sound  started
511.4255 	DATA 	Keypress: lctrl
511.6638 	EXP 	Sound  started
512.2416 	DATA 	Keypress: lctrl
512.4138 	EXP 	Sound  started
513.0415 	DATA 	Keypress: rctrl
513.1638 	EXP 	Sound  started
513.9138 	EXP 	Sound  started
514.5775 	DATA 	Keypress: lctrl
514.6638 	EXP 	Sound  started
515.3295 	DATA 	Keypress: lctrl
515.4139 	EXP 	Sound  started
516.0495 	DATA 	Keypress: lctrl
516.1639 	EXP 	Sound  started
516.8975 	DATA 	Keypress: rctrl
516.9139 	EXP 	Sound  started
517.6639 	EXP 	Sound  started
517.6654 	DATA 	Keypress: rctrl
518.3214 	DATA 	Keypress: rctrl
518.4139 	EXP 	Sound  started
519.0095 	DATA 	Keypress: lctrl
519.1639 	EXP 	Sound  started
519.7456 	DATA 	Keypress: rctrl
519.9139 	EXP 	Sound  started
520.5294 	DATA 	Keypress: rctrl
520.6639 	EXP 	Sound  started
521.2175 	DATA 	Keypress: lctrl
525.4495 	DATA 	Keypress: 4
525.4660 	EXP 	unnamed ShapeStim: vertices = <class 'numpy.ndarray'>
527.3010 	DATA 	Keypress: 4
527.3175 	EXP 	unnamed ShapeStim: vertices = <class 'numpy.ndarray'>
529.1696 	DATA 	Keypress: 4
529.1862 	EXP 	unnamed ShapeStim: vertices = <class 'numpy.ndarray'>
531.4711 	EXP 	Sound  started
531.4719 	DATA 	Keypress: rctrl
531.9856 	DATA 	Keypress: rctrl
532.2209 	EXP 	Sound  started
532.7535 	DATA 	Keypress: rctrl
532.9709 	EXP 	Sound  started
533.4895 	DATA 	Keypress: lctrl
533.7209 	EXP 	Sound  started
534.2574 	DATA 	Keypress: rctrl
534.4710 	EXP 	Sound  started
535.0255 	DATA 	Keypress: rctrl
535.2210 	EXP 	Sound  started
535.7136 	DATA 	Keypress: lctrl
535.9710 	EXP 	Sound  started
536.4815 	DATA 	Keypress: lctrl
536.7210 	EXP 	Sound  started
537.2335 	DATA 	Keypress: rctrl
537.4710 	EXP 	Sound  started
537.9856 	DATA 	Keypress: lctrl
538.2211 	EXP 	Sound  started
538.7215 	DATA 	Keypress: lctrl
538.9710 	EXP 	Sound  started
539.4414 	DATA 	Keypress: rctrl
539.7211 	EXP 	Sound  started
540.2094 	DATA 	Keypress: lctrl
540.4711 	EXP 	Sound  started
541.0095 	DATA 	Keypress: lctrl
541.2211 	EXP 	Sound  started
541.7935 	DATA 	Keypress: lctrl
541.9711 	EXP 	Sound  started
542.4975 	DATA 	Keypress: rctrl
542.7211 	EXP 	Sound  started
543.1855 	DATA 	Keypress: lctrl
543.4711 	EXP 	Sound  started
543.9695 	DATA 	Keypress: lctrl
544.2211 	EXP 	Sound  started
544.7215 	DATA 	Keypress: lctrl
544.9711 	EXP 	Sound  started
545.6016 	DATA 	Keypress: lctrl
545.7212 	EXP 	Sound  started
546.3214 	DATA 	Keypress: lctrl
546.4712 	EXP 	Sound  started
546.8816 	DATA 	Keypress: rctrl
547.2212 	EXP 	Sound  started
547.8575 	DATA 	Keypress: lctrl
547.9712 	EXP 	Sound  started
548.5294 	DATA 	Keypress: rctrl
548.7212 	EXP 	Sound  started
549.2495 	DATA 	Keypress: rctrl
549.4713 	EXP 	Sound  started
550.0174 	DATA 	Keypress: lctrl
550.2213 	EXP 	Sound  started
550.7695 	DATA 	Keypress: lctrl
550.9713 	EXP 	Sound  started
551.5536 	DATA 	Keypress: lctrl
551.7213 	EXP 	Sound  started
552.3535 	DATA 	Keypress: rctrl
552.4713 	EXP 	Sound  started
553.0735 	DATA 	Keypress: lctrl
553.2213 	EXP 	Sound  started
553.9713 	EXP 	Sound  started
554.0494 	DATA 	Keypress: rctrl
554.7213 	EXP 	Sound  started
554.7374 	DATA 	Keypress: rctrl
555.3614 	DATA 	Keypress: rctrl
555.4713 	EXP 	Sound  started
556.0655 	DATA 	Keypress: rctrl
556.2214 	EXP 	Sound  started
556.8495 	DATA 	Keypress: rctrl
556.9714 	EXP 	Sound  started
557.5856 	DATA 	Keypress: lctrl
557.7214 	EXP 	Sound  started
558.3855 	DATA 	Keypress: rctrl
558.4714 	EXP 	Sound  started
559.0736 	DATA 	Keypress: rctrl
559.2214 	EXP 	Sound  started
559.7615 	DATA 	Keypress: lctrl
559.9714 	EXP 	Sound  started
560.5135 	DATA 	Keypress: lctrl
560.7214 	EXP 	Sound  started
561.2174 	DATA 	Keypress: rctrl
561.4714 	EXP 	Sound  started
562.0175 	DATA 	Keypress: rctrl
562.2215 	EXP 	Sound  started
562.7535 	DATA 	Keypress: rctrl
562.9715 	EXP 	Sound  started
563.4894 	DATA 	Keypress: lctrl
563.7215 	EXP 	Sound  started
564.2096 	DATA 	Keypress: rctrl
564.4715 	EXP 	Sound  started
565.0094 	DATA 	Keypress: rctrl
565.2215 	EXP 	Sound  started
565.7294 	DATA 	Keypress: lctrl
565.9715 	EXP 	Sound  started
566.5454 	DATA 	Keypress: lctrl
566.7215 	EXP 	Sound  started
567.2975 	DATA 	Keypress: rctrl
567.4715 	EXP 	Sound  started
568.0654 	DATA 	Keypress: rctrl
568.2216 	EXP 	Sound  started
568.8175 	DATA 	Keypress: rctrl
568.9716 	EXP 	Sound  started
569.6014 	DATA 	Keypress: lctrl
569.7216 	EXP 	Sound  started
570.3375 	DATA 	Keypress: lctrl
570.4716 	EXP 	Sound  started
571.0414 	DATA 	Keypress: rctrl
571.2216 	EXP 	Sound  started
571.7775 	DATA 	Keypress: lctrl
571.9716 	EXP 	Sound  started
572.4814 	DATA 	Keypress: lctrl
572.7216 	EXP 	Sound  started
573.2014 	DATA 	Keypress: rctrl
573.4717 	EXP 	Sound  started
573.9854 	DATA 	Keypress: rctrl
574.2217 	EXP 	Sound  started
574.6894 	DATA 	Keypress: lctrl
574.9717 	EXP 	Sound  started
575.4735 	DATA 	Keypress: rctrl
575.7217 	EXP 	Sound  started
576.2574 	DATA 	Keypress: rctrl
576.4717 	EXP 	Sound  started
576.9454 	DATA 	Keypress: rctrl
577.2217 	EXP 	Sound  started
577.7775 	DATA 	Keypress: lctrl
577.9717 	EXP 	Sound  started
578.5135 	DATA 	Keypress: lctrl
578.7218 	EXP 	Sound  started
579.3934 	DATA 	Keypress: lctrl
579.4718 	EXP 	Sound  started
580.0975 	DATA 	Keypress: lctrl
580.2218 	EXP 	Sound  started
580.8975 	DATA 	Keypress: lctrl
580.9718 	EXP 	Sound  started
581.7218 	EXP 	Sound  started
581.8576 	DATA 	Keypress: lctrl
582.4494 	DATA 	Keypress: lctrl
582.4718 	EXP 	Sound  started
583.1696 	DATA 	Keypress: lctrl
583.2218 	EXP 	Sound  started
583.8414 	DATA 	Keypress: lctrl
583.9718 	EXP 	Sound  started
584.5455 	DATA 	Keypress: lctrl
584.7219 	EXP 	Sound  started
585.2975 	DATA 	Keypress: rctrl
585.4719 	EXP 	Sound  started
586.0334 	DATA 	Keypress: rctrl
586.2219 	EXP 	Sound  started
586.7855 	DATA 	Keypress: lctrl
586.9719 	EXP 	Sound  started
587.5375 	DATA 	Keypress: rctrl
587.7219 	EXP 	Sound  started
588.3215 	DATA 	Keypress: rctrl
588.4719 	EXP 	Sound  started
588.9775 	DATA 	Keypress: rctrl
589.2219 	EXP 	Sound  started
589.7294 	DATA 	Keypress: lctrl
589.9720 	EXP 	Sound  started
590.4015 	DATA 	Keypress: lctrl
590.7220 	EXP 	Sound  started
591.2335 	DATA 	Keypress: rctrl
591.4720 	EXP 	Sound  started
591.9854 	DATA 	Keypress: lctrl
592.2220 	EXP 	Sound  started
592.7696 	DATA 	Keypress: rctrl
592.9720 	EXP 	Sound  started
593.5054 	DATA 	Keypress: rctrl
593.7220 	EXP 	Sound  started
594.3534 	DATA 	Keypress: rctrl
594.4720 	EXP 	Sound  started
595.0894 	DATA 	Keypress: lctrl
596.4080 	DATA 	Keypress: 4
596.4245 	EXP 	unnamed ShapeStim: vertices = <class 'numpy.ndarray'>
598.9806 	DATA 	Keypress: 4
599.0096 	EXP 	unnamed ShapeStim: vertices = <class 'numpy.ndarray'>
604.0342 	DATA 	Keypress: 3
604.0637 	EXP 	unnamed ShapeStim: vertices = <class 'numpy.ndarray'>
606.3483 	EXP 	Sound  started
606.3491 	DATA 	Keypress: rctrl
606.8495 	DATA 	Keypress: lshift
607.0982 	EXP 	Sound  started
607.7295 	DATA 	Keypress: rctrl
607.8482 	EXP 	Sound  started
608.3855 	DATA 	Keypress: lctrl
608.5982 	EXP 	Sound  started
609.0896 	DATA 	Keypress: lctrl
609.3482 	EXP 	Sound  started
609.9054 	DATA 	Keypress: lctrl
610.0982 	EXP 	Sound  started
610.5775 	DATA 	Keypress: lctrl
610.8483 	EXP 	Sound  started
611.3614 	DATA 	Keypress: lctrl
611.5983 	EXP 	Sound  started
612.0495 	DATA 	Keypress: lctrl
612.3483 	EXP 	Sound  started
612.9455 	DATA 	Keypress: lctrl
613.0983 	EXP 	Sound  started
613.5855 	DATA 	Keypress: lctrl
613.8483 	EXP 	Sound  started
614.3694 	DATA 	Keypress: lctrl
614.5983 	EXP 	Sound  started
615.0574 	DATA 	Keypress: lctrl
615.3483 	EXP 	Sound  started
615.8415 	DATA 	Keypress: rctrl
616.0983 	EXP 	Sound  started
616.6735 	DATA 	Keypress: rctrl
616.8484 	EXP 	Sound  started
617.4096 	DATA 	Keypress: rctrl
617.5984 	EXP 	Sound  started
618.1294 	DATA 	Keypress: lctrl
618.3484 	EXP 	Sound  started
618.9135 	DATA 	Keypress: lctrl
619.0984 	EXP 	Sound  started
619.6816 	DATA 	Keypress: lctrl
619.8484 	EXP 	Sound  started
620.4015 	DATA 	Keypress: rctrl
620.5984 	EXP 	Sound  started
621.3135 	DATA 	Keypress: lctrl
621.3484 	EXP 	Sound  started
621.9695 	DATA 	Keypress: lctrl
622.0985 	EXP 	Sound  started
622.6096 	DATA 	Keypress: rctrl
622.8485 	EXP 	Sound  started
623.3774 	DATA 	Keypress: lctrl
623.5985 	EXP 	Sound  started
624.1135 	DATA 	Keypress: rctrl
624.3485 	EXP 	Sound  started
625.0094 	DATA 	Keypress: rctrl
625.0985 	EXP 	Sound  started
625.6654 	DATA 	Keypress: lctrl
625.8485 	EXP 	Sound  started
626.3695 	DATA 	Keypress: rctrl
626.5985 	EXP 	Sound  started
627.1694 	DATA 	Keypress: rctrl
627.3485 	EXP 	Sound  started
627.8414 	DATA 	Keypress: lctrl
628.0986 	EXP 	Sound  started
628.6094 	DATA 	Keypress: lctrl
628.8486 	EXP 	Sound  started
629.3935 	DATA 	Keypress: lctrl
629.5986 	EXP 	Sound  started
630.1614 	DATA 	Keypress: rctrl
630.3486 	EXP 	Sound  started
630.8494 	DATA 	Keypress: rctrl
631.0986 	EXP 	Sound  started
631.6334 	DATA 	Keypress: rctrl
631.8486 	EXP 	Sound  started
632.2734 	DATA 	Keypress: lctrl
632.5986 	EXP 	Sound  started
633.1214 	DATA 	Keypress: rctrl
633.3486 	EXP 	Sound  started
633.9055 	DATA 	Keypress: rctrl
634.0987 	EXP 	Sound  started
634.6575 	DATA 	Keypress: lctrl
634.8487 	EXP 	Sound  started
635.3934 	DATA 	Keypress: rctrl
635.5987 	EXP 	Sound  started
636.0975 	DATA 	Keypress: rctrl
636.3487 	EXP 	Sound  started
636.9135 	DATA 	Keypress: lctrl
637.0987 	EXP 	Sound  started
637.5694 	DATA 	Keypress: lctrl
637.8487 	EXP 	Sound  started
638.4815 	DATA 	Keypress: rctrl
638.5987 	EXP 	Sound  started
639.1854 	DATA 	Keypress: lctrl
639.3488 	EXP 	Sound  started
640.0014 	DATA 	Keypress: rctrl
640.0988 	EXP 	Sound  started
640.7534 	DATA 	Keypress: rctrl
640.8488 	EXP 	Sound  started
641.3774 	DATA 	Keypress: lctrl
641.5988 	EXP 	Sound  started
642.0814 	DATA 	Keypress: lctrl
642.3488 	EXP 	Sound  started
642.8334 	DATA 	Keypress: rctrl
643.0988 	EXP 	Sound  started
643.6494 	DATA 	Keypress: lctrl
643.8488 	EXP 	Sound  started
644.3854 	DATA 	Keypress: rctrl
644.5988 	EXP 	Sound  started
645.1854 	DATA 	Keypress: rctrl
645.3489 	EXP 	Sound  started
645.9694 	DATA 	Keypress: rctrl
646.0989 	EXP 	Sound  started
646.6414 	DATA 	Keypress: rctrl
646.8489 	EXP 	Sound  started
647.4094 	DATA 	Keypress: rctrl
647.5989 	EXP 	Sound  started
648.1134 	DATA 	Keypress: rctrl
648.3489 	EXP 	Sound  started
648.9614 	DATA 	Keypress: lctrl
649.0989 	EXP 	Sound  started
649.6654 	DATA 	Keypress: rctrl
649.8489 	EXP 	Sound  started
650.4494 	DATA 	Keypress: lctrl
650.5990 	EXP 	Sound  started
651.1694 	DATA 	Keypress: lctrl
651.3490 	EXP 	Sound  started
651.9374 	DATA 	Keypress: rctrl
652.0990 	EXP 	Sound  started
652.7054 	DATA 	Keypress: lctrl
652.8490 	EXP 	Sound  started
653.4094 	DATA 	Keypress: rctrl
653.5990 	EXP 	Sound  started
654.1775 	DATA 	Keypress: lctrl
654.3490 	EXP 	Sound  started
654.9294 	DATA 	Keypress: rctrl
655.0990 	EXP 	Sound  started
655.6814 	DATA 	Keypress: rctrl
655.8490 	EXP 	Sound  started
656.4175 	DATA 	Keypress: lctrl
656.5991 	EXP 	Sound  started
657.1854 	DATA 	Keypress: rctrl
657.3491 	EXP 	Sound  started
657.9695 	DATA 	Keypress: rctrl
658.0991 	EXP 	Sound  started
658.6894 	DATA 	Keypress: lctrl
658.8491 	EXP 	Sound  started
659.4094 	DATA 	Keypress: lctrl
659.5991 	EXP 	Sound  started
660.0814 	DATA 	Keypress: lctrl
660.3491 	EXP 	Sound  started
660.9294 	DATA 	Keypress: lctrl
661.0991 	EXP 	Sound  started
661.6014 	DATA 	Keypress: lctrl
661.8492 	EXP 	Sound  started
662.2574 	DATA 	Keypress: lctrl
662.5992 	EXP 	Sound  started
663.1214 	DATA 	Keypress: lctrl
663.3492 	EXP 	Sound  started
664.0014 	DATA 	Keypress: rctrl
664.0992 	EXP 	Sound  started
664.7534 	DATA 	Keypress: rctrl
664.8492 	EXP 	Sound  started
665.4895 	DATA 	Keypress: rctrl
665.5992 	EXP 	Sound  started
666.2254 	DATA 	Keypress: lctrl
666.3493 	EXP 	Sound  started
666.9614 	DATA 	Keypress: lctrl
667.0993 	EXP 	Sound  started
667.6494 	DATA 	Keypress: lctrl
667.8493 	EXP 	Sound  started
668.4174 	DATA 	Keypress: rctrl
668.5993 	EXP 	Sound  started
669.1854 	DATA 	Keypress: lctrl
669.3493 	EXP 	Sound  started
669.9055 	DATA 	Keypress: lctrl
670.0993 	EXP 	Sound  started
670.5614 	DATA 	Keypress: lctrl
670.8493 	EXP 	Sound  started
671.3454 	DATA 	Keypress: rctrl
671.5993 	EXP 	Sound  started
672.0654 	DATA 	Keypress: rctrl
676.7066 	DATA 	Keypress: 4
676.7232 	EXP 	unnamed ShapeStim: vertices = <class 'numpy.ndarray'>
684.9300 	DATA 	Keypress: 2
684.9466 	EXP 	unnamed ShapeStim: vertices = <class 'numpy.ndarray'>
691.7523 	DATA 	Keypress: 2
691.7688 	EXP 	unnamed ShapeStim: vertices = <class 'numpy.ndarray'>
694.0531 	EXP 	Sound  started
694.0540 	DATA 	Keypress: rctrl
694.6573 	DATA 	Keypress: lctrl
694.8030 	EXP 	Sound  started
695.3774 	DATA 	Keypress: rctrl
695.5530 	EXP 	Sound  started
696.1614 	DATA 	Keypress: lctrl
696.3030 	EXP 	Sound  started
696.9294 	DATA 	Keypress: lctrl
697.0530 	EXP 	Sound  started
697.6333 	DATA 	Keypress: rctrl
697.8030 	EXP 	Sound  started
698.3693 	DATA 	Keypress: lctrl
698.5530 	EXP 	Sound  started
699.1214 	DATA 	Keypress: rctrl
699.3031 	EXP 	Sound  started
699.8254 	DATA 	Keypress: rctrl
700.0531 	EXP 	Sound  started
700.6416 	DATA 	Keypress: rctrl
700.8031 	EXP 	Sound  started
701.2814 	DATA 	Keypress: rctrl
701.5531 	EXP 	Sound  started
702.0973 	DATA 	Keypress: rctrl
702.3031 	EXP 	Sound  started
702.8014 	DATA 	Keypress: lctrl
703.0531 	EXP 	Sound  started
703.4894 	DATA 	Keypress: rctrl
703.8031 	EXP 	Sound  started
704.3534 	DATA 	Keypress: lctrl
704.5532 	EXP 	Sound  started
705.0734 	DATA 	Keypress: lctrl
705.3032 	EXP 	Sound  started
705.8574 	DATA 	Keypress: lctrl
706.0532 	EXP 	Sound  started
706.6734 	DATA 	Keypress: lctrl
706.8032 	EXP 	Sound  started
707.4573 	DATA 	Keypress: lctrl
707.5532 	EXP 	Sound  started
708.1613 	DATA 	Keypress: rctrl
708.3032 	EXP 	Sound  started
708.8974 	DATA 	Keypress: lctrl
709.0532 	EXP 	Sound  started
709.6813 	DATA 	Keypress: rctrl
709.8033 	EXP 	Sound  started
710.4173 	DATA 	Keypress: rctrl
710.5533 	EXP 	Sound  started
711.0733 	DATA 	Keypress: lctrl
711.3033 	EXP 	Sound  started
711.7454 	DATA 	Keypress: rctrl
712.0533 	EXP 	Sound  started
712.5933 	DATA 	Keypress: rctrl
712.8033 	EXP 	Sound  started
713.3294 	DATA 	Keypress: rctrl
713.5533 	EXP 	Sound  started
714.1135 	DATA 	Keypress: rctrl
714.3034 	EXP 	Sound  started
714.8494 	DATA 	Keypress: rctrl
715.0534 	EXP 	Sound  started
715.5695 	DATA 	Keypress: rctrl
715.8034 	EXP 	Sound  started
716.3215 	DATA 	Keypress: lctrl
716.5534 	EXP 	Sound  started
717.0413 	DATA 	Keypress: rctrl
717.3034 	EXP 	Sound  started
717.8895 	DATA 	Keypress: lctrl
718.0534 	EXP 	Sound  started
718.7053 	DATA 	Keypress: rctrl
718.7374 	DATA 	Keypress: rctrl
718.8034 	EXP 	Sound  started
719.5374 	DATA 	Keypress: rctrl
719.5535 	EXP 	Sound  started
720.2413 	DATA 	Keypress: rctrl
720.3035 	EXP 	Sound  started
720.9614 	DATA 	Keypress: lctrl
721.0535 	EXP 	Sound  started
721.6334 	DATA 	Keypress: lctrl
721.8036 	EXP 	Sound  started
722.3374 	DATA 	Keypress: rctrl
722.5536 	EXP 	Sound  started
723.0254 	DATA 	Keypress: rctrl
723.3036 	EXP 	Sound  started
723.7934 	DATA 	Keypress: lctrl
724.0536 	EXP 	Sound  started
724.4173 	DATA 	Keypress: rctrl
724.8036 	EXP 	Sound  started
725.2173 	DATA 	Keypress: rctrl
725.5536 	EXP 	Sound  started
725.9373 	DATA 	Keypress: rctrl
726.3036 	EXP 	Sound  started
726.8975 	DATA 	Keypress: lctrl
727.0537 	EXP 	Sound  started
727.6813 	DATA 	Keypress: lctrl
727.8037 	EXP 	Sound  started
728.3534 	DATA 	Keypress: rctrl
728.5537 	EXP 	Sound  started
729.1534 	DATA 	Keypress: rctrl
729.3037 	EXP 	Sound  started
729.8253 	DATA 	Keypress: lctrl
730.0537 	EXP 	Sound  started
730.5454 	DATA 	Keypress: rctrl
730.8037 	EXP 	Sound  started
731.3935 	DATA 	Keypress: lctrl
731.5537 	EXP 	Sound  started
732.0813 	DATA 	Keypress: rctrl
732.3037 	EXP 	Sound  started
732.9775 	DATA 	Keypress: rctrl
733.0537 	EXP 	Sound  started
733.5534 	DATA 	Keypress: rctrl
733.8038 	EXP 	Sound  started
734.5538 	EXP 	Sound  started
734.6574 	DATA 	Keypress: rctrl
735.1693 	DATA 	Keypress: rctrl
735.3038 	EXP 	Sound  started
735.9534 	DATA 	Keypress: rctrl
736.0538 	EXP 	Sound  started
736.7214 	DATA 	Keypress: rctrl
736.8038 	EXP 	Sound  started
737.4414 	DATA 	Keypress: rctrl
737.5538 	EXP 	Sound  started
738.1133 	DATA 	Keypress: rctrl
738.3038 	EXP 	Sound  started
738.9293 	DATA 	Keypress: rctrl
739.0539 	EXP 	Sound  started
739.8039 	EXP 	Sound  started
739.8414 	DATA 	Keypress: rctrl
740.5133 	DATA 	Keypress: rctrl
740.5539 	EXP 	Sound  started
741.1854 	DATA 	Keypress: lctrl
741.3039 	EXP 	Sound  started
741.9054 	DATA 	Keypress: rctrl
742.0539 	EXP 	Sound  started
742.6094 	DATA 	Keypress: lctrl
742.8039 	EXP 	Sound  started
743.3774 	DATA 	Keypress: lctrl
743.5539 	EXP 	Sound  started
744.0974 	DATA 	Keypress: lctrl
744.3040 	EXP 	Sound  started
744.8493 	DATA 	Keypress: rctrl
745.0540 	EXP 	Sound  started
745.5534 	DATA 	Keypress: lctrl
745.8040 	EXP 	Sound  started
746.3854 	DATA 	Keypress: rctrl
746.5540 	EXP 	Sound  started
747.1374 	DATA 	Keypress: lctrl
747.3040 	EXP 	Sound  started
747.9054 	DATA 	Keypress: rctrl
748.0540 	EXP 	Sound  started
748.6253 	DATA 	Keypress: lctrl
748.8040 	EXP 	Sound  started
749.3293 	DATA 	Keypress: rctrl
749.5541 	EXP 	Sound  started
750.0973 	DATA 	Keypress: rctrl
750.3041 	EXP 	Sound  started
750.8333 	DATA 	Keypress: rctrl
751.0541 	EXP 	Sound  started
751.5694 	DATA 	Keypress: rctrl
751.8041 	EXP 	Sound  started
752.3214 	DATA 	Keypress: lctrl
752.5541 	EXP 	Sound  started
752.9294 	DATA 	Keypress: rctrl
755.6045 	DATA 	Keypress: 3
755.6211 	EXP 	unnamed ShapeStim: vertices = <class 'numpy.ndarray'>
759.4447 	DATA 	Keypress: 2
759.4742 	EXP 	unnamed ShapeStim: vertices = <class 'numpy.ndarray'>
762.8271 	DATA 	Keypress: 3
762.8437 	EXP 	unnamed ShapeStim: vertices = <class 'numpy.ndarray'>
765.1337 	DATA 	Keypress: lctrl
1074.5936 	DATA 	Keypress: rctrl
1074.6604 	EXP 	window1: mouseVisible = True
