146.2854 	WARNING 	User requested fullscreen with size [1024  768], but screen is actually [1920, 1200]. Using actual size
147.1206 	EXP 	Created window1 = Window(allowGUI=False, allowStencil=False, autoLog=True, backendConf=UNKNOWN, bitsMode=UNKNOWN, blendMode='avg', bpc=(8, 8, 8), color=array([0, 0, 0]), colorSpace='rgb', depthBits=8, fullscr=<method-wrapper '__getattribute__' of attributeSetter object at 0x00000168E6586780>, gamma=None, gammaErrorPolicy='raise', lms=UNKNOWN, monitor=<psychopy.monitors.calibTools.Monitor object at 0x00000168E7CC4080>, multiSample=False, name='window1', numSamples=2, pos=[0.0, 0.0], screen=0, size=array([1920, 1200]), stencilBits=0, stereo=False, units='norm', useFBO=True, useRetina=False, viewOri=0.0, viewPos=None, viewScale=None, waitBlanking=True, winType='pyglet')
147.1210 	EXP 	window1: mouseVisible = True
147.1211 	EXP 	window1: mouseVisible = False
147.1211 	EXP 	window1: recordFrameIntervals = False
147.2871 	EXP 	window1: recordFrameIntervals = True
147.4707 	EXP 	window1: recordFrameIntervals = False
147.5270 	EXP 	Created text = TextStim(__class__=<class 'psychopy.visual.text.TextStim'>, alignHoriz=method-wrapper(...), alignText='center', alignVert=method-wrapper(...), anchorHoriz='center', anchorVert='center', antialias=True, autoLog=True, bold=False, color=array([1., 1., 1.]), colorSpace='rgb', contrast=1.0, depth=0.0, flipHoriz=False, flipVert=False, font='Arial', fontFiles=[], height=0.15, italic=False, languageStyle='LTR', name='text', opacity=1, ori=0, pos=array([0., 0.]), rgb=UNKNOWN, text='+', units='norm', win=Window(...), wrapWidth=1)
147.5466 	EXP 	Created text = TextStim(__class__=<class 'psychopy.visual.text.TextStim'>, alignHoriz=method-wrapper(...), alignText='center', alignVert=method-wrapper(...), anchorHoriz='center', anchorVert='center', antialias=True, autoLog=True, bold=False, color=array([1., 1., 1.]), colorSpace='rgb', contrast=1.0, depth=0.0, flipHoriz=False, flipVert=False, font='Arial', fontFiles=[], height=0.07, italic=False, languageStyle='LTR', name='text', opacity=1, ori=0, pos=array([0., 0.]), rgb=UNKNOWN, text=str(...), units='norm', win=Window(...), wrapWidth=1.65)
147.5558 	EXP 	Created text = TextStim(__class__=<class 'psychopy.visual.text.TextStim'>, alignHoriz=method-wrapper(...), alignText='center', alignVert=method-wrapper(...), anchorHoriz='center', anchorVert='center', antialias=True, autoLog=True, bold=False, color=array([1., 1., 1.]), colorSpace='rgb', contrast=1.0, depth=0.0, flipHoriz=False, flipVert=False, font='Arial', fontFiles=[], height=0.07, italic=False, languageStyle='LTR', name='text', opacity=1, ori=0, pos=array([0., 0.]), rgb=UNKNOWN, text=str(...), units='norm', win=Window(...), wrapWidth=1.65)
147.5649 	EXP 	Created text = TextStim(__class__=<class 'psychopy.visual.text.TextStim'>, alignHoriz=method-wrapper(...), alignText='center', alignVert=method-wrapper(...), anchorHoriz='center', anchorVert='center', antialias=True, autoLog=True, bold=False, color=array([1., 1., 1.]), colorSpace='rgb', contrast=1.0, depth=0.0, flipHoriz=False, flipVert=False, font='Arial', fontFiles=[], height=0.07, italic=False, languageStyle='LTR', name='text', opacity=1, ori=0, pos=array([0., 0.]), rgb=UNKNOWN, text=str(...), units='norm', win=Window(...), wrapWidth=1.65)
147.5755 	EXP 	Created text = TextStim(__class__=<class 'psychopy.visual.text.TextStim'>, alignHoriz=method-wrapper(...), alignText='center', alignVert=method-wrapper(...), anchorHoriz='center', anchorVert='center', antialias=True, autoLog=True, bold=False, color=array([1., 1., 1.]), colorSpace='rgb', contrast=1.0, depth=0.0, flipHoriz=False, flipVert=False, font='Arial', fontFiles=[], height=0.07, italic=False, languageStyle='LTR', name='text', opacity=1, ori=0, pos=array([0., 0.]), rgb=UNKNOWN, text=str(...), units='norm', win=Window(...), wrapWidth=1.65)
147.5814 	EXP 	Created text = TextStim(__class__=<class 'psychopy.visual.text.TextStim'>, alignHoriz=method-wrapper(...), alignText='center', alignVert=method-wrapper(...), anchorHoriz='center', anchorVert='center', antialias=True, autoLog=True, bold=False, color=array([1., 1., 1.]), colorSpace='rgb', contrast=1.0, depth=0.0, flipHoriz=False, flipVert=False, font='Arial', fontFiles=[], height=0.07, italic=False, languageStyle='LTR', name='text', opacity=1, ori=0, pos=array([0., 0.]), rgb=UNKNOWN, text=str(...), units='norm', win=Window(...), wrapWidth=1.65)
147.5954 	EXP 	Created text = TextStim(__class__=<class 'psychopy.visual.text.TextStim'>, alignHoriz=method-wrapper(...), alignText='center', alignVert=method-wrapper(...), anchorHoriz='center', anchorVert='center', antialias=True, autoLog=True, bold=False, color=array([1., 1., 1.]), colorSpace='rgb', contrast=1.0, depth=0.0, flipHoriz=False, flipVert=False, font='Arial', fontFiles=[], height=0.15, italic=False, languageStyle='LTR', name='text', opacity=1, ori=0, pos=array([0., 0.]), rgb=UNKNOWN, text=str(...), units='norm', win=Window(...), wrapWidth=1.65)
147.6235 	EXP 	Created text = TextStim(__class__=<class 'psychopy.visual.text.TextStim'>, alignHoriz=method-wrapper(...), alignText='center', alignVert=method-wrapper(...), anchorHoriz='center', anchorVert='center', antialias=True, autoLog=True, bold=False, color=array([1., 1., 1.]), colorSpace='rgb', contrast=1.0, depth=0.0, flipHoriz=False, flipVert=False, font='Arial', fontFiles=[], height=0.07, italic=False, languageStyle='LTR', name='text', opacity=1, ori=0, pos=array([0., 0.]), rgb=UNKNOWN, text=str(...), units='norm', win=Window(...), wrapWidth=1.65)
147.6436 	EXP 	Created text = TextStim(__class__=<class 'psychopy.visual.text.TextStim'>, alignHoriz=method-wrapper(...), alignText='center', alignVert=method-wrapper(...), anchorHoriz='center', anchorVert='center', antialias=True, autoLog=True, bold=False, color=array([1., 1., 1.]), colorSpace='rgb', contrast=1.0, depth=0.0, flipHoriz=False, flipVert=False, font='Arial', fontFiles=[], height=0.07, italic=False, languageStyle='LTR', name='text', opacity=1, ori=0, pos=array([0., 0.]), rgb=UNKNOWN, text=str(...), units='norm', win=Window(...), wrapWidth=1.65)
147.6723 	EXP 	Created text = TextStim(__class__=<class 'psychopy.visual.text.TextStim'>, alignHoriz=method-wrapper(...), alignText='center', alignVert=method-wrapper(...), anchorHoriz='center', anchorVert='center', antialias=True, autoLog=True, bold=False, color=array([1., 1., 1.]), colorSpace='rgb', contrast=1.0, depth=0.0, flipHoriz=False, flipVert=False, font='Arial', fontFiles=[], height=0.07, italic=False, languageStyle='LTR', name='text', opacity=1, ori=0, pos=array([0., 0.]), rgb=UNKNOWN, text=str(...), units='norm', win=Window(...), wrapWidth=1.65)
147.6954 	EXP 	Created text = TextStim(__class__=<class 'psychopy.visual.text.TextStim'>, alignHoriz=method-wrapper(...), alignText='center', alignVert=method-wrapper(...), anchorHoriz='center', anchorVert='center', antialias=True, autoLog=True, bold=False, color=array([1., 1., 1.]), colorSpace='rgb', contrast=1.0, depth=0.0, flipHoriz=False, flipVert=False, font='Arial', fontFiles=[], height=0.07, italic=False, languageStyle='LTR', name='text', opacity=1, ori=0, pos=array([0., 0.]), rgb=UNKNOWN, text=str(...), units='norm', win=Window(...), wrapWidth=1.65)
147.7244 	EXP 	Created text = TextStim(__class__=<class 'psychopy.visual.text.TextStim'>, alignHoriz=method-wrapper(...), alignText='center', alignVert=method-wrapper(...), anchorHoriz='center', anchorVert='center', antialias=True, autoLog=True, bold=False, color=array([1., 1., 1.]), colorSpace='rgb', contrast=1.0, depth=0.0, flipHoriz=False, flipVert=False, font='Arial', fontFiles=[], height=0.07, italic=False, languageStyle='LTR', name='text', opacity=1, ori=0, pos=array([0., 0.]), rgb=UNKNOWN, text=str(...), units='norm', win=Window(...), wrapWidth=1.65)
147.7348 	EXP 	Created text = TextStim(__class__=<class 'psychopy.visual.text.TextStim'>, alignHoriz=method-wrapper(...), alignText='center', alignVert=method-wrapper(...), anchorHoriz='center', anchorVert='center', antialias=True, autoLog=True, bold=False, color=array([1., 1., 1.]), colorSpace='rgb', contrast=1.0, depth=0.0, flipHoriz=False, flipVert=False, font='Arial', fontFiles=[], height=0.07, italic=False, languageStyle='LTR', name='text', opacity=1, ori=0, pos=array([0., 0.]), rgb=UNKNOWN, text=str(...), units='norm', win=Window(...), wrapWidth=1.65)
147.7472 	EXP 	Created text = TextStim(__class__=<class 'psychopy.visual.text.TextStim'>, alignHoriz=method-wrapper(...), alignText='center', alignVert=method-wrapper(...), anchorHoriz='center', anchorVert='center', antialias=True, autoLog=True, bold=False, color=array([1., 1., 1.]), colorSpace='rgb', contrast=1.0, depth=0.0, flipHoriz=False, flipVert=False, font='Arial', fontFiles=[], height=0.07, italic=False, languageStyle='LTR', name='text', opacity=1, ori=0, pos=array([0., 0.]), rgb=UNKNOWN, text=str(...), units='norm', win=Window(...), wrapWidth=1.65)
147.7515 	EXP 	Created instru = TextStim(__class__=<class 'psychopy.visual.text.TextStim'>, alignHoriz=method-wrapper(...), alignText='center', alignVert=method-wrapper(...), anchorHoriz='center', anchorVert='center', antialias=True, autoLog=True, bold=False, color=array([1., 1., 1.]), colorSpace='rgb', contrast=1.0, depth=0.0, flipHoriz=False, flipVert=False, font='Arial', fontFiles=[], height=0.07, italic=False, languageStyle='LTR', name='instru', opacity=1, ori=0, pos=array([0. , 0.5]), rgb=UNKNOWN, text=str(...), units='norm', win=Window(...), wrapWidth=1)
147.7540 	EXP 	Created unnamed Line = Line(__class__=<class 'psychopy.visual.line.Line'>, autoDraw=False, autoLog=True, closeShape=False, color=array([1., 1., 1.]), colorSpace='rgb', contrast=None, depth=0, fillColor=array([0, 0, 0]), fillColorSpace='rgb', fillRGB=array([0, 0, 0]), interpolate=True, lineColor=array([1., 1., 1.]), lineColorSpace='rgb', lineRGB=array([1, 1, 1]), lineWidth=5, name='unnamed Line', opacity=0.5, ori=0.0, pos=array([0., 0.]), size=array([1., 1.]), units='norm', vertices=array([[-0.5,  0. ],
       [ 0.5,  0. ]]), win=Window(...), windingRule=None)
147.7559 	EXP 	Created unnamed Line = Line(__class__=<class 'psychopy.visual.line.Line'>, autoDraw=False, autoLog=True, closeShape=False, color=array([1., 1., 1.]), colorSpace='rgb', contrast=None, depth=0, fillColor=array([0, 0, 0]), fillColorSpace='rgb', fillRGB=array([0, 0, 0]), interpolate=True, lineColor=array([1., 1., 1.]), lineColorSpace='rgb', lineRGB=array([1, 1, 1]), lineWidth=3, name='unnamed Line', opacity=0.5, ori=0.0, pos=array([0., 0.]), size=array([1., 1.]), units='norm', vertices=array([[-0.5 , -0.05],
       [-0.5 ,  0.05]]), win=Window(...), windingRule=None)
147.7579 	EXP 	Created unnamed Line = Line(__class__=<class 'psychopy.visual.line.Line'>, autoDraw=False, autoLog=True, closeShape=False, color=array([1., 1., 1.]), colorSpace='rgb', contrast=None, depth=0, fillColor=array([0, 0, 0]), fillColorSpace='rgb', fillRGB=array([0, 0, 0]), interpolate=True, lineColor=array([1., 1., 1.]), lineColorSpace='rgb', lineRGB=array([1, 1, 1]), lineWidth=3, name='unnamed Line', opacity=0.5, ori=0.0, pos=array([0., 0.]), size=array([1., 1.]), units='norm', vertices=ndarray(...), win=Window(...), windingRule=None)
147.7598 	EXP 	Created unnamed Line = Line(__class__=<class 'psychopy.visual.line.Line'>, autoDraw=False, autoLog=True, closeShape=False, color=array([1., 1., 1.]), colorSpace='rgb', contrast=None, depth=0, fillColor=array([0, 0, 0]), fillColorSpace='rgb', fillRGB=array([0, 0, 0]), interpolate=True, lineColor=array([1., 1., 1.]), lineColorSpace='rgb', lineRGB=array([1, 1, 1]), lineWidth=3, name='unnamed Line', opacity=0.5, ori=0.0, pos=array([0., 0.]), size=array([1., 1.]), units='norm', vertices=ndarray(...), win=Window(...), windingRule=None)
147.7618 	EXP 	Created unnamed Line = Line(__class__=<class 'psychopy.visual.line.Line'>, autoDraw=False, autoLog=True, closeShape=False, color=array([1., 1., 1.]), colorSpace='rgb', contrast=None, depth=0, fillColor=array([0, 0, 0]), fillColorSpace='rgb', fillRGB=array([0, 0, 0]), interpolate=True, lineColor=array([1., 1., 1.]), lineColorSpace='rgb', lineRGB=array([1, 1, 1]), lineWidth=3, name='unnamed Line', opacity=0.5, ori=0.0, pos=array([0., 0.]), size=array([1., 1.]), units='norm', vertices=array([[ 0.5 , -0.05],
       [ 0.5 ,  0.05]]), win=Window(...), windingRule=None)
147.7742 	EXP 	Created unnamed TextStim = TextStim(__class__=<class 'psychopy.visual.text.TextStim'>, alignHoriz=method-wrapper(...), alignText='center', alignVert=method-wrapper(...), anchorHoriz='center', anchorVert='center', antialias=True, autoLog=True, bold=False, color=array([1., 1., 1.]), colorSpace='rgb', contrast=1.0, depth=0, flipHoriz=False, flipVert=False, font='', fontFiles=[], height=0.05, italic=False, languageStyle='LTR', name='unnamed TextStim', opacity=1.0, ori=0.0, pos=array([-0.5, -0.1]), rgb=UNKNOWN, text='Helt klart \n IKKE FOKUSERT', units='norm', win=Window(...), wrapWidth=1)
147.7753 	EXP 	Created unnamed TextStim = TextStim(__class__=<class 'psychopy.visual.text.TextStim'>, alignHoriz=method-wrapper(...), alignText='center', alignVert=method-wrapper(...), anchorHoriz='center', anchorVert='center', antialias=True, autoLog=True, bold=False, color=array([1., 1., 1.]), colorSpace='rgb', contrast=1.0, depth=0, flipHoriz=False, flipVert=False, font='', fontFiles=[], height=0.05, italic=False, languageStyle='LTR', name='unnamed TextStim', opacity=1.0, ori=0.0, pos=array([-0.16666667, -0.1       ]), rgb=UNKNOWN, text='', units='norm', win=Window(...), wrapWidth=1)
147.7763 	EXP 	Created unnamed TextStim = TextStim(__class__=<class 'psychopy.visual.text.TextStim'>, alignHoriz=method-wrapper(...), alignText='center', alignVert=method-wrapper(...), anchorHoriz='center', anchorVert='center', antialias=True, autoLog=True, bold=False, color=array([1., 1., 1.]), colorSpace='rgb', contrast=1.0, depth=0, flipHoriz=False, flipVert=False, font='', fontFiles=[], height=0.05, italic=False, languageStyle='LTR', name='unnamed TextStim', opacity=1.0, ori=0.0, pos=array([ 0.16666667, -0.1       ]), rgb=UNKNOWN, text='', units='norm', win=Window(...), wrapWidth=1)
147.7796 	EXP 	Created unnamed TextStim = TextStim(__class__=<class 'psychopy.visual.text.TextStim'>, alignHoriz=method-wrapper(...), alignText='center', alignVert=method-wrapper(...), anchorHoriz='center', anchorVert='center', antialias=True, autoLog=True, bold=False, color=array([1., 1., 1.]), colorSpace='rgb', contrast=1.0, depth=0, flipHoriz=False, flipVert=False, font='', fontFiles=[], height=0.05, italic=False, languageStyle='LTR', name='unnamed TextStim', opacity=1.0, ori=0.0, pos=array([ 0.5, -0.1]), rgb=UNKNOWN, text='Helt klart \n FOKUSERT', units='norm', win=Window(...), wrapWidth=1)
147.7816 	EXP 	Created unnamed ShapeStim = ShapeStim(__class__=<class 'psychopy.visual.shape.ShapeStim'>, autoDraw=False, autoLog=True, closeShape=True, color=method-wrapper(...), colorSpace='rgb', contrast=None, depth=0, fillColor=array([1, 1, 1]), fillColorSpace='rgb', fillRGB=array([1, 1, 1]), interpolate=True, lineColor=array([-1., -1., -1.]), lineColorSpace='rgb', lineRGB=array([-1, -1, -1]), lineWidth=1.5, name='unnamed ShapeStim', opacity=1.0, ori=0.0, pos=array([0., 0.]), size=array([1., 1.]), units='norm', vertices=ndarray(...), win=Window(...), windingRule=None)
147.7890 	EXP 	Created instru = TextStim(__class__=<class 'psychopy.visual.text.TextStim'>, alignHoriz=method-wrapper(...), alignText='center', alignVert=method-wrapper(...), anchorHoriz='center', anchorVert='center', antialias=True, autoLog=True, bold=False, color=array([1., 1., 1.]), colorSpace='rgb', contrast=1.0, depth=0.0, flipHoriz=False, flipVert=False, font='Arial', fontFiles=[], height=0.07, italic=False, languageStyle='LTR', name='instru', opacity=1, ori=0, pos=array([0. , 0.5]), rgb=UNKNOWN, text=str(...), units='norm', win=Window(...), wrapWidth=1)
147.7910 	EXP 	Created unnamed Line = Line(__class__=<class 'psychopy.visual.line.Line'>, autoDraw=False, autoLog=True, closeShape=False, color=array([1., 1., 1.]), colorSpace='rgb', contrast=None, depth=0, fillColor=array([0, 0, 0]), fillColorSpace='rgb', fillRGB=array([0, 0, 0]), interpolate=True, lineColor=array([1., 1., 1.]), lineColorSpace='rgb', lineRGB=array([1, 1, 1]), lineWidth=5, name='unnamed Line', opacity=0.5, ori=0.0, pos=array([0., 0.]), size=array([1., 1.]), units='norm', vertices=array([[-0.5,  0. ],
       [ 0.5,  0. ]]), win=Window(...), windingRule=None)
147.7930 	EXP 	Created unnamed Line = Line(__class__=<class 'psychopy.visual.line.Line'>, autoDraw=False, autoLog=True, closeShape=False, color=array([1., 1., 1.]), colorSpace='rgb', contrast=None, depth=0, fillColor=array([0, 0, 0]), fillColorSpace='rgb', fillRGB=array([0, 0, 0]), interpolate=True, lineColor=array([1., 1., 1.]), lineColorSpace='rgb', lineRGB=array([1, 1, 1]), lineWidth=3, name='unnamed Line', opacity=0.5, ori=0.0, pos=array([0., 0.]), size=array([1., 1.]), units='norm', vertices=array([[-0.5 , -0.05],
       [-0.5 ,  0.05]]), win=Window(...), windingRule=None)
147.7950 	EXP 	Created unnamed Line = Line(__class__=<class 'psychopy.visual.line.Line'>, autoDraw=False, autoLog=True, closeShape=False, color=array([1., 1., 1.]), colorSpace='rgb', contrast=None, depth=0, fillColor=array([0, 0, 0]), fillColorSpace='rgb', fillRGB=array([0, 0, 0]), interpolate=True, lineColor=array([1., 1., 1.]), lineColorSpace='rgb', lineRGB=array([1, 1, 1]), lineWidth=3, name='unnamed Line', opacity=0.5, ori=0.0, pos=array([0., 0.]), size=array([1., 1.]), units='norm', vertices=ndarray(...), win=Window(...), windingRule=None)
147.7970 	EXP 	Created unnamed Line = Line(__class__=<class 'psychopy.visual.line.Line'>, autoDraw=False, autoLog=True, closeShape=False, color=array([1., 1., 1.]), colorSpace='rgb', contrast=None, depth=0, fillColor=array([0, 0, 0]), fillColorSpace='rgb', fillRGB=array([0, 0, 0]), interpolate=True, lineColor=array([1., 1., 1.]), lineColorSpace='rgb', lineRGB=array([1, 1, 1]), lineWidth=3, name='unnamed Line', opacity=0.5, ori=0.0, pos=array([0., 0.]), size=array([1., 1.]), units='norm', vertices=ndarray(...), win=Window(...), windingRule=None)
147.7989 	EXP 	Created unnamed Line = Line(__class__=<class 'psychopy.visual.line.Line'>, autoDraw=False, autoLog=True, closeShape=False, color=array([1., 1., 1.]), colorSpace='rgb', contrast=None, depth=0, fillColor=array([0, 0, 0]), fillColorSpace='rgb', fillRGB=array([0, 0, 0]), interpolate=True, lineColor=array([1., 1., 1.]), lineColorSpace='rgb', lineRGB=array([1, 1, 1]), lineWidth=3, name='unnamed Line', opacity=0.5, ori=0.0, pos=array([0., 0.]), size=array([1., 1.]), units='norm', vertices=array([[ 0.5 , -0.05],
       [ 0.5 ,  0.05]]), win=Window(...), windingRule=None)
147.8038 	EXP 	Created unnamed TextStim = TextStim(__class__=<class 'psychopy.visual.text.TextStim'>, alignHoriz=method-wrapper(...), alignText='center', alignVert=method-wrapper(...), anchorHoriz='center', anchorVert='center', antialias=True, autoLog=True, bold=False, color=array([1., 1., 1.]), colorSpace='rgb', contrast=1.0, depth=0, flipHoriz=False, flipVert=False, font='', fontFiles=[], height=0.05, italic=False, languageStyle='LTR', name='unnamed TextStim', opacity=1.0, ori=0.0, pos=array([-0.5, -0.1]), rgb=UNKNOWN, text='Helt klart \n INGENTING', units='norm', win=Window(...), wrapWidth=1)
147.8049 	EXP 	Created unnamed TextStim = TextStim(__class__=<class 'psychopy.visual.text.TextStim'>, alignHoriz=method-wrapper(...), alignText='center', alignVert=method-wrapper(...), anchorHoriz='center', anchorVert='center', antialias=True, autoLog=True, bold=False, color=array([1., 1., 1.]), colorSpace='rgb', contrast=1.0, depth=0, flipHoriz=False, flipVert=False, font='', fontFiles=[], height=0.05, italic=False, languageStyle='LTR', name='unnamed TextStim', opacity=1.0, ori=0.0, pos=array([-0.16666667, -0.1       ]), rgb=UNKNOWN, text='', units='norm', win=Window(...), wrapWidth=1)
147.8059 	EXP 	Created unnamed TextStim = TextStim(__class__=<class 'psychopy.visual.text.TextStim'>, alignHoriz=method-wrapper(...), alignText='center', alignVert=method-wrapper(...), anchorHoriz='center', anchorVert='center', antialias=True, autoLog=True, bold=False, color=array([1., 1., 1.]), colorSpace='rgb', contrast=1.0, depth=0, flipHoriz=False, flipVert=False, font='', fontFiles=[], height=0.05, italic=False, languageStyle='LTR', name='unnamed TextStim', opacity=1.0, ori=0.0, pos=array([ 0.16666667, -0.1       ]), rgb=UNKNOWN, text='', units='norm', win=Window(...), wrapWidth=1)
147.8090 	EXP 	Created unnamed TextStim = TextStim(__class__=<class 'psychopy.visual.text.TextStim'>, alignHoriz=method-wrapper(...), alignText='center', alignVert=method-wrapper(...), anchorHoriz='center', anchorVert='center', antialias=True, autoLog=True, bold=False, color=array([1., 1., 1.]), colorSpace='rgb', contrast=1.0, depth=0, flipHoriz=False, flipVert=False, font='', fontFiles=[], height=0.05, italic=False, languageStyle='LTR', name='unnamed TextStim', opacity=1.0, ori=0.0, pos=array([ 0.5, -0.1]), rgb=UNKNOWN, text='Helt klart \n NOE', units='norm', win=Window(...), wrapWidth=1)
147.8109 	EXP 	Created unnamed ShapeStim = ShapeStim(__class__=<class 'psychopy.visual.shape.ShapeStim'>, autoDraw=False, autoLog=True, closeShape=True, color=method-wrapper(...), colorSpace='rgb', contrast=None, depth=0, fillColor=array([1, 1, 1]), fillColorSpace='rgb', fillRGB=array([1, 1, 1]), interpolate=True, lineColor=array([-1., -1., -1.]), lineColorSpace='rgb', lineRGB=array([-1, -1, -1]), lineWidth=1.5, name='unnamed ShapeStim', opacity=1.0, ori=0.0, pos=array([0., 0.]), size=array([1., 1.]), units='norm', vertices=ndarray(...), win=Window(...), windingRule=None)
147.8179 	EXP 	Created instru = TextStim(__class__=<class 'psychopy.visual.text.TextStim'>, alignHoriz=method-wrapper(...), alignText='center', alignVert=method-wrapper(...), anchorHoriz='center', anchorVert='center', antialias=True, autoLog=True, bold=False, color=array([1., 1., 1.]), colorSpace='rgb', contrast=1.0, depth=0.0, flipHoriz=False, flipVert=False, font='Arial', fontFiles=[], height=0.07, italic=False, languageStyle='LTR', name='instru', opacity=1, ori=0, pos=array([0. , 0.5]), rgb=UNKNOWN, text=str(...), units='norm', win=Window(...), wrapWidth=1)
147.8198 	EXP 	Created unnamed Line = Line(__class__=<class 'psychopy.visual.line.Line'>, autoDraw=False, autoLog=True, closeShape=False, color=array([1., 1., 1.]), colorSpace='rgb', contrast=None, depth=0, fillColor=array([0, 0, 0]), fillColorSpace='rgb', fillRGB=array([0, 0, 0]), interpolate=True, lineColor=array([1., 1., 1.]), lineColorSpace='rgb', lineRGB=array([1, 1, 1]), lineWidth=5, name='unnamed Line', opacity=0.5, ori=0.0, pos=array([0., 0.]), size=array([1., 1.]), units='norm', vertices=array([[-0.5,  0. ],
       [ 0.5,  0. ]]), win=Window(...), windingRule=None)
147.8218 	EXP 	Created unnamed Line = Line(__class__=<class 'psychopy.visual.line.Line'>, autoDraw=False, autoLog=True, closeShape=False, color=array([1., 1., 1.]), colorSpace='rgb', contrast=None, depth=0, fillColor=array([0, 0, 0]), fillColorSpace='rgb', fillRGB=array([0, 0, 0]), interpolate=True, lineColor=array([1., 1., 1.]), lineColorSpace='rgb', lineRGB=array([1, 1, 1]), lineWidth=3, name='unnamed Line', opacity=0.5, ori=0.0, pos=array([0., 0.]), size=array([1., 1.]), units='norm', vertices=array([[-0.5 , -0.05],
       [-0.5 ,  0.05]]), win=Window(...), windingRule=None)
147.8238 	EXP 	Created unnamed Line = Line(__class__=<class 'psychopy.visual.line.Line'>, autoDraw=False, autoLog=True, closeShape=False, color=array([1., 1., 1.]), colorSpace='rgb', contrast=None, depth=0, fillColor=array([0, 0, 0]), fillColorSpace='rgb', fillRGB=array([0, 0, 0]), interpolate=True, lineColor=array([1., 1., 1.]), lineColorSpace='rgb', lineRGB=array([1, 1, 1]), lineWidth=3, name='unnamed Line', opacity=0.5, ori=0.0, pos=array([0., 0.]), size=array([1., 1.]), units='norm', vertices=ndarray(...), win=Window(...), windingRule=None)
147.8257 	EXP 	Created unnamed Line = Line(__class__=<class 'psychopy.visual.line.Line'>, autoDraw=False, autoLog=True, closeShape=False, color=array([1., 1., 1.]), colorSpace='rgb', contrast=None, depth=0, fillColor=array([0, 0, 0]), fillColorSpace='rgb', fillRGB=array([0, 0, 0]), interpolate=True, lineColor=array([1., 1., 1.]), lineColorSpace='rgb', lineRGB=array([1, 1, 1]), lineWidth=3, name='unnamed Line', opacity=0.5, ori=0.0, pos=array([0., 0.]), size=array([1., 1.]), units='norm', vertices=ndarray(...), win=Window(...), windingRule=None)
147.8277 	EXP 	Created unnamed Line = Line(__class__=<class 'psychopy.visual.line.Line'>, autoDraw=False, autoLog=True, closeShape=False, color=array([1., 1., 1.]), colorSpace='rgb', contrast=None, depth=0, fillColor=array([0, 0, 0]), fillColorSpace='rgb', fillRGB=array([0, 0, 0]), interpolate=True, lineColor=array([1., 1., 1.]), lineColorSpace='rgb', lineRGB=array([1, 1, 1]), lineWidth=3, name='unnamed Line', opacity=0.5, ori=0.0, pos=array([0., 0.]), size=array([1., 1.]), units='norm', vertices=array([[ 0.5 , -0.05],
       [ 0.5 ,  0.05]]), win=Window(...), windingRule=None)
147.8323 	EXP 	Created unnamed TextStim = TextStim(__class__=<class 'psychopy.visual.text.TextStim'>, alignHoriz=method-wrapper(...), alignText='center', alignVert=method-wrapper(...), anchorHoriz='center', anchorVert='center', antialias=True, autoLog=True, bold=False, color=array([1., 1., 1.]), colorSpace='rgb', contrast=1.0, depth=0, flipHoriz=False, flipVert=False, font='', fontFiles=[], height=0.05, italic=False, languageStyle='LTR', name='unnamed TextStim', opacity=1.0, ori=0.0, pos=array([-0.5, -0.1]), rgb=UNKNOWN, text='Helt klart \n SPONTAN', units='norm', win=Window(...), wrapWidth=1)
147.8333 	EXP 	Created unnamed TextStim = TextStim(__class__=<class 'psychopy.visual.text.TextStim'>, alignHoriz=method-wrapper(...), alignText='center', alignVert=method-wrapper(...), anchorHoriz='center', anchorVert='center', antialias=True, autoLog=True, bold=False, color=array([1., 1., 1.]), colorSpace='rgb', contrast=1.0, depth=0, flipHoriz=False, flipVert=False, font='', fontFiles=[], height=0.05, italic=False, languageStyle='LTR', name='unnamed TextStim', opacity=1.0, ori=0.0, pos=array([-0.16666667, -0.1       ]), rgb=UNKNOWN, text='', units='norm', win=Window(...), wrapWidth=1)
147.8344 	EXP 	Created unnamed TextStim = TextStim(__class__=<class 'psychopy.visual.text.TextStim'>, alignHoriz=method-wrapper(...), alignText='center', alignVert=method-wrapper(...), anchorHoriz='center', anchorVert='center', antialias=True, autoLog=True, bold=False, color=array([1., 1., 1.]), colorSpace='rgb', contrast=1.0, depth=0, flipHoriz=False, flipVert=False, font='', fontFiles=[], height=0.05, italic=False, languageStyle='LTR', name='unnamed TextStim', opacity=1.0, ori=0.0, pos=array([ 0.16666667, -0.1       ]), rgb=UNKNOWN, text='', units='norm', win=Window(...), wrapWidth=1)
147.8390 	EXP 	Created unnamed TextStim = TextStim(__class__=<class 'psychopy.visual.text.TextStim'>, alignHoriz=method-wrapper(...), alignText='center', alignVert=method-wrapper(...), anchorHoriz='center', anchorVert='center', antialias=True, autoLog=True, bold=False, color=array([1., 1., 1.]), colorSpace='rgb', contrast=1.0, depth=0, flipHoriz=False, flipVert=False, font='', fontFiles=[], height=0.05, italic=False, languageStyle='LTR', name='unnamed TextStim', opacity=1.0, ori=0.0, pos=array([ 0.5, -0.1]), rgb=UNKNOWN, text='Helt klart \n BEVISST', units='norm', win=Window(...), wrapWidth=1)
147.8408 	EXP 	Created unnamed ShapeStim = ShapeStim(__class__=<class 'psychopy.visual.shape.ShapeStim'>, autoDraw=False, autoLog=True, closeShape=True, color=method-wrapper(...), colorSpace='rgb', contrast=None, depth=0, fillColor=array([1, 1, 1]), fillColorSpace='rgb', fillRGB=array([1, 1, 1]), interpolate=True, lineColor=array([-1., -1., -1.]), lineColorSpace='rgb', lineRGB=array([-1, -1, -1]), lineWidth=1.5, name='unnamed ShapeStim', opacity=1.0, ori=0.0, pos=array([0., 0.]), size=array([1., 1.]), units='norm', vertices=ndarray(...), win=Window(...), windingRule=None)
147.8900 	EXP 	Sound  set volume 1.000
147.9224 	EXP 	unnamed ShapeStim: vertices = <class 'numpy.ndarray'>
147.9224 	EXP 	unnamed ShapeStim: vertices = <class 'numpy.ndarray'>
147.9224 	EXP 	unnamed ShapeStim: vertices = <class 'numpy.ndarray'>
153.9724 	DATA 	Keypress: rctrl
154.4931 	EXP 	Sound  started
154.6604 	DATA 	Keypress: rctrl
155.2430 	EXP 	Sound  started
155.6683 	DATA 	Keypress: rctrl
155.9931 	EXP 	Sound  started
156.4043 	DATA 	Keypress: rctrl
156.7431 	EXP 	Sound  started
157.2203 	DATA 	Keypress: rctrl
157.4931 	EXP 	Sound  started
157.9883 	DATA 	Keypress: lctrl
158.2431 	EXP 	Sound  started
158.5963 	DATA 	Keypress: lctrl
158.9931 	EXP 	Sound  started
159.3003 	DATA 	Keypress: lctrl
159.7431 	EXP 	Sound  started
160.1963 	DATA 	Keypress: rctrl
160.4931 	EXP 	Sound  started
160.8683 	DATA 	Keypress: rctrl
161.2432 	EXP 	Sound  started
161.6523 	DATA 	Keypress: lctrl
161.9932 	EXP 	Sound  started
162.4363 	DATA 	Keypress: lctrl
162.7432 	EXP 	Sound  started
163.3163 	DATA 	Keypress: rctrl
163.4932 	EXP 	Sound  started
164.0843 	DATA 	Keypress: rctrl
164.2432 	EXP 	Sound  started
164.7883 	DATA 	Keypress: lctrl
164.9932 	EXP 	Sound  started
165.5244 	DATA 	Keypress: lctrl
165.7432 	EXP 	Sound  started
166.3403 	DATA 	Keypress: lctrl
166.4932 	EXP 	Sound  started
167.1563 	DATA 	Keypress: lctrl
167.2433 	EXP 	Sound  started
167.9403 	DATA 	Keypress: rctrl
167.9933 	EXP 	Sound  started
168.6923 	DATA 	Keypress: rctrl
168.7433 	EXP 	Sound  started
169.4283 	DATA 	Keypress: rctrl
169.4933 	EXP 	Sound  started
170.1643 	DATA 	Keypress: rctrl
170.2433 	EXP 	Sound  started
170.8843 	DATA 	Keypress: rctrl
170.9933 	EXP 	Sound  started
171.6684 	DATA 	Keypress: rctrl
171.7433 	EXP 	Sound  started
172.4203 	DATA 	Keypress: rctrl
172.4934 	EXP 	Sound  started
173.1244 	DATA 	Keypress: lctrl
173.2434 	EXP 	Sound  started
173.8283 	DATA 	Keypress: lctrl
173.9934 	EXP 	Sound  started
174.5323 	DATA 	Keypress: rctrl
174.7434 	EXP 	Sound  started
175.2843 	DATA 	Keypress: rctrl
175.4934 	EXP 	Sound  started
176.0843 	DATA 	Keypress: rctrl
176.2434 	EXP 	Sound  started
176.8363 	DATA 	Keypress: rctrl
176.9934 	EXP 	Sound  started
177.5884 	DATA 	Keypress: rctrl
177.7434 	EXP 	Sound  started
178.2763 	DATA 	Keypress: lctrl
178.4935 	EXP 	Sound  started
179.1243 	DATA 	Keypress: lctrl
179.2435 	EXP 	Sound  started
179.8443 	DATA 	Keypress: rctrl
179.9935 	EXP 	Sound  started
180.5643 	DATA 	Keypress: rctrl
180.7435 	EXP 	Sound  started
181.1884 	DATA 	Keypress: lctrl
181.4935 	EXP 	Sound  started
182.0843 	DATA 	Keypress: lctrl
182.2435 	EXP 	Sound  started
182.9003 	DATA 	Keypress: lctrl
182.9936 	EXP 	Sound  started
183.6363 	DATA 	Keypress: rctrl
183.7436 	EXP 	Sound  started
184.3563 	DATA 	Keypress: rctrl
184.4936 	EXP 	Sound  started
184.9803 	DATA 	Keypress: lctrl
185.2436 	EXP 	Sound  started
185.8283 	DATA 	Keypress: lctrl
185.9936 	EXP 	Sound  started
186.5803 	DATA 	Keypress: rctrl
186.7436 	EXP 	Sound  started
187.3323 	DATA 	Keypress: rctrl
187.4936 	EXP 	Sound  started
188.0363 	DATA 	Keypress: rctrl
188.2436 	EXP 	Sound  started
188.8523 	DATA 	Keypress: rctrl
188.9937 	EXP 	Sound  started
189.6683 	DATA 	Keypress: rctrl
189.7437 	EXP 	Sound  started
190.4043 	DATA 	Keypress: lctrl
190.4937 	EXP 	Sound  started
191.1083 	DATA 	Keypress: lctrl
191.2437 	EXP 	Sound  started
191.9723 	DATA 	Keypress: rctrl
191.9937 	EXP 	Sound  started
192.5804 	DATA 	Keypress: lctrl
192.7437 	EXP 	Sound  started
193.3803 	DATA 	Keypress: rctrl
193.4937 	EXP 	Sound  started
194.1323 	DATA 	Keypress: lctrl
194.2438 	EXP 	Sound  started
194.8843 	DATA 	Keypress: rctrl
194.9938 	EXP 	Sound  started
195.5723 	DATA 	Keypress: lctrl
195.7438 	EXP 	Sound  started
196.4044 	DATA 	Keypress: rctrl
196.4938 	EXP 	Sound  started
197.1564 	DATA 	Keypress: rctrl
197.2438 	EXP 	Sound  started
197.8603 	DATA 	Keypress: rctrl
197.9938 	EXP 	Sound  started
198.5963 	DATA 	Keypress: lctrl
198.7438 	EXP 	Sound  started
199.4283 	DATA 	Keypress: lctrl
199.4939 	EXP 	Sound  started
200.1003 	DATA 	Keypress: lctrl
200.2439 	EXP 	Sound  started
200.8523 	DATA 	Keypress: lctrl
200.9939 	EXP 	Sound  started
201.6044 	DATA 	Keypress: lctrl
201.7439 	EXP 	Sound  started
202.2765 	DATA 	Keypress: rctrl
202.4939 	EXP 	Sound  started
203.0764 	DATA 	Keypress: rctrl
203.2439 	EXP 	Sound  started
203.8123 	DATA 	Keypress: lctrl
203.9939 	EXP 	Sound  started
204.5803 	DATA 	Keypress: lctrl
204.7440 	EXP 	Sound  started
205.3963 	DATA 	Keypress: rctrl
205.4940 	EXP 	Sound  started
206.1323 	DATA 	Keypress: rctrl
206.2440 	EXP 	Sound  started
206.8364 	DATA 	Keypress: rctrl
207.0326 	EXP 	unnamed TextStim: text = ''
207.0326 	EXP 	unnamed TextStim: text = ''
209.8047 	DATA 	Keypress: 3
209.8213 	EXP 	unnamed ShapeStim: vertices = <class 'numpy.ndarray'>
211.3559 	EXP 	unnamed TextStim: text = ''
211.3559 	EXP 	unnamed TextStim: text = ''
212.9240 	DATA 	Keypress: 3
212.9405 	EXP 	unnamed ShapeStim: vertices = <class 'numpy.ndarray'>
214.4756 	EXP 	unnamed TextStim: text = ''
214.4756 	EXP 	unnamed TextStim: text = ''
216.6475 	DATA 	Keypress: 1
216.6769 	EXP 	unnamed ShapeStim: vertices = <class 'numpy.ndarray'>
218.9620 	EXP 	Sound  started
218.9622 	DATA 	Keypress: rctrl
219.6683 	DATA 	Keypress: rctrl
219.7120 	EXP 	Sound  started
220.4203 	DATA 	Keypress: rctrl
220.4621 	EXP 	Sound  started
221.1564 	DATA 	Keypress: lctrl
221.2121 	EXP 	Sound  started
221.8603 	DATA 	Keypress: lctrl
221.9621 	EXP 	Sound  started
222.5323 	DATA 	Keypress: rctrl
222.7121 	EXP 	Sound  started
223.2843 	DATA 	Keypress: rctrl
223.4621 	EXP 	Sound  started
224.1163 	DATA 	Keypress: rctrl
224.2121 	EXP 	Sound  started
224.9621 	EXP 	Sound  started
225.0763 	DATA 	Keypress: lctrl
225.6363 	DATA 	Keypress: lctrl
225.7122 	EXP 	Sound  started
226.4523 	DATA 	Keypress: rctrl
226.4622 	EXP 	Sound  started
227.0923 	DATA 	Keypress: lctrl
227.2122 	EXP 	Sound  started
227.8763 	DATA 	Keypress: rctrl
227.9622 	EXP 	Sound  started
228.6283 	DATA 	Keypress: lctrl
228.7122 	EXP 	Sound  started
229.3963 	DATA 	Keypress: rctrl
229.4622 	EXP 	Sound  started
230.1324 	DATA 	Keypress: rctrl
230.2122 	EXP 	Sound  started
230.8843 	DATA 	Keypress: rctrl
230.9622 	EXP 	Sound  started
231.6203 	DATA 	Keypress: lctrl
231.7122 	EXP 	Sound  started
232.3083 	DATA 	Keypress: lctrl
232.4623 	EXP 	Sound  started
232.9643 	DATA 	Keypress: lctrl
233.2123 	EXP 	Sound  started
233.7803 	DATA 	Keypress: rctrl
233.9623 	EXP 	Sound  started
234.5323 	DATA 	Keypress: lctrl
234.7123 	EXP 	Sound  started
235.2843 	DATA 	Keypress: rctrl
235.4623 	EXP 	Sound  started
235.9403 	DATA 	Keypress: rctrl
236.2126 	EXP 	Sound  started
236.6763 	DATA 	Keypress: rctrl
236.9626 	EXP 	Sound  started
237.4764 	DATA 	Keypress: rctrl
237.7126 	EXP 	Sound  started
238.4363 	DATA 	Keypress: lctrl
238.4626 	EXP 	Sound  started
239.1883 	DATA 	Keypress: lctrl
239.2127 	EXP 	Sound  started
239.8603 	DATA 	Keypress: rctrl
239.9627 	EXP 	Sound  started
240.7127 	EXP 	Sound  started
240.7404 	DATA 	Keypress: rctrl
241.4603 	DATA 	Keypress: lctrl
241.4627 	EXP 	Sound  started
242.2127 	EXP 	Sound  started
242.2283 	DATA 	Keypress: lctrl
242.9323 	DATA 	Keypress: rctrl
242.9627 	EXP 	Sound  started
243.6683 	DATA 	Keypress: lctrl
243.7127 	EXP 	Sound  started
244.4627 	EXP 	Sound  started
244.4683 	DATA 	Keypress: rctrl
245.1883 	DATA 	Keypress: lctrl
245.2128 	EXP 	Sound  started
245.9563 	DATA 	Keypress: rctrl
245.9628 	EXP 	Sound  started
246.7128 	EXP 	Sound  started
246.7403 	DATA 	Keypress: rctrl
247.4628 	EXP 	Sound  started
247.4923 	DATA 	Keypress: rctrl
248.1483 	DATA 	Keypress: lctrl
248.2128 	EXP 	Sound  started
248.9163 	DATA 	Keypress: lctrl
248.9628 	EXP 	Sound  started
249.6363 	DATA 	Keypress: lctrl
249.7128 	EXP 	Sound  started
250.3884 	DATA 	Keypress: lctrl
250.4629 	EXP 	Sound  started
251.1723 	DATA 	Keypress: rctrl
251.2129 	EXP 	Sound  started
251.9563 	DATA 	Keypress: rctrl
251.9629 	EXP 	Sound  started
252.7129 	EXP 	Sound  started
252.7243 	DATA 	Keypress: rctrl
253.4629 	EXP 	Sound  started
253.4763 	DATA 	Keypress: rctrl
254.1963 	DATA 	Keypress: rctrl
254.2129 	EXP 	Sound  started
254.9163 	DATA 	Keypress: lctrl
254.9629 	EXP 	Sound  started
255.7129 	EXP 	Sound  started
255.7323 	DATA 	Keypress: lctrl
256.4630 	EXP 	Sound  started
256.5003 	DATA 	Keypress: lctrl
257.2130 	EXP 	Sound  started
257.2524 	DATA 	Keypress: lctrl
257.9630 	EXP 	Sound  started
257.9882 	DATA 	Keypress: lctrl
258.7083 	DATA 	Keypress: rctrl
258.7130 	EXP 	Sound  started
259.4630 	EXP 	Sound  started
259.4923 	DATA 	Keypress: rctrl
260.1963 	DATA 	Keypress: lctrl
260.2130 	EXP 	Sound  started
260.9483 	DATA 	Keypress: rctrl
260.9630 	EXP 	Sound  started
261.7130 	EXP 	Sound  started
261.7483 	DATA 	Keypress: rctrl
262.4043 	DATA 	Keypress: lctrl
262.4631 	EXP 	Sound  started
263.1083 	DATA 	Keypress: lctrl
263.2131 	EXP 	Sound  started
263.8443 	DATA 	Keypress: lctrl
263.9631 	EXP 	Sound  started
264.5483 	DATA 	Keypress: rctrl
264.7131 	EXP 	Sound  started
265.3963 	DATA 	Keypress: rctrl
265.4631 	EXP 	Sound  started
266.1963 	DATA 	Keypress: rctrl
266.2131 	EXP 	Sound  started
266.8684 	DATA 	Keypress: lctrl
266.9632 	EXP 	Sound  started
267.7132 	EXP 	Sound  started
267.7483 	DATA 	Keypress: lctrl
268.4632 	EXP 	Sound  started
268.4843 	DATA 	Keypress: lctrl
269.2132 	EXP 	Sound  started
269.2523 	DATA 	Keypress: lctrl
269.9632 	EXP 	Sound  started
269.9724 	DATA 	Keypress: rctrl
270.7132 	EXP 	Sound  started
270.7563 	DATA 	Keypress: rctrl
271.4632 	EXP 	Sound  started
271.5723 	DATA 	Keypress: rctrl
272.2132 	EXP 	Sound  started
272.3244 	DATA 	Keypress: rctrl
272.9941 	DATA 	Keypress: lctrl
276.9765 	DATA 	Keypress: 3
276.9930 	EXP 	unnamed ShapeStim: vertices = <class 'numpy.ndarray'>
281.7508 	DATA 	Keypress: 2
281.7803 	EXP 	unnamed ShapeStim: vertices = <class 'numpy.ndarray'>
287.9522 	DATA 	Keypress: 2
287.9687 	EXP 	unnamed ShapeStim: vertices = <class 'numpy.ndarray'>
290.2540 	EXP 	Sound  started
290.2542 	DATA 	Keypress: rctrl
290.9644 	DATA 	Keypress: rctrl
291.0040 	EXP 	Sound  started
291.7483 	DATA 	Keypress: rctrl
291.7540 	EXP 	Sound  started
292.4203 	DATA 	Keypress: rctrl
292.5040 	EXP 	Sound  started
293.2203 	DATA 	Keypress: rctrl
293.2540 	EXP 	Sound  started
293.9243 	DATA 	Keypress: lctrl
294.0040 	EXP 	Sound  started
294.5963 	DATA 	Keypress: lctrl
294.7541 	EXP 	Sound  started
295.3803 	DATA 	Keypress: lctrl
295.5041 	EXP 	Sound  started
296.1003 	DATA 	Keypress: rctrl
296.2541 	EXP 	Sound  started
296.8043 	DATA 	Keypress: rctrl
297.0041 	EXP 	Sound  started
297.6043 	DATA 	Keypress: lctrl
297.7541 	EXP 	Sound  started
298.3883 	DATA 	Keypress: rctrl
298.5041 	EXP 	Sound  started
299.0923 	DATA 	Keypress: lctrl
299.2541 	EXP 	Sound  started
299.8123 	DATA 	Keypress: rctrl
300.0042 	EXP 	Sound  started
300.6283 	DATA 	Keypress: rctrl
300.7542 	EXP 	Sound  started
301.4604 	DATA 	Keypress: rctrl
301.5042 	EXP 	Sound  started
302.1163 	DATA 	Keypress: lctrl
302.2542 	EXP 	Sound  started
302.8683 	DATA 	Keypress: lctrl
303.0042 	EXP 	Sound  started
303.6843 	DATA 	Keypress: lctrl
303.7542 	EXP 	Sound  started
304.4043 	DATA 	Keypress: lctrl
304.5042 	EXP 	Sound  started
305.2363 	DATA 	Keypress: lctrl
305.2543 	EXP 	Sound  started
305.7963 	DATA 	Keypress: rctrl
306.0043 	EXP 	Sound  started
306.7543 	EXP 	Sound  started
306.7564 	DATA 	Keypress: rctrl
307.4763 	DATA 	Keypress: rctrl
307.5043 	EXP 	Sound  started
308.1803 	DATA 	Keypress: rctrl
308.2543 	EXP 	Sound  started
308.9483 	DATA 	Keypress: rctrl
309.0044 	EXP 	Sound  started
309.7544 	EXP 	Sound  started
309.7643 	DATA 	Keypress: lctrl
310.4044 	DATA 	Keypress: lctrl
310.5044 	EXP 	Sound  started
310.9964 	DATA 	Keypress: rctrl
311.2544 	EXP 	Sound  started
311.8764 	DATA 	Keypress: rctrl
312.0044 	EXP 	Sound  started
312.7404 	DATA 	Keypress: lctrl
312.7544 	EXP 	Sound  started
313.4283 	DATA 	Keypress: rctrl
313.5044 	EXP 	Sound  started
314.2123 	DATA 	Keypress: lctrl
314.2545 	EXP 	Sound  started
314.9803 	DATA 	Keypress: rctrl
315.0045 	EXP 	Sound  started
315.6843 	DATA 	Keypress: lctrl
315.7545 	EXP 	Sound  started
316.5045 	EXP 	Sound  started
316.5323 	DATA 	Keypress: rctrl
317.2043 	DATA 	Keypress: lctrl
317.2545 	EXP 	Sound  started
318.0043 	DATA 	Keypress: rctrl
318.0045 	EXP 	Sound  started
318.6924 	DATA 	Keypress: lctrl
318.7546 	EXP 	Sound  started
319.5046 	EXP 	Sound  started
319.5243 	DATA 	Keypress: rctrl
320.2546 	EXP 	Sound  started
320.2603 	DATA 	Keypress: lctrl
321.0046 	EXP 	Sound  started
321.0443 	DATA 	Keypress: rctrl
321.7323 	DATA 	Keypress: rctrl
321.7546 	EXP 	Sound  started
322.3883 	DATA 	Keypress: lctrl
322.5046 	EXP 	Sound  started
323.1563 	DATA 	Keypress: lctrl
323.2546 	EXP 	Sound  started
323.8283 	DATA 	Keypress: rctrl
324.0046 	EXP 	Sound  started
324.5964 	DATA 	Keypress: rctrl
324.7547 	EXP 	Sound  started
325.3803 	DATA 	Keypress: rctrl
325.5047 	EXP 	Sound  started
326.0683 	DATA 	Keypress: lctrl
326.2547 	EXP 	Sound  started
326.8843 	DATA 	Keypress: lctrl
327.0047 	EXP 	Sound  started
327.5883 	DATA 	Keypress: lctrl
327.7547 	EXP 	Sound  started
328.3243 	DATA 	Keypress: lctrl
328.5047 	EXP 	Sound  started
329.1723 	DATA 	Keypress: lctrl
329.2548 	EXP 	Sound  started
329.9082 	DATA 	Keypress: rctrl
330.0048 	EXP 	Sound  started
330.6763 	DATA 	Keypress: rctrl
330.7548 	EXP 	Sound  started
331.4443 	DATA 	Keypress: rctrl
331.5048 	EXP 	Sound  started
332.1963 	DATA 	Keypress: rctrl
332.2548 	EXP 	Sound  started
332.9804 	DATA 	Keypress: rctrl
333.0048 	EXP 	Sound  started
333.7163 	DATA 	Keypress: lctrl
333.7548 	EXP 	Sound  started
334.4683 	DATA 	Keypress: lctrl
334.5048 	EXP 	Sound  started
335.2043 	DATA 	Keypress: rctrl
335.2549 	EXP 	Sound  started
335.9563 	DATA 	Keypress: lctrl
336.0049 	EXP 	Sound  started
336.5963 	DATA 	Keypress: lctrl
336.7549 	EXP 	Sound  started
337.3643 	DATA 	Keypress: rctrl
337.5049 	EXP 	Sound  started
338.1483 	DATA 	Keypress: rctrl
338.2549 	EXP 	Sound  started
338.9324 	DATA 	Keypress: rctrl
339.0049 	EXP 	Sound  started
339.6682 	DATA 	Keypress: lctrl
339.7549 	EXP 	Sound  started
340.3723 	DATA 	Keypress: lctrl
340.5050 	EXP 	Sound  started
341.2043 	DATA 	Keypress: lctrl
341.2550 	EXP 	Sound  started
341.9723 	DATA 	Keypress: lctrl
342.0050 	EXP 	Sound  started
342.7550 	EXP 	Sound  started
342.7563 	DATA 	Keypress: rctrl
343.5050 	EXP 	Sound  started
343.5403 	DATA 	Keypress: rctrl
344.2859 	DATA 	Keypress: rctrl
348.0051 	DATA 	Keypress: 3
348.0345 	EXP 	unnamed ShapeStim: vertices = <class 'numpy.ndarray'>
351.5580 	DATA 	Keypress: 3
351.5875 	EXP 	unnamed ShapeStim: vertices = <class 'numpy.ndarray'>
354.5567 	DATA 	Keypress: 3
354.5732 	EXP 	unnamed ShapeStim: vertices = <class 'numpy.ndarray'>
356.8580 	EXP 	Sound  started
356.8582 	DATA 	Keypress: lctrl
357.4283 	DATA 	Keypress: lctrl
357.6080 	EXP 	Sound  started
358.3580 	EXP 	Sound  started
358.3724 	DATA 	Keypress: rctrl
359.1081 	EXP 	Sound  started
359.1403 	DATA 	Keypress: rctrl
359.7643 	DATA 	Keypress: lctrl
359.8581 	EXP 	Sound  started
360.5323 	DATA 	Keypress: rctrl
360.6081 	EXP 	Sound  started
361.3163 	DATA 	Keypress: rctrl
361.3581 	EXP 	Sound  started
362.1003 	DATA 	Keypress: rctrl
362.1081 	EXP 	Sound  started
362.8203 	DATA 	Keypress: rctrl
362.8581 	EXP 	Sound  started
363.4283 	DATA 	Keypress: lctrl
363.6082 	EXP 	Sound  started
364.2604 	DATA 	Keypress: lctrl
364.3582 	EXP 	Sound  started
364.9643 	DATA 	Keypress: rctrl
365.1082 	EXP 	Sound  started
365.6363 	DATA 	Keypress: rctrl
365.8582 	EXP 	Sound  started
366.4042 	DATA 	Keypress: rctrl
366.6082 	EXP 	Sound  started
367.0922 	DATA 	Keypress: rctrl
367.3582 	EXP 	Sound  started
367.8603 	DATA 	Keypress: rctrl
368.1082 	EXP 	Sound  started
368.6124 	DATA 	Keypress: lctrl
368.8583 	EXP 	Sound  started
369.3163 	DATA 	Keypress: lctrl
369.6083 	EXP 	Sound  started
369.9723 	DATA 	Keypress: lctrl
370.3583 	EXP 	Sound  started
370.6923 	DATA 	Keypress: rctrl
371.1083 	EXP 	Sound  started
371.6683 	DATA 	Keypress: rctrl
371.8583 	EXP 	Sound  started
372.5803 	DATA 	Keypress: rctrl
372.6083 	EXP 	Sound  started
373.3163 	DATA 	Keypress: lctrl
373.3583 	EXP 	Sound  started
374.0843 	DATA 	Keypress: lctrl
374.1084 	EXP 	Sound  started
374.7403 	DATA 	Keypress: lctrl
374.8584 	EXP 	Sound  started
375.4763 	DATA 	Keypress: rctrl
375.6084 	EXP 	Sound  started
376.1964 	DATA 	Keypress: lctrl
376.3584 	EXP 	Sound  started
376.9483 	DATA 	Keypress: rctrl
377.1084 	EXP 	Sound  started
377.6682 	DATA 	Keypress: lctrl
377.8584 	EXP 	Sound  started
378.5323 	DATA 	Keypress: lctrl
378.6084 	EXP 	Sound  started
379.2683 	DATA 	Keypress: rctrl
379.3584 	EXP 	Sound  started
380.0043 	DATA 	Keypress: rctrl
380.1085 	EXP 	Sound  started
380.7883 	DATA 	Keypress: rctrl
380.8585 	EXP 	Sound  started
381.4443 	DATA 	Keypress: lctrl
381.6085 	EXP 	Sound  started
382.2283 	DATA 	Keypress: lctrl
382.3585 	EXP 	Sound  started
382.9002 	DATA 	Keypress: lctrl
383.1085 	EXP 	Sound  started
383.5563 	DATA 	Keypress: lctrl
383.8585 	EXP 	Sound  started
384.2443 	DATA 	Keypress: rctrl
384.6085 	EXP 	Sound  started
385.0284 	DATA 	Keypress: rctrl
385.3586 	EXP 	Sound  started
385.7484 	DATA 	Keypress: lctrl
386.1086 	EXP 	Sound  started
386.4684 	DATA 	Keypress: lctrl
386.8586 	EXP 	Sound  started
387.4763 	DATA 	Keypress: rctrl
387.6086 	EXP 	Sound  started
388.2923 	DATA 	Keypress: rctrl
388.3586 	EXP 	Sound  started
388.9323 	DATA 	Keypress: lctrl
389.1086 	EXP 	Sound  started
389.7164 	DATA 	Keypress: rctrl
389.8587 	EXP 	Sound  started
390.5803 	DATA 	Keypress: lctrl
390.6087 	EXP 	Sound  started
391.3587 	EXP 	Sound  started
391.4123 	DATA 	Keypress: rctrl
392.0363 	DATA 	Keypress: lctrl
392.1087 	EXP 	Sound  started
392.7564 	DATA 	Keypress: rctrl
392.8587 	EXP 	Sound  started
393.4763 	DATA 	Keypress: lctrl
393.6087 	EXP 	Sound  started
394.1803 	DATA 	Keypress: lctrl
394.3587 	EXP 	Sound  started
394.9483 	DATA 	Keypress: lctrl
395.1087 	EXP 	Sound  started
395.6043 	DATA 	Keypress: rctrl
395.8588 	EXP 	Sound  started
396.4684 	DATA 	Keypress: rctrl
396.6088 	EXP 	Sound  started
397.3324 	DATA 	Keypress: rctrl
397.3588 	EXP 	Sound  started
398.0523 	DATA 	Keypress: lctrl
398.1088 	EXP 	Sound  started
398.8363 	DATA 	Keypress: lctrl
398.8588 	EXP 	Sound  started
399.5563 	DATA 	Keypress: lctrl
399.6088 	EXP 	Sound  started
400.2603 	DATA 	Keypress: rctrl
400.3588 	EXP 	Sound  started
401.0763 	DATA 	Keypress: rctrl
401.1089 	EXP 	Sound  started
401.8589 	EXP 	Sound  started
401.8603 	DATA 	Keypress: rctrl
402.5804 	DATA 	Keypress: rctrl
402.6089 	EXP 	Sound  started
403.3323 	DATA 	Keypress: rctrl
403.3589 	EXP 	Sound  started
404.1003 	DATA 	Keypress: rctrl
407.5502 	DATA 	Keypress: 3
407.5667 	EXP 	unnamed ShapeStim: vertices = <class 'numpy.ndarray'>
413.4384 	DATA 	Keypress: 2
413.4549 	EXP 	unnamed ShapeStim: vertices = <class 'numpy.ndarray'>
420.2310 	DATA 	Keypress: 3
420.2605 	EXP 	unnamed ShapeStim: vertices = <class 'numpy.ndarray'>
422.5458 	EXP 	Sound  started
422.5460 	DATA 	Keypress: rctrl
423.2958 	EXP 	Sound  started
423.3483 	DATA 	Keypress: rctrl
424.0364 	DATA 	Keypress: rctrl
424.0458 	EXP 	Sound  started
424.7723 	DATA 	Keypress: rctrl
424.7958 	EXP 	Sound  started
425.5083 	DATA 	Keypress: rctrl
425.5458 	EXP 	Sound  started
426.2605 	DATA 	Keypress: rctrl
426.2958 	EXP 	Sound  started
426.9164 	DATA 	Keypress: rctrl
427.0458 	EXP 	Sound  started
427.7003 	DATA 	Keypress: rctrl
427.7959 	EXP 	Sound  started
428.4043 	DATA 	Keypress: rctrl
428.5459 	EXP 	Sound  started
429.1563 	DATA 	Keypress: rctrl
429.2959 	EXP 	Sound  started
429.9563 	DATA 	Keypress: lctrl
430.0459 	EXP 	Sound  started
430.7244 	DATA 	Keypress: rctrl
430.7959 	EXP 	Sound  started
431.4283 	DATA 	Keypress: rctrl
431.5459 	EXP 	Sound  started
432.1323 	DATA 	Keypress: lctrl
432.2959 	EXP 	Sound  started
432.9003 	DATA 	Keypress: lctrl
433.0460 	EXP 	Sound  started
433.7164 	DATA 	Keypress: lctrl
433.7960 	EXP 	Sound  started
434.5164 	DATA 	Keypress: lctrl
434.5460 	EXP 	Sound  started
435.2043 	DATA 	Keypress: lctrl
435.2960 	EXP 	Sound  started
435.8924 	DATA 	Keypress: lctrl
436.0460 	EXP 	Sound  started
436.7243 	DATA 	Keypress: lctrl
436.7960 	EXP 	Sound  started
437.4923 	DATA 	Keypress: lctrl
437.5461 	EXP 	Sound  started
438.1963 	DATA 	Keypress: lctrl
438.2961 	EXP 	Sound  started
438.9163 	DATA 	Keypress: rctrl
439.0461 	EXP 	Sound  started
439.6204 	DATA 	Keypress: rctrl
439.7961 	EXP 	Sound  started
440.4523 	DATA 	Keypress: rctrl
440.5461 	EXP 	Sound  started
441.2961 	EXP 	Sound  started
441.3003 	DATA 	Keypress: rctrl
442.0045 	DATA 	Keypress: rctrl
442.0461 	EXP 	Sound  started
442.6764 	DATA 	Keypress: lctrl
442.7961 	EXP 	Sound  started
443.5462 	EXP 	Sound  started
443.5564 	DATA 	Keypress: lctrl
444.2444 	DATA 	Keypress: lctrl
444.2962 	EXP 	Sound  started
444.9803 	DATA 	Keypress: lctrl
445.0462 	EXP 	Sound  started
445.7164 	DATA 	Keypress: lctrl
445.7962 	EXP 	Sound  started
446.4844 	DATA 	Keypress: lctrl
446.5462 	EXP 	Sound  started
447.2683 	DATA 	Keypress: lctrl
447.2962 	EXP 	Sound  started
447.9885 	DATA 	Keypress: rctrl
448.0463 	EXP 	Sound  started
448.6603 	DATA 	Keypress: rctrl
448.7963 	EXP 	Sound  started
449.3323 	DATA 	Keypress: lctrl
449.5463 	EXP 	Sound  started
450.1803 	DATA 	Keypress: lctrl
450.2963 	EXP 	Sound  started
450.8523 	DATA 	Keypress: lctrl
451.0463 	EXP 	Sound  started
451.6205 	DATA 	Keypress: rctrl
451.7963 	EXP 	Sound  started
452.3403 	DATA 	Keypress: lctrl
452.5463 	EXP 	Sound  started
453.1403 	DATA 	Keypress: rctrl
453.2963 	EXP 	Sound  started
453.8603 	DATA 	Keypress: lctrl
454.0463 	EXP 	Sound  started
454.6764 	DATA 	Keypress: rctrl
454.7964 	EXP 	Sound  started
455.4443 	DATA 	Keypress: rctrl
455.5464 	EXP 	Sound  started
456.2123 	DATA 	Keypress: rctrl
456.2964 	EXP 	Sound  started
456.7884 	DATA 	Keypress: lctrl
457.0464 	EXP 	Sound  started
457.5723 	DATA 	Keypress: lctrl
457.7964 	EXP 	Sound  started
458.2603 	DATA 	Keypress: lctrl
458.5464 	EXP 	Sound  started
459.1243 	DATA 	Keypress: lctrl
459.2964 	EXP 	Sound  started
459.8923 	DATA 	Keypress: rctrl
460.0464 	EXP 	Sound  started
460.6763 	DATA 	Keypress: rctrl
460.7965 	EXP 	Sound  started
461.4443 	DATA 	Keypress: lctrl
461.5465 	EXP 	Sound  started
462.1803 	DATA 	Keypress: rctrl
462.2965 	EXP 	Sound  started
462.9004 	DATA 	Keypress: lctrl
463.0465 	EXP 	Sound  started
463.6843 	DATA 	Keypress: rctrl
463.7965 	EXP 	Sound  started
464.4683 	DATA 	Keypress: lctrl
464.5465 	EXP 	Sound  started
465.2203 	DATA 	Keypress: rctrl
465.2965 	EXP 	Sound  started
465.9723 	DATA 	Keypress: rctrl
466.0465 	EXP 	Sound  started
466.7403 	DATA 	Keypress: rctrl
466.7966 	EXP 	Sound  started
467.5466 	EXP 	Sound  started
467.5883 	DATA 	Keypress: rctrl
468.2923 	DATA 	Keypress: rctrl
468.2966 	EXP 	Sound  started
469.0283 	DATA 	Keypress: rctrl
469.0466 	EXP 	Sound  started
469.7643 	DATA 	Keypress: rctrl
469.7966 	EXP 	Sound  started
470.5163 	DATA 	Keypress: rctrl
470.5466 	EXP 	Sound  started
471.2683 	DATA 	Keypress: lctrl
471.2966 	EXP 	Sound  started
471.9723 	DATA 	Keypress: lctrl
472.0467 	EXP 	Sound  started
472.7723 	DATA 	Keypress: lctrl
472.7967 	EXP 	Sound  started
473.5467 	EXP 	Sound  started
473.5884 	DATA 	Keypress: lctrl
474.2967 	EXP 	Sound  started
474.3403 	DATA 	Keypress: lctrl
475.0283 	DATA 	Keypress: lctrl
475.0467 	EXP 	Sound  started
475.7324 	DATA 	Keypress: lctrl
475.7967 	EXP 	Sound  started
476.5003 	DATA 	Keypress: rctrl
476.5467 	EXP 	Sound  started
477.2684 	DATA 	Keypress: rctrl
477.2968 	EXP 	Sound  started
478.0203 	DATA 	Keypress: rctrl
478.0468 	EXP 	Sound  started
478.7243 	DATA 	Keypress: lctrl
478.7968 	EXP 	Sound  started
479.4603 	DATA 	Keypress: rctrl
479.5468 	EXP 	Sound  started
480.2603 	DATA 	Keypress: lctrl
480.2968 	EXP 	Sound  started
481.0468 	EXP 	Sound  started
481.0603 	DATA 	Keypress: rctrl
481.7163 	DATA 	Keypress: lctrl
486.9357 	DATA 	Keypress: 3
486.9651 	EXP 	unnamed ShapeStim: vertices = <class 'numpy.ndarray'>
490.5850 	DATA 	Keypress: 2
490.6014 	EXP 	unnamed ShapeStim: vertices = <class 'numpy.ndarray'>
493.0541 	DATA 	Keypress: 3
493.0706 	EXP 	unnamed ShapeStim: vertices = <class 'numpy.ndarray'>
495.3562 	EXP 	Sound  started
495.3564 	DATA 	Keypress: rctrl
496.1062 	EXP 	Sound  started
496.1485 	DATA 	Keypress: rctrl
496.8363 	DATA 	Keypress: rctrl
496.8562 	EXP 	Sound  started
497.5884 	DATA 	Keypress: rctrl
497.6062 	EXP 	Sound  started
498.3243 	DATA 	Keypress: rctrl
498.3562 	EXP 	Sound  started
499.1063 	EXP 	Sound  started
499.1244 	DATA 	Keypress: rctrl
499.8123 	DATA 	Keypress: rctrl
499.8563 	EXP 	Sound  started
500.5483 	DATA 	Keypress: rctrl
500.6063 	EXP 	Sound  started
501.2843 	DATA 	Keypress: lctrl
501.3563 	EXP 	Sound  started
502.0044 	DATA 	Keypress: rctrl
502.1063 	EXP 	Sound  started
502.6764 	DATA 	Keypress: lctrl
502.8563 	EXP 	Sound  started
503.4283 	DATA 	Keypress: lctrl
503.6063 	EXP 	Sound  started
504.1963 	DATA 	Keypress: lctrl
504.3564 	EXP 	Sound  started
504.8524 	DATA 	Keypress: rctrl
505.1064 	EXP 	Sound  started
505.5563 	DATA 	Keypress: rctrl
505.8564 	EXP 	Sound  started
506.2764 	DATA 	Keypress: lctrl
506.6064 	EXP 	Sound  started
507.1563 	DATA 	Keypress: rctrl
507.3564 	EXP 	Sound  started
508.0523 	DATA 	Keypress: lctrl
508.1064 	EXP 	Sound  started
508.7563 	DATA 	Keypress: rctrl
508.8564 	EXP 	Sound  started
509.4283 	DATA 	Keypress: lctrl
509.6065 	EXP 	Sound  started
510.2763 	DATA 	Keypress: lctrl
510.3565 	EXP 	Sound  started
510.9643 	DATA 	Keypress: lctrl
511.1065 	EXP 	Sound  started
511.7324 	DATA 	Keypress: rctrl
511.8565 	EXP 	Sound  started
512.4523 	DATA 	Keypress: rctrl
512.6065 	EXP 	Sound  started
513.2363 	DATA 	Keypress: lctrl
513.3565 	EXP 	Sound  started
513.9563 	DATA 	Keypress: lctrl
514.1065 	EXP 	Sound  started
514.6124 	DATA 	Keypress: lctrl
514.8565 	EXP 	Sound  started
515.3963 	DATA 	Keypress: rctrl
515.6066 	EXP 	Sound  started
516.2124 	DATA 	Keypress: rctrl
516.3566 	EXP 	Sound  started
516.9803 	DATA 	Keypress: rctrl
517.1066 	EXP 	Sound  started
517.7004 	DATA 	Keypress: rctrl
517.8566 	EXP 	Sound  started
518.5003 	DATA 	Keypress: rctrl
518.6066 	EXP 	Sound  started
519.2363 	DATA 	Keypress: lctrl
519.3566 	EXP 	Sound  started
519.8923 	DATA 	Keypress: rctrl
520.1066 	EXP 	Sound  started
520.6604 	DATA 	Keypress: lctrl
520.8566 	EXP 	Sound  started
521.4923 	DATA 	Keypress: lctrl
521.6067 	EXP 	Sound  started
522.1803 	DATA 	Keypress: rctrl
522.3567 	EXP 	Sound  started
522.9324 	DATA 	Keypress: rctrl
523.1067 	EXP 	Sound  started
523.6042 	DATA 	Keypress: rctrl
523.8567 	EXP 	Sound  started
524.4203 	DATA 	Keypress: lctrl
524.6067 	EXP 	Sound  started
525.2203 	DATA 	Keypress: lctrl
525.3567 	EXP 	Sound  started
525.8923 	DATA 	Keypress: lctrl
526.1067 	EXP 	Sound  started
526.5643 	DATA 	Keypress: rctrl
526.8567 	EXP 	Sound  started
527.3643 	DATA 	Keypress: lctrl
527.6068 	EXP 	Sound  started
528.1483 	DATA 	Keypress: rctrl
528.3568 	EXP 	Sound  started
528.9643 	DATA 	Keypress: lctrl
529.1068 	EXP 	Sound  started
529.7003 	DATA 	Keypress: rctrl
529.8568 	EXP 	Sound  started
530.5003 	DATA 	Keypress: lctrl
530.6068 	EXP 	Sound  started
531.2364 	DATA 	Keypress: rctrl
531.3568 	EXP 	Sound  started
531.9243 	DATA 	Keypress: rctrl
532.1069 	EXP 	Sound  started
532.6924 	DATA 	Keypress: lctrl
532.8569 	EXP 	Sound  started
533.3483 	DATA 	Keypress: lctrl
533.6069 	EXP 	Sound  started
534.1163 	DATA 	Keypress: lctrl
534.3569 	EXP 	Sound  started
534.9643 	DATA 	Keypress: rctrl
535.1069 	EXP 	Sound  started
535.7163 	DATA 	Keypress: lctrl
535.8569 	EXP 	Sound  started
536.5644 	DATA 	Keypress: rctrl
536.6070 	EXP 	Sound  started
537.2683 	DATA 	Keypress: lctrl
537.3569 	EXP 	Sound  started
538.0364 	DATA 	Keypress: rctrl
538.1070 	EXP 	Sound  started
538.6923 	DATA 	Keypress: rctrl
538.8570 	EXP 	Sound  started
539.4763 	DATA 	Keypress: rctrl
539.6070 	EXP 	Sound  started
540.1483 	DATA 	Keypress: lctrl
540.3570 	EXP 	Sound  started
540.8524 	DATA 	Keypress: rctrl
541.1070 	EXP 	Sound  started
541.5404 	DATA 	Keypress: lctrl
541.8571 	EXP 	Sound  started
542.2124 	DATA 	Keypress: rctrl
542.6071 	EXP 	Sound  started
542.9163 	DATA 	Keypress: rctrl
543.3571 	EXP 	Sound  started
543.7323 	DATA 	Keypress: rctrl
544.1071 	EXP 	Sound  started
544.4523 	DATA 	Keypress: rctrl
544.8571 	EXP 	Sound  started
545.2363 	DATA 	Keypress: lctrl
545.6071 	EXP 	Sound  started
546.0523 	DATA 	Keypress: lctrl
546.3571 	EXP 	Sound  started
546.7723 	DATA 	Keypress: rctrl
547.1072 	EXP 	Sound  started
547.5243 	DATA 	Keypress: rctrl
547.8572 	EXP 	Sound  started
548.2123 	DATA 	Keypress: lctrl
548.6072 	EXP 	Sound  started
548.9484 	DATA 	Keypress: rctrl
553.1030 	DATA 	Keypress: 4
553.1194 	EXP 	unnamed ShapeStim: vertices = <class 'numpy.ndarray'>
557.0061 	DATA 	Keypress: 2
557.0226 	EXP 	unnamed ShapeStim: vertices = <class 'numpy.ndarray'>
559.3752 	DATA 	Keypress: 2
559.3917 	EXP 	unnamed ShapeStim: vertices = <class 'numpy.ndarray'>
561.6769 	EXP 	Sound  started
561.6771 	DATA 	Keypress: rctrl
562.4044 	DATA 	Keypress: rctrl
562.4269 	EXP 	Sound  started
563.1769 	EXP 	Sound  started
563.2683 	DATA 	Keypress: rctrl
563.8923 	DATA 	Keypress: rctrl
563.9269 	EXP 	Sound  started
564.6764 	DATA 	Keypress: rctrl
564.6769 	EXP 	Sound  started
565.3483 	DATA 	Keypress: rctrl
565.4269 	EXP 	Sound  started
566.0524 	DATA 	Keypress: lctrl
566.1769 	EXP 	Sound  started
566.7564 	DATA 	Keypress: rctrl
566.9270 	EXP 	Sound  started
567.5883 	DATA 	Keypress: rctrl
567.6770 	EXP 	Sound  started
568.2123 	DATA 	Keypress: rctrl
568.4270 	EXP 	Sound  started
568.9003 	DATA 	Keypress: lctrl
569.1770 	EXP 	Sound  started
569.5883 	DATA 	Keypress: lctrl
569.9270 	EXP 	Sound  started
570.3404 	DATA 	Keypress: rctrl
570.6770 	EXP 	Sound  started
571.2043 	DATA 	Keypress: lctrl
571.4270 	EXP 	Sound  started
572.0363 	DATA 	Keypress: lctrl
572.1770 	EXP 	Sound  started
572.7563 	DATA 	Keypress: lctrl
572.9271 	EXP 	Sound  started
573.4444 	DATA 	Keypress: rctrl
573.6771 	EXP 	Sound  started
574.1323 	DATA 	Keypress: lctrl
574.4271 	EXP 	Sound  started
574.8683 	DATA 	Keypress: lctrl
575.1771 	EXP 	Sound  started
575.5563 	DATA 	Keypress: rctrl
575.9271 	EXP 	Sound  started
576.3403 	DATA 	Keypress: rctrl
576.6771 	EXP 	Sound  started
577.1403 	DATA 	Keypress: rctrl
577.4271 	EXP 	Sound  started
577.9563 	DATA 	Keypress: lctrl
578.1772 	EXP 	Sound  started
578.6603 	DATA 	Keypress: lctrl
578.9272 	EXP 	Sound  started
579.4123 	DATA 	Keypress: lctrl
579.6772 	EXP 	Sound  started
580.1003 	DATA 	Keypress: lctrl
580.4272 	EXP 	Sound  started
580.8843 	DATA 	Keypress: rctrl
581.1772 	EXP 	Sound  started
581.7004 	DATA 	Keypress: rctrl
581.9272 	EXP 	Sound  started
582.5004 	DATA 	Keypress: rctrl
582.6772 	EXP 	Sound  started
583.2203 	DATA 	Keypress: rctrl
583.4272 	EXP 	Sound  started
583.9563 	DATA 	Keypress: rctrl
584.1773 	EXP 	Sound  started
584.6923 	DATA 	Keypress: rctrl
584.9273 	EXP 	Sound  started
585.5243 	DATA 	Keypress: lctrl
585.6773 	EXP 	Sound  started
586.1804 	DATA 	Keypress: lctrl
586.4273 	EXP 	Sound  started
586.9004 	DATA 	Keypress: rctrl
587.1773 	EXP 	Sound  started
587.5883 	DATA 	Keypress: rctrl
587.9273 	EXP 	Sound  started
588.2764 	DATA 	Keypress: lctrl
588.6774 	EXP 	Sound  started
589.0763 	DATA 	Keypress: lctrl
589.4274 	EXP 	Sound  started
589.7804 	DATA 	Keypress: lctrl
590.1774 	EXP 	Sound  started
590.6763 	DATA 	Keypress: rctrl
590.9274 	EXP 	Sound  started
591.4603 	DATA 	Keypress: rctrl
591.6774 	EXP 	Sound  started
592.2125 	DATA 	Keypress: rctrl
592.4274 	EXP 	Sound  started
593.0445 	DATA 	Keypress: lctrl
593.1774 	EXP 	Sound  started
593.8283 	DATA 	Keypress: lctrl
593.9274 	EXP 	Sound  started
594.5163 	DATA 	Keypress: rctrl
594.6774 	EXP 	Sound  started
595.3164 	DATA 	Keypress: rctrl
595.4275 	EXP 	Sound  started
596.0043 	DATA 	Keypress: lctrl
596.1775 	EXP 	Sound  started
596.7563 	DATA 	Keypress: lctrl
596.9275 	EXP 	Sound  started
597.4443 	DATA 	Keypress: rctrl
597.6775 	EXP 	Sound  started
598.3243 	DATA 	Keypress: rctrl
598.4275 	EXP 	Sound  started
599.0603 	DATA 	Keypress: rctrl
599.1775 	EXP 	Sound  started
599.8284 	DATA 	Keypress: lctrl
599.9276 	EXP 	Sound  started
600.5963 	DATA 	Keypress: rctrl
600.6776 	EXP 	Sound  started
601.3163 	DATA 	Keypress: lctrl
601.4276 	EXP 	Sound  started
602.0043 	DATA 	Keypress: rctrl
602.1776 	EXP 	Sound  started
602.6444 	DATA 	Keypress: lctrl
602.9276 	EXP 	Sound  started
603.4284 	DATA 	Keypress: lctrl
603.6776 	EXP 	Sound  started
604.1323 	DATA 	Keypress: lctrl
604.4276 	EXP 	Sound  started
604.8043 	DATA 	Keypress: rctrl
605.1776 	EXP 	Sound  started
605.6044 	DATA 	Keypress: rctrl
605.9276 	EXP 	Sound  started
606.3244 	DATA 	Keypress: lctrl
606.6777 	EXP 	Sound  started
607.1243 	DATA 	Keypress: lctrl
607.4277 	EXP 	Sound  started
607.8283 	DATA 	Keypress: rctrl
608.1777 	EXP 	Sound  started
608.5643 	DATA 	Keypress: lctrl
608.9277 	EXP 	Sound  started
609.3804 	DATA 	Keypress: rctrl
609.6777 	EXP 	Sound  started
610.1003 	DATA 	Keypress: lctrl
610.4277 	EXP 	Sound  started
611.0124 	DATA 	Keypress: rctrl
611.1777 	EXP 	Sound  started
611.7804 	DATA 	Keypress: lctrl
611.9278 	EXP 	Sound  started
612.4843 	DATA 	Keypress: rctrl
612.6778 	EXP 	Sound  started
613.1884 	DATA 	Keypress: lctrl
613.4278 	EXP 	Sound  started
613.9563 	DATA 	Keypress: lctrl
620.6083 	DATA 	Keypress: 3
620.6248 	EXP 	unnamed ShapeStim: vertices = <class 'numpy.ndarray'>
624.1983 	DATA 	Keypress: 3
624.2277 	EXP 	unnamed ShapeStim: vertices = <class 'numpy.ndarray'>
626.4964 	DATA 	Keypress: 2
626.5129 	EXP 	unnamed ShapeStim: vertices = <class 'numpy.ndarray'>
628.7979 	EXP 	Sound  started
628.7981 	DATA 	Keypress: rctrl
629.4443 	DATA 	Keypress: rctrl
629.5479 	EXP 	Sound  started
630.2603 	DATA 	Keypress: lctrl
630.2979 	EXP 	Sound  started
630.9483 	DATA 	Keypress: lctrl
631.0479 	EXP 	Sound  started
631.6523 	DATA 	Keypress: rctrl
631.7979 	EXP 	Sound  started
632.4043 	DATA 	Keypress: rctrl
632.5480 	EXP 	Sound  started
633.1723 	DATA 	Keypress: lctrl
633.2980 	EXP 	Sound  started
633.8763 	DATA 	Keypress: lctrl
634.0480 	EXP 	Sound  started
634.5644 	DATA 	Keypress: lctrl
634.7980 	EXP 	Sound  started
635.3004 	DATA 	Keypress: lctrl
635.5480 	EXP 	Sound  started
636.0523 	DATA 	Keypress: rctrl
636.2980 	EXP 	Sound  started
636.8365 	DATA 	Keypress: rctrl
637.0480 	EXP 	Sound  started
637.5723 	DATA 	Keypress: lctrl
637.7980 	EXP 	Sound  started
638.3083 	DATA 	Keypress: lctrl
638.5481 	EXP 	Sound  started
639.0763 	DATA 	Keypress: rctrl
639.2981 	EXP 	Sound  started
639.8123 	DATA 	Keypress: lctrl
640.0481 	EXP 	Sound  started
640.5803 	DATA 	Keypress: rctrl
640.7981 	EXP 	Sound  started
641.3323 	DATA 	Keypress: lctrl
641.5481 	EXP 	Sound  started
642.1003 	DATA 	Keypress: rctrl
642.2981 	EXP 	Sound  started
642.7723 	DATA 	Keypress: lctrl
643.0482 	EXP 	Sound  started
643.5883 	DATA 	Keypress: rctrl
643.7982 	EXP 	Sound  started
644.2444 	DATA 	Keypress: lctrl
644.5482 	EXP 	Sound  started
644.9644 	DATA 	Keypress: rctrl
645.2982 	EXP 	Sound  started
645.7003 	DATA 	Keypress: rctrl
646.0482 	EXP 	Sound  started
646.4363 	DATA 	Keypress: rctrl
646.7982 	EXP 	Sound  started
647.2043 	DATA 	Keypress: rctrl
647.5482 	EXP 	Sound  started
648.1483 	DATA 	Keypress: rctrl
648.2982 	EXP 	Sound  started
649.0284 	DATA 	Keypress: rctrl
649.0483 	EXP 	Sound  started
649.7483 	DATA 	Keypress: rctrl
649.7983 	EXP 	Sound  started
650.4843 	DATA 	Keypress: rctrl
650.5483 	EXP 	Sound  started
651.2203 	DATA 	Keypress: rctrl
651.2983 	EXP 	Sound  started
651.9403 	DATA 	Keypress: rctrl
652.0483 	EXP 	Sound  started
652.7564 	DATA 	Keypress: rctrl
652.7983 	EXP 	Sound  started
653.5083 	DATA 	Keypress: rctrl
653.5483 	EXP 	Sound  started
654.1964 	DATA 	Keypress: lctrl
654.2984 	EXP 	Sound  started
654.9643 	DATA 	Keypress: lctrl
655.0484 	EXP 	Sound  started
655.6683 	DATA 	Keypress: lctrl
655.7984 	EXP 	Sound  started
656.3883 	DATA 	Keypress: lctrl
656.5484 	EXP 	Sound  started
657.0923 	DATA 	Keypress: rctrl
657.2984 	EXP 	Sound  started
657.9084 	DATA 	Keypress: lctrl
658.0484 	EXP 	Sound  started
658.6924 	DATA 	Keypress: rctrl
658.7984 	EXP 	Sound  started
659.4444 	DATA 	Keypress: lctrl
659.5485 	EXP 	Sound  started
660.1483 	DATA 	Keypress: rctrl
660.2985 	EXP 	Sound  started
660.9963 	DATA 	Keypress: rctrl
661.0485 	EXP 	Sound  started
661.7804 	DATA 	Keypress: rctrl
661.7985 	EXP 	Sound  started
662.5323 	DATA 	Keypress: rctrl
662.5485 	EXP 	Sound  started
663.2203 	DATA 	Keypress: lctrl
663.2985 	EXP 	Sound  started
664.0364 	DATA 	Keypress: rctrl
664.0485 	EXP 	Sound  started
664.7083 	DATA 	Keypress: lctrl
664.7986 	EXP 	Sound  started
665.5083 	DATA 	Keypress: lctrl
665.5486 	EXP 	Sound  started
666.1803 	DATA 	Keypress: rctrl
666.2986 	EXP 	Sound  started
666.9484 	DATA 	Keypress: lctrl
667.0486 	EXP 	Sound  started
667.6683 	DATA 	Keypress: rctrl
667.7986 	EXP 	Sound  started
668.3883 	DATA 	Keypress: lctrl
668.5486 	EXP 	Sound  started
669.2364 	DATA 	Keypress: rctrl
669.2986 	EXP 	Sound  started
669.9564 	DATA 	Keypress: lctrl
670.0487 	EXP 	Sound  started
670.7244 	DATA 	Keypress: rctrl
670.7987 	EXP 	Sound  started
671.4764 	DATA 	Keypress: rctrl
671.5487 	EXP 	Sound  started
672.2987 	EXP 	Sound  started
672.3243 	DATA 	Keypress: rctrl
673.0123 	DATA 	Keypress: rctrl
673.0487 	EXP 	Sound  started
673.7987 	EXP 	Sound  started
673.8124 	DATA 	Keypress: rctrl
674.5323 	DATA 	Keypress: rctrl
674.5487 	EXP 	Sound  started
675.2523 	DATA 	Keypress: lctrl
675.2988 	EXP 	Sound  started
675.9884 	DATA 	Keypress: lctrl
676.0488 	EXP 	Sound  started
676.6923 	DATA 	Keypress: rctrl
676.7988 	EXP 	Sound  started
677.4443 	DATA 	Keypress: rctrl
677.5488 	EXP 	Sound  started
678.2123 	DATA 	Keypress: lctrl
678.2988 	EXP 	Sound  started
678.9644 	DATA 	Keypress: lctrl
679.0488 	EXP 	Sound  started
679.7324 	DATA 	Keypress: rctrl
679.7988 	EXP 	Sound  started
680.4204 	DATA 	Keypress: rctrl
680.5489 	EXP 	Sound  started
681.0923 	DATA 	Keypress: lctrl
686.5995 	DATA 	Keypress: 3
686.6289 	EXP 	unnamed ShapeStim: vertices = <class 'numpy.ndarray'>
690.5489 	DATA 	Keypress: 3
690.5654 	EXP 	unnamed ShapeStim: vertices = <class 'numpy.ndarray'>
693.3017 	DATA 	Keypress: 3
693.3181 	EXP 	unnamed ShapeStim: vertices = <class 'numpy.ndarray'>
695.6033 	EXP 	Sound  started
695.6034 	DATA 	Keypress: rctrl
696.2124 	DATA 	Keypress: rctrl
696.3532 	EXP 	Sound  started
696.9963 	DATA 	Keypress: rctrl
697.1033 	EXP 	Sound  started
697.7483 	DATA 	Keypress: rctrl
697.8533 	EXP 	Sound  started
698.4203 	DATA 	Keypress: rctrl
698.6033 	EXP 	Sound  started
699.0763 	DATA 	Keypress: lctrl
699.3533 	EXP 	Sound  started
699.8925 	DATA 	Keypress: lctrl
700.1033 	EXP 	Sound  started
700.6283 	DATA 	Keypress: rctrl
700.8533 	EXP 	Sound  started
701.3803 	DATA 	Keypress: lctrl
701.6033 	EXP 	Sound  started
702.1004 	DATA 	Keypress: rctrl
702.3534 	EXP 	Sound  started
702.7563 	DATA 	Keypress: lctrl
703.1034 	EXP 	Sound  started
703.4923 	DATA 	Keypress: rctrl
703.8534 	EXP 	Sound  started
704.2284 	DATA 	Keypress: rctrl
704.6034 	EXP 	Sound  started
704.9804 	DATA 	Keypress: lctrl
705.3534 	EXP 	Sound  started
705.6843 	DATA 	Keypress: lctrl
706.1034 	EXP 	Sound  started
706.5163 	DATA 	Keypress: lctrl
706.8534 	EXP 	Sound  started
707.2043 	DATA 	Keypress: rctrl
707.6035 	EXP 	Sound  started
707.9883 	DATA 	Keypress: rctrl
708.3535 	EXP 	Sound  started
708.7084 	DATA 	Keypress: rctrl
709.1035 	EXP 	Sound  started
709.5243 	DATA 	Keypress: rctrl
709.8535 	EXP 	Sound  started
710.3244 	DATA 	Keypress: rctrl
710.6035 	EXP 	Sound  started
711.2363 	DATA 	Keypress: lctrl
711.3535 	EXP 	Sound  started
712.0204 	DATA 	Keypress: lctrl
712.1035 	EXP 	Sound  started
712.7403 	DATA 	Keypress: rctrl
712.8536 	EXP 	Sound  started
713.5244 	DATA 	Keypress: lctrl
713.6036 	EXP 	Sound  started
714.2764 	DATA 	Keypress: rctrl
714.3536 	EXP 	Sound  started
715.0603 	DATA 	Keypress: lctrl
715.1036 	EXP 	Sound  started
715.7484 	DATA 	Keypress: rctrl
715.8536 	EXP 	Sound  started
716.4844 	DATA 	Keypress: rctrl
716.6036 	EXP 	Sound  started
717.2363 	DATA 	Keypress: rctrl
717.3536 	EXP 	Sound  started
717.9884 	DATA 	Keypress: rctrl
718.1036 	EXP 	Sound  started
718.7723 	DATA 	Keypress: rctrl
718.8537 	EXP 	Sound  started
719.5083 	DATA 	Keypress: lctrl
719.6037 	EXP 	Sound  started
720.2124 	DATA 	Keypress: lctrl
720.3537 	EXP 	Sound  started
720.8203 	DATA 	Keypress: rctrl
721.1037 	EXP 	Sound  started
721.5403 	DATA 	Keypress: rctrl
721.8537 	EXP 	Sound  started
722.2763 	DATA 	Keypress: lctrl
722.6037 	EXP 	Sound  started
722.9643 	DATA 	Keypress: rctrl
723.3537 	EXP 	Sound  started
723.7323 	DATA 	Keypress: lctrl
724.1037 	EXP 	Sound  started
724.4523 	DATA 	Keypress: lctrl
724.8538 	EXP 	Sound  started
725.2524 	DATA 	Keypress: lctrl
725.6038 	EXP 	Sound  started
725.9883 	DATA 	Keypress: rctrl
726.3538 	EXP 	Sound  started
726.7563 	DATA 	Keypress: rctrl
727.1038 	EXP 	Sound  started
727.4763 	DATA 	Keypress: rctrl
727.8538 	EXP 	Sound  started
728.3563 	DATA 	Keypress: lctrl
728.6038 	EXP 	Sound  started
729.0923 	DATA 	Keypress: lctrl
729.3538 	EXP 	Sound  started
729.7643 	DATA 	Keypress: rctrl
730.1039 	EXP 	Sound  started
730.4843 	DATA 	Keypress: rctrl
730.8539 	EXP 	Sound  started
731.2523 	DATA 	Keypress: lctrl
731.6039 	EXP 	Sound  started
731.9403 	DATA 	Keypress: rctrl
732.3539 	EXP 	Sound  started
732.6763 	DATA 	Keypress: lctrl
733.1039 	EXP 	Sound  started
733.4285 	DATA 	Keypress: lctrl
733.8539 	EXP 	Sound  started
734.1644 	DATA 	Keypress: lctrl
734.6039 	EXP 	Sound  started
734.8364 	DATA 	Keypress: lctrl
735.3540 	EXP 	Sound  started
735.4283 	DATA 	Keypress: lctrl
736.1040 	EXP 	Sound  started
736.3243 	DATA 	Keypress: lctrl
736.8540 	EXP 	Sound  started
737.0443 	DATA 	Keypress: lctrl
737.6040 	EXP 	Sound  started
737.7003 	DATA 	Keypress: lctrl
738.3540 	EXP 	Sound  started
738.4843 	DATA 	Keypress: lctrl
739.1040 	EXP 	Sound  started
739.2203 	DATA 	Keypress: lctrl
739.8540 	EXP 	Sound  started
739.8603 	DATA 	Keypress: rctrl
740.6040 	EXP 	Sound  started
740.6284 	DATA 	Keypress: rctrl
741.3541 	EXP 	Sound  started
741.3963 	DATA 	Keypress: rctrl
742.1041 	EXP 	Sound  started
742.1324 	DATA 	Keypress: rctrl
742.8203 	DATA 	Keypress: lctrl
742.8541 	EXP 	Sound  started
743.5723 	DATA 	Keypress: lctrl
743.6041 	EXP 	Sound  started
744.3403 	DATA 	Keypress: lctrl
744.3541 	EXP 	Sound  started
745.0283 	DATA 	Keypress: rctrl
745.1041 	EXP 	Sound  started
745.7324 	DATA 	Keypress: lctrl
745.8541 	EXP 	Sound  started
746.5323 	DATA 	Keypress: rctrl
746.6041 	EXP 	Sound  started
747.2683 	DATA 	Keypress: lctrl
747.3542 	EXP 	Sound  started
747.9244 	DATA 	Keypress: rctrl
748.1042 	EXP 	Sound  started
748.6443 	DATA 	Keypress: rctrl
748.8542 	EXP 	Sound  started
749.3964 	DATA 	Keypress: lctrl
749.6042 	EXP 	Sound  started
750.1803 	DATA 	Keypress: lctrl
750.3542 	EXP 	Sound  started
750.8523 	DATA 	Keypress: lctrl
751.1042 	EXP 	Sound  started
751.6043 	DATA 	Keypress: rctrl
751.8542 	EXP 	Sound  started
752.4043 	DATA 	Keypress: rctrl
752.6043 	EXP 	Sound  started
753.1083 	DATA 	Keypress: rctrl
753.3543 	EXP 	Sound  started
753.8283 	DATA 	Keypress: lctrl
754.1043 	EXP 	Sound  started
754.5803 	DATA 	Keypress: rctrl
759.6055 	DATA 	Keypress: 3
759.6220 	EXP 	unnamed ShapeStim: vertices = <class 'numpy.ndarray'>
763.2919 	DATA 	Keypress: 3
763.3084 	EXP 	unnamed ShapeStim: vertices = <class 'numpy.ndarray'>
766.9654 	DATA 	Keypress: 2
766.9947 	EXP 	unnamed ShapeStim: vertices = <class 'numpy.ndarray'>
769.2802 	EXP 	Sound  started
769.2804 	DATA 	Keypress: rctrl
769.9404 	DATA 	Keypress: rctrl
770.0302 	EXP 	Sound  started
770.6923 	DATA 	Keypress: rctrl
770.7803 	EXP 	Sound  started
771.4123 	DATA 	Keypress: rctrl
771.5303 	EXP 	Sound  started
772.1483 	DATA 	Keypress: lctrl
772.2803 	EXP 	Sound  started
772.8363 	DATA 	Keypress: lctrl
773.0303 	EXP 	Sound  started
773.5243 	DATA 	Keypress: lctrl
773.7803 	EXP 	Sound  started
774.1963 	DATA 	Keypress: rctrl
774.5303 	EXP 	Sound  started
774.9163 	DATA 	Keypress: rctrl
775.2804 	EXP 	Sound  started
775.6843 	DATA 	Keypress: rctrl
776.0304 	EXP 	Sound  started
776.5163 	DATA 	Keypress: rctrl
776.7804 	EXP 	Sound  started
777.2843 	DATA 	Keypress: rctrl
777.5304 	EXP 	Sound  started
778.0363 	DATA 	Keypress: rctrl
778.2804 	EXP 	Sound  started
778.7243 	DATA 	Keypress: lctrl
779.0304 	EXP 	Sound  started
779.4123 	DATA 	Keypress: lctrl
779.7805 	EXP 	Sound  started
780.1163 	DATA 	Keypress: rctrl
780.5305 	EXP 	Sound  started
780.8683 	DATA 	Keypress: rctrl
781.2805 	EXP 	Sound  started
781.6203 	DATA 	Keypress: lctrl
782.0305 	EXP 	Sound  started
782.3883 	DATA 	Keypress: lctrl
782.7805 	EXP 	Sound  started
783.2363 	DATA 	Keypress: lctrl
783.5305 	EXP 	Sound  started
783.9403 	DATA 	Keypress: rctrl
784.2805 	EXP 	Sound  started
784.6763 	DATA 	Keypress: rctrl
785.0305 	EXP 	Sound  started
785.4443 	DATA 	Keypress: rctrl
785.7805 	EXP 	Sound  started
786.1803 	DATA 	Keypress: rctrl
786.5306 	EXP 	Sound  started
786.9643 	DATA 	Keypress: rctrl
787.2806 	EXP 	Sound  started
787.7003 	DATA 	Keypress: rctrl
788.0306 	EXP 	Sound  started
788.5963 	DATA 	Keypress: rctrl
788.7806 	EXP 	Sound  started
789.3963 	DATA 	Keypress: lctrl
789.5306 	EXP 	Sound  started
790.1323 	DATA 	Keypress: lctrl
790.2806 	EXP 	Sound  started
790.9323 	DATA 	Keypress: lctrl
791.0306 	EXP 	Sound  started
791.7163 	DATA 	Keypress: lctrl
791.7807 	EXP 	Sound  started
792.4843 	DATA 	Keypress: lctrl
792.5307 	EXP 	Sound  started
793.2043 	DATA 	Keypress: lctrl
793.2807 	EXP 	Sound  started
793.9403 	DATA 	Keypress: lctrl
794.0307 	EXP 	Sound  started
794.6923 	DATA 	Keypress: rctrl
794.7807 	EXP 	Sound  started
795.4603 	DATA 	Keypress: lctrl
795.5307 	EXP 	Sound  started
796.2124 	DATA 	Keypress: rctrl
796.2808 	EXP 	Sound  started
796.9643 	DATA 	Keypress: lctrl
797.0308 	EXP 	Sound  started
797.7643 	DATA 	Keypress: rctrl
797.7808 	EXP 	Sound  started
798.4364 	DATA 	Keypress: lctrl
798.5308 	EXP 	Sound  started
799.2523 	DATA 	Keypress: lctrl
799.2808 	EXP 	Sound  started
800.0308 	EXP 	Sound  started
800.0363 	DATA 	Keypress: rctrl
800.7244 	DATA 	Keypress: rctrl
800.7808 	EXP 	Sound  started
801.5308 	EXP 	Sound  started
801.5563 	DATA 	Keypress: lctrl
802.2809 	EXP 	Sound  started
802.3084 	DATA 	Keypress: rctrl
803.0309 	EXP 	Sound  started
803.0444 	DATA 	Keypress: lctrl
803.7809 	EXP 	Sound  started
803.8123 	DATA 	Keypress: rctrl
804.4683 	DATA 	Keypress: lctrl
804.5309 	EXP 	Sound  started
805.2523 	DATA 	Keypress: rctrl
805.2809 	EXP 	Sound  started
805.9404 	DATA 	Keypress: lctrl
806.0309 	EXP 	Sound  started
806.6764 	DATA 	Keypress: rctrl
806.7809 	EXP 	Sound  started
807.3963 	DATA 	Keypress: lctrl
807.5309 	EXP 	Sound  started
808.1484 	DATA 	Keypress: rctrl
808.2810 	EXP 	Sound  started
808.9003 	DATA 	Keypress: lctrl
809.0310 	EXP 	Sound  started
809.6364 	DATA 	Keypress: rctrl
809.7810 	EXP 	Sound  started
810.4363 	DATA 	Keypress: rctrl
810.5310 	EXP 	Sound  started
811.1723 	DATA 	Keypress: lctrl
811.2810 	EXP 	Sound  started
811.9563 	DATA 	Keypress: lctrl
812.0310 	EXP 	Sound  started
812.7403 	DATA 	Keypress: rctrl
812.7810 	EXP 	Sound  started
813.4923 	DATA 	Keypress: rctrl
813.5311 	EXP 	Sound  started
814.2603 	DATA 	Keypress: rctrl
814.2811 	EXP 	Sound  started
814.9643 	DATA 	Keypress: lctrl
815.0311 	EXP 	Sound  started
815.7003 	DATA 	Keypress: lctrl
815.7811 	EXP 	Sound  started
816.4203 	DATA 	Keypress: rctrl
821.9900 	DATA 	Keypress: 4
822.0065 	EXP 	unnamed ShapeStim: vertices = <class 'numpy.ndarray'>
825.7431 	DATA 	Keypress: 3
825.7596 	EXP 	unnamed ShapeStim: vertices = <class 'numpy.ndarray'>
828.3290 	DATA 	Keypress: 3
828.3455 	EXP 	unnamed ShapeStim: vertices = <class 'numpy.ndarray'>
830.6293 	EXP 	Sound  started
830.6295 	DATA 	Keypress: rctrl
831.3323 	DATA 	Keypress: rctrl
831.3793 	EXP 	Sound  started
832.1004 	DATA 	Keypress: rctrl
832.1293 	EXP 	Sound  started
832.8043 	DATA 	Keypress: rctrl
832.8793 	EXP 	Sound  started
833.5724 	DATA 	Keypress: rctrl
833.6293 	EXP 	Sound  started
834.2443 	DATA 	Keypress: lctrl
834.3793 	EXP 	Sound  started
834.9643 	DATA 	Keypress: lctrl
835.1293 	EXP 	Sound  started
835.6363 	DATA 	Keypress: lctrl
835.8793 	EXP 	Sound  started
836.4844 	DATA 	Keypress: lctrl
836.6294 	EXP 	Sound  started
837.1244 	DATA 	Keypress: lctrl
837.3794 	EXP 	Sound  started
837.8123 	DATA 	Keypress: rctrl
838.1294 	EXP 	Sound  started
838.6283 	DATA 	Keypress: lctrl
838.8794 	EXP 	Sound  started
839.3803 	DATA 	Keypress: rctrl
839.6294 	EXP 	Sound  started
840.1323 	DATA 	Keypress: lctrl
840.3794 	EXP 	Sound  started
840.8523 	DATA 	Keypress: rctrl
841.1294 	EXP 	Sound  started
841.5724 	DATA 	Keypress: lctrl
841.8795 	EXP 	Sound  started
842.2443 	DATA 	Keypress: rctrl
842.6295 	EXP 	Sound  started
843.1244 	DATA 	Keypress: rctrl
843.3795 	EXP 	Sound  started
843.9403 	DATA 	Keypress: lctrl
844.1295 	EXP 	Sound  started
844.6123 	DATA 	Keypress: lctrl
844.8795 	EXP 	Sound  started
845.3804 	DATA 	Keypress: rctrl
845.6295 	EXP 	Sound  started
846.1323 	DATA 	Keypress: rctrl
846.3795 	EXP 	Sound  started
846.8844 	DATA 	Keypress: lctrl
847.1296 	EXP 	Sound  started
847.6203 	DATA 	Keypress: lctrl
847.8796 	EXP 	Sound  started
848.3243 	DATA 	Keypress: lctrl
848.6296 	EXP 	Sound  started
849.1403 	DATA 	Keypress: rctrl
849.3796 	EXP 	Sound  started
849.8444 	DATA 	Keypress: lctrl
850.1296 	EXP 	Sound  started
850.5964 	DATA 	Keypress: rctrl
850.8796 	EXP 	Sound  started
851.3964 	DATA 	Keypress: lctrl
851.6297 	EXP 	Sound  started
852.1323 	DATA 	Keypress: rctrl
852.3797 	EXP 	Sound  started
852.9003 	DATA 	Keypress: rctrl
853.1297 	EXP 	Sound  started
853.6843 	DATA 	Keypress: lctrl
853.8797 	EXP 	Sound  started
854.4364 	DATA 	Keypress: lctrl
854.6297 	EXP 	Sound  started
855.1723 	DATA 	Keypress: lctrl
855.3797 	EXP 	Sound  started
855.9244 	DATA 	Keypress: rctrl
856.1297 	EXP 	Sound  started
856.7404 	DATA 	Keypress: rctrl
856.8797 	EXP 	Sound  started
857.4763 	DATA 	Keypress: rctrl
857.6298 	EXP 	Sound  started
858.1964 	DATA 	Keypress: lctrl
858.3798 	EXP 	Sound  started
859.0123 	DATA 	Keypress: lctrl
859.1298 	EXP 	Sound  started
859.7963 	DATA 	Keypress: lctrl
859.8798 	EXP 	Sound  started
860.5643 	DATA 	Keypress: lctrl
860.6298 	EXP 	Sound  started
861.2843 	DATA 	Keypress: rctrl
861.3798 	EXP 	Sound  started
861.9883 	DATA 	Keypress: rctrl
862.1299 	EXP 	Sound  started
862.7564 	DATA 	Keypress: rctrl
862.8799 	EXP 	Sound  started
863.5403 	DATA 	Keypress: rctrl
863.6299 	EXP 	Sound  started
864.2603 	DATA 	Keypress: lctrl
864.3799 	EXP 	Sound  started
864.9163 	DATA 	Keypress: lctrl
865.1299 	EXP 	Sound  started
865.7163 	DATA 	Keypress: rctrl
865.8799 	EXP 	Sound  started
866.4364 	DATA 	Keypress: lctrl
866.6299 	EXP 	Sound  started
867.1403 	DATA 	Keypress: rctrl
867.3799 	EXP 	Sound  started
867.9404 	DATA 	Keypress: lctrl
868.1299 	EXP 	Sound  started
868.6283 	DATA 	Keypress: rctrl
868.8800 	EXP 	Sound  started
869.4123 	DATA 	Keypress: lctrl
869.6300 	EXP 	Sound  started
870.2283 	DATA 	Keypress: rctrl
870.3800 	EXP 	Sound  started
870.8523 	DATA 	Keypress: lctrl
871.1300 	EXP 	Sound  started
871.6043 	DATA 	Keypress: rctrl
871.8800 	EXP 	Sound  started
872.3724 	DATA 	Keypress: rctrl
872.6300 	EXP 	Sound  started
872.9643 	DATA 	Keypress: rctrl
873.3800 	EXP 	Sound  started
873.6683 	DATA 	Keypress: rctrl
874.1300 	EXP 	Sound  started
874.3883 	DATA 	Keypress: rctrl
874.8801 	EXP 	Sound  started
875.1403 	DATA 	Keypress: rctrl
875.6301 	EXP 	Sound  started
875.7963 	DATA 	Keypress: lctrl
876.3801 	EXP 	Sound  started
876.5645 	DATA 	Keypress: lctrl
877.1301 	EXP 	Sound  started
877.2364 	DATA 	Keypress: lctrl
877.8763 	DATA 	Keypress: lctrl
877.8801 	EXP 	Sound  started
878.5963 	DATA 	Keypress: lctrl
878.6301 	EXP 	Sound  started
879.3323 	DATA 	Keypress: lctrl
879.3801 	EXP 	Sound  started
880.1163 	DATA 	Keypress: lctrl
880.1301 	EXP 	Sound  started
880.8523 	DATA 	Keypress: lctrl
880.8802 	EXP 	Sound  started
881.5883 	DATA 	Keypress: lctrl
881.6302 	EXP 	Sound  started
882.3403 	DATA 	Keypress: lctrl
882.3802 	EXP 	Sound  started
883.0283 	DATA 	Keypress: rctrl
883.1302 	EXP 	Sound  started
883.8764 	DATA 	Keypress: rctrl
883.8802 	EXP 	Sound  started
884.6283 	DATA 	Keypress: rctrl
884.6302 	EXP 	Sound  started
885.3323 	DATA 	Keypress: rctrl
885.3803 	EXP 	Sound  started
886.0683 	DATA 	Keypress: rctrl
886.1303 	EXP 	Sound  started
886.7883 	DATA 	Keypress: lctrl
886.8803 	EXP 	Sound  started
887.4443 	DATA 	Keypress: rctrl
887.6303 	EXP 	Sound  started
888.1803 	DATA 	Keypress: lctrl
888.3803 	EXP 	Sound  started
888.9006 	DATA 	Keypress: rctrl
889.1303 	EXP 	Sound  started
889.6203 	DATA 	Keypress: lctrl
893.4986 	DATA 	Keypress: 2
893.5151 	EXP 	unnamed ShapeStim: vertices = <class 'numpy.ndarray'>
896.9515 	DATA 	Keypress: 3
896.9680 	EXP 	unnamed ShapeStim: vertices = <class 'numpy.ndarray'>
899.4202 	DATA 	Keypress: 2
899.4367 	EXP 	unnamed ShapeStim: vertices = <class 'numpy.ndarray'>
901.7233 	DATA 	Keypress: rctrl
920.2445 	DATA 	Keypress: return
920.3118 	EXP 	window1: mouseVisible = True
