14.2096 	WARNING 	User requested fullscreen with size [1024  768], but screen is actually [1920, 1200]. Using actual size
15.5360 	EXP 	Created window1 = Window(allowGUI=False, allowStencil=False, autoLog=True, backendConf=UNKNOWN, bitsMode=UNKNOWN, blendMode='avg', bpc=(8, 8, 8), color=array([0, 0, 0]), colorSpace='rgb', depthBits=8, fullscr=<method-wrapper '__getattribute__' of attributeSetter object at 0x000002674B4D49B0>, gamma=None, gammaErrorPolicy='raise', lms=UNKNOWN, monitor=<psychopy.monitors.calibTools.Monitor object at 0x0000026753AB02B0>, multiSample=False, name='window1', numSamples=2, pos=[0.0, 0.0], screen=0, size=array([1920, 1200]), stencilBits=0, stereo=False, units='norm', useFBO=True, useRetina=False, viewOri=0.0, viewPos=None, viewScale=None, waitBlanking=True, winType='pyglet')
15.5365 	EXP 	window1: mouseVisible = True
15.5367 	EXP 	window1: mouseVisible = False
15.5367 	EXP 	window1: recordFrameIntervals = False
15.7013 	EXP 	window1: recordFrameIntervals = True
15.8850 	EXP 	window1: recordFrameIntervals = False
15.9623 	EXP 	Created text = TextStim(__class__=<class 'psychopy.visual.text.TextStim'>, alignHoriz=method-wrapper(...), alignText='center', alignVert=method-wrapper(...), anchorHoriz='center', anchorVert='center', antialias=True, autoLog=True, bold=False, color=array([1., 1., 1.]), colorSpace='rgb', contrast=1.0, depth=0.0, flipHoriz=False, flipVert=False, font='Arial', fontFiles=[], height=0.15, italic=False, languageStyle='LTR', name='text', opacity=1, ori=0, pos=array([0., 0.]), rgb=UNKNOWN, text='+', units='norm', win=Window(...), wrapWidth=1)
15.9846 	EXP 	Created text = TextStim(__class__=<class 'psychopy.visual.text.TextStim'>, alignHoriz=method-wrapper(...), alignText='center', alignVert=method-wrapper(...), anchorHoriz='center', anchorVert='center', antialias=True, autoLog=True, bold=False, color=array([1., 1., 1.]), colorSpace='rgb', contrast=1.0, depth=0.0, flipHoriz=False, flipVert=False, font='Arial', fontFiles=[], height=0.07, italic=False, languageStyle='LTR', name='text', opacity=1, ori=0, pos=array([0., 0.]), rgb=UNKNOWN, text=str(...), units='norm', win=Window(...), wrapWidth=1.65)
15.9946 	EXP 	Created text = TextStim(__class__=<class 'psychopy.visual.text.TextStim'>, alignHoriz=method-wrapper(...), alignText='center', alignVert=method-wrapper(...), anchorHoriz='center', anchorVert='center', antialias=True, autoLog=True, bold=False, color=array([1., 1., 1.]), colorSpace='rgb', contrast=1.0, depth=0.0, flipHoriz=False, flipVert=False, font='Arial', fontFiles=[], height=0.07, italic=False, languageStyle='LTR', name='text', opacity=1, ori=0, pos=array([0., 0.]), rgb=UNKNOWN, text=str(...), units='norm', win=Window(...), wrapWidth=1.65)
16.0042 	EXP 	Created text = TextStim(__class__=<class 'psychopy.visual.text.TextStim'>, alignHoriz=method-wrapper(...), alignText='center', alignVert=method-wrapper(...), anchorHoriz='center', anchorVert='center', antialias=True, autoLog=True, bold=False, color=array([1., 1., 1.]), colorSpace='rgb', contrast=1.0, depth=0.0, flipHoriz=False, flipVert=False, font='Arial', fontFiles=[], height=0.07, italic=False, languageStyle='LTR', name='text', opacity=1, ori=0, pos=array([0., 0.]), rgb=UNKNOWN, text=str(...), units='norm', win=Window(...), wrapWidth=1.65)
16.0127 	EXP 	Created text = TextStim(__class__=<class 'psychopy.visual.text.TextStim'>, alignHoriz=method-wrapper(...), alignText='center', alignVert=method-wrapper(...), anchorHoriz='center', anchorVert='center', antialias=True, autoLog=True, bold=False, color=array([1., 1., 1.]), colorSpace='rgb', contrast=1.0, depth=0.0, flipHoriz=False, flipVert=False, font='Arial', fontFiles=[], height=0.07, italic=False, languageStyle='LTR', name='text', opacity=1, ori=0, pos=array([0., 0.]), rgb=UNKNOWN, text=str(...), units='norm', win=Window(...), wrapWidth=1.65)
16.0186 	EXP 	Created text = TextStim(__class__=<class 'psychopy.visual.text.TextStim'>, alignHoriz=method-wrapper(...), alignText='center', alignVert=method-wrapper(...), anchorHoriz='center', anchorVert='center', antialias=True, autoLog=True, bold=False, color=array([1., 1., 1.]), colorSpace='rgb', contrast=1.0, depth=0.0, flipHoriz=False, flipVert=False, font='Arial', fontFiles=[], height=0.07, italic=False, languageStyle='LTR', name='text', opacity=1, ori=0, pos=array([0., 0.]), rgb=UNKNOWN, text=str(...), units='norm', win=Window(...), wrapWidth=1.65)
16.0339 	EXP 	Created text = TextStim(__class__=<class 'psychopy.visual.text.TextStim'>, alignHoriz=method-wrapper(...), alignText='center', alignVert=method-wrapper(...), anchorHoriz='center', anchorVert='center', antialias=True, autoLog=True, bold=False, color=array([1., 1., 1.]), colorSpace='rgb', contrast=1.0, depth=0.0, flipHoriz=False, flipVert=False, font='Arial', fontFiles=[], height=0.15, italic=False, languageStyle='LTR', name='text', opacity=1, ori=0, pos=array([0., 0.]), rgb=UNKNOWN, text=str(...), units='norm', win=Window(...), wrapWidth=1.65)
16.0630 	EXP 	Created text = TextStim(__class__=<class 'psychopy.visual.text.TextStim'>, alignHoriz=method-wrapper(...), alignText='center', alignVert=method-wrapper(...), anchorHoriz='center', anchorVert='center', antialias=True, autoLog=True, bold=False, color=array([1., 1., 1.]), colorSpace='rgb', contrast=1.0, depth=0.0, flipHoriz=False, flipVert=False, font='Arial', fontFiles=[], height=0.07, italic=False, languageStyle='LTR', name='text', opacity=1, ori=0, pos=array([0., 0.]), rgb=UNKNOWN, text=str(...), units='norm', win=Window(...), wrapWidth=1.65)
16.0836 	EXP 	Created text = TextStim(__class__=<class 'psychopy.visual.text.TextStim'>, alignHoriz=method-wrapper(...), alignText='center', alignVert=method-wrapper(...), anchorHoriz='center', anchorVert='center', antialias=True, autoLog=True, bold=False, color=array([1., 1., 1.]), colorSpace='rgb', contrast=1.0, depth=0.0, flipHoriz=False, flipVert=False, font='Arial', fontFiles=[], height=0.07, italic=False, languageStyle='LTR', name='text', opacity=1, ori=0, pos=array([0., 0.]), rgb=UNKNOWN, text=str(...), units='norm', win=Window(...), wrapWidth=1.65)
16.1130 	EXP 	Created text = TextStim(__class__=<class 'psychopy.visual.text.TextStim'>, alignHoriz=method-wrapper(...), alignText='center', alignVert=method-wrapper(...), anchorHoriz='center', anchorVert='center', antialias=True, autoLog=True, bold=False, color=array([1., 1., 1.]), colorSpace='rgb', contrast=1.0, depth=0.0, flipHoriz=False, flipVert=False, font='Arial', fontFiles=[], height=0.07, italic=False, languageStyle='LTR', name='text', opacity=1, ori=0, pos=array([0., 0.]), rgb=UNKNOWN, text=str(...), units='norm', win=Window(...), wrapWidth=1.65)
16.1366 	EXP 	Created text = TextStim(__class__=<class 'psychopy.visual.text.TextStim'>, alignHoriz=method-wrapper(...), alignText='center', alignVert=method-wrapper(...), anchorHoriz='center', anchorVert='center', antialias=True, autoLog=True, bold=False, color=array([1., 1., 1.]), colorSpace='rgb', contrast=1.0, depth=0.0, flipHoriz=False, flipVert=False, font='Arial', fontFiles=[], height=0.07, italic=False, languageStyle='LTR', name='text', opacity=1, ori=0, pos=array([0., 0.]), rgb=UNKNOWN, text=str(...), units='norm', win=Window(...), wrapWidth=1.65)
16.1659 	EXP 	Created text = TextStim(__class__=<class 'psychopy.visual.text.TextStim'>, alignHoriz=method-wrapper(...), alignText='center', alignVert=method-wrapper(...), anchorHoriz='center', anchorVert='center', antialias=True, autoLog=True, bold=False, color=array([1., 1., 1.]), colorSpace='rgb', contrast=1.0, depth=0.0, flipHoriz=False, flipVert=False, font='Arial', fontFiles=[], height=0.07, italic=False, languageStyle='LTR', name='text', opacity=1, ori=0, pos=array([0., 0.]), rgb=UNKNOWN, text=str(...), units='norm', win=Window(...), wrapWidth=1.65)
16.1760 	EXP 	Created text = TextStim(__class__=<class 'psychopy.visual.text.TextStim'>, alignHoriz=method-wrapper(...), alignText='center', alignVert=method-wrapper(...), anchorHoriz='center', anchorVert='center', antialias=True, autoLog=True, bold=False, color=array([1., 1., 1.]), colorSpace='rgb', contrast=1.0, depth=0.0, flipHoriz=False, flipVert=False, font='Arial', fontFiles=[], height=0.07, italic=False, languageStyle='LTR', name='text', opacity=1, ori=0, pos=array([0., 0.]), rgb=UNKNOWN, text=str(...), units='norm', win=Window(...), wrapWidth=1.65)
16.1883 	EXP 	Created text = TextStim(__class__=<class 'psychopy.visual.text.TextStim'>, alignHoriz=method-wrapper(...), alignText='center', alignVert=method-wrapper(...), anchorHoriz='center', anchorVert='center', antialias=True, autoLog=True, bold=False, color=array([1., 1., 1.]), colorSpace='rgb', contrast=1.0, depth=0.0, flipHoriz=False, flipVert=False, font='Arial', fontFiles=[], height=0.07, italic=False, languageStyle='LTR', name='text', opacity=1, ori=0, pos=array([0., 0.]), rgb=UNKNOWN, text=str(...), units='norm', win=Window(...), wrapWidth=1.65)
16.1925 	EXP 	Created instru = TextStim(__class__=<class 'psychopy.visual.text.TextStim'>, alignHoriz=method-wrapper(...), alignText='center', alignVert=method-wrapper(...), anchorHoriz='center', anchorVert='center', antialias=True, autoLog=True, bold=False, color=array([1., 1., 1.]), colorSpace='rgb', contrast=1.0, depth=0.0, flipHoriz=False, flipVert=False, font='Arial', fontFiles=[], height=0.07, italic=False, languageStyle='LTR', name='instru', opacity=1, ori=0, pos=array([0. , 0.5]), rgb=UNKNOWN, text=str(...), units='norm', win=Window(...), wrapWidth=1)
16.1950 	EXP 	Created unnamed Line = Line(__class__=<class 'psychopy.visual.line.Line'>, autoDraw=False, autoLog=True, closeShape=False, color=array([1., 1., 1.]), colorSpace='rgb', contrast=None, depth=0, fillColor=array([0, 0, 0]), fillColorSpace='rgb', fillRGB=array([0, 0, 0]), interpolate=True, lineColor=array([1., 1., 1.]), lineColorSpace='rgb', lineRGB=array([1, 1, 1]), lineWidth=5, name='unnamed Line', opacity=0.5, ori=0.0, pos=array([0., 0.]), size=array([1., 1.]), units='norm', vertices=array([[-0.5,  0. ],
       [ 0.5,  0. ]]), win=Window(...), windingRule=None)
16.1970 	EXP 	Created unnamed Line = Line(__class__=<class 'psychopy.visual.line.Line'>, autoDraw=False, autoLog=True, closeShape=False, color=array([1., 1., 1.]), colorSpace='rgb', contrast=None, depth=0, fillColor=array([0, 0, 0]), fillColorSpace='rgb', fillRGB=array([0, 0, 0]), interpolate=True, lineColor=array([1., 1., 1.]), lineColorSpace='rgb', lineRGB=array([1, 1, 1]), lineWidth=3, name='unnamed Line', opacity=0.5, ori=0.0, pos=array([0., 0.]), size=array([1., 1.]), units='norm', vertices=array([[-0.5 , -0.05],
       [-0.5 ,  0.05]]), win=Window(...), windingRule=None)
16.1990 	EXP 	Created unnamed Line = Line(__class__=<class 'psychopy.visual.line.Line'>, autoDraw=False, autoLog=True, closeShape=False, color=array([1., 1., 1.]), colorSpace='rgb', contrast=None, depth=0, fillColor=array([0, 0, 0]), fillColorSpace='rgb', fillRGB=array([0, 0, 0]), interpolate=True, lineColor=array([1., 1., 1.]), lineColorSpace='rgb', lineRGB=array([1, 1, 1]), lineWidth=3, name='unnamed Line', opacity=0.5, ori=0.0, pos=array([0., 0.]), size=array([1., 1.]), units='norm', vertices=ndarray(...), win=Window(...), windingRule=None)
16.2009 	EXP 	Created unnamed Line = Line(__class__=<class 'psychopy.visual.line.Line'>, autoDraw=False, autoLog=True, closeShape=False, color=array([1., 1., 1.]), colorSpace='rgb', contrast=None, depth=0, fillColor=array([0, 0, 0]), fillColorSpace='rgb', fillRGB=array([0, 0, 0]), interpolate=True, lineColor=array([1., 1., 1.]), lineColorSpace='rgb', lineRGB=array([1, 1, 1]), lineWidth=3, name='unnamed Line', opacity=0.5, ori=0.0, pos=array([0., 0.]), size=array([1., 1.]), units='norm', vertices=ndarray(...), win=Window(...), windingRule=None)
16.2029 	EXP 	Created unnamed Line = Line(__class__=<class 'psychopy.visual.line.Line'>, autoDraw=False, autoLog=True, closeShape=False, color=array([1., 1., 1.]), colorSpace='rgb', contrast=None, depth=0, fillColor=array([0, 0, 0]), fillColorSpace='rgb', fillRGB=array([0, 0, 0]), interpolate=True, lineColor=array([1., 1., 1.]), lineColorSpace='rgb', lineRGB=array([1, 1, 1]), lineWidth=3, name='unnamed Line', opacity=0.5, ori=0.0, pos=array([0., 0.]), size=array([1., 1.]), units='norm', vertices=array([[ 0.5 , -0.05],
       [ 0.5 ,  0.05]]), win=Window(...), windingRule=None)
16.2146 	EXP 	Created unnamed TextStim = TextStim(__class__=<class 'psychopy.visual.text.TextStim'>, alignHoriz=method-wrapper(...), alignText='center', alignVert=method-wrapper(...), anchorHoriz='center', anchorVert='center', antialias=True, autoLog=True, bold=False, color=array([1., 1., 1.]), colorSpace='rgb', contrast=1.0, depth=0, flipHoriz=False, flipVert=False, font='', fontFiles=[], height=0.05, italic=False, languageStyle='LTR', name='unnamed TextStim', opacity=1.0, ori=0.0, pos=array([-0.5, -0.1]), rgb=UNKNOWN, text='Helt klart \n IKKE FOKUSERT', units='norm', win=Window(...), wrapWidth=1)
16.2156 	EXP 	Created unnamed TextStim = TextStim(__class__=<class 'psychopy.visual.text.TextStim'>, alignHoriz=method-wrapper(...), alignText='center', alignVert=method-wrapper(...), anchorHoriz='center', anchorVert='center', antialias=True, autoLog=True, bold=False, color=array([1., 1., 1.]), colorSpace='rgb', contrast=1.0, depth=0, flipHoriz=False, flipVert=False, font='', fontFiles=[], height=0.05, italic=False, languageStyle='LTR', name='unnamed TextStim', opacity=1.0, ori=0.0, pos=array([-0.16666667, -0.1       ]), rgb=UNKNOWN, text='', units='norm', win=Window(...), wrapWidth=1)
16.2166 	EXP 	Created unnamed TextStim = TextStim(__class__=<class 'psychopy.visual.text.TextStim'>, alignHoriz=method-wrapper(...), alignText='center', alignVert=method-wrapper(...), anchorHoriz='center', anchorVert='center', antialias=True, autoLog=True, bold=False, color=array([1., 1., 1.]), colorSpace='rgb', contrast=1.0, depth=0, flipHoriz=False, flipVert=False, font='', fontFiles=[], height=0.05, italic=False, languageStyle='LTR', name='unnamed TextStim', opacity=1.0, ori=0.0, pos=array([ 0.16666667, -0.1       ]), rgb=UNKNOWN, text='', units='norm', win=Window(...), wrapWidth=1)
16.2197 	EXP 	Created unnamed TextStim = TextStim(__class__=<class 'psychopy.visual.text.TextStim'>, alignHoriz=method-wrapper(...), alignText='center', alignVert=method-wrapper(...), anchorHoriz='center', anchorVert='center', antialias=True, autoLog=True, bold=False, color=array([1., 1., 1.]), colorSpace='rgb', contrast=1.0, depth=0, flipHoriz=False, flipVert=False, font='', fontFiles=[], height=0.05, italic=False, languageStyle='LTR', name='unnamed TextStim', opacity=1.0, ori=0.0, pos=array([ 0.5, -0.1]), rgb=UNKNOWN, text='Helt klart \n FOKUSERT', units='norm', win=Window(...), wrapWidth=1)
16.2215 	EXP 	Created unnamed ShapeStim = ShapeStim(__class__=<class 'psychopy.visual.shape.ShapeStim'>, autoDraw=False, autoLog=True, closeShape=True, color=method-wrapper(...), colorSpace='rgb', contrast=None, depth=0, fillColor=array([1, 1, 1]), fillColorSpace='rgb', fillRGB=array([1, 1, 1]), interpolate=True, lineColor=array([-1., -1., -1.]), lineColorSpace='rgb', lineRGB=array([-1, -1, -1]), lineWidth=1.5, name='unnamed ShapeStim', opacity=1.0, ori=0.0, pos=array([0., 0.]), size=array([1., 1.]), units='norm', vertices=ndarray(...), win=Window(...), windingRule=None)
16.2282 	EXP 	Created instru = TextStim(__class__=<class 'psychopy.visual.text.TextStim'>, alignHoriz=method-wrapper(...), alignText='center', alignVert=method-wrapper(...), anchorHoriz='center', anchorVert='center', antialias=True, autoLog=True, bold=False, color=array([1., 1., 1.]), colorSpace='rgb', contrast=1.0, depth=0.0, flipHoriz=False, flipVert=False, font='Arial', fontFiles=[], height=0.07, italic=False, languageStyle='LTR', name='instru', opacity=1, ori=0, pos=array([0. , 0.5]), rgb=UNKNOWN, text=str(...), units='norm', win=Window(...), wrapWidth=1)
16.2302 	EXP 	Created unnamed Line = Line(__class__=<class 'psychopy.visual.line.Line'>, autoDraw=False, autoLog=True, closeShape=False, color=array([1., 1., 1.]), colorSpace='rgb', contrast=None, depth=0, fillColor=array([0, 0, 0]), fillColorSpace='rgb', fillRGB=array([0, 0, 0]), interpolate=True, lineColor=array([1., 1., 1.]), lineColorSpace='rgb', lineRGB=array([1, 1, 1]), lineWidth=5, name='unnamed Line', opacity=0.5, ori=0.0, pos=array([0., 0.]), size=array([1., 1.]), units='norm', vertices=array([[-0.5,  0. ],
       [ 0.5,  0. ]]), win=Window(...), windingRule=None)
16.2322 	EXP 	Created unnamed Line = Line(__class__=<class 'psychopy.visual.line.Line'>, autoDraw=False, autoLog=True, closeShape=False, color=array([1., 1., 1.]), colorSpace='rgb', contrast=None, depth=0, fillColor=array([0, 0, 0]), fillColorSpace='rgb', fillRGB=array([0, 0, 0]), interpolate=True, lineColor=array([1., 1., 1.]), lineColorSpace='rgb', lineRGB=array([1, 1, 1]), lineWidth=3, name='unnamed Line', opacity=0.5, ori=0.0, pos=array([0., 0.]), size=array([1., 1.]), units='norm', vertices=array([[-0.5 , -0.05],
       [-0.5 ,  0.05]]), win=Window(...), windingRule=None)
16.2342 	EXP 	Created unnamed Line = Line(__class__=<class 'psychopy.visual.line.Line'>, autoDraw=False, autoLog=True, closeShape=False, color=array([1., 1., 1.]), colorSpace='rgb', contrast=None, depth=0, fillColor=array([0, 0, 0]), fillColorSpace='rgb', fillRGB=array([0, 0, 0]), interpolate=True, lineColor=array([1., 1., 1.]), lineColorSpace='rgb', lineRGB=array([1, 1, 1]), lineWidth=3, name='unnamed Line', opacity=0.5, ori=0.0, pos=array([0., 0.]), size=array([1., 1.]), units='norm', vertices=ndarray(...), win=Window(...), windingRule=None)
16.2362 	EXP 	Created unnamed Line = Line(__class__=<class 'psychopy.visual.line.Line'>, autoDraw=False, autoLog=True, closeShape=False, color=array([1., 1., 1.]), colorSpace='rgb', contrast=None, depth=0, fillColor=array([0, 0, 0]), fillColorSpace='rgb', fillRGB=array([0, 0, 0]), interpolate=True, lineColor=array([1., 1., 1.]), lineColorSpace='rgb', lineRGB=array([1, 1, 1]), lineWidth=3, name='unnamed Line', opacity=0.5, ori=0.0, pos=array([0., 0.]), size=array([1., 1.]), units='norm', vertices=ndarray(...), win=Window(...), windingRule=None)
16.2382 	EXP 	Created unnamed Line = Line(__class__=<class 'psychopy.visual.line.Line'>, autoDraw=False, autoLog=True, closeShape=False, color=array([1., 1., 1.]), colorSpace='rgb', contrast=None, depth=0, fillColor=array([0, 0, 0]), fillColorSpace='rgb', fillRGB=array([0, 0, 0]), interpolate=True, lineColor=array([1., 1., 1.]), lineColorSpace='rgb', lineRGB=array([1, 1, 1]), lineWidth=3, name='unnamed Line', opacity=0.5, ori=0.0, pos=array([0., 0.]), size=array([1., 1.]), units='norm', vertices=array([[ 0.5 , -0.05],
       [ 0.5 ,  0.05]]), win=Window(...), windingRule=None)
16.2425 	EXP 	Created unnamed TextStim = TextStim(__class__=<class 'psychopy.visual.text.TextStim'>, alignHoriz=method-wrapper(...), alignText='center', alignVert=method-wrapper(...), anchorHoriz='center', anchorVert='center', antialias=True, autoLog=True, bold=False, color=array([1., 1., 1.]), colorSpace='rgb', contrast=1.0, depth=0, flipHoriz=False, flipVert=False, font='', fontFiles=[], height=0.05, italic=False, languageStyle='LTR', name='unnamed TextStim', opacity=1.0, ori=0.0, pos=array([-0.5, -0.1]), rgb=UNKNOWN, text='Helt klart \n INGENTING', units='norm', win=Window(...), wrapWidth=1)
16.2435 	EXP 	Created unnamed TextStim = TextStim(__class__=<class 'psychopy.visual.text.TextStim'>, alignHoriz=method-wrapper(...), alignText='center', alignVert=method-wrapper(...), anchorHoriz='center', anchorVert='center', antialias=True, autoLog=True, bold=False, color=array([1., 1., 1.]), colorSpace='rgb', contrast=1.0, depth=0, flipHoriz=False, flipVert=False, font='', fontFiles=[], height=0.05, italic=False, languageStyle='LTR', name='unnamed TextStim', opacity=1.0, ori=0.0, pos=array([-0.16666667, -0.1       ]), rgb=UNKNOWN, text='', units='norm', win=Window(...), wrapWidth=1)
16.2445 	EXP 	Created unnamed TextStim = TextStim(__class__=<class 'psychopy.visual.text.TextStim'>, alignHoriz=method-wrapper(...), alignText='center', alignVert=method-wrapper(...), anchorHoriz='center', anchorVert='center', antialias=True, autoLog=True, bold=False, color=array([1., 1., 1.]), colorSpace='rgb', contrast=1.0, depth=0, flipHoriz=False, flipVert=False, font='', fontFiles=[], height=0.05, italic=False, languageStyle='LTR', name='unnamed TextStim', opacity=1.0, ori=0.0, pos=array([ 0.16666667, -0.1       ]), rgb=UNKNOWN, text='', units='norm', win=Window(...), wrapWidth=1)
16.2475 	EXP 	Created unnamed TextStim = TextStim(__class__=<class 'psychopy.visual.text.TextStim'>, alignHoriz=method-wrapper(...), alignText='center', alignVert=method-wrapper(...), anchorHoriz='center', anchorVert='center', antialias=True, autoLog=True, bold=False, color=array([1., 1., 1.]), colorSpace='rgb', contrast=1.0, depth=0, flipHoriz=False, flipVert=False, font='', fontFiles=[], height=0.05, italic=False, languageStyle='LTR', name='unnamed TextStim', opacity=1.0, ori=0.0, pos=array([ 0.5, -0.1]), rgb=UNKNOWN, text='Helt klart \n NOE', units='norm', win=Window(...), wrapWidth=1)
16.2491 	EXP 	Created unnamed ShapeStim = ShapeStim(__class__=<class 'psychopy.visual.shape.ShapeStim'>, autoDraw=False, autoLog=True, closeShape=True, color=method-wrapper(...), colorSpace='rgb', contrast=None, depth=0, fillColor=array([1, 1, 1]), fillColorSpace='rgb', fillRGB=array([1, 1, 1]), interpolate=True, lineColor=array([-1., -1., -1.]), lineColorSpace='rgb', lineRGB=array([-1, -1, -1]), lineWidth=1.5, name='unnamed ShapeStim', opacity=1.0, ori=0.0, pos=array([0., 0.]), size=array([1., 1.]), units='norm', vertices=ndarray(...), win=Window(...), windingRule=None)
16.2553 	EXP 	Created instru = TextStim(__class__=<class 'psychopy.visual.text.TextStim'>, alignHoriz=method-wrapper(...), alignText='center', alignVert=method-wrapper(...), anchorHoriz='center', anchorVert='center', antialias=True, autoLog=True, bold=False, color=array([1., 1., 1.]), colorSpace='rgb', contrast=1.0, depth=0.0, flipHoriz=False, flipVert=False, font='Arial', fontFiles=[], height=0.07, italic=False, languageStyle='LTR', name='instru', opacity=1, ori=0, pos=array([0. , 0.5]), rgb=UNKNOWN, text=str(...), units='norm', win=Window(...), wrapWidth=1)
16.2573 	EXP 	Created unnamed Line = Line(__class__=<class 'psychopy.visual.line.Line'>, autoDraw=False, autoLog=True, closeShape=False, color=array([1., 1., 1.]), colorSpace='rgb', contrast=None, depth=0, fillColor=array([0, 0, 0]), fillColorSpace='rgb', fillRGB=array([0, 0, 0]), interpolate=True, lineColor=array([1., 1., 1.]), lineColorSpace='rgb', lineRGB=array([1, 1, 1]), lineWidth=5, name='unnamed Line', opacity=0.5, ori=0.0, pos=array([0., 0.]), size=array([1., 1.]), units='norm', vertices=array([[-0.5,  0. ],
       [ 0.5,  0. ]]), win=Window(...), windingRule=None)
16.2593 	EXP 	Created unnamed Line = Line(__class__=<class 'psychopy.visual.line.Line'>, autoDraw=False, autoLog=True, closeShape=False, color=array([1., 1., 1.]), colorSpace='rgb', contrast=None, depth=0, fillColor=array([0, 0, 0]), fillColorSpace='rgb', fillRGB=array([0, 0, 0]), interpolate=True, lineColor=array([1., 1., 1.]), lineColorSpace='rgb', lineRGB=array([1, 1, 1]), lineWidth=3, name='unnamed Line', opacity=0.5, ori=0.0, pos=array([0., 0.]), size=array([1., 1.]), units='norm', vertices=array([[-0.5 , -0.05],
       [-0.5 ,  0.05]]), win=Window(...), windingRule=None)
16.2613 	EXP 	Created unnamed Line = Line(__class__=<class 'psychopy.visual.line.Line'>, autoDraw=False, autoLog=True, closeShape=False, color=array([1., 1., 1.]), colorSpace='rgb', contrast=None, depth=0, fillColor=array([0, 0, 0]), fillColorSpace='rgb', fillRGB=array([0, 0, 0]), interpolate=True, lineColor=array([1., 1., 1.]), lineColorSpace='rgb', lineRGB=array([1, 1, 1]), lineWidth=3, name='unnamed Line', opacity=0.5, ori=0.0, pos=array([0., 0.]), size=array([1., 1.]), units='norm', vertices=ndarray(...), win=Window(...), windingRule=None)
16.2632 	EXP 	Created unnamed Line = Line(__class__=<class 'psychopy.visual.line.Line'>, autoDraw=False, autoLog=True, closeShape=False, color=array([1., 1., 1.]), colorSpace='rgb', contrast=None, depth=0, fillColor=array([0, 0, 0]), fillColorSpace='rgb', fillRGB=array([0, 0, 0]), interpolate=True, lineColor=array([1., 1., 1.]), lineColorSpace='rgb', lineRGB=array([1, 1, 1]), lineWidth=3, name='unnamed Line', opacity=0.5, ori=0.0, pos=array([0., 0.]), size=array([1., 1.]), units='norm', vertices=ndarray(...), win=Window(...), windingRule=None)
16.2652 	EXP 	Created unnamed Line = Line(__class__=<class 'psychopy.visual.line.Line'>, autoDraw=False, autoLog=True, closeShape=False, color=array([1., 1., 1.]), colorSpace='rgb', contrast=None, depth=0, fillColor=array([0, 0, 0]), fillColorSpace='rgb', fillRGB=array([0, 0, 0]), interpolate=True, lineColor=array([1., 1., 1.]), lineColorSpace='rgb', lineRGB=array([1, 1, 1]), lineWidth=3, name='unnamed Line', opacity=0.5, ori=0.0, pos=array([0., 0.]), size=array([1., 1.]), units='norm', vertices=array([[ 0.5 , -0.05],
       [ 0.5 ,  0.05]]), win=Window(...), windingRule=None)
16.2693 	EXP 	Created unnamed TextStim = TextStim(__class__=<class 'psychopy.visual.text.TextStim'>, alignHoriz=method-wrapper(...), alignText='center', alignVert=method-wrapper(...), anchorHoriz='center', anchorVert='center', antialias=True, autoLog=True, bold=False, color=array([1., 1., 1.]), colorSpace='rgb', contrast=1.0, depth=0, flipHoriz=False, flipVert=False, font='', fontFiles=[], height=0.05, italic=False, languageStyle='LTR', name='unnamed TextStim', opacity=1.0, ori=0.0, pos=array([-0.5, -0.1]), rgb=UNKNOWN, text='Helt klart \n SPONTAN', units='norm', win=Window(...), wrapWidth=1)
16.2703 	EXP 	Created unnamed TextStim = TextStim(__class__=<class 'psychopy.visual.text.TextStim'>, alignHoriz=method-wrapper(...), alignText='center', alignVert=method-wrapper(...), anchorHoriz='center', anchorVert='center', antialias=True, autoLog=True, bold=False, color=array([1., 1., 1.]), colorSpace='rgb', contrast=1.0, depth=0, flipHoriz=False, flipVert=False, font='', fontFiles=[], height=0.05, italic=False, languageStyle='LTR', name='unnamed TextStim', opacity=1.0, ori=0.0, pos=array([-0.16666667, -0.1       ]), rgb=UNKNOWN, text='', units='norm', win=Window(...), wrapWidth=1)
16.2713 	EXP 	Created unnamed TextStim = TextStim(__class__=<class 'psychopy.visual.text.TextStim'>, alignHoriz=method-wrapper(...), alignText='center', alignVert=method-wrapper(...), anchorHoriz='center', anchorVert='center', antialias=True, autoLog=True, bold=False, color=array([1., 1., 1.]), colorSpace='rgb', contrast=1.0, depth=0, flipHoriz=False, flipVert=False, font='', fontFiles=[], height=0.05, italic=False, languageStyle='LTR', name='unnamed TextStim', opacity=1.0, ori=0.0, pos=array([ 0.16666667, -0.1       ]), rgb=UNKNOWN, text='', units='norm', win=Window(...), wrapWidth=1)
16.2754 	EXP 	Created unnamed TextStim = TextStim(__class__=<class 'psychopy.visual.text.TextStim'>, alignHoriz=method-wrapper(...), alignText='center', alignVert=method-wrapper(...), anchorHoriz='center', anchorVert='center', antialias=True, autoLog=True, bold=False, color=array([1., 1., 1.]), colorSpace='rgb', contrast=1.0, depth=0, flipHoriz=False, flipVert=False, font='', fontFiles=[], height=0.05, italic=False, languageStyle='LTR', name='unnamed TextStim', opacity=1.0, ori=0.0, pos=array([ 0.5, -0.1]), rgb=UNKNOWN, text='Helt klart \n BEVISST', units='norm', win=Window(...), wrapWidth=1)
16.2770 	EXP 	Created unnamed ShapeStim = ShapeStim(__class__=<class 'psychopy.visual.shape.ShapeStim'>, autoDraw=False, autoLog=True, closeShape=True, color=method-wrapper(...), colorSpace='rgb', contrast=None, depth=0, fillColor=array([1, 1, 1]), fillColorSpace='rgb', fillRGB=array([1, 1, 1]), interpolate=True, lineColor=array([-1., -1., -1.]), lineColorSpace='rgb', lineRGB=array([-1, -1, -1]), lineWidth=1.5, name='unnamed ShapeStim', opacity=1.0, ori=0.0, pos=array([0., 0.]), size=array([1., 1.]), units='norm', vertices=ndarray(...), win=Window(...), windingRule=None)
16.3296 	EXP 	Sound  set volume 1.000
16.3348 	EXP 	unnamed ShapeStim: vertices = <class 'numpy.ndarray'>
16.3348 	EXP 	unnamed ShapeStim: vertices = <class 'numpy.ndarray'>
16.3348 	EXP 	unnamed ShapeStim: vertices = <class 'numpy.ndarray'>
21.6310 	DATA 	Keypress: rctrl
22.1354 	EXP 	Sound  started
22.3830 	DATA 	Keypress: rctrl
22.8852 	EXP 	Sound  started
22.9109 	DATA 	Keypress: lctrl
23.6352 	EXP 	Sound  started
23.7269 	DATA 	Keypress: rctrl
24.3852 	EXP 	Sound  started
24.4469 	DATA 	Keypress: rctrl
25.1353 	EXP 	Sound  started
25.2149 	DATA 	Keypress: lctrl
25.8853 	EXP 	Sound  started
25.9190 	DATA 	Keypress: rctrl
26.6229 	DATA 	Keypress: lctrl
26.6353 	EXP 	Sound  started
27.3853 	EXP 	Sound  started
27.4069 	DATA 	Keypress: lctrl
28.1269 	DATA 	Keypress: rctrl
28.1353 	EXP 	Sound  started
28.8629 	DATA 	Keypress: lctrl
28.8853 	EXP 	Sound  started
29.6354 	EXP 	Sound  started
29.6629 	DATA 	Keypress: rctrl
30.3829 	DATA 	Keypress: lctrl
30.3854 	EXP 	Sound  started
31.1190 	DATA 	Keypress: lctrl
31.1354 	EXP 	Sound  started
31.8854 	EXP 	Sound  started
31.9509 	DATA 	Keypress: lctrl
32.6354 	EXP 	Sound  started
32.7349 	DATA 	Keypress: rctrl
33.3750 	DATA 	Keypress: rctrl
33.3854 	EXP 	Sound  started
34.0789 	DATA 	Keypress: lctrl
34.1354 	EXP 	Sound  started
34.8854 	EXP 	Sound  started
34.9109 	DATA 	Keypress: rctrl
35.6354 	EXP 	Sound  started
35.6629 	DATA 	Keypress: lctrl
36.3510 	DATA 	Keypress: rctrl
36.3855 	EXP 	Sound  started
37.1189 	DATA 	Keypress: rctrl
37.1355 	EXP 	Sound  started
37.8551 	DATA 	Keypress: lctrl
37.8855 	EXP 	Sound  started
38.6355 	EXP 	Sound  started
38.6549 	DATA 	Keypress: rctrl
39.3749 	DATA 	Keypress: lctrl
39.3855 	EXP 	Sound  started
40.1355 	EXP 	Sound  started
40.1749 	DATA 	Keypress: rctrl
40.8790 	DATA 	Keypress: rctrl
40.8855 	EXP 	Sound  started
41.6356 	EXP 	Sound  started
41.6789 	DATA 	Keypress: lctrl
42.3856 	EXP 	Sound  started
42.3989 	DATA 	Keypress: rctrl
43.1349 	DATA 	Keypress: lctrl
43.1356 	EXP 	Sound  started
43.8856 	EXP 	Sound  started
43.9189 	DATA 	Keypress: rctrl
44.6356 	EXP 	Sound  started
44.6710 	DATA 	Keypress: rctrl
45.3269 	DATA 	Keypress: lctrl
45.3856 	EXP 	Sound  started
46.1357 	EXP 	Sound  started
46.2069 	DATA 	Keypress: rctrl
46.8857 	EXP 	Sound  started
46.9271 	DATA 	Keypress: lctrl
47.6357 	EXP 	Sound  started
47.6629 	DATA 	Keypress: rctrl
48.3509 	DATA 	Keypress: lctrl
48.3857 	EXP 	Sound  started
49.1357 	EXP 	Sound  started
49.1829 	DATA 	Keypress: lctrl
49.8549 	DATA 	Keypress: lctrl
49.8857 	EXP 	Sound  started
50.6357 	EXP 	Sound  started
50.6550 	DATA 	Keypress: rctrl
51.3430 	DATA 	Keypress: rctrl
51.3857 	EXP 	Sound  started
52.0469 	DATA 	Keypress: lctrl
52.1357 	EXP 	Sound  started
52.8309 	DATA 	Keypress: rctrl
52.8858 	EXP 	Sound  started
53.5189 	DATA 	Keypress: lctrl
53.6358 	EXP 	Sound  started
54.2870 	DATA 	Keypress: rctrl
54.3858 	EXP 	Sound  started
55.0868 	DATA 	Keypress: lctrl
55.1358 	EXP 	Sound  started
55.8709 	DATA 	Keypress: rctrl
55.8858 	EXP 	Sound  started
56.6069 	DATA 	Keypress: rctrl
56.6358 	EXP 	Sound  started
57.3858 	EXP 	Sound  started
57.4069 	DATA 	Keypress: rctrl
58.1359 	EXP 	Sound  started
58.1590 	DATA 	Keypress: lctrl
58.8859 	EXP 	Sound  started
58.8949 	DATA 	Keypress: lctrl
59.6359 	EXP 	Sound  started
59.6470 	DATA 	Keypress: rctrl
60.3859 	EXP 	Sound  started
60.4149 	DATA 	Keypress: lctrl
61.1359 	EXP 	Sound  started
61.1509 	DATA 	Keypress: lctrl
61.8859 	EXP 	Sound  started
61.9349 	DATA 	Keypress: rctrl
62.6229 	DATA 	Keypress: rctrl
62.6359 	EXP 	Sound  started
63.3589 	DATA 	Keypress: lctrl
63.3860 	EXP 	Sound  started
64.1360 	EXP 	Sound  started
64.1589 	DATA 	Keypress: lctrl
64.8789 	DATA 	Keypress: lctrl
64.8860 	EXP 	Sound  started
65.6309 	DATA 	Keypress: rctrl
65.6360 	EXP 	Sound  started
66.3829 	DATA 	Keypress: lctrl
66.3860 	EXP 	Sound  started
67.1360 	EXP 	Sound  started
67.2630 	DATA 	Keypress: rctrl
67.8860 	EXP 	Sound  started
67.9029 	DATA 	Keypress: rctrl
68.6069 	DATA 	Keypress: lctrl
68.6360 	EXP 	Sound  started
69.3429 	DATA 	Keypress: lctrl
69.3861 	EXP 	Sound  started
70.0949 	DATA 	Keypress: rctrl
70.1361 	EXP 	Sound  started
70.8861 	EXP 	Sound  started
70.8948 	DATA 	Keypress: lctrl
71.6361 	EXP 	Sound  started
71.6790 	DATA 	Keypress: rctrl
72.3670 	DATA 	Keypress: rctrl
72.3861 	EXP 	Sound  started
73.1189 	DATA 	Keypress: rctrl
73.1361 	EXP 	Sound  started
73.8861 	EXP 	Sound  started
73.9028 	DATA 	Keypress: lctrl
74.6361 	EXP 	Sound  started
74.6390 	DATA 	Keypress: lctrl
75.3862 	EXP 	Sound  started
75.3910 	DATA 	Keypress: rctrl
76.1362 	EXP 	Sound  started
76.2229 	DATA 	Keypress: rctrl
76.8862 	EXP 	Sound  started
76.9270 	DATA 	Keypress: lctrl
77.6149 	DATA 	Keypress: lctrl
77.6362 	EXP 	Sound  started
78.3668 	DATA 	Keypress: rctrl
78.3862 	EXP 	Sound  started
79.1189 	DATA 	Keypress: lctrl
79.1362 	EXP 	Sound  started
79.8549 	DATA 	Keypress: rctrl
79.8863 	EXP 	Sound  started
80.5909 	DATA 	Keypress: rctrl
80.6363 	EXP 	Sound  started
81.3588 	DATA 	Keypress: lctrl
81.3863 	EXP 	Sound  started
82.1363 	EXP 	Sound  started
82.1429 	DATA 	Keypress: rctrl
82.8863 	EXP 	Sound  started
82.9269 	DATA 	Keypress: lctrl
83.6363 	EXP 	Sound  started
83.6790 	DATA 	Keypress: lctrl
84.3863 	EXP 	Sound  started
84.4149 	DATA 	Keypress: rctrl
85.1188 	DATA 	Keypress: rctrl
85.1363 	EXP 	Sound  started
85.8229 	DATA 	Keypress: lctrl
85.8864 	EXP 	Sound  started
86.6364 	EXP 	Sound  started
86.6390 	DATA 	Keypress: rctrl
87.3589 	DATA 	Keypress: lctrl
87.3864 	EXP 	Sound  started
88.1364 	EXP 	Sound  started
88.1909 	DATA 	Keypress: rctrl
88.8949 	EXP 	unnamed TextStim: text = ''
88.8949 	EXP 	unnamed TextStim: text = ''
88.8989 	DATA 	Keypress: rctrl
92.2947 	DATA 	Keypress: 2
92.3110 	EXP 	unnamed ShapeStim: vertices = <class 'numpy.ndarray'>
93.8413 	EXP 	unnamed TextStim: text = ''
93.8413 	EXP 	unnamed TextStim: text = ''
99.2638 	DATA 	Keypress: 4
99.2803 	EXP 	unnamed ShapeStim: vertices = <class 'numpy.ndarray'>
100.8083 	EXP 	unnamed TextStim: text = ''
100.8083 	EXP 	unnamed TextStim: text = ''
102.4033 	DATA 	Keypress: 1
102.4314 	EXP 	unnamed ShapeStim: vertices = <class 'numpy.ndarray'>
104.7058 	EXP 	Sound  started
104.9430 	DATA 	Keypress: lctrl
105.4557 	EXP 	Sound  started
105.4708 	DATA 	Keypress: rctrl
106.2057 	EXP 	Sound  started
106.2550 	DATA 	Keypress: lctrl
106.9557 	EXP 	Sound  started
106.9748 	DATA 	Keypress: rctrl
107.7057 	EXP 	Sound  started
107.7268 	DATA 	Keypress: rctrl
108.4557 	EXP 	Sound  started
108.4949 	DATA 	Keypress: lctrl
109.2057 	EXP 	Sound  started
109.2468 	DATA 	Keypress: rctrl
109.9557 	EXP 	Sound  started
109.9989 	DATA 	Keypress: lctrl
110.7058 	EXP 	Sound  started
110.7509 	DATA 	Keypress: rctrl
111.4558 	EXP 	Sound  started
111.5029 	DATA 	Keypress: lctrl
112.2058 	EXP 	Sound  started
112.2549 	DATA 	Keypress: lctrl
112.9558 	EXP 	Sound  started
112.9749 	DATA 	Keypress: rctrl
113.7058 	EXP 	Sound  started
113.7109 	DATA 	Keypress: lctrl
114.4469 	DATA 	Keypress: rctrl
114.4558 	EXP 	Sound  started
115.2058 	EXP 	Sound  started
115.2148 	DATA 	Keypress: rctrl
115.9509 	DATA 	Keypress: rctrl
115.9558 	EXP 	Sound  started
116.7059 	EXP 	Sound  started
116.7829 	DATA 	Keypress: lctrl
117.4549 	DATA 	Keypress: lctrl
117.4559 	EXP 	Sound  started
118.2059 	EXP 	Sound  started
118.2229 	DATA 	Keypress: rctrl
118.9429 	DATA 	Keypress: lctrl
118.9559 	EXP 	Sound  started
119.5989 	DATA 	Keypress: lctrl
119.7059 	EXP 	Sound  started
120.4559 	EXP 	Sound  started
120.4789 	DATA 	Keypress: rctrl
121.2059 	EXP 	Sound  started
121.2469 	DATA 	Keypress: lctrl
121.9559 	EXP 	Sound  started
121.9829 	DATA 	Keypress: rctrl
122.7059 	EXP 	Sound  started
122.7509 	DATA 	Keypress: rctrl
123.4560 	EXP 	Sound  started
123.5188 	DATA 	Keypress: rctrl
124.2060 	EXP 	Sound  started
124.2388 	DATA 	Keypress: rctrl
124.9560 	EXP 	Sound  started
125.0549 	DATA 	Keypress: lctrl
125.7060 	EXP 	Sound  started
125.7748 	DATA 	Keypress: lctrl
126.4560 	EXP 	Sound  started
126.4788 	DATA 	Keypress: rctrl
127.2060 	EXP 	Sound  started
127.2789 	DATA 	Keypress: lctrl
127.9560 	EXP 	Sound  started
127.9829 	DATA 	Keypress: rctrl
128.7060 	EXP 	Sound  started
128.7828 	DATA 	Keypress: lctrl
129.4561 	EXP 	Sound  started
129.4709 	DATA 	Keypress: lctrl
130.2061 	EXP 	Sound  started
130.2390 	DATA 	Keypress: rctrl
130.9561 	EXP 	Sound  started
131.0068 	DATA 	Keypress: lctrl
131.7061 	EXP 	Sound  started
131.7589 	DATA 	Keypress: rctrl
132.4561 	EXP 	Sound  started
132.5108 	DATA 	Keypress: lctrl
133.2061 	EXP 	Sound  started
133.2468 	DATA 	Keypress: lctrl
133.9561 	EXP 	Sound  started
134.0309 	DATA 	Keypress: lctrl
134.7062 	EXP 	Sound  started
134.7348 	DATA 	Keypress: rctrl
135.4562 	EXP 	Sound  started
135.4869 	DATA 	Keypress: rctrl
136.2062 	EXP 	Sound  started
136.2068 	DATA 	Keypress: lctrl
136.9562 	EXP 	Sound  started
136.9908 	DATA 	Keypress: rctrl
137.7062 	EXP 	Sound  started
137.7268 	DATA 	Keypress: rctrl
138.4562 	EXP 	Sound  started
138.4789 	DATA 	Keypress: lctrl
139.2063 	EXP 	Sound  started
139.2309 	DATA 	Keypress: rctrl
139.9563 	EXP 	Sound  started
139.9829 	DATA 	Keypress: rctrl
140.7063 	EXP 	Sound  started
140.7509 	DATA 	Keypress: rctrl
141.4563 	EXP 	Sound  started
141.5029 	DATA 	Keypress: lctrl
142.2063 	EXP 	Sound  started
142.2388 	DATA 	Keypress: lctrl
142.9563 	EXP 	Sound  started
142.9909 	DATA 	Keypress: rctrl
143.7063 	EXP 	Sound  started
143.7589 	DATA 	Keypress: lctrl
144.4563 	EXP 	Sound  started
144.4788 	DATA 	Keypress: rctrl
145.2063 	EXP 	Sound  started
145.2309 	DATA 	Keypress: lctrl
145.9564 	EXP 	Sound  started
145.9828 	DATA 	Keypress: lctrl
146.7029 	DATA 	Keypress: lctrl
146.7064 	EXP 	Sound  started
147.4228 	DATA 	Keypress: rctrl
147.4564 	EXP 	Sound  started
148.2064 	EXP 	Sound  started
148.2549 	DATA 	Keypress: rctrl
148.9564 	EXP 	Sound  started
148.9749 	DATA 	Keypress: rctrl
149.7064 	EXP 	Sound  started
149.8068 	DATA 	Keypress: lctrl
150.4564 	EXP 	Sound  started
150.5109 	DATA 	Keypress: lctrl
151.2065 	EXP 	Sound  started
151.2789 	DATA 	Keypress: rctrl
151.9565 	EXP 	Sound  started
151.9829 	DATA 	Keypress: lctrl
152.7065 	EXP 	Sound  started
152.7989 	DATA 	Keypress: lctrl
153.4565 	EXP 	Sound  started
153.5349 	DATA 	Keypress: lctrl
154.2065 	EXP 	Sound  started
154.2550 	DATA 	Keypress: rctrl
154.9565 	EXP 	Sound  started
155.0708 	DATA 	Keypress: lctrl
155.7065 	EXP 	Sound  started
155.7588 	DATA 	Keypress: lctrl
156.4566 	EXP 	Sound  started
156.4788 	DATA 	Keypress: rctrl
157.2066 	EXP 	Sound  started
157.2311 	DATA 	Keypress: rctrl
157.9566 	EXP 	Sound  started
157.9829 	DATA 	Keypress: lctrl
158.7066 	EXP 	Sound  started
158.7188 	DATA 	Keypress: lctrl
159.4566 	EXP 	Sound  started
159.5191 	DATA 	Keypress: lctrl
160.2066 	EXP 	Sound  started
160.2709 	DATA 	Keypress: rctrl
160.9566 	EXP 	Sound  started
161.0228 	DATA 	Keypress: rctrl
161.7067 	EXP 	Sound  started
161.7429 	DATA 	Keypress: lctrl
162.4567 	EXP 	Sound  started
162.4629 	DATA 	Keypress: rctrl
163.2067 	EXP 	Sound  started
163.3109 	DATA 	Keypress: lctrl
163.9835 	DATA 	Keypress: rctrl
166.3538 	DATA 	Keypress: 2
166.3699 	EXP 	unnamed ShapeStim: vertices = <class 'numpy.ndarray'>
169.5048 	DATA 	Keypress: 3
169.5212 	EXP 	unnamed ShapeStim: vertices = <class 'numpy.ndarray'>
173.3605 	DATA 	Keypress: 1
173.3893 	EXP 	unnamed ShapeStim: vertices = <class 'numpy.ndarray'>
175.6637 	EXP 	Sound  started
175.8710 	DATA 	Keypress: rctrl
176.4136 	EXP 	Sound  started
176.4468 	DATA 	Keypress: lctrl
177.1636 	EXP 	Sound  started
177.1829 	DATA 	Keypress: rctrl
177.9136 	EXP 	Sound  started
177.9829 	DATA 	Keypress: lctrl
178.6636 	EXP 	Sound  started
178.7188 	DATA 	Keypress: lctrl
179.4136 	EXP 	Sound  started
179.4708 	DATA 	Keypress: rctrl
180.1636 	EXP 	Sound  started
180.1748 	DATA 	Keypress: rctrl
180.9136 	EXP 	Sound  started
180.9749 	DATA 	Keypress: lctrl
181.6149 	DATA 	Keypress: rctrl
181.6637 	EXP 	Sound  started
182.4137 	EXP 	Sound  started
182.4150 	DATA 	Keypress: lctrl
183.1637 	EXP 	Sound  started
183.1988 	DATA 	Keypress: lctrl
183.9137 	EXP 	Sound  started
183.9189 	DATA 	Keypress: lctrl
184.6548 	DATA 	Keypress: rctrl
184.6637 	EXP 	Sound  started
185.4137 	EXP 	Sound  started
185.4709 	DATA 	Keypress: lctrl
186.1429 	DATA 	Keypress: rctrl
186.1637 	EXP 	Sound  started
186.8949 	DATA 	Keypress: rctrl
186.9138 	EXP 	Sound  started
187.6638 	EXP 	Sound  started
187.6789 	DATA 	Keypress: rctrl
188.3349 	DATA 	Keypress: lctrl
188.4138 	EXP 	Sound  started
189.1638 	EXP 	Sound  started
189.1828 	DATA 	Keypress: rctrl
189.9138 	EXP 	Sound  started
189.9188 	DATA 	Keypress: lctrl
190.6638 	EXP 	Sound  started
190.6708 	DATA 	Keypress: rctrl
191.4138 	EXP 	Sound  started
191.4548 	DATA 	Keypress: lctrl
192.1638 	EXP 	Sound  started
192.1908 	DATA 	Keypress: lctrl
192.8948 	DATA 	Keypress: lctrl
192.9139 	EXP 	Sound  started
193.6639 	EXP 	Sound  started
193.6788 	DATA 	Keypress: rctrl
194.4139 	EXP 	Sound  started
194.4309 	DATA 	Keypress: rctrl
195.1639 	EXP 	Sound  started
195.1669 	DATA 	Keypress: lctrl
195.9139 	EXP 	Sound  started
195.9668 	DATA 	Keypress: rctrl
196.6639 	EXP 	Sound  started
196.6870 	DATA 	Keypress: lctrl
197.4139 	EXP 	Sound  started
197.4388 	DATA 	Keypress: rctrl
198.1639 	EXP 	Sound  started
198.1909 	DATA 	Keypress: lctrl
198.9139 	EXP 	Sound  started
198.9429 	DATA 	Keypress: rctrl
199.6640 	EXP 	Sound  started
199.6788 	DATA 	Keypress: rctrl
200.4140 	EXP 	Sound  started
200.4469 	DATA 	Keypress: lctrl
201.1640 	EXP 	Sound  started
201.2468 	DATA 	Keypress: rctrl
201.9140 	EXP 	Sound  started
202.0148 	DATA 	Keypress: lctrl
202.6640 	EXP 	Sound  started
202.7028 	DATA 	Keypress: lctrl
203.4140 	EXP 	Sound  started
203.5189 	DATA 	Keypress: lctrl
204.1640 	EXP 	Sound  started
204.2068 	DATA 	Keypress: rctrl
204.9141 	EXP 	Sound  started
204.9588 	DATA 	Keypress: rctrl
205.6641 	EXP 	Sound  started
205.7428 	DATA 	Keypress: lctrl
206.4141 	EXP 	Sound  started
206.4308 	DATA 	Keypress: rctrl
207.1641 	EXP 	Sound  started
207.1669 	DATA 	Keypress: lctrl
207.9141 	EXP 	Sound  started
207.9349 	DATA 	Keypress: lctrl
208.6641 	EXP 	Sound  started
208.6708 	DATA 	Keypress: rctrl
209.4141 	EXP 	Sound  started
209.5028 	DATA 	Keypress: lctrl
210.1641 	EXP 	Sound  started
210.1908 	DATA 	Keypress: rctrl
210.9142 	EXP 	Sound  started
210.9268 	DATA 	Keypress: rctrl
211.6642 	EXP 	Sound  started
211.7108 	DATA 	Keypress: rctrl
212.4142 	EXP 	Sound  started
212.4788 	DATA 	Keypress: lctrl
213.1642 	EXP 	Sound  started
213.2468 	DATA 	Keypress: lctrl
213.9142 	EXP 	Sound  started
213.9189 	DATA 	Keypress: rctrl
214.6642 	EXP 	Sound  started
214.6869 	DATA 	Keypress: lctrl
215.4142 	EXP 	Sound  started
215.4228 	DATA 	Keypress: rctrl
216.1642 	EXP 	Sound  started
216.1908 	DATA 	Keypress: rctrl
216.8629 	DATA 	Keypress: rctrl
216.9143 	EXP 	Sound  started
217.6643 	EXP 	Sound  started
217.6790 	DATA 	Keypress: lctrl
218.4143 	EXP 	Sound  started
218.4469 	DATA 	Keypress: rctrl
219.1643 	EXP 	Sound  started
219.1988 	DATA 	Keypress: lctrl
219.9143 	EXP 	Sound  started
219.9509 	DATA 	Keypress: lctrl
220.6643 	EXP 	Sound  started
220.6868 	DATA 	Keypress: rctrl
221.4143 	EXP 	Sound  started
221.4549 	DATA 	Keypress: lctrl
222.1643 	EXP 	Sound  started
222.1908 	DATA 	Keypress: rctrl
222.9144 	EXP 	Sound  started
222.9748 	DATA 	Keypress: rctrl
223.6630 	DATA 	Keypress: lctrl
223.6644 	EXP 	Sound  started
224.4144 	EXP 	Sound  started
224.4148 	DATA 	Keypress: rctrl
225.1644 	EXP 	Sound  started
225.1989 	DATA 	Keypress: lctrl
225.9144 	EXP 	Sound  started
225.9828 	DATA 	Keypress: rctrl
226.6644 	EXP 	Sound  started
226.7349 	DATA 	Keypress: rctrl
227.4144 	EXP 	Sound  started
227.4548 	DATA 	Keypress: rctrl
228.1644 	EXP 	Sound  started
228.2388 	DATA 	Keypress: lctrl
228.9145 	EXP 	Sound  started
228.9427 	DATA 	Keypress: lctrl
229.6645 	EXP 	Sound  started
229.7269 	DATA 	Keypress: lctrl
230.4145 	EXP 	Sound  started
230.4628 	DATA 	Keypress: rctrl
231.1645 	EXP 	Sound  started
231.1988 	DATA 	Keypress: lctrl
231.9145 	EXP 	Sound  started
231.9348 	DATA 	Keypress: rctrl
232.6645 	EXP 	Sound  started
232.7029 	DATA 	Keypress: rctrl
233.4068 	DATA 	Keypress: lctrl
233.4145 	EXP 	Sound  started
234.1646 	EXP 	Sound  started
234.2228 	DATA 	Keypress: rctrl
234.9146 	EXP 	Sound  started
234.9588 	DATA 	Keypress: lctrl
235.6646 	EXP 	Sound  started
235.7268 	DATA 	Keypress: rctrl
236.4712 	DATA 	Keypress: lctrl
240.1625 	DATA 	Keypress: 2
240.1787 	EXP 	unnamed ShapeStim: vertices = <class 'numpy.ndarray'>
244.6641 	DATA 	Keypress: 4
244.6806 	EXP 	unnamed ShapeStim: vertices = <class 'numpy.ndarray'>
252.7385 	DATA 	Keypress: 2
252.7668 	EXP 	unnamed ShapeStim: vertices = <class 'numpy.ndarray'>
255.0409 	EXP 	Sound  started
255.1830 	DATA 	Keypress: rctrl
255.7908 	EXP 	Sound  started
255.8228 	DATA 	Keypress: lctrl
256.5408 	EXP 	Sound  started
256.5428 	DATA 	Keypress: rctrl
257.2787 	DATA 	Keypress: rctrl
257.2908 	EXP 	Sound  started
258.0408 	EXP 	Sound  started
258.0628 	DATA 	Keypress: lctrl
258.7908 	EXP 	Sound  started
258.8147 	DATA 	Keypress: lctrl
259.5408 	EXP 	Sound  started
259.5668 	DATA 	Keypress: rctrl
260.2868 	DATA 	Keypress: rctrl
260.2909 	EXP 	Sound  started
261.0409 	EXP 	Sound  started
261.0868 	DATA 	Keypress: lctrl
261.7909 	EXP 	Sound  started
261.8068 	DATA 	Keypress: rctrl
262.5267 	DATA 	Keypress: rctrl
262.5409 	EXP 	Sound  started
263.2909 	EXP 	Sound  started
263.3428 	DATA 	Keypress: lctrl
264.0149 	DATA 	Keypress: lctrl
264.0409 	EXP 	Sound  started
264.7909 	EXP 	Sound  started
265.5409 	EXP 	Sound  started
266.0948 	DATA 	Keypress: rctrl
266.2910 	EXP 	Sound  started
267.0228 	DATA 	Keypress: lctrl
267.0410 	EXP 	Sound  started
267.7748 	DATA 	Keypress: rctrl
267.7910 	EXP 	Sound  started
268.5410 	EXP 	Sound  started
268.5748 	DATA 	Keypress: rctrl
269.2910 	EXP 	Sound  started
269.3109 	DATA 	Keypress: lctrl
270.0309 	DATA 	Keypress: rctrl
270.0410 	EXP 	Sound  started
270.7911 	EXP 	Sound  started
270.8469 	DATA 	Keypress: lctrl
271.5411 	EXP 	Sound  started
271.5828 	DATA 	Keypress: lctrl
272.2911 	EXP 	Sound  started
272.3189 	DATA 	Keypress: rctrl
273.0411 	EXP 	Sound  started
273.1028 	DATA 	Keypress: lctrl
273.7911 	EXP 	Sound  started
273.8547 	DATA 	Keypress: rctrl
274.5411 	EXP 	Sound  started
274.6387 	DATA 	Keypress: rctrl
275.2911 	EXP 	Sound  started
275.3427 	DATA 	Keypress: rctrl
276.0411 	EXP 	Sound  started
276.0787 	DATA 	Keypress: rctrl
276.7912 	EXP 	Sound  started
276.8307 	DATA 	Keypress: lctrl
277.5349 	DATA 	Keypress: rctrl
277.5412 	EXP 	Sound  started
278.2912 	EXP 	Sound  started
278.3508 	DATA 	Keypress: lctrl
279.0412 	EXP 	Sound  started
279.1509 	DATA 	Keypress: rctrl
279.7912 	EXP 	Sound  started
279.8387 	DATA 	Keypress: rctrl
280.5108 	DATA 	Keypress: rctrl
280.5412 	EXP 	Sound  started
281.2912 	EXP 	Sound  started
281.3107 	DATA 	Keypress: lctrl
282.0413 	EXP 	Sound  started
282.1427 	DATA 	Keypress: lctrl
282.7913 	EXP 	Sound  started
282.8307 	DATA 	Keypress: rctrl
283.5413 	EXP 	Sound  started
283.5508 	DATA 	Keypress: lctrl
284.2708 	DATA 	Keypress: lctrl
284.2913 	EXP 	Sound  started
285.0228 	DATA 	Keypress: lctrl
285.0413 	EXP 	Sound  started
285.7913 	EXP 	Sound  started
285.8228 	DATA 	Keypress: rctrl
286.5108 	DATA 	Keypress: rctrl
286.5414 	EXP 	Sound  started
287.2788 	DATA 	Keypress: lctrl
287.2914 	EXP 	Sound  started
288.0414 	EXP 	Sound  started
288.0627 	DATA 	Keypress: lctrl
288.7914 	EXP 	Sound  started
288.7987 	DATA 	Keypress: lctrl
289.5188 	DATA 	Keypress: rctrl
289.5414 	EXP 	Sound  started
290.2914 	EXP 	Sound  started
290.3187 	DATA 	Keypress: rctrl
291.0414 	EXP 	Sound  started
291.1028 	DATA 	Keypress: lctrl
291.7914 	EXP 	Sound  started
291.8068 	DATA 	Keypress: rctrl
292.5268 	DATA 	Keypress: lctrl
292.5414 	EXP 	Sound  started
293.2915 	EXP 	Sound  started
293.3108 	DATA 	Keypress: lctrl
294.0415 	EXP 	Sound  started
294.0627 	DATA 	Keypress: rctrl
294.7915 	EXP 	Sound  started
294.8147 	DATA 	Keypress: rctrl
295.5415 	EXP 	Sound  started
295.6149 	DATA 	Keypress: lctrl
296.2915 	EXP 	Sound  started
296.3348 	DATA 	Keypress: rctrl
297.0390 	DATA 	Keypress: lctrl
297.0415 	EXP 	Sound  started
297.7908 	DATA 	Keypress: rctrl
297.7915 	EXP 	Sound  started
298.5267 	DATA 	Keypress: lctrl
298.5416 	EXP 	Sound  started
299.2916 	EXP 	Sound  started
299.3268 	DATA 	Keypress: lctrl
300.0416 	EXP 	Sound  started
300.1107 	DATA 	Keypress: lctrl
300.7916 	EXP 	Sound  started
300.8308 	DATA 	Keypress: rctrl
301.5416 	EXP 	Sound  started
301.5668 	DATA 	Keypress: lctrl
302.2916 	EXP 	Sound  started
302.3507 	DATA 	Keypress: rctrl
303.0416 	EXP 	Sound  started
303.1028 	DATA 	Keypress: rctrl
303.7916 	EXP 	Sound  started
303.8228 	DATA 	Keypress: lctrl
304.5107 	DATA 	Keypress: rctrl
304.5417 	EXP 	Sound  started
305.2917 	EXP 	Sound  started
305.3428 	DATA 	Keypress: lctrl
305.9987 	DATA 	Keypress: lctrl
306.0417 	EXP 	Sound  started
306.7828 	DATA 	Keypress: rctrl
306.7917 	EXP 	Sound  started
307.5347 	DATA 	Keypress: lctrl
307.5417 	EXP 	Sound  started
308.2867 	DATA 	Keypress: rctrl
308.2917 	EXP 	Sound  started
309.0227 	DATA 	Keypress: rctrl
309.0417 	EXP 	Sound  started
309.7917 	EXP 	Sound  started
309.8388 	DATA 	Keypress: rctrl
310.5418 	EXP 	Sound  started
310.5427 	DATA 	Keypress: lctrl
311.2918 	EXP 	Sound  started
311.3267 	DATA 	Keypress: rctrl
312.0418 	EXP 	Sound  started
312.0787 	DATA 	Keypress: lctrl
312.7918 	EXP 	Sound  started
312.9907 	DATA 	Keypress: rctrl
313.5418 	EXP 	Sound  started
313.6468 	DATA 	Keypress: rctrl
314.2918 	EXP 	Sound  started
314.3188 	DATA 	Keypress: lctrl
315.0418 	EXP 	Sound  started
315.0548 	DATA 	Keypress: lctrl
315.7748 	DATA 	Keypress: lctrl
317.6560 	DATA 	Keypress: 1
317.6724 	EXP 	unnamed ShapeStim: vertices = <class 'numpy.ndarray'>
325.5255 	DATA 	Keypress: 4
325.5419 	EXP 	unnamed ShapeStim: vertices = <class 'numpy.ndarray'>
331.6818 	DATA 	Keypress: 2
331.7107 	EXP 	unnamed ShapeStim: vertices = <class 'numpy.ndarray'>
333.9845 	EXP 	Sound  started
333.9855 	DATA 	Keypress: rctrl
334.7027 	DATA 	Keypress: lctrl
334.7343 	EXP 	Sound  started
335.4843 	EXP 	Sound  started
335.4867 	DATA 	Keypress: rctrl
336.2343 	EXP 	Sound  started
336.2388 	DATA 	Keypress: rctrl
336.9844 	EXP 	Sound  started
337.0067 	DATA 	Keypress: lctrl
337.7268 	DATA 	Keypress: rctrl
337.7344 	EXP 	Sound  started
338.4844 	EXP 	Sound  started
338.5107 	DATA 	Keypress: rctrl
339.2344 	EXP 	Sound  started
339.2467 	DATA 	Keypress: rctrl
339.9347 	DATA 	Keypress: lctrl
339.9844 	EXP 	Sound  started
340.6868 	DATA 	Keypress: lctrl
340.7344 	EXP 	Sound  started
341.4548 	DATA 	Keypress: rctrl
341.4844 	EXP 	Sound  started
342.2228 	DATA 	Keypress: lctrl
342.2344 	EXP 	Sound  started
342.9845 	EXP 	Sound  started
342.9909 	DATA 	Keypress: rctrl
343.7107 	DATA 	Keypress: lctrl
343.7345 	EXP 	Sound  started
344.4787 	DATA 	Keypress: lctrl
344.4845 	EXP 	Sound  started
345.2345 	EXP 	Sound  started
345.2628 	DATA 	Keypress: lctrl
345.9845 	EXP 	Sound  started
346.0307 	DATA 	Keypress: rctrl
346.7187 	DATA 	Keypress: rctrl
346.7345 	EXP 	Sound  started
347.4845 	EXP 	Sound  started
347.5027 	DATA 	Keypress: lctrl
348.2345 	EXP 	Sound  started
348.2387 	DATA 	Keypress: lctrl
348.9846 	EXP 	Sound  started
348.9907 	DATA 	Keypress: rctrl
349.7346 	EXP 	Sound  started
349.7427 	DATA 	Keypress: lctrl
350.4846 	EXP 	Sound  started
350.5587 	DATA 	Keypress: rctrl
351.2346 	EXP 	Sound  started
351.2947 	DATA 	Keypress: lctrl
351.9846 	EXP 	Sound  started
352.0788 	DATA 	Keypress: rctrl
352.7346 	EXP 	Sound  started
352.7669 	DATA 	Keypress: rctrl
353.4846 	EXP 	Sound  started
353.5027 	DATA 	Keypress: rctrl
354.2347 	EXP 	Sound  started
354.2387 	DATA 	Keypress: lctrl
354.9847 	EXP 	Sound  started
354.9908 	DATA 	Keypress: rctrl
355.7267 	DATA 	Keypress: lctrl
355.7347 	EXP 	Sound  started
356.4847 	EXP 	Sound  started
356.5108 	DATA 	Keypress: lctrl
357.2347 	EXP 	Sound  started
357.2467 	DATA 	Keypress: rctrl
357.9827 	DATA 	Keypress: lctrl
357.9847 	EXP 	Sound  started
358.7347 	EXP 	Sound  started
358.7667 	DATA 	Keypress: rctrl
359.4847 	EXP 	Sound  started
359.5027 	DATA 	Keypress: rctrl
360.2067 	DATA 	Keypress: lctrl
360.2348 	EXP 	Sound  started
360.9588 	DATA 	Keypress: rctrl
360.9848 	EXP 	Sound  started
361.7268 	DATA 	Keypress: lctrl
361.7348 	EXP 	Sound  started
362.4848 	EXP 	Sound  started
362.4947 	DATA 	Keypress: rctrl
363.2308 	DATA 	Keypress: rctrl
363.2348 	EXP 	Sound  started
363.9848 	EXP 	Sound  started
364.0148 	DATA 	Keypress: rctrl
364.7349 	EXP 	Sound  started
364.7507 	DATA 	Keypress: lctrl
365.4547 	DATA 	Keypress: lctrl
365.4849 	EXP 	Sound  started
366.2227 	DATA 	Keypress: rctrl
366.2349 	EXP 	Sound  started
366.9849 	EXP 	Sound  started
367.0228 	DATA 	Keypress: lctrl
367.7349 	EXP 	Sound  started
367.7747 	DATA 	Keypress: rctrl
368.4849 	EXP 	Sound  started
368.5108 	DATA 	Keypress: rctrl
369.2349 	EXP 	Sound  started
369.2947 	DATA 	Keypress: lctrl
369.9849 	EXP 	Sound  started
369.9987 	DATA 	Keypress: lctrl
370.7187 	DATA 	Keypress: rctrl
370.7350 	EXP 	Sound  started
371.4850 	EXP 	Sound  started
371.5347 	DATA 	Keypress: rctrl
372.2350 	EXP 	Sound  started
372.2867 	DATA 	Keypress: rctrl
372.9850 	EXP 	Sound  started
373.0227 	DATA 	Keypress: rctrl
373.7267 	DATA 	Keypress: lctrl
373.7350 	EXP 	Sound  started
374.4850 	EXP 	Sound  started
374.4947 	DATA 	Keypress: lctrl
375.2350 	EXP 	Sound  started
375.2467 	DATA 	Keypress: rctrl
375.9851 	EXP 	Sound  started
375.9987 	DATA 	Keypress: lctrl
376.7351 	EXP 	Sound  started
376.7507 	DATA 	Keypress: rctrl
377.4851 	EXP 	Sound  started
377.4868 	DATA 	Keypress: lctrl
378.2067 	DATA 	Keypress: rctrl
378.2351 	EXP 	Sound  started
378.9851 	EXP 	Sound  started
378.9907 	DATA 	Keypress: lctrl
379.7351 	EXP 	Sound  started
379.7747 	DATA 	Keypress: rctrl
380.4852 	EXP 	Sound  started
380.5267 	DATA 	Keypress: rctrl
381.2867 	DATA 	Keypress: lctrl
383.0120 	DATA 	Keypress: 4
383.0281 	EXP 	unnamed ShapeStim: vertices = <class 'numpy.ndarray'>
386.2964 	DATA 	Keypress: 1
386.3129 	EXP 	unnamed ShapeStim: vertices = <class 'numpy.ndarray'>
388.1137 	DATA 	Keypress: 1
388.1302 	EXP 	unnamed ShapeStim: vertices = <class 'numpy.ndarray'>
390.4049 	EXP 	Sound  started
390.4057 	DATA 	Keypress: rctrl
391.0547 	DATA 	Keypress: lctrl
391.1547 	EXP 	Sound  started
391.8707 	DATA 	Keypress: rctrl
391.9047 	EXP 	Sound  started
392.6547 	EXP 	Sound  started
392.7187 	DATA 	Keypress: lctrl
393.4047 	EXP 	Sound  started
393.4227 	DATA 	Keypress: lctrl
394.1548 	EXP 	Sound  started
394.1747 	DATA 	Keypress: rctrl
394.8947 	DATA 	Keypress: rctrl
394.9048 	EXP 	Sound  started
395.6548 	EXP 	Sound  started
395.6947 	DATA 	Keypress: rctrl
396.4048 	EXP 	Sound  started
396.4147 	DATA 	Keypress: lctrl
397.1548 	EXP 	Sound  started
397.1988 	DATA 	Keypress: rctrl
397.9049 	EXP 	Sound  started
397.9187 	DATA 	Keypress: lctrl
398.6549 	EXP 	Sound  started
398.6867 	DATA 	Keypress: rctrl
399.4049 	EXP 	Sound  started
399.4227 	DATA 	Keypress: lctrl
400.1549 	EXP 	Sound  started
400.1908 	DATA 	Keypress: lctrl
400.9049 	EXP 	Sound  started
400.9747 	DATA 	Keypress: rctrl
401.6549 	EXP 	Sound  started
401.6947 	DATA 	Keypress: rctrl
402.4049 	EXP 	Sound  started
402.4468 	DATA 	Keypress: lctrl
403.1549 	EXP 	Sound  started
403.1828 	DATA 	Keypress: rctrl
403.8868 	DATA 	Keypress: lctrl
403.9050 	EXP 	Sound  started
404.6550 	EXP 	Sound  started
404.6867 	DATA 	Keypress: rctrl
405.4050 	EXP 	Sound  started
405.4228 	DATA 	Keypress: lctrl
406.1550 	EXP 	Sound  started
406.1908 	DATA 	Keypress: rctrl
406.9050 	EXP 	Sound  started
406.9267 	DATA 	Keypress: rctrl
407.6467 	DATA 	Keypress: lctrl
407.6550 	EXP 	Sound  started
408.4050 	EXP 	Sound  started
408.4147 	DATA 	Keypress: lctrl
409.1550 	EXP 	Sound  started
409.2147 	DATA 	Keypress: rctrl
409.9027 	DATA 	Keypress: lctrl
409.9051 	EXP 	Sound  started
410.6551 	EXP 	Sound  started
410.6867 	DATA 	Keypress: lctrl
411.4051 	EXP 	Sound  started
411.4227 	DATA 	Keypress: rctrl
412.1551 	EXP 	Sound  started
412.1907 	DATA 	Keypress: lctrl
412.8947 	DATA 	Keypress: rctrl
412.9051 	EXP 	Sound  started
413.6551 	EXP 	Sound  started
413.8067 	DATA 	Keypress: rctrl
414.4052 	EXP 	Sound  started
414.4627 	DATA 	Keypress: rctrl
415.1507 	DATA 	Keypress: lctrl
415.1552 	EXP 	Sound  started
415.9052 	EXP 	Sound  started
415.9827 	DATA 	Keypress: lctrl
416.6387 	DATA 	Keypress: rctrl
416.6552 	EXP 	Sound  started
417.3907 	DATA 	Keypress: lctrl
417.4052 	EXP 	Sound  started
418.1552 	EXP 	Sound  started
418.1587 	DATA 	Keypress: rctrl
418.9052 	EXP 	Sound  started
418.9267 	DATA 	Keypress: rctrl
419.6552 	EXP 	Sound  started
419.6627 	DATA 	Keypress: lctrl
420.4053 	EXP 	Sound  started
420.4308 	DATA 	Keypress: lctrl
421.1553 	EXP 	Sound  started
421.1827 	DATA 	Keypress: lctrl
421.9053 	EXP 	Sound  started
421.9347 	DATA 	Keypress: rctrl
422.6547 	DATA 	Keypress: lctrl
422.6553 	EXP 	Sound  started
423.4053 	EXP 	Sound  started
423.4227 	DATA 	Keypress: rctrl
424.1553 	EXP 	Sound  started
424.2227 	DATA 	Keypress: lctrl
424.9053 	EXP 	Sound  started
424.9107 	DATA 	Keypress: lctrl
425.6468 	DATA 	Keypress: rctrl
425.6554 	EXP 	Sound  started
426.4054 	EXP 	Sound  started
426.4148 	DATA 	Keypress: rctrl
427.1347 	DATA 	Keypress: lctrl
427.1554 	EXP 	Sound  started
427.8867 	DATA 	Keypress: rctrl
427.9054 	EXP 	Sound  started
428.6387 	DATA 	Keypress: lctrl
428.6554 	EXP 	Sound  started
429.4054 	EXP 	Sound  started
429.4068 	DATA 	Keypress: rctrl
430.1597 	DATA 	Keypress: rctrl
432.3839 	DATA 	Keypress: 2
432.4121 	EXP 	unnamed ShapeStim: vertices = <class 'numpy.ndarray'>
435.6176 	DATA 	Keypress: 4
435.6466 	EXP 	unnamed ShapeStim: vertices = <class 'numpy.ndarray'>
437.4473 	DATA 	Keypress: 1
437.4640 	EXP 	unnamed ShapeStim: vertices = <class 'numpy.ndarray'>
439.7379 	EXP 	Sound  started
439.8548 	DATA 	Keypress: rctrl
440.4877 	EXP 	Sound  started
440.5107 	DATA 	Keypress: lctrl
441.2377 	EXP 	Sound  started
441.2786 	DATA 	Keypress: rctrl
441.9877 	EXP 	Sound  started
442.0467 	DATA 	Keypress: rctrl
442.7377 	EXP 	Sound  started
442.7507 	DATA 	Keypress: rctrl
443.4878 	EXP 	Sound  started
443.5506 	DATA 	Keypress: lctrl
444.2378 	EXP 	Sound  started
444.2706 	DATA 	Keypress: lctrl
444.9746 	DATA 	Keypress: rctrl
444.9878 	EXP 	Sound  started
445.7378 	EXP 	Sound  started
445.8707 	DATA 	Keypress: lctrl
446.4878 	EXP 	Sound  started
446.5907 	DATA 	Keypress: rctrl
447.2378 	EXP 	Sound  started
447.2626 	DATA 	Keypress: lctrl
447.9879 	EXP 	Sound  started
447.9987 	DATA 	Keypress: rctrl
448.7186 	DATA 	Keypress: lctrl
448.7378 	EXP 	Sound  started
449.4879 	EXP 	Sound  started
449.5346 	DATA 	Keypress: rctrl
450.2379 	EXP 	Sound  started
450.3186 	DATA 	Keypress: lctrl
450.9879 	EXP 	Sound  started
450.9907 	DATA 	Keypress: lctrl
451.7107 	DATA 	Keypress: rctrl
451.7379 	EXP 	Sound  started
452.4879 	EXP 	Sound  started
452.5266 	DATA 	Keypress: rctrl
453.2379 	EXP 	Sound  started
453.2627 	DATA 	Keypress: lctrl
453.9879 	EXP 	Sound  started
454.0306 	DATA 	Keypress: rctrl
454.7379 	EXP 	Sound  started
454.7666 	DATA 	Keypress: lctrl
455.4880 	EXP 	Sound  started
455.5188 	DATA 	Keypress: rctrl
456.2380 	EXP 	Sound  started
456.2547 	DATA 	Keypress: rctrl
456.9880 	EXP 	Sound  started
457.0227 	DATA 	Keypress: lctrl
457.7380 	EXP 	Sound  started
457.7426 	DATA 	Keypress: rctrl
458.4880 	EXP 	Sound  started
458.4946 	DATA 	Keypress: lctrl
459.2147 	DATA 	Keypress: lctrl
459.2380 	EXP 	Sound  started
459.9506 	DATA 	Keypress: rctrl
459.9880 	EXP 	Sound  started
460.7188 	DATA 	Keypress: lctrl
460.7381 	EXP 	Sound  started
461.4881 	EXP 	Sound  started
461.5026 	DATA 	Keypress: lctrl
462.2227 	DATA 	Keypress: lctrl
462.2381 	EXP 	Sound  started
462.9747 	DATA 	Keypress: rctrl
462.9881 	EXP 	Sound  started
463.7381 	EXP 	Sound  started
463.7746 	DATA 	Keypress: lctrl
464.4881 	EXP 	Sound  started
464.5107 	DATA 	Keypress: rctrl
465.2381 	EXP 	Sound  started
465.3107 	DATA 	Keypress: lctrl
465.9882 	EXP 	Sound  started
466.0147 	DATA 	Keypress: rctrl
466.7346 	DATA 	Keypress: lctrl
466.7382 	EXP 	Sound  started
467.4882 	EXP 	Sound  started
467.5347 	DATA 	Keypress: lctrl
468.2382 	EXP 	Sound  started
468.2387 	DATA 	Keypress: rctrl
468.9882 	EXP 	Sound  started
469.0068 	DATA 	Keypress: lctrl
469.7382 	EXP 	Sound  started
469.7586 	DATA 	Keypress: rctrl
470.4882 	EXP 	Sound  started
470.5906 	DATA 	Keypress: lctrl
471.2383 	EXP 	Sound  started
471.2466 	DATA 	Keypress: lctrl
471.9827 	DATA 	Keypress: rctrl
471.9883 	EXP 	Sound  started
472.7347 	DATA 	Keypress: rctrl
472.7383 	EXP 	Sound  started
473.4883 	EXP 	Sound  started
473.5186 	DATA 	Keypress: lctrl
474.2383 	EXP 	Sound  started
474.2547 	DATA 	Keypress: rctrl
474.9586 	DATA 	Keypress: lctrl
474.9883 	EXP 	Sound  started
475.7383 	EXP 	Sound  started
475.8068 	DATA 	Keypress: lctrl
476.4883 	EXP 	Sound  started
476.5106 	DATA 	Keypress: rctrl
477.2384 	EXP 	Sound  started
477.2948 	DATA 	Keypress: lctrl
477.9826 	DATA 	Keypress: lctrl
477.9884 	EXP 	Sound  started
478.7346 	DATA 	Keypress: rctrl
478.7384 	EXP 	Sound  started
479.4884 	EXP 	Sound  started
479.5507 	DATA 	Keypress: rctrl
480.2384 	EXP 	Sound  started
480.2707 	DATA 	Keypress: lctrl
480.9884 	EXP 	Sound  started
480.9906 	DATA 	Keypress: lctrl
481.7384 	EXP 	Sound  started
481.7907 	DATA 	Keypress: lctrl
482.4885 	EXP 	Sound  started
482.5106 	DATA 	Keypress: rctrl
483.2385 	EXP 	Sound  started
483.2469 	DATA 	Keypress: lctrl
483.9885 	EXP 	Sound  started
484.0467 	DATA 	Keypress: rctrl
484.7385 	EXP 	Sound  started
484.7667 	DATA 	Keypress: lctrl
485.4885 	EXP 	Sound  started
485.5666 	DATA 	Keypress: lctrl
486.2385 	EXP 	Sound  started
486.2706 	DATA 	Keypress: rctrl
486.9747 	DATA 	Keypress: rctrl
488.9319 	DATA 	Keypress: 4
488.9480 	EXP 	unnamed ShapeStim: vertices = <class 'numpy.ndarray'>
491.9540 	DATA 	Keypress: 1
491.9827 	EXP 	unnamed ShapeStim: vertices = <class 'numpy.ndarray'>
495.0548 	DATA 	Keypress: 4
495.0839 	EXP 	unnamed ShapeStim: vertices = <class 'numpy.ndarray'>
497.3582 	EXP 	Sound  started
497.5347 	DATA 	Keypress: rctrl
498.1081 	EXP 	Sound  started
498.1587 	DATA 	Keypress: lctrl
498.8581 	EXP 	Sound  started
498.9266 	DATA 	Keypress: rctrl
499.6081 	EXP 	Sound  started
499.6626 	DATA 	Keypress: rctrl
500.3581 	EXP 	Sound  started
500.3826 	DATA 	Keypress: lctrl
501.1081 	EXP 	Sound  started
501.1346 	DATA 	Keypress: lctrl
501.8582 	EXP 	Sound  started
501.9507 	DATA 	Keypress: rctrl
502.6082 	EXP 	Sound  started
502.6708 	DATA 	Keypress: lctrl
503.3582 	EXP 	Sound  started
503.5186 	DATA 	Keypress: rctrl
504.1082 	EXP 	Sound  started
504.2066 	DATA 	Keypress: lctrl
504.7666 	DATA 	Keypress: rctrl
504.8582 	EXP 	Sound  started
505.6082 	EXP 	Sound  started
505.6306 	DATA 	Keypress: lctrl
506.3506 	DATA 	Keypress: rctrl
506.3582 	EXP 	Sound  started
507.1082 	EXP 	Sound  started
507.1346 	DATA 	Keypress: rctrl
507.8583 	EXP 	Sound  started
507.9186 	DATA 	Keypress: lctrl
508.6083 	EXP 	Sound  started
508.6226 	DATA 	Keypress: lctrl
509.3583 	EXP 	Sound  started
509.4866 	DATA 	Keypress: lctrl
510.1083 	EXP 	Sound  started
510.1586 	DATA 	Keypress: rctrl
510.8583 	EXP 	Sound  started
510.9266 	DATA 	Keypress: lctrl
511.6083 	EXP 	Sound  started
511.6146 	DATA 	Keypress: rctrl
512.3583 	EXP 	Sound  started
512.3666 	DATA 	Keypress: lctrl
513.1026 	DATA 	Keypress: rctrl
513.1084 	EXP 	Sound  started
513.8584 	EXP 	Sound  started
513.8866 	DATA 	Keypress: lctrl
514.6084 	EXP 	Sound  started
514.7028 	DATA 	Keypress: rctrl
515.3584 	EXP 	Sound  started
515.3746 	DATA 	Keypress: rctrl
516.0787 	DATA 	Keypress: rctrl
516.1084 	EXP 	Sound  started
516.8584 	EXP 	Sound  started
516.9106 	DATA 	Keypress: lctrl
517.6084 	EXP 	Sound  started
517.6147 	DATA 	Keypress: lctrl
518.3026 	DATA 	Keypress: rctrl
518.3585 	EXP 	Sound  started
519.1027 	DATA 	Keypress: lctrl
519.1085 	EXP 	Sound  started
519.8585 	EXP 	Sound  started
519.8706 	DATA 	Keypress: rctrl
520.5907 	DATA 	Keypress: lctrl
520.6085 	EXP 	Sound  started
521.3426 	DATA 	Keypress: lctrl
521.3585 	EXP 	Sound  started
522.1085 	EXP 	Sound  started
522.1426 	DATA 	Keypress: lctrl
522.8466 	DATA 	Keypress: rctrl
522.8585 	EXP 	Sound  started
523.5506 	DATA 	Keypress: rctrl
523.6085 	EXP 	Sound  started
524.2868 	DATA 	Keypress: lctrl
524.3586 	EXP 	Sound  started
525.0227 	DATA 	Keypress: rctrl
525.1086 	EXP 	Sound  started
525.7746 	DATA 	Keypress: lctrl
525.8586 	EXP 	Sound  started
526.5426 	DATA 	Keypress: lctrl
526.6086 	EXP 	Sound  started
527.3587 	DATA 	Keypress: rctrl
527.3589 	EXP 	Sound  started
528.0947 	DATA 	Keypress: lctrl
528.1089 	EXP 	Sound  started
528.8589 	EXP 	Sound  started
528.8786 	DATA 	Keypress: rctrl
529.6089 	EXP 	Sound  started
529.6146 	DATA 	Keypress: rctrl
530.3346 	DATA 	Keypress: lctrl
530.3589 	EXP 	Sound  started
531.0867 	DATA 	Keypress: rctrl
531.1090 	EXP 	Sound  started
531.8590 	EXP 	Sound  started
531.8707 	DATA 	Keypress: lctrl
532.6090 	EXP 	Sound  started
532.6227 	DATA 	Keypress: lctrl
533.3590 	EXP 	Sound  started
533.4227 	DATA 	Keypress: lctrl
534.1090 	EXP 	Sound  started
534.1586 	DATA 	Keypress: rctrl
534.8590 	EXP 	Sound  started
534.8946 	DATA 	Keypress: rctrl
535.6090 	EXP 	Sound  started
535.6466 	DATA 	Keypress: lctrl
536.3591 	EXP 	Sound  started
536.3666 	DATA 	Keypress: rctrl
537.1026 	DATA 	Keypress: rctrl
537.1091 	EXP 	Sound  started
537.8591 	EXP 	Sound  started
537.9186 	DATA 	Keypress: lctrl
538.6091 	EXP 	Sound  started
538.6546 	DATA 	Keypress: rctrl
539.3591 	EXP 	Sound  started
539.3906 	DATA 	Keypress: lctrl
540.1091 	EXP 	Sound  started
540.1586 	DATA 	Keypress: lctrl
540.8591 	EXP 	Sound  started
540.8626 	DATA 	Keypress: rctrl
541.5827 	DATA 	Keypress: lctrl
541.6092 	EXP 	Sound  started
542.3592 	EXP 	Sound  started
542.3826 	DATA 	Keypress: rctrl
543.1411 	DATA 	Keypress: rctrl
545.4239 	DATA 	Keypress: 1
545.4511 	EXP 	unnamed ShapeStim: vertices = <class 'numpy.ndarray'>
547.9690 	DATA 	Keypress: 4
547.9855 	EXP 	unnamed ShapeStim: vertices = <class 'numpy.ndarray'>
552.9375 	DATA 	Keypress: 2
552.9539 	EXP 	unnamed ShapeStim: vertices = <class 'numpy.ndarray'>
555.2290 	EXP 	Sound  started
555.2298 	DATA 	Keypress: rctrl
555.9788 	EXP 	Sound  started
556.0306 	DATA 	Keypress: lctrl
556.7288 	EXP 	Sound  started
556.8147 	DATA 	Keypress: rctrl
557.4788 	EXP 	Sound  started
557.5346 	DATA 	Keypress: rctrl
558.2288 	EXP 	Sound  started
558.2707 	DATA 	Keypress: lctrl
558.9788 	EXP 	Sound  started
559.0067 	DATA 	Keypress: lctrl
559.7266 	DATA 	Keypress: lctrl
559.7289 	EXP 	Sound  started
560.4789 	EXP 	Sound  started
560.5106 	DATA 	Keypress: rctrl
561.2289 	EXP 	Sound  started
561.2466 	DATA 	Keypress: rctrl
561.9789 	EXP 	Sound  started
562.0306 	DATA 	Keypress: lctrl
562.7289 	EXP 	Sound  started
562.7666 	DATA 	Keypress: rctrl
563.4386 	DATA 	Keypress: lctrl
563.4789 	EXP 	Sound  started
564.2289 	EXP 	Sound  started
564.2546 	DATA 	Keypress: rctrl
564.9789 	EXP 	Sound  started
565.0227 	DATA 	Keypress: rctrl
565.7290 	EXP 	Sound  started
565.7427 	DATA 	Keypress: rctrl
566.4790 	EXP 	Sound  started
566.5587 	DATA 	Keypress: lctrl
567.2290 	EXP 	Sound  started
567.2467 	DATA 	Keypress: lctrl
567.9666 	DATA 	Keypress: rctrl
567.9790 	EXP 	Sound  started
568.7290 	EXP 	Sound  started
568.7826 	DATA 	Keypress: lctrl
569.4386 	DATA 	Keypress: lctrl
569.4790 	EXP 	Sound  started
570.2290 	EXP 	Sound  started
570.2706 	DATA 	Keypress: rctrl
570.9586 	DATA 	Keypress: lctrl
570.9790 	EXP 	Sound  started
571.7291 	EXP 	Sound  started
571.7746 	DATA 	Keypress: lctrl
572.4466 	DATA 	Keypress: rctrl
572.4791 	EXP 	Sound  started
573.2146 	DATA 	Keypress: lctrl
573.2291 	EXP 	Sound  started
573.9666 	DATA 	Keypress: rctrl
573.9791 	EXP 	Sound  started
574.7291 	EXP 	Sound  started
574.7347 	DATA 	Keypress: rctrl
575.4386 	DATA 	Keypress: rctrl
575.4791 	EXP 	Sound  started
576.2292 	EXP 	Sound  started
576.2386 	DATA 	Keypress: lctrl
576.9586 	DATA 	Keypress: rctrl
576.9792 	EXP 	Sound  started
577.7268 	DATA 	Keypress: lctrl
577.7292 	EXP 	Sound  started
578.4792 	EXP 	Sound  started
578.5266 	DATA 	Keypress: rctrl
579.2292 	EXP 	Sound  started
579.2466 	DATA 	Keypress: lctrl
579.9792 	EXP 	Sound  started
580.0466 	DATA 	Keypress: lctrl
580.7292 	EXP 	Sound  started
580.7826 	DATA 	Keypress: rctrl
581.4793 	EXP 	Sound  started
581.5186 	DATA 	Keypress: lctrl
582.2293 	EXP 	Sound  started
582.2546 	DATA 	Keypress: rctrl
582.9746 	DATA 	Keypress: rctrl
582.9793 	EXP 	Sound  started
583.7293 	EXP 	Sound  started
583.7586 	DATA 	Keypress: rctrl
584.4793 	EXP 	Sound  started
584.5266 	DATA 	Keypress: lctrl
585.2293 	EXP 	Sound  started
585.2306 	DATA 	Keypress: lctrl
585.9793 	EXP 	Sound  started
585.9826 	DATA 	Keypress: rctrl
586.7293 	EXP 	Sound  started
586.7826 	DATA 	Keypress: rctrl
587.4794 	EXP 	Sound  started
587.5026 	DATA 	Keypress: lctrl
588.2294 	EXP 	Sound  started
588.2386 	DATA 	Keypress: rctrl
588.9794 	EXP 	Sound  started
589.0385 	DATA 	Keypress: lctrl
589.7294 	EXP 	Sound  started
589.7586 	DATA 	Keypress: lctrl
590.4794 	EXP 	Sound  started
590.5427 	DATA 	Keypress: lctrl
591.2294 	EXP 	Sound  started
591.2787 	DATA 	Keypress: rctrl
591.9666 	DATA 	Keypress: lctrl
591.9794 	EXP 	Sound  started
592.7294 	EXP 	Sound  started
592.7507 	DATA 	Keypress: lctrl
593.4795 	EXP 	Sound  started
593.5346 	DATA 	Keypress: rctrl
594.2295 	EXP 	Sound  started
594.2386 	DATA 	Keypress: rctrl
594.9586 	DATA 	Keypress: lctrl
594.9795 	EXP 	Sound  started
595.7295 	EXP 	Sound  started
595.7586 	DATA 	Keypress: rctrl
596.4795 	EXP 	Sound  started
596.4946 	DATA 	Keypress: lctrl
597.1987 	DATA 	Keypress: lctrl
597.2295 	EXP 	Sound  started
597.9795 	EXP 	Sound  started
597.9826 	DATA 	Keypress: rctrl
598.7296 	EXP 	Sound  started
598.7666 	DATA 	Keypress: rctrl
599.4706 	DATA 	Keypress: rctrl
599.4796 	EXP 	Sound  started
600.2296 	EXP 	Sound  started
600.3186 	DATA 	Keypress: lctrl
601.0584 	DATA 	Keypress: lctrl
602.6878 	DATA 	Keypress: 4
602.7043 	EXP 	unnamed ShapeStim: vertices = <class 'numpy.ndarray'>
606.2559 	DATA 	Keypress: 1
606.2720 	EXP 	unnamed ShapeStim: vertices = <class 'numpy.ndarray'>
608.0565 	DATA 	Keypress: 3
608.0730 	EXP 	unnamed ShapeStim: vertices = <class 'numpy.ndarray'>
610.3470 	EXP 	Sound  started
610.6226 	DATA 	Keypress: rctrl
611.0968 	EXP 	Sound  started
611.1026 	DATA 	Keypress: lctrl
611.8468 	EXP 	Sound  started
611.8546 	DATA 	Keypress: rctrl
612.5968 	EXP 	Sound  started
612.6707 	DATA 	Keypress: lctrl
613.3469 	EXP 	Sound  started
613.4226 	DATA 	Keypress: lctrl
614.0969 	EXP 	Sound  started
614.1587 	DATA 	Keypress: rctrl
614.8469 	EXP 	Sound  started
614.9105 	DATA 	Keypress: rctrl
615.5969 	EXP 	Sound  started
615.6466 	DATA 	Keypress: lctrl
616.3469 	EXP 	Sound  started
616.3985 	DATA 	Keypress: lctrl
617.0969 	EXP 	Sound  started
617.1345 	DATA 	Keypress: lctrl
617.8469 	EXP 	Sound  started
617.8547 	DATA 	Keypress: rctrl
618.5970 	EXP 	Sound  started
618.6066 	DATA 	Keypress: rctrl
619.3470 	EXP 	Sound  started
619.3746 	DATA 	Keypress: lctrl
620.0970 	EXP 	Sound  started
620.1426 	DATA 	Keypress: rctrl
620.8470 	EXP 	Sound  started
620.8626 	DATA 	Keypress: lctrl
621.5970 	EXP 	Sound  started
621.5986 	DATA 	Keypress: lctrl
622.3470 	EXP 	Sound  started
622.3826 	DATA 	Keypress: lctrl
623.0970 	EXP 	Sound  started
623.1026 	DATA 	Keypress: rctrl
623.8470 	EXP 	Sound  started
623.8706 	DATA 	Keypress: rctrl
624.5970 	EXP 	Sound  started
624.6386 	DATA 	Keypress: lctrl
625.3471 	EXP 	Sound  started
625.3906 	DATA 	Keypress: rctrl
626.0971 	EXP 	Sound  started
626.1265 	DATA 	Keypress: lctrl
626.8471 	EXP 	Sound  started
626.8786 	DATA 	Keypress: lctrl
627.5971 	EXP 	Sound  started
627.6626 	DATA 	Keypress: lctrl
628.3471 	EXP 	Sound  started
628.3667 	DATA 	Keypress: rctrl
629.0971 	EXP 	Sound  started
629.1507 	DATA 	Keypress: rctrl
629.8385 	DATA 	Keypress: lctrl
629.8472 	EXP 	Sound  started
630.5972 	EXP 	Sound  started
630.6385 	DATA 	Keypress: rctrl
631.3472 	EXP 	Sound  started
631.4386 	DATA 	Keypress: lctrl
632.0972 	EXP 	Sound  started
632.1265 	DATA 	Keypress: rctrl
632.8305 	DATA 	Keypress: rctrl
632.8472 	EXP 	Sound  started
633.5972 	EXP 	Sound  started
633.6306 	DATA 	Keypress: lctrl
634.3185 	DATA 	Keypress: rctrl
634.3472 	EXP 	Sound  started
635.0972 	EXP 	Sound  started
635.1666 	DATA 	Keypress: lctrl
635.8473 	EXP 	Sound  started
635.9026 	DATA 	Keypress: rctrl
636.5973 	EXP 	Sound  started
636.6067 	DATA 	Keypress: rctrl
637.3473 	EXP 	Sound  started
637.4226 	DATA 	Keypress: lctrl
638.0973 	EXP 	Sound  started
638.1426 	DATA 	Keypress: lctrl
638.8473 	EXP 	Sound  started
638.8625 	DATA 	Keypress: rctrl
639.5973 	EXP 	Sound  started
639.6305 	DATA 	Keypress: lctrl
640.3473 	EXP 	Sound  started
640.3506 	DATA 	Keypress: lctrl
641.0974 	EXP 	Sound  started
641.1667 	DATA 	Keypress: rctrl
641.8474 	EXP 	Sound  started
641.9025 	DATA 	Keypress: rctrl
642.5974 	EXP 	Sound  started
642.6067 	DATA 	Keypress: rctrl
643.3426 	DATA 	Keypress: lctrl
643.3474 	EXP 	Sound  started
644.0945 	DATA 	Keypress: rctrl
644.0974 	EXP 	Sound  started
644.8474 	EXP 	Sound  started
644.9105 	DATA 	Keypress: lctrl
645.5974 	EXP 	Sound  started
645.5986 	DATA 	Keypress: rctrl
646.3475 	EXP 	Sound  started
646.4146 	DATA 	Keypress: rctrl
647.0975 	EXP 	Sound  started
647.1825 	DATA 	Keypress: lctrl
647.8475 	EXP 	Sound  started
647.9026 	DATA 	Keypress: rctrl
648.5975 	EXP 	Sound  started
648.6546 	DATA 	Keypress: lctrl
649.3475 	EXP 	Sound  started
649.4068 	DATA 	Keypress: lctrl
650.0975 	EXP 	Sound  started
650.1745 	DATA 	Keypress: lctrl
650.8476 	EXP 	Sound  started
650.8625 	DATA 	Keypress: rctrl
651.5666 	DATA 	Keypress: lctrl
651.5976 	EXP 	Sound  started
652.3476 	EXP 	Sound  started
652.3986 	DATA 	Keypress: rctrl
653.0976 	EXP 	Sound  started
653.1186 	DATA 	Keypress: lctrl
653.8476 	EXP 	Sound  started
653.8865 	DATA 	Keypress: rctrl
654.5976 	EXP 	Sound  started
654.6547 	DATA 	Keypress: rctrl
655.3476 	EXP 	Sound  started
655.3585 	DATA 	Keypress: rctrl
656.0976 	EXP 	Sound  started
656.1746 	DATA 	Keypress: lctrl
656.8477 	EXP 	Sound  started
656.8785 	DATA 	Keypress: rctrl
657.5977 	EXP 	Sound  started
657.6145 	DATA 	Keypress: lctrl
658.3345 	DATA 	Keypress: lctrl
658.3477 	EXP 	Sound  started
659.0977 	EXP 	Sound  started
659.1345 	DATA 	Keypress: rctrl
659.8477 	EXP 	Sound  started
659.9026 	DATA 	Keypress: lctrl
660.5977 	EXP 	Sound  started
660.6226 	DATA 	Keypress: lctrl
661.3477 	EXP 	Sound  started
661.3746 	DATA 	Keypress: rctrl
662.0977 	EXP 	Sound  started
662.1266 	DATA 	Keypress: rctrl
662.8477 	EXP 	Sound  started
662.8785 	DATA 	Keypress: lctrl
663.5978 	EXP 	Sound  started
663.6306 	DATA 	Keypress: rctrl
664.3478 	EXP 	Sound  started
664.3827 	DATA 	Keypress: lctrl
665.0978 	EXP 	Sound  started
665.1345 	DATA 	Keypress: rctrl
665.8478 	EXP 	Sound  started
665.9025 	DATA 	Keypress: rctrl
666.5978 	EXP 	Sound  started
666.6386 	DATA 	Keypress: rctrl
667.3478 	EXP 	Sound  started
667.3745 	DATA 	Keypress: lctrl
668.0978 	EXP 	Sound  started
668.1105 	DATA 	Keypress: lctrl
668.8478 	EXP 	Sound  started
668.8945 	DATA 	Keypress: rctrl
669.7111 	DATA 	Keypress: lctrl
671.5712 	DATA 	Keypress: 4
671.5947 	EXP 	unnamed ShapeStim: vertices = <class 'numpy.ndarray'>
673.4124 	DATA 	Keypress: 1
673.4289 	EXP 	unnamed ShapeStim: vertices = <class 'numpy.ndarray'>
675.2172 	DATA 	Keypress: 4
675.2462 	EXP 	unnamed ShapeStim: vertices = <class 'numpy.ndarray'>
677.5211 	EXP 	Sound  started
677.6947 	DATA 	Keypress: rctrl
678.2710 	EXP 	Sound  started
678.2865 	DATA 	Keypress: lctrl
679.0210 	EXP 	Sound  started
679.0865 	DATA 	Keypress: rctrl
679.7710 	EXP 	Sound  started
679.8226 	DATA 	Keypress: rctrl
680.5210 	EXP 	Sound  started
680.5586 	DATA 	Keypress: rctrl
681.2710 	EXP 	Sound  started
681.3585 	DATA 	Keypress: lctrl
682.0211 	EXP 	Sound  started
682.0466 	DATA 	Keypress: rctrl
682.7711 	EXP 	Sound  started
682.8307 	DATA 	Keypress: lctrl
683.5211 	EXP 	Sound  started
683.5665 	DATA 	Keypress: lctrl
684.2711 	EXP 	Sound  started
684.3345 	DATA 	Keypress: lctrl
685.0211 	EXP 	Sound  started
685.0545 	DATA 	Keypress: rctrl
685.7711 	EXP 	Sound  started
685.7905 	DATA 	Keypress: rctrl
686.5211 	EXP 	Sound  started
686.5746 	DATA 	Keypress: lctrl
687.2625 	DATA 	Keypress: rctrl
687.2711 	EXP 	Sound  started
688.0147 	DATA 	Keypress: lctrl
688.0212 	EXP 	Sound  started
688.7712 	EXP 	Sound  started
688.7987 	DATA 	Keypress: rctrl
689.5212 	EXP 	Sound  started
689.5505 	DATA 	Keypress: rctrl
690.2712 	EXP 	Sound  started
690.2866 	DATA 	Keypress: lctrl
691.0212 	EXP 	Sound  started
691.0545 	DATA 	Keypress: lctrl
691.7586 	DATA 	Keypress: lctrl
691.7712 	EXP 	Sound  started
692.5212 	EXP 	Sound  started
692.5426 	DATA 	Keypress: rctrl
693.2713 	EXP 	Sound  started
693.3106 	DATA 	Keypress: rctrl
694.0213 	EXP 	Sound  started
694.0305 	DATA 	Keypress: lctrl
694.7713 	EXP 	Sound  started
694.7986 	DATA 	Keypress: lctrl
695.4865 	DATA 	Keypress: rctrl
695.5213 	EXP 	Sound  started
696.2713 	EXP 	Sound  started
696.2865 	DATA 	Keypress: lctrl
697.0213 	EXP 	Sound  started
697.0386 	DATA 	Keypress: rctrl
697.7714 	EXP 	Sound  started
697.7747 	DATA 	Keypress: lctrl
698.5214 	EXP 	Sound  started
698.5587 	DATA 	Keypress: lctrl
699.2465 	DATA 	Keypress: rctrl
699.2714 	EXP 	Sound  started
700.0214 	EXP 	Sound  started
700.0306 	DATA 	Keypress: rctrl
700.7714 	EXP 	Sound  started
700.7985 	DATA 	Keypress: rctrl
701.5214 	EXP 	Sound  started
701.5345 	DATA 	Keypress: lctrl
702.2714 	EXP 	Sound  started
702.3345 	DATA 	Keypress: lctrl
703.0214 	EXP 	Sound  started
703.0385 	DATA 	Keypress: rctrl
703.7714 	EXP 	Sound  started
703.8387 	DATA 	Keypress: rctrl
704.5214 	EXP 	Sound  started
704.5425 	DATA 	Keypress: lctrl
705.2715 	EXP 	Sound  started
705.2945 	DATA 	Keypress: rctrl
706.0215 	EXP 	Sound  started
706.0308 	DATA 	Keypress: lctrl
706.7666 	DATA 	Keypress: lctrl
706.7715 	EXP 	Sound  started
707.4866 	DATA 	Keypress: lctrl
707.5215 	EXP 	Sound  started
708.2225 	DATA 	Keypress: rctrl
708.2715 	EXP 	Sound  started
709.0215 	EXP 	Sound  started
709.0226 	DATA 	Keypress: rctrl
709.7106 	DATA 	Keypress: lctrl
709.7715 	EXP 	Sound  started
710.5216 	EXP 	Sound  started
710.5425 	DATA 	Keypress: rctrl
711.2716 	EXP 	Sound  started
711.3105 	DATA 	Keypress: lctrl
712.0216 	EXP 	Sound  started
712.0465 	DATA 	Keypress: rctrl
712.7505 	DATA 	Keypress: rctrl
712.7716 	EXP 	Sound  started
713.5216 	EXP 	Sound  started
713.5345 	DATA 	Keypress: lctrl
714.2385 	DATA 	Keypress: rctrl
714.2716 	EXP 	Sound  started
715.0216 	EXP 	Sound  started
715.0545 	DATA 	Keypress: lctrl
715.7717 	EXP 	Sound  started
715.7905 	DATA 	Keypress: rctrl
716.5217 	EXP 	Sound  started
716.5265 	DATA 	Keypress: lctrl
717.2717 	EXP 	Sound  started
717.2945 	DATA 	Keypress: lctrl
718.0217 	EXP 	Sound  started
718.0466 	DATA 	Keypress: rctrl
718.7717 	EXP 	Sound  started
718.8145 	DATA 	Keypress: lctrl
719.5217 	EXP 	Sound  started
719.5666 	DATA 	Keypress: rctrl
720.2717 	EXP 	Sound  started
720.3027 	DATA 	Keypress: lctrl
721.0217 	EXP 	Sound  started
721.1186 	DATA 	Keypress: rctrl
721.7718 	EXP 	Sound  started
721.8065 	DATA 	Keypress: lctrl
722.5218 	EXP 	Sound  started
722.5586 	DATA 	Keypress: lctrl
723.2718 	EXP 	Sound  started
723.3425 	DATA 	Keypress: rctrl
724.0218 	EXP 	Sound  started
724.0946 	DATA 	Keypress: lctrl
724.7665 	DATA 	Keypress: rctrl
724.7718 	EXP 	Sound  started
725.5218 	EXP 	Sound  started
725.5345 	DATA 	Keypress: rctrl
726.2718 	EXP 	Sound  started
726.3825 	DATA 	Keypress: lctrl
727.0219 	EXP 	Sound  started
727.0545 	DATA 	Keypress: lctrl
727.7719 	EXP 	Sound  started
727.8065 	DATA 	Keypress: lctrl
728.5219 	EXP 	Sound  started
728.5265 	DATA 	Keypress: lctrl
729.2626 	DATA 	Keypress: rctrl
729.2719 	EXP 	Sound  started
730.0147 	DATA 	Keypress: rctrl
730.0219 	EXP 	Sound  started
730.7719 	EXP 	Sound  started
730.8305 	DATA 	Keypress: lctrl
731.5185 	DATA 	Keypress: rctrl
731.5219 	EXP 	Sound  started
732.2705 	DATA 	Keypress: rctrl
732.2720 	EXP 	Sound  started
733.0220 	EXP 	Sound  started
733.0706 	DATA 	Keypress: lctrl
733.7720 	EXP 	Sound  started
733.7745 	DATA 	Keypress: rctrl
734.5220 	EXP 	Sound  started
734.5265 	DATA 	Keypress: rctrl
735.2720 	EXP 	Sound  started
735.2945 	DATA 	Keypress: rctrl
736.0220 	EXP 	Sound  started
736.0465 	DATA 	Keypress: lctrl
736.7898 	DATA 	Keypress: rctrl
738.7351 	DATA 	Keypress: 1
738.7513 	EXP 	unnamed ShapeStim: vertices = <class 'numpy.ndarray'>
740.5522 	DATA 	Keypress: 4
740.5687 	EXP 	unnamed ShapeStim: vertices = <class 'numpy.ndarray'>
742.6905 	DATA 	Keypress: 1
742.7195 	EXP 	unnamed ShapeStim: vertices = <class 'numpy.ndarray'>
747.0003 	DATA 	Keypress: rctrl
1123.8387 	DATA 	Keypress: escape
1123.9855 	EXP 	window1: mouseVisible = True
