14.6701 	WARNING 	User requested fullscreen with size [1024  768], but screen is actually [1920, 1200]. Using actual size
15.4654 	EXP 	Created window1 = Window(allowGUI=False, allowStencil=False, autoLog=True, backendConf=UNKNOWN, bitsMode=UNKNOWN, blendMode='avg', bpc=(8, 8, 8), color=array([0, 0, 0]), colorSpace='rgb', depthBits=8, fullscr=<method-wrapper '__getattribute__' of attributeSetter object at 0x000002330F4A6780>, gamma=None, gammaErrorPolicy='raise', lms=UNKNOWN, monitor=<psychopy.monitors.calibTools.Monitor object at 0x0000023310BE4080>, multiSample=False, name='window1', numSamples=2, pos=[0.0, 0.0], screen=0, size=array([1920, 1200]), stencilBits=0, stereo=False, units='norm', useFBO=True, useRetina=False, viewOri=0.0, viewPos=None, viewScale=None, waitBlanking=True, winType='pyglet')
15.4657 	EXP 	window1: mouseVisible = True
15.4658 	EXP 	window1: mouseVisible = False
15.4658 	EXP 	window1: recordFrameIntervals = False
15.6319 	EXP 	window1: recordFrameIntervals = True
15.8155 	EXP 	window1: recordFrameIntervals = False
15.8693 	EXP 	Created text = TextStim(__class__=<class 'psychopy.visual.text.TextStim'>, alignHoriz=method-wrapper(...), alignText='center', alignVert=method-wrapper(...), anchorHoriz='center', anchorVert='center', antialias=True, autoLog=True, bold=False, color=array([1., 1., 1.]), colorSpace='rgb', contrast=1.0, depth=0.0, flipHoriz=False, flipVert=False, font='Arial', fontFiles=[], height=0.15, italic=False, languageStyle='LTR', name='text', opacity=1, ori=0, pos=array([0., 0.]), rgb=UNKNOWN, text='+', units='norm', win=Window(...), wrapWidth=1)
15.8893 	EXP 	Created text = TextStim(__class__=<class 'psychopy.visual.text.TextStim'>, alignHoriz=method-wrapper(...), alignText='center', alignVert=method-wrapper(...), anchorHoriz='center', anchorVert='center', antialias=True, autoLog=True, bold=False, color=array([1., 1., 1.]), colorSpace='rgb', contrast=1.0, depth=0.0, flipHoriz=False, flipVert=False, font='Arial', fontFiles=[], height=0.07, italic=False, languageStyle='LTR', name='text', opacity=1, ori=0, pos=array([0., 0.]), rgb=UNKNOWN, text=str(...), units='norm', win=Window(...), wrapWidth=1.65)
15.9020 	EXP 	Created text = TextStim(__class__=<class 'psychopy.visual.text.TextStim'>, alignHoriz=method-wrapper(...), alignText='center', alignVert=method-wrapper(...), anchorHoriz='center', anchorVert='center', antialias=True, autoLog=True, bold=False, color=array([1., 1., 1.]), colorSpace='rgb', contrast=1.0, depth=0.0, flipHoriz=False, flipVert=False, font='Arial', fontFiles=[], height=0.07, italic=False, languageStyle='LTR', name='text', opacity=1, ori=0, pos=array([0., 0.]), rgb=UNKNOWN, text=str(...), units='norm', win=Window(...), wrapWidth=1.65)
15.9120 	EXP 	Created text = TextStim(__class__=<class 'psychopy.visual.text.TextStim'>, alignHoriz=method-wrapper(...), alignText='center', alignVert=method-wrapper(...), anchorHoriz='center', anchorVert='center', antialias=True, autoLog=True, bold=False, color=array([1., 1., 1.]), colorSpace='rgb', contrast=1.0, depth=0.0, flipHoriz=False, flipVert=False, font='Arial', fontFiles=[], height=0.07, italic=False, languageStyle='LTR', name='text', opacity=1, ori=0, pos=array([0., 0.]), rgb=UNKNOWN, text=str(...), units='norm', win=Window(...), wrapWidth=1.65)
15.9220 	EXP 	Created text = TextStim(__class__=<class 'psychopy.visual.text.TextStim'>, alignHoriz=method-wrapper(...), alignText='center', alignVert=method-wrapper(...), anchorHoriz='center', anchorVert='center', antialias=True, autoLog=True, bold=False, color=array([1., 1., 1.]), colorSpace='rgb', contrast=1.0, depth=0.0, flipHoriz=False, flipVert=False, font='Arial', fontFiles=[], height=0.07, italic=False, languageStyle='LTR', name='text', opacity=1, ori=0, pos=array([0., 0.]), rgb=UNKNOWN, text=str(...), units='norm', win=Window(...), wrapWidth=1.65)
15.9269 	EXP 	Created text = TextStim(__class__=<class 'psychopy.visual.text.TextStim'>, alignHoriz=method-wrapper(...), alignText='center', alignVert=method-wrapper(...), anchorHoriz='center', anchorVert='center', antialias=True, autoLog=True, bold=False, color=array([1., 1., 1.]), colorSpace='rgb', contrast=1.0, depth=0.0, flipHoriz=False, flipVert=False, font='Arial', fontFiles=[], height=0.07, italic=False, languageStyle='LTR', name='text', opacity=1, ori=0, pos=array([0., 0.]), rgb=UNKNOWN, text=str(...), units='norm', win=Window(...), wrapWidth=1.65)
15.9409 	EXP 	Created text = TextStim(__class__=<class 'psychopy.visual.text.TextStim'>, alignHoriz=method-wrapper(...), alignText='center', alignVert=method-wrapper(...), anchorHoriz='center', anchorVert='center', antialias=True, autoLog=True, bold=False, color=array([1., 1., 1.]), colorSpace='rgb', contrast=1.0, depth=0.0, flipHoriz=False, flipVert=False, font='Arial', fontFiles=[], height=0.15, italic=False, languageStyle='LTR', name='text', opacity=1, ori=0, pos=array([0., 0.]), rgb=UNKNOWN, text=str(...), units='norm', win=Window(...), wrapWidth=1.65)
15.9694 	EXP 	Created text = TextStim(__class__=<class 'psychopy.visual.text.TextStim'>, alignHoriz=method-wrapper(...), alignText='center', alignVert=method-wrapper(...), anchorHoriz='center', anchorVert='center', antialias=True, autoLog=True, bold=False, color=array([1., 1., 1.]), colorSpace='rgb', contrast=1.0, depth=0.0, flipHoriz=False, flipVert=False, font='Arial', fontFiles=[], height=0.07, italic=False, languageStyle='LTR', name='text', opacity=1, ori=0, pos=array([0., 0.]), rgb=UNKNOWN, text=str(...), units='norm', win=Window(...), wrapWidth=1.65)
15.9876 	EXP 	Created text = TextStim(__class__=<class 'psychopy.visual.text.TextStim'>, alignHoriz=method-wrapper(...), alignText='center', alignVert=method-wrapper(...), anchorHoriz='center', anchorVert='center', antialias=True, autoLog=True, bold=False, color=array([1., 1., 1.]), colorSpace='rgb', contrast=1.0, depth=0.0, flipHoriz=False, flipVert=False, font='Arial', fontFiles=[], height=0.07, italic=False, languageStyle='LTR', name='text', opacity=1, ori=0, pos=array([0., 0.]), rgb=UNKNOWN, text=str(...), units='norm', win=Window(...), wrapWidth=1.65)
16.0183 	EXP 	Created text = TextStim(__class__=<class 'psychopy.visual.text.TextStim'>, alignHoriz=method-wrapper(...), alignText='center', alignVert=method-wrapper(...), anchorHoriz='center', anchorVert='center', antialias=True, autoLog=True, bold=False, color=array([1., 1., 1.]), colorSpace='rgb', contrast=1.0, depth=0.0, flipHoriz=False, flipVert=False, font='Arial', fontFiles=[], height=0.07, italic=False, languageStyle='LTR', name='text', opacity=1, ori=0, pos=array([0., 0.]), rgb=UNKNOWN, text=str(...), units='norm', win=Window(...), wrapWidth=1.65)
16.0470 	EXP 	Created text = TextStim(__class__=<class 'psychopy.visual.text.TextStim'>, alignHoriz=method-wrapper(...), alignText='center', alignVert=method-wrapper(...), anchorHoriz='center', anchorVert='center', antialias=True, autoLog=True, bold=False, color=array([1., 1., 1.]), colorSpace='rgb', contrast=1.0, depth=0.0, flipHoriz=False, flipVert=False, font='Arial', fontFiles=[], height=0.07, italic=False, languageStyle='LTR', name='text', opacity=1, ori=0, pos=array([0., 0.]), rgb=UNKNOWN, text=str(...), units='norm', win=Window(...), wrapWidth=1.65)
16.0800 	EXP 	Created text = TextStim(__class__=<class 'psychopy.visual.text.TextStim'>, alignHoriz=method-wrapper(...), alignText='center', alignVert=method-wrapper(...), anchorHoriz='center', anchorVert='center', antialias=True, autoLog=True, bold=False, color=array([1., 1., 1.]), colorSpace='rgb', contrast=1.0, depth=0.0, flipHoriz=False, flipVert=False, font='Arial', fontFiles=[], height=0.07, italic=False, languageStyle='LTR', name='text', opacity=1, ori=0, pos=array([0., 0.]), rgb=UNKNOWN, text=str(...), units='norm', win=Window(...), wrapWidth=1.65)
16.0890 	EXP 	Created text = TextStim(__class__=<class 'psychopy.visual.text.TextStim'>, alignHoriz=method-wrapper(...), alignText='center', alignVert=method-wrapper(...), anchorHoriz='center', anchorVert='center', antialias=True, autoLog=True, bold=False, color=array([1., 1., 1.]), colorSpace='rgb', contrast=1.0, depth=0.0, flipHoriz=False, flipVert=False, font='Arial', fontFiles=[], height=0.07, italic=False, languageStyle='LTR', name='text', opacity=1, ori=0, pos=array([0., 0.]), rgb=UNKNOWN, text=str(...), units='norm', win=Window(...), wrapWidth=1.65)
16.1014 	EXP 	Created text = TextStim(__class__=<class 'psychopy.visual.text.TextStim'>, alignHoriz=method-wrapper(...), alignText='center', alignVert=method-wrapper(...), anchorHoriz='center', anchorVert='center', antialias=True, autoLog=True, bold=False, color=array([1., 1., 1.]), colorSpace='rgb', contrast=1.0, depth=0.0, flipHoriz=False, flipVert=False, font='Arial', fontFiles=[], height=0.07, italic=False, languageStyle='LTR', name='text', opacity=1, ori=0, pos=array([0., 0.]), rgb=UNKNOWN, text=str(...), units='norm', win=Window(...), wrapWidth=1.65)
16.1061 	EXP 	Created instru = TextStim(__class__=<class 'psychopy.visual.text.TextStim'>, alignHoriz=method-wrapper(...), alignText='center', alignVert=method-wrapper(...), anchorHoriz='center', anchorVert='center', antialias=True, autoLog=True, bold=False, color=array([1., 1., 1.]), colorSpace='rgb', contrast=1.0, depth=0.0, flipHoriz=False, flipVert=False, font='Arial', fontFiles=[], height=0.07, italic=False, languageStyle='LTR', name='instru', opacity=1, ori=0, pos=array([0. , 0.5]), rgb=UNKNOWN, text=str(...), units='norm', win=Window(...), wrapWidth=1)
16.1087 	EXP 	Created unnamed Line = Line(__class__=<class 'psychopy.visual.line.Line'>, autoDraw=False, autoLog=True, closeShape=False, color=array([1., 1., 1.]), colorSpace='rgb', contrast=None, depth=0, fillColor=array([0, 0, 0]), fillColorSpace='rgb', fillRGB=array([0, 0, 0]), interpolate=True, lineColor=array([1., 1., 1.]), lineColorSpace='rgb', lineRGB=array([1, 1, 1]), lineWidth=5, name='unnamed Line', opacity=0.5, ori=0.0, pos=array([0., 0.]), size=array([1., 1.]), units='norm', vertices=array([[-0.5,  0. ],
       [ 0.5,  0. ]]), win=Window(...), windingRule=None)
16.1107 	EXP 	Created unnamed Line = Line(__class__=<class 'psychopy.visual.line.Line'>, autoDraw=False, autoLog=True, closeShape=False, color=array([1., 1., 1.]), colorSpace='rgb', contrast=None, depth=0, fillColor=array([0, 0, 0]), fillColorSpace='rgb', fillRGB=array([0, 0, 0]), interpolate=True, lineColor=array([1., 1., 1.]), lineColorSpace='rgb', lineRGB=array([1, 1, 1]), lineWidth=3, name='unnamed Line', opacity=0.5, ori=0.0, pos=array([0., 0.]), size=array([1., 1.]), units='norm', vertices=array([[-0.5 , -0.05],
       [-0.5 ,  0.05]]), win=Window(...), windingRule=None)
16.1126 	EXP 	Created unnamed Line = Line(__class__=<class 'psychopy.visual.line.Line'>, autoDraw=False, autoLog=True, closeShape=False, color=array([1., 1., 1.]), colorSpace='rgb', contrast=None, depth=0, fillColor=array([0, 0, 0]), fillColorSpace='rgb', fillRGB=array([0, 0, 0]), interpolate=True, lineColor=array([1., 1., 1.]), lineColorSpace='rgb', lineRGB=array([1, 1, 1]), lineWidth=3, name='unnamed Line', opacity=0.5, ori=0.0, pos=array([0., 0.]), size=array([1., 1.]), units='norm', vertices=ndarray(...), win=Window(...), windingRule=None)
16.1145 	EXP 	Created unnamed Line = Line(__class__=<class 'psychopy.visual.line.Line'>, autoDraw=False, autoLog=True, closeShape=False, color=array([1., 1., 1.]), colorSpace='rgb', contrast=None, depth=0, fillColor=array([0, 0, 0]), fillColorSpace='rgb', fillRGB=array([0, 0, 0]), interpolate=True, lineColor=array([1., 1., 1.]), lineColorSpace='rgb', lineRGB=array([1, 1, 1]), lineWidth=3, name='unnamed Line', opacity=0.5, ori=0.0, pos=array([0., 0.]), size=array([1., 1.]), units='norm', vertices=ndarray(...), win=Window(...), windingRule=None)
16.1165 	EXP 	Created unnamed Line = Line(__class__=<class 'psychopy.visual.line.Line'>, autoDraw=False, autoLog=True, closeShape=False, color=array([1., 1., 1.]), colorSpace='rgb', contrast=None, depth=0, fillColor=array([0, 0, 0]), fillColorSpace='rgb', fillRGB=array([0, 0, 0]), interpolate=True, lineColor=array([1., 1., 1.]), lineColorSpace='rgb', lineRGB=array([1, 1, 1]), lineWidth=3, name='unnamed Line', opacity=0.5, ori=0.0, pos=array([0., 0.]), size=array([1., 1.]), units='norm', vertices=array([[ 0.5 , -0.05],
       [ 0.5 ,  0.05]]), win=Window(...), windingRule=None)
16.1282 	EXP 	Created unnamed TextStim = TextStim(__class__=<class 'psychopy.visual.text.TextStim'>, alignHoriz=method-wrapper(...), alignText='center', alignVert=method-wrapper(...), anchorHoriz='center', anchorVert='center', antialias=True, autoLog=True, bold=False, color=array([1., 1., 1.]), colorSpace='rgb', contrast=1.0, depth=0, flipHoriz=False, flipVert=False, font='', fontFiles=[], height=0.05, italic=False, languageStyle='LTR', name='unnamed TextStim', opacity=1.0, ori=0.0, pos=array([-0.5, -0.1]), rgb=UNKNOWN, text='Clearly \n NOT FOCUSED', units='norm', win=Window(...), wrapWidth=1)
16.1292 	EXP 	Created unnamed TextStim = TextStim(__class__=<class 'psychopy.visual.text.TextStim'>, alignHoriz=method-wrapper(...), alignText='center', alignVert=method-wrapper(...), anchorHoriz='center', anchorVert='center', antialias=True, autoLog=True, bold=False, color=array([1., 1., 1.]), colorSpace='rgb', contrast=1.0, depth=0, flipHoriz=False, flipVert=False, font='', fontFiles=[], height=0.05, italic=False, languageStyle='LTR', name='unnamed TextStim', opacity=1.0, ori=0.0, pos=array([-0.16666667, -0.1       ]), rgb=UNKNOWN, text='', units='norm', win=Window(...), wrapWidth=1)
16.1303 	EXP 	Created unnamed TextStim = TextStim(__class__=<class 'psychopy.visual.text.TextStim'>, alignHoriz=method-wrapper(...), alignText='center', alignVert=method-wrapper(...), anchorHoriz='center', anchorVert='center', antialias=True, autoLog=True, bold=False, color=array([1., 1., 1.]), colorSpace='rgb', contrast=1.0, depth=0, flipHoriz=False, flipVert=False, font='', fontFiles=[], height=0.05, italic=False, languageStyle='LTR', name='unnamed TextStim', opacity=1.0, ori=0.0, pos=array([ 0.16666667, -0.1       ]), rgb=UNKNOWN, text='', units='norm', win=Window(...), wrapWidth=1)
16.1334 	EXP 	Created unnamed TextStim = TextStim(__class__=<class 'psychopy.visual.text.TextStim'>, alignHoriz=method-wrapper(...), alignText='center', alignVert=method-wrapper(...), anchorHoriz='center', anchorVert='center', antialias=True, autoLog=True, bold=False, color=array([1., 1., 1.]), colorSpace='rgb', contrast=1.0, depth=0, flipHoriz=False, flipVert=False, font='', fontFiles=[], height=0.05, italic=False, languageStyle='LTR', name='unnamed TextStim', opacity=1.0, ori=0.0, pos=array([ 0.5, -0.1]), rgb=UNKNOWN, text='Clearly \n FOCUSED', units='norm', win=Window(...), wrapWidth=1)
16.1352 	EXP 	Created unnamed ShapeStim = ShapeStim(__class__=<class 'psychopy.visual.shape.ShapeStim'>, autoDraw=False, autoLog=True, closeShape=True, color=method-wrapper(...), colorSpace='rgb', contrast=None, depth=0, fillColor=array([1, 1, 1]), fillColorSpace='rgb', fillRGB=array([1, 1, 1]), interpolate=True, lineColor=array([-1., -1., -1.]), lineColorSpace='rgb', lineRGB=array([-1, -1, -1]), lineWidth=1.5, name='unnamed ShapeStim', opacity=1.0, ori=0.0, pos=array([0., 0.]), size=array([1., 1.]), units='norm', vertices=ndarray(...), win=Window(...), windingRule=None)
16.1434 	EXP 	Created instru = TextStim(__class__=<class 'psychopy.visual.text.TextStim'>, alignHoriz=method-wrapper(...), alignText='center', alignVert=method-wrapper(...), anchorHoriz='center', anchorVert='center', antialias=True, autoLog=True, bold=False, color=array([1., 1., 1.]), colorSpace='rgb', contrast=1.0, depth=0.0, flipHoriz=False, flipVert=False, font='Arial', fontFiles=[], height=0.07, italic=False, languageStyle='LTR', name='instru', opacity=1, ori=0, pos=array([0. , 0.5]), rgb=UNKNOWN, text=str(...), units='norm', win=Window(...), wrapWidth=1)
16.1454 	EXP 	Created unnamed Line = Line(__class__=<class 'psychopy.visual.line.Line'>, autoDraw=False, autoLog=True, closeShape=False, color=array([1., 1., 1.]), colorSpace='rgb', contrast=None, depth=0, fillColor=array([0, 0, 0]), fillColorSpace='rgb', fillRGB=array([0, 0, 0]), interpolate=True, lineColor=array([1., 1., 1.]), lineColorSpace='rgb', lineRGB=array([1, 1, 1]), lineWidth=5, name='unnamed Line', opacity=0.5, ori=0.0, pos=array([0., 0.]), size=array([1., 1.]), units='norm', vertices=array([[-0.5,  0. ],
       [ 0.5,  0. ]]), win=Window(...), windingRule=None)
16.1474 	EXP 	Created unnamed Line = Line(__class__=<class 'psychopy.visual.line.Line'>, autoDraw=False, autoLog=True, closeShape=False, color=array([1., 1., 1.]), colorSpace='rgb', contrast=None, depth=0, fillColor=array([0, 0, 0]), fillColorSpace='rgb', fillRGB=array([0, 0, 0]), interpolate=True, lineColor=array([1., 1., 1.]), lineColorSpace='rgb', lineRGB=array([1, 1, 1]), lineWidth=3, name='unnamed Line', opacity=0.5, ori=0.0, pos=array([0., 0.]), size=array([1., 1.]), units='norm', vertices=array([[-0.5 , -0.05],
       [-0.5 ,  0.05]]), win=Window(...), windingRule=None)
16.1494 	EXP 	Created unnamed Line = Line(__class__=<class 'psychopy.visual.line.Line'>, autoDraw=False, autoLog=True, closeShape=False, color=array([1., 1., 1.]), colorSpace='rgb', contrast=None, depth=0, fillColor=array([0, 0, 0]), fillColorSpace='rgb', fillRGB=array([0, 0, 0]), interpolate=True, lineColor=array([1., 1., 1.]), lineColorSpace='rgb', lineRGB=array([1, 1, 1]), lineWidth=3, name='unnamed Line', opacity=0.5, ori=0.0, pos=array([0., 0.]), size=array([1., 1.]), units='norm', vertices=ndarray(...), win=Window(...), windingRule=None)
16.1513 	EXP 	Created unnamed Line = Line(__class__=<class 'psychopy.visual.line.Line'>, autoDraw=False, autoLog=True, closeShape=False, color=array([1., 1., 1.]), colorSpace='rgb', contrast=None, depth=0, fillColor=array([0, 0, 0]), fillColorSpace='rgb', fillRGB=array([0, 0, 0]), interpolate=True, lineColor=array([1., 1., 1.]), lineColorSpace='rgb', lineRGB=array([1, 1, 1]), lineWidth=3, name='unnamed Line', opacity=0.5, ori=0.0, pos=array([0., 0.]), size=array([1., 1.]), units='norm', vertices=ndarray(...), win=Window(...), windingRule=None)
16.1533 	EXP 	Created unnamed Line = Line(__class__=<class 'psychopy.visual.line.Line'>, autoDraw=False, autoLog=True, closeShape=False, color=array([1., 1., 1.]), colorSpace='rgb', contrast=None, depth=0, fillColor=array([0, 0, 0]), fillColorSpace='rgb', fillRGB=array([0, 0, 0]), interpolate=True, lineColor=array([1., 1., 1.]), lineColorSpace='rgb', lineRGB=array([1, 1, 1]), lineWidth=3, name='unnamed Line', opacity=0.5, ori=0.0, pos=array([0., 0.]), size=array([1., 1.]), units='norm', vertices=array([[ 0.5 , -0.05],
       [ 0.5 ,  0.05]]), win=Window(...), windingRule=None)
16.1586 	EXP 	Created unnamed TextStim = TextStim(__class__=<class 'psychopy.visual.text.TextStim'>, alignHoriz=method-wrapper(...), alignText='center', alignVert=method-wrapper(...), anchorHoriz='center', anchorVert='center', antialias=True, autoLog=True, bold=False, color=array([1., 1., 1.]), colorSpace='rgb', contrast=1.0, depth=0, flipHoriz=False, flipVert=False, font='', fontFiles=[], height=0.05, italic=False, languageStyle='LTR', name='unnamed TextStim', opacity=1.0, ori=0.0, pos=array([-0.5, -0.1]), rgb=UNKNOWN, text='Clearly \n NOTHING', units='norm', win=Window(...), wrapWidth=1)
16.1596 	EXP 	Created unnamed TextStim = TextStim(__class__=<class 'psychopy.visual.text.TextStim'>, alignHoriz=method-wrapper(...), alignText='center', alignVert=method-wrapper(...), anchorHoriz='center', anchorVert='center', antialias=True, autoLog=True, bold=False, color=array([1., 1., 1.]), colorSpace='rgb', contrast=1.0, depth=0, flipHoriz=False, flipVert=False, font='', fontFiles=[], height=0.05, italic=False, languageStyle='LTR', name='unnamed TextStim', opacity=1.0, ori=0.0, pos=array([-0.16666667, -0.1       ]), rgb=UNKNOWN, text='', units='norm', win=Window(...), wrapWidth=1)
16.1606 	EXP 	Created unnamed TextStim = TextStim(__class__=<class 'psychopy.visual.text.TextStim'>, alignHoriz=method-wrapper(...), alignText='center', alignVert=method-wrapper(...), anchorHoriz='center', anchorVert='center', antialias=True, autoLog=True, bold=False, color=array([1., 1., 1.]), colorSpace='rgb', contrast=1.0, depth=0, flipHoriz=False, flipVert=False, font='', fontFiles=[], height=0.05, italic=False, languageStyle='LTR', name='unnamed TextStim', opacity=1.0, ori=0.0, pos=array([ 0.16666667, -0.1       ]), rgb=UNKNOWN, text='', units='norm', win=Window(...), wrapWidth=1)
16.1647 	EXP 	Created unnamed TextStim = TextStim(__class__=<class 'psychopy.visual.text.TextStim'>, alignHoriz=method-wrapper(...), alignText='center', alignVert=method-wrapper(...), anchorHoriz='center', anchorVert='center', antialias=True, autoLog=True, bold=False, color=array([1., 1., 1.]), colorSpace='rgb', contrast=1.0, depth=0, flipHoriz=False, flipVert=False, font='', fontFiles=[], height=0.05, italic=False, languageStyle='LTR', name='unnamed TextStim', opacity=1.0, ori=0.0, pos=array([ 0.5, -0.1]), rgb=UNKNOWN, text='Clearly \n SOMETHING', units='norm', win=Window(...), wrapWidth=1)
16.1665 	EXP 	Created unnamed ShapeStim = ShapeStim(__class__=<class 'psychopy.visual.shape.ShapeStim'>, autoDraw=False, autoLog=True, closeShape=True, color=method-wrapper(...), colorSpace='rgb', contrast=None, depth=0, fillColor=array([1, 1, 1]), fillColorSpace='rgb', fillRGB=array([1, 1, 1]), interpolate=True, lineColor=array([-1., -1., -1.]), lineColorSpace='rgb', lineRGB=array([-1, -1, -1]), lineWidth=1.5, name='unnamed ShapeStim', opacity=1.0, ori=0.0, pos=array([0., 0.]), size=array([1., 1.]), units='norm', vertices=ndarray(...), win=Window(...), windingRule=None)
16.1733 	EXP 	Created instru = TextStim(__class__=<class 'psychopy.visual.text.TextStim'>, alignHoriz=method-wrapper(...), alignText='center', alignVert=method-wrapper(...), anchorHoriz='center', anchorVert='center', antialias=True, autoLog=True, bold=False, color=array([1., 1., 1.]), colorSpace='rgb', contrast=1.0, depth=0.0, flipHoriz=False, flipVert=False, font='Arial', fontFiles=[], height=0.07, italic=False, languageStyle='LTR', name='instru', opacity=1, ori=0, pos=array([0. , 0.5]), rgb=UNKNOWN, text=str(...), units='norm', win=Window(...), wrapWidth=1)
16.1753 	EXP 	Created unnamed Line = Line(__class__=<class 'psychopy.visual.line.Line'>, autoDraw=False, autoLog=True, closeShape=False, color=array([1., 1., 1.]), colorSpace='rgb', contrast=None, depth=0, fillColor=array([0, 0, 0]), fillColorSpace='rgb', fillRGB=array([0, 0, 0]), interpolate=True, lineColor=array([1., 1., 1.]), lineColorSpace='rgb', lineRGB=array([1, 1, 1]), lineWidth=5, name='unnamed Line', opacity=0.5, ori=0.0, pos=array([0., 0.]), size=array([1., 1.]), units='norm', vertices=array([[-0.5,  0. ],
       [ 0.5,  0. ]]), win=Window(...), windingRule=None)
16.1772 	EXP 	Created unnamed Line = Line(__class__=<class 'psychopy.visual.line.Line'>, autoDraw=False, autoLog=True, closeShape=False, color=array([1., 1., 1.]), colorSpace='rgb', contrast=None, depth=0, fillColor=array([0, 0, 0]), fillColorSpace='rgb', fillRGB=array([0, 0, 0]), interpolate=True, lineColor=array([1., 1., 1.]), lineColorSpace='rgb', lineRGB=array([1, 1, 1]), lineWidth=3, name='unnamed Line', opacity=0.5, ori=0.0, pos=array([0., 0.]), size=array([1., 1.]), units='norm', vertices=array([[-0.5 , -0.05],
       [-0.5 ,  0.05]]), win=Window(...), windingRule=None)
16.1792 	EXP 	Created unnamed Line = Line(__class__=<class 'psychopy.visual.line.Line'>, autoDraw=False, autoLog=True, closeShape=False, color=array([1., 1., 1.]), colorSpace='rgb', contrast=None, depth=0, fillColor=array([0, 0, 0]), fillColorSpace='rgb', fillRGB=array([0, 0, 0]), interpolate=True, lineColor=array([1., 1., 1.]), lineColorSpace='rgb', lineRGB=array([1, 1, 1]), lineWidth=3, name='unnamed Line', opacity=0.5, ori=0.0, pos=array([0., 0.]), size=array([1., 1.]), units='norm', vertices=ndarray(...), win=Window(...), windingRule=None)
16.1812 	EXP 	Created unnamed Line = Line(__class__=<class 'psychopy.visual.line.Line'>, autoDraw=False, autoLog=True, closeShape=False, color=array([1., 1., 1.]), colorSpace='rgb', contrast=None, depth=0, fillColor=array([0, 0, 0]), fillColorSpace='rgb', fillRGB=array([0, 0, 0]), interpolate=True, lineColor=array([1., 1., 1.]), lineColorSpace='rgb', lineRGB=array([1, 1, 1]), lineWidth=3, name='unnamed Line', opacity=0.5, ori=0.0, pos=array([0., 0.]), size=array([1., 1.]), units='norm', vertices=ndarray(...), win=Window(...), windingRule=None)
16.1831 	EXP 	Created unnamed Line = Line(__class__=<class 'psychopy.visual.line.Line'>, autoDraw=False, autoLog=True, closeShape=False, color=array([1., 1., 1.]), colorSpace='rgb', contrast=None, depth=0, fillColor=array([0, 0, 0]), fillColorSpace='rgb', fillRGB=array([0, 0, 0]), interpolate=True, lineColor=array([1., 1., 1.]), lineColorSpace='rgb', lineRGB=array([1, 1, 1]), lineWidth=3, name='unnamed Line', opacity=0.5, ori=0.0, pos=array([0., 0.]), size=array([1., 1.]), units='norm', vertices=array([[ 0.5 , -0.05],
       [ 0.5 ,  0.05]]), win=Window(...), windingRule=None)
16.1882 	EXP 	Created unnamed TextStim = TextStim(__class__=<class 'psychopy.visual.text.TextStim'>, alignHoriz=method-wrapper(...), alignText='center', alignVert=method-wrapper(...), anchorHoriz='center', anchorVert='center', antialias=True, autoLog=True, bold=False, color=array([1., 1., 1.]), colorSpace='rgb', contrast=1.0, depth=0, flipHoriz=False, flipVert=False, font='', fontFiles=[], height=0.05, italic=False, languageStyle='LTR', name='unnamed TextStim', opacity=1.0, ori=0.0, pos=array([-0.5, -0.1]), rgb=UNKNOWN, text='Clearly \n SPONTANEOUS', units='norm', win=Window(...), wrapWidth=1)
16.1892 	EXP 	Created unnamed TextStim = TextStim(__class__=<class 'psychopy.visual.text.TextStim'>, alignHoriz=method-wrapper(...), alignText='center', alignVert=method-wrapper(...), anchorHoriz='center', anchorVert='center', antialias=True, autoLog=True, bold=False, color=array([1., 1., 1.]), colorSpace='rgb', contrast=1.0, depth=0, flipHoriz=False, flipVert=False, font='', fontFiles=[], height=0.05, italic=False, languageStyle='LTR', name='unnamed TextStim', opacity=1.0, ori=0.0, pos=array([-0.16666667, -0.1       ]), rgb=UNKNOWN, text='', units='norm', win=Window(...), wrapWidth=1)
16.1903 	EXP 	Created unnamed TextStim = TextStim(__class__=<class 'psychopy.visual.text.TextStim'>, alignHoriz=method-wrapper(...), alignText='center', alignVert=method-wrapper(...), anchorHoriz='center', anchorVert='center', antialias=True, autoLog=True, bold=False, color=array([1., 1., 1.]), colorSpace='rgb', contrast=1.0, depth=0, flipHoriz=False, flipVert=False, font='', fontFiles=[], height=0.05, italic=False, languageStyle='LTR', name='unnamed TextStim', opacity=1.0, ori=0.0, pos=array([ 0.16666667, -0.1       ]), rgb=UNKNOWN, text='', units='norm', win=Window(...), wrapWidth=1)
16.1957 	EXP 	Created unnamed TextStim = TextStim(__class__=<class 'psychopy.visual.text.TextStim'>, alignHoriz=method-wrapper(...), alignText='center', alignVert=method-wrapper(...), anchorHoriz='center', anchorVert='center', antialias=True, autoLog=True, bold=False, color=array([1., 1., 1.]), colorSpace='rgb', contrast=1.0, depth=0, flipHoriz=False, flipVert=False, font='', fontFiles=[], height=0.05, italic=False, languageStyle='LTR', name='unnamed TextStim', opacity=1.0, ori=0.0, pos=array([ 0.5, -0.1]), rgb=UNKNOWN, text='Clearly \n DELIBERATE', units='norm', win=Window(...), wrapWidth=1)
16.1975 	EXP 	Created unnamed ShapeStim = ShapeStim(__class__=<class 'psychopy.visual.shape.ShapeStim'>, autoDraw=False, autoLog=True, closeShape=True, color=method-wrapper(...), colorSpace='rgb', contrast=None, depth=0, fillColor=array([1, 1, 1]), fillColorSpace='rgb', fillRGB=array([1, 1, 1]), interpolate=True, lineColor=array([-1., -1., -1.]), lineColorSpace='rgb', lineRGB=array([-1, -1, -1]), lineWidth=1.5, name='unnamed ShapeStim', opacity=1.0, ori=0.0, pos=array([0., 0.]), size=array([1., 1.]), units='norm', vertices=ndarray(...), win=Window(...), windingRule=None)
16.2462 	EXP 	Sound  set volume 1.000
16.2794 	EXP 	unnamed ShapeStim: vertices = <class 'numpy.ndarray'>
16.2794 	EXP 	unnamed ShapeStim: vertices = <class 'numpy.ndarray'>
16.2794 	EXP 	unnamed ShapeStim: vertices = <class 'numpy.ndarray'>
59.8078 	DATA 	Keypress: rctrl
60.3193 	EXP 	Sound  started
60.8478 	DATA 	Keypress: rctrl
61.0691 	EXP 	Sound  started
61.7117 	DATA 	Keypress: rctrl
61.8191 	EXP 	Sound  started
62.4317 	DATA 	Keypress: rctrl
62.5691 	EXP 	Sound  started
63.2797 	DATA 	Keypress: rctrl
63.3192 	EXP 	Sound  started
64.0317 	DATA 	Keypress: rctrl
64.0692 	EXP 	Sound  started
64.8192 	EXP 	Sound  started
64.8318 	DATA 	Keypress: rctrl
65.5358 	DATA 	Keypress: rctrl
65.5692 	EXP 	Sound  started
66.2718 	DATA 	Keypress: lctrl
66.3192 	EXP 	Sound  started
66.9598 	DATA 	Keypress: rctrl
67.0692 	EXP 	Sound  started
67.8192 	EXP 	Sound  started
67.8238 	DATA 	Keypress: lctrl
68.5692 	EXP 	Sound  started
68.5917 	DATA 	Keypress: rctrl
69.3192 	EXP 	Sound  started
69.3597 	DATA 	Keypress: lctrl
70.0693 	EXP 	Sound  started
70.1278 	DATA 	Keypress: rctrl
70.8193 	EXP 	Sound  started
70.8958 	DATA 	Keypress: lctrl
71.5693 	EXP 	Sound  started
71.6157 	DATA 	Keypress: rctrl
72.3193 	EXP 	Sound  started
72.3518 	DATA 	Keypress: rctrl
73.0693 	EXP 	Sound  started
73.1039 	DATA 	Keypress: lctrl
73.8193 	EXP 	Sound  started
73.8718 	DATA 	Keypress: rctrl
74.5693 	EXP 	Sound  started
74.5917 	DATA 	Keypress: lctrl
75.3194 	EXP 	Sound  started
75.3437 	DATA 	Keypress: rctrl
75.9838 	DATA 	Keypress: lctrl
76.0694 	EXP 	Sound  started
76.7837 	DATA 	Keypress: rctrl
76.8194 	EXP 	Sound  started
77.4077 	DATA 	Keypress: lctrl
77.5694 	EXP 	Sound  started
77.9998 	DATA 	Keypress: lctrl
78.3194 	EXP 	Sound  started
78.6717 	DATA 	Keypress: rctrl
79.0694 	EXP 	Sound  started
79.2958 	DATA 	Keypress: lctrl
79.8194 	EXP 	Sound  started
80.0638 	DATA 	Keypress: lctrl
80.5695 	EXP 	Sound  started
80.7997 	DATA 	Keypress: lctrl
81.3195 	EXP 	Sound  started
81.5838 	DATA 	Keypress: rctrl
82.0695 	EXP 	Sound  started
82.2238 	DATA 	Keypress: rctrl
82.8195 	EXP 	Sound  started
82.8477 	DATA 	Keypress: rctrl
83.5695 	EXP 	Sound  started
83.6479 	DATA 	Keypress: rctrl
84.3037 	DATA 	Keypress: rctrl
84.3195 	EXP 	Sound  started
84.9437 	DATA 	Keypress: lctrl
85.0695 	EXP 	Sound  started
85.6638 	DATA 	Keypress: rctrl
85.8196 	EXP 	Sound  started
86.5119 	DATA 	Keypress: rctrl
86.5696 	EXP 	Sound  started
87.2957 	DATA 	Keypress: rctrl
87.3196 	EXP 	Sound  started
88.0477 	DATA 	Keypress: rctrl
88.0696 	EXP 	Sound  started
88.8157 	DATA 	Keypress: rctrl
88.8196 	EXP 	Sound  started
89.5696 	EXP 	Sound  started
89.5838 	DATA 	Keypress: rctrl
90.3197 	EXP 	Sound  started
90.3358 	DATA 	Keypress: rctrl
91.0697 	EXP 	Sound  started
91.0719 	DATA 	Keypress: rctrl
91.8078 	DATA 	Keypress: rctrl
91.8197 	EXP 	Sound  started
92.5277 	DATA 	Keypress: lctrl
92.5697 	EXP 	Sound  started
93.2317 	DATA 	Keypress: rctrl
93.3197 	EXP 	Sound  started
93.8718 	DATA 	Keypress: rctrl
94.0697 	EXP 	Sound  started
94.5437 	DATA 	Keypress: rctrl
94.8197 	EXP 	Sound  started
95.4077 	DATA 	Keypress: rctrl
95.5697 	EXP 	Sound  started
96.2077 	DATA 	Keypress: rctrl
96.3198 	EXP 	Sound  started
96.9598 	DATA 	Keypress: rctrl
97.0698 	EXP 	Sound  started
97.8077 	DATA 	Keypress: lctrl
97.8198 	EXP 	Sound  started
98.5698 	EXP 	Sound  started
98.5757 	DATA 	Keypress: lctrl
99.3198 	EXP 	Sound  started
99.3437 	DATA 	Keypress: lctrl
100.0477 	DATA 	Keypress: lctrl
100.0698 	EXP 	Sound  started
100.8157 	DATA 	Keypress: lctrl
100.8198 	EXP 	Sound  started
101.5038 	DATA 	Keypress: rctrl
101.5698 	EXP 	Sound  started
102.3198 	DATA 	Keypress: rctrl
102.3200 	EXP 	Sound  started
103.0700 	EXP 	Sound  started
103.1198 	DATA 	Keypress: rctrl
103.8200 	EXP 	Sound  started
103.8557 	DATA 	Keypress: rctrl
104.4158 	DATA 	Keypress: rctrl
104.5700 	EXP 	Sound  started
105.1997 	DATA 	Keypress: rctrl
105.3201 	EXP 	Sound  started
105.9838 	DATA 	Keypress: rctrl
106.0701 	EXP 	Sound  started
106.7518 	DATA 	Keypress: rctrl
106.8201 	EXP 	Sound  started
107.4717 	DATA 	Keypress: rctrl
107.5701 	EXP 	Sound  started
108.2078 	DATA 	Keypress: rctrl
108.3201 	EXP 	Sound  started
108.9117 	DATA 	Keypress: rctrl
109.0701 	EXP 	Sound  started
109.5517 	DATA 	Keypress: rctrl
109.8201 	EXP 	Sound  started
110.1437 	DATA 	Keypress: rctrl
110.5702 	EXP 	Sound  started
110.8957 	DATA 	Keypress: rctrl
111.3202 	EXP 	Sound  started
111.6158 	DATA 	Keypress: lctrl
112.0702 	EXP 	Sound  started
112.4317 	DATA 	Keypress: lctrl
112.8202 	EXP 	Sound  started
113.3917 	DATA 	Keypress: lctrl
113.5702 	EXP 	Sound  started
114.1598 	DATA 	Keypress: lctrl
114.3203 	EXP 	Sound  started
114.9438 	DATA 	Keypress: lctrl
115.0703 	EXP 	Sound  started
115.7758 	DATA 	Keypress: lctrl
115.8203 	EXP 	Sound  started
116.5118 	DATA 	Keypress: lctrl
116.5703 	EXP 	Sound  started
117.3203 	EXP 	Sound  started
117.3437 	DATA 	Keypress: lctrl
118.0703 	EXP 	Sound  started
118.0957 	DATA 	Keypress: lctrl
118.8203 	EXP 	Sound  started
118.9117 	DATA 	Keypress: lctrl
119.5703 	EXP 	Sound  started
119.6157 	DATA 	Keypress: lctrl
120.2237 	DATA 	Keypress: lctrl
120.3203 	EXP 	Sound  started
120.8637 	DATA 	Keypress: lctrl
121.0704 	EXP 	Sound  started
121.7437 	DATA 	Keypress: lctrl
121.8204 	EXP 	Sound  started
122.5277 	DATA 	Keypress: lctrl
122.5704 	EXP 	Sound  started
123.3204 	EXP 	Sound  started
123.3437 	DATA 	Keypress: lctrl
124.0157 	DATA 	Keypress: lctrl
124.0704 	EXP 	Sound  started
124.7837 	DATA 	Keypress: lctrl
124.8380 	EXP 	unnamed TextStim: text = ''
124.8380 	EXP 	unnamed TextStim: text = ''
127.6900 	DATA 	Keypress: 3
127.7065 	EXP 	unnamed ShapeStim: vertices = <class 'numpy.ndarray'>
129.2411 	EXP 	unnamed TextStim: text = ''
129.2411 	EXP 	unnamed TextStim: text = ''
133.5448 	DATA 	Keypress: 4
133.5613 	EXP 	unnamed ShapeStim: vertices = <class 'numpy.ndarray'>
135.0959 	EXP 	unnamed TextStim: text = ''
135.0959 	EXP 	unnamed TextStim: text = ''
137.8650 	DATA 	Keypress: 4
137.8815 	EXP 	unnamed ShapeStim: vertices = <class 'numpy.ndarray'>
140.1662 	EXP 	Sound  started
140.3678 	DATA 	Keypress: rctrl
140.9160 	EXP 	Sound  started
140.9278 	DATA 	Keypress: rctrl
141.5998 	DATA 	Keypress: rctrl
141.6660 	EXP 	Sound  started
142.2237 	DATA 	Keypress: rctrl
142.4160 	EXP 	Sound  started
143.0557 	DATA 	Keypress: rctrl
143.1660 	EXP 	Sound  started
143.8237 	DATA 	Keypress: rctrl
143.9161 	EXP 	Sound  started
144.6661 	EXP 	Sound  started
144.7196 	DATA 	Keypress: rctrl
145.4078 	DATA 	Keypress: lctrl
145.4161 	EXP 	Sound  started
146.0797 	DATA 	Keypress: lctrl
146.1661 	EXP 	Sound  started
146.8477 	DATA 	Keypress: lctrl
146.9161 	EXP 	Sound  started
147.5677 	DATA 	Keypress: lctrl
147.6661 	EXP 	Sound  started
148.3197 	DATA 	Keypress: rctrl
148.4161 	EXP 	Sound  started
149.1662 	EXP 	Sound  started
149.1677 	DATA 	Keypress: rctrl
149.9162 	EXP 	Sound  started
149.9356 	DATA 	Keypress: rctrl
150.6662 	EXP 	Sound  started
150.7356 	DATA 	Keypress: rctrl
151.4162 	EXP 	Sound  started
151.4718 	DATA 	Keypress: rctrl
152.1662 	EXP 	Sound  started
152.2076 	DATA 	Keypress: lctrl
152.9162 	EXP 	Sound  started
152.9277 	DATA 	Keypress: lctrl
153.6317 	DATA 	Keypress: lctrl
153.6662 	EXP 	Sound  started
154.3517 	DATA 	Keypress: lctrl
154.4163 	EXP 	Sound  started
155.1197 	DATA 	Keypress: lctrl
155.1663 	EXP 	Sound  started
155.8398 	DATA 	Keypress: lctrl
155.9163 	EXP 	Sound  started
156.6398 	DATA 	Keypress: lctrl
156.6663 	EXP 	Sound  started
157.4163 	EXP 	Sound  started
157.4236 	DATA 	Keypress: lctrl
158.1663 	EXP 	Sound  started
158.2556 	DATA 	Keypress: lctrl
158.9163 	EXP 	Sound  started
159.0397 	DATA 	Keypress: lctrl
159.6664 	EXP 	Sound  started
159.7437 	DATA 	Keypress: lctrl
160.4164 	EXP 	Sound  started
160.4317 	DATA 	Keypress: lctrl
161.1519 	DATA 	Keypress: lctrl
161.1664 	EXP 	Sound  started
161.8877 	DATA 	Keypress: rctrl
161.9164 	EXP 	Sound  started
162.6556 	DATA 	Keypress: rctrl
162.6664 	EXP 	Sound  started
163.4164 	EXP 	Sound  started
163.4397 	DATA 	Keypress: rctrl
164.1664 	EXP 	Sound  started
164.2077 	DATA 	Keypress: rctrl
164.9165 	EXP 	Sound  started
164.9756 	DATA 	Keypress: rctrl
165.6665 	EXP 	Sound  started
165.7117 	DATA 	Keypress: rctrl
166.4157 	DATA 	Keypress: rctrl
166.4165 	EXP 	Sound  started
167.1196 	DATA 	Keypress: rctrl
167.1665 	EXP 	Sound  started
167.8717 	DATA 	Keypress: rctrl
167.9165 	EXP 	Sound  started
168.5596 	DATA 	Keypress: rctrl
168.6665 	EXP 	Sound  started
169.3596 	DATA 	Keypress: rctrl
169.4165 	EXP 	Sound  started
170.0637 	DATA 	Keypress: rctrl
170.1665 	EXP 	Sound  started
170.8476 	DATA 	Keypress: rctrl
170.9166 	EXP 	Sound  started
171.6636 	DATA 	Keypress: rctrl
171.6666 	EXP 	Sound  started
172.3996 	DATA 	Keypress: rctrl
172.4166 	EXP 	Sound  started
173.0238 	DATA 	Keypress: rctrl
173.1666 	EXP 	Sound  started
173.8076 	DATA 	Keypress: rctrl
173.9166 	EXP 	Sound  started
174.4316 	DATA 	Keypress: rctrl
174.6666 	EXP 	Sound  started
175.1997 	DATA 	Keypress: rctrl
175.4167 	EXP 	Sound  started
175.8717 	DATA 	Keypress: rctrl
176.1667 	EXP 	Sound  started
176.4637 	DATA 	Keypress: rctrl
176.9167 	EXP 	Sound  started
176.9437 	DATA 	Keypress: rctrl
177.6478 	DATA 	Keypress: rctrl
177.6667 	EXP 	Sound  started
178.3676 	DATA 	Keypress: rctrl
178.4167 	EXP 	Sound  started
179.1667 	EXP 	Sound  started
179.4078 	DATA 	Keypress: rctrl
179.9167 	EXP 	Sound  started
179.9678 	DATA 	Keypress: rctrl
180.5917 	DATA 	Keypress: rctrl
180.6667 	EXP 	Sound  started
181.3437 	DATA 	Keypress: rctrl
181.4168 	EXP 	Sound  started
182.0317 	DATA 	Keypress: rctrl
182.1668 	EXP 	Sound  started
182.6718 	DATA 	Keypress: lctrl
182.9168 	EXP 	Sound  started
183.5037 	DATA 	Keypress: lctrl
183.6668 	EXP 	Sound  started
184.1757 	DATA 	Keypress: lctrl
184.4168 	EXP 	Sound  started
184.6878 	DATA 	Keypress: lctrl
185.1668 	EXP 	Sound  started
185.3917 	DATA 	Keypress: lctrl
185.9168 	EXP 	Sound  started
186.0637 	DATA 	Keypress: lctrl
186.6669 	EXP 	Sound  started
186.7838 	DATA 	Keypress: lctrl
187.4169 	EXP 	Sound  started
187.4556 	DATA 	Keypress: lctrl
188.1437 	DATA 	Keypress: lctrl
188.1669 	EXP 	Sound  started
188.9117 	DATA 	Keypress: lctrl
188.9169 	EXP 	Sound  started
189.5837 	DATA 	Keypress: lctrl
189.6669 	EXP 	Sound  started
190.1596 	DATA 	Keypress: lctrl
190.4169 	EXP 	Sound  started
190.9917 	DATA 	Keypress: lctrl
191.1669 	EXP 	Sound  started
191.7917 	DATA 	Keypress: lctrl
191.9170 	EXP 	Sound  started
192.6556 	DATA 	Keypress: rctrl
192.6670 	EXP 	Sound  started
193.4170 	EXP 	Sound  started
193.4236 	DATA 	Keypress: rctrl
194.1670 	EXP 	Sound  started
194.1918 	DATA 	Keypress: rctrl
194.9170 	EXP 	Sound  started
194.9597 	DATA 	Keypress: rctrl
195.6478 	DATA 	Keypress: rctrl
195.6670 	EXP 	Sound  started
196.4339 	DATA 	Keypress: rctrl
198.5647 	DATA 	Keypress: 1
198.5813 	EXP 	unnamed ShapeStim: vertices = <class 'numpy.ndarray'>
204.5196 	DATA 	Keypress: 4
204.5361 	EXP 	unnamed ShapeStim: vertices = <class 'numpy.ndarray'>
207.4887 	DATA 	Keypress: 2
207.5052 	EXP 	unnamed ShapeStim: vertices = <class 'numpy.ndarray'>
209.7896 	EXP 	Sound  started
209.7905 	DATA 	Keypress: rctrl
210.4317 	DATA 	Keypress: rctrl
210.5395 	EXP 	Sound  started
211.2476 	DATA 	Keypress: rctrl
211.2895 	EXP 	Sound  started
212.0395 	EXP 	Sound  started
212.0476 	DATA 	Keypress: rctrl
212.6077 	DATA 	Keypress: rctrl
212.7895 	EXP 	Sound  started
213.1676 	DATA 	Keypress: rctrl
213.5395 	EXP 	Sound  started
213.8716 	DATA 	Keypress: rctrl
214.2895 	EXP 	Sound  started
214.5917 	DATA 	Keypress: rctrl
215.0396 	EXP 	Sound  started
215.3917 	DATA 	Keypress: lctrl
215.7896 	EXP 	Sound  started
216.0797 	DATA 	Keypress: lctrl
216.5396 	EXP 	Sound  started
216.8157 	DATA 	Keypress: lctrl
217.2896 	EXP 	Sound  started
217.8557 	DATA 	Keypress: lctrl
218.0396 	EXP 	Sound  started
218.6717 	DATA 	Keypress: lctrl
218.7896 	EXP 	Sound  started
219.4397 	DATA 	Keypress: lctrl
219.5396 	EXP 	Sound  started
220.2397 	DATA 	Keypress: lctrl
220.2897 	EXP 	Sound  started
220.8636 	DATA 	Keypress: lctrl
221.0397 	EXP 	Sound  started
221.5997 	DATA 	Keypress: lctrl
221.7897 	EXP 	Sound  started
222.3836 	DATA 	Keypress: lctrl
222.5397 	EXP 	Sound  started
223.0717 	DATA 	Keypress: lctrl
223.2897 	EXP 	Sound  started
223.8396 	DATA 	Keypress: lctrl
224.0397 	EXP 	Sound  started
224.6557 	DATA 	Keypress: lctrl
224.7897 	EXP 	Sound  started
225.2956 	DATA 	Keypress: lctrl
225.5398 	EXP 	Sound  started
226.0956 	DATA 	Keypress: lctrl
226.2898 	EXP 	Sound  started
226.8637 	DATA 	Keypress: lctrl
227.0398 	EXP 	Sound  started
227.6157 	DATA 	Keypress: lctrl
227.7898 	EXP 	Sound  started
228.4797 	DATA 	Keypress: lctrl
228.5398 	EXP 	Sound  started
229.2156 	DATA 	Keypress: lctrl
229.2898 	EXP 	Sound  started
229.8556 	DATA 	Keypress: lctrl
230.0398 	EXP 	Sound  started
230.5917 	DATA 	Keypress: lctrl
230.7899 	EXP 	Sound  started
231.3757 	DATA 	Keypress: lctrl
231.5399 	EXP 	Sound  started
232.0637 	DATA 	Keypress: lctrl
232.2899 	EXP 	Sound  started
232.9276 	DATA 	Keypress: lctrl
233.0399 	EXP 	Sound  started
233.6316 	DATA 	Keypress: lctrl
233.7899 	EXP 	Sound  started
234.3676 	DATA 	Keypress: lctrl
234.5399 	EXP 	Sound  started
235.1356 	DATA 	Keypress: lctrl
235.2900 	EXP 	Sound  started
235.9517 	DATA 	Keypress: lctrl
236.0400 	EXP 	Sound  started
236.7677 	DATA 	Keypress: lctrl
236.7900 	EXP 	Sound  started
237.4556 	DATA 	Keypress: lctrl
237.5400 	EXP 	Sound  started
238.2076 	DATA 	Keypress: lctrl
238.2900 	EXP 	Sound  started
238.9757 	DATA 	Keypress: lctrl
239.0400 	EXP 	Sound  started
239.7277 	DATA 	Keypress: lctrl
239.7900 	EXP 	Sound  started
240.3996 	DATA 	Keypress: lctrl
240.5400 	EXP 	Sound  started
241.2476 	DATA 	Keypress: rctrl
241.2901 	EXP 	Sound  started
242.0401 	EXP 	Sound  started
242.0477 	DATA 	Keypress: rctrl
242.7901 	EXP 	Sound  started
242.8156 	DATA 	Keypress: rctrl
243.5197 	DATA 	Keypress: rctrl
243.5401 	EXP 	Sound  started
244.2396 	DATA 	Keypress: rctrl
244.2901 	EXP 	Sound  started
244.9916 	DATA 	Keypress: rctrl
245.0401 	EXP 	Sound  started
245.6956 	DATA 	Keypress: rctrl
245.7901 	EXP 	Sound  started
246.3356 	DATA 	Keypress: rctrl
246.5402 	EXP 	Sound  started
247.2902 	EXP 	Sound  started
247.4076 	DATA 	Keypress: rctrl
248.0402 	EXP 	Sound  started
248.1436 	DATA 	Keypress: rctrl
248.7677 	DATA 	Keypress: rctrl
248.7902 	EXP 	Sound  started
249.4557 	DATA 	Keypress: rctrl
249.5402 	EXP 	Sound  started
250.2396 	DATA 	Keypress: rctrl
250.2902 	EXP 	Sound  started
250.9917 	DATA 	Keypress: rctrl
251.0403 	EXP 	Sound  started
251.7903 	EXP 	Sound  started
251.7916 	DATA 	Keypress: rctrl
252.5276 	DATA 	Keypress: rctrl
252.5403 	EXP 	Sound  started
253.1996 	DATA 	Keypress: rctrl
253.2903 	EXP 	Sound  started
253.8556 	DATA 	Keypress: rctrl
256.8829 	DATA 	Keypress: 1
256.9124 	EXP 	unnamed ShapeStim: vertices = <class 'numpy.ndarray'>
263.5550 	DATA 	Keypress: 4
263.5845 	EXP 	unnamed ShapeStim: vertices = <class 'numpy.ndarray'>
269.2727 	DATA 	Keypress: 3
269.2892 	EXP 	unnamed ShapeStim: vertices = <class 'numpy.ndarray'>
271.5741 	EXP 	Sound  started
271.7597 	DATA 	Keypress: rctrl
272.3239 	EXP 	Sound  started
272.3996 	DATA 	Keypress: rctrl
273.0739 	EXP 	Sound  started
273.2156 	DATA 	Keypress: rctrl
273.8240 	EXP 	Sound  started
273.9357 	DATA 	Keypress: rctrl
274.5740 	EXP 	Sound  started
274.5916 	DATA 	Keypress: rctrl
275.2476 	DATA 	Keypress: rctrl
275.3240 	EXP 	Sound  started
275.8716 	DATA 	Keypress: rctrl
276.0740 	EXP 	Sound  started
276.6397 	DATA 	Keypress: rctrl
276.8240 	EXP 	Sound  started
277.2316 	DATA 	Keypress: rctrl
277.5740 	EXP 	Sound  started
278.1116 	DATA 	Keypress: rctrl
278.3240 	EXP 	Sound  started
279.0557 	DATA 	Keypress: rctrl
279.0741 	EXP 	Sound  started
279.7756 	DATA 	Keypress: rctrl
279.8241 	EXP 	Sound  started
280.4796 	DATA 	Keypress: rctrl
280.5741 	EXP 	Sound  started
281.2156 	DATA 	Keypress: rctrl
281.3241 	EXP 	Sound  started
282.0156 	DATA 	Keypress: rctrl
282.0741 	EXP 	Sound  started
282.8241 	EXP 	Sound  started
282.8636 	DATA 	Keypress: rctrl
283.5356 	DATA 	Keypress: rctrl
283.5741 	EXP 	Sound  started
284.2716 	DATA 	Keypress: rctrl
284.3241 	EXP 	Sound  started
285.0396 	DATA 	Keypress: lctrl
285.0742 	EXP 	Sound  started
285.7756 	DATA 	Keypress: lctrl
285.8242 	EXP 	Sound  started
286.4956 	DATA 	Keypress: lctrl
286.5742 	EXP 	Sound  started
287.1836 	DATA 	Keypress: lctrl
287.3242 	EXP 	Sound  started
287.9036 	DATA 	Keypress: lctrl
288.0742 	EXP 	Sound  started
288.6076 	DATA 	Keypress: lctrl
288.8242 	EXP 	Sound  started
289.3436 	DATA 	Keypress: lctrl
289.5742 	EXP 	Sound  started
290.0477 	DATA 	Keypress: lctrl
290.3243 	EXP 	Sound  started
290.8477 	DATA 	Keypress: lctrl
291.0743 	EXP 	Sound  started
291.4876 	DATA 	Keypress: lctrl
291.8243 	EXP 	Sound  started
292.3036 	DATA 	Keypress: lctrl
292.5743 	EXP 	Sound  started
293.1037 	DATA 	Keypress: lctrl
293.3243 	EXP 	Sound  started
293.7756 	DATA 	Keypress: lctrl
294.0743 	EXP 	Sound  started
294.5916 	DATA 	Keypress: lctrl
294.8243 	EXP 	Sound  started
295.2477 	DATA 	Keypress: lctrl
295.5744 	EXP 	Sound  started
296.0476 	DATA 	Keypress: lctrl
296.3244 	EXP 	Sound  started
296.7196 	DATA 	Keypress: lctrl
297.0744 	EXP 	Sound  started
297.5196 	DATA 	Keypress: lctrl
297.8244 	EXP 	Sound  started
298.0956 	DATA 	Keypress: lctrl
298.5744 	EXP 	Sound  started
298.5756 	DATA 	Keypress: lctrl
299.2476 	DATA 	Keypress: lctrl
299.3244 	EXP 	Sound  started
299.8876 	DATA 	Keypress: lctrl
300.0744 	EXP 	Sound  started
300.6396 	DATA 	Keypress: lctrl
300.8244 	EXP 	Sound  started
301.3436 	DATA 	Keypress: lctrl
301.5745 	EXP 	Sound  started
302.0797 	DATA 	Keypress: lctrl
302.3245 	EXP 	Sound  started
302.8316 	DATA 	Keypress: lctrl
303.0745 	EXP 	Sound  started
303.5677 	DATA 	Keypress: lctrl
303.8245 	EXP 	Sound  started
304.3356 	DATA 	Keypress: rctrl
304.5745 	EXP 	Sound  started
305.0557 	DATA 	Keypress: rctrl
305.3245 	EXP 	Sound  started
305.8716 	DATA 	Keypress: rctrl
306.0745 	EXP 	Sound  started
306.6076 	DATA 	Keypress: rctrl
306.8246 	EXP 	Sound  started
307.3116 	DATA 	Keypress: rctrl
307.5746 	EXP 	Sound  started
308.0796 	DATA 	Keypress: rctrl
308.3246 	EXP 	Sound  started
308.8156 	DATA 	Keypress: rctrl
309.0746 	EXP 	Sound  started
309.6636 	DATA 	Keypress: rctrl
309.8246 	EXP 	Sound  started
310.2875 	DATA 	Keypress: rctrl
310.5746 	EXP 	Sound  started
310.9115 	DATA 	Keypress: rctrl
311.3246 	EXP 	Sound  started
311.6956 	DATA 	Keypress: rctrl
312.0747 	EXP 	Sound  started
312.4476 	DATA 	Keypress: rctrl
312.8247 	EXP 	Sound  started
313.1036 	DATA 	Keypress: rctrl
313.5747 	EXP 	Sound  started
313.9676 	DATA 	Keypress: rctrl
314.3247 	EXP 	Sound  started
314.7036 	DATA 	Keypress: rctrl
315.0747 	EXP 	Sound  started
315.5516 	DATA 	Keypress: rctrl
315.8247 	EXP 	Sound  started
316.3036 	DATA 	Keypress: rctrl
316.5747 	EXP 	Sound  started
317.0236 	DATA 	Keypress: rctrl
317.3248 	EXP 	Sound  started
317.6956 	DATA 	Keypress: rctrl
318.0748 	EXP 	Sound  started
318.4475 	DATA 	Keypress: rctrl
318.8248 	EXP 	Sound  started
319.2476 	DATA 	Keypress: rctrl
319.5748 	EXP 	Sound  started
319.7116 	DATA 	Keypress: rctrl
320.0956 	DATA 	Keypress: rctrl
320.3248 	EXP 	Sound  started
320.7675 	DATA 	Keypress: rctrl
321.0748 	EXP 	Sound  started
321.5996 	DATA 	Keypress: rctrl
321.8248 	EXP 	Sound  started
322.2555 	DATA 	Keypress: rctrl
322.5749 	EXP 	Sound  started
323.0556 	DATA 	Keypress: rctrl
323.3249 	EXP 	Sound  started
323.8717 	DATA 	Keypress: rctrl
324.0749 	EXP 	Sound  started
324.5916 	DATA 	Keypress: rctrl
324.8249 	EXP 	Sound  started
325.3596 	DATA 	Keypress: rctrl
325.5749 	EXP 	Sound  started
326.0955 	DATA 	Keypress: rctrl
326.3249 	EXP 	Sound  started
326.9436 	DATA 	Keypress: rctrl
327.0749 	EXP 	Sound  started
327.7276 	DATA 	Keypress: lctrl
327.8250 	EXP 	Sound  started
328.4637 	DATA 	Keypress: lctrl
328.5750 	EXP 	Sound  started
329.3250 	EXP 	Sound  started
329.3756 	DATA 	Keypress: lctrl
330.0635 	DATA 	Keypress: lctrl
330.0750 	EXP 	Sound  started
330.6236 	DATA 	Keypress: lctrl
330.8250 	EXP 	Sound  started
331.3276 	DATA 	Keypress: lctrl
331.5750 	EXP 	Sound  started
331.8075 	DATA 	Keypress: lctrl
332.3250 	EXP 	Sound  started
333.0555 	DATA 	Keypress: lctrl
333.0750 	EXP 	Sound  started
333.8251 	EXP 	Sound  started
333.9196 	DATA 	Keypress: lctrl
334.5751 	EXP 	Sound  started
334.6075 	DATA 	Keypress: lctrl
335.3251 	EXP 	Sound  started
335.5195 	DATA 	Keypress: lctrl
336.1445 	DATA 	Keypress: lctrl
340.2641 	DATA 	Keypress: 2
340.2806 	EXP 	unnamed ShapeStim: vertices = <class 'numpy.ndarray'>
347.2199 	DATA 	Keypress: 4
347.2363 	EXP 	unnamed ShapeStim: vertices = <class 'numpy.ndarray'>
351.3770 	DATA 	Keypress: 3
351.4064 	EXP 	unnamed ShapeStim: vertices = <class 'numpy.ndarray'>
353.6908 	EXP 	Sound  started
353.8077 	DATA 	Keypress: rctrl
354.4155 	DATA 	Keypress: rctrl
354.4407 	EXP 	Sound  started
355.1516 	DATA 	Keypress: rctrl
355.1907 	EXP 	Sound  started
355.9196 	DATA 	Keypress: rctrl
355.9407 	EXP 	Sound  started
356.6396 	DATA 	Keypress: rctrl
356.6907 	EXP 	Sound  started
357.3916 	DATA 	Keypress: rctrl
357.4407 	EXP 	Sound  started
358.1907 	EXP 	Sound  started
358.2236 	DATA 	Keypress: rctrl
358.9116 	DATA 	Keypress: rctrl
358.9407 	EXP 	Sound  started
359.6637 	DATA 	Keypress: rctrl
359.6907 	EXP 	Sound  started
360.3037 	DATA 	Keypress: rctrl
360.4408 	EXP 	Sound  started
360.9755 	DATA 	Keypress: rctrl
361.1908 	EXP 	Sound  started
361.7596 	DATA 	Keypress: rctrl
361.9408 	EXP 	Sound  started
362.5275 	DATA 	Keypress: rctrl
362.6908 	EXP 	Sound  started
363.2956 	DATA 	Keypress: rctrl
363.4408 	EXP 	Sound  started
364.0156 	DATA 	Keypress: rctrl
364.1908 	EXP 	Sound  started
364.8317 	DATA 	Keypress: rctrl
364.9408 	EXP 	Sound  started
365.5517 	DATA 	Keypress: rctrl
365.6909 	EXP 	Sound  started
366.2075 	DATA 	Keypress: rctrl
366.4409 	EXP 	Sound  started
366.9595 	DATA 	Keypress: rctrl
367.1909 	EXP 	Sound  started
367.8396 	DATA 	Keypress: rctrl
367.9409 	EXP 	Sound  started
368.6909 	EXP 	Sound  started
368.7355 	DATA 	Keypress: rctrl
369.3755 	DATA 	Keypress: rctrl
369.4409 	EXP 	Sound  started
370.1596 	DATA 	Keypress: rctrl
370.1910 	EXP 	Sound  started
370.8955 	DATA 	Keypress: rctrl
370.9410 	EXP 	Sound  started
371.5035 	DATA 	Keypress: rctrl
371.6910 	EXP 	Sound  started
372.0955 	DATA 	Keypress: rctrl
372.4410 	EXP 	Sound  started
372.8956 	DATA 	Keypress: rctrl
373.1910 	EXP 	Sound  started
373.5676 	DATA 	Keypress: rctrl
373.9410 	EXP 	Sound  started
374.3835 	DATA 	Keypress: rctrl
374.6910 	EXP 	Sound  started
374.9755 	DATA 	Keypress: rctrl
375.4411 	EXP 	Sound  started
375.7276 	DATA 	Keypress: rctrl
376.1911 	EXP 	Sound  started
376.4955 	DATA 	Keypress: rctrl
376.9411 	EXP 	Sound  started
377.2635 	DATA 	Keypress: rctrl
377.6911 	EXP 	Sound  started
377.9995 	DATA 	Keypress: rctrl
378.4411 	EXP 	Sound  started
378.8476 	DATA 	Keypress: rctrl
379.1911 	EXP 	Sound  started
379.7916 	DATA 	Keypress: lctrl
379.9411 	EXP 	Sound  started
380.6076 	DATA 	Keypress: lctrl
380.6912 	EXP 	Sound  started
381.4412 	EXP 	Sound  started
381.4556 	DATA 	Keypress: lctrl
382.1912 	EXP 	Sound  started
382.2396 	DATA 	Keypress: lctrl
382.9412 	EXP 	Sound  started
383.0075 	DATA 	Keypress: lctrl
383.6912 	EXP 	Sound  started
383.7275 	DATA 	Keypress: lctrl
384.4412 	EXP 	Sound  started
384.5115 	DATA 	Keypress: lctrl
385.1912 	EXP 	Sound  started
385.2635 	DATA 	Keypress: lctrl
385.9413 	EXP 	Sound  started
386.0636 	DATA 	Keypress: lctrl
386.6913 	EXP 	Sound  started
386.7356 	DATA 	Keypress: lctrl
387.4413 	EXP 	Sound  started
387.5196 	DATA 	Keypress: rctrl
388.1913 	EXP 	Sound  started
388.2076 	DATA 	Keypress: lctrl
388.9413 	EXP 	Sound  started
389.0076 	DATA 	Keypress: rctrl
389.6156 	DATA 	Keypress: lctrl
389.6913 	EXP 	Sound  started
390.4413 	EXP 	Sound  started
390.4635 	DATA 	Keypress: lctrl
391.1914 	EXP 	Sound  started
391.2316 	DATA 	Keypress: lctrl
391.9414 	EXP 	Sound  started
391.9676 	DATA 	Keypress: lctrl
392.6914 	EXP 	Sound  started
392.7355 	DATA 	Keypress: lctrl
393.4235 	DATA 	Keypress: lctrl
393.4414 	EXP 	Sound  started
394.1116 	DATA 	Keypress: lctrl
394.1914 	EXP 	Sound  started
394.8955 	DATA 	Keypress: lctrl
394.9414 	EXP 	Sound  started
395.6636 	DATA 	Keypress: lctrl
395.6915 	EXP 	Sound  started
396.3836 	DATA 	Keypress: lctrl
396.4415 	EXP 	Sound  started
397.0235 	DATA 	Keypress: rctrl
397.1915 	EXP 	Sound  started
397.9035 	DATA 	Keypress: lctrl
397.9415 	EXP 	Sound  started
398.6915 	EXP 	Sound  started
398.7195 	DATA 	Keypress: rctrl
399.4415 	EXP 	Sound  started
399.4875 	DATA 	Keypress: lctrl
400.1595 	DATA 	Keypress: rctrl
400.1915 	EXP 	Sound  started
400.8795 	DATA 	Keypress: rctrl
400.9415 	EXP 	Sound  started
401.6916 	EXP 	Sound  started
401.8075 	DATA 	Keypress: lctrl
402.4416 	EXP 	Sound  started
402.4795 	DATA 	Keypress: lctrl
403.1916 	EXP 	Sound  started
403.2955 	DATA 	Keypress: rctrl
403.9416 	EXP 	Sound  started
404.0315 	DATA 	Keypress: rctrl
404.6916 	EXP 	Sound  started
404.7516 	DATA 	Keypress: lctrl
405.4416 	EXP 	Sound  started
405.4875 	DATA 	Keypress: rctrl
406.1916 	EXP 	Sound  started
406.2235 	DATA 	Keypress: lctrl
406.8635 	DATA 	Keypress: lctrl
406.9417 	EXP 	Sound  started
407.6917 	EXP 	Sound  started
407.7435 	DATA 	Keypress: rctrl
408.4417 	EXP 	Sound  started
408.4636 	DATA 	Keypress: rctrl
409.1836 	DATA 	Keypress: rctrl
409.1917 	EXP 	Sound  started
409.9355 	DATA 	Keypress: lctrl
409.9417 	EXP 	Sound  started
410.6876 	DATA 	Keypress: lctrl
410.6917 	EXP 	Sound  started
411.4417 	EXP 	Sound  started
411.4875 	DATA 	Keypress: lctrl
412.1916 	DATA 	Keypress: rctrl
412.1918 	EXP 	Sound  started
412.9418 	EXP 	Sound  started
412.9436 	DATA 	Keypress: lctrl
413.6636 	DATA 	Keypress: lctrl
413.6918 	EXP 	Sound  started
414.4155 	DATA 	Keypress: lctrl
414.4418 	EXP 	Sound  started
415.1919 	EXP 	Sound  started
415.2156 	DATA 	Keypress: rctrl
415.9419 	EXP 	Sound  started
415.9996 	DATA 	Keypress: lctrl
416.6919 	EXP 	Sound  started
416.7835 	DATA 	Keypress: rctrl
417.4419 	EXP 	Sound  started
417.5676 	DATA 	Keypress: lctrl
418.1919 	EXP 	Sound  started
418.3195 	DATA 	Keypress: lctrl
418.9419 	EXP 	Sound  started
418.9915 	DATA 	Keypress: lctrl
419.6919 	EXP 	Sound  started
419.6956 	DATA 	Keypress: lctrl
420.3995 	DATA 	Keypress: rctrl
422.6816 	DATA 	Keypress: 4
422.6982 	EXP 	unnamed ShapeStim: vertices = <class 'numpy.ndarray'>
429.2704 	DATA 	Keypress: 1
429.2869 	EXP 	unnamed ShapeStim: vertices = <class 'numpy.ndarray'>
432.6899 	DATA 	Keypress: 1
432.7063 	EXP 	unnamed ShapeStim: vertices = <class 'numpy.ndarray'>
434.9915 	EXP 	Sound  started
435.2156 	DATA 	Keypress: rctrl
435.7414 	EXP 	Sound  started
435.7755 	DATA 	Keypress: rctrl
436.3835 	DATA 	Keypress: rctrl
436.4914 	EXP 	Sound  started
437.2315 	DATA 	Keypress: rctrl
437.2414 	EXP 	Sound  started
437.9356 	DATA 	Keypress: rctrl
437.9914 	EXP 	Sound  started
438.6395 	DATA 	Keypress: rctrl
438.7414 	EXP 	Sound  started
439.2955 	DATA 	Keypress: rctrl
439.4914 	EXP 	Sound  started
440.0155 	DATA 	Keypress: lctrl
440.2414 	EXP 	Sound  started
440.7835 	DATA 	Keypress: lctrl
440.9915 	EXP 	Sound  started
441.4395 	DATA 	Keypress: lctrl
441.7415 	EXP 	Sound  started
442.1116 	DATA 	Keypress: lctrl
442.4915 	EXP 	Sound  started
442.7997 	DATA 	Keypress: lctrl
443.2415 	EXP 	Sound  started
443.5197 	DATA 	Keypress: lctrl
443.9915 	EXP 	Sound  started
444.1596 	DATA 	Keypress: lctrl
444.7415 	EXP 	Sound  started
444.7995 	DATA 	Keypress: lctrl
445.4716 	DATA 	Keypress: lctrl
445.4915 	EXP 	Sound  started
446.1755 	DATA 	Keypress: lctrl
446.2416 	EXP 	Sound  started
446.8956 	DATA 	Keypress: rctrl
446.9916 	EXP 	Sound  started
447.6955 	DATA 	Keypress: rctrl
447.7416 	EXP 	Sound  started
448.4155 	DATA 	Keypress: rctrl
448.4916 	EXP 	Sound  started
449.2416 	EXP 	Sound  started
449.2635 	DATA 	Keypress: rctrl
449.9036 	DATA 	Keypress: rctrl
449.9917 	EXP 	Sound  started
450.6555 	DATA 	Keypress: lctrl
450.7417 	EXP 	Sound  started
451.4917 	EXP 	Sound  started
451.5355 	DATA 	Keypress: rctrl
452.1756 	DATA 	Keypress: rctrl
452.2417 	EXP 	Sound  started
452.9275 	DATA 	Keypress: lctrl
452.9917 	EXP 	Sound  started
453.7417 	EXP 	Sound  started
453.7755 	DATA 	Keypress: lctrl
454.4917 	EXP 	Sound  started
454.4956 	DATA 	Keypress: lctrl
455.1995 	DATA 	Keypress: rctrl
455.2417 	EXP 	Sound  started
455.9355 	DATA 	Keypress: rctrl
455.9918 	EXP 	Sound  started
456.6235 	DATA 	Keypress: rctrl
456.7418 	EXP 	Sound  started
457.4075 	DATA 	Keypress: lctrl
457.4918 	EXP 	Sound  started
458.1915 	DATA 	Keypress: lctrl
458.2418 	EXP 	Sound  started
458.9918 	EXP 	Sound  started
459.0075 	DATA 	Keypress: rctrl
459.7418 	EXP 	Sound  started
459.8075 	DATA 	Keypress: rctrl
460.4918 	EXP 	Sound  started
460.5595 	DATA 	Keypress: lctrl
461.2419 	EXP 	Sound  started
461.2475 	DATA 	Keypress: rctrl
461.9355 	DATA 	Keypress: lctrl
461.9919 	EXP 	Sound  started
462.7355 	DATA 	Keypress: rctrl
462.7419 	EXP 	Sound  started
463.4919 	EXP 	Sound  started
463.5355 	DATA 	Keypress: rctrl
464.2235 	DATA 	Keypress: rctrl
464.2419 	EXP 	Sound  started
464.9915 	DATA 	Keypress: lctrl
464.9919 	EXP 	Sound  started
465.7116 	DATA 	Keypress: rctrl
465.7420 	EXP 	Sound  started
466.4920 	EXP 	Sound  started
466.5596 	DATA 	Keypress: lctrl
467.2155 	DATA 	Keypress: rctrl
467.2420 	EXP 	Sound  started
467.9920 	EXP 	Sound  started
468.0635 	DATA 	Keypress: rctrl
468.7036 	DATA 	Keypress: lctrl
468.7420 	EXP 	Sound  started
469.4876 	DATA 	Keypress: lctrl
469.4920 	EXP 	Sound  started
470.2421 	EXP 	Sound  started
470.3035 	DATA 	Keypress: rctrl
470.9921 	EXP 	Sound  started
471.0715 	DATA 	Keypress: lctrl
471.7421 	EXP 	Sound  started
471.8395 	DATA 	Keypress: rctrl
472.4921 	EXP 	Sound  started
472.5755 	DATA 	Keypress: rctrl
473.2421 	EXP 	Sound  started
473.3435 	DATA 	Keypress: rctrl
473.9921 	EXP 	Sound  started
474.0475 	DATA 	Keypress: lctrl
474.7421 	EXP 	Sound  started
474.7516 	DATA 	Keypress: lctrl
475.3756 	DATA 	Keypress: rctrl
475.4922 	EXP 	Sound  started
476.1917 	DATA 	Keypress: rctrl
476.2422 	EXP 	Sound  started
476.9276 	DATA 	Keypress: rctrl
479.3614 	DATA 	Keypress: 3
479.3779 	EXP 	unnamed ShapeStim: vertices = <class 'numpy.ndarray'>
485.0661 	DATA 	Keypress: 4
485.0826 	EXP 	unnamed ShapeStim: vertices = <class 'numpy.ndarray'>
489.9701 	DATA 	Keypress: 3
489.9866 	EXP 	unnamed ShapeStim: vertices = <class 'numpy.ndarray'>
492.2717 	EXP 	Sound  started
492.3996 	DATA 	Keypress: rctrl
493.0216 	EXP 	Sound  started
493.0396 	DATA 	Keypress: lctrl
493.7716 	EXP 	Sound  started
493.8075 	DATA 	Keypress: rctrl
494.5115 	DATA 	Keypress: lctrl
494.5216 	EXP 	Sound  started
495.2716 	EXP 	Sound  started
495.3755 	DATA 	Keypress: rctrl
496.0155 	DATA 	Keypress: rctrl
496.0216 	EXP 	Sound  started
496.7716 	EXP 	Sound  started
496.8315 	DATA 	Keypress: lctrl
497.5216 	EXP 	Sound  started
497.5516 	DATA 	Keypress: lctrl
498.2235 	DATA 	Keypress: rctrl
498.2716 	EXP 	Sound  started
498.9915 	DATA 	Keypress: lctrl
499.0216 	EXP 	Sound  started
499.6956 	DATA 	Keypress: lctrl
499.7717 	EXP 	Sound  started
500.3194 	DATA 	Keypress: lctrl
500.5217 	EXP 	Sound  started
501.1834 	DATA 	Keypress: lctrl
501.2717 	EXP 	Sound  started
501.8394 	DATA 	Keypress: lctrl
502.0217 	EXP 	Sound  started
502.5755 	DATA 	Keypress: rctrl
502.7717 	EXP 	Sound  started
503.3115 	DATA 	Keypress: rctrl
503.5217 	EXP 	Sound  started
504.2394 	DATA 	Keypress: rctrl
504.2717 	EXP 	Sound  started
505.0218 	EXP 	Sound  started
505.0394 	DATA 	Keypress: rctrl
505.7718 	EXP 	Sound  started
505.8234 	DATA 	Keypress: lctrl
506.5218 	EXP 	Sound  started
506.5275 	DATA 	Keypress: lctrl
507.2718 	EXP 	Sound  started
507.3275 	DATA 	Keypress: rctrl
508.0218 	EXP 	Sound  started
508.0795 	DATA 	Keypress: lctrl
508.7718 	EXP 	Sound  started
508.7994 	DATA 	Keypress: lctrl
509.5034 	DATA 	Keypress: rctrl
509.5218 	EXP 	Sound  started
510.2235 	DATA 	Keypress: rctrl
510.2718 	EXP 	Sound  started
511.0219 	EXP 	Sound  started
511.0395 	DATA 	Keypress: rctrl
511.7275 	DATA 	Keypress: rctrl
511.7719 	EXP 	Sound  started
512.4795 	DATA 	Keypress: lctrl
512.5219 	EXP 	Sound  started
513.2315 	DATA 	Keypress: lctrl
513.2719 	EXP 	Sound  started
514.0219 	EXP 	Sound  started
514.0635 	DATA 	Keypress: rctrl
514.7719 	EXP 	Sound  started
514.7994 	DATA 	Keypress: rctrl
515.5195 	DATA 	Keypress: rctrl
515.5220 	EXP 	Sound  started
516.2720 	EXP 	Sound  started
516.3354 	DATA 	Keypress: rctrl
517.0075 	DATA 	Keypress: lctrl
517.0220 	EXP 	Sound  started
517.7274 	DATA 	Keypress: lctrl
517.7720 	EXP 	Sound  started
518.5220 	EXP 	Sound  started
518.5275 	DATA 	Keypress: lctrl
519.2720 	EXP 	Sound  started
519.2795 	DATA 	Keypress: lctrl
519.9354 	DATA 	Keypress: lctrl
520.0220 	EXP 	Sound  started
520.7721 	EXP 	Sound  started
520.8634 	DATA 	Keypress: rctrl
521.5221 	EXP 	Sound  started
521.5834 	DATA 	Keypress: rctrl
522.2721 	EXP 	Sound  started
522.3034 	DATA 	Keypress: rctrl
522.9754 	DATA 	Keypress: rctrl
523.0221 	EXP 	Sound  started
523.7721 	EXP 	Sound  started
523.7915 	DATA 	Keypress: rctrl
524.5221 	EXP 	Sound  started
524.5275 	DATA 	Keypress: rctrl
525.2721 	EXP 	Sound  started
525.2954 	DATA 	Keypress: rctrl
526.0222 	EXP 	Sound  started
526.1275 	DATA 	Keypress: rctrl
526.7722 	EXP 	Sound  started
526.7834 	DATA 	Keypress: lctrl
527.5222 	EXP 	Sound  started
527.5355 	DATA 	Keypress: lctrl
528.2715 	DATA 	Keypress: lctrl
528.2722 	EXP 	Sound  started
529.0222 	EXP 	Sound  started
529.0554 	DATA 	Keypress: lctrl
529.7722 	EXP 	Sound  started
529.8395 	DATA 	Keypress: lctrl
530.5223 	EXP 	Sound  started
530.5754 	DATA 	Keypress: rctrl
531.2723 	EXP 	Sound  started
531.2955 	DATA 	Keypress: rctrl
532.0223 	EXP 	Sound  started
532.0475 	DATA 	Keypress: rctrl
532.6715 	DATA 	Keypress: rctrl
532.7723 	EXP 	Sound  started
533.4396 	DATA 	Keypress: rctrl
533.5223 	EXP 	Sound  started
534.1115 	DATA 	Keypress: rctrl
534.2723 	EXP 	Sound  started
534.8795 	DATA 	Keypress: lctrl
535.0223 	EXP 	Sound  started
535.6315 	DATA 	Keypress: lctrl
535.7724 	EXP 	Sound  started
536.3356 	DATA 	Keypress: lctrl
536.5224 	EXP 	Sound  started
537.2155 	DATA 	Keypress: lctrl
537.2724 	EXP 	Sound  started
538.0155 	DATA 	Keypress: rctrl
538.0224 	EXP 	Sound  started
538.7724 	EXP 	Sound  started
538.7834 	DATA 	Keypress: rctrl
539.5224 	EXP 	Sound  started
539.5354 	DATA 	Keypress: rctrl
540.2715 	DATA 	Keypress: rctrl
540.2724 	EXP 	Sound  started
541.0074 	DATA 	Keypress: rctrl
541.0224 	EXP 	Sound  started
541.7725 	EXP 	Sound  started
541.7914 	DATA 	Keypress: lctrl
542.5506 	DATA 	Keypress: lctrl
545.5360 	DATA 	Keypress: 1
545.5654 	EXP 	unnamed ShapeStim: vertices = <class 'numpy.ndarray'>
548.5514 	DATA 	Keypress: 4
548.5679 	EXP 	unnamed ShapeStim: vertices = <class 'numpy.ndarray'>
551.0244 	DATA 	Keypress: 1
551.0537 	EXP 	unnamed ShapeStim: vertices = <class 'numpy.ndarray'>
553.3383 	EXP 	Sound  started
553.4076 	DATA 	Keypress: rctrl
553.9835 	DATA 	Keypress: rctrl
554.0882 	EXP 	Sound  started
554.7194 	DATA 	Keypress: rctrl
554.8382 	EXP 	Sound  started
555.5674 	DATA 	Keypress: rctrl
555.5882 	EXP 	Sound  started
556.3382 	EXP 	Sound  started
556.3515 	DATA 	Keypress: lctrl
556.9916 	DATA 	Keypress: lctrl
557.0882 	EXP 	Sound  started
557.8236 	DATA 	Keypress: lctrl
557.8383 	EXP 	Sound  started
558.5883 	EXP 	Sound  started
558.6235 	DATA 	Keypress: lctrl
559.3383 	EXP 	Sound  started
559.3594 	DATA 	Keypress: rctrl
560.0883 	EXP 	Sound  started
560.1435 	DATA 	Keypress: lctrl
560.8383 	EXP 	Sound  started
560.8634 	DATA 	Keypress: rctrl
561.5883 	EXP 	Sound  started
561.5995 	DATA 	Keypress: lctrl
562.2554 	DATA 	Keypress: rctrl
562.3383 	EXP 	Sound  started
563.0715 	DATA 	Keypress: rctrl
563.0884 	EXP 	Sound  started
563.8384 	EXP 	Sound  started
563.8715 	DATA 	Keypress: rctrl
564.5434 	DATA 	Keypress: lctrl
564.5884 	EXP 	Sound  started
565.2795 	DATA 	Keypress: lctrl
565.3384 	EXP 	Sound  started
566.0884 	EXP 	Sound  started
566.1755 	DATA 	Keypress: rctrl
566.8384 	EXP 	Sound  started
566.9435 	DATA 	Keypress: rctrl
567.5884 	EXP 	Sound  started
567.6955 	DATA 	Keypress: rctrl
568.3384 	EXP 	Sound  started
568.3994 	DATA 	Keypress: rctrl
569.0884 	EXP 	Sound  started
569.1514 	DATA 	Keypress: rctrl
569.8385 	EXP 	Sound  started
569.8874 	DATA 	Keypress: rctrl
570.5885 	EXP 	Sound  started
570.6394 	DATA 	Keypress: rctrl
571.3385 	EXP 	Sound  started
571.3434 	DATA 	Keypress: rctrl
572.0885 	EXP 	Sound  started
572.1594 	DATA 	Keypress: rctrl
572.8385 	EXP 	Sound  started
572.8634 	DATA 	Keypress: rctrl
573.5885 	EXP 	Sound  started
573.7114 	DATA 	Keypress: rctrl
574.3386 	EXP 	Sound  started
574.4474 	DATA 	Keypress: rctrl
575.0714 	DATA 	Keypress: rctrl
575.0886 	EXP 	Sound  started
575.8075 	DATA 	Keypress: lctrl
575.8386 	EXP 	Sound  started
576.3834 	DATA 	Keypress: lctrl
576.5886 	EXP 	Sound  started
577.2474 	DATA 	Keypress: lctrl
577.3386 	EXP 	Sound  started
577.9035 	DATA 	Keypress: rctrl
578.0886 	EXP 	Sound  started
578.6235 	DATA 	Keypress: rctrl
578.8386 	EXP 	Sound  started
579.3914 	DATA 	Keypress: rctrl
579.5887 	EXP 	Sound  started
580.1274 	DATA 	Keypress: rctrl
580.3387 	EXP 	Sound  started
580.8954 	DATA 	Keypress: rctrl
581.0887 	EXP 	Sound  started
581.4554 	DATA 	Keypress: rctrl
581.8387 	EXP 	Sound  started
582.3674 	DATA 	Keypress: rctrl
582.5887 	EXP 	Sound  started
583.1995 	DATA 	Keypress: rctrl
583.3387 	EXP 	Sound  started
583.9515 	DATA 	Keypress: rctrl
584.0888 	EXP 	Sound  started
584.7354 	DATA 	Keypress: rctrl
584.8388 	EXP 	Sound  started
585.4554 	DATA 	Keypress: rctrl
585.5888 	EXP 	Sound  started
586.1594 	DATA 	Keypress: rctrl
586.3388 	EXP 	Sound  started
586.8634 	DATA 	Keypress: rctrl
587.0888 	EXP 	Sound  started
587.5194 	DATA 	Keypress: rctrl
587.8388 	EXP 	Sound  started
588.1915 	DATA 	Keypress: rctrl
588.5888 	EXP 	Sound  started
589.1994 	DATA 	Keypress: lctrl
589.3389 	EXP 	Sound  started
589.8555 	DATA 	Keypress: lctrl
590.0889 	EXP 	Sound  started
590.5435 	DATA 	Keypress: lctrl
590.8389 	EXP 	Sound  started
591.1995 	DATA 	Keypress: lctrl
591.5889 	EXP 	Sound  started
591.8395 	DATA 	Keypress: lctrl
592.3389 	EXP 	Sound  started
592.4634 	DATA 	Keypress: lctrl
593.0889 	EXP 	Sound  started
593.1034 	DATA 	Keypress: lctrl
593.6634 	DATA 	Keypress: lctrl
593.8389 	EXP 	Sound  started
594.2074 	DATA 	Keypress: lctrl
594.5890 	EXP 	Sound  started
595.0555 	DATA 	Keypress: lctrl
595.3390 	EXP 	Sound  started
595.7595 	DATA 	Keypress: lctrl
596.0890 	EXP 	Sound  started
596.5594 	DATA 	Keypress: rctrl
596.8390 	EXP 	Sound  started
597.2475 	DATA 	Keypress: rctrl
597.5890 	EXP 	Sound  started
598.0475 	DATA 	Keypress: rctrl
598.3390 	EXP 	Sound  started
598.8314 	DATA 	Keypress: rctrl
599.0890 	EXP 	Sound  started
599.7915 	DATA 	Keypress: rctrl
599.8390 	EXP 	Sound  started
600.4315 	DATA 	Keypress: rctrl
600.5890 	EXP 	Sound  started
601.2154 	DATA 	Keypress: rctrl
601.3391 	EXP 	Sound  started
601.9514 	DATA 	Keypress: rctrl
602.0891 	EXP 	Sound  started
602.6875 	DATA 	Keypress: rctrl
602.8391 	EXP 	Sound  started
603.2634 	DATA 	Keypress: rctrl
603.5891 	EXP 	Sound  started
604.0634 	DATA 	Keypress: lctrl
604.3391 	EXP 	Sound  started
604.7195 	DATA 	Keypress: lctrl
605.0891 	EXP 	Sound  started
605.4234 	DATA 	Keypress: rctrl
605.8391 	EXP 	Sound  started
606.1115 	DATA 	Keypress: rctrl
606.5892 	EXP 	Sound  started
606.8154 	DATA 	Keypress: rctrl
607.3392 	EXP 	Sound  started
607.5195 	DATA 	Keypress: rctrl
608.0892 	EXP 	Sound  started
608.1754 	DATA 	Keypress: rctrl
608.8392 	EXP 	Sound  started
608.8794 	DATA 	Keypress: rctrl
609.5834 	DATA 	Keypress: rctrl
609.5892 	EXP 	Sound  started
610.3392 	EXP 	Sound  started
610.3514 	DATA 	Keypress: rctrl
611.0714 	DATA 	Keypress: rctrl
611.0892 	EXP 	Sound  started
611.8393 	EXP 	Sound  started
611.8875 	DATA 	Keypress: lctrl
612.5893 	EXP 	Sound  started
612.5914 	DATA 	Keypress: lctrl
613.3393 	EXP 	Sound  started
613.3754 	DATA 	Keypress: rctrl
614.0893 	EXP 	Sound  started
614.1434 	DATA 	Keypress: lctrl
614.8393 	EXP 	Sound  started
614.8475 	DATA 	Keypress: rctrl
615.6735 	DATA 	Keypress: rctrl
618.6755 	DATA 	Keypress: 3
618.6920 	EXP 	unnamed ShapeStim: vertices = <class 'numpy.ndarray'>
622.2284 	DATA 	Keypress: rctrl
622.4339 	DATA 	Keypress: 4
622.4617 	EXP 	unnamed ShapeStim: vertices = <class 'numpy.ndarray'>
625.4644 	DATA 	Keypress: 1
625.4809 	EXP 	unnamed ShapeStim: vertices = <class 'numpy.ndarray'>
627.7655 	EXP 	Sound  started
627.7663 	DATA 	Keypress: rctrl
628.4634 	DATA 	Keypress: rctrl
628.5153 	EXP 	Sound  started
629.1995 	DATA 	Keypress: rctrl
629.2654 	EXP 	Sound  started
629.9515 	DATA 	Keypress: rctrl
630.0154 	EXP 	Sound  started
630.7034 	DATA 	Keypress: rctrl
630.7654 	EXP 	Sound  started
631.5154 	EXP 	Sound  started
631.5195 	DATA 	Keypress: rctrl
632.2654 	EXP 	Sound  started
632.2714 	DATA 	Keypress: rctrl
632.9274 	DATA 	Keypress: rctrl
633.0154 	EXP 	Sound  started
633.7274 	DATA 	Keypress: rctrl
633.7654 	EXP 	Sound  started
634.4954 	DATA 	Keypress: rctrl
634.5154 	EXP 	Sound  started
635.2655 	EXP 	Sound  started
635.2794 	DATA 	Keypress: rctrl
635.9994 	DATA 	Keypress: lctrl
636.0155 	EXP 	Sound  started
636.6874 	DATA 	Keypress: lctrl
636.7655 	EXP 	Sound  started
637.3594 	DATA 	Keypress: lctrl
637.5155 	EXP 	Sound  started
638.2655 	EXP 	Sound  started
638.2715 	DATA 	Keypress: lctrl
638.8154 	DATA 	Keypress: lctrl
639.0155 	EXP 	Sound  started
639.4874 	DATA 	Keypress: lctrl
639.7655 	EXP 	Sound  started
640.0955 	DATA 	Keypress: lctrl
640.5156 	EXP 	Sound  started
640.7675 	DATA 	Keypress: lctrl
641.2656 	EXP 	Sound  started
641.4075 	DATA 	Keypress: lctrl
642.0156 	EXP 	Sound  started
642.0314 	DATA 	Keypress: lctrl
642.6715 	DATA 	Keypress: rctrl
642.7656 	EXP 	Sound  started
643.4555 	DATA 	Keypress: lctrl
643.5156 	EXP 	Sound  started
644.1115 	DATA 	Keypress: rctrl
644.2656 	EXP 	Sound  started
644.8314 	DATA 	Keypress: lctrl
645.0157 	EXP 	Sound  started
645.6155 	DATA 	Keypress: rctrl
645.7657 	EXP 	Sound  started
646.3514 	DATA 	Keypress: lctrl
646.5157 	EXP 	Sound  started
647.0715 	DATA 	Keypress: rctrl
647.2657 	EXP 	Sound  started
647.7434 	DATA 	Keypress: lctrl
648.0157 	EXP 	Sound  started
648.6074 	DATA 	Keypress: rctrl
648.7657 	EXP 	Sound  started
649.1994 	DATA 	Keypress: lctrl
649.5157 	EXP 	Sound  started
649.8554 	DATA 	Keypress: lctrl
650.2658 	EXP 	Sound  started
650.3354 	DATA 	Keypress: lctrl
651.0158 	EXP 	Sound  started
651.1515 	DATA 	Keypress: rctrl
651.7658 	EXP 	Sound  started
651.8074 	DATA 	Keypress: rctrl
652.4314 	DATA 	Keypress: lctrl
652.5158 	EXP 	Sound  started
653.0393 	DATA 	Keypress: lctrl
653.2658 	EXP 	Sound  started
653.6474 	DATA 	Keypress: rctrl
654.0158 	EXP 	Sound  started
654.3034 	DATA 	Keypress: rctrl
654.7658 	EXP 	Sound  started
654.8474 	DATA 	Keypress: lctrl
655.3915 	DATA 	Keypress: lctrl
655.5159 	EXP 	Sound  started
656.1435 	DATA 	Keypress: lctrl
656.2659 	EXP 	Sound  started
656.8475 	DATA 	Keypress: lctrl
657.0159 	EXP 	Sound  started
657.5994 	DATA 	Keypress: lctrl
657.7659 	EXP 	Sound  started
658.3834 	DATA 	Keypress: rctrl
658.5159 	EXP 	Sound  started
659.2315 	DATA 	Keypress: rctrl
659.2659 	EXP 	Sound  started
659.9673 	DATA 	Keypress: rctrl
660.0159 	EXP 	Sound  started
660.5754 	DATA 	Keypress: rctrl
660.7659 	EXP 	Sound  started
661.4554 	DATA 	Keypress: rctrl
661.5160 	EXP 	Sound  started
662.0634 	DATA 	Keypress: rctrl
662.2660 	EXP 	Sound  started
662.8474 	DATA 	Keypress: rctrl
663.0160 	EXP 	Sound  started
663.5994 	DATA 	Keypress: rctrl
663.7660 	EXP 	Sound  started
664.3194 	DATA 	Keypress: rctrl
664.5160 	EXP 	Sound  started
665.1353 	DATA 	Keypress: rctrl
665.2660 	EXP 	Sound  started
665.7754 	DATA 	Keypress: rctrl
666.0160 	EXP 	Sound  started
666.5434 	DATA 	Keypress: rctrl
666.7660 	EXP 	Sound  started
667.2474 	DATA 	Keypress: rctrl
667.5161 	EXP 	Sound  started
668.0474 	DATA 	Keypress: rctrl
668.2661 	EXP 	Sound  started
668.7673 	DATA 	Keypress: rctrl
669.0161 	EXP 	Sound  started
669.5993 	DATA 	Keypress: rctrl
671.9228 	DATA 	Keypress: 1
671.9523 	EXP 	unnamed ShapeStim: vertices = <class 'numpy.ndarray'>
674.8214 	DATA 	Keypress: 4
674.8380 	EXP 	unnamed ShapeStim: vertices = <class 'numpy.ndarray'>
682.2275 	DATA 	Keypress: 2
682.2441 	EXP 	unnamed ShapeStim: vertices = <class 'numpy.ndarray'>
684.5293 	EXP 	Sound  started
684.7034 	DATA 	Keypress: rctrl
685.2791 	EXP 	Sound  started
685.3913 	DATA 	Keypress: rctrl
686.0291 	EXP 	Sound  started
686.0635 	DATA 	Keypress: rctrl
686.7675 	DATA 	Keypress: rctrl
686.7792 	EXP 	Sound  started
687.3914 	DATA 	Keypress: lctrl
687.5292 	EXP 	Sound  started
688.2714 	DATA 	Keypress: lctrl
688.2792 	EXP 	Sound  started
689.0074 	DATA 	Keypress: lctrl
689.0292 	EXP 	Sound  started
689.7274 	DATA 	Keypress: lctrl
689.7792 	EXP 	Sound  started
690.4953 	DATA 	Keypress: lctrl
690.5292 	EXP 	Sound  started
691.2634 	DATA 	Keypress: lctrl
691.2792 	EXP 	Sound  started
691.8554 	DATA 	Keypress: lctrl
692.0293 	EXP 	Sound  started
692.5754 	DATA 	Keypress: lctrl
692.7793 	EXP 	Sound  started
693.3913 	DATA 	Keypress: lctrl
693.5293 	EXP 	Sound  started
694.2554 	DATA 	Keypress: lctrl
694.2793 	EXP 	Sound  started
695.0074 	DATA 	Keypress: lctrl
695.0293 	EXP 	Sound  started
695.6954 	DATA 	Keypress: lctrl
695.7793 	EXP 	Sound  started
696.4954 	DATA 	Keypress: lctrl
696.5293 	EXP 	Sound  started
697.1834 	DATA 	Keypress: lctrl
697.2794 	EXP 	Sound  started
697.9194 	DATA 	Keypress: lctrl
698.0294 	EXP 	Sound  started
698.7194 	DATA 	Keypress: lctrl
698.7794 	EXP 	Sound  started
699.3435 	DATA 	Keypress: rctrl
699.5294 	EXP 	Sound  started
700.1915 	DATA 	Keypress: rctrl
700.2794 	EXP 	Sound  started
701.0234 	DATA 	Keypress: rctrl
701.0294 	EXP 	Sound  started
701.7794 	EXP 	Sound  started
701.8874 	DATA 	Keypress: rctrl
702.5294 	EXP 	Sound  started
702.5594 	DATA 	Keypress: rctrl
703.2154 	DATA 	Keypress: rctrl
703.2795 	EXP 	Sound  started
704.0295 	EXP 	Sound  started
704.0474 	DATA 	Keypress: rctrl
704.7795 	EXP 	Sound  started
704.7993 	DATA 	Keypress: rctrl
705.4074 	DATA 	Keypress: rctrl
705.5295 	EXP 	Sound  started
706.1914 	DATA 	Keypress: rctrl
706.2795 	EXP 	Sound  started
706.9434 	DATA 	Keypress: rctrl
707.0295 	EXP 	Sound  started
707.6633 	DATA 	Keypress: lctrl
707.7795 	EXP 	Sound  started
708.3355 	DATA 	Keypress: lctrl
708.5296 	EXP 	Sound  started
709.0874 	DATA 	Keypress: lctrl
709.2796 	EXP 	Sound  started
709.8553 	DATA 	Keypress: lctrl
710.0296 	EXP 	Sound  started
710.7354 	DATA 	Keypress: lctrl
710.7796 	EXP 	Sound  started
711.3593 	DATA 	Keypress: lctrl
711.5296 	EXP 	Sound  started
712.1113 	DATA 	Keypress: lctrl
712.2796 	EXP 	Sound  started
712.8473 	DATA 	Keypress: lctrl
713.0296 	EXP 	Sound  started
713.7114 	DATA 	Keypress: lctrl
713.7797 	EXP 	Sound  started
714.3833 	DATA 	Keypress: lctrl
714.5297 	EXP 	Sound  started
715.1835 	DATA 	Keypress: rctrl
715.2797 	EXP 	Sound  started
715.9994 	DATA 	Keypress: rctrl
716.0297 	EXP 	Sound  started
716.6874 	DATA 	Keypress: rctrl
716.7797 	EXP 	Sound  started
717.4874 	DATA 	Keypress: rctrl
717.5297 	EXP 	Sound  started
718.2074 	DATA 	Keypress: rctrl
718.2797 	EXP 	Sound  started
718.9754 	DATA 	Keypress: rctrl
719.0297 	EXP 	Sound  started
719.7114 	DATA 	Keypress: rctrl
719.7798 	EXP 	Sound  started
720.4315 	DATA 	Keypress: rctrl
720.5298 	EXP 	Sound  started
721.1834 	DATA 	Keypress: rctrl
721.2798 	EXP 	Sound  started
721.8714 	DATA 	Keypress: rctrl
722.0298 	EXP 	Sound  started
722.6073 	DATA 	Keypress: rctrl
722.7798 	EXP 	Sound  started
723.4234 	DATA 	Keypress: rctrl
723.5298 	EXP 	Sound  started
724.2394 	DATA 	Keypress: lctrl
727.2348 	DATA 	Keypress: 1
727.2642 	EXP 	unnamed ShapeStim: vertices = <class 'numpy.ndarray'>
733.0896 	DATA 	Keypress: 4
733.1190 	EXP 	unnamed ShapeStim: vertices = <class 'numpy.ndarray'>
736.1551 	DATA 	Keypress: 1
736.1716 	EXP 	unnamed ShapeStim: vertices = <class 'numpy.ndarray'>
738.4580 	EXP 	Sound  started
738.5754 	DATA 	Keypress: rctrl
739.1354 	DATA 	Keypress: rctrl
739.2079 	EXP 	Sound  started
739.9513 	DATA 	Keypress: rctrl
739.9579 	EXP 	Sound  started
740.7079 	EXP 	Sound  started
740.7193 	DATA 	Keypress: rctrl
741.3433 	DATA 	Keypress: rctrl
741.4579 	EXP 	Sound  started
742.1753 	DATA 	Keypress: rctrl
742.2080 	EXP 	Sound  started
742.8154 	DATA 	Keypress: rctrl
742.9580 	EXP 	Sound  started
743.5993 	DATA 	Keypress: lctrl
743.7080 	EXP 	Sound  started
744.3834 	DATA 	Keypress: lctrl
744.4580 	EXP 	Sound  started
745.1674 	DATA 	Keypress: lctrl
745.2080 	EXP 	Sound  started
745.9580 	EXP 	Sound  started
745.9673 	DATA 	Keypress: lctrl
746.6393 	DATA 	Keypress: lctrl
746.7080 	EXP 	Sound  started
747.3754 	DATA 	Keypress: lctrl
747.4581 	EXP 	Sound  started
748.1274 	DATA 	Keypress: lctrl
748.2081 	EXP 	Sound  started
748.9113 	DATA 	Keypress: lctrl
748.9581 	EXP 	Sound  started
749.6634 	DATA 	Keypress: lctrl
749.7081 	EXP 	Sound  started
750.3674 	DATA 	Keypress: lctrl
750.4581 	EXP 	Sound  started
751.1354 	DATA 	Keypress: lctrl
751.2081 	EXP 	Sound  started
751.8873 	DATA 	Keypress: lctrl
751.9582 	EXP 	Sound  started
752.6073 	DATA 	Keypress: lctrl
752.7082 	EXP 	Sound  started
753.4394 	DATA 	Keypress: lctrl
753.4582 	EXP 	Sound  started
754.2082 	EXP 	Sound  started
754.2393 	DATA 	Keypress: lctrl
754.9582 	EXP 	Sound  started
754.9594 	DATA 	Keypress: lctrl
755.6793 	DATA 	Keypress: lctrl
755.7083 	EXP 	Sound  started
756.3673 	DATA 	Keypress: lctrl
756.4583 	EXP 	Sound  started
757.0713 	DATA 	Keypress: lctrl
757.2083 	EXP 	Sound  started
757.6954 	DATA 	Keypress: lctrl
757.9583 	EXP 	Sound  started
758.4313 	DATA 	Keypress: lctrl
758.7083 	EXP 	Sound  started
758.9753 	DATA 	Keypress: lctrl
759.4583 	EXP 	Sound  started
759.6793 	DATA 	Keypress: lctrl
760.2083 	EXP 	Sound  started
760.2714 	DATA 	Keypress: lctrl
760.9583 	EXP 	Sound  started
760.9754 	DATA 	Keypress: lctrl
761.7083 	EXP 	Sound  started
761.7113 	DATA 	Keypress: lctrl
762.4153 	DATA 	Keypress: lctrl
762.4584 	EXP 	Sound  started
763.0233 	DATA 	Keypress: lctrl
763.2084 	EXP 	Sound  started
763.7594 	DATA 	Keypress: lctrl
763.9584 	EXP 	Sound  started
764.4633 	DATA 	Keypress: lctrl
764.7084 	EXP 	Sound  started
765.1673 	DATA 	Keypress: lctrl
765.4584 	EXP 	Sound  started
765.7593 	DATA 	Keypress: lctrl
766.2084 	EXP 	Sound  started
766.3193 	DATA 	Keypress: lctrl
766.9584 	EXP 	Sound  started
767.0073 	DATA 	Keypress: lctrl
767.5993 	DATA 	Keypress: rctrl
767.7085 	EXP 	Sound  started
768.3514 	DATA 	Keypress: rctrl
768.4585 	EXP 	Sound  started
769.1193 	DATA 	Keypress: rctrl
769.2085 	EXP 	Sound  started
769.8873 	DATA 	Keypress: lctrl
769.9585 	EXP 	Sound  started
770.6233 	DATA 	Keypress: rctrl
770.7085 	EXP 	Sound  started
771.3914 	DATA 	Keypress: lctrl
771.4585 	EXP 	Sound  started
772.2085 	EXP 	Sound  started
772.2713 	DATA 	Keypress: rctrl
772.9586 	EXP 	Sound  started
773.0234 	DATA 	Keypress: lctrl
773.7086 	EXP 	Sound  started
773.7753 	DATA 	Keypress: rctrl
774.4586 	EXP 	Sound  started
774.4794 	DATA 	Keypress: lctrl
775.1994 	DATA 	Keypress: rctrl
775.2086 	EXP 	Sound  started
775.9514 	DATA 	Keypress: lctrl
775.9586 	EXP 	Sound  started
776.6874 	DATA 	Keypress: lctrl
776.7086 	EXP 	Sound  started
777.4074 	DATA 	Keypress: lctrl
777.4587 	EXP 	Sound  started
778.1594 	DATA 	Keypress: rctrl
778.2087 	EXP 	Sound  started
778.9114 	DATA 	Keypress: rctrl
778.9587 	EXP 	Sound  started
779.6473 	DATA 	Keypress: rctrl
779.7087 	EXP 	Sound  started
780.3993 	DATA 	Keypress: rctrl
780.4587 	EXP 	Sound  started
781.1513 	DATA 	Keypress: lctrl
781.2087 	EXP 	Sound  started
781.9354 	DATA 	Keypress: lctrl
781.9587 	EXP 	Sound  started
782.7087 	EXP 	Sound  started
782.7514 	DATA 	Keypress: lctrl
783.4588 	EXP 	Sound  started
783.5515 	DATA 	Keypress: lctrl
784.2088 	EXP 	Sound  started
784.2554 	DATA 	Keypress: rctrl
784.9588 	EXP 	Sound  started
784.9594 	DATA 	Keypress: rctrl
785.6953 	DATA 	Keypress: rctrl
785.7088 	EXP 	Sound  started
786.4588 	EXP 	Sound  started
786.4793 	DATA 	Keypress: lctrl
787.1834 	DATA 	Keypress: rctrl
787.2088 	EXP 	Sound  started
787.8714 	DATA 	Keypress: rctrl
787.9589 	EXP 	Sound  started
788.6714 	DATA 	Keypress: rctrl
788.7089 	EXP 	Sound  started
789.3593 	DATA 	Keypress: lctrl
789.4589 	EXP 	Sound  started
790.1914 	DATA 	Keypress: rctrl
790.2089 	EXP 	Sound  started
790.8473 	DATA 	Keypress: rctrl
790.9589 	EXP 	Sound  started
791.4393 	DATA 	Keypress: lctrl
791.7089 	EXP 	Sound  started
792.1913 	DATA 	Keypress: lctrl
792.4589 	EXP 	Sound  started
793.0554 	DATA 	Keypress: lctrl
793.2090 	EXP 	Sound  started
793.8553 	DATA 	Keypress: lctrl
793.9590 	EXP 	Sound  started
794.5273 	DATA 	Keypress: rctrl
794.7090 	EXP 	Sound  started
795.3753 	DATA 	Keypress: rctrl
795.4590 	EXP 	Sound  started
796.1754 	DATA 	Keypress: rctrl
796.2090 	EXP 	Sound  started
796.8794 	DATA 	Keypress: rctrl
796.9590 	EXP 	Sound  started
797.6153 	DATA 	Keypress: lctrl
799.9573 	DATA 	Keypress: 4
799.9738 	EXP 	unnamed ShapeStim: vertices = <class 'numpy.ndarray'>
803.8773 	DATA 	Keypress: 1
803.8937 	EXP 	unnamed ShapeStim: vertices = <class 'numpy.ndarray'>
809.2649 	DATA 	Keypress: 1
809.2814 	EXP 	unnamed ShapeStim: vertices = <class 'numpy.ndarray'>
813.5839 	DATA 	Keypress: rctrl
1021.4874 	DATA 	Keypress: return
1021.5476 	EXP 	window1: mouseVisible = True
