156.2455 	WARNING 	User requested fullscreen with size [1024  768], but screen is actually [1920, 1200]. Using actual size
157.0448 	EXP 	Created window1 = Window(allowGUI=False, allowStencil=False, autoLog=True, backendConf=UNKNOWN, bitsMode=UNKNOWN, blendMode='avg', bpc=(8, 8, 8), color=array([0, 0, 0]), colorSpace='rgb', depthBits=8, fullscr=<method-wrapper '__getattribute__' of attributeSetter object at 0x00000207FD2E67B8>, gamma=None, gammaErrorPolicy='raise', lms=UNKNOWN, monitor=<psychopy.monitors.calibTools.Monitor object at 0x00000207FEA540B8>, multiSample=False, name='window1', numSamples=2, pos=[0.0, 0.0], screen=0, size=array([1920, 1200]), stencilBits=0, stereo=False, units='norm', useFBO=True, useRetina=False, viewOri=0.0, viewPos=None, viewScale=None, waitBlanking=True, winType='pyglet')
157.0452 	EXP 	window1: mouseVisible = True
157.0452 	EXP 	window1: mouseVisible = False
157.0452 	EXP 	window1: recordFrameIntervals = False
157.2114 	EXP 	window1: recordFrameIntervals = True
157.3950 	EXP 	window1: recordFrameIntervals = False
157.4484 	EXP 	Created text = TextStim(__class__=<class 'psychopy.visual.text.TextStim'>, alignHoriz=method-wrapper(...), alignText='center', alignVert=method-wrapper(...), anchorHoriz='center', anchorVert='center', antialias=True, autoLog=True, bold=False, color=array([1., 1., 1.]), colorSpace='rgb', contrast=1.0, depth=0.0, flipHoriz=False, flipVert=False, font='Arial', fontFiles=[], height=0.15, italic=False, languageStyle='LTR', name='text', opacity=1, ori=0, pos=array([0., 0.]), rgb=UNKNOWN, text='+', units='norm', win=Window(...), wrapWidth=1)
157.4681 	EXP 	Created text = TextStim(__class__=<class 'psychopy.visual.text.TextStim'>, alignHoriz=method-wrapper(...), alignText='center', alignVert=method-wrapper(...), anchorHoriz='center', anchorVert='center', antialias=True, autoLog=True, bold=False, color=array([1., 1., 1.]), colorSpace='rgb', contrast=1.0, depth=0.0, flipHoriz=False, flipVert=False, font='Arial', fontFiles=[], height=0.07, italic=False, languageStyle='LTR', name='text', opacity=1, ori=0, pos=array([0., 0.]), rgb=UNKNOWN, text=str(...), units='norm', win=Window(...), wrapWidth=1.65)
157.4799 	EXP 	Created text = TextStim(__class__=<class 'psychopy.visual.text.TextStim'>, alignHoriz=method-wrapper(...), alignText='center', alignVert=method-wrapper(...), anchorHoriz='center', anchorVert='center', antialias=True, autoLog=True, bold=False, color=array([1., 1., 1.]), colorSpace='rgb', contrast=1.0, depth=0.0, flipHoriz=False, flipVert=False, font='Arial', fontFiles=[], height=0.07, italic=False, languageStyle='LTR', name='text', opacity=1, ori=0, pos=array([0., 0.]), rgb=UNKNOWN, text=str(...), units='norm', win=Window(...), wrapWidth=1.65)
157.4896 	EXP 	Created text = TextStim(__class__=<class 'psychopy.visual.text.TextStim'>, alignHoriz=method-wrapper(...), alignText='center', alignVert=method-wrapper(...), anchorHoriz='center', anchorVert='center', antialias=True, autoLog=True, bold=False, color=array([1., 1., 1.]), colorSpace='rgb', contrast=1.0, depth=0.0, flipHoriz=False, flipVert=False, font='Arial', fontFiles=[], height=0.07, italic=False, languageStyle='LTR', name='text', opacity=1, ori=0, pos=array([0., 0.]), rgb=UNKNOWN, text=str(...), units='norm', win=Window(...), wrapWidth=1.65)
157.4995 	EXP 	Created text = TextStim(__class__=<class 'psychopy.visual.text.TextStim'>, alignHoriz=method-wrapper(...), alignText='center', alignVert=method-wrapper(...), anchorHoriz='center', anchorVert='center', antialias=True, autoLog=True, bold=False, color=array([1., 1., 1.]), colorSpace='rgb', contrast=1.0, depth=0.0, flipHoriz=False, flipVert=False, font='Arial', fontFiles=[], height=0.07, italic=False, languageStyle='LTR', name='text', opacity=1, ori=0, pos=array([0., 0.]), rgb=UNKNOWN, text=str(...), units='norm', win=Window(...), wrapWidth=1.65)
157.5048 	EXP 	Created text = TextStim(__class__=<class 'psychopy.visual.text.TextStim'>, alignHoriz=method-wrapper(...), alignText='center', alignVert=method-wrapper(...), anchorHoriz='center', anchorVert='center', antialias=True, autoLog=True, bold=False, color=array([1., 1., 1.]), colorSpace='rgb', contrast=1.0, depth=0.0, flipHoriz=False, flipVert=False, font='Arial', fontFiles=[], height=0.07, italic=False, languageStyle='LTR', name='text', opacity=1, ori=0, pos=array([0., 0.]), rgb=UNKNOWN, text=str(...), units='norm', win=Window(...), wrapWidth=1.65)
157.5209 	EXP 	Created text = TextStim(__class__=<class 'psychopy.visual.text.TextStim'>, alignHoriz=method-wrapper(...), alignText='center', alignVert=method-wrapper(...), anchorHoriz='center', anchorVert='center', antialias=True, autoLog=True, bold=False, color=array([1., 1., 1.]), colorSpace='rgb', contrast=1.0, depth=0.0, flipHoriz=False, flipVert=False, font='Arial', fontFiles=[], height=0.15, italic=False, languageStyle='LTR', name='text', opacity=1, ori=0, pos=array([0., 0.]), rgb=UNKNOWN, text=str(...), units='norm', win=Window(...), wrapWidth=1.65)
157.5493 	EXP 	Created text = TextStim(__class__=<class 'psychopy.visual.text.TextStim'>, alignHoriz=method-wrapper(...), alignText='center', alignVert=method-wrapper(...), anchorHoriz='center', anchorVert='center', antialias=True, autoLog=True, bold=False, color=array([1., 1., 1.]), colorSpace='rgb', contrast=1.0, depth=0.0, flipHoriz=False, flipVert=False, font='Arial', fontFiles=[], height=0.07, italic=False, languageStyle='LTR', name='text', opacity=1, ori=0, pos=array([0., 0.]), rgb=UNKNOWN, text=str(...), units='norm', win=Window(...), wrapWidth=1.65)
157.5677 	EXP 	Created text = TextStim(__class__=<class 'psychopy.visual.text.TextStim'>, alignHoriz=method-wrapper(...), alignText='center', alignVert=method-wrapper(...), anchorHoriz='center', anchorVert='center', antialias=True, autoLog=True, bold=False, color=array([1., 1., 1.]), colorSpace='rgb', contrast=1.0, depth=0.0, flipHoriz=False, flipVert=False, font='Arial', fontFiles=[], height=0.07, italic=False, languageStyle='LTR', name='text', opacity=1, ori=0, pos=array([0., 0.]), rgb=UNKNOWN, text=str(...), units='norm', win=Window(...), wrapWidth=1.65)
157.5989 	EXP 	Created text = TextStim(__class__=<class 'psychopy.visual.text.TextStim'>, alignHoriz=method-wrapper(...), alignText='center', alignVert=method-wrapper(...), anchorHoriz='center', anchorVert='center', antialias=True, autoLog=True, bold=False, color=array([1., 1., 1.]), colorSpace='rgb', contrast=1.0, depth=0.0, flipHoriz=False, flipVert=False, font='Arial', fontFiles=[], height=0.07, italic=False, languageStyle='LTR', name='text', opacity=1, ori=0, pos=array([0., 0.]), rgb=UNKNOWN, text=str(...), units='norm', win=Window(...), wrapWidth=1.65)
157.6270 	EXP 	Created text = TextStim(__class__=<class 'psychopy.visual.text.TextStim'>, alignHoriz=method-wrapper(...), alignText='center', alignVert=method-wrapper(...), anchorHoriz='center', anchorVert='center', antialias=True, autoLog=True, bold=False, color=array([1., 1., 1.]), colorSpace='rgb', contrast=1.0, depth=0.0, flipHoriz=False, flipVert=False, font='Arial', fontFiles=[], height=0.07, italic=False, languageStyle='LTR', name='text', opacity=1, ori=0, pos=array([0., 0.]), rgb=UNKNOWN, text=str(...), units='norm', win=Window(...), wrapWidth=1.65)
157.6596 	EXP 	Created text = TextStim(__class__=<class 'psychopy.visual.text.TextStim'>, alignHoriz=method-wrapper(...), alignText='center', alignVert=method-wrapper(...), anchorHoriz='center', anchorVert='center', antialias=True, autoLog=True, bold=False, color=array([1., 1., 1.]), colorSpace='rgb', contrast=1.0, depth=0.0, flipHoriz=False, flipVert=False, font='Arial', fontFiles=[], height=0.07, italic=False, languageStyle='LTR', name='text', opacity=1, ori=0, pos=array([0., 0.]), rgb=UNKNOWN, text=str(...), units='norm', win=Window(...), wrapWidth=1.65)
157.6685 	EXP 	Created text = TextStim(__class__=<class 'psychopy.visual.text.TextStim'>, alignHoriz=method-wrapper(...), alignText='center', alignVert=method-wrapper(...), anchorHoriz='center', anchorVert='center', antialias=True, autoLog=True, bold=False, color=array([1., 1., 1.]), colorSpace='rgb', contrast=1.0, depth=0.0, flipHoriz=False, flipVert=False, font='Arial', fontFiles=[], height=0.07, italic=False, languageStyle='LTR', name='text', opacity=1, ori=0, pos=array([0., 0.]), rgb=UNKNOWN, text=str(...), units='norm', win=Window(...), wrapWidth=1.65)
157.6807 	EXP 	Created text = TextStim(__class__=<class 'psychopy.visual.text.TextStim'>, alignHoriz=method-wrapper(...), alignText='center', alignVert=method-wrapper(...), anchorHoriz='center', anchorVert='center', antialias=True, autoLog=True, bold=False, color=array([1., 1., 1.]), colorSpace='rgb', contrast=1.0, depth=0.0, flipHoriz=False, flipVert=False, font='Arial', fontFiles=[], height=0.07, italic=False, languageStyle='LTR', name='text', opacity=1, ori=0, pos=array([0., 0.]), rgb=UNKNOWN, text=str(...), units='norm', win=Window(...), wrapWidth=1.65)
157.6853 	EXP 	Created instru = TextStim(__class__=<class 'psychopy.visual.text.TextStim'>, alignHoriz=method-wrapper(...), alignText='center', alignVert=method-wrapper(...), anchorHoriz='center', anchorVert='center', antialias=True, autoLog=True, bold=False, color=array([1., 1., 1.]), colorSpace='rgb', contrast=1.0, depth=0.0, flipHoriz=False, flipVert=False, font='Arial', fontFiles=[], height=0.07, italic=False, languageStyle='LTR', name='instru', opacity=1, ori=0, pos=array([0. , 0.5]), rgb=UNKNOWN, text=str(...), units='norm', win=Window(...), wrapWidth=1)
157.6878 	EXP 	Created unnamed Line = Line(__class__=<class 'psychopy.visual.line.Line'>, autoDraw=False, autoLog=True, closeShape=False, color=array([1., 1., 1.]), colorSpace='rgb', contrast=None, depth=0, fillColor=array([0, 0, 0]), fillColorSpace='rgb', fillRGB=array([0, 0, 0]), interpolate=True, lineColor=array([1., 1., 1.]), lineColorSpace='rgb', lineRGB=array([1, 1, 1]), lineWidth=5, name='unnamed Line', opacity=0.5, ori=0.0, pos=array([0., 0.]), size=array([1., 1.]), units='norm', vertices=array([[-0.5,  0. ],
       [ 0.5,  0. ]]), win=Window(...), windingRule=None)
157.6898 	EXP 	Created unnamed Line = Line(__class__=<class 'psychopy.visual.line.Line'>, autoDraw=False, autoLog=True, closeShape=False, color=array([1., 1., 1.]), colorSpace='rgb', contrast=None, depth=0, fillColor=array([0, 0, 0]), fillColorSpace='rgb', fillRGB=array([0, 0, 0]), interpolate=True, lineColor=array([1., 1., 1.]), lineColorSpace='rgb', lineRGB=array([1, 1, 1]), lineWidth=3, name='unnamed Line', opacity=0.5, ori=0.0, pos=array([0., 0.]), size=array([1., 1.]), units='norm', vertices=array([[-0.5 , -0.05],
       [-0.5 ,  0.05]]), win=Window(...), windingRule=None)
157.6918 	EXP 	Created unnamed Line = Line(__class__=<class 'psychopy.visual.line.Line'>, autoDraw=False, autoLog=True, closeShape=False, color=array([1., 1., 1.]), colorSpace='rgb', contrast=None, depth=0, fillColor=array([0, 0, 0]), fillColorSpace='rgb', fillRGB=array([0, 0, 0]), interpolate=True, lineColor=array([1., 1., 1.]), lineColorSpace='rgb', lineRGB=array([1, 1, 1]), lineWidth=3, name='unnamed Line', opacity=0.5, ori=0.0, pos=array([0., 0.]), size=array([1., 1.]), units='norm', vertices=ndarray(...), win=Window(...), windingRule=None)
157.6937 	EXP 	Created unnamed Line = Line(__class__=<class 'psychopy.visual.line.Line'>, autoDraw=False, autoLog=True, closeShape=False, color=array([1., 1., 1.]), colorSpace='rgb', contrast=None, depth=0, fillColor=array([0, 0, 0]), fillColorSpace='rgb', fillRGB=array([0, 0, 0]), interpolate=True, lineColor=array([1., 1., 1.]), lineColorSpace='rgb', lineRGB=array([1, 1, 1]), lineWidth=3, name='unnamed Line', opacity=0.5, ori=0.0, pos=array([0., 0.]), size=array([1., 1.]), units='norm', vertices=ndarray(...), win=Window(...), windingRule=None)
157.6957 	EXP 	Created unnamed Line = Line(__class__=<class 'psychopy.visual.line.Line'>, autoDraw=False, autoLog=True, closeShape=False, color=array([1., 1., 1.]), colorSpace='rgb', contrast=None, depth=0, fillColor=array([0, 0, 0]), fillColorSpace='rgb', fillRGB=array([0, 0, 0]), interpolate=True, lineColor=array([1., 1., 1.]), lineColorSpace='rgb', lineRGB=array([1, 1, 1]), lineWidth=3, name='unnamed Line', opacity=0.5, ori=0.0, pos=array([0., 0.]), size=array([1., 1.]), units='norm', vertices=array([[ 0.5 , -0.05],
       [ 0.5 ,  0.05]]), win=Window(...), windingRule=None)
157.7072 	EXP 	Created unnamed TextStim = TextStim(__class__=<class 'psychopy.visual.text.TextStim'>, alignHoriz=method-wrapper(...), alignText='center', alignVert=method-wrapper(...), anchorHoriz='center', anchorVert='center', antialias=True, autoLog=True, bold=False, color=array([1., 1., 1.]), colorSpace='rgb', contrast=1.0, depth=0, flipHoriz=False, flipVert=False, font='', fontFiles=[], height=0.05, italic=False, languageStyle='LTR', name='unnamed TextStim', opacity=1.0, ori=0.0, pos=array([-0.5, -0.1]), rgb=UNKNOWN, text='Clearly \n NOT FOCUSED', units='norm', win=Window(...), wrapWidth=1)
157.7082 	EXP 	Created unnamed TextStim = TextStim(__class__=<class 'psychopy.visual.text.TextStim'>, alignHoriz=method-wrapper(...), alignText='center', alignVert=method-wrapper(...), anchorHoriz='center', anchorVert='center', antialias=True, autoLog=True, bold=False, color=array([1., 1., 1.]), colorSpace='rgb', contrast=1.0, depth=0, flipHoriz=False, flipVert=False, font='', fontFiles=[], height=0.05, italic=False, languageStyle='LTR', name='unnamed TextStim', opacity=1.0, ori=0.0, pos=array([-0.16666667, -0.1       ]), rgb=UNKNOWN, text='', units='norm', win=Window(...), wrapWidth=1)
157.7092 	EXP 	Created unnamed TextStim = TextStim(__class__=<class 'psychopy.visual.text.TextStim'>, alignHoriz=method-wrapper(...), alignText='center', alignVert=method-wrapper(...), anchorHoriz='center', anchorVert='center', antialias=True, autoLog=True, bold=False, color=array([1., 1., 1.]), colorSpace='rgb', contrast=1.0, depth=0, flipHoriz=False, flipVert=False, font='', fontFiles=[], height=0.05, italic=False, languageStyle='LTR', name='unnamed TextStim', opacity=1.0, ori=0.0, pos=array([ 0.16666667, -0.1       ]), rgb=UNKNOWN, text='', units='norm', win=Window(...), wrapWidth=1)
157.7122 	EXP 	Created unnamed TextStim = TextStim(__class__=<class 'psychopy.visual.text.TextStim'>, alignHoriz=method-wrapper(...), alignText='center', alignVert=method-wrapper(...), anchorHoriz='center', anchorVert='center', antialias=True, autoLog=True, bold=False, color=array([1., 1., 1.]), colorSpace='rgb', contrast=1.0, depth=0, flipHoriz=False, flipVert=False, font='', fontFiles=[], height=0.05, italic=False, languageStyle='LTR', name='unnamed TextStim', opacity=1.0, ori=0.0, pos=array([ 0.5, -0.1]), rgb=UNKNOWN, text='Clearly \n FOCUSED', units='norm', win=Window(...), wrapWidth=1)
157.7140 	EXP 	Created unnamed ShapeStim = ShapeStim(__class__=<class 'psychopy.visual.shape.ShapeStim'>, autoDraw=False, autoLog=True, closeShape=True, color=method-wrapper(...), colorSpace='rgb', contrast=None, depth=0, fillColor=array([1, 1, 1]), fillColorSpace='rgb', fillRGB=array([1, 1, 1]), interpolate=True, lineColor=array([-1., -1., -1.]), lineColorSpace='rgb', lineRGB=array([-1, -1, -1]), lineWidth=1.5, name='unnamed ShapeStim', opacity=1.0, ori=0.0, pos=array([0., 0.]), size=array([1., 1.]), units='norm', vertices=ndarray(...), win=Window(...), windingRule=None)
157.7227 	EXP 	Created instru = TextStim(__class__=<class 'psychopy.visual.text.TextStim'>, alignHoriz=method-wrapper(...), alignText='center', alignVert=method-wrapper(...), anchorHoriz='center', anchorVert='center', antialias=True, autoLog=True, bold=False, color=array([1., 1., 1.]), colorSpace='rgb', contrast=1.0, depth=0.0, flipHoriz=False, flipVert=False, font='Arial', fontFiles=[], height=0.07, italic=False, languageStyle='LTR', name='instru', opacity=1, ori=0, pos=array([0. , 0.5]), rgb=UNKNOWN, text=str(...), units='norm', win=Window(...), wrapWidth=1)
157.7248 	EXP 	Created unnamed Line = Line(__class__=<class 'psychopy.visual.line.Line'>, autoDraw=False, autoLog=True, closeShape=False, color=array([1., 1., 1.]), colorSpace='rgb', contrast=None, depth=0, fillColor=array([0, 0, 0]), fillColorSpace='rgb', fillRGB=array([0, 0, 0]), interpolate=True, lineColor=array([1., 1., 1.]), lineColorSpace='rgb', lineRGB=array([1, 1, 1]), lineWidth=5, name='unnamed Line', opacity=0.5, ori=0.0, pos=array([0., 0.]), size=array([1., 1.]), units='norm', vertices=array([[-0.5,  0. ],
       [ 0.5,  0. ]]), win=Window(...), windingRule=None)
157.7268 	EXP 	Created unnamed Line = Line(__class__=<class 'psychopy.visual.line.Line'>, autoDraw=False, autoLog=True, closeShape=False, color=array([1., 1., 1.]), colorSpace='rgb', contrast=None, depth=0, fillColor=array([0, 0, 0]), fillColorSpace='rgb', fillRGB=array([0, 0, 0]), interpolate=True, lineColor=array([1., 1., 1.]), lineColorSpace='rgb', lineRGB=array([1, 1, 1]), lineWidth=3, name='unnamed Line', opacity=0.5, ori=0.0, pos=array([0., 0.]), size=array([1., 1.]), units='norm', vertices=array([[-0.5 , -0.05],
       [-0.5 ,  0.05]]), win=Window(...), windingRule=None)
157.7288 	EXP 	Created unnamed Line = Line(__class__=<class 'psychopy.visual.line.Line'>, autoDraw=False, autoLog=True, closeShape=False, color=array([1., 1., 1.]), colorSpace='rgb', contrast=None, depth=0, fillColor=array([0, 0, 0]), fillColorSpace='rgb', fillRGB=array([0, 0, 0]), interpolate=True, lineColor=array([1., 1., 1.]), lineColorSpace='rgb', lineRGB=array([1, 1, 1]), lineWidth=3, name='unnamed Line', opacity=0.5, ori=0.0, pos=array([0., 0.]), size=array([1., 1.]), units='norm', vertices=ndarray(...), win=Window(...), windingRule=None)
157.7308 	EXP 	Created unnamed Line = Line(__class__=<class 'psychopy.visual.line.Line'>, autoDraw=False, autoLog=True, closeShape=False, color=array([1., 1., 1.]), colorSpace='rgb', contrast=None, depth=0, fillColor=array([0, 0, 0]), fillColorSpace='rgb', fillRGB=array([0, 0, 0]), interpolate=True, lineColor=array([1., 1., 1.]), lineColorSpace='rgb', lineRGB=array([1, 1, 1]), lineWidth=3, name='unnamed Line', opacity=0.5, ori=0.0, pos=array([0., 0.]), size=array([1., 1.]), units='norm', vertices=ndarray(...), win=Window(...), windingRule=None)
157.7328 	EXP 	Created unnamed Line = Line(__class__=<class 'psychopy.visual.line.Line'>, autoDraw=False, autoLog=True, closeShape=False, color=array([1., 1., 1.]), colorSpace='rgb', contrast=None, depth=0, fillColor=array([0, 0, 0]), fillColorSpace='rgb', fillRGB=array([0, 0, 0]), interpolate=True, lineColor=array([1., 1., 1.]), lineColorSpace='rgb', lineRGB=array([1, 1, 1]), lineWidth=3, name='unnamed Line', opacity=0.5, ori=0.0, pos=array([0., 0.]), size=array([1., 1.]), units='norm', vertices=array([[ 0.5 , -0.05],
       [ 0.5 ,  0.05]]), win=Window(...), windingRule=None)
157.7385 	EXP 	Created unnamed TextStim = TextStim(__class__=<class 'psychopy.visual.text.TextStim'>, alignHoriz=method-wrapper(...), alignText='center', alignVert=method-wrapper(...), anchorHoriz='center', anchorVert='center', antialias=True, autoLog=True, bold=False, color=array([1., 1., 1.]), colorSpace='rgb', contrast=1.0, depth=0, flipHoriz=False, flipVert=False, font='', fontFiles=[], height=0.05, italic=False, languageStyle='LTR', name='unnamed TextStim', opacity=1.0, ori=0.0, pos=array([-0.5, -0.1]), rgb=UNKNOWN, text='Clearly \n NOTHING', units='norm', win=Window(...), wrapWidth=1)
157.7395 	EXP 	Created unnamed TextStim = TextStim(__class__=<class 'psychopy.visual.text.TextStim'>, alignHoriz=method-wrapper(...), alignText='center', alignVert=method-wrapper(...), anchorHoriz='center', anchorVert='center', antialias=True, autoLog=True, bold=False, color=array([1., 1., 1.]), colorSpace='rgb', contrast=1.0, depth=0, flipHoriz=False, flipVert=False, font='', fontFiles=[], height=0.05, italic=False, languageStyle='LTR', name='unnamed TextStim', opacity=1.0, ori=0.0, pos=array([-0.16666667, -0.1       ]), rgb=UNKNOWN, text='', units='norm', win=Window(...), wrapWidth=1)
157.7406 	EXP 	Created unnamed TextStim = TextStim(__class__=<class 'psychopy.visual.text.TextStim'>, alignHoriz=method-wrapper(...), alignText='center', alignVert=method-wrapper(...), anchorHoriz='center', anchorVert='center', antialias=True, autoLog=True, bold=False, color=array([1., 1., 1.]), colorSpace='rgb', contrast=1.0, depth=0, flipHoriz=False, flipVert=False, font='', fontFiles=[], height=0.05, italic=False, languageStyle='LTR', name='unnamed TextStim', opacity=1.0, ori=0.0, pos=array([ 0.16666667, -0.1       ]), rgb=UNKNOWN, text='', units='norm', win=Window(...), wrapWidth=1)
157.7461 	EXP 	Created unnamed TextStim = TextStim(__class__=<class 'psychopy.visual.text.TextStim'>, alignHoriz=method-wrapper(...), alignText='center', alignVert=method-wrapper(...), anchorHoriz='center', anchorVert='center', antialias=True, autoLog=True, bold=False, color=array([1., 1., 1.]), colorSpace='rgb', contrast=1.0, depth=0, flipHoriz=False, flipVert=False, font='', fontFiles=[], height=0.05, italic=False, languageStyle='LTR', name='unnamed TextStim', opacity=1.0, ori=0.0, pos=array([ 0.5, -0.1]), rgb=UNKNOWN, text='Clearly \n SOMETHING', units='norm', win=Window(...), wrapWidth=1)
157.7494 	EXP 	Created unnamed ShapeStim = ShapeStim(__class__=<class 'psychopy.visual.shape.ShapeStim'>, autoDraw=False, autoLog=True, closeShape=True, color=method-wrapper(...), colorSpace='rgb', contrast=None, depth=0, fillColor=array([1, 1, 1]), fillColorSpace='rgb', fillRGB=array([1, 1, 1]), interpolate=True, lineColor=array([-1., -1., -1.]), lineColorSpace='rgb', lineRGB=array([-1, -1, -1]), lineWidth=1.5, name='unnamed ShapeStim', opacity=1.0, ori=0.0, pos=array([0., 0.]), size=array([1., 1.]), units='norm', vertices=ndarray(...), win=Window(...), windingRule=None)
157.7592 	EXP 	Created instru = TextStim(__class__=<class 'psychopy.visual.text.TextStim'>, alignHoriz=method-wrapper(...), alignText='center', alignVert=method-wrapper(...), anchorHoriz='center', anchorVert='center', antialias=True, autoLog=True, bold=False, color=array([1., 1., 1.]), colorSpace='rgb', contrast=1.0, depth=0.0, flipHoriz=False, flipVert=False, font='Arial', fontFiles=[], height=0.07, italic=False, languageStyle='LTR', name='instru', opacity=1, ori=0, pos=array([0. , 0.5]), rgb=UNKNOWN, text=str(...), units='norm', win=Window(...), wrapWidth=1)
157.7612 	EXP 	Created unnamed Line = Line(__class__=<class 'psychopy.visual.line.Line'>, autoDraw=False, autoLog=True, closeShape=False, color=array([1., 1., 1.]), colorSpace='rgb', contrast=None, depth=0, fillColor=array([0, 0, 0]), fillColorSpace='rgb', fillRGB=array([0, 0, 0]), interpolate=True, lineColor=array([1., 1., 1.]), lineColorSpace='rgb', lineRGB=array([1, 1, 1]), lineWidth=5, name='unnamed Line', opacity=0.5, ori=0.0, pos=array([0., 0.]), size=array([1., 1.]), units='norm', vertices=array([[-0.5,  0. ],
       [ 0.5,  0. ]]), win=Window(...), windingRule=None)
157.7632 	EXP 	Created unnamed Line = Line(__class__=<class 'psychopy.visual.line.Line'>, autoDraw=False, autoLog=True, closeShape=False, color=array([1., 1., 1.]), colorSpace='rgb', contrast=None, depth=0, fillColor=array([0, 0, 0]), fillColorSpace='rgb', fillRGB=array([0, 0, 0]), interpolate=True, lineColor=array([1., 1., 1.]), lineColorSpace='rgb', lineRGB=array([1, 1, 1]), lineWidth=3, name='unnamed Line', opacity=0.5, ori=0.0, pos=array([0., 0.]), size=array([1., 1.]), units='norm', vertices=array([[-0.5 , -0.05],
       [-0.5 ,  0.05]]), win=Window(...), windingRule=None)
157.7652 	EXP 	Created unnamed Line = Line(__class__=<class 'psychopy.visual.line.Line'>, autoDraw=False, autoLog=True, closeShape=False, color=array([1., 1., 1.]), colorSpace='rgb', contrast=None, depth=0, fillColor=array([0, 0, 0]), fillColorSpace='rgb', fillRGB=array([0, 0, 0]), interpolate=True, lineColor=array([1., 1., 1.]), lineColorSpace='rgb', lineRGB=array([1, 1, 1]), lineWidth=3, name='unnamed Line', opacity=0.5, ori=0.0, pos=array([0., 0.]), size=array([1., 1.]), units='norm', vertices=ndarray(...), win=Window(...), windingRule=None)
157.7672 	EXP 	Created unnamed Line = Line(__class__=<class 'psychopy.visual.line.Line'>, autoDraw=False, autoLog=True, closeShape=False, color=array([1., 1., 1.]), colorSpace='rgb', contrast=None, depth=0, fillColor=array([0, 0, 0]), fillColorSpace='rgb', fillRGB=array([0, 0, 0]), interpolate=True, lineColor=array([1., 1., 1.]), lineColorSpace='rgb', lineRGB=array([1, 1, 1]), lineWidth=3, name='unnamed Line', opacity=0.5, ori=0.0, pos=array([0., 0.]), size=array([1., 1.]), units='norm', vertices=ndarray(...), win=Window(...), windingRule=None)
157.7691 	EXP 	Created unnamed Line = Line(__class__=<class 'psychopy.visual.line.Line'>, autoDraw=False, autoLog=True, closeShape=False, color=array([1., 1., 1.]), colorSpace='rgb', contrast=None, depth=0, fillColor=array([0, 0, 0]), fillColorSpace='rgb', fillRGB=array([0, 0, 0]), interpolate=True, lineColor=array([1., 1., 1.]), lineColorSpace='rgb', lineRGB=array([1, 1, 1]), lineWidth=3, name='unnamed Line', opacity=0.5, ori=0.0, pos=array([0., 0.]), size=array([1., 1.]), units='norm', vertices=array([[ 0.5 , -0.05],
       [ 0.5 ,  0.05]]), win=Window(...), windingRule=None)
157.7744 	EXP 	Created unnamed TextStim = TextStim(__class__=<class 'psychopy.visual.text.TextStim'>, alignHoriz=method-wrapper(...), alignText='center', alignVert=method-wrapper(...), anchorHoriz='center', anchorVert='center', antialias=True, autoLog=True, bold=False, color=array([1., 1., 1.]), colorSpace='rgb', contrast=1.0, depth=0, flipHoriz=False, flipVert=False, font='', fontFiles=[], height=0.05, italic=False, languageStyle='LTR', name='unnamed TextStim', opacity=1.0, ori=0.0, pos=array([-0.5, -0.1]), rgb=UNKNOWN, text='Clearly \n SPONTANEOUS', units='norm', win=Window(...), wrapWidth=1)
157.7755 	EXP 	Created unnamed TextStim = TextStim(__class__=<class 'psychopy.visual.text.TextStim'>, alignHoriz=method-wrapper(...), alignText='center', alignVert=method-wrapper(...), anchorHoriz='center', anchorVert='center', antialias=True, autoLog=True, bold=False, color=array([1., 1., 1.]), colorSpace='rgb', contrast=1.0, depth=0, flipHoriz=False, flipVert=False, font='', fontFiles=[], height=0.05, italic=False, languageStyle='LTR', name='unnamed TextStim', opacity=1.0, ori=0.0, pos=array([-0.16666667, -0.1       ]), rgb=UNKNOWN, text='', units='norm', win=Window(...), wrapWidth=1)
157.7767 	EXP 	Created unnamed TextStim = TextStim(__class__=<class 'psychopy.visual.text.TextStim'>, alignHoriz=method-wrapper(...), alignText='center', alignVert=method-wrapper(...), anchorHoriz='center', anchorVert='center', antialias=True, autoLog=True, bold=False, color=array([1., 1., 1.]), colorSpace='rgb', contrast=1.0, depth=0, flipHoriz=False, flipVert=False, font='', fontFiles=[], height=0.05, italic=False, languageStyle='LTR', name='unnamed TextStim', opacity=1.0, ori=0.0, pos=array([ 0.16666667, -0.1       ]), rgb=UNKNOWN, text='', units='norm', win=Window(...), wrapWidth=1)
157.7821 	EXP 	Created unnamed TextStim = TextStim(__class__=<class 'psychopy.visual.text.TextStim'>, alignHoriz=method-wrapper(...), alignText='center', alignVert=method-wrapper(...), anchorHoriz='center', anchorVert='center', antialias=True, autoLog=True, bold=False, color=array([1., 1., 1.]), colorSpace='rgb', contrast=1.0, depth=0, flipHoriz=False, flipVert=False, font='', fontFiles=[], height=0.05, italic=False, languageStyle='LTR', name='unnamed TextStim', opacity=1.0, ori=0.0, pos=array([ 0.5, -0.1]), rgb=UNKNOWN, text='Clearly \n DELIBERATE', units='norm', win=Window(...), wrapWidth=1)
157.7839 	EXP 	Created unnamed ShapeStim = ShapeStim(__class__=<class 'psychopy.visual.shape.ShapeStim'>, autoDraw=False, autoLog=True, closeShape=True, color=method-wrapper(...), colorSpace='rgb', contrast=None, depth=0, fillColor=array([1, 1, 1]), fillColorSpace='rgb', fillRGB=array([1, 1, 1]), interpolate=True, lineColor=array([-1., -1., -1.]), lineColorSpace='rgb', lineRGB=array([-1, -1, -1]), lineWidth=1.5, name='unnamed ShapeStim', opacity=1.0, ori=0.0, pos=array([0., 0.]), size=array([1., 1.]), units='norm', vertices=ndarray(...), win=Window(...), windingRule=None)
157.8332 	EXP 	Sound  set volume 1.000
157.8660 	EXP 	unnamed ShapeStim: vertices = <class 'numpy.ndarray'>
157.8660 	EXP 	unnamed ShapeStim: vertices = <class 'numpy.ndarray'>
157.8660 	EXP 	unnamed ShapeStim: vertices = <class 'numpy.ndarray'>
162.7896 	DATA 	Keypress: m
163.3001 	EXP 	Sound  started
163.7494 	DATA 	Keypress: rctrl
164.0501 	EXP 	Sound  started
164.2134 	DATA 	Keypress: lctrl
164.8001 	EXP 	Sound  started
164.8694 	DATA 	Keypress: rctrl
165.4774 	DATA 	Keypress: rctrl
165.5502 	EXP 	Sound  started
166.1814 	DATA 	Keypress: rctrl
166.3002 	EXP 	Sound  started
167.0135 	DATA 	Keypress: rctrl
167.0502 	EXP 	Sound  started
167.7656 	DATA 	Keypress: lctrl
167.8002 	EXP 	Sound  started
168.4054 	DATA 	Keypress: lctrl
168.5502 	EXP 	Sound  started
169.1734 	DATA 	Keypress: lctrl
169.3002 	EXP 	Sound  started
169.9575 	DATA 	Keypress: lctrl
170.0502 	EXP 	Sound  started
170.7415 	DATA 	Keypress: rctrl
170.8003 	EXP 	Sound  started
171.4774 	DATA 	Keypress: rctrl
171.5503 	EXP 	Sound  started
172.2294 	DATA 	Keypress: rctrl
172.3003 	EXP 	Sound  started
173.0134 	DATA 	Keypress: rctrl
173.0503 	EXP 	Sound  started
173.7654 	DATA 	Keypress: rctrl
173.8003 	EXP 	Sound  started
174.4854 	DATA 	Keypress: rctrl
174.5503 	EXP 	Sound  started
175.2855 	DATA 	Keypress: lctrl
175.3003 	EXP 	Sound  started
176.0504 	EXP 	Sound  started
176.5175 	DATA 	Keypress: lctrl
176.8004 	EXP 	Sound  started
176.9654 	DATA 	Keypress: lctrl
177.5504 	EXP 	Sound  started
177.5735 	DATA 	Keypress: rctrl
178.2615 	DATA 	Keypress: rctrl
178.3004 	EXP 	Sound  started
178.9974 	DATA 	Keypress: rctrl
179.0504 	EXP 	Sound  started
179.7015 	DATA 	Keypress: rctrl
179.8004 	EXP 	Sound  started
180.4696 	DATA 	Keypress: lctrl
180.5504 	EXP 	Sound  started
181.2855 	DATA 	Keypress: lctrl
181.3005 	EXP 	Sound  started
182.0505 	EXP 	Sound  started
182.0536 	DATA 	Keypress: lctrl
182.8005 	EXP 	Sound  started
183.4294 	DATA 	Keypress: rctrl
183.5505 	EXP 	Sound  started
184.2135 	DATA 	Keypress: rctrl
184.3005 	EXP 	Sound  started
184.9654 	DATA 	Keypress: rctrl
185.0505 	EXP 	Sound  started
185.7016 	DATA 	Keypress: rctrl
185.8005 	EXP 	Sound  started
186.5015 	DATA 	Keypress: rctrl
186.5506 	EXP 	Sound  started
187.1576 	DATA 	Keypress: rctrl
187.3006 	EXP 	Sound  started
187.9254 	DATA 	Keypress: rctrl
188.0506 	EXP 	Sound  started
188.6455 	DATA 	Keypress: lctrl
188.8006 	EXP 	Sound  started
189.3654 	DATA 	Keypress: lctrl
189.5506 	EXP 	Sound  started
190.1654 	DATA 	Keypress: lctrl
190.3006 	EXP 	Sound  started
190.8854 	DATA 	Keypress: lctrl
191.0506 	EXP 	Sound  started
191.6854 	DATA 	Keypress: lctrl
191.8006 	EXP 	Sound  started
192.4056 	DATA 	Keypress: rctrl
192.5507 	EXP 	Sound  started
193.1415 	DATA 	Keypress: rctrl
193.3007 	EXP 	Sound  started
193.9414 	DATA 	Keypress: rctrl
194.0507 	EXP 	Sound  started
194.6454 	DATA 	Keypress: lctrl
194.8007 	EXP 	Sound  started
195.3814 	DATA 	Keypress: lctrl
195.5507 	EXP 	Sound  started
196.1655 	DATA 	Keypress: lctrl
196.3007 	EXP 	Sound  started
196.9495 	DATA 	Keypress: rctrl
197.0507 	EXP 	Sound  started
197.7335 	DATA 	Keypress: rctrl
197.8008 	EXP 	Sound  started
198.5508 	EXP 	Sound  started
198.5655 	DATA 	Keypress: lctrl
199.3008 	EXP 	Sound  started
199.3175 	DATA 	Keypress: rctrl
200.0054 	DATA 	Keypress: lctrl
200.0508 	EXP 	Sound  started
200.7575 	DATA 	Keypress: rctrl
200.8008 	EXP 	Sound  started
201.4934 	DATA 	Keypress: rctrl
201.5508 	EXP 	Sound  started
202.2295 	DATA 	Keypress: lctrl
202.3008 	EXP 	Sound  started
202.9495 	DATA 	Keypress: rctrl
203.0509 	EXP 	Sound  started
203.7175 	DATA 	Keypress: lctrl
203.8009 	EXP 	Sound  started
204.4854 	DATA 	Keypress: rctrl
204.5509 	EXP 	Sound  started
205.2374 	DATA 	Keypress: lctrl
205.3009 	EXP 	Sound  started
205.9734 	DATA 	Keypress: rctrl
206.0509 	EXP 	Sound  started
206.6774 	DATA 	Keypress: lctrl
206.8009 	EXP 	Sound  started
207.4296 	DATA 	Keypress: rctrl
207.5510 	EXP 	Sound  started
208.1814 	DATA 	Keypress: lctrl
208.3010 	EXP 	Sound  started
208.9494 	DATA 	Keypress: rctrl
209.0510 	EXP 	Sound  started
209.6535 	DATA 	Keypress: lctrl
209.8010 	EXP 	Sound  started
210.4535 	DATA 	Keypress: rctrl
210.5510 	EXP 	Sound  started
211.2695 	DATA 	Keypress: lctrl
211.3010 	EXP 	Sound  started
211.9894 	DATA 	Keypress: rctrl
212.0730 	EXP 	unnamed TextStim: text = ''
212.0730 	EXP 	unnamed TextStim: text = ''
215.8796 	DATA 	Keypress: 4
215.9090 	EXP 	unnamed ShapeStim: vertices = <class 'numpy.ndarray'>
217.4436 	EXP 	unnamed TextStim: text = ''
217.4436 	EXP 	unnamed TextStim: text = ''
221.4008 	DATA 	Keypress: 1
221.4302 	EXP 	unnamed ShapeStim: vertices = <class 'numpy.ndarray'>
222.9648 	EXP 	unnamed TextStim: text = ''
222.9648 	EXP 	unnamed TextStim: text = ''
226.0174 	DATA 	Keypress: 4
226.0340 	EXP 	unnamed ShapeStim: vertices = <class 'numpy.ndarray'>
228.3191 	EXP 	Sound  started
228.4375 	DATA 	Keypress: rctrl
229.0691 	EXP 	Sound  started
229.1734 	DATA 	Keypress: lctrl
229.8191 	EXP 	Sound  started
229.8454 	DATA 	Keypress: rctrl
230.5494 	DATA 	Keypress: lctrl
230.5691 	EXP 	Sound  started
231.3192 	EXP 	Sound  started
231.3335 	DATA 	Keypress: rctrl
232.0692 	EXP 	Sound  started
232.0856 	DATA 	Keypress: lctrl
232.8054 	DATA 	Keypress: rctrl
232.8192 	EXP 	Sound  started
233.5574 	DATA 	Keypress: lctrl
233.5692 	EXP 	Sound  started
234.3095 	DATA 	Keypress: rctrl
234.3192 	EXP 	Sound  started
235.0454 	DATA 	Keypress: lctrl
235.0692 	EXP 	Sound  started
235.7654 	DATA 	Keypress: rctrl
235.8192 	EXP 	Sound  started
236.5494 	DATA 	Keypress: lctrl
236.5692 	EXP 	Sound  started
237.3015 	DATA 	Keypress: rctrl
237.3192 	EXP 	Sound  started
238.0215 	DATA 	Keypress: lctrl
238.0693 	EXP 	Sound  started
238.7734 	DATA 	Keypress: rctrl
238.8193 	EXP 	Sound  started
239.5693 	EXP 	Sound  started
239.5735 	DATA 	Keypress: lctrl
240.3193 	EXP 	Sound  started
240.3414 	DATA 	Keypress: rctrl
241.0615 	DATA 	Keypress: lctrl
241.0693 	EXP 	Sound  started
241.7975 	DATA 	Keypress: rctrl
241.8193 	EXP 	Sound  started
242.5334 	DATA 	Keypress: lctrl
242.5693 	EXP 	Sound  started
243.3174 	DATA 	Keypress: rctrl
243.3193 	EXP 	Sound  started
244.0694 	EXP 	Sound  started
244.0855 	DATA 	Keypress: lctrl
244.8054 	DATA 	Keypress: rctrl
244.8194 	EXP 	Sound  started
245.5694 	EXP 	Sound  started
245.5734 	DATA 	Keypress: lctrl
246.3095 	DATA 	Keypress: rctrl
246.3194 	EXP 	Sound  started
247.0694 	EXP 	Sound  started
247.0935 	DATA 	Keypress: lctrl
247.8194 	EXP 	Sound  started
247.8294 	DATA 	Keypress: rctrl
248.5694 	EXP 	Sound  started
248.5975 	DATA 	Keypress: lctrl
249.3195 	EXP 	Sound  started
249.3815 	DATA 	Keypress: rctrl
250.0695 	EXP 	Sound  started
250.1174 	DATA 	Keypress: lctrl
250.8195 	EXP 	Sound  started
250.8375 	DATA 	Keypress: rctrl
251.5695 	EXP 	Sound  started
251.6055 	DATA 	Keypress: lctrl
252.3195 	EXP 	Sound  started
252.3894 	DATA 	Keypress: rctrl
253.0695 	EXP 	Sound  started
253.1095 	DATA 	Keypress: lctrl
253.8195 	EXP 	Sound  started
253.9095 	DATA 	Keypress: rctrl
254.5696 	EXP 	Sound  started
254.6295 	DATA 	Keypress: rctrl
255.3196 	EXP 	Sound  started
255.3334 	DATA 	Keypress: lctrl
256.0696 	EXP 	Sound  started
256.1014 	DATA 	Keypress: rctrl
256.7896 	DATA 	Keypress: lctrl
256.8196 	EXP 	Sound  started
257.5696 	EXP 	Sound  started
257.5735 	DATA 	Keypress: rctrl
258.3095 	DATA 	Keypress: lctrl
258.3196 	EXP 	Sound  started
259.0455 	DATA 	Keypress: rctrl
259.0696 	EXP 	Sound  started
259.7496 	DATA 	Keypress: lctrl
259.8197 	EXP 	Sound  started
260.5697 	EXP 	Sound  started
260.6615 	DATA 	Keypress: rctrl
261.3197 	EXP 	Sound  started
261.3494 	DATA 	Keypress: lctrl
262.0697 	EXP 	Sound  started
262.1015 	DATA 	Keypress: rctrl
262.8197 	EXP 	Sound  started
262.8374 	DATA 	Keypress: lctrl
263.5697 	EXP 	Sound  started
263.5734 	DATA 	Keypress: rctrl
264.3094 	DATA 	Keypress: lctrl
264.3197 	EXP 	Sound  started
265.0698 	EXP 	Sound  started
265.0935 	DATA 	Keypress: rctrl
265.7655 	DATA 	Keypress: lctrl
265.8198 	EXP 	Sound  started
266.5014 	DATA 	Keypress: rctrl
266.5698 	EXP 	Sound  started
267.2534 	DATA 	Keypress: lctrl
267.3198 	EXP 	Sound  started
268.0535 	DATA 	Keypress: rctrl
268.0698 	EXP 	Sound  started
268.8198 	EXP 	Sound  started
268.8214 	DATA 	Keypress: lctrl
269.5095 	DATA 	Keypress: rctrl
269.5699 	EXP 	Sound  started
270.3095 	DATA 	Keypress: lctrl
270.3199 	EXP 	Sound  started
271.0135 	DATA 	Keypress: rctrl
271.0699 	EXP 	Sound  started
271.7494 	DATA 	Keypress: lctrl
271.8199 	EXP 	Sound  started
272.5654 	DATA 	Keypress: rctrl
272.5699 	EXP 	Sound  started
273.3175 	DATA 	Keypress: lctrl
273.3199 	EXP 	Sound  started
274.0534 	DATA 	Keypress: rctrl
274.0699 	EXP 	Sound  started
274.7894 	DATA 	Keypress: lctrl
274.8199 	EXP 	Sound  started
275.5415 	DATA 	Keypress: rctrl
275.5700 	EXP 	Sound  started
276.2774 	DATA 	Keypress: lctrl
276.3200 	EXP 	Sound  started
277.0700 	EXP 	Sound  started
277.0775 	DATA 	Keypress: rctrl
277.8200 	EXP 	Sound  started
277.8775 	DATA 	Keypress: lctrl
278.5655 	DATA 	Keypress: rctrl
278.5700 	EXP 	Sound  started
279.2694 	DATA 	Keypress: lctrl
279.3200 	EXP 	Sound  started
280.0536 	DATA 	Keypress: rctrl
280.0701 	EXP 	Sound  started
280.8796 	DATA 	Keypress: lctrl
289.6863 	DATA 	Keypress: 4
289.7029 	EXP 	unnamed ShapeStim: vertices = <class 'numpy.ndarray'>
292.8390 	DATA 	Keypress: 1
292.8555 	EXP 	unnamed ShapeStim: vertices = <class 'numpy.ndarray'>
297.2260 	DATA 	Keypress: 4
297.2424 	EXP 	unnamed ShapeStim: vertices = <class 'numpy.ndarray'>
299.5266 	EXP 	Sound  started
299.6695 	DATA 	Keypress: rctrl
300.2766 	EXP 	Sound  started
300.3895 	DATA 	Keypress: lctrl
301.0266 	EXP 	Sound  started
301.1255 	DATA 	Keypress: rctrl
301.7766 	EXP 	Sound  started
301.8455 	DATA 	Keypress: lctrl
302.5266 	EXP 	Sound  started
302.5655 	DATA 	Keypress: rctrl
303.2766 	EXP 	Sound  started
303.3337 	DATA 	Keypress: lctrl
304.0266 	EXP 	Sound  started
304.0854 	DATA 	Keypress: rctrl
304.7767 	EXP 	Sound  started
304.8055 	DATA 	Keypress: lctrl
305.5255 	DATA 	Keypress: rctrl
305.5267 	EXP 	Sound  started
306.2454 	DATA 	Keypress: rctrl
306.2767 	EXP 	Sound  started
307.0267 	EXP 	Sound  started
307.0614 	DATA 	Keypress: rctrl
307.7767 	EXP 	Sound  started
307.8135 	DATA 	Keypress: rctrl
308.5014 	DATA 	Keypress: rctrl
308.5267 	EXP 	Sound  started
309.1894 	DATA 	Keypress: rctrl
309.2767 	EXP 	Sound  started
310.0215 	DATA 	Keypress: lctrl
310.0268 	EXP 	Sound  started
310.7768 	EXP 	Sound  started
310.8055 	DATA 	Keypress: rctrl
311.5268 	EXP 	Sound  started
311.6055 	DATA 	Keypress: lctrl
312.2768 	EXP 	Sound  started
312.3255 	DATA 	Keypress: rctrl
313.0135 	DATA 	Keypress: lctrl
313.0268 	EXP 	Sound  started
313.7768 	EXP 	Sound  started
313.7975 	DATA 	Keypress: lctrl
314.5268 	EXP 	Sound  started
314.5495 	DATA 	Keypress: lctrl
315.2695 	DATA 	Keypress: lctrl
315.2768 	EXP 	Sound  started
316.0215 	DATA 	Keypress: lctrl
316.0269 	EXP 	Sound  started
316.7735 	DATA 	Keypress: rctrl
316.7769 	EXP 	Sound  started
317.5256 	DATA 	Keypress: lctrl
317.5269 	EXP 	Sound  started
318.2769 	EXP 	Sound  started
318.2934 	DATA 	Keypress: rctrl
319.0269 	EXP 	Sound  started
319.0455 	DATA 	Keypress: lctrl
319.7769 	EXP 	Sound  started
319.8294 	DATA 	Keypress: rctrl
320.5015 	DATA 	Keypress: lctrl
320.5269 	EXP 	Sound  started
321.2770 	EXP 	Sound  started
321.2854 	DATA 	Keypress: rctrl
321.9734 	DATA 	Keypress: lctrl
322.0270 	EXP 	Sound  started
322.7770 	EXP 	Sound  started
322.8695 	DATA 	Keypress: rctrl
323.5095 	DATA 	Keypress: lctrl
323.5270 	EXP 	Sound  started
324.2454 	DATA 	Keypress: rctrl
324.2770 	EXP 	Sound  started
325.0270 	EXP 	Sound  started
325.0934 	DATA 	Keypress: lctrl
325.7770 	EXP 	Sound  started
325.8294 	DATA 	Keypress: rctrl
326.5271 	EXP 	Sound  started
326.5655 	DATA 	Keypress: lctrl
327.2771 	EXP 	Sound  started
327.2855 	DATA 	Keypress: rctrl
327.9896 	DATA 	Keypress: lctrl
328.0271 	EXP 	Sound  started
328.7415 	DATA 	Keypress: rctrl
328.7771 	EXP 	Sound  started
329.5271 	EXP 	Sound  started
329.5735 	DATA 	Keypress: lctrl
330.2455 	DATA 	Keypress: rctrl
330.2771 	EXP 	Sound  started
331.0272 	EXP 	Sound  started
331.0455 	DATA 	Keypress: lctrl
331.7772 	EXP 	Sound  started
331.8455 	DATA 	Keypress: rctrl
332.5272 	EXP 	Sound  started
332.5815 	DATA 	Keypress: lctrl
333.2772 	EXP 	Sound  started
333.4294 	DATA 	Keypress: rctrl
334.0272 	EXP 	Sound  started
334.0535 	DATA 	Keypress: lctrl
334.7772 	EXP 	Sound  started
334.8374 	DATA 	Keypress: rctrl
335.5272 	EXP 	Sound  started
335.5414 	DATA 	Keypress: lctrl
336.2772 	EXP 	Sound  started
336.3255 	DATA 	Keypress: rctrl
337.0273 	EXP 	Sound  started
337.0454 	DATA 	Keypress: lctrl
337.7773 	EXP 	Sound  started
337.8295 	DATA 	Keypress: rctrl
338.5273 	EXP 	Sound  started
338.5815 	DATA 	Keypress: lctrl
339.2773 	EXP 	Sound  started
339.2855 	DATA 	Keypress: rctrl
340.0273 	EXP 	Sound  started
340.0534 	DATA 	Keypress: lctrl
340.7773 	EXP 	Sound  started
340.8376 	DATA 	Keypress: rctrl
341.5273 	EXP 	Sound  started
341.6535 	DATA 	Keypress: lctrl
342.2773 	EXP 	Sound  started
342.3415 	DATA 	Keypress: rctrl
343.0273 	EXP 	Sound  started
343.0934 	DATA 	Keypress: lctrl
343.7774 	EXP 	Sound  started
343.7974 	DATA 	Keypress: rctrl
344.5174 	DATA 	Keypress: lctrl
344.5274 	EXP 	Sound  started
345.2774 	EXP 	Sound  started
345.3014 	DATA 	Keypress: rctrl
346.0274 	EXP 	Sound  started
346.0694 	DATA 	Keypress: lctrl
346.7774 	EXP 	Sound  started
346.8695 	DATA 	Keypress: rctrl
347.5274 	EXP 	Sound  started
347.5895 	DATA 	Keypress: lctrl
348.2774 	EXP 	Sound  started
348.4855 	DATA 	Keypress: rctrl
349.0275 	EXP 	Sound  started
349.1254 	DATA 	Keypress: lctrl
349.7775 	EXP 	Sound  started
349.9415 	DATA 	Keypress: rctrl
350.5275 	EXP 	Sound  started
350.6775 	DATA 	Keypress: lctrl
351.2775 	EXP 	Sound  started
351.3334 	DATA 	Keypress: rctrl
356.2742 	DATA 	Keypress: 4
356.2908 	EXP 	unnamed ShapeStim: vertices = <class 'numpy.ndarray'>
361.2117 	DATA 	Keypress: 2
361.2282 	EXP 	unnamed ShapeStim: vertices = <class 'numpy.ndarray'>
363.8138 	DATA 	Keypress: 4
363.8303 	EXP 	unnamed ShapeStim: vertices = <class 'numpy.ndarray'>
366.1155 	EXP 	Sound  started
366.2776 	DATA 	Keypress: lctrl
366.8655 	EXP 	Sound  started
366.9335 	DATA 	Keypress: rctrl
367.6156 	EXP 	Sound  started
367.6214 	DATA 	Keypress: lctrl
368.3656 	EXP 	Sound  started
368.3735 	DATA 	Keypress: rctrl
369.1156 	EXP 	Sound  started
369.1574 	DATA 	Keypress: lctrl
369.8656 	EXP 	Sound  started
369.9095 	DATA 	Keypress: rctrl
370.6156 	EXP 	Sound  started
370.6454 	DATA 	Keypress: rctrl
371.3496 	DATA 	Keypress: rctrl
371.3656 	EXP 	Sound  started
372.0855 	DATA 	Keypress: rctrl
372.1156 	EXP 	Sound  started
372.8656 	EXP 	Sound  started
372.8854 	DATA 	Keypress: rctrl
373.6157 	EXP 	Sound  started
373.6214 	DATA 	Keypress: rctrl
374.3657 	EXP 	Sound  started
374.3735 	DATA 	Keypress: lctrl
375.1157 	EXP 	Sound  started
375.1415 	DATA 	Keypress: rctrl
375.8657 	EXP 	Sound  started
375.8774 	DATA 	Keypress: lctrl
376.6157 	EXP 	Sound  started
376.6295 	DATA 	Keypress: rctrl
377.3334 	DATA 	Keypress: lctrl
377.3657 	EXP 	Sound  started
378.1015 	DATA 	Keypress: rctrl
378.1157 	EXP 	Sound  started
378.8215 	DATA 	Keypress: lctrl
378.8658 	EXP 	Sound  started
379.6055 	DATA 	Keypress: rctrl
379.6158 	EXP 	Sound  started
380.3658 	EXP 	Sound  started
380.4054 	DATA 	Keypress: lctrl
381.0615 	DATA 	Keypress: rctrl
381.1158 	EXP 	Sound  started
381.8455 	DATA 	Keypress: lctrl
381.8658 	EXP 	Sound  started
382.6134 	DATA 	Keypress: rctrl
382.6158 	EXP 	Sound  started
383.3658 	EXP 	Sound  started
383.3814 	DATA 	Keypress: lctrl
384.1158 	EXP 	Sound  started
384.1174 	DATA 	Keypress: rctrl
384.8659 	EXP 	Sound  started
384.8854 	DATA 	Keypress: lctrl
385.6159 	EXP 	Sound  started
385.6535 	DATA 	Keypress: rctrl
386.3659 	EXP 	Sound  started
386.3895 	DATA 	Keypress: lctrl
387.1159 	EXP 	Sound  started
387.1255 	DATA 	Keypress: rctrl
387.8659 	EXP 	Sound  started
387.9415 	DATA 	Keypress: lctrl
388.6159 	EXP 	Sound  started
388.6934 	DATA 	Keypress: rctrl
389.3495 	DATA 	Keypress: lctrl
389.3659 	EXP 	Sound  started
390.1160 	EXP 	Sound  started
390.1975 	DATA 	Keypress: rctrl
390.8215 	DATA 	Keypress: lctrl
390.8660 	EXP 	Sound  started
391.6160 	EXP 	Sound  started
391.6375 	DATA 	Keypress: rctrl
392.3660 	EXP 	Sound  started
392.3894 	DATA 	Keypress: lctrl
393.0295 	DATA 	Keypress: rctrl
393.1160 	EXP 	Sound  started
393.8135 	DATA 	Keypress: lctrl
393.8660 	EXP 	Sound  started
394.5495 	DATA 	Keypress: rctrl
394.6160 	EXP 	Sound  started
395.3334 	DATA 	Keypress: lctrl
395.3661 	EXP 	Sound  started
396.1161 	EXP 	Sound  started
396.2135 	DATA 	Keypress: rctrl
396.8661 	EXP 	Sound  started
396.9335 	DATA 	Keypress: lctrl
397.6161 	EXP 	Sound  started
397.6694 	DATA 	Keypress: rctrl
398.3661 	EXP 	Sound  started
398.4374 	DATA 	Keypress: lctrl
399.1161 	EXP 	Sound  started
399.1574 	DATA 	Keypress: rctrl
399.8661 	EXP 	Sound  started
399.9255 	DATA 	Keypress: lctrl
400.6162 	EXP 	Sound  started
400.6455 	DATA 	Keypress: rctrl
401.3662 	EXP 	Sound  started
401.4135 	DATA 	Keypress: lctrl
402.1162 	EXP 	Sound  started
402.1655 	DATA 	Keypress: rctrl
402.8662 	EXP 	Sound  started
402.9815 	DATA 	Keypress: lctrl
403.6162 	EXP 	Sound  started
403.7334 	DATA 	Keypress: rctrl
404.3662 	EXP 	Sound  started
404.4054 	DATA 	Keypress: lctrl
405.1162 	EXP 	Sound  started
405.1414 	DATA 	Keypress: rctrl
405.8663 	EXP 	Sound  started
405.9574 	DATA 	Keypress: lctrl
406.6163 	EXP 	Sound  started
406.7095 	DATA 	Keypress: rctrl
407.3663 	EXP 	Sound  started
407.3814 	DATA 	Keypress: lctrl
408.1163 	EXP 	Sound  started
408.1175 	DATA 	Keypress: rctrl
408.8534 	DATA 	Keypress: lctrl
408.8663 	EXP 	Sound  started
409.6163 	EXP 	Sound  started
409.6375 	DATA 	Keypress: rctrl
410.3575 	DATA 	Keypress: lctrl
410.3663 	EXP 	Sound  started
411.1164 	EXP 	Sound  started
411.1255 	DATA 	Keypress: rctrl
411.8664 	EXP 	Sound  started
411.8934 	DATA 	Keypress: lctrl
412.6164 	EXP 	Sound  started
412.6454 	DATA 	Keypress: rctrl
413.3664 	EXP 	Sound  started
413.3814 	DATA 	Keypress: lctrl
414.1164 	EXP 	Sound  started
414.1175 	DATA 	Keypress: rctrl
414.8664 	EXP 	Sound  started
414.9175 	DATA 	Keypress: lctrl
415.6055 	DATA 	Keypress: rctrl
415.6164 	EXP 	Sound  started
416.3665 	EXP 	Sound  started
416.4055 	DATA 	Keypress: lctrl
417.0935 	DATA 	Keypress: rctrl
417.1165 	EXP 	Sound  started
417.8295 	DATA 	Keypress: lctrl
417.8665 	EXP 	Sound  started
418.6165 	EXP 	Sound  started
419.3665 	EXP 	Sound  started
420.1166 	EXP 	Sound  started
420.4535 	DATA 	Keypress: rctrl
420.8666 	EXP 	Sound  started
421.0295 	DATA 	Keypress: lctrl
421.6166 	EXP 	Sound  started
421.7335 	DATA 	Keypress: rctrl
422.3666 	EXP 	Sound  started
422.4375 	DATA 	Keypress: lctrl
423.1166 	EXP 	Sound  started
423.1735 	DATA 	Keypress: rctrl
423.8666 	EXP 	Sound  started
423.8934 	DATA 	Keypress: lctrl
424.6166 	EXP 	Sound  started
424.6294 	DATA 	Keypress: rctrl
425.4482 	DATA 	Keypress: lctrl
428.7671 	DATA 	Keypress: 4
428.7836 	EXP 	unnamed ShapeStim: vertices = <class 'numpy.ndarray'>
431.5737 	DATA 	Keypress: 2
431.6031 	EXP 	unnamed ShapeStim: vertices = <class 'numpy.ndarray'>
434.2053 	DATA 	Keypress: 3
434.2219 	EXP 	unnamed ShapeStim: vertices = <class 'numpy.ndarray'>
436.5074 	EXP 	Sound  started
436.5077 	DATA 	Keypress: rctrl
437.2574 	EXP 	Sound  started
437.3015 	DATA 	Keypress: lctrl
438.0074 	EXP 	Sound  started
438.0695 	DATA 	Keypress: rctrl
438.7576 	DATA 	Keypress: rctrl
438.7578 	EXP 	Sound  started
439.4934 	DATA 	Keypress: rctrl
439.5078 	EXP 	Sound  started
440.2455 	DATA 	Keypress: rctrl
440.2578 	EXP 	Sound  started
440.9975 	DATA 	Keypress: rctrl
441.0078 	EXP 	Sound  started
441.7578 	EXP 	Sound  started
441.7655 	DATA 	Keypress: lctrl
442.5079 	EXP 	Sound  started
442.5335 	DATA 	Keypress: lctrl
443.2579 	EXP 	Sound  started
443.2695 	DATA 	Keypress: rctrl
444.0079 	EXP 	Sound  started
444.0855 	DATA 	Keypress: lctrl
444.7579 	EXP 	Sound  started
444.8535 	DATA 	Keypress: rctrl
445.5079 	EXP 	Sound  started
445.5095 	DATA 	Keypress: lctrl
446.2455 	DATA 	Keypress: rctrl
446.2579 	EXP 	Sound  started
447.0080 	EXP 	Sound  started
447.0135 	DATA 	Keypress: lctrl
447.7580 	EXP 	Sound  started
447.7974 	DATA 	Keypress: rctrl
448.5015 	DATA 	Keypress: lctrl
448.5080 	EXP 	Sound  started
449.2375 	DATA 	Keypress: rctrl
449.2580 	EXP 	Sound  started
450.0054 	DATA 	Keypress: lctrl
450.0080 	EXP 	Sound  started
450.7581 	EXP 	Sound  started
450.7736 	DATA 	Keypress: rctrl
451.5081 	EXP 	Sound  started
451.5895 	DATA 	Keypress: lctrl
452.2455 	DATA 	Keypress: rctrl
452.2581 	EXP 	Sound  started
452.9655 	DATA 	Keypress: lctrl
453.0081 	EXP 	Sound  started
453.7174 	DATA 	Keypress: rctrl
453.7581 	EXP 	Sound  started
454.4214 	DATA 	Keypress: lctrl
454.5081 	EXP 	Sound  started
455.2535 	DATA 	Keypress: rctrl
455.2581 	EXP 	Sound  started
456.0082 	EXP 	Sound  started
456.0375 	DATA 	Keypress: lctrl
456.6935 	DATA 	Keypress: rctrl
456.7582 	EXP 	Sound  started
457.5082 	EXP 	Sound  started
457.5095 	DATA 	Keypress: lctrl
458.2582 	EXP 	Sound  started
458.3096 	DATA 	Keypress: rctrl
459.0082 	EXP 	Sound  started
459.0135 	DATA 	Keypress: lctrl
459.7495 	DATA 	Keypress: rctrl
459.7583 	EXP 	Sound  started
460.5083 	EXP 	Sound  started
460.6295 	DATA 	Keypress: lctrl
461.2583 	EXP 	Sound  started
461.3174 	DATA 	Keypress: rctrl
462.0055 	DATA 	Keypress: lctrl
462.0083 	EXP 	Sound  started
462.7255 	DATA 	Keypress: rctrl
462.7583 	EXP 	Sound  started
463.5083 	EXP 	Sound  started
463.5574 	DATA 	Keypress: lctrl
464.2583 	EXP 	Sound  started
464.2934 	DATA 	Keypress: rctrl
464.9975 	DATA 	Keypress: lctrl
465.0084 	EXP 	Sound  started
465.7584 	EXP 	Sound  started
465.7655 	DATA 	Keypress: rctrl
466.5084 	EXP 	Sound  started
466.5495 	DATA 	Keypress: lctrl
467.2584 	EXP 	Sound  started
467.3335 	DATA 	Keypress: rctrl
468.0055 	DATA 	Keypress: lctrl
468.0084 	EXP 	Sound  started
468.7584 	EXP 	Sound  started
468.8534 	DATA 	Keypress: rctrl
469.5084 	EXP 	Sound  started
469.5414 	DATA 	Keypress: lctrl
470.2584 	EXP 	Sound  started
470.2615 	DATA 	Keypress: rctrl
471.0085 	EXP 	Sound  started
471.0135 	DATA 	Keypress: lctrl
471.7585 	EXP 	Sound  started
471.7655 	DATA 	Keypress: rctrl
472.5085 	EXP 	Sound  started
472.5175 	DATA 	Keypress: lctrl
473.2374 	DATA 	Keypress: rctrl
473.2585 	EXP 	Sound  started
474.0085 	EXP 	Sound  started
474.3254 	DATA 	Keypress: lctrl
474.7585 	EXP 	Sound  started
474.8375 	DATA 	Keypress: rctrl
475.5085 	EXP 	Sound  started
475.6534 	DATA 	Keypress: lctrl
476.2586 	EXP 	Sound  started
476.3414 	DATA 	Keypress: rctrl
477.0086 	EXP 	Sound  started
477.0135 	DATA 	Keypress: lctrl
477.7586 	EXP 	Sound  started
477.8135 	DATA 	Keypress: rctrl
478.4055 	DATA 	Keypress: lctrl
478.5086 	EXP 	Sound  started
479.1895 	DATA 	Keypress: lctrl
479.2586 	EXP 	Sound  started
480.0086 	EXP 	Sound  started
480.0535 	DATA 	Keypress: lctrl
480.7587 	EXP 	Sound  started
480.8216 	DATA 	Keypress: rctrl
481.5087 	EXP 	Sound  started
481.5735 	DATA 	Keypress: lctrl
482.2587 	EXP 	Sound  started
482.3575 	DATA 	Keypress: rctrl
483.0087 	EXP 	Sound  started
483.0614 	DATA 	Keypress: lctrl
483.7587 	EXP 	Sound  started
483.8454 	DATA 	Keypress: rctrl
484.5087 	EXP 	Sound  started
484.5495 	DATA 	Keypress: lctrl
485.2587 	EXP 	Sound  started
485.3015 	DATA 	Keypress: rctrl
486.0087 	EXP 	Sound  started
486.0375 	DATA 	Keypress: lctrl
486.7588 	EXP 	Sound  started
486.7735 	DATA 	Keypress: rctrl
487.5088 	EXP 	Sound  started
487.5095 	DATA 	Keypress: lctrl
488.2455 	DATA 	Keypress: rctrl
488.2588 	EXP 	Sound  started
489.0088 	EXP 	Sound  started
489.0774 	DATA 	Keypress: lctrl
489.7335 	DATA 	Keypress: rctrl
489.7588 	EXP 	Sound  started
490.4695 	DATA 	Keypress: lctrl
490.5088 	EXP 	Sound  started
491.2534 	DATA 	Keypress: rctrl
491.2588 	EXP 	Sound  started
492.0054 	DATA 	Keypress: lctrl
492.0089 	EXP 	Sound  started
492.7575 	DATA 	Keypress: rctrl
492.7589 	EXP 	Sound  started
493.5089 	EXP 	Sound  started
493.5095 	DATA 	Keypress: lctrl
494.2880 	DATA 	Keypress: rctrl
496.1056 	DATA 	Keypress: 3
496.1222 	EXP 	unnamed ShapeStim: vertices = <class 'numpy.ndarray'>
498.1912 	DATA 	Keypress: 2
498.2077 	EXP 	unnamed ShapeStim: vertices = <class 'numpy.ndarray'>
500.0260 	DATA 	Keypress: 3
500.0425 	EXP 	unnamed ShapeStim: vertices = <class 'numpy.ndarray'>
502.3280 	EXP 	Sound  started
502.3282 	DATA 	Keypress: rctrl
503.0454 	DATA 	Keypress: lctrl
503.0780 	EXP 	Sound  started
503.8280 	EXP 	Sound  started
503.8775 	DATA 	Keypress: rctrl
504.5780 	EXP 	Sound  started
504.6294 	DATA 	Keypress: lctrl
505.3280 	EXP 	Sound  started
505.3975 	DATA 	Keypress: rctrl
506.0781 	EXP 	Sound  started
506.1334 	DATA 	Keypress: lctrl
506.8281 	EXP 	Sound  started
506.8855 	DATA 	Keypress: rctrl
507.5781 	EXP 	Sound  started
507.6055 	DATA 	Keypress: lctrl
508.3281 	EXP 	Sound  started
508.3895 	DATA 	Keypress: rctrl
509.0781 	EXP 	Sound  started
509.0935 	DATA 	Keypress: rctrl
509.8281 	EXP 	Sound  started
509.8455 	DATA 	Keypress: rctrl
510.5782 	EXP 	Sound  started
510.6296 	DATA 	Keypress: rctrl
511.3015 	DATA 	Keypress: rctrl
511.3282 	EXP 	Sound  started
512.0782 	EXP 	Sound  started
512.1015 	DATA 	Keypress: lctrl
512.8282 	EXP 	Sound  started
512.8375 	DATA 	Keypress: rctrl
513.5782 	EXP 	Sound  started
513.5894 	DATA 	Keypress: lctrl
514.3282 	EXP 	Sound  started
514.3575 	DATA 	Keypress: lctrl
515.0782 	EXP 	Sound  started
515.0934 	DATA 	Keypress: lctrl
515.7975 	DATA 	Keypress: lctrl
515.8282 	EXP 	Sound  started
516.5783 	EXP 	Sound  started
516.5976 	DATA 	Keypress: rctrl
517.2854 	DATA 	Keypress: lctrl
517.3283 	EXP 	Sound  started
518.0783 	EXP 	Sound  started
518.0855 	DATA 	Keypress: rctrl
518.8055 	DATA 	Keypress: lctrl
518.8283 	EXP 	Sound  started
519.5783 	EXP 	Sound  started
519.6374 	DATA 	Keypress: rctrl
520.3094 	DATA 	Keypress: lctrl
520.3283 	EXP 	Sound  started
521.0783 	EXP 	Sound  started
521.1094 	DATA 	Keypress: rctrl
521.8135 	DATA 	Keypress: lctrl
521.8284 	EXP 	Sound  started
522.5784 	EXP 	Sound  started
522.5975 	DATA 	Keypress: rctrl
523.3284 	EXP 	Sound  started
523.3335 	DATA 	Keypress: lctrl
524.0784 	EXP 	Sound  started
524.1815 	DATA 	Keypress: rctrl
524.8284 	EXP 	Sound  started
524.8856 	DATA 	Keypress: lctrl
525.5735 	DATA 	Keypress: rctrl
525.5784 	EXP 	Sound  started
526.2615 	DATA 	Keypress: lctrl
526.3285 	EXP 	Sound  started
527.0615 	DATA 	Keypress: rctrl
527.0785 	EXP 	Sound  started
527.8285 	EXP 	Sound  started
527.8295 	DATA 	Keypress: lctrl
528.4694 	DATA 	Keypress: rctrl
528.5785 	EXP 	Sound  started
529.2855 	DATA 	Keypress: lctrl
529.3285 	EXP 	Sound  started
530.0785 	EXP 	Sound  started
530.0856 	DATA 	Keypress: rctrl
530.7734 	DATA 	Keypress: lctrl
530.8285 	EXP 	Sound  started
531.5415 	DATA 	Keypress: rctrl
531.5786 	EXP 	Sound  started
532.3286 	EXP 	Sound  started
532.3414 	DATA 	Keypress: lctrl
533.0786 	EXP 	Sound  started
533.0935 	DATA 	Keypress: rctrl
533.8286 	EXP 	Sound  started
533.8295 	DATA 	Keypress: lctrl
534.5334 	DATA 	Keypress: rctrl
534.5786 	EXP 	Sound  started
535.3014 	DATA 	Keypress: lctrl
535.3286 	EXP 	Sound  started
536.0695 	DATA 	Keypress: rctrl
536.0786 	EXP 	Sound  started
536.8287 	EXP 	Sound  started
536.8695 	DATA 	Keypress: lctrl
537.5787 	EXP 	Sound  started
537.5895 	DATA 	Keypress: rctrl
538.3287 	EXP 	Sound  started
538.3576 	DATA 	Keypress: lctrl
539.0787 	EXP 	Sound  started
539.1095 	DATA 	Keypress: rctrl
539.8135 	DATA 	Keypress: lctrl
539.8287 	EXP 	Sound  started
540.5787 	EXP 	Sound  started
540.6615 	DATA 	Keypress: rctrl
541.3287 	EXP 	Sound  started
541.4294 	DATA 	Keypress: lctrl
542.0788 	EXP 	Sound  started
542.2295 	DATA 	Keypress: rctrl
542.8288 	EXP 	Sound  started
542.8855 	DATA 	Keypress: lctrl
543.5788 	EXP 	Sound  started
543.6694 	DATA 	Keypress: rctrl
544.3288 	EXP 	Sound  started
544.4054 	DATA 	Keypress: lctrl
545.0788 	EXP 	Sound  started
545.1415 	DATA 	Keypress: rctrl
545.8288 	EXP 	Sound  started
545.8615 	DATA 	Keypress: lctrl
546.5788 	EXP 	Sound  started
546.6455 	DATA 	Keypress: rctrl
547.3289 	EXP 	Sound  started
547.3655 	DATA 	Keypress: lctrl
548.0789 	EXP 	Sound  started
548.1175 	DATA 	Keypress: rctrl
548.8289 	EXP 	Sound  started
548.8695 	DATA 	Keypress: lctrl
549.5789 	EXP 	Sound  started
549.6536 	DATA 	Keypress: rctrl
550.3289 	EXP 	Sound  started
550.3415 	DATA 	Keypress: lctrl
551.0789 	EXP 	Sound  started
551.0934 	DATA 	Keypress: rctrl
551.8289 	EXP 	Sound  started
551.8455 	DATA 	Keypress: lctrl
552.5790 	EXP 	Sound  started
552.6295 	DATA 	Keypress: rctrl
553.3290 	EXP 	Sound  started
553.3335 	DATA 	Keypress: lctrl
554.0790 	EXP 	Sound  started
554.1815 	DATA 	Keypress: rctrl
554.7415 	DATA 	Keypress: lctrl
554.8290 	EXP 	Sound  started
555.5576 	DATA 	Keypress: rctrl
555.5790 	EXP 	Sound  started
556.3290 	EXP 	Sound  started
556.3414 	DATA 	Keypress: lctrl
557.0614 	DATA 	Keypress: rctrl
557.0790 	EXP 	Sound  started
557.7015 	DATA 	Keypress: lctrl
557.8291 	EXP 	Sound  started
558.5334 	DATA 	Keypress: rctrl
558.5791 	EXP 	Sound  started
559.2534 	DATA 	Keypress: lctrl
559.3291 	EXP 	Sound  started
559.9255 	DATA 	Keypress: rctrl
561.3597 	DATA 	Keypress: 4
561.3762 	EXP 	unnamed ShapeStim: vertices = <class 'numpy.ndarray'>
563.0648 	DATA 	Keypress: 2
563.0943 	EXP 	unnamed ShapeStim: vertices = <class 'numpy.ndarray'>
565.4168 	DATA 	Keypress: 4
565.4462 	EXP 	unnamed ShapeStim: vertices = <class 'numpy.ndarray'>
567.7317 	EXP 	Sound  started
567.7319 	DATA 	Keypress: rctrl
568.4817 	EXP 	Sound  started
568.4855 	DATA 	Keypress: rctrl
569.1895 	DATA 	Keypress: rctrl
569.2318 	EXP 	Sound  started
569.9415 	DATA 	Keypress: rctrl
569.9818 	EXP 	Sound  started
570.6776 	DATA 	Keypress: rctrl
570.7318 	EXP 	Sound  started
571.4818 	EXP 	Sound  started
571.4935 	DATA 	Keypress: rctrl
572.2318 	EXP 	Sound  started
572.2775 	DATA 	Keypress: lctrl
572.9818 	EXP 	Sound  started
573.0134 	DATA 	Keypress: rctrl
573.7319 	EXP 	Sound  started
573.7655 	DATA 	Keypress: rctrl
574.4819 	EXP 	Sound  started
574.5014 	DATA 	Keypress: rctrl
575.2319 	EXP 	Sound  started
575.2375 	DATA 	Keypress: rctrl
575.9819 	EXP 	Sound  started
575.9895 	DATA 	Keypress: lctrl
576.7094 	DATA 	Keypress: rctrl
576.7319 	EXP 	Sound  started
577.4819 	EXP 	Sound  started
577.4935 	DATA 	Keypress: lctrl
578.2320 	EXP 	Sound  started
578.2454 	DATA 	Keypress: rctrl
578.8375 	DATA 	Keypress: rctrl
578.9820 	EXP 	Sound  started
579.0136 	DATA 	Keypress: lctrl
579.7320 	EXP 	Sound  started
579.8294 	DATA 	Keypress: rctrl
580.4820 	EXP 	Sound  started
580.5334 	DATA 	Keypress: lctrl
581.2320 	EXP 	Sound  started
581.3015 	DATA 	Keypress: rctrl
581.9574 	DATA 	Keypress: lctrl
581.9820 	EXP 	Sound  started
582.7320 	EXP 	Sound  started
582.7414 	DATA 	Keypress: rctrl
583.4775 	DATA 	Keypress: lctrl
583.4821 	EXP 	Sound  started
584.2321 	EXP 	Sound  started
584.2935 	DATA 	Keypress: rctrl
584.9175 	DATA 	Keypress: lctrl
584.9821 	EXP 	Sound  started
585.7015 	DATA 	Keypress: rctrl
585.7321 	EXP 	Sound  started
586.3255 	DATA 	Keypress: lctrl
586.4821 	EXP 	Sound  started
587.1576 	DATA 	Keypress: rctrl
587.2321 	EXP 	Sound  started
587.8295 	DATA 	Keypress: lctrl
587.9821 	EXP 	Sound  started
588.6615 	DATA 	Keypress: rctrl
588.7322 	EXP 	Sound  started
589.3174 	DATA 	Keypress: lctrl
589.4822 	EXP 	Sound  started
590.1815 	DATA 	Keypress: rctrl
590.2322 	EXP 	Sound  started
590.8694 	DATA 	Keypress: lctrl
590.9822 	EXP 	Sound  started
591.6055 	DATA 	Keypress: rctrl
591.7322 	EXP 	Sound  started
592.4375 	DATA 	Keypress: lctrl
592.4822 	EXP 	Sound  started
593.1578 	DATA 	Keypress: rctrl
593.2322 	EXP 	Sound  started
593.9576 	DATA 	Keypress: lctrl
593.9823 	EXP 	Sound  started
594.7323 	EXP 	Sound  started
594.7574 	DATA 	Keypress: rctrl
595.3815 	DATA 	Keypress: lctrl
595.4823 	EXP 	Sound  started
596.1494 	DATA 	Keypress: rctrl
596.2323 	EXP 	Sound  started
596.9823 	EXP 	Sound  started
597.5255 	DATA 	Keypress: lctrl
597.7323 	EXP 	Sound  started
597.8134 	DATA 	Keypress: rctrl
598.4824 	EXP 	Sound  started
598.4854 	DATA 	Keypress: lctrl
598.9174 	DATA 	Keypress: rctrl
599.2324 	EXP 	Sound  started
599.3016 	DATA 	Keypress: lctrl
599.9824 	EXP 	Sound  started
600.0375 	DATA 	Keypress: rctrl
600.7255 	DATA 	Keypress: lctrl
600.7324 	EXP 	Sound  started
601.4824 	EXP 	Sound  started
601.5254 	DATA 	Keypress: rctrl
602.1815 	DATA 	Keypress: lctrl
602.2324 	EXP 	Sound  started
602.9824 	EXP 	Sound  started
603.1095 	DATA 	Keypress: rctrl
603.7325 	EXP 	Sound  started
603.7814 	DATA 	Keypress: lctrl
604.4825 	EXP 	Sound  started
604.5015 	DATA 	Keypress: rctrl
605.2214 	DATA 	Keypress: lctrl
605.2325 	EXP 	Sound  started
605.9825 	EXP 	Sound  started
605.9895 	DATA 	Keypress: rctrl
606.6774 	DATA 	Keypress: lctrl
606.7325 	EXP 	Sound  started
607.4825 	EXP 	Sound  started
607.5094 	DATA 	Keypress: rctrl
608.0855 	DATA 	Keypress: lctrl
608.2325 	EXP 	Sound  started
608.9494 	DATA 	Keypress: rctrl
608.9826 	EXP 	Sound  started
609.7326 	EXP 	Sound  started
609.7335 	DATA 	Keypress: lctrl
610.4215 	DATA 	Keypress: rctrl
610.4826 	EXP 	Sound  started
611.1894 	DATA 	Keypress: lctrl
611.2326 	EXP 	Sound  started
611.9826 	EXP 	Sound  started
612.2294 	DATA 	Keypress: rctrl
612.7326 	EXP 	Sound  started
612.8535 	DATA 	Keypress: lctrl
613.4826 	EXP 	Sound  started
613.4935 	DATA 	Keypress: rctrl
614.1974 	DATA 	Keypress: lctrl
614.2327 	EXP 	Sound  started
614.9334 	DATA 	Keypress: rctrl
614.9827 	EXP 	Sound  started
615.7015 	DATA 	Keypress: lctrl
615.7327 	EXP 	Sound  started
616.4374 	DATA 	Keypress: rctrl
616.4827 	EXP 	Sound  started
617.1735 	DATA 	Keypress: lctrl
617.2327 	EXP 	Sound  started
617.9574 	DATA 	Keypress: rctrl
617.9827 	EXP 	Sound  started
618.6934 	DATA 	Keypress: lctrl
618.7327 	EXP 	Sound  started
619.4828 	EXP 	Sound  started
619.5734 	DATA 	Keypress: rctrl
620.2294 	DATA 	Keypress: lctrl
620.2328 	EXP 	Sound  started
620.9828 	EXP 	Sound  started
621.0454 	DATA 	Keypress: rctrl
621.7925 	DATA 	Keypress: lctrl
623.4805 	DATA 	Keypress: 4
623.5100 	EXP 	unnamed ShapeStim: vertices = <class 'numpy.ndarray'>
626.1294 	DATA 	Keypress: 2
626.1459 	EXP 	unnamed ShapeStim: vertices = <class 'numpy.ndarray'>
628.1181 	DATA 	Keypress: 4
628.1476 	EXP 	unnamed ShapeStim: vertices = <class 'numpy.ndarray'>
630.4314 	EXP 	Sound  started
630.4316 	DATA 	Keypress: rctrl
631.1254 	DATA 	Keypress: lctrl
631.1813 	EXP 	Sound  started
631.9313 	EXP 	Sound  started
631.9894 	DATA 	Keypress: rctrl
632.6814 	EXP 	Sound  started
632.7414 	DATA 	Keypress: rctrl
633.4314 	EXP 	Sound  started
633.4455 	DATA 	Keypress: rctrl
634.1175 	DATA 	Keypress: rctrl
634.1814 	EXP 	Sound  started
634.9174 	DATA 	Keypress: rctrl
634.9314 	EXP 	Sound  started
635.6694 	DATA 	Keypress: lctrl
635.6814 	EXP 	Sound  started
636.4314 	EXP 	Sound  started
636.4534 	DATA 	Keypress: rctrl
637.1734 	DATA 	Keypress: lctrl
637.1814 	EXP 	Sound  started
637.8935 	DATA 	Keypress: rctrl
637.9315 	EXP 	Sound  started
638.6615 	DATA 	Keypress: lctrl
638.6815 	EXP 	Sound  started
639.4134 	DATA 	Keypress: rctrl
639.4315 	EXP 	Sound  started
640.1174 	DATA 	Keypress: lctrl
640.1815 	EXP 	Sound  started
640.8534 	DATA 	Keypress: rctrl
640.9315 	EXP 	Sound  started
641.6374 	DATA 	Keypress: lctrl
641.6815 	EXP 	Sound  started
642.3574 	DATA 	Keypress: rctrl
642.4315 	EXP 	Sound  started
643.0615 	DATA 	Keypress: lctrl
643.1816 	EXP 	Sound  started
643.8455 	DATA 	Keypress: rctrl
643.9316 	EXP 	Sound  started
644.6134 	DATA 	Keypress: lctrl
644.6816 	EXP 	Sound  started
645.3815 	DATA 	Keypress: rctrl
645.4316 	EXP 	Sound  started
646.0694 	DATA 	Keypress: lctrl
646.1816 	EXP 	Sound  started
646.7575 	DATA 	Keypress: rctrl
646.9316 	EXP 	Sound  started
647.4935 	DATA 	Keypress: lctrl
647.6816 	EXP 	Sound  started
648.2615 	DATA 	Keypress: rctrl
648.4317 	EXP 	Sound  started
648.9975 	DATA 	Keypress: lctrl
649.1817 	EXP 	Sound  started
649.7495 	DATA 	Keypress: rctrl
649.9317 	EXP 	Sound  started
650.4855 	DATA 	Keypress: lctrl
650.6817 	EXP 	Sound  started
651.1735 	DATA 	Keypress: rctrl
651.4317 	EXP 	Sound  started
651.8454 	DATA 	Keypress: lctrl
652.1817 	EXP 	Sound  started
652.7254 	DATA 	Keypress: rctrl
652.9317 	EXP 	Sound  started
653.3974 	DATA 	Keypress: lctrl
653.6818 	EXP 	Sound  started
654.1334 	DATA 	Keypress: rctrl
654.4318 	EXP 	Sound  started
654.9814 	DATA 	Keypress: lctrl
655.1818 	EXP 	Sound  started
655.7014 	DATA 	Keypress: rctrl
655.9318 	EXP 	Sound  started
656.4054 	DATA 	Keypress: lctrl
656.6818 	EXP 	Sound  started
657.0935 	DATA 	Keypress: rctrl
657.4318 	EXP 	Sound  started
657.7655 	DATA 	Keypress: lctrl
658.1819 	EXP 	Sound  started
658.5336 	DATA 	Keypress: rctrl
658.9319 	EXP 	Sound  started
659.1575 	DATA 	Keypress: lctrl
659.6819 	EXP 	Sound  started
659.8775 	DATA 	Keypress: rctrl
660.4319 	EXP 	Sound  started
660.5975 	DATA 	Keypress: lctrl
661.1819 	EXP 	Sound  started
661.3174 	DATA 	Keypress: rctrl
661.9319 	EXP 	Sound  started
661.9895 	DATA 	Keypress: lctrl
662.6819 	EXP 	Sound  started
662.8055 	DATA 	Keypress: rctrl
663.4319 	EXP 	Sound  started
663.5735 	DATA 	Keypress: lctrl
664.1820 	EXP 	Sound  started
664.5974 	DATA 	Keypress: rctrl
664.9320 	EXP 	Sound  started
665.1894 	DATA 	Keypress: lctrl
665.6820 	EXP 	Sound  started
665.8934 	DATA 	Keypress: rctrl
666.4320 	EXP 	Sound  started
666.6294 	DATA 	Keypress: lctrl
667.1820 	EXP 	Sound  started
667.3814 	DATA 	Keypress: rctrl
667.9320 	EXP 	Sound  started
668.1655 	DATA 	Keypress: lctrl
668.6820 	EXP 	Sound  started
668.8054 	DATA 	Keypress: rctrl
669.4321 	EXP 	Sound  started
669.5414 	DATA 	Keypress: lctrl
670.1821 	EXP 	Sound  started
670.3094 	DATA 	Keypress: rctrl
670.9321 	EXP 	Sound  started
670.9655 	DATA 	Keypress: lctrl
671.6821 	EXP 	Sound  started
671.6854 	DATA 	Keypress: rctrl
672.4321 	EXP 	Sound  started
672.5174 	DATA 	Keypress: lctrl
673.1821 	EXP 	Sound  started
673.1894 	DATA 	Keypress: rctrl
673.9321 	EXP 	Sound  started
673.9415 	DATA 	Keypress: lctrl
674.6614 	DATA 	Keypress: rctrl
674.6822 	EXP 	Sound  started
675.4322 	EXP 	Sound  started
675.5414 	DATA 	Keypress: lctrl
676.1822 	EXP 	Sound  started
676.2296 	DATA 	Keypress: rctrl
676.9322 	EXP 	Sound  started
676.9495 	DATA 	Keypress: lctrl
677.6822 	EXP 	Sound  started
677.7975 	DATA 	Keypress: rctrl
678.4322 	EXP 	Sound  started
678.4535 	DATA 	Keypress: rctrl
679.1823 	EXP 	Sound  started
679.9323 	EXP 	Sound  started
680.0535 	DATA 	Keypress: rctrl
680.6823 	EXP 	Sound  started
680.7415 	DATA 	Keypress: lctrl
681.4295 	DATA 	Keypress: rctrl
681.4323 	EXP 	Sound  started
682.1335 	DATA 	Keypress: lctrl
682.1823 	EXP 	Sound  started
682.9323 	EXP 	Sound  started
682.9495 	DATA 	Keypress: rctrl
683.6823 	EXP 	Sound  started
683.8295 	DATA 	Keypress: rctrl
684.4477 	DATA 	Keypress: rctrl
686.5118 	DATA 	Keypress: 3
686.5284 	EXP 	unnamed ShapeStim: vertices = <class 'numpy.ndarray'>
690.9527 	DATA 	Keypress: 3
690.9820 	EXP 	unnamed ShapeStim: vertices = <class 'numpy.ndarray'>
694.6351 	DATA 	Keypress: 2
694.6517 	EXP 	unnamed ShapeStim: vertices = <class 'numpy.ndarray'>
696.9374 	EXP 	Sound  started
696.9376 	DATA 	Keypress: rctrl
697.6874 	EXP 	Sound  started
697.7015 	DATA 	Keypress: rctrl
698.4374 	EXP 	Sound  started
698.4535 	DATA 	Keypress: rctrl
699.0935 	DATA 	Keypress: rctrl
699.1874 	EXP 	Sound  started
699.8935 	DATA 	Keypress: rctrl
699.9374 	EXP 	Sound  started
700.6134 	DATA 	Keypress: rctrl
700.6874 	EXP 	Sound  started
701.4135 	DATA 	Keypress: rctrl
701.4375 	EXP 	Sound  started
702.1496 	DATA 	Keypress: rctrl
702.1875 	EXP 	Sound  started
702.9375 	EXP 	Sound  started
702.9655 	DATA 	Keypress: lctrl
703.6875 	EXP 	Sound  started
703.7015 	DATA 	Keypress: rctrl
704.4375 	EXP 	Sound  started
704.4694 	DATA 	Keypress: lctrl
705.1735 	DATA 	Keypress: rctrl
705.1875 	EXP 	Sound  started
705.9095 	DATA 	Keypress: lctrl
705.9375 	EXP 	Sound  started
706.6295 	DATA 	Keypress: rctrl
706.6876 	EXP 	Sound  started
707.2855 	DATA 	Keypress: rctrl
707.4376 	EXP 	Sound  started
707.4774 	DATA 	Keypress: lctrl
708.1495 	DATA 	Keypress: rctrl
708.1876 	EXP 	Sound  started
708.8535 	DATA 	Keypress: lctrl
708.9376 	EXP 	Sound  started
709.6855 	DATA 	Keypress: rctrl
709.6876 	EXP 	Sound  started
710.3575 	DATA 	Keypress: lctrl
710.4376 	EXP 	Sound  started
711.1734 	DATA 	Keypress: rctrl
711.1876 	EXP 	Sound  started
711.9377 	EXP 	Sound  started
712.0695 	DATA 	Keypress: lctrl
712.4375 	DATA 	Keypress: lctrl
712.6877 	EXP 	Sound  started
712.7415 	DATA 	Keypress: rctrl
713.4135 	DATA 	Keypress: lctrl
713.4377 	EXP 	Sound  started
714.1815 	DATA 	Keypress: rctrl
714.1877 	EXP 	Sound  started
714.9175 	DATA 	Keypress: lctrl
714.9377 	EXP 	Sound  started
715.6877 	EXP 	Sound  started
715.7495 	DATA 	Keypress: rctrl
716.4377 	EXP 	Sound  started
716.4694 	DATA 	Keypress: lctrl
717.1878 	EXP 	Sound  started
717.3176 	DATA 	Keypress: rctrl
717.9255 	DATA 	Keypress: lctrl
717.9378 	EXP 	Sound  started
718.6878 	EXP 	Sound  started
719.0615 	DATA 	Keypress: lctrl
719.4378 	EXP 	Sound  started
719.6056 	DATA 	Keypress: rctrl
720.1878 	EXP 	Sound  started
720.2455 	DATA 	Keypress: lctrl
720.9015 	DATA 	Keypress: rctrl
720.9379 	EXP 	Sound  started
721.6879 	EXP 	Sound  started
722.1495 	DATA 	Keypress: lctrl
722.4379 	EXP 	Sound  started
722.9815 	DATA 	Keypress: rctrl
723.1879 	EXP 	Sound  started
723.3974 	DATA 	Keypress: lctrl
723.9379 	EXP 	Sound  started
724.4375 	DATA 	Keypress: rctrl
724.6879 	EXP 	Sound  started
724.9175 	DATA 	Keypress: lctrl
725.4379 	EXP 	Sound  started
725.4935 	DATA 	Keypress: rctrl
726.1879 	EXP 	Sound  started
726.2136 	DATA 	Keypress: lctrl
726.9380 	EXP 	Sound  started
726.9815 	DATA 	Keypress: rctrl
727.6880 	EXP 	Sound  started
727.7175 	DATA 	Keypress: lctrl
728.4054 	DATA 	Keypress: rctrl
728.4380 	EXP 	Sound  started
729.1415 	DATA 	Keypress: lctrl
729.1880 	EXP 	Sound  started
729.9380 	EXP 	Sound  started
730.0375 	DATA 	Keypress: rctrl
730.6881 	EXP 	Sound  started
731.4381 	EXP 	Sound  started
732.1881 	EXP 	Sound  started
732.9381 	EXP 	Sound  started
733.6881 	EXP 	Sound  started
734.4381 	EXP 	Sound  started
735.1735 	DATA 	Keypress: lctrl
735.1881 	EXP 	Sound  started
735.9255 	DATA 	Keypress: lctrl
735.9381 	EXP 	Sound  started
736.6775 	DATA 	Keypress: rctrl
736.6882 	EXP 	Sound  started
737.4382 	EXP 	Sound  started
737.5254 	DATA 	Keypress: lctrl
738.1882 	EXP 	Sound  started
738.1975 	DATA 	Keypress: lctrl
738.9382 	EXP 	Sound  started
739.4936 	DATA 	Keypress: lctrl
739.6882 	EXP 	Sound  started
740.4382 	EXP 	Sound  started
741.1882 	EXP 	Sound  started
741.9383 	EXP 	Sound  started
742.6883 	EXP 	Sound  started
743.4383 	EXP 	Sound  started
743.9416 	DATA 	Keypress: lctrl
746.7279 	DATA 	Keypress: 3
746.7444 	EXP 	unnamed ShapeStim: vertices = <class 'numpy.ndarray'>
749.1965 	DATA 	Keypress: 2
749.2131 	EXP 	unnamed ShapeStim: vertices = <class 'numpy.ndarray'>
751.0819 	DATA 	Keypress: 3
751.0984 	EXP 	unnamed ShapeStim: vertices = <class 'numpy.ndarray'>
753.3825 	EXP 	Sound  started
753.5895 	DATA 	Keypress: rctrl
754.1325 	EXP 	Sound  started
754.8215 	DATA 	Keypress: lctrl
754.8825 	EXP 	Sound  started
755.5895 	DATA 	Keypress: rctrl
755.6325 	EXP 	Sound  started
756.3415 	DATA 	Keypress: rctrl
756.3825 	EXP 	Sound  started
757.1327 	EXP 	Sound  started
757.1895 	DATA 	Keypress: rctrl
757.8827 	EXP 	Sound  started
757.8935 	DATA 	Keypress: rctrl
758.6135 	DATA 	Keypress: lctrl
758.6327 	EXP 	Sound  started
759.3335 	DATA 	Keypress: lctrl
759.3827 	EXP 	Sound  started
760.1175 	DATA 	Keypress: rctrl
760.1327 	EXP 	Sound  started
760.8828 	EXP 	Sound  started
760.9335 	DATA 	Keypress: lctrl
761.3655 	DATA 	Keypress: lctrl
761.6328 	EXP 	Sound  started
761.8135 	DATA 	Keypress: rctrl
762.3828 	EXP 	Sound  started
762.4215 	DATA 	Keypress: lctrl
763.1328 	EXP 	Sound  started
763.1575 	DATA 	Keypress: rctrl
763.8454 	DATA 	Keypress: lctrl
763.8828 	EXP 	Sound  started
764.6328 	EXP 	Sound  started
764.6455 	DATA 	Keypress: rctrl
765.3828 	EXP 	Sound  started
765.4134 	DATA 	Keypress: lctrl
766.1329 	EXP 	Sound  started
766.1495 	DATA 	Keypress: rctrl
766.8695 	DATA 	Keypress: lctrl
766.8829 	EXP 	Sound  started
767.6329 	EXP 	Sound  started
767.6534 	DATA 	Keypress: rctrl
768.3255 	DATA 	Keypress: lctrl
768.3829 	EXP 	Sound  started
769.0935 	DATA 	Keypress: rctrl
769.1329 	EXP 	Sound  started
769.8775 	DATA 	Keypress: lctrl
769.8829 	EXP 	Sound  started
770.6330 	EXP 	Sound  started
770.9655 	DATA 	Keypress: rctrl
771.3830 	EXP 	Sound  started
771.6855 	DATA 	Keypress: lctrl
772.1330 	EXP 	Sound  started
772.8830 	EXP 	Sound  started
773.2855 	DATA 	Keypress: lctrl
773.6330 	EXP 	Sound  started
773.7495 	DATA 	Keypress: rctrl
774.3830 	EXP 	Sound  started
774.5335 	DATA 	Keypress: lctrl
775.1330 	EXP 	Sound  started
775.2054 	DATA 	Keypress: rctrl
775.8455 	DATA 	Keypress: lctrl
775.8831 	EXP 	Sound  started
776.5175 	DATA 	Keypress: lctrl
776.6331 	EXP 	Sound  started
777.3831 	EXP 	Sound  started
777.4615 	DATA 	Keypress: lctrl
778.1331 	EXP 	Sound  started
778.3896 	DATA 	Keypress: rctrl
778.8831 	EXP 	Sound  started
778.9495 	DATA 	Keypress: lctrl
779.6215 	DATA 	Keypress: lctrl
779.6331 	EXP 	Sound  started
780.3832 	EXP 	Sound  started
781.1332 	EXP 	Sound  started
781.3335 	DATA 	Keypress: lctrl
781.8832 	EXP 	Sound  started
781.9094 	DATA 	Keypress: rctrl
782.6134 	DATA 	Keypress: lctrl
782.6332 	EXP 	Sound  started
783.3832 	EXP 	Sound  started
783.3974 	DATA 	Keypress: rctrl
784.0374 	DATA 	Keypress: lctrl
784.1332 	EXP 	Sound  started
784.8694 	DATA 	Keypress: lctrl
784.8833 	EXP 	Sound  started
785.5095 	DATA 	Keypress: lctrl
785.6333 	EXP 	Sound  started
786.3833 	EXP 	Sound  started
786.4694 	DATA 	Keypress: rctrl
787.1333 	EXP 	Sound  started
787.8833 	EXP 	Sound  started
788.6333 	EXP 	Sound  started
789.3834 	EXP 	Sound  started
790.1334 	EXP 	Sound  started
790.8834 	EXP 	Sound  started
791.6334 	EXP 	Sound  started
792.3834 	EXP 	Sound  started
793.1334 	EXP 	Sound  started
793.8834 	EXP 	Sound  started
794.6335 	EXP 	Sound  started
795.3835 	EXP 	Sound  started
796.1335 	EXP 	Sound  started
796.1814 	DATA 	Keypress: rctrl
796.8835 	EXP 	Sound  started
796.9015 	DATA 	Keypress: lctrl
797.6335 	EXP 	Sound  started
797.6695 	DATA 	Keypress: lctrl
798.3835 	EXP 	Sound  started
798.4055 	DATA 	Keypress: lctrl
799.1335 	EXP 	Sound  started
799.2215 	DATA 	Keypress: lctrl
799.8836 	EXP 	Sound  started
800.6336 	EXP 	Sound  started
801.3836 	EXP 	Sound  started
801.7974 	DATA 	Keypress: lctrl
804.6958 	DATA 	Keypress: 3
804.7252 	EXP 	unnamed ShapeStim: vertices = <class 'numpy.ndarray'>
807.2775 	DATA 	Keypress: 2
807.2940 	EXP 	unnamed ShapeStim: vertices = <class 'numpy.ndarray'>
809.8630 	DATA 	Keypress: 4
809.8795 	EXP 	unnamed ShapeStim: vertices = <class 'numpy.ndarray'>
812.1640 	EXP 	Sound  started
812.3736 	DATA 	Keypress: rctrl
812.9140 	EXP 	Sound  started
813.1095 	DATA 	Keypress: rctrl
813.6640 	EXP 	Sound  started
813.7015 	DATA 	Keypress: rctrl
814.3575 	DATA 	Keypress: rctrl
814.4140 	EXP 	Sound  started
815.0775 	DATA 	Keypress: rctrl
815.1640 	EXP 	Sound  started
815.8775 	DATA 	Keypress: rctrl
815.9140 	EXP 	Sound  started
816.6454 	DATA 	Keypress: rctrl
816.6640 	EXP 	Sound  started
817.3655 	DATA 	Keypress: rctrl
817.4140 	EXP 	Sound  started
818.1494 	DATA 	Keypress: rctrl
818.1641 	EXP 	Sound  started
818.8055 	DATA 	Keypress: rctrl
818.9141 	EXP 	Sound  started
819.5734 	DATA 	Keypress: rctrl
819.6641 	EXP 	Sound  started
820.4054 	DATA 	Keypress: rctrl
820.4141 	EXP 	Sound  started
821.1641 	EXP 	Sound  started
821.1734 	DATA 	Keypress: lctrl
821.8934 	DATA 	Keypress: lctrl
821.9141 	EXP 	Sound  started
822.5815 	DATA 	Keypress: rctrl
822.6642 	EXP 	Sound  started
823.3175 	DATA 	Keypress: lctrl
823.4142 	EXP 	Sound  started
824.1642 	EXP 	Sound  started
824.1815 	DATA 	Keypress: rctrl
824.9142 	EXP 	Sound  started
825.0456 	DATA 	Keypress: lctrl
825.6642 	EXP 	Sound  started
825.6855 	DATA 	Keypress: rctrl
826.3735 	DATA 	Keypress: lctrl
826.4142 	EXP 	Sound  started
827.0935 	DATA 	Keypress: rctrl
827.1643 	EXP 	Sound  started
827.9095 	DATA 	Keypress: lctrl
827.9143 	EXP 	Sound  started
828.6455 	DATA 	Keypress: rctrl
828.6643 	EXP 	Sound  started
829.3495 	DATA 	Keypress: lctrl
829.4143 	EXP 	Sound  started
830.0375 	DATA 	Keypress: lctrl
830.1643 	EXP 	Sound  started
830.8697 	DATA 	Keypress: rctrl
830.9143 	EXP 	Sound  started
831.5735 	DATA 	Keypress: lctrl
831.6643 	EXP 	Sound  started
832.3735 	DATA 	Keypress: rctrl
832.4143 	EXP 	Sound  started
833.0135 	DATA 	Keypress: lctrl
833.1643 	EXP 	Sound  started
833.8295 	DATA 	Keypress: rctrl
833.9144 	EXP 	Sound  started
834.6455 	DATA 	Keypress: lctrl
834.6644 	EXP 	Sound  started
835.3975 	DATA 	Keypress: rctrl
835.4144 	EXP 	Sound  started
836.1644 	EXP 	Sound  started
836.1655 	DATA 	Keypress: lctrl
836.8536 	DATA 	Keypress: rctrl
836.9144 	EXP 	Sound  started
837.6644 	EXP 	Sound  started
837.6695 	DATA 	Keypress: lctrl
838.3415 	DATA 	Keypress: rctrl
838.4145 	EXP 	Sound  started
839.0935 	DATA 	Keypress: lctrl
839.1645 	EXP 	Sound  started
839.8935 	DATA 	Keypress: rctrl
839.9145 	EXP 	Sound  started
840.6645 	EXP 	Sound  started
840.9815 	DATA 	Keypress: lctrl
841.4145 	EXP 	Sound  started
841.4615 	DATA 	Keypress: rctrl
842.1494 	DATA 	Keypress: rctrl
842.1645 	EXP 	Sound  started
842.9145 	EXP 	Sound  started
843.6055 	DATA 	Keypress: rctrl
843.6646 	EXP 	Sound  started
844.4146 	EXP 	Sound  started
844.5015 	DATA 	Keypress: lctrl
845.1415 	DATA 	Keypress: rctrl
845.1646 	EXP 	Sound  started
845.9146 	EXP 	Sound  started
846.1175 	DATA 	Keypress: lctrl
846.6646 	EXP 	Sound  started
846.7575 	DATA 	Keypress: lctrl
847.4146 	EXP 	Sound  started
847.4774 	DATA 	Keypress: lctrl
848.1646 	EXP 	Sound  started
848.3255 	DATA 	Keypress: lctrl
848.9147 	EXP 	Sound  started
849.6647 	EXP 	Sound  started
850.4147 	EXP 	Sound  started
850.6295 	DATA 	Keypress: lctrl
851.1647 	EXP 	Sound  started
851.2534 	DATA 	Keypress: lctrl
851.9095 	DATA 	Keypress: rctrl
851.9147 	EXP 	Sound  started
852.6615 	DATA 	Keypress: lctrl
852.6647 	EXP 	Sound  started
853.4147 	EXP 	Sound  started
853.4775 	DATA 	Keypress: rctrl
854.1174 	DATA 	Keypress: rctrl
854.1648 	EXP 	Sound  started
854.8534 	DATA 	Keypress: lctrl
854.9148 	EXP 	Sound  started
855.6535 	DATA 	Keypress: rctrl
855.6648 	EXP 	Sound  started
856.3255 	DATA 	Keypress: rctrl
856.4148 	EXP 	Sound  started
857.0134 	DATA 	Keypress: rctrl
857.1648 	EXP 	Sound  started
857.8135 	DATA 	Keypress: rctrl
857.9148 	EXP 	Sound  started
858.5975 	DATA 	Keypress: rctrl
858.6648 	EXP 	Sound  started
859.3815 	DATA 	Keypress: rctrl
859.4149 	EXP 	Sound  started
859.9895 	DATA 	Keypress: lctrl
860.1649 	EXP 	Sound  started
860.8534 	DATA 	Keypress: rctrl
860.9149 	EXP 	Sound  started
861.6375 	DATA 	Keypress: lctrl
861.6649 	EXP 	Sound  started
862.2935 	DATA 	Keypress: rctrl
862.4149 	EXP 	Sound  started
863.0934 	DATA 	Keypress: lctrl
863.1649 	EXP 	Sound  started
863.8455 	DATA 	Keypress: rctrl
863.9149 	EXP 	Sound  started
864.6135 	DATA 	Keypress: lctrl
864.6650 	EXP 	Sound  started
865.3015 	DATA 	Keypress: rctrl
865.4150 	EXP 	Sound  started
866.0855 	DATA 	Keypress: lctrl
866.1650 	EXP 	Sound  started
866.8695 	DATA 	Keypress: rctrl
866.9150 	EXP 	Sound  started
867.6055 	DATA 	Keypress: lctrl
867.6650 	EXP 	Sound  started
868.3894 	DATA 	Keypress: rctrl
868.4150 	EXP 	Sound  started
869.0775 	DATA 	Keypress: lctrl
869.1650 	EXP 	Sound  started
869.9151 	EXP 	Sound  started
870.0374 	DATA 	Keypress: rctrl
870.6651 	EXP 	Sound  started
870.7255 	DATA 	Keypress: lctrl
871.3015 	DATA 	Keypress: rctrl
873.6821 	DATA 	Keypress: 4
873.6985 	EXP 	unnamed ShapeStim: vertices = <class 'numpy.ndarray'>
876.2007 	DATA 	Keypress: 2
876.2172 	EXP 	unnamed ShapeStim: vertices = <class 'numpy.ndarray'>
877.9860 	DATA 	Keypress: 3
878.0025 	EXP 	unnamed ShapeStim: vertices = <class 'numpy.ndarray'>
897.8615 	DATA 	Keypress: escape
897.9265 	EXP 	window1: mouseVisible = True
