14.4844 	WARNING 	User requested fullscreen with size [1024  768], but screen is actually [1920, 1200]. Using actual size
15.2763 	EXP 	Created window1 = Window(allowGUI=False, allowStencil=False, autoLog=True, backendConf=UNKNOWN, bitsMode=UNKNOWN, blendMode='avg', bpc=(8, 8, 8), color=array([0, 0, 0]), colorSpace='rgb', depthBits=8, fullscr=<method-wrapper '__getattribute__' of attributeSetter object at 0x000002745F996780>, gamma=None, gammaErrorPolicy='raise', lms=UNKNOWN, monitor=<psychopy.monitors.calibTools.Monitor object at 0x00000274610A4080>, multiSample=False, name='window1', numSamples=2, pos=[0.0, 0.0], screen=0, size=array([1920, 1200]), stencilBits=0, stereo=False, units='norm', useFBO=True, useRetina=False, viewOri=0.0, viewPos=None, viewScale=None, waitBlanking=True, winType='pyglet')
15.2767 	EXP 	window1: mouseVisible = True
15.2767 	EXP 	window1: mouseVisible = False
15.2767 	EXP 	window1: recordFrameIntervals = False
15.4428 	EXP 	window1: recordFrameIntervals = True
15.6264 	EXP 	window1: recordFrameIntervals = False
15.6797 	EXP 	Created text = TextStim(__class__=<class 'psychopy.visual.text.TextStim'>, alignHoriz=method-wrapper(...), alignText='center', alignVert=method-wrapper(...), anchorHoriz='center', anchorVert='center', antialias=True, autoLog=True, bold=False, color=array([1., 1., 1.]), colorSpace='rgb', contrast=1.0, depth=0.0, flipHoriz=False, flipVert=False, font='Arial', fontFiles=[], height=0.15, italic=False, languageStyle='LTR', name='text', opacity=1, ori=0, pos=array([0., 0.]), rgb=UNKNOWN, text='+', units='norm', win=Window(...), wrapWidth=1)
15.7013 	EXP 	Created text = TextStim(__class__=<class 'psychopy.visual.text.TextStim'>, alignHoriz=method-wrapper(...), alignText='center', alignVert=method-wrapper(...), anchorHoriz='center', anchorVert='center', antialias=True, autoLog=True, bold=False, color=array([1., 1., 1.]), colorSpace='rgb', contrast=1.0, depth=0.0, flipHoriz=False, flipVert=False, font='Arial', fontFiles=[], height=0.07, italic=False, languageStyle='LTR', name='text', opacity=1, ori=0, pos=array([0., 0.]), rgb=UNKNOWN, text=str(...), units='norm', win=Window(...), wrapWidth=1.65)
15.7105 	EXP 	Created text = TextStim(__class__=<class 'psychopy.visual.text.TextStim'>, alignHoriz=method-wrapper(...), alignText='center', alignVert=method-wrapper(...), anchorHoriz='center', anchorVert='center', antialias=True, autoLog=True, bold=False, color=array([1., 1., 1.]), colorSpace='rgb', contrast=1.0, depth=0.0, flipHoriz=False, flipVert=False, font='Arial', fontFiles=[], height=0.07, italic=False, languageStyle='LTR', name='text', opacity=1, ori=0, pos=array([0., 0.]), rgb=UNKNOWN, text=str(...), units='norm', win=Window(...), wrapWidth=1.65)
15.7193 	EXP 	Created text = TextStim(__class__=<class 'psychopy.visual.text.TextStim'>, alignHoriz=method-wrapper(...), alignText='center', alignVert=method-wrapper(...), anchorHoriz='center', anchorVert='center', antialias=True, autoLog=True, bold=False, color=array([1., 1., 1.]), colorSpace='rgb', contrast=1.0, depth=0.0, flipHoriz=False, flipVert=False, font='Arial', fontFiles=[], height=0.07, italic=False, languageStyle='LTR', name='text', opacity=1, ori=0, pos=array([0., 0.]), rgb=UNKNOWN, text=str(...), units='norm', win=Window(...), wrapWidth=1.65)
15.7299 	EXP 	Created text = TextStim(__class__=<class 'psychopy.visual.text.TextStim'>, alignHoriz=method-wrapper(...), alignText='center', alignVert=method-wrapper(...), anchorHoriz='center', anchorVert='center', antialias=True, autoLog=True, bold=False, color=array([1., 1., 1.]), colorSpace='rgb', contrast=1.0, depth=0.0, flipHoriz=False, flipVert=False, font='Arial', fontFiles=[], height=0.07, italic=False, languageStyle='LTR', name='text', opacity=1, ori=0, pos=array([0., 0.]), rgb=UNKNOWN, text=str(...), units='norm', win=Window(...), wrapWidth=1.65)
15.7360 	EXP 	Created text = TextStim(__class__=<class 'psychopy.visual.text.TextStim'>, alignHoriz=method-wrapper(...), alignText='center', alignVert=method-wrapper(...), anchorHoriz='center', anchorVert='center', antialias=True, autoLog=True, bold=False, color=array([1., 1., 1.]), colorSpace='rgb', contrast=1.0, depth=0.0, flipHoriz=False, flipVert=False, font='Arial', fontFiles=[], height=0.07, italic=False, languageStyle='LTR', name='text', opacity=1, ori=0, pos=array([0., 0.]), rgb=UNKNOWN, text=str(...), units='norm', win=Window(...), wrapWidth=1.65)
15.7498 	EXP 	Created text = TextStim(__class__=<class 'psychopy.visual.text.TextStim'>, alignHoriz=method-wrapper(...), alignText='center', alignVert=method-wrapper(...), anchorHoriz='center', anchorVert='center', antialias=True, autoLog=True, bold=False, color=array([1., 1., 1.]), colorSpace='rgb', contrast=1.0, depth=0.0, flipHoriz=False, flipVert=False, font='Arial', fontFiles=[], height=0.15, italic=False, languageStyle='LTR', name='text', opacity=1, ori=0, pos=array([0., 0.]), rgb=UNKNOWN, text=str(...), units='norm', win=Window(...), wrapWidth=1.65)
15.7781 	EXP 	Created text = TextStim(__class__=<class 'psychopy.visual.text.TextStim'>, alignHoriz=method-wrapper(...), alignText='center', alignVert=method-wrapper(...), anchorHoriz='center', anchorVert='center', antialias=True, autoLog=True, bold=False, color=array([1., 1., 1.]), colorSpace='rgb', contrast=1.0, depth=0.0, flipHoriz=False, flipVert=False, font='Arial', fontFiles=[], height=0.07, italic=False, languageStyle='LTR', name='text', opacity=1, ori=0, pos=array([0., 0.]), rgb=UNKNOWN, text=str(...), units='norm', win=Window(...), wrapWidth=1.65)
15.7986 	EXP 	Created text = TextStim(__class__=<class 'psychopy.visual.text.TextStim'>, alignHoriz=method-wrapper(...), alignText='center', alignVert=method-wrapper(...), anchorHoriz='center', anchorVert='center', antialias=True, autoLog=True, bold=False, color=array([1., 1., 1.]), colorSpace='rgb', contrast=1.0, depth=0.0, flipHoriz=False, flipVert=False, font='Arial', fontFiles=[], height=0.07, italic=False, languageStyle='LTR', name='text', opacity=1, ori=0, pos=array([0., 0.]), rgb=UNKNOWN, text=str(...), units='norm', win=Window(...), wrapWidth=1.65)
15.8281 	EXP 	Created text = TextStim(__class__=<class 'psychopy.visual.text.TextStim'>, alignHoriz=method-wrapper(...), alignText='center', alignVert=method-wrapper(...), anchorHoriz='center', anchorVert='center', antialias=True, autoLog=True, bold=False, color=array([1., 1., 1.]), colorSpace='rgb', contrast=1.0, depth=0.0, flipHoriz=False, flipVert=False, font='Arial', fontFiles=[], height=0.07, italic=False, languageStyle='LTR', name='text', opacity=1, ori=0, pos=array([0., 0.]), rgb=UNKNOWN, text=str(...), units='norm', win=Window(...), wrapWidth=1.65)
15.8514 	EXP 	Created text = TextStim(__class__=<class 'psychopy.visual.text.TextStim'>, alignHoriz=method-wrapper(...), alignText='center', alignVert=method-wrapper(...), anchorHoriz='center', anchorVert='center', antialias=True, autoLog=True, bold=False, color=array([1., 1., 1.]), colorSpace='rgb', contrast=1.0, depth=0.0, flipHoriz=False, flipVert=False, font='Arial', fontFiles=[], height=0.07, italic=False, languageStyle='LTR', name='text', opacity=1, ori=0, pos=array([0., 0.]), rgb=UNKNOWN, text=str(...), units='norm', win=Window(...), wrapWidth=1.65)
15.8801 	EXP 	Created text = TextStim(__class__=<class 'psychopy.visual.text.TextStim'>, alignHoriz=method-wrapper(...), alignText='center', alignVert=method-wrapper(...), anchorHoriz='center', anchorVert='center', antialias=True, autoLog=True, bold=False, color=array([1., 1., 1.]), colorSpace='rgb', contrast=1.0, depth=0.0, flipHoriz=False, flipVert=False, font='Arial', fontFiles=[], height=0.07, italic=False, languageStyle='LTR', name='text', opacity=1, ori=0, pos=array([0., 0.]), rgb=UNKNOWN, text=str(...), units='norm', win=Window(...), wrapWidth=1.65)
15.8903 	EXP 	Created text = TextStim(__class__=<class 'psychopy.visual.text.TextStim'>, alignHoriz=method-wrapper(...), alignText='center', alignVert=method-wrapper(...), anchorHoriz='center', anchorVert='center', antialias=True, autoLog=True, bold=False, color=array([1., 1., 1.]), colorSpace='rgb', contrast=1.0, depth=0.0, flipHoriz=False, flipVert=False, font='Arial', fontFiles=[], height=0.07, italic=False, languageStyle='LTR', name='text', opacity=1, ori=0, pos=array([0., 0.]), rgb=UNKNOWN, text=str(...), units='norm', win=Window(...), wrapWidth=1.65)
15.9023 	EXP 	Created text = TextStim(__class__=<class 'psychopy.visual.text.TextStim'>, alignHoriz=method-wrapper(...), alignText='center', alignVert=method-wrapper(...), anchorHoriz='center', anchorVert='center', antialias=True, autoLog=True, bold=False, color=array([1., 1., 1.]), colorSpace='rgb', contrast=1.0, depth=0.0, flipHoriz=False, flipVert=False, font='Arial', fontFiles=[], height=0.07, italic=False, languageStyle='LTR', name='text', opacity=1, ori=0, pos=array([0., 0.]), rgb=UNKNOWN, text=str(...), units='norm', win=Window(...), wrapWidth=1.65)
15.9065 	EXP 	Created instru = TextStim(__class__=<class 'psychopy.visual.text.TextStim'>, alignHoriz=method-wrapper(...), alignText='center', alignVert=method-wrapper(...), anchorHoriz='center', anchorVert='center', antialias=True, autoLog=True, bold=False, color=array([1., 1., 1.]), colorSpace='rgb', contrast=1.0, depth=0.0, flipHoriz=False, flipVert=False, font='Arial', fontFiles=[], height=0.07, italic=False, languageStyle='LTR', name='instru', opacity=1, ori=0, pos=array([0. , 0.5]), rgb=UNKNOWN, text=str(...), units='norm', win=Window(...), wrapWidth=1)
15.9090 	EXP 	Created unnamed Line = Line(__class__=<class 'psychopy.visual.line.Line'>, autoDraw=False, autoLog=True, closeShape=False, color=array([1., 1., 1.]), colorSpace='rgb', contrast=None, depth=0, fillColor=array([0, 0, 0]), fillColorSpace='rgb', fillRGB=array([0, 0, 0]), interpolate=True, lineColor=array([1., 1., 1.]), lineColorSpace='rgb', lineRGB=array([1, 1, 1]), lineWidth=5, name='unnamed Line', opacity=0.5, ori=0.0, pos=array([0., 0.]), size=array([1., 1.]), units='norm', vertices=array([[-0.5,  0. ],
       [ 0.5,  0. ]]), win=Window(...), windingRule=None)
15.9112 	EXP 	Created unnamed Line = Line(__class__=<class 'psychopy.visual.line.Line'>, autoDraw=False, autoLog=True, closeShape=False, color=array([1., 1., 1.]), colorSpace='rgb', contrast=None, depth=0, fillColor=array([0, 0, 0]), fillColorSpace='rgb', fillRGB=array([0, 0, 0]), interpolate=True, lineColor=array([1., 1., 1.]), lineColorSpace='rgb', lineRGB=array([1, 1, 1]), lineWidth=3, name='unnamed Line', opacity=0.5, ori=0.0, pos=array([0., 0.]), size=array([1., 1.]), units='norm', vertices=array([[-0.5 , -0.05],
       [-0.5 ,  0.05]]), win=Window(...), windingRule=None)
15.9132 	EXP 	Created unnamed Line = Line(__class__=<class 'psychopy.visual.line.Line'>, autoDraw=False, autoLog=True, closeShape=False, color=array([1., 1., 1.]), colorSpace='rgb', contrast=None, depth=0, fillColor=array([0, 0, 0]), fillColorSpace='rgb', fillRGB=array([0, 0, 0]), interpolate=True, lineColor=array([1., 1., 1.]), lineColorSpace='rgb', lineRGB=array([1, 1, 1]), lineWidth=3, name='unnamed Line', opacity=0.5, ori=0.0, pos=array([0., 0.]), size=array([1., 1.]), units='norm', vertices=ndarray(...), win=Window(...), windingRule=None)
15.9151 	EXP 	Created unnamed Line = Line(__class__=<class 'psychopy.visual.line.Line'>, autoDraw=False, autoLog=True, closeShape=False, color=array([1., 1., 1.]), colorSpace='rgb', contrast=None, depth=0, fillColor=array([0, 0, 0]), fillColorSpace='rgb', fillRGB=array([0, 0, 0]), interpolate=True, lineColor=array([1., 1., 1.]), lineColorSpace='rgb', lineRGB=array([1, 1, 1]), lineWidth=3, name='unnamed Line', opacity=0.5, ori=0.0, pos=array([0., 0.]), size=array([1., 1.]), units='norm', vertices=ndarray(...), win=Window(...), windingRule=None)
15.9171 	EXP 	Created unnamed Line = Line(__class__=<class 'psychopy.visual.line.Line'>, autoDraw=False, autoLog=True, closeShape=False, color=array([1., 1., 1.]), colorSpace='rgb', contrast=None, depth=0, fillColor=array([0, 0, 0]), fillColorSpace='rgb', fillRGB=array([0, 0, 0]), interpolate=True, lineColor=array([1., 1., 1.]), lineColorSpace='rgb', lineRGB=array([1, 1, 1]), lineWidth=3, name='unnamed Line', opacity=0.5, ori=0.0, pos=array([0., 0.]), size=array([1., 1.]), units='norm', vertices=array([[ 0.5 , -0.05],
       [ 0.5 ,  0.05]]), win=Window(...), windingRule=None)
15.9299 	EXP 	Created unnamed TextStim = TextStim(__class__=<class 'psychopy.visual.text.TextStim'>, alignHoriz=method-wrapper(...), alignText='center', alignVert=method-wrapper(...), anchorHoriz='center', anchorVert='center', antialias=True, autoLog=True, bold=False, color=array([1., 1., 1.]), colorSpace='rgb', contrast=1.0, depth=0, flipHoriz=False, flipVert=False, font='', fontFiles=[], height=0.05, italic=False, languageStyle='LTR', name='unnamed TextStim', opacity=1.0, ori=0.0, pos=array([-0.5, -0.1]), rgb=UNKNOWN, text='Helt klart \n IKKE FOKUSERT', units='norm', win=Window(...), wrapWidth=1)
15.9309 	EXP 	Created unnamed TextStim = TextStim(__class__=<class 'psychopy.visual.text.TextStim'>, alignHoriz=method-wrapper(...), alignText='center', alignVert=method-wrapper(...), anchorHoriz='center', anchorVert='center', antialias=True, autoLog=True, bold=False, color=array([1., 1., 1.]), colorSpace='rgb', contrast=1.0, depth=0, flipHoriz=False, flipVert=False, font='', fontFiles=[], height=0.05, italic=False, languageStyle='LTR', name='unnamed TextStim', opacity=1.0, ori=0.0, pos=array([-0.16666667, -0.1       ]), rgb=UNKNOWN, text='', units='norm', win=Window(...), wrapWidth=1)
15.9319 	EXP 	Created unnamed TextStim = TextStim(__class__=<class 'psychopy.visual.text.TextStim'>, alignHoriz=method-wrapper(...), alignText='center', alignVert=method-wrapper(...), anchorHoriz='center', anchorVert='center', antialias=True, autoLog=True, bold=False, color=array([1., 1., 1.]), colorSpace='rgb', contrast=1.0, depth=0, flipHoriz=False, flipVert=False, font='', fontFiles=[], height=0.05, italic=False, languageStyle='LTR', name='unnamed TextStim', opacity=1.0, ori=0.0, pos=array([ 0.16666667, -0.1       ]), rgb=UNKNOWN, text='', units='norm', win=Window(...), wrapWidth=1)
15.9350 	EXP 	Created unnamed TextStim = TextStim(__class__=<class 'psychopy.visual.text.TextStim'>, alignHoriz=method-wrapper(...), alignText='center', alignVert=method-wrapper(...), anchorHoriz='center', anchorVert='center', antialias=True, autoLog=True, bold=False, color=array([1., 1., 1.]), colorSpace='rgb', contrast=1.0, depth=0, flipHoriz=False, flipVert=False, font='', fontFiles=[], height=0.05, italic=False, languageStyle='LTR', name='unnamed TextStim', opacity=1.0, ori=0.0, pos=array([ 0.5, -0.1]), rgb=UNKNOWN, text='Helt klart \n FOKUSERT', units='norm', win=Window(...), wrapWidth=1)
15.9369 	EXP 	Created unnamed ShapeStim = ShapeStim(__class__=<class 'psychopy.visual.shape.ShapeStim'>, autoDraw=False, autoLog=True, closeShape=True, color=method-wrapper(...), colorSpace='rgb', contrast=None, depth=0, fillColor=array([1, 1, 1]), fillColorSpace='rgb', fillRGB=array([1, 1, 1]), interpolate=True, lineColor=array([-1., -1., -1.]), lineColorSpace='rgb', lineRGB=array([-1, -1, -1]), lineWidth=1.5, name='unnamed ShapeStim', opacity=1.0, ori=0.0, pos=array([0., 0.]), size=array([1., 1.]), units='norm', vertices=ndarray(...), win=Window(...), windingRule=None)
15.9436 	EXP 	Created instru = TextStim(__class__=<class 'psychopy.visual.text.TextStim'>, alignHoriz=method-wrapper(...), alignText='center', alignVert=method-wrapper(...), anchorHoriz='center', anchorVert='center', antialias=True, autoLog=True, bold=False, color=array([1., 1., 1.]), colorSpace='rgb', contrast=1.0, depth=0.0, flipHoriz=False, flipVert=False, font='Arial', fontFiles=[], height=0.07, italic=False, languageStyle='LTR', name='instru', opacity=1, ori=0, pos=array([0. , 0.5]), rgb=UNKNOWN, text=str(...), units='norm', win=Window(...), wrapWidth=1)
15.9455 	EXP 	Created unnamed Line = Line(__class__=<class 'psychopy.visual.line.Line'>, autoDraw=False, autoLog=True, closeShape=False, color=array([1., 1., 1.]), colorSpace='rgb', contrast=None, depth=0, fillColor=array([0, 0, 0]), fillColorSpace='rgb', fillRGB=array([0, 0, 0]), interpolate=True, lineColor=array([1., 1., 1.]), lineColorSpace='rgb', lineRGB=array([1, 1, 1]), lineWidth=5, name='unnamed Line', opacity=0.5, ori=0.0, pos=array([0., 0.]), size=array([1., 1.]), units='norm', vertices=array([[-0.5,  0. ],
       [ 0.5,  0. ]]), win=Window(...), windingRule=None)
15.9475 	EXP 	Created unnamed Line = Line(__class__=<class 'psychopy.visual.line.Line'>, autoDraw=False, autoLog=True, closeShape=False, color=array([1., 1., 1.]), colorSpace='rgb', contrast=None, depth=0, fillColor=array([0, 0, 0]), fillColorSpace='rgb', fillRGB=array([0, 0, 0]), interpolate=True, lineColor=array([1., 1., 1.]), lineColorSpace='rgb', lineRGB=array([1, 1, 1]), lineWidth=3, name='unnamed Line', opacity=0.5, ori=0.0, pos=array([0., 0.]), size=array([1., 1.]), units='norm', vertices=array([[-0.5 , -0.05],
       [-0.5 ,  0.05]]), win=Window(...), windingRule=None)
15.9495 	EXP 	Created unnamed Line = Line(__class__=<class 'psychopy.visual.line.Line'>, autoDraw=False, autoLog=True, closeShape=False, color=array([1., 1., 1.]), colorSpace='rgb', contrast=None, depth=0, fillColor=array([0, 0, 0]), fillColorSpace='rgb', fillRGB=array([0, 0, 0]), interpolate=True, lineColor=array([1., 1., 1.]), lineColorSpace='rgb', lineRGB=array([1, 1, 1]), lineWidth=3, name='unnamed Line', opacity=0.5, ori=0.0, pos=array([0., 0.]), size=array([1., 1.]), units='norm', vertices=ndarray(...), win=Window(...), windingRule=None)
15.9514 	EXP 	Created unnamed Line = Line(__class__=<class 'psychopy.visual.line.Line'>, autoDraw=False, autoLog=True, closeShape=False, color=array([1., 1., 1.]), colorSpace='rgb', contrast=None, depth=0, fillColor=array([0, 0, 0]), fillColorSpace='rgb', fillRGB=array([0, 0, 0]), interpolate=True, lineColor=array([1., 1., 1.]), lineColorSpace='rgb', lineRGB=array([1, 1, 1]), lineWidth=3, name='unnamed Line', opacity=0.5, ori=0.0, pos=array([0., 0.]), size=array([1., 1.]), units='norm', vertices=ndarray(...), win=Window(...), windingRule=None)
15.9534 	EXP 	Created unnamed Line = Line(__class__=<class 'psychopy.visual.line.Line'>, autoDraw=False, autoLog=True, closeShape=False, color=array([1., 1., 1.]), colorSpace='rgb', contrast=None, depth=0, fillColor=array([0, 0, 0]), fillColorSpace='rgb', fillRGB=array([0, 0, 0]), interpolate=True, lineColor=array([1., 1., 1.]), lineColorSpace='rgb', lineRGB=array([1, 1, 1]), lineWidth=3, name='unnamed Line', opacity=0.5, ori=0.0, pos=array([0., 0.]), size=array([1., 1.]), units='norm', vertices=array([[ 0.5 , -0.05],
       [ 0.5 ,  0.05]]), win=Window(...), windingRule=None)
15.9584 	EXP 	Created unnamed TextStim = TextStim(__class__=<class 'psychopy.visual.text.TextStim'>, alignHoriz=method-wrapper(...), alignText='center', alignVert=method-wrapper(...), anchorHoriz='center', anchorVert='center', antialias=True, autoLog=True, bold=False, color=array([1., 1., 1.]), colorSpace='rgb', contrast=1.0, depth=0, flipHoriz=False, flipVert=False, font='', fontFiles=[], height=0.05, italic=False, languageStyle='LTR', name='unnamed TextStim', opacity=1.0, ori=0.0, pos=array([-0.5, -0.1]), rgb=UNKNOWN, text='Helt klart \n INGENTING', units='norm', win=Window(...), wrapWidth=1)
15.9594 	EXP 	Created unnamed TextStim = TextStim(__class__=<class 'psychopy.visual.text.TextStim'>, alignHoriz=method-wrapper(...), alignText='center', alignVert=method-wrapper(...), anchorHoriz='center', anchorVert='center', antialias=True, autoLog=True, bold=False, color=array([1., 1., 1.]), colorSpace='rgb', contrast=1.0, depth=0, flipHoriz=False, flipVert=False, font='', fontFiles=[], height=0.05, italic=False, languageStyle='LTR', name='unnamed TextStim', opacity=1.0, ori=0.0, pos=array([-0.16666667, -0.1       ]), rgb=UNKNOWN, text='', units='norm', win=Window(...), wrapWidth=1)
15.9604 	EXP 	Created unnamed TextStim = TextStim(__class__=<class 'psychopy.visual.text.TextStim'>, alignHoriz=method-wrapper(...), alignText='center', alignVert=method-wrapper(...), anchorHoriz='center', anchorVert='center', antialias=True, autoLog=True, bold=False, color=array([1., 1., 1.]), colorSpace='rgb', contrast=1.0, depth=0, flipHoriz=False, flipVert=False, font='', fontFiles=[], height=0.05, italic=False, languageStyle='LTR', name='unnamed TextStim', opacity=1.0, ori=0.0, pos=array([ 0.16666667, -0.1       ]), rgb=UNKNOWN, text='', units='norm', win=Window(...), wrapWidth=1)
15.9634 	EXP 	Created unnamed TextStim = TextStim(__class__=<class 'psychopy.visual.text.TextStim'>, alignHoriz=method-wrapper(...), alignText='center', alignVert=method-wrapper(...), anchorHoriz='center', anchorVert='center', antialias=True, autoLog=True, bold=False, color=array([1., 1., 1.]), colorSpace='rgb', contrast=1.0, depth=0, flipHoriz=False, flipVert=False, font='', fontFiles=[], height=0.05, italic=False, languageStyle='LTR', name='unnamed TextStim', opacity=1.0, ori=0.0, pos=array([ 0.5, -0.1]), rgb=UNKNOWN, text='Helt klart \n NOE', units='norm', win=Window(...), wrapWidth=1)
15.9652 	EXP 	Created unnamed ShapeStim = ShapeStim(__class__=<class 'psychopy.visual.shape.ShapeStim'>, autoDraw=False, autoLog=True, closeShape=True, color=method-wrapper(...), colorSpace='rgb', contrast=None, depth=0, fillColor=array([1, 1, 1]), fillColorSpace='rgb', fillRGB=array([1, 1, 1]), interpolate=True, lineColor=array([-1., -1., -1.]), lineColorSpace='rgb', lineRGB=array([-1, -1, -1]), lineWidth=1.5, name='unnamed ShapeStim', opacity=1.0, ori=0.0, pos=array([0., 0.]), size=array([1., 1.]), units='norm', vertices=ndarray(...), win=Window(...), windingRule=None)
15.9720 	EXP 	Created instru = TextStim(__class__=<class 'psychopy.visual.text.TextStim'>, alignHoriz=method-wrapper(...), alignText='center', alignVert=method-wrapper(...), anchorHoriz='center', anchorVert='center', antialias=True, autoLog=True, bold=False, color=array([1., 1., 1.]), colorSpace='rgb', contrast=1.0, depth=0.0, flipHoriz=False, flipVert=False, font='Arial', fontFiles=[], height=0.07, italic=False, languageStyle='LTR', name='instru', opacity=1, ori=0, pos=array([0. , 0.5]), rgb=UNKNOWN, text=str(...), units='norm', win=Window(...), wrapWidth=1)
15.9740 	EXP 	Created unnamed Line = Line(__class__=<class 'psychopy.visual.line.Line'>, autoDraw=False, autoLog=True, closeShape=False, color=array([1., 1., 1.]), colorSpace='rgb', contrast=None, depth=0, fillColor=array([0, 0, 0]), fillColorSpace='rgb', fillRGB=array([0, 0, 0]), interpolate=True, lineColor=array([1., 1., 1.]), lineColorSpace='rgb', lineRGB=array([1, 1, 1]), lineWidth=5, name='unnamed Line', opacity=0.5, ori=0.0, pos=array([0., 0.]), size=array([1., 1.]), units='norm', vertices=array([[-0.5,  0. ],
       [ 0.5,  0. ]]), win=Window(...), windingRule=None)
15.9759 	EXP 	Created unnamed Line = Line(__class__=<class 'psychopy.visual.line.Line'>, autoDraw=False, autoLog=True, closeShape=False, color=array([1., 1., 1.]), colorSpace='rgb', contrast=None, depth=0, fillColor=array([0, 0, 0]), fillColorSpace='rgb', fillRGB=array([0, 0, 0]), interpolate=True, lineColor=array([1., 1., 1.]), lineColorSpace='rgb', lineRGB=array([1, 1, 1]), lineWidth=3, name='unnamed Line', opacity=0.5, ori=0.0, pos=array([0., 0.]), size=array([1., 1.]), units='norm', vertices=array([[-0.5 , -0.05],
       [-0.5 ,  0.05]]), win=Window(...), windingRule=None)
15.9778 	EXP 	Created unnamed Line = Line(__class__=<class 'psychopy.visual.line.Line'>, autoDraw=False, autoLog=True, closeShape=False, color=array([1., 1., 1.]), colorSpace='rgb', contrast=None, depth=0, fillColor=array([0, 0, 0]), fillColorSpace='rgb', fillRGB=array([0, 0, 0]), interpolate=True, lineColor=array([1., 1., 1.]), lineColorSpace='rgb', lineRGB=array([1, 1, 1]), lineWidth=3, name='unnamed Line', opacity=0.5, ori=0.0, pos=array([0., 0.]), size=array([1., 1.]), units='norm', vertices=ndarray(...), win=Window(...), windingRule=None)
15.9798 	EXP 	Created unnamed Line = Line(__class__=<class 'psychopy.visual.line.Line'>, autoDraw=False, autoLog=True, closeShape=False, color=array([1., 1., 1.]), colorSpace='rgb', contrast=None, depth=0, fillColor=array([0, 0, 0]), fillColorSpace='rgb', fillRGB=array([0, 0, 0]), interpolate=True, lineColor=array([1., 1., 1.]), lineColorSpace='rgb', lineRGB=array([1, 1, 1]), lineWidth=3, name='unnamed Line', opacity=0.5, ori=0.0, pos=array([0., 0.]), size=array([1., 1.]), units='norm', vertices=ndarray(...), win=Window(...), windingRule=None)
15.9817 	EXP 	Created unnamed Line = Line(__class__=<class 'psychopy.visual.line.Line'>, autoDraw=False, autoLog=True, closeShape=False, color=array([1., 1., 1.]), colorSpace='rgb', contrast=None, depth=0, fillColor=array([0, 0, 0]), fillColorSpace='rgb', fillRGB=array([0, 0, 0]), interpolate=True, lineColor=array([1., 1., 1.]), lineColorSpace='rgb', lineRGB=array([1, 1, 1]), lineWidth=3, name='unnamed Line', opacity=0.5, ori=0.0, pos=array([0., 0.]), size=array([1., 1.]), units='norm', vertices=array([[ 0.5 , -0.05],
       [ 0.5 ,  0.05]]), win=Window(...), windingRule=None)
15.9863 	EXP 	Created unnamed TextStim = TextStim(__class__=<class 'psychopy.visual.text.TextStim'>, alignHoriz=method-wrapper(...), alignText='center', alignVert=method-wrapper(...), anchorHoriz='center', anchorVert='center', antialias=True, autoLog=True, bold=False, color=array([1., 1., 1.]), colorSpace='rgb', contrast=1.0, depth=0, flipHoriz=False, flipVert=False, font='', fontFiles=[], height=0.05, italic=False, languageStyle='LTR', name='unnamed TextStim', opacity=1.0, ori=0.0, pos=array([-0.5, -0.1]), rgb=UNKNOWN, text='Helt klart \n SPONTAN', units='norm', win=Window(...), wrapWidth=1)
15.9873 	EXP 	Created unnamed TextStim = TextStim(__class__=<class 'psychopy.visual.text.TextStim'>, alignHoriz=method-wrapper(...), alignText='center', alignVert=method-wrapper(...), anchorHoriz='center', anchorVert='center', antialias=True, autoLog=True, bold=False, color=array([1., 1., 1.]), colorSpace='rgb', contrast=1.0, depth=0, flipHoriz=False, flipVert=False, font='', fontFiles=[], height=0.05, italic=False, languageStyle='LTR', name='unnamed TextStim', opacity=1.0, ori=0.0, pos=array([-0.16666667, -0.1       ]), rgb=UNKNOWN, text='', units='norm', win=Window(...), wrapWidth=1)
15.9884 	EXP 	Created unnamed TextStim = TextStim(__class__=<class 'psychopy.visual.text.TextStim'>, alignHoriz=method-wrapper(...), alignText='center', alignVert=method-wrapper(...), anchorHoriz='center', anchorVert='center', antialias=True, autoLog=True, bold=False, color=array([1., 1., 1.]), colorSpace='rgb', contrast=1.0, depth=0, flipHoriz=False, flipVert=False, font='', fontFiles=[], height=0.05, italic=False, languageStyle='LTR', name='unnamed TextStim', opacity=1.0, ori=0.0, pos=array([ 0.16666667, -0.1       ]), rgb=UNKNOWN, text='', units='norm', win=Window(...), wrapWidth=1)
15.9931 	EXP 	Created unnamed TextStim = TextStim(__class__=<class 'psychopy.visual.text.TextStim'>, alignHoriz=method-wrapper(...), alignText='center', alignVert=method-wrapper(...), anchorHoriz='center', anchorVert='center', antialias=True, autoLog=True, bold=False, color=array([1., 1., 1.]), colorSpace='rgb', contrast=1.0, depth=0, flipHoriz=False, flipVert=False, font='', fontFiles=[], height=0.05, italic=False, languageStyle='LTR', name='unnamed TextStim', opacity=1.0, ori=0.0, pos=array([ 0.5, -0.1]), rgb=UNKNOWN, text='Helt klart \n BEVISST', units='norm', win=Window(...), wrapWidth=1)
15.9948 	EXP 	Created unnamed ShapeStim = ShapeStim(__class__=<class 'psychopy.visual.shape.ShapeStim'>, autoDraw=False, autoLog=True, closeShape=True, color=method-wrapper(...), colorSpace='rgb', contrast=None, depth=0, fillColor=array([1, 1, 1]), fillColorSpace='rgb', fillRGB=array([1, 1, 1]), interpolate=True, lineColor=array([-1., -1., -1.]), lineColorSpace='rgb', lineRGB=array([-1, -1, -1]), lineWidth=1.5, name='unnamed ShapeStim', opacity=1.0, ori=0.0, pos=array([0., 0.]), size=array([1., 1.]), units='norm', vertices=ndarray(...), win=Window(...), windingRule=None)
16.0448 	EXP 	Sound  set volume 1.000
16.0736 	EXP 	unnamed ShapeStim: vertices = <class 'numpy.ndarray'>
16.0736 	EXP 	unnamed ShapeStim: vertices = <class 'numpy.ndarray'>
16.0736 	EXP 	unnamed ShapeStim: vertices = <class 'numpy.ndarray'>
58.3227 	DATA 	Keypress: space
58.8459 	EXP 	Sound  started
59.0588 	DATA 	Keypress: rctrl
59.5957 	EXP 	Sound  started
59.7627 	DATA 	Keypress: rctrl
60.3457 	EXP 	Sound  started
60.3546 	DATA 	Keypress: rctrl
61.0906 	DATA 	Keypress: lctrl
61.0957 	EXP 	Sound  started
61.8426 	DATA 	Keypress: lctrl
61.8457 	EXP 	Sound  started
62.5467 	DATA 	Keypress: lctrl
62.5957 	EXP 	Sound  started
63.3457 	EXP 	Sound  started
63.3466 	DATA 	Keypress: rctrl
64.0958 	EXP 	Sound  started
64.1306 	DATA 	Keypress: lctrl
64.8458 	EXP 	Sound  started
64.8666 	DATA 	Keypress: lctrl
65.5958 	EXP 	Sound  started
65.6347 	DATA 	Keypress: lctrl
66.3458 	EXP 	Sound  started
66.3706 	DATA 	Keypress: rctrl
67.0958 	EXP 	Sound  started
67.1225 	DATA 	Keypress: lctrl
67.8458 	EXP 	Sound  started
67.8906 	DATA 	Keypress: rctrl
68.5786 	DATA 	Keypress: rctrl
68.5958 	EXP 	Sound  started
69.2986 	DATA 	Keypress: rctrl
69.3459 	EXP 	Sound  started
70.0959 	EXP 	Sound  started
70.1306 	DATA 	Keypress: rctrl
70.8186 	DATA 	Keypress: rctrl
70.8459 	EXP 	Sound  started
71.5386 	DATA 	Keypress: lctrl
71.5959 	EXP 	Sound  started
72.3226 	DATA 	Keypress: lctrl
72.3459 	EXP 	Sound  started
73.0906 	DATA 	Keypress: rctrl
73.0959 	EXP 	Sound  started
73.8425 	DATA 	Keypress: lctrl
73.8459 	EXP 	Sound  started
74.5946 	DATA 	Keypress: lctrl
74.5960 	EXP 	Sound  started
75.3306 	DATA 	Keypress: lctrl
75.3460 	EXP 	Sound  started
76.0960 	EXP 	Sound  started
76.0986 	DATA 	Keypress: lctrl
76.8345 	DATA 	Keypress: rctrl
76.8460 	EXP 	Sound  started
77.5706 	DATA 	Keypress: rctrl
77.5960 	EXP 	Sound  started
78.3460 	EXP 	Sound  started
78.3546 	DATA 	Keypress: lctrl
79.0906 	DATA 	Keypress: lctrl
79.0960 	EXP 	Sound  started
79.7946 	DATA 	Keypress: lctrl
79.8461 	EXP 	Sound  started
80.5466 	DATA 	Keypress: lctrl
80.5961 	EXP 	Sound  started
81.2987 	DATA 	Keypress: lctrl
81.3461 	EXP 	Sound  started
82.0665 	DATA 	Keypress: lctrl
82.0961 	EXP 	Sound  started
82.8346 	DATA 	Keypress: rctrl
82.8461 	EXP 	Sound  started
83.5961 	EXP 	Sound  started
83.6026 	DATA 	Keypress: rctrl
84.2905 	DATA 	Keypress: rctrl
84.3461 	EXP 	Sound  started
85.0961 	EXP 	Sound  started
85.1066 	DATA 	Keypress: lctrl
85.8266 	DATA 	Keypress: lctrl
85.8462 	EXP 	Sound  started
86.5786 	DATA 	Keypress: rctrl
86.5962 	EXP 	Sound  started
87.2826 	DATA 	Keypress: rctrl
87.3462 	EXP 	Sound  started
88.0506 	DATA 	Keypress: rctrl
88.0962 	EXP 	Sound  started
88.7866 	DATA 	Keypress: rctrl
88.8462 	EXP 	Sound  started
89.5387 	DATA 	Keypress: rctrl
89.5962 	EXP 	Sound  started
90.3067 	DATA 	Keypress: rctrl
90.3462 	EXP 	Sound  started
91.0906 	DATA 	Keypress: rctrl
91.0962 	EXP 	Sound  started
91.8267 	DATA 	Keypress: lctrl
91.8463 	EXP 	Sound  started
92.5786 	DATA 	Keypress: lctrl
92.5963 	EXP 	Sound  started
93.3463 	EXP 	Sound  started
93.3466 	DATA 	Keypress: rctrl
94.0963 	EXP 	Sound  started
94.1145 	DATA 	Keypress: lctrl
94.8186 	DATA 	Keypress: lctrl
94.8463 	EXP 	Sound  started
95.5706 	DATA 	Keypress: lctrl
95.5963 	EXP 	Sound  started
96.3386 	DATA 	Keypress: lctrl
96.3463 	EXP 	Sound  started
97.0746 	DATA 	Keypress: rctrl
97.0964 	EXP 	Sound  started
97.8105 	DATA 	Keypress: rctrl
97.8464 	EXP 	Sound  started
98.5964 	EXP 	Sound  started
98.6586 	DATA 	Keypress: lctrl
99.3305 	DATA 	Keypress: rctrl
99.3464 	EXP 	Sound  started
100.0346 	DATA 	Keypress: rctrl
100.0964 	EXP 	Sound  started
100.8026 	DATA 	Keypress: rctrl
100.8464 	EXP 	Sound  started
101.5866 	DATA 	Keypress: lctrl
101.5964 	EXP 	Sound  started
102.3385 	DATA 	Keypress: lctrl
102.3465 	EXP 	Sound  started
103.0906 	DATA 	Keypress: lctrl
103.0965 	EXP 	Sound  started
103.8465 	EXP 	Sound  started
103.8906 	DATA 	Keypress: lctrl
104.5965 	EXP 	Sound  started
104.6266 	DATA 	Keypress: rctrl
105.3465 	DATA 	Keypress: lctrl
105.3467 	EXP 	Sound  started
106.0825 	DATA 	Keypress: rctrl
106.0967 	EXP 	Sound  started
106.8346 	DATA 	Keypress: rctrl
106.8467 	EXP 	Sound  started
107.5546 	DATA 	Keypress: rctrl
107.5968 	EXP 	Sound  started
108.3386 	DATA 	Keypress: rctrl
108.3468 	EXP 	Sound  started
109.0968 	EXP 	Sound  started
109.1227 	DATA 	Keypress: lctrl
109.8106 	DATA 	Keypress: lctrl
109.8468 	EXP 	Sound  started
110.5968 	EXP 	Sound  started
110.6106 	DATA 	Keypress: rctrl
111.2985 	DATA 	Keypress: rctrl
111.3468 	EXP 	Sound  started
112.0968 	EXP 	Sound  started
112.1305 	DATA 	Keypress: rctrl
112.8469 	EXP 	Sound  started
112.8826 	DATA 	Keypress: rctrl
113.5866 	DATA 	Keypress: rctrl
113.5969 	EXP 	Sound  started
114.3469 	EXP 	Sound  started
114.3545 	DATA 	Keypress: lctrl
115.0906 	DATA 	Keypress: lctrl
115.0969 	EXP 	Sound  started
115.8469 	EXP 	Sound  started
115.8747 	DATA 	Keypress: rctrl
116.5969 	EXP 	Sound  started
116.6586 	DATA 	Keypress: lctrl
117.3469 	EXP 	Sound  started
117.3626 	DATA 	Keypress: lctrl
118.0825 	DATA 	Keypress: lctrl
118.0970 	EXP 	Sound  started
118.8346 	DATA 	Keypress: lctrl
118.8470 	EXP 	Sound  started
119.5970 	EXP 	Sound  started
119.6187 	DATA 	Keypress: rctrl
120.3470 	EXP 	Sound  started
120.3866 	DATA 	Keypress: lctrl
121.0970 	EXP 	Sound  started
121.1226 	DATA 	Keypress: lctrl
121.8425 	DATA 	Keypress: lctrl
121.8632 	EXP 	unnamed TextStim: text = ''
121.8632 	EXP 	unnamed TextStim: text = ''
123.4147 	DATA 	Keypress: 4
123.4312 	EXP 	unnamed ShapeStim: vertices = <class 'numpy.ndarray'>
124.9653 	EXP 	unnamed TextStim: text = ''
124.9653 	EXP 	unnamed TextStim: text = ''
125.4158 	DATA 	Keypress: 1
125.4324 	EXP 	unnamed ShapeStim: vertices = <class 'numpy.ndarray'>
126.9674 	EXP 	unnamed TextStim: text = ''
126.9674 	EXP 	unnamed TextStim: text = ''
127.1011 	DATA 	Keypress: 4
127.1176 	EXP 	unnamed ShapeStim: vertices = <class 'numpy.ndarray'>
129.4025 	EXP 	Sound  started
129.4033 	DATA 	Keypress: rctrl
130.0666 	DATA 	Keypress: rctrl
130.1523 	EXP 	Sound  started
130.9024 	EXP 	Sound  started
130.9466 	DATA 	Keypress: rctrl
131.6524 	EXP 	Sound  started
131.6666 	DATA 	Keypress: lctrl
132.3706 	DATA 	Keypress: lctrl
132.4024 	EXP 	Sound  started
133.1226 	DATA 	Keypress: rctrl
133.1524 	EXP 	Sound  started
133.9024 	EXP 	Sound  started
133.9226 	DATA 	Keypress: lctrl
134.6524 	EXP 	Sound  started
134.6585 	DATA 	Keypress: lctrl
135.3465 	DATA 	Keypress: lctrl
135.4024 	EXP 	Sound  started
136.1524 	EXP 	Sound  started
136.1786 	DATA 	Keypress: lctrl
136.9025 	EXP 	Sound  started
136.9466 	DATA 	Keypress: rctrl
137.6525 	EXP 	Sound  started
137.6665 	DATA 	Keypress: rctrl
138.4025 	EXP 	Sound  started
138.4185 	DATA 	Keypress: lctrl
139.1386 	DATA 	Keypress: rctrl
139.1525 	EXP 	Sound  started
139.8586 	DATA 	Keypress: rctrl
139.9025 	EXP 	Sound  started
140.6525 	EXP 	Sound  started
140.6745 	DATA 	Keypress: rctrl
141.3786 	DATA 	Keypress: rctrl
141.4025 	EXP 	Sound  started
142.1526 	EXP 	Sound  started
142.1786 	DATA 	Keypress: lctrl
142.9026 	EXP 	Sound  started
142.9306 	DATA 	Keypress: rctrl
143.6506 	DATA 	Keypress: lctrl
143.6526 	EXP 	Sound  started
144.3865 	DATA 	Keypress: lctrl
144.4026 	EXP 	Sound  started
145.1526 	EXP 	Sound  started
145.1705 	DATA 	Keypress: lctrl
145.9026 	EXP 	Sound  started
145.9068 	DATA 	Keypress: rctrl
146.6526 	EXP 	Sound  started
146.6745 	DATA 	Keypress: lctrl
147.3786 	DATA 	Keypress: rctrl
147.4027 	EXP 	Sound  started
148.1306 	DATA 	Keypress: rctrl
148.1527 	EXP 	Sound  started
148.8825 	DATA 	Keypress: rctrl
148.9027 	EXP 	Sound  started
149.6527 	EXP 	Sound  started
149.6665 	DATA 	Keypress: rctrl
150.4025 	DATA 	Keypress: lctrl
150.4027 	EXP 	Sound  started
151.1528 	EXP 	Sound  started
151.1546 	DATA 	Keypress: lctrl
151.8906 	DATA 	Keypress: rctrl
151.9028 	EXP 	Sound  started
152.6427 	DATA 	Keypress: rctrl
152.6528 	EXP 	Sound  started
153.4028 	EXP 	Sound  started
153.4266 	DATA 	Keypress: rctrl
154.1528 	EXP 	Sound  started
154.1625 	DATA 	Keypress: rctrl
154.9028 	EXP 	Sound  started
154.9145 	DATA 	Keypress: lctrl
155.6346 	DATA 	Keypress: lctrl
155.6528 	EXP 	Sound  started
156.3546 	DATA 	Keypress: lctrl
156.4028 	EXP 	Sound  started
157.1529 	EXP 	Sound  started
157.1545 	DATA 	Keypress: lctrl
157.9029 	EXP 	Sound  started
157.9067 	DATA 	Keypress: lctrl
158.6529 	EXP 	Sound  started
158.6906 	DATA 	Keypress: rctrl
159.4029 	EXP 	Sound  started
159.4266 	DATA 	Keypress: rctrl
160.1529 	EXP 	Sound  started
160.2266 	DATA 	Keypress: lctrl
160.9029 	EXP 	Sound  started
160.9626 	DATA 	Keypress: rctrl
161.6345 	DATA 	Keypress: rctrl
161.6529 	EXP 	Sound  started
162.4029 	EXP 	Sound  started
162.4185 	DATA 	Keypress: rctrl
163.1530 	EXP 	Sound  started
163.1866 	DATA 	Keypress: rctrl
163.9030 	EXP 	Sound  started
163.9066 	DATA 	Keypress: rctrl
164.6425 	DATA 	Keypress: lctrl
164.6530 	EXP 	Sound  started
165.3785 	DATA 	Keypress: lctrl
165.4030 	EXP 	Sound  started
166.1530 	EXP 	Sound  started
166.1625 	DATA 	Keypress: rctrl
166.9030 	EXP 	Sound  started
166.9145 	DATA 	Keypress: lctrl
167.6531 	EXP 	Sound  started
167.6825 	DATA 	Keypress: lctrl
168.4025 	DATA 	Keypress: lctrl
168.4031 	EXP 	Sound  started
169.1385 	DATA 	Keypress: lctrl
169.1531 	EXP 	Sound  started
169.8905 	DATA 	Keypress: rctrl
169.9031 	EXP 	Sound  started
170.6531 	EXP 	Sound  started
170.7066 	DATA 	Keypress: lctrl
171.4031 	EXP 	Sound  started
171.4265 	DATA 	Keypress: lctrl
172.1532 	EXP 	Sound  started
172.1625 	DATA 	Keypress: lctrl
172.9032 	EXP 	Sound  started
172.9145 	DATA 	Keypress: lctrl
173.6505 	DATA 	Keypress: lctrl
173.6532 	EXP 	Sound  started
174.4032 	EXP 	Sound  started
174.4185 	DATA 	Keypress: rctrl
175.1532 	EXP 	Sound  started
175.1546 	DATA 	Keypress: rctrl
175.8745 	DATA 	Keypress: lctrl
175.9032 	EXP 	Sound  started
176.6532 	EXP 	Sound  started
176.6585 	DATA 	Keypress: rctrl
177.3785 	DATA 	Keypress: rctrl
177.4032 	EXP 	Sound  started
178.1533 	EXP 	Sound  started
178.1625 	DATA 	Keypress: rctrl
178.9033 	EXP 	Sound  started
178.9145 	DATA 	Keypress: rctrl
179.6533 	EXP 	Sound  started
179.6666 	DATA 	Keypress: lctrl
180.3865 	DATA 	Keypress: lctrl
180.4033 	EXP 	Sound  started
181.1533 	EXP 	Sound  started
181.1545 	DATA 	Keypress: lctrl
181.9033 	EXP 	Sound  started
181.9385 	DATA 	Keypress: rctrl
182.6265 	DATA 	Keypress: rctrl
182.6533 	EXP 	Sound  started
183.4033 	EXP 	Sound  started
183.4105 	DATA 	Keypress: lctrl
184.1534 	EXP 	Sound  started
184.1625 	DATA 	Keypress: lctrl
184.9034 	EXP 	Sound  started
184.9145 	DATA 	Keypress: rctrl
185.6534 	EXP 	Sound  started
185.6825 	DATA 	Keypress: rctrl
186.4025 	DATA 	Keypress: rctrl
186.4034 	EXP 	Sound  started
187.1575 	DATA 	Keypress: rctrl
189.1884 	DATA 	Keypress: 4
189.2179 	EXP 	unnamed ShapeStim: vertices = <class 'numpy.ndarray'>
191.0863 	DATA 	Keypress: 1
191.1028 	EXP 	unnamed ShapeStim: vertices = <class 'numpy.ndarray'>
192.9382 	DATA 	Keypress: 4
192.9548 	EXP 	unnamed ShapeStim: vertices = <class 'numpy.ndarray'>
195.2395 	EXP 	Sound  started
195.2404 	DATA 	Keypress: lctrl
195.9385 	DATA 	Keypress: lctrl
195.9894 	EXP 	Sound  started
196.7225 	DATA 	Keypress: lctrl
196.7394 	EXP 	Sound  started
197.4894 	EXP 	Sound  started
197.5226 	DATA 	Keypress: rctrl
198.2394 	EXP 	Sound  started
198.2745 	DATA 	Keypress: lctrl
198.9895 	EXP 	Sound  started
199.0265 	DATA 	Keypress: rctrl
199.7394 	EXP 	Sound  started
199.7465 	DATA 	Keypress: rctrl
200.4505 	DATA 	Keypress: rctrl
200.4895 	EXP 	Sound  started
201.2345 	DATA 	Keypress: lctrl
201.2395 	EXP 	Sound  started
201.9895 	EXP 	Sound  started
202.0185 	DATA 	Keypress: lctrl
202.7395 	EXP 	Sound  started
202.7865 	DATA 	Keypress: rctrl
203.4895 	EXP 	Sound  started
203.4905 	DATA 	Keypress: rctrl
204.2395 	EXP 	Sound  started
204.2585 	DATA 	Keypress: rctrl
204.9895 	EXP 	Sound  started
205.0105 	DATA 	Keypress: rctrl
205.7396 	EXP 	Sound  started
205.7625 	DATA 	Keypress: lctrl
206.4896 	EXP 	Sound  started
206.4985 	DATA 	Keypress: lctrl
207.2396 	EXP 	Sound  started
207.2506 	DATA 	Keypress: rctrl
207.9865 	DATA 	Keypress: lctrl
207.9896 	EXP 	Sound  started
208.7226 	DATA 	Keypress: lctrl
208.7397 	EXP 	Sound  started
209.4897 	EXP 	Sound  started
209.4905 	DATA 	Keypress: lctrl
210.2397 	EXP 	Sound  started
210.3066 	DATA 	Keypress: lctrl
210.9897 	EXP 	Sound  started
211.0105 	DATA 	Keypress: rctrl
211.7145 	DATA 	Keypress: rctrl
211.7397 	EXP 	Sound  started
212.4897 	EXP 	Sound  started
212.4986 	DATA 	Keypress: rctrl
213.2397 	EXP 	Sound  started
213.2986 	DATA 	Keypress: rctrl
213.9897 	EXP 	Sound  started
214.0025 	DATA 	Keypress: rctrl
214.7397 	EXP 	Sound  started
214.7865 	DATA 	Keypress: lctrl
215.4898 	EXP 	Sound  started
215.5065 	DATA 	Keypress: rctrl
216.2265 	DATA 	Keypress: lctrl
216.2398 	EXP 	Sound  started
216.9898 	EXP 	Sound  started
217.0425 	DATA 	Keypress: rctrl
217.7398 	EXP 	Sound  started
217.7785 	DATA 	Keypress: lctrl
218.4898 	EXP 	Sound  started
218.5305 	DATA 	Keypress: rctrl
219.2398 	EXP 	Sound  started
219.2824 	DATA 	Keypress: lctrl
219.9898 	EXP 	Sound  started
220.0345 	DATA 	Keypress: lctrl
220.7225 	DATA 	Keypress: lctrl
220.7399 	EXP 	Sound  started
221.4899 	EXP 	Sound  started
221.5065 	DATA 	Keypress: lctrl
222.2399 	EXP 	Sound  started
222.2745 	DATA 	Keypress: lctrl
222.9899 	EXP 	Sound  started
223.0425 	DATA 	Keypress: lctrl
223.7399 	EXP 	Sound  started
223.7945 	DATA 	Keypress: rctrl
224.4899 	EXP 	Sound  started
224.5145 	DATA 	Keypress: lctrl
225.2185 	DATA 	Keypress: rctrl
225.2399 	EXP 	Sound  started
225.9899 	EXP 	Sound  started
226.0025 	DATA 	Keypress: rctrl
226.7225 	DATA 	Keypress: rctrl
226.7400 	EXP 	Sound  started
227.4900 	EXP 	Sound  started
227.5225 	DATA 	Keypress: lctrl
228.2400 	EXP 	Sound  started
228.2585 	DATA 	Keypress: lctrl
228.9900 	EXP 	Sound  started
229.0265 	DATA 	Keypress: rctrl
229.7305 	DATA 	Keypress: rctrl
229.7400 	EXP 	Sound  started
230.4665 	DATA 	Keypress: rctrl
230.4900 	EXP 	Sound  started
231.2185 	DATA 	Keypress: rctrl
231.2400 	EXP 	Sound  started
231.9901 	EXP 	Sound  started
232.0025 	DATA 	Keypress: lctrl
232.7386 	DATA 	Keypress: rctrl
232.7401 	EXP 	Sound  started
233.4745 	DATA 	Keypress: lctrl
233.4901 	EXP 	Sound  started
234.2266 	DATA 	Keypress: lctrl
234.2401 	EXP 	Sound  started
234.9785 	DATA 	Keypress: lctrl
234.9901 	EXP 	Sound  started
235.7401 	EXP 	Sound  started
235.7466 	DATA 	Keypress: lctrl
236.4826 	DATA 	Keypress: lctrl
236.4901 	EXP 	Sound  started
237.2401 	EXP 	Sound  started
237.2825 	DATA 	Keypress: rctrl
237.9902 	EXP 	Sound  started
238.0505 	DATA 	Keypress: rctrl
238.7402 	EXP 	Sound  started
238.8026 	DATA 	Keypress: lctrl
239.4902 	EXP 	Sound  started
239.5065 	DATA 	Keypress: rctrl
240.2402 	EXP 	Sound  started
240.2426 	DATA 	Keypress: rctrl
240.9902 	EXP 	Sound  started
240.9946 	DATA 	Keypress: rctrl
241.7402 	EXP 	Sound  started
241.7466 	DATA 	Keypress: rctrl
242.4825 	DATA 	Keypress: rctrl
242.4903 	EXP 	Sound  started
243.2345 	DATA 	Keypress: rctrl
243.2403 	EXP 	Sound  started
243.9903 	EXP 	Sound  started
244.0027 	DATA 	Keypress: lctrl
244.7403 	EXP 	Sound  started
244.7545 	DATA 	Keypress: lctrl
245.4744 	DATA 	Keypress: lctrl
245.4903 	EXP 	Sound  started
246.2403 	EXP 	Sound  started
246.2585 	DATA 	Keypress: lctrl
246.9903 	EXP 	Sound  started
247.0425 	DATA 	Keypress: rctrl
247.7305 	DATA 	Keypress: rctrl
247.7404 	EXP 	Sound  started
248.4904 	EXP 	Sound  started
248.4985 	DATA 	Keypress: lctrl
249.2404 	EXP 	Sound  started
249.2665 	DATA 	Keypress: rctrl
249.9904 	EXP 	Sound  started
250.0185 	DATA 	Keypress: rctrl
250.7385 	DATA 	Keypress: rctrl
250.7404 	EXP 	Sound  started
251.4745 	DATA 	Keypress: lctrl
254.3251 	DATA 	Keypress: 4
254.3546 	EXP 	unnamed ShapeStim: vertices = <class 'numpy.ndarray'>
257.3243 	DATA 	Keypress: 1
257.3408 	EXP 	unnamed ShapeStim: vertices = <class 'numpy.ndarray'>
259.2925 	DATA 	Keypress: 4
259.3091 	EXP 	unnamed ShapeStim: vertices = <class 'numpy.ndarray'>
261.5936 	EXP 	Sound  started
261.5944 	DATA 	Keypress: rctrl
262.3224 	DATA 	Keypress: rctrl
262.3434 	EXP 	Sound  started
263.0934 	EXP 	Sound  started
263.1226 	DATA 	Keypress: lctrl
263.8434 	EXP 	Sound  started
263.8905 	DATA 	Keypress: lctrl
264.5785 	DATA 	Keypress: lctrl
264.5934 	EXP 	Sound  started
265.3144 	DATA 	Keypress: rctrl
265.3435 	EXP 	Sound  started
266.0935 	EXP 	Sound  started
266.0985 	DATA 	Keypress: lctrl
266.8435 	EXP 	Sound  started
266.8665 	DATA 	Keypress: rctrl
267.5706 	DATA 	Keypress: rctrl
267.5935 	EXP 	Sound  started
268.3385 	DATA 	Keypress: rctrl
268.3435 	EXP 	Sound  started
269.0746 	DATA 	Keypress: rctrl
269.0936 	EXP 	Sound  started
269.8425 	DATA 	Keypress: lctrl
269.8436 	EXP 	Sound  started
270.5936 	EXP 	Sound  started
270.6105 	DATA 	Keypress: lctrl
271.3436 	EXP 	Sound  started
271.3625 	DATA 	Keypress: lctrl
272.0936 	EXP 	Sound  started
272.1144 	DATA 	Keypress: lctrl
272.8344 	DATA 	Keypress: lctrl
272.8436 	EXP 	Sound  started
273.5865 	DATA 	Keypress: rctrl
273.5936 	EXP 	Sound  started
274.3065 	DATA 	Keypress: rctrl
274.3436 	EXP 	Sound  started
275.0936 	EXP 	Sound  started
275.1224 	DATA 	Keypress: lctrl
275.8265 	DATA 	Keypress: rctrl
275.8437 	EXP 	Sound  started
276.5624 	DATA 	Keypress: rctrl
276.5937 	EXP 	Sound  started
277.2985 	DATA 	Keypress: rctrl
277.3437 	EXP 	Sound  started
278.0937 	EXP 	Sound  started
278.0985 	DATA 	Keypress: rctrl
278.8437 	EXP 	Sound  started
278.8664 	DATA 	Keypress: lctrl
279.5864 	DATA 	Keypress: lctrl
279.5937 	EXP 	Sound  started
280.3385 	DATA 	Keypress: rctrl
280.3437 	EXP 	Sound  started
281.0745 	DATA 	Keypress: lctrl
281.0938 	EXP 	Sound  started
281.8438 	EXP 	Sound  started
281.8585 	DATA 	Keypress: lctrl
282.5938 	EXP 	Sound  started
282.5945 	DATA 	Keypress: lctrl
283.3305 	DATA 	Keypress: lctrl
283.3438 	EXP 	Sound  started
284.0938 	EXP 	Sound  started
284.0985 	DATA 	Keypress: lctrl
284.8438 	EXP 	Sound  started
284.8985 	DATA 	Keypress: rctrl
285.5385 	DATA 	Keypress: rctrl
285.5938 	EXP 	Sound  started
286.3439 	EXP 	Sound  started
286.3544 	DATA 	Keypress: lctrl
287.0905 	DATA 	Keypress: rctrl
287.0939 	EXP 	Sound  started
287.8439 	EXP 	Sound  started
287.8585 	DATA 	Keypress: rctrl
288.5939 	EXP 	Sound  started
288.5946 	DATA 	Keypress: rctrl
289.3439 	EXP 	Sound  started
289.3946 	DATA 	Keypress: lctrl
290.0825 	DATA 	Keypress: rctrl
290.0939 	EXP 	Sound  started
290.8439 	EXP 	Sound  started
290.8504 	DATA 	Keypress: lctrl
291.5705 	DATA 	Keypress: rctrl
291.5940 	EXP 	Sound  started
292.3440 	EXP 	Sound  started
292.3706 	DATA 	Keypress: lctrl
293.0940 	EXP 	Sound  started
293.1385 	DATA 	Keypress: lctrl
293.8440 	EXP 	Sound  started
293.8585 	DATA 	Keypress: lctrl
294.5624 	DATA 	Keypress: rctrl
294.5940 	EXP 	Sound  started
295.3440 	EXP 	Sound  started
295.3625 	DATA 	Keypress: lctrl
296.0825 	DATA 	Keypress: rctrl
296.0940 	EXP 	Sound  started
296.8185 	DATA 	Keypress: rctrl
296.8440 	EXP 	Sound  started
297.5865 	DATA 	Keypress: rctrl
297.5941 	EXP 	Sound  started
298.3225 	DATA 	Keypress: rctrl
298.3441 	EXP 	Sound  started
299.0745 	DATA 	Keypress: rctrl
299.0941 	EXP 	Sound  started
299.8441 	EXP 	Sound  started
299.8905 	DATA 	Keypress: lctrl
300.5941 	EXP 	Sound  started
300.6424 	DATA 	Keypress: lctrl
301.3441 	EXP 	Sound  started
301.3625 	DATA 	Keypress: rctrl
302.0941 	EXP 	Sound  started
302.1306 	DATA 	Keypress: lctrl
302.8441 	EXP 	Sound  started
302.8985 	DATA 	Keypress: lctrl
303.6160 	DATA 	Keypress: lctrl
305.8803 	DATA 	Keypress: 4
305.8968 	EXP 	unnamed ShapeStim: vertices = <class 'numpy.ndarray'>
307.8156 	DATA 	Keypress: 1
307.8322 	EXP 	unnamed ShapeStim: vertices = <class 'numpy.ndarray'>
309.9675 	DATA 	Keypress: 4
309.9839 	EXP 	unnamed ShapeStim: vertices = <class 'numpy.ndarray'>
312.2687 	EXP 	Sound  started
312.2695 	DATA 	Keypress: rctrl
313.0105 	DATA 	Keypress: rctrl
313.0185 	EXP 	Sound  started
313.7304 	DATA 	Keypress: lctrl
313.7685 	EXP 	Sound  started
314.4985 	DATA 	Keypress: lctrl
314.5185 	EXP 	Sound  started
315.2344 	DATA 	Keypress: lctrl
315.2685 	EXP 	Sound  started
316.0186 	EXP 	Sound  started
316.0505 	DATA 	Keypress: lctrl
316.7686 	EXP 	Sound  started
316.8345 	DATA 	Keypress: rctrl
317.5064 	DATA 	Keypress: lctrl
317.5186 	EXP 	Sound  started
318.2424 	DATA 	Keypress: rctrl
318.2686 	EXP 	Sound  started
319.0186 	EXP 	Sound  started
319.0904 	DATA 	Keypress: rctrl
319.7686 	EXP 	Sound  started
319.8105 	DATA 	Keypress: rctrl
320.4984 	DATA 	Keypress: rctrl
320.5186 	EXP 	Sound  started
321.2184 	DATA 	Keypress: rctrl
321.2687 	EXP 	Sound  started
322.0024 	DATA 	Keypress: rctrl
322.0187 	EXP 	Sound  started
322.7687 	EXP 	Sound  started
322.8024 	DATA 	Keypress: lctrl
323.4905 	DATA 	Keypress: lctrl
323.5187 	EXP 	Sound  started
324.2424 	DATA 	Keypress: lctrl
324.2687 	EXP 	Sound  started
325.0187 	EXP 	Sound  started
325.0264 	DATA 	Keypress: lctrl
325.7687 	EXP 	Sound  started
325.8104 	DATA 	Keypress: rctrl
326.5144 	DATA 	Keypress: lctrl
326.5188 	EXP 	Sound  started
327.2345 	DATA 	Keypress: rctrl
327.2688 	EXP 	Sound  started
327.9865 	DATA 	Keypress: rctrl
328.0188 	EXP 	Sound  started
328.7688 	EXP 	Sound  started
328.7865 	DATA 	Keypress: rctrl
329.5189 	EXP 	Sound  started
329.5385 	DATA 	Keypress: lctrl
330.2689 	EXP 	Sound  started
330.2904 	DATA 	Keypress: rctrl
331.0189 	EXP 	Sound  started
331.0265 	DATA 	Keypress: lctrl
331.7624 	DATA 	Keypress: lctrl
331.7689 	EXP 	Sound  started
332.5144 	DATA 	Keypress: lctrl
332.5189 	EXP 	Sound  started
333.2689 	EXP 	Sound  started
333.3146 	DATA 	Keypress: rctrl
334.0185 	DATA 	Keypress: lctrl
334.0189 	EXP 	Sound  started
334.7224 	DATA 	Keypress: lctrl
334.7689 	EXP 	Sound  started
335.4904 	DATA 	Keypress: lctrl
335.5189 	EXP 	Sound  started
336.2689 	EXP 	Sound  started
336.2745 	DATA 	Keypress: lctrl
337.0190 	EXP 	Sound  started
337.0264 	DATA 	Keypress: lctrl
337.7690 	EXP 	Sound  started
337.8104 	DATA 	Keypress: rctrl
338.5144 	DATA 	Keypress: rctrl
338.5190 	EXP 	Sound  started
339.2504 	DATA 	Keypress: lctrl
339.2690 	EXP 	Sound  started
340.0185 	DATA 	Keypress: rctrl
340.0190 	EXP 	Sound  started
340.7690 	EXP 	Sound  started
340.7865 	DATA 	Keypress: rctrl
341.4585 	DATA 	Keypress: rctrl
341.5191 	EXP 	Sound  started
342.2264 	DATA 	Keypress: rctrl
342.2691 	EXP 	Sound  started
342.9624 	DATA 	Keypress: rctrl
343.0191 	EXP 	Sound  started
343.7465 	DATA 	Keypress: rctrl
343.7691 	EXP 	Sound  started
344.5191 	EXP 	Sound  started
344.5304 	DATA 	Keypress: lctrl
345.2504 	DATA 	Keypress: lctrl
345.2691 	EXP 	Sound  started
346.0184 	DATA 	Keypress: lctrl
346.0191 	EXP 	Sound  started
346.7692 	EXP 	Sound  started
346.8185 	DATA 	Keypress: rctrl
347.5192 	EXP 	Sound  started
347.5545 	DATA 	Keypress: lctrl
348.2692 	EXP 	Sound  started
348.3064 	DATA 	Keypress: rctrl
349.0104 	DATA 	Keypress: lctrl
349.0192 	EXP 	Sound  started
349.7692 	EXP 	Sound  started
349.7784 	DATA 	Keypress: lctrl
350.5192 	EXP 	Sound  started
350.5305 	DATA 	Keypress: lctrl
351.2665 	DATA 	Keypress: lctrl
351.2693 	EXP 	Sound  started
352.0025 	DATA 	Keypress: rctrl
352.0193 	EXP 	Sound  started
352.7546 	DATA 	Keypress: rctrl
352.7693 	EXP 	Sound  started
353.5193 	EXP 	Sound  started
353.5545 	DATA 	Keypress: lctrl
354.2584 	DATA 	Keypress: rctrl
354.2693 	EXP 	Sound  started
355.0193 	EXP 	Sound  started
355.0744 	DATA 	Keypress: lctrl
355.7464 	DATA 	Keypress: rctrl
355.7693 	EXP 	Sound  started
356.5193 	EXP 	Sound  started
356.5464 	DATA 	Keypress: lctrl
357.2693 	EXP 	Sound  started
357.2984 	DATA 	Keypress: rctrl
358.0194 	EXP 	Sound  started
358.0505 	DATA 	Keypress: rctrl
358.7545 	DATA 	Keypress: rctrl
358.7694 	EXP 	Sound  started
359.5194 	EXP 	Sound  started
359.5384 	DATA 	Keypress: lctrl
360.2694 	EXP 	Sound  started
360.2904 	DATA 	Keypress: lctrl
361.0194 	EXP 	Sound  started
361.0264 	DATA 	Keypress: rctrl
361.7694 	EXP 	Sound  started
361.7784 	DATA 	Keypress: rctrl
362.4984 	DATA 	Keypress: rctrl
362.5195 	EXP 	Sound  started
363.2695 	EXP 	Sound  started
363.2824 	DATA 	Keypress: rctrl
364.0024 	DATA 	Keypress: lctrl
364.0195 	EXP 	Sound  started
364.7695 	EXP 	Sound  started
364.7704 	DATA 	Keypress: lctrl
365.4904 	DATA 	Keypress: lctrl
365.5195 	EXP 	Sound  started
366.2695 	EXP 	Sound  started
366.3224 	DATA 	Keypress: lctrl
367.0195 	EXP 	Sound  started
367.0904 	DATA 	Keypress: lctrl
367.7696 	EXP 	Sound  started
367.8744 	DATA 	Keypress: lctrl
368.5196 	EXP 	Sound  started
368.5944 	DATA 	Keypress: rctrl
369.2696 	EXP 	Sound  started
369.2984 	DATA 	Keypress: lctrl
370.0184 	DATA 	Keypress: rctrl
370.0196 	EXP 	Sound  started
370.7696 	EXP 	Sound  started
370.7864 	DATA 	Keypress: rctrl
371.5196 	EXP 	Sound  started
371.5384 	DATA 	Keypress: rctrl
372.2696 	EXP 	Sound  started
372.3384 	DATA 	Keypress: lctrl
373.0196 	EXP 	Sound  started
373.0424 	DATA 	Keypress: rctrl
373.7697 	EXP 	Sound  started
373.7944 	DATA 	Keypress: lctrl
374.5197 	EXP 	Sound  started
374.5305 	DATA 	Keypress: lctrl
375.2697 	EXP 	Sound  started
375.2824 	DATA 	Keypress: lctrl
376.0197 	EXP 	Sound  started
376.0984 	DATA 	Keypress: lctrl
376.7697 	EXP 	Sound  started
376.8024 	DATA 	Keypress: rctrl
377.5197 	EXP 	Sound  started
377.5384 	DATA 	Keypress: lctrl
378.2424 	DATA 	Keypress: rctrl
378.2697 	EXP 	Sound  started
379.0198 	EXP 	Sound  started
379.0264 	DATA 	Keypress: rctrl
379.7464 	DATA 	Keypress: rctrl
381.7590 	DATA 	Keypress: 4
381.7755 	EXP 	unnamed ShapeStim: vertices = <class 'numpy.ndarray'>
385.9125 	DATA 	Keypress: 3
385.9289 	EXP 	unnamed ShapeStim: vertices = <class 'numpy.ndarray'>
387.9814 	DATA 	Keypress: 4
387.9978 	EXP 	unnamed ShapeStim: vertices = <class 'numpy.ndarray'>
390.2828 	EXP 	Sound  started
390.2837 	DATA 	Keypress: rctrl
391.0327 	EXP 	Sound  started
391.0424 	DATA 	Keypress: rctrl
391.7827 	EXP 	Sound  started
391.7944 	DATA 	Keypress: lctrl
392.5327 	EXP 	Sound  started
392.5785 	DATA 	Keypress: rctrl
393.2827 	EXP 	Sound  started
393.3624 	DATA 	Keypress: lctrl
394.0327 	EXP 	Sound  started
394.0664 	DATA 	Keypress: lctrl
394.7827 	EXP 	Sound  started
394.8184 	DATA 	Keypress: lctrl
395.5327 	EXP 	Sound  started
395.5384 	DATA 	Keypress: rctrl
396.2828 	EXP 	Sound  started
396.3384 	DATA 	Keypress: lctrl
397.0328 	EXP 	Sound  started
397.0904 	DATA 	Keypress: rctrl
397.7828 	EXP 	Sound  started
397.8423 	DATA 	Keypress: rctrl
398.5328 	EXP 	Sound  started
398.5466 	DATA 	Keypress: rctrl
399.2828 	EXP 	Sound  started
399.3144 	DATA 	Keypress: rctrl
400.0328 	EXP 	Sound  started
400.0985 	DATA 	Keypress: lctrl
400.7828 	EXP 	Sound  started
400.7864 	DATA 	Keypress: rctrl
401.5329 	EXP 	Sound  started
401.5544 	DATA 	Keypress: lctrl
402.2829 	EXP 	Sound  started
402.3063 	DATA 	Keypress: lctrl
403.0329 	EXP 	Sound  started
403.0424 	DATA 	Keypress: lctrl
403.7464 	DATA 	Keypress: rctrl
403.7829 	EXP 	Sound  started
404.5304 	DATA 	Keypress: rctrl
404.5329 	EXP 	Sound  started
405.2664 	DATA 	Keypress: lctrl
405.2829 	EXP 	Sound  started
406.0329 	EXP 	Sound  started
406.0504 	DATA 	Keypress: rctrl
406.7829 	EXP 	Sound  started
406.8183 	DATA 	Keypress: rctrl
407.5064 	DATA 	Keypress: rctrl
407.5329 	EXP 	Sound  started
408.2830 	EXP 	Sound  started
408.2904 	DATA 	Keypress: rctrl
409.0264 	DATA 	Keypress: rctrl
409.0330 	EXP 	Sound  started
409.7830 	EXP 	Sound  started
409.8104 	DATA 	Keypress: lctrl
410.5330 	EXP 	Sound  started
410.5464 	DATA 	Keypress: lctrl
411.2830 	EXP 	Sound  started
411.2984 	DATA 	Keypress: rctrl
412.0330 	EXP 	Sound  started
412.0824 	DATA 	Keypress: lctrl
412.7705 	DATA 	Keypress: lctrl
412.7831 	EXP 	Sound  started
413.5331 	EXP 	Sound  started
413.5384 	DATA 	Keypress: lctrl
414.2831 	EXP 	Sound  started
414.3064 	DATA 	Keypress: rctrl
415.0331 	EXP 	Sound  started
415.0584 	DATA 	Keypress: rctrl
415.7831 	EXP 	Sound  started
415.8424 	DATA 	Keypress: lctrl
416.5331 	EXP 	Sound  started
416.5943 	DATA 	Keypress: rctrl
417.2823 	DATA 	Keypress: rctrl
417.2831 	EXP 	Sound  started
418.0331 	EXP 	Sound  started
418.0343 	DATA 	Keypress: rctrl
418.7832 	EXP 	Sound  started
418.8024 	DATA 	Keypress: rctrl
419.5224 	DATA 	Keypress: rctrl
419.5332 	EXP 	Sound  started
420.2832 	EXP 	Sound  started
420.3224 	DATA 	Keypress: rctrl
421.0332 	EXP 	Sound  started
421.0904 	DATA 	Keypress: lctrl
421.7784 	DATA 	Keypress: lctrl
421.7832 	EXP 	Sound  started
422.5332 	EXP 	Sound  started
422.5785 	DATA 	Keypress: lctrl
423.2832 	EXP 	Sound  started
423.2983 	DATA 	Keypress: rctrl
424.0332 	EXP 	Sound  started
424.0663 	DATA 	Keypress: rctrl
424.7833 	EXP 	Sound  started
424.9304 	DATA 	Keypress: lctrl
425.5333 	EXP 	Sound  started
425.5864 	DATA 	Keypress: lctrl
426.2833 	EXP 	Sound  started
426.3063 	DATA 	Keypress: lctrl
427.0263 	DATA 	Keypress: rctrl
427.0333 	EXP 	Sound  started
427.7833 	EXP 	Sound  started
427.8263 	DATA 	Keypress: rctrl
428.5333 	EXP 	Sound  started
428.5945 	DATA 	Keypress: rctrl
429.2823 	DATA 	Keypress: rctrl
429.2833 	EXP 	Sound  started
430.0334 	EXP 	Sound  started
430.0663 	DATA 	Keypress: lctrl
430.7834 	EXP 	Sound  started
430.8344 	DATA 	Keypress: lctrl
431.5334 	EXP 	Sound  started
431.5864 	DATA 	Keypress: lctrl
432.2834 	EXP 	Sound  started
432.3863 	DATA 	Keypress: rctrl
433.0334 	EXP 	Sound  started
433.0424 	DATA 	Keypress: lctrl
433.7464 	DATA 	Keypress: rctrl
435.1402 	DATA 	Keypress: 4
435.1697 	EXP 	unnamed ShapeStim: vertices = <class 'numpy.ndarray'>
438.3892 	DATA 	Keypress: 1
438.4052 	EXP 	unnamed ShapeStim: vertices = <class 'numpy.ndarray'>
440.2073 	DATA 	Keypress: 4
440.2239 	EXP 	unnamed ShapeStim: vertices = <class 'numpy.ndarray'>
442.5094 	EXP 	Sound  started
442.5103 	DATA 	Keypress: lctrl
443.2345 	DATA 	Keypress: lctrl
443.2593 	EXP 	Sound  started
444.0023 	DATA 	Keypress: rctrl
444.0093 	EXP 	Sound  started
444.7593 	EXP 	Sound  started
444.7704 	DATA 	Keypress: lctrl
445.4904 	DATA 	Keypress: rctrl
445.5093 	EXP 	Sound  started
446.2593 	EXP 	Sound  started
446.2744 	DATA 	Keypress: lctrl
447.0094 	EXP 	Sound  started
447.0104 	DATA 	Keypress: lctrl
447.7463 	DATA 	Keypress: rctrl
447.7594 	EXP 	Sound  started
448.5094 	EXP 	Sound  started
448.5145 	DATA 	Keypress: lctrl
449.2183 	DATA 	Keypress: lctrl
449.2594 	EXP 	Sound  started
450.0023 	DATA 	Keypress: rctrl
450.0094 	EXP 	Sound  started
450.7594 	EXP 	Sound  started
450.8023 	DATA 	Keypress: lctrl
451.5094 	EXP 	Sound  started
451.5223 	DATA 	Keypress: rctrl
452.2424 	DATA 	Keypress: rctrl
452.2594 	EXP 	Sound  started
452.9783 	DATA 	Keypress: rctrl
453.0095 	EXP 	Sound  started
453.7595 	EXP 	Sound  started
453.7623 	DATA 	Keypress: rctrl
454.4343 	DATA 	Keypress: rctrl
454.5095 	EXP 	Sound  started
455.2595 	EXP 	Sound  started
455.3144 	DATA 	Keypress: lctrl
456.0024 	DATA 	Keypress: rctrl
456.0095 	EXP 	Sound  started
456.7595 	EXP 	Sound  started
456.8025 	DATA 	Keypress: lctrl
457.5096 	EXP 	Sound  started
457.5865 	DATA 	Keypress: lctrl
458.2584 	DATA 	Keypress: lctrl
458.2596 	EXP 	Sound  started
458.9944 	DATA 	Keypress: rctrl
459.0096 	EXP 	Sound  started
459.7596 	EXP 	Sound  started
459.8103 	DATA 	Keypress: rctrl
460.5096 	EXP 	Sound  started
460.5464 	DATA 	Keypress: rctrl
461.2183 	DATA 	Keypress: rctrl
461.2596 	EXP 	Sound  started
462.0096 	EXP 	Sound  started
462.0184 	DATA 	Keypress: rctrl
462.7597 	EXP 	Sound  started
462.8344 	DATA 	Keypress: lctrl
463.5097 	EXP 	Sound  started
463.5703 	DATA 	Keypress: lctrl
464.2597 	EXP 	Sound  started
464.2903 	DATA 	Keypress: rctrl
465.0097 	EXP 	Sound  started
465.0583 	DATA 	Keypress: rctrl
465.7597 	EXP 	Sound  started
465.7783 	DATA 	Keypress: lctrl
466.5097 	EXP 	Sound  started
466.5303 	DATA 	Keypress: lctrl
467.2597 	EXP 	Sound  started
467.3464 	DATA 	Keypress: rctrl
468.0024 	DATA 	Keypress: rctrl
468.0097 	EXP 	Sound  started
468.7598 	EXP 	Sound  started
468.7864 	DATA 	Keypress: rctrl
469.5098 	EXP 	Sound  started
469.5704 	DATA 	Keypress: lctrl
470.2598 	EXP 	Sound  started
470.2744 	DATA 	Keypress: rctrl
471.0098 	EXP 	Sound  started
471.0425 	DATA 	Keypress: lctrl
471.7598 	EXP 	Sound  started
471.8263 	DATA 	Keypress: lctrl
472.5099 	EXP 	Sound  started
472.7224 	DATA 	Keypress: lctrl
473.2599 	EXP 	Sound  started
473.3463 	DATA 	Keypress: lctrl
474.0099 	EXP 	Sound  started
474.0503 	DATA 	Keypress: lctrl
474.7599 	EXP 	Sound  started
474.7864 	DATA 	Keypress: rctrl
475.5099 	EXP 	Sound  started
475.5544 	DATA 	Keypress: rctrl
476.2599 	EXP 	Sound  started
476.2743 	DATA 	Keypress: rctrl
477.0099 	EXP 	Sound  started
477.0423 	DATA 	Keypress: rctrl
477.7599 	EXP 	Sound  started
477.7784 	DATA 	Keypress: rctrl
478.5100 	EXP 	Sound  started
478.5463 	DATA 	Keypress: rctrl
479.2600 	EXP 	Sound  started
479.3145 	DATA 	Keypress: lctrl
480.0100 	EXP 	Sound  started
480.0344 	DATA 	Keypress: rctrl
480.7600 	EXP 	Sound  started
480.7864 	DATA 	Keypress: lctrl
481.5100 	EXP 	Sound  started
481.5224 	DATA 	Keypress: lctrl
482.2600 	EXP 	Sound  started
482.3384 	DATA 	Keypress: lctrl
483.0100 	EXP 	Sound  started
483.0743 	DATA 	Keypress: rctrl
483.7600 	EXP 	Sound  started
483.7784 	DATA 	Keypress: rctrl
484.5101 	EXP 	Sound  started
484.5624 	DATA 	Keypress: lctrl
485.2601 	EXP 	Sound  started
485.2663 	DATA 	Keypress: lctrl
486.0101 	EXP 	Sound  started
486.0504 	DATA 	Keypress: lctrl
486.7601 	EXP 	Sound  started
486.8024 	DATA 	Keypress: lctrl
487.5101 	EXP 	Sound  started
487.5543 	DATA 	Keypress: lctrl
488.2601 	EXP 	Sound  started
488.3063 	DATA 	Keypress: rctrl
489.0101 	EXP 	Sound  started
489.0583 	DATA 	Keypress: rctrl
489.7602 	EXP 	Sound  started
489.7783 	DATA 	Keypress: lctrl
490.5102 	EXP 	Sound  started
490.5144 	DATA 	Keypress: rctrl
491.2992 	DATA 	Keypress: rctrl
493.0835 	DATA 	Keypress: 4
493.1000 	EXP 	unnamed ShapeStim: vertices = <class 'numpy.ndarray'>
496.2861 	DATA 	Keypress: 1
496.3026 	EXP 	unnamed ShapeStim: vertices = <class 'numpy.ndarray'>
498.2215 	DATA 	Keypress: 4
498.2380 	EXP 	unnamed ShapeStim: vertices = <class 'numpy.ndarray'>
500.5230 	EXP 	Sound  started
500.5238 	DATA 	Keypress: rctrl
501.2024 	DATA 	Keypress: rctrl
501.2728 	EXP 	Sound  started
502.0184 	DATA 	Keypress: lctrl
502.0228 	EXP 	Sound  started
502.7543 	DATA 	Keypress: rctrl
502.7728 	EXP 	Sound  started
503.5224 	DATA 	Keypress: rctrl
503.5229 	EXP 	Sound  started
504.2729 	EXP 	Sound  started
504.2744 	DATA 	Keypress: lctrl
505.0229 	EXP 	Sound  started
505.0263 	DATA 	Keypress: rctrl
505.7624 	DATA 	Keypress: rctrl
505.7729 	EXP 	Sound  started
506.4824 	DATA 	Keypress: rctrl
506.5229 	EXP 	Sound  started
507.2664 	DATA 	Keypress: lctrl
507.2729 	EXP 	Sound  started
508.0184 	DATA 	Keypress: lctrl
508.0229 	EXP 	Sound  started
508.7704 	DATA 	Keypress: lctrl
508.7730 	EXP 	Sound  started
509.5230 	EXP 	Sound  started
509.5383 	DATA 	Keypress: lctrl
510.2730 	EXP 	Sound  started
510.3064 	DATA 	Keypress: rctrl
510.9943 	DATA 	Keypress: lctrl
511.0230 	EXP 	Sound  started
511.7730 	EXP 	Sound  started
511.7783 	DATA 	Keypress: lctrl
512.5143 	DATA 	Keypress: lctrl
512.5230 	EXP 	Sound  started
513.2663 	DATA 	Keypress: lctrl
513.2730 	EXP 	Sound  started
514.0231 	EXP 	Sound  started
514.0343 	DATA 	Keypress: rctrl
514.7703 	DATA 	Keypress: rctrl
514.7731 	EXP 	Sound  started
515.5231 	EXP 	Sound  started
515.5543 	DATA 	Keypress: lctrl
516.2423 	DATA 	Keypress: lctrl
516.2731 	EXP 	Sound  started
516.9943 	DATA 	Keypress: lctrl
517.0231 	EXP 	Sound  started
517.7731 	EXP 	Sound  started
517.7784 	DATA 	Keypress: lctrl
518.4823 	DATA 	Keypress: lctrl
518.5231 	EXP 	Sound  started
519.2731 	EXP 	Sound  started
519.2824 	DATA 	Keypress: rctrl
520.0232 	EXP 	Sound  started
520.0343 	DATA 	Keypress: rctrl
520.7732 	EXP 	Sound  started
520.7864 	DATA 	Keypress: lctrl
521.5232 	EXP 	Sound  started
521.5383 	DATA 	Keypress: rctrl
522.2732 	EXP 	Sound  started
522.2744 	DATA 	Keypress: rctrl
523.0232 	EXP 	Sound  started
523.0264 	DATA 	Keypress: rctrl
523.7732 	EXP 	Sound  started
523.8103 	DATA 	Keypress: rctrl
524.5232 	EXP 	Sound  started
524.5624 	DATA 	Keypress: lctrl
525.2733 	EXP 	Sound  started
525.2983 	DATA 	Keypress: rctrl
526.0233 	EXP 	Sound  started
526.0663 	DATA 	Keypress: lctrl
526.7733 	EXP 	Sound  started
526.8183 	DATA 	Keypress: rctrl
527.5223 	DATA 	Keypress: rctrl
527.5233 	EXP 	Sound  started
528.2264 	DATA 	Keypress: rctrl
528.2733 	EXP 	Sound  started
529.0103 	DATA 	Keypress: rctrl
529.0233 	EXP 	Sound  started
529.7733 	EXP 	Sound  started
529.7943 	DATA 	Keypress: lctrl
530.5143 	DATA 	Keypress: lctrl
530.5233 	EXP 	Sound  started
531.2734 	EXP 	Sound  started
531.3143 	DATA 	Keypress: lctrl
532.0234 	EXP 	Sound  started
532.0665 	DATA 	Keypress: rctrl
532.7734 	EXP 	Sound  started
532.7863 	DATA 	Keypress: lctrl
533.5223 	DATA 	Keypress: lctrl
533.5234 	EXP 	Sound  started
534.2584 	DATA 	Keypress: lctrl
534.2734 	EXP 	Sound  started
535.0235 	EXP 	Sound  started
535.0263 	DATA 	Keypress: lctrl
535.7735 	EXP 	Sound  started
535.8264 	DATA 	Keypress: lctrl
536.5235 	EXP 	Sound  started
536.5303 	DATA 	Keypress: rctrl
537.2664 	DATA 	Keypress: rctrl
537.2735 	EXP 	Sound  started
538.0235 	EXP 	Sound  started
538.0823 	DATA 	Keypress: lctrl
538.7735 	EXP 	Sound  started
538.8183 	DATA 	Keypress: lctrl
539.5235 	EXP 	Sound  started
539.5384 	DATA 	Keypress: lctrl
540.2583 	DATA 	Keypress: lctrl
540.2736 	EXP 	Sound  started
541.0236 	EXP 	Sound  started
541.0424 	DATA 	Keypress: lctrl
541.7623 	DATA 	Keypress: lctrl
541.7736 	EXP 	Sound  started
542.5143 	DATA 	Keypress: lctrl
542.5236 	EXP 	Sound  started
543.2736 	EXP 	Sound  started
543.3463 	DATA 	Keypress: rctrl
544.0236 	EXP 	Sound  started
544.0503 	DATA 	Keypress: lctrl
544.7543 	DATA 	Keypress: rctrl
544.7736 	EXP 	Sound  started
545.5237 	EXP 	Sound  started
545.5383 	DATA 	Keypress: lctrl
546.2737 	EXP 	Sound  started
546.2743 	DATA 	Keypress: lctrl
547.0237 	EXP 	Sound  started
547.0263 	DATA 	Keypress: lctrl
547.7623 	DATA 	Keypress: rctrl
547.7737 	EXP 	Sound  started
548.5237 	EXP 	Sound  started
548.5463 	DATA 	Keypress: rctrl
549.2663 	DATA 	Keypress: lctrl
549.2737 	EXP 	Sound  started
550.0184 	DATA 	Keypress: rctrl
550.0237 	EXP 	Sound  started
550.8016 	DATA 	Keypress: rctrl
552.5994 	DATA 	Keypress: 4
552.6154 	EXP 	unnamed ShapeStim: vertices = <class 'numpy.ndarray'>
554.6677 	DATA 	Keypress: 2
554.6842 	EXP 	unnamed ShapeStim: vertices = <class 'numpy.ndarray'>
557.1865 	DATA 	Keypress: 4
557.2030 	EXP 	unnamed ShapeStim: vertices = <class 'numpy.ndarray'>
559.4881 	EXP 	Sound  started
559.4890 	DATA 	Keypress: lctrl
560.2264 	DATA 	Keypress: lctrl
560.2379 	EXP 	Sound  started
560.9623 	DATA 	Keypress: lctrl
560.9879 	EXP 	Sound  started
561.7380 	EXP 	Sound  started
561.7943 	DATA 	Keypress: lctrl
562.4880 	EXP 	Sound  started
562.5463 	DATA 	Keypress: rctrl
563.2380 	EXP 	Sound  started
563.2663 	DATA 	Keypress: lctrl
563.9703 	DATA 	Keypress: rctrl
563.9880 	EXP 	Sound  started
564.7380 	EXP 	Sound  started
564.7383 	DATA 	Keypress: lctrl
565.4583 	DATA 	Keypress: rctrl
565.4880 	EXP 	Sound  started
566.2263 	DATA 	Keypress: lctrl
566.2381 	EXP 	Sound  started
566.9881 	EXP 	Sound  started
567.0103 	DATA 	Keypress: rctrl
567.7381 	EXP 	Sound  started
567.7463 	DATA 	Keypress: rctrl
568.4823 	DATA 	Keypress: rctrl
568.4881 	EXP 	Sound  started
569.2381 	EXP 	Sound  started
569.2664 	DATA 	Keypress: lctrl
569.9881 	EXP 	Sound  started
570.0343 	DATA 	Keypress: rctrl
570.7381 	EXP 	Sound  started
570.8023 	DATA 	Keypress: rctrl
571.4881 	EXP 	Sound  started
571.5542 	DATA 	Keypress: lctrl
572.2382 	EXP 	Sound  started
572.2583 	DATA 	Keypress: rctrl
572.9882 	EXP 	Sound  started
572.9943 	DATA 	Keypress: rctrl
573.7382 	EXP 	Sound  started
573.8262 	DATA 	Keypress: lctrl
574.4882 	EXP 	Sound  started
574.5303 	DATA 	Keypress: lctrl
575.2382 	EXP 	Sound  started
575.2502 	DATA 	Keypress: lctrl
575.9882 	EXP 	Sound  started
576.0023 	DATA 	Keypress: lctrl
576.6903 	DATA 	Keypress: rctrl
576.7382 	EXP 	Sound  started
577.4883 	EXP 	Sound  started
577.5063 	DATA 	Keypress: rctrl
578.2383 	EXP 	Sound  started
578.2742 	DATA 	Keypress: rctrl
578.9883 	EXP 	Sound  started
579.0264 	DATA 	Keypress: lctrl
579.7383 	EXP 	Sound  started
579.7463 	DATA 	Keypress: rctrl
580.4883 	EXP 	Sound  started
580.5143 	DATA 	Keypress: rctrl
581.2383 	EXP 	Sound  started
581.2502 	DATA 	Keypress: rctrl
581.9883 	EXP 	Sound  started
582.0342 	DATA 	Keypress: lctrl
582.7063 	DATA 	Keypress: lctrl
582.7384 	EXP 	Sound  started
583.4884 	EXP 	Sound  started
583.5382 	DATA 	Keypress: lctrl
584.2263 	DATA 	Keypress: rctrl
584.2384 	EXP 	Sound  started
584.9884 	EXP 	Sound  started
585.0102 	DATA 	Keypress: lctrl
585.7384 	EXP 	Sound  started
585.8263 	DATA 	Keypress: rctrl
586.4822 	DATA 	Keypress: rctrl
586.4884 	EXP 	Sound  started
587.1863 	DATA 	Keypress: rctrl
587.2384 	EXP 	Sound  started
587.9384 	DATA 	Keypress: rctrl
587.9885 	EXP 	Sound  started
588.7223 	DATA 	Keypress: rctrl
588.7385 	EXP 	Sound  started
589.4743 	DATA 	Keypress: rctrl
589.4885 	EXP 	Sound  started
590.2385 	EXP 	Sound  started
590.2423 	DATA 	Keypress: rctrl
590.9885 	EXP 	Sound  started
591.0582 	DATA 	Keypress: lctrl
591.7385 	EXP 	Sound  started
591.7783 	DATA 	Keypress: lctrl
592.4886 	EXP 	Sound  started
592.5464 	DATA 	Keypress: lctrl
593.2343 	DATA 	Keypress: rctrl
593.2386 	EXP 	Sound  started
593.9702 	DATA 	Keypress: lctrl
593.9886 	EXP 	Sound  started
594.7063 	DATA 	Keypress: lctrl
594.7386 	EXP 	Sound  started
595.4886 	EXP 	Sound  started
595.5223 	DATA 	Keypress: lctrl
596.2386 	EXP 	Sound  started
596.2583 	DATA 	Keypress: lctrl
596.9886 	EXP 	Sound  started
596.9943 	DATA 	Keypress: lctrl
597.7386 	EXP 	Sound  started
597.7944 	DATA 	Keypress: rctrl
598.4887 	EXP 	Sound  started
598.5463 	DATA 	Keypress: rctrl
599.2387 	EXP 	Sound  started
599.3143 	DATA 	Keypress: lctrl
599.9887 	EXP 	Sound  started
600.0184 	DATA 	Keypress: lctrl
600.7384 	DATA 	Keypress: lctrl
600.7387 	EXP 	Sound  started
601.4887 	EXP 	Sound  started
601.5223 	DATA 	Keypress: lctrl
602.2387 	EXP 	Sound  started
602.2583 	DATA 	Keypress: lctrl
602.9783 	DATA 	Keypress: rctrl
602.9887 	EXP 	Sound  started
603.7388 	EXP 	Sound  started
603.7623 	DATA 	Keypress: rctrl
604.4888 	EXP 	Sound  started
604.5463 	DATA 	Keypress: lctrl
605.2388 	EXP 	Sound  started
605.2663 	DATA 	Keypress: lctrl
605.9888 	EXP 	Sound  started
606.0662 	DATA 	Keypress: rctrl
606.7388 	EXP 	Sound  started
606.8022 	DATA 	Keypress: rctrl
607.4742 	DATA 	Keypress: rctrl
607.4888 	EXP 	Sound  started
608.2388 	EXP 	Sound  started
608.2742 	DATA 	Keypress: rctrl
608.9889 	EXP 	Sound  started
609.0422 	DATA 	Keypress: lctrl
609.7389 	EXP 	Sound  started
609.7462 	DATA 	Keypress: rctrl
610.4823 	DATA 	Keypress: rctrl
610.4889 	EXP 	Sound  started
611.2389 	EXP 	Sound  started
611.2662 	DATA 	Keypress: rctrl
611.9889 	EXP 	Sound  started
612.0182 	DATA 	Keypress: rctrl
612.7223 	DATA 	Keypress: rctrl
612.7389 	EXP 	Sound  started
613.4889 	EXP 	Sound  started
613.5383 	DATA 	Keypress: lctrl
614.2390 	EXP 	Sound  started
614.2422 	DATA 	Keypress: lctrl
614.9623 	DATA 	Keypress: rctrl
614.9890 	EXP 	Sound  started
615.7390 	EXP 	Sound  started
615.7943 	DATA 	Keypress: lctrl
616.4822 	DATA 	Keypress: rctrl
616.4890 	EXP 	Sound  started
617.2390 	EXP 	Sound  started
617.2983 	DATA 	Keypress: lctrl
617.9703 	DATA 	Keypress: lctrl
617.9890 	EXP 	Sound  started
618.7390 	EXP 	Sound  started
618.8022 	DATA 	Keypress: lctrl
619.4743 	DATA 	Keypress: rctrl
619.4891 	EXP 	Sound  started
620.2391 	EXP 	Sound  started
620.2903 	DATA 	Keypress: lctrl
620.9891 	EXP 	Sound  started
620.9942 	DATA 	Keypress: lctrl
621.7142 	DATA 	Keypress: lctrl
621.7391 	EXP 	Sound  started
622.4823 	DATA 	Keypress: lctrl
622.4891 	EXP 	Sound  started
623.2391 	EXP 	Sound  started
623.2663 	DATA 	Keypress: rctrl
623.9862 	DATA 	Keypress: rctrl
627.0765 	DATA 	Keypress: 4
627.0930 	EXP 	unnamed ShapeStim: vertices = <class 'numpy.ndarray'>
629.3487 	DATA 	Keypress: 1
629.3782 	EXP 	unnamed ShapeStim: vertices = <class 'numpy.ndarray'>
633.6152 	DATA 	Keypress: 3
633.6317 	EXP 	unnamed ShapeStim: vertices = <class 'numpy.ndarray'>
635.9160 	EXP 	Sound  started
635.9704 	DATA 	Keypress: rctrl
636.6583 	DATA 	Keypress: rctrl
636.6659 	EXP 	Sound  started
637.3942 	DATA 	Keypress: lctrl
637.4159 	EXP 	Sound  started
638.0823 	DATA 	Keypress: rctrl
638.1659 	EXP 	Sound  started
638.8984 	DATA 	Keypress: rctrl
638.9159 	EXP 	Sound  started
639.6182 	DATA 	Keypress: rctrl
639.6659 	EXP 	Sound  started
640.3703 	DATA 	Keypress: lctrl
640.4159 	EXP 	Sound  started
641.1223 	DATA 	Keypress: lctrl
641.1660 	EXP 	Sound  started
641.8742 	DATA 	Keypress: rctrl
641.9160 	EXP 	Sound  started
642.6660 	EXP 	Sound  started
642.7063 	DATA 	Keypress: lctrl
643.3783 	DATA 	Keypress: lctrl
643.4160 	EXP 	Sound  started
644.1463 	DATA 	Keypress: lctrl
644.1660 	EXP 	Sound  started
644.9160 	EXP 	Sound  started
644.9303 	DATA 	Keypress: rctrl
645.6182 	DATA 	Keypress: lctrl
645.6660 	EXP 	Sound  started
646.3863 	DATA 	Keypress: lctrl
646.4160 	EXP 	Sound  started
647.1382 	DATA 	Keypress: lctrl
647.1661 	EXP 	Sound  started
647.9062 	DATA 	Keypress: lctrl
647.9161 	EXP 	Sound  started
648.6262 	DATA 	Keypress: rctrl
648.6661 	EXP 	Sound  started
649.3943 	DATA 	Keypress: rctrl
649.4161 	EXP 	Sound  started
650.1661 	EXP 	Sound  started
650.1783 	DATA 	Keypress: lctrl
650.8982 	DATA 	Keypress: rctrl
650.9161 	EXP 	Sound  started
651.6502 	DATA 	Keypress: rctrl
651.6661 	EXP 	Sound  started
652.3863 	DATA 	Keypress: rctrl
652.4162 	EXP 	Sound  started
653.1222 	DATA 	Keypress: rctrl
653.1662 	EXP 	Sound  started
653.9063 	DATA 	Keypress: rctrl
653.9162 	EXP 	Sound  started
654.6662 	EXP 	Sound  started
654.6743 	DATA 	Keypress: lctrl
655.4102 	DATA 	Keypress: lctrl
655.4162 	EXP 	Sound  started
656.1622 	DATA 	Keypress: rctrl
656.1662 	EXP 	Sound  started
656.9162 	EXP 	Sound  started
656.9622 	DATA 	Keypress: lctrl
657.6663 	DATA 	Keypress: lctrl
657.6664 	EXP 	Sound  started
658.3862 	DATA 	Keypress: lctrl
658.4165 	EXP 	Sound  started
659.1543 	DATA 	Keypress: lctrl
659.1665 	EXP 	Sound  started
659.8743 	DATA 	Keypress: rctrl
659.9165 	EXP 	Sound  started
660.6422 	DATA 	Keypress: rctrl
660.6665 	EXP 	Sound  started
661.4165 	EXP 	Sound  started
661.4583 	DATA 	Keypress: lctrl
662.1665 	EXP 	Sound  started
662.1783 	DATA 	Keypress: rctrl
662.9143 	DATA 	Keypress: rctrl
662.9165 	EXP 	Sound  started
663.6662 	DATA 	Keypress: rctrl
663.6666 	EXP 	Sound  started
664.4023 	DATA 	Keypress: rctrl
664.4166 	EXP 	Sound  started
665.1666 	EXP 	Sound  started
665.1703 	DATA 	Keypress: rctrl
665.9166 	EXP 	Sound  started
665.9383 	DATA 	Keypress: lctrl
666.6583 	DATA 	Keypress: lctrl
666.6666 	EXP 	Sound  started
667.4166 	EXP 	Sound  started
667.4423 	DATA 	Keypress: lctrl
668.1666 	EXP 	Sound  started
668.1942 	DATA 	Keypress: lctrl
668.9167 	EXP 	Sound  started
668.9304 	DATA 	Keypress: lctrl
669.6667 	EXP 	Sound  started
669.7142 	DATA 	Keypress: rctrl
670.4022 	DATA 	Keypress: lctrl
670.4167 	EXP 	Sound  started
671.1542 	DATA 	Keypress: lctrl
671.1667 	EXP 	Sound  started
671.9167 	EXP 	Sound  started
671.9223 	DATA 	Keypress: rctrl
672.6667 	EXP 	Sound  started
672.7222 	DATA 	Keypress: lctrl
673.4167 	EXP 	Sound  started
673.4422 	DATA 	Keypress: lctrl
674.1668 	EXP 	Sound  started
674.1783 	DATA 	Keypress: lctrl
674.9143 	DATA 	Keypress: lctrl
690.8825 	DATA 	Keypress: 4
690.9119 	EXP 	unnamed ShapeStim: vertices = <class 'numpy.ndarray'>
694.1982 	DATA 	Keypress: 2
694.2147 	EXP 	unnamed ShapeStim: vertices = <class 'numpy.ndarray'>
696.0366 	DATA 	Keypress: 4
696.0662 	EXP 	unnamed ShapeStim: vertices = <class 'numpy.ndarray'>
698.3518 	EXP 	Sound  started
698.3703 	DATA 	Keypress: lctrl
699.0582 	DATA 	Keypress: lctrl
699.1016 	EXP 	Sound  started
699.8517 	EXP 	Sound  started
699.8902 	DATA 	Keypress: rctrl
700.6017 	EXP 	Sound  started
700.6102 	DATA 	Keypress: lctrl
701.3462 	DATA 	Keypress: lctrl
701.3517 	EXP 	Sound  started
702.1017 	EXP 	Sound  started
702.1142 	DATA 	Keypress: lctrl
702.8517 	EXP 	Sound  started
702.8663 	DATA 	Keypress: rctrl
703.5703 	DATA 	Keypress: rctrl
703.6017 	EXP 	Sound  started
704.3517 	EXP 	Sound  started
704.3543 	DATA 	Keypress: lctrl
705.0902 	DATA 	Keypress: lctrl
705.1018 	EXP 	Sound  started
705.8422 	DATA 	Keypress: lctrl
705.8518 	EXP 	Sound  started
706.5782 	DATA 	Keypress: lctrl
706.6018 	EXP 	Sound  started
707.3518 	EXP 	Sound  started
707.3622 	DATA 	Keypress: rctrl
708.1018 	EXP 	Sound  started
708.1302 	DATA 	Keypress: rctrl
708.8518 	EXP 	Sound  started
708.8983 	DATA 	Keypress: rctrl
709.6019 	EXP 	Sound  started
709.6342 	DATA 	Keypress: lctrl
710.3222 	DATA 	Keypress: lctrl
710.3519 	EXP 	Sound  started
711.0903 	DATA 	Keypress: rctrl
711.1019 	EXP 	Sound  started
711.8519 	EXP 	Sound  started
711.8582 	DATA 	Keypress: lctrl
712.5782 	DATA 	Keypress: lctrl
712.6019 	EXP 	Sound  started
713.3462 	DATA 	Keypress: lctrl
713.3519 	EXP 	Sound  started
714.0983 	DATA 	Keypress: lctrl
714.1019 	EXP 	Sound  started
714.8503 	DATA 	Keypress: rctrl
714.8520 	EXP 	Sound  started
715.6020 	EXP 	Sound  started
715.6183 	DATA 	Keypress: rctrl
716.3520 	EXP 	Sound  started
716.3862 	DATA 	Keypress: lctrl
717.0902 	DATA 	Keypress: lctrl
717.1020 	EXP 	Sound  started
717.8262 	DATA 	Keypress: lctrl
717.8520 	EXP 	Sound  started
718.5943 	DATA 	Keypress: lctrl
718.6020 	EXP 	Sound  started
719.3463 	DATA 	Keypress: lctrl
719.3520 	EXP 	Sound  started
720.1021 	EXP 	Sound  started
720.1143 	DATA 	Keypress: rctrl
720.8521 	EXP 	Sound  started
720.8662 	DATA 	Keypress: lctrl
721.6021 	EXP 	Sound  started
721.6022 	DATA 	Keypress: rctrl
722.3383 	DATA 	Keypress: rctrl
722.3521 	EXP 	Sound  started
723.1021 	EXP 	Sound  started
723.1222 	DATA 	Keypress: rctrl
723.8422 	DATA 	Keypress: rctrl
723.8521 	EXP 	Sound  started
724.6021 	EXP 	Sound  started
724.6422 	DATA 	Keypress: rctrl
725.3521 	EXP 	Sound  started
725.3942 	DATA 	Keypress: rctrl
726.1021 	EXP 	Sound  started
726.1302 	DATA 	Keypress: lctrl
726.8522 	EXP 	Sound  started
726.8982 	DATA 	Keypress: lctrl
727.6022 	EXP 	Sound  started
727.6343 	DATA 	Keypress: rctrl
728.3522 	EXP 	Sound  started
728.3702 	DATA 	Keypress: lctrl
729.1022 	EXP 	Sound  started
729.1382 	DATA 	Keypress: lctrl
729.8522 	EXP 	Sound  started
729.8582 	DATA 	Keypress: lctrl
730.6022 	EXP 	Sound  started
730.6102 	DATA 	Keypress: lctrl
731.3522 	EXP 	Sound  started
731.3622 	DATA 	Keypress: rctrl
732.1023 	EXP 	Sound  started
732.1303 	DATA 	Keypress: lctrl
732.8523 	EXP 	Sound  started
732.8982 	DATA 	Keypress: lctrl
733.6023 	EXP 	Sound  started
733.6182 	DATA 	Keypress: lctrl
734.3222 	DATA 	Keypress: lctrl
734.3523 	EXP 	Sound  started
735.1023 	EXP 	Sound  started
735.1382 	DATA 	Keypress: lctrl
735.8523 	EXP 	Sound  started
735.9062 	DATA 	Keypress: rctrl
736.6023 	EXP 	Sound  started
736.6262 	DATA 	Keypress: rctrl
737.3524 	EXP 	Sound  started
737.4102 	DATA 	Keypress: lctrl
738.1024 	EXP 	Sound  started
738.1621 	DATA 	Keypress: lctrl
738.8524 	EXP 	Sound  started
738.8982 	DATA 	Keypress: lctrl
739.6023 	DATA 	Keypress: rctrl
739.6025 	EXP 	Sound  started
740.3525 	EXP 	Sound  started
740.3703 	DATA 	Keypress: rctrl
741.1025 	EXP 	Sound  started
741.1061 	DATA 	Keypress: rctrl
741.8525 	EXP 	Sound  started
741.8582 	DATA 	Keypress: rctrl
742.6025 	EXP 	Sound  started
742.6262 	DATA 	Keypress: rctrl
743.3525 	EXP 	Sound  started
743.4262 	DATA 	Keypress: lctrl
744.1025 	EXP 	Sound  started
744.1622 	DATA 	Keypress: lctrl
744.8526 	EXP 	Sound  started
744.8983 	DATA 	Keypress: rctrl
745.6026 	EXP 	Sound  started
745.6662 	DATA 	Keypress: lctrl
746.3526 	EXP 	Sound  started
746.3702 	DATA 	Keypress: lctrl
747.0901 	DATA 	Keypress: lctrl
747.1026 	EXP 	Sound  started
747.8526 	EXP 	Sound  started
747.9222 	DATA 	Keypress: lctrl
748.6026 	EXP 	Sound  started
748.6742 	DATA 	Keypress: rctrl
749.3526 	EXP 	Sound  started
749.4262 	DATA 	Keypress: lctrl
750.1026 	EXP 	Sound  started
750.1782 	DATA 	Keypress: rctrl
750.8527 	EXP 	Sound  started
750.9143 	DATA 	Keypress: rctrl
751.6027 	EXP 	Sound  started
751.6342 	DATA 	Keypress: rctrl
752.3527 	EXP 	Sound  started
752.4022 	DATA 	Keypress: rctrl
753.1027 	EXP 	Sound  started
753.1542 	DATA 	Keypress: rctrl
753.8527 	EXP 	Sound  started
753.8741 	DATA 	Keypress: rctrl
754.6027 	EXP 	Sound  started
754.6582 	DATA 	Keypress: rctrl
755.3527 	EXP 	Sound  started
755.4101 	DATA 	Keypress: lctrl
756.1028 	EXP 	Sound  started
756.1302 	DATA 	Keypress: lctrl
756.8528 	EXP 	Sound  started
756.9302 	DATA 	Keypress: lctrl
757.6377 	DATA 	Keypress: rctrl
759.8352 	DATA 	Keypress: 4
759.8517 	EXP 	unnamed ShapeStim: vertices = <class 'numpy.ndarray'>
763.0378 	DATA 	Keypress: 3
763.0543 	EXP 	unnamed ShapeStim: vertices = <class 'numpy.ndarray'>
765.0103 	DATA 	Keypress: 4
765.0398 	EXP 	unnamed ShapeStim: vertices = <class 'numpy.ndarray'>
769.3424 	DATA 	Keypress: rctrl
991.8582 	DATA 	Keypress: return
991.9300 	EXP 	window1: mouseVisible = True
