14.5494 	WARNING 	User requested fullscreen with size [1024  768], but screen is actually [1920, 1200]. Using actual size
15.3649 	EXP 	Created window1 = Window(allowGUI=False, allowStencil=False, autoLog=True, backendConf=UNKNOWN, bitsMode=UNKNOWN, blendMode='avg', bpc=(8, 8, 8), color=array([0, 0, 0]), colorSpace='rgb', depthBits=8, fullscr=<method-wrapper '__getattribute__' of attributeSetter object at 0x0000018197EB67B8>, gamma=None, gammaErrorPolicy='raise', lms=UNKNOWN, monitor=<psychopy.monitors.calibTools.Monitor object at 0x00000181995F40B8>, multiSample=False, name='window1', numSamples=2, pos=[0.0, 0.0], screen=0, size=array([1920, 1200]), stencilBits=0, stereo=False, units='norm', useFBO=True, useRetina=False, viewOri=0.0, viewPos=None, viewScale=None, waitBlanking=True, winType='pyglet')
15.3653 	EXP 	window1: mouseVisible = True
15.3653 	EXP 	window1: mouseVisible = False
15.3653 	EXP 	window1: recordFrameIntervals = False
15.5315 	EXP 	window1: recordFrameIntervals = True
15.7151 	EXP 	window1: recordFrameIntervals = False
15.7696 	EXP 	Created text = TextStim(__class__=<class 'psychopy.visual.text.TextStim'>, alignHoriz=method-wrapper(...), alignText='center', alignVert=method-wrapper(...), anchorHoriz='center', anchorVert='center', antialias=True, autoLog=True, bold=False, color=array([1., 1., 1.]), colorSpace='rgb', contrast=1.0, depth=0.0, flipHoriz=False, flipVert=False, font='Arial', fontFiles=[], height=0.15, italic=False, languageStyle='LTR', name='text', opacity=1, ori=0, pos=array([0., 0.]), rgb=UNKNOWN, text='+', units='norm', win=Window(...), wrapWidth=1)
15.7910 	EXP 	Created text = TextStim(__class__=<class 'psychopy.visual.text.TextStim'>, alignHoriz=method-wrapper(...), alignText='center', alignVert=method-wrapper(...), anchorHoriz='center', anchorVert='center', antialias=True, autoLog=True, bold=False, color=array([1., 1., 1.]), colorSpace='rgb', contrast=1.0, depth=0.0, flipHoriz=False, flipVert=False, font='Arial', fontFiles=[], height=0.07, italic=False, languageStyle='LTR', name='text', opacity=1, ori=0, pos=array([0., 0.]), rgb=UNKNOWN, text=str(...), units='norm', win=Window(...), wrapWidth=1.65)
15.8006 	EXP 	Created text = TextStim(__class__=<class 'psychopy.visual.text.TextStim'>, alignHoriz=method-wrapper(...), alignText='center', alignVert=method-wrapper(...), anchorHoriz='center', anchorVert='center', antialias=True, autoLog=True, bold=False, color=array([1., 1., 1.]), colorSpace='rgb', contrast=1.0, depth=0.0, flipHoriz=False, flipVert=False, font='Arial', fontFiles=[], height=0.07, italic=False, languageStyle='LTR', name='text', opacity=1, ori=0, pos=array([0., 0.]), rgb=UNKNOWN, text=str(...), units='norm', win=Window(...), wrapWidth=1.65)
15.8095 	EXP 	Created text = TextStim(__class__=<class 'psychopy.visual.text.TextStim'>, alignHoriz=method-wrapper(...), alignText='center', alignVert=method-wrapper(...), anchorHoriz='center', anchorVert='center', antialias=True, autoLog=True, bold=False, color=array([1., 1., 1.]), colorSpace='rgb', contrast=1.0, depth=0.0, flipHoriz=False, flipVert=False, font='Arial', fontFiles=[], height=0.07, italic=False, languageStyle='LTR', name='text', opacity=1, ori=0, pos=array([0., 0.]), rgb=UNKNOWN, text=str(...), units='norm', win=Window(...), wrapWidth=1.65)
15.8200 	EXP 	Created text = TextStim(__class__=<class 'psychopy.visual.text.TextStim'>, alignHoriz=method-wrapper(...), alignText='center', alignVert=method-wrapper(...), anchorHoriz='center', anchorVert='center', antialias=True, autoLog=True, bold=False, color=array([1., 1., 1.]), colorSpace='rgb', contrast=1.0, depth=0.0, flipHoriz=False, flipVert=False, font='Arial', fontFiles=[], height=0.07, italic=False, languageStyle='LTR', name='text', opacity=1, ori=0, pos=array([0., 0.]), rgb=UNKNOWN, text=str(...), units='norm', win=Window(...), wrapWidth=1.65)
15.8261 	EXP 	Created text = TextStim(__class__=<class 'psychopy.visual.text.TextStim'>, alignHoriz=method-wrapper(...), alignText='center', alignVert=method-wrapper(...), anchorHoriz='center', anchorVert='center', antialias=True, autoLog=True, bold=False, color=array([1., 1., 1.]), colorSpace='rgb', contrast=1.0, depth=0.0, flipHoriz=False, flipVert=False, font='Arial', fontFiles=[], height=0.07, italic=False, languageStyle='LTR', name='text', opacity=1, ori=0, pos=array([0., 0.]), rgb=UNKNOWN, text=str(...), units='norm', win=Window(...), wrapWidth=1.65)
15.8402 	EXP 	Created text = TextStim(__class__=<class 'psychopy.visual.text.TextStim'>, alignHoriz=method-wrapper(...), alignText='center', alignVert=method-wrapper(...), anchorHoriz='center', anchorVert='center', antialias=True, autoLog=True, bold=False, color=array([1., 1., 1.]), colorSpace='rgb', contrast=1.0, depth=0.0, flipHoriz=False, flipVert=False, font='Arial', fontFiles=[], height=0.15, italic=False, languageStyle='LTR', name='text', opacity=1, ori=0, pos=array([0., 0.]), rgb=UNKNOWN, text=str(...), units='norm', win=Window(...), wrapWidth=1.65)
15.8691 	EXP 	Created text = TextStim(__class__=<class 'psychopy.visual.text.TextStim'>, alignHoriz=method-wrapper(...), alignText='center', alignVert=method-wrapper(...), anchorHoriz='center', anchorVert='center', antialias=True, autoLog=True, bold=False, color=array([1., 1., 1.]), colorSpace='rgb', contrast=1.0, depth=0.0, flipHoriz=False, flipVert=False, font='Arial', fontFiles=[], height=0.07, italic=False, languageStyle='LTR', name='text', opacity=1, ori=0, pos=array([0., 0.]), rgb=UNKNOWN, text=str(...), units='norm', win=Window(...), wrapWidth=1.65)
15.8898 	EXP 	Created text = TextStim(__class__=<class 'psychopy.visual.text.TextStim'>, alignHoriz=method-wrapper(...), alignText='center', alignVert=method-wrapper(...), anchorHoriz='center', anchorVert='center', antialias=True, autoLog=True, bold=False, color=array([1., 1., 1.]), colorSpace='rgb', contrast=1.0, depth=0.0, flipHoriz=False, flipVert=False, font='Arial', fontFiles=[], height=0.07, italic=False, languageStyle='LTR', name='text', opacity=1, ori=0, pos=array([0., 0.]), rgb=UNKNOWN, text=str(...), units='norm', win=Window(...), wrapWidth=1.65)
15.9197 	EXP 	Created text = TextStim(__class__=<class 'psychopy.visual.text.TextStim'>, alignHoriz=method-wrapper(...), alignText='center', alignVert=method-wrapper(...), anchorHoriz='center', anchorVert='center', antialias=True, autoLog=True, bold=False, color=array([1., 1., 1.]), colorSpace='rgb', contrast=1.0, depth=0.0, flipHoriz=False, flipVert=False, font='Arial', fontFiles=[], height=0.07, italic=False, languageStyle='LTR', name='text', opacity=1, ori=0, pos=array([0., 0.]), rgb=UNKNOWN, text=str(...), units='norm', win=Window(...), wrapWidth=1.65)
15.9439 	EXP 	Created text = TextStim(__class__=<class 'psychopy.visual.text.TextStim'>, alignHoriz=method-wrapper(...), alignText='center', alignVert=method-wrapper(...), anchorHoriz='center', anchorVert='center', antialias=True, autoLog=True, bold=False, color=array([1., 1., 1.]), colorSpace='rgb', contrast=1.0, depth=0.0, flipHoriz=False, flipVert=False, font='Arial', fontFiles=[], height=0.07, italic=False, languageStyle='LTR', name='text', opacity=1, ori=0, pos=array([0., 0.]), rgb=UNKNOWN, text=str(...), units='norm', win=Window(...), wrapWidth=1.65)
15.9734 	EXP 	Created text = TextStim(__class__=<class 'psychopy.visual.text.TextStim'>, alignHoriz=method-wrapper(...), alignText='center', alignVert=method-wrapper(...), anchorHoriz='center', anchorVert='center', antialias=True, autoLog=True, bold=False, color=array([1., 1., 1.]), colorSpace='rgb', contrast=1.0, depth=0.0, flipHoriz=False, flipVert=False, font='Arial', fontFiles=[], height=0.07, italic=False, languageStyle='LTR', name='text', opacity=1, ori=0, pos=array([0., 0.]), rgb=UNKNOWN, text=str(...), units='norm', win=Window(...), wrapWidth=1.65)
15.9839 	EXP 	Created text = TextStim(__class__=<class 'psychopy.visual.text.TextStim'>, alignHoriz=method-wrapper(...), alignText='center', alignVert=method-wrapper(...), anchorHoriz='center', anchorVert='center', antialias=True, autoLog=True, bold=False, color=array([1., 1., 1.]), colorSpace='rgb', contrast=1.0, depth=0.0, flipHoriz=False, flipVert=False, font='Arial', fontFiles=[], height=0.07, italic=False, languageStyle='LTR', name='text', opacity=1, ori=0, pos=array([0., 0.]), rgb=UNKNOWN, text=str(...), units='norm', win=Window(...), wrapWidth=1.65)
15.9960 	EXP 	Created text = TextStim(__class__=<class 'psychopy.visual.text.TextStim'>, alignHoriz=method-wrapper(...), alignText='center', alignVert=method-wrapper(...), anchorHoriz='center', anchorVert='center', antialias=True, autoLog=True, bold=False, color=array([1., 1., 1.]), colorSpace='rgb', contrast=1.0, depth=0.0, flipHoriz=False, flipVert=False, font='Arial', fontFiles=[], height=0.07, italic=False, languageStyle='LTR', name='text', opacity=1, ori=0, pos=array([0., 0.]), rgb=UNKNOWN, text=str(...), units='norm', win=Window(...), wrapWidth=1.65)
16.0002 	EXP 	Created instru = TextStim(__class__=<class 'psychopy.visual.text.TextStim'>, alignHoriz=method-wrapper(...), alignText='center', alignVert=method-wrapper(...), anchorHoriz='center', anchorVert='center', antialias=True, autoLog=True, bold=False, color=array([1., 1., 1.]), colorSpace='rgb', contrast=1.0, depth=0.0, flipHoriz=False, flipVert=False, font='Arial', fontFiles=[], height=0.07, italic=False, languageStyle='LTR', name='instru', opacity=1, ori=0, pos=array([0. , 0.5]), rgb=UNKNOWN, text=str(...), units='norm', win=Window(...), wrapWidth=1)
16.0026 	EXP 	Created unnamed Line = Line(__class__=<class 'psychopy.visual.line.Line'>, autoDraw=False, autoLog=True, closeShape=False, color=array([1., 1., 1.]), colorSpace='rgb', contrast=None, depth=0, fillColor=array([0, 0, 0]), fillColorSpace='rgb', fillRGB=array([0, 0, 0]), interpolate=True, lineColor=array([1., 1., 1.]), lineColorSpace='rgb', lineRGB=array([1, 1, 1]), lineWidth=5, name='unnamed Line', opacity=0.5, ori=0.0, pos=array([0., 0.]), size=array([1., 1.]), units='norm', vertices=array([[-0.5,  0. ],
       [ 0.5,  0. ]]), win=Window(...), windingRule=None)
16.0046 	EXP 	Created unnamed Line = Line(__class__=<class 'psychopy.visual.line.Line'>, autoDraw=False, autoLog=True, closeShape=False, color=array([1., 1., 1.]), colorSpace='rgb', contrast=None, depth=0, fillColor=array([0, 0, 0]), fillColorSpace='rgb', fillRGB=array([0, 0, 0]), interpolate=True, lineColor=array([1., 1., 1.]), lineColorSpace='rgb', lineRGB=array([1, 1, 1]), lineWidth=3, name='unnamed Line', opacity=0.5, ori=0.0, pos=array([0., 0.]), size=array([1., 1.]), units='norm', vertices=array([[-0.5 , -0.05],
       [-0.5 ,  0.05]]), win=Window(...), windingRule=None)
16.0066 	EXP 	Created unnamed Line = Line(__class__=<class 'psychopy.visual.line.Line'>, autoDraw=False, autoLog=True, closeShape=False, color=array([1., 1., 1.]), colorSpace='rgb', contrast=None, depth=0, fillColor=array([0, 0, 0]), fillColorSpace='rgb', fillRGB=array([0, 0, 0]), interpolate=True, lineColor=array([1., 1., 1.]), lineColorSpace='rgb', lineRGB=array([1, 1, 1]), lineWidth=3, name='unnamed Line', opacity=0.5, ori=0.0, pos=array([0., 0.]), size=array([1., 1.]), units='norm', vertices=ndarray(...), win=Window(...), windingRule=None)
16.0085 	EXP 	Created unnamed Line = Line(__class__=<class 'psychopy.visual.line.Line'>, autoDraw=False, autoLog=True, closeShape=False, color=array([1., 1., 1.]), colorSpace='rgb', contrast=None, depth=0, fillColor=array([0, 0, 0]), fillColorSpace='rgb', fillRGB=array([0, 0, 0]), interpolate=True, lineColor=array([1., 1., 1.]), lineColorSpace='rgb', lineRGB=array([1, 1, 1]), lineWidth=3, name='unnamed Line', opacity=0.5, ori=0.0, pos=array([0., 0.]), size=array([1., 1.]), units='norm', vertices=ndarray(...), win=Window(...), windingRule=None)
16.0105 	EXP 	Created unnamed Line = Line(__class__=<class 'psychopy.visual.line.Line'>, autoDraw=False, autoLog=True, closeShape=False, color=array([1., 1., 1.]), colorSpace='rgb', contrast=None, depth=0, fillColor=array([0, 0, 0]), fillColorSpace='rgb', fillRGB=array([0, 0, 0]), interpolate=True, lineColor=array([1., 1., 1.]), lineColorSpace='rgb', lineRGB=array([1, 1, 1]), lineWidth=3, name='unnamed Line', opacity=0.5, ori=0.0, pos=array([0., 0.]), size=array([1., 1.]), units='norm', vertices=array([[ 0.5 , -0.05],
       [ 0.5 ,  0.05]]), win=Window(...), windingRule=None)
16.0236 	EXP 	Created unnamed TextStim = TextStim(__class__=<class 'psychopy.visual.text.TextStim'>, alignHoriz=method-wrapper(...), alignText='center', alignVert=method-wrapper(...), anchorHoriz='center', anchorVert='center', antialias=True, autoLog=True, bold=False, color=array([1., 1., 1.]), colorSpace='rgb', contrast=1.0, depth=0, flipHoriz=False, flipVert=False, font='', fontFiles=[], height=0.05, italic=False, languageStyle='LTR', name='unnamed TextStim', opacity=1.0, ori=0.0, pos=array([-0.5, -0.1]), rgb=UNKNOWN, text='Helt klart \n IKKE FOKUSERT', units='norm', win=Window(...), wrapWidth=1)
16.0246 	EXP 	Created unnamed TextStim = TextStim(__class__=<class 'psychopy.visual.text.TextStim'>, alignHoriz=method-wrapper(...), alignText='center', alignVert=method-wrapper(...), anchorHoriz='center', anchorVert='center', antialias=True, autoLog=True, bold=False, color=array([1., 1., 1.]), colorSpace='rgb', contrast=1.0, depth=0, flipHoriz=False, flipVert=False, font='', fontFiles=[], height=0.05, italic=False, languageStyle='LTR', name='unnamed TextStim', opacity=1.0, ori=0.0, pos=array([-0.16666667, -0.1       ]), rgb=UNKNOWN, text='', units='norm', win=Window(...), wrapWidth=1)
16.0258 	EXP 	Created unnamed TextStim = TextStim(__class__=<class 'psychopy.visual.text.TextStim'>, alignHoriz=method-wrapper(...), alignText='center', alignVert=method-wrapper(...), anchorHoriz='center', anchorVert='center', antialias=True, autoLog=True, bold=False, color=array([1., 1., 1.]), colorSpace='rgb', contrast=1.0, depth=0, flipHoriz=False, flipVert=False, font='', fontFiles=[], height=0.05, italic=False, languageStyle='LTR', name='unnamed TextStim', opacity=1.0, ori=0.0, pos=array([ 0.16666667, -0.1       ]), rgb=UNKNOWN, text='', units='norm', win=Window(...), wrapWidth=1)
16.0293 	EXP 	Created unnamed TextStim = TextStim(__class__=<class 'psychopy.visual.text.TextStim'>, alignHoriz=method-wrapper(...), alignText='center', alignVert=method-wrapper(...), anchorHoriz='center', anchorVert='center', antialias=True, autoLog=True, bold=False, color=array([1., 1., 1.]), colorSpace='rgb', contrast=1.0, depth=0, flipHoriz=False, flipVert=False, font='', fontFiles=[], height=0.05, italic=False, languageStyle='LTR', name='unnamed TextStim', opacity=1.0, ori=0.0, pos=array([ 0.5, -0.1]), rgb=UNKNOWN, text='Helt klart \n FOKUSERT', units='norm', win=Window(...), wrapWidth=1)
16.0313 	EXP 	Created unnamed ShapeStim = ShapeStim(__class__=<class 'psychopy.visual.shape.ShapeStim'>, autoDraw=False, autoLog=True, closeShape=True, color=method-wrapper(...), colorSpace='rgb', contrast=None, depth=0, fillColor=array([1, 1, 1]), fillColorSpace='rgb', fillRGB=array([1, 1, 1]), interpolate=True, lineColor=array([-1., -1., -1.]), lineColorSpace='rgb', lineRGB=array([-1, -1, -1]), lineWidth=1.5, name='unnamed ShapeStim', opacity=1.0, ori=0.0, pos=array([0., 0.]), size=array([1., 1.]), units='norm', vertices=ndarray(...), win=Window(...), windingRule=None)
16.0386 	EXP 	Created instru = TextStim(__class__=<class 'psychopy.visual.text.TextStim'>, alignHoriz=method-wrapper(...), alignText='center', alignVert=method-wrapper(...), anchorHoriz='center', anchorVert='center', antialias=True, autoLog=True, bold=False, color=array([1., 1., 1.]), colorSpace='rgb', contrast=1.0, depth=0.0, flipHoriz=False, flipVert=False, font='Arial', fontFiles=[], height=0.07, italic=False, languageStyle='LTR', name='instru', opacity=1, ori=0, pos=array([0. , 0.5]), rgb=UNKNOWN, text=str(...), units='norm', win=Window(...), wrapWidth=1)
16.0406 	EXP 	Created unnamed Line = Line(__class__=<class 'psychopy.visual.line.Line'>, autoDraw=False, autoLog=True, closeShape=False, color=array([1., 1., 1.]), colorSpace='rgb', contrast=None, depth=0, fillColor=array([0, 0, 0]), fillColorSpace='rgb', fillRGB=array([0, 0, 0]), interpolate=True, lineColor=array([1., 1., 1.]), lineColorSpace='rgb', lineRGB=array([1, 1, 1]), lineWidth=5, name='unnamed Line', opacity=0.5, ori=0.0, pos=array([0., 0.]), size=array([1., 1.]), units='norm', vertices=array([[-0.5,  0. ],
       [ 0.5,  0. ]]), win=Window(...), windingRule=None)
16.0426 	EXP 	Created unnamed Line = Line(__class__=<class 'psychopy.visual.line.Line'>, autoDraw=False, autoLog=True, closeShape=False, color=array([1., 1., 1.]), colorSpace='rgb', contrast=None, depth=0, fillColor=array([0, 0, 0]), fillColorSpace='rgb', fillRGB=array([0, 0, 0]), interpolate=True, lineColor=array([1., 1., 1.]), lineColorSpace='rgb', lineRGB=array([1, 1, 1]), lineWidth=3, name='unnamed Line', opacity=0.5, ori=0.0, pos=array([0., 0.]), size=array([1., 1.]), units='norm', vertices=array([[-0.5 , -0.05],
       [-0.5 ,  0.05]]), win=Window(...), windingRule=None)
16.0446 	EXP 	Created unnamed Line = Line(__class__=<class 'psychopy.visual.line.Line'>, autoDraw=False, autoLog=True, closeShape=False, color=array([1., 1., 1.]), colorSpace='rgb', contrast=None, depth=0, fillColor=array([0, 0, 0]), fillColorSpace='rgb', fillRGB=array([0, 0, 0]), interpolate=True, lineColor=array([1., 1., 1.]), lineColorSpace='rgb', lineRGB=array([1, 1, 1]), lineWidth=3, name='unnamed Line', opacity=0.5, ori=0.0, pos=array([0., 0.]), size=array([1., 1.]), units='norm', vertices=ndarray(...), win=Window(...), windingRule=None)
16.0466 	EXP 	Created unnamed Line = Line(__class__=<class 'psychopy.visual.line.Line'>, autoDraw=False, autoLog=True, closeShape=False, color=array([1., 1., 1.]), colorSpace='rgb', contrast=None, depth=0, fillColor=array([0, 0, 0]), fillColorSpace='rgb', fillRGB=array([0, 0, 0]), interpolate=True, lineColor=array([1., 1., 1.]), lineColorSpace='rgb', lineRGB=array([1, 1, 1]), lineWidth=3, name='unnamed Line', opacity=0.5, ori=0.0, pos=array([0., 0.]), size=array([1., 1.]), units='norm', vertices=ndarray(...), win=Window(...), windingRule=None)
16.0486 	EXP 	Created unnamed Line = Line(__class__=<class 'psychopy.visual.line.Line'>, autoDraw=False, autoLog=True, closeShape=False, color=array([1., 1., 1.]), colorSpace='rgb', contrast=None, depth=0, fillColor=array([0, 0, 0]), fillColorSpace='rgb', fillRGB=array([0, 0, 0]), interpolate=True, lineColor=array([1., 1., 1.]), lineColorSpace='rgb', lineRGB=array([1, 1, 1]), lineWidth=3, name='unnamed Line', opacity=0.5, ori=0.0, pos=array([0., 0.]), size=array([1., 1.]), units='norm', vertices=array([[ 0.5 , -0.05],
       [ 0.5 ,  0.05]]), win=Window(...), windingRule=None)
16.0536 	EXP 	Created unnamed TextStim = TextStim(__class__=<class 'psychopy.visual.text.TextStim'>, alignHoriz=method-wrapper(...), alignText='center', alignVert=method-wrapper(...), anchorHoriz='center', anchorVert='center', antialias=True, autoLog=True, bold=False, color=array([1., 1., 1.]), colorSpace='rgb', contrast=1.0, depth=0, flipHoriz=False, flipVert=False, font='', fontFiles=[], height=0.05, italic=False, languageStyle='LTR', name='unnamed TextStim', opacity=1.0, ori=0.0, pos=array([-0.5, -0.1]), rgb=UNKNOWN, text='Helt klart \n INGENTING', units='norm', win=Window(...), wrapWidth=1)
16.0546 	EXP 	Created unnamed TextStim = TextStim(__class__=<class 'psychopy.visual.text.TextStim'>, alignHoriz=method-wrapper(...), alignText='center', alignVert=method-wrapper(...), anchorHoriz='center', anchorVert='center', antialias=True, autoLog=True, bold=False, color=array([1., 1., 1.]), colorSpace='rgb', contrast=1.0, depth=0, flipHoriz=False, flipVert=False, font='', fontFiles=[], height=0.05, italic=False, languageStyle='LTR', name='unnamed TextStim', opacity=1.0, ori=0.0, pos=array([-0.16666667, -0.1       ]), rgb=UNKNOWN, text='', units='norm', win=Window(...), wrapWidth=1)
16.0557 	EXP 	Created unnamed TextStim = TextStim(__class__=<class 'psychopy.visual.text.TextStim'>, alignHoriz=method-wrapper(...), alignText='center', alignVert=method-wrapper(...), anchorHoriz='center', anchorVert='center', antialias=True, autoLog=True, bold=False, color=array([1., 1., 1.]), colorSpace='rgb', contrast=1.0, depth=0, flipHoriz=False, flipVert=False, font='', fontFiles=[], height=0.05, italic=False, languageStyle='LTR', name='unnamed TextStim', opacity=1.0, ori=0.0, pos=array([ 0.16666667, -0.1       ]), rgb=UNKNOWN, text='', units='norm', win=Window(...), wrapWidth=1)
16.0588 	EXP 	Created unnamed TextStim = TextStim(__class__=<class 'psychopy.visual.text.TextStim'>, alignHoriz=method-wrapper(...), alignText='center', alignVert=method-wrapper(...), anchorHoriz='center', anchorVert='center', antialias=True, autoLog=True, bold=False, color=array([1., 1., 1.]), colorSpace='rgb', contrast=1.0, depth=0, flipHoriz=False, flipVert=False, font='', fontFiles=[], height=0.05, italic=False, languageStyle='LTR', name='unnamed TextStim', opacity=1.0, ori=0.0, pos=array([ 0.5, -0.1]), rgb=UNKNOWN, text='Helt klart \n NOE', units='norm', win=Window(...), wrapWidth=1)
16.0607 	EXP 	Created unnamed ShapeStim = ShapeStim(__class__=<class 'psychopy.visual.shape.ShapeStim'>, autoDraw=False, autoLog=True, closeShape=True, color=method-wrapper(...), colorSpace='rgb', contrast=None, depth=0, fillColor=array([1, 1, 1]), fillColorSpace='rgb', fillRGB=array([1, 1, 1]), interpolate=True, lineColor=array([-1., -1., -1.]), lineColorSpace='rgb', lineRGB=array([-1, -1, -1]), lineWidth=1.5, name='unnamed ShapeStim', opacity=1.0, ori=0.0, pos=array([0., 0.]), size=array([1., 1.]), units='norm', vertices=ndarray(...), win=Window(...), windingRule=None)
16.0675 	EXP 	Created instru = TextStim(__class__=<class 'psychopy.visual.text.TextStim'>, alignHoriz=method-wrapper(...), alignText='center', alignVert=method-wrapper(...), anchorHoriz='center', anchorVert='center', antialias=True, autoLog=True, bold=False, color=array([1., 1., 1.]), colorSpace='rgb', contrast=1.0, depth=0.0, flipHoriz=False, flipVert=False, font='Arial', fontFiles=[], height=0.07, italic=False, languageStyle='LTR', name='instru', opacity=1, ori=0, pos=array([0. , 0.5]), rgb=UNKNOWN, text=str(...), units='norm', win=Window(...), wrapWidth=1)
16.0695 	EXP 	Created unnamed Line = Line(__class__=<class 'psychopy.visual.line.Line'>, autoDraw=False, autoLog=True, closeShape=False, color=array([1., 1., 1.]), colorSpace='rgb', contrast=None, depth=0, fillColor=array([0, 0, 0]), fillColorSpace='rgb', fillRGB=array([0, 0, 0]), interpolate=True, lineColor=array([1., 1., 1.]), lineColorSpace='rgb', lineRGB=array([1, 1, 1]), lineWidth=5, name='unnamed Line', opacity=0.5, ori=0.0, pos=array([0., 0.]), size=array([1., 1.]), units='norm', vertices=array([[-0.5,  0. ],
       [ 0.5,  0. ]]), win=Window(...), windingRule=None)
16.0714 	EXP 	Created unnamed Line = Line(__class__=<class 'psychopy.visual.line.Line'>, autoDraw=False, autoLog=True, closeShape=False, color=array([1., 1., 1.]), colorSpace='rgb', contrast=None, depth=0, fillColor=array([0, 0, 0]), fillColorSpace='rgb', fillRGB=array([0, 0, 0]), interpolate=True, lineColor=array([1., 1., 1.]), lineColorSpace='rgb', lineRGB=array([1, 1, 1]), lineWidth=3, name='unnamed Line', opacity=0.5, ori=0.0, pos=array([0., 0.]), size=array([1., 1.]), units='norm', vertices=array([[-0.5 , -0.05],
       [-0.5 ,  0.05]]), win=Window(...), windingRule=None)
16.0734 	EXP 	Created unnamed Line = Line(__class__=<class 'psychopy.visual.line.Line'>, autoDraw=False, autoLog=True, closeShape=False, color=array([1., 1., 1.]), colorSpace='rgb', contrast=None, depth=0, fillColor=array([0, 0, 0]), fillColorSpace='rgb', fillRGB=array([0, 0, 0]), interpolate=True, lineColor=array([1., 1., 1.]), lineColorSpace='rgb', lineRGB=array([1, 1, 1]), lineWidth=3, name='unnamed Line', opacity=0.5, ori=0.0, pos=array([0., 0.]), size=array([1., 1.]), units='norm', vertices=ndarray(...), win=Window(...), windingRule=None)
16.0753 	EXP 	Created unnamed Line = Line(__class__=<class 'psychopy.visual.line.Line'>, autoDraw=False, autoLog=True, closeShape=False, color=array([1., 1., 1.]), colorSpace='rgb', contrast=None, depth=0, fillColor=array([0, 0, 0]), fillColorSpace='rgb', fillRGB=array([0, 0, 0]), interpolate=True, lineColor=array([1., 1., 1.]), lineColorSpace='rgb', lineRGB=array([1, 1, 1]), lineWidth=3, name='unnamed Line', opacity=0.5, ori=0.0, pos=array([0., 0.]), size=array([1., 1.]), units='norm', vertices=ndarray(...), win=Window(...), windingRule=None)
16.0773 	EXP 	Created unnamed Line = Line(__class__=<class 'psychopy.visual.line.Line'>, autoDraw=False, autoLog=True, closeShape=False, color=array([1., 1., 1.]), colorSpace='rgb', contrast=None, depth=0, fillColor=array([0, 0, 0]), fillColorSpace='rgb', fillRGB=array([0, 0, 0]), interpolate=True, lineColor=array([1., 1., 1.]), lineColorSpace='rgb', lineRGB=array([1, 1, 1]), lineWidth=3, name='unnamed Line', opacity=0.5, ori=0.0, pos=array([0., 0.]), size=array([1., 1.]), units='norm', vertices=array([[ 0.5 , -0.05],
       [ 0.5 ,  0.05]]), win=Window(...), windingRule=None)
16.0821 	EXP 	Created unnamed TextStim = TextStim(__class__=<class 'psychopy.visual.text.TextStim'>, alignHoriz=method-wrapper(...), alignText='center', alignVert=method-wrapper(...), anchorHoriz='center', anchorVert='center', antialias=True, autoLog=True, bold=False, color=array([1., 1., 1.]), colorSpace='rgb', contrast=1.0, depth=0, flipHoriz=False, flipVert=False, font='', fontFiles=[], height=0.05, italic=False, languageStyle='LTR', name='unnamed TextStim', opacity=1.0, ori=0.0, pos=array([-0.5, -0.1]), rgb=UNKNOWN, text='Helt klart \n SPONTAN', units='norm', win=Window(...), wrapWidth=1)
16.0832 	EXP 	Created unnamed TextStim = TextStim(__class__=<class 'psychopy.visual.text.TextStim'>, alignHoriz=method-wrapper(...), alignText='center', alignVert=method-wrapper(...), anchorHoriz='center', anchorVert='center', antialias=True, autoLog=True, bold=False, color=array([1., 1., 1.]), colorSpace='rgb', contrast=1.0, depth=0, flipHoriz=False, flipVert=False, font='', fontFiles=[], height=0.05, italic=False, languageStyle='LTR', name='unnamed TextStim', opacity=1.0, ori=0.0, pos=array([-0.16666667, -0.1       ]), rgb=UNKNOWN, text='', units='norm', win=Window(...), wrapWidth=1)
16.0843 	EXP 	Created unnamed TextStim = TextStim(__class__=<class 'psychopy.visual.text.TextStim'>, alignHoriz=method-wrapper(...), alignText='center', alignVert=method-wrapper(...), anchorHoriz='center', anchorVert='center', antialias=True, autoLog=True, bold=False, color=array([1., 1., 1.]), colorSpace='rgb', contrast=1.0, depth=0, flipHoriz=False, flipVert=False, font='', fontFiles=[], height=0.05, italic=False, languageStyle='LTR', name='unnamed TextStim', opacity=1.0, ori=0.0, pos=array([ 0.16666667, -0.1       ]), rgb=UNKNOWN, text='', units='norm', win=Window(...), wrapWidth=1)
16.0889 	EXP 	Created unnamed TextStim = TextStim(__class__=<class 'psychopy.visual.text.TextStim'>, alignHoriz=method-wrapper(...), alignText='center', alignVert=method-wrapper(...), anchorHoriz='center', anchorVert='center', antialias=True, autoLog=True, bold=False, color=array([1., 1., 1.]), colorSpace='rgb', contrast=1.0, depth=0, flipHoriz=False, flipVert=False, font='', fontFiles=[], height=0.05, italic=False, languageStyle='LTR', name='unnamed TextStim', opacity=1.0, ori=0.0, pos=array([ 0.5, -0.1]), rgb=UNKNOWN, text='Helt klart \n BEVISST', units='norm', win=Window(...), wrapWidth=1)
16.0907 	EXP 	Created unnamed ShapeStim = ShapeStim(__class__=<class 'psychopy.visual.shape.ShapeStim'>, autoDraw=False, autoLog=True, closeShape=True, color=method-wrapper(...), colorSpace='rgb', contrast=None, depth=0, fillColor=array([1, 1, 1]), fillColorSpace='rgb', fillRGB=array([1, 1, 1]), interpolate=True, lineColor=array([-1., -1., -1.]), lineColorSpace='rgb', lineRGB=array([-1, -1, -1]), lineWidth=1.5, name='unnamed ShapeStim', opacity=1.0, ori=0.0, pos=array([0., 0.]), size=array([1., 1.]), units='norm', vertices=ndarray(...), win=Window(...), windingRule=None)
16.1398 	EXP 	Sound  set volume 1.000
16.1737 	EXP 	unnamed ShapeStim: vertices = <class 'numpy.ndarray'>
16.1737 	EXP 	unnamed ShapeStim: vertices = <class 'numpy.ndarray'>
16.1737 	EXP 	unnamed ShapeStim: vertices = <class 'numpy.ndarray'>
56.8443 	DATA 	Keypress: rctrl
57.3662 	EXP 	Sound  started
57.5482 	DATA 	Keypress: rctrl
58.0603 	DATA 	Keypress: lctrl
58.1160 	EXP 	Sound  started
58.7962 	DATA 	Keypress: lctrl
58.8660 	EXP 	Sound  started
59.5323 	DATA 	Keypress: rctrl
59.6161 	EXP 	Sound  started
60.2843 	DATA 	Keypress: rctrl
60.3660 	EXP 	Sound  started
61.0362 	DATA 	Keypress: rctrl
61.1161 	EXP 	Sound  started
61.7722 	DATA 	Keypress: lctrl
61.8661 	EXP 	Sound  started
62.4922 	DATA 	Keypress: lctrl
62.6161 	EXP 	Sound  started
63.2283 	DATA 	Keypress: rctrl
63.3661 	EXP 	Sound  started
63.9963 	DATA 	Keypress: rctrl
64.1161 	EXP 	Sound  started
64.7483 	DATA 	Keypress: lctrl
64.8661 	EXP 	Sound  started
65.5162 	DATA 	Keypress: lctrl
65.6161 	EXP 	Sound  started
66.3162 	DATA 	Keypress: rctrl
66.3662 	EXP 	Sound  started
67.0362 	DATA 	Keypress: rctrl
67.1162 	EXP 	Sound  started
67.7723 	DATA 	Keypress: rctrl
67.8662 	EXP 	Sound  started
68.5402 	DATA 	Keypress: lctrl
68.6162 	EXP 	Sound  started
69.2443 	DATA 	Keypress: rctrl
69.3662 	EXP 	Sound  started
69.9963 	DATA 	Keypress: rctrl
70.1162 	EXP 	Sound  started
70.7642 	DATA 	Keypress: rctrl
70.8662 	EXP 	Sound  started
71.5003 	DATA 	Keypress: rctrl
71.6163 	EXP 	Sound  started
72.2682 	DATA 	Keypress: rctrl
72.3663 	EXP 	Sound  started
72.9882 	DATA 	Keypress: lctrl
73.1163 	EXP 	Sound  started
73.7243 	DATA 	Keypress: lctrl
73.8663 	EXP 	Sound  started
74.5082 	DATA 	Keypress: rctrl
74.6163 	EXP 	Sound  started
75.2443 	DATA 	Keypress: lctrl
75.3663 	EXP 	Sound  started
75.9643 	DATA 	Keypress: lctrl
76.1164 	EXP 	Sound  started
76.7642 	DATA 	Keypress: lctrl
76.8664 	EXP 	Sound  started
77.4842 	DATA 	Keypress: rctrl
77.6164 	EXP 	Sound  started
78.2203 	DATA 	Keypress: rctrl
78.3664 	EXP 	Sound  started
78.9562 	DATA 	Keypress: lctrl
79.1164 	EXP 	Sound  started
79.7083 	DATA 	Keypress: rctrl
79.8664 	EXP 	Sound  started
80.4762 	DATA 	Keypress: rctrl
80.6164 	EXP 	Sound  started
81.2602 	DATA 	Keypress: rctrl
81.3664 	EXP 	Sound  started
82.0442 	DATA 	Keypress: rctrl
82.1164 	EXP 	Sound  started
82.7962 	DATA 	Keypress: rctrl
82.8665 	EXP 	Sound  started
82.9722 	DATA 	Keypress: lctrl
83.5962 	DATA 	Keypress: lctrl
83.6165 	EXP 	Sound  started
84.3642 	DATA 	Keypress: lctrl
84.3665 	EXP 	Sound  started
85.1165 	EXP 	Sound  started
85.1322 	DATA 	Keypress: rctrl
85.8042 	DATA 	Keypress: rctrl
85.8665 	EXP 	Sound  started
86.6165 	EXP 	Sound  started
86.6202 	DATA 	Keypress: rctrl
87.3082 	DATA 	Keypress: lctrl
87.3665 	EXP 	Sound  started
88.0283 	DATA 	Keypress: rctrl
88.1165 	EXP 	Sound  started
88.7483 	DATA 	Keypress: rctrl
88.8666 	EXP 	Sound  started
89.5003 	DATA 	Keypress: lctrl
89.6166 	EXP 	Sound  started
90.2683 	DATA 	Keypress: lctrl
90.3666 	EXP 	Sound  started
91.0042 	DATA 	Keypress: lctrl
91.1166 	EXP 	Sound  started
91.7722 	DATA 	Keypress: rctrl
91.8666 	EXP 	Sound  started
92.4923 	DATA 	Keypress: rctrl
92.6166 	EXP 	Sound  started
93.2442 	DATA 	Keypress: lctrl
93.3666 	EXP 	Sound  started
94.0121 	DATA 	Keypress: rctrl
94.1166 	EXP 	Sound  started
94.8282 	DATA 	Keypress: rctrl
94.8666 	EXP 	Sound  started
95.5322 	DATA 	Keypress: rctrl
95.6167 	EXP 	Sound  started
96.2362 	DATA 	Keypress: rctrl
96.3667 	EXP 	Sound  started
96.9882 	DATA 	Keypress: lctrl
97.1167 	EXP 	Sound  started
97.7082 	DATA 	Keypress: rctrl
97.8667 	EXP 	Sound  started
98.4603 	DATA 	Keypress: lctrl
98.6167 	EXP 	Sound  started
99.2442 	DATA 	Keypress: lctrl
99.3667 	EXP 	Sound  started
100.0122 	DATA 	Keypress: lctrl
100.1168 	EXP 	Sound  started
100.6202 	DATA 	Keypress: rctrl
100.8668 	EXP 	Sound  started
101.5163 	DATA 	Keypress: rctrl
101.6168 	EXP 	Sound  started
102.2522 	DATA 	Keypress: lctrl
102.3668 	EXP 	Sound  started
103.0042 	DATA 	Keypress: rctrl
103.1168 	EXP 	Sound  started
103.7722 	DATA 	Keypress: lctrl
103.8668 	EXP 	Sound  started
104.4922 	DATA 	Keypress: lctrl
104.6168 	EXP 	Sound  started
105.1962 	DATA 	Keypress: lctrl
105.3668 	EXP 	Sound  started
105.9962 	DATA 	Keypress: rctrl
106.1169 	EXP 	Sound  started
106.7482 	DATA 	Keypress: rctrl
106.8669 	EXP 	Sound  started
107.5642 	DATA 	Keypress: rctrl
107.6169 	EXP 	Sound  started
108.3669 	EXP 	Sound  started
108.3962 	DATA 	Keypress: lctrl
109.1002 	DATA 	Keypress: lctrl
109.1169 	EXP 	Sound  started
109.8362 	DATA 	Keypress: rctrl
109.8669 	EXP 	Sound  started
110.6169 	EXP 	Sound  started
110.6202 	DATA 	Keypress: lctrl
111.2601 	DATA 	Keypress: lctrl
111.3670 	EXP 	Sound  started
112.0282 	DATA 	Keypress: rctrl
112.1439 	EXP 	unnamed TextStim: text = ''
112.1439 	EXP 	unnamed TextStim: text = ''
116.1301 	DATA 	Keypress: 2
116.1466 	EXP 	unnamed ShapeStim: vertices = <class 'numpy.ndarray'>
117.6812 	EXP 	unnamed TextStim: text = ''
117.6812 	EXP 	unnamed TextStim: text = ''
125.6880 	DATA 	Keypress: 4
125.7045 	EXP 	unnamed ShapeStim: vertices = <class 'numpy.ndarray'>
127.2391 	EXP 	unnamed TextStim: text = ''
127.2391 	EXP 	unnamed TextStim: text = ''
130.5586 	DATA 	Keypress: 2
130.5751 	EXP 	unnamed ShapeStim: vertices = <class 'numpy.ndarray'>
132.8598 	EXP 	Sound  started
133.0203 	DATA 	Keypress: rctrl
133.5962 	DATA 	Keypress: rctrl
133.6097 	EXP 	Sound  started
134.3002 	DATA 	Keypress: lctrl
134.3597 	EXP 	Sound  started
135.0522 	DATA 	Keypress: lctrl
135.1097 	EXP 	Sound  started
135.7882 	DATA 	Keypress: rctrl
135.8597 	EXP 	Sound  started
136.5401 	DATA 	Keypress: rctrl
136.6097 	EXP 	Sound  started
137.2442 	DATA 	Keypress: rctrl
137.3598 	EXP 	Sound  started
138.0281 	DATA 	Keypress: lctrl
138.1098 	EXP 	Sound  started
138.8282 	DATA 	Keypress: lctrl
138.8598 	EXP 	Sound  started
139.5482 	DATA 	Keypress: rctrl
139.6098 	EXP 	Sound  started
140.3322 	DATA 	Keypress: lctrl
140.3598 	EXP 	Sound  started
141.1098 	EXP 	Sound  started
141.1321 	DATA 	Keypress: lctrl
141.8362 	DATA 	Keypress: rctrl
141.8599 	EXP 	Sound  started
142.5242 	DATA 	Keypress: rctrl
142.6099 	EXP 	Sound  started
143.2442 	DATA 	Keypress: rctrl
143.3599 	EXP 	Sound  started
143.9961 	DATA 	Keypress: rctrl
144.1099 	EXP 	Sound  started
144.7482 	DATA 	Keypress: lctrl
144.8599 	EXP 	Sound  started
145.4841 	DATA 	Keypress: lctrl
145.6099 	EXP 	Sound  started
146.2041 	DATA 	Keypress: rctrl
146.3599 	EXP 	Sound  started
146.9722 	DATA 	Keypress: lctrl
147.1099 	EXP 	Sound  started
147.7402 	DATA 	Keypress: lctrl
147.8600 	EXP 	Sound  started
148.6100 	EXP 	Sound  started
148.6522 	DATA 	Keypress: lctrl
149.3081 	DATA 	Keypress: rctrl
149.3600 	EXP 	Sound  started
150.0601 	DATA 	Keypress: rctrl
150.1100 	EXP 	Sound  started
150.8121 	DATA 	Keypress: rctrl
150.8600 	EXP 	Sound  started
151.5163 	DATA 	Keypress: lctrl
151.6100 	EXP 	Sound  started
152.1562 	DATA 	Keypress: rctrl
152.3600 	EXP 	Sound  started
152.9402 	DATA 	Keypress: rctrl
153.1101 	EXP 	Sound  started
153.7562 	DATA 	Keypress: rctrl
153.8601 	EXP 	Sound  started
154.5082 	DATA 	Keypress: rctrl
154.6101 	EXP 	Sound  started
155.2441 	DATA 	Keypress: lctrl
155.3601 	EXP 	Sound  started
155.9961 	DATA 	Keypress: rctrl
156.1101 	EXP 	Sound  started
156.7962 	DATA 	Keypress: rctrl
156.8601 	EXP 	Sound  started
157.5322 	DATA 	Keypress: rctrl
157.6101 	EXP 	Sound  started
158.3001 	DATA 	Keypress: lctrl
158.3601 	EXP 	Sound  started
159.0523 	DATA 	Keypress: lctrl
159.1102 	EXP 	Sound  started
159.8042 	DATA 	Keypress: rctrl
159.8602 	EXP 	Sound  started
160.5722 	DATA 	Keypress: rctrl
160.6102 	EXP 	Sound  started
161.2603 	DATA 	Keypress: lctrl
161.3602 	EXP 	Sound  started
162.0442 	DATA 	Keypress: lctrl
162.1102 	EXP 	Sound  started
162.8122 	DATA 	Keypress: rctrl
162.8603 	EXP 	Sound  started
163.5642 	DATA 	Keypress: rctrl
163.6103 	EXP 	Sound  started
164.3603 	EXP 	Sound  started
164.3641 	DATA 	Keypress: rctrl
165.0681 	DATA 	Keypress: lctrl
165.1103 	EXP 	Sound  started
165.7722 	DATA 	Keypress: rctrl
165.8603 	EXP 	Sound  started
166.5401 	DATA 	Keypress: lctrl
166.6103 	EXP 	Sound  started
167.2602 	DATA 	Keypress: rctrl
167.3603 	EXP 	Sound  started
168.0122 	DATA 	Keypress: rctrl
168.1103 	EXP 	Sound  started
168.7481 	DATA 	Keypress: lctrl
168.8604 	EXP 	Sound  started
169.5162 	DATA 	Keypress: lctrl
169.6104 	EXP 	Sound  started
170.2682 	DATA 	Keypress: rctrl
170.3604 	EXP 	Sound  started
171.0521 	DATA 	Keypress: lctrl
171.1104 	EXP 	Sound  started
171.7881 	DATA 	Keypress: rctrl
171.8604 	EXP 	Sound  started
172.5082 	DATA 	Keypress: lctrl
172.6104 	EXP 	Sound  started
173.2602 	DATA 	Keypress: lctrl
173.3604 	EXP 	Sound  started
173.9962 	DATA 	Keypress: lctrl
174.1105 	EXP 	Sound  started
174.7643 	DATA 	Keypress: lctrl
174.8605 	EXP 	Sound  started
175.5161 	DATA 	Keypress: lctrl
175.6105 	EXP 	Sound  started
176.2841 	DATA 	Keypress: lctrl
176.3605 	EXP 	Sound  started
177.0202 	DATA 	Keypress: rctrl
177.1105 	EXP 	Sound  started
177.8521 	DATA 	Keypress: rctrl
177.8605 	EXP 	Sound  started
178.5401 	DATA 	Keypress: lctrl
178.6105 	EXP 	Sound  started
179.2922 	DATA 	Keypress: rctrl
179.3606 	EXP 	Sound  started
180.0761 	DATA 	Keypress: rctrl
180.1106 	EXP 	Sound  started
180.8122 	DATA 	Keypress: lctrl
180.8606 	EXP 	Sound  started
181.5481 	DATA 	Keypress: lctrl
181.6106 	EXP 	Sound  started
182.2682 	DATA 	Keypress: rctrl
182.3606 	EXP 	Sound  started
183.0362 	DATA 	Keypress: lctrl
183.1106 	EXP 	Sound  started
183.8202 	DATA 	Keypress: rctrl
183.8606 	EXP 	Sound  started
184.5402 	DATA 	Keypress: rctrl
184.6106 	EXP 	Sound  started
185.1482 	DATA 	Keypress: rctrl
185.3607 	EXP 	Sound  started
186.0602 	DATA 	Keypress: lctrl
186.1107 	EXP 	Sound  started
186.8441 	DATA 	Keypress: lctrl
186.8607 	EXP 	Sound  started
187.5321 	DATA 	Keypress: lctrl
187.6107 	EXP 	Sound  started
188.3321 	DATA 	Keypress: rctrl
188.3607 	EXP 	Sound  started
189.0682 	DATA 	Keypress: lctrl
189.1107 	EXP 	Sound  started
189.8041 	DATA 	Keypress: lctrl
189.8607 	EXP 	Sound  started
190.6287 	DATA 	Keypress: lctrl
193.7937 	DATA 	Keypress: 3
193.8103 	EXP 	unnamed ShapeStim: vertices = <class 'numpy.ndarray'>
198.8646 	DATA 	Keypress: 4
198.8811 	EXP 	unnamed ShapeStim: vertices = <class 'numpy.ndarray'>
203.6018 	DATA 	Keypress: 2
203.6183 	EXP 	unnamed ShapeStim: vertices = <class 'numpy.ndarray'>
205.9033 	EXP 	Sound  started
206.0762 	DATA 	Keypress: rctrl
206.6521 	DATA 	Keypress: lctrl
206.6531 	EXP 	Sound  started
207.3561 	DATA 	Keypress: rctrl
207.4032 	EXP 	Sound  started
208.1241 	DATA 	Keypress: lctrl
208.1532 	EXP 	Sound  started
208.9032 	EXP 	Sound  started
208.9081 	DATA 	Keypress: rctrl
209.6122 	DATA 	Keypress: rctrl
209.6532 	EXP 	Sound  started
210.3641 	DATA 	Keypress: rctrl
210.4032 	EXP 	Sound  started
211.1161 	DATA 	Keypress: lctrl
211.1532 	EXP 	Sound  started
211.8361 	DATA 	Keypress: lctrl
211.9032 	EXP 	Sound  started
212.6043 	DATA 	Keypress: rctrl
212.6533 	EXP 	Sound  started
213.3242 	DATA 	Keypress: rctrl
213.4033 	EXP 	Sound  started
214.1533 	EXP 	Sound  started
214.1562 	DATA 	Keypress: rctrl
214.8601 	DATA 	Keypress: lctrl
214.9033 	EXP 	Sound  started
215.5802 	DATA 	Keypress: rctrl
215.6533 	EXP 	Sound  started
216.3642 	DATA 	Keypress: rctrl
216.4033 	EXP 	Sound  started
217.1533 	EXP 	Sound  started
217.1641 	DATA 	Keypress: rctrl
217.9034 	EXP 	Sound  started
217.9162 	DATA 	Keypress: rctrl
218.6362 	DATA 	Keypress: lctrl
218.6534 	EXP 	Sound  started
219.3561 	DATA 	Keypress: lctrl
219.4034 	EXP 	Sound  started
220.1534 	EXP 	Sound  started
220.1561 	DATA 	Keypress: lctrl
220.8921 	DATA 	Keypress: rctrl
220.9034 	EXP 	Sound  started
221.6534 	EXP 	Sound  started
221.6761 	DATA 	Keypress: rctrl
222.4034 	EXP 	Sound  started
222.4122 	DATA 	Keypress: lctrl
223.1322 	DATA 	Keypress: lctrl
223.1534 	EXP 	Sound  started
223.8361 	DATA 	Keypress: rctrl
223.9034 	EXP 	Sound  started
224.6042 	DATA 	Keypress: lctrl
224.6535 	EXP 	Sound  started
225.3241 	DATA 	Keypress: lctrl
225.4035 	EXP 	Sound  started
226.0761 	DATA 	Keypress: rctrl
226.1535 	EXP 	Sound  started
226.8122 	DATA 	Keypress: lctrl
226.9035 	EXP 	Sound  started
227.5321 	DATA 	Keypress: lctrl
227.6535 	EXP 	Sound  started
228.3001 	DATA 	Keypress: lctrl
228.4035 	EXP 	Sound  started
229.0842 	DATA 	Keypress: lctrl
229.1535 	EXP 	Sound  started
229.8841 	DATA 	Keypress: lctrl
229.9036 	EXP 	Sound  started
230.6203 	DATA 	Keypress: lctrl
230.6536 	EXP 	Sound  started
231.3561 	DATA 	Keypress: rctrl
231.4036 	EXP 	Sound  started
232.1081 	DATA 	Keypress: rctrl
232.1536 	EXP 	Sound  started
232.8601 	DATA 	Keypress: lctrl
232.9036 	EXP 	Sound  started
233.6441 	DATA 	Keypress: rctrl
233.6536 	EXP 	Sound  started
234.3802 	DATA 	Keypress: rctrl
234.4036 	EXP 	Sound  started
235.0682 	DATA 	Keypress: lctrl
235.1537 	EXP 	Sound  started
235.8202 	DATA 	Keypress: rctrl
235.9037 	EXP 	Sound  started
236.5881 	DATA 	Keypress: rctrl
236.6537 	EXP 	Sound  started
237.3721 	DATA 	Keypress: rctrl
237.4037 	EXP 	Sound  started
238.1537 	EXP 	Sound  started
238.2841 	DATA 	Keypress: lctrl
238.8761 	DATA 	Keypress: rctrl
238.9037 	EXP 	Sound  started
239.5801 	DATA 	Keypress: rctrl
239.6537 	EXP 	Sound  started
240.3321 	DATA 	Keypress: lctrl
240.4038 	EXP 	Sound  started
241.0841 	DATA 	Keypress: lctrl
241.1538 	EXP 	Sound  started
241.8521 	DATA 	Keypress: rctrl
241.9038 	EXP 	Sound  started
242.6521 	DATA 	Keypress: rctrl
242.6538 	EXP 	Sound  started
243.3722 	DATA 	Keypress: rctrl
243.4038 	EXP 	Sound  started
244.1081 	DATA 	Keypress: rctrl
244.1538 	EXP 	Sound  started
244.8761 	DATA 	Keypress: lctrl
244.9038 	EXP 	Sound  started
245.5801 	DATA 	Keypress: lctrl
247.2041 	DATA 	Keypress: 4
247.2207 	EXP 	unnamed ShapeStim: vertices = <class 'numpy.ndarray'>
254.5435 	DATA 	Keypress: 2
254.5600 	EXP 	unnamed ShapeStim: vertices = <class 'numpy.ndarray'>
270.7235 	DATA 	Keypress: 3
270.7399 	EXP 	unnamed ShapeStim: vertices = <class 'numpy.ndarray'>
273.0247 	EXP 	Sound  started
273.1802 	DATA 	Keypress: lctrl
273.7402 	DATA 	Keypress: rctrl
273.7746 	EXP 	Sound  started
274.4441 	DATA 	Keypress: rctrl
274.5246 	EXP 	Sound  started
275.1642 	DATA 	Keypress: lctrl
275.2746 	EXP 	Sound  started
275.9961 	DATA 	Keypress: rctrl
276.0246 	EXP 	Sound  started
276.7641 	DATA 	Keypress: rctrl
276.7746 	EXP 	Sound  started
277.5246 	EXP 	Sound  started
277.5642 	DATA 	Keypress: rctrl
278.2681 	DATA 	Keypress: lctrl
278.2747 	EXP 	Sound  started
278.9880 	DATA 	Keypress: rctrl
279.0247 	EXP 	Sound  started
279.7241 	DATA 	Keypress: lctrl
279.7747 	EXP 	Sound  started
280.4762 	DATA 	Keypress: lctrl
280.5247 	EXP 	Sound  started
281.2120 	DATA 	Keypress: rctrl
281.2747 	EXP 	Sound  started
281.9802 	DATA 	Keypress: rctrl
282.0247 	EXP 	Sound  started
282.7162 	DATA 	Keypress: lctrl
282.7747 	EXP 	Sound  started
283.5162 	DATA 	Keypress: lctrl
283.5247 	EXP 	Sound  started
284.2520 	DATA 	Keypress: rctrl
284.2747 	EXP 	Sound  started
284.9722 	DATA 	Keypress: lctrl
285.0248 	EXP 	Sound  started
285.7560 	DATA 	Keypress: rctrl
285.7748 	EXP 	Sound  started
286.4440 	DATA 	Keypress: rctrl
286.5248 	EXP 	Sound  started
287.1800 	DATA 	Keypress: rctrl
287.2748 	EXP 	Sound  started
287.9641 	DATA 	Keypress: rctrl
288.0248 	EXP 	Sound  started
288.6841 	DATA 	Keypress: lctrl
288.7748 	EXP 	Sound  started
289.4521 	DATA 	Keypress: lctrl
289.5248 	EXP 	Sound  started
290.2200 	DATA 	Keypress: lctrl
290.2749 	EXP 	Sound  started
290.9241 	DATA 	Keypress: rctrl
291.0249 	EXP 	Sound  started
291.7240 	DATA 	Keypress: rctrl
291.7749 	EXP 	Sound  started
292.4602 	DATA 	Keypress: lctrl
292.5249 	EXP 	Sound  started
293.1800 	DATA 	Keypress: rctrl
293.2749 	EXP 	Sound  started
293.9641 	DATA 	Keypress: rctrl
294.0249 	EXP 	Sound  started
294.7322 	DATA 	Keypress: rctrl
294.7750 	EXP 	Sound  started
295.4842 	DATA 	Keypress: rctrl
295.5250 	EXP 	Sound  started
296.2201 	DATA 	Keypress: lctrl
296.2750 	EXP 	Sound  started
296.9081 	DATA 	Keypress: lctrl
297.0250 	EXP 	Sound  started
297.6601 	DATA 	Keypress: rctrl
297.7750 	EXP 	Sound  started
298.3480 	DATA 	Keypress: rctrl
298.5250 	EXP 	Sound  started
299.2281 	DATA 	Keypress: rctrl
299.2751 	EXP 	Sound  started
299.9000 	DATA 	Keypress: lctrl
300.0251 	EXP 	Sound  started
300.7160 	DATA 	Keypress: lctrl
300.7751 	EXP 	Sound  started
301.4362 	DATA 	Keypress: rctrl
301.5251 	EXP 	Sound  started
302.1561 	DATA 	Keypress: lctrl
302.2751 	EXP 	Sound  started
302.9561 	DATA 	Keypress: rctrl
303.0251 	EXP 	Sound  started
303.7081 	DATA 	Keypress: rctrl
303.7751 	EXP 	Sound  started
304.4600 	DATA 	Keypress: lctrl
304.5251 	EXP 	Sound  started
305.1961 	DATA 	Keypress: rctrl
305.2752 	EXP 	Sound  started
305.9321 	DATA 	Keypress: lctrl
306.0252 	EXP 	Sound  started
306.6201 	DATA 	Keypress: rctrl
306.7752 	EXP 	Sound  started
307.4681 	DATA 	Keypress: lctrl
307.5252 	EXP 	Sound  started
308.2520 	DATA 	Keypress: lctrl
308.2752 	EXP 	Sound  started
309.0200 	DATA 	Keypress: lctrl
309.0252 	EXP 	Sound  started
309.7562 	DATA 	Keypress: lctrl
309.7752 	EXP 	Sound  started
310.4121 	DATA 	Keypress: rctrl
310.5253 	EXP 	Sound  started
311.2441 	DATA 	Keypress: rctrl
311.2753 	EXP 	Sound  started
311.9961 	DATA 	Keypress: lctrl
312.0253 	EXP 	Sound  started
312.7642 	DATA 	Keypress: rctrl
312.7753 	EXP 	Sound  started
313.5253 	EXP 	Sound  started
313.5482 	DATA 	Keypress: lctrl
314.2041 	DATA 	Keypress: lctrl
314.2753 	EXP 	Sound  started
314.9880 	DATA 	Keypress: lctrl
315.0253 	EXP 	Sound  started
315.7721 	DATA 	Keypress: lctrl
315.7754 	EXP 	Sound  started
316.5240 	DATA 	Keypress: lctrl
318.1623 	DATA 	Keypress: 4
318.1788 	EXP 	unnamed ShapeStim: vertices = <class 'numpy.ndarray'>
322.3194 	DATA 	Keypress: 3
322.3488 	EXP 	unnamed ShapeStim: vertices = <class 'numpy.ndarray'>
325.9688 	DATA 	Keypress: 2
325.9852 	EXP 	unnamed ShapeStim: vertices = <class 'numpy.ndarray'>
328.2703 	EXP 	Sound  started
328.4601 	DATA 	Keypress: rctrl
329.0201 	DATA 	Keypress: lctrl
329.0203 	EXP 	Sound  started
329.7080 	DATA 	Keypress: rctrl
329.7703 	EXP 	Sound  started
330.4761 	DATA 	Keypress: rctrl
330.5203 	EXP 	Sound  started
331.2703 	EXP 	Sound  started
331.2761 	DATA 	Keypress: rctrl
331.9801 	DATA 	Keypress: rctrl
332.0203 	EXP 	Sound  started
332.7001 	DATA 	Keypress: lctrl
332.7703 	EXP 	Sound  started
333.4521 	DATA 	Keypress: rctrl
333.5204 	EXP 	Sound  started
334.2200 	DATA 	Keypress: lctrl
334.2704 	EXP 	Sound  started
335.0200 	DATA 	Keypress: rctrl
335.0204 	EXP 	Sound  started
335.7704 	EXP 	Sound  started
335.8040 	DATA 	Keypress: lctrl
336.4600 	DATA 	Keypress: lctrl
336.5204 	EXP 	Sound  started
337.2704 	EXP 	Sound  started
337.2761 	DATA 	Keypress: lctrl
337.9802 	DATA 	Keypress: lctrl
338.0204 	EXP 	Sound  started
338.7000 	DATA 	Keypress: rctrl
338.7705 	EXP 	Sound  started
339.4841 	DATA 	Keypress: lctrl
339.5205 	EXP 	Sound  started
340.2681 	DATA 	Keypress: rctrl
340.2705 	EXP 	Sound  started
341.0040 	DATA 	Keypress: rctrl
341.0205 	EXP 	Sound  started
341.7082 	DATA 	Keypress: rctrl
341.7705 	EXP 	Sound  started
342.4761 	DATA 	Keypress: rctrl
342.5205 	EXP 	Sound  started
343.2120 	DATA 	Keypress: lctrl
343.2706 	EXP 	Sound  started
343.9801 	DATA 	Keypress: rctrl
344.0206 	EXP 	Sound  started
344.7706 	EXP 	Sound  started
344.7802 	DATA 	Keypress: rctrl
345.5206 	EXP 	Sound  started
345.5320 	DATA 	Keypress: rctrl
346.1881 	DATA 	Keypress: lctrl
346.2706 	EXP 	Sound  started
346.9560 	DATA 	Keypress: rctrl
347.0206 	EXP 	Sound  started
347.7081 	DATA 	Keypress: rctrl
347.7706 	EXP 	Sound  started
348.4442 	DATA 	Keypress: lctrl
348.5207 	EXP 	Sound  started
349.1640 	DATA 	Keypress: lctrl
349.2707 	EXP 	Sound  started
349.9001 	DATA 	Keypress: lctrl
350.0207 	EXP 	Sound  started
350.6521 	DATA 	Keypress: lctrl
350.7707 	EXP 	Sound  started
351.4680 	DATA 	Keypress: rctrl
351.5207 	EXP 	Sound  started
352.2201 	DATA 	Keypress: lctrl
352.2707 	EXP 	Sound  started
352.9560 	DATA 	Keypress: lctrl
353.0207 	EXP 	Sound  started
353.6921 	DATA 	Keypress: lctrl
353.7708 	EXP 	Sound  started
354.4920 	DATA 	Keypress: lctrl
354.5207 	EXP 	Sound  started
355.2708 	EXP 	Sound  started
355.2920 	DATA 	Keypress: rctrl
355.9800 	DATA 	Keypress: rctrl
356.0208 	EXP 	Sound  started
356.7161 	DATA 	Keypress: lctrl
356.7708 	EXP 	Sound  started
357.4681 	DATA 	Keypress: rctrl
357.5208 	EXP 	Sound  started
358.1241 	DATA 	Keypress: lctrl
358.2708 	EXP 	Sound  started
358.8761 	DATA 	Keypress: lctrl
359.0208 	EXP 	Sound  started
359.6760 	DATA 	Keypress: rctrl
359.7709 	EXP 	Sound  started
360.4121 	DATA 	Keypress: rctrl
360.5209 	EXP 	Sound  started
361.1321 	DATA 	Keypress: rctrl
361.2709 	EXP 	Sound  started
361.9640 	DATA 	Keypress: rctrl
362.0209 	EXP 	Sound  started
362.7709 	EXP 	Sound  started
362.7961 	DATA 	Keypress: rctrl
363.5161 	DATA 	Keypress: rctrl
363.5209 	EXP 	Sound  started
364.2521 	DATA 	Keypress: lctrl
364.2709 	EXP 	Sound  started
364.9400 	DATA 	Keypress: rctrl
365.0209 	EXP 	Sound  started
365.6760 	DATA 	Keypress: rctrl
365.7710 	EXP 	Sound  started
366.4440 	DATA 	Keypress: rctrl
366.5210 	EXP 	Sound  started
367.2280 	DATA 	Keypress: lctrl
367.2710 	EXP 	Sound  started
367.9161 	DATA 	Keypress: lctrl
368.0210 	EXP 	Sound  started
368.6362 	DATA 	Keypress: lctrl
368.7710 	EXP 	Sound  started
369.4201 	DATA 	Keypress: lctrl
369.5210 	EXP 	Sound  started
370.1721 	DATA 	Keypress: rctrl
370.2710 	EXP 	Sound  started
370.9400 	DATA 	Keypress: lctrl
371.0210 	EXP 	Sound  started
371.6601 	DATA 	Keypress: lctrl
371.7711 	EXP 	Sound  started
372.3962 	DATA 	Keypress: lctrl
372.5211 	EXP 	Sound  started
373.1161 	DATA 	Keypress: rctrl
373.2711 	EXP 	Sound  started
373.9160 	DATA 	Keypress: rctrl
374.0211 	EXP 	Sound  started
374.6841 	DATA 	Keypress: lctrl
374.7711 	EXP 	Sound  started
375.4841 	DATA 	Keypress: lctrl
375.5211 	EXP 	Sound  started
376.2360 	DATA 	Keypress: lctrl
376.2711 	EXP 	Sound  started
376.9881 	DATA 	Keypress: lctrl
379.2789 	DATA 	Keypress: 4
379.2955 	EXP 	unnamed ShapeStim: vertices = <class 'numpy.ndarray'>
383.3823 	DATA 	Keypress: 2
383.3988 	EXP 	unnamed ShapeStim: vertices = <class 'numpy.ndarray'>
387.7564 	DATA 	Keypress: 3
387.7858 	EXP 	unnamed ShapeStim: vertices = <class 'numpy.ndarray'>
390.0704 	EXP 	Sound  started
390.0712 	DATA 	Keypress: lctrl
390.7481 	DATA 	Keypress: lctrl
390.8202 	EXP 	Sound  started
391.4840 	DATA 	Keypress: rctrl
391.5702 	EXP 	Sound  started
392.3162 	DATA 	Keypress: rctrl
392.3202 	EXP 	Sound  started
393.0680 	DATA 	Keypress: lctrl
393.0703 	EXP 	Sound  started
393.8201 	DATA 	Keypress: rctrl
393.8203 	EXP 	Sound  started
394.5703 	EXP 	Sound  started
394.5881 	DATA 	Keypress: rctrl
395.3203 	EXP 	Sound  started
395.3241 	DATA 	Keypress: lctrl
396.0703 	EXP 	Sound  started
396.0760 	DATA 	Keypress: lctrl
396.8204 	EXP 	Sound  started
396.8281 	DATA 	Keypress: lctrl
397.5480 	DATA 	Keypress: lctrl
397.5704 	EXP 	Sound  started
398.3000 	DATA 	Keypress: lctrl
398.3204 	EXP 	Sound  started
399.0360 	DATA 	Keypress: rctrl
399.0704 	EXP 	Sound  started
399.8201 	DATA 	Keypress: rctrl
399.8204 	EXP 	Sound  started
400.5400 	DATA 	Keypress: rctrl
400.5704 	EXP 	Sound  started
401.2120 	DATA 	Keypress: lctrl
401.3205 	EXP 	Sound  started
401.9320 	DATA 	Keypress: rctrl
402.0705 	EXP 	Sound  started
402.6840 	DATA 	Keypress: lctrl
402.8205 	EXP 	Sound  started
403.3880 	DATA 	Keypress: lctrl
403.5705 	EXP 	Sound  started
404.1720 	DATA 	Keypress: rctrl
404.3205 	EXP 	Sound  started
404.9401 	DATA 	Keypress: rctrl
405.0705 	EXP 	Sound  started
405.7080 	DATA 	Keypress: lctrl
405.8205 	EXP 	Sound  started
406.4121 	DATA 	Keypress: lctrl
406.5706 	EXP 	Sound  started
407.1960 	DATA 	Keypress: lctrl
407.3206 	EXP 	Sound  started
407.8841 	DATA 	Keypress: rctrl
408.0706 	EXP 	Sound  started
408.7481 	DATA 	Keypress: lctrl
408.8206 	EXP 	Sound  started
409.4361 	DATA 	Keypress: rctrl
409.5706 	EXP 	Sound  started
410.2360 	DATA 	Keypress: lctrl
410.3206 	EXP 	Sound  started
411.0041 	DATA 	Keypress: lctrl
411.0707 	EXP 	Sound  started
411.7561 	DATA 	Keypress: rctrl
411.8207 	EXP 	Sound  started
412.4600 	DATA 	Keypress: rctrl
412.5707 	EXP 	Sound  started
413.1961 	DATA 	Keypress: lctrl
413.3207 	EXP 	Sound  started
413.9161 	DATA 	Keypress: rctrl
414.0707 	EXP 	Sound  started
414.7161 	DATA 	Keypress: rctrl
414.8207 	EXP 	Sound  started
415.4840 	DATA 	Keypress: rctrl
415.5707 	EXP 	Sound  started
416.2520 	DATA 	Keypress: rctrl
416.3207 	EXP 	Sound  started
417.0360 	DATA 	Keypress: rctrl
417.0708 	EXP 	Sound  started
417.7081 	DATA 	Keypress: lctrl
417.8208 	EXP 	Sound  started
418.5080 	DATA 	Keypress: rctrl
418.5708 	EXP 	Sound  started
419.2761 	DATA 	Keypress: lctrl
419.3208 	EXP 	Sound  started
419.9800 	DATA 	Keypress: rctrl
420.0708 	EXP 	Sound  started
420.7960 	DATA 	Keypress: lctrl
420.8208 	EXP 	Sound  started
421.5708 	EXP 	Sound  started
421.5960 	DATA 	Keypress: rctrl
422.3209 	EXP 	Sound  started
422.3320 	DATA 	Keypress: rctrl
423.0360 	DATA 	Keypress: lctrl
423.0709 	EXP 	Sound  started
423.7880 	DATA 	Keypress: rctrl
423.8209 	EXP 	Sound  started
424.5400 	DATA 	Keypress: lctrl
424.5709 	EXP 	Sound  started
425.2920 	DATA 	Keypress: lctrl
425.3209 	EXP 	Sound  started
426.0440 	DATA 	Keypress: lctrl
426.0709 	EXP 	Sound  started
426.7000 	DATA 	Keypress: rctrl
426.8209 	EXP 	Sound  started
427.4519 	DATA 	Keypress: lctrl
427.5710 	EXP 	Sound  started
428.2040 	DATA 	Keypress: lctrl
428.3210 	EXP 	Sound  started
428.9560 	DATA 	Keypress: lctrl
429.0710 	EXP 	Sound  started
429.6920 	DATA 	Keypress: lctrl
429.8210 	EXP 	Sound  started
430.4920 	DATA 	Keypress: lctrl
430.5710 	EXP 	Sound  started
431.1960 	DATA 	Keypress: rctrl
431.3210 	EXP 	Sound  started
431.9160 	DATA 	Keypress: lctrl
432.0710 	EXP 	Sound  started
432.7161 	DATA 	Keypress: rctrl
432.8211 	EXP 	Sound  started
433.5161 	DATA 	Keypress: lctrl
433.5711 	EXP 	Sound  started
434.2200 	DATA 	Keypress: lctrl
434.3211 	EXP 	Sound  started
434.9241 	DATA 	Keypress: rctrl
435.0711 	EXP 	Sound  started
435.7401 	DATA 	Keypress: rctrl
435.8211 	EXP 	Sound  started
436.4920 	DATA 	Keypress: rctrl
436.5711 	EXP 	Sound  started
437.2760 	DATA 	Keypress: rctrl
437.3211 	EXP 	Sound  started
437.9800 	DATA 	Keypress: lctrl
438.0712 	EXP 	Sound  started
438.7161 	DATA 	Keypress: rctrl
438.8212 	EXP 	Sound  started
439.4360 	DATA 	Keypress: lctrl
439.5712 	EXP 	Sound  started
440.1400 	DATA 	Keypress: lctrl
440.3212 	EXP 	Sound  started
440.9880 	DATA 	Keypress: lctrl
441.0712 	EXP 	Sound  started
441.7401 	DATA 	Keypress: lctrl
443.1016 	DATA 	Keypress: 4
443.1311 	EXP 	unnamed ShapeStim: vertices = <class 'numpy.ndarray'>
447.5181 	DATA 	Keypress: 2
447.5347 	EXP 	unnamed ShapeStim: vertices = <class 'numpy.ndarray'>
450.5206 	DATA 	Keypress: 2
450.5371 	EXP 	unnamed ShapeStim: vertices = <class 'numpy.ndarray'>
452.8221 	EXP 	Sound  started
452.8760 	DATA 	Keypress: rctrl
453.5640 	DATA 	Keypress: rctrl
453.5720 	EXP 	Sound  started
454.2840 	DATA 	Keypress: rctrl
454.3220 	EXP 	Sound  started
455.0521 	DATA 	Keypress: rctrl
455.0720 	EXP 	Sound  started
455.7720 	DATA 	Keypress: rctrl
455.8220 	EXP 	Sound  started
456.5399 	DATA 	Keypress: rctrl
456.5720 	EXP 	Sound  started
457.2760 	DATA 	Keypress: rctrl
457.3221 	EXP 	Sound  started
458.0121 	DATA 	Keypress: lctrl
458.0721 	EXP 	Sound  started
458.8120 	DATA 	Keypress: lctrl
458.8221 	EXP 	Sound  started
459.5160 	DATA 	Keypress: rctrl
459.5721 	EXP 	Sound  started
460.2519 	DATA 	Keypress: lctrl
460.3221 	EXP 	Sound  started
461.0521 	DATA 	Keypress: lctrl
461.0721 	EXP 	Sound  started
461.8040 	DATA 	Keypress: rctrl
461.8222 	EXP 	Sound  started
462.5081 	DATA 	Keypress: rctrl
462.5722 	EXP 	Sound  started
463.2919 	DATA 	Keypress: rctrl
463.3222 	EXP 	Sound  started
464.0601 	DATA 	Keypress: rctrl
464.0722 	EXP 	Sound  started
464.8120 	DATA 	Keypress: lctrl
464.8222 	EXP 	Sound  started
465.5640 	DATA 	Keypress: lctrl
465.5722 	EXP 	Sound  started
466.2681 	DATA 	Keypress: lctrl
466.3222 	EXP 	Sound  started
467.0199 	DATA 	Keypress: lctrl
467.0722 	EXP 	Sound  started
467.8040 	DATA 	Keypress: lctrl
467.8223 	EXP 	Sound  started
468.5560 	DATA 	Keypress: rctrl
468.5723 	EXP 	Sound  started
469.3223 	EXP 	Sound  started
469.3240 	DATA 	Keypress: rctrl
470.0280 	DATA 	Keypress: rctrl
470.0723 	EXP 	Sound  started
470.7639 	DATA 	Keypress: lctrl
470.8223 	EXP 	Sound  started
471.5160 	DATA 	Keypress: rctrl
471.5723 	EXP 	Sound  started
472.3160 	DATA 	Keypress: lctrl
472.3223 	EXP 	Sound  started
473.0360 	DATA 	Keypress: lctrl
473.0723 	EXP 	Sound  started
473.8224 	EXP 	Sound  started
473.9000 	DATA 	Keypress: rctrl
474.5724 	EXP 	Sound  started
474.5880 	DATA 	Keypress: rctrl
475.2920 	DATA 	Keypress: rctrl
475.3224 	EXP 	Sound  started
476.0440 	DATA 	Keypress: rctrl
476.0724 	EXP 	Sound  started
476.7800 	DATA 	Keypress: lctrl
476.8224 	EXP 	Sound  started
477.4999 	DATA 	Keypress: lctrl
477.5724 	EXP 	Sound  started
478.2519 	DATA 	Keypress: rctrl
478.3224 	EXP 	Sound  started
478.9880 	DATA 	Keypress: rctrl
479.0724 	EXP 	Sound  started
479.7400 	DATA 	Keypress: lctrl
479.8225 	EXP 	Sound  started
480.4601 	DATA 	Keypress: rctrl
480.5725 	EXP 	Sound  started
481.2920 	DATA 	Keypress: lctrl
481.3225 	EXP 	Sound  started
482.0439 	DATA 	Keypress: lctrl
482.0725 	EXP 	Sound  started
482.7959 	DATA 	Keypress: lctrl
482.8225 	EXP 	Sound  started
483.4520 	DATA 	Keypress: rctrl
483.5725 	EXP 	Sound  started
484.2360 	DATA 	Keypress: rctrl
484.3225 	EXP 	Sound  started
484.9879 	DATA 	Keypress: rctrl
485.0725 	EXP 	Sound  started
485.7080 	DATA 	Keypress: lctrl
485.8226 	EXP 	Sound  started
486.4600 	DATA 	Keypress: rctrl
486.5726 	EXP 	Sound  started
487.2440 	DATA 	Keypress: lctrl
487.3226 	EXP 	Sound  started
487.9960 	DATA 	Keypress: lctrl
488.0726 	EXP 	Sound  started
488.7800 	DATA 	Keypress: lctrl
488.8226 	EXP 	Sound  started
489.5726 	EXP 	Sound  started
489.5800 	DATA 	Keypress: rctrl
490.3227 	EXP 	Sound  started
490.3800 	DATA 	Keypress: lctrl
491.0727 	EXP 	Sound  started
491.2120 	DATA 	Keypress: rctrl
491.8227 	EXP 	Sound  started
491.8519 	DATA 	Keypress: rctrl
492.5727 	EXP 	Sound  started
492.5879 	DATA 	Keypress: rctrl
493.3080 	DATA 	Keypress: rctrl
493.3227 	EXP 	Sound  started
494.0599 	DATA 	Keypress: rctrl
494.0727 	EXP 	Sound  started
494.7799 	DATA 	Keypress: rctrl
494.8227 	EXP 	Sound  started
495.4840 	DATA 	Keypress: lctrl
495.5728 	EXP 	Sound  started
496.2360 	DATA 	Keypress: rctrl
496.3228 	EXP 	Sound  started
497.0040 	DATA 	Keypress: lctrl
497.0728 	EXP 	Sound  started
497.7400 	DATA 	Keypress: lctrl
497.8228 	EXP 	Sound  started
498.5240 	DATA 	Keypress: lctrl
498.5728 	EXP 	Sound  started
499.3079 	DATA 	Keypress: rctrl
499.3228 	EXP 	Sound  started
500.0600 	DATA 	Keypress: rctrl
500.0728 	EXP 	Sound  started
500.8120 	DATA 	Keypress: lctrl
500.8229 	EXP 	Sound  started
501.4999 	DATA 	Keypress: rctrl
504.1145 	DATA 	Keypress: 3
504.1310 	EXP 	unnamed ShapeStim: vertices = <class 'numpy.ndarray'>
509.1853 	DATA 	Keypress: 3
509.2018 	EXP 	unnamed ShapeStim: vertices = <class 'numpy.ndarray'>
514.8936 	DATA 	Keypress: 3
514.9232 	EXP 	unnamed ShapeStim: vertices = <class 'numpy.ndarray'>
517.2078 	EXP 	Sound  started
517.2086 	DATA 	Keypress: lctrl
517.8360 	DATA 	Keypress: lctrl
517.9576 	EXP 	Sound  started
518.5720 	DATA 	Keypress: rctrl
518.7076 	EXP 	Sound  started
519.4040 	DATA 	Keypress: rctrl
519.4577 	EXP 	Sound  started
520.1400 	DATA 	Keypress: lctrl
520.2077 	EXP 	Sound  started
520.9080 	DATA 	Keypress: lctrl
520.9577 	EXP 	Sound  started
521.6601 	DATA 	Keypress: rctrl
521.7077 	EXP 	Sound  started
522.3960 	DATA 	Keypress: rctrl
522.4577 	EXP 	Sound  started
523.1640 	DATA 	Keypress: lctrl
523.2077 	EXP 	Sound  started
523.8200 	DATA 	Keypress: rctrl
523.9578 	EXP 	Sound  started
524.5879 	DATA 	Keypress: lctrl
524.7078 	EXP 	Sound  started
525.3079 	DATA 	Keypress: lctrl
525.4578 	EXP 	Sound  started
526.0761 	DATA 	Keypress: lctrl
526.2078 	EXP 	Sound  started
526.8439 	DATA 	Keypress: rctrl
526.9578 	EXP 	Sound  started
527.6280 	DATA 	Keypress: rctrl
527.7078 	EXP 	Sound  started
528.2680 	DATA 	Keypress: rctrl
528.4578 	EXP 	Sound  started
529.0680 	DATA 	Keypress: rctrl
529.2078 	EXP 	Sound  started
529.8040 	DATA 	Keypress: lctrl
529.9579 	EXP 	Sound  started
530.5559 	DATA 	Keypress: lctrl
530.7079 	EXP 	Sound  started
531.3400 	DATA 	Keypress: lctrl
531.4579 	EXP 	Sound  started
532.0441 	DATA 	Keypress: lctrl
532.2079 	EXP 	Sound  started
532.7960 	DATA 	Keypress: lctrl
532.9579 	EXP 	Sound  started
533.5960 	DATA 	Keypress: lctrl
533.7084 	EXP 	Sound  started
534.3639 	DATA 	Keypress: lctrl
534.4584 	EXP 	Sound  started
535.0840 	DATA 	Keypress: rctrl
535.2084 	EXP 	Sound  started
535.8839 	DATA 	Keypress: rctrl
535.9584 	EXP 	Sound  started
536.6359 	DATA 	Keypress: lctrl
536.7084 	EXP 	Sound  started
537.3399 	DATA 	Keypress: rctrl
537.4585 	EXP 	Sound  started
538.0759 	DATA 	Keypress: lctrl
538.2085 	EXP 	Sound  started
538.9559 	DATA 	Keypress: rctrl
538.9585 	EXP 	Sound  started
539.7080 	DATA 	Keypress: rctrl
539.7085 	EXP 	Sound  started
540.3640 	DATA 	Keypress: lctrl
540.4585 	EXP 	Sound  started
541.0679 	DATA 	Keypress: rctrl
541.2085 	EXP 	Sound  started
541.8359 	DATA 	Keypress: rctrl
541.9585 	EXP 	Sound  started
542.5879 	DATA 	Keypress: rctrl
542.7086 	EXP 	Sound  started
543.2919 	DATA 	Keypress: rctrl
543.4586 	EXP 	Sound  started
544.0760 	DATA 	Keypress: lctrl
544.2086 	EXP 	Sound  started
544.7799 	DATA 	Keypress: rctrl
544.9586 	EXP 	Sound  started
545.5479 	DATA 	Keypress: lctrl
545.7086 	EXP 	Sound  started
546.3479 	DATA 	Keypress: lctrl
546.4586 	EXP 	Sound  started
547.0519 	DATA 	Keypress: rctrl
547.2086 	EXP 	Sound  started
547.7399 	DATA 	Keypress: rctrl
547.9587 	EXP 	Sound  started
548.6200 	DATA 	Keypress: lctrl
548.7087 	EXP 	Sound  started
549.3720 	DATA 	Keypress: lctrl
549.4587 	EXP 	Sound  started
550.1399 	DATA 	Keypress: lctrl
550.2087 	EXP 	Sound  started
550.8599 	DATA 	Keypress: rctrl
550.9587 	EXP 	Sound  started
551.4999 	DATA 	Keypress: lctrl
551.7087 	EXP 	Sound  started
552.3161 	DATA 	Keypress: lctrl
552.4587 	EXP 	Sound  started
553.0999 	DATA 	Keypress: lctrl
553.2087 	EXP 	Sound  started
553.9480 	DATA 	Keypress: rctrl
553.9588 	EXP 	Sound  started
554.6200 	DATA 	Keypress: rctrl
554.7088 	EXP 	Sound  started
555.3399 	DATA 	Keypress: rctrl
555.4588 	EXP 	Sound  started
556.0919 	DATA 	Keypress: rctrl
556.2088 	EXP 	Sound  started
556.8120 	DATA 	Keypress: rctrl
556.9588 	EXP 	Sound  started
557.6120 	DATA 	Keypress: rctrl
557.7088 	EXP 	Sound  started
558.3800 	DATA 	Keypress: lctrl
558.4589 	EXP 	Sound  started
559.1319 	DATA 	Keypress: rctrl
559.2089 	EXP 	Sound  started
559.9160 	DATA 	Keypress: lctrl
559.9589 	EXP 	Sound  started
560.6839 	DATA 	Keypress: lctrl
560.7089 	EXP 	Sound  started
561.4039 	DATA 	Keypress: rctrl
561.4589 	EXP 	Sound  started
562.1559 	DATA 	Keypress: lctrl
562.2089 	EXP 	Sound  started
562.9239 	DATA 	Keypress: rctrl
562.9589 	EXP 	Sound  started
563.5959 	DATA 	Keypress: rctrl
563.7090 	EXP 	Sound  started
564.3799 	DATA 	Keypress: rctrl
564.4590 	EXP 	Sound  started
565.1160 	DATA 	Keypress: lctrl
565.2090 	EXP 	Sound  started
565.8359 	DATA 	Keypress: rctrl
565.9590 	EXP 	Sound  started
566.5719 	DATA 	Keypress: rctrl
566.7090 	EXP 	Sound  started
567.1959 	DATA 	Keypress: lctrl
567.4590 	EXP 	Sound  started
568.1880 	DATA 	Keypress: lctrl
568.2090 	EXP 	Sound  started
568.9590 	EXP 	Sound  started
568.9719 	DATA 	Keypress: lctrl
569.6439 	DATA 	Keypress: lctrl
569.7091 	EXP 	Sound  started
570.3799 	DATA 	Keypress: rctrl
570.4591 	EXP 	Sound  started
571.1159 	DATA 	Keypress: lctrl
571.2091 	EXP 	Sound  started
571.8999 	DATA 	Keypress: rctrl
571.9591 	EXP 	Sound  started
572.6360 	DATA 	Keypress: rctrl
572.7091 	EXP 	Sound  started
573.3879 	DATA 	Keypress: rctrl
573.4591 	EXP 	Sound  started
574.1719 	DATA 	Keypress: lctrl
574.2091 	EXP 	Sound  started
574.9559 	DATA 	Keypress: rctrl
574.9592 	EXP 	Sound  started
575.6759 	DATA 	Keypress: rctrl
575.7092 	EXP 	Sound  started
576.4439 	DATA 	Keypress: rctrl
576.4592 	EXP 	Sound  started
577.1799 	DATA 	Keypress: rctrl
577.2092 	EXP 	Sound  started
577.9159 	DATA 	Keypress: rctrl
577.9592 	EXP 	Sound  started
578.6359 	DATA 	Keypress: rctrl
578.7092 	EXP 	Sound  started
579.4199 	DATA 	Keypress: rctrl
579.4592 	EXP 	Sound  started
580.1719 	DATA 	Keypress: lctrl
580.2092 	EXP 	Sound  started
580.8759 	DATA 	Keypress: lctrl
580.9593 	EXP 	Sound  started
581.6920 	DATA 	Keypress: lctrl
581.7093 	EXP 	Sound  started
582.4439 	DATA 	Keypress: lctrl
582.4593 	EXP 	Sound  started
583.1160 	DATA 	Keypress: rctrl
583.2093 	EXP 	Sound  started
583.9160 	DATA 	Keypress: rctrl
589.2842 	DATA 	Keypress: 1
589.3008 	EXP 	unnamed ShapeStim: vertices = <class 'numpy.ndarray'>
595.5395 	DATA 	Keypress: 2
595.5559 	EXP 	unnamed ShapeStim: vertices = <class 'numpy.ndarray'>
601.9817 	DATA 	Keypress: 4
602.0112 	EXP 	unnamed ShapeStim: vertices = <class 'numpy.ndarray'>
604.2960 	EXP 	Sound  started
604.4280 	DATA 	Keypress: lctrl
605.0039 	DATA 	Keypress: rctrl
605.0458 	EXP 	Sound  started
605.7559 	DATA 	Keypress: lctrl
605.7958 	EXP 	Sound  started
606.4919 	DATA 	Keypress: lctrl
606.5459 	EXP 	Sound  started
607.1959 	DATA 	Keypress: lctrl
607.2959 	EXP 	Sound  started
607.7559 	DATA 	Keypress: lctrl
608.0459 	EXP 	Sound  started
608.7159 	DATA 	Keypress: lctrl
608.7959 	EXP 	Sound  started
609.5459 	EXP 	Sound  started
609.6600 	DATA 	Keypress: lctrl
610.2959 	EXP 	Sound  started
610.2998 	DATA 	Keypress: rctrl
611.0039 	DATA 	Keypress: rctrl
611.0459 	EXP 	Sound  started
611.7560 	DATA 	Keypress: rctrl
611.7960 	EXP 	Sound  started
612.5239 	DATA 	Keypress: lctrl
612.5460 	EXP 	Sound  started
613.2120 	DATA 	Keypress: rctrl
613.2960 	EXP 	Sound  started
614.0119 	DATA 	Keypress: rctrl
614.0460 	EXP 	Sound  started
614.7640 	DATA 	Keypress: lctrl
614.7960 	EXP 	Sound  started
615.5000 	DATA 	Keypress: rctrl
615.5460 	EXP 	Sound  started
616.2039 	DATA 	Keypress: rctrl
616.2960 	EXP 	Sound  started
616.9239 	DATA 	Keypress: rctrl
617.0461 	EXP 	Sound  started
617.6279 	DATA 	Keypress: rctrl
617.7961 	EXP 	Sound  started
618.4120 	DATA 	Keypress: rctrl
618.5461 	EXP 	Sound  started
619.2120 	DATA 	Keypress: lctrl
619.2961 	EXP 	Sound  started
619.9799 	DATA 	Keypress: lctrl
620.0461 	EXP 	Sound  started
620.6679 	DATA 	Keypress: rctrl
620.7961 	EXP 	Sound  started
621.4199 	DATA 	Keypress: rctrl
621.5461 	EXP 	Sound  started
622.2039 	DATA 	Keypress: lctrl
622.2961 	EXP 	Sound  started
622.9079 	DATA 	Keypress: rctrl
623.0461 	EXP 	Sound  started
623.6280 	DATA 	Keypress: lctrl
623.7962 	EXP 	Sound  started
624.4439 	DATA 	Keypress: lctrl
624.5462 	EXP 	Sound  started
625.2439 	DATA 	Keypress: lctrl
625.2962 	EXP 	Sound  started
626.0119 	DATA 	Keypress: lctrl
626.0462 	EXP 	Sound  started
626.7639 	DATA 	Keypress: lctrl
626.7962 	EXP 	Sound  started
627.4518 	DATA 	Keypress: rctrl
627.5463 	EXP 	Sound  started
628.2359 	DATA 	Keypress: rctrl
628.2963 	EXP 	Sound  started
628.9719 	DATA 	Keypress: rctrl
629.0463 	EXP 	Sound  started
629.6759 	DATA 	Keypress: lctrl
629.7963 	EXP 	Sound  started
630.4599 	DATA 	Keypress: lctrl
630.5463 	EXP 	Sound  started
631.1959 	DATA 	Keypress: rctrl
631.2963 	EXP 	Sound  started
631.9638 	DATA 	Keypress: lctrl
632.0463 	EXP 	Sound  started
632.7319 	DATA 	Keypress: lctrl
632.7963 	EXP 	Sound  started
633.4520 	DATA 	Keypress: lctrl
633.5463 	EXP 	Sound  started
634.1720 	DATA 	Keypress: rctrl
634.2964 	EXP 	Sound  started
634.9399 	DATA 	Keypress: rctrl
635.0464 	EXP 	Sound  started
635.6759 	DATA 	Keypress: rctrl
635.7964 	EXP 	Sound  started
636.3640 	DATA 	Keypress: lctrl
636.5464 	EXP 	Sound  started
637.1639 	DATA 	Keypress: lctrl
637.2964 	EXP 	Sound  started
637.9319 	DATA 	Keypress: rctrl
638.0464 	EXP 	Sound  started
638.6680 	DATA 	Keypress: lctrl
638.7965 	EXP 	Sound  started
639.4679 	DATA 	Keypress: lctrl
639.5465 	EXP 	Sound  started
640.1879 	DATA 	Keypress: lctrl
640.2965 	EXP 	Sound  started
640.9719 	DATA 	Keypress: lctrl
641.0465 	EXP 	Sound  started
641.7239 	DATA 	Keypress: lctrl
641.7965 	EXP 	Sound  started
642.4920 	DATA 	Keypress: rctrl
642.5465 	EXP 	Sound  started
643.2278 	DATA 	Keypress: lctrl
643.2965 	EXP 	Sound  started
643.8999 	DATA 	Keypress: rctrl
644.0466 	EXP 	Sound  started
644.6839 	DATA 	Keypress: rctrl
644.7966 	EXP 	Sound  started
645.4520 	DATA 	Keypress: lctrl
645.5466 	EXP 	Sound  started
646.2040 	DATA 	Keypress: lctrl
646.2966 	EXP 	Sound  started
646.9241 	DATA 	Keypress: rctrl
647.0466 	EXP 	Sound  started
647.6279 	DATA 	Keypress: rctrl
647.7966 	EXP 	Sound  started
648.4279 	DATA 	Keypress: rctrl
648.5466 	EXP 	Sound  started
649.2759 	DATA 	Keypress: rctrl
649.2967 	EXP 	Sound  started
650.0118 	DATA 	Keypress: lctrl
650.0467 	EXP 	Sound  started
650.7799 	DATA 	Keypress: rctrl
650.7967 	EXP 	Sound  started
651.4999 	DATA 	Keypress: lctrl
651.5467 	EXP 	Sound  started
652.2359 	DATA 	Keypress: lctrl
652.2967 	EXP 	Sound  started
653.0199 	DATA 	Keypress: lctrl
653.0467 	EXP 	Sound  started
653.7879 	DATA 	Keypress: rctrl
653.7967 	EXP 	Sound  started
654.5468 	EXP 	Sound  started
654.5559 	DATA 	Keypress: rctrl
655.2968 	EXP 	Sound  started
655.3400 	DATA 	Keypress: lctrl
656.0468 	EXP 	Sound  started
656.0598 	DATA 	Keypress: lctrl
656.7158 	DATA 	Keypress: lctrl
656.7968 	EXP 	Sound  started
657.4998 	DATA 	Keypress: lctrl
657.5468 	EXP 	Sound  started
658.2518 	DATA 	Keypress: lctrl
658.2968 	EXP 	Sound  started
658.9879 	DATA 	Keypress: lctrl
659.0468 	EXP 	Sound  started
659.7879 	DATA 	Keypress: lctrl
659.7968 	EXP 	Sound  started
660.5079 	DATA 	Keypress: rctrl
660.5468 	EXP 	Sound  started
661.2969 	EXP 	Sound  started
661.3078 	DATA 	Keypress: rctrl
662.0469 	EXP 	Sound  started
662.0598 	DATA 	Keypress: lctrl
662.7799 	DATA 	Keypress: rctrl
662.7969 	EXP 	Sound  started
663.5469 	EXP 	Sound  started
663.5478 	DATA 	Keypress: rctrl
664.2359 	DATA 	Keypress: rctrl
664.2969 	EXP 	Sound  started
664.9878 	DATA 	Keypress: lctrl
665.0469 	EXP 	Sound  started
665.7718 	DATA 	Keypress: lctrl
665.7969 	EXP 	Sound  started
666.5079 	DATA 	Keypress: rctrl
666.5470 	EXP 	Sound  started
667.3190 	DATA 	Keypress: rctrl
668.8499 	DATA 	Keypress: 4
668.8664 	EXP 	unnamed ShapeStim: vertices = <class 'numpy.ndarray'>
672.7526 	DATA 	Keypress: 1
672.7691 	EXP 	unnamed ShapeStim: vertices = <class 'numpy.ndarray'>
680.7592 	DATA 	Keypress: 3
680.7757 	EXP 	unnamed ShapeStim: vertices = <class 'numpy.ndarray'>
683.0609 	EXP 	Sound  started
683.2919 	DATA 	Keypress: lctrl
683.8107 	EXP 	Sound  started
683.8519 	DATA 	Keypress: lctrl
684.5608 	EXP 	Sound  started
684.5719 	DATA 	Keypress: lctrl
685.2918 	DATA 	Keypress: lctrl
685.3108 	EXP 	Sound  started
686.0608 	EXP 	Sound  started
686.0759 	DATA 	Keypress: rctrl
686.7799 	DATA 	Keypress: rctrl
686.8108 	EXP 	Sound  started
687.5608 	EXP 	Sound  started
687.5958 	DATA 	Keypress: lctrl
688.3108 	EXP 	Sound  started
688.3159 	DATA 	Keypress: lctrl
689.0518 	DATA 	Keypress: lctrl
689.0608 	EXP 	Sound  started
689.7558 	DATA 	Keypress: lctrl
689.8109 	EXP 	Sound  started
690.5240 	DATA 	Keypress: lctrl
690.5609 	EXP 	Sound  started
691.3079 	DATA 	Keypress: rctrl
691.3109 	EXP 	Sound  started
692.0609 	EXP 	Sound  started
692.0758 	DATA 	Keypress: rctrl
692.7798 	DATA 	Keypress: lctrl
692.8109 	EXP 	Sound  started
693.5318 	DATA 	Keypress: rctrl
693.5609 	EXP 	Sound  started
694.2039 	DATA 	Keypress: rctrl
694.3109 	EXP 	Sound  started
695.0039 	DATA 	Keypress: rctrl
695.0610 	EXP 	Sound  started
695.7399 	DATA 	Keypress: lctrl
695.8110 	EXP 	Sound  started
696.5239 	DATA 	Keypress: lctrl
696.5610 	EXP 	Sound  started
697.2759 	DATA 	Keypress: rctrl
697.3110 	EXP 	Sound  started
698.0598 	DATA 	Keypress: rctrl
698.0610 	EXP 	Sound  started
698.7958 	DATA 	Keypress: rctrl
698.8110 	EXP 	Sound  started
699.4998 	DATA 	Keypress: lctrl
699.5610 	EXP 	Sound  started
700.2679 	DATA 	Keypress: lctrl
700.3111 	EXP 	Sound  started
701.0199 	DATA 	Keypress: rctrl
701.0611 	EXP 	Sound  started
701.8040 	DATA 	Keypress: rctrl
701.8111 	EXP 	Sound  started
702.4919 	DATA 	Keypress: rctrl
702.5611 	EXP 	Sound  started
703.1959 	DATA 	Keypress: rctrl
703.3111 	EXP 	Sound  started
703.9959 	DATA 	Keypress: rctrl
704.0611 	EXP 	Sound  started
704.6679 	DATA 	Keypress: lctrl
704.8111 	EXP 	Sound  started
705.4678 	DATA 	Keypress: rctrl
705.5612 	EXP 	Sound  started
706.2679 	DATA 	Keypress: lctrl
706.3112 	EXP 	Sound  started
706.9719 	DATA 	Keypress: lctrl
707.0612 	EXP 	Sound  started
707.8039 	DATA 	Keypress: rctrl
707.8112 	EXP 	Sound  started
708.5398 	DATA 	Keypress: rctrl
708.5612 	EXP 	Sound  started
709.2278 	DATA 	Keypress: rctrl
709.3112 	EXP 	Sound  started
710.0278 	DATA 	Keypress: lctrl
710.0612 	EXP 	Sound  started
710.7478 	DATA 	Keypress: rctrl
710.8112 	EXP 	Sound  started
711.4678 	DATA 	Keypress: lctrl
711.5613 	EXP 	Sound  started
712.2678 	DATA 	Keypress: lctrl
712.3113 	EXP 	Sound  started
713.0519 	DATA 	Keypress: lctrl
713.0613 	EXP 	Sound  started
713.7879 	DATA 	Keypress: rctrl
713.8113 	EXP 	Sound  started
714.5558 	DATA 	Keypress: lctrl
714.5613 	EXP 	Sound  started
715.2758 	DATA 	Keypress: rctrl
715.3113 	EXP 	Sound  started
716.0614 	EXP 	Sound  started
716.2038 	DATA 	Keypress: rctrl
716.8114 	EXP 	Sound  started
716.8119 	DATA 	Keypress: rctrl
717.5159 	DATA 	Keypress: rctrl
717.5614 	EXP 	Sound  started
718.1398 	DATA 	Keypress: lctrl
718.3114 	EXP 	Sound  started
718.9878 	DATA 	Keypress: rctrl
719.0614 	EXP 	Sound  started
719.8038 	DATA 	Keypress: lctrl
719.8114 	EXP 	Sound  started
720.5238 	DATA 	Keypress: lctrl
720.5614 	EXP 	Sound  started
721.2918 	DATA 	Keypress: lctrl
721.3114 	EXP 	Sound  started
722.0615 	EXP 	Sound  started
722.0758 	DATA 	Keypress: lctrl
722.8115 	EXP 	Sound  started
722.8280 	DATA 	Keypress: rctrl
723.4838 	DATA 	Keypress: rctrl
723.5615 	EXP 	Sound  started
724.2039 	DATA 	Keypress: lctrl
724.3115 	EXP 	Sound  started
725.0198 	DATA 	Keypress: rctrl
725.0615 	EXP 	Sound  started
725.7879 	DATA 	Keypress: lctrl
725.8115 	EXP 	Sound  started
726.5239 	DATA 	Keypress: lctrl
726.5615 	EXP 	Sound  started
727.2438 	DATA 	Keypress: lctrl
727.3115 	EXP 	Sound  started
727.9638 	DATA 	Keypress: lctrl
728.0616 	EXP 	Sound  started
728.7478 	DATA 	Keypress: lctrl
728.8116 	EXP 	Sound  started
729.5478 	DATA 	Keypress: rctrl
729.5616 	EXP 	Sound  started
730.2838 	DATA 	Keypress: rctrl
730.3116 	EXP 	Sound  started
731.0358 	DATA 	Keypress: rctrl
731.0616 	EXP 	Sound  started
731.7398 	DATA 	Keypress: lctrl
731.8116 	EXP 	Sound  started
732.5399 	DATA 	Keypress: rctrl
732.5617 	EXP 	Sound  started
733.2118 	DATA 	Keypress: rctrl
733.3117 	EXP 	Sound  started
733.9798 	DATA 	Keypress: rctrl
734.0617 	EXP 	Sound  started
734.7319 	DATA 	Keypress: rctrl
734.8117 	EXP 	Sound  started
735.5158 	DATA 	Keypress: lctrl
735.5617 	EXP 	Sound  started
736.3117 	EXP 	Sound  started
736.3320 	DATA 	Keypress: rctrl
737.0038 	DATA 	Keypress: rctrl
737.0617 	EXP 	Sound  started
737.7238 	DATA 	Keypress: lctrl
737.8117 	EXP 	Sound  started
738.4919 	DATA 	Keypress: lctrl
738.5618 	EXP 	Sound  started
739.1958 	DATA 	Keypress: lctrl
739.3118 	EXP 	Sound  started
739.9639 	DATA 	Keypress: lctrl
740.0618 	EXP 	Sound  started
740.7478 	DATA 	Keypress: lctrl
742.6098 	DATA 	Keypress: 4
742.6263 	EXP 	unnamed ShapeStim: vertices = <class 'numpy.ndarray'>
746.8299 	DATA 	Keypress: 2
746.8464 	EXP 	unnamed ShapeStim: vertices = <class 'numpy.ndarray'>
750.8165 	DATA 	Keypress: 3
750.8330 	EXP 	unnamed ShapeStim: vertices = <class 'numpy.ndarray'>
753.1179 	EXP 	Sound  started
753.3080 	DATA 	Keypress: rctrl
753.8678 	EXP 	Sound  started
753.8998 	DATA 	Keypress: rctrl
754.5718 	DATA 	Keypress: rctrl
754.6178 	EXP 	Sound  started
755.3678 	EXP 	Sound  started
755.4039 	DATA 	Keypress: rctrl
756.0598 	DATA 	Keypress: lctrl
756.1178 	EXP 	Sound  started
756.7958 	DATA 	Keypress: rctrl
756.8678 	EXP 	Sound  started
757.5798 	DATA 	Keypress: lctrl
757.6179 	EXP 	Sound  started
758.2838 	DATA 	Keypress: lctrl
758.3679 	EXP 	Sound  started
759.0838 	DATA 	Keypress: lctrl
759.1179 	EXP 	Sound  started
759.8358 	DATA 	Keypress: lctrl
759.8679 	EXP 	Sound  started
760.6179 	EXP 	Sound  started
760.6358 	DATA 	Keypress: lctrl
761.3399 	DATA 	Keypress: rctrl
761.3679 	EXP 	Sound  started
762.0918 	DATA 	Keypress: rctrl
762.1180 	EXP 	Sound  started
762.7639 	DATA 	Keypress: lctrl
762.8680 	EXP 	Sound  started
763.5158 	DATA 	Keypress: lctrl
763.6180 	EXP 	Sound  started
764.2999 	DATA 	Keypress: lctrl
764.3680 	EXP 	Sound  started
765.0838 	DATA 	Keypress: rctrl
765.1180 	EXP 	Sound  started
765.8039 	DATA 	Keypress: lctrl
765.8680 	EXP 	Sound  started
766.5398 	DATA 	Keypress: lctrl
766.6180 	EXP 	Sound  started
767.2598 	DATA 	Keypress: lctrl
767.3680 	EXP 	Sound  started
768.0599 	DATA 	Keypress: lctrl
768.1181 	EXP 	Sound  started
768.8279 	DATA 	Keypress: rctrl
768.8681 	EXP 	Sound  started
769.6181 	EXP 	Sound  started
769.6439 	DATA 	Keypress: rctrl
770.3478 	DATA 	Keypress: lctrl
770.3681 	EXP 	Sound  started
771.0679 	DATA 	Keypress: rctrl
771.1181 	EXP 	Sound  started
771.8679 	DATA 	Keypress: rctrl
771.8682 	EXP 	Sound  started
772.5879 	DATA 	Keypress: lctrl
772.6182 	EXP 	Sound  started
773.3078 	DATA 	Keypress: rctrl
773.3682 	EXP 	Sound  started
774.0759 	DATA 	Keypress: rctrl
774.1182 	EXP 	Sound  started
774.7798 	DATA 	Keypress: rctrl
774.8682 	EXP 	Sound  started
775.5799 	DATA 	Keypress: rctrl
775.6183 	EXP 	Sound  started
776.3318 	DATA 	Keypress: lctrl
776.3683 	EXP 	Sound  started
777.0678 	DATA 	Keypress: lctrl
777.1183 	EXP 	Sound  started
777.7879 	DATA 	Keypress: lctrl
777.8683 	EXP 	Sound  started
778.5238 	DATA 	Keypress: rctrl
778.6183 	EXP 	Sound  started
779.3399 	DATA 	Keypress: lctrl
779.3683 	EXP 	Sound  started
780.1183 	EXP 	Sound  started
780.1239 	DATA 	Keypress: lctrl
780.8278 	DATA 	Keypress: lctrl
780.8684 	EXP 	Sound  started
781.5798 	DATA 	Keypress: lctrl
781.6184 	EXP 	Sound  started
782.3318 	DATA 	Keypress: lctrl
782.3684 	EXP 	Sound  started
783.0518 	DATA 	Keypress: rctrl
783.1184 	EXP 	Sound  started
783.7878 	DATA 	Keypress: rctrl
783.8684 	EXP 	Sound  started
784.5878 	DATA 	Keypress: rctrl
784.6184 	EXP 	Sound  started
785.2918 	DATA 	Keypress: lctrl
785.3684 	EXP 	Sound  started
786.0598 	DATA 	Keypress: rctrl
786.1184 	EXP 	Sound  started
786.8119 	DATA 	Keypress: lctrl
786.8684 	EXP 	Sound  started
787.5478 	DATA 	Keypress: lctrl
787.6185 	EXP 	Sound  started
788.3319 	DATA 	Keypress: rctrl
788.3685 	EXP 	Sound  started
789.0198 	DATA 	Keypress: lctrl
789.1185 	EXP 	Sound  started
789.8357 	DATA 	Keypress: rctrl
789.8685 	EXP 	Sound  started
790.5399 	DATA 	Keypress: rctrl
790.6185 	EXP 	Sound  started
791.3077 	DATA 	Keypress: rctrl
791.3685 	EXP 	Sound  started
792.0918 	DATA 	Keypress: lctrl
792.1185 	EXP 	Sound  started
792.8278 	DATA 	Keypress: lctrl
792.8686 	EXP 	Sound  started
793.5797 	DATA 	Keypress: rctrl
793.6186 	EXP 	Sound  started
794.3318 	DATA 	Keypress: lctrl
794.3686 	EXP 	Sound  started
795.1186 	EXP 	Sound  started
795.1318 	DATA 	Keypress: lctrl
795.8199 	DATA 	Keypress: lctrl
795.8686 	EXP 	Sound  started
796.6186 	EXP 	Sound  started
796.6198 	DATA 	Keypress: lctrl
797.3558 	DATA 	Keypress: lctrl
797.3687 	EXP 	Sound  started
798.1079 	DATA 	Keypress: lctrl
798.1187 	EXP 	Sound  started
798.8598 	DATA 	Keypress: lctrl
798.8687 	EXP 	Sound  started
799.6118 	DATA 	Keypress: rctrl
799.6187 	EXP 	Sound  started
800.3318 	DATA 	Keypress: rctrl
800.3687 	EXP 	Sound  started
801.0358 	DATA 	Keypress: lctrl
801.1187 	EXP 	Sound  started
801.7878 	DATA 	Keypress: rctrl
801.8687 	EXP 	Sound  started
802.5239 	DATA 	Keypress: rctrl
802.6188 	EXP 	Sound  started
803.3078 	DATA 	Keypress: rctrl
803.3688 	EXP 	Sound  started
804.1188 	EXP 	Sound  started
804.1718 	DATA 	Keypress: lctrl
804.8278 	DATA 	Keypress: rctrl
804.8688 	EXP 	Sound  started
805.5318 	DATA 	Keypress: rctrl
805.6188 	EXP 	Sound  started
806.3318 	DATA 	Keypress: rctrl
806.3688 	EXP 	Sound  started
807.0678 	DATA 	Keypress: rctrl
807.1188 	EXP 	Sound  started
807.8198 	DATA 	Keypress: rctrl
807.8688 	EXP 	Sound  started
808.6038 	DATA 	Keypress: lctrl
808.6189 	EXP 	Sound  started
809.3558 	DATA 	Keypress: lctrl
809.3689 	EXP 	Sound  started
810.1079 	DATA 	Keypress: lctrl
810.1189 	EXP 	Sound  started
810.8278 	DATA 	Keypress: rctrl
810.8689 	EXP 	Sound  started
811.5478 	DATA 	Keypress: rctrl
811.6189 	EXP 	Sound  started
812.3158 	DATA 	Keypress: rctrl
813.7018 	DATA 	Keypress: 4
813.7184 	EXP 	unnamed ShapeStim: vertices = <class 'numpy.ndarray'>
816.9582 	DATA 	Keypress: 3
816.9872 	EXP 	unnamed ShapeStim: vertices = <class 'numpy.ndarray'>
821.6949 	DATA 	Keypress: 2
821.7244 	EXP 	unnamed ShapeStim: vertices = <class 'numpy.ndarray'>
826.0271 	DATA 	Keypress: lctrl
1011.1159 	DATA 	Keypress: return
1011.2023 	EXP 	window1: mouseVisible = True
