26.5844 	WARNING 	User requested fullscreen with size [1024  768], but screen is actually [1920, 1200]. Using actual size
27.4073 	EXP 	Created window1 = Window(allowGUI=False, allowStencil=False, autoLog=True, backendConf=UNKNOWN, bitsMode=UNKNOWN, blendMode='avg', bpc=(8, 8, 8), color=array([0, 0, 0]), colorSpace='rgb', depthBits=8, fullscr=<method-wrapper '__getattribute__' of attributeSetter object at 0x000001AF638467B8>, gamma=None, gammaErrorPolicy='raise', lms=UNKNOWN, monitor=<psychopy.monitors.calibTools.Monitor object at 0x000001AF64F540B8>, multiSample=False, name='window1', numSamples=2, pos=[0.0, 0.0], screen=0, size=array([1920, 1200]), stencilBits=0, stereo=False, units='norm', useFBO=True, useRetina=False, viewOri=0.0, viewPos=None, viewScale=None, waitBlanking=True, winType='pyglet')
27.4076 	EXP 	window1: mouseVisible = True
27.4076 	EXP 	window1: mouseVisible = False
27.4076 	EXP 	window1: recordFrameIntervals = False
27.5737 	EXP 	window1: recordFrameIntervals = True
27.7573 	EXP 	window1: recordFrameIntervals = False
27.8112 	EXP 	Created text = TextStim(__class__=<class 'psychopy.visual.text.TextStim'>, alignHoriz=method-wrapper(...), alignText='center', alignVert=method-wrapper(...), anchorHoriz='center', anchorVert='center', antialias=True, autoLog=True, bold=False, color=array([1., 1., 1.]), colorSpace='rgb', contrast=1.0, depth=0.0, flipHoriz=False, flipVert=False, font='Arial', fontFiles=[], height=0.15, italic=False, languageStyle='LTR', name='text', opacity=1, ori=0, pos=array([0., 0.]), rgb=UNKNOWN, text='+', units='norm', win=Window(...), wrapWidth=1)
27.8325 	EXP 	Created text = TextStim(__class__=<class 'psychopy.visual.text.TextStim'>, alignHoriz=method-wrapper(...), alignText='center', alignVert=method-wrapper(...), anchorHoriz='center', anchorVert='center', antialias=True, autoLog=True, bold=False, color=array([1., 1., 1.]), colorSpace='rgb', contrast=1.0, depth=0.0, flipHoriz=False, flipVert=False, font='Arial', fontFiles=[], height=0.07, italic=False, languageStyle='LTR', name='text', opacity=1, ori=0, pos=array([0., 0.]), rgb=UNKNOWN, text=str(...), units='norm', win=Window(...), wrapWidth=1.65)
27.8418 	EXP 	Created text = TextStim(__class__=<class 'psychopy.visual.text.TextStim'>, alignHoriz=method-wrapper(...), alignText='center', alignVert=method-wrapper(...), anchorHoriz='center', anchorVert='center', antialias=True, autoLog=True, bold=False, color=array([1., 1., 1.]), colorSpace='rgb', contrast=1.0, depth=0.0, flipHoriz=False, flipVert=False, font='Arial', fontFiles=[], height=0.07, italic=False, languageStyle='LTR', name='text', opacity=1, ori=0, pos=array([0., 0.]), rgb=UNKNOWN, text=str(...), units='norm', win=Window(...), wrapWidth=1.65)
27.8503 	EXP 	Created text = TextStim(__class__=<class 'psychopy.visual.text.TextStim'>, alignHoriz=method-wrapper(...), alignText='center', alignVert=method-wrapper(...), anchorHoriz='center', anchorVert='center', antialias=True, autoLog=True, bold=False, color=array([1., 1., 1.]), colorSpace='rgb', contrast=1.0, depth=0.0, flipHoriz=False, flipVert=False, font='Arial', fontFiles=[], height=0.07, italic=False, languageStyle='LTR', name='text', opacity=1, ori=0, pos=array([0., 0.]), rgb=UNKNOWN, text=str(...), units='norm', win=Window(...), wrapWidth=1.65)
27.8606 	EXP 	Created text = TextStim(__class__=<class 'psychopy.visual.text.TextStim'>, alignHoriz=method-wrapper(...), alignText='center', alignVert=method-wrapper(...), anchorHoriz='center', anchorVert='center', antialias=True, autoLog=True, bold=False, color=array([1., 1., 1.]), colorSpace='rgb', contrast=1.0, depth=0.0, flipHoriz=False, flipVert=False, font='Arial', fontFiles=[], height=0.07, italic=False, languageStyle='LTR', name='text', opacity=1, ori=0, pos=array([0., 0.]), rgb=UNKNOWN, text=str(...), units='norm', win=Window(...), wrapWidth=1.65)
27.8667 	EXP 	Created text = TextStim(__class__=<class 'psychopy.visual.text.TextStim'>, alignHoriz=method-wrapper(...), alignText='center', alignVert=method-wrapper(...), anchorHoriz='center', anchorVert='center', antialias=True, autoLog=True, bold=False, color=array([1., 1., 1.]), colorSpace='rgb', contrast=1.0, depth=0.0, flipHoriz=False, flipVert=False, font='Arial', fontFiles=[], height=0.07, italic=False, languageStyle='LTR', name='text', opacity=1, ori=0, pos=array([0., 0.]), rgb=UNKNOWN, text=str(...), units='norm', win=Window(...), wrapWidth=1.65)
27.8807 	EXP 	Created text = TextStim(__class__=<class 'psychopy.visual.text.TextStim'>, alignHoriz=method-wrapper(...), alignText='center', alignVert=method-wrapper(...), anchorHoriz='center', anchorVert='center', antialias=True, autoLog=True, bold=False, color=array([1., 1., 1.]), colorSpace='rgb', contrast=1.0, depth=0.0, flipHoriz=False, flipVert=False, font='Arial', fontFiles=[], height=0.15, italic=False, languageStyle='LTR', name='text', opacity=1, ori=0, pos=array([0., 0.]), rgb=UNKNOWN, text=str(...), units='norm', win=Window(...), wrapWidth=1.65)
27.9096 	EXP 	Created text = TextStim(__class__=<class 'psychopy.visual.text.TextStim'>, alignHoriz=method-wrapper(...), alignText='center', alignVert=method-wrapper(...), anchorHoriz='center', anchorVert='center', antialias=True, autoLog=True, bold=False, color=array([1., 1., 1.]), colorSpace='rgb', contrast=1.0, depth=0.0, flipHoriz=False, flipVert=False, font='Arial', fontFiles=[], height=0.07, italic=False, languageStyle='LTR', name='text', opacity=1, ori=0, pos=array([0., 0.]), rgb=UNKNOWN, text=str(...), units='norm', win=Window(...), wrapWidth=1.65)
27.9299 	EXP 	Created text = TextStim(__class__=<class 'psychopy.visual.text.TextStim'>, alignHoriz=method-wrapper(...), alignText='center', alignVert=method-wrapper(...), anchorHoriz='center', anchorVert='center', antialias=True, autoLog=True, bold=False, color=array([1., 1., 1.]), colorSpace='rgb', contrast=1.0, depth=0.0, flipHoriz=False, flipVert=False, font='Arial', fontFiles=[], height=0.07, italic=False, languageStyle='LTR', name='text', opacity=1, ori=0, pos=array([0., 0.]), rgb=UNKNOWN, text=str(...), units='norm', win=Window(...), wrapWidth=1.65)
27.9592 	EXP 	Created text = TextStim(__class__=<class 'psychopy.visual.text.TextStim'>, alignHoriz=method-wrapper(...), alignText='center', alignVert=method-wrapper(...), anchorHoriz='center', anchorVert='center', antialias=True, autoLog=True, bold=False, color=array([1., 1., 1.]), colorSpace='rgb', contrast=1.0, depth=0.0, flipHoriz=False, flipVert=False, font='Arial', fontFiles=[], height=0.07, italic=False, languageStyle='LTR', name='text', opacity=1, ori=0, pos=array([0., 0.]), rgb=UNKNOWN, text=str(...), units='norm', win=Window(...), wrapWidth=1.65)
27.9827 	EXP 	Created text = TextStim(__class__=<class 'psychopy.visual.text.TextStim'>, alignHoriz=method-wrapper(...), alignText='center', alignVert=method-wrapper(...), anchorHoriz='center', anchorVert='center', antialias=True, autoLog=True, bold=False, color=array([1., 1., 1.]), colorSpace='rgb', contrast=1.0, depth=0.0, flipHoriz=False, flipVert=False, font='Arial', fontFiles=[], height=0.07, italic=False, languageStyle='LTR', name='text', opacity=1, ori=0, pos=array([0., 0.]), rgb=UNKNOWN, text=str(...), units='norm', win=Window(...), wrapWidth=1.65)
28.0115 	EXP 	Created text = TextStim(__class__=<class 'psychopy.visual.text.TextStim'>, alignHoriz=method-wrapper(...), alignText='center', alignVert=method-wrapper(...), anchorHoriz='center', anchorVert='center', antialias=True, autoLog=True, bold=False, color=array([1., 1., 1.]), colorSpace='rgb', contrast=1.0, depth=0.0, flipHoriz=False, flipVert=False, font='Arial', fontFiles=[], height=0.07, italic=False, languageStyle='LTR', name='text', opacity=1, ori=0, pos=array([0., 0.]), rgb=UNKNOWN, text=str(...), units='norm', win=Window(...), wrapWidth=1.65)
28.0222 	EXP 	Created text = TextStim(__class__=<class 'psychopy.visual.text.TextStim'>, alignHoriz=method-wrapper(...), alignText='center', alignVert=method-wrapper(...), anchorHoriz='center', anchorVert='center', antialias=True, autoLog=True, bold=False, color=array([1., 1., 1.]), colorSpace='rgb', contrast=1.0, depth=0.0, flipHoriz=False, flipVert=False, font='Arial', fontFiles=[], height=0.07, italic=False, languageStyle='LTR', name='text', opacity=1, ori=0, pos=array([0., 0.]), rgb=UNKNOWN, text=str(...), units='norm', win=Window(...), wrapWidth=1.65)
28.0344 	EXP 	Created text = TextStim(__class__=<class 'psychopy.visual.text.TextStim'>, alignHoriz=method-wrapper(...), alignText='center', alignVert=method-wrapper(...), anchorHoriz='center', anchorVert='center', antialias=True, autoLog=True, bold=False, color=array([1., 1., 1.]), colorSpace='rgb', contrast=1.0, depth=0.0, flipHoriz=False, flipVert=False, font='Arial', fontFiles=[], height=0.07, italic=False, languageStyle='LTR', name='text', opacity=1, ori=0, pos=array([0., 0.]), rgb=UNKNOWN, text=str(...), units='norm', win=Window(...), wrapWidth=1.65)
28.0388 	EXP 	Created instru = TextStim(__class__=<class 'psychopy.visual.text.TextStim'>, alignHoriz=method-wrapper(...), alignText='center', alignVert=method-wrapper(...), anchorHoriz='center', anchorVert='center', antialias=True, autoLog=True, bold=False, color=array([1., 1., 1.]), colorSpace='rgb', contrast=1.0, depth=0.0, flipHoriz=False, flipVert=False, font='Arial', fontFiles=[], height=0.07, italic=False, languageStyle='LTR', name='instru', opacity=1, ori=0, pos=array([0. , 0.5]), rgb=UNKNOWN, text=str(...), units='norm', win=Window(...), wrapWidth=1)
28.0413 	EXP 	Created unnamed Line = Line(__class__=<class 'psychopy.visual.line.Line'>, autoDraw=False, autoLog=True, closeShape=False, color=array([1., 1., 1.]), colorSpace='rgb', contrast=None, depth=0, fillColor=array([0, 0, 0]), fillColorSpace='rgb', fillRGB=array([0, 0, 0]), interpolate=True, lineColor=array([1., 1., 1.]), lineColorSpace='rgb', lineRGB=array([1, 1, 1]), lineWidth=5, name='unnamed Line', opacity=0.5, ori=0.0, pos=array([0., 0.]), size=array([1., 1.]), units='norm', vertices=array([[-0.5,  0. ],
       [ 0.5,  0. ]]), win=Window(...), windingRule=None)
28.0433 	EXP 	Created unnamed Line = Line(__class__=<class 'psychopy.visual.line.Line'>, autoDraw=False, autoLog=True, closeShape=False, color=array([1., 1., 1.]), colorSpace='rgb', contrast=None, depth=0, fillColor=array([0, 0, 0]), fillColorSpace='rgb', fillRGB=array([0, 0, 0]), interpolate=True, lineColor=array([1., 1., 1.]), lineColorSpace='rgb', lineRGB=array([1, 1, 1]), lineWidth=3, name='unnamed Line', opacity=0.5, ori=0.0, pos=array([0., 0.]), size=array([1., 1.]), units='norm', vertices=array([[-0.5 , -0.05],
       [-0.5 ,  0.05]]), win=Window(...), windingRule=None)
28.0454 	EXP 	Created unnamed Line = Line(__class__=<class 'psychopy.visual.line.Line'>, autoDraw=False, autoLog=True, closeShape=False, color=array([1., 1., 1.]), colorSpace='rgb', contrast=None, depth=0, fillColor=array([0, 0, 0]), fillColorSpace='rgb', fillRGB=array([0, 0, 0]), interpolate=True, lineColor=array([1., 1., 1.]), lineColorSpace='rgb', lineRGB=array([1, 1, 1]), lineWidth=3, name='unnamed Line', opacity=0.5, ori=0.0, pos=array([0., 0.]), size=array([1., 1.]), units='norm', vertices=ndarray(...), win=Window(...), windingRule=None)
28.0474 	EXP 	Created unnamed Line = Line(__class__=<class 'psychopy.visual.line.Line'>, autoDraw=False, autoLog=True, closeShape=False, color=array([1., 1., 1.]), colorSpace='rgb', contrast=None, depth=0, fillColor=array([0, 0, 0]), fillColorSpace='rgb', fillRGB=array([0, 0, 0]), interpolate=True, lineColor=array([1., 1., 1.]), lineColorSpace='rgb', lineRGB=array([1, 1, 1]), lineWidth=3, name='unnamed Line', opacity=0.5, ori=0.0, pos=array([0., 0.]), size=array([1., 1.]), units='norm', vertices=ndarray(...), win=Window(...), windingRule=None)
28.0494 	EXP 	Created unnamed Line = Line(__class__=<class 'psychopy.visual.line.Line'>, autoDraw=False, autoLog=True, closeShape=False, color=array([1., 1., 1.]), colorSpace='rgb', contrast=None, depth=0, fillColor=array([0, 0, 0]), fillColorSpace='rgb', fillRGB=array([0, 0, 0]), interpolate=True, lineColor=array([1., 1., 1.]), lineColorSpace='rgb', lineRGB=array([1, 1, 1]), lineWidth=3, name='unnamed Line', opacity=0.5, ori=0.0, pos=array([0., 0.]), size=array([1., 1.]), units='norm', vertices=array([[ 0.5 , -0.05],
       [ 0.5 ,  0.05]]), win=Window(...), windingRule=None)
28.0633 	EXP 	Created unnamed TextStim = TextStim(__class__=<class 'psychopy.visual.text.TextStim'>, alignHoriz=method-wrapper(...), alignText='center', alignVert=method-wrapper(...), anchorHoriz='center', anchorVert='center', antialias=True, autoLog=True, bold=False, color=array([1., 1., 1.]), colorSpace='rgb', contrast=1.0, depth=0, flipHoriz=False, flipVert=False, font='', fontFiles=[], height=0.05, italic=False, languageStyle='LTR', name='unnamed TextStim', opacity=1.0, ori=0.0, pos=array([-0.5, -0.1]), rgb=UNKNOWN, text='Helt klart \n IKKE FOKUSERT', units='norm', win=Window(...), wrapWidth=1)
28.0645 	EXP 	Created unnamed TextStim = TextStim(__class__=<class 'psychopy.visual.text.TextStim'>, alignHoriz=method-wrapper(...), alignText='center', alignVert=method-wrapper(...), anchorHoriz='center', anchorVert='center', antialias=True, autoLog=True, bold=False, color=array([1., 1., 1.]), colorSpace='rgb', contrast=1.0, depth=0, flipHoriz=False, flipVert=False, font='', fontFiles=[], height=0.05, italic=False, languageStyle='LTR', name='unnamed TextStim', opacity=1.0, ori=0.0, pos=array([-0.16666667, -0.1       ]), rgb=UNKNOWN, text='', units='norm', win=Window(...), wrapWidth=1)
28.0656 	EXP 	Created unnamed TextStim = TextStim(__class__=<class 'psychopy.visual.text.TextStim'>, alignHoriz=method-wrapper(...), alignText='center', alignVert=method-wrapper(...), anchorHoriz='center', anchorVert='center', antialias=True, autoLog=True, bold=False, color=array([1., 1., 1.]), colorSpace='rgb', contrast=1.0, depth=0, flipHoriz=False, flipVert=False, font='', fontFiles=[], height=0.05, italic=False, languageStyle='LTR', name='unnamed TextStim', opacity=1.0, ori=0.0, pos=array([ 0.16666667, -0.1       ]), rgb=UNKNOWN, text='', units='norm', win=Window(...), wrapWidth=1)
28.0692 	EXP 	Created unnamed TextStim = TextStim(__class__=<class 'psychopy.visual.text.TextStim'>, alignHoriz=method-wrapper(...), alignText='center', alignVert=method-wrapper(...), anchorHoriz='center', anchorVert='center', antialias=True, autoLog=True, bold=False, color=array([1., 1., 1.]), colorSpace='rgb', contrast=1.0, depth=0, flipHoriz=False, flipVert=False, font='', fontFiles=[], height=0.05, italic=False, languageStyle='LTR', name='unnamed TextStim', opacity=1.0, ori=0.0, pos=array([ 0.5, -0.1]), rgb=UNKNOWN, text='Helt klart \n FOKUSERT', units='norm', win=Window(...), wrapWidth=1)
28.0712 	EXP 	Created unnamed ShapeStim = ShapeStim(__class__=<class 'psychopy.visual.shape.ShapeStim'>, autoDraw=False, autoLog=True, closeShape=True, color=method-wrapper(...), colorSpace='rgb', contrast=None, depth=0, fillColor=array([1, 1, 1]), fillColorSpace='rgb', fillRGB=array([1, 1, 1]), interpolate=True, lineColor=array([-1., -1., -1.]), lineColorSpace='rgb', lineRGB=array([-1, -1, -1]), lineWidth=1.5, name='unnamed ShapeStim', opacity=1.0, ori=0.0, pos=array([0., 0.]), size=array([1., 1.]), units='norm', vertices=ndarray(...), win=Window(...), windingRule=None)
28.0784 	EXP 	Created instru = TextStim(__class__=<class 'psychopy.visual.text.TextStim'>, alignHoriz=method-wrapper(...), alignText='center', alignVert=method-wrapper(...), anchorHoriz='center', anchorVert='center', antialias=True, autoLog=True, bold=False, color=array([1., 1., 1.]), colorSpace='rgb', contrast=1.0, depth=0.0, flipHoriz=False, flipVert=False, font='Arial', fontFiles=[], height=0.07, italic=False, languageStyle='LTR', name='instru', opacity=1, ori=0, pos=array([0. , 0.5]), rgb=UNKNOWN, text=str(...), units='norm', win=Window(...), wrapWidth=1)
28.0803 	EXP 	Created unnamed Line = Line(__class__=<class 'psychopy.visual.line.Line'>, autoDraw=False, autoLog=True, closeShape=False, color=array([1., 1., 1.]), colorSpace='rgb', contrast=None, depth=0, fillColor=array([0, 0, 0]), fillColorSpace='rgb', fillRGB=array([0, 0, 0]), interpolate=True, lineColor=array([1., 1., 1.]), lineColorSpace='rgb', lineRGB=array([1, 1, 1]), lineWidth=5, name='unnamed Line', opacity=0.5, ori=0.0, pos=array([0., 0.]), size=array([1., 1.]), units='norm', vertices=array([[-0.5,  0. ],
       [ 0.5,  0. ]]), win=Window(...), windingRule=None)
28.0824 	EXP 	Created unnamed Line = Line(__class__=<class 'psychopy.visual.line.Line'>, autoDraw=False, autoLog=True, closeShape=False, color=array([1., 1., 1.]), colorSpace='rgb', contrast=None, depth=0, fillColor=array([0, 0, 0]), fillColorSpace='rgb', fillRGB=array([0, 0, 0]), interpolate=True, lineColor=array([1., 1., 1.]), lineColorSpace='rgb', lineRGB=array([1, 1, 1]), lineWidth=3, name='unnamed Line', opacity=0.5, ori=0.0, pos=array([0., 0.]), size=array([1., 1.]), units='norm', vertices=array([[-0.5 , -0.05],
       [-0.5 ,  0.05]]), win=Window(...), windingRule=None)
28.0844 	EXP 	Created unnamed Line = Line(__class__=<class 'psychopy.visual.line.Line'>, autoDraw=False, autoLog=True, closeShape=False, color=array([1., 1., 1.]), colorSpace='rgb', contrast=None, depth=0, fillColor=array([0, 0, 0]), fillColorSpace='rgb', fillRGB=array([0, 0, 0]), interpolate=True, lineColor=array([1., 1., 1.]), lineColorSpace='rgb', lineRGB=array([1, 1, 1]), lineWidth=3, name='unnamed Line', opacity=0.5, ori=0.0, pos=array([0., 0.]), size=array([1., 1.]), units='norm', vertices=ndarray(...), win=Window(...), windingRule=None)
28.0863 	EXP 	Created unnamed Line = Line(__class__=<class 'psychopy.visual.line.Line'>, autoDraw=False, autoLog=True, closeShape=False, color=array([1., 1., 1.]), colorSpace='rgb', contrast=None, depth=0, fillColor=array([0, 0, 0]), fillColorSpace='rgb', fillRGB=array([0, 0, 0]), interpolate=True, lineColor=array([1., 1., 1.]), lineColorSpace='rgb', lineRGB=array([1, 1, 1]), lineWidth=3, name='unnamed Line', opacity=0.5, ori=0.0, pos=array([0., 0.]), size=array([1., 1.]), units='norm', vertices=ndarray(...), win=Window(...), windingRule=None)
28.0883 	EXP 	Created unnamed Line = Line(__class__=<class 'psychopy.visual.line.Line'>, autoDraw=False, autoLog=True, closeShape=False, color=array([1., 1., 1.]), colorSpace='rgb', contrast=None, depth=0, fillColor=array([0, 0, 0]), fillColorSpace='rgb', fillRGB=array([0, 0, 0]), interpolate=True, lineColor=array([1., 1., 1.]), lineColorSpace='rgb', lineRGB=array([1, 1, 1]), lineWidth=3, name='unnamed Line', opacity=0.5, ori=0.0, pos=array([0., 0.]), size=array([1., 1.]), units='norm', vertices=array([[ 0.5 , -0.05],
       [ 0.5 ,  0.05]]), win=Window(...), windingRule=None)
28.0931 	EXP 	Created unnamed TextStim = TextStim(__class__=<class 'psychopy.visual.text.TextStim'>, alignHoriz=method-wrapper(...), alignText='center', alignVert=method-wrapper(...), anchorHoriz='center', anchorVert='center', antialias=True, autoLog=True, bold=False, color=array([1., 1., 1.]), colorSpace='rgb', contrast=1.0, depth=0, flipHoriz=False, flipVert=False, font='', fontFiles=[], height=0.05, italic=False, languageStyle='LTR', name='unnamed TextStim', opacity=1.0, ori=0.0, pos=array([-0.5, -0.1]), rgb=UNKNOWN, text='Helt klart \n INGENTING', units='norm', win=Window(...), wrapWidth=1)
28.0941 	EXP 	Created unnamed TextStim = TextStim(__class__=<class 'psychopy.visual.text.TextStim'>, alignHoriz=method-wrapper(...), alignText='center', alignVert=method-wrapper(...), anchorHoriz='center', anchorVert='center', antialias=True, autoLog=True, bold=False, color=array([1., 1., 1.]), colorSpace='rgb', contrast=1.0, depth=0, flipHoriz=False, flipVert=False, font='', fontFiles=[], height=0.05, italic=False, languageStyle='LTR', name='unnamed TextStim', opacity=1.0, ori=0.0, pos=array([-0.16666667, -0.1       ]), rgb=UNKNOWN, text='', units='norm', win=Window(...), wrapWidth=1)
28.0952 	EXP 	Created unnamed TextStim = TextStim(__class__=<class 'psychopy.visual.text.TextStim'>, alignHoriz=method-wrapper(...), alignText='center', alignVert=method-wrapper(...), anchorHoriz='center', anchorVert='center', antialias=True, autoLog=True, bold=False, color=array([1., 1., 1.]), colorSpace='rgb', contrast=1.0, depth=0, flipHoriz=False, flipVert=False, font='', fontFiles=[], height=0.05, italic=False, languageStyle='LTR', name='unnamed TextStim', opacity=1.0, ori=0.0, pos=array([ 0.16666667, -0.1       ]), rgb=UNKNOWN, text='', units='norm', win=Window(...), wrapWidth=1)
28.0982 	EXP 	Created unnamed TextStim = TextStim(__class__=<class 'psychopy.visual.text.TextStim'>, alignHoriz=method-wrapper(...), alignText='center', alignVert=method-wrapper(...), anchorHoriz='center', anchorVert='center', antialias=True, autoLog=True, bold=False, color=array([1., 1., 1.]), colorSpace='rgb', contrast=1.0, depth=0, flipHoriz=False, flipVert=False, font='', fontFiles=[], height=0.05, italic=False, languageStyle='LTR', name='unnamed TextStim', opacity=1.0, ori=0.0, pos=array([ 0.5, -0.1]), rgb=UNKNOWN, text='Helt klart \n NOE', units='norm', win=Window(...), wrapWidth=1)
28.1000 	EXP 	Created unnamed ShapeStim = ShapeStim(__class__=<class 'psychopy.visual.shape.ShapeStim'>, autoDraw=False, autoLog=True, closeShape=True, color=method-wrapper(...), colorSpace='rgb', contrast=None, depth=0, fillColor=array([1, 1, 1]), fillColorSpace='rgb', fillRGB=array([1, 1, 1]), interpolate=True, lineColor=array([-1., -1., -1.]), lineColorSpace='rgb', lineRGB=array([-1, -1, -1]), lineWidth=1.5, name='unnamed ShapeStim', opacity=1.0, ori=0.0, pos=array([0., 0.]), size=array([1., 1.]), units='norm', vertices=ndarray(...), win=Window(...), windingRule=None)
28.1068 	EXP 	Created instru = TextStim(__class__=<class 'psychopy.visual.text.TextStim'>, alignHoriz=method-wrapper(...), alignText='center', alignVert=method-wrapper(...), anchorHoriz='center', anchorVert='center', antialias=True, autoLog=True, bold=False, color=array([1., 1., 1.]), colorSpace='rgb', contrast=1.0, depth=0.0, flipHoriz=False, flipVert=False, font='Arial', fontFiles=[], height=0.07, italic=False, languageStyle='LTR', name='instru', opacity=1, ori=0, pos=array([0. , 0.5]), rgb=UNKNOWN, text=str(...), units='norm', win=Window(...), wrapWidth=1)
28.1088 	EXP 	Created unnamed Line = Line(__class__=<class 'psychopy.visual.line.Line'>, autoDraw=False, autoLog=True, closeShape=False, color=array([1., 1., 1.]), colorSpace='rgb', contrast=None, depth=0, fillColor=array([0, 0, 0]), fillColorSpace='rgb', fillRGB=array([0, 0, 0]), interpolate=True, lineColor=array([1., 1., 1.]), lineColorSpace='rgb', lineRGB=array([1, 1, 1]), lineWidth=5, name='unnamed Line', opacity=0.5, ori=0.0, pos=array([0., 0.]), size=array([1., 1.]), units='norm', vertices=array([[-0.5,  0. ],
       [ 0.5,  0. ]]), win=Window(...), windingRule=None)
28.1107 	EXP 	Created unnamed Line = Line(__class__=<class 'psychopy.visual.line.Line'>, autoDraw=False, autoLog=True, closeShape=False, color=array([1., 1., 1.]), colorSpace='rgb', contrast=None, depth=0, fillColor=array([0, 0, 0]), fillColorSpace='rgb', fillRGB=array([0, 0, 0]), interpolate=True, lineColor=array([1., 1., 1.]), lineColorSpace='rgb', lineRGB=array([1, 1, 1]), lineWidth=3, name='unnamed Line', opacity=0.5, ori=0.0, pos=array([0., 0.]), size=array([1., 1.]), units='norm', vertices=array([[-0.5 , -0.05],
       [-0.5 ,  0.05]]), win=Window(...), windingRule=None)
28.1127 	EXP 	Created unnamed Line = Line(__class__=<class 'psychopy.visual.line.Line'>, autoDraw=False, autoLog=True, closeShape=False, color=array([1., 1., 1.]), colorSpace='rgb', contrast=None, depth=0, fillColor=array([0, 0, 0]), fillColorSpace='rgb', fillRGB=array([0, 0, 0]), interpolate=True, lineColor=array([1., 1., 1.]), lineColorSpace='rgb', lineRGB=array([1, 1, 1]), lineWidth=3, name='unnamed Line', opacity=0.5, ori=0.0, pos=array([0., 0.]), size=array([1., 1.]), units='norm', vertices=ndarray(...), win=Window(...), windingRule=None)
28.1146 	EXP 	Created unnamed Line = Line(__class__=<class 'psychopy.visual.line.Line'>, autoDraw=False, autoLog=True, closeShape=False, color=array([1., 1., 1.]), colorSpace='rgb', contrast=None, depth=0, fillColor=array([0, 0, 0]), fillColorSpace='rgb', fillRGB=array([0, 0, 0]), interpolate=True, lineColor=array([1., 1., 1.]), lineColorSpace='rgb', lineRGB=array([1, 1, 1]), lineWidth=3, name='unnamed Line', opacity=0.5, ori=0.0, pos=array([0., 0.]), size=array([1., 1.]), units='norm', vertices=ndarray(...), win=Window(...), windingRule=None)
28.1165 	EXP 	Created unnamed Line = Line(__class__=<class 'psychopy.visual.line.Line'>, autoDraw=False, autoLog=True, closeShape=False, color=array([1., 1., 1.]), colorSpace='rgb', contrast=None, depth=0, fillColor=array([0, 0, 0]), fillColorSpace='rgb', fillRGB=array([0, 0, 0]), interpolate=True, lineColor=array([1., 1., 1.]), lineColorSpace='rgb', lineRGB=array([1, 1, 1]), lineWidth=3, name='unnamed Line', opacity=0.5, ori=0.0, pos=array([0., 0.]), size=array([1., 1.]), units='norm', vertices=array([[ 0.5 , -0.05],
       [ 0.5 ,  0.05]]), win=Window(...), windingRule=None)
28.1212 	EXP 	Created unnamed TextStim = TextStim(__class__=<class 'psychopy.visual.text.TextStim'>, alignHoriz=method-wrapper(...), alignText='center', alignVert=method-wrapper(...), anchorHoriz='center', anchorVert='center', antialias=True, autoLog=True, bold=False, color=array([1., 1., 1.]), colorSpace='rgb', contrast=1.0, depth=0, flipHoriz=False, flipVert=False, font='', fontFiles=[], height=0.05, italic=False, languageStyle='LTR', name='unnamed TextStim', opacity=1.0, ori=0.0, pos=array([-0.5, -0.1]), rgb=UNKNOWN, text='Helt klart \n SPONTAN', units='norm', win=Window(...), wrapWidth=1)
28.1222 	EXP 	Created unnamed TextStim = TextStim(__class__=<class 'psychopy.visual.text.TextStim'>, alignHoriz=method-wrapper(...), alignText='center', alignVert=method-wrapper(...), anchorHoriz='center', anchorVert='center', antialias=True, autoLog=True, bold=False, color=array([1., 1., 1.]), colorSpace='rgb', contrast=1.0, depth=0, flipHoriz=False, flipVert=False, font='', fontFiles=[], height=0.05, italic=False, languageStyle='LTR', name='unnamed TextStim', opacity=1.0, ori=0.0, pos=array([-0.16666667, -0.1       ]), rgb=UNKNOWN, text='', units='norm', win=Window(...), wrapWidth=1)
28.1233 	EXP 	Created unnamed TextStim = TextStim(__class__=<class 'psychopy.visual.text.TextStim'>, alignHoriz=method-wrapper(...), alignText='center', alignVert=method-wrapper(...), anchorHoriz='center', anchorVert='center', antialias=True, autoLog=True, bold=False, color=array([1., 1., 1.]), colorSpace='rgb', contrast=1.0, depth=0, flipHoriz=False, flipVert=False, font='', fontFiles=[], height=0.05, italic=False, languageStyle='LTR', name='unnamed TextStim', opacity=1.0, ori=0.0, pos=array([ 0.16666667, -0.1       ]), rgb=UNKNOWN, text='', units='norm', win=Window(...), wrapWidth=1)
28.1279 	EXP 	Created unnamed TextStim = TextStim(__class__=<class 'psychopy.visual.text.TextStim'>, alignHoriz=method-wrapper(...), alignText='center', alignVert=method-wrapper(...), anchorHoriz='center', anchorVert='center', antialias=True, autoLog=True, bold=False, color=array([1., 1., 1.]), colorSpace='rgb', contrast=1.0, depth=0, flipHoriz=False, flipVert=False, font='', fontFiles=[], height=0.05, italic=False, languageStyle='LTR', name='unnamed TextStim', opacity=1.0, ori=0.0, pos=array([ 0.5, -0.1]), rgb=UNKNOWN, text='Helt klart \n BEVISST', units='norm', win=Window(...), wrapWidth=1)
28.1297 	EXP 	Created unnamed ShapeStim = ShapeStim(__class__=<class 'psychopy.visual.shape.ShapeStim'>, autoDraw=False, autoLog=True, closeShape=True, color=method-wrapper(...), colorSpace='rgb', contrast=None, depth=0, fillColor=array([1, 1, 1]), fillColorSpace='rgb', fillRGB=array([1, 1, 1]), interpolate=True, lineColor=array([-1., -1., -1.]), lineColorSpace='rgb', lineRGB=array([-1, -1, -1]), lineWidth=1.5, name='unnamed ShapeStim', opacity=1.0, ori=0.0, pos=array([0., 0.]), size=array([1., 1.]), units='norm', vertices=ndarray(...), win=Window(...), windingRule=None)
28.1789 	EXP 	Sound  set volume 1.000
28.2071 	EXP 	unnamed ShapeStim: vertices = <class 'numpy.ndarray'>
28.2071 	EXP 	unnamed ShapeStim: vertices = <class 'numpy.ndarray'>
28.2071 	EXP 	unnamed ShapeStim: vertices = <class 'numpy.ndarray'>
31.7460 	DATA 	Keypress: rctrl
32.2614 	EXP 	Sound  started
33.0112 	EXP 	Sound  started
33.2019 	DATA 	Keypress: rctrl
33.6979 	DATA 	Keypress: rctrl
33.7612 	EXP 	Sound  started
34.4019 	DATA 	Keypress: rctrl
34.5113 	EXP 	Sound  started
35.1699 	DATA 	Keypress: lctrl
35.2613 	EXP 	Sound  started
35.8899 	DATA 	Keypress: rctrl
36.0113 	EXP 	Sound  started
36.6098 	DATA 	Keypress: rctrl
36.7613 	EXP 	Sound  started
37.3299 	DATA 	Keypress: lctrl
37.5113 	EXP 	Sound  started
38.1139 	DATA 	Keypress: lctrl
38.2613 	EXP 	Sound  started
38.8499 	DATA 	Keypress: rctrl
39.0113 	EXP 	Sound  started
39.5859 	DATA 	Keypress: lctrl
39.7613 	EXP 	Sound  started
40.3218 	DATA 	Keypress: lctrl
40.5114 	EXP 	Sound  started
41.1058 	DATA 	Keypress: lctrl
41.2614 	EXP 	Sound  started
41.8579 	DATA 	Keypress: rctrl
42.0114 	EXP 	Sound  started
42.5298 	DATA 	Keypress: lctrl
42.7614 	EXP 	Sound  started
43.2499 	DATA 	Keypress: lctrl
43.5114 	EXP 	Sound  started
44.1299 	DATA 	Keypress: rctrl
44.2614 	EXP 	Sound  started
44.8819 	DATA 	Keypress: lctrl
45.0114 	EXP 	Sound  started
45.5859 	DATA 	Keypress: lctrl
45.7615 	EXP 	Sound  started
46.3699 	DATA 	Keypress: lctrl
46.5115 	EXP 	Sound  started
47.1858 	DATA 	Keypress: lctrl
47.2615 	EXP 	Sound  started
47.8899 	DATA 	Keypress: lctrl
48.0115 	EXP 	Sound  started
48.6578 	DATA 	Keypress: lctrl
48.7615 	EXP 	Sound  started
49.3779 	DATA 	Keypress: lctrl
49.5115 	EXP 	Sound  started
50.1299 	DATA 	Keypress: rctrl
50.2615 	EXP 	Sound  started
50.8979 	DATA 	Keypress: rctrl
51.0116 	EXP 	Sound  started
51.6340 	DATA 	Keypress: lctrl
51.7616 	EXP 	Sound  started
52.3858 	DATA 	Keypress: lctrl
52.5116 	EXP 	Sound  started
53.1379 	DATA 	Keypress: lctrl
53.2616 	EXP 	Sound  started
53.9058 	DATA 	Keypress: rctrl
54.0116 	EXP 	Sound  started
54.6898 	DATA 	Keypress: rctrl
54.7616 	EXP 	Sound  started
55.3938 	DATA 	Keypress: lctrl
55.5116 	EXP 	Sound  started
56.1779 	DATA 	Keypress: lctrl
56.2617 	EXP 	Sound  started
56.8659 	DATA 	Keypress: rctrl
57.0117 	EXP 	Sound  started
57.6498 	DATA 	Keypress: rctrl
57.7617 	EXP 	Sound  started
58.3539 	DATA 	Keypress: lctrl
58.5117 	EXP 	Sound  started
59.1060 	DATA 	Keypress: lctrl
59.2617 	EXP 	Sound  started
59.9058 	DATA 	Keypress: rctrl
60.0117 	EXP 	Sound  started
60.6738 	DATA 	Keypress: rctrl
60.7617 	EXP 	Sound  started
61.3939 	DATA 	Keypress: lctrl
61.5117 	EXP 	Sound  started
62.1619 	DATA 	Keypress: lctrl
62.2618 	EXP 	Sound  started
62.9298 	DATA 	Keypress: rctrl
63.0118 	EXP 	Sound  started
63.6658 	DATA 	Keypress: rctrl
63.7621 	EXP 	Sound  started
64.3378 	DATA 	Keypress: rctrl
64.5121 	EXP 	Sound  started
65.1058 	DATA 	Keypress: rctrl
65.2621 	EXP 	Sound  started
65.9059 	DATA 	Keypress: rctrl
66.0121 	EXP 	Sound  started
66.6739 	DATA 	Keypress: rctrl
66.7621 	EXP 	Sound  started
67.4419 	DATA 	Keypress: lctrl
67.5121 	EXP 	Sound  started
68.1618 	DATA 	Keypress: lctrl
68.2621 	EXP 	Sound  started
68.9299 	DATA 	Keypress: lctrl
69.0122 	EXP 	Sound  started
69.6818 	DATA 	Keypress: lctrl
69.7622 	EXP 	Sound  started
70.4499 	DATA 	Keypress: rctrl
70.5122 	EXP 	Sound  started
71.1699 	DATA 	Keypress: rctrl
71.2622 	EXP 	Sound  started
71.8098 	DATA 	Keypress: rctrl
72.0122 	EXP 	Sound  started
72.7058 	DATA 	Keypress: rctrl
72.7622 	EXP 	Sound  started
73.4258 	DATA 	Keypress: rctrl
73.5122 	EXP 	Sound  started
74.0978 	DATA 	Keypress: lctrl
74.2622 	EXP 	Sound  started
74.9138 	DATA 	Keypress: lctrl
75.0123 	EXP 	Sound  started
75.5858 	DATA 	Keypress: lctrl
75.7623 	EXP 	Sound  started
76.3218 	DATA 	Keypress: lctrl
76.5123 	EXP 	Sound  started
77.0898 	DATA 	Keypress: lctrl
77.2623 	EXP 	Sound  started
77.8418 	DATA 	Keypress: rctrl
78.0123 	EXP 	Sound  started
78.5299 	DATA 	Keypress: rctrl
78.7623 	EXP 	Sound  started
79.3779 	DATA 	Keypress: lctrl
79.5124 	EXP 	Sound  started
80.1460 	DATA 	Keypress: lctrl
80.2624 	EXP 	Sound  started
80.8979 	DATA 	Keypress: rctrl
81.0124 	EXP 	Sound  started
81.6178 	DATA 	Keypress: rctrl
81.7624 	EXP 	Sound  started
82.3378 	DATA 	Keypress: lctrl
82.5124 	EXP 	Sound  started
83.1378 	DATA 	Keypress: lctrl
83.2624 	EXP 	Sound  started
83.9218 	DATA 	Keypress: rctrl
84.0124 	EXP 	Sound  started
84.6578 	DATA 	Keypress: rctrl
84.7624 	EXP 	Sound  started
85.3458 	DATA 	Keypress: lctrl
85.5124 	EXP 	Sound  started
86.1138 	DATA 	Keypress: rctrl
86.2625 	EXP 	Sound  started
86.8658 	DATA 	Keypress: rctrl
87.0125 	EXP 	Sound  started
87.5859 	DATA 	Keypress: rctrl
87.7898 	EXP 	unnamed TextStim: text = ''
87.7898 	EXP 	unnamed TextStim: text = ''
90.4915 	DATA 	Keypress: 4
90.5081 	EXP 	unnamed ShapeStim: vertices = <class 'numpy.ndarray'>
92.0427 	EXP 	unnamed TextStim: text = ''
92.0427 	EXP 	unnamed TextStim: text = ''
98.6149 	DATA 	Keypress: 3
98.6314 	EXP 	unnamed ShapeStim: vertices = <class 'numpy.ndarray'>
100.1660 	EXP 	unnamed TextStim: text = ''
100.1660 	EXP 	unnamed TextStim: text = ''
101.5876 	DATA 	Keypress: 2
101.6171 	EXP 	unnamed ShapeStim: vertices = <class 'numpy.ndarray'>
103.9031 	EXP 	Sound  started
103.9040 	DATA 	Keypress: rctrl
104.4819 	DATA 	Keypress: rctrl
104.6530 	EXP 	Sound  started
105.2179 	DATA 	Keypress: lctrl
105.4030 	EXP 	Sound  started
105.9859 	DATA 	Keypress: rctrl
106.1530 	EXP 	Sound  started
106.7699 	DATA 	Keypress: lctrl
106.9030 	EXP 	Sound  started
107.6530 	EXP 	Sound  started
107.7139 	DATA 	Keypress: lctrl
108.4030 	EXP 	Sound  started
108.4498 	DATA 	Keypress: lctrl
109.1218 	DATA 	Keypress: rctrl
109.1530 	EXP 	Sound  started
109.8738 	DATA 	Keypress: rctrl
109.9030 	EXP 	Sound  started
110.5299 	DATA 	Keypress: rctrl
110.6531 	EXP 	Sound  started
111.2818 	DATA 	Keypress: rctrl
111.4031 	EXP 	Sound  started
112.0498 	DATA 	Keypress: rctrl
112.1531 	EXP 	Sound  started
112.7378 	DATA 	Keypress: lctrl
112.9031 	EXP 	Sound  started
113.5218 	DATA 	Keypress: lctrl
113.6531 	EXP 	Sound  started
114.2578 	DATA 	Keypress: rctrl
114.4031 	EXP 	Sound  started
115.0098 	DATA 	Keypress: lctrl
115.1531 	EXP 	Sound  started
115.7778 	DATA 	Keypress: lctrl
115.9032 	EXP 	Sound  started
116.5458 	DATA 	Keypress: lctrl
116.6532 	EXP 	Sound  started
117.3298 	DATA 	Keypress: rctrl
117.4032 	EXP 	Sound  started
118.1138 	DATA 	Keypress: lctrl
118.1532 	EXP 	Sound  started
118.8338 	DATA 	Keypress: lctrl
118.9032 	EXP 	Sound  started
119.5059 	DATA 	Keypress: lctrl
119.6532 	EXP 	Sound  started
120.2419 	DATA 	Keypress: rctrl
120.4033 	EXP 	Sound  started
121.1218 	DATA 	Keypress: lctrl
121.1533 	EXP 	Sound  started
121.8099 	DATA 	Keypress: rctrl
121.9033 	EXP 	Sound  started
122.5139 	DATA 	Keypress: rctrl
122.6533 	EXP 	Sound  started
123.2498 	DATA 	Keypress: lctrl
123.4033 	EXP 	Sound  started
124.0178 	DATA 	Keypress: lctrl
124.1533 	EXP 	Sound  started
124.7698 	DATA 	Keypress: rctrl
124.9033 	EXP 	Sound  started
125.4738 	DATA 	Keypress: rctrl
125.6533 	EXP 	Sound  started
126.2419 	DATA 	Keypress: lctrl
126.4034 	EXP 	Sound  started
127.0099 	DATA 	Keypress: lctrl
127.1534 	EXP 	Sound  started
127.6979 	DATA 	Keypress: rctrl
127.9034 	EXP 	Sound  started
128.4979 	DATA 	Keypress: rctrl
128.6534 	EXP 	Sound  started
129.2498 	DATA 	Keypress: lctrl
129.4034 	EXP 	Sound  started
130.1534 	EXP 	Sound  started
130.4338 	DATA 	Keypress: lctrl
130.8818 	DATA 	Keypress: lctrl
130.9034 	EXP 	Sound  started
131.6018 	DATA 	Keypress: lctrl
131.6535 	EXP 	Sound  started
132.3058 	DATA 	Keypress: rctrl
132.4035 	EXP 	Sound  started
133.0098 	DATA 	Keypress: rctrl
133.1535 	EXP 	Sound  started
133.7298 	DATA 	Keypress: lctrl
133.9035 	EXP 	Sound  started
134.5458 	DATA 	Keypress: lctrl
134.6535 	EXP 	Sound  started
135.2979 	DATA 	Keypress: rctrl
135.4035 	EXP 	Sound  started
135.9539 	DATA 	Keypress: rctrl
136.1535 	EXP 	Sound  started
136.7538 	DATA 	Keypress: lctrl
136.9035 	EXP 	Sound  started
137.5539 	DATA 	Keypress: lctrl
137.6536 	EXP 	Sound  started
138.2579 	DATA 	Keypress: rctrl
138.4036 	EXP 	Sound  started
139.0578 	DATA 	Keypress: rctrl
139.1536 	EXP 	Sound  started
139.7299 	DATA 	Keypress: lctrl
139.9036 	EXP 	Sound  started
140.5619 	DATA 	Keypress: lctrl
140.6536 	EXP 	Sound  started
141.3298 	DATA 	Keypress: rctrl
141.4036 	EXP 	Sound  started
142.0978 	DATA 	Keypress: rctrl
142.1536 	EXP 	Sound  started
142.7698 	DATA 	Keypress: lctrl
142.9037 	EXP 	Sound  started
143.5378 	DATA 	Keypress: rctrl
143.6537 	EXP 	Sound  started
144.3058 	DATA 	Keypress: lctrl
144.4037 	EXP 	Sound  started
145.0739 	DATA 	Keypress: lctrl
145.1540 	EXP 	Sound  started
145.7778 	DATA 	Keypress: rctrl
145.9040 	EXP 	Sound  started
146.4978 	DATA 	Keypress: rctrl
146.6540 	EXP 	Sound  started
147.2818 	DATA 	Keypress: lctrl
147.4040 	EXP 	Sound  started
148.0018 	DATA 	Keypress: lctrl
148.1540 	EXP 	Sound  started
148.7538 	DATA 	Keypress: rctrl
148.9040 	EXP 	Sound  started
149.5859 	DATA 	Keypress: rctrl
149.6540 	EXP 	Sound  started
150.3379 	DATA 	Keypress: lctrl
150.4041 	EXP 	Sound  started
151.1218 	DATA 	Keypress: rctrl
151.1541 	EXP 	Sound  started
151.8418 	DATA 	Keypress: lctrl
151.9041 	EXP 	Sound  started
152.5618 	DATA 	Keypress: rctrl
152.6541 	EXP 	Sound  started
153.3618 	DATA 	Keypress: lctrl
153.4041 	EXP 	Sound  started
154.1541 	EXP 	Sound  started
154.2418 	DATA 	Keypress: rctrl
154.8338 	DATA 	Keypress: rctrl
154.9042 	EXP 	Sound  started
155.5538 	DATA 	Keypress: rctrl
155.6542 	EXP 	Sound  started
156.3859 	DATA 	Keypress: lctrl
158.4342 	DATA 	Keypress: 2
158.4637 	EXP 	unnamed ShapeStim: vertices = <class 'numpy.ndarray'>
160.7865 	DATA 	Keypress: 1
160.8161 	EXP 	unnamed ShapeStim: vertices = <class 'numpy.ndarray'>
162.8049 	DATA 	Keypress: 1
162.8345 	EXP 	unnamed ShapeStim: vertices = <class 'numpy.ndarray'>
165.1192 	EXP 	Sound  started
165.1539 	DATA 	Keypress: rctrl
165.8691 	EXP 	Sound  started
165.8739 	DATA 	Keypress: rctrl
166.5138 	DATA 	Keypress: lctrl
166.6191 	EXP 	Sound  started
167.2818 	DATA 	Keypress: lctrl
167.3691 	EXP 	Sound  started
167.9857 	DATA 	Keypress: rctrl
168.1191 	EXP 	Sound  started
168.7698 	DATA 	Keypress: rctrl
168.8691 	EXP 	Sound  started
169.5058 	DATA 	Keypress: rctrl
169.6191 	EXP 	Sound  started
170.2258 	DATA 	Keypress: lctrl
170.3691 	EXP 	Sound  started
171.0098 	DATA 	Keypress: lctrl
171.1192 	EXP 	Sound  started
171.6819 	DATA 	Keypress: rctrl
171.8692 	EXP 	Sound  started
172.5778 	DATA 	Keypress: lctrl
172.6192 	EXP 	Sound  started
173.2338 	DATA 	Keypress: rctrl
173.3692 	EXP 	Sound  started
173.9858 	DATA 	Keypress: lctrl
174.1192 	EXP 	Sound  started
174.7698 	DATA 	Keypress: lctrl
174.8692 	EXP 	Sound  started
175.5378 	DATA 	Keypress: lctrl
175.6192 	EXP 	Sound  started
176.2578 	DATA 	Keypress: rctrl
176.3693 	EXP 	Sound  started
176.9458 	DATA 	Keypress: lctrl
177.1193 	EXP 	Sound  started
177.7459 	DATA 	Keypress: rctrl
177.8693 	EXP 	Sound  started
178.5139 	DATA 	Keypress: lctrl
178.6193 	EXP 	Sound  started
179.2818 	DATA 	Keypress: rctrl
179.3693 	EXP 	Sound  started
180.0338 	DATA 	Keypress: rctrl
180.1193 	EXP 	Sound  started
180.8018 	DATA 	Keypress: lctrl
180.8693 	EXP 	Sound  started
181.5538 	DATA 	Keypress: lctrl
181.6194 	EXP 	Sound  started
182.3694 	EXP 	Sound  started
182.4178 	DATA 	Keypress: lctrl
183.1194 	EXP 	Sound  started
183.1858 	DATA 	Keypress: lctrl
183.7937 	DATA 	Keypress: lctrl
183.8694 	EXP 	Sound  started
184.5298 	DATA 	Keypress: lctrl
184.6194 	EXP 	Sound  started
185.2337 	DATA 	Keypress: rctrl
185.3694 	EXP 	Sound  started
186.0179 	DATA 	Keypress: lctrl
186.1194 	EXP 	Sound  started
186.7379 	DATA 	Keypress: rctrl
186.8695 	EXP 	Sound  started
187.5218 	DATA 	Keypress: rctrl
187.6195 	EXP 	Sound  started
188.2578 	DATA 	Keypress: lctrl
188.3695 	EXP 	Sound  started
189.0258 	DATA 	Keypress: lctrl
189.1195 	EXP 	Sound  started
189.7938 	DATA 	Keypress: rctrl
189.8695 	EXP 	Sound  started
190.5777 	DATA 	Keypress: rctrl
190.6195 	EXP 	Sound  started
191.2818 	DATA 	Keypress: lctrl
191.3695 	EXP 	Sound  started
192.0498 	DATA 	Keypress: lctrl
192.1195 	EXP 	Sound  started
192.8178 	DATA 	Keypress: rctrl
192.8696 	EXP 	Sound  started
193.5218 	DATA 	Keypress: rctrl
193.6196 	EXP 	Sound  started
194.2577 	DATA 	Keypress: lctrl
194.3696 	EXP 	Sound  started
195.0098 	DATA 	Keypress: lctrl
195.1196 	EXP 	Sound  started
195.7778 	DATA 	Keypress: lctrl
195.8696 	EXP 	Sound  started
196.4977 	DATA 	Keypress: lctrl
196.6196 	EXP 	Sound  started
197.3137 	DATA 	Keypress: lctrl
197.3696 	EXP 	Sound  started
198.0018 	DATA 	Keypress: rctrl
198.1196 	EXP 	Sound  started
198.7698 	DATA 	Keypress: lctrl
198.8697 	EXP 	Sound  started
199.5219 	DATA 	Keypress: rctrl
199.6197 	EXP 	Sound  started
200.2898 	DATA 	Keypress: rctrl
200.3697 	EXP 	Sound  started
201.0418 	DATA 	Keypress: rctrl
201.1197 	EXP 	Sound  started
201.7618 	DATA 	Keypress: lctrl
201.8697 	EXP 	Sound  started
202.5457 	DATA 	Keypress: lctrl
202.6197 	EXP 	Sound  started
203.3298 	DATA 	Keypress: lctrl
203.3697 	EXP 	Sound  started
204.0338 	DATA 	Keypress: rctrl
204.1198 	EXP 	Sound  started
204.7858 	DATA 	Keypress: lctrl
204.8698 	EXP 	Sound  started
205.5697 	DATA 	Keypress: lctrl
205.6198 	EXP 	Sound  started
206.3698 	EXP 	Sound  started
206.9618 	DATA 	Keypress: rctrl
207.1198 	EXP 	Sound  started
207.6978 	DATA 	Keypress: lctrl
207.8698 	EXP 	Sound  started
208.4817 	DATA 	Keypress: rctrl
208.6198 	EXP 	Sound  started
209.2017 	DATA 	Keypress: lctrl
209.3698 	EXP 	Sound  started
210.0018 	DATA 	Keypress: lctrl
210.1198 	EXP 	Sound  started
210.8178 	DATA 	Keypress: lctrl
210.8699 	EXP 	Sound  started
211.6199 	EXP 	Sound  started
211.6498 	DATA 	Keypress: lctrl
212.3218 	DATA 	Keypress: lctrl
212.3699 	EXP 	Sound  started
213.1199 	EXP 	Sound  started
213.8699 	EXP 	Sound  started
213.8898 	DATA 	Keypress: rctrl
214.5938 	DATA 	Keypress: lctrl
214.6199 	EXP 	Sound  started
215.3138 	DATA 	Keypress: rctrl
215.3699 	EXP 	Sound  started
216.0658 	DATA 	Keypress: rctrl
216.1200 	EXP 	Sound  started
216.8700 	EXP 	Sound  started
217.4578 	DATA 	Keypress: rctrl
217.6200 	EXP 	Sound  started
218.2418 	DATA 	Keypress: rctrl
218.3700 	EXP 	Sound  started
219.0417 	DATA 	Keypress: lctrl
219.1200 	EXP 	Sound  started
219.7937 	DATA 	Keypress: lctrl
219.8700 	EXP 	Sound  started
220.5137 	DATA 	Keypress: rctrl
220.6200 	EXP 	Sound  started
221.2658 	DATA 	Keypress: rctrl
221.3701 	EXP 	Sound  started
222.0178 	DATA 	Keypress: lctrl
222.1201 	EXP 	Sound  started
222.7377 	DATA 	Keypress: rctrl
222.8701 	EXP 	Sound  started
223.5057 	DATA 	Keypress: lctrl
223.6201 	EXP 	Sound  started
224.3057 	DATA 	Keypress: lctrl
224.3701 	EXP 	Sound  started
224.9778 	DATA 	Keypress: rctrl
225.1201 	EXP 	Sound  started
225.7138 	DATA 	Keypress: rctrl
225.8701 	EXP 	Sound  started
226.4819 	DATA 	Keypress: lctrl
226.6201 	EXP 	Sound  started
227.2178 	DATA 	Keypress: lctrl
227.3702 	EXP 	Sound  started
227.9537 	DATA 	Keypress: rctrl
228.1202 	EXP 	Sound  started
228.7217 	DATA 	Keypress: lctrl
228.8702 	EXP 	Sound  started
229.4897 	DATA 	Keypress: lctrl
232.6913 	DATA 	Keypress: 3
232.7078 	EXP 	unnamed ShapeStim: vertices = <class 'numpy.ndarray'>
236.9781 	DATA 	Keypress: 3
236.9947 	EXP 	unnamed ShapeStim: vertices = <class 'numpy.ndarray'>
239.3171 	DATA 	Keypress: 2
239.3466 	EXP 	unnamed ShapeStim: vertices = <class 'numpy.ndarray'>
241.6322 	EXP 	Sound  started
241.7618 	DATA 	Keypress: rctrl
242.2898 	DATA 	Keypress: rctrl
242.3821 	EXP 	Sound  started
243.0737 	DATA 	Keypress: lctrl
243.1321 	EXP 	Sound  started
243.7937 	DATA 	Keypress: lctrl
243.8821 	EXP 	Sound  started
244.5457 	DATA 	Keypress: lctrl
244.6321 	EXP 	Sound  started
245.2817 	DATA 	Keypress: lctrl
245.3821 	EXP 	Sound  started
246.0977 	DATA 	Keypress: lctrl
246.1321 	EXP 	Sound  started
246.8338 	DATA 	Keypress: rctrl
246.8821 	EXP 	Sound  started
247.4737 	DATA 	Keypress: rctrl
247.6322 	EXP 	Sound  started
248.2738 	DATA 	Keypress: lctrl
248.3822 	EXP 	Sound  started
249.0417 	DATA 	Keypress: lctrl
249.1322 	EXP 	Sound  started
249.7778 	DATA 	Keypress: lctrl
249.8822 	EXP 	Sound  started
250.5938 	DATA 	Keypress: rctrl
250.6322 	EXP 	Sound  started
251.3617 	DATA 	Keypress: lctrl
251.3822 	EXP 	Sound  started
252.1297 	DATA 	Keypress: rctrl
252.1322 	EXP 	Sound  started
252.8657 	DATA 	Keypress: rctrl
252.8822 	EXP 	Sound  started
253.5858 	DATA 	Keypress: rctrl
253.6323 	EXP 	Sound  started
254.3697 	DATA 	Keypress: lctrl
254.3823 	EXP 	Sound  started
255.0738 	DATA 	Keypress: rctrl
255.1323 	EXP 	Sound  started
255.7937 	DATA 	Keypress: rctrl
255.8823 	EXP 	Sound  started
256.5138 	DATA 	Keypress: lctrl
256.6323 	EXP 	Sound  started
257.2337 	DATA 	Keypress: rctrl
257.3823 	EXP 	Sound  started
258.0177 	DATA 	Keypress: rctrl
258.1323 	EXP 	Sound  started
258.8177 	DATA 	Keypress: lctrl
258.8824 	EXP 	Sound  started
259.5218 	DATA 	Keypress: lctrl
259.6324 	EXP 	Sound  started
260.1938 	DATA 	Keypress: lctrl
260.3824 	EXP 	Sound  started
260.9937 	DATA 	Keypress: lctrl
261.1324 	EXP 	Sound  started
261.7459 	DATA 	Keypress: rctrl
261.8824 	EXP 	Sound  started
262.5618 	DATA 	Keypress: rctrl
262.6324 	EXP 	Sound  started
263.2497 	DATA 	Keypress: lctrl
263.3824 	EXP 	Sound  started
263.9857 	DATA 	Keypress: lctrl
264.1324 	EXP 	Sound  started
264.7057 	DATA 	Keypress: lctrl
264.8825 	EXP 	Sound  started
265.4577 	DATA 	Keypress: rctrl
265.6325 	EXP 	Sound  started
266.2737 	DATA 	Keypress: rctrl
266.3825 	EXP 	Sound  started
267.0417 	DATA 	Keypress: lctrl
267.1325 	EXP 	Sound  started
267.7617 	DATA 	Keypress: lctrl
267.8825 	EXP 	Sound  started
268.6325 	EXP 	Sound  started
268.6578 	DATA 	Keypress: lctrl
269.2817 	DATA 	Keypress: lctrl
269.3826 	EXP 	Sound  started
269.9377 	DATA 	Keypress: rctrl
270.1326 	EXP 	Sound  started
270.6578 	DATA 	Keypress: lctrl
270.8826 	EXP 	Sound  started
271.5217 	DATA 	Keypress: lctrl
271.6326 	EXP 	Sound  started
272.2097 	DATA 	Keypress: rctrl
272.3826 	EXP 	Sound  started
272.9777 	DATA 	Keypress: lctrl
273.1326 	EXP 	Sound  started
273.7617 	DATA 	Keypress: lctrl
273.8826 	EXP 	Sound  started
274.5297 	DATA 	Keypress: rctrl
274.6326 	EXP 	Sound  started
275.2817 	DATA 	Keypress: lctrl
275.3827 	EXP 	Sound  started
275.9858 	DATA 	Keypress: lctrl
276.1327 	EXP 	Sound  started
276.7218 	DATA 	Keypress: lctrl
276.8827 	EXP 	Sound  started
277.4257 	DATA 	Keypress: rctrl
277.6327 	EXP 	Sound  started
278.2097 	DATA 	Keypress: lctrl
278.3827 	EXP 	Sound  started
278.9778 	DATA 	Keypress: lctrl
279.1327 	EXP 	Sound  started
279.7457 	DATA 	Keypress: rctrl
279.8827 	EXP 	Sound  started
280.5138 	DATA 	Keypress: rctrl
280.6327 	EXP 	Sound  started
281.2498 	DATA 	Keypress: lctrl
281.3828 	EXP 	Sound  started
282.0177 	DATA 	Keypress: lctrl
282.1328 	EXP 	Sound  started
282.7697 	DATA 	Keypress: lctrl
282.8828 	EXP 	Sound  started
283.4737 	DATA 	Keypress: rctrl
283.6328 	EXP 	Sound  started
284.2258 	DATA 	Keypress: rctrl
284.3828 	EXP 	Sound  started
284.9617 	DATA 	Keypress: lctrl
285.1328 	EXP 	Sound  started
285.7617 	DATA 	Keypress: lctrl
285.8828 	EXP 	Sound  started
286.4658 	DATA 	Keypress: rctrl
288.8707 	DATA 	Keypress: 3
288.8872 	EXP 	unnamed ShapeStim: vertices = <class 'numpy.ndarray'>
290.8222 	DATA 	Keypress: 2
290.8388 	EXP 	unnamed ShapeStim: vertices = <class 'numpy.ndarray'>
292.9782 	DATA 	Keypress: 3
293.0077 	EXP 	unnamed ShapeStim: vertices = <class 'numpy.ndarray'>
295.2925 	EXP 	Sound  started
295.2934 	DATA 	Keypress: rctrl
295.8898 	DATA 	Keypress: rctrl
296.0424 	EXP 	Sound  started
296.7057 	DATA 	Keypress: lctrl
296.7924 	EXP 	Sound  started
297.4577 	DATA 	Keypress: lctrl
297.5424 	EXP 	Sound  started
298.2418 	DATA 	Keypress: rctrl
298.2924 	EXP 	Sound  started
298.9778 	DATA 	Keypress: lctrl
299.0424 	EXP 	Sound  started
299.7138 	DATA 	Keypress: lctrl
299.7925 	EXP 	Sound  started
300.4977 	DATA 	Keypress: rctrl
300.5425 	EXP 	Sound  started
301.1858 	DATA 	Keypress: lctrl
301.2925 	EXP 	Sound  started
301.9537 	DATA 	Keypress: lctrl
302.0425 	EXP 	Sound  started
302.7697 	DATA 	Keypress: rctrl
302.7925 	EXP 	Sound  started
303.3937 	DATA 	Keypress: rctrl
303.5425 	EXP 	Sound  started
304.1618 	DATA 	Keypress: lctrl
304.2925 	EXP 	Sound  started
304.9457 	DATA 	Keypress: lctrl
305.0425 	EXP 	Sound  started
305.7925 	EXP 	Sound  started
306.4978 	DATA 	Keypress: lctrl
306.5426 	EXP 	Sound  started
307.1857 	DATA 	Keypress: rctrl
307.2926 	EXP 	Sound  started
307.9538 	DATA 	Keypress: lctrl
308.0426 	EXP 	Sound  started
308.6417 	DATA 	Keypress: lctrl
308.7926 	EXP 	Sound  started
309.4898 	DATA 	Keypress: lctrl
309.5426 	EXP 	Sound  started
310.1617 	DATA 	Keypress: rctrl
310.2926 	EXP 	Sound  started
310.9618 	DATA 	Keypress: rctrl
311.0426 	EXP 	Sound  started
311.6657 	DATA 	Keypress: lctrl
311.7926 	EXP 	Sound  started
312.4017 	DATA 	Keypress: rctrl
312.5426 	EXP 	Sound  started
313.1856 	DATA 	Keypress: lctrl
313.2927 	EXP 	Sound  started
313.9376 	DATA 	Keypress: lctrl
314.0427 	EXP 	Sound  started
314.6897 	DATA 	Keypress: rctrl
314.7927 	EXP 	Sound  started
315.4257 	DATA 	Keypress: rctrl
315.5427 	EXP 	Sound  started
316.1297 	DATA 	Keypress: lctrl
316.2927 	EXP 	Sound  started
317.0097 	DATA 	Keypress: lctrl
317.0427 	EXP 	Sound  started
317.7618 	DATA 	Keypress: rctrl
317.7927 	EXP 	Sound  started
318.4017 	DATA 	Keypress: rctrl
318.5428 	EXP 	Sound  started
319.2177 	DATA 	Keypress: rctrl
319.2928 	EXP 	Sound  started
319.7938 	DATA 	Keypress: rctrl
320.0428 	EXP 	Sound  started
320.6417 	DATA 	Keypress: lctrl
320.7928 	EXP 	Sound  started
321.5217 	DATA 	Keypress: lctrl
321.5428 	EXP 	Sound  started
322.1936 	DATA 	Keypress: rctrl
322.2928 	EXP 	Sound  started
322.8816 	DATA 	Keypress: lctrl
323.0428 	EXP 	Sound  started
323.7297 	DATA 	Keypress: lctrl
323.7928 	EXP 	Sound  started
324.4977 	DATA 	Keypress: lctrl
324.5428 	EXP 	Sound  started
325.2929 	EXP 	Sound  started
325.2977 	DATA 	Keypress: lctrl
325.9217 	DATA 	Keypress: lctrl
326.0429 	EXP 	Sound  started
326.7929 	EXP 	Sound  started
326.8017 	DATA 	Keypress: rctrl
327.5429 	EXP 	Sound  started
327.6337 	DATA 	Keypress: rctrl
328.2256 	DATA 	Keypress: rctrl
328.2929 	EXP 	Sound  started
328.9457 	DATA 	Keypress: lctrl
329.0429 	EXP 	Sound  started
329.7136 	DATA 	Keypress: rctrl
329.7930 	EXP 	Sound  started
330.4337 	DATA 	Keypress: lctrl
330.5430 	EXP 	Sound  started
331.2017 	DATA 	Keypress: rctrl
331.2930 	EXP 	Sound  started
331.9377 	DATA 	Keypress: rctrl
332.0430 	EXP 	Sound  started
332.7930 	EXP 	Sound  started
333.0417 	DATA 	Keypress: rctrl
333.5430 	EXP 	Sound  started
333.5536 	DATA 	Keypress: lctrl
334.2096 	DATA 	Keypress: lctrl
334.2930 	EXP 	Sound  started
334.9777 	DATA 	Keypress: rctrl
335.0431 	EXP 	Sound  started
335.6497 	DATA 	Keypress: lctrl
335.7931 	EXP 	Sound  started
336.4177 	DATA 	Keypress: lctrl
336.5431 	EXP 	Sound  started
337.1856 	DATA 	Keypress: lctrl
337.2931 	EXP 	Sound  started
337.9217 	DATA 	Keypress: rctrl
338.0431 	EXP 	Sound  started
338.7931 	EXP 	Sound  started
338.8337 	DATA 	Keypress: lctrl
339.4577 	DATA 	Keypress: lctrl
339.5431 	EXP 	Sound  started
340.1937 	DATA 	Keypress: lctrl
340.2932 	EXP 	Sound  started
340.8337 	DATA 	Keypress: lctrl
341.0432 	EXP 	Sound  started
341.5697 	DATA 	Keypress: rctrl
341.7932 	EXP 	Sound  started
342.3856 	DATA 	Keypress: lctrl
342.5432 	EXP 	Sound  started
343.1377 	DATA 	Keypress: lctrl
343.2932 	EXP 	Sound  started
343.9376 	DATA 	Keypress: rctrl
344.0432 	EXP 	Sound  started
344.6580 	DATA 	Keypress: lctrl
344.7932 	EXP 	Sound  started
345.4257 	DATA 	Keypress: rctrl
345.5432 	EXP 	Sound  started
346.1776 	DATA 	Keypress: rctrl
346.2933 	EXP 	Sound  started
346.8337 	DATA 	Keypress: lctrl
347.0433 	EXP 	Sound  started
347.6817 	DATA 	Keypress: lctrl
347.7933 	EXP 	Sound  started
348.3536 	DATA 	Keypress: rctrl
348.5433 	EXP 	Sound  started
349.0577 	DATA 	Keypress: lctrl
349.2933 	EXP 	Sound  started
349.7616 	DATA 	Keypress: rctrl
350.0433 	EXP 	Sound  started
350.5296 	DATA 	Keypress: lctrl
350.7933 	EXP 	Sound  started
351.3937 	DATA 	Keypress: lctrl
351.5433 	EXP 	Sound  started
352.1777 	DATA 	Keypress: lctrl
352.2934 	EXP 	Sound  started
352.8657 	DATA 	Keypress: rctrl
353.0434 	EXP 	Sound  started
353.6177 	DATA 	Keypress: lctrl
353.7934 	EXP 	Sound  started
354.3856 	DATA 	Keypress: rctrl
354.5434 	EXP 	Sound  started
355.2017 	DATA 	Keypress: rctrl
355.2934 	EXP 	Sound  started
355.8736 	DATA 	Keypress: lctrl
358.7779 	DATA 	Keypress: 2
358.7944 	EXP 	unnamed ShapeStim: vertices = <class 'numpy.ndarray'>
362.4846 	DATA 	Keypress: 1
362.5141 	EXP 	unnamed ShapeStim: vertices = <class 'numpy.ndarray'>
364.7870 	DATA 	Keypress: 1
364.8165 	EXP 	unnamed ShapeStim: vertices = <class 'numpy.ndarray'>
367.1008 	EXP 	Sound  started
367.1018 	DATA 	Keypress: rctrl
367.6817 	DATA 	Keypress: lctrl
367.8507 	EXP 	Sound  started
368.4497 	DATA 	Keypress: lctrl
368.6007 	EXP 	Sound  started
369.2017 	DATA 	Keypress: rctrl
369.3507 	EXP 	Sound  started
369.9536 	DATA 	Keypress: rctrl
370.1007 	EXP 	Sound  started
370.6736 	DATA 	Keypress: lctrl
370.8507 	EXP 	Sound  started
371.4577 	DATA 	Keypress: rctrl
371.6007 	EXP 	Sound  started
372.2417 	DATA 	Keypress: rctrl
372.3508 	EXP 	Sound  started
372.9457 	DATA 	Keypress: lctrl
373.1008 	EXP 	Sound  started
373.7137 	DATA 	Keypress: rctrl
373.8508 	EXP 	Sound  started
374.4816 	DATA 	Keypress: lctrl
374.6008 	EXP 	Sound  started
375.1857 	DATA 	Keypress: lctrl
375.3508 	EXP 	Sound  started
375.9856 	DATA 	Keypress: rctrl
376.1008 	EXP 	Sound  started
376.7376 	DATA 	Keypress: rctrl
376.8508 	EXP 	Sound  started
377.4257 	DATA 	Keypress: lctrl
377.6008 	EXP 	Sound  started
378.1777 	DATA 	Keypress: lctrl
378.3509 	EXP 	Sound  started
378.9457 	DATA 	Keypress: rctrl
379.1009 	EXP 	Sound  started
379.6818 	DATA 	Keypress: lctrl
379.8509 	EXP 	Sound  started
380.4176 	DATA 	Keypress: rctrl
380.6009 	EXP 	Sound  started
381.2017 	DATA 	Keypress: rctrl
381.3509 	EXP 	Sound  started
381.9057 	DATA 	Keypress: lctrl
382.1009 	EXP 	Sound  started
382.7056 	DATA 	Keypress: rctrl
382.8509 	EXP 	Sound  started
383.3937 	DATA 	Keypress: lctrl
383.6009 	EXP 	Sound  started
384.1777 	DATA 	Keypress: lctrl
384.3510 	EXP 	Sound  started
384.9617 	DATA 	Keypress: rctrl
385.1010 	EXP 	Sound  started
385.7296 	DATA 	Keypress: rctrl
385.8510 	EXP 	Sound  started
386.3856 	DATA 	Keypress: rctrl
386.6010 	EXP 	Sound  started
387.1857 	DATA 	Keypress: lctrl
387.3510 	EXP 	Sound  started
387.9697 	DATA 	Keypress: rctrl
388.1010 	EXP 	Sound  started
388.7697 	DATA 	Keypress: rctrl
388.8510 	EXP 	Sound  started
389.5537 	DATA 	Keypress: lctrl
389.6011 	EXP 	Sound  started
390.3511 	EXP 	Sound  started
390.3696 	DATA 	Keypress: rctrl
391.0256 	DATA 	Keypress: lctrl
391.1011 	EXP 	Sound  started
391.7617 	DATA 	Keypress: lctrl
391.8511 	EXP 	Sound  started
392.5297 	DATA 	Keypress: rctrl
392.6011 	EXP 	Sound  started
393.2336 	DATA 	Keypress: lctrl
393.3511 	EXP 	Sound  started
393.9856 	DATA 	Keypress: rctrl
394.1011 	EXP 	Sound  started
394.7536 	DATA 	Keypress: rctrl
394.8512 	EXP 	Sound  started
395.5057 	DATA 	Keypress: lctrl
395.6012 	EXP 	Sound  started
396.2737 	DATA 	Keypress: lctrl
396.3512 	EXP 	Sound  started
396.9456 	DATA 	Keypress: rctrl
397.1012 	EXP 	Sound  started
397.7937 	DATA 	Keypress: lctrl
397.8512 	EXP 	Sound  started
398.5617 	DATA 	Keypress: rctrl
398.6012 	EXP 	Sound  started
399.3298 	DATA 	Keypress: rctrl
399.3513 	EXP 	Sound  started
400.0337 	DATA 	Keypress: lctrl
400.1013 	EXP 	Sound  started
400.8496 	DATA 	Keypress: rctrl
400.8513 	EXP 	Sound  started
401.5856 	DATA 	Keypress: lctrl
401.6013 	EXP 	Sound  started
402.3217 	DATA 	Keypress: lctrl
402.3513 	EXP 	Sound  started
403.0096 	DATA 	Keypress: rctrl
403.1013 	EXP 	Sound  started
403.7938 	DATA 	Keypress: rctrl
403.8513 	EXP 	Sound  started
404.4817 	DATA 	Keypress: lctrl
404.6013 	EXP 	Sound  started
405.2497 	DATA 	Keypress: rctrl
405.3514 	EXP 	Sound  started
406.1014 	EXP 	Sound  started
406.7377 	DATA 	Keypress: lctrl
406.8514 	EXP 	Sound  started
407.6014 	EXP 	Sound  started
408.2417 	DATA 	Keypress: rctrl
408.3514 	EXP 	Sound  started
408.9136 	DATA 	Keypress: lctrl
409.1014 	EXP 	Sound  started
409.7617 	DATA 	Keypress: lctrl
409.8514 	EXP 	Sound  started
410.4977 	DATA 	Keypress: rctrl
410.6015 	EXP 	Sound  started
411.2496 	DATA 	Keypress: rctrl
411.3515 	EXP 	Sound  started
411.9537 	DATA 	Keypress: lctrl
412.1015 	EXP 	Sound  started
412.7377 	DATA 	Keypress: rctrl
412.8515 	EXP 	Sound  started
413.6015 	EXP 	Sound  started
414.2096 	DATA 	Keypress: lctrl
414.3515 	EXP 	Sound  started
414.9776 	DATA 	Keypress: lctrl
415.1015 	EXP 	Sound  started
415.7297 	DATA 	Keypress: rctrl
415.8516 	EXP 	Sound  started
416.4817 	DATA 	Keypress: rctrl
416.6016 	EXP 	Sound  started
417.2657 	DATA 	Keypress: lctrl
417.3516 	EXP 	Sound  started
418.0176 	DATA 	Keypress: rctrl
420.7453 	DATA 	Keypress: 3
420.7618 	EXP 	unnamed ShapeStim: vertices = <class 'numpy.ndarray'>
422.6301 	DATA 	Keypress: 1
422.6467 	EXP 	unnamed ShapeStim: vertices = <class 'numpy.ndarray'>
424.4989 	DATA 	Keypress: 2
424.5154 	EXP 	unnamed ShapeStim: vertices = <class 'numpy.ndarray'>
426.7998 	EXP 	Sound  started
426.8006 	DATA 	Keypress: rctrl
427.4736 	DATA 	Keypress: rctrl
427.5496 	EXP 	Sound  started
428.2416 	DATA 	Keypress: lctrl
428.2996 	EXP 	Sound  started
428.9936 	DATA 	Keypress: lctrl
429.0496 	EXP 	Sound  started
429.7617 	DATA 	Keypress: lctrl
429.7997 	EXP 	Sound  started
430.4816 	DATA 	Keypress: lctrl
430.5497 	EXP 	Sound  started
431.2176 	DATA 	Keypress: rctrl
431.2997 	EXP 	Sound  started
431.9056 	DATA 	Keypress: rctrl
432.0497 	EXP 	Sound  started
432.6417 	DATA 	Keypress: lctrl
432.7997 	EXP 	Sound  started
433.4416 	DATA 	Keypress: rctrl
433.5497 	EXP 	Sound  started
434.2736 	DATA 	Keypress: rctrl
434.2998 	EXP 	Sound  started
434.9776 	DATA 	Keypress: rctrl
435.0498 	EXP 	Sound  started
435.6976 	DATA 	Keypress: lctrl
435.7998 	EXP 	Sound  started
436.4336 	DATA 	Keypress: rctrl
436.5498 	EXP 	Sound  started
437.2176 	DATA 	Keypress: lctrl
437.2998 	EXP 	Sound  started
437.9697 	DATA 	Keypress: lctrl
438.0498 	EXP 	Sound  started
438.6256 	DATA 	Keypress: rctrl
438.7998 	EXP 	Sound  started
439.4256 	DATA 	Keypress: rctrl
439.5499 	EXP 	Sound  started
440.2999 	EXP 	Sound  started
440.3857 	DATA 	Keypress: lctrl
440.9937 	DATA 	Keypress: lctrl
441.0499 	EXP 	Sound  started
441.6656 	DATA 	Keypress: rctrl
441.7999 	EXP 	Sound  started
442.4016 	DATA 	Keypress: lctrl
442.5499 	EXP 	Sound  started
443.1856 	DATA 	Keypress: rctrl
443.2999 	EXP 	Sound  started
443.9057 	DATA 	Keypress: rctrl
444.0499 	EXP 	Sound  started
444.7216 	DATA 	Keypress: lctrl
444.7999 	EXP 	Sound  started
445.4096 	DATA 	Keypress: rctrl
445.5500 	EXP 	Sound  started
446.1936 	DATA 	Keypress: lctrl
446.3000 	EXP 	Sound  started
446.9296 	DATA 	Keypress: lctrl
447.0500 	EXP 	Sound  started
447.6017 	DATA 	Keypress: rctrl
447.8000 	EXP 	Sound  started
448.2896 	DATA 	Keypress: lctrl
448.5500 	EXP 	Sound  started
449.1696 	DATA 	Keypress: rctrl
449.3000 	EXP 	Sound  started
449.9217 	DATA 	Keypress: rctrl
450.0500 	EXP 	Sound  started
450.6256 	DATA 	Keypress: lctrl
450.8001 	EXP 	Sound  started
451.3936 	DATA 	Keypress: rctrl
451.5501 	EXP 	Sound  started
452.1297 	DATA 	Keypress: lctrl
452.3001 	EXP 	Sound  started
452.9137 	DATA 	Keypress: lctrl
453.0501 	EXP 	Sound  started
453.6497 	DATA 	Keypress: rctrl
453.8001 	EXP 	Sound  started
454.3536 	DATA 	Keypress: lctrl
454.5501 	EXP 	Sound  started
455.2176 	DATA 	Keypress: rctrl
455.3001 	EXP 	Sound  started
455.9216 	DATA 	Keypress: rctrl
456.0502 	EXP 	Sound  started
456.6576 	DATA 	Keypress: lctrl
456.8002 	EXP 	Sound  started
457.3616 	DATA 	Keypress: rctrl
457.5502 	EXP 	Sound  started
458.0976 	DATA 	Keypress: lctrl
458.3002 	EXP 	Sound  started
458.8976 	DATA 	Keypress: lctrl
459.0502 	EXP 	Sound  started
459.6816 	DATA 	Keypress: rctrl
459.8002 	EXP 	Sound  started
460.4657 	DATA 	Keypress: lctrl
460.5502 	EXP 	Sound  started
461.2176 	DATA 	Keypress: rctrl
461.3003 	EXP 	Sound  started
461.9216 	DATA 	Keypress: rctrl
462.0503 	EXP 	Sound  started
462.6416 	DATA 	Keypress: lctrl
462.8003 	EXP 	Sound  started
463.3936 	DATA 	Keypress: rctrl
463.5503 	EXP 	Sound  started
464.3003 	EXP 	Sound  started
464.3057 	DATA 	Keypress: lctrl
464.9297 	DATA 	Keypress: lctrl
465.0503 	EXP 	Sound  started
465.6816 	DATA 	Keypress: rctrl
465.8003 	EXP 	Sound  started
466.4176 	DATA 	Keypress: rctrl
466.5503 	EXP 	Sound  started
467.2016 	DATA 	Keypress: lctrl
467.3004 	EXP 	Sound  started
467.9217 	DATA 	Keypress: rctrl
468.0504 	EXP 	Sound  started
468.5936 	DATA 	Keypress: lctrl
468.8004 	EXP 	Sound  started
469.3936 	DATA 	Keypress: lctrl
469.5504 	EXP 	Sound  started
470.1776 	DATA 	Keypress: rctrl
470.3004 	EXP 	Sound  started
470.9456 	DATA 	Keypress: rctrl
471.0504 	EXP 	Sound  started
471.6176 	DATA 	Keypress: lctrl
471.8004 	EXP 	Sound  started
472.3697 	DATA 	Keypress: rctrl
472.5505 	EXP 	Sound  started
473.1696 	DATA 	Keypress: lctrl
473.3005 	EXP 	Sound  started
473.8896 	DATA 	Keypress: lctrl
474.0505 	EXP 	Sound  started
474.5935 	DATA 	Keypress: rctrl
474.8005 	EXP 	Sound  started
475.3936 	DATA 	Keypress: rctrl
475.5505 	EXP 	Sound  started
476.1456 	DATA 	Keypress: lctrl
476.3005 	EXP 	Sound  started
476.9136 	DATA 	Keypress: lctrl
477.0505 	EXP 	Sound  started
477.6976 	DATA 	Keypress: rctrl
477.8005 	EXP 	Sound  started
478.4336 	DATA 	Keypress: lctrl
478.5506 	EXP 	Sound  started
479.2016 	DATA 	Keypress: rctrl
479.3006 	EXP 	Sound  started
479.9377 	DATA 	Keypress: rctrl
480.0506 	EXP 	Sound  started
480.7056 	DATA 	Keypress: lctrl
483.0964 	DATA 	Keypress: 2
483.1129 	EXP 	unnamed ShapeStim: vertices = <class 'numpy.ndarray'>
486.2656 	DATA 	Keypress: 2
486.2821 	EXP 	unnamed ShapeStim: vertices = <class 'numpy.ndarray'>
488.8682 	DATA 	Keypress: 2
488.8847 	EXP 	unnamed ShapeStim: vertices = <class 'numpy.ndarray'>
491.1700 	EXP 	Sound  started
491.1708 	DATA 	Keypress: rctrl
491.8097 	DATA 	Keypress: lctrl
491.9198 	EXP 	Sound  started
492.5776 	DATA 	Keypress: rctrl
492.6698 	EXP 	Sound  started
493.3136 	DATA 	Keypress: lctrl
493.4198 	EXP 	Sound  started
494.0496 	DATA 	Keypress: rctrl
494.1698 	EXP 	Sound  started
494.8336 	DATA 	Keypress: rctrl
494.9198 	EXP 	Sound  started
495.6175 	DATA 	Keypress: rctrl
495.6699 	EXP 	Sound  started
496.3056 	DATA 	Keypress: lctrl
496.4199 	EXP 	Sound  started
497.0895 	DATA 	Keypress: rctrl
497.1699 	EXP 	Sound  started
497.8736 	DATA 	Keypress: rctrl
497.9199 	EXP 	Sound  started
498.5776 	DATA 	Keypress: rctrl
498.6699 	EXP 	Sound  started
499.2976 	DATA 	Keypress: rctrl
499.4199 	EXP 	Sound  started
500.0177 	DATA 	Keypress: lctrl
500.1700 	EXP 	Sound  started
500.8977 	DATA 	Keypress: rctrl
500.9200 	EXP 	Sound  started
501.3935 	DATA 	Keypress: lctrl
501.6700 	EXP 	Sound  started
502.2255 	DATA 	Keypress: lctrl
502.4200 	EXP 	Sound  started
503.0736 	DATA 	Keypress: lctrl
503.1700 	EXP 	Sound  started
503.7775 	DATA 	Keypress: rctrl
503.9200 	EXP 	Sound  started
504.5455 	DATA 	Keypress: lctrl
504.6700 	EXP 	Sound  started
505.3295 	DATA 	Keypress: lctrl
505.4200 	EXP 	Sound  started
506.0977 	DATA 	Keypress: rctrl
506.1700 	EXP 	Sound  started
506.8976 	DATA 	Keypress: lctrl
506.9201 	EXP 	Sound  started
507.6657 	DATA 	Keypress: lctrl
507.6701 	EXP 	Sound  started
508.3537 	DATA 	Keypress: lctrl
508.4201 	EXP 	Sound  started
509.0418 	DATA 	Keypress: rctrl
509.1701 	EXP 	Sound  started
509.7777 	DATA 	Keypress: rctrl
509.9201 	EXP 	Sound  started
510.5456 	DATA 	Keypress: lctrl
510.6701 	EXP 	Sound  started
511.2815 	DATA 	Keypress: rctrl
511.4201 	EXP 	Sound  started
512.0496 	DATA 	Keypress: rctrl
512.1701 	EXP 	Sound  started
512.6896 	DATA 	Keypress: lctrl
512.9202 	EXP 	Sound  started
513.4736 	DATA 	Keypress: lctrl
513.6702 	EXP 	Sound  started
514.1615 	DATA 	Keypress: rctrl
514.4202 	EXP 	Sound  started
514.9775 	DATA 	Keypress: lctrl
515.1702 	EXP 	Sound  started
515.7456 	DATA 	Keypress: rctrl
515.9203 	EXP 	Sound  started
516.5136 	DATA 	Keypress: lctrl
516.6703 	EXP 	Sound  started
517.2496 	DATA 	Keypress: lctrl
517.4203 	EXP 	Sound  started
517.9696 	DATA 	Keypress: lctrl
518.1703 	EXP 	Sound  started
518.7857 	DATA 	Keypress: lctrl
518.9203 	EXP 	Sound  started
519.5856 	DATA 	Keypress: rctrl
519.6703 	EXP 	Sound  started
520.4016 	DATA 	Keypress: lctrl
520.4203 	EXP 	Sound  started
521.1216 	DATA 	Keypress: rctrl
521.1703 	EXP 	Sound  started
521.8416 	DATA 	Keypress: rctrl
521.9204 	EXP 	Sound  started
522.5457 	DATA 	Keypress: lctrl
522.6704 	EXP 	Sound  started
523.4204 	EXP 	Sound  started
524.0017 	DATA 	Keypress: rctrl
524.1704 	EXP 	Sound  started
524.8017 	DATA 	Keypress: rctrl
524.9204 	EXP 	Sound  started
525.4895 	DATA 	Keypress: lctrl
525.6704 	EXP 	Sound  started
526.2576 	DATA 	Keypress: rctrl
526.4204 	EXP 	Sound  started
527.0736 	DATA 	Keypress: rctrl
527.1704 	EXP 	Sound  started
527.8255 	DATA 	Keypress: lctrl
527.9205 	EXP 	Sound  started
528.6416 	DATA 	Keypress: rctrl
528.6705 	EXP 	Sound  started
529.3456 	DATA 	Keypress: rctrl
529.4205 	EXP 	Sound  started
530.0496 	DATA 	Keypress: lctrl
530.1705 	EXP 	Sound  started
530.7056 	DATA 	Keypress: rctrl
530.9205 	EXP 	Sound  started
531.5536 	DATA 	Keypress: lctrl
531.6705 	EXP 	Sound  started
532.3697 	DATA 	Keypress: lctrl
532.4206 	EXP 	Sound  started
533.0736 	DATA 	Keypress: rctrl
534.8721 	DATA 	Keypress: 4
534.8886 	EXP 	unnamed ShapeStim: vertices = <class 'numpy.ndarray'>
538.4251 	DATA 	Keypress: 3
538.4415 	EXP 	unnamed ShapeStim: vertices = <class 'numpy.ndarray'>
542.4821 	DATA 	Keypress: 3
542.5115 	EXP 	unnamed ShapeStim: vertices = <class 'numpy.ndarray'>
544.7963 	EXP 	Sound  started
545.5057 	DATA 	Keypress: lctrl
545.5462 	EXP 	Sound  started
546.2256 	DATA 	Keypress: rctrl
546.2962 	EXP 	Sound  started
546.9456 	DATA 	Keypress: rctrl
547.0462 	EXP 	Sound  started
547.6815 	DATA 	Keypress: lctrl
547.7962 	EXP 	Sound  started
548.4976 	DATA 	Keypress: rctrl
548.5462 	EXP 	Sound  started
549.2335 	DATA 	Keypress: lctrl
549.2963 	EXP 	Sound  started
549.9536 	DATA 	Keypress: lctrl
550.0463 	EXP 	Sound  started
550.6896 	DATA 	Keypress: rctrl
550.7963 	EXP 	Sound  started
551.4576 	DATA 	Keypress: rctrl
551.5463 	EXP 	Sound  started
552.1776 	DATA 	Keypress: lctrl
552.2963 	EXP 	Sound  started
552.9936 	DATA 	Keypress: lctrl
553.0463 	EXP 	Sound  started
553.7295 	DATA 	Keypress: lctrl
553.7963 	EXP 	Sound  started
554.4336 	DATA 	Keypress: lctrl
554.5464 	EXP 	Sound  started
555.1535 	DATA 	Keypress: rctrl
555.2964 	EXP 	Sound  started
555.8095 	DATA 	Keypress: rctrl
556.0464 	EXP 	Sound  started
556.6897 	DATA 	Keypress: lctrl
556.7964 	EXP 	Sound  started
557.4896 	DATA 	Keypress: lctrl
557.5464 	EXP 	Sound  started
558.1295 	DATA 	Keypress: rctrl
558.2964 	EXP 	Sound  started
559.0095 	DATA 	Keypress: rctrl
559.0464 	EXP 	Sound  started
559.7297 	DATA 	Keypress: lctrl
559.7965 	EXP 	Sound  started
560.5298 	DATA 	Keypress: rctrl
560.5465 	EXP 	Sound  started
561.2176 	DATA 	Keypress: lctrl
561.2965 	EXP 	Sound  started
561.9857 	DATA 	Keypress: rctrl
562.0465 	EXP 	Sound  started
562.7216 	DATA 	Keypress: lctrl
562.7965 	EXP 	Sound  started
563.5055 	DATA 	Keypress: lctrl
563.5465 	EXP 	Sound  started
564.2416 	DATA 	Keypress: rctrl
564.2965 	EXP 	Sound  started
565.0256 	DATA 	Keypress: rctrl
565.0465 	EXP 	Sound  started
565.6976 	DATA 	Keypress: lctrl
565.7965 	EXP 	Sound  started
566.5466 	EXP 	Sound  started
566.6255 	DATA 	Keypress: rctrl
567.2815 	DATA 	Keypress: lctrl
567.2966 	EXP 	Sound  started
568.0016 	DATA 	Keypress: lctrl
568.0466 	EXP 	Sound  started
568.7216 	DATA 	Keypress: rctrl
568.7966 	EXP 	Sound  started
569.3936 	DATA 	Keypress: rctrl
569.5466 	EXP 	Sound  started
570.1616 	DATA 	Keypress: rctrl
570.2966 	EXP 	Sound  started
570.8815 	DATA 	Keypress: rctrl
571.0467 	EXP 	Sound  started
571.4255 	DATA 	Keypress: lctrl
571.7967 	EXP 	Sound  started
572.3855 	DATA 	Keypress: lctrl
572.5467 	EXP 	Sound  started
573.1696 	DATA 	Keypress: rctrl
573.2967 	EXP 	Sound  started
573.9856 	DATA 	Keypress: lctrl
574.0467 	EXP 	Sound  started
574.7535 	DATA 	Keypress: rctrl
574.7967 	EXP 	Sound  started
575.5055 	DATA 	Keypress: lctrl
575.5467 	EXP 	Sound  started
576.2967 	EXP 	Sound  started
576.3055 	DATA 	Keypress: lctrl
577.0095 	DATA 	Keypress: lctrl
577.0468 	EXP 	Sound  started
577.7776 	DATA 	Keypress: rctrl
577.7968 	EXP 	Sound  started
578.4015 	DATA 	Keypress: lctrl
578.5468 	EXP 	Sound  started
579.2968 	EXP 	Sound  started
579.9538 	DATA 	Keypress: lctrl
580.0468 	EXP 	Sound  started
580.7215 	DATA 	Keypress: lctrl
580.7968 	EXP 	Sound  started
581.4896 	DATA 	Keypress: lctrl
581.5468 	EXP 	Sound  started
582.2256 	DATA 	Keypress: rctrl
582.2968 	EXP 	Sound  started
582.9456 	DATA 	Keypress: lctrl
583.0468 	EXP 	Sound  started
583.7455 	DATA 	Keypress: lctrl
583.7969 	EXP 	Sound  started
584.4336 	DATA 	Keypress: lctrl
584.5469 	EXP 	Sound  started
585.2017 	DATA 	Keypress: rctrl
585.2969 	EXP 	Sound  started
585.9535 	DATA 	Keypress: lctrl
586.0469 	EXP 	Sound  started
586.7855 	DATA 	Keypress: rctrl
586.7969 	EXP 	Sound  started
587.4896 	DATA 	Keypress: rctrl
587.5469 	EXP 	Sound  started
588.1775 	DATA 	Keypress: lctrl
588.2969 	EXP 	Sound  started
589.0469 	EXP 	Sound  started
589.1536 	DATA 	Keypress: lctrl
589.7970 	EXP 	Sound  started
589.8255 	DATA 	Keypress: lctrl
590.5455 	DATA 	Keypress: lctrl
590.5470 	EXP 	Sound  started
591.2335 	DATA 	Keypress: lctrl
591.2970 	EXP 	Sound  started
591.9375 	DATA 	Keypress: lctrl
592.0470 	EXP 	Sound  started
592.6415 	DATA 	Keypress: rctrl
592.7970 	EXP 	Sound  started
593.4255 	DATA 	Keypress: rctrl
593.5470 	EXP 	Sound  started
594.2416 	DATA 	Keypress: lctrl
594.2970 	EXP 	Sound  started
594.9455 	DATA 	Keypress: rctrl
595.0470 	EXP 	Sound  started
595.7135 	DATA 	Keypress: rctrl
595.7971 	EXP 	Sound  started
596.4495 	DATA 	Keypress: lctrl
596.5471 	EXP 	Sound  started
597.1215 	DATA 	Keypress: rctrl
597.2971 	EXP 	Sound  started
597.9216 	DATA 	Keypress: rctrl
598.0471 	EXP 	Sound  started
598.6575 	DATA 	Keypress: rctrl
598.7971 	EXP 	Sound  started
599.4416 	DATA 	Keypress: rctrl
599.5471 	EXP 	Sound  started
600.1936 	DATA 	Keypress: lctrl
600.2971 	EXP 	Sound  started
600.9456 	DATA 	Keypress: lctrl
601.0472 	EXP 	Sound  started
601.7615 	DATA 	Keypress: lctrl
601.7972 	EXP 	Sound  started
602.4975 	DATA 	Keypress: rctrl
602.5472 	EXP 	Sound  started
603.1535 	DATA 	Keypress: rctrl
603.2972 	EXP 	Sound  started
604.0472 	EXP 	Sound  started
604.0655 	DATA 	Keypress: rctrl
604.7855 	DATA 	Keypress: lctrl
604.7972 	EXP 	Sound  started
605.5472 	EXP 	Sound  started
605.5855 	DATA 	Keypress: lctrl
606.3645 	DATA 	Keypress: rctrl
610.3376 	DATA 	Keypress: 3
610.3671 	EXP 	unnamed ShapeStim: vertices = <class 'numpy.ndarray'>
612.2692 	DATA 	Keypress: 1
612.2858 	EXP 	unnamed ShapeStim: vertices = <class 'numpy.ndarray'>
614.2209 	DATA 	Keypress: 2
614.2374 	EXP 	unnamed ShapeStim: vertices = <class 'numpy.ndarray'>
616.5224 	EXP 	Sound  started
616.5232 	DATA 	Keypress: rctrl
617.0896 	DATA 	Keypress: rctrl
617.2722 	EXP 	Sound  started
617.8896 	DATA 	Keypress: lctrl
618.0222 	EXP 	Sound  started
618.7055 	DATA 	Keypress: lctrl
618.7722 	EXP 	Sound  started
619.4415 	DATA 	Keypress: lctrl
619.5222 	EXP 	Sound  started
620.2095 	DATA 	Keypress: lctrl
620.2723 	EXP 	Sound  started
621.0223 	EXP 	Sound  started
621.1855 	DATA 	Keypress: rctrl
621.6655 	DATA 	Keypress: lctrl
621.7723 	EXP 	Sound  started
622.4015 	DATA 	Keypress: lctrl
622.5223 	EXP 	Sound  started
623.1055 	DATA 	Keypress: rctrl
623.2723 	EXP 	Sound  started
623.8895 	DATA 	Keypress: lctrl
624.0223 	EXP 	Sound  started
624.6256 	DATA 	Keypress: rctrl
624.7723 	EXP 	Sound  started
625.4095 	DATA 	Keypress: rctrl
625.5223 	EXP 	Sound  started
626.1295 	DATA 	Keypress: lctrl
626.2723 	EXP 	Sound  started
626.9615 	DATA 	Keypress: rctrl
627.0224 	EXP 	Sound  started
627.6335 	DATA 	Keypress: rctrl
627.7724 	EXP 	Sound  started
628.3055 	DATA 	Keypress: rctrl
628.5224 	EXP 	Sound  started
629.2016 	DATA 	Keypress: lctrl
629.2724 	EXP 	Sound  started
629.9695 	DATA 	Keypress: lctrl
630.0224 	EXP 	Sound  started
630.7375 	DATA 	Keypress: rctrl
630.7724 	EXP 	Sound  started
631.4415 	DATA 	Keypress: rctrl
631.5224 	EXP 	Sound  started
632.1935 	DATA 	Keypress: lctrl
632.2724 	EXP 	Sound  started
632.9455 	DATA 	Keypress: rctrl
633.0225 	EXP 	Sound  started
633.7455 	DATA 	Keypress: rctrl
633.7725 	EXP 	Sound  started
634.4336 	DATA 	Keypress: lctrl
634.5225 	EXP 	Sound  started
635.2175 	DATA 	Keypress: lctrl
635.2725 	EXP 	Sound  started
636.0015 	DATA 	Keypress: rctrl
636.0225 	EXP 	Sound  started
636.7695 	DATA 	Keypress: lctrl
636.7725 	EXP 	Sound  started
637.4575 	DATA 	Keypress: rctrl
637.5225 	EXP 	Sound  started
638.1776 	DATA 	Keypress: lctrl
638.2726 	EXP 	Sound  started
638.9296 	DATA 	Keypress: rctrl
639.0226 	EXP 	Sound  started
639.6816 	DATA 	Keypress: lctrl
639.7726 	EXP 	Sound  started
640.4016 	DATA 	Keypress: lctrl
640.5226 	EXP 	Sound  started
641.1055 	DATA 	Keypress: rctrl
641.2726 	EXP 	Sound  started
641.9055 	DATA 	Keypress: rctrl
642.0226 	EXP 	Sound  started
642.6095 	DATA 	Keypress: lctrl
642.7726 	EXP 	Sound  started
643.3934 	DATA 	Keypress: rctrl
643.5226 	EXP 	Sound  started
644.2095 	DATA 	Keypress: rctrl
644.2727 	EXP 	Sound  started
644.9295 	DATA 	Keypress: lctrl
645.0227 	EXP 	Sound  started
645.6975 	DATA 	Keypress: lctrl
645.7727 	EXP 	Sound  started
646.4495 	DATA 	Keypress: rctrl
646.5227 	EXP 	Sound  started
647.2727 	EXP 	Sound  started
647.4735 	DATA 	Keypress: lctrl
648.0227 	EXP 	Sound  started
648.0334 	DATA 	Keypress: lctrl
648.7215 	DATA 	Keypress: rctrl
648.7727 	EXP 	Sound  started
649.3775 	DATA 	Keypress: rctrl
649.5227 	EXP 	Sound  started
650.2415 	DATA 	Keypress: rctrl
650.2728 	EXP 	Sound  started
650.9455 	DATA 	Keypress: lctrl
651.0228 	EXP 	Sound  started
651.7728 	EXP 	Sound  started
651.8574 	DATA 	Keypress: lctrl
652.5228 	EXP 	Sound  started
652.5614 	DATA 	Keypress: lctrl
653.1216 	DATA 	Keypress: lctrl
653.2728 	EXP 	Sound  started
653.7135 	DATA 	Keypress: rctrl
654.0228 	EXP 	Sound  started
654.5454 	DATA 	Keypress: rctrl
654.7728 	EXP 	Sound  started
655.4095 	DATA 	Keypress: lctrl
655.5229 	EXP 	Sound  started
656.2729 	EXP 	Sound  started
656.3535 	DATA 	Keypress: lctrl
656.9935 	DATA 	Keypress: rctrl
657.0229 	EXP 	Sound  started
657.7455 	DATA 	Keypress: lctrl
657.7729 	EXP 	Sound  started
658.4814 	DATA 	Keypress: rctrl
658.5229 	EXP 	Sound  started
659.1857 	DATA 	Keypress: rctrl
659.2729 	EXP 	Sound  started
659.9536 	DATA 	Keypress: lctrl
660.0229 	EXP 	Sound  started
660.7216 	DATA 	Keypress: rctrl
660.7730 	EXP 	Sound  started
661.3935 	DATA 	Keypress: rctrl
661.5230 	EXP 	Sound  started
662.1616 	DATA 	Keypress: rctrl
664.0613 	DATA 	Keypress: 2
664.0777 	EXP 	unnamed ShapeStim: vertices = <class 'numpy.ndarray'>
665.9294 	DATA 	Keypress: 1
665.9459 	EXP 	unnamed ShapeStim: vertices = <class 'numpy.ndarray'>
670.6332 	DATA 	Keypress: 2
670.6498 	EXP 	unnamed ShapeStim: vertices = <class 'numpy.ndarray'>
672.9341 	EXP 	Sound  started
673.0096 	DATA 	Keypress: rctrl
673.6015 	DATA 	Keypress: rctrl
673.6840 	EXP 	Sound  started
674.3375 	DATA 	Keypress: lctrl
674.4340 	EXP 	Sound  started
675.1375 	DATA 	Keypress: rctrl
675.1840 	EXP 	Sound  started
675.8735 	DATA 	Keypress: rctrl
675.9340 	EXP 	Sound  started
676.6095 	DATA 	Keypress: rctrl
676.6840 	EXP 	Sound  started
677.3135 	DATA 	Keypress: lctrl
677.4340 	EXP 	Sound  started
678.1136 	DATA 	Keypress: lctrl
678.1841 	EXP 	Sound  started
678.8656 	DATA 	Keypress: rctrl
678.9341 	EXP 	Sound  started
679.5696 	DATA 	Keypress: lctrl
679.6841 	EXP 	Sound  started
680.3536 	DATA 	Keypress: lctrl
680.4341 	EXP 	Sound  started
681.1376 	DATA 	Keypress: rctrl
681.1841 	EXP 	Sound  started
681.9341 	EXP 	Sound  started
681.9535 	DATA 	Keypress: rctrl
682.6254 	DATA 	Keypress: lctrl
682.6841 	EXP 	Sound  started
683.4094 	DATA 	Keypress: lctrl
683.4341 	EXP 	Sound  started
684.0974 	DATA 	Keypress: lctrl
684.1842 	EXP 	Sound  started
684.8974 	DATA 	Keypress: lctrl
684.9342 	EXP 	Sound  started
685.6175 	DATA 	Keypress: lctrl
685.6842 	EXP 	Sound  started
686.3696 	DATA 	Keypress: rctrl
686.4342 	EXP 	Sound  started
687.1376 	DATA 	Keypress: lctrl
687.1842 	EXP 	Sound  started
687.8254 	DATA 	Keypress: rctrl
687.9342 	EXP 	Sound  started
688.6095 	DATA 	Keypress: rctrl
688.6842 	EXP 	Sound  started
689.3614 	DATA 	Keypress: rctrl
689.4343 	EXP 	Sound  started
690.1295 	DATA 	Keypress: lctrl
690.1843 	EXP 	Sound  started
690.9135 	DATA 	Keypress: lctrl
690.9343 	EXP 	Sound  started
691.6175 	DATA 	Keypress: lctrl
691.6843 	EXP 	Sound  started
692.3535 	DATA 	Keypress: rctrl
692.4343 	EXP 	Sound  started
693.0734 	DATA 	Keypress: lctrl
693.1843 	EXP 	Sound  started
693.8414 	DATA 	Keypress: lctrl
693.9343 	EXP 	Sound  started
694.6095 	DATA 	Keypress: lctrl
694.6844 	EXP 	Sound  started
695.3614 	DATA 	Keypress: rctrl
695.4344 	EXP 	Sound  started
696.1294 	DATA 	Keypress: rctrl
696.1844 	EXP 	Sound  started
696.8974 	DATA 	Keypress: lctrl
696.9344 	EXP 	Sound  started
697.6334 	DATA 	Keypress: lctrl
697.6844 	EXP 	Sound  started
698.3695 	DATA 	Keypress: rctrl
698.4344 	EXP 	Sound  started
699.1695 	DATA 	Keypress: rctrl
699.1844 	EXP 	Sound  started
699.9344 	EXP 	Sound  started
699.9374 	DATA 	Keypress: rctrl
700.5614 	DATA 	Keypress: rctrl
700.6845 	EXP 	Sound  started
701.2814 	DATA 	Keypress: rctrl
701.4345 	EXP 	Sound  started
702.0654 	DATA 	Keypress: lctrl
702.1845 	EXP 	Sound  started
702.8175 	DATA 	Keypress: lctrl
702.9345 	EXP 	Sound  started
703.5855 	DATA 	Keypress: lctrl
703.6845 	EXP 	Sound  started
704.3854 	DATA 	Keypress: lctrl
704.4345 	EXP 	Sound  started
705.0734 	DATA 	Keypress: rctrl
705.1845 	EXP 	Sound  started
705.8574 	DATA 	Keypress: lctrl
705.9345 	EXP 	Sound  started
706.5934 	DATA 	Keypress: rctrl
706.6846 	EXP 	Sound  started
707.3935 	DATA 	Keypress: rctrl
707.4346 	EXP 	Sound  started
708.1454 	DATA 	Keypress: lctrl
708.1846 	EXP 	Sound  started
708.8975 	DATA 	Keypress: lctrl
708.9346 	EXP 	Sound  started
709.6846 	EXP 	Sound  started
709.7294 	DATA 	Keypress: lctrl
710.2895 	DATA 	Keypress: rctrl
710.4346 	EXP 	Sound  started
711.0415 	DATA 	Keypress: lctrl
711.1846 	EXP 	Sound  started
711.9347 	EXP 	Sound  started
711.9536 	DATA 	Keypress: lctrl
712.6847 	EXP 	Sound  started
712.6895 	DATA 	Keypress: lctrl
713.4095 	DATA 	Keypress: lctrl
713.4347 	EXP 	Sound  started
714.0655 	DATA 	Keypress: rctrl
714.1847 	EXP 	Sound  started
714.8494 	DATA 	Keypress: rctrl
714.9347 	EXP 	Sound  started
715.5855 	DATA 	Keypress: lctrl
715.6847 	EXP 	Sound  started
716.3375 	DATA 	Keypress: lctrl
716.4347 	EXP 	Sound  started
717.1215 	DATA 	Keypress: rctrl
717.1848 	EXP 	Sound  started
717.9348 	EXP 	Sound  started
717.9375 	DATA 	Keypress: lctrl
718.6415 	DATA 	Keypress: rctrl
718.6848 	EXP 	Sound  started
719.4348 	EXP 	Sound  started
719.4736 	DATA 	Keypress: lctrl
720.1295 	DATA 	Keypress: lctrl
720.1848 	EXP 	Sound  started
720.9135 	DATA 	Keypress: lctrl
720.9348 	EXP 	Sound  started
721.6335 	DATA 	Keypress: rctrl
721.6848 	EXP 	Sound  started
722.4335 	DATA 	Keypress: rctrl
722.4348 	EXP 	Sound  started
723.1055 	DATA 	Keypress: lctrl
723.1849 	EXP 	Sound  started
723.8734 	DATA 	Keypress: lctrl
723.9349 	EXP 	Sound  started
724.5454 	DATA 	Keypress: rctrl
724.6849 	EXP 	Sound  started
725.2974 	DATA 	Keypress: rctrl
725.4349 	EXP 	Sound  started
726.0976 	DATA 	Keypress: lctrl
726.1849 	EXP 	Sound  started
726.8975 	DATA 	Keypress: lctrl
726.9349 	EXP 	Sound  started
727.5695 	DATA 	Keypress: rctrl
727.6849 	EXP 	Sound  started
728.4350 	EXP 	Sound  started
728.4655 	DATA 	Keypress: lctrl
729.1534 	DATA 	Keypress: lctrl
729.1850 	EXP 	Sound  started
729.9215 	DATA 	Keypress: lctrl
729.9350 	EXP 	Sound  started
730.6094 	DATA 	Keypress: rctrl
730.6850 	EXP 	Sound  started
731.3295 	DATA 	Keypress: rctrl
731.4350 	EXP 	Sound  started
732.1135 	DATA 	Keypress: lctrl
733.9888 	DATA 	Keypress: 3
734.0183 	EXP 	unnamed ShapeStim: vertices = <class 'numpy.ndarray'>
737.0209 	DATA 	Keypress: 2
737.0375 	EXP 	unnamed ShapeStim: vertices = <class 'numpy.ndarray'>
739.9233 	DATA 	Keypress: 3
739.9398 	EXP 	unnamed ShapeStim: vertices = <class 'numpy.ndarray'>
742.2297 	DATA 	Keypress: lctrl
1132.0656 	DATA 	Keypress: escape
1132.1359 	EXP 	window1: mouseVisible = True
