15.3642 	WARNING 	User requested fullscreen with size [1024  768], but screen is actually [1920, 1200]. Using actual size
16.1700 	EXP 	Created window1 = Window(allowGUI=False, allowStencil=False, autoLog=True, backendConf=UNKNOWN, bitsMode=UNKNOWN, blendMode='avg', bpc=(8, 8, 8), color=array([0, 0, 0]), colorSpace='rgb', depthBits=8, fullscr=<method-wrapper '__getattribute__' of attributeSetter object at 0x00000169AC266780>, gamma=None, gammaErrorPolicy='raise', lms=UNKNOWN, monitor=<psychopy.monitors.calibTools.Monitor object at 0x00000169AD9A4080>, multiSample=False, name='window1', numSamples=2, pos=[0.0, 0.0], screen=0, size=array([1920, 1200]), stencilBits=0, stereo=False, units='norm', useFBO=True, useRetina=False, viewOri=0.0, viewPos=None, viewScale=None, waitBlanking=True, winType='pyglet')
16.1703 	EXP 	window1: mouseVisible = True
16.1703 	EXP 	window1: mouseVisible = False
16.1704 	EXP 	window1: recordFrameIntervals = False
16.3365 	EXP 	window1: recordFrameIntervals = True
16.5201 	EXP 	window1: recordFrameIntervals = False
16.5757 	EXP 	Created text = TextStim(__class__=<class 'psychopy.visual.text.TextStim'>, alignHoriz=method-wrapper(...), alignText='center', alignVert=method-wrapper(...), anchorHoriz='center', anchorVert='center', antialias=True, autoLog=True, bold=False, color=array([1., 1., 1.]), colorSpace='rgb', contrast=1.0, depth=0.0, flipHoriz=False, flipVert=False, font='Arial', fontFiles=[], height=0.15, italic=False, languageStyle='LTR', name='text', opacity=1, ori=0, pos=array([0., 0.]), rgb=UNKNOWN, text='+', units='norm', win=Window(...), wrapWidth=1)
16.5965 	EXP 	Created text = TextStim(__class__=<class 'psychopy.visual.text.TextStim'>, alignHoriz=method-wrapper(...), alignText='center', alignVert=method-wrapper(...), anchorHoriz='center', anchorVert='center', antialias=True, autoLog=True, bold=False, color=array([1., 1., 1.]), colorSpace='rgb', contrast=1.0, depth=0.0, flipHoriz=False, flipVert=False, font='Arial', fontFiles=[], height=0.07, italic=False, languageStyle='LTR', name='text', opacity=1, ori=0, pos=array([0., 0.]), rgb=UNKNOWN, text=str(...), units='norm', win=Window(...), wrapWidth=1.65)
16.6091 	EXP 	Created text = TextStim(__class__=<class 'psychopy.visual.text.TextStim'>, alignHoriz=method-wrapper(...), alignText='center', alignVert=method-wrapper(...), anchorHoriz='center', anchorVert='center', antialias=True, autoLog=True, bold=False, color=array([1., 1., 1.]), colorSpace='rgb', contrast=1.0, depth=0.0, flipHoriz=False, flipVert=False, font='Arial', fontFiles=[], height=0.07, italic=False, languageStyle='LTR', name='text', opacity=1, ori=0, pos=array([0., 0.]), rgb=UNKNOWN, text=str(...), units='norm', win=Window(...), wrapWidth=1.65)
16.6194 	EXP 	Created text = TextStim(__class__=<class 'psychopy.visual.text.TextStim'>, alignHoriz=method-wrapper(...), alignText='center', alignVert=method-wrapper(...), anchorHoriz='center', anchorVert='center', antialias=True, autoLog=True, bold=False, color=array([1., 1., 1.]), colorSpace='rgb', contrast=1.0, depth=0.0, flipHoriz=False, flipVert=False, font='Arial', fontFiles=[], height=0.07, italic=False, languageStyle='LTR', name='text', opacity=1, ori=0, pos=array([0., 0.]), rgb=UNKNOWN, text=str(...), units='norm', win=Window(...), wrapWidth=1.65)
16.6293 	EXP 	Created text = TextStim(__class__=<class 'psychopy.visual.text.TextStim'>, alignHoriz=method-wrapper(...), alignText='center', alignVert=method-wrapper(...), anchorHoriz='center', anchorVert='center', antialias=True, autoLog=True, bold=False, color=array([1., 1., 1.]), colorSpace='rgb', contrast=1.0, depth=0.0, flipHoriz=False, flipVert=False, font='Arial', fontFiles=[], height=0.07, italic=False, languageStyle='LTR', name='text', opacity=1, ori=0, pos=array([0., 0.]), rgb=UNKNOWN, text=str(...), units='norm', win=Window(...), wrapWidth=1.65)
16.6347 	EXP 	Created text = TextStim(__class__=<class 'psychopy.visual.text.TextStim'>, alignHoriz=method-wrapper(...), alignText='center', alignVert=method-wrapper(...), anchorHoriz='center', anchorVert='center', antialias=True, autoLog=True, bold=False, color=array([1., 1., 1.]), colorSpace='rgb', contrast=1.0, depth=0.0, flipHoriz=False, flipVert=False, font='Arial', fontFiles=[], height=0.07, italic=False, languageStyle='LTR', name='text', opacity=1, ori=0, pos=array([0., 0.]), rgb=UNKNOWN, text=str(...), units='norm', win=Window(...), wrapWidth=1.65)
16.6493 	EXP 	Created text = TextStim(__class__=<class 'psychopy.visual.text.TextStim'>, alignHoriz=method-wrapper(...), alignText='center', alignVert=method-wrapper(...), anchorHoriz='center', anchorVert='center', antialias=True, autoLog=True, bold=False, color=array([1., 1., 1.]), colorSpace='rgb', contrast=1.0, depth=0.0, flipHoriz=False, flipVert=False, font='Arial', fontFiles=[], height=0.15, italic=False, languageStyle='LTR', name='text', opacity=1, ori=0, pos=array([0., 0.]), rgb=UNKNOWN, text=str(...), units='norm', win=Window(...), wrapWidth=1.65)
16.6783 	EXP 	Created text = TextStim(__class__=<class 'psychopy.visual.text.TextStim'>, alignHoriz=method-wrapper(...), alignText='center', alignVert=method-wrapper(...), anchorHoriz='center', anchorVert='center', antialias=True, autoLog=True, bold=False, color=array([1., 1., 1.]), colorSpace='rgb', contrast=1.0, depth=0.0, flipHoriz=False, flipVert=False, font='Arial', fontFiles=[], height=0.07, italic=False, languageStyle='LTR', name='text', opacity=1, ori=0, pos=array([0., 0.]), rgb=UNKNOWN, text=str(...), units='norm', win=Window(...), wrapWidth=1.65)
16.6963 	EXP 	Created text = TextStim(__class__=<class 'psychopy.visual.text.TextStim'>, alignHoriz=method-wrapper(...), alignText='center', alignVert=method-wrapper(...), anchorHoriz='center', anchorVert='center', antialias=True, autoLog=True, bold=False, color=array([1., 1., 1.]), colorSpace='rgb', contrast=1.0, depth=0.0, flipHoriz=False, flipVert=False, font='Arial', fontFiles=[], height=0.07, italic=False, languageStyle='LTR', name='text', opacity=1, ori=0, pos=array([0., 0.]), rgb=UNKNOWN, text=str(...), units='norm', win=Window(...), wrapWidth=1.65)
16.7268 	EXP 	Created text = TextStim(__class__=<class 'psychopy.visual.text.TextStim'>, alignHoriz=method-wrapper(...), alignText='center', alignVert=method-wrapper(...), anchorHoriz='center', anchorVert='center', antialias=True, autoLog=True, bold=False, color=array([1., 1., 1.]), colorSpace='rgb', contrast=1.0, depth=0.0, flipHoriz=False, flipVert=False, font='Arial', fontFiles=[], height=0.07, italic=False, languageStyle='LTR', name='text', opacity=1, ori=0, pos=array([0., 0.]), rgb=UNKNOWN, text=str(...), units='norm', win=Window(...), wrapWidth=1.65)
16.7549 	EXP 	Created text = TextStim(__class__=<class 'psychopy.visual.text.TextStim'>, alignHoriz=method-wrapper(...), alignText='center', alignVert=method-wrapper(...), anchorHoriz='center', anchorVert='center', antialias=True, autoLog=True, bold=False, color=array([1., 1., 1.]), colorSpace='rgb', contrast=1.0, depth=0.0, flipHoriz=False, flipVert=False, font='Arial', fontFiles=[], height=0.07, italic=False, languageStyle='LTR', name='text', opacity=1, ori=0, pos=array([0., 0.]), rgb=UNKNOWN, text=str(...), units='norm', win=Window(...), wrapWidth=1.65)
16.7876 	EXP 	Created text = TextStim(__class__=<class 'psychopy.visual.text.TextStim'>, alignHoriz=method-wrapper(...), alignText='center', alignVert=method-wrapper(...), anchorHoriz='center', anchorVert='center', antialias=True, autoLog=True, bold=False, color=array([1., 1., 1.]), colorSpace='rgb', contrast=1.0, depth=0.0, flipHoriz=False, flipVert=False, font='Arial', fontFiles=[], height=0.07, italic=False, languageStyle='LTR', name='text', opacity=1, ori=0, pos=array([0., 0.]), rgb=UNKNOWN, text=str(...), units='norm', win=Window(...), wrapWidth=1.65)
16.7972 	EXP 	Created text = TextStim(__class__=<class 'psychopy.visual.text.TextStim'>, alignHoriz=method-wrapper(...), alignText='center', alignVert=method-wrapper(...), anchorHoriz='center', anchorVert='center', antialias=True, autoLog=True, bold=False, color=array([1., 1., 1.]), colorSpace='rgb', contrast=1.0, depth=0.0, flipHoriz=False, flipVert=False, font='Arial', fontFiles=[], height=0.07, italic=False, languageStyle='LTR', name='text', opacity=1, ori=0, pos=array([0., 0.]), rgb=UNKNOWN, text=str(...), units='norm', win=Window(...), wrapWidth=1.65)
16.8102 	EXP 	Created text = TextStim(__class__=<class 'psychopy.visual.text.TextStim'>, alignHoriz=method-wrapper(...), alignText='center', alignVert=method-wrapper(...), anchorHoriz='center', anchorVert='center', antialias=True, autoLog=True, bold=False, color=array([1., 1., 1.]), colorSpace='rgb', contrast=1.0, depth=0.0, flipHoriz=False, flipVert=False, font='Arial', fontFiles=[], height=0.07, italic=False, languageStyle='LTR', name='text', opacity=1, ori=0, pos=array([0., 0.]), rgb=UNKNOWN, text=str(...), units='norm', win=Window(...), wrapWidth=1.65)
16.8148 	EXP 	Created instru = TextStim(__class__=<class 'psychopy.visual.text.TextStim'>, alignHoriz=method-wrapper(...), alignText='center', alignVert=method-wrapper(...), anchorHoriz='center', anchorVert='center', antialias=True, autoLog=True, bold=False, color=array([1., 1., 1.]), colorSpace='rgb', contrast=1.0, depth=0.0, flipHoriz=False, flipVert=False, font='Arial', fontFiles=[], height=0.07, italic=False, languageStyle='LTR', name='instru', opacity=1, ori=0, pos=array([0. , 0.5]), rgb=UNKNOWN, text=str(...), units='norm', win=Window(...), wrapWidth=1)
16.8174 	EXP 	Created unnamed Line = Line(__class__=<class 'psychopy.visual.line.Line'>, autoDraw=False, autoLog=True, closeShape=False, color=array([1., 1., 1.]), colorSpace='rgb', contrast=None, depth=0, fillColor=array([0, 0, 0]), fillColorSpace='rgb', fillRGB=array([0, 0, 0]), interpolate=True, lineColor=array([1., 1., 1.]), lineColorSpace='rgb', lineRGB=array([1, 1, 1]), lineWidth=5, name='unnamed Line', opacity=0.5, ori=0.0, pos=array([0., 0.]), size=array([1., 1.]), units='norm', vertices=array([[-0.5,  0. ],
       [ 0.5,  0. ]]), win=Window(...), windingRule=None)
16.8194 	EXP 	Created unnamed Line = Line(__class__=<class 'psychopy.visual.line.Line'>, autoDraw=False, autoLog=True, closeShape=False, color=array([1., 1., 1.]), colorSpace='rgb', contrast=None, depth=0, fillColor=array([0, 0, 0]), fillColorSpace='rgb', fillRGB=array([0, 0, 0]), interpolate=True, lineColor=array([1., 1., 1.]), lineColorSpace='rgb', lineRGB=array([1, 1, 1]), lineWidth=3, name='unnamed Line', opacity=0.5, ori=0.0, pos=array([0., 0.]), size=array([1., 1.]), units='norm', vertices=array([[-0.5 , -0.05],
       [-0.5 ,  0.05]]), win=Window(...), windingRule=None)
16.8214 	EXP 	Created unnamed Line = Line(__class__=<class 'psychopy.visual.line.Line'>, autoDraw=False, autoLog=True, closeShape=False, color=array([1., 1., 1.]), colorSpace='rgb', contrast=None, depth=0, fillColor=array([0, 0, 0]), fillColorSpace='rgb', fillRGB=array([0, 0, 0]), interpolate=True, lineColor=array([1., 1., 1.]), lineColorSpace='rgb', lineRGB=array([1, 1, 1]), lineWidth=3, name='unnamed Line', opacity=0.5, ori=0.0, pos=array([0., 0.]), size=array([1., 1.]), units='norm', vertices=ndarray(...), win=Window(...), windingRule=None)
16.8234 	EXP 	Created unnamed Line = Line(__class__=<class 'psychopy.visual.line.Line'>, autoDraw=False, autoLog=True, closeShape=False, color=array([1., 1., 1.]), colorSpace='rgb', contrast=None, depth=0, fillColor=array([0, 0, 0]), fillColorSpace='rgb', fillRGB=array([0, 0, 0]), interpolate=True, lineColor=array([1., 1., 1.]), lineColorSpace='rgb', lineRGB=array([1, 1, 1]), lineWidth=3, name='unnamed Line', opacity=0.5, ori=0.0, pos=array([0., 0.]), size=array([1., 1.]), units='norm', vertices=ndarray(...), win=Window(...), windingRule=None)
16.8254 	EXP 	Created unnamed Line = Line(__class__=<class 'psychopy.visual.line.Line'>, autoDraw=False, autoLog=True, closeShape=False, color=array([1., 1., 1.]), colorSpace='rgb', contrast=None, depth=0, fillColor=array([0, 0, 0]), fillColorSpace='rgb', fillRGB=array([0, 0, 0]), interpolate=True, lineColor=array([1., 1., 1.]), lineColorSpace='rgb', lineRGB=array([1, 1, 1]), lineWidth=3, name='unnamed Line', opacity=0.5, ori=0.0, pos=array([0., 0.]), size=array([1., 1.]), units='norm', vertices=array([[ 0.5 , -0.05],
       [ 0.5 ,  0.05]]), win=Window(...), windingRule=None)
16.8371 	EXP 	Created unnamed TextStim = TextStim(__class__=<class 'psychopy.visual.text.TextStim'>, alignHoriz=method-wrapper(...), alignText='center', alignVert=method-wrapper(...), anchorHoriz='center', anchorVert='center', antialias=True, autoLog=True, bold=False, color=array([1., 1., 1.]), colorSpace='rgb', contrast=1.0, depth=0, flipHoriz=False, flipVert=False, font='', fontFiles=[], height=0.05, italic=False, languageStyle='LTR', name='unnamed TextStim', opacity=1.0, ori=0.0, pos=array([-0.5, -0.1]), rgb=UNKNOWN, text='Clearly \n NOT FOCUSED', units='norm', win=Window(...), wrapWidth=1)
16.8381 	EXP 	Created unnamed TextStim = TextStim(__class__=<class 'psychopy.visual.text.TextStim'>, alignHoriz=method-wrapper(...), alignText='center', alignVert=method-wrapper(...), anchorHoriz='center', anchorVert='center', antialias=True, autoLog=True, bold=False, color=array([1., 1., 1.]), colorSpace='rgb', contrast=1.0, depth=0, flipHoriz=False, flipVert=False, font='', fontFiles=[], height=0.05, italic=False, languageStyle='LTR', name='unnamed TextStim', opacity=1.0, ori=0.0, pos=array([-0.16666667, -0.1       ]), rgb=UNKNOWN, text='', units='norm', win=Window(...), wrapWidth=1)
16.8391 	EXP 	Created unnamed TextStim = TextStim(__class__=<class 'psychopy.visual.text.TextStim'>, alignHoriz=method-wrapper(...), alignText='center', alignVert=method-wrapper(...), anchorHoriz='center', anchorVert='center', antialias=True, autoLog=True, bold=False, color=array([1., 1., 1.]), colorSpace='rgb', contrast=1.0, depth=0, flipHoriz=False, flipVert=False, font='', fontFiles=[], height=0.05, italic=False, languageStyle='LTR', name='unnamed TextStim', opacity=1.0, ori=0.0, pos=array([ 0.16666667, -0.1       ]), rgb=UNKNOWN, text='', units='norm', win=Window(...), wrapWidth=1)
16.8422 	EXP 	Created unnamed TextStim = TextStim(__class__=<class 'psychopy.visual.text.TextStim'>, alignHoriz=method-wrapper(...), alignText='center', alignVert=method-wrapper(...), anchorHoriz='center', anchorVert='center', antialias=True, autoLog=True, bold=False, color=array([1., 1., 1.]), colorSpace='rgb', contrast=1.0, depth=0, flipHoriz=False, flipVert=False, font='', fontFiles=[], height=0.05, italic=False, languageStyle='LTR', name='unnamed TextStim', opacity=1.0, ori=0.0, pos=array([ 0.5, -0.1]), rgb=UNKNOWN, text='Clearly \n FOCUSED', units='norm', win=Window(...), wrapWidth=1)
16.8439 	EXP 	Created unnamed ShapeStim = ShapeStim(__class__=<class 'psychopy.visual.shape.ShapeStim'>, autoDraw=False, autoLog=True, closeShape=True, color=method-wrapper(...), colorSpace='rgb', contrast=None, depth=0, fillColor=array([1, 1, 1]), fillColorSpace='rgb', fillRGB=array([1, 1, 1]), interpolate=True, lineColor=array([-1., -1., -1.]), lineColorSpace='rgb', lineRGB=array([-1, -1, -1]), lineWidth=1.5, name='unnamed ShapeStim', opacity=1.0, ori=0.0, pos=array([0., 0.]), size=array([1., 1.]), units='norm', vertices=ndarray(...), win=Window(...), windingRule=None)
16.8523 	EXP 	Created instru = TextStim(__class__=<class 'psychopy.visual.text.TextStim'>, alignHoriz=method-wrapper(...), alignText='center', alignVert=method-wrapper(...), anchorHoriz='center', anchorVert='center', antialias=True, autoLog=True, bold=False, color=array([1., 1., 1.]), colorSpace='rgb', contrast=1.0, depth=0.0, flipHoriz=False, flipVert=False, font='Arial', fontFiles=[], height=0.07, italic=False, languageStyle='LTR', name='instru', opacity=1, ori=0, pos=array([0. , 0.5]), rgb=UNKNOWN, text=str(...), units='norm', win=Window(...), wrapWidth=1)
16.8544 	EXP 	Created unnamed Line = Line(__class__=<class 'psychopy.visual.line.Line'>, autoDraw=False, autoLog=True, closeShape=False, color=array([1., 1., 1.]), colorSpace='rgb', contrast=None, depth=0, fillColor=array([0, 0, 0]), fillColorSpace='rgb', fillRGB=array([0, 0, 0]), interpolate=True, lineColor=array([1., 1., 1.]), lineColorSpace='rgb', lineRGB=array([1, 1, 1]), lineWidth=5, name='unnamed Line', opacity=0.5, ori=0.0, pos=array([0., 0.]), size=array([1., 1.]), units='norm', vertices=array([[-0.5,  0. ],
       [ 0.5,  0. ]]), win=Window(...), windingRule=None)
16.8564 	EXP 	Created unnamed Line = Line(__class__=<class 'psychopy.visual.line.Line'>, autoDraw=False, autoLog=True, closeShape=False, color=array([1., 1., 1.]), colorSpace='rgb', contrast=None, depth=0, fillColor=array([0, 0, 0]), fillColorSpace='rgb', fillRGB=array([0, 0, 0]), interpolate=True, lineColor=array([1., 1., 1.]), lineColorSpace='rgb', lineRGB=array([1, 1, 1]), lineWidth=3, name='unnamed Line', opacity=0.5, ori=0.0, pos=array([0., 0.]), size=array([1., 1.]), units='norm', vertices=array([[-0.5 , -0.05],
       [-0.5 ,  0.05]]), win=Window(...), windingRule=None)
16.8584 	EXP 	Created unnamed Line = Line(__class__=<class 'psychopy.visual.line.Line'>, autoDraw=False, autoLog=True, closeShape=False, color=array([1., 1., 1.]), colorSpace='rgb', contrast=None, depth=0, fillColor=array([0, 0, 0]), fillColorSpace='rgb', fillRGB=array([0, 0, 0]), interpolate=True, lineColor=array([1., 1., 1.]), lineColorSpace='rgb', lineRGB=array([1, 1, 1]), lineWidth=3, name='unnamed Line', opacity=0.5, ori=0.0, pos=array([0., 0.]), size=array([1., 1.]), units='norm', vertices=ndarray(...), win=Window(...), windingRule=None)
16.8603 	EXP 	Created unnamed Line = Line(__class__=<class 'psychopy.visual.line.Line'>, autoDraw=False, autoLog=True, closeShape=False, color=array([1., 1., 1.]), colorSpace='rgb', contrast=None, depth=0, fillColor=array([0, 0, 0]), fillColorSpace='rgb', fillRGB=array([0, 0, 0]), interpolate=True, lineColor=array([1., 1., 1.]), lineColorSpace='rgb', lineRGB=array([1, 1, 1]), lineWidth=3, name='unnamed Line', opacity=0.5, ori=0.0, pos=array([0., 0.]), size=array([1., 1.]), units='norm', vertices=ndarray(...), win=Window(...), windingRule=None)
16.8623 	EXP 	Created unnamed Line = Line(__class__=<class 'psychopy.visual.line.Line'>, autoDraw=False, autoLog=True, closeShape=False, color=array([1., 1., 1.]), colorSpace='rgb', contrast=None, depth=0, fillColor=array([0, 0, 0]), fillColorSpace='rgb', fillRGB=array([0, 0, 0]), interpolate=True, lineColor=array([1., 1., 1.]), lineColorSpace='rgb', lineRGB=array([1, 1, 1]), lineWidth=3, name='unnamed Line', opacity=0.5, ori=0.0, pos=array([0., 0.]), size=array([1., 1.]), units='norm', vertices=array([[ 0.5 , -0.05],
       [ 0.5 ,  0.05]]), win=Window(...), windingRule=None)
16.8676 	EXP 	Created unnamed TextStim = TextStim(__class__=<class 'psychopy.visual.text.TextStim'>, alignHoriz=method-wrapper(...), alignText='center', alignVert=method-wrapper(...), anchorHoriz='center', anchorVert='center', antialias=True, autoLog=True, bold=False, color=array([1., 1., 1.]), colorSpace='rgb', contrast=1.0, depth=0, flipHoriz=False, flipVert=False, font='', fontFiles=[], height=0.05, italic=False, languageStyle='LTR', name='unnamed TextStim', opacity=1.0, ori=0.0, pos=array([-0.5, -0.1]), rgb=UNKNOWN, text='Clearly \n NOTHING', units='norm', win=Window(...), wrapWidth=1)
16.8687 	EXP 	Created unnamed TextStim = TextStim(__class__=<class 'psychopy.visual.text.TextStim'>, alignHoriz=method-wrapper(...), alignText='center', alignVert=method-wrapper(...), anchorHoriz='center', anchorVert='center', antialias=True, autoLog=True, bold=False, color=array([1., 1., 1.]), colorSpace='rgb', contrast=1.0, depth=0, flipHoriz=False, flipVert=False, font='', fontFiles=[], height=0.05, italic=False, languageStyle='LTR', name='unnamed TextStim', opacity=1.0, ori=0.0, pos=array([-0.16666667, -0.1       ]), rgb=UNKNOWN, text='', units='norm', win=Window(...), wrapWidth=1)
16.8697 	EXP 	Created unnamed TextStim = TextStim(__class__=<class 'psychopy.visual.text.TextStim'>, alignHoriz=method-wrapper(...), alignText='center', alignVert=method-wrapper(...), anchorHoriz='center', anchorVert='center', antialias=True, autoLog=True, bold=False, color=array([1., 1., 1.]), colorSpace='rgb', contrast=1.0, depth=0, flipHoriz=False, flipVert=False, font='', fontFiles=[], height=0.05, italic=False, languageStyle='LTR', name='unnamed TextStim', opacity=1.0, ori=0.0, pos=array([ 0.16666667, -0.1       ]), rgb=UNKNOWN, text='', units='norm', win=Window(...), wrapWidth=1)
16.8736 	EXP 	Created unnamed TextStim = TextStim(__class__=<class 'psychopy.visual.text.TextStim'>, alignHoriz=method-wrapper(...), alignText='center', alignVert=method-wrapper(...), anchorHoriz='center', anchorVert='center', antialias=True, autoLog=True, bold=False, color=array([1., 1., 1.]), colorSpace='rgb', contrast=1.0, depth=0, flipHoriz=False, flipVert=False, font='', fontFiles=[], height=0.05, italic=False, languageStyle='LTR', name='unnamed TextStim', opacity=1.0, ori=0.0, pos=array([ 0.5, -0.1]), rgb=UNKNOWN, text='Clearly \n SOMETHING', units='norm', win=Window(...), wrapWidth=1)
16.8755 	EXP 	Created unnamed ShapeStim = ShapeStim(__class__=<class 'psychopy.visual.shape.ShapeStim'>, autoDraw=False, autoLog=True, closeShape=True, color=method-wrapper(...), colorSpace='rgb', contrast=None, depth=0, fillColor=array([1, 1, 1]), fillColorSpace='rgb', fillRGB=array([1, 1, 1]), interpolate=True, lineColor=array([-1., -1., -1.]), lineColorSpace='rgb', lineRGB=array([-1, -1, -1]), lineWidth=1.5, name='unnamed ShapeStim', opacity=1.0, ori=0.0, pos=array([0., 0.]), size=array([1., 1.]), units='norm', vertices=ndarray(...), win=Window(...), windingRule=None)
16.8823 	EXP 	Created instru = TextStim(__class__=<class 'psychopy.visual.text.TextStim'>, alignHoriz=method-wrapper(...), alignText='center', alignVert=method-wrapper(...), anchorHoriz='center', anchorVert='center', antialias=True, autoLog=True, bold=False, color=array([1., 1., 1.]), colorSpace='rgb', contrast=1.0, depth=0.0, flipHoriz=False, flipVert=False, font='Arial', fontFiles=[], height=0.07, italic=False, languageStyle='LTR', name='instru', opacity=1, ori=0, pos=array([0. , 0.5]), rgb=UNKNOWN, text=str(...), units='norm', win=Window(...), wrapWidth=1)
16.8843 	EXP 	Created unnamed Line = Line(__class__=<class 'psychopy.visual.line.Line'>, autoDraw=False, autoLog=True, closeShape=False, color=array([1., 1., 1.]), colorSpace='rgb', contrast=None, depth=0, fillColor=array([0, 0, 0]), fillColorSpace='rgb', fillRGB=array([0, 0, 0]), interpolate=True, lineColor=array([1., 1., 1.]), lineColorSpace='rgb', lineRGB=array([1, 1, 1]), lineWidth=5, name='unnamed Line', opacity=0.5, ori=0.0, pos=array([0., 0.]), size=array([1., 1.]), units='norm', vertices=array([[-0.5,  0. ],
       [ 0.5,  0. ]]), win=Window(...), windingRule=None)
16.8863 	EXP 	Created unnamed Line = Line(__class__=<class 'psychopy.visual.line.Line'>, autoDraw=False, autoLog=True, closeShape=False, color=array([1., 1., 1.]), colorSpace='rgb', contrast=None, depth=0, fillColor=array([0, 0, 0]), fillColorSpace='rgb', fillRGB=array([0, 0, 0]), interpolate=True, lineColor=array([1., 1., 1.]), lineColorSpace='rgb', lineRGB=array([1, 1, 1]), lineWidth=3, name='unnamed Line', opacity=0.5, ori=0.0, pos=array([0., 0.]), size=array([1., 1.]), units='norm', vertices=array([[-0.5 , -0.05],
       [-0.5 ,  0.05]]), win=Window(...), windingRule=None)
16.8883 	EXP 	Created unnamed Line = Line(__class__=<class 'psychopy.visual.line.Line'>, autoDraw=False, autoLog=True, closeShape=False, color=array([1., 1., 1.]), colorSpace='rgb', contrast=None, depth=0, fillColor=array([0, 0, 0]), fillColorSpace='rgb', fillRGB=array([0, 0, 0]), interpolate=True, lineColor=array([1., 1., 1.]), lineColorSpace='rgb', lineRGB=array([1, 1, 1]), lineWidth=3, name='unnamed Line', opacity=0.5, ori=0.0, pos=array([0., 0.]), size=array([1., 1.]), units='norm', vertices=ndarray(...), win=Window(...), windingRule=None)
16.8903 	EXP 	Created unnamed Line = Line(__class__=<class 'psychopy.visual.line.Line'>, autoDraw=False, autoLog=True, closeShape=False, color=array([1., 1., 1.]), colorSpace='rgb', contrast=None, depth=0, fillColor=array([0, 0, 0]), fillColorSpace='rgb', fillRGB=array([0, 0, 0]), interpolate=True, lineColor=array([1., 1., 1.]), lineColorSpace='rgb', lineRGB=array([1, 1, 1]), lineWidth=3, name='unnamed Line', opacity=0.5, ori=0.0, pos=array([0., 0.]), size=array([1., 1.]), units='norm', vertices=ndarray(...), win=Window(...), windingRule=None)
16.8922 	EXP 	Created unnamed Line = Line(__class__=<class 'psychopy.visual.line.Line'>, autoDraw=False, autoLog=True, closeShape=False, color=array([1., 1., 1.]), colorSpace='rgb', contrast=None, depth=0, fillColor=array([0, 0, 0]), fillColorSpace='rgb', fillRGB=array([0, 0, 0]), interpolate=True, lineColor=array([1., 1., 1.]), lineColorSpace='rgb', lineRGB=array([1, 1, 1]), lineWidth=3, name='unnamed Line', opacity=0.5, ori=0.0, pos=array([0., 0.]), size=array([1., 1.]), units='norm', vertices=array([[ 0.5 , -0.05],
       [ 0.5 ,  0.05]]), win=Window(...), windingRule=None)
16.8974 	EXP 	Created unnamed TextStim = TextStim(__class__=<class 'psychopy.visual.text.TextStim'>, alignHoriz=method-wrapper(...), alignText='center', alignVert=method-wrapper(...), anchorHoriz='center', anchorVert='center', antialias=True, autoLog=True, bold=False, color=array([1., 1., 1.]), colorSpace='rgb', contrast=1.0, depth=0, flipHoriz=False, flipVert=False, font='', fontFiles=[], height=0.05, italic=False, languageStyle='LTR', name='unnamed TextStim', opacity=1.0, ori=0.0, pos=array([-0.5, -0.1]), rgb=UNKNOWN, text='Clearly \n SPONTANEOUS', units='norm', win=Window(...), wrapWidth=1)
16.8984 	EXP 	Created unnamed TextStim = TextStim(__class__=<class 'psychopy.visual.text.TextStim'>, alignHoriz=method-wrapper(...), alignText='center', alignVert=method-wrapper(...), anchorHoriz='center', anchorVert='center', antialias=True, autoLog=True, bold=False, color=array([1., 1., 1.]), colorSpace='rgb', contrast=1.0, depth=0, flipHoriz=False, flipVert=False, font='', fontFiles=[], height=0.05, italic=False, languageStyle='LTR', name='unnamed TextStim', opacity=1.0, ori=0.0, pos=array([-0.16666667, -0.1       ]), rgb=UNKNOWN, text='', units='norm', win=Window(...), wrapWidth=1)
16.8997 	EXP 	Created unnamed TextStim = TextStim(__class__=<class 'psychopy.visual.text.TextStim'>, alignHoriz=method-wrapper(...), alignText='center', alignVert=method-wrapper(...), anchorHoriz='center', anchorVert='center', antialias=True, autoLog=True, bold=False, color=array([1., 1., 1.]), colorSpace='rgb', contrast=1.0, depth=0, flipHoriz=False, flipVert=False, font='', fontFiles=[], height=0.05, italic=False, languageStyle='LTR', name='unnamed TextStim', opacity=1.0, ori=0.0, pos=array([ 0.16666667, -0.1       ]), rgb=UNKNOWN, text='', units='norm', win=Window(...), wrapWidth=1)
16.9051 	EXP 	Created unnamed TextStim = TextStim(__class__=<class 'psychopy.visual.text.TextStim'>, alignHoriz=method-wrapper(...), alignText='center', alignVert=method-wrapper(...), anchorHoriz='center', anchorVert='center', antialias=True, autoLog=True, bold=False, color=array([1., 1., 1.]), colorSpace='rgb', contrast=1.0, depth=0, flipHoriz=False, flipVert=False, font='', fontFiles=[], height=0.05, italic=False, languageStyle='LTR', name='unnamed TextStim', opacity=1.0, ori=0.0, pos=array([ 0.5, -0.1]), rgb=UNKNOWN, text='Clearly \n DELIBERATE', units='norm', win=Window(...), wrapWidth=1)
16.9068 	EXP 	Created unnamed ShapeStim = ShapeStim(__class__=<class 'psychopy.visual.shape.ShapeStim'>, autoDraw=False, autoLog=True, closeShape=True, color=method-wrapper(...), colorSpace='rgb', contrast=None, depth=0, fillColor=array([1, 1, 1]), fillColorSpace='rgb', fillRGB=array([1, 1, 1]), interpolate=True, lineColor=array([-1., -1., -1.]), lineColorSpace='rgb', lineRGB=array([-1, -1, -1]), lineWidth=1.5, name='unnamed ShapeStim', opacity=1.0, ori=0.0, pos=array([0., 0.]), size=array([1., 1.]), units='norm', vertices=ndarray(...), win=Window(...), windingRule=None)
16.9562 	EXP 	Sound  set volume 1.000
16.9858 	EXP 	unnamed ShapeStim: vertices = <class 'numpy.ndarray'>
16.9858 	EXP 	unnamed ShapeStim: vertices = <class 'numpy.ndarray'>
16.9858 	EXP 	unnamed ShapeStim: vertices = <class 'numpy.ndarray'>
164.7960 	DATA 	Keypress: rctrl
165.3089 	EXP 	Sound  started
165.7879 	DATA 	Keypress: rctrl
166.0589 	EXP 	Sound  started
166.2359 	DATA 	Keypress: rctrl
166.7319 	DATA 	Keypress: rctrl
166.8089 	EXP 	Sound  started
167.4679 	DATA 	Keypress: rctrl
167.5589 	EXP 	Sound  started
168.1559 	DATA 	Keypress: lctrl
168.3089 	EXP 	Sound  started
168.9559 	DATA 	Keypress: lctrl
169.0589 	EXP 	Sound  started
169.7078 	DATA 	Keypress: rctrl
169.8090 	EXP 	Sound  started
170.3479 	DATA 	Keypress: rctrl
170.5590 	EXP 	Sound  started
171.1479 	DATA 	Keypress: rctrl
171.3090 	EXP 	Sound  started
171.8839 	DATA 	Keypress: lctrl
172.0590 	EXP 	Sound  started
172.6679 	DATA 	Keypress: rctrl
172.8090 	EXP 	Sound  started
173.4358 	DATA 	Keypress: rctrl
173.5590 	EXP 	Sound  started
174.2039 	DATA 	Keypress: lctrl
174.3091 	EXP 	Sound  started
174.9559 	DATA 	Keypress: lctrl
175.0591 	EXP 	Sound  started
175.6759 	DATA 	Keypress: lctrl
175.8091 	EXP 	Sound  started
176.4439 	DATA 	Keypress: lctrl
176.5591 	EXP 	Sound  started
177.2118 	DATA 	Keypress: lctrl
177.3091 	EXP 	Sound  started
177.9319 	DATA 	Keypress: lctrl
178.0591 	EXP 	Sound  started
178.6839 	DATA 	Keypress: lctrl
178.8091 	EXP 	Sound  started
179.4359 	DATA 	Keypress: rctrl
179.5592 	EXP 	Sound  started
180.1879 	DATA 	Keypress: lctrl
180.3092 	EXP 	Sound  started
180.9079 	DATA 	Keypress: lctrl
181.0592 	EXP 	Sound  started
181.6759 	DATA 	Keypress: rctrl
181.8092 	EXP 	Sound  started
182.3798 	DATA 	Keypress: rctrl
182.5592 	EXP 	Sound  started
183.2759 	DATA 	Keypress: rctrl
183.3092 	EXP 	Sound  started
183.9959 	DATA 	Keypress: rctrl
184.0593 	EXP 	Sound  started
184.7479 	DATA 	Keypress: lctrl
184.8093 	EXP 	Sound  started
185.4359 	DATA 	Keypress: lctrl
185.5593 	EXP 	Sound  started
186.1719 	DATA 	Keypress: rctrl
186.3093 	EXP 	Sound  started
187.0359 	DATA 	Keypress: lctrl
187.0593 	EXP 	Sound  started
187.7239 	DATA 	Keypress: lctrl
187.8093 	EXP 	Sound  started
188.5079 	DATA 	Keypress: rctrl
188.5593 	EXP 	Sound  started
189.1799 	DATA 	Keypress: rctrl
189.3094 	EXP 	Sound  started
189.9799 	DATA 	Keypress: lctrl
190.0594 	EXP 	Sound  started
190.6999 	DATA 	Keypress: lctrl
190.8094 	EXP 	Sound  started
191.4039 	DATA 	Keypress: rctrl
191.5594 	EXP 	Sound  started
192.1079 	DATA 	Keypress: rctrl
192.3094 	EXP 	Sound  started
192.8599 	DATA 	Keypress: lctrl
193.0594 	EXP 	Sound  started
193.6279 	DATA 	Keypress: lctrl
193.8094 	EXP 	Sound  started
194.3799 	DATA 	Keypress: lctrl
194.5595 	EXP 	Sound  started
195.1479 	DATA 	Keypress: rctrl
195.3095 	EXP 	Sound  started
195.8519 	DATA 	Keypress: rctrl
196.0595 	EXP 	Sound  started
196.6519 	DATA 	Keypress: rctrl
196.8095 	EXP 	Sound  started
197.3879 	DATA 	Keypress: lctrl
197.5595 	EXP 	Sound  started
198.1719 	DATA 	Keypress: lctrl
198.3096 	EXP 	Sound  started
198.9879 	DATA 	Keypress: rctrl
199.0596 	EXP 	Sound  started
199.8096 	EXP 	Sound  started
200.0599 	DATA 	Keypress: lctrl
200.5596 	EXP 	Sound  started
200.6519 	DATA 	Keypress: rctrl
201.2759 	DATA 	Keypress: lctrl
201.3096 	EXP 	Sound  started
201.9798 	DATA 	Keypress: lctrl
202.0596 	EXP 	Sound  started
202.7639 	DATA 	Keypress: rctrl
202.8096 	EXP 	Sound  started
203.4999 	DATA 	Keypress: rctrl
203.5597 	EXP 	Sound  started
204.2999 	DATA 	Keypress: rctrl
204.3097 	EXP 	Sound  started
204.9399 	DATA 	Keypress: rctrl
205.0597 	EXP 	Sound  started
205.7239 	DATA 	Keypress: lctrl
205.8097 	EXP 	Sound  started
206.4599 	DATA 	Keypress: rctrl
206.5756 	EXP 	unnamed TextStim: text = ''
206.5756 	EXP 	unnamed TextStim: text = ''
210.9956 	DATA 	Keypress: 3
211.0121 	EXP 	unnamed ShapeStim: vertices = <class 'numpy.ndarray'>
212.5634 	EXP 	unnamed TextStim: text = ''
212.5634 	EXP 	unnamed TextStim: text = ''
212.9644 	DATA 	Keypress: 1
212.9809 	EXP 	unnamed ShapeStim: vertices = <class 'numpy.ndarray'>
214.5322 	EXP 	unnamed TextStim: text = ''
214.5322 	EXP 	unnamed TextStim: text = ''
214.7825 	DATA 	Keypress: 4
214.7990 	EXP 	unnamed ShapeStim: vertices = <class 'numpy.ndarray'>
217.0837 	EXP 	Sound  started
217.0842 	DATA 	Keypress: lctrl
217.6759 	DATA 	Keypress: lctrl
217.8337 	EXP 	Sound  started
218.5079 	DATA 	Keypress: lctrl
218.5837 	EXP 	Sound  started
219.3239 	DATA 	Keypress: lctrl
219.3337 	EXP 	Sound  started
219.9959 	DATA 	Keypress: lctrl
220.0837 	EXP 	Sound  started
220.7639 	DATA 	Keypress: lctrl
220.8337 	EXP 	Sound  started
221.5159 	DATA 	Keypress: lctrl
221.5837 	EXP 	Sound  started
222.2998 	DATA 	Keypress: lctrl
222.3337 	EXP 	Sound  started
223.0838 	EXP 	Sound  started
223.0998 	DATA 	Keypress: rctrl
223.8199 	DATA 	Keypress: rctrl
223.8338 	EXP 	Sound  started
224.5559 	DATA 	Keypress: rctrl
224.5838 	EXP 	Sound  started
225.2599 	DATA 	Keypress: rctrl
225.3338 	EXP 	Sound  started
226.0279 	DATA 	Keypress: rctrl
226.0838 	EXP 	Sound  started
226.7638 	DATA 	Keypress: lctrl
226.8338 	EXP 	Sound  started
227.5479 	DATA 	Keypress: rctrl
227.5839 	EXP 	Sound  started
228.3319 	DATA 	Keypress: rctrl
228.3339 	EXP 	Sound  started
229.0839 	EXP 	Sound  started
229.1158 	DATA 	Keypress: lctrl
229.8039 	DATA 	Keypress: rctrl
229.8339 	EXP 	Sound  started
230.5839 	EXP 	Sound  started
230.6040 	DATA 	Keypress: lctrl
231.2279 	DATA 	Keypress: rctrl
231.3339 	EXP 	Sound  started
231.9958 	DATA 	Keypress: rctrl
232.0839 	EXP 	Sound  started
232.7479 	DATA 	Keypress: rctrl
232.8340 	EXP 	Sound  started
233.4679 	DATA 	Keypress: lctrl
233.5840 	EXP 	Sound  started
234.3340 	EXP 	Sound  started
234.3479 	DATA 	Keypress: lctrl
235.0519 	DATA 	Keypress: rctrl
235.0840 	EXP 	Sound  started
235.6919 	DATA 	Keypress: lctrl
235.8340 	EXP 	Sound  started
236.4759 	DATA 	Keypress: lctrl
236.5840 	EXP 	Sound  started
237.2439 	DATA 	Keypress: lctrl
237.3341 	EXP 	Sound  started
238.0439 	DATA 	Keypress: lctrl
238.0841 	EXP 	Sound  started
238.8118 	DATA 	Keypress: rctrl
238.8341 	EXP 	Sound  started
239.5319 	DATA 	Keypress: lctrl
239.5841 	EXP 	Sound  started
240.3318 	DATA 	Keypress: rctrl
240.3341 	EXP 	Sound  started
241.0839 	DATA 	Keypress: lctrl
241.0841 	EXP 	Sound  started
241.8342 	EXP 	Sound  started
241.8519 	DATA 	Keypress: lctrl
242.5842 	EXP 	Sound  started
242.5879 	DATA 	Keypress: lctrl
243.2918 	DATA 	Keypress: rctrl
243.3342 	EXP 	Sound  started
244.0599 	DATA 	Keypress: rctrl
244.0842 	EXP 	Sound  started
244.7959 	DATA 	Keypress: rctrl
244.8342 	EXP 	Sound  started
245.4998 	DATA 	Keypress: rctrl
245.5842 	EXP 	Sound  started
246.2519 	DATA 	Keypress: rctrl
246.3343 	EXP 	Sound  started
247.0679 	DATA 	Keypress: rctrl
247.0843 	EXP 	Sound  started
247.8039 	DATA 	Keypress: lctrl
247.8343 	EXP 	Sound  started
248.5719 	DATA 	Keypress: rctrl
248.5843 	EXP 	Sound  started
249.2439 	DATA 	Keypress: rctrl
249.3343 	EXP 	Sound  started
250.0599 	DATA 	Keypress: lctrl
250.0843 	EXP 	Sound  started
250.7959 	DATA 	Keypress: lctrl
250.8344 	EXP 	Sound  started
251.5798 	DATA 	Keypress: lctrl
251.5844 	EXP 	Sound  started
252.3158 	DATA 	Keypress: rctrl
252.3344 	EXP 	Sound  started
253.0039 	DATA 	Keypress: lctrl
253.0844 	EXP 	Sound  started
253.7559 	DATA 	Keypress: lctrl
253.8344 	EXP 	Sound  started
254.4918 	DATA 	Keypress: lctrl
254.5844 	EXP 	Sound  started
255.2598 	DATA 	Keypress: rctrl
255.3344 	EXP 	Sound  started
255.9798 	DATA 	Keypress: rctrl
256.0845 	EXP 	Sound  started
256.7479 	DATA 	Keypress: lctrl
256.8345 	EXP 	Sound  started
257.4839 	DATA 	Keypress: lctrl
257.5845 	EXP 	Sound  started
258.2839 	DATA 	Keypress: rctrl
258.3345 	EXP 	Sound  started
259.0040 	DATA 	Keypress: rctrl
259.0845 	EXP 	Sound  started
259.7079 	DATA 	Keypress: lctrl
259.8345 	EXP 	Sound  started
260.4919 	DATA 	Keypress: lctrl
260.5845 	EXP 	Sound  started
261.2600 	DATA 	Keypress: rctrl
261.3346 	EXP 	Sound  started
262.0278 	DATA 	Keypress: rctrl
262.0846 	EXP 	Sound  started
262.7798 	DATA 	Keypress: rctrl
262.8346 	EXP 	Sound  started
263.4518 	DATA 	Keypress: lctrl
263.5846 	EXP 	Sound  started
264.2519 	DATA 	Keypress: lctrl
264.3346 	EXP 	Sound  started
265.0678 	DATA 	Keypress: lctrl
268.8763 	DATA 	Keypress: 4
268.8929 	EXP 	unnamed ShapeStim: vertices = <class 'numpy.ndarray'>
272.5127 	DATA 	Keypress: 1
272.5292 	EXP 	unnamed ShapeStim: vertices = <class 'numpy.ndarray'>
274.3642 	DATA 	Keypress: 4
274.3807 	EXP 	unnamed ShapeStim: vertices = <class 'numpy.ndarray'>
276.6651 	EXP 	Sound  started
276.8599 	DATA 	Keypress: rctrl
277.4151 	EXP 	Sound  started
277.4198 	DATA 	Keypress: rctrl
278.0758 	DATA 	Keypress: rctrl
278.1651 	EXP 	Sound  started
278.7638 	DATA 	Keypress: lctrl
278.9151 	EXP 	Sound  started
279.5959 	DATA 	Keypress: lctrl
279.6651 	EXP 	Sound  started
280.3319 	DATA 	Keypress: lctrl
280.4151 	EXP 	Sound  started
281.0199 	DATA 	Keypress: lctrl
281.1652 	EXP 	Sound  started
281.7719 	DATA 	Keypress: lctrl
281.9152 	EXP 	Sound  started
282.5399 	DATA 	Keypress: rctrl
282.6652 	EXP 	Sound  started
283.3079 	DATA 	Keypress: lctrl
283.4152 	EXP 	Sound  started
284.1239 	DATA 	Keypress: rctrl
284.1652 	EXP 	Sound  started
284.8758 	DATA 	Keypress: rctrl
284.9152 	EXP 	Sound  started
285.6279 	DATA 	Keypress: rctrl
285.6652 	EXP 	Sound  started
286.2838 	DATA 	Keypress: lctrl
286.4153 	EXP 	Sound  started
287.0519 	DATA 	Keypress: lctrl
287.1653 	EXP 	Sound  started
287.8199 	DATA 	Keypress: lctrl
287.9153 	EXP 	Sound  started
288.5878 	DATA 	Keypress: rctrl
288.6653 	EXP 	Sound  started
289.3079 	DATA 	Keypress: lctrl
289.4153 	EXP 	Sound  started
290.1078 	DATA 	Keypress: rctrl
290.1653 	EXP 	Sound  started
290.8279 	DATA 	Keypress: rctrl
290.9153 	EXP 	Sound  started
291.5479 	DATA 	Keypress: lctrl
291.6654 	EXP 	Sound  started
292.2359 	DATA 	Keypress: lctrl
292.4154 	EXP 	Sound  started
293.1639 	DATA 	Keypress: lctrl
293.1654 	EXP 	Sound  started
293.9154 	EXP 	Sound  started
293.9319 	DATA 	Keypress: rctrl
294.6359 	DATA 	Keypress: rctrl
294.6654 	EXP 	Sound  started
295.4039 	DATA 	Keypress: rctrl
295.4154 	EXP 	Sound  started
296.0919 	DATA 	Keypress: rctrl
296.1654 	EXP 	Sound  started
296.8278 	DATA 	Keypress: rctrl
296.9155 	EXP 	Sound  started
297.5798 	DATA 	Keypress: rctrl
297.6655 	EXP 	Sound  started
298.2999 	DATA 	Keypress: lctrl
298.4155 	EXP 	Sound  started
299.0678 	DATA 	Keypress: lctrl
299.1655 	EXP 	Sound  started
299.8679 	DATA 	Keypress: lctrl
299.9155 	EXP 	Sound  started
300.6198 	DATA 	Keypress: lctrl
300.6655 	EXP 	Sound  started
301.3719 	DATA 	Keypress: rctrl
301.4156 	EXP 	Sound  started
302.1239 	DATA 	Keypress: rctrl
302.1656 	EXP 	Sound  started
302.8759 	DATA 	Keypress: rctrl
302.9156 	EXP 	Sound  started
303.6118 	DATA 	Keypress: rctrl
303.6656 	EXP 	Sound  started
304.2839 	DATA 	Keypress: lctrl
304.4156 	EXP 	Sound  started
304.9879 	DATA 	Keypress: lctrl
305.1656 	EXP 	Sound  started
305.7878 	DATA 	Keypress: lctrl
305.9157 	EXP 	Sound  started
306.5558 	DATA 	Keypress: lctrl
306.6657 	EXP 	Sound  started
307.3878 	DATA 	Keypress: lctrl
307.4157 	EXP 	Sound  started
308.1398 	DATA 	Keypress: lctrl
308.1657 	EXP 	Sound  started
308.8919 	DATA 	Keypress: rctrl
308.9157 	EXP 	Sound  started
309.5958 	DATA 	Keypress: rctrl
309.6657 	EXP 	Sound  started
310.2999 	DATA 	Keypress: lctrl
310.4157 	EXP 	Sound  started
311.0999 	DATA 	Keypress: rctrl
311.1657 	EXP 	Sound  started
311.8519 	DATA 	Keypress: rctrl
311.9158 	EXP 	Sound  started
312.6039 	DATA 	Keypress: lctrl
312.6658 	EXP 	Sound  started
313.3398 	DATA 	Keypress: rctrl
313.4158 	EXP 	Sound  started
314.0918 	DATA 	Keypress: lctrl
314.1658 	EXP 	Sound  started
314.8439 	DATA 	Keypress: lctrl
314.9158 	EXP 	Sound  started
315.6598 	DATA 	Keypress: rctrl
315.6658 	EXP 	Sound  started
316.3799 	DATA 	Keypress: rctrl
316.4159 	EXP 	Sound  started
317.1159 	DATA 	Keypress: rctrl
317.1659 	EXP 	Sound  started
317.8678 	DATA 	Keypress: rctrl
317.9159 	EXP 	Sound  started
318.6038 	DATA 	Keypress: rctrl
318.6659 	EXP 	Sound  started
319.3238 	DATA 	Keypress: lctrl
319.4159 	EXP 	Sound  started
320.1239 	DATA 	Keypress: lctrl
320.1659 	EXP 	Sound  started
320.7959 	DATA 	Keypress: rctrl
320.9159 	EXP 	Sound  started
321.5799 	DATA 	Keypress: lctrl
321.6660 	EXP 	Sound  started
322.3159 	DATA 	Keypress: lctrl
322.4160 	EXP 	Sound  started
323.1479 	DATA 	Keypress: lctrl
323.1660 	EXP 	Sound  started
323.8839 	DATA 	Keypress: lctrl
323.9160 	EXP 	Sound  started
324.5878 	DATA 	Keypress: rctrl
324.6660 	EXP 	Sound  started
325.2598 	DATA 	Keypress: lctrl
328.9422 	DATA 	Keypress: 4
328.9587 	EXP 	unnamed ShapeStim: vertices = <class 'numpy.ndarray'>
333.2791 	DATA 	Keypress: 4
333.2956 	EXP 	unnamed ShapeStim: vertices = <class 'numpy.ndarray'>
335.1345 	DATA 	Keypress: 4
335.1638 	EXP 	unnamed ShapeStim: vertices = <class 'numpy.ndarray'>
337.4485 	EXP 	Sound  started
337.6598 	DATA 	Keypress: rctrl
338.1719 	DATA 	Keypress: rctrl
338.1984 	EXP 	Sound  started
338.8119 	DATA 	Keypress: rctrl
338.9484 	EXP 	Sound  started
339.5638 	DATA 	Keypress: rctrl
339.6984 	EXP 	Sound  started
340.3478 	DATA 	Keypress: rctrl
340.4484 	EXP 	Sound  started
341.0998 	DATA 	Keypress: rctrl
341.1984 	EXP 	Sound  started
341.7719 	DATA 	Keypress: rctrl
341.9484 	EXP 	Sound  started
342.6519 	DATA 	Keypress: rctrl
342.6985 	EXP 	Sound  started
343.4039 	DATA 	Keypress: rctrl
343.4485 	EXP 	Sound  started
344.1398 	DATA 	Keypress: rctrl
344.1985 	EXP 	Sound  started
344.8438 	DATA 	Keypress: rctrl
344.9485 	EXP 	Sound  started
345.5798 	DATA 	Keypress: rctrl
345.6985 	EXP 	Sound  started
346.3478 	DATA 	Keypress: lctrl
346.4485 	EXP 	Sound  started
347.1799 	DATA 	Keypress: rctrl
347.1985 	EXP 	Sound  started
347.9319 	DATA 	Keypress: lctrl
347.9486 	EXP 	Sound  started
348.6518 	DATA 	Keypress: lctrl
348.6986 	EXP 	Sound  started
349.3878 	DATA 	Keypress: rctrl
349.4486 	EXP 	Sound  started
350.1399 	DATA 	Keypress: rctrl
350.1986 	EXP 	Sound  started
350.8438 	DATA 	Keypress: lctrl
350.9486 	EXP 	Sound  started
351.5638 	DATA 	Keypress: lctrl
351.6986 	EXP 	Sound  started
352.3638 	DATA 	Keypress: lctrl
352.4487 	EXP 	Sound  started
353.1158 	DATA 	Keypress: rctrl
353.1987 	EXP 	Sound  started
353.8838 	DATA 	Keypress: lctrl
353.9487 	EXP 	Sound  started
354.6199 	DATA 	Keypress: lctrl
354.6987 	EXP 	Sound  started
355.3718 	DATA 	Keypress: lctrl
355.4487 	EXP 	Sound  started
356.1398 	DATA 	Keypress: lctrl
356.1987 	EXP 	Sound  started
356.8759 	DATA 	Keypress: lctrl
356.9487 	EXP 	Sound  started
357.6278 	DATA 	Keypress: rctrl
357.6988 	EXP 	Sound  started
358.3638 	DATA 	Keypress: rctrl
358.4488 	EXP 	Sound  started
359.1478 	DATA 	Keypress: lctrl
359.1988 	EXP 	Sound  started
359.8839 	DATA 	Keypress: lctrl
359.9488 	EXP 	Sound  started
360.6359 	DATA 	Keypress: lctrl
360.6988 	EXP 	Sound  started
361.3719 	DATA 	Keypress: rctrl
361.4488 	EXP 	Sound  started
362.1988 	EXP 	Sound  started
362.2198 	DATA 	Keypress: rctrl
362.8919 	DATA 	Keypress: lctrl
362.9488 	EXP 	Sound  started
363.6439 	DATA 	Keypress: lctrl
363.6989 	EXP 	Sound  started
364.3638 	DATA 	Keypress: lctrl
364.4489 	EXP 	Sound  started
365.1159 	DATA 	Keypress: rctrl
365.1989 	EXP 	Sound  started
365.8358 	DATA 	Keypress: rctrl
365.9489 	EXP 	Sound  started
366.5399 	DATA 	Keypress: lctrl
366.6989 	EXP 	Sound  started
367.3079 	DATA 	Keypress: rctrl
367.4489 	EXP 	Sound  started
368.1079 	DATA 	Keypress: lctrl
368.1989 	EXP 	Sound  started
368.8758 	DATA 	Keypress: lctrl
368.9490 	EXP 	Sound  started
369.6119 	DATA 	Keypress: lctrl
369.6990 	EXP 	Sound  started
370.3479 	DATA 	Keypress: rctrl
370.4490 	EXP 	Sound  started
371.0359 	DATA 	Keypress: rctrl
371.1990 	EXP 	Sound  started
371.7399 	DATA 	Keypress: lctrl
371.9490 	EXP 	Sound  started
372.5558 	DATA 	Keypress: lctrl
372.6990 	EXP 	Sound  started
373.3398 	DATA 	Keypress: rctrl
373.4491 	EXP 	Sound  started
374.0759 	DATA 	Keypress: rctrl
374.1991 	EXP 	Sound  started
374.8119 	DATA 	Keypress: lctrl
374.9491 	EXP 	Sound  started
375.6119 	DATA 	Keypress: lctrl
375.6991 	EXP 	Sound  started
376.3639 	DATA 	Keypress: lctrl
376.4491 	EXP 	Sound  started
377.0839 	DATA 	Keypress: rctrl
377.1991 	EXP 	Sound  started
377.8519 	DATA 	Keypress: rctrl
377.9491 	EXP 	Sound  started
378.6038 	DATA 	Keypress: rctrl
378.6992 	EXP 	Sound  started
379.3078 	DATA 	Keypress: lctrl
379.4492 	EXP 	Sound  started
380.1079 	DATA 	Keypress: lctrl
380.1992 	EXP 	Sound  started
380.9078 	DATA 	Keypress: rctrl
380.9492 	EXP 	Sound  started
381.6438 	DATA 	Keypress: rctrl
381.6992 	EXP 	Sound  started
382.4118 	DATA 	Keypress: rctrl
382.4492 	EXP 	Sound  started
383.0839 	DATA 	Keypress: rctrl
383.1992 	EXP 	Sound  started
383.7398 	DATA 	Keypress: lctrl
383.9493 	EXP 	Sound  started
384.5558 	DATA 	Keypress: rctrl
384.6993 	EXP 	Sound  started
385.3719 	DATA 	Keypress: lctrl
385.4493 	EXP 	Sound  started
386.1398 	DATA 	Keypress: lctrl
386.1993 	EXP 	Sound  started
386.9078 	DATA 	Keypress: lctrl
386.9493 	EXP 	Sound  started
387.5958 	DATA 	Keypress: lctrl
387.6993 	EXP 	Sound  started
388.3479 	DATA 	Keypress: rctrl
388.4493 	EXP 	Sound  started
389.1478 	DATA 	Keypress: rctrl
389.1994 	EXP 	Sound  started
389.9318 	DATA 	Keypress: rctrl
389.9494 	EXP 	Sound  started
390.6518 	DATA 	Keypress: lctrl
390.6994 	EXP 	Sound  started
391.3559 	DATA 	Keypress: lctrl
394.1790 	DATA 	Keypress: 4
394.1955 	EXP 	unnamed ShapeStim: vertices = <class 'numpy.ndarray'>
397.0685 	DATA 	Keypress: 2
397.0978 	EXP 	unnamed ShapeStim: vertices = <class 'numpy.ndarray'>
399.2336 	DATA 	Keypress: 4
399.2501 	EXP 	unnamed ShapeStim: vertices = <class 'numpy.ndarray'>
401.5349 	EXP 	Sound  started
401.7398 	DATA 	Keypress: rctrl
402.2678 	DATA 	Keypress: rctrl
402.2848 	EXP 	Sound  started
402.9719 	DATA 	Keypress: rctrl
403.0349 	EXP 	Sound  started
403.6758 	DATA 	Keypress: lctrl
403.7849 	EXP 	Sound  started
404.4918 	DATA 	Keypress: lctrl
404.5349 	EXP 	Sound  started
405.2598 	DATA 	Keypress: lctrl
405.2849 	EXP 	Sound  started
405.9640 	DATA 	Keypress: lctrl
406.0349 	EXP 	Sound  started
406.7159 	DATA 	Keypress: lctrl
406.7850 	EXP 	Sound  started
407.4518 	DATA 	Keypress: lctrl
407.5350 	EXP 	Sound  started
408.1718 	DATA 	Keypress: lctrl
408.2850 	EXP 	Sound  started
408.9398 	DATA 	Keypress: rctrl
409.0350 	EXP 	Sound  started
409.6759 	DATA 	Keypress: lctrl
409.7850 	EXP 	Sound  started
410.4759 	DATA 	Keypress: rctrl
410.5350 	EXP 	Sound  started
411.2438 	DATA 	Keypress: rctrl
411.2850 	EXP 	Sound  started
412.0120 	DATA 	Keypress: rctrl
412.0351 	EXP 	Sound  started
412.6358 	DATA 	Keypress: lctrl
412.7851 	EXP 	Sound  started
413.4198 	DATA 	Keypress: rctrl
413.5351 	EXP 	Sound  started
414.2199 	DATA 	Keypress: rctrl
414.2851 	EXP 	Sound  started
414.9878 	DATA 	Keypress: rctrl
415.0351 	EXP 	Sound  started
415.7398 	DATA 	Keypress: rctrl
415.7851 	EXP 	Sound  started
416.3958 	DATA 	Keypress: lctrl
416.5351 	EXP 	Sound  started
417.2279 	DATA 	Keypress: lctrl
417.2851 	EXP 	Sound  started
417.9638 	DATA 	Keypress: rctrl
418.0352 	EXP 	Sound  started
418.6678 	DATA 	Keypress: rctrl
418.7852 	EXP 	Sound  started
419.3879 	DATA 	Keypress: lctrl
419.5352 	EXP 	Sound  started
420.1558 	DATA 	Keypress: lctrl
420.2852 	EXP 	Sound  started
420.9878 	DATA 	Keypress: rctrl
421.0352 	EXP 	Sound  started
421.6599 	DATA 	Keypress: rctrl
421.7852 	EXP 	Sound  started
422.4599 	DATA 	Keypress: rctrl
422.5353 	EXP 	Sound  started
423.1478 	DATA 	Keypress: lctrl
423.2853 	EXP 	Sound  started
423.9159 	DATA 	Keypress: lctrl
424.0353 	EXP 	Sound  started
424.6838 	DATA 	Keypress: lctrl
424.7853 	EXP 	Sound  started
425.4519 	DATA 	Keypress: rctrl
425.5353 	EXP 	Sound  started
426.2359 	DATA 	Keypress: rctrl
426.2853 	EXP 	Sound  started
426.9718 	DATA 	Keypress: rctrl
427.0353 	EXP 	Sound  started
427.7078 	DATA 	Keypress: lctrl
427.7854 	EXP 	Sound  started
428.5354 	EXP 	Sound  started
428.5558 	DATA 	Keypress: lctrl
429.2598 	DATA 	Keypress: lctrl
429.2854 	EXP 	Sound  started
430.0118 	DATA 	Keypress: lctrl
430.0354 	EXP 	Sound  started
430.7479 	DATA 	Keypress: rctrl
430.7854 	EXP 	Sound  started
431.5160 	DATA 	Keypress: rctrl
431.5354 	EXP 	Sound  started
432.2038 	DATA 	Keypress: lctrl
432.2854 	EXP 	Sound  started
432.9559 	DATA 	Keypress: lctrl
433.0355 	EXP 	Sound  started
433.6918 	DATA 	Keypress: rctrl
433.7855 	EXP 	Sound  started
434.4598 	DATA 	Keypress: rctrl
434.5355 	EXP 	Sound  started
435.1798 	DATA 	Keypress: rctrl
435.2855 	EXP 	Sound  started
435.9158 	DATA 	Keypress: lctrl
436.0355 	EXP 	Sound  started
436.6998 	DATA 	Keypress: lctrl
436.7855 	EXP 	Sound  started
437.4199 	DATA 	Keypress: lctrl
437.5356 	EXP 	Sound  started
438.1399 	DATA 	Keypress: rctrl
438.2856 	EXP 	Sound  started
438.8598 	DATA 	Keypress: lctrl
439.0356 	EXP 	Sound  started
439.6278 	DATA 	Keypress: lctrl
439.7856 	EXP 	Sound  started
440.3638 	DATA 	Keypress: rctrl
443.1025 	DATA 	Keypress: 4
443.1189 	EXP 	unnamed ShapeStim: vertices = <class 'numpy.ndarray'>
445.2046 	DATA 	Keypress: 4
445.2211 	EXP 	unnamed ShapeStim: vertices = <class 'numpy.ndarray'>
448.0397 	DATA 	Keypress: 4
448.0563 	EXP 	unnamed ShapeStim: vertices = <class 'numpy.ndarray'>
450.3407 	EXP 	Sound  started
450.5399 	DATA 	Keypress: rctrl
451.0839 	DATA 	Keypress: rctrl
451.0906 	EXP 	Sound  started
451.7558 	DATA 	Keypress: rctrl
451.8406 	EXP 	Sound  started
452.4438 	DATA 	Keypress: lctrl
452.5906 	EXP 	Sound  started
453.1958 	DATA 	Keypress: lctrl
453.3406 	EXP 	Sound  started
453.8999 	DATA 	Keypress: lctrl
454.0906 	EXP 	Sound  started
454.6358 	DATA 	Keypress: lctrl
454.8406 	EXP 	Sound  started
455.5906 	EXP 	Sound  started
456.2198 	DATA 	Keypress: rctrl
456.3407 	EXP 	Sound  started
456.9718 	DATA 	Keypress: rctrl
457.0907 	EXP 	Sound  started
457.7398 	DATA 	Keypress: rctrl
457.8407 	EXP 	Sound  started
458.4758 	DATA 	Keypress: rctrl
458.5907 	EXP 	Sound  started
459.1798 	DATA 	Keypress: rctrl
459.3407 	EXP 	Sound  started
459.9318 	DATA 	Keypress: lctrl
460.0907 	EXP 	Sound  started
460.7799 	DATA 	Keypress: rctrl
460.8407 	EXP 	Sound  started
461.5478 	DATA 	Keypress: rctrl
461.5908 	EXP 	Sound  started
462.3318 	DATA 	Keypress: rctrl
462.3408 	EXP 	Sound  started
463.0518 	DATA 	Keypress: lctrl
463.0908 	EXP 	Sound  started
463.8039 	DATA 	Keypress: lctrl
463.8408 	EXP 	Sound  started
464.4918 	DATA 	Keypress: rctrl
464.5908 	EXP 	Sound  started
465.2278 	DATA 	Keypress: rctrl
465.3408 	EXP 	Sound  started
466.0279 	DATA 	Keypress: rctrl
466.0909 	EXP 	Sound  started
466.7158 	DATA 	Keypress: lctrl
466.8409 	EXP 	Sound  started
467.5319 	DATA 	Keypress: lctrl
467.5909 	EXP 	Sound  started
468.3409 	EXP 	Sound  started
468.3958 	DATA 	Keypress: rctrl
469.0679 	DATA 	Keypress: lctrl
469.0909 	EXP 	Sound  started
469.8358 	DATA 	Keypress: rctrl
469.8409 	EXP 	Sound  started
470.5719 	DATA 	Keypress: lctrl
470.5909 	EXP 	Sound  started
471.2759 	DATA 	Keypress: rctrl
471.3410 	EXP 	Sound  started
472.0278 	DATA 	Keypress: lctrl
472.0910 	EXP 	Sound  started
472.7798 	DATA 	Keypress: lctrl
472.8410 	EXP 	Sound  started
473.5318 	DATA 	Keypress: lctrl
473.5910 	EXP 	Sound  started
474.2839 	DATA 	Keypress: lctrl
474.3410 	EXP 	Sound  started
475.0679 	DATA 	Keypress: lctrl
475.0910 	EXP 	Sound  started
475.7878 	DATA 	Keypress: lctrl
475.8410 	EXP 	Sound  started
476.5719 	DATA 	Keypress: lctrl
476.5910 	EXP 	Sound  started
477.3078 	DATA 	Keypress: lctrl
477.3411 	EXP 	Sound  started
477.9958 	DATA 	Keypress: lctrl
478.0911 	EXP 	Sound  started
478.7638 	DATA 	Keypress: lctrl
478.8411 	EXP 	Sound  started
479.4678 	DATA 	Keypress: rctrl
479.5911 	EXP 	Sound  started
480.2998 	DATA 	Keypress: rctrl
480.3411 	EXP 	Sound  started
481.0038 	DATA 	Keypress: lctrl
481.0911 	EXP 	Sound  started
481.7878 	DATA 	Keypress: lctrl
481.8412 	EXP 	Sound  started
482.5398 	DATA 	Keypress: rctrl
482.5912 	EXP 	Sound  started
483.3078 	DATA 	Keypress: rctrl
483.3412 	EXP 	Sound  started
484.0439 	DATA 	Keypress: rctrl
484.0912 	EXP 	Sound  started
484.8412 	EXP 	Sound  started
484.8438 	DATA 	Keypress: rctrl
485.5318 	DATA 	Keypress: lctrl
485.5912 	EXP 	Sound  started
486.2838 	DATA 	Keypress: rctrl
486.3412 	EXP 	Sound  started
487.0358 	DATA 	Keypress: rctrl
487.0913 	EXP 	Sound  started
487.7399 	DATA 	Keypress: lctrl
487.8413 	EXP 	Sound  started
488.5239 	DATA 	Keypress: lctrl
488.5913 	EXP 	Sound  started
489.2918 	DATA 	Keypress: lctrl
489.3413 	EXP 	Sound  started
490.0758 	DATA 	Keypress: lctrl
490.0913 	EXP 	Sound  started
490.8413 	EXP 	Sound  started
490.8439 	DATA 	Keypress: lctrl
491.5478 	DATA 	Keypress: lctrl
491.5913 	EXP 	Sound  started
492.2519 	DATA 	Keypress: rctrl
492.3414 	EXP 	Sound  started
493.0358 	DATA 	Keypress: rctrl
493.0914 	EXP 	Sound  started
493.7878 	DATA 	Keypress: rctrl
493.8414 	EXP 	Sound  started
494.4439 	DATA 	Keypress: lctrl
494.5914 	EXP 	Sound  started
495.2438 	DATA 	Keypress: rctrl
495.3414 	EXP 	Sound  started
495.9959 	DATA 	Keypress: rctrl
496.0914 	EXP 	Sound  started
496.7479 	DATA 	Keypress: lctrl
496.8414 	EXP 	Sound  started
497.5159 	DATA 	Keypress: lctrl
497.5915 	EXP 	Sound  started
498.2838 	DATA 	Keypress: rctrl
498.3415 	EXP 	Sound  started
499.0518 	DATA 	Keypress: rctrl
499.0915 	EXP 	Sound  started
499.7558 	DATA 	Keypress: lctrl
499.8415 	EXP 	Sound  started
500.5558 	DATA 	Keypress: lctrl
500.5915 	EXP 	Sound  started
501.2438 	DATA 	Keypress: rctrl
501.3415 	EXP 	Sound  started
501.9799 	DATA 	Keypress: rctrl
502.0916 	EXP 	Sound  started
502.6838 	DATA 	Keypress: lctrl
502.8416 	EXP 	Sound  started
503.4678 	DATA 	Keypress: lctrl
503.5916 	EXP 	Sound  started
504.2358 	DATA 	Keypress: lctrl
504.3416 	EXP 	Sound  started
504.9878 	DATA 	Keypress: rctrl
505.0916 	EXP 	Sound  started
505.7558 	DATA 	Keypress: rctrl
505.8416 	EXP 	Sound  started
506.5718 	DATA 	Keypress: rctrl
506.5917 	EXP 	Sound  started
507.2279 	DATA 	Keypress: rctrl
507.3417 	EXP 	Sound  started
507.9638 	DATA 	Keypress: lctrl
508.0917 	EXP 	Sound  started
508.7158 	DATA 	Keypress: lctrl
508.8417 	EXP 	Sound  started
509.5479 	DATA 	Keypress: lctrl
509.5917 	EXP 	Sound  started
510.3318 	DATA 	Keypress: lctrl
510.3417 	EXP 	Sound  started
511.0198 	DATA 	Keypress: rctrl
511.0918 	EXP 	Sound  started
511.7398 	DATA 	Keypress: rctrl
511.8418 	EXP 	Sound  started
512.5558 	DATA 	Keypress: rctrl
512.5918 	EXP 	Sound  started
513.2758 	DATA 	Keypress: lctrl
513.3418 	EXP 	Sound  started
514.0599 	DATA 	Keypress: lctrl
514.0918 	EXP 	Sound  started
514.8278 	DATA 	Keypress: rctrl
514.8418 	EXP 	Sound  started
515.5638 	DATA 	Keypress: lctrl
518.3515 	DATA 	Keypress: 4
518.3806 	EXP 	unnamed ShapeStim: vertices = <class 'numpy.ndarray'>
520.8832 	DATA 	Keypress: 1
520.8998 	EXP 	unnamed ShapeStim: vertices = <class 'numpy.ndarray'>
522.7181 	DATA 	Keypress: 4
522.7346 	EXP 	unnamed ShapeStim: vertices = <class 'numpy.ndarray'>
525.0195 	EXP 	Sound  started
525.2598 	DATA 	Keypress: rctrl
525.7695 	EXP 	Sound  started
525.8838 	DATA 	Keypress: rctrl
526.4599 	DATA 	Keypress: lctrl
526.5195 	EXP 	Sound  started
527.1478 	DATA 	Keypress: lctrl
527.2695 	EXP 	Sound  started
528.0119 	DATA 	Keypress: lctrl
528.0195 	EXP 	Sound  started
528.7158 	DATA 	Keypress: lctrl
528.7695 	EXP 	Sound  started
529.4838 	DATA 	Keypress: rctrl
529.5196 	EXP 	Sound  started
530.1238 	DATA 	Keypress: lctrl
530.2696 	EXP 	Sound  started
530.9079 	DATA 	Keypress: rctrl
531.0196 	EXP 	Sound  started
531.5799 	DATA 	Keypress: lctrl
531.7696 	EXP 	Sound  started
532.3639 	DATA 	Keypress: lctrl
532.5196 	EXP 	Sound  started
533.1638 	DATA 	Keypress: rctrl
533.2696 	EXP 	Sound  started
533.8518 	DATA 	Keypress: lctrl
534.0197 	EXP 	Sound  started
534.6998 	DATA 	Keypress: lctrl
534.7697 	EXP 	Sound  started
535.4838 	DATA 	Keypress: rctrl
535.5197 	EXP 	Sound  started
536.2518 	DATA 	Keypress: lctrl
536.2697 	EXP 	Sound  started
536.9718 	DATA 	Keypress: lctrl
537.0197 	EXP 	Sound  started
537.7559 	DATA 	Keypress: lctrl
537.7697 	EXP 	Sound  started
538.4918 	DATA 	Keypress: lctrl
538.5197 	EXP 	Sound  started
539.1958 	DATA 	Keypress: lctrl
539.2698 	EXP 	Sound  started
539.9318 	DATA 	Keypress: rctrl
540.0198 	EXP 	Sound  started
540.7478 	DATA 	Keypress: rctrl
540.7698 	EXP 	Sound  started
541.5158 	DATA 	Keypress: rctrl
541.5198 	EXP 	Sound  started
542.2518 	DATA 	Keypress: lctrl
542.2698 	EXP 	Sound  started
542.9238 	DATA 	Keypress: rctrl
543.0198 	EXP 	Sound  started
543.6118 	DATA 	Keypress: rctrl
543.7698 	EXP 	Sound  started
544.4278 	DATA 	Keypress: rctrl
544.5199 	EXP 	Sound  started
545.2438 	DATA 	Keypress: rctrl
545.2699 	EXP 	Sound  started
545.9318 	DATA 	Keypress: lctrl
546.0199 	EXP 	Sound  started
546.6518 	DATA 	Keypress: rctrl
546.7699 	EXP 	Sound  started
547.5159 	DATA 	Keypress: rctrl
547.5199 	EXP 	Sound  started
548.2518 	DATA 	Keypress: rctrl
548.2699 	EXP 	Sound  started
549.0199 	EXP 	Sound  started
549.0358 	DATA 	Keypress: rctrl
549.7239 	DATA 	Keypress: lctrl
549.7700 	EXP 	Sound  started
550.5200 	EXP 	Sound  started
550.5238 	DATA 	Keypress: lctrl
551.2118 	DATA 	Keypress: rctrl
551.2700 	EXP 	Sound  started
551.9638 	DATA 	Keypress: rctrl
552.0200 	EXP 	Sound  started
552.6358 	DATA 	Keypress: lctrl
552.7700 	EXP 	Sound  started
553.4999 	DATA 	Keypress: lctrl
553.5200 	EXP 	Sound  started
554.2358 	DATA 	Keypress: lctrl
554.2700 	EXP 	Sound  started
554.9558 	DATA 	Keypress: rctrl
555.0200 	EXP 	Sound  started
555.7078 	DATA 	Keypress: lctrl
555.7701 	EXP 	Sound  started
556.5078 	DATA 	Keypress: lctrl
556.5201 	EXP 	Sound  started
557.1798 	DATA 	Keypress: rctrl
557.2701 	EXP 	Sound  started
557.9798 	DATA 	Keypress: rctrl
558.0201 	EXP 	Sound  started
558.6838 	DATA 	Keypress: lctrl
558.7701 	EXP 	Sound  started
559.4998 	DATA 	Keypress: rctrl
559.5201 	EXP 	Sound  started
560.2198 	DATA 	Keypress: lctrl
560.2701 	EXP 	Sound  started
560.9558 	DATA 	Keypress: rctrl
561.0202 	EXP 	Sound  started
561.7078 	DATA 	Keypress: lctrl
561.7702 	EXP 	Sound  started
562.4599 	DATA 	Keypress: lctrl
562.5202 	EXP 	Sound  started
563.2598 	DATA 	Keypress: lctrl
563.2702 	EXP 	Sound  started
564.0202 	EXP 	Sound  started
564.0438 	DATA 	Keypress: rctrl
564.7318 	DATA 	Keypress: rctrl
564.7702 	EXP 	Sound  started
565.4518 	DATA 	Keypress: rctrl
565.5203 	EXP 	Sound  started
566.1558 	DATA 	Keypress: rctrl
566.2703 	EXP 	Sound  started
566.9718 	DATA 	Keypress: rctrl
567.0203 	EXP 	Sound  started
567.6279 	DATA 	Keypress: rctrl
567.7703 	EXP 	Sound  started
568.3958 	DATA 	Keypress: rctrl
568.5203 	EXP 	Sound  started
569.0678 	DATA 	Keypress: lctrl
569.2703 	EXP 	Sound  started
569.9158 	DATA 	Keypress: lctrl
570.0203 	EXP 	Sound  started
570.7478 	DATA 	Keypress: lctrl
570.7704 	EXP 	Sound  started
571.4358 	DATA 	Keypress: lctrl
571.5204 	EXP 	Sound  started
572.2358 	DATA 	Keypress: lctrl
572.2704 	EXP 	Sound  started
573.0038 	DATA 	Keypress: lctrl
573.0204 	EXP 	Sound  started
573.7704 	EXP 	Sound  started
573.7718 	DATA 	Keypress: lctrl
574.3798 	DATA 	Keypress: lctrl
574.5204 	EXP 	Sound  started
575.1958 	DATA 	Keypress: rctrl
575.2704 	EXP 	Sound  started
575.9958 	DATA 	Keypress: rctrl
576.0205 	EXP 	Sound  started
576.7478 	DATA 	Keypress: lctrl
576.7705 	EXP 	Sound  started
577.4998 	DATA 	Keypress: rctrl
577.5205 	EXP 	Sound  started
578.2198 	DATA 	Keypress: lctrl
578.2705 	EXP 	Sound  started
578.9718 	DATA 	Keypress: rctrl
579.0205 	EXP 	Sound  started
579.7705 	EXP 	Sound  started
579.8358 	DATA 	Keypress: lctrl
580.5206 	EXP 	Sound  started
580.5558 	DATA 	Keypress: lctrl
581.2706 	EXP 	Sound  started
581.3718 	DATA 	Keypress: rctrl
582.0206 	EXP 	Sound  started
582.0438 	DATA 	Keypress: rctrl
582.7158 	DATA 	Keypress: lctrl
582.7706 	EXP 	Sound  started
583.4838 	DATA 	Keypress: lctrl
586.5032 	DATA 	Keypress: 3
586.5197 	EXP 	unnamed ShapeStim: vertices = <class 'numpy.ndarray'>
591.9743 	DATA 	Keypress: 1
591.9908 	EXP 	unnamed ShapeStim: vertices = <class 'numpy.ndarray'>
598.1795 	DATA 	Keypress: 2
598.1960 	EXP 	unnamed ShapeStim: vertices = <class 'numpy.ndarray'>
600.4806 	EXP 	Sound  started
600.6838 	DATA 	Keypress: lctrl
601.2118 	DATA 	Keypress: lctrl
601.2305 	EXP 	Sound  started
601.9158 	DATA 	Keypress: lctrl
601.9805 	EXP 	Sound  started
602.6678 	DATA 	Keypress: lctrl
602.7306 	EXP 	Sound  started
603.4678 	DATA 	Keypress: lctrl
603.4806 	EXP 	Sound  started
604.1558 	DATA 	Keypress: lctrl
604.2306 	EXP 	Sound  started
604.9238 	DATA 	Keypress: lctrl
604.9806 	EXP 	Sound  started
605.6598 	DATA 	Keypress: lctrl
605.7306 	EXP 	Sound  started
606.4438 	DATA 	Keypress: rctrl
606.4806 	EXP 	Sound  started
607.1478 	DATA 	Keypress: rctrl
607.2306 	EXP 	Sound  started
607.8678 	DATA 	Keypress: lctrl
607.9807 	EXP 	Sound  started
608.6358 	DATA 	Keypress: rctrl
608.7307 	EXP 	Sound  started
609.4678 	DATA 	Keypress: rctrl
609.4807 	EXP 	Sound  started
610.2307 	EXP 	Sound  started
610.2358 	DATA 	Keypress: lctrl
610.9238 	DATA 	Keypress: rctrl
610.9807 	EXP 	Sound  started
611.6758 	DATA 	Keypress: rctrl
611.7307 	EXP 	Sound  started
612.4438 	DATA 	Keypress: lctrl
612.4807 	EXP 	Sound  started
613.1638 	DATA 	Keypress: rctrl
613.2308 	EXP 	Sound  started
613.9318 	DATA 	Keypress: rctrl
613.9808 	EXP 	Sound  started
614.6199 	DATA 	Keypress: lctrl
614.7308 	EXP 	Sound  started
615.3718 	DATA 	Keypress: rctrl
615.4808 	EXP 	Sound  started
616.1718 	DATA 	Keypress: rctrl
616.2308 	EXP 	Sound  started
616.9238 	DATA 	Keypress: lctrl
616.9808 	EXP 	Sound  started
617.6598 	DATA 	Keypress: lctrl
617.7309 	EXP 	Sound  started
618.4278 	DATA 	Keypress: rctrl
618.4809 	EXP 	Sound  started
619.2309 	EXP 	Sound  started
619.2598 	DATA 	Keypress: rctrl
619.9809 	EXP 	Sound  started
619.9958 	DATA 	Keypress: rctrl
620.7309 	EXP 	Sound  started
620.7638 	DATA 	Keypress: rctrl
621.4809 	EXP 	Sound  started
621.5158 	DATA 	Keypress: rctrl
622.2309 	EXP 	Sound  started
622.2358 	DATA 	Keypress: rctrl
622.9810 	EXP 	Sound  started
622.9878 	DATA 	Keypress: lctrl
623.7238 	DATA 	Keypress: lctrl
623.7310 	EXP 	Sound  started
624.4438 	DATA 	Keypress: rctrl
624.4810 	EXP 	Sound  started
625.1638 	DATA 	Keypress: lctrl
625.2310 	EXP 	Sound  started
625.8998 	DATA 	Keypress: lctrl
625.9810 	EXP 	Sound  started
626.6358 	DATA 	Keypress: lctrl
626.7310 	EXP 	Sound  started
627.3398 	DATA 	Keypress: rctrl
627.4810 	EXP 	Sound  started
628.1878 	DATA 	Keypress: rctrl
628.2311 	EXP 	Sound  started
628.9238 	DATA 	Keypress: rctrl
628.9811 	EXP 	Sound  started
629.6758 	DATA 	Keypress: lctrl
629.7311 	EXP 	Sound  started
630.4758 	DATA 	Keypress: lctrl
630.4811 	EXP 	Sound  started
631.1958 	DATA 	Keypress: rctrl
631.2311 	EXP 	Sound  started
631.9638 	DATA 	Keypress: rctrl
631.9811 	EXP 	Sound  started
632.6838 	DATA 	Keypress: lctrl
632.7312 	EXP 	Sound  started
633.4678 	DATA 	Keypress: lctrl
633.4812 	EXP 	Sound  started
634.2312 	EXP 	Sound  started
634.2678 	DATA 	Keypress: lctrl
634.9812 	EXP 	Sound  started
635.0038 	DATA 	Keypress: rctrl
635.6278 	DATA 	Keypress: lctrl
635.7312 	EXP 	Sound  started
636.3798 	DATA 	Keypress: lctrl
636.4812 	EXP 	Sound  started
637.1638 	DATA 	Keypress: rctrl
637.2312 	EXP 	Sound  started
637.9318 	DATA 	Keypress: lctrl
637.9813 	EXP 	Sound  started
638.7313 	EXP 	Sound  started
638.7318 	DATA 	Keypress: rctrl
639.4519 	DATA 	Keypress: rctrl
639.4813 	EXP 	Sound  started
640.2313 	EXP 	Sound  started
640.2358 	DATA 	Keypress: rctrl
640.9719 	DATA 	Keypress: lctrl
640.9813 	EXP 	Sound  started
641.7314 	EXP 	Sound  started
641.7397 	DATA 	Keypress: rctrl
642.4598 	DATA 	Keypress: rctrl
642.4814 	EXP 	Sound  started
643.2278 	DATA 	Keypress: lctrl
643.2314 	EXP 	Sound  started
643.9814 	EXP 	Sound  started
644.0118 	DATA 	Keypress: rctrl
644.7314 	EXP 	Sound  started
644.7798 	DATA 	Keypress: rctrl
645.4199 	DATA 	Keypress: lctrl
645.4814 	EXP 	Sound  started
646.1718 	DATA 	Keypress: lctrl
646.2314 	EXP 	Sound  started
646.9238 	DATA 	Keypress: rctrl
646.9814 	EXP 	Sound  started
647.6598 	DATA 	Keypress: lctrl
647.7315 	EXP 	Sound  started
648.3958 	DATA 	Keypress: lctrl
648.4815 	EXP 	Sound  started
649.1958 	DATA 	Keypress: rctrl
649.2315 	EXP 	Sound  started
649.9478 	DATA 	Keypress: lctrl
649.9815 	EXP 	Sound  started
650.6518 	DATA 	Keypress: rctrl
650.7315 	EXP 	Sound  started
651.4198 	DATA 	Keypress: lctrl
651.4815 	EXP 	Sound  started
652.1878 	DATA 	Keypress: lctrl
652.2316 	EXP 	Sound  started
652.8118 	DATA 	Keypress: rctrl
652.9816 	EXP 	Sound  started
653.6758 	DATA 	Keypress: rctrl
653.7316 	EXP 	Sound  started
654.4118 	DATA 	Keypress: rctrl
654.4816 	EXP 	Sound  started
655.1798 	DATA 	Keypress: rctrl
655.2316 	EXP 	Sound  started
655.8678 	DATA 	Keypress: lctrl
655.9816 	EXP 	Sound  started
656.7316 	EXP 	Sound  started
656.7318 	DATA 	Keypress: lctrl
657.4678 	DATA 	Keypress: lctrl
657.4817 	EXP 	Sound  started
658.2040 	DATA 	Keypress: lctrl
660.4638 	DATA 	Keypress: 4
660.4803 	EXP 	unnamed ShapeStim: vertices = <class 'numpy.ndarray'>
665.2010 	DATA 	Keypress: 1
665.2175 	EXP 	unnamed ShapeStim: vertices = <class 'numpy.ndarray'>
667.0358 	DATA 	Keypress: 4
667.0523 	EXP 	unnamed ShapeStim: vertices = <class 'numpy.ndarray'>
669.3372 	EXP 	Sound  started
669.3375 	DATA 	Keypress: rctrl
670.0118 	DATA 	Keypress: rctrl
670.0872 	EXP 	Sound  started
670.7158 	DATA 	Keypress: lctrl
670.8372 	EXP 	Sound  started
671.5638 	DATA 	Keypress: lctrl
671.5872 	EXP 	Sound  started
672.3372 	EXP 	Sound  started
672.4278 	DATA 	Keypress: lctrl
673.0518 	DATA 	Keypress: lctrl
673.0872 	EXP 	Sound  started
673.7399 	DATA 	Keypress: rctrl
673.8372 	EXP 	Sound  started
674.4758 	DATA 	Keypress: rctrl
674.5873 	EXP 	Sound  started
675.2278 	DATA 	Keypress: rctrl
675.3373 	EXP 	Sound  started
675.9638 	DATA 	Keypress: rctrl
676.0873 	EXP 	Sound  started
676.7479 	DATA 	Keypress: rctrl
676.8373 	EXP 	Sound  started
677.4358 	DATA 	Keypress: lctrl
677.5873 	EXP 	Sound  started
678.2358 	DATA 	Keypress: lctrl
678.3373 	EXP 	Sound  started
678.9879 	DATA 	Keypress: lctrl
679.0873 	EXP 	Sound  started
679.7398 	DATA 	Keypress: rctrl
679.8374 	EXP 	Sound  started
680.4598 	DATA 	Keypress: lctrl
680.5874 	EXP 	Sound  started
681.2918 	DATA 	Keypress: lctrl
681.3374 	EXP 	Sound  started
682.0758 	DATA 	Keypress: lctrl
682.0874 	EXP 	Sound  started
682.6838 	DATA 	Keypress: rctrl
682.8374 	EXP 	Sound  started
683.5638 	DATA 	Keypress: rctrl
683.5874 	EXP 	Sound  started
684.2838 	DATA 	Keypress: rctrl
684.3374 	EXP 	Sound  started
684.9878 	DATA 	Keypress: lctrl
685.0875 	EXP 	Sound  started
685.7718 	DATA 	Keypress: lctrl
685.8375 	EXP 	Sound  started
686.5238 	DATA 	Keypress: lctrl
686.5875 	EXP 	Sound  started
687.3238 	DATA 	Keypress: rctrl
687.3375 	EXP 	Sound  started
688.0278 	DATA 	Keypress: rctrl
688.0875 	EXP 	Sound  started
688.7318 	DATA 	Keypress: rctrl
688.8375 	EXP 	Sound  started
689.5478 	DATA 	Keypress: lctrl
689.5875 	EXP 	Sound  started
690.3376 	EXP 	Sound  started
690.4118 	DATA 	Keypress: lctrl
691.0876 	EXP 	Sound  started
691.1158 	DATA 	Keypress: rctrl
691.8198 	DATA 	Keypress: lctrl
691.8376 	EXP 	Sound  started
692.5558 	DATA 	Keypress: rctrl
692.5876 	EXP 	Sound  started
693.2598 	DATA 	Keypress: lctrl
693.3376 	EXP 	Sound  started
694.0598 	DATA 	Keypress: rctrl
694.0876 	EXP 	Sound  started
694.7958 	DATA 	Keypress: rctrl
694.8376 	EXP 	Sound  started
695.4839 	DATA 	Keypress: rctrl
695.5877 	EXP 	Sound  started
696.2358 	DATA 	Keypress: rctrl
696.3377 	EXP 	Sound  started
697.0518 	DATA 	Keypress: rctrl
697.0877 	EXP 	Sound  started
697.8198 	DATA 	Keypress: rctrl
697.8377 	EXP 	Sound  started
698.4918 	DATA 	Keypress: lctrl
698.5877 	EXP 	Sound  started
699.2759 	DATA 	Keypress: lctrl
699.3377 	EXP 	Sound  started
700.0118 	DATA 	Keypress: lctrl
700.0877 	EXP 	Sound  started
700.7798 	DATA 	Keypress: rctrl
700.8378 	EXP 	Sound  started
701.4678 	DATA 	Keypress: lctrl
701.5878 	EXP 	Sound  started
702.2518 	DATA 	Keypress: rctrl
702.3378 	EXP 	Sound  started
703.0198 	DATA 	Keypress: lctrl
703.0878 	EXP 	Sound  started
703.7398 	DATA 	Keypress: lctrl
703.8378 	EXP 	Sound  started
704.5078 	DATA 	Keypress: lctrl
704.5878 	EXP 	Sound  started
705.2118 	DATA 	Keypress: lctrl
705.3379 	EXP 	Sound  started
705.9638 	DATA 	Keypress: rctrl
706.0879 	EXP 	Sound  started
706.7958 	DATA 	Keypress: rctrl
706.8379 	EXP 	Sound  started
707.4839 	DATA 	Keypress: lctrl
707.5879 	EXP 	Sound  started
708.2358 	DATA 	Keypress: lctrl
708.3379 	EXP 	Sound  started
709.0358 	DATA 	Keypress: rctrl
709.0879 	EXP 	Sound  started
709.7558 	DATA 	Keypress: lctrl
709.8379 	EXP 	Sound  started
710.4598 	DATA 	Keypress: rctrl
710.5880 	EXP 	Sound  started
711.2439 	DATA 	Keypress: rctrl
711.3380 	EXP 	Sound  started
711.9798 	DATA 	Keypress: rctrl
712.0880 	EXP 	Sound  started
712.7158 	DATA 	Keypress: lctrl
712.8380 	EXP 	Sound  started
713.5319 	DATA 	Keypress: lctrl
713.5880 	EXP 	Sound  started
714.2838 	DATA 	Keypress: rctrl
714.3380 	EXP 	Sound  started
715.0199 	DATA 	Keypress: lctrl
715.0881 	EXP 	Sound  started
715.7558 	DATA 	Keypress: rctrl
715.8381 	EXP 	Sound  started
716.4598 	DATA 	Keypress: lctrl
716.5881 	EXP 	Sound  started
717.2278 	DATA 	Keypress: lctrl
717.3381 	EXP 	Sound  started
717.9798 	DATA 	Keypress: rctrl
718.0881 	EXP 	Sound  started
718.7158 	DATA 	Keypress: rctrl
718.8381 	EXP 	Sound  started
719.4198 	DATA 	Keypress: lctrl
719.5881 	EXP 	Sound  started
720.2038 	DATA 	Keypress: lctrl
720.3382 	EXP 	Sound  started
720.9398 	DATA 	Keypress: rctrl
721.0882 	EXP 	Sound  started
721.6118 	DATA 	Keypress: lctrl
724.4496 	DATA 	Keypress: 4
724.4660 	EXP 	unnamed ShapeStim: vertices = <class 'numpy.ndarray'>
727.0555 	DATA 	Keypress: 1
727.0849 	EXP 	unnamed ShapeStim: vertices = <class 'numpy.ndarray'>
729.7744 	DATA 	Keypress: 4
729.8038 	EXP 	unnamed ShapeStim: vertices = <class 'numpy.ndarray'>
732.0885 	EXP 	Sound  started
732.2678 	DATA 	Keypress: rctrl
732.8385 	EXP 	Sound  started
732.8598 	DATA 	Keypress: rctrl
733.4838 	DATA 	Keypress: lctrl
733.5885 	EXP 	Sound  started
734.2038 	DATA 	Keypress: lctrl
734.3385 	EXP 	Sound  started
734.9718 	DATA 	Keypress: lctrl
735.0885 	EXP 	Sound  started
735.7878 	DATA 	Keypress: rctrl
735.8385 	EXP 	Sound  started
736.5238 	DATA 	Keypress: lctrl
736.5885 	EXP 	Sound  started
737.2438 	DATA 	Keypress: lctrl
737.3386 	EXP 	Sound  started
738.0277 	DATA 	Keypress: rctrl
738.0886 	EXP 	Sound  started
738.7637 	DATA 	Keypress: rctrl
738.8386 	EXP 	Sound  started
739.4998 	DATA 	Keypress: rctrl
739.5886 	EXP 	Sound  started
740.2997 	DATA 	Keypress: rctrl
740.3386 	EXP 	Sound  started
741.0358 	DATA 	Keypress: rctrl
741.0886 	EXP 	Sound  started
741.7877 	DATA 	Keypress: rctrl
741.8386 	EXP 	Sound  started
742.4918 	DATA 	Keypress: lctrl
742.5887 	EXP 	Sound  started
743.2918 	DATA 	Keypress: rctrl
743.3387 	EXP 	Sound  started
744.0439 	DATA 	Keypress: rctrl
744.0887 	EXP 	Sound  started
744.7318 	DATA 	Keypress: lctrl
744.8387 	EXP 	Sound  started
745.5158 	DATA 	Keypress: lctrl
745.5887 	EXP 	Sound  started
746.2680 	DATA 	Keypress: lctrl
746.3387 	EXP 	Sound  started
747.0198 	DATA 	Keypress: rctrl
747.0888 	EXP 	Sound  started
747.8198 	DATA 	Keypress: lctrl
747.8388 	EXP 	Sound  started
748.5078 	DATA 	Keypress: lctrl
748.5888 	EXP 	Sound  started
749.3238 	DATA 	Keypress: lctrl
749.3388 	EXP 	Sound  started
750.0438 	DATA 	Keypress: rctrl
750.0888 	EXP 	Sound  started
750.7798 	DATA 	Keypress: rctrl
750.8388 	EXP 	Sound  started
751.5318 	DATA 	Keypress: lctrl
751.5888 	EXP 	Sound  started
752.3318 	DATA 	Keypress: lctrl
752.3389 	EXP 	Sound  started
753.0518 	DATA 	Keypress: lctrl
753.0889 	EXP 	Sound  started
753.8038 	DATA 	Keypress: lctrl
753.8389 	EXP 	Sound  started
754.5718 	DATA 	Keypress: rctrl
754.5889 	EXP 	Sound  started
755.3389 	EXP 	Sound  started
755.3398 	DATA 	Keypress: rctrl
756.0890 	EXP 	Sound  started
756.1718 	DATA 	Keypress: rctrl
756.7478 	DATA 	Keypress: lctrl
756.8390 	EXP 	Sound  started
757.4998 	DATA 	Keypress: lctrl
757.5890 	EXP 	Sound  started
758.3318 	DATA 	Keypress: lctrl
758.3390 	EXP 	Sound  started
759.0890 	EXP 	Sound  started
759.0998 	DATA 	Keypress: rctrl
759.8038 	DATA 	Keypress: rctrl
759.8390 	EXP 	Sound  started
760.5078 	DATA 	Keypress: rctrl
760.5890 	EXP 	Sound  started
761.2118 	DATA 	Keypress: lctrl
761.3391 	EXP 	Sound  started
762.0278 	DATA 	Keypress: lctrl
762.0891 	EXP 	Sound  started
762.7958 	DATA 	Keypress: lctrl
762.8391 	EXP 	Sound  started
763.5319 	DATA 	Keypress: rctrl
763.5891 	EXP 	Sound  started
764.3158 	DATA 	Keypress: rctrl
764.3391 	EXP 	Sound  started
765.0358 	DATA 	Keypress: rctrl
765.0891 	EXP 	Sound  started
765.7398 	DATA 	Keypress: rctrl
765.8392 	EXP 	Sound  started
766.4598 	DATA 	Keypress: lctrl
766.5892 	EXP 	Sound  started
767.2598 	DATA 	Keypress: lctrl
767.3392 	EXP 	Sound  started
768.0118 	DATA 	Keypress: lctrl
768.0892 	EXP 	Sound  started
768.7318 	DATA 	Keypress: rctrl
768.8392 	EXP 	Sound  started
769.4998 	DATA 	Keypress: lctrl
769.5892 	EXP 	Sound  started
770.2678 	DATA 	Keypress: rctrl
770.3392 	EXP 	Sound  started
770.9878 	DATA 	Keypress: lctrl
771.0893 	EXP 	Sound  started
771.7558 	DATA 	Keypress: rctrl
771.8393 	EXP 	Sound  started
772.4758 	DATA 	Keypress: rctrl
772.5893 	EXP 	Sound  started
773.2118 	DATA 	Keypress: rctrl
773.3393 	EXP 	Sound  started
773.9318 	DATA 	Keypress: lctrl
774.0893 	EXP 	Sound  started
774.6517 	DATA 	Keypress: lctrl
774.8393 	EXP 	Sound  started
775.5893 	EXP 	Sound  started
775.6917 	DATA 	Keypress: lctrl
776.3394 	EXP 	Sound  started
776.3638 	DATA 	Keypress: lctrl
777.0518 	DATA 	Keypress: lctrl
777.0894 	EXP 	Sound  started
777.8038 	DATA 	Keypress: rctrl
777.8394 	EXP 	Sound  started
778.4598 	DATA 	Keypress: lctrl
778.5894 	EXP 	Sound  started
779.2278 	DATA 	Keypress: lctrl
779.3394 	EXP 	Sound  started
779.9478 	DATA 	Keypress: rctrl
780.0894 	EXP 	Sound  started
780.7318 	DATA 	Keypress: rctrl
780.8395 	EXP 	Sound  started
781.5318 	DATA 	Keypress: rctrl
781.5895 	EXP 	Sound  started
782.3318 	DATA 	Keypress: rctrl
782.3395 	EXP 	Sound  started
782.9238 	DATA 	Keypress: lctrl
783.0895 	EXP 	Sound  started
783.7078 	DATA 	Keypress: lctrl
783.8395 	EXP 	Sound  started
784.4437 	DATA 	Keypress: rctrl
784.5895 	EXP 	Sound  started
785.2277 	DATA 	Keypress: rctrl
785.3395 	EXP 	Sound  started
786.0118 	DATA 	Keypress: rctrl
786.0895 	EXP 	Sound  started
786.7478 	DATA 	Keypress: rctrl
786.8396 	EXP 	Sound  started
787.5638 	DATA 	Keypress: lctrl
787.5896 	EXP 	Sound  started
788.3317 	DATA 	Keypress: lctrl
788.3396 	EXP 	Sound  started
788.9878 	DATA 	Keypress: rctrl
789.0896 	EXP 	Sound  started
789.7398 	DATA 	Keypress: lctrl
789.8396 	EXP 	Sound  started
790.4758 	DATA 	Keypress: lctrl
790.5896 	EXP 	Sound  started
791.2278 	DATA 	Keypress: lctrl
791.3396 	EXP 	Sound  started
792.0279 	DATA 	Keypress: rctrl
792.0897 	EXP 	Sound  started
792.7798 	DATA 	Keypress: rctrl
792.8397 	EXP 	Sound  started
793.5318 	DATA 	Keypress: lctrl
793.5897 	EXP 	Sound  started
794.2998 	DATA 	Keypress: rctrl
794.3397 	EXP 	Sound  started
795.0358 	DATA 	Keypress: rctrl
795.0897 	EXP 	Sound  started
795.8397 	EXP 	Sound  started
795.8518 	DATA 	Keypress: lctrl
796.5718 	DATA 	Keypress: lctrl
796.5898 	EXP 	Sound  started
797.2278 	DATA 	Keypress: lctrl
797.3399 	EXP 	Sound  started
797.9158 	DATA 	Keypress: rctrl
798.0899 	EXP 	Sound  started
798.7157 	DATA 	Keypress: rctrl
798.8399 	EXP 	Sound  started
799.4677 	DATA 	Keypress: rctrl
801.2958 	DATA 	Keypress: 4
801.3123 	EXP 	unnamed ShapeStim: vertices = <class 'numpy.ndarray'>
807.1673 	DATA 	Keypress: 2
807.1838 	EXP 	unnamed ShapeStim: vertices = <class 'numpy.ndarray'>
813.2223 	DATA 	Keypress: 3
813.2388 	EXP 	unnamed ShapeStim: vertices = <class 'numpy.ndarray'>
815.5232 	EXP 	Sound  started
815.7718 	DATA 	Keypress: rctrl
816.2732 	EXP 	Sound  started
816.3317 	DATA 	Keypress: rctrl
817.0198 	DATA 	Keypress: rctrl
817.0232 	EXP 	Sound  started
817.7079 	DATA 	Keypress: rctrl
817.7732 	EXP 	Sound  started
818.3957 	DATA 	Keypress: rctrl
818.5232 	EXP 	Sound  started
819.2598 	DATA 	Keypress: rctrl
819.2733 	EXP 	Sound  started
819.8518 	DATA 	Keypress: lctrl
820.0233 	EXP 	Sound  started
820.7158 	DATA 	Keypress: rctrl
820.7733 	EXP 	Sound  started
821.4838 	DATA 	Keypress: rctrl
821.5233 	EXP 	Sound  started
822.1878 	DATA 	Keypress: lctrl
822.2733 	EXP 	Sound  started
822.9398 	DATA 	Keypress: lctrl
823.0233 	EXP 	Sound  started
823.6918 	DATA 	Keypress: lctrl
823.7734 	EXP 	Sound  started
824.3957 	DATA 	Keypress: rctrl
824.5234 	EXP 	Sound  started
825.1957 	DATA 	Keypress: lctrl
825.2734 	EXP 	Sound  started
825.9478 	DATA 	Keypress: lctrl
826.0234 	EXP 	Sound  started
826.6838 	DATA 	Keypress: lctrl
826.7734 	EXP 	Sound  started
827.4518 	DATA 	Keypress: rctrl
827.5234 	EXP 	Sound  started
828.1718 	DATA 	Keypress: lctrl
828.2734 	EXP 	Sound  started
829.0235 	EXP 	Sound  started
829.0358 	DATA 	Keypress: rctrl
829.7078 	DATA 	Keypress: lctrl
829.7735 	EXP 	Sound  started
830.4278 	DATA 	Keypress: lctrl
830.5235 	EXP 	Sound  started
831.2118 	DATA 	Keypress: lctrl
831.2735 	EXP 	Sound  started
831.9478 	DATA 	Keypress: rctrl
832.0235 	EXP 	Sound  started
832.5878 	DATA 	Keypress: lctrl
832.7735 	EXP 	Sound  started
833.3878 	DATA 	Keypress: lctrl
833.5235 	EXP 	Sound  started
834.1878 	DATA 	Keypress: lctrl
834.2736 	EXP 	Sound  started
835.0236 	EXP 	Sound  started
835.0838 	DATA 	Keypress: rctrl
835.7398 	DATA 	Keypress: rctrl
835.7736 	EXP 	Sound  started
836.4918 	DATA 	Keypress: rctrl
836.5236 	EXP 	Sound  started
837.1158 	DATA 	Keypress: lctrl
837.2736 	EXP 	Sound  started
837.8998 	DATA 	Keypress: rctrl
838.0236 	EXP 	Sound  started
838.6037 	DATA 	Keypress: lctrl
838.7736 	EXP 	Sound  started
839.4038 	DATA 	Keypress: lctrl
839.5237 	EXP 	Sound  started
840.1557 	DATA 	Keypress: rctrl
840.2737 	EXP 	Sound  started
840.9717 	DATA 	Keypress: rctrl
841.0237 	EXP 	Sound  started
841.5798 	DATA 	Keypress: lctrl
841.7737 	EXP 	Sound  started
842.4278 	DATA 	Keypress: lctrl
842.5237 	EXP 	Sound  started
843.1957 	DATA 	Keypress: rctrl
843.2737 	EXP 	Sound  started
843.9158 	DATA 	Keypress: lctrl
844.0237 	EXP 	Sound  started
844.6358 	DATA 	Keypress: lctrl
844.7738 	EXP 	Sound  started
845.4038 	DATA 	Keypress: rctrl
845.5238 	EXP 	Sound  started
846.2199 	DATA 	Keypress: rctrl
846.2738 	EXP 	Sound  started
846.8917 	DATA 	Keypress: lctrl
847.0238 	EXP 	Sound  started
847.7238 	DATA 	Keypress: lctrl
847.7738 	EXP 	Sound  started
848.4758 	DATA 	Keypress: lctrl
848.5238 	EXP 	Sound  started
849.2739 	EXP 	Sound  started
849.2758 	DATA 	Keypress: rctrl
849.9798 	DATA 	Keypress: rctrl
850.0239 	EXP 	Sound  started
850.7637 	DATA 	Keypress: rctrl
850.7739 	EXP 	Sound  started
851.4198 	DATA 	Keypress: lctrl
851.5239 	EXP 	Sound  started
852.2038 	DATA 	Keypress: lctrl
852.2739 	EXP 	Sound  started
852.9558 	DATA 	Keypress: rctrl
853.0239 	EXP 	Sound  started
853.6598 	DATA 	Keypress: lctrl
853.7739 	EXP 	Sound  started
854.4439 	DATA 	Keypress: rctrl
854.5240 	EXP 	Sound  started
855.0678 	DATA 	Keypress: lctrl
855.2740 	EXP 	Sound  started
855.8998 	DATA 	Keypress: lctrl
856.0240 	EXP 	Sound  started
856.7158 	DATA 	Keypress: lctrl
856.7741 	EXP 	Sound  started
857.5158 	DATA 	Keypress: lctrl
857.5241 	EXP 	Sound  started
858.2038 	DATA 	Keypress: rctrl
858.2741 	EXP 	Sound  started
858.9558 	DATA 	Keypress: rctrl
859.0241 	EXP 	Sound  started
859.7238 	DATA 	Keypress: rctrl
859.7741 	EXP 	Sound  started
860.4438 	DATA 	Keypress: lctrl
860.5241 	EXP 	Sound  started
861.1638 	DATA 	Keypress: lctrl
861.2741 	EXP 	Sound  started
861.8998 	DATA 	Keypress: rctrl
862.0242 	EXP 	Sound  started
862.6198 	DATA 	Keypress: lctrl
862.7742 	EXP 	Sound  started
863.3557 	DATA 	Keypress: lctrl
863.5242 	EXP 	Sound  started
864.1398 	DATA 	Keypress: rctrl
864.2742 	EXP 	Sound  started
864.9557 	DATA 	Keypress: rctrl
865.0242 	EXP 	Sound  started
865.7078 	DATA 	Keypress: rctrl
865.7742 	EXP 	Sound  started
866.4598 	DATA 	Keypress: rctrl
866.5242 	EXP 	Sound  started
867.2438 	DATA 	Keypress: rctrl
867.2743 	EXP 	Sound  started
867.9798 	DATA 	Keypress: rctrl
868.0243 	EXP 	Sound  started
868.6678 	DATA 	Keypress: lctrl
868.7743 	EXP 	Sound  started
869.4358 	DATA 	Keypress: lctrl
869.5243 	EXP 	Sound  started
870.2358 	DATA 	Keypress: lctrl
870.2743 	EXP 	Sound  started
870.9399 	DATA 	Keypress: rctrl
871.0243 	EXP 	Sound  started
871.6917 	DATA 	Keypress: lctrl
871.7744 	EXP 	Sound  started
872.5244 	EXP 	Sound  started
872.6677 	DATA 	Keypress: rctrl
873.2438 	DATA 	Keypress: lctrl
873.2744 	EXP 	Sound  started
873.8838 	DATA 	Keypress: rctrl
874.0244 	EXP 	Sound  started
874.6838 	DATA 	Keypress: rctrl
876.4779 	DATA 	Keypress: 4
876.5073 	EXP 	unnamed ShapeStim: vertices = <class 'numpy.ndarray'>
881.9824 	DATA 	Keypress: 1
882.0118 	EXP 	unnamed ShapeStim: vertices = <class 'numpy.ndarray'>
884.1809 	DATA 	Keypress: 4
884.1974 	EXP 	unnamed ShapeStim: vertices = <class 'numpy.ndarray'>
886.4853 	DATA 	Keypress: lctrl
1128.4760 	DATA 	Keypress: escape
1128.5374 	EXP 	window1: mouseVisible = True
