119.8503 	WARNING 	User requested fullscreen with size [1024  768], but screen is actually [1920, 1200]. Using actual size
120.7340 	EXP 	Created window1 = Window(allowGUI=False, allowStencil=False, autoLog=True, backendConf=UNKNOWN, bitsMode=UNKNOWN, blendMode='avg', bpc=(8, 8, 8), color=array([0, 0, 0]), colorSpace='rgb', depthBits=8, fullscr=<method-wrapper '__getattribute__' of attributeSetter object at 0x0000022C5C1E7780>, gamma=None, gammaErrorPolicy='raise', lms=UNKNOWN, monitor=<psychopy.monitors.calibTools.Monitor object at 0x0000022C5D924080>, multiSample=False, name='window1', numSamples=2, pos=[0.0, 0.0], screen=0, size=array([1920, 1200]), stencilBits=0, stereo=False, units='norm', useFBO=True, useRetina=False, viewOri=0.0, viewPos=None, viewScale=None, waitBlanking=True, winType='pyglet')
120.7344 	EXP 	window1: mouseVisible = True
120.7344 	EXP 	window1: mouseVisible = False
120.7344 	EXP 	window1: recordFrameIntervals = False
120.9005 	EXP 	window1: recordFrameIntervals = True
121.0841 	EXP 	window1: recordFrameIntervals = False
121.1413 	EXP 	Created text = TextStim(__class__=<class 'psychopy.visual.text.TextStim'>, alignHoriz=method-wrapper(...), alignText='center', alignVert=method-wrapper(...), anchorHoriz='center', anchorVert='center', antialias=True, autoLog=True, bold=False, color=array([1., 1., 1.]), colorSpace='rgb', contrast=1.0, depth=0.0, flipHoriz=False, flipVert=False, font='Arial', fontFiles=[], height=0.15, italic=False, languageStyle='LTR', name='text', opacity=1, ori=0, pos=array([0., 0.]), rgb=UNKNOWN, text='+', units='norm', win=Window(...), wrapWidth=1)
121.1620 	EXP 	Created text = TextStim(__class__=<class 'psychopy.visual.text.TextStim'>, alignHoriz=method-wrapper(...), alignText='center', alignVert=method-wrapper(...), anchorHoriz='center', anchorVert='center', antialias=True, autoLog=True, bold=False, color=array([1., 1., 1.]), colorSpace='rgb', contrast=1.0, depth=0.0, flipHoriz=False, flipVert=False, font='Arial', fontFiles=[], height=0.07, italic=False, languageStyle='LTR', name='text', opacity=1, ori=0, pos=array([0., 0.]), rgb=UNKNOWN, text=str(...), units='norm', win=Window(...), wrapWidth=1.65)
121.1740 	EXP 	Created text = TextStim(__class__=<class 'psychopy.visual.text.TextStim'>, alignHoriz=method-wrapper(...), alignText='center', alignVert=method-wrapper(...), anchorHoriz='center', anchorVert='center', antialias=True, autoLog=True, bold=False, color=array([1., 1., 1.]), colorSpace='rgb', contrast=1.0, depth=0.0, flipHoriz=False, flipVert=False, font='Arial', fontFiles=[], height=0.07, italic=False, languageStyle='LTR', name='text', opacity=1, ori=0, pos=array([0., 0.]), rgb=UNKNOWN, text=str(...), units='norm', win=Window(...), wrapWidth=1.65)
121.1842 	EXP 	Created text = TextStim(__class__=<class 'psychopy.visual.text.TextStim'>, alignHoriz=method-wrapper(...), alignText='center', alignVert=method-wrapper(...), anchorHoriz='center', anchorVert='center', antialias=True, autoLog=True, bold=False, color=array([1., 1., 1.]), colorSpace='rgb', contrast=1.0, depth=0.0, flipHoriz=False, flipVert=False, font='Arial', fontFiles=[], height=0.07, italic=False, languageStyle='LTR', name='text', opacity=1, ori=0, pos=array([0., 0.]), rgb=UNKNOWN, text=str(...), units='norm', win=Window(...), wrapWidth=1.65)
121.1942 	EXP 	Created text = TextStim(__class__=<class 'psychopy.visual.text.TextStim'>, alignHoriz=method-wrapper(...), alignText='center', alignVert=method-wrapper(...), anchorHoriz='center', anchorVert='center', antialias=True, autoLog=True, bold=False, color=array([1., 1., 1.]), colorSpace='rgb', contrast=1.0, depth=0.0, flipHoriz=False, flipVert=False, font='Arial', fontFiles=[], height=0.07, italic=False, languageStyle='LTR', name='text', opacity=1, ori=0, pos=array([0., 0.]), rgb=UNKNOWN, text=str(...), units='norm', win=Window(...), wrapWidth=1.65)
121.1995 	EXP 	Created text = TextStim(__class__=<class 'psychopy.visual.text.TextStim'>, alignHoriz=method-wrapper(...), alignText='center', alignVert=method-wrapper(...), anchorHoriz='center', anchorVert='center', antialias=True, autoLog=True, bold=False, color=array([1., 1., 1.]), colorSpace='rgb', contrast=1.0, depth=0.0, flipHoriz=False, flipVert=False, font='Arial', fontFiles=[], height=0.07, italic=False, languageStyle='LTR', name='text', opacity=1, ori=0, pos=array([0., 0.]), rgb=UNKNOWN, text=str(...), units='norm', win=Window(...), wrapWidth=1.65)
121.2146 	EXP 	Created text = TextStim(__class__=<class 'psychopy.visual.text.TextStim'>, alignHoriz=method-wrapper(...), alignText='center', alignVert=method-wrapper(...), anchorHoriz='center', anchorVert='center', antialias=True, autoLog=True, bold=False, color=array([1., 1., 1.]), colorSpace='rgb', contrast=1.0, depth=0.0, flipHoriz=False, flipVert=False, font='Arial', fontFiles=[], height=0.15, italic=False, languageStyle='LTR', name='text', opacity=1, ori=0, pos=array([0., 0.]), rgb=UNKNOWN, text=str(...), units='norm', win=Window(...), wrapWidth=1.65)
121.2434 	EXP 	Created text = TextStim(__class__=<class 'psychopy.visual.text.TextStim'>, alignHoriz=method-wrapper(...), alignText='center', alignVert=method-wrapper(...), anchorHoriz='center', anchorVert='center', antialias=True, autoLog=True, bold=False, color=array([1., 1., 1.]), colorSpace='rgb', contrast=1.0, depth=0.0, flipHoriz=False, flipVert=False, font='Arial', fontFiles=[], height=0.07, italic=False, languageStyle='LTR', name='text', opacity=1, ori=0, pos=array([0., 0.]), rgb=UNKNOWN, text=str(...), units='norm', win=Window(...), wrapWidth=1.65)
121.2616 	EXP 	Created text = TextStim(__class__=<class 'psychopy.visual.text.TextStim'>, alignHoriz=method-wrapper(...), alignText='center', alignVert=method-wrapper(...), anchorHoriz='center', anchorVert='center', antialias=True, autoLog=True, bold=False, color=array([1., 1., 1.]), colorSpace='rgb', contrast=1.0, depth=0.0, flipHoriz=False, flipVert=False, font='Arial', fontFiles=[], height=0.07, italic=False, languageStyle='LTR', name='text', opacity=1, ori=0, pos=array([0., 0.]), rgb=UNKNOWN, text=str(...), units='norm', win=Window(...), wrapWidth=1.65)
121.2936 	EXP 	Created text = TextStim(__class__=<class 'psychopy.visual.text.TextStim'>, alignHoriz=method-wrapper(...), alignText='center', alignVert=method-wrapper(...), anchorHoriz='center', anchorVert='center', antialias=True, autoLog=True, bold=False, color=array([1., 1., 1.]), colorSpace='rgb', contrast=1.0, depth=0.0, flipHoriz=False, flipVert=False, font='Arial', fontFiles=[], height=0.07, italic=False, languageStyle='LTR', name='text', opacity=1, ori=0, pos=array([0., 0.]), rgb=UNKNOWN, text=str(...), units='norm', win=Window(...), wrapWidth=1.65)
121.3232 	EXP 	Created text = TextStim(__class__=<class 'psychopy.visual.text.TextStim'>, alignHoriz=method-wrapper(...), alignText='center', alignVert=method-wrapper(...), anchorHoriz='center', anchorVert='center', antialias=True, autoLog=True, bold=False, color=array([1., 1., 1.]), colorSpace='rgb', contrast=1.0, depth=0.0, flipHoriz=False, flipVert=False, font='Arial', fontFiles=[], height=0.07, italic=False, languageStyle='LTR', name='text', opacity=1, ori=0, pos=array([0., 0.]), rgb=UNKNOWN, text=str(...), units='norm', win=Window(...), wrapWidth=1.65)
121.3562 	EXP 	Created text = TextStim(__class__=<class 'psychopy.visual.text.TextStim'>, alignHoriz=method-wrapper(...), alignText='center', alignVert=method-wrapper(...), anchorHoriz='center', anchorVert='center', antialias=True, autoLog=True, bold=False, color=array([1., 1., 1.]), colorSpace='rgb', contrast=1.0, depth=0.0, flipHoriz=False, flipVert=False, font='Arial', fontFiles=[], height=0.07, italic=False, languageStyle='LTR', name='text', opacity=1, ori=0, pos=array([0., 0.]), rgb=UNKNOWN, text=str(...), units='norm', win=Window(...), wrapWidth=1.65)
121.3662 	EXP 	Created text = TextStim(__class__=<class 'psychopy.visual.text.TextStim'>, alignHoriz=method-wrapper(...), alignText='center', alignVert=method-wrapper(...), anchorHoriz='center', anchorVert='center', antialias=True, autoLog=True, bold=False, color=array([1., 1., 1.]), colorSpace='rgb', contrast=1.0, depth=0.0, flipHoriz=False, flipVert=False, font='Arial', fontFiles=[], height=0.07, italic=False, languageStyle='LTR', name='text', opacity=1, ori=0, pos=array([0., 0.]), rgb=UNKNOWN, text=str(...), units='norm', win=Window(...), wrapWidth=1.65)
121.3794 	EXP 	Created text = TextStim(__class__=<class 'psychopy.visual.text.TextStim'>, alignHoriz=method-wrapper(...), alignText='center', alignVert=method-wrapper(...), anchorHoriz='center', anchorVert='center', antialias=True, autoLog=True, bold=False, color=array([1., 1., 1.]), colorSpace='rgb', contrast=1.0, depth=0.0, flipHoriz=False, flipVert=False, font='Arial', fontFiles=[], height=0.07, italic=False, languageStyle='LTR', name='text', opacity=1, ori=0, pos=array([0., 0.]), rgb=UNKNOWN, text=str(...), units='norm', win=Window(...), wrapWidth=1.65)
121.3841 	EXP 	Created instru = TextStim(__class__=<class 'psychopy.visual.text.TextStim'>, alignHoriz=method-wrapper(...), alignText='center', alignVert=method-wrapper(...), anchorHoriz='center', anchorVert='center', antialias=True, autoLog=True, bold=False, color=array([1., 1., 1.]), colorSpace='rgb', contrast=1.0, depth=0.0, flipHoriz=False, flipVert=False, font='Arial', fontFiles=[], height=0.07, italic=False, languageStyle='LTR', name='instru', opacity=1, ori=0, pos=array([0. , 0.5]), rgb=UNKNOWN, text=str(...), units='norm', win=Window(...), wrapWidth=1)
121.3868 	EXP 	Created unnamed Line = Line(__class__=<class 'psychopy.visual.line.Line'>, autoDraw=False, autoLog=True, closeShape=False, color=array([1., 1., 1.]), colorSpace='rgb', contrast=None, depth=0, fillColor=array([0, 0, 0]), fillColorSpace='rgb', fillRGB=array([0, 0, 0]), interpolate=True, lineColor=array([1., 1., 1.]), lineColorSpace='rgb', lineRGB=array([1, 1, 1]), lineWidth=5, name='unnamed Line', opacity=0.5, ori=0.0, pos=array([0., 0.]), size=array([1., 1.]), units='norm', vertices=array([[-0.5,  0. ],
       [ 0.5,  0. ]]), win=Window(...), windingRule=None)
121.3888 	EXP 	Created unnamed Line = Line(__class__=<class 'psychopy.visual.line.Line'>, autoDraw=False, autoLog=True, closeShape=False, color=array([1., 1., 1.]), colorSpace='rgb', contrast=None, depth=0, fillColor=array([0, 0, 0]), fillColorSpace='rgb', fillRGB=array([0, 0, 0]), interpolate=True, lineColor=array([1., 1., 1.]), lineColorSpace='rgb', lineRGB=array([1, 1, 1]), lineWidth=3, name='unnamed Line', opacity=0.5, ori=0.0, pos=array([0., 0.]), size=array([1., 1.]), units='norm', vertices=array([[-0.5 , -0.05],
       [-0.5 ,  0.05]]), win=Window(...), windingRule=None)
121.3908 	EXP 	Created unnamed Line = Line(__class__=<class 'psychopy.visual.line.Line'>, autoDraw=False, autoLog=True, closeShape=False, color=array([1., 1., 1.]), colorSpace='rgb', contrast=None, depth=0, fillColor=array([0, 0, 0]), fillColorSpace='rgb', fillRGB=array([0, 0, 0]), interpolate=True, lineColor=array([1., 1., 1.]), lineColorSpace='rgb', lineRGB=array([1, 1, 1]), lineWidth=3, name='unnamed Line', opacity=0.5, ori=0.0, pos=array([0., 0.]), size=array([1., 1.]), units='norm', vertices=ndarray(...), win=Window(...), windingRule=None)
121.3928 	EXP 	Created unnamed Line = Line(__class__=<class 'psychopy.visual.line.Line'>, autoDraw=False, autoLog=True, closeShape=False, color=array([1., 1., 1.]), colorSpace='rgb', contrast=None, depth=0, fillColor=array([0, 0, 0]), fillColorSpace='rgb', fillRGB=array([0, 0, 0]), interpolate=True, lineColor=array([1., 1., 1.]), lineColorSpace='rgb', lineRGB=array([1, 1, 1]), lineWidth=3, name='unnamed Line', opacity=0.5, ori=0.0, pos=array([0., 0.]), size=array([1., 1.]), units='norm', vertices=ndarray(...), win=Window(...), windingRule=None)
121.3948 	EXP 	Created unnamed Line = Line(__class__=<class 'psychopy.visual.line.Line'>, autoDraw=False, autoLog=True, closeShape=False, color=array([1., 1., 1.]), colorSpace='rgb', contrast=None, depth=0, fillColor=array([0, 0, 0]), fillColorSpace='rgb', fillRGB=array([0, 0, 0]), interpolate=True, lineColor=array([1., 1., 1.]), lineColorSpace='rgb', lineRGB=array([1, 1, 1]), lineWidth=3, name='unnamed Line', opacity=0.5, ori=0.0, pos=array([0., 0.]), size=array([1., 1.]), units='norm', vertices=array([[ 0.5 , -0.05],
       [ 0.5 ,  0.05]]), win=Window(...), windingRule=None)
121.4063 	EXP 	Created unnamed TextStim = TextStim(__class__=<class 'psychopy.visual.text.TextStim'>, alignHoriz=method-wrapper(...), alignText='center', alignVert=method-wrapper(...), anchorHoriz='center', anchorVert='center', antialias=True, autoLog=True, bold=False, color=array([1., 1., 1.]), colorSpace='rgb', contrast=1.0, depth=0, flipHoriz=False, flipVert=False, font='', fontFiles=[], height=0.05, italic=False, languageStyle='LTR', name='unnamed TextStim', opacity=1.0, ori=0.0, pos=array([-0.5, -0.1]), rgb=UNKNOWN, text='Clearly \n NOT FOCUSED', units='norm', win=Window(...), wrapWidth=1)
121.4074 	EXP 	Created unnamed TextStim = TextStim(__class__=<class 'psychopy.visual.text.TextStim'>, alignHoriz=method-wrapper(...), alignText='center', alignVert=method-wrapper(...), anchorHoriz='center', anchorVert='center', antialias=True, autoLog=True, bold=False, color=array([1., 1., 1.]), colorSpace='rgb', contrast=1.0, depth=0, flipHoriz=False, flipVert=False, font='', fontFiles=[], height=0.05, italic=False, languageStyle='LTR', name='unnamed TextStim', opacity=1.0, ori=0.0, pos=array([-0.16666667, -0.1       ]), rgb=UNKNOWN, text='', units='norm', win=Window(...), wrapWidth=1)
121.4084 	EXP 	Created unnamed TextStim = TextStim(__class__=<class 'psychopy.visual.text.TextStim'>, alignHoriz=method-wrapper(...), alignText='center', alignVert=method-wrapper(...), anchorHoriz='center', anchorVert='center', antialias=True, autoLog=True, bold=False, color=array([1., 1., 1.]), colorSpace='rgb', contrast=1.0, depth=0, flipHoriz=False, flipVert=False, font='', fontFiles=[], height=0.05, italic=False, languageStyle='LTR', name='unnamed TextStim', opacity=1.0, ori=0.0, pos=array([ 0.16666667, -0.1       ]), rgb=UNKNOWN, text='', units='norm', win=Window(...), wrapWidth=1)
121.4115 	EXP 	Created unnamed TextStim = TextStim(__class__=<class 'psychopy.visual.text.TextStim'>, alignHoriz=method-wrapper(...), alignText='center', alignVert=method-wrapper(...), anchorHoriz='center', anchorVert='center', antialias=True, autoLog=True, bold=False, color=array([1., 1., 1.]), colorSpace='rgb', contrast=1.0, depth=0, flipHoriz=False, flipVert=False, font='', fontFiles=[], height=0.05, italic=False, languageStyle='LTR', name='unnamed TextStim', opacity=1.0, ori=0.0, pos=array([ 0.5, -0.1]), rgb=UNKNOWN, text='Clearly \n FOCUSED', units='norm', win=Window(...), wrapWidth=1)
121.4134 	EXP 	Created unnamed ShapeStim = ShapeStim(__class__=<class 'psychopy.visual.shape.ShapeStim'>, autoDraw=False, autoLog=True, closeShape=True, color=method-wrapper(...), colorSpace='rgb', contrast=None, depth=0, fillColor=array([1, 1, 1]), fillColorSpace='rgb', fillRGB=array([1, 1, 1]), interpolate=True, lineColor=array([-1., -1., -1.]), lineColorSpace='rgb', lineRGB=array([-1, -1, -1]), lineWidth=1.5, name='unnamed ShapeStim', opacity=1.0, ori=0.0, pos=array([0., 0.]), size=array([1., 1.]), units='norm', vertices=ndarray(...), win=Window(...), windingRule=None)
121.4226 	EXP 	Created instru = TextStim(__class__=<class 'psychopy.visual.text.TextStim'>, alignHoriz=method-wrapper(...), alignText='center', alignVert=method-wrapper(...), anchorHoriz='center', anchorVert='center', antialias=True, autoLog=True, bold=False, color=array([1., 1., 1.]), colorSpace='rgb', contrast=1.0, depth=0.0, flipHoriz=False, flipVert=False, font='Arial', fontFiles=[], height=0.07, italic=False, languageStyle='LTR', name='instru', opacity=1, ori=0, pos=array([0. , 0.5]), rgb=UNKNOWN, text=str(...), units='norm', win=Window(...), wrapWidth=1)
121.4247 	EXP 	Created unnamed Line = Line(__class__=<class 'psychopy.visual.line.Line'>, autoDraw=False, autoLog=True, closeShape=False, color=array([1., 1., 1.]), colorSpace='rgb', contrast=None, depth=0, fillColor=array([0, 0, 0]), fillColorSpace='rgb', fillRGB=array([0, 0, 0]), interpolate=True, lineColor=array([1., 1., 1.]), lineColorSpace='rgb', lineRGB=array([1, 1, 1]), lineWidth=5, name='unnamed Line', opacity=0.5, ori=0.0, pos=array([0., 0.]), size=array([1., 1.]), units='norm', vertices=array([[-0.5,  0. ],
       [ 0.5,  0. ]]), win=Window(...), windingRule=None)
121.4267 	EXP 	Created unnamed Line = Line(__class__=<class 'psychopy.visual.line.Line'>, autoDraw=False, autoLog=True, closeShape=False, color=array([1., 1., 1.]), colorSpace='rgb', contrast=None, depth=0, fillColor=array([0, 0, 0]), fillColorSpace='rgb', fillRGB=array([0, 0, 0]), interpolate=True, lineColor=array([1., 1., 1.]), lineColorSpace='rgb', lineRGB=array([1, 1, 1]), lineWidth=3, name='unnamed Line', opacity=0.5, ori=0.0, pos=array([0., 0.]), size=array([1., 1.]), units='norm', vertices=array([[-0.5 , -0.05],
       [-0.5 ,  0.05]]), win=Window(...), windingRule=None)
121.4287 	EXP 	Created unnamed Line = Line(__class__=<class 'psychopy.visual.line.Line'>, autoDraw=False, autoLog=True, closeShape=False, color=array([1., 1., 1.]), colorSpace='rgb', contrast=None, depth=0, fillColor=array([0, 0, 0]), fillColorSpace='rgb', fillRGB=array([0, 0, 0]), interpolate=True, lineColor=array([1., 1., 1.]), lineColorSpace='rgb', lineRGB=array([1, 1, 1]), lineWidth=3, name='unnamed Line', opacity=0.5, ori=0.0, pos=array([0., 0.]), size=array([1., 1.]), units='norm', vertices=ndarray(...), win=Window(...), windingRule=None)
121.4307 	EXP 	Created unnamed Line = Line(__class__=<class 'psychopy.visual.line.Line'>, autoDraw=False, autoLog=True, closeShape=False, color=array([1., 1., 1.]), colorSpace='rgb', contrast=None, depth=0, fillColor=array([0, 0, 0]), fillColorSpace='rgb', fillRGB=array([0, 0, 0]), interpolate=True, lineColor=array([1., 1., 1.]), lineColorSpace='rgb', lineRGB=array([1, 1, 1]), lineWidth=3, name='unnamed Line', opacity=0.5, ori=0.0, pos=array([0., 0.]), size=array([1., 1.]), units='norm', vertices=ndarray(...), win=Window(...), windingRule=None)
121.4327 	EXP 	Created unnamed Line = Line(__class__=<class 'psychopy.visual.line.Line'>, autoDraw=False, autoLog=True, closeShape=False, color=array([1., 1., 1.]), colorSpace='rgb', contrast=None, depth=0, fillColor=array([0, 0, 0]), fillColorSpace='rgb', fillRGB=array([0, 0, 0]), interpolate=True, lineColor=array([1., 1., 1.]), lineColorSpace='rgb', lineRGB=array([1, 1, 1]), lineWidth=3, name='unnamed Line', opacity=0.5, ori=0.0, pos=array([0., 0.]), size=array([1., 1.]), units='norm', vertices=array([[ 0.5 , -0.05],
       [ 0.5 ,  0.05]]), win=Window(...), windingRule=None)
121.4382 	EXP 	Created unnamed TextStim = TextStim(__class__=<class 'psychopy.visual.text.TextStim'>, alignHoriz=method-wrapper(...), alignText='center', alignVert=method-wrapper(...), anchorHoriz='center', anchorVert='center', antialias=True, autoLog=True, bold=False, color=array([1., 1., 1.]), colorSpace='rgb', contrast=1.0, depth=0, flipHoriz=False, flipVert=False, font='', fontFiles=[], height=0.05, italic=False, languageStyle='LTR', name='unnamed TextStim', opacity=1.0, ori=0.0, pos=array([-0.5, -0.1]), rgb=UNKNOWN, text='Clearly \n NOTHING', units='norm', win=Window(...), wrapWidth=1)
121.4392 	EXP 	Created unnamed TextStim = TextStim(__class__=<class 'psychopy.visual.text.TextStim'>, alignHoriz=method-wrapper(...), alignText='center', alignVert=method-wrapper(...), anchorHoriz='center', anchorVert='center', antialias=True, autoLog=True, bold=False, color=array([1., 1., 1.]), colorSpace='rgb', contrast=1.0, depth=0, flipHoriz=False, flipVert=False, font='', fontFiles=[], height=0.05, italic=False, languageStyle='LTR', name='unnamed TextStim', opacity=1.0, ori=0.0, pos=array([-0.16666667, -0.1       ]), rgb=UNKNOWN, text='', units='norm', win=Window(...), wrapWidth=1)
121.4403 	EXP 	Created unnamed TextStim = TextStim(__class__=<class 'psychopy.visual.text.TextStim'>, alignHoriz=method-wrapper(...), alignText='center', alignVert=method-wrapper(...), anchorHoriz='center', anchorVert='center', antialias=True, autoLog=True, bold=False, color=array([1., 1., 1.]), colorSpace='rgb', contrast=1.0, depth=0, flipHoriz=False, flipVert=False, font='', fontFiles=[], height=0.05, italic=False, languageStyle='LTR', name='unnamed TextStim', opacity=1.0, ori=0.0, pos=array([ 0.16666667, -0.1       ]), rgb=UNKNOWN, text='', units='norm', win=Window(...), wrapWidth=1)
121.4448 	EXP 	Created unnamed TextStim = TextStim(__class__=<class 'psychopy.visual.text.TextStim'>, alignHoriz=method-wrapper(...), alignText='center', alignVert=method-wrapper(...), anchorHoriz='center', anchorVert='center', antialias=True, autoLog=True, bold=False, color=array([1., 1., 1.]), colorSpace='rgb', contrast=1.0, depth=0, flipHoriz=False, flipVert=False, font='', fontFiles=[], height=0.05, italic=False, languageStyle='LTR', name='unnamed TextStim', opacity=1.0, ori=0.0, pos=array([ 0.5, -0.1]), rgb=UNKNOWN, text='Clearly \n SOMETHING', units='norm', win=Window(...), wrapWidth=1)
121.4468 	EXP 	Created unnamed ShapeStim = ShapeStim(__class__=<class 'psychopy.visual.shape.ShapeStim'>, autoDraw=False, autoLog=True, closeShape=True, color=method-wrapper(...), colorSpace='rgb', contrast=None, depth=0, fillColor=array([1, 1, 1]), fillColorSpace='rgb', fillRGB=array([1, 1, 1]), interpolate=True, lineColor=array([-1., -1., -1.]), lineColorSpace='rgb', lineRGB=array([-1, -1, -1]), lineWidth=1.5, name='unnamed ShapeStim', opacity=1.0, ori=0.0, pos=array([0., 0.]), size=array([1., 1.]), units='norm', vertices=ndarray(...), win=Window(...), windingRule=None)
121.4543 	EXP 	Created instru = TextStim(__class__=<class 'psychopy.visual.text.TextStim'>, alignHoriz=method-wrapper(...), alignText='center', alignVert=method-wrapper(...), anchorHoriz='center', anchorVert='center', antialias=True, autoLog=True, bold=False, color=array([1., 1., 1.]), colorSpace='rgb', contrast=1.0, depth=0.0, flipHoriz=False, flipVert=False, font='Arial', fontFiles=[], height=0.07, italic=False, languageStyle='LTR', name='instru', opacity=1, ori=0, pos=array([0. , 0.5]), rgb=UNKNOWN, text=str(...), units='norm', win=Window(...), wrapWidth=1)
121.4563 	EXP 	Created unnamed Line = Line(__class__=<class 'psychopy.visual.line.Line'>, autoDraw=False, autoLog=True, closeShape=False, color=array([1., 1., 1.]), colorSpace='rgb', contrast=None, depth=0, fillColor=array([0, 0, 0]), fillColorSpace='rgb', fillRGB=array([0, 0, 0]), interpolate=True, lineColor=array([1., 1., 1.]), lineColorSpace='rgb', lineRGB=array([1, 1, 1]), lineWidth=5, name='unnamed Line', opacity=0.5, ori=0.0, pos=array([0., 0.]), size=array([1., 1.]), units='norm', vertices=array([[-0.5,  0. ],
       [ 0.5,  0. ]]), win=Window(...), windingRule=None)
121.4584 	EXP 	Created unnamed Line = Line(__class__=<class 'psychopy.visual.line.Line'>, autoDraw=False, autoLog=True, closeShape=False, color=array([1., 1., 1.]), colorSpace='rgb', contrast=None, depth=0, fillColor=array([0, 0, 0]), fillColorSpace='rgb', fillRGB=array([0, 0, 0]), interpolate=True, lineColor=array([1., 1., 1.]), lineColorSpace='rgb', lineRGB=array([1, 1, 1]), lineWidth=3, name='unnamed Line', opacity=0.5, ori=0.0, pos=array([0., 0.]), size=array([1., 1.]), units='norm', vertices=array([[-0.5 , -0.05],
       [-0.5 ,  0.05]]), win=Window(...), windingRule=None)
121.4604 	EXP 	Created unnamed Line = Line(__class__=<class 'psychopy.visual.line.Line'>, autoDraw=False, autoLog=True, closeShape=False, color=array([1., 1., 1.]), colorSpace='rgb', contrast=None, depth=0, fillColor=array([0, 0, 0]), fillColorSpace='rgb', fillRGB=array([0, 0, 0]), interpolate=True, lineColor=array([1., 1., 1.]), lineColorSpace='rgb', lineRGB=array([1, 1, 1]), lineWidth=3, name='unnamed Line', opacity=0.5, ori=0.0, pos=array([0., 0.]), size=array([1., 1.]), units='norm', vertices=ndarray(...), win=Window(...), windingRule=None)
121.4625 	EXP 	Created unnamed Line = Line(__class__=<class 'psychopy.visual.line.Line'>, autoDraw=False, autoLog=True, closeShape=False, color=array([1., 1., 1.]), colorSpace='rgb', contrast=None, depth=0, fillColor=array([0, 0, 0]), fillColorSpace='rgb', fillRGB=array([0, 0, 0]), interpolate=True, lineColor=array([1., 1., 1.]), lineColorSpace='rgb', lineRGB=array([1, 1, 1]), lineWidth=3, name='unnamed Line', opacity=0.5, ori=0.0, pos=array([0., 0.]), size=array([1., 1.]), units='norm', vertices=ndarray(...), win=Window(...), windingRule=None)
121.4645 	EXP 	Created unnamed Line = Line(__class__=<class 'psychopy.visual.line.Line'>, autoDraw=False, autoLog=True, closeShape=False, color=array([1., 1., 1.]), colorSpace='rgb', contrast=None, depth=0, fillColor=array([0, 0, 0]), fillColorSpace='rgb', fillRGB=array([0, 0, 0]), interpolate=True, lineColor=array([1., 1., 1.]), lineColorSpace='rgb', lineRGB=array([1, 1, 1]), lineWidth=3, name='unnamed Line', opacity=0.5, ori=0.0, pos=array([0., 0.]), size=array([1., 1.]), units='norm', vertices=array([[ 0.5 , -0.05],
       [ 0.5 ,  0.05]]), win=Window(...), windingRule=None)
121.4699 	EXP 	Created unnamed TextStim = TextStim(__class__=<class 'psychopy.visual.text.TextStim'>, alignHoriz=method-wrapper(...), alignText='center', alignVert=method-wrapper(...), anchorHoriz='center', anchorVert='center', antialias=True, autoLog=True, bold=False, color=array([1., 1., 1.]), colorSpace='rgb', contrast=1.0, depth=0, flipHoriz=False, flipVert=False, font='', fontFiles=[], height=0.05, italic=False, languageStyle='LTR', name='unnamed TextStim', opacity=1.0, ori=0.0, pos=array([-0.5, -0.1]), rgb=UNKNOWN, text='Clearly \n SPONTANEOUS', units='norm', win=Window(...), wrapWidth=1)
121.4711 	EXP 	Created unnamed TextStim = TextStim(__class__=<class 'psychopy.visual.text.TextStim'>, alignHoriz=method-wrapper(...), alignText='center', alignVert=method-wrapper(...), anchorHoriz='center', anchorVert='center', antialias=True, autoLog=True, bold=False, color=array([1., 1., 1.]), colorSpace='rgb', contrast=1.0, depth=0, flipHoriz=False, flipVert=False, font='', fontFiles=[], height=0.05, italic=False, languageStyle='LTR', name='unnamed TextStim', opacity=1.0, ori=0.0, pos=array([-0.16666667, -0.1       ]), rgb=UNKNOWN, text='', units='norm', win=Window(...), wrapWidth=1)
121.4724 	EXP 	Created unnamed TextStim = TextStim(__class__=<class 'psychopy.visual.text.TextStim'>, alignHoriz=method-wrapper(...), alignText='center', alignVert=method-wrapper(...), anchorHoriz='center', anchorVert='center', antialias=True, autoLog=True, bold=False, color=array([1., 1., 1.]), colorSpace='rgb', contrast=1.0, depth=0, flipHoriz=False, flipVert=False, font='', fontFiles=[], height=0.05, italic=False, languageStyle='LTR', name='unnamed TextStim', opacity=1.0, ori=0.0, pos=array([ 0.16666667, -0.1       ]), rgb=UNKNOWN, text='', units='norm', win=Window(...), wrapWidth=1)
121.4785 	EXP 	Created unnamed TextStim = TextStim(__class__=<class 'psychopy.visual.text.TextStim'>, alignHoriz=method-wrapper(...), alignText='center', alignVert=method-wrapper(...), anchorHoriz='center', anchorVert='center', antialias=True, autoLog=True, bold=False, color=array([1., 1., 1.]), colorSpace='rgb', contrast=1.0, depth=0, flipHoriz=False, flipVert=False, font='', fontFiles=[], height=0.05, italic=False, languageStyle='LTR', name='unnamed TextStim', opacity=1.0, ori=0.0, pos=array([ 0.5, -0.1]), rgb=UNKNOWN, text='Clearly \n DELIBERATE', units='norm', win=Window(...), wrapWidth=1)
121.4804 	EXP 	Created unnamed ShapeStim = ShapeStim(__class__=<class 'psychopy.visual.shape.ShapeStim'>, autoDraw=False, autoLog=True, closeShape=True, color=method-wrapper(...), colorSpace='rgb', contrast=None, depth=0, fillColor=array([1, 1, 1]), fillColorSpace='rgb', fillRGB=array([1, 1, 1]), interpolate=True, lineColor=array([-1., -1., -1.]), lineColorSpace='rgb', lineRGB=array([-1, -1, -1]), lineWidth=1.5, name='unnamed ShapeStim', opacity=1.0, ori=0.0, pos=array([0., 0.]), size=array([1., 1.]), units='norm', vertices=ndarray(...), win=Window(...), windingRule=None)
121.5302 	EXP 	Sound  set volume 1.000
121.5638 	EXP 	unnamed ShapeStim: vertices = <class 'numpy.ndarray'>
121.5638 	EXP 	unnamed ShapeStim: vertices = <class 'numpy.ndarray'>
121.5638 	EXP 	unnamed ShapeStim: vertices = <class 'numpy.ndarray'>
123.9319 	DATA 	Keypress: rctrl
124.6199 	DATA 	Keypress: rctrl
125.1798 	DATA 	Keypress: rctrl
125.2040 	EXP 	unnamed TextStim: text = ''
125.2040 	EXP 	unnamed TextStim: text = ''
127.0886 	DATA 	Keypress: 3
127.1051 	EXP 	unnamed ShapeStim: vertices = <class 'numpy.ndarray'>
128.6234 	DATA 	Keypress: rctrl
129.4359 	DATA 	Keypress: rctrl
129.4575 	EXP 	unnamed TextStim: text = ''
129.4575 	EXP 	unnamed TextStim: text = ''
129.8246 	DATA 	Keypress: 3
129.8411 	EXP 	unnamed ShapeStim: vertices = <class 'numpy.ndarray'>
132.0119 	DATA 	Keypress: rctrl
132.0263 	EXP 	unnamed TextStim: text = ''
132.0263 	EXP 	unnamed TextStim: text = ''
132.3767 	DATA 	Keypress: 3
132.3933 	EXP 	unnamed ShapeStim: vertices = <class 'numpy.ndarray'>
134.7319 	DATA 	Keypress: rctrl
135.2919 	DATA 	Keypress: rctrl
136.8119 	DATA 	Keypress: rctrl
137.3310 	EXP 	Sound  started
137.9958 	DATA 	Keypress: rctrl
138.0809 	EXP 	Sound  started
138.7639 	DATA 	Keypress: lctrl
138.8309 	EXP 	Sound  started
139.5158 	DATA 	Keypress: rctrl
139.5809 	EXP 	Sound  started
140.2519 	DATA 	Keypress: lctrl
140.3310 	EXP 	Sound  started
141.0810 	EXP 	Sound  started
141.0838 	DATA 	Keypress: rctrl
141.8199 	DATA 	Keypress: rctrl
141.8310 	EXP 	Sound  started
142.5078 	DATA 	Keypress: lctrl
142.5810 	EXP 	Sound  started
143.2119 	DATA 	Keypress: rctrl
143.3310 	EXP 	Sound  started
143.9799 	DATA 	Keypress: rctrl
144.0810 	EXP 	Sound  started
144.7159 	DATA 	Keypress: lctrl
144.8311 	EXP 	Sound  started
145.4999 	DATA 	Keypress: rctrl
145.5811 	EXP 	Sound  started
146.2998 	DATA 	Keypress: rctrl
146.3311 	EXP 	Sound  started
147.0519 	DATA 	Keypress: rctrl
147.0811 	EXP 	Sound  started
147.8038 	DATA 	Keypress: rctrl
147.8311 	EXP 	Sound  started
148.5399 	DATA 	Keypress: rctrl
148.5811 	EXP 	Sound  started
149.2920 	DATA 	Keypress: lctrl
149.3311 	EXP 	Sound  started
149.9959 	DATA 	Keypress: rctrl
150.0812 	EXP 	Sound  started
150.7638 	DATA 	Keypress: lctrl
150.8312 	EXP 	Sound  started
151.5478 	DATA 	Keypress: lctrl
151.5812 	EXP 	Sound  started
152.3159 	DATA 	Keypress: rctrl
152.3312 	EXP 	Sound  started
152.9719 	DATA 	Keypress: lctrl
153.0812 	EXP 	Sound  started
153.7558 	DATA 	Keypress: rctrl
153.8312 	EXP 	Sound  started
154.5240 	DATA 	Keypress: lctrl
154.5812 	EXP 	Sound  started
155.2918 	DATA 	Keypress: lctrl
155.3313 	EXP 	Sound  started
156.0599 	DATA 	Keypress: lctrl
156.0813 	EXP 	Sound  started
156.7799 	DATA 	Keypress: rctrl
156.8313 	EXP 	Sound  started
157.5798 	DATA 	Keypress: rctrl
157.5813 	EXP 	Sound  started
158.2358 	DATA 	Keypress: lctrl
158.3313 	EXP 	Sound  started
158.9879 	DATA 	Keypress: rctrl
159.0813 	EXP 	Sound  started
159.6918 	DATA 	Keypress: lctrl
159.8313 	EXP 	Sound  started
160.5398 	DATA 	Keypress: rctrl
160.5813 	EXP 	Sound  started
161.3078 	DATA 	Keypress: rctrl
161.3314 	EXP 	Sound  started
162.0119 	DATA 	Keypress: rctrl
162.0814 	EXP 	Sound  started
162.6358 	DATA 	Keypress: lctrl
162.8314 	EXP 	Sound  started
163.4839 	DATA 	Keypress: lctrl
163.5814 	EXP 	Sound  started
164.2679 	DATA 	Keypress: lctrl
164.3314 	EXP 	Sound  started
164.9559 	DATA 	Keypress: lctrl
165.0814 	EXP 	Sound  started
165.7399 	DATA 	Keypress: lctrl
165.8314 	EXP 	Sound  started
166.5079 	DATA 	Keypress: lctrl
166.5815 	EXP 	Sound  started
167.2438 	DATA 	Keypress: lctrl
167.3315 	EXP 	Sound  started
168.0280 	DATA 	Keypress: rctrl
168.0815 	EXP 	Sound  started
168.7798 	DATA 	Keypress: lctrl
168.8315 	EXP 	Sound  started
169.5799 	DATA 	Keypress: lctrl
169.5815 	EXP 	Sound  started
170.3159 	DATA 	Keypress: rctrl
170.3315 	EXP 	Sound  started
171.0198 	DATA 	Keypress: rctrl
171.0816 	EXP 	Sound  started
171.7558 	DATA 	Keypress: lctrl
171.8316 	EXP 	Sound  started
172.5398 	DATA 	Keypress: rctrl
172.5816 	EXP 	Sound  started
173.2599 	DATA 	Keypress: lctrl
173.3316 	EXP 	Sound  started
173.9638 	DATA 	Keypress: rctrl
174.0816 	EXP 	Sound  started
174.7958 	DATA 	Keypress: lctrl
174.8316 	EXP 	Sound  started
175.5158 	DATA 	Keypress: rctrl
175.5817 	EXP 	Sound  started
176.2358 	DATA 	Keypress: lctrl
176.3317 	EXP 	Sound  started
176.9880 	DATA 	Keypress: rctrl
177.0817 	EXP 	Sound  started
177.7878 	DATA 	Keypress: rctrl
177.8317 	EXP 	Sound  started
178.4758 	DATA 	Keypress: rctrl
178.5817 	EXP 	Sound  started
179.2918 	DATA 	Keypress: lctrl
179.3317 	EXP 	Sound  started
179.9958 	DATA 	Keypress: rctrl
180.0818 	EXP 	Sound  started
180.8278 	DATA 	Keypress: lctrl
180.8318 	EXP 	Sound  started
181.5158 	DATA 	Keypress: lctrl
181.5818 	EXP 	Sound  started
182.2199 	DATA 	Keypress: rctrl
182.3318 	EXP 	Sound  started
182.9718 	DATA 	Keypress: lctrl
183.0818 	EXP 	Sound  started
183.7238 	DATA 	Keypress: rctrl
183.8318 	EXP 	Sound  started
184.5079 	DATA 	Keypress: rctrl
184.5818 	EXP 	Sound  started
185.2278 	DATA 	Keypress: lctrl
195.0442 	DATA 	Keypress: 1
195.0607 	EXP 	unnamed ShapeStim: vertices = <class 'numpy.ndarray'>
199.0475 	DATA 	Keypress: 4
199.0640 	EXP 	unnamed ShapeStim: vertices = <class 'numpy.ndarray'>
212.2583 	DATA 	Keypress: 1
212.2748 	EXP 	unnamed ShapeStim: vertices = <class 'numpy.ndarray'>
214.5594 	EXP 	Sound  started
214.7798 	DATA 	Keypress: rctrl
215.2278 	DATA 	Keypress: lctrl
215.3094 	EXP 	Sound  started
215.9638 	DATA 	Keypress: rctrl
216.0594 	EXP 	Sound  started
216.7478 	DATA 	Keypress: rctrl
216.8094 	EXP 	Sound  started
217.4679 	DATA 	Keypress: rctrl
217.5594 	EXP 	Sound  started
218.3095 	EXP 	Sound  started
218.3159 	DATA 	Keypress: lctrl
219.0358 	DATA 	Keypress: rctrl
219.0595 	EXP 	Sound  started
219.7238 	DATA 	Keypress: lctrl
219.8095 	EXP 	Sound  started
220.3958 	DATA 	Keypress: rctrl
220.5595 	EXP 	Sound  started
221.2438 	DATA 	Keypress: rctrl
221.3095 	EXP 	Sound  started
221.9798 	DATA 	Keypress: rctrl
222.0595 	EXP 	Sound  started
222.7478 	DATA 	Keypress: lctrl
222.8095 	EXP 	Sound  started
223.4999 	DATA 	Keypress: rctrl
223.5596 	EXP 	Sound  started
224.2198 	DATA 	Keypress: lctrl
224.3096 	EXP 	Sound  started
224.9718 	DATA 	Keypress: rctrl
225.0596 	EXP 	Sound  started
225.7399 	DATA 	Keypress: lctrl
225.8096 	EXP 	Sound  started
226.4598 	DATA 	Keypress: lctrl
226.5596 	EXP 	Sound  started
227.2438 	DATA 	Keypress: rctrl
227.3096 	EXP 	Sound  started
227.8998 	DATA 	Keypress: lctrl
228.0597 	EXP 	Sound  started
228.6678 	DATA 	Keypress: rctrl
228.8097 	EXP 	Sound  started
229.4839 	DATA 	Keypress: rctrl
229.5597 	EXP 	Sound  started
230.2359 	DATA 	Keypress: lctrl
230.3097 	EXP 	Sound  started
230.9719 	DATA 	Keypress: rctrl
231.0597 	EXP 	Sound  started
231.7238 	DATA 	Keypress: lctrl
231.8097 	EXP 	Sound  started
232.5238 	DATA 	Keypress: lctrl
232.5597 	EXP 	Sound  started
233.2438 	DATA 	Keypress: rctrl
233.3098 	EXP 	Sound  started
233.9478 	DATA 	Keypress: rctrl
234.0598 	EXP 	Sound  started
234.7318 	DATA 	Keypress: lctrl
234.8098 	EXP 	Sound  started
235.4038 	DATA 	Keypress: rctrl
235.5598 	EXP 	Sound  started
236.1880 	DATA 	Keypress: lctrl
236.3098 	EXP 	Sound  started
236.9719 	DATA 	Keypress: rctrl
237.0598 	EXP 	Sound  started
237.6918 	DATA 	Keypress: rctrl
237.8099 	EXP 	Sound  started
238.4918 	DATA 	Keypress: lctrl
238.5599 	EXP 	Sound  started
239.2118 	DATA 	Keypress: rctrl
239.3099 	EXP 	Sound  started
239.9158 	DATA 	Keypress: lctrl
240.0600 	EXP 	Sound  started
240.7478 	DATA 	Keypress: rctrl
240.8100 	EXP 	Sound  started
241.4679 	DATA 	Keypress: rctrl
241.5601 	EXP 	Sound  started
242.1879 	DATA 	Keypress: lctrl
242.3101 	EXP 	Sound  started
242.9398 	DATA 	Keypress: rctrl
243.0601 	EXP 	Sound  started
243.7239 	DATA 	Keypress: lctrl
243.8101 	EXP 	Sound  started
244.4918 	DATA 	Keypress: lctrl
244.5601 	EXP 	Sound  started
245.1798 	DATA 	Keypress: rctrl
245.3101 	EXP 	Sound  started
245.9798 	DATA 	Keypress: lctrl
246.0602 	EXP 	Sound  started
246.7478 	DATA 	Keypress: rctrl
246.8102 	EXP 	Sound  started
247.4838 	DATA 	Keypress: rctrl
247.5602 	EXP 	Sound  started
248.2838 	DATA 	Keypress: lctrl
248.3102 	EXP 	Sound  started
248.9558 	DATA 	Keypress: rctrl
249.0602 	EXP 	Sound  started
249.7718 	DATA 	Keypress: lctrl
249.8102 	EXP 	Sound  started
250.5078 	DATA 	Keypress: lctrl
250.5602 	EXP 	Sound  started
251.2278 	DATA 	Keypress: rctrl
251.3102 	EXP 	Sound  started
251.9798 	DATA 	Keypress: rctrl
252.0603 	EXP 	Sound  started
252.7638 	DATA 	Keypress: lctrl
252.8103 	EXP 	Sound  started
253.4518 	DATA 	Keypress: rctrl
253.5603 	EXP 	Sound  started
254.2358 	DATA 	Keypress: lctrl
263.6671 	DATA 	Keypress: 1
263.6836 	EXP 	unnamed ShapeStim: vertices = <class 'numpy.ndarray'>
271.1899 	DATA 	Keypress: 4
271.2064 	EXP 	unnamed ShapeStim: vertices = <class 'numpy.ndarray'>
274.9763 	DATA 	Keypress: 1
274.9928 	EXP 	unnamed ShapeStim: vertices = <class 'numpy.ndarray'>
277.2769 	EXP 	Sound  started
277.3878 	DATA 	Keypress: rctrl
277.8677 	DATA 	Keypress: lctrl
278.0268 	EXP 	Sound  started
278.6678 	DATA 	Keypress: rctrl
278.7768 	EXP 	Sound  started
279.4197 	DATA 	Keypress: lctrl
279.5268 	EXP 	Sound  started
280.1077 	DATA 	Keypress: lctrl
280.2768 	EXP 	Sound  started
280.9239 	DATA 	Keypress: rctrl
281.0268 	EXP 	Sound  started
281.6918 	DATA 	Keypress: lctrl
281.7768 	EXP 	Sound  started
282.4438 	DATA 	Keypress: lctrl
282.5269 	EXP 	Sound  started
283.1960 	DATA 	Keypress: rctrl
283.2769 	EXP 	Sound  started
283.9638 	DATA 	Keypress: rctrl
284.0269 	EXP 	Sound  started
284.6838 	DATA 	Keypress: lctrl
284.7769 	EXP 	Sound  started
285.4198 	DATA 	Keypress: rctrl
285.5269 	EXP 	Sound  started
286.1558 	DATA 	Keypress: lctrl
286.2769 	EXP 	Sound  started
287.0198 	DATA 	Keypress: lctrl
287.0269 	EXP 	Sound  started
287.7397 	DATA 	Keypress: lctrl
287.7769 	EXP 	Sound  started
288.4117 	DATA 	Keypress: rctrl
288.5270 	EXP 	Sound  started
289.2770 	EXP 	Sound  started
289.3077 	DATA 	Keypress: rctrl
289.9317 	DATA 	Keypress: lctrl
290.0270 	EXP 	Sound  started
290.6678 	DATA 	Keypress: rctrl
290.7770 	EXP 	Sound  started
291.4678 	DATA 	Keypress: lctrl
291.5270 	EXP 	Sound  started
292.2517 	DATA 	Keypress: rctrl
292.2770 	EXP 	Sound  started
292.9717 	DATA 	Keypress: lctrl
293.0271 	EXP 	Sound  started
293.6439 	DATA 	Keypress: rctrl
293.7771 	EXP 	Sound  started
294.4918 	DATA 	Keypress: rctrl
294.5271 	EXP 	Sound  started
295.2757 	DATA 	Keypress: lctrl
295.2771 	EXP 	Sound  started
296.0117 	DATA 	Keypress: rctrl
296.0271 	EXP 	Sound  started
296.6838 	DATA 	Keypress: lctrl
296.7772 	EXP 	Sound  started
297.4837 	DATA 	Keypress: lctrl
297.5272 	EXP 	Sound  started
298.2517 	DATA 	Keypress: lctrl
298.2772 	EXP 	Sound  started
298.8918 	DATA 	Keypress: rctrl
299.0272 	EXP 	Sound  started
299.5638 	DATA 	Keypress: lctrl
299.7772 	EXP 	Sound  started
300.3797 	DATA 	Keypress: rctrl
300.5272 	EXP 	Sound  started
301.2278 	DATA 	Keypress: rctrl
301.2772 	EXP 	Sound  started
301.9158 	DATA 	Keypress: lctrl
302.0273 	EXP 	Sound  started
302.6997 	DATA 	Keypress: rctrl
302.7773 	EXP 	Sound  started
303.4998 	DATA 	Keypress: lctrl
303.5273 	EXP 	Sound  started
304.1878 	DATA 	Keypress: rctrl
304.2773 	EXP 	Sound  started
304.9877 	DATA 	Keypress: rctrl
305.0273 	EXP 	Sound  started
305.7237 	DATA 	Keypress: rctrl
305.7773 	EXP 	Sound  started
306.4438 	DATA 	Keypress: rctrl
306.5273 	EXP 	Sound  started
307.2438 	DATA 	Keypress: lctrl
307.2773 	EXP 	Sound  started
307.9798 	DATA 	Keypress: rctrl
308.0274 	EXP 	Sound  started
308.7637 	DATA 	Keypress: lctrl
308.7774 	EXP 	Sound  started
309.4838 	DATA 	Keypress: lctrl
309.5274 	EXP 	Sound  started
310.2518 	DATA 	Keypress: lctrl
310.2774 	EXP 	Sound  started
311.0274 	EXP 	Sound  started
311.0358 	DATA 	Keypress: lctrl
311.7774 	EXP 	Sound  started
311.7878 	DATA 	Keypress: lctrl
312.4758 	DATA 	Keypress: rctrl
312.5274 	EXP 	Sound  started
313.2757 	DATA 	Keypress: rctrl
313.2775 	EXP 	Sound  started
313.9478 	DATA 	Keypress: rctrl
314.0275 	EXP 	Sound  started
314.7158 	DATA 	Keypress: rctrl
314.7775 	EXP 	Sound  started
315.4838 	DATA 	Keypress: lctrl
315.5275 	EXP 	Sound  started
316.2197 	DATA 	Keypress: rctrl
316.2775 	EXP 	Sound  started
316.9878 	DATA 	Keypress: lctrl
317.0275 	EXP 	Sound  started
317.7237 	DATA 	Keypress: lctrl
317.7776 	EXP 	Sound  started
318.4918 	DATA 	Keypress: rctrl
318.5276 	EXP 	Sound  started
319.2757 	DATA 	Keypress: lctrl
319.2776 	EXP 	Sound  started
319.9477 	DATA 	Keypress: rctrl
320.0276 	EXP 	Sound  started
320.7776 	EXP 	Sound  started
320.8117 	DATA 	Keypress: rctrl
321.4998 	DATA 	Keypress: rctrl
321.5276 	EXP 	Sound  started
322.2517 	DATA 	Keypress: lctrl
322.2777 	EXP 	Sound  started
322.9877 	DATA 	Keypress: rctrl
323.0277 	EXP 	Sound  started
323.7717 	DATA 	Keypress: lctrl
323.7777 	EXP 	Sound  started
324.5277 	EXP 	Sound  started
324.5397 	DATA 	Keypress: lctrl
325.2438 	DATA 	Keypress: rctrl
325.2777 	EXP 	Sound  started
325.9957 	DATA 	Keypress: lctrl
326.0277 	EXP 	Sound  started
326.7777 	EXP 	Sound  started
326.7797 	DATA 	Keypress: lctrl
327.4837 	DATA 	Keypress: rctrl
330.3717 	DATA 	Keypress: 4
330.3882 	EXP 	unnamed ShapeStim: vertices = <class 'numpy.ndarray'>
335.5259 	DATA 	Keypress: 1
335.5424 	EXP 	unnamed ShapeStim: vertices = <class 'numpy.ndarray'>
337.7277 	DATA 	Keypress: 4
337.7442 	EXP 	unnamed ShapeStim: vertices = <class 'numpy.ndarray'>
340.0301 	EXP 	Sound  started
340.0306 	DATA 	Keypress: rctrl
340.5717 	DATA 	Keypress: lctrl
340.7801 	EXP 	Sound  started
341.4517 	DATA 	Keypress: rctrl
341.5301 	EXP 	Sound  started
342.2198 	DATA 	Keypress: lctrl
342.2801 	EXP 	Sound  started
342.9718 	DATA 	Keypress: rctrl
343.0301 	EXP 	Sound  started
343.6117 	DATA 	Keypress: lctrl
343.7801 	EXP 	Sound  started
344.4437 	DATA 	Keypress: rctrl
344.5301 	EXP 	Sound  started
345.1798 	DATA 	Keypress: rctrl
345.2801 	EXP 	Sound  started
345.9637 	DATA 	Keypress: lctrl
346.0302 	EXP 	Sound  started
346.6678 	DATA 	Keypress: rctrl
346.7802 	EXP 	Sound  started
347.4197 	DATA 	Keypress: lctrl
347.5302 	EXP 	Sound  started
348.1397 	DATA 	Keypress: rctrl
348.2802 	EXP 	Sound  started
348.9717 	DATA 	Keypress: rctrl
349.0302 	EXP 	Sound  started
349.7237 	DATA 	Keypress: rctrl
349.7802 	EXP 	Sound  started
350.4757 	DATA 	Keypress: lctrl
350.5303 	EXP 	Sound  started
351.1797 	DATA 	Keypress: rctrl
351.2803 	EXP 	Sound  started
351.9637 	DATA 	Keypress: lctrl
352.0303 	EXP 	Sound  started
352.6997 	DATA 	Keypress: rctrl
352.7803 	EXP 	Sound  started
353.5157 	DATA 	Keypress: rctrl
353.5303 	EXP 	Sound  started
354.1717 	DATA 	Keypress: rctrl
354.2803 	EXP 	Sound  started
354.9877 	DATA 	Keypress: lctrl
355.0303 	EXP 	Sound  started
355.7238 	DATA 	Keypress: rctrl
355.7803 	EXP 	Sound  started
356.4437 	DATA 	Keypress: lctrl
356.5304 	EXP 	Sound  started
357.2117 	DATA 	Keypress: rctrl
357.2804 	EXP 	Sound  started
357.9158 	DATA 	Keypress: rctrl
358.0304 	EXP 	Sound  started
358.6197 	DATA 	Keypress: lctrl
358.7804 	EXP 	Sound  started
359.4357 	DATA 	Keypress: lctrl
359.5304 	EXP 	Sound  started
360.2197 	DATA 	Keypress: lctrl
360.2804 	EXP 	Sound  started
360.9877 	DATA 	Keypress: rctrl
361.0304 	EXP 	Sound  started
361.7805 	EXP 	Sound  started
361.7877 	DATA 	Keypress: rctrl
362.4437 	DATA 	Keypress: lctrl
362.5305 	EXP 	Sound  started
363.1797 	DATA 	Keypress: rctrl
363.2805 	EXP 	Sound  started
363.9637 	DATA 	Keypress: lctrl
364.0305 	EXP 	Sound  started
364.7477 	DATA 	Keypress: rctrl
364.7805 	EXP 	Sound  started
365.5157 	DATA 	Keypress: rctrl
365.5305 	EXP 	Sound  started
366.2806 	EXP 	Sound  started
366.3157 	DATA 	Keypress: rctrl
367.0037 	DATA 	Keypress: rctrl
367.0306 	EXP 	Sound  started
367.7077 	DATA 	Keypress: lctrl
367.7806 	EXP 	Sound  started
368.5238 	DATA 	Keypress: lctrl
368.5306 	EXP 	Sound  started
369.1798 	DATA 	Keypress: rctrl
369.2806 	EXP 	Sound  started
369.9477 	DATA 	Keypress: lctrl
370.0307 	EXP 	Sound  started
370.6997 	DATA 	Keypress: rctrl
370.7807 	EXP 	Sound  started
371.5307 	EXP 	Sound  started
371.5317 	DATA 	Keypress: rctrl
372.2677 	DATA 	Keypress: lctrl
372.2807 	EXP 	Sound  started
373.0307 	EXP 	Sound  started
373.0357 	DATA 	Keypress: lctrl
373.7807 	EXP 	Sound  started
373.7877 	DATA 	Keypress: lctrl
374.4437 	DATA 	Keypress: rctrl
374.5307 	EXP 	Sound  started
375.1636 	DATA 	Keypress: lctrl
375.2808 	EXP 	Sound  started
376.0117 	DATA 	Keypress: rctrl
376.0308 	EXP 	Sound  started
376.7637 	DATA 	Keypress: lctrl
376.7808 	EXP 	Sound  started
377.5156 	DATA 	Keypress: lctrl
377.5308 	EXP 	Sound  started
378.2197 	DATA 	Keypress: lctrl
378.2808 	EXP 	Sound  started
378.9238 	DATA 	Keypress: rctrl
379.0309 	EXP 	Sound  started
379.8461 	DATA 	Keypress: rctrl
381.7304 	DATA 	Keypress: 4
381.7469 	EXP 	unnamed ShapeStim: vertices = <class 'numpy.ndarray'>
387.8855 	DATA 	Keypress: 2
387.9020 	EXP 	unnamed ShapeStim: vertices = <class 'numpy.ndarray'>
393.3566 	DATA 	Keypress: 4
393.3731 	EXP 	unnamed ShapeStim: vertices = <class 'numpy.ndarray'>
395.6582 	EXP 	Sound  started
395.6759 	DATA 	Keypress: rctrl
396.2677 	DATA 	Keypress: lctrl
396.4081 	EXP 	Sound  started
397.0837 	DATA 	Keypress: rctrl
397.1581 	EXP 	Sound  started
397.7717 	DATA 	Keypress: lctrl
397.9081 	EXP 	Sound  started
398.5877 	DATA 	Keypress: rctrl
398.6581 	EXP 	Sound  started
399.3237 	DATA 	Keypress: lctrl
399.4081 	EXP 	Sound  started
400.1557 	DATA 	Keypress: rctrl
400.1581 	EXP 	Sound  started
400.8758 	DATA 	Keypress: rctrl
400.9081 	EXP 	Sound  started
401.5637 	DATA 	Keypress: lctrl
401.6582 	EXP 	Sound  started
402.3317 	DATA 	Keypress: rctrl
402.4082 	EXP 	Sound  started
403.1156 	DATA 	Keypress: lctrl
403.1582 	EXP 	Sound  started
403.8836 	DATA 	Keypress: lctrl
403.9082 	EXP 	Sound  started
404.6517 	DATA 	Keypress: rctrl
404.6582 	EXP 	Sound  started
405.3717 	DATA 	Keypress: lctrl
405.4082 	EXP 	Sound  started
406.1077 	DATA 	Keypress: rctrl
406.1582 	EXP 	Sound  started
406.8437 	DATA 	Keypress: rctrl
406.9083 	EXP 	Sound  started
407.5636 	DATA 	Keypress: lctrl
407.6583 	EXP 	Sound  started
408.3637 	DATA 	Keypress: rctrl
408.4083 	EXP 	Sound  started
409.1583 	EXP 	Sound  started
409.1637 	DATA 	Keypress: rctrl
409.8838 	DATA 	Keypress: rctrl
409.9083 	EXP 	Sound  started
410.6196 	DATA 	Keypress: lctrl
410.6583 	EXP 	Sound  started
411.3717 	DATA 	Keypress: rctrl
411.4083 	EXP 	Sound  started
412.1237 	DATA 	Keypress: lctrl
412.1583 	EXP 	Sound  started
412.8437 	DATA 	Keypress: rctrl
412.9084 	EXP 	Sound  started
413.5957 	DATA 	Keypress: lctrl
413.6584 	EXP 	Sound  started
414.3317 	DATA 	Keypress: rctrl
414.4084 	EXP 	Sound  started
415.0836 	DATA 	Keypress: rctrl
415.1584 	EXP 	Sound  started
415.8357 	DATA 	Keypress: rctrl
415.9084 	EXP 	Sound  started
416.6037 	DATA 	Keypress: lctrl
416.6584 	EXP 	Sound  started
417.3397 	DATA 	Keypress: rctrl
417.4085 	EXP 	Sound  started
418.0757 	DATA 	Keypress: rctrl
418.1585 	EXP 	Sound  started
418.8117 	DATA 	Keypress: lctrl
418.9085 	EXP 	Sound  started
419.6116 	DATA 	Keypress: rctrl
419.6585 	EXP 	Sound  started
420.4085 	EXP 	Sound  started
420.4116 	DATA 	Keypress: rctrl
421.1158 	DATA 	Keypress: rctrl
421.1585 	EXP 	Sound  started
421.8517 	DATA 	Keypress: rctrl
421.9085 	EXP 	Sound  started
422.5716 	DATA 	Keypress: lctrl
422.6585 	EXP 	Sound  started
423.4086 	EXP 	Sound  started
423.4198 	DATA 	Keypress: lctrl
424.1076 	DATA 	Keypress: rctrl
424.1586 	EXP 	Sound  started
424.9086 	EXP 	Sound  started
424.9236 	DATA 	Keypress: lctrl
425.6586 	EXP 	Sound  started
425.6597 	DATA 	Keypress: rctrl
426.3796 	DATA 	Keypress: rctrl
426.4086 	EXP 	Sound  started
427.0836 	DATA 	Keypress: lctrl
427.1586 	EXP 	Sound  started
427.8996 	DATA 	Keypress: lctrl
427.9086 	EXP 	Sound  started
428.6587 	EXP 	Sound  started
428.7477 	DATA 	Keypress: lctrl
429.3556 	DATA 	Keypress: lctrl
429.4087 	EXP 	Sound  started
430.0917 	DATA 	Keypress: rctrl
430.1587 	EXP 	Sound  started
430.8916 	DATA 	Keypress: lctrl
430.9087 	EXP 	Sound  started
431.6437 	DATA 	Keypress: rctrl
431.6587 	EXP 	Sound  started
432.4087 	EXP 	Sound  started
432.4117 	DATA 	Keypress: rctrl
433.1156 	DATA 	Keypress: lctrl
433.1587 	EXP 	Sound  started
433.8996 	DATA 	Keypress: rctrl
433.9088 	EXP 	Sound  started
434.6196 	DATA 	Keypress: lctrl
434.6588 	EXP 	Sound  started
435.3716 	DATA 	Keypress: rctrl
435.4088 	EXP 	Sound  started
436.1077 	DATA 	Keypress: lctrl
436.1588 	EXP 	Sound  started
436.8757 	DATA 	Keypress: rctrl
436.9088 	EXP 	Sound  started
437.6588 	EXP 	Sound  started
437.6597 	DATA 	Keypress: lctrl
438.3316 	DATA 	Keypress: rctrl
438.4088 	EXP 	Sound  started
439.1476 	DATA 	Keypress: rctrl
439.1589 	EXP 	Sound  started
439.9089 	EXP 	Sound  started
439.9316 	DATA 	Keypress: lctrl
440.6516 	DATA 	Keypress: rctrl
440.6589 	EXP 	Sound  started
441.4036 	DATA 	Keypress: lctrl
441.4089 	EXP 	Sound  started
442.1558 	DATA 	Keypress: lctrl
442.1589 	EXP 	Sound  started
442.9089 	EXP 	Sound  started
442.9237 	DATA 	Keypress: rctrl
443.6276 	DATA 	Keypress: rctrl
443.6590 	EXP 	Sound  started
444.4090 	EXP 	Sound  started
444.4756 	DATA 	Keypress: rctrl
445.1477 	DATA 	Keypress: lctrl
445.1590 	EXP 	Sound  started
445.9090 	EXP 	Sound  started
445.9156 	DATA 	Keypress: rctrl
446.6878 	DATA 	Keypress: rctrl
448.7353 	DATA 	Keypress: 4
448.7518 	EXP 	unnamed ShapeStim: vertices = <class 'numpy.ndarray'>
454.3566 	DATA 	Keypress: 2
454.3731 	EXP 	unnamed ShapeStim: vertices = <class 'numpy.ndarray'>
456.2081 	DATA 	Keypress: 4
456.2246 	EXP 	unnamed ShapeStim: vertices = <class 'numpy.ndarray'>
458.5089 	EXP 	Sound  started
458.5092 	DATA 	Keypress: rctrl
459.0996 	DATA 	Keypress: lctrl
459.2589 	EXP 	Sound  started
459.9316 	DATA 	Keypress: rctrl
460.0089 	EXP 	Sound  started
460.6836 	DATA 	Keypress: rctrl
460.7589 	EXP 	Sound  started
461.4196 	DATA 	Keypress: lctrl
461.5090 	EXP 	Sound  started
462.1556 	DATA 	Keypress: lctrl
462.2590 	EXP 	Sound  started
462.9077 	DATA 	Keypress: rctrl
463.0090 	EXP 	Sound  started
463.6116 	DATA 	Keypress: rctrl
463.7590 	EXP 	Sound  started
464.4276 	DATA 	Keypress: rctrl
464.5090 	EXP 	Sound  started
465.1957 	DATA 	Keypress: lctrl
465.2590 	EXP 	Sound  started
465.9477 	DATA 	Keypress: rctrl
466.0091 	EXP 	Sound  started
466.7157 	DATA 	Keypress: lctrl
466.7591 	EXP 	Sound  started
467.4197 	DATA 	Keypress: rctrl
467.5091 	EXP 	Sound  started
468.1076 	DATA 	Keypress: rctrl
468.2591 	EXP 	Sound  started
468.9876 	DATA 	Keypress: rctrl
469.0091 	EXP 	Sound  started
469.6756 	DATA 	Keypress: lctrl
469.7591 	EXP 	Sound  started
470.4116 	DATA 	Keypress: rctrl
470.5091 	EXP 	Sound  started
471.1797 	DATA 	Keypress: lctrl
471.2591 	EXP 	Sound  started
471.9156 	DATA 	Keypress: rctrl
472.0092 	EXP 	Sound  started
472.6676 	DATA 	Keypress: rctrl
472.7592 	EXP 	Sound  started
473.4837 	DATA 	Keypress: rctrl
473.5092 	EXP 	Sound  started
474.1716 	DATA 	Keypress: lctrl
474.2592 	EXP 	Sound  started
474.9076 	DATA 	Keypress: rctrl
475.0092 	EXP 	Sound  started
475.7076 	DATA 	Keypress: rctrl
475.7592 	EXP 	Sound  started
476.4916 	DATA 	Keypress: lctrl
476.5092 	EXP 	Sound  started
477.1797 	DATA 	Keypress: rctrl
477.2593 	EXP 	Sound  started
477.8996 	DATA 	Keypress: lctrl
478.0093 	EXP 	Sound  started
478.6356 	DATA 	Keypress: rctrl
478.7593 	EXP 	Sound  started
479.4516 	DATA 	Keypress: lctrl
479.5093 	EXP 	Sound  started
480.1716 	DATA 	Keypress: rctrl
480.2593 	EXP 	Sound  started
481.0093 	EXP 	Sound  started
481.0196 	DATA 	Keypress: lctrl
481.7396 	DATA 	Keypress: lctrl
481.7593 	EXP 	Sound  started
482.4436 	DATA 	Keypress: rctrl
482.5094 	EXP 	Sound  started
483.1956 	DATA 	Keypress: rctrl
483.2594 	EXP 	Sound  started
483.9636 	DATA 	Keypress: lctrl
484.0094 	EXP 	Sound  started
484.7156 	DATA 	Keypress: lctrl
484.7594 	EXP 	Sound  started
485.4516 	DATA 	Keypress: rctrl
485.5094 	EXP 	Sound  started
486.2197 	DATA 	Keypress: lctrl
486.2595 	EXP 	Sound  started
487.0095 	EXP 	Sound  started
487.0196 	DATA 	Keypress: rctrl
487.7396 	DATA 	Keypress: lctrl
487.7595 	EXP 	Sound  started
488.5076 	DATA 	Keypress: rctrl
488.5095 	EXP 	Sound  started
489.2595 	EXP 	Sound  started
489.2756 	DATA 	Keypress: rctrl
490.0095 	EXP 	Sound  started
490.0276 	DATA 	Keypress: rctrl
490.7595 	EXP 	Sound  started
490.7796 	DATA 	Keypress: lctrl
491.4836 	DATA 	Keypress: rctrl
491.5096 	EXP 	Sound  started
492.2516 	DATA 	Keypress: lctrl
492.2596 	EXP 	Sound  started
492.9876 	DATA 	Keypress: rctrl
493.0096 	EXP 	Sound  started
493.7596 	EXP 	Sound  started
493.7716 	DATA 	Keypress: lctrl
494.4756 	DATA 	Keypress: rctrl
494.5096 	EXP 	Sound  started
495.2116 	DATA 	Keypress: lctrl
495.2596 	EXP 	Sound  started
495.9156 	DATA 	Keypress: rctrl
496.0096 	EXP 	Sound  started
496.7476 	DATA 	Keypress: rctrl
496.7597 	EXP 	Sound  started
497.5097 	EXP 	Sound  started
497.5317 	DATA 	Keypress: lctrl
498.2597 	EXP 	Sound  started
498.2836 	DATA 	Keypress: lctrl
499.0036 	DATA 	Keypress: lctrl
499.0097 	EXP 	Sound  started
499.7076 	DATA 	Keypress: rctrl
499.7597 	EXP 	Sound  started
500.4756 	DATA 	Keypress: lctrl
500.5097 	EXP 	Sound  started
501.2276 	DATA 	Keypress: rctrl
501.2597 	EXP 	Sound  started
501.9476 	DATA 	Keypress: rctrl
502.0098 	EXP 	Sound  started
502.7598 	EXP 	Sound  started
502.7636 	DATA 	Keypress: rctrl
503.5098 	EXP 	Sound  started
503.5316 	DATA 	Keypress: lctrl
504.1876 	DATA 	Keypress: rctrl
504.2598 	EXP 	Sound  started
504.9716 	DATA 	Keypress: lctrl
505.0098 	EXP 	Sound  started
505.7598 	EXP 	Sound  started
505.7876 	DATA 	Keypress: lctrl
506.5098 	EXP 	Sound  started
506.5236 	DATA 	Keypress: rctrl
507.2596 	DATA 	Keypress: lctrl
507.2600 	EXP 	Sound  started
507.9476 	DATA 	Keypress: rctrl
508.0100 	EXP 	Sound  started
508.7600 	EXP 	Sound  started
508.7636 	DATA 	Keypress: rctrl
509.4997 	DATA 	Keypress: rctrl
509.5100 	EXP 	Sound  started
510.2600 	EXP 	Sound  started
510.2676 	DATA 	Keypress: rctrl
510.9556 	DATA 	Keypress: lctrl
511.0100 	EXP 	Sound  started
511.7076 	DATA 	Keypress: rctrl
511.7600 	EXP 	Sound  started
512.4597 	DATA 	Keypress: lctrl
512.5101 	EXP 	Sound  started
513.2436 	DATA 	Keypress: lctrl
513.2601 	EXP 	Sound  started
514.0101 	EXP 	Sound  started
514.0276 	DATA 	Keypress: lctrl
514.6516 	DATA 	Keypress: rctrl
514.7601 	EXP 	Sound  started
515.4835 	DATA 	Keypress: lctrl
515.5101 	EXP 	Sound  started
516.2196 	DATA 	Keypress: rctrl
516.2601 	EXP 	Sound  started
517.0036 	DATA 	Keypress: lctrl
519.7935 	DATA 	Keypress: 3
519.8100 	EXP 	unnamed ShapeStim: vertices = <class 'numpy.ndarray'>
524.2471 	DATA 	Keypress: 3
524.2636 	EXP 	unnamed ShapeStim: vertices = <class 'numpy.ndarray'>
527.0866 	DATA 	Keypress: 3
527.1160 	EXP 	unnamed ShapeStim: vertices = <class 'numpy.ndarray'>
529.4001 	EXP 	Sound  started
529.4836 	DATA 	Keypress: rctrl
529.9956 	DATA 	Keypress: lctrl
530.1500 	EXP 	Sound  started
530.8437 	DATA 	Keypress: rctrl
530.9000 	EXP 	Sound  started
531.5957 	DATA 	Keypress: lctrl
531.6501 	EXP 	Sound  started
532.3636 	DATA 	Keypress: rctrl
532.4001 	EXP 	Sound  started
533.0356 	DATA 	Keypress: lctrl
533.1501 	EXP 	Sound  started
533.7875 	DATA 	Keypress: rctrl
533.9001 	EXP 	Sound  started
534.6356 	DATA 	Keypress: rctrl
534.6501 	EXP 	Sound  started
535.3556 	DATA 	Keypress: rctrl
535.4001 	EXP 	Sound  started
536.0915 	DATA 	Keypress: lctrl
536.1501 	EXP 	Sound  started
536.8436 	DATA 	Keypress: rctrl
536.9002 	EXP 	Sound  started
537.5315 	DATA 	Keypress: lctrl
537.6502 	EXP 	Sound  started
538.3475 	DATA 	Keypress: lctrl
538.4002 	EXP 	Sound  started
539.1155 	DATA 	Keypress: lctrl
539.1502 	EXP 	Sound  started
539.8516 	DATA 	Keypress: rctrl
539.9002 	EXP 	Sound  started
540.5717 	DATA 	Keypress: rctrl
540.6502 	EXP 	Sound  started
541.3396 	DATA 	Keypress: lctrl
541.4002 	EXP 	Sound  started
542.0435 	DATA 	Keypress: rctrl
542.1503 	EXP 	Sound  started
542.8917 	DATA 	Keypress: lctrl
542.9003 	EXP 	Sound  started
543.6436 	DATA 	Keypress: lctrl
543.6503 	EXP 	Sound  started
544.3635 	DATA 	Keypress: lctrl
544.4003 	EXP 	Sound  started
545.0836 	DATA 	Keypress: rctrl
545.1503 	EXP 	Sound  started
545.8195 	DATA 	Keypress: rctrl
545.9003 	EXP 	Sound  started
546.5875 	DATA 	Keypress: rctrl
546.6503 	EXP 	Sound  started
547.3396 	DATA 	Keypress: lctrl
547.4004 	EXP 	Sound  started
548.0276 	DATA 	Keypress: lctrl
548.1504 	EXP 	Sound  started
548.8595 	DATA 	Keypress: rctrl
548.9004 	EXP 	Sound  started
549.5316 	DATA 	Keypress: rctrl
549.6506 	EXP 	Sound  started
550.3156 	DATA 	Keypress: lctrl
550.4006 	EXP 	Sound  started
551.0356 	DATA 	Keypress: lctrl
551.1506 	EXP 	Sound  started
551.8356 	DATA 	Keypress: rctrl
551.9006 	EXP 	Sound  started
552.5876 	DATA 	Keypress: rctrl
552.6506 	EXP 	Sound  started
553.3875 	DATA 	Keypress: lctrl
553.4006 	EXP 	Sound  started
554.0916 	DATA 	Keypress: lctrl
554.1507 	EXP 	Sound  started
554.8756 	DATA 	Keypress: rctrl
554.9007 	EXP 	Sound  started
555.6436 	DATA 	Keypress: lctrl
555.6507 	EXP 	Sound  started
556.3796 	DATA 	Keypress: rctrl
556.4007 	EXP 	Sound  started
557.1316 	DATA 	Keypress: lctrl
557.1507 	EXP 	Sound  started
557.8356 	DATA 	Keypress: rctrl
557.9007 	EXP 	Sound  started
558.6508 	EXP 	Sound  started
558.6516 	DATA 	Keypress: rctrl
559.4008 	EXP 	Sound  started
559.4036 	DATA 	Keypress: rctrl
560.1396 	DATA 	Keypress: lctrl
560.1508 	EXP 	Sound  started
560.7956 	DATA 	Keypress: rctrl
560.9008 	EXP 	Sound  started
561.5956 	DATA 	Keypress: lctrl
561.6508 	EXP 	Sound  started
562.3316 	DATA 	Keypress: lctrl
562.4008 	EXP 	Sound  started
563.0515 	DATA 	Keypress: rctrl
563.1509 	EXP 	Sound  started
563.8515 	DATA 	Keypress: lctrl
563.9009 	EXP 	Sound  started
564.5556 	DATA 	Keypress: rctrl
564.6509 	EXP 	Sound  started
565.3876 	DATA 	Keypress: rctrl
565.4009 	EXP 	Sound  started
566.1509 	EXP 	Sound  started
566.1875 	DATA 	Keypress: rctrl
566.8755 	DATA 	Keypress: lctrl
566.9009 	EXP 	Sound  started
567.5955 	DATA 	Keypress: lctrl
567.6509 	EXP 	Sound  started
568.3796 	DATA 	Keypress: lctrl
568.4009 	EXP 	Sound  started
569.0836 	DATA 	Keypress: lctrl
569.1510 	EXP 	Sound  started
569.8676 	DATA 	Keypress: lctrl
569.9010 	EXP 	Sound  started
570.6355 	DATA 	Keypress: lctrl
570.6510 	EXP 	Sound  started
571.3715 	DATA 	Keypress: rctrl
571.4010 	EXP 	Sound  started
572.0916 	DATA 	Keypress: lctrl
572.1510 	EXP 	Sound  started
572.8915 	DATA 	Keypress: lctrl
572.9010 	EXP 	Sound  started
573.6436 	DATA 	Keypress: rctrl
573.6510 	EXP 	Sound  started
574.4011 	EXP 	Sound  started
574.4116 	DATA 	Keypress: rctrl
575.1475 	DATA 	Keypress: rctrl
575.1511 	EXP 	Sound  started
575.8355 	DATA 	Keypress: lctrl
575.9011 	EXP 	Sound  started
576.6196 	DATA 	Keypress: rctrl
576.6511 	EXP 	Sound  started
577.4011 	EXP 	Sound  started
577.4355 	DATA 	Keypress: lctrl
578.1076 	DATA 	Keypress: rctrl
578.1511 	EXP 	Sound  started
578.8756 	DATA 	Keypress: lctrl
578.9011 	EXP 	Sound  started
579.5636 	DATA 	Keypress: rctrl
579.6511 	EXP 	Sound  started
580.4012 	EXP 	Sound  started
580.4436 	DATA 	Keypress: rctrl
581.1156 	DATA 	Keypress: lctrl
581.1512 	EXP 	Sound  started
581.7875 	DATA 	Keypress: rctrl
581.9012 	EXP 	Sound  started
582.5237 	DATA 	Keypress: lctrl
582.6512 	EXP 	Sound  started
583.3716 	DATA 	Keypress: rctrl
583.4012 	EXP 	Sound  started
584.1512 	EXP 	Sound  started
584.1875 	DATA 	Keypress: rctrl
584.8915 	DATA 	Keypress: lctrl
584.9012 	EXP 	Sound  started
585.6115 	DATA 	Keypress: rctrl
585.6513 	EXP 	Sound  started
586.3636 	DATA 	Keypress: lctrl
586.4013 	EXP 	Sound  started
587.1315 	DATA 	Keypress: lctrl
587.1513 	EXP 	Sound  started
587.8676 	DATA 	Keypress: lctrl
587.9013 	EXP 	Sound  started
588.5716 	DATA 	Keypress: rctrl
588.6513 	EXP 	Sound  started
589.4013 	EXP 	Sound  started
589.4035 	DATA 	Keypress: rctrl
590.0275 	DATA 	Keypress: rctrl
590.1513 	EXP 	Sound  started
590.8596 	DATA 	Keypress: lctrl
590.9014 	EXP 	Sound  started
591.5955 	DATA 	Keypress: rctrl
591.6514 	EXP 	Sound  started
592.3476 	DATA 	Keypress: lctrl
592.4014 	EXP 	Sound  started
593.0676 	DATA 	Keypress: lctrl
593.1514 	EXP 	Sound  started
593.8675 	DATA 	Keypress: lctrl
593.9014 	EXP 	Sound  started
594.6036 	DATA 	Keypress: lctrl
594.6514 	EXP 	Sound  started
595.3556 	DATA 	Keypress: rctrl
595.4014 	EXP 	Sound  started
596.1235 	DATA 	Keypress: rctrl
598.4079 	DATA 	Keypress: 3
598.4244 	EXP 	unnamed ShapeStim: vertices = <class 'numpy.ndarray'>
601.4605 	DATA 	Keypress: 3
601.4769 	EXP 	unnamed ShapeStim: vertices = <class 'numpy.ndarray'>
604.6130 	DATA 	Keypress: 2
604.6294 	EXP 	unnamed ShapeStim: vertices = <class 'numpy.ndarray'>
606.9148 	EXP 	Sound  started
607.0676 	DATA 	Keypress: rctrl
607.5155 	DATA 	Keypress: lctrl
607.6648 	EXP 	Sound  started
608.3476 	DATA 	Keypress: rctrl
608.4148 	EXP 	Sound  started
609.0355 	DATA 	Keypress: lctrl
609.1648 	EXP 	Sound  started
609.8515 	DATA 	Keypress: rctrl
609.9148 	EXP 	Sound  started
610.5715 	DATA 	Keypress: lctrl
610.6648 	EXP 	Sound  started
611.3876 	DATA 	Keypress: rctrl
611.4149 	EXP 	Sound  started
612.0595 	DATA 	Keypress: rctrl
612.1649 	EXP 	Sound  started
612.8435 	DATA 	Keypress: lctrl
612.9149 	EXP 	Sound  started
613.6436 	DATA 	Keypress: rctrl
613.6649 	EXP 	Sound  started
614.4149 	EXP 	Sound  started
614.4595 	DATA 	Keypress: lctrl
615.1475 	DATA 	Keypress: rctrl
615.1649 	EXP 	Sound  started
615.9150 	EXP 	Sound  started
615.9155 	DATA 	Keypress: rctrl
616.5555 	DATA 	Keypress: rctrl
616.6650 	EXP 	Sound  started
617.3235 	DATA 	Keypress: rctrl
617.4150 	EXP 	Sound  started
618.1076 	DATA 	Keypress: lctrl
618.1650 	EXP 	Sound  started
618.8755 	DATA 	Keypress: rctrl
618.9150 	EXP 	Sound  started
619.5795 	DATA 	Keypress: lctrl
619.6650 	EXP 	Sound  started
620.3795 	DATA 	Keypress: rctrl
620.4151 	EXP 	Sound  started
621.0995 	DATA 	Keypress: rctrl
621.1651 	EXP 	Sound  started
621.8355 	DATA 	Keypress: rctrl
621.9151 	EXP 	Sound  started
622.5875 	DATA 	Keypress: lctrl
622.6651 	EXP 	Sound  started
623.3395 	DATA 	Keypress: rctrl
623.4151 	EXP 	Sound  started
624.1395 	DATA 	Keypress: lctrl
624.1651 	EXP 	Sound  started
624.8116 	DATA 	Keypress: rctrl
624.9152 	EXP 	Sound  started
625.6115 	DATA 	Keypress: lctrl
625.6652 	EXP 	Sound  started
626.3795 	DATA 	Keypress: rctrl
626.4152 	EXP 	Sound  started
627.0836 	DATA 	Keypress: lctrl
627.1652 	EXP 	Sound  started
627.8195 	DATA 	Keypress: lctrl
627.9152 	EXP 	Sound  started
628.6516 	DATA 	Keypress: lctrl
628.6652 	EXP 	Sound  started
629.3555 	DATA 	Keypress: rctrl
629.4152 	EXP 	Sound  started
630.1653 	EXP 	Sound  started
630.1716 	DATA 	Keypress: rctrl
630.9153 	EXP 	Sound  started
630.9235 	DATA 	Keypress: lctrl
631.6653 	EXP 	Sound  started
631.6755 	DATA 	Keypress: rctrl
632.3795 	DATA 	Keypress: lctrl
632.4153 	EXP 	Sound  started
633.0195 	DATA 	Keypress: rctrl
633.1653 	EXP 	Sound  started
633.7875 	DATA 	Keypress: lctrl
633.9153 	EXP 	Sound  started
634.5555 	DATA 	Keypress: rctrl
634.6653 	EXP 	Sound  started
635.3715 	DATA 	Keypress: rctrl
635.4154 	EXP 	Sound  started
636.0755 	DATA 	Keypress: rctrl
636.1654 	EXP 	Sound  started
636.9154 	EXP 	Sound  started
636.9716 	DATA 	Keypress: lctrl
637.6275 	DATA 	Keypress: rctrl
637.6654 	EXP 	Sound  started
638.3955 	DATA 	Keypress: lctrl
638.4154 	EXP 	Sound  started
639.1654 	EXP 	Sound  started
639.1795 	DATA 	Keypress: lctrl
639.8515 	DATA 	Keypress: rctrl
639.9154 	EXP 	Sound  started
640.5715 	DATA 	Keypress: lctrl
640.6655 	EXP 	Sound  started
641.3555 	DATA 	Keypress: rctrl
641.4155 	EXP 	Sound  started
642.1655 	EXP 	Sound  started
642.2035 	DATA 	Keypress: rctrl
642.9075 	DATA 	Keypress: lctrl
642.9155 	EXP 	Sound  started
643.5635 	DATA 	Keypress: rctrl
643.6655 	EXP 	Sound  started
644.3635 	DATA 	Keypress: lctrl
644.4155 	EXP 	Sound  started
645.1155 	DATA 	Keypress: rctrl
645.1656 	EXP 	Sound  started
645.8195 	DATA 	Keypress: lctrl
645.9156 	EXP 	Sound  started
646.6355 	DATA 	Keypress: rctrl
646.6656 	EXP 	Sound  started
647.3876 	DATA 	Keypress: lctrl
647.4156 	EXP 	Sound  started
648.1235 	DATA 	Keypress: rctrl
648.1656 	EXP 	Sound  started
648.8755 	DATA 	Keypress: rctrl
648.9156 	EXP 	Sound  started
649.6435 	DATA 	Keypress: rctrl
649.6656 	EXP 	Sound  started
650.4157 	EXP 	Sound  started
650.4275 	DATA 	Keypress: rctrl
651.1657 	EXP 	Sound  started
651.1955 	DATA 	Keypress: lctrl
651.9157 	EXP 	Sound  started
651.9315 	DATA 	Keypress: lctrl
652.6515 	DATA 	Keypress: rctrl
652.6657 	EXP 	Sound  started
653.4157 	EXP 	Sound  started
653.4675 	DATA 	Keypress: rctrl
654.1235 	DATA 	Keypress: lctrl
654.1657 	EXP 	Sound  started
654.9157 	EXP 	Sound  started
654.9395 	DATA 	Keypress: rctrl
655.6435 	DATA 	Keypress: rctrl
655.6657 	EXP 	Sound  started
656.4158 	EXP 	Sound  started
656.4915 	DATA 	Keypress: rctrl
657.1475 	DATA 	Keypress: lctrl
657.1658 	EXP 	Sound  started
657.8995 	DATA 	Keypress: rctrl
657.9158 	EXP 	Sound  started
658.6195 	DATA 	Keypress: lctrl
658.6658 	EXP 	Sound  started
659.3075 	DATA 	Keypress: rctrl
659.4158 	EXP 	Sound  started
660.1235 	DATA 	Keypress: rctrl
660.1658 	EXP 	Sound  started
660.9159 	EXP 	Sound  started
660.9235 	DATA 	Keypress: rctrl
661.6595 	DATA 	Keypress: lctrl
661.6659 	EXP 	Sound  started
662.4115 	DATA 	Keypress: rctrl
662.4159 	EXP 	Sound  started
663.0995 	DATA 	Keypress: lctrl
674.8538 	DATA 	Keypress: 1
674.8703 	EXP 	unnamed ShapeStim: vertices = <class 'numpy.ndarray'>
677.7729 	DATA 	Keypress: 4
677.7894 	EXP 	unnamed ShapeStim: vertices = <class 'numpy.ndarray'>
679.6782 	DATA 	Keypress: 1
679.7076 	EXP 	unnamed ShapeStim: vertices = <class 'numpy.ndarray'>
681.9930 	EXP 	Sound  started
682.3795 	DATA 	Keypress: rctrl
682.6995 	DATA 	Keypress: lctrl
682.7430 	EXP 	Sound  started
683.3715 	DATA 	Keypress: rctrl
683.4930 	EXP 	Sound  started
684.0595 	DATA 	Keypress: lctrl
684.2430 	EXP 	Sound  started
684.8434 	DATA 	Keypress: rctrl
684.9931 	EXP 	Sound  started
685.5635 	DATA 	Keypress: lctrl
685.7431 	EXP 	Sound  started
686.4435 	DATA 	Keypress: rctrl
686.4931 	EXP 	Sound  started
687.1315 	DATA 	Keypress: lctrl
687.2431 	EXP 	Sound  started
687.9635 	DATA 	Keypress: rctrl
687.9931 	EXP 	Sound  started
688.6354 	DATA 	Keypress: rctrl
688.7431 	EXP 	Sound  started
689.3075 	DATA 	Keypress: rctrl
689.4931 	EXP 	Sound  started
690.0755 	DATA 	Keypress: rctrl
690.2432 	EXP 	Sound  started
690.9075 	DATA 	Keypress: rctrl
690.9932 	EXP 	Sound  started
691.6595 	DATA 	Keypress: lctrl
691.7432 	EXP 	Sound  started
692.4116 	DATA 	Keypress: rctrl
692.4932 	EXP 	Sound  started
693.2115 	DATA 	Keypress: lctrl
693.2432 	EXP 	Sound  started
693.9155 	DATA 	Keypress: rctrl
693.9932 	EXP 	Sound  started
694.5714 	DATA 	Keypress: rctrl
694.7432 	EXP 	Sound  started
695.3875 	DATA 	Keypress: rctrl
695.4933 	EXP 	Sound  started
696.1074 	DATA 	Keypress: rctrl
696.2433 	EXP 	Sound  started
696.9396 	DATA 	Keypress: lctrl
696.9933 	EXP 	Sound  started
697.6434 	DATA 	Keypress: rctrl
697.7433 	EXP 	Sound  started
698.4115 	DATA 	Keypress: rctrl
698.4933 	EXP 	Sound  started
699.1795 	DATA 	Keypress: lctrl
699.2433 	EXP 	Sound  started
699.8834 	DATA 	Keypress: rctrl
699.9934 	EXP 	Sound  started
700.6835 	DATA 	Keypress: rctrl
700.7434 	EXP 	Sound  started
701.3875 	DATA 	Keypress: lctrl
701.4934 	EXP 	Sound  started
702.1554 	DATA 	Keypress: lctrl
702.2434 	EXP 	Sound  started
702.9075 	DATA 	Keypress: lctrl
702.9934 	EXP 	Sound  started
703.6434 	DATA 	Keypress: lctrl
703.7434 	EXP 	Sound  started
704.2995 	DATA 	Keypress: rctrl
704.4934 	EXP 	Sound  started
705.1155 	DATA 	Keypress: rctrl
705.2435 	EXP 	Sound  started
705.8995 	DATA 	Keypress: rctrl
705.9935 	EXP 	Sound  started
706.6195 	DATA 	Keypress: lctrl
706.7435 	EXP 	Sound  started
707.3554 	DATA 	Keypress: rctrl
707.4935 	EXP 	Sound  started
708.0115 	DATA 	Keypress: lctrl
708.2435 	EXP 	Sound  started
708.8434 	DATA 	Keypress: rctrl
708.9935 	EXP 	Sound  started
709.5795 	DATA 	Keypress: lctrl
709.7435 	EXP 	Sound  started
710.3474 	DATA 	Keypress: rctrl
710.4936 	EXP 	Sound  started
711.0675 	DATA 	Keypress: lctrl
711.2437 	EXP 	Sound  started
711.8355 	DATA 	Keypress: rctrl
711.9937 	EXP 	Sound  started
712.5875 	DATA 	Keypress: rctrl
712.7437 	EXP 	Sound  started
713.3394 	DATA 	Keypress: rctrl
713.4938 	EXP 	Sound  started
714.1074 	DATA 	Keypress: lctrl
714.2438 	EXP 	Sound  started
714.8274 	DATA 	Keypress: rctrl
714.9938 	EXP 	Sound  started
715.6275 	DATA 	Keypress: lctrl
715.7438 	EXP 	Sound  started
716.3474 	DATA 	Keypress: rctrl
716.4938 	EXP 	Sound  started
717.0195 	DATA 	Keypress: lctrl
717.2438 	EXP 	Sound  started
717.8195 	DATA 	Keypress: rctrl
717.9938 	EXP 	Sound  started
718.6194 	DATA 	Keypress: lctrl
718.7438 	EXP 	Sound  started
719.3714 	DATA 	Keypress: rctrl
719.4939 	EXP 	Sound  started
720.1395 	DATA 	Keypress: rctrl
720.2439 	EXP 	Sound  started
720.8435 	DATA 	Keypress: rctrl
720.9939 	EXP 	Sound  started
721.5955 	DATA 	Keypress: rctrl
721.7439 	EXP 	Sound  started
722.2674 	DATA 	Keypress: rctrl
722.4939 	EXP 	Sound  started
723.0675 	DATA 	Keypress: rctrl
723.2439 	EXP 	Sound  started
723.8354 	DATA 	Keypress: rctrl
723.9940 	EXP 	Sound  started
724.5874 	DATA 	Keypress: rctrl
724.7440 	EXP 	Sound  started
725.4354 	DATA 	Keypress: rctrl
725.4940 	EXP 	Sound  started
726.1714 	DATA 	Keypress: lctrl
726.2440 	EXP 	Sound  started
726.9076 	DATA 	Keypress: rctrl
726.9940 	EXP 	Sound  started
727.6434 	DATA 	Keypress: lctrl
727.7440 	EXP 	Sound  started
728.3634 	DATA 	Keypress: rctrl
728.4940 	EXP 	Sound  started
729.1635 	DATA 	Keypress: rctrl
729.2441 	EXP 	Sound  started
729.9475 	DATA 	Keypress: lctrl
729.9941 	EXP 	Sound  started
730.6194 	DATA 	Keypress: rctrl
730.7441 	EXP 	Sound  started
731.2914 	DATA 	Keypress: lctrl
731.4941 	EXP 	Sound  started
732.1074 	DATA 	Keypress: rctrl
732.2441 	EXP 	Sound  started
732.8915 	DATA 	Keypress: lctrl
732.9941 	EXP 	Sound  started
733.6594 	DATA 	Keypress: rctrl
733.7441 	EXP 	Sound  started
734.4435 	DATA 	Keypress: rctrl
734.4942 	EXP 	Sound  started
735.1475 	DATA 	Keypress: rctrl
735.2442 	EXP 	Sound  started
735.8674 	DATA 	Keypress: lctrl
735.9942 	EXP 	Sound  started
736.6834 	DATA 	Keypress: rctrl
736.7442 	EXP 	Sound  started
737.4034 	DATA 	Keypress: lctrl
737.4942 	EXP 	Sound  started
738.1874 	DATA 	Keypress: rctrl
738.2442 	EXP 	Sound  started
738.8754 	DATA 	Keypress: lctrl
738.9942 	EXP 	Sound  started
739.6594 	DATA 	Keypress: lctrl
739.7443 	EXP 	Sound  started
740.4114 	DATA 	Keypress: lctrl
740.4943 	EXP 	Sound  started
741.1954 	DATA 	Keypress: rctrl
741.2443 	EXP 	Sound  started
741.9795 	DATA 	Keypress: rctrl
741.9943 	EXP 	Sound  started
742.6354 	DATA 	Keypress: lctrl
742.7443 	EXP 	Sound  started
743.4035 	DATA 	Keypress: rctrl
743.4944 	EXP 	Sound  started
744.1714 	DATA 	Keypress: rctrl
744.2444 	EXP 	Sound  started
744.9075 	DATA 	Keypress: lctrl
744.9944 	EXP 	Sound  started
745.7394 	DATA 	Keypress: lctrl
745.7444 	EXP 	Sound  started
746.4594 	DATA 	Keypress: rctrl
746.4944 	EXP 	Sound  started
747.1314 	DATA 	Keypress: lctrl
747.2444 	EXP 	Sound  started
747.8994 	DATA 	Keypress: rctrl
747.9944 	EXP 	Sound  started
748.6836 	DATA 	Keypress: lctrl
751.1163 	DATA 	Keypress: 4
751.1328 	EXP 	unnamed ShapeStim: vertices = <class 'numpy.ndarray'>
754.6063 	DATA 	Keypress: 4
754.6357 	EXP 	unnamed ShapeStim: vertices = <class 'numpy.ndarray'>
757.3595 	DATA 	Keypress: 4
757.3884 	EXP 	unnamed ShapeStim: vertices = <class 'numpy.ndarray'>
759.6728 	EXP 	Sound  started
759.7394 	DATA 	Keypress: rctrl
760.2674 	DATA 	Keypress: lctrl
760.4227 	EXP 	Sound  started
761.0834 	DATA 	Keypress: rctrl
761.1727 	EXP 	Sound  started
761.7714 	DATA 	Keypress: lctrl
761.9228 	EXP 	Sound  started
762.6034 	DATA 	Keypress: rctrl
762.6728 	EXP 	Sound  started
763.2914 	DATA 	Keypress: lctrl
763.4228 	EXP 	Sound  started
764.1234 	DATA 	Keypress: rctrl
764.1728 	EXP 	Sound  started
764.7955 	DATA 	Keypress: lctrl
764.9228 	EXP 	Sound  started
765.5794 	DATA 	Keypress: rctrl
765.6728 	EXP 	Sound  started
766.3474 	DATA 	Keypress: rctrl
766.4229 	EXP 	Sound  started
767.1154 	DATA 	Keypress: rctrl
767.1729 	EXP 	Sound  started
767.8354 	DATA 	Keypress: lctrl
767.9229 	EXP 	Sound  started
768.5394 	DATA 	Keypress: rctrl
768.6729 	EXP 	Sound  started
769.3234 	DATA 	Keypress: rctrl
769.4229 	EXP 	Sound  started
770.0594 	DATA 	Keypress: lctrl
770.1729 	EXP 	Sound  started
770.8274 	DATA 	Keypress: rctrl
770.9229 	EXP 	Sound  started
771.5954 	DATA 	Keypress: lctrl
771.6730 	EXP 	Sound  started
772.3314 	DATA 	Keypress: lctrl
772.4230 	EXP 	Sound  started
773.1154 	DATA 	Keypress: lctrl
773.1730 	EXP 	Sound  started
773.8993 	DATA 	Keypress: lctrl
773.9230 	EXP 	Sound  started
774.5714 	DATA 	Keypress: lctrl
774.6730 	EXP 	Sound  started
775.3234 	DATA 	Keypress: rctrl
775.4230 	EXP 	Sound  started
776.1074 	DATA 	Keypress: lctrl
776.1730 	EXP 	Sound  started
776.7954 	DATA 	Keypress: rctrl
776.9231 	EXP 	Sound  started
777.5635 	DATA 	Keypress: lctrl
777.6731 	EXP 	Sound  started
778.3794 	DATA 	Keypress: rctrl
778.4231 	EXP 	Sound  started
779.1154 	DATA 	Keypress: rctrl
779.1731 	EXP 	Sound  started
779.8194 	DATA 	Keypress: rctrl
779.9231 	EXP 	Sound  started
780.5873 	DATA 	Keypress: rctrl
780.6731 	EXP 	Sound  started
781.3714 	DATA 	Keypress: rctrl
781.4232 	EXP 	Sound  started
782.1074 	DATA 	Keypress: lctrl
782.1732 	EXP 	Sound  started
782.8594 	DATA 	Keypress: lctrl
782.9232 	EXP 	Sound  started
783.5795 	DATA 	Keypress: lctrl
783.6732 	EXP 	Sound  started
784.3794 	DATA 	Keypress: rctrl
784.4232 	EXP 	Sound  started
785.1154 	DATA 	Keypress: lctrl
785.1732 	EXP 	Sound  started
785.8514 	DATA 	Keypress: rctrl
785.9232 	EXP 	Sound  started
786.6034 	DATA 	Keypress: lctrl
786.6732 	EXP 	Sound  started
787.4034 	DATA 	Keypress: rctrl
787.4233 	EXP 	Sound  started
788.1395 	DATA 	Keypress: lctrl
788.1733 	EXP 	Sound  started
788.8914 	DATA 	Keypress: rctrl
788.9233 	EXP 	Sound  started
789.6733 	EXP 	Sound  started
789.6914 	DATA 	Keypress: rctrl
790.3954 	DATA 	Keypress: rctrl
790.4233 	EXP 	Sound  started
791.0994 	DATA 	Keypress: rctrl
791.1733 	EXP 	Sound  started
791.8514 	DATA 	Keypress: rctrl
791.9233 	EXP 	Sound  started
792.5234 	DATA 	Keypress: lctrl
792.6734 	EXP 	Sound  started
793.3554 	DATA 	Keypress: lctrl
793.4234 	EXP 	Sound  started
794.0914 	DATA 	Keypress: rctrl
794.1734 	EXP 	Sound  started
794.7954 	DATA 	Keypress: lctrl
794.9234 	EXP 	Sound  started
795.5794 	DATA 	Keypress: rctrl
795.6734 	EXP 	Sound  started
796.3955 	DATA 	Keypress: rctrl
796.4235 	EXP 	Sound  started
797.1474 	DATA 	Keypress: lctrl
797.1735 	EXP 	Sound  started
797.8675 	DATA 	Keypress: rctrl
797.9235 	EXP 	Sound  started
798.6194 	DATA 	Keypress: lctrl
798.6735 	EXP 	Sound  started
799.3714 	DATA 	Keypress: lctrl
799.4235 	EXP 	Sound  started
800.0914 	DATA 	Keypress: lctrl
800.1735 	EXP 	Sound  started
800.7794 	DATA 	Keypress: rctrl
800.9235 	EXP 	Sound  started
801.5634 	DATA 	Keypress: rctrl
801.6736 	EXP 	Sound  started
802.3154 	DATA 	Keypress: lctrl
802.4236 	EXP 	Sound  started
803.0834 	DATA 	Keypress: rctrl
803.1736 	EXP 	Sound  started
803.8034 	DATA 	Keypress: lctrl
803.9236 	EXP 	Sound  started
804.6354 	DATA 	Keypress: rctrl
804.6736 	EXP 	Sound  started
805.3074 	DATA 	Keypress: lctrl
805.4236 	EXP 	Sound  started
806.1736 	EXP 	Sound  started
806.1874 	DATA 	Keypress: rctrl
806.8914 	DATA 	Keypress: rctrl
806.9237 	EXP 	Sound  started
807.6114 	DATA 	Keypress: lctrl
807.6737 	EXP 	Sound  started
808.3634 	DATA 	Keypress: rctrl
808.4237 	EXP 	Sound  started
809.0674 	DATA 	Keypress: lctrl
809.1737 	EXP 	Sound  started
809.8514 	DATA 	Keypress: lctrl
809.9237 	EXP 	Sound  started
810.6034 	DATA 	Keypress: rctrl
810.6737 	EXP 	Sound  started
811.3394 	DATA 	Keypress: lctrl
811.4237 	EXP 	Sound  started
812.1394 	DATA 	Keypress: rctrl
812.1738 	EXP 	Sound  started
812.8594 	DATA 	Keypress: lctrl
812.9238 	EXP 	Sound  started
813.5954 	DATA 	Keypress: rctrl
813.6738 	EXP 	Sound  started
814.3474 	DATA 	Keypress: lctrl
814.4238 	EXP 	Sound  started
815.1314 	DATA 	Keypress: rctrl
820.0433 	DATA 	Keypress: 2
820.0726 	EXP 	unnamed ShapeStim: vertices = <class 'numpy.ndarray'>
823.4255 	DATA 	Keypress: 4
823.4420 	EXP 	unnamed ShapeStim: vertices = <class 'numpy.ndarray'>
825.4605 	DATA 	Keypress: 2
825.4770 	EXP 	unnamed ShapeStim: vertices = <class 'numpy.ndarray'>
827.7621 	EXP 	Sound  started
827.8353 	DATA 	Keypress: rctrl
828.3474 	DATA 	Keypress: lctrl
828.5121 	EXP 	Sound  started
829.1794 	DATA 	Keypress: rctrl
829.2621 	EXP 	Sound  started
829.9314 	DATA 	Keypress: lctrl
830.0121 	EXP 	Sound  started
830.7473 	DATA 	Keypress: rctrl
830.7621 	EXP 	Sound  started
831.4833 	DATA 	Keypress: lctrl
831.5121 	EXP 	Sound  started
832.2193 	DATA 	Keypress: rctrl
832.2621 	EXP 	Sound  started
833.0122 	EXP 	Sound  started
833.0514 	DATA 	Keypress: rctrl
833.7394 	DATA 	Keypress: rctrl
833.7622 	EXP 	Sound  started
834.4914 	DATA 	Keypress: rctrl
834.5122 	EXP 	Sound  started
835.2622 	EXP 	Sound  started
835.2914 	DATA 	Keypress: rctrl
836.0122 	EXP 	Sound  started
836.0274 	DATA 	Keypress: lctrl
836.7314 	DATA 	Keypress: rctrl
836.7622 	EXP 	Sound  started
837.4834 	DATA 	Keypress: rctrl
837.5122 	EXP 	Sound  started
838.2354 	DATA 	Keypress: rctrl
838.2623 	EXP 	Sound  started
838.9714 	DATA 	Keypress: lctrl
839.0123 	EXP 	Sound  started
839.7234 	DATA 	Keypress: rctrl
839.7623 	EXP 	Sound  started
840.5074 	DATA 	Keypress: rctrl
840.5123 	EXP 	Sound  started
841.1953 	DATA 	Keypress: lctrl
841.2623 	EXP 	Sound  started
841.9473 	DATA 	Keypress: rctrl
842.0123 	EXP 	Sound  started
842.7623 	EXP 	Sound  started
842.7955 	DATA 	Keypress: rctrl
843.4514 	DATA 	Keypress: rctrl
843.5124 	EXP 	Sound  started
844.1874 	DATA 	Keypress: rctrl
844.2624 	EXP 	Sound  started
844.9554 	DATA 	Keypress: rctrl
845.0124 	EXP 	Sound  started
845.7554 	DATA 	Keypress: lctrl
845.7624 	EXP 	Sound  started
846.4274 	DATA 	Keypress: rctrl
846.5124 	EXP 	Sound  started
847.1794 	DATA 	Keypress: lctrl
847.2624 	EXP 	Sound  started
847.9794 	DATA 	Keypress: lctrl
848.0124 	EXP 	Sound  started
848.7625 	EXP 	Sound  started
848.7633 	DATA 	Keypress: lctrl
849.4513 	DATA 	Keypress: lctrl
849.5125 	EXP 	Sound  started
850.2195 	DATA 	Keypress: rctrl
850.2625 	EXP 	Sound  started
850.9233 	DATA 	Keypress: lctrl
851.0125 	EXP 	Sound  started
851.7073 	DATA 	Keypress: rctrl
851.7625 	EXP 	Sound  started
852.4913 	DATA 	Keypress: lctrl
852.5125 	EXP 	Sound  started
853.2273 	DATA 	Keypress: rctrl
853.2625 	EXP 	Sound  started
853.9633 	DATA 	Keypress: lctrl
854.0126 	EXP 	Sound  started
854.7314 	DATA 	Keypress: rctrl
854.7626 	EXP 	Sound  started
855.4833 	DATA 	Keypress: lctrl
855.5126 	EXP 	Sound  started
856.2626 	EXP 	Sound  started
856.2833 	DATA 	Keypress: rctrl
857.0126 	EXP 	Sound  started
857.0993 	DATA 	Keypress: rctrl
857.7626 	EXP 	Sound  started
857.7873 	DATA 	Keypress: rctrl
858.4593 	DATA 	Keypress: rctrl
858.5127 	EXP 	Sound  started
859.2434 	DATA 	Keypress: rctrl
859.2627 	EXP 	Sound  started
860.0113 	DATA 	Keypress: rctrl
860.0127 	EXP 	Sound  started
860.7474 	DATA 	Keypress: lctrl
860.7627 	EXP 	Sound  started
861.4994 	DATA 	Keypress: lctrl
861.5127 	EXP 	Sound  started
862.1874 	DATA 	Keypress: rctrl
862.2627 	EXP 	Sound  started
862.9553 	DATA 	Keypress: lctrl
863.0127 	EXP 	Sound  started
863.7073 	DATA 	Keypress: rctrl
863.7627 	EXP 	Sound  started
864.5073 	DATA 	Keypress: rctrl
864.5128 	EXP 	Sound  started
865.2628 	EXP 	Sound  started
865.3233 	DATA 	Keypress: rctrl
865.9953 	DATA 	Keypress: lctrl
866.0128 	EXP 	Sound  started
866.7628 	EXP 	Sound  started
866.7954 	DATA 	Keypress: lctrl
867.4674 	DATA 	Keypress: rctrl
867.5128 	EXP 	Sound  started
868.2628 	EXP 	Sound  started
868.2674 	DATA 	Keypress: lctrl
869.0033 	DATA 	Keypress: rctrl
869.0129 	EXP 	Sound  started
869.7076 	DATA 	Keypress: rctrl
869.7629 	EXP 	Sound  started
870.4594 	DATA 	Keypress: lctrl
870.5129 	EXP 	Sound  started
871.2629 	EXP 	Sound  started
871.2754 	DATA 	Keypress: lctrl
872.0129 	EXP 	Sound  started
872.0273 	DATA 	Keypress: lctrl
872.7474 	DATA 	Keypress: rctrl
872.7629 	EXP 	Sound  started
873.4833 	DATA 	Keypress: lctrl
873.5129 	EXP 	Sound  started
874.1873 	DATA 	Keypress: rctrl
874.2630 	EXP 	Sound  started
874.9713 	DATA 	Keypress: lctrl
875.0130 	EXP 	Sound  started
875.7630 	EXP 	Sound  started
875.7714 	DATA 	Keypress: rctrl
876.4273 	DATA 	Keypress: lctrl
876.5130 	EXP 	Sound  started
877.2630 	EXP 	Sound  started
877.2913 	DATA 	Keypress: lctrl
877.9474 	DATA 	Keypress: rctrl
878.0130 	EXP 	Sound  started
878.7630 	EXP 	Sound  started
878.8273 	DATA 	Keypress: rctrl
879.5131 	EXP 	Sound  started
879.5153 	DATA 	Keypress: rctrl
880.2193 	DATA 	Keypress: lctrl
880.2631 	EXP 	Sound  started
880.9714 	DATA 	Keypress: rctrl
881.0131 	EXP 	Sound  started
881.7073 	DATA 	Keypress: lctrl
881.7631 	EXP 	Sound  started
882.4754 	DATA 	Keypress: rctrl
882.5131 	EXP 	Sound  started
883.2593 	DATA 	Keypress: rctrl
883.2631 	EXP 	Sound  started
884.0131 	EXP 	Sound  started
884.0274 	DATA 	Keypress: rctrl
884.7473 	DATA 	Keypress: rctrl
884.7631 	EXP 	Sound  started
885.4353 	DATA 	Keypress: lctrl
885.5132 	EXP 	Sound  started
886.1874 	DATA 	Keypress: rctrl
886.2632 	EXP 	Sound  started
886.9233 	DATA 	Keypress: lctrl
889.2461 	DATA 	Keypress: 4
889.2626 	EXP 	unnamed ShapeStim: vertices = <class 'numpy.ndarray'>
892.7657 	DATA 	Keypress: 1
892.7822 	EXP 	unnamed ShapeStim: vertices = <class 'numpy.ndarray'>
894.7841 	DATA 	Keypress: 4
894.8005 	EXP 	unnamed ShapeStim: vertices = <class 'numpy.ndarray'>
897.0877 	DATA 	Keypress: rctrl
915.1793 	DATA 	Keypress: return
915.2400 	EXP 	window1: mouseVisible = True
