121.7311 	WARNING 	User requested fullscreen with size [1024  768], but screen is actually [1920, 1200]. Using actual size
122.5559 	EXP 	Created window1 = Window(allowGUI=False, allowStencil=False, autoLog=True, backendConf=UNKNOWN, bitsMode=UNKNOWN, blendMode='avg', bpc=(8, 8, 8), color=array([0, 0, 0]), colorSpace='rgb', depthBits=8, fullscr=<method-wrapper '__getattribute__' of attributeSetter object at 0x000001C97AD16780>, gamma=None, gammaErrorPolicy='raise', lms=UNKNOWN, monitor=<psychopy.monitors.calibTools.Monitor object at 0x000001C97C454080>, multiSample=False, name='window1', numSamples=2, pos=[0.0, 0.0], screen=0, size=array([1920, 1200]), stencilBits=0, stereo=False, units='norm', useFBO=True, useRetina=False, viewOri=0.0, viewPos=None, viewScale=None, waitBlanking=True, winType='pyglet')
122.5562 	EXP 	window1: mouseVisible = True
122.5563 	EXP 	window1: mouseVisible = False
122.5563 	EXP 	window1: recordFrameIntervals = False
122.7224 	EXP 	window1: recordFrameIntervals = True
122.9060 	EXP 	window1: recordFrameIntervals = False
123.0885 	EXP 	Created text = TextStim(__class__=<class 'psychopy.visual.text.TextStim'>, alignHoriz=method-wrapper(...), alignText='center', alignVert=method-wrapper(...), anchorHoriz='center', anchorVert='center', antialias=True, autoLog=True, bold=False, color=array([1., 1., 1.]), colorSpace='rgb', contrast=1.0, depth=0.0, flipHoriz=False, flipVert=False, font='Arial', fontFiles=[], height=0.15, italic=False, languageStyle='LTR', name='text', opacity=1, ori=0, pos=array([0., 0.]), rgb=UNKNOWN, text='+', units='norm', win=Window(...), wrapWidth=1)
123.1080 	EXP 	Created text = TextStim(__class__=<class 'psychopy.visual.text.TextStim'>, alignHoriz=method-wrapper(...), alignText='center', alignVert=method-wrapper(...), anchorHoriz='center', anchorVert='center', antialias=True, autoLog=True, bold=False, color=array([1., 1., 1.]), colorSpace='rgb', contrast=1.0, depth=0.0, flipHoriz=False, flipVert=False, font='Arial', fontFiles=[], height=0.07, italic=False, languageStyle='LTR', name='text', opacity=1, ori=0, pos=array([0., 0.]), rgb=UNKNOWN, text=str(...), units='norm', win=Window(...), wrapWidth=1.65)
123.1195 	EXP 	Created text = TextStim(__class__=<class 'psychopy.visual.text.TextStim'>, alignHoriz=method-wrapper(...), alignText='center', alignVert=method-wrapper(...), anchorHoriz='center', anchorVert='center', antialias=True, autoLog=True, bold=False, color=array([1., 1., 1.]), colorSpace='rgb', contrast=1.0, depth=0.0, flipHoriz=False, flipVert=False, font='Arial', fontFiles=[], height=0.07, italic=False, languageStyle='LTR', name='text', opacity=1, ori=0, pos=array([0., 0.]), rgb=UNKNOWN, text=str(...), units='norm', win=Window(...), wrapWidth=1.65)
123.1294 	EXP 	Created text = TextStim(__class__=<class 'psychopy.visual.text.TextStim'>, alignHoriz=method-wrapper(...), alignText='center', alignVert=method-wrapper(...), anchorHoriz='center', anchorVert='center', antialias=True, autoLog=True, bold=False, color=array([1., 1., 1.]), colorSpace='rgb', contrast=1.0, depth=0.0, flipHoriz=False, flipVert=False, font='Arial', fontFiles=[], height=0.07, italic=False, languageStyle='LTR', name='text', opacity=1, ori=0, pos=array([0., 0.]), rgb=UNKNOWN, text=str(...), units='norm', win=Window(...), wrapWidth=1.65)
123.1396 	EXP 	Created text = TextStim(__class__=<class 'psychopy.visual.text.TextStim'>, alignHoriz=method-wrapper(...), alignText='center', alignVert=method-wrapper(...), anchorHoriz='center', anchorVert='center', antialias=True, autoLog=True, bold=False, color=array([1., 1., 1.]), colorSpace='rgb', contrast=1.0, depth=0.0, flipHoriz=False, flipVert=False, font='Arial', fontFiles=[], height=0.07, italic=False, languageStyle='LTR', name='text', opacity=1, ori=0, pos=array([0., 0.]), rgb=UNKNOWN, text=str(...), units='norm', win=Window(...), wrapWidth=1.65)
123.1447 	EXP 	Created text = TextStim(__class__=<class 'psychopy.visual.text.TextStim'>, alignHoriz=method-wrapper(...), alignText='center', alignVert=method-wrapper(...), anchorHoriz='center', anchorVert='center', antialias=True, autoLog=True, bold=False, color=array([1., 1., 1.]), colorSpace='rgb', contrast=1.0, depth=0.0, flipHoriz=False, flipVert=False, font='Arial', fontFiles=[], height=0.07, italic=False, languageStyle='LTR', name='text', opacity=1, ori=0, pos=array([0., 0.]), rgb=UNKNOWN, text=str(...), units='norm', win=Window(...), wrapWidth=1.65)
123.1584 	EXP 	Created text = TextStim(__class__=<class 'psychopy.visual.text.TextStim'>, alignHoriz=method-wrapper(...), alignText='center', alignVert=method-wrapper(...), anchorHoriz='center', anchorVert='center', antialias=True, autoLog=True, bold=False, color=array([1., 1., 1.]), colorSpace='rgb', contrast=1.0, depth=0.0, flipHoriz=False, flipVert=False, font='Arial', fontFiles=[], height=0.15, italic=False, languageStyle='LTR', name='text', opacity=1, ori=0, pos=array([0., 0.]), rgb=UNKNOWN, text=str(...), units='norm', win=Window(...), wrapWidth=1.65)
123.1866 	EXP 	Created text = TextStim(__class__=<class 'psychopy.visual.text.TextStim'>, alignHoriz=method-wrapper(...), alignText='center', alignVert=method-wrapper(...), anchorHoriz='center', anchorVert='center', antialias=True, autoLog=True, bold=False, color=array([1., 1., 1.]), colorSpace='rgb', contrast=1.0, depth=0.0, flipHoriz=False, flipVert=False, font='Arial', fontFiles=[], height=0.07, italic=False, languageStyle='LTR', name='text', opacity=1, ori=0, pos=array([0., 0.]), rgb=UNKNOWN, text=str(...), units='norm', win=Window(...), wrapWidth=1.65)
123.2048 	EXP 	Created text = TextStim(__class__=<class 'psychopy.visual.text.TextStim'>, alignHoriz=method-wrapper(...), alignText='center', alignVert=method-wrapper(...), anchorHoriz='center', anchorVert='center', antialias=True, autoLog=True, bold=False, color=array([1., 1., 1.]), colorSpace='rgb', contrast=1.0, depth=0.0, flipHoriz=False, flipVert=False, font='Arial', fontFiles=[], height=0.07, italic=False, languageStyle='LTR', name='text', opacity=1, ori=0, pos=array([0., 0.]), rgb=UNKNOWN, text=str(...), units='norm', win=Window(...), wrapWidth=1.65)
123.2354 	EXP 	Created text = TextStim(__class__=<class 'psychopy.visual.text.TextStim'>, alignHoriz=method-wrapper(...), alignText='center', alignVert=method-wrapper(...), anchorHoriz='center', anchorVert='center', antialias=True, autoLog=True, bold=False, color=array([1., 1., 1.]), colorSpace='rgb', contrast=1.0, depth=0.0, flipHoriz=False, flipVert=False, font='Arial', fontFiles=[], height=0.07, italic=False, languageStyle='LTR', name='text', opacity=1, ori=0, pos=array([0., 0.]), rgb=UNKNOWN, text=str(...), units='norm', win=Window(...), wrapWidth=1.65)
123.2638 	EXP 	Created text = TextStim(__class__=<class 'psychopy.visual.text.TextStim'>, alignHoriz=method-wrapper(...), alignText='center', alignVert=method-wrapper(...), anchorHoriz='center', anchorVert='center', antialias=True, autoLog=True, bold=False, color=array([1., 1., 1.]), colorSpace='rgb', contrast=1.0, depth=0.0, flipHoriz=False, flipVert=False, font='Arial', fontFiles=[], height=0.07, italic=False, languageStyle='LTR', name='text', opacity=1, ori=0, pos=array([0., 0.]), rgb=UNKNOWN, text=str(...), units='norm', win=Window(...), wrapWidth=1.65)
123.2962 	EXP 	Created text = TextStim(__class__=<class 'psychopy.visual.text.TextStim'>, alignHoriz=method-wrapper(...), alignText='center', alignVert=method-wrapper(...), anchorHoriz='center', anchorVert='center', antialias=True, autoLog=True, bold=False, color=array([1., 1., 1.]), colorSpace='rgb', contrast=1.0, depth=0.0, flipHoriz=False, flipVert=False, font='Arial', fontFiles=[], height=0.07, italic=False, languageStyle='LTR', name='text', opacity=1, ori=0, pos=array([0., 0.]), rgb=UNKNOWN, text=str(...), units='norm', win=Window(...), wrapWidth=1.65)
123.3052 	EXP 	Created text = TextStim(__class__=<class 'psychopy.visual.text.TextStim'>, alignHoriz=method-wrapper(...), alignText='center', alignVert=method-wrapper(...), anchorHoriz='center', anchorVert='center', antialias=True, autoLog=True, bold=False, color=array([1., 1., 1.]), colorSpace='rgb', contrast=1.0, depth=0.0, flipHoriz=False, flipVert=False, font='Arial', fontFiles=[], height=0.07, italic=False, languageStyle='LTR', name='text', opacity=1, ori=0, pos=array([0., 0.]), rgb=UNKNOWN, text=str(...), units='norm', win=Window(...), wrapWidth=1.65)
123.3177 	EXP 	Created text = TextStim(__class__=<class 'psychopy.visual.text.TextStim'>, alignHoriz=method-wrapper(...), alignText='center', alignVert=method-wrapper(...), anchorHoriz='center', anchorVert='center', antialias=True, autoLog=True, bold=False, color=array([1., 1., 1.]), colorSpace='rgb', contrast=1.0, depth=0.0, flipHoriz=False, flipVert=False, font='Arial', fontFiles=[], height=0.07, italic=False, languageStyle='LTR', name='text', opacity=1, ori=0, pos=array([0., 0.]), rgb=UNKNOWN, text=str(...), units='norm', win=Window(...), wrapWidth=1.65)
123.3223 	EXP 	Created instru = TextStim(__class__=<class 'psychopy.visual.text.TextStim'>, alignHoriz=method-wrapper(...), alignText='center', alignVert=method-wrapper(...), anchorHoriz='center', anchorVert='center', antialias=True, autoLog=True, bold=False, color=array([1., 1., 1.]), colorSpace='rgb', contrast=1.0, depth=0.0, flipHoriz=False, flipVert=False, font='Arial', fontFiles=[], height=0.07, italic=False, languageStyle='LTR', name='instru', opacity=1, ori=0, pos=array([0. , 0.5]), rgb=UNKNOWN, text=str(...), units='norm', win=Window(...), wrapWidth=1)
123.3250 	EXP 	Created unnamed Line = Line(__class__=<class 'psychopy.visual.line.Line'>, autoDraw=False, autoLog=True, closeShape=False, color=array([1., 1., 1.]), colorSpace='rgb', contrast=None, depth=0, fillColor=array([0, 0, 0]), fillColorSpace='rgb', fillRGB=array([0, 0, 0]), interpolate=True, lineColor=array([1., 1., 1.]), lineColorSpace='rgb', lineRGB=array([1, 1, 1]), lineWidth=5, name='unnamed Line', opacity=0.5, ori=0.0, pos=array([0., 0.]), size=array([1., 1.]), units='norm', vertices=array([[-0.5,  0. ],
       [ 0.5,  0. ]]), win=Window(...), windingRule=None)
123.3270 	EXP 	Created unnamed Line = Line(__class__=<class 'psychopy.visual.line.Line'>, autoDraw=False, autoLog=True, closeShape=False, color=array([1., 1., 1.]), colorSpace='rgb', contrast=None, depth=0, fillColor=array([0, 0, 0]), fillColorSpace='rgb', fillRGB=array([0, 0, 0]), interpolate=True, lineColor=array([1., 1., 1.]), lineColorSpace='rgb', lineRGB=array([1, 1, 1]), lineWidth=3, name='unnamed Line', opacity=0.5, ori=0.0, pos=array([0., 0.]), size=array([1., 1.]), units='norm', vertices=array([[-0.5 , -0.05],
       [-0.5 ,  0.05]]), win=Window(...), windingRule=None)
123.3290 	EXP 	Created unnamed Line = Line(__class__=<class 'psychopy.visual.line.Line'>, autoDraw=False, autoLog=True, closeShape=False, color=array([1., 1., 1.]), colorSpace='rgb', contrast=None, depth=0, fillColor=array([0, 0, 0]), fillColorSpace='rgb', fillRGB=array([0, 0, 0]), interpolate=True, lineColor=array([1., 1., 1.]), lineColorSpace='rgb', lineRGB=array([1, 1, 1]), lineWidth=3, name='unnamed Line', opacity=0.5, ori=0.0, pos=array([0., 0.]), size=array([1., 1.]), units='norm', vertices=ndarray(...), win=Window(...), windingRule=None)
123.3310 	EXP 	Created unnamed Line = Line(__class__=<class 'psychopy.visual.line.Line'>, autoDraw=False, autoLog=True, closeShape=False, color=array([1., 1., 1.]), colorSpace='rgb', contrast=None, depth=0, fillColor=array([0, 0, 0]), fillColorSpace='rgb', fillRGB=array([0, 0, 0]), interpolate=True, lineColor=array([1., 1., 1.]), lineColorSpace='rgb', lineRGB=array([1, 1, 1]), lineWidth=3, name='unnamed Line', opacity=0.5, ori=0.0, pos=array([0., 0.]), size=array([1., 1.]), units='norm', vertices=ndarray(...), win=Window(...), windingRule=None)
123.3330 	EXP 	Created unnamed Line = Line(__class__=<class 'psychopy.visual.line.Line'>, autoDraw=False, autoLog=True, closeShape=False, color=array([1., 1., 1.]), colorSpace='rgb', contrast=None, depth=0, fillColor=array([0, 0, 0]), fillColorSpace='rgb', fillRGB=array([0, 0, 0]), interpolate=True, lineColor=array([1., 1., 1.]), lineColorSpace='rgb', lineRGB=array([1, 1, 1]), lineWidth=3, name='unnamed Line', opacity=0.5, ori=0.0, pos=array([0., 0.]), size=array([1., 1.]), units='norm', vertices=array([[ 0.5 , -0.05],
       [ 0.5 ,  0.05]]), win=Window(...), windingRule=None)
123.3449 	EXP 	Created unnamed TextStim = TextStim(__class__=<class 'psychopy.visual.text.TextStim'>, alignHoriz=method-wrapper(...), alignText='center', alignVert=method-wrapper(...), anchorHoriz='center', anchorVert='center', antialias=True, autoLog=True, bold=False, color=array([1., 1., 1.]), colorSpace='rgb', contrast=1.0, depth=0, flipHoriz=False, flipVert=False, font='', fontFiles=[], height=0.05, italic=False, languageStyle='LTR', name='unnamed TextStim', opacity=1.0, ori=0.0, pos=array([-0.5, -0.1]), rgb=UNKNOWN, text='Clearly \n NOT FOCUSED', units='norm', win=Window(...), wrapWidth=1)
123.3459 	EXP 	Created unnamed TextStim = TextStim(__class__=<class 'psychopy.visual.text.TextStim'>, alignHoriz=method-wrapper(...), alignText='center', alignVert=method-wrapper(...), anchorHoriz='center', anchorVert='center', antialias=True, autoLog=True, bold=False, color=array([1., 1., 1.]), colorSpace='rgb', contrast=1.0, depth=0, flipHoriz=False, flipVert=False, font='', fontFiles=[], height=0.05, italic=False, languageStyle='LTR', name='unnamed TextStim', opacity=1.0, ori=0.0, pos=array([-0.16666667, -0.1       ]), rgb=UNKNOWN, text='', units='norm', win=Window(...), wrapWidth=1)
123.3469 	EXP 	Created unnamed TextStim = TextStim(__class__=<class 'psychopy.visual.text.TextStim'>, alignHoriz=method-wrapper(...), alignText='center', alignVert=method-wrapper(...), anchorHoriz='center', anchorVert='center', antialias=True, autoLog=True, bold=False, color=array([1., 1., 1.]), colorSpace='rgb', contrast=1.0, depth=0, flipHoriz=False, flipVert=False, font='', fontFiles=[], height=0.05, italic=False, languageStyle='LTR', name='unnamed TextStim', opacity=1.0, ori=0.0, pos=array([ 0.16666667, -0.1       ]), rgb=UNKNOWN, text='', units='norm', win=Window(...), wrapWidth=1)
123.3501 	EXP 	Created unnamed TextStim = TextStim(__class__=<class 'psychopy.visual.text.TextStim'>, alignHoriz=method-wrapper(...), alignText='center', alignVert=method-wrapper(...), anchorHoriz='center', anchorVert='center', antialias=True, autoLog=True, bold=False, color=array([1., 1., 1.]), colorSpace='rgb', contrast=1.0, depth=0, flipHoriz=False, flipVert=False, font='', fontFiles=[], height=0.05, italic=False, languageStyle='LTR', name='unnamed TextStim', opacity=1.0, ori=0.0, pos=array([ 0.5, -0.1]), rgb=UNKNOWN, text='Clearly \n FOCUSED', units='norm', win=Window(...), wrapWidth=1)
123.3519 	EXP 	Created unnamed ShapeStim = ShapeStim(__class__=<class 'psychopy.visual.shape.ShapeStim'>, autoDraw=False, autoLog=True, closeShape=True, color=method-wrapper(...), colorSpace='rgb', contrast=None, depth=0, fillColor=array([1, 1, 1]), fillColorSpace='rgb', fillRGB=array([1, 1, 1]), interpolate=True, lineColor=array([-1., -1., -1.]), lineColorSpace='rgb', lineRGB=array([-1, -1, -1]), lineWidth=1.5, name='unnamed ShapeStim', opacity=1.0, ori=0.0, pos=array([0., 0.]), size=array([1., 1.]), units='norm', vertices=ndarray(...), win=Window(...), windingRule=None)
123.3604 	EXP 	Created instru = TextStim(__class__=<class 'psychopy.visual.text.TextStim'>, alignHoriz=method-wrapper(...), alignText='center', alignVert=method-wrapper(...), anchorHoriz='center', anchorVert='center', antialias=True, autoLog=True, bold=False, color=array([1., 1., 1.]), colorSpace='rgb', contrast=1.0, depth=0.0, flipHoriz=False, flipVert=False, font='Arial', fontFiles=[], height=0.07, italic=False, languageStyle='LTR', name='instru', opacity=1, ori=0, pos=array([0. , 0.5]), rgb=UNKNOWN, text=str(...), units='norm', win=Window(...), wrapWidth=1)
123.3624 	EXP 	Created unnamed Line = Line(__class__=<class 'psychopy.visual.line.Line'>, autoDraw=False, autoLog=True, closeShape=False, color=array([1., 1., 1.]), colorSpace='rgb', contrast=None, depth=0, fillColor=array([0, 0, 0]), fillColorSpace='rgb', fillRGB=array([0, 0, 0]), interpolate=True, lineColor=array([1., 1., 1.]), lineColorSpace='rgb', lineRGB=array([1, 1, 1]), lineWidth=5, name='unnamed Line', opacity=0.5, ori=0.0, pos=array([0., 0.]), size=array([1., 1.]), units='norm', vertices=array([[-0.5,  0. ],
       [ 0.5,  0. ]]), win=Window(...), windingRule=None)
123.3644 	EXP 	Created unnamed Line = Line(__class__=<class 'psychopy.visual.line.Line'>, autoDraw=False, autoLog=True, closeShape=False, color=array([1., 1., 1.]), colorSpace='rgb', contrast=None, depth=0, fillColor=array([0, 0, 0]), fillColorSpace='rgb', fillRGB=array([0, 0, 0]), interpolate=True, lineColor=array([1., 1., 1.]), lineColorSpace='rgb', lineRGB=array([1, 1, 1]), lineWidth=3, name='unnamed Line', opacity=0.5, ori=0.0, pos=array([0., 0.]), size=array([1., 1.]), units='norm', vertices=array([[-0.5 , -0.05],
       [-0.5 ,  0.05]]), win=Window(...), windingRule=None)
123.3665 	EXP 	Created unnamed Line = Line(__class__=<class 'psychopy.visual.line.Line'>, autoDraw=False, autoLog=True, closeShape=False, color=array([1., 1., 1.]), colorSpace='rgb', contrast=None, depth=0, fillColor=array([0, 0, 0]), fillColorSpace='rgb', fillRGB=array([0, 0, 0]), interpolate=True, lineColor=array([1., 1., 1.]), lineColorSpace='rgb', lineRGB=array([1, 1, 1]), lineWidth=3, name='unnamed Line', opacity=0.5, ori=0.0, pos=array([0., 0.]), size=array([1., 1.]), units='norm', vertices=ndarray(...), win=Window(...), windingRule=None)
123.3685 	EXP 	Created unnamed Line = Line(__class__=<class 'psychopy.visual.line.Line'>, autoDraw=False, autoLog=True, closeShape=False, color=array([1., 1., 1.]), colorSpace='rgb', contrast=None, depth=0, fillColor=array([0, 0, 0]), fillColorSpace='rgb', fillRGB=array([0, 0, 0]), interpolate=True, lineColor=array([1., 1., 1.]), lineColorSpace='rgb', lineRGB=array([1, 1, 1]), lineWidth=3, name='unnamed Line', opacity=0.5, ori=0.0, pos=array([0., 0.]), size=array([1., 1.]), units='norm', vertices=ndarray(...), win=Window(...), windingRule=None)
123.3705 	EXP 	Created unnamed Line = Line(__class__=<class 'psychopy.visual.line.Line'>, autoDraw=False, autoLog=True, closeShape=False, color=array([1., 1., 1.]), colorSpace='rgb', contrast=None, depth=0, fillColor=array([0, 0, 0]), fillColorSpace='rgb', fillRGB=array([0, 0, 0]), interpolate=True, lineColor=array([1., 1., 1.]), lineColorSpace='rgb', lineRGB=array([1, 1, 1]), lineWidth=3, name='unnamed Line', opacity=0.5, ori=0.0, pos=array([0., 0.]), size=array([1., 1.]), units='norm', vertices=array([[ 0.5 , -0.05],
       [ 0.5 ,  0.05]]), win=Window(...), windingRule=None)
123.3758 	EXP 	Created unnamed TextStim = TextStim(__class__=<class 'psychopy.visual.text.TextStim'>, alignHoriz=method-wrapper(...), alignText='center', alignVert=method-wrapper(...), anchorHoriz='center', anchorVert='center', antialias=True, autoLog=True, bold=False, color=array([1., 1., 1.]), colorSpace='rgb', contrast=1.0, depth=0, flipHoriz=False, flipVert=False, font='', fontFiles=[], height=0.05, italic=False, languageStyle='LTR', name='unnamed TextStim', opacity=1.0, ori=0.0, pos=array([-0.5, -0.1]), rgb=UNKNOWN, text='Clearly \n NOTHING', units='norm', win=Window(...), wrapWidth=1)
123.3768 	EXP 	Created unnamed TextStim = TextStim(__class__=<class 'psychopy.visual.text.TextStim'>, alignHoriz=method-wrapper(...), alignText='center', alignVert=method-wrapper(...), anchorHoriz='center', anchorVert='center', antialias=True, autoLog=True, bold=False, color=array([1., 1., 1.]), colorSpace='rgb', contrast=1.0, depth=0, flipHoriz=False, flipVert=False, font='', fontFiles=[], height=0.05, italic=False, languageStyle='LTR', name='unnamed TextStim', opacity=1.0, ori=0.0, pos=array([-0.16666667, -0.1       ]), rgb=UNKNOWN, text='', units='norm', win=Window(...), wrapWidth=1)
123.3779 	EXP 	Created unnamed TextStim = TextStim(__class__=<class 'psychopy.visual.text.TextStim'>, alignHoriz=method-wrapper(...), alignText='center', alignVert=method-wrapper(...), anchorHoriz='center', anchorVert='center', antialias=True, autoLog=True, bold=False, color=array([1., 1., 1.]), colorSpace='rgb', contrast=1.0, depth=0, flipHoriz=False, flipVert=False, font='', fontFiles=[], height=0.05, italic=False, languageStyle='LTR', name='unnamed TextStim', opacity=1.0, ori=0.0, pos=array([ 0.16666667, -0.1       ]), rgb=UNKNOWN, text='', units='norm', win=Window(...), wrapWidth=1)
123.3819 	EXP 	Created unnamed TextStim = TextStim(__class__=<class 'psychopy.visual.text.TextStim'>, alignHoriz=method-wrapper(...), alignText='center', alignVert=method-wrapper(...), anchorHoriz='center', anchorVert='center', antialias=True, autoLog=True, bold=False, color=array([1., 1., 1.]), colorSpace='rgb', contrast=1.0, depth=0, flipHoriz=False, flipVert=False, font='', fontFiles=[], height=0.05, italic=False, languageStyle='LTR', name='unnamed TextStim', opacity=1.0, ori=0.0, pos=array([ 0.5, -0.1]), rgb=UNKNOWN, text='Clearly \n SOMETHING', units='norm', win=Window(...), wrapWidth=1)
123.3837 	EXP 	Created unnamed ShapeStim = ShapeStim(__class__=<class 'psychopy.visual.shape.ShapeStim'>, autoDraw=False, autoLog=True, closeShape=True, color=method-wrapper(...), colorSpace='rgb', contrast=None, depth=0, fillColor=array([1, 1, 1]), fillColorSpace='rgb', fillRGB=array([1, 1, 1]), interpolate=True, lineColor=array([-1., -1., -1.]), lineColorSpace='rgb', lineRGB=array([-1, -1, -1]), lineWidth=1.5, name='unnamed ShapeStim', opacity=1.0, ori=0.0, pos=array([0., 0.]), size=array([1., 1.]), units='norm', vertices=ndarray(...), win=Window(...), windingRule=None)
123.3903 	EXP 	Created instru = TextStim(__class__=<class 'psychopy.visual.text.TextStim'>, alignHoriz=method-wrapper(...), alignText='center', alignVert=method-wrapper(...), anchorHoriz='center', anchorVert='center', antialias=True, autoLog=True, bold=False, color=array([1., 1., 1.]), colorSpace='rgb', contrast=1.0, depth=0.0, flipHoriz=False, flipVert=False, font='Arial', fontFiles=[], height=0.07, italic=False, languageStyle='LTR', name='instru', opacity=1, ori=0, pos=array([0. , 0.5]), rgb=UNKNOWN, text=str(...), units='norm', win=Window(...), wrapWidth=1)
123.3923 	EXP 	Created unnamed Line = Line(__class__=<class 'psychopy.visual.line.Line'>, autoDraw=False, autoLog=True, closeShape=False, color=array([1., 1., 1.]), colorSpace='rgb', contrast=None, depth=0, fillColor=array([0, 0, 0]), fillColorSpace='rgb', fillRGB=array([0, 0, 0]), interpolate=True, lineColor=array([1., 1., 1.]), lineColorSpace='rgb', lineRGB=array([1, 1, 1]), lineWidth=5, name='unnamed Line', opacity=0.5, ori=0.0, pos=array([0., 0.]), size=array([1., 1.]), units='norm', vertices=array([[-0.5,  0. ],
       [ 0.5,  0. ]]), win=Window(...), windingRule=None)
123.3943 	EXP 	Created unnamed Line = Line(__class__=<class 'psychopy.visual.line.Line'>, autoDraw=False, autoLog=True, closeShape=False, color=array([1., 1., 1.]), colorSpace='rgb', contrast=None, depth=0, fillColor=array([0, 0, 0]), fillColorSpace='rgb', fillRGB=array([0, 0, 0]), interpolate=True, lineColor=array([1., 1., 1.]), lineColorSpace='rgb', lineRGB=array([1, 1, 1]), lineWidth=3, name='unnamed Line', opacity=0.5, ori=0.0, pos=array([0., 0.]), size=array([1., 1.]), units='norm', vertices=array([[-0.5 , -0.05],
       [-0.5 ,  0.05]]), win=Window(...), windingRule=None)
123.3964 	EXP 	Created unnamed Line = Line(__class__=<class 'psychopy.visual.line.Line'>, autoDraw=False, autoLog=True, closeShape=False, color=array([1., 1., 1.]), colorSpace='rgb', contrast=None, depth=0, fillColor=array([0, 0, 0]), fillColorSpace='rgb', fillRGB=array([0, 0, 0]), interpolate=True, lineColor=array([1., 1., 1.]), lineColorSpace='rgb', lineRGB=array([1, 1, 1]), lineWidth=3, name='unnamed Line', opacity=0.5, ori=0.0, pos=array([0., 0.]), size=array([1., 1.]), units='norm', vertices=ndarray(...), win=Window(...), windingRule=None)
123.3984 	EXP 	Created unnamed Line = Line(__class__=<class 'psychopy.visual.line.Line'>, autoDraw=False, autoLog=True, closeShape=False, color=array([1., 1., 1.]), colorSpace='rgb', contrast=None, depth=0, fillColor=array([0, 0, 0]), fillColorSpace='rgb', fillRGB=array([0, 0, 0]), interpolate=True, lineColor=array([1., 1., 1.]), lineColorSpace='rgb', lineRGB=array([1, 1, 1]), lineWidth=3, name='unnamed Line', opacity=0.5, ori=0.0, pos=array([0., 0.]), size=array([1., 1.]), units='norm', vertices=ndarray(...), win=Window(...), windingRule=None)
123.4004 	EXP 	Created unnamed Line = Line(__class__=<class 'psychopy.visual.line.Line'>, autoDraw=False, autoLog=True, closeShape=False, color=array([1., 1., 1.]), colorSpace='rgb', contrast=None, depth=0, fillColor=array([0, 0, 0]), fillColorSpace='rgb', fillRGB=array([0, 0, 0]), interpolate=True, lineColor=array([1., 1., 1.]), lineColorSpace='rgb', lineRGB=array([1, 1, 1]), lineWidth=3, name='unnamed Line', opacity=0.5, ori=0.0, pos=array([0., 0.]), size=array([1., 1.]), units='norm', vertices=array([[ 0.5 , -0.05],
       [ 0.5 ,  0.05]]), win=Window(...), windingRule=None)
123.4057 	EXP 	Created unnamed TextStim = TextStim(__class__=<class 'psychopy.visual.text.TextStim'>, alignHoriz=method-wrapper(...), alignText='center', alignVert=method-wrapper(...), anchorHoriz='center', anchorVert='center', antialias=True, autoLog=True, bold=False, color=array([1., 1., 1.]), colorSpace='rgb', contrast=1.0, depth=0, flipHoriz=False, flipVert=False, font='', fontFiles=[], height=0.05, italic=False, languageStyle='LTR', name='unnamed TextStim', opacity=1.0, ori=0.0, pos=array([-0.5, -0.1]), rgb=UNKNOWN, text='Clearly \n SPONTANEOUS', units='norm', win=Window(...), wrapWidth=1)
123.4067 	EXP 	Created unnamed TextStim = TextStim(__class__=<class 'psychopy.visual.text.TextStim'>, alignHoriz=method-wrapper(...), alignText='center', alignVert=method-wrapper(...), anchorHoriz='center', anchorVert='center', antialias=True, autoLog=True, bold=False, color=array([1., 1., 1.]), colorSpace='rgb', contrast=1.0, depth=0, flipHoriz=False, flipVert=False, font='', fontFiles=[], height=0.05, italic=False, languageStyle='LTR', name='unnamed TextStim', opacity=1.0, ori=0.0, pos=array([-0.16666667, -0.1       ]), rgb=UNKNOWN, text='', units='norm', win=Window(...), wrapWidth=1)
123.4080 	EXP 	Created unnamed TextStim = TextStim(__class__=<class 'psychopy.visual.text.TextStim'>, alignHoriz=method-wrapper(...), alignText='center', alignVert=method-wrapper(...), anchorHoriz='center', anchorVert='center', antialias=True, autoLog=True, bold=False, color=array([1., 1., 1.]), colorSpace='rgb', contrast=1.0, depth=0, flipHoriz=False, flipVert=False, font='', fontFiles=[], height=0.05, italic=False, languageStyle='LTR', name='unnamed TextStim', opacity=1.0, ori=0.0, pos=array([ 0.16666667, -0.1       ]), rgb=UNKNOWN, text='', units='norm', win=Window(...), wrapWidth=1)
123.4134 	EXP 	Created unnamed TextStim = TextStim(__class__=<class 'psychopy.visual.text.TextStim'>, alignHoriz=method-wrapper(...), alignText='center', alignVert=method-wrapper(...), anchorHoriz='center', anchorVert='center', antialias=True, autoLog=True, bold=False, color=array([1., 1., 1.]), colorSpace='rgb', contrast=1.0, depth=0, flipHoriz=False, flipVert=False, font='', fontFiles=[], height=0.05, italic=False, languageStyle='LTR', name='unnamed TextStim', opacity=1.0, ori=0.0, pos=array([ 0.5, -0.1]), rgb=UNKNOWN, text='Clearly \n DELIBERATE', units='norm', win=Window(...), wrapWidth=1)
123.4152 	EXP 	Created unnamed ShapeStim = ShapeStim(__class__=<class 'psychopy.visual.shape.ShapeStim'>, autoDraw=False, autoLog=True, closeShape=True, color=method-wrapper(...), colorSpace='rgb', contrast=None, depth=0, fillColor=array([1, 1, 1]), fillColorSpace='rgb', fillRGB=array([1, 1, 1]), interpolate=True, lineColor=array([-1., -1., -1.]), lineColorSpace='rgb', lineRGB=array([-1, -1, -1]), lineWidth=1.5, name='unnamed ShapeStim', opacity=1.0, ori=0.0, pos=array([0., 0.]), size=array([1., 1.]), units='norm', vertices=ndarray(...), win=Window(...), windingRule=None)
123.4654 	EXP 	Sound  set volume 1.000
123.4961 	EXP 	unnamed ShapeStim: vertices = <class 'numpy.ndarray'>
123.4961 	EXP 	unnamed ShapeStim: vertices = <class 'numpy.ndarray'>
123.4961 	EXP 	unnamed ShapeStim: vertices = <class 'numpy.ndarray'>
172.0410 	DATA 	Keypress: j
180.3131 	DATA 	Keypress: k
181.6890 	DATA 	Keypress: k
181.7206 	EXP 	unnamed TextStim: text = ''
181.7206 	EXP 	unnamed TextStim: text = ''
190.2439 	DATA 	Keypress: 4
190.2605 	EXP 	unnamed ShapeStim: vertices = <class 'numpy.ndarray'>
192.6971 	DATA 	Keypress: k
192.7130 	EXP 	unnamed TextStim: text = ''
192.7130 	EXP 	unnamed TextStim: text = ''
193.7640 	DATA 	Keypress: 4
193.7805 	EXP 	unnamed ShapeStim: vertices = <class 'numpy.ndarray'>
196.4890 	DATA 	Keypress: k
196.5156 	EXP 	unnamed TextStim: text = ''
196.5156 	EXP 	unnamed TextStim: text = ''
197.0500 	DATA 	Keypress: 4
197.0665 	EXP 	unnamed ShapeStim: vertices = <class 'numpy.ndarray'>
199.8330 	DATA 	Keypress: lctrl
200.1690 	DATA 	Keypress: rctrl
200.5850 	DATA 	Keypress: lctrl
201.1025 	EXP 	Sound  started
201.6730 	DATA 	Keypress: rctrl
201.8524 	EXP 	Sound  started
202.4410 	DATA 	Keypress: lctrl
202.6024 	EXP 	Sound  started
203.2090 	DATA 	Keypress: lctrl
203.3525 	EXP 	Sound  started
203.9770 	DATA 	Keypress: lctrl
204.1025 	EXP 	Sound  started
204.7290 	DATA 	Keypress: lctrl
204.8525 	EXP 	Sound  started
205.5450 	DATA 	Keypress: lctrl
205.6025 	EXP 	Sound  started
206.2650 	DATA 	Keypress: rctrl
206.3525 	EXP 	Sound  started
207.0011 	DATA 	Keypress: lctrl
207.1025 	EXP 	Sound  started
207.7690 	DATA 	Keypress: rctrl
207.8525 	EXP 	Sound  started
208.5210 	DATA 	Keypress: rctrl
208.6026 	EXP 	Sound  started
209.2410 	DATA 	Keypress: rctrl
209.3526 	EXP 	Sound  started
209.9930 	DATA 	Keypress: rctrl
210.1026 	EXP 	Sound  started
210.6490 	DATA 	Keypress: rctrl
210.8526 	EXP 	Sound  started
211.4010 	DATA 	Keypress: lctrl
211.6026 	EXP 	Sound  started
212.1850 	DATA 	Keypress: lctrl
212.3526 	EXP 	Sound  started
212.8730 	DATA 	Keypress: rctrl
213.1026 	EXP 	Sound  started
213.6730 	DATA 	Keypress: rctrl
213.8527 	EXP 	Sound  started
214.3930 	DATA 	Keypress: rctrl
214.6027 	EXP 	Sound  started
215.1290 	DATA 	Keypress: rctrl
215.3527 	EXP 	Sound  started
215.9290 	DATA 	Keypress: rctrl
216.1027 	EXP 	Sound  started
216.6810 	DATA 	Keypress: rctrl
216.8527 	EXP 	Sound  started
217.4810 	DATA 	Keypress: lctrl
217.6027 	EXP 	Sound  started
218.2810 	DATA 	Keypress: lctrl
218.3528 	EXP 	Sound  started
218.9851 	DATA 	Keypress: rctrl
219.1028 	EXP 	Sound  started
219.8010 	DATA 	Keypress: lctrl
219.8528 	EXP 	Sound  started
220.5210 	DATA 	Keypress: rctrl
220.6028 	EXP 	Sound  started
221.2890 	DATA 	Keypress: lctrl
221.3528 	EXP 	Sound  started
221.9450 	DATA 	Keypress: rctrl
222.1028 	EXP 	Sound  started
222.7450 	DATA 	Keypress: lctrl
222.8528 	EXP 	Sound  started
223.4491 	DATA 	Keypress: rctrl
223.6029 	EXP 	Sound  started
224.2331 	DATA 	Keypress: rctrl
224.3529 	EXP 	Sound  started
224.9370 	DATA 	Keypress: rctrl
225.1029 	EXP 	Sound  started
225.6730 	DATA 	Keypress: rctrl
225.8529 	EXP 	Sound  started
226.4090 	DATA 	Keypress: rctrl
226.6029 	EXP 	Sound  started
227.2730 	DATA 	Keypress: lctrl
227.3529 	EXP 	Sound  started
228.0250 	DATA 	Keypress: rctrl
228.1029 	EXP 	Sound  started
228.7450 	DATA 	Keypress: lctrl
228.8530 	EXP 	Sound  started
229.5930 	DATA 	Keypress: lctrl
229.6030 	EXP 	Sound  started
230.2970 	DATA 	Keypress: lctrl
230.3530 	EXP 	Sound  started
231.0650 	DATA 	Keypress: lctrl
231.1030 	EXP 	Sound  started
231.8330 	DATA 	Keypress: lctrl
231.8530 	EXP 	Sound  started
232.5530 	DATA 	Keypress: rctrl
232.6030 	EXP 	Sound  started
233.2890 	DATA 	Keypress: rctrl
233.3530 	EXP 	Sound  started
234.0730 	DATA 	Keypress: rctrl
234.1031 	EXP 	Sound  started
234.7770 	DATA 	Keypress: lctrl
234.8531 	EXP 	Sound  started
235.5930 	DATA 	Keypress: rctrl
235.6031 	EXP 	Sound  started
236.3450 	DATA 	Keypress: rctrl
236.3531 	EXP 	Sound  started
237.0489 	DATA 	Keypress: rctrl
237.1031 	EXP 	Sound  started
237.8170 	DATA 	Keypress: rctrl
237.8531 	EXP 	Sound  started
238.5370 	DATA 	Keypress: lctrl
238.6031 	EXP 	Sound  started
239.3370 	DATA 	Keypress: lctrl
239.3531 	EXP 	Sound  started
240.0409 	DATA 	Keypress: rctrl
240.1032 	EXP 	Sound  started
240.8410 	DATA 	Keypress: rctrl
240.8532 	EXP 	Sound  started
241.5450 	DATA 	Keypress: lctrl
241.6032 	EXP 	Sound  started
242.2330 	DATA 	Keypress: rctrl
242.3532 	EXP 	Sound  started
243.0490 	DATA 	Keypress: lctrl
243.1032 	EXP 	Sound  started
243.7849 	DATA 	Keypress: lctrl
243.8532 	EXP 	Sound  started
244.6010 	DATA 	Keypress: lctrl
244.6033 	EXP 	Sound  started
245.2890 	DATA 	Keypress: rctrl
245.3533 	EXP 	Sound  started
246.0410 	DATA 	Keypress: lctrl
246.1033 	EXP 	Sound  started
246.8090 	DATA 	Keypress: rctrl
246.8533 	EXP 	Sound  started
247.5450 	DATA 	Keypress: rctrl
247.6033 	EXP 	Sound  started
248.2811 	DATA 	Keypress: rctrl
248.3533 	EXP 	Sound  started
249.0491 	DATA 	Keypress: lctrl
249.1033 	EXP 	Sound  started
249.7530 	DATA 	Keypress: rctrl
249.8534 	EXP 	Sound  started
250.5210 	DATA 	Keypress: lctrl
250.6034 	EXP 	Sound  started
251.2409 	DATA 	Keypress: rctrl
251.3534 	EXP 	Sound  started
251.9769 	DATA 	Keypress: rctrl
252.1034 	EXP 	Sound  started
252.7610 	DATA 	Keypress: lctrl
252.8534 	EXP 	Sound  started
253.5930 	DATA 	Keypress: lctrl
253.6034 	EXP 	Sound  started
254.3130 	DATA 	Keypress: lctrl
254.3534 	EXP 	Sound  started
255.0809 	DATA 	Keypress: lctrl
255.1035 	EXP 	Sound  started
255.8010 	DATA 	Keypress: rctrl
255.8535 	EXP 	Sound  started
256.5689 	DATA 	Keypress: rctrl
256.6035 	EXP 	Sound  started
257.3535 	EXP 	Sound  started
257.3689 	DATA 	Keypress: lctrl
258.0250 	DATA 	Keypress: rctrl
258.1035 	EXP 	Sound  started
258.7610 	DATA 	Keypress: lctrl
258.8535 	EXP 	Sound  started
259.4970 	DATA 	Keypress: rctrl
259.6035 	EXP 	Sound  started
260.2650 	DATA 	Keypress: rctrl
260.3536 	EXP 	Sound  started
261.0490 	DATA 	Keypress: rctrl
261.1036 	EXP 	Sound  started
261.7371 	DATA 	Keypress: rctrl
261.8536 	EXP 	Sound  started
262.4890 	DATA 	Keypress: rctrl
262.6036 	EXP 	Sound  started
263.3210 	DATA 	Keypress: lctrl
263.3536 	EXP 	Sound  started
264.1036 	EXP 	Sound  started
264.1209 	DATA 	Keypress: lctrl
264.7929 	DATA 	Keypress: rctrl
264.8536 	EXP 	Sound  started
265.5450 	DATA 	Keypress: rctrl
265.6037 	EXP 	Sound  started
266.2810 	DATA 	Keypress: lctrl
266.3537 	EXP 	Sound  started
267.0490 	DATA 	Keypress: lctrl
267.1037 	EXP 	Sound  started
267.8537 	EXP 	Sound  started
267.8649 	DATA 	Keypress: lctrl
268.5050 	DATA 	Keypress: rctrl
272.4613 	DATA 	Keypress: 4
272.4778 	EXP 	unnamed ShapeStim: vertices = <class 'numpy.ndarray'>
288.2909 	DATA 	Keypress: 4
288.3074 	EXP 	unnamed ShapeStim: vertices = <class 'numpy.ndarray'>
294.8629 	DATA 	Keypress: 4
294.8794 	EXP 	unnamed ShapeStim: vertices = <class 'numpy.ndarray'>
297.1641 	EXP 	Sound  started
297.1770 	DATA 	Keypress: rctrl
297.8170 	DATA 	Keypress: lctrl
297.9141 	EXP 	Sound  started
298.5689 	DATA 	Keypress: lctrl
298.6641 	EXP 	Sound  started
299.3049 	DATA 	Keypress: lctrl
299.4141 	EXP 	Sound  started
300.1049 	DATA 	Keypress: lctrl
300.1641 	EXP 	Sound  started
300.8730 	DATA 	Keypress: lctrl
300.9141 	EXP 	Sound  started
301.5929 	DATA 	Keypress: rctrl
301.6641 	EXP 	Sound  started
302.2650 	DATA 	Keypress: rctrl
302.4141 	EXP 	Sound  started
302.9370 	DATA 	Keypress: lctrl
303.1641 	EXP 	Sound  started
303.7050 	DATA 	Keypress: lctrl
303.9142 	EXP 	Sound  started
304.4890 	DATA 	Keypress: lctrl
304.6642 	EXP 	Sound  started
305.2729 	DATA 	Keypress: lctrl
305.4142 	EXP 	Sound  started
306.0729 	DATA 	Keypress: lctrl
306.1642 	EXP 	Sound  started
306.7609 	DATA 	Keypress: rctrl
306.9142 	EXP 	Sound  started
307.5289 	DATA 	Keypress: rctrl
307.6642 	EXP 	Sound  started
308.2490 	DATA 	Keypress: lctrl
308.4143 	EXP 	Sound  started
309.0489 	DATA 	Keypress: lctrl
309.1643 	EXP 	Sound  started
309.7849 	DATA 	Keypress: lctrl
309.9143 	EXP 	Sound  started
310.4729 	DATA 	Keypress: rctrl
310.6643 	EXP 	Sound  started
311.4143 	EXP 	Sound  started
311.4169 	DATA 	Keypress: lctrl
312.1529 	DATA 	Keypress: rctrl
312.1643 	EXP 	Sound  started
312.8249 	DATA 	Keypress: rctrl
312.9143 	EXP 	Sound  started
313.6090 	DATA 	Keypress: rctrl
313.6644 	EXP 	Sound  started
314.3450 	DATA 	Keypress: rctrl
314.4144 	EXP 	Sound  started
315.0969 	DATA 	Keypress: rctrl
315.1644 	EXP 	Sound  started
315.8010 	DATA 	Keypress: rctrl
315.9144 	EXP 	Sound  started
316.5849 	DATA 	Keypress: lctrl
316.6644 	EXP 	Sound  started
317.3529 	DATA 	Keypress: lctrl
317.4144 	EXP 	Sound  started
318.1369 	DATA 	Keypress: lctrl
318.1644 	EXP 	Sound  started
318.8569 	DATA 	Keypress: rctrl
318.9144 	EXP 	Sound  started
319.6089 	DATA 	Keypress: rctrl
319.6645 	EXP 	Sound  started
320.3289 	DATA 	Keypress: rctrl
320.4145 	EXP 	Sound  started
321.0649 	DATA 	Keypress: rctrl
321.1645 	EXP 	Sound  started
321.8170 	DATA 	Keypress: rctrl
321.9145 	EXP 	Sound  started
322.6330 	DATA 	Keypress: lctrl
322.6645 	EXP 	Sound  started
323.4145 	EXP 	Sound  started
323.4649 	DATA 	Keypress: lctrl
324.1646 	EXP 	Sound  started
324.1689 	DATA 	Keypress: rctrl
324.8570 	DATA 	Keypress: lctrl
324.9146 	EXP 	Sound  started
325.6090 	DATA 	Keypress: rctrl
325.6646 	EXP 	Sound  started
326.4089 	DATA 	Keypress: lctrl
326.4146 	EXP 	Sound  started
327.0969 	DATA 	Keypress: rctrl
327.1646 	EXP 	Sound  started
327.8489 	DATA 	Keypress: rctrl
327.9146 	EXP 	Sound  started
328.6010 	DATA 	Keypress: rctrl
328.6646 	EXP 	Sound  started
329.3529 	DATA 	Keypress: rctrl
329.4147 	EXP 	Sound  started
330.1530 	DATA 	Keypress: lctrl
330.1647 	EXP 	Sound  started
330.8729 	DATA 	Keypress: rctrl
330.9147 	EXP 	Sound  started
331.6569 	DATA 	Keypress: lctrl
331.6647 	EXP 	Sound  started
332.4147 	EXP 	Sound  started
332.4249 	DATA 	Keypress: lctrl
333.0649 	DATA 	Keypress: rctrl
333.1647 	EXP 	Sound  started
333.8330 	DATA 	Keypress: lctrl
333.9147 	EXP 	Sound  started
334.6169 	DATA 	Keypress: rctrl
334.6648 	EXP 	Sound  started
335.3529 	DATA 	Keypress: rctrl
335.4148 	EXP 	Sound  started
336.0409 	DATA 	Keypress: rctrl
336.1648 	EXP 	Sound  started
336.8729 	DATA 	Keypress: lctrl
336.9148 	EXP 	Sound  started
337.5929 	DATA 	Keypress: lctrl
337.6648 	EXP 	Sound  started
338.3129 	DATA 	Keypress: rctrl
338.4148 	EXP 	Sound  started
339.0969 	DATA 	Keypress: rctrl
339.1648 	EXP 	Sound  started
339.8649 	DATA 	Keypress: lctrl
339.9149 	EXP 	Sound  started
340.5849 	DATA 	Keypress: lctrl
340.6649 	EXP 	Sound  started
341.3689 	DATA 	Keypress: lctrl
341.4149 	EXP 	Sound  started
342.1529 	DATA 	Keypress: lctrl
342.1649 	EXP 	Sound  started
342.9049 	DATA 	Keypress: lctrl
342.9149 	EXP 	Sound  started
343.5769 	DATA 	Keypress: rctrl
343.6649 	EXP 	Sound  started
344.3609 	DATA 	Keypress: rctrl
344.4150 	EXP 	Sound  started
345.0969 	DATA 	Keypress: lctrl
345.1650 	EXP 	Sound  started
345.8969 	DATA 	Keypress: lctrl
345.9150 	EXP 	Sound  started
346.5369 	DATA 	Keypress: rctrl
346.6650 	EXP 	Sound  started
347.3529 	DATA 	Keypress: rctrl
347.4150 	EXP 	Sound  started
348.0729 	DATA 	Keypress: lctrl
348.1650 	EXP 	Sound  started
348.8249 	DATA 	Keypress: lctrl
348.9150 	EXP 	Sound  started
349.5770 	DATA 	Keypress: rctrl
349.6651 	EXP 	Sound  started
350.3128 	DATA 	Keypress: rctrl
350.4151 	EXP 	Sound  started
351.0811 	DATA 	Keypress: rctrl
351.1651 	EXP 	Sound  started
351.8651 	DATA 	Keypress: rctrl
351.9151 	EXP 	Sound  started
352.6651 	EXP 	Sound  started
352.6809 	DATA 	Keypress: rctrl
353.3849 	DATA 	Keypress: rctrl
353.4151 	EXP 	Sound  started
354.1651 	EXP 	Sound  started
354.8569 	DATA 	Keypress: lctrl
358.0313 	DATA 	Keypress: 3
358.0478 	EXP 	unnamed ShapeStim: vertices = <class 'numpy.ndarray'>
360.5877 	DATA 	Keypress: 4
360.6171 	EXP 	unnamed ShapeStim: vertices = <class 'numpy.ndarray'>
371.7092 	DATA 	Keypress: 2
371.7257 	EXP 	unnamed ShapeStim: vertices = <class 'numpy.ndarray'>
374.0096 	EXP 	Sound  started
374.1689 	DATA 	Keypress: lctrl
374.7449 	DATA 	Keypress: rctrl
374.7596 	EXP 	Sound  started
375.4649 	DATA 	Keypress: lctrl
375.5096 	EXP 	Sound  started
376.2009 	DATA 	Keypress: rctrl
376.2596 	EXP 	Sound  started
376.9369 	DATA 	Keypress: lctrl
377.0096 	EXP 	Sound  started
377.6729 	DATA 	Keypress: lctrl
377.7596 	EXP 	Sound  started
378.4889 	DATA 	Keypress: lctrl
378.5097 	EXP 	Sound  started
379.2409 	DATA 	Keypress: lctrl
379.2597 	EXP 	Sound  started
379.9289 	DATA 	Keypress: rctrl
380.0097 	EXP 	Sound  started
380.6650 	DATA 	Keypress: rctrl
380.7597 	EXP 	Sound  started
381.4329 	DATA 	Keypress: lctrl
381.5097 	EXP 	Sound  started
382.2329 	DATA 	Keypress: lctrl
382.2597 	EXP 	Sound  started
382.9049 	DATA 	Keypress: rctrl
383.0098 	EXP 	Sound  started
383.6728 	DATA 	Keypress: rctrl
383.7598 	EXP 	Sound  started
384.4248 	DATA 	Keypress: rctrl
384.5098 	EXP 	Sound  started
385.1449 	DATA 	Keypress: lctrl
385.2598 	EXP 	Sound  started
385.8969 	DATA 	Keypress: rctrl
386.0098 	EXP 	Sound  started
386.6649 	DATA 	Keypress: lctrl
386.7598 	EXP 	Sound  started
387.4329 	DATA 	Keypress: rctrl
387.5098 	EXP 	Sound  started
388.1689 	DATA 	Keypress: rctrl
388.2598 	EXP 	Sound  started
388.9369 	DATA 	Keypress: rctrl
389.0099 	EXP 	Sound  started
389.6409 	DATA 	Keypress: rctrl
389.7599 	EXP 	Sound  started
390.4088 	DATA 	Keypress: lctrl
390.5099 	EXP 	Sound  started
391.2089 	DATA 	Keypress: lctrl
391.2599 	EXP 	Sound  started
392.0099 	EXP 	Sound  started
392.0408 	DATA 	Keypress: rctrl
392.7289 	DATA 	Keypress: rctrl
392.7600 	EXP 	Sound  started
393.4008 	DATA 	Keypress: lctrl
393.5100 	EXP 	Sound  started
394.2329 	DATA 	Keypress: lctrl
394.2600 	EXP 	Sound  started
394.9529 	DATA 	Keypress: lctrl
395.0100 	EXP 	Sound  started
395.6889 	DATA 	Keypress: lctrl
395.7600 	EXP 	Sound  started
396.4410 	DATA 	Keypress: lctrl
396.5100 	EXP 	Sound  started
397.2249 	DATA 	Keypress: lctrl
397.2600 	EXP 	Sound  started
398.0089 	DATA 	Keypress: lctrl
398.0100 	EXP 	Sound  started
398.6969 	DATA 	Keypress: rctrl
398.7600 	EXP 	Sound  started
399.5101 	EXP 	Sound  started
399.5130 	DATA 	Keypress: rctrl
400.1529 	DATA 	Keypress: lctrl
400.2601 	EXP 	Sound  started
400.8889 	DATA 	Keypress: rctrl
401.0101 	EXP 	Sound  started
401.6409 	DATA 	Keypress: rctrl
401.7601 	EXP 	Sound  started
402.4568 	DATA 	Keypress: rctrl
402.5101 	EXP 	Sound  started
403.1929 	DATA 	Keypress: rctrl
403.2601 	EXP 	Sound  started
403.9608 	DATA 	Keypress: rctrl
404.0101 	EXP 	Sound  started
404.7128 	DATA 	Keypress: rctrl
404.7602 	EXP 	Sound  started
405.4328 	DATA 	Keypress: rctrl
405.5102 	EXP 	Sound  started
406.1848 	DATA 	Keypress: lctrl
406.2602 	EXP 	Sound  started
406.9368 	DATA 	Keypress: lctrl
407.0102 	EXP 	Sound  started
407.6729 	DATA 	Keypress: rctrl
407.7602 	EXP 	Sound  started
408.4248 	DATA 	Keypress: lctrl
408.5102 	EXP 	Sound  started
409.2089 	DATA 	Keypress: rctrl
409.2602 	EXP 	Sound  started
409.8648 	DATA 	Keypress: rctrl
410.0103 	EXP 	Sound  started
410.6649 	DATA 	Keypress: rctrl
410.7603 	EXP 	Sound  started
411.4809 	DATA 	Keypress: rctrl
411.5103 	EXP 	Sound  started
412.2603 	EXP 	Sound  started
412.3128 	DATA 	Keypress: lctrl
412.9529 	DATA 	Keypress: lctrl
413.0103 	EXP 	Sound  started
413.7369 	DATA 	Keypress: rctrl
413.7603 	EXP 	Sound  started
414.4569 	DATA 	Keypress: rctrl
414.5104 	EXP 	Sound  started
415.2604 	EXP 	Sound  started
415.2888 	DATA 	Keypress: lctrl
415.9288 	DATA 	Keypress: lctrl
416.0104 	EXP 	Sound  started
416.7289 	DATA 	Keypress: lctrl
416.7604 	EXP 	Sound  started
417.5104 	EXP 	Sound  started
417.5128 	DATA 	Keypress: lctrl
418.2604 	EXP 	Sound  started
418.2648 	DATA 	Keypress: lctrl
418.9688 	DATA 	Keypress: rctrl
419.0104 	EXP 	Sound  started
419.7050 	DATA 	Keypress: rctrl
419.7605 	EXP 	Sound  started
420.4730 	DATA 	Keypress: rctrl
420.5105 	EXP 	Sound  started
421.2089 	DATA 	Keypress: rctrl
421.2605 	EXP 	Sound  started
421.9449 	DATA 	Keypress: lctrl
422.0105 	EXP 	Sound  started
422.7288 	DATA 	Keypress: lctrl
426.9211 	DATA 	Keypress: 3
426.9376 	EXP 	unnamed ShapeStim: vertices = <class 'numpy.ndarray'>
429.8901 	DATA 	Keypress: 4
429.9067 	EXP 	unnamed ShapeStim: vertices = <class 'numpy.ndarray'>
434.8108 	DATA 	Keypress: 3
434.8274 	EXP 	unnamed ShapeStim: vertices = <class 'numpy.ndarray'>
437.1120 	EXP 	Sound  started
437.1128 	DATA 	Keypress: rctrl
437.8328 	DATA 	Keypress: rctrl
437.8619 	EXP 	Sound  started
438.6008 	DATA 	Keypress: rctrl
438.6119 	EXP 	Sound  started
439.3048 	DATA 	Keypress: rctrl
439.3620 	EXP 	Sound  started
440.0088 	DATA 	Keypress: rctrl
440.1120 	EXP 	Sound  started
440.7608 	DATA 	Keypress: rctrl
440.8620 	EXP 	Sound  started
441.4809 	DATA 	Keypress: lctrl
441.6120 	EXP 	Sound  started
442.2328 	DATA 	Keypress: rctrl
442.3620 	EXP 	Sound  started
443.0328 	DATA 	Keypress: rctrl
443.1120 	EXP 	Sound  started
443.7688 	DATA 	Keypress: lctrl
443.8620 	EXP 	Sound  started
444.5048 	DATA 	Keypress: lctrl
444.6121 	EXP 	Sound  started
445.3208 	DATA 	Keypress: lctrl
445.3621 	EXP 	Sound  started
446.0728 	DATA 	Keypress: lctrl
446.1121 	EXP 	Sound  started
446.8408 	DATA 	Keypress: lctrl
446.8621 	EXP 	Sound  started
447.5768 	DATA 	Keypress: lctrl
447.6121 	EXP 	Sound  started
448.3128 	DATA 	Keypress: lctrl
448.3621 	EXP 	Sound  started
449.0648 	DATA 	Keypress: rctrl
449.1121 	EXP 	Sound  started
449.7528 	DATA 	Keypress: rctrl
449.8622 	EXP 	Sound  started
450.5208 	DATA 	Keypress: lctrl
450.6122 	EXP 	Sound  started
451.2408 	DATA 	Keypress: lctrl
451.3622 	EXP 	Sound  started
452.0088 	DATA 	Keypress: lctrl
452.1122 	EXP 	Sound  started
452.7929 	DATA 	Keypress: lctrl
452.8622 	EXP 	Sound  started
453.5609 	DATA 	Keypress: lctrl
453.6122 	EXP 	Sound  started
454.2648 	DATA 	Keypress: rctrl
454.3623 	EXP 	Sound  started
455.0008 	DATA 	Keypress: rctrl
455.1123 	EXP 	Sound  started
455.7208 	DATA 	Keypress: lctrl
455.8623 	EXP 	Sound  started
456.5368 	DATA 	Keypress: lctrl
456.6123 	EXP 	Sound  started
457.2728 	DATA 	Keypress: lctrl
457.3623 	EXP 	Sound  started
458.0568 	DATA 	Keypress: lctrl
458.1123 	EXP 	Sound  started
458.8088 	DATA 	Keypress: lctrl
458.8623 	EXP 	Sound  started
459.4808 	DATA 	Keypress: lctrl
459.6124 	EXP 	Sound  started
460.2968 	DATA 	Keypress: rctrl
460.3624 	EXP 	Sound  started
461.0808 	DATA 	Keypress: rctrl
461.1124 	EXP 	Sound  started
461.8488 	DATA 	Keypress: rctrl
461.8624 	EXP 	Sound  started
462.6008 	DATA 	Keypress: rctrl
462.6124 	EXP 	Sound  started
463.2889 	DATA 	Keypress: rctrl
463.3624 	EXP 	Sound  started
463.9928 	DATA 	Keypress: rctrl
464.1125 	EXP 	Sound  started
464.7928 	DATA 	Keypress: rctrl
464.8625 	EXP 	Sound  started
465.5448 	DATA 	Keypress: rctrl
465.6125 	EXP 	Sound  started
466.2488 	DATA 	Keypress: rctrl
466.3625 	EXP 	Sound  started
467.0168 	DATA 	Keypress: lctrl
467.1125 	EXP 	Sound  started
467.8008 	DATA 	Keypress: lctrl
467.8625 	EXP 	Sound  started
468.5370 	DATA 	Keypress: lctrl
468.6125 	EXP 	Sound  started
469.2729 	DATA 	Keypress: lctrl
469.3626 	EXP 	Sound  started
470.0568 	DATA 	Keypress: lctrl
470.1126 	EXP 	Sound  started
470.8568 	DATA 	Keypress: lctrl
470.8626 	EXP 	Sound  started
471.6126 	EXP 	Sound  started
471.6888 	DATA 	Keypress: lctrl
472.3128 	DATA 	Keypress: rctrl
472.3626 	EXP 	Sound  started
473.0808 	DATA 	Keypress: lctrl
473.1126 	EXP 	Sound  started
473.8627 	EXP 	Sound  started
473.8808 	DATA 	Keypress: rctrl
474.5208 	DATA 	Keypress: lctrl
474.6127 	EXP 	Sound  started
475.3048 	DATA 	Keypress: rctrl
475.3627 	EXP 	Sound  started
476.0568 	DATA 	Keypress: rctrl
476.1127 	EXP 	Sound  started
476.7928 	DATA 	Keypress: rctrl
476.8627 	EXP 	Sound  started
477.5608 	DATA 	Keypress: rctrl
477.6127 	EXP 	Sound  started
478.2808 	DATA 	Keypress: rctrl
482.9169 	DATA 	Keypress: 4
482.9334 	EXP 	unnamed ShapeStim: vertices = <class 'numpy.ndarray'>
485.6196 	DATA 	Keypress: 4
485.6361 	EXP 	unnamed ShapeStim: vertices = <class 'numpy.ndarray'>
490.3769 	DATA 	Keypress: 4
490.4062 	EXP 	unnamed ShapeStim: vertices = <class 'numpy.ndarray'>
492.6914 	EXP 	Sound  started
492.6918 	DATA 	Keypress: rctrl
493.3848 	DATA 	Keypress: lctrl
493.4413 	EXP 	Sound  started
494.1209 	DATA 	Keypress: lctrl
494.1913 	EXP 	Sound  started
494.8888 	DATA 	Keypress: lctrl
494.9414 	EXP 	Sound  started
495.6728 	DATA 	Keypress: lctrl
495.6914 	EXP 	Sound  started
496.3928 	DATA 	Keypress: lctrl
496.4414 	EXP 	Sound  started
497.1768 	DATA 	Keypress: lctrl
497.1914 	EXP 	Sound  started
497.9414 	EXP 	Sound  started
497.9608 	DATA 	Keypress: lctrl
498.6808 	DATA 	Keypress: lctrl
498.6914 	EXP 	Sound  started
499.4415 	EXP 	Sound  started
499.5448 	DATA 	Keypress: lctrl
500.1848 	DATA 	Keypress: lctrl
500.1915 	EXP 	Sound  started
500.9208 	DATA 	Keypress: lctrl
500.9415 	EXP 	Sound  started
501.6728 	DATA 	Keypress: lctrl
501.6915 	EXP 	Sound  started
502.4415 	EXP 	Sound  started
502.5048 	DATA 	Keypress: rctrl
503.1915 	EXP 	Sound  started
503.2247 	DATA 	Keypress: rctrl
503.9415 	EXP 	Sound  started
503.9447 	DATA 	Keypress: rctrl
504.6168 	DATA 	Keypress: rctrl
504.6915 	EXP 	Sound  started
505.3370 	DATA 	Keypress: rctrl
505.4416 	EXP 	Sound  started
506.1368 	DATA 	Keypress: rctrl
506.1916 	EXP 	Sound  started
506.9208 	DATA 	Keypress: rctrl
506.9416 	EXP 	Sound  started
507.6408 	DATA 	Keypress: rctrl
507.6916 	EXP 	Sound  started
508.3768 	DATA 	Keypress: lctrl
508.4416 	EXP 	Sound  started
509.1288 	DATA 	Keypress: lctrl
509.1916 	EXP 	Sound  started
509.9128 	DATA 	Keypress: lctrl
509.9416 	EXP 	Sound  started
510.6808 	DATA 	Keypress: rctrl
510.6917 	EXP 	Sound  started
511.4168 	DATA 	Keypress: rctrl
511.4417 	EXP 	Sound  started
512.1528 	DATA 	Keypress: lctrl
512.1917 	EXP 	Sound  started
512.9417 	EXP 	Sound  started
512.9528 	DATA 	Keypress: lctrl
513.6408 	DATA 	Keypress: lctrl
513.6917 	EXP 	Sound  started
514.4248 	DATA 	Keypress: lctrl
514.4417 	EXP 	Sound  started
515.0968 	DATA 	Keypress: rctrl
515.1917 	EXP 	Sound  started
515.9128 	DATA 	Keypress: rctrl
515.9418 	EXP 	Sound  started
516.6648 	DATA 	Keypress: rctrl
516.6918 	EXP 	Sound  started
517.3688 	DATA 	Keypress: rctrl
517.4418 	EXP 	Sound  started
518.0568 	DATA 	Keypress: rctrl
518.1918 	EXP 	Sound  started
518.8248 	DATA 	Keypress: rctrl
518.9418 	EXP 	Sound  started
519.6088 	DATA 	Keypress: lctrl
519.6918 	EXP 	Sound  started
520.3768 	DATA 	Keypress: lctrl
520.4418 	EXP 	Sound  started
521.1448 	DATA 	Keypress: lctrl
521.1919 	EXP 	Sound  started
521.8647 	DATA 	Keypress: rctrl
521.9419 	EXP 	Sound  started
522.5848 	DATA 	Keypress: rctrl
522.6919 	EXP 	Sound  started
523.3688 	DATA 	Keypress: rctrl
523.4419 	EXP 	Sound  started
524.1847 	DATA 	Keypress: rctrl
524.1919 	EXP 	Sound  started
524.8567 	DATA 	Keypress: rctrl
524.9420 	EXP 	Sound  started
525.6087 	DATA 	Keypress: rctrl
525.6920 	EXP 	Sound  started
526.3768 	DATA 	Keypress: lctrl
526.4420 	EXP 	Sound  started
527.1447 	DATA 	Keypress: lctrl
527.1920 	EXP 	Sound  started
527.8489 	DATA 	Keypress: lctrl
527.9420 	EXP 	Sound  started
528.5528 	DATA 	Keypress: lctrl
528.6920 	EXP 	Sound  started
529.3048 	DATA 	Keypress: lctrl
529.4420 	EXP 	Sound  started
530.0568 	DATA 	Keypress: lctrl
530.1921 	EXP 	Sound  started
530.8567 	DATA 	Keypress: lctrl
530.9421 	EXP 	Sound  started
531.6088 	DATA 	Keypress: lctrl
531.6921 	EXP 	Sound  started
532.4407 	DATA 	Keypress: rctrl
532.4421 	EXP 	Sound  started
533.1448 	DATA 	Keypress: rctrl
533.1921 	EXP 	Sound  started
533.9128 	DATA 	Keypress: rctrl
533.9421 	EXP 	Sound  started
534.6328 	DATA 	Keypress: rctrl
534.6921 	EXP 	Sound  started
535.3688 	DATA 	Keypress: rctrl
535.4422 	EXP 	Sound  started
536.1048 	DATA 	Keypress: rctrl
536.1922 	EXP 	Sound  started
536.8568 	DATA 	Keypress: lctrl
536.9422 	EXP 	Sound  started
537.6888 	DATA 	Keypress: lctrl
541.1980 	DATA 	Keypress: 3
541.2145 	EXP 	unnamed ShapeStim: vertices = <class 'numpy.ndarray'>
544.3672 	DATA 	Keypress: 4
544.3837 	EXP 	unnamed ShapeStim: vertices = <class 'numpy.ndarray'>
551.8400 	DATA 	Keypress: 1
551.8565 	EXP 	unnamed ShapeStim: vertices = <class 'numpy.ndarray'>
554.1404 	EXP 	Sound  started
554.3287 	DATA 	Keypress: rctrl
554.8248 	DATA 	Keypress: lctrl
554.8904 	EXP 	Sound  started
555.6249 	DATA 	Keypress: rctrl
555.6404 	EXP 	Sound  started
556.3288 	DATA 	Keypress: lctrl
556.3904 	EXP 	Sound  started
557.1128 	DATA 	Keypress: lctrl
557.1404 	EXP 	Sound  started
557.8809 	DATA 	Keypress: lctrl
557.8905 	EXP 	Sound  started
558.6328 	DATA 	Keypress: lctrl
558.6405 	EXP 	Sound  started
559.3527 	DATA 	Keypress: lctrl
559.3905 	EXP 	Sound  started
560.0887 	DATA 	Keypress: rctrl
560.1405 	EXP 	Sound  started
560.8570 	DATA 	Keypress: rctrl
560.8905 	EXP 	Sound  started
561.6247 	DATA 	Keypress: lctrl
561.6405 	EXP 	Sound  started
562.3447 	DATA 	Keypress: rctrl
562.3905 	EXP 	Sound  started
563.1127 	DATA 	Keypress: lctrl
563.1406 	EXP 	Sound  started
563.8007 	DATA 	Keypress: rctrl
563.8906 	EXP 	Sound  started
564.6007 	DATA 	Keypress: lctrl
564.6406 	EXP 	Sound  started
565.3207 	DATA 	Keypress: rctrl
565.3906 	EXP 	Sound  started
566.0247 	DATA 	Keypress: rctrl
566.1406 	EXP 	Sound  started
566.7927 	DATA 	Keypress: rctrl
566.8906 	EXP 	Sound  started
567.5287 	DATA 	Keypress: rctrl
567.6406 	EXP 	Sound  started
568.2487 	DATA 	Keypress: rctrl
568.3907 	EXP 	Sound  started
569.0488 	DATA 	Keypress: lctrl
569.1407 	EXP 	Sound  started
569.8007 	DATA 	Keypress: lctrl
569.8907 	EXP 	Sound  started
570.5048 	DATA 	Keypress: lctrl
570.6407 	EXP 	Sound  started
571.2728 	DATA 	Keypress: rctrl
571.3907 	EXP 	Sound  started
572.0248 	DATA 	Keypress: rctrl
572.1407 	EXP 	Sound  started
572.7927 	DATA 	Keypress: rctrl
572.8907 	EXP 	Sound  started
573.6409 	DATA 	Keypress: rctrl
573.6412 	EXP 	Sound  started
574.3607 	DATA 	Keypress: rctrl
574.3911 	EXP 	Sound  started
575.1127 	DATA 	Keypress: rctrl
575.1412 	EXP 	Sound  started
575.8912 	EXP 	Sound  started
575.8968 	DATA 	Keypress: lctrl
576.6412 	EXP 	Sound  started
576.6648 	DATA 	Keypress: lctrl
577.3368 	DATA 	Keypress: rctrl
577.3912 	EXP 	Sound  started
578.0888 	DATA 	Keypress: lctrl
578.1412 	EXP 	Sound  started
578.8888 	DATA 	Keypress: rctrl
578.8912 	EXP 	Sound  started
579.5608 	DATA 	Keypress: lctrl
579.6412 	EXP 	Sound  started
580.3913 	EXP 	Sound  started
580.4087 	DATA 	Keypress: lctrl
581.1287 	DATA 	Keypress: lctrl
581.1413 	EXP 	Sound  started
581.8487 	DATA 	Keypress: lctrl
581.8913 	EXP 	Sound  started
582.5847 	DATA 	Keypress: lctrl
582.6413 	EXP 	Sound  started
583.3847 	DATA 	Keypress: lctrl
583.3913 	EXP 	Sound  started
584.1208 	DATA 	Keypress: lctrl
584.1413 	EXP 	Sound  started
584.8408 	DATA 	Keypress: rctrl
584.8914 	EXP 	Sound  started
585.6414 	EXP 	Sound  started
585.6887 	DATA 	Keypress: rctrl
586.3914 	EXP 	Sound  started
586.4087 	DATA 	Keypress: rctrl
587.0967 	DATA 	Keypress: rctrl
587.1414 	EXP 	Sound  started
587.8647 	DATA 	Keypress: rctrl
587.8914 	EXP 	Sound  started
588.6414 	EXP 	Sound  started
589.3367 	DATA 	Keypress: lctrl
589.3914 	EXP 	Sound  started
590.1367 	DATA 	Keypress: lctrl
590.1415 	EXP 	Sound  started
590.7608 	DATA 	Keypress: rctrl
590.8915 	EXP 	Sound  started
591.5447 	DATA 	Keypress: rctrl
591.6415 	EXP 	Sound  started
592.3915 	EXP 	Sound  started
592.4087 	DATA 	Keypress: lctrl
593.0967 	DATA 	Keypress: lctrl
597.1938 	DATA 	Keypress: 3
597.2103 	EXP 	unnamed ShapeStim: vertices = <class 'numpy.ndarray'>
599.6630 	DATA 	Keypress: 4
599.6795 	EXP 	unnamed ShapeStim: vertices = <class 'numpy.ndarray'>
606.5014 	DATA 	Keypress: 2
606.5179 	EXP 	unnamed ShapeStim: vertices = <class 'numpy.ndarray'>
608.8021 	EXP 	Sound  started
608.9847 	DATA 	Keypress: lctrl
609.5287 	DATA 	Keypress: rctrl
609.5521 	EXP 	Sound  started
610.1847 	DATA 	Keypress: lctrl
610.3021 	EXP 	Sound  started
610.9848 	DATA 	Keypress: lctrl
611.0521 	EXP 	Sound  started
611.7689 	DATA 	Keypress: lctrl
611.8021 	EXP 	Sound  started
612.4567 	DATA 	Keypress: lctrl
612.5521 	EXP 	Sound  started
613.1767 	DATA 	Keypress: rctrl
613.3022 	EXP 	Sound  started
613.9287 	DATA 	Keypress: rctrl
614.0522 	EXP 	Sound  started
614.6807 	DATA 	Keypress: lctrl
614.8022 	EXP 	Sound  started
615.4327 	DATA 	Keypress: lctrl
615.5522 	EXP 	Sound  started
616.2328 	DATA 	Keypress: rctrl
616.3022 	EXP 	Sound  started
616.9687 	DATA 	Keypress: rctrl
617.0522 	EXP 	Sound  started
617.6727 	DATA 	Keypress: rctrl
617.8023 	EXP 	Sound  started
618.4407 	DATA 	Keypress: rctrl
618.5523 	EXP 	Sound  started
619.2728 	DATA 	Keypress: rctrl
619.3023 	EXP 	Sound  started
619.9927 	DATA 	Keypress: rctrl
620.0523 	EXP 	Sound  started
620.6968 	DATA 	Keypress: lctrl
620.8023 	EXP 	Sound  started
621.5523 	EXP 	Sound  started
621.5768 	DATA 	Keypress: lctrl
622.2487 	DATA 	Keypress: lctrl
622.3023 	EXP 	Sound  started
622.9207 	DATA 	Keypress: lctrl
623.0524 	EXP 	Sound  started
623.6567 	DATA 	Keypress: lctrl
623.8024 	EXP 	Sound  started
624.4087 	DATA 	Keypress: lctrl
624.5524 	EXP 	Sound  started
625.1928 	DATA 	Keypress: lctrl
625.3024 	EXP 	Sound  started
625.9607 	DATA 	Keypress: lctrl
626.0524 	EXP 	Sound  started
626.7607 	DATA 	Keypress: lctrl
626.8024 	EXP 	Sound  started
627.5525 	EXP 	Sound  started
627.5767 	DATA 	Keypress: lctrl
628.2167 	DATA 	Keypress: rctrl
628.3025 	EXP 	Sound  started
628.9687 	DATA 	Keypress: rctrl
629.0525 	EXP 	Sound  started
629.6727 	DATA 	Keypress: rctrl
629.8025 	EXP 	Sound  started
630.3927 	DATA 	Keypress: rctrl
630.5525 	EXP 	Sound  started
631.1286 	DATA 	Keypress: rctrl
631.3025 	EXP 	Sound  started
631.8807 	DATA 	Keypress: lctrl
632.0525 	EXP 	Sound  started
632.6487 	DATA 	Keypress: lctrl
632.8026 	EXP 	Sound  started
633.3847 	DATA 	Keypress: rctrl
633.5526 	EXP 	Sound  started
634.0727 	DATA 	Keypress: rctrl
634.3026 	EXP 	Sound  started
634.9207 	DATA 	Keypress: rctrl
635.0526 	EXP 	Sound  started
635.6888 	DATA 	Keypress: rctrl
635.8026 	EXP 	Sound  started
636.4887 	DATA 	Keypress: lctrl
636.5526 	EXP 	Sound  started
637.2887 	DATA 	Keypress: lctrl
637.3026 	EXP 	Sound  started
638.0247 	DATA 	Keypress: lctrl
638.0527 	EXP 	Sound  started
638.7447 	DATA 	Keypress: lctrl
638.8027 	EXP 	Sound  started
639.4966 	DATA 	Keypress: rctrl
639.5527 	EXP 	Sound  started
640.2167 	DATA 	Keypress: rctrl
640.3027 	EXP 	Sound  started
641.0167 	DATA 	Keypress: rctrl
641.0527 	EXP 	Sound  started
641.7847 	DATA 	Keypress: rctrl
641.8027 	EXP 	Sound  started
642.5527 	EXP 	Sound  started
642.5847 	DATA 	Keypress: rctrl
643.2727 	DATA 	Keypress: rctrl
643.3028 	EXP 	Sound  started
643.9927 	DATA 	Keypress: lctrl
644.0528 	EXP 	Sound  started
644.7767 	DATA 	Keypress: lctrl
644.8028 	EXP 	Sound  started
645.4807 	DATA 	Keypress: lctrl
645.5528 	EXP 	Sound  started
646.2647 	DATA 	Keypress: lctrl
646.3028 	EXP 	Sound  started
646.9367 	DATA 	Keypress: rctrl
647.0528 	EXP 	Sound  started
647.7687 	DATA 	Keypress: lctrl
647.8028 	EXP 	Sound  started
648.5207 	DATA 	Keypress: rctrl
648.5529 	EXP 	Sound  started
649.1768 	DATA 	Keypress: lctrl
649.3029 	EXP 	Sound  started
649.9447 	DATA 	Keypress: rctrl
650.0529 	EXP 	Sound  started
650.6967 	DATA 	Keypress: rctrl
650.8029 	EXP 	Sound  started
651.4807 	DATA 	Keypress: rctrl
651.5529 	EXP 	Sound  started
652.1687 	DATA 	Keypress: lctrl
652.3029 	EXP 	Sound  started
652.9527 	DATA 	Keypress: lctrl
653.0530 	EXP 	Sound  started
653.7367 	DATA 	Keypress: lctrl
653.8030 	EXP 	Sound  started
654.5527 	DATA 	Keypress: lctrl
654.5530 	EXP 	Sound  started
655.2407 	DATA 	Keypress: rctrl
655.3030 	EXP 	Sound  started
656.0087 	DATA 	Keypress: rctrl
656.0530 	EXP 	Sound  started
656.7606 	DATA 	Keypress: rctrl
656.8030 	EXP 	Sound  started
657.4647 	DATA 	Keypress: rctrl
664.8325 	DATA 	Keypress: 3
664.8490 	EXP 	unnamed ShapeStim: vertices = <class 'numpy.ndarray'>
668.0185 	DATA 	Keypress: 4
668.0350 	EXP 	unnamed ShapeStim: vertices = <class 'numpy.ndarray'>
671.5714 	DATA 	Keypress: 1
671.5879 	EXP 	unnamed ShapeStim: vertices = <class 'numpy.ndarray'>
673.8727 	EXP 	Sound  started
674.0727 	DATA 	Keypress: lctrl
674.5687 	DATA 	Keypress: rctrl
674.6225 	EXP 	Sound  started
675.2727 	DATA 	Keypress: lctrl
675.3725 	EXP 	Sound  started
675.9927 	DATA 	Keypress: lctrl
676.1226 	EXP 	Sound  started
676.7607 	DATA 	Keypress: lctrl
676.8729 	EXP 	Sound  started
677.5447 	DATA 	Keypress: lctrl
677.6229 	EXP 	Sound  started
678.2648 	DATA 	Keypress: lctrl
678.3729 	EXP 	Sound  started
679.0167 	DATA 	Keypress: rctrl
679.1229 	EXP 	Sound  started
679.8006 	DATA 	Keypress: rctrl
679.8729 	EXP 	Sound  started
680.4887 	DATA 	Keypress: lctrl
680.6229 	EXP 	Sound  started
681.2728 	DATA 	Keypress: lctrl
681.3729 	EXP 	Sound  started
682.0727 	DATA 	Keypress: lctrl
682.1229 	EXP 	Sound  started
682.8406 	DATA 	Keypress: lctrl
682.8730 	EXP 	Sound  started
683.5607 	DATA 	Keypress: lctrl
683.6230 	EXP 	Sound  started
684.2967 	DATA 	Keypress: lctrl
684.3730 	EXP 	Sound  started
685.0967 	DATA 	Keypress: rctrl
685.1230 	EXP 	Sound  started
685.8326 	DATA 	Keypress: rctrl
685.8730 	EXP 	Sound  started
686.5527 	DATA 	Keypress: lctrl
686.6230 	EXP 	Sound  started
687.2567 	DATA 	Keypress: lctrl
687.3730 	EXP 	Sound  started
687.9927 	DATA 	Keypress: rctrl
688.1231 	EXP 	Sound  started
688.7286 	DATA 	Keypress: rctrl
688.8731 	EXP 	Sound  started
689.4967 	DATA 	Keypress: rctrl
689.6231 	EXP 	Sound  started
690.2487 	DATA 	Keypress: lctrl
690.3731 	EXP 	Sound  started
691.0166 	DATA 	Keypress: rctrl
691.1231 	EXP 	Sound  started
691.6726 	DATA 	Keypress: rctrl
691.8731 	EXP 	Sound  started
692.4247 	DATA 	Keypress: rctrl
692.6231 	EXP 	Sound  started
693.1927 	DATA 	Keypress: rctrl
693.3732 	EXP 	Sound  started
693.9767 	DATA 	Keypress: lctrl
694.1232 	EXP 	Sound  started
694.6806 	DATA 	Keypress: rctrl
694.8732 	EXP 	Sound  started
695.4327 	DATA 	Keypress: rctrl
695.6232 	EXP 	Sound  started
696.2327 	DATA 	Keypress: lctrl
696.3732 	EXP 	Sound  started
697.0166 	DATA 	Keypress: lctrl
697.1232 	EXP 	Sound  started
697.8486 	DATA 	Keypress: lctrl
697.8733 	EXP 	Sound  started
698.5527 	DATA 	Keypress: lctrl
698.6233 	EXP 	Sound  started
699.2567 	DATA 	Keypress: lctrl
699.3733 	EXP 	Sound  started
699.9766 	DATA 	Keypress: lctrl
700.1233 	EXP 	Sound  started
700.7766 	DATA 	Keypress: rctrl
700.8733 	EXP 	Sound  started
701.5607 	DATA 	Keypress: rctrl
701.6233 	EXP 	Sound  started
702.2487 	DATA 	Keypress: lctrl
702.3733 	EXP 	Sound  started
703.0487 	DATA 	Keypress: lctrl
703.1233 	EXP 	Sound  started
703.7847 	DATA 	Keypress: lctrl
703.8734 	EXP 	Sound  started
704.6234 	EXP 	Sound  started
705.3046 	DATA 	Keypress: rctrl
705.3734 	EXP 	Sound  started
706.0566 	DATA 	Keypress: rctrl
706.1234 	EXP 	Sound  started
706.8086 	DATA 	Keypress: rctrl
706.8734 	EXP 	Sound  started
707.5287 	DATA 	Keypress: lctrl
707.6234 	EXP 	Sound  started
708.2006 	DATA 	Keypress: rctrl
708.3734 	EXP 	Sound  started
709.0486 	DATA 	Keypress: lctrl
709.1235 	EXP 	Sound  started
709.7527 	DATA 	Keypress: lctrl
709.8735 	EXP 	Sound  started
710.6006 	DATA 	Keypress: lctrl
710.6235 	EXP 	Sound  started
711.2886 	DATA 	Keypress: lctrl
711.3735 	EXP 	Sound  started
711.9926 	DATA 	Keypress: rctrl
712.1235 	EXP 	Sound  started
712.8247 	DATA 	Keypress: rctrl
712.8735 	EXP 	Sound  started
713.5926 	DATA 	Keypress: lctrl
713.6235 	EXP 	Sound  started
714.2966 	DATA 	Keypress: lctrl
714.3736 	EXP 	Sound  started
715.0966 	DATA 	Keypress: lctrl
715.1236 	EXP 	Sound  started
715.7847 	DATA 	Keypress: lctrl
715.8736 	EXP 	Sound  started
716.5526 	DATA 	Keypress: lctrl
716.6236 	EXP 	Sound  started
717.3366 	DATA 	Keypress: lctrl
717.3736 	EXP 	Sound  started
718.1046 	DATA 	Keypress: lctrl
718.1236 	EXP 	Sound  started
718.7927 	DATA 	Keypress: lctrl
718.8736 	EXP 	Sound  started
719.5767 	DATA 	Keypress: lctrl
719.6237 	EXP 	Sound  started
720.3606 	DATA 	Keypress: lctrl
720.3737 	EXP 	Sound  started
721.0486 	DATA 	Keypress: rctrl
721.1237 	EXP 	Sound  started
721.8166 	DATA 	Keypress: rctrl
721.8737 	EXP 	Sound  started
722.5846 	DATA 	Keypress: rctrl
722.6237 	EXP 	Sound  started
723.3686 	DATA 	Keypress: rctrl
723.3737 	EXP 	Sound  started
724.0886 	DATA 	Keypress: rctrl
724.1237 	EXP 	Sound  started
724.8406 	DATA 	Keypress: rctrl
724.8738 	EXP 	Sound  started
725.5926 	DATA 	Keypress: rctrl
725.6238 	EXP 	Sound  started
726.2646 	DATA 	Keypress: rctrl
726.3738 	EXP 	Sound  started
727.0486 	DATA 	Keypress: rctrl
727.1238 	EXP 	Sound  started
727.7846 	DATA 	Keypress: rctrl
727.8738 	EXP 	Sound  started
728.5367 	DATA 	Keypress: rctrl
728.6238 	EXP 	Sound  started
729.2726 	DATA 	Keypress: rctrl
729.3739 	EXP 	Sound  started
730.0406 	DATA 	Keypress: rctrl
730.1239 	EXP 	Sound  started
730.6966 	DATA 	Keypress: lctrl
730.8739 	EXP 	Sound  started
731.4966 	DATA 	Keypress: lctrl
737.1622 	DATA 	Keypress: 3
737.1916 	EXP 	unnamed ShapeStim: vertices = <class 'numpy.ndarray'>
740.3481 	DATA 	Keypress: 4
740.3775 	EXP 	unnamed ShapeStim: vertices = <class 'numpy.ndarray'>
744.0140 	DATA 	Keypress: 2
744.0305 	EXP 	unnamed ShapeStim: vertices = <class 'numpy.ndarray'>
746.3154 	EXP 	Sound  started
746.4886 	DATA 	Keypress: lctrl
747.0326 	DATA 	Keypress: lctrl
747.0654 	EXP 	Sound  started
747.7366 	DATA 	Keypress: lctrl
747.8154 	EXP 	Sound  started
748.4726 	DATA 	Keypress: rctrl
748.5654 	EXP 	Sound  started
749.2246 	DATA 	Keypress: rctrl
749.3154 	EXP 	Sound  started
749.9606 	DATA 	Keypress: lctrl
750.0655 	EXP 	Sound  started
750.7126 	DATA 	Keypress: lctrl
750.8155 	EXP 	Sound  started
751.4487 	DATA 	Keypress: lctrl
751.5655 	EXP 	Sound  started
752.1846 	DATA 	Keypress: lctrl
752.3155 	EXP 	Sound  started
752.9206 	DATA 	Keypress: lctrl
753.0655 	EXP 	Sound  started
753.7046 	DATA 	Keypress: lctrl
753.8155 	EXP 	Sound  started
754.4726 	DATA 	Keypress: rctrl
754.5655 	EXP 	Sound  started
755.2566 	DATA 	Keypress: rctrl
755.3156 	EXP 	Sound  started
755.9286 	DATA 	Keypress: lctrl
756.0656 	EXP 	Sound  started
756.6806 	DATA 	Keypress: lctrl
756.8156 	EXP 	Sound  started
757.5126 	DATA 	Keypress: lctrl
757.5656 	EXP 	Sound  started
758.2166 	DATA 	Keypress: lctrl
758.3156 	EXP 	Sound  started
758.9366 	DATA 	Keypress: lctrl
759.0656 	EXP 	Sound  started
759.6246 	DATA 	Keypress: lctrl
759.8156 	EXP 	Sound  started
760.4246 	DATA 	Keypress: lctrl
760.5657 	EXP 	Sound  started
761.1767 	DATA 	Keypress: lctrl
761.3157 	EXP 	Sound  started
761.9446 	DATA 	Keypress: lctrl
762.0657 	EXP 	Sound  started
762.7286 	DATA 	Keypress: rctrl
762.8157 	EXP 	Sound  started
763.4806 	DATA 	Keypress: rctrl
763.5657 	EXP 	Sound  started
764.2486 	DATA 	Keypress: rctrl
764.3157 	EXP 	Sound  started
764.9686 	DATA 	Keypress: rctrl
765.0657 	EXP 	Sound  started
765.7206 	DATA 	Keypress: rctrl
765.8158 	EXP 	Sound  started
766.4406 	DATA 	Keypress: rctrl
766.5658 	EXP 	Sound  started
767.2246 	DATA 	Keypress: rctrl
767.3158 	EXP 	Sound  started
767.9926 	DATA 	Keypress: rctrl
768.0658 	EXP 	Sound  started
768.7286 	DATA 	Keypress: rctrl
768.8158 	EXP 	Sound  started
769.4966 	DATA 	Keypress: rctrl
769.5658 	EXP 	Sound  started
770.1846 	DATA 	Keypress: lctrl
770.3158 	EXP 	Sound  started
770.9846 	DATA 	Keypress: lctrl
771.0659 	EXP 	Sound  started
771.7366 	DATA 	Keypress: rctrl
771.8159 	EXP 	Sound  started
772.4406 	DATA 	Keypress: rctrl
772.5659 	EXP 	Sound  started
773.2726 	DATA 	Keypress: lctrl
773.3159 	EXP 	Sound  started
773.9286 	DATA 	Keypress: lctrl
774.0659 	EXP 	Sound  started
774.6646 	DATA 	Keypress: lctrl
774.8159 	EXP 	Sound  started
775.4166 	DATA 	Keypress: lctrl
775.5660 	EXP 	Sound  started
776.3160 	EXP 	Sound  started
777.0660 	EXP 	Sound  started
777.8160 	EXP 	Sound  started
778.4086 	DATA 	Keypress: lctrl
778.5660 	EXP 	Sound  started
779.1606 	DATA 	Keypress: rctrl
779.3161 	EXP 	Sound  started
779.9606 	DATA 	Keypress: rctrl
780.0661 	EXP 	Sound  started
780.7926 	DATA 	Keypress: lctrl
780.8161 	EXP 	Sound  started
781.4647 	DATA 	Keypress: lctrl
781.5661 	EXP 	Sound  started
782.2486 	DATA 	Keypress: rctrl
782.3161 	EXP 	Sound  started
782.9846 	DATA 	Keypress: rctrl
783.0661 	EXP 	Sound  started
783.7046 	DATA 	Keypress: rctrl
783.8161 	EXP 	Sound  started
784.4726 	DATA 	Keypress: rctrl
784.5661 	EXP 	Sound  started
785.3162 	EXP 	Sound  started
786.0406 	DATA 	Keypress: lctrl
786.0662 	EXP 	Sound  started
786.8162 	EXP 	Sound  started
786.8246 	DATA 	Keypress: lctrl
787.4966 	DATA 	Keypress: lctrl
787.5662 	EXP 	Sound  started
788.2806 	DATA 	Keypress: lctrl
788.3162 	EXP 	Sound  started
788.9526 	DATA 	Keypress: rctrl
789.0662 	EXP 	Sound  started
789.7206 	DATA 	Keypress: rctrl
789.8162 	EXP 	Sound  started
790.5663 	EXP 	Sound  started
791.1606 	DATA 	Keypress: lctrl
791.3163 	EXP 	Sound  started
791.9446 	DATA 	Keypress: lctrl
792.0663 	EXP 	Sound  started
792.6806 	DATA 	Keypress: rctrl
792.8163 	EXP 	Sound  started
793.4165 	DATA 	Keypress: rctrl
793.5663 	EXP 	Sound  started
794.2006 	DATA 	Keypress: rctrl
794.3163 	EXP 	Sound  started
795.0006 	DATA 	Keypress: rctrl
795.0664 	EXP 	Sound  started
795.7685 	DATA 	Keypress: lctrl
795.8164 	EXP 	Sound  started
796.5045 	DATA 	Keypress: lctrl
796.5664 	EXP 	Sound  started
797.3164 	EXP 	Sound  started
797.3206 	DATA 	Keypress: lctrl
798.0085 	DATA 	Keypress: lctrl
798.0664 	EXP 	Sound  started
798.7606 	DATA 	Keypress: lctrl
798.8164 	EXP 	Sound  started
799.5126 	DATA 	Keypress: rctrl
799.5664 	EXP 	Sound  started
800.1686 	DATA 	Keypress: rctrl
800.3164 	EXP 	Sound  started
800.9046 	DATA 	Keypress: rctrl
801.0665 	EXP 	Sound  started
801.7205 	DATA 	Keypress: rctrl
801.8165 	EXP 	Sound  started
802.4406 	DATA 	Keypress: lctrl
802.5665 	EXP 	Sound  started
803.2566 	DATA 	Keypress: lctrl
803.3165 	EXP 	Sound  started
803.9926 	DATA 	Keypress: rctrl
804.0665 	EXP 	Sound  started
804.6646 	DATA 	Keypress: rctrl
804.8165 	EXP 	Sound  started
805.3686 	DATA 	Keypress: lctrl
805.5666 	EXP 	Sound  started
806.1687 	DATA 	Keypress: lctrl
806.3166 	EXP 	Sound  started
806.9685 	DATA 	Keypress: lctrl
807.0666 	EXP 	Sound  started
807.7366 	DATA 	Keypress: lctrl
807.8166 	EXP 	Sound  started
808.5046 	DATA 	Keypress: lctrl
808.5666 	EXP 	Sound  started
809.2567 	DATA 	Keypress: lctrl
809.3166 	EXP 	Sound  started
809.9926 	DATA 	Keypress: rctrl
810.0667 	EXP 	Sound  started
810.7926 	DATA 	Keypress: rctrl
810.8167 	EXP 	Sound  started
811.5126 	DATA 	Keypress: rctrl
815.6264 	DATA 	Keypress: 3
815.6559 	EXP 	unnamed ShapeStim: vertices = <class 'numpy.ndarray'>
817.6744 	DATA 	Keypress: 4
817.6909 	EXP 	unnamed ShapeStim: vertices = <class 'numpy.ndarray'>
819.9304 	DATA 	Keypress: 2
819.9599 	EXP 	unnamed ShapeStim: vertices = <class 'numpy.ndarray'>
822.2445 	EXP 	Sound  started
822.2965 	DATA 	Keypress: lctrl
822.3925 	DATA 	Keypress: lctrl
822.9365 	DATA 	Keypress: rctrl
822.9945 	EXP 	Sound  started
823.6886 	DATA 	Keypress: rctrl
823.7445 	EXP 	Sound  started
824.4565 	DATA 	Keypress: rctrl
824.4945 	EXP 	Sound  started
825.1927 	DATA 	Keypress: rctrl
825.2445 	EXP 	Sound  started
825.9126 	DATA 	Keypress: rctrl
825.9945 	EXP 	Sound  started
826.6165 	DATA 	Keypress: lctrl
826.7446 	EXP 	Sound  started
827.3685 	DATA 	Keypress: lctrl
827.4946 	EXP 	Sound  started
828.0085 	DATA 	Keypress: rctrl
828.2446 	EXP 	Sound  started
828.7766 	DATA 	Keypress: rctrl
828.9946 	EXP 	Sound  started
829.5926 	DATA 	Keypress: rctrl
829.7446 	EXP 	Sound  started
830.3125 	DATA 	Keypress: rctrl
830.4947 	EXP 	Sound  started
831.0965 	DATA 	Keypress: rctrl
831.2447 	EXP 	Sound  started
831.8166 	DATA 	Keypress: rctrl
831.9947 	EXP 	Sound  started
832.6166 	DATA 	Keypress: lctrl
832.7447 	EXP 	Sound  started
833.3205 	DATA 	Keypress: lctrl
833.4947 	EXP 	Sound  started
834.0566 	DATA 	Keypress: lctrl
834.2447 	EXP 	Sound  started
834.8406 	DATA 	Keypress: lctrl
834.9947 	EXP 	Sound  started
835.6246 	DATA 	Keypress: lctrl
835.7447 	EXP 	Sound  started
836.3606 	DATA 	Keypress: lctrl
836.4948 	EXP 	Sound  started
837.1445 	DATA 	Keypress: lctrl
837.2448 	EXP 	Sound  started
837.9606 	DATA 	Keypress: lctrl
837.9948 	EXP 	Sound  started
838.7286 	DATA 	Keypress: rctrl
838.7448 	EXP 	Sound  started
839.4485 	DATA 	Keypress: rctrl
839.4948 	EXP 	Sound  started
840.2448 	EXP 	Sound  started
840.2485 	DATA 	Keypress: rctrl
840.9949 	EXP 	Sound  started
841.0006 	DATA 	Keypress: rctrl
841.6728 	DATA 	Keypress: rctrl
841.7449 	EXP 	Sound  started
842.4565 	DATA 	Keypress: rctrl
842.4949 	EXP 	Sound  started
843.1925 	DATA 	Keypress: rctrl
843.2449 	EXP 	Sound  started
843.9286 	DATA 	Keypress: rctrl
843.9949 	EXP 	Sound  started
844.6806 	DATA 	Keypress: rctrl
844.7449 	EXP 	Sound  started
845.4166 	DATA 	Keypress: rctrl
845.4949 	EXP 	Sound  started
846.1046 	DATA 	Keypress: lctrl
846.2450 	EXP 	Sound  started
846.8565 	DATA 	Keypress: lctrl
846.9950 	EXP 	Sound  started
847.6726 	DATA 	Keypress: lctrl
847.7450 	EXP 	Sound  started
848.4405 	DATA 	Keypress: lctrl
848.4950 	EXP 	Sound  started
849.1765 	DATA 	Keypress: lctrl
849.2450 	EXP 	Sound  started
849.8645 	DATA 	Keypress: rctrl
849.9950 	EXP 	Sound  started
850.5845 	DATA 	Keypress: rctrl
850.7451 	EXP 	Sound  started
851.4006 	DATA 	Keypress: rctrl
851.4951 	EXP 	Sound  started
852.2451 	EXP 	Sound  started
852.9366 	DATA 	Keypress: lctrl
852.9951 	EXP 	Sound  started
853.7451 	EXP 	Sound  started
853.7686 	DATA 	Keypress: lctrl
854.4565 	DATA 	Keypress: lctrl
854.4951 	EXP 	Sound  started
855.1925 	DATA 	Keypress: lctrl
855.2451 	EXP 	Sound  started
855.9285 	DATA 	Keypress: lctrl
855.9952 	EXP 	Sound  started
856.7452 	EXP 	Sound  started
856.7765 	DATA 	Keypress: lctrl
857.4952 	EXP 	Sound  started
857.4966 	DATA 	Keypress: lctrl
858.2326 	DATA 	Keypress: lctrl
858.2452 	EXP 	Sound  started
858.9365 	DATA 	Keypress: lctrl
858.9952 	EXP 	Sound  started
859.6885 	DATA 	Keypress: rctrl
859.7452 	EXP 	Sound  started
860.4085 	DATA 	Keypress: rctrl
860.4952 	EXP 	Sound  started
861.2452 	EXP 	Sound  started
861.9605 	DATA 	Keypress: rctrl
861.9953 	EXP 	Sound  started
862.6965 	DATA 	Keypress: rctrl
862.7453 	EXP 	Sound  started
863.3845 	DATA 	Keypress: rctrl
863.4953 	EXP 	Sound  started
864.2325 	DATA 	Keypress: rctrl
864.2453 	EXP 	Sound  started
864.9366 	DATA 	Keypress: rctrl
864.9953 	EXP 	Sound  started
865.6565 	DATA 	Keypress: rctrl
865.7453 	EXP 	Sound  started
866.3765 	DATA 	Keypress: lctrl
866.4953 	EXP 	Sound  started
867.1125 	DATA 	Keypress: lctrl
867.2454 	EXP 	Sound  started
867.9605 	DATA 	Keypress: lctrl
867.9954 	EXP 	Sound  started
868.7445 	DATA 	Keypress: rctrl
868.7454 	EXP 	Sound  started
869.4805 	DATA 	Keypress: rctrl
869.4954 	EXP 	Sound  started
870.2165 	DATA 	Keypress: rctrl
870.2454 	EXP 	Sound  started
870.9526 	DATA 	Keypress: rctrl
870.9954 	EXP 	Sound  started
871.6725 	DATA 	Keypress: lctrl
871.7455 	EXP 	Sound  started
872.4725 	DATA 	Keypress: lctrl
872.4955 	EXP 	Sound  started
873.2085 	DATA 	Keypress: lctrl
873.2455 	EXP 	Sound  started
873.8965 	DATA 	Keypress: lctrl
873.9955 	EXP 	Sound  started
874.6965 	DATA 	Keypress: lctrl
874.7455 	EXP 	Sound  started
875.4006 	DATA 	Keypress: lctrl
875.4955 	EXP 	Sound  started
876.2165 	DATA 	Keypress: lctrl
876.2456 	EXP 	Sound  started
876.9685 	DATA 	Keypress: lctrl
876.9956 	EXP 	Sound  started
877.7045 	DATA 	Keypress: rctrl
877.7456 	EXP 	Sound  started
878.4566 	DATA 	Keypress: rctrl
878.4956 	EXP 	Sound  started
879.2245 	DATA 	Keypress: rctrl
879.2456 	EXP 	Sound  started
879.9126 	DATA 	Keypress: lctrl
879.9956 	EXP 	Sound  started
880.6805 	DATA 	Keypress: lctrl
880.7456 	EXP 	Sound  started
881.4805 	DATA 	Keypress: lctrl
881.4957 	EXP 	Sound  started
882.2006 	DATA 	Keypress: rctrl
882.2457 	EXP 	Sound  started
882.9526 	DATA 	Keypress: rctrl
882.9957 	EXP 	Sound  started
883.6565 	DATA 	Keypress: rctrl
888.8160 	DATA 	Keypress: 2
888.8324 	EXP 	unnamed ShapeStim: vertices = <class 'numpy.ndarray'>
892.3689 	DATA 	Keypress: 4
892.3853 	EXP 	unnamed ShapeStim: vertices = <class 'numpy.ndarray'>
896.6223 	DATA 	Keypress: 2
896.6388 	EXP 	unnamed ShapeStim: vertices = <class 'numpy.ndarray'>
898.9236 	EXP 	Sound  started
899.0005 	DATA 	Keypress: rctrl
899.6565 	DATA 	Keypress: lctrl
899.6735 	EXP 	Sound  started
900.3605 	DATA 	Keypress: rctrl
900.4235 	EXP 	Sound  started
901.0965 	DATA 	Keypress: rctrl
901.1735 	EXP 	Sound  started
901.8485 	DATA 	Keypress: rctrl
901.9235 	EXP 	Sound  started
902.6165 	DATA 	Keypress: rctrl
902.6735 	EXP 	Sound  started
903.3525 	DATA 	Keypress: rctrl
903.4236 	EXP 	Sound  started
904.1045 	DATA 	Keypress: rctrl
904.1736 	EXP 	Sound  started
904.7445 	DATA 	Keypress: lctrl
904.9236 	EXP 	Sound  started
905.5285 	DATA 	Keypress: lctrl
905.6736 	EXP 	Sound  started
906.3125 	DATA 	Keypress: lctrl
906.4236 	EXP 	Sound  started
907.0965 	DATA 	Keypress: lctrl
907.1736 	EXP 	Sound  started
907.8325 	DATA 	Keypress: lctrl
907.9237 	EXP 	Sound  started
908.6487 	DATA 	Keypress: lctrl
908.6737 	EXP 	Sound  started
909.3685 	DATA 	Keypress: lctrl
909.4237 	EXP 	Sound  started
910.0725 	DATA 	Keypress: rctrl
910.1737 	EXP 	Sound  started
910.8245 	DATA 	Keypress: rctrl
910.9237 	EXP 	Sound  started
911.6405 	DATA 	Keypress: rctrl
911.6737 	EXP 	Sound  started
912.3125 	DATA 	Keypress: rctrl
912.4238 	EXP 	Sound  started
913.0485 	DATA 	Keypress: rctrl
913.1738 	EXP 	Sound  started
913.8005 	DATA 	Keypress: rctrl
913.9238 	EXP 	Sound  started
914.5365 	DATA 	Keypress: rctrl
914.6738 	EXP 	Sound  started
915.2405 	DATA 	Keypress: rctrl
915.4238 	EXP 	Sound  started
916.0085 	DATA 	Keypress: rctrl
916.1738 	EXP 	Sound  started
916.7125 	DATA 	Keypress: lctrl
916.9238 	EXP 	Sound  started
917.5285 	DATA 	Keypress: lctrl
917.6738 	EXP 	Sound  started
918.3285 	DATA 	Keypress: lctrl
918.4239 	EXP 	Sound  started
919.0646 	DATA 	Keypress: lctrl
919.1739 	EXP 	Sound  started
919.8006 	DATA 	Keypress: lctrl
919.9239 	EXP 	Sound  started
920.5365 	DATA 	Keypress: lctrl
920.6739 	EXP 	Sound  started
921.3205 	DATA 	Keypress: lctrl
921.4239 	EXP 	Sound  started
922.0565 	DATA 	Keypress: rctrl
922.1739 	EXP 	Sound  started
922.8245 	DATA 	Keypress: rctrl
922.9239 	EXP 	Sound  started
923.5445 	DATA 	Keypress: rctrl
923.6740 	EXP 	Sound  started
924.3605 	DATA 	Keypress: rctrl
924.4240 	EXP 	Sound  started
925.0485 	DATA 	Keypress: rctrl
925.1740 	EXP 	Sound  started
925.8005 	DATA 	Keypress: rctrl
925.9240 	EXP 	Sound  started
926.5365 	DATA 	Keypress: rctrl
926.6740 	EXP 	Sound  started
927.2565 	DATA 	Keypress: rctrl
927.4240 	EXP 	Sound  started
928.0245 	DATA 	Keypress: rctrl
928.1740 	EXP 	Sound  started
928.6805 	DATA 	Keypress: lctrl
928.9241 	EXP 	Sound  started
929.5285 	DATA 	Keypress: lctrl
929.6741 	EXP 	Sound  started
930.3285 	DATA 	Keypress: lctrl
930.4241 	EXP 	Sound  started
931.1605 	DATA 	Keypress: lctrl
931.1741 	EXP 	Sound  started
931.8485 	DATA 	Keypress: lctrl
931.9241 	EXP 	Sound  started
932.6005 	DATA 	Keypress: lctrl
932.6741 	EXP 	Sound  started
933.4005 	DATA 	Keypress: lctrl
933.4241 	EXP 	Sound  started
934.1365 	DATA 	Keypress: lctrl
934.1741 	EXP 	Sound  started
934.8724 	DATA 	Keypress: rctrl
934.9242 	EXP 	Sound  started
935.6405 	DATA 	Keypress: rctrl
935.6742 	EXP 	Sound  started
936.3766 	DATA 	Keypress: rctrl
936.4242 	EXP 	Sound  started
937.0805 	DATA 	Keypress: rctrl
937.1742 	EXP 	Sound  started
937.7845 	DATA 	Keypress: rctrl
937.9242 	EXP 	Sound  started
938.5845 	DATA 	Keypress: rctrl
938.6742 	EXP 	Sound  started
939.2885 	DATA 	Keypress: rctrl
939.4243 	EXP 	Sound  started
940.0564 	DATA 	Keypress: rctrl
940.1743 	EXP 	Sound  started
940.7764 	DATA 	Keypress: rctrl
940.9243 	EXP 	Sound  started
941.4804 	DATA 	Keypress: rctrl
941.6743 	EXP 	Sound  started
942.2165 	DATA 	Keypress: rctrl
942.4243 	EXP 	Sound  started
942.9525 	DATA 	Keypress: rctrl
943.1743 	EXP 	Sound  started
943.6725 	DATA 	Keypress: rctrl
943.9243 	EXP 	Sound  started
944.6744 	EXP 	Sound  started
945.2885 	DATA 	Keypress: rctrl
945.4244 	EXP 	Sound  started
946.0085 	DATA 	Keypress: lctrl
946.1744 	EXP 	Sound  started
946.8085 	DATA 	Keypress: lctrl
946.9244 	EXP 	Sound  started
947.5926 	DATA 	Keypress: lctrl
947.6744 	EXP 	Sound  started
948.3605 	DATA 	Keypress: lctrl
948.4244 	EXP 	Sound  started
949.1125 	DATA 	Keypress: rctrl
949.1744 	EXP 	Sound  started
949.9125 	DATA 	Keypress: rctrl
949.9245 	EXP 	Sound  started
950.6165 	DATA 	Keypress: lctrl
950.6745 	EXP 	Sound  started
951.3685 	DATA 	Keypress: rctrl
951.4245 	EXP 	Sound  started
952.1745 	EXP 	Sound  started
952.1845 	DATA 	Keypress: lctrl
952.8245 	DATA 	Keypress: rctrl
952.9245 	EXP 	Sound  started
953.5445 	DATA 	Keypress: rctrl
953.6745 	EXP 	Sound  started
954.3285 	DATA 	Keypress: lctrl
954.4245 	EXP 	Sound  started
955.1125 	DATA 	Keypress: lctrl
955.1746 	EXP 	Sound  started
955.8965 	DATA 	Keypress: lctrl
955.9246 	EXP 	Sound  started
956.6645 	DATA 	Keypress: lctrl
956.6746 	EXP 	Sound  started
957.4005 	DATA 	Keypress: lctrl
957.4246 	EXP 	Sound  started
958.1364 	DATA 	Keypress: lctrl
962.1927 	DATA 	Keypress: 4
962.2092 	EXP 	unnamed ShapeStim: vertices = <class 'numpy.ndarray'>
965.4824 	DATA 	Keypress: 4
965.5119 	EXP 	unnamed ShapeStim: vertices = <class 'numpy.ndarray'>
967.9312 	DATA 	Keypress: 4
967.9477 	EXP 	unnamed ShapeStim: vertices = <class 'numpy.ndarray'>
989.5925 	DATA 	Keypress: return
989.6519 	EXP 	window1: mouseVisible = True
