20.7850 	WARNING 	User requested fullscreen with size [1024  768], but screen is actually [1920, 1200]. Using actual size
22.0995 	EXP 	Created window1 = Window(allowGUI=False, allowStencil=False, autoLog=True, backendConf=UNKNOWN, bitsMode=UNKNOWN, blendMode='avg', bpc=(8, 8, 8), color=array([0, 0, 0]), colorSpace='rgb', depthBits=8, fullscr=<method-wrapper '__getattribute__' of attributeSetter object at 0x0000024B1F1139B0>, gamma=None, gammaErrorPolicy='raise', lms=UNKNOWN, monitor=<psychopy.monitors.calibTools.Monitor object at 0x0000024B277002B0>, multiSample=False, name='window1', numSamples=2, pos=[0.0, 0.0], screen=0, size=array([1920, 1200]), stencilBits=0, stereo=False, units='norm', useFBO=True, useRetina=False, viewOri=0.0, viewPos=None, viewScale=None, waitBlanking=True, winType='pyglet')
22.1000 	EXP 	window1: mouseVisible = True
22.1002 	EXP 	window1: mouseVisible = False
22.1002 	EXP 	window1: recordFrameIntervals = False
22.2646 	EXP 	window1: recordFrameIntervals = True
22.4488 	EXP 	window1: recordFrameIntervals = False
22.5098 	EXP 	Created text = TextStim(__class__=<class 'psychopy.visual.text.TextStim'>, alignHoriz=method-wrapper(...), alignText='center', alignVert=method-wrapper(...), anchorHoriz='center', anchorVert='center', antialias=True, autoLog=True, bold=False, color=array([1., 1., 1.]), colorSpace='rgb', contrast=1.0, depth=0.0, flipHoriz=False, flipVert=False, font='Arial', fontFiles=[], height=0.15, italic=False, languageStyle='LTR', name='text', opacity=1, ori=0, pos=array([0., 0.]), rgb=UNKNOWN, text='+', units='norm', win=Window(...), wrapWidth=1)
22.5316 	EXP 	Created text = TextStim(__class__=<class 'psychopy.visual.text.TextStim'>, alignHoriz=method-wrapper(...), alignText='center', alignVert=method-wrapper(...), anchorHoriz='center', anchorVert='center', antialias=True, autoLog=True, bold=False, color=array([1., 1., 1.]), colorSpace='rgb', contrast=1.0, depth=0.0, flipHoriz=False, flipVert=False, font='Arial', fontFiles=[], height=0.07, italic=False, languageStyle='LTR', name='text', opacity=1, ori=0, pos=array([0., 0.]), rgb=UNKNOWN, text=str(...), units='norm', win=Window(...), wrapWidth=1.65)
22.5415 	EXP 	Created text = TextStim(__class__=<class 'psychopy.visual.text.TextStim'>, alignHoriz=method-wrapper(...), alignText='center', alignVert=method-wrapper(...), anchorHoriz='center', anchorVert='center', antialias=True, autoLog=True, bold=False, color=array([1., 1., 1.]), colorSpace='rgb', contrast=1.0, depth=0.0, flipHoriz=False, flipVert=False, font='Arial', fontFiles=[], height=0.07, italic=False, languageStyle='LTR', name='text', opacity=1, ori=0, pos=array([0., 0.]), rgb=UNKNOWN, text=str(...), units='norm', win=Window(...), wrapWidth=1.65)
22.5515 	EXP 	Created text = TextStim(__class__=<class 'psychopy.visual.text.TextStim'>, alignHoriz=method-wrapper(...), alignText='center', alignVert=method-wrapper(...), anchorHoriz='center', anchorVert='center', antialias=True, autoLog=True, bold=False, color=array([1., 1., 1.]), colorSpace='rgb', contrast=1.0, depth=0.0, flipHoriz=False, flipVert=False, font='Arial', fontFiles=[], height=0.07, italic=False, languageStyle='LTR', name='text', opacity=1, ori=0, pos=array([0., 0.]), rgb=UNKNOWN, text=str(...), units='norm', win=Window(...), wrapWidth=1.65)
22.5601 	EXP 	Created text = TextStim(__class__=<class 'psychopy.visual.text.TextStim'>, alignHoriz=method-wrapper(...), alignText='center', alignVert=method-wrapper(...), anchorHoriz='center', anchorVert='center', antialias=True, autoLog=True, bold=False, color=array([1., 1., 1.]), colorSpace='rgb', contrast=1.0, depth=0.0, flipHoriz=False, flipVert=False, font='Arial', fontFiles=[], height=0.07, italic=False, languageStyle='LTR', name='text', opacity=1, ori=0, pos=array([0., 0.]), rgb=UNKNOWN, text=str(...), units='norm', win=Window(...), wrapWidth=1.65)
22.5659 	EXP 	Created text = TextStim(__class__=<class 'psychopy.visual.text.TextStim'>, alignHoriz=method-wrapper(...), alignText='center', alignVert=method-wrapper(...), anchorHoriz='center', anchorVert='center', antialias=True, autoLog=True, bold=False, color=array([1., 1., 1.]), colorSpace='rgb', contrast=1.0, depth=0.0, flipHoriz=False, flipVert=False, font='Arial', fontFiles=[], height=0.07, italic=False, languageStyle='LTR', name='text', opacity=1, ori=0, pos=array([0., 0.]), rgb=UNKNOWN, text=str(...), units='norm', win=Window(...), wrapWidth=1.65)
22.5811 	EXP 	Created text = TextStim(__class__=<class 'psychopy.visual.text.TextStim'>, alignHoriz=method-wrapper(...), alignText='center', alignVert=method-wrapper(...), anchorHoriz='center', anchorVert='center', antialias=True, autoLog=True, bold=False, color=array([1., 1., 1.]), colorSpace='rgb', contrast=1.0, depth=0.0, flipHoriz=False, flipVert=False, font='Arial', fontFiles=[], height=0.15, italic=False, languageStyle='LTR', name='text', opacity=1, ori=0, pos=array([0., 0.]), rgb=UNKNOWN, text=str(...), units='norm', win=Window(...), wrapWidth=1.65)
22.6098 	EXP 	Created text = TextStim(__class__=<class 'psychopy.visual.text.TextStim'>, alignHoriz=method-wrapper(...), alignText='center', alignVert=method-wrapper(...), anchorHoriz='center', anchorVert='center', antialias=True, autoLog=True, bold=False, color=array([1., 1., 1.]), colorSpace='rgb', contrast=1.0, depth=0.0, flipHoriz=False, flipVert=False, font='Arial', fontFiles=[], height=0.07, italic=False, languageStyle='LTR', name='text', opacity=1, ori=0, pos=array([0., 0.]), rgb=UNKNOWN, text=str(...), units='norm', win=Window(...), wrapWidth=1.65)
22.6300 	EXP 	Created text = TextStim(__class__=<class 'psychopy.visual.text.TextStim'>, alignHoriz=method-wrapper(...), alignText='center', alignVert=method-wrapper(...), anchorHoriz='center', anchorVert='center', antialias=True, autoLog=True, bold=False, color=array([1., 1., 1.]), colorSpace='rgb', contrast=1.0, depth=0.0, flipHoriz=False, flipVert=False, font='Arial', fontFiles=[], height=0.07, italic=False, languageStyle='LTR', name='text', opacity=1, ori=0, pos=array([0., 0.]), rgb=UNKNOWN, text=str(...), units='norm', win=Window(...), wrapWidth=1.65)
22.6595 	EXP 	Created text = TextStim(__class__=<class 'psychopy.visual.text.TextStim'>, alignHoriz=method-wrapper(...), alignText='center', alignVert=method-wrapper(...), anchorHoriz='center', anchorVert='center', antialias=True, autoLog=True, bold=False, color=array([1., 1., 1.]), colorSpace='rgb', contrast=1.0, depth=0.0, flipHoriz=False, flipVert=False, font='Arial', fontFiles=[], height=0.07, italic=False, languageStyle='LTR', name='text', opacity=1, ori=0, pos=array([0., 0.]), rgb=UNKNOWN, text=str(...), units='norm', win=Window(...), wrapWidth=1.65)
22.6832 	EXP 	Created text = TextStim(__class__=<class 'psychopy.visual.text.TextStim'>, alignHoriz=method-wrapper(...), alignText='center', alignVert=method-wrapper(...), anchorHoriz='center', anchorVert='center', antialias=True, autoLog=True, bold=False, color=array([1., 1., 1.]), colorSpace='rgb', contrast=1.0, depth=0.0, flipHoriz=False, flipVert=False, font='Arial', fontFiles=[], height=0.07, italic=False, languageStyle='LTR', name='text', opacity=1, ori=0, pos=array([0., 0.]), rgb=UNKNOWN, text=str(...), units='norm', win=Window(...), wrapWidth=1.65)
22.7125 	EXP 	Created text = TextStim(__class__=<class 'psychopy.visual.text.TextStim'>, alignHoriz=method-wrapper(...), alignText='center', alignVert=method-wrapper(...), anchorHoriz='center', anchorVert='center', antialias=True, autoLog=True, bold=False, color=array([1., 1., 1.]), colorSpace='rgb', contrast=1.0, depth=0.0, flipHoriz=False, flipVert=False, font='Arial', fontFiles=[], height=0.07, italic=False, languageStyle='LTR', name='text', opacity=1, ori=0, pos=array([0., 0.]), rgb=UNKNOWN, text=str(...), units='norm', win=Window(...), wrapWidth=1.65)
22.7225 	EXP 	Created text = TextStim(__class__=<class 'psychopy.visual.text.TextStim'>, alignHoriz=method-wrapper(...), alignText='center', alignVert=method-wrapper(...), anchorHoriz='center', anchorVert='center', antialias=True, autoLog=True, bold=False, color=array([1., 1., 1.]), colorSpace='rgb', contrast=1.0, depth=0.0, flipHoriz=False, flipVert=False, font='Arial', fontFiles=[], height=0.07, italic=False, languageStyle='LTR', name='text', opacity=1, ori=0, pos=array([0., 0.]), rgb=UNKNOWN, text=str(...), units='norm', win=Window(...), wrapWidth=1.65)
22.7349 	EXP 	Created text = TextStim(__class__=<class 'psychopy.visual.text.TextStim'>, alignHoriz=method-wrapper(...), alignText='center', alignVert=method-wrapper(...), anchorHoriz='center', anchorVert='center', antialias=True, autoLog=True, bold=False, color=array([1., 1., 1.]), colorSpace='rgb', contrast=1.0, depth=0.0, flipHoriz=False, flipVert=False, font='Arial', fontFiles=[], height=0.07, italic=False, languageStyle='LTR', name='text', opacity=1, ori=0, pos=array([0., 0.]), rgb=UNKNOWN, text=str(...), units='norm', win=Window(...), wrapWidth=1.65)
22.7392 	EXP 	Created instru = TextStim(__class__=<class 'psychopy.visual.text.TextStim'>, alignHoriz=method-wrapper(...), alignText='center', alignVert=method-wrapper(...), anchorHoriz='center', anchorVert='center', antialias=True, autoLog=True, bold=False, color=array([1., 1., 1.]), colorSpace='rgb', contrast=1.0, depth=0.0, flipHoriz=False, flipVert=False, font='Arial', fontFiles=[], height=0.07, italic=False, languageStyle='LTR', name='instru', opacity=1, ori=0, pos=array([0. , 0.5]), rgb=UNKNOWN, text=str(...), units='norm', win=Window(...), wrapWidth=1)
22.7417 	EXP 	Created unnamed Line = Line(__class__=<class 'psychopy.visual.line.Line'>, autoDraw=False, autoLog=True, closeShape=False, color=array([1., 1., 1.]), colorSpace='rgb', contrast=None, depth=0, fillColor=array([0, 0, 0]), fillColorSpace='rgb', fillRGB=array([0, 0, 0]), interpolate=True, lineColor=array([1., 1., 1.]), lineColorSpace='rgb', lineRGB=array([1, 1, 1]), lineWidth=5, name='unnamed Line', opacity=0.5, ori=0.0, pos=array([0., 0.]), size=array([1., 1.]), units='norm', vertices=array([[-0.5,  0. ],
       [ 0.5,  0. ]]), win=Window(...), windingRule=None)
22.7437 	EXP 	Created unnamed Line = Line(__class__=<class 'psychopy.visual.line.Line'>, autoDraw=False, autoLog=True, closeShape=False, color=array([1., 1., 1.]), colorSpace='rgb', contrast=None, depth=0, fillColor=array([0, 0, 0]), fillColorSpace='rgb', fillRGB=array([0, 0, 0]), interpolate=True, lineColor=array([1., 1., 1.]), lineColorSpace='rgb', lineRGB=array([1, 1, 1]), lineWidth=3, name='unnamed Line', opacity=0.5, ori=0.0, pos=array([0., 0.]), size=array([1., 1.]), units='norm', vertices=array([[-0.5 , -0.05],
       [-0.5 ,  0.05]]), win=Window(...), windingRule=None)
22.7457 	EXP 	Created unnamed Line = Line(__class__=<class 'psychopy.visual.line.Line'>, autoDraw=False, autoLog=True, closeShape=False, color=array([1., 1., 1.]), colorSpace='rgb', contrast=None, depth=0, fillColor=array([0, 0, 0]), fillColorSpace='rgb', fillRGB=array([0, 0, 0]), interpolate=True, lineColor=array([1., 1., 1.]), lineColorSpace='rgb', lineRGB=array([1, 1, 1]), lineWidth=3, name='unnamed Line', opacity=0.5, ori=0.0, pos=array([0., 0.]), size=array([1., 1.]), units='norm', vertices=ndarray(...), win=Window(...), windingRule=None)
22.7477 	EXP 	Created unnamed Line = Line(__class__=<class 'psychopy.visual.line.Line'>, autoDraw=False, autoLog=True, closeShape=False, color=array([1., 1., 1.]), colorSpace='rgb', contrast=None, depth=0, fillColor=array([0, 0, 0]), fillColorSpace='rgb', fillRGB=array([0, 0, 0]), interpolate=True, lineColor=array([1., 1., 1.]), lineColorSpace='rgb', lineRGB=array([1, 1, 1]), lineWidth=3, name='unnamed Line', opacity=0.5, ori=0.0, pos=array([0., 0.]), size=array([1., 1.]), units='norm', vertices=ndarray(...), win=Window(...), windingRule=None)
22.7497 	EXP 	Created unnamed Line = Line(__class__=<class 'psychopy.visual.line.Line'>, autoDraw=False, autoLog=True, closeShape=False, color=array([1., 1., 1.]), colorSpace='rgb', contrast=None, depth=0, fillColor=array([0, 0, 0]), fillColorSpace='rgb', fillRGB=array([0, 0, 0]), interpolate=True, lineColor=array([1., 1., 1.]), lineColorSpace='rgb', lineRGB=array([1, 1, 1]), lineWidth=3, name='unnamed Line', opacity=0.5, ori=0.0, pos=array([0., 0.]), size=array([1., 1.]), units='norm', vertices=array([[ 0.5 , -0.05],
       [ 0.5 ,  0.05]]), win=Window(...), windingRule=None)
22.7614 	EXP 	Created unnamed TextStim = TextStim(__class__=<class 'psychopy.visual.text.TextStim'>, alignHoriz=method-wrapper(...), alignText='center', alignVert=method-wrapper(...), anchorHoriz='center', anchorVert='center', antialias=True, autoLog=True, bold=False, color=array([1., 1., 1.]), colorSpace='rgb', contrast=1.0, depth=0, flipHoriz=False, flipVert=False, font='', fontFiles=[], height=0.05, italic=False, languageStyle='LTR', name='unnamed TextStim', opacity=1.0, ori=0.0, pos=array([-0.5, -0.1]), rgb=UNKNOWN, text='Helt klart \n IKKE FOKUSERT', units='norm', win=Window(...), wrapWidth=1)
22.7625 	EXP 	Created unnamed TextStim = TextStim(__class__=<class 'psychopy.visual.text.TextStim'>, alignHoriz=method-wrapper(...), alignText='center', alignVert=method-wrapper(...), anchorHoriz='center', anchorVert='center', antialias=True, autoLog=True, bold=False, color=array([1., 1., 1.]), colorSpace='rgb', contrast=1.0, depth=0, flipHoriz=False, flipVert=False, font='', fontFiles=[], height=0.05, italic=False, languageStyle='LTR', name='unnamed TextStim', opacity=1.0, ori=0.0, pos=array([-0.16666667, -0.1       ]), rgb=UNKNOWN, text='', units='norm', win=Window(...), wrapWidth=1)
22.7635 	EXP 	Created unnamed TextStim = TextStim(__class__=<class 'psychopy.visual.text.TextStim'>, alignHoriz=method-wrapper(...), alignText='center', alignVert=method-wrapper(...), anchorHoriz='center', anchorVert='center', antialias=True, autoLog=True, bold=False, color=array([1., 1., 1.]), colorSpace='rgb', contrast=1.0, depth=0, flipHoriz=False, flipVert=False, font='', fontFiles=[], height=0.05, italic=False, languageStyle='LTR', name='unnamed TextStim', opacity=1.0, ori=0.0, pos=array([ 0.16666667, -0.1       ]), rgb=UNKNOWN, text='', units='norm', win=Window(...), wrapWidth=1)
22.7667 	EXP 	Created unnamed TextStim = TextStim(__class__=<class 'psychopy.visual.text.TextStim'>, alignHoriz=method-wrapper(...), alignText='center', alignVert=method-wrapper(...), anchorHoriz='center', anchorVert='center', antialias=True, autoLog=True, bold=False, color=array([1., 1., 1.]), colorSpace='rgb', contrast=1.0, depth=0, flipHoriz=False, flipVert=False, font='', fontFiles=[], height=0.05, italic=False, languageStyle='LTR', name='unnamed TextStim', opacity=1.0, ori=0.0, pos=array([ 0.5, -0.1]), rgb=UNKNOWN, text='Helt klart \n FOKUSERT', units='norm', win=Window(...), wrapWidth=1)
22.7686 	EXP 	Created unnamed ShapeStim = ShapeStim(__class__=<class 'psychopy.visual.shape.ShapeStim'>, autoDraw=False, autoLog=True, closeShape=True, color=method-wrapper(...), colorSpace='rgb', contrast=None, depth=0, fillColor=array([1, 1, 1]), fillColorSpace='rgb', fillRGB=array([1, 1, 1]), interpolate=True, lineColor=array([-1., -1., -1.]), lineColorSpace='rgb', lineRGB=array([-1, -1, -1]), lineWidth=1.5, name='unnamed ShapeStim', opacity=1.0, ori=0.0, pos=array([0., 0.]), size=array([1., 1.]), units='norm', vertices=ndarray(...), win=Window(...), windingRule=None)
22.7754 	EXP 	Created instru = TextStim(__class__=<class 'psychopy.visual.text.TextStim'>, alignHoriz=method-wrapper(...), alignText='center', alignVert=method-wrapper(...), anchorHoriz='center', anchorVert='center', antialias=True, autoLog=True, bold=False, color=array([1., 1., 1.]), colorSpace='rgb', contrast=1.0, depth=0.0, flipHoriz=False, flipVert=False, font='Arial', fontFiles=[], height=0.07, italic=False, languageStyle='LTR', name='instru', opacity=1, ori=0, pos=array([0. , 0.5]), rgb=UNKNOWN, text=str(...), units='norm', win=Window(...), wrapWidth=1)
22.7776 	EXP 	Created unnamed Line = Line(__class__=<class 'psychopy.visual.line.Line'>, autoDraw=False, autoLog=True, closeShape=False, color=array([1., 1., 1.]), colorSpace='rgb', contrast=None, depth=0, fillColor=array([0, 0, 0]), fillColorSpace='rgb', fillRGB=array([0, 0, 0]), interpolate=True, lineColor=array([1., 1., 1.]), lineColorSpace='rgb', lineRGB=array([1, 1, 1]), lineWidth=5, name='unnamed Line', opacity=0.5, ori=0.0, pos=array([0., 0.]), size=array([1., 1.]), units='norm', vertices=array([[-0.5,  0. ],
       [ 0.5,  0. ]]), win=Window(...), windingRule=None)
22.7797 	EXP 	Created unnamed Line = Line(__class__=<class 'psychopy.visual.line.Line'>, autoDraw=False, autoLog=True, closeShape=False, color=array([1., 1., 1.]), colorSpace='rgb', contrast=None, depth=0, fillColor=array([0, 0, 0]), fillColorSpace='rgb', fillRGB=array([0, 0, 0]), interpolate=True, lineColor=array([1., 1., 1.]), lineColorSpace='rgb', lineRGB=array([1, 1, 1]), lineWidth=3, name='unnamed Line', opacity=0.5, ori=0.0, pos=array([0., 0.]), size=array([1., 1.]), units='norm', vertices=array([[-0.5 , -0.05],
       [-0.5 ,  0.05]]), win=Window(...), windingRule=None)
22.7817 	EXP 	Created unnamed Line = Line(__class__=<class 'psychopy.visual.line.Line'>, autoDraw=False, autoLog=True, closeShape=False, color=array([1., 1., 1.]), colorSpace='rgb', contrast=None, depth=0, fillColor=array([0, 0, 0]), fillColorSpace='rgb', fillRGB=array([0, 0, 0]), interpolate=True, lineColor=array([1., 1., 1.]), lineColorSpace='rgb', lineRGB=array([1, 1, 1]), lineWidth=3, name='unnamed Line', opacity=0.5, ori=0.0, pos=array([0., 0.]), size=array([1., 1.]), units='norm', vertices=ndarray(...), win=Window(...), windingRule=None)
22.7838 	EXP 	Created unnamed Line = Line(__class__=<class 'psychopy.visual.line.Line'>, autoDraw=False, autoLog=True, closeShape=False, color=array([1., 1., 1.]), colorSpace='rgb', contrast=None, depth=0, fillColor=array([0, 0, 0]), fillColorSpace='rgb', fillRGB=array([0, 0, 0]), interpolate=True, lineColor=array([1., 1., 1.]), lineColorSpace='rgb', lineRGB=array([1, 1, 1]), lineWidth=3, name='unnamed Line', opacity=0.5, ori=0.0, pos=array([0., 0.]), size=array([1., 1.]), units='norm', vertices=ndarray(...), win=Window(...), windingRule=None)
22.7859 	EXP 	Created unnamed Line = Line(__class__=<class 'psychopy.visual.line.Line'>, autoDraw=False, autoLog=True, closeShape=False, color=array([1., 1., 1.]), colorSpace='rgb', contrast=None, depth=0, fillColor=array([0, 0, 0]), fillColorSpace='rgb', fillRGB=array([0, 0, 0]), interpolate=True, lineColor=array([1., 1., 1.]), lineColorSpace='rgb', lineRGB=array([1, 1, 1]), lineWidth=3, name='unnamed Line', opacity=0.5, ori=0.0, pos=array([0., 0.]), size=array([1., 1.]), units='norm', vertices=array([[ 0.5 , -0.05],
       [ 0.5 ,  0.05]]), win=Window(...), windingRule=None)
22.7902 	EXP 	Created unnamed TextStim = TextStim(__class__=<class 'psychopy.visual.text.TextStim'>, alignHoriz=method-wrapper(...), alignText='center', alignVert=method-wrapper(...), anchorHoriz='center', anchorVert='center', antialias=True, autoLog=True, bold=False, color=array([1., 1., 1.]), colorSpace='rgb', contrast=1.0, depth=0, flipHoriz=False, flipVert=False, font='', fontFiles=[], height=0.05, italic=False, languageStyle='LTR', name='unnamed TextStim', opacity=1.0, ori=0.0, pos=array([-0.5, -0.1]), rgb=UNKNOWN, text='Helt klart \n INGENTING', units='norm', win=Window(...), wrapWidth=1)
22.7913 	EXP 	Created unnamed TextStim = TextStim(__class__=<class 'psychopy.visual.text.TextStim'>, alignHoriz=method-wrapper(...), alignText='center', alignVert=method-wrapper(...), anchorHoriz='center', anchorVert='center', antialias=True, autoLog=True, bold=False, color=array([1., 1., 1.]), colorSpace='rgb', contrast=1.0, depth=0, flipHoriz=False, flipVert=False, font='', fontFiles=[], height=0.05, italic=False, languageStyle='LTR', name='unnamed TextStim', opacity=1.0, ori=0.0, pos=array([-0.16666667, -0.1       ]), rgb=UNKNOWN, text='', units='norm', win=Window(...), wrapWidth=1)
22.7924 	EXP 	Created unnamed TextStim = TextStim(__class__=<class 'psychopy.visual.text.TextStim'>, alignHoriz=method-wrapper(...), alignText='center', alignVert=method-wrapper(...), anchorHoriz='center', anchorVert='center', antialias=True, autoLog=True, bold=False, color=array([1., 1., 1.]), colorSpace='rgb', contrast=1.0, depth=0, flipHoriz=False, flipVert=False, font='', fontFiles=[], height=0.05, italic=False, languageStyle='LTR', name='unnamed TextStim', opacity=1.0, ori=0.0, pos=array([ 0.16666667, -0.1       ]), rgb=UNKNOWN, text='', units='norm', win=Window(...), wrapWidth=1)
22.7955 	EXP 	Created unnamed TextStim = TextStim(__class__=<class 'psychopy.visual.text.TextStim'>, alignHoriz=method-wrapper(...), alignText='center', alignVert=method-wrapper(...), anchorHoriz='center', anchorVert='center', antialias=True, autoLog=True, bold=False, color=array([1., 1., 1.]), colorSpace='rgb', contrast=1.0, depth=0, flipHoriz=False, flipVert=False, font='', fontFiles=[], height=0.05, italic=False, languageStyle='LTR', name='unnamed TextStim', opacity=1.0, ori=0.0, pos=array([ 0.5, -0.1]), rgb=UNKNOWN, text='Helt klart \n NOE', units='norm', win=Window(...), wrapWidth=1)
22.7972 	EXP 	Created unnamed ShapeStim = ShapeStim(__class__=<class 'psychopy.visual.shape.ShapeStim'>, autoDraw=False, autoLog=True, closeShape=True, color=method-wrapper(...), colorSpace='rgb', contrast=None, depth=0, fillColor=array([1, 1, 1]), fillColorSpace='rgb', fillRGB=array([1, 1, 1]), interpolate=True, lineColor=array([-1., -1., -1.]), lineColorSpace='rgb', lineRGB=array([-1, -1, -1]), lineWidth=1.5, name='unnamed ShapeStim', opacity=1.0, ori=0.0, pos=array([0., 0.]), size=array([1., 1.]), units='norm', vertices=ndarray(...), win=Window(...), windingRule=None)
22.8036 	EXP 	Created instru = TextStim(__class__=<class 'psychopy.visual.text.TextStim'>, alignHoriz=method-wrapper(...), alignText='center', alignVert=method-wrapper(...), anchorHoriz='center', anchorVert='center', antialias=True, autoLog=True, bold=False, color=array([1., 1., 1.]), colorSpace='rgb', contrast=1.0, depth=0.0, flipHoriz=False, flipVert=False, font='Arial', fontFiles=[], height=0.07, italic=False, languageStyle='LTR', name='instru', opacity=1, ori=0, pos=array([0. , 0.5]), rgb=UNKNOWN, text=str(...), units='norm', win=Window(...), wrapWidth=1)
22.8057 	EXP 	Created unnamed Line = Line(__class__=<class 'psychopy.visual.line.Line'>, autoDraw=False, autoLog=True, closeShape=False, color=array([1., 1., 1.]), colorSpace='rgb', contrast=None, depth=0, fillColor=array([0, 0, 0]), fillColorSpace='rgb', fillRGB=array([0, 0, 0]), interpolate=True, lineColor=array([1., 1., 1.]), lineColorSpace='rgb', lineRGB=array([1, 1, 1]), lineWidth=5, name='unnamed Line', opacity=0.5, ori=0.0, pos=array([0., 0.]), size=array([1., 1.]), units='norm', vertices=array([[-0.5,  0. ],
       [ 0.5,  0. ]]), win=Window(...), windingRule=None)
22.8078 	EXP 	Created unnamed Line = Line(__class__=<class 'psychopy.visual.line.Line'>, autoDraw=False, autoLog=True, closeShape=False, color=array([1., 1., 1.]), colorSpace='rgb', contrast=None, depth=0, fillColor=array([0, 0, 0]), fillColorSpace='rgb', fillRGB=array([0, 0, 0]), interpolate=True, lineColor=array([1., 1., 1.]), lineColorSpace='rgb', lineRGB=array([1, 1, 1]), lineWidth=3, name='unnamed Line', opacity=0.5, ori=0.0, pos=array([0., 0.]), size=array([1., 1.]), units='norm', vertices=array([[-0.5 , -0.05],
       [-0.5 ,  0.05]]), win=Window(...), windingRule=None)
22.8099 	EXP 	Created unnamed Line = Line(__class__=<class 'psychopy.visual.line.Line'>, autoDraw=False, autoLog=True, closeShape=False, color=array([1., 1., 1.]), colorSpace='rgb', contrast=None, depth=0, fillColor=array([0, 0, 0]), fillColorSpace='rgb', fillRGB=array([0, 0, 0]), interpolate=True, lineColor=array([1., 1., 1.]), lineColorSpace='rgb', lineRGB=array([1, 1, 1]), lineWidth=3, name='unnamed Line', opacity=0.5, ori=0.0, pos=array([0., 0.]), size=array([1., 1.]), units='norm', vertices=ndarray(...), win=Window(...), windingRule=None)
22.8120 	EXP 	Created unnamed Line = Line(__class__=<class 'psychopy.visual.line.Line'>, autoDraw=False, autoLog=True, closeShape=False, color=array([1., 1., 1.]), colorSpace='rgb', contrast=None, depth=0, fillColor=array([0, 0, 0]), fillColorSpace='rgb', fillRGB=array([0, 0, 0]), interpolate=True, lineColor=array([1., 1., 1.]), lineColorSpace='rgb', lineRGB=array([1, 1, 1]), lineWidth=3, name='unnamed Line', opacity=0.5, ori=0.0, pos=array([0., 0.]), size=array([1., 1.]), units='norm', vertices=ndarray(...), win=Window(...), windingRule=None)
22.8141 	EXP 	Created unnamed Line = Line(__class__=<class 'psychopy.visual.line.Line'>, autoDraw=False, autoLog=True, closeShape=False, color=array([1., 1., 1.]), colorSpace='rgb', contrast=None, depth=0, fillColor=array([0, 0, 0]), fillColorSpace='rgb', fillRGB=array([0, 0, 0]), interpolate=True, lineColor=array([1., 1., 1.]), lineColorSpace='rgb', lineRGB=array([1, 1, 1]), lineWidth=3, name='unnamed Line', opacity=0.5, ori=0.0, pos=array([0., 0.]), size=array([1., 1.]), units='norm', vertices=array([[ 0.5 , -0.05],
       [ 0.5 ,  0.05]]), win=Window(...), windingRule=None)
22.8182 	EXP 	Created unnamed TextStim = TextStim(__class__=<class 'psychopy.visual.text.TextStim'>, alignHoriz=method-wrapper(...), alignText='center', alignVert=method-wrapper(...), anchorHoriz='center', anchorVert='center', antialias=True, autoLog=True, bold=False, color=array([1., 1., 1.]), colorSpace='rgb', contrast=1.0, depth=0, flipHoriz=False, flipVert=False, font='', fontFiles=[], height=0.05, italic=False, languageStyle='LTR', name='unnamed TextStim', opacity=1.0, ori=0.0, pos=array([-0.5, -0.1]), rgb=UNKNOWN, text='Helt klart \n SPONTAN', units='norm', win=Window(...), wrapWidth=1)
22.8193 	EXP 	Created unnamed TextStim = TextStim(__class__=<class 'psychopy.visual.text.TextStim'>, alignHoriz=method-wrapper(...), alignText='center', alignVert=method-wrapper(...), anchorHoriz='center', anchorVert='center', antialias=True, autoLog=True, bold=False, color=array([1., 1., 1.]), colorSpace='rgb', contrast=1.0, depth=0, flipHoriz=False, flipVert=False, font='', fontFiles=[], height=0.05, italic=False, languageStyle='LTR', name='unnamed TextStim', opacity=1.0, ori=0.0, pos=array([-0.16666667, -0.1       ]), rgb=UNKNOWN, text='', units='norm', win=Window(...), wrapWidth=1)
22.8204 	EXP 	Created unnamed TextStim = TextStim(__class__=<class 'psychopy.visual.text.TextStim'>, alignHoriz=method-wrapper(...), alignText='center', alignVert=method-wrapper(...), anchorHoriz='center', anchorVert='center', antialias=True, autoLog=True, bold=False, color=array([1., 1., 1.]), colorSpace='rgb', contrast=1.0, depth=0, flipHoriz=False, flipVert=False, font='', fontFiles=[], height=0.05, italic=False, languageStyle='LTR', name='unnamed TextStim', opacity=1.0, ori=0.0, pos=array([ 0.16666667, -0.1       ]), rgb=UNKNOWN, text='', units='norm', win=Window(...), wrapWidth=1)
22.8245 	EXP 	Created unnamed TextStim = TextStim(__class__=<class 'psychopy.visual.text.TextStim'>, alignHoriz=method-wrapper(...), alignText='center', alignVert=method-wrapper(...), anchorHoriz='center', anchorVert='center', antialias=True, autoLog=True, bold=False, color=array([1., 1., 1.]), colorSpace='rgb', contrast=1.0, depth=0, flipHoriz=False, flipVert=False, font='', fontFiles=[], height=0.05, italic=False, languageStyle='LTR', name='unnamed TextStim', opacity=1.0, ori=0.0, pos=array([ 0.5, -0.1]), rgb=UNKNOWN, text='Helt klart \n BEVISST', units='norm', win=Window(...), wrapWidth=1)
22.8262 	EXP 	Created unnamed ShapeStim = ShapeStim(__class__=<class 'psychopy.visual.shape.ShapeStim'>, autoDraw=False, autoLog=True, closeShape=True, color=method-wrapper(...), colorSpace='rgb', contrast=None, depth=0, fillColor=array([1, 1, 1]), fillColorSpace='rgb', fillRGB=array([1, 1, 1]), interpolate=True, lineColor=array([-1., -1., -1.]), lineColorSpace='rgb', lineRGB=array([-1, -1, -1]), lineWidth=1.5, name='unnamed ShapeStim', opacity=1.0, ori=0.0, pos=array([0., 0.]), size=array([1., 1.]), units='norm', vertices=ndarray(...), win=Window(...), windingRule=None)
22.8781 	EXP 	Sound  set volume 1.000
22.8833 	EXP 	unnamed ShapeStim: vertices = <class 'numpy.ndarray'>
22.8833 	EXP 	unnamed ShapeStim: vertices = <class 'numpy.ndarray'>
22.8833 	EXP 	unnamed ShapeStim: vertices = <class 'numpy.ndarray'>
58.1813 	DATA 	Keypress: rctrl
58.6864 	EXP 	Sound  started
58.9173 	DATA 	Keypress: lctrl
59.4363 	EXP 	Sound  started
59.4933 	DATA 	Keypress: lctrl
60.1333 	DATA 	Keypress: lctrl
60.1863 	EXP 	Sound  started
60.7893 	DATA 	Keypress: rctrl
60.9363 	EXP 	Sound  started
61.5252 	DATA 	Keypress: rctrl
61.6863 	EXP 	Sound  started
62.2773 	DATA 	Keypress: rctrl
62.4363 	EXP 	Sound  started
63.0932 	DATA 	Keypress: rctrl
63.1863 	EXP 	Sound  started
63.8772 	DATA 	Keypress: rctrl
63.9364 	EXP 	Sound  started
64.6864 	EXP 	Sound  started
64.8052 	DATA 	Keypress: rctrl
65.4364 	EXP 	Sound  started
65.4452 	DATA 	Keypress: lctrl
66.1652 	DATA 	Keypress: lctrl
66.1864 	EXP 	Sound  started
66.8533 	DATA 	Keypress: rctrl
66.9364 	EXP 	Sound  started
67.5893 	DATA 	Keypress: rctrl
67.6864 	EXP 	Sound  started
68.2772 	DATA 	Keypress: rctrl
68.4364 	EXP 	Sound  started
69.0132 	DATA 	Keypress: rctrl
69.1865 	EXP 	Sound  started
69.7012 	DATA 	Keypress: lctrl
69.9365 	EXP 	Sound  started
70.4372 	DATA 	Keypress: rctrl
70.6865 	EXP 	Sound  started
71.2373 	DATA 	Keypress: lctrl
71.4365 	EXP 	Sound  started
71.9733 	DATA 	Keypress: rctrl
72.1865 	EXP 	Sound  started
72.8054 	DATA 	Keypress: rctrl
72.9365 	EXP 	Sound  started
73.6053 	DATA 	Keypress: rctrl
73.6865 	EXP 	Sound  started
74.4366 	EXP 	Sound  started
75.0292 	DATA 	Keypress: rctrl
75.1866 	EXP 	Sound  started
75.7492 	DATA 	Keypress: lctrl
75.9366 	EXP 	Sound  started
76.4852 	DATA 	Keypress: rctrl
76.6866 	EXP 	Sound  started
77.3653 	DATA 	Keypress: lctrl
77.4366 	EXP 	Sound  started
78.0213 	DATA 	Keypress: rctrl
78.1866 	EXP 	Sound  started
78.8373 	DATA 	Keypress: lctrl
78.9366 	EXP 	Sound  started
79.6053 	DATA 	Keypress: rctrl
79.6866 	EXP 	Sound  started
80.3893 	DATA 	Keypress: lctrl
80.4367 	EXP 	Sound  started
81.0292 	DATA 	Keypress: rctrl
81.1867 	EXP 	Sound  started
81.7492 	DATA 	Keypress: rctrl
81.9367 	EXP 	Sound  started
82.5334 	DATA 	Keypress: rctrl
82.6867 	EXP 	Sound  started
83.2693 	DATA 	Keypress: rctrl
83.4367 	EXP 	Sound  started
84.0213 	DATA 	Keypress: lctrl
84.1867 	EXP 	Sound  started
84.7253 	DATA 	Keypress: lctrl
84.9367 	EXP 	Sound  started
85.4454 	DATA 	Keypress: lctrl
85.6868 	EXP 	Sound  started
86.1812 	DATA 	Keypress: rctrl
86.4368 	EXP 	Sound  started
87.0614 	DATA 	Keypress: rctrl
87.1868 	EXP 	Sound  started
87.8134 	DATA 	Keypress: lctrl
87.9368 	EXP 	Sound  started
88.5493 	DATA 	Keypress: lctrl
88.6868 	EXP 	Sound  started
89.2693 	DATA 	Keypress: lctrl
89.4368 	EXP 	Sound  started
89.9253 	DATA 	Keypress: lctrl
90.1868 	EXP 	Sound  started
90.7734 	DATA 	Keypress: lctrl
90.9369 	EXP 	Sound  started
91.4133 	DATA 	Keypress: rctrl
91.6869 	EXP 	Sound  started
92.2612 	DATA 	Keypress: lctrl
92.4369 	EXP 	Sound  started
92.9653 	DATA 	Keypress: rctrl
93.1869 	EXP 	Sound  started
93.7333 	DATA 	Keypress: rctrl
93.9369 	EXP 	Sound  started
94.6133 	DATA 	Keypress: lctrl
94.6869 	EXP 	Sound  started
95.3492 	DATA 	Keypress: rctrl
95.4369 	EXP 	Sound  started
96.1869 	EXP 	Sound  started
96.2773 	DATA 	Keypress: lctrl
96.9370 	EXP 	Sound  started
96.9492 	DATA 	Keypress: rctrl
97.5732 	DATA 	Keypress: rctrl
97.6870 	EXP 	Sound  started
98.2773 	DATA 	Keypress: lctrl
98.4370 	EXP 	Sound  started
99.1253 	DATA 	Keypress: rctrl
99.1870 	EXP 	Sound  started
99.8452 	DATA 	Keypress: lctrl
99.9370 	EXP 	Sound  started
100.5653 	DATA 	Keypress: rctrl
100.6870 	EXP 	Sound  started
101.3012 	DATA 	Keypress: rctrl
101.4370 	EXP 	Sound  started
102.0372 	DATA 	Keypress: rctrl
102.1871 	EXP 	Sound  started
102.7252 	DATA 	Keypress: rctrl
102.9371 	EXP 	Sound  started
103.6213 	DATA 	Keypress: lctrl
103.6871 	EXP 	Sound  started
104.3412 	DATA 	Keypress: rctrl
104.4457 	EXP 	unnamed TextStim: text = ''
104.4457 	EXP 	unnamed TextStim: text = ''
110.1175 	DATA 	Keypress: 4
110.1453 	EXP 	unnamed ShapeStim: vertices = <class 'numpy.ndarray'>
111.6902 	EXP 	unnamed TextStim: text = ''
111.6902 	EXP 	unnamed TextStim: text = ''
114.3637 	DATA 	Keypress: 4
114.3801 	EXP 	unnamed ShapeStim: vertices = <class 'numpy.ndarray'>
115.9093 	EXP 	unnamed TextStim: text = ''
115.9093 	EXP 	unnamed TextStim: text = ''
118.2150 	DATA 	Keypress: 4
118.2315 	EXP 	unnamed ShapeStim: vertices = <class 'numpy.ndarray'>
120.5061 	EXP 	Sound  started
120.5070 	DATA 	Keypress: lctrl
121.0294 	DATA 	Keypress: lctrl
121.2560 	EXP 	Sound  started
121.9252 	DATA 	Keypress: lctrl
122.0060 	EXP 	Sound  started
122.6773 	DATA 	Keypress: lctrl
122.7560 	EXP 	Sound  started
123.3012 	DATA 	Keypress: rctrl
123.5060 	EXP 	Sound  started
124.1333 	DATA 	Keypress: rctrl
124.2560 	EXP 	Sound  started
124.9173 	DATA 	Keypress: rctrl
125.0060 	EXP 	Sound  started
125.7173 	DATA 	Keypress: rctrl
125.7560 	EXP 	Sound  started
126.4212 	DATA 	Keypress: rctrl
126.5060 	EXP 	Sound  started
127.1893 	DATA 	Keypress: rctrl
127.2561 	EXP 	Sound  started
127.9252 	DATA 	Keypress: rctrl
128.0061 	EXP 	Sound  started
128.7561 	EXP 	Sound  started
128.9334 	DATA 	Keypress: rctrl
129.4772 	DATA 	Keypress: rctrl
129.5061 	EXP 	Sound  started
130.1493 	DATA 	Keypress: lctrl
130.2561 	EXP 	Sound  started
130.9492 	DATA 	Keypress: rctrl
131.0061 	EXP 	Sound  started
131.6372 	DATA 	Keypress: lctrl
131.7561 	EXP 	Sound  started
132.3892 	DATA 	Keypress: lctrl
132.5062 	EXP 	Sound  started
133.0932 	DATA 	Keypress: rctrl
133.2562 	EXP 	Sound  started
133.7653 	DATA 	Keypress: rctrl
134.0062 	EXP 	Sound  started
134.4693 	DATA 	Keypress: rctrl
134.7562 	EXP 	Sound  started
135.1254 	DATA 	Keypress: rctrl
135.5062 	EXP 	Sound  started
136.0372 	DATA 	Keypress: rctrl
136.2562 	EXP 	Sound  started
136.6772 	DATA 	Keypress: lctrl
137.0062 	EXP 	Sound  started
137.4292 	DATA 	Keypress: rctrl
137.7562 	EXP 	Sound  started
138.2933 	DATA 	Keypress: lctrl
138.5063 	EXP 	Sound  started
139.1093 	DATA 	Keypress: rctrl
139.2563 	EXP 	Sound  started
139.8454 	DATA 	Keypress: lctrl
140.0063 	EXP 	Sound  started
140.6292 	DATA 	Keypress: rctrl
140.7563 	EXP 	Sound  started
141.4292 	DATA 	Keypress: lctrl
141.5063 	EXP 	Sound  started
142.2292 	DATA 	Keypress: rctrl
142.2563 	EXP 	Sound  started
142.9492 	DATA 	Keypress: rctrl
143.0063 	EXP 	Sound  started
143.7492 	DATA 	Keypress: rctrl
143.7564 	EXP 	Sound  started
144.3892 	DATA 	Keypress: lctrl
144.5064 	EXP 	Sound  started
145.0292 	DATA 	Keypress: rctrl
145.2564 	EXP 	Sound  started
145.8612 	DATA 	Keypress: lctrl
146.0064 	EXP 	Sound  started
146.5492 	DATA 	Keypress: rctrl
146.7564 	EXP 	Sound  started
147.3012 	DATA 	Keypress: lctrl
147.5064 	EXP 	Sound  started
148.0212 	DATA 	Keypress: lctrl
148.2564 	EXP 	Sound  started
148.8852 	DATA 	Keypress: lctrl
149.0064 	EXP 	Sound  started
149.6374 	DATA 	Keypress: lctrl
149.7565 	EXP 	Sound  started
150.4054 	DATA 	Keypress: lctrl
150.5065 	EXP 	Sound  started
151.1733 	DATA 	Keypress: lctrl
151.2565 	EXP 	Sound  started
151.9574 	DATA 	Keypress: lctrl
152.0065 	EXP 	Sound  started
152.6134 	DATA 	Keypress: rctrl
152.7565 	EXP 	Sound  started
153.3332 	DATA 	Keypress: lctrl
153.5065 	EXP 	Sound  started
154.0853 	DATA 	Keypress: rctrl
154.2566 	EXP 	Sound  started
154.8534 	DATA 	Keypress: rctrl
155.0066 	EXP 	Sound  started
155.6054 	DATA 	Keypress: rctrl
155.7566 	EXP 	Sound  started
156.3254 	DATA 	Keypress: rctrl
156.5066 	EXP 	Sound  started
157.0452 	DATA 	Keypress: lctrl
157.2566 	EXP 	Sound  started
157.9092 	DATA 	Keypress: rctrl
158.0066 	EXP 	Sound  started
158.6134 	DATA 	Keypress: lctrl
158.7566 	EXP 	Sound  started
159.3812 	DATA 	Keypress: rctrl
159.5066 	EXP 	Sound  started
160.1812 	DATA 	Keypress: lctrl
160.2566 	EXP 	Sound  started
160.8532 	DATA 	Keypress: lctrl
161.0067 	EXP 	Sound  started
161.6052 	DATA 	Keypress: rctrl
161.7567 	EXP 	Sound  started
162.2932 	DATA 	Keypress: lctrl
162.5067 	EXP 	Sound  started
163.0452 	DATA 	Keypress: lctrl
163.2567 	EXP 	Sound  started
164.0067 	EXP 	Sound  started
164.5652 	DATA 	Keypress: rctrl
164.7567 	EXP 	Sound  started
165.3492 	DATA 	Keypress: lctrl
165.5067 	EXP 	Sound  started
166.1653 	DATA 	Keypress: rctrl
166.2567 	EXP 	Sound  started
166.8212 	DATA 	Keypress: lctrl
167.0068 	EXP 	Sound  started
167.5892 	DATA 	Keypress: rctrl
167.7568 	EXP 	Sound  started
168.4532 	DATA 	Keypress: rctrl
168.5068 	EXP 	Sound  started
169.1574 	DATA 	Keypress: rctrl
169.2568 	EXP 	Sound  started
170.0068 	EXP 	Sound  started
170.5492 	DATA 	Keypress: lctrl
170.7568 	EXP 	Sound  started
171.5068 	EXP 	Sound  started
172.0533 	DATA 	Keypress: lctrl
172.2568 	EXP 	Sound  started
172.7092 	DATA 	Keypress: rctrl
173.0069 	EXP 	Sound  started
173.5572 	DATA 	Keypress: lctrl
173.7569 	EXP 	Sound  started
174.2612 	DATA 	Keypress: lctrl
174.5069 	EXP 	Sound  started
175.0132 	DATA 	Keypress: lctrl
175.2569 	EXP 	Sound  started
175.7492 	DATA 	Keypress: lctrl
176.0069 	EXP 	Sound  started
176.5492 	DATA 	Keypress: lctrl
176.7569 	EXP 	Sound  started
177.2532 	DATA 	Keypress: rctrl
177.5069 	EXP 	Sound  started
178.0692 	DATA 	Keypress: rctrl
178.2570 	EXP 	Sound  started
178.8852 	DATA 	Keypress: rctrl
179.0070 	EXP 	Sound  started
179.6213 	DATA 	Keypress: lctrl
179.7570 	EXP 	Sound  started
180.3572 	DATA 	Keypress: rctrl
180.5070 	EXP 	Sound  started
181.0773 	DATA 	Keypress: lctrl
181.2570 	EXP 	Sound  started
181.8772 	DATA 	Keypress: rctrl
182.0070 	EXP 	Sound  started
182.6293 	DATA 	Keypress: lctrl
182.7570 	EXP 	Sound  started
183.3652 	DATA 	Keypress: rctrl
183.5070 	EXP 	Sound  started
184.1812 	DATA 	Keypress: lctrl
184.2571 	EXP 	Sound  started
184.8691 	DATA 	Keypress: lctrl
185.0071 	EXP 	Sound  started
185.6692 	DATA 	Keypress: lctrl
189.0728 	DATA 	Keypress: 3
189.0892 	EXP 	unnamed ShapeStim: vertices = <class 'numpy.ndarray'>
193.8245 	DATA 	Keypress: 3
193.8409 	EXP 	unnamed ShapeStim: vertices = <class 'numpy.ndarray'>
201.8147 	DATA 	Keypress: 3
201.8438 	EXP 	unnamed ShapeStim: vertices = <class 'numpy.ndarray'>
204.1183 	EXP 	Sound  started
204.1495 	DATA 	Keypress: rctrl
204.6931 	DATA 	Keypress: rctrl
204.8681 	EXP 	Sound  started
205.3652 	DATA 	Keypress: lctrl
205.6181 	EXP 	Sound  started
206.1012 	DATA 	Keypress: rctrl
206.3681 	EXP 	Sound  started
206.9011 	DATA 	Keypress: lctrl
207.1181 	EXP 	Sound  started
207.7013 	DATA 	Keypress: rctrl
207.8681 	EXP 	Sound  started
208.5012 	DATA 	Keypress: lctrl
208.6182 	EXP 	Sound  started
209.1411 	DATA 	Keypress: rctrl
209.3682 	EXP 	Sound  started
209.9412 	DATA 	Keypress: lctrl
210.1182 	EXP 	Sound  started
210.7413 	DATA 	Keypress: rctrl
210.8682 	EXP 	Sound  started
211.5252 	DATA 	Keypress: lctrl
211.6182 	EXP 	Sound  started
212.2133 	DATA 	Keypress: lctrl
212.3682 	EXP 	Sound  started
213.0132 	DATA 	Keypress: lctrl
213.1182 	EXP 	Sound  started
213.6852 	DATA 	Keypress: lctrl
213.8683 	EXP 	Sound  started
214.4372 	DATA 	Keypress: lctrl
214.6183 	EXP 	Sound  started
215.2052 	DATA 	Keypress: lctrl
215.3683 	EXP 	Sound  started
215.9571 	DATA 	Keypress: lctrl
216.1183 	EXP 	Sound  started
216.5972 	DATA 	Keypress: lctrl
216.8683 	EXP 	Sound  started
217.3491 	DATA 	Keypress: lctrl
217.6183 	EXP 	Sound  started
218.1012 	DATA 	Keypress: lctrl
218.3683 	EXP 	Sound  started
218.9332 	DATA 	Keypress: lctrl
219.1183 	EXP 	Sound  started
219.7172 	DATA 	Keypress: lctrl
219.8684 	EXP 	Sound  started
220.4532 	DATA 	Keypress: lctrl
220.6184 	EXP 	Sound  started
221.1412 	DATA 	Keypress: lctrl
221.3684 	EXP 	Sound  started
221.9091 	DATA 	Keypress: rctrl
222.1184 	EXP 	Sound  started
222.6612 	DATA 	Keypress: lctrl
222.8684 	EXP 	Sound  started
223.4293 	DATA 	Keypress: rctrl
223.6184 	EXP 	Sound  started
224.2133 	DATA 	Keypress: rctrl
224.3684 	EXP 	Sound  started
224.9811 	DATA 	Keypress: lctrl
225.1184 	EXP 	Sound  started
225.8685 	EXP 	Sound  started
226.3253 	DATA 	Keypress: lctrl
226.6185 	EXP 	Sound  started
226.7091 	DATA 	Keypress: rctrl
227.3652 	DATA 	Keypress: lctrl
227.3685 	EXP 	Sound  started
228.0052 	DATA 	Keypress: rctrl
228.1185 	EXP 	Sound  started
228.6293 	DATA 	Keypress: rctrl
228.8685 	EXP 	Sound  started
229.4292 	DATA 	Keypress: lctrl
229.6185 	EXP 	Sound  started
230.1812 	DATA 	Keypress: lctrl
230.3685 	EXP 	Sound  started
230.9811 	DATA 	Keypress: lctrl
231.1185 	EXP 	Sound  started
231.6691 	DATA 	Keypress: lctrl
231.8686 	EXP 	Sound  started
232.3892 	DATA 	Keypress: rctrl
232.6186 	EXP 	Sound  started
233.2053 	DATA 	Keypress: rctrl
233.3686 	EXP 	Sound  started
233.9572 	DATA 	Keypress: lctrl
234.1186 	EXP 	Sound  started
234.7092 	DATA 	Keypress: lctrl
234.8686 	EXP 	Sound  started
235.6186 	EXP 	Sound  started
236.1332 	DATA 	Keypress: lctrl
236.3686 	EXP 	Sound  started
236.9174 	DATA 	Keypress: lctrl
237.1187 	EXP 	Sound  started
237.6852 	DATA 	Keypress: rctrl
237.8687 	EXP 	Sound  started
238.3891 	DATA 	Keypress: lctrl
238.6187 	EXP 	Sound  started
239.1572 	DATA 	Keypress: lctrl
239.3687 	EXP 	Sound  started
239.8771 	DATA 	Keypress: rctrl
240.1187 	EXP 	Sound  started
240.5491 	DATA 	Keypress: rctrl
240.8687 	EXP 	Sound  started
241.3811 	DATA 	Keypress: rctrl
241.6187 	EXP 	Sound  started
242.1651 	DATA 	Keypress: rctrl
251.2277 	DATA 	Keypress: 3
251.2438 	EXP 	unnamed ShapeStim: vertices = <class 'numpy.ndarray'>
254.2005 	DATA 	Keypress: 4
254.2284 	EXP 	unnamed ShapeStim: vertices = <class 'numpy.ndarray'>
257.5298 	DATA 	Keypress: 4
257.5463 	EXP 	unnamed ShapeStim: vertices = <class 'numpy.ndarray'>
259.8203 	EXP 	Sound  started
260.0214 	DATA 	Keypress: rctrl
260.4691 	DATA 	Keypress: rctrl
260.5701 	EXP 	Sound  started
261.1251 	DATA 	Keypress: rctrl
261.3201 	EXP 	Sound  started
262.0051 	DATA 	Keypress: rctrl
262.0701 	EXP 	Sound  started
262.6931 	DATA 	Keypress: rctrl
262.8202 	EXP 	Sound  started
263.3491 	DATA 	Keypress: lctrl
263.5702 	EXP 	Sound  started
264.0531 	DATA 	Keypress: rctrl
264.3202 	EXP 	Sound  started
264.7732 	DATA 	Keypress: lctrl
265.0702 	EXP 	Sound  started
265.6211 	DATA 	Keypress: rctrl
265.8202 	EXP 	Sound  started
266.3731 	DATA 	Keypress: lctrl
266.5702 	EXP 	Sound  started
266.9971 	DATA 	Keypress: rctrl
267.3202 	EXP 	Sound  started
267.8291 	DATA 	Keypress: rctrl
268.0703 	EXP 	Sound  started
268.6292 	DATA 	Keypress: lctrl
268.8203 	EXP 	Sound  started
269.3812 	DATA 	Keypress: rctrl
269.5703 	EXP 	Sound  started
270.1812 	DATA 	Keypress: rctrl
270.3203 	EXP 	Sound  started
271.0452 	DATA 	Keypress: lctrl
271.0703 	EXP 	Sound  started
271.7652 	DATA 	Keypress: rctrl
271.8203 	EXP 	Sound  started
272.5171 	DATA 	Keypress: lctrl
272.5703 	EXP 	Sound  started
273.2372 	DATA 	Keypress: rctrl
273.3203 	EXP 	Sound  started
273.9572 	DATA 	Keypress: lctrl
274.0704 	EXP 	Sound  started
274.6931 	DATA 	Keypress: lctrl
274.8204 	EXP 	Sound  started
275.4451 	DATA 	Keypress: lctrl
275.5704 	EXP 	Sound  started
276.1811 	DATA 	Keypress: rctrl
276.3204 	EXP 	Sound  started
276.9172 	DATA 	Keypress: rctrl
277.0704 	EXP 	Sound  started
277.6211 	DATA 	Keypress: lctrl
277.8204 	EXP 	Sound  started
278.4211 	DATA 	Keypress: lctrl
278.5704 	EXP 	Sound  started
279.2372 	DATA 	Keypress: lctrl
279.3205 	EXP 	Sound  started
279.9251 	DATA 	Keypress: lctrl
280.0705 	EXP 	Sound  started
280.5811 	DATA 	Keypress: rctrl
280.8205 	EXP 	Sound  started
281.3491 	DATA 	Keypress: rctrl
281.5705 	EXP 	Sound  started
282.0691 	DATA 	Keypress: lctrl
282.3205 	EXP 	Sound  started
282.7411 	DATA 	Keypress: rctrl
283.0705 	EXP 	Sound  started
283.6212 	DATA 	Keypress: lctrl
283.8205 	EXP 	Sound  started
284.2932 	DATA 	Keypress: rctrl
284.5705 	EXP 	Sound  started
285.1731 	DATA 	Keypress: lctrl
285.3205 	EXP 	Sound  started
285.9092 	DATA 	Keypress: rctrl
286.0706 	EXP 	Sound  started
286.6612 	DATA 	Keypress: lctrl
286.8206 	EXP 	Sound  started
287.3972 	DATA 	Keypress: rctrl
287.5706 	EXP 	Sound  started
288.1972 	DATA 	Keypress: lctrl
288.3206 	EXP 	Sound  started
288.9493 	DATA 	Keypress: lctrl
289.0706 	EXP 	Sound  started
289.7013 	DATA 	Keypress: lctrl
289.8206 	EXP 	Sound  started
290.4211 	DATA 	Keypress: lctrl
290.5706 	EXP 	Sound  started
291.2211 	DATA 	Keypress: lctrl
291.3206 	EXP 	Sound  started
291.9251 	DATA 	Keypress: rctrl
292.0707 	EXP 	Sound  started
292.6611 	DATA 	Keypress: lctrl
292.8207 	EXP 	Sound  started
293.4292 	DATA 	Keypress: rctrl
293.5707 	EXP 	Sound  started
294.2291 	DATA 	Keypress: rctrl
294.3207 	EXP 	Sound  started
295.0291 	DATA 	Keypress: lctrl
295.0707 	EXP 	Sound  started
295.7812 	DATA 	Keypress: rctrl
295.8207 	EXP 	Sound  started
296.4691 	DATA 	Keypress: lctrl
296.5707 	EXP 	Sound  started
297.2213 	DATA 	Keypress: lctrl
297.3208 	EXP 	Sound  started
297.9731 	DATA 	Keypress: rctrl
298.0708 	EXP 	Sound  started
298.7412 	DATA 	Keypress: rctrl
298.8208 	EXP 	Sound  started
299.4291 	DATA 	Keypress: lctrl
299.5708 	EXP 	Sound  started
300.2131 	DATA 	Keypress: lctrl
300.3208 	EXP 	Sound  started
300.9331 	DATA 	Keypress: rctrl
301.0708 	EXP 	Sound  started
301.8131 	DATA 	Keypress: lctrl
301.8208 	EXP 	Sound  started
302.5651 	DATA 	Keypress: rctrl
302.5708 	EXP 	Sound  started
303.2532 	DATA 	Keypress: rctrl
303.3209 	EXP 	Sound  started
303.9731 	DATA 	Keypress: rctrl
304.0709 	EXP 	Sound  started
304.7251 	DATA 	Keypress: rctrl
304.8209 	EXP 	Sound  started
305.4131 	DATA 	Keypress: lctrl
305.5709 	EXP 	Sound  started
306.1971 	DATA 	Keypress: lctrl
306.3209 	EXP 	Sound  started
306.8851 	DATA 	Keypress: lctrl
307.0709 	EXP 	Sound  started
307.5891 	DATA 	Keypress: rctrl
307.8209 	EXP 	Sound  started
308.3891 	DATA 	Keypress: rctrl
308.5709 	EXP 	Sound  started
309.0931 	DATA 	Keypress: lctrl
309.3210 	EXP 	Sound  started
309.9411 	DATA 	Keypress: lctrl
310.0710 	EXP 	Sound  started
310.6612 	DATA 	Keypress: lctrl
310.8210 	EXP 	Sound  started
311.3811 	DATA 	Keypress: lctrl
311.5710 	EXP 	Sound  started
312.1011 	DATA 	Keypress: rctrl
312.3210 	EXP 	Sound  started
312.8691 	DATA 	Keypress: rctrl
313.0710 	EXP 	Sound  started
313.6051 	DATA 	Keypress: lctrl
313.8210 	EXP 	Sound  started
314.3251 	DATA 	Keypress: rctrl
317.0171 	DATA 	Keypress: 4
317.0333 	EXP 	unnamed ShapeStim: vertices = <class 'numpy.ndarray'>
322.2689 	DATA 	Keypress: 4
322.2853 	EXP 	unnamed ShapeStim: vertices = <class 'numpy.ndarray'>
326.3420 	DATA 	Keypress: 4
326.3701 	EXP 	unnamed ShapeStim: vertices = <class 'numpy.ndarray'>
328.6448 	EXP 	Sound  started
328.6457 	DATA 	Keypress: rctrl
329.2214 	DATA 	Keypress: lctrl
329.3947 	EXP 	Sound  started
329.9411 	DATA 	Keypress: rctrl
330.1447 	EXP 	Sound  started
330.7892 	DATA 	Keypress: lctrl
330.8947 	EXP 	Sound  started
331.4611 	DATA 	Keypress: rctrl
331.6447 	EXP 	Sound  started
332.1811 	DATA 	Keypress: rctrl
332.3947 	EXP 	Sound  started
332.9332 	DATA 	Keypress: lctrl
333.1447 	EXP 	Sound  started
333.7171 	DATA 	Keypress: rctrl
333.8948 	EXP 	Sound  started
334.4211 	DATA 	Keypress: rctrl
334.6448 	EXP 	Sound  started
335.1251 	DATA 	Keypress: rctrl
335.3948 	EXP 	Sound  started
335.7811 	DATA 	Keypress: rctrl
336.1448 	EXP 	Sound  started
336.5971 	DATA 	Keypress: rctrl
336.8948 	EXP 	Sound  started
337.3651 	DATA 	Keypress: lctrl
337.6448 	EXP 	Sound  started
338.1491 	DATA 	Keypress: rctrl
338.3948 	EXP 	Sound  started
338.9652 	DATA 	Keypress: lctrl
339.1449 	EXP 	Sound  started
339.6691 	DATA 	Keypress: rctrl
339.8949 	EXP 	Sound  started
340.4531 	DATA 	Keypress: lctrl
340.6449 	EXP 	Sound  started
341.2212 	DATA 	Keypress: rctrl
341.3949 	EXP 	Sound  started
342.0211 	DATA 	Keypress: rctrl
342.1449 	EXP 	Sound  started
342.7411 	DATA 	Keypress: lctrl
342.8949 	EXP 	Sound  started
343.4931 	DATA 	Keypress: rctrl
343.6449 	EXP 	Sound  started
344.2451 	DATA 	Keypress: lctrl
344.3949 	EXP 	Sound  started
344.9812 	DATA 	Keypress: lctrl
345.1450 	EXP 	Sound  started
345.7491 	DATA 	Keypress: rctrl
345.8950 	EXP 	Sound  started
346.5331 	DATA 	Keypress: lctrl
346.6451 	EXP 	Sound  started
347.3172 	DATA 	Keypress: lctrl
347.3951 	EXP 	Sound  started
347.9731 	DATA 	Keypress: lctrl
348.1451 	EXP 	Sound  started
348.6611 	DATA 	Keypress: lctrl
348.8952 	EXP 	Sound  started
349.4931 	DATA 	Keypress: lctrl
349.6452 	EXP 	Sound  started
350.2930 	DATA 	Keypress: lctrl
350.3952 	EXP 	Sound  started
351.0291 	DATA 	Keypress: lctrl
351.1452 	EXP 	Sound  started
351.8130 	DATA 	Keypress: lctrl
351.8952 	EXP 	Sound  started
352.5491 	DATA 	Keypress: rctrl
352.6453 	EXP 	Sound  started
353.3331 	DATA 	Keypress: lctrl
353.3953 	EXP 	Sound  started
354.0371 	DATA 	Keypress: rctrl
354.1453 	EXP 	Sound  started
354.7731 	DATA 	Keypress: lctrl
354.8953 	EXP 	Sound  started
355.5571 	DATA 	Keypress: rctrl
355.6453 	EXP 	Sound  started
356.2931 	DATA 	Keypress: rctrl
356.3953 	EXP 	Sound  started
357.0132 	DATA 	Keypress: rctrl
357.1454 	EXP 	Sound  started
357.7010 	DATA 	Keypress: lctrl
357.8954 	EXP 	Sound  started
358.5011 	DATA 	Keypress: lctrl
358.6454 	EXP 	Sound  started
359.1572 	DATA 	Keypress: rctrl
359.3954 	EXP 	Sound  started
359.8131 	DATA 	Keypress: rctrl
360.1454 	EXP 	Sound  started
360.6291 	DATA 	Keypress: lctrl
360.8954 	EXP 	Sound  started
361.3492 	DATA 	Keypress: rctrl
361.6454 	EXP 	Sound  started
362.1331 	DATA 	Keypress: rctrl
362.3954 	EXP 	Sound  started
362.9811 	DATA 	Keypress: rctrl
363.1454 	EXP 	Sound  started
363.7010 	DATA 	Keypress: rctrl
363.8955 	EXP 	Sound  started
364.4371 	DATA 	Keypress: rctrl
364.6455 	EXP 	Sound  started
365.2691 	DATA 	Keypress: rctrl
365.3955 	EXP 	Sound  started
366.0531 	DATA 	Keypress: lctrl
366.1455 	EXP 	Sound  started
366.8955 	EXP 	Sound  started
366.9330 	DATA 	Keypress: rctrl
367.5891 	DATA 	Keypress: lctrl
367.6455 	EXP 	Sound  started
368.3571 	DATA 	Keypress: lctrl
372.1527 	DATA 	Keypress: 4
372.1692 	EXP 	unnamed ShapeStim: vertices = <class 'numpy.ndarray'>
384.5070 	DATA 	Keypress: 4
384.5233 	EXP 	unnamed ShapeStim: vertices = <class 'numpy.ndarray'>
388.2084 	DATA 	Keypress: 4
388.2249 	EXP 	unnamed ShapeStim: vertices = <class 'numpy.ndarray'>
390.4994 	EXP 	Sound  started
390.5005 	DATA 	Keypress: rctrl
391.0771 	DATA 	Keypress: lctrl
391.2493 	EXP 	Sound  started
391.8131 	DATA 	Keypress: rctrl
391.9993 	EXP 	Sound  started
392.4850 	DATA 	Keypress: rctrl
392.7493 	EXP 	Sound  started
393.2691 	DATA 	Keypress: rctrl
393.4993 	EXP 	Sound  started
393.9731 	DATA 	Keypress: rctrl
394.2493 	EXP 	Sound  started
394.7891 	DATA 	Keypress: rctrl
394.9993 	EXP 	Sound  started
395.5092 	DATA 	Keypress: rctrl
395.7494 	EXP 	Sound  started
396.2450 	DATA 	Keypress: lctrl
396.4994 	EXP 	Sound  started
397.1250 	DATA 	Keypress: rctrl
397.2494 	EXP 	Sound  started
397.8771 	DATA 	Keypress: lctrl
397.9994 	EXP 	Sound  started
398.6291 	DATA 	Keypress: rctrl
398.7494 	EXP 	Sound  started
399.3491 	DATA 	Keypress: rctrl
399.4994 	EXP 	Sound  started
400.0532 	DATA 	Keypress: rctrl
400.2494 	EXP 	Sound  started
400.7572 	DATA 	Keypress: lctrl
400.9994 	EXP 	Sound  started
401.6050 	DATA 	Keypress: lctrl
401.7495 	EXP 	Sound  started
402.3090 	DATA 	Keypress: rctrl
402.4995 	EXP 	Sound  started
403.0451 	DATA 	Keypress: rctrl
403.2495 	EXP 	Sound  started
403.7651 	DATA 	Keypress: lctrl
403.9995 	EXP 	Sound  started
404.5651 	DATA 	Keypress: lctrl
404.7495 	EXP 	Sound  started
405.3330 	DATA 	Keypress: rctrl
405.4995 	EXP 	Sound  started
406.0691 	DATA 	Keypress: rctrl
406.2495 	EXP 	Sound  started
406.8691 	DATA 	Keypress: lctrl
406.9996 	EXP 	Sound  started
407.6211 	DATA 	Keypress: lctrl
407.7496 	EXP 	Sound  started
408.2930 	DATA 	Keypress: rctrl
408.4996 	EXP 	Sound  started
408.9970 	DATA 	Keypress: rctrl
409.2496 	EXP 	Sound  started
409.7972 	DATA 	Keypress: rctrl
409.9996 	EXP 	Sound  started
410.5652 	DATA 	Keypress: rctrl
410.7496 	EXP 	Sound  started
411.3811 	DATA 	Keypress: lctrl
411.4996 	EXP 	Sound  started
412.0850 	DATA 	Keypress: rctrl
412.2496 	EXP 	Sound  started
412.9170 	DATA 	Keypress: lctrl
412.9997 	EXP 	Sound  started
413.7497 	EXP 	Sound  started
413.7971 	DATA 	Keypress: lctrl
414.4530 	DATA 	Keypress: rctrl
414.4997 	EXP 	Sound  started
415.1892 	DATA 	Keypress: lctrl
415.2497 	EXP 	Sound  started
415.9091 	DATA 	Keypress: lctrl
415.9997 	EXP 	Sound  started
416.6291 	DATA 	Keypress: lctrl
416.7497 	EXP 	Sound  started
417.3491 	DATA 	Keypress: lctrl
417.4997 	EXP 	Sound  started
418.1010 	DATA 	Keypress: lctrl
418.2498 	EXP 	Sound  started
418.8210 	DATA 	Keypress: rctrl
418.9998 	EXP 	Sound  started
419.5730 	DATA 	Keypress: rctrl
419.7498 	EXP 	Sound  started
420.2770 	DATA 	Keypress: lctrl
420.4998 	EXP 	Sound  started
421.1251 	DATA 	Keypress: lctrl
421.2498 	EXP 	Sound  started
421.9731 	DATA 	Keypress: lctrl
421.9998 	EXP 	Sound  started
422.6450 	DATA 	Keypress: lctrl
422.7498 	EXP 	Sound  started
423.3491 	DATA 	Keypress: rctrl
423.4999 	EXP 	Sound  started
424.1331 	DATA 	Keypress: rctrl
424.2499 	EXP 	Sound  started
424.8370 	DATA 	Keypress: rctrl
424.9999 	EXP 	Sound  started
425.6371 	DATA 	Keypress: rctrl
425.7499 	EXP 	Sound  started
426.4211 	DATA 	Keypress: rctrl
426.4999 	EXP 	Sound  started
427.1570 	DATA 	Keypress: rctrl
427.2499 	EXP 	Sound  started
427.8611 	DATA 	Keypress: rctrl
427.9999 	EXP 	Sound  started
428.6930 	DATA 	Keypress: rctrl
428.7499 	EXP 	Sound  started
429.3650 	DATA 	Keypress: lctrl
429.5000 	EXP 	Sound  started
430.1331 	DATA 	Keypress: lctrl
430.2500 	EXP 	Sound  started
430.9010 	DATA 	Keypress: lctrl
431.0000 	EXP 	Sound  started
431.6690 	DATA 	Keypress: lctrl
431.7500 	EXP 	Sound  started
432.3250 	DATA 	Keypress: rctrl
432.5000 	EXP 	Sound  started
433.2500 	EXP 	Sound  started
433.3012 	DATA 	Keypress: lctrl
433.9090 	DATA 	Keypress: rctrl
434.0000 	EXP 	Sound  started
434.6930 	DATA 	Keypress: lctrl
434.7501 	EXP 	Sound  started
435.4770 	DATA 	Keypress: rctrl
435.5001 	EXP 	Sound  started
436.1490 	DATA 	Keypress: lctrl
436.2501 	EXP 	Sound  started
436.9490 	DATA 	Keypress: lctrl
437.0001 	EXP 	Sound  started
437.6371 	DATA 	Keypress: lctrl
437.7501 	EXP 	Sound  started
438.2131 	DATA 	Keypress: rctrl
438.5001 	EXP 	Sound  started
439.0612 	DATA 	Keypress: rctrl
439.2502 	EXP 	Sound  started
439.9090 	DATA 	Keypress: rctrl
440.0002 	EXP 	Sound  started
440.7502 	EXP 	Sound  started
440.7570 	DATA 	Keypress: lctrl
441.4770 	DATA 	Keypress: rctrl
441.5002 	EXP 	Sound  started
442.2502 	EXP 	Sound  started
442.2771 	DATA 	Keypress: rctrl
442.8851 	DATA 	Keypress: lctrl
443.0002 	EXP 	Sound  started
443.7171 	DATA 	Keypress: lctrl
443.7502 	EXP 	Sound  started
444.3731 	DATA 	Keypress: rctrl
444.5002 	EXP 	Sound  started
445.0771 	DATA 	Keypress: lctrl
445.2502 	EXP 	Sound  started
445.8771 	DATA 	Keypress: lctrl
446.0003 	EXP 	Sound  started
446.6450 	DATA 	Keypress: rctrl
446.7503 	EXP 	Sound  started
447.3170 	DATA 	Keypress: lctrl
447.5003 	EXP 	Sound  started
448.0531 	DATA 	Keypress: rctrl
448.2503 	EXP 	Sound  started
448.7092 	DATA 	Keypress: rctrl
449.0003 	EXP 	Sound  started
449.5090 	DATA 	Keypress: rctrl
449.7503 	EXP 	Sound  started
450.2770 	DATA 	Keypress: lctrl
450.5003 	EXP 	Sound  started
450.8851 	DATA 	Keypress: rctrl
455.2729 	DATA 	Keypress: 3
455.2989 	EXP 	unnamed ShapeStim: vertices = <class 'numpy.ndarray'>
459.3215 	DATA 	Keypress: 3
459.3494 	EXP 	unnamed ShapeStim: vertices = <class 'numpy.ndarray'>
465.1184 	DATA 	Keypress: 3
465.1348 	EXP 	unnamed ShapeStim: vertices = <class 'numpy.ndarray'>
467.4094 	EXP 	Sound  started
467.4612 	DATA 	Keypress: rctrl
468.0370 	DATA 	Keypress: rctrl
468.1592 	EXP 	Sound  started
468.7250 	DATA 	Keypress: lctrl
468.9092 	EXP 	Sound  started
469.5091 	DATA 	Keypress: rctrl
469.6592 	EXP 	Sound  started
470.2291 	DATA 	Keypress: lctrl
470.4093 	EXP 	Sound  started
470.9170 	DATA 	Keypress: lctrl
471.1593 	EXP 	Sound  started
471.7810 	DATA 	Keypress: lctrl
471.9093 	EXP 	Sound  started
472.5011 	DATA 	Keypress: lctrl
472.6593 	EXP 	Sound  started
473.2051 	DATA 	Keypress: lctrl
473.4093 	EXP 	Sound  started
473.9891 	DATA 	Keypress: lctrl
474.1593 	EXP 	Sound  started
474.6770 	DATA 	Keypress: lctrl
474.9093 	EXP 	Sound  started
475.6210 	DATA 	Keypress: lctrl
475.6594 	EXP 	Sound  started
476.4050 	DATA 	Keypress: lctrl
476.4094 	EXP 	Sound  started
477.1594 	EXP 	Sound  started
477.4131 	DATA 	Keypress: rctrl
477.9094 	EXP 	Sound  started
477.9731 	DATA 	Keypress: rctrl
478.6292 	DATA 	Keypress: rctrl
478.6594 	EXP 	Sound  started
479.3170 	DATA 	Keypress: lctrl
479.4094 	EXP 	Sound  started
480.0370 	DATA 	Keypress: lctrl
480.1595 	EXP 	Sound  started
480.6931 	DATA 	Keypress: lctrl
480.9095 	EXP 	Sound  started
481.4930 	DATA 	Keypress: lctrl
481.6595 	EXP 	Sound  started
482.1810 	DATA 	Keypress: rctrl
482.4095 	EXP 	Sound  started
483.0290 	DATA 	Keypress: rctrl
483.1595 	EXP 	Sound  started
483.7650 	DATA 	Keypress: lctrl
483.9095 	EXP 	Sound  started
484.5491 	DATA 	Keypress: rctrl
484.6595 	EXP 	Sound  started
485.2850 	DATA 	Keypress: lctrl
485.4096 	EXP 	Sound  started
486.1596 	EXP 	Sound  started
486.1970 	DATA 	Keypress: rctrl
486.7410 	DATA 	Keypress: lctrl
486.9096 	EXP 	Sound  started
487.4290 	DATA 	Keypress: rctrl
487.6596 	EXP 	Sound  started
488.2292 	DATA 	Keypress: lctrl
488.4096 	EXP 	Sound  started
489.0130 	DATA 	Keypress: rctrl
489.1596 	EXP 	Sound  started
489.8131 	DATA 	Keypress: rctrl
489.9096 	EXP 	Sound  started
490.6452 	DATA 	Keypress: rctrl
490.6596 	EXP 	Sound  started
491.3970 	DATA 	Keypress: rctrl
491.4097 	EXP 	Sound  started
492.0532 	DATA 	Keypress: lctrl
492.1597 	EXP 	Sound  started
492.7570 	DATA 	Keypress: rctrl
492.9097 	EXP 	Sound  started
493.5570 	DATA 	Keypress: lctrl
493.6597 	EXP 	Sound  started
494.3090 	DATA 	Keypress: lctrl
494.4097 	EXP 	Sound  started
495.0130 	DATA 	Keypress: rctrl
495.1597 	EXP 	Sound  started
495.7651 	DATA 	Keypress: rctrl
495.9097 	EXP 	Sound  started
496.6597 	EXP 	Sound  started
497.3810 	DATA 	Keypress: rctrl
497.4098 	EXP 	Sound  started
498.0530 	DATA 	Keypress: lctrl
498.1598 	EXP 	Sound  started
498.7730 	DATA 	Keypress: rctrl
498.9098 	EXP 	Sound  started
499.5410 	DATA 	Keypress: lctrl
499.6598 	EXP 	Sound  started
500.2770 	DATA 	Keypress: rctrl
500.4098 	EXP 	Sound  started
500.9490 	DATA 	Keypress: lctrl
501.1598 	EXP 	Sound  started
501.7330 	DATA 	Keypress: rctrl
501.9098 	EXP 	Sound  started
502.3570 	DATA 	Keypress: lctrl
502.6598 	EXP 	Sound  started
503.2371 	DATA 	Keypress: lctrl
503.4099 	EXP 	Sound  started
503.8610 	DATA 	Keypress: rctrl
504.1599 	EXP 	Sound  started
504.6771 	DATA 	Keypress: lctrl
504.9099 	EXP 	Sound  started
505.3970 	DATA 	Keypress: lctrl
505.6599 	EXP 	Sound  started
506.0530 	DATA 	Keypress: rctrl
506.4099 	EXP 	Sound  started
506.9330 	DATA 	Keypress: lctrl
507.1599 	EXP 	Sound  started
507.8130 	DATA 	Keypress: lctrl
507.9099 	EXP 	Sound  started
508.5490 	DATA 	Keypress: lctrl
511.2435 	DATA 	Keypress: 3
511.2672 	EXP 	unnamed ShapeStim: vertices = <class 'numpy.ndarray'>
514.4230 	DATA 	Keypress: 3
514.4518 	EXP 	unnamed ShapeStim: vertices = <class 'numpy.ndarray'>
528.2235 	DATA 	Keypress: 3
528.2399 	EXP 	unnamed ShapeStim: vertices = <class 'numpy.ndarray'>
530.5139 	EXP 	Sound  started
530.7091 	DATA 	Keypress: rctrl
531.2211 	DATA 	Keypress: rctrl
531.2638 	EXP 	Sound  started
531.8770 	DATA 	Keypress: lctrl
532.0138 	EXP 	Sound  started
532.5970 	DATA 	Keypress: rctrl
532.7638 	EXP 	Sound  started
533.3810 	DATA 	Keypress: lctrl
533.5138 	EXP 	Sound  started
534.1330 	DATA 	Keypress: rctrl
534.2638 	EXP 	Sound  started
534.8210 	DATA 	Keypress: lctrl
535.0138 	EXP 	Sound  started
535.5731 	DATA 	Keypress: rctrl
535.7638 	EXP 	Sound  started
536.3410 	DATA 	Keypress: rctrl
536.5139 	EXP 	Sound  started
537.1091 	DATA 	Keypress: rctrl
537.2639 	EXP 	Sound  started
537.8130 	DATA 	Keypress: rctrl
538.0139 	EXP 	Sound  started
538.5651 	DATA 	Keypress: lctrl
538.7639 	EXP 	Sound  started
539.2850 	DATA 	Keypress: rctrl
539.5139 	EXP 	Sound  started
540.0691 	DATA 	Keypress: lctrl
540.2639 	EXP 	Sound  started
540.7731 	DATA 	Keypress: lctrl
541.0139 	EXP 	Sound  started
541.5570 	DATA 	Keypress: rctrl
541.7639 	EXP 	Sound  started
542.3889 	DATA 	Keypress: rctrl
542.5139 	EXP 	Sound  started
543.1410 	DATA 	Keypress: rctrl
543.2640 	EXP 	Sound  started
543.8451 	DATA 	Keypress: lctrl
544.0140 	EXP 	Sound  started
544.5970 	DATA 	Keypress: lctrl
544.7640 	EXP 	Sound  started
545.3329 	DATA 	Keypress: lctrl
545.5140 	EXP 	Sound  started
546.1010 	DATA 	Keypress: lctrl
546.2640 	EXP 	Sound  started
546.8370 	DATA 	Keypress: rctrl
547.0140 	EXP 	Sound  started
547.5890 	DATA 	Keypress: lctrl
547.7640 	EXP 	Sound  started
548.3253 	DATA 	Keypress: rctrl
548.5141 	EXP 	Sound  started
549.1250 	DATA 	Keypress: rctrl
549.2641 	EXP 	Sound  started
549.9250 	DATA 	Keypress: rctrl
550.0141 	EXP 	Sound  started
550.6290 	DATA 	Keypress: lctrl
550.7641 	EXP 	Sound  started
551.3970 	DATA 	Keypress: rctrl
551.5141 	EXP 	Sound  started
552.0529 	DATA 	Keypress: rctrl
552.2641 	EXP 	Sound  started
552.7569 	DATA 	Keypress: rctrl
553.0141 	EXP 	Sound  started
553.6049 	DATA 	Keypress: rctrl
553.7642 	EXP 	Sound  started
554.3409 	DATA 	Keypress: lctrl
554.5142 	EXP 	Sound  started
555.0929 	DATA 	Keypress: rctrl
555.2642 	EXP 	Sound  started
555.9249 	DATA 	Keypress: lctrl
556.0142 	EXP 	Sound  started
556.7250 	DATA 	Keypress: rctrl
556.7642 	EXP 	Sound  started
557.4289 	DATA 	Keypress: lctrl
557.5142 	EXP 	Sound  started
558.2290 	DATA 	Keypress: rctrl
558.2643 	EXP 	Sound  started
558.8690 	DATA 	Keypress: rctrl
559.0143 	EXP 	Sound  started
559.6050 	DATA 	Keypress: lctrl
559.7643 	EXP 	Sound  started
560.2610 	DATA 	Keypress: rctrl
560.5143 	EXP 	Sound  started
561.1570 	DATA 	Keypress: lctrl
561.2643 	EXP 	Sound  started
561.9250 	DATA 	Keypress: lctrl
562.0143 	EXP 	Sound  started
562.6771 	DATA 	Keypress: lctrl
562.7643 	EXP 	Sound  started
563.4289 	DATA 	Keypress: lctrl
563.5143 	EXP 	Sound  started
564.1170 	DATA 	Keypress: rctrl
564.2644 	EXP 	Sound  started
564.9490 	DATA 	Keypress: lctrl
565.0144 	EXP 	Sound  started
565.6850 	DATA 	Keypress: rctrl
565.7644 	EXP 	Sound  started
566.5144 	EXP 	Sound  started
566.5490 	DATA 	Keypress: rctrl
567.2530 	DATA 	Keypress: rctrl
567.2644 	EXP 	Sound  started
567.8450 	DATA 	Keypress: lctrl
568.0144 	EXP 	Sound  started
568.5811 	DATA 	Keypress: rctrl
568.7645 	EXP 	Sound  started
569.4130 	DATA 	Keypress: lctrl
569.5145 	EXP 	Sound  started
570.1649 	DATA 	Keypress: rctrl
570.2645 	EXP 	Sound  started
570.9332 	DATA 	Keypress: lctrl
571.0145 	EXP 	Sound  started
571.6050 	DATA 	Keypress: lctrl
571.7645 	EXP 	Sound  started
572.3249 	DATA 	Keypress: lctrl
572.5145 	EXP 	Sound  started
573.0449 	DATA 	Keypress: lctrl
573.2645 	EXP 	Sound  started
573.8291 	DATA 	Keypress: lctrl
574.0145 	EXP 	Sound  started
574.6130 	DATA 	Keypress: lctrl
574.7645 	EXP 	Sound  started
575.3490 	DATA 	Keypress: lctrl
575.5146 	EXP 	Sound  started
576.1170 	DATA 	Keypress: rctrl
576.2646 	EXP 	Sound  started
576.9009 	DATA 	Keypress: rctrl
577.0146 	EXP 	Sound  started
577.6689 	DATA 	Keypress: rctrl
577.7646 	EXP 	Sound  started
578.2609 	DATA 	Keypress: lctrl
578.5146 	EXP 	Sound  started
579.0611 	DATA 	Keypress: rctrl
579.2646 	EXP 	Sound  started
579.7489 	DATA 	Keypress: rctrl
580.0146 	EXP 	Sound  started
580.6130 	DATA 	Keypress: rctrl
580.7646 	EXP 	Sound  started
581.3970 	DATA 	Keypress: rctrl
581.5147 	EXP 	Sound  started
582.0530 	DATA 	Keypress: lctrl
582.2647 	EXP 	Sound  started
582.9489 	DATA 	Keypress: rctrl
583.0147 	EXP 	Sound  started
583.6050 	DATA 	Keypress: lctrl
583.7647 	EXP 	Sound  started
584.2930 	DATA 	Keypress: rctrl
584.5147 	EXP 	Sound  started
585.0129 	DATA 	Keypress: rctrl
585.2647 	EXP 	Sound  started
585.7170 	DATA 	Keypress: rctrl
586.0147 	EXP 	Sound  started
586.5810 	DATA 	Keypress: rctrl
586.7648 	EXP 	Sound  started
587.4450 	DATA 	Keypress: rctrl
587.5148 	EXP 	Sound  started
588.1329 	DATA 	Keypress: rctrl
588.2648 	EXP 	Sound  started
588.8052 	DATA 	Keypress: rctrl
589.0148 	EXP 	Sound  started
589.6849 	DATA 	Keypress: rctrl
589.7648 	EXP 	Sound  started
590.4210 	DATA 	Keypress: lctrl
590.5148 	EXP 	Sound  started
591.2530 	DATA 	Keypress: lctrl
591.2648 	EXP 	Sound  started
591.9730 	DATA 	Keypress: lctrl
592.0148 	EXP 	Sound  started
592.6450 	DATA 	Keypress: lctrl
592.7649 	EXP 	Sound  started
593.3489 	DATA 	Keypress: rctrl
593.5149 	EXP 	Sound  started
594.1169 	DATA 	Keypress: lctrl
594.2649 	EXP 	Sound  started
594.8530 	DATA 	Keypress: lctrl
595.0149 	EXP 	Sound  started
595.7649 	EXP 	Sound  started
596.4530 	DATA 	Keypress: rctrl
596.5149 	EXP 	Sound  started
597.1570 	DATA 	Keypress: lctrl
597.2650 	EXP 	Sound  started
597.9091 	DATA 	Keypress: rctrl
598.0150 	EXP 	Sound  started
598.6289 	DATA 	Keypress: lctrl
605.0500 	DATA 	Keypress: 3
605.0664 	EXP 	unnamed ShapeStim: vertices = <class 'numpy.ndarray'>
611.4853 	DATA 	Keypress: 3
611.5020 	EXP 	unnamed ShapeStim: vertices = <class 'numpy.ndarray'>
616.3090 	DATA 	Keypress: 3
616.3370 	EXP 	unnamed ShapeStim: vertices = <class 'numpy.ndarray'>
618.6116 	EXP 	Sound  started
618.6125 	DATA 	Keypress: lctrl
619.1249 	DATA 	Keypress: rctrl
619.3615 	EXP 	Sound  started
620.0050 	DATA 	Keypress: lctrl
620.1115 	EXP 	Sound  started
620.7249 	DATA 	Keypress: rctrl
620.8615 	EXP 	Sound  started
621.5091 	DATA 	Keypress: rctrl
621.6115 	EXP 	Sound  started
622.2451 	DATA 	Keypress: rctrl
622.3615 	EXP 	Sound  started
623.0289 	DATA 	Keypress: rctrl
623.1115 	EXP 	Sound  started
623.7490 	DATA 	Keypress: lctrl
623.8615 	EXP 	Sound  started
624.5329 	DATA 	Keypress: lctrl
624.6115 	EXP 	Sound  started
625.2369 	DATA 	Keypress: rctrl
625.3615 	EXP 	Sound  started
625.9730 	DATA 	Keypress: lctrl
626.1116 	EXP 	Sound  started
626.6129 	DATA 	Keypress: rctrl
626.8616 	EXP 	Sound  started
627.4289 	DATA 	Keypress: rctrl
627.6116 	EXP 	Sound  started
628.2131 	DATA 	Keypress: lctrl
628.3616 	EXP 	Sound  started
628.9009 	DATA 	Keypress: rctrl
629.1116 	EXP 	Sound  started
629.6849 	DATA 	Keypress: lctrl
629.8616 	EXP 	Sound  started
630.4210 	DATA 	Keypress: rctrl
630.6117 	EXP 	Sound  started
631.2530 	DATA 	Keypress: rctrl
631.3617 	EXP 	Sound  started
631.9249 	DATA 	Keypress: rctrl
632.1117 	EXP 	Sound  started
632.6609 	DATA 	Keypress: rctrl
632.8617 	EXP 	Sound  started
633.3970 	DATA 	Keypress: rctrl
633.6117 	EXP 	Sound  started
634.2609 	DATA 	Keypress: rctrl
634.3617 	EXP 	Sound  started
634.8849 	DATA 	Keypress: lctrl
635.1117 	EXP 	Sound  started
635.5730 	DATA 	Keypress: rctrl
635.8617 	EXP 	Sound  started
636.4369 	DATA 	Keypress: lctrl
636.6118 	EXP 	Sound  started
637.1569 	DATA 	Keypress: rctrl
637.3618 	EXP 	Sound  started
637.9089 	DATA 	Keypress: lctrl
638.1118 	EXP 	Sound  started
638.7090 	DATA 	Keypress: rctrl
638.8618 	EXP 	Sound  started
639.4450 	DATA 	Keypress: rctrl
639.6118 	EXP 	Sound  started
640.1969 	DATA 	Keypress: rctrl
640.3618 	EXP 	Sound  started
640.9489 	DATA 	Keypress: lctrl
641.1118 	EXP 	Sound  started
641.7970 	DATA 	Keypress: lctrl
641.8619 	EXP 	Sound  started
642.5969 	DATA 	Keypress: lctrl
642.6119 	EXP 	Sound  started
643.3619 	EXP 	Sound  started
643.3969 	DATA 	Keypress: lctrl
643.9569 	DATA 	Keypress: rctrl
644.1119 	EXP 	Sound  started
644.7569 	DATA 	Keypress: lctrl
644.8619 	EXP 	Sound  started
645.3490 	DATA 	Keypress: lctrl
645.6120 	EXP 	Sound  started
646.0851 	DATA 	Keypress: rctrl
646.3619 	EXP 	Sound  started
646.8049 	DATA 	Keypress: lctrl
647.1120 	EXP 	Sound  started
647.5410 	DATA 	Keypress: rctrl
647.8620 	EXP 	Sound  started
648.3889 	DATA 	Keypress: lctrl
648.6120 	EXP 	Sound  started
649.2369 	DATA 	Keypress: rctrl
649.3620 	EXP 	Sound  started
649.9090 	DATA 	Keypress: rctrl
650.1120 	EXP 	Sound  started
650.6769 	DATA 	Keypress: rctrl
650.8620 	EXP 	Sound  started
651.3490 	DATA 	Keypress: lctrl
651.6120 	EXP 	Sound  started
652.0689 	DATA 	Keypress: lctrl
652.3620 	EXP 	Sound  started
652.8849 	DATA 	Keypress: rctrl
653.1121 	EXP 	Sound  started
653.6209 	DATA 	Keypress: lctrl
653.8621 	EXP 	Sound  started
654.3569 	DATA 	Keypress: rctrl
654.6121 	EXP 	Sound  started
655.0930 	DATA 	Keypress: rctrl
655.3621 	EXP 	Sound  started
655.8929 	DATA 	Keypress: rctrl
656.1121 	EXP 	Sound  started
656.6451 	DATA 	Keypress: lctrl
656.8621 	EXP 	Sound  started
657.3970 	DATA 	Keypress: lctrl
657.6122 	EXP 	Sound  started
658.1010 	DATA 	Keypress: lctrl
658.3622 	EXP 	Sound  started
658.9490 	DATA 	Keypress: lctrl
659.1122 	EXP 	Sound  started
659.8622 	EXP 	Sound  started
660.4530 	DATA 	Keypress: rctrl
660.6122 	EXP 	Sound  started
661.1889 	DATA 	Keypress: rctrl
661.3622 	EXP 	Sound  started
661.9729 	DATA 	Keypress: rctrl
662.1122 	EXP 	Sound  started
662.7089 	DATA 	Keypress: rctrl
662.8622 	EXP 	Sound  started
663.4449 	DATA 	Keypress: rctrl
663.6122 	EXP 	Sound  started
664.1649 	DATA 	Keypress: rctrl
664.3623 	EXP 	Sound  started
664.8369 	DATA 	Keypress: lctrl
665.1123 	EXP 	Sound  started
665.6849 	DATA 	Keypress: lctrl
665.8623 	EXP 	Sound  started
666.4369 	DATA 	Keypress: lctrl
666.6123 	EXP 	Sound  started
667.3623 	EXP 	Sound  started
667.4609 	DATA 	Keypress: lctrl
668.0689 	DATA 	Keypress: lctrl
668.1123 	EXP 	Sound  started
668.8210 	DATA 	Keypress: lctrl
668.8624 	EXP 	Sound  started
669.5409 	DATA 	Keypress: rctrl
669.6124 	EXP 	Sound  started
670.2289 	DATA 	Keypress: lctrl
672.3732 	DATA 	Keypress: 3
672.3897 	EXP 	unnamed ShapeStim: vertices = <class 'numpy.ndarray'>
680.1427 	DATA 	Keypress: 4
680.1591 	EXP 	unnamed ShapeStim: vertices = <class 'numpy.ndarray'>
689.4004 	DATA 	Keypress: 3
689.4290 	EXP 	unnamed ShapeStim: vertices = <class 'numpy.ndarray'>
691.7026 	EXP 	Sound  started
691.8131 	DATA 	Keypress: rctrl
692.3728 	DATA 	Keypress: lctrl
692.4525 	EXP 	Sound  started
693.0769 	DATA 	Keypress: rctrl
693.2025 	EXP 	Sound  started
693.8129 	DATA 	Keypress: rctrl
693.9525 	EXP 	Sound  started
694.5010 	DATA 	Keypress: rctrl
694.7025 	EXP 	Sound  started
695.2689 	DATA 	Keypress: lctrl
695.4525 	EXP 	Sound  started
696.0849 	DATA 	Keypress: rctrl
696.2025 	EXP 	Sound  started
696.9329 	DATA 	Keypress: lctrl
696.9526 	EXP 	Sound  started
697.6529 	DATA 	Keypress: lctrl
697.7026 	EXP 	Sound  started
698.3089 	DATA 	Keypress: rctrl
698.4526 	EXP 	Sound  started
699.0289 	DATA 	Keypress: rctrl
699.2026 	EXP 	Sound  started
699.7969 	DATA 	Keypress: rctrl
699.9526 	EXP 	Sound  started
700.4368 	DATA 	Keypress: rctrl
700.7026 	EXP 	Sound  started
701.3009 	DATA 	Keypress: rctrl
701.4527 	EXP 	Sound  started
702.0209 	DATA 	Keypress: lctrl
702.2027 	EXP 	Sound  started
702.7729 	DATA 	Keypress: lctrl
702.9527 	EXP 	Sound  started
703.5729 	DATA 	Keypress: rctrl
703.7027 	EXP 	Sound  started
704.2929 	DATA 	Keypress: lctrl
704.4527 	EXP 	Sound  started
705.0609 	DATA 	Keypress: lctrl
705.2027 	EXP 	Sound  started
705.8449 	DATA 	Keypress: lctrl
705.9527 	EXP 	Sound  started
706.6769 	DATA 	Keypress: lctrl
706.7027 	EXP 	Sound  started
707.3649 	DATA 	Keypress: rctrl
707.4528 	EXP 	Sound  started
708.1169 	DATA 	Keypress: rctrl
708.2028 	EXP 	Sound  started
708.7888 	DATA 	Keypress: lctrl
708.9528 	EXP 	Sound  started
709.6049 	DATA 	Keypress: rctrl
709.7028 	EXP 	Sound  started
710.4209 	DATA 	Keypress: lctrl
710.4528 	EXP 	Sound  started
711.1570 	DATA 	Keypress: lctrl
711.2028 	EXP 	Sound  started
711.8770 	DATA 	Keypress: rctrl
711.9528 	EXP 	Sound  started
712.6129 	DATA 	Keypress: rctrl
712.7028 	EXP 	Sound  started
713.3169 	DATA 	Keypress: lctrl
713.4529 	EXP 	Sound  started
714.0851 	DATA 	Keypress: lctrl
714.2029 	EXP 	Sound  started
714.7889 	DATA 	Keypress: rctrl
714.9529 	EXP 	Sound  started
715.6049 	DATA 	Keypress: rctrl
715.7029 	EXP 	Sound  started
716.3249 	DATA 	Keypress: lctrl
716.4530 	EXP 	Sound  started
717.1570 	DATA 	Keypress: rctrl
717.2030 	EXP 	Sound  started
717.8289 	DATA 	Keypress: lctrl
717.9530 	EXP 	Sound  started
718.6288 	DATA 	Keypress: rctrl
718.7030 	EXP 	Sound  started
719.3329 	DATA 	Keypress: rctrl
719.4530 	EXP 	Sound  started
719.9888 	DATA 	Keypress: lctrl
720.2030 	EXP 	Sound  started
720.8849 	DATA 	Keypress: rctrl
720.9531 	EXP 	Sound  started
721.5888 	DATA 	Keypress: lctrl
721.7031 	EXP 	Sound  started
722.3410 	DATA 	Keypress: rctrl
722.4531 	EXP 	Sound  started
723.0769 	DATA 	Keypress: rctrl
723.2031 	EXP 	Sound  started
723.8609 	DATA 	Keypress: rctrl
723.9531 	EXP 	Sound  started
724.5170 	DATA 	Keypress: lctrl
724.7031 	EXP 	Sound  started
725.2688 	DATA 	Keypress: rctrl
725.4531 	EXP 	Sound  started
726.0209 	DATA 	Keypress: lctrl
726.2031 	EXP 	Sound  started
726.7889 	DATA 	Keypress: rctrl
726.9532 	EXP 	Sound  started
727.5250 	DATA 	Keypress: lctrl
727.7032 	EXP 	Sound  started
728.3090 	DATA 	Keypress: rctrl
728.4532 	EXP 	Sound  started
729.0129 	DATA 	Keypress: lctrl
729.2032 	EXP 	Sound  started
729.7809 	DATA 	Keypress: lctrl
729.9532 	EXP 	Sound  started
730.5969 	DATA 	Keypress: lctrl
730.7032 	EXP 	Sound  started
731.3170 	DATA 	Keypress: lctrl
731.4532 	EXP 	Sound  started
732.1009 	DATA 	Keypress: lctrl
732.2033 	EXP 	Sound  started
732.8688 	DATA 	Keypress: lctrl
732.9533 	EXP 	Sound  started
733.6690 	DATA 	Keypress: lctrl
733.7033 	EXP 	Sound  started
734.3569 	DATA 	Keypress: rctrl
734.4533 	EXP 	Sound  started
735.1409 	DATA 	Keypress: rctrl
735.2033 	EXP 	Sound  started
735.9409 	DATA 	Keypress: lctrl
735.9533 	EXP 	Sound  started
736.6609 	DATA 	Keypress: lctrl
736.7033 	EXP 	Sound  started
737.3969 	DATA 	Keypress: rctrl
737.4534 	EXP 	Sound  started
738.1169 	DATA 	Keypress: lctrl
738.2034 	EXP 	Sound  started
738.8689 	DATA 	Keypress: rctrl
738.9534 	EXP 	Sound  started
739.6048 	DATA 	Keypress: rctrl
739.7034 	EXP 	Sound  started
740.3089 	DATA 	Keypress: lctrl
740.4534 	EXP 	Sound  started
741.1089 	DATA 	Keypress: rctrl
741.2034 	EXP 	Sound  started
741.8290 	DATA 	Keypress: rctrl
741.9534 	EXP 	Sound  started
742.6291 	DATA 	Keypress: lctrl
742.7035 	EXP 	Sound  started
743.3968 	DATA 	Keypress: rctrl
743.4535 	EXP 	Sound  started
744.2035 	EXP 	Sound  started
744.2288 	DATA 	Keypress: rctrl
744.9535 	EXP 	Sound  started
744.9809 	DATA 	Keypress: rctrl
745.5729 	DATA 	Keypress: lctrl
745.7035 	EXP 	Sound  started
746.4048 	DATA 	Keypress: lctrl
746.4535 	EXP 	Sound  started
747.1728 	DATA 	Keypress: rctrl
747.2035 	EXP 	Sound  started
747.9248 	DATA 	Keypress: rctrl
747.9535 	EXP 	Sound  started
748.7036 	EXP 	Sound  started
748.7568 	DATA 	Keypress: rctrl
749.3968 	DATA 	Keypress: lctrl
749.4536 	EXP 	Sound  started
750.1330 	DATA 	Keypress: rctrl
750.2036 	EXP 	Sound  started
750.8369 	DATA 	Keypress: lctrl
750.9536 	EXP 	Sound  started
751.6529 	DATA 	Keypress: lctrl
751.7036 	EXP 	Sound  started
752.4209 	DATA 	Keypress: rctrl
752.4536 	EXP 	Sound  started
753.1248 	DATA 	Keypress: lctrl
753.2036 	EXP 	Sound  started
753.8129 	DATA 	Keypress: rctrl
753.9536 	EXP 	Sound  started
754.5170 	DATA 	Keypress: rctrl
754.7037 	EXP 	Sound  started
755.2529 	DATA 	Keypress: rctrl
755.4537 	EXP 	Sound  started
756.0529 	DATA 	Keypress: rctrl
756.2037 	EXP 	Sound  started
756.5649 	DATA 	Keypress: lctrl
756.9537 	EXP 	Sound  started
757.5249 	DATA 	Keypress: rctrl
757.7037 	EXP 	Sound  started
758.3728 	DATA 	Keypress: rctrl
760.5200 	DATA 	Keypress: 4
760.5365 	EXP 	unnamed ShapeStim: vertices = <class 'numpy.ndarray'>
762.7588 	DATA 	Keypress: 4
762.7877 	EXP 	unnamed ShapeStim: vertices = <class 'numpy.ndarray'>
764.7263 	DATA 	Keypress: 4
764.7548 	EXP 	unnamed ShapeStim: vertices = <class 'numpy.ndarray'>
767.0296 	EXP 	Sound  started
767.0305 	DATA 	Keypress: rctrl
767.5889 	DATA 	Keypress: lctrl
767.7795 	EXP 	Sound  started
768.3249 	DATA 	Keypress: rctrl
768.5295 	EXP 	Sound  started
769.1410 	DATA 	Keypress: lctrl
769.2795 	EXP 	Sound  started
769.8768 	DATA 	Keypress: rctrl
770.0295 	EXP 	Sound  started
770.6608 	DATA 	Keypress: lctrl
770.7795 	EXP 	Sound  started
771.3489 	DATA 	Keypress: lctrl
771.5296 	EXP 	Sound  started
772.1328 	DATA 	Keypress: rctrl
772.2796 	EXP 	Sound  started
772.8048 	DATA 	Keypress: lctrl
773.0296 	EXP 	Sound  started
773.5568 	DATA 	Keypress: rctrl
773.7796 	EXP 	Sound  started
774.3249 	DATA 	Keypress: rctrl
774.5296 	EXP 	Sound  started
775.0769 	DATA 	Keypress: rctrl
775.2796 	EXP 	Sound  started
775.8128 	DATA 	Keypress: lctrl
776.0296 	EXP 	Sound  started
776.5328 	DATA 	Keypress: rctrl
776.7797 	EXP 	Sound  started
777.2688 	DATA 	Keypress: rctrl
777.5297 	EXP 	Sound  started
778.0688 	DATA 	Keypress: lctrl
778.2797 	EXP 	Sound  started
778.8209 	DATA 	Keypress: rctrl
779.0297 	EXP 	Sound  started
779.5888 	DATA 	Keypress: rctrl
779.7797 	EXP 	Sound  started
780.2450 	DATA 	Keypress: lctrl
780.5297 	EXP 	Sound  started
780.9808 	DATA 	Keypress: lctrl
781.2797 	EXP 	Sound  started
781.8288 	DATA 	Keypress: rctrl
782.0297 	EXP 	Sound  started
782.5489 	DATA 	Keypress: lctrl
782.7797 	EXP 	Sound  started
783.3808 	DATA 	Keypress: rctrl
783.5298 	EXP 	Sound  started
784.1648 	DATA 	Keypress: rctrl
784.2798 	EXP 	Sound  started
784.8368 	DATA 	Keypress: lctrl
785.0298 	EXP 	Sound  started
785.6208 	DATA 	Keypress: lctrl
785.7798 	EXP 	Sound  started
786.3888 	DATA 	Keypress: rctrl
786.5298 	EXP 	Sound  started
787.0929 	DATA 	Keypress: lctrl
787.2798 	EXP 	Sound  started
787.9250 	DATA 	Keypress: rctrl
788.0298 	EXP 	Sound  started
788.6928 	DATA 	Keypress: rctrl
788.7798 	EXP 	Sound  started
789.2211 	DATA 	Keypress: lctrl
789.5299 	EXP 	Sound  started
790.1328 	DATA 	Keypress: lctrl
790.2799 	EXP 	Sound  started
790.8368 	DATA 	Keypress: lctrl
791.0299 	EXP 	Sound  started
791.6368 	DATA 	Keypress: lctrl
791.7799 	EXP 	Sound  started
792.4050 	DATA 	Keypress: lctrl
792.5299 	EXP 	Sound  started
793.2209 	DATA 	Keypress: lctrl
793.2799 	EXP 	Sound  started
794.0299 	EXP 	Sound  started
794.0528 	DATA 	Keypress: lctrl
794.7408 	DATA 	Keypress: rctrl
794.7800 	EXP 	Sound  started
795.5300 	EXP 	Sound  started
795.5888 	DATA 	Keypress: rctrl
796.1648 	DATA 	Keypress: lctrl
796.2800 	EXP 	Sound  started
797.0129 	DATA 	Keypress: lctrl
797.0300 	EXP 	Sound  started
797.7800 	EXP 	Sound  started
797.7808 	DATA 	Keypress: rctrl
798.5169 	DATA 	Keypress: rctrl
798.5300 	EXP 	Sound  started
799.2209 	DATA 	Keypress: rctrl
799.2800 	EXP 	Sound  started
799.9408 	DATA 	Keypress: lctrl
800.0300 	EXP 	Sound  started
800.6289 	DATA 	Keypress: rctrl
800.7801 	EXP 	Sound  started
801.4129 	DATA 	Keypress: lctrl
801.5301 	EXP 	Sound  started
802.1809 	DATA 	Keypress: lctrl
802.2801 	EXP 	Sound  started
802.9009 	DATA 	Keypress: rctrl
803.0301 	EXP 	Sound  started
803.7168 	DATA 	Keypress: rctrl
803.7801 	EXP 	Sound  started
804.4210 	DATA 	Keypress: rctrl
804.5301 	EXP 	Sound  started
805.1570 	DATA 	Keypress: rctrl
805.2801 	EXP 	Sound  started
805.8608 	DATA 	Keypress: lctrl
806.0302 	EXP 	Sound  started
806.5808 	DATA 	Keypress: lctrl
806.7802 	EXP 	Sound  started
807.3969 	DATA 	Keypress: lctrl
807.5302 	EXP 	Sound  started
808.1169 	DATA 	Keypress: lctrl
808.2802 	EXP 	Sound  started
808.9168 	DATA 	Keypress: lctrl
809.0302 	EXP 	Sound  started
809.7488 	DATA 	Keypress: rctrl
809.7802 	EXP 	Sound  started
810.4208 	DATA 	Keypress: lctrl
810.5302 	EXP 	Sound  started
811.2209 	DATA 	Keypress: lctrl
811.2802 	EXP 	Sound  started
812.0303 	EXP 	Sound  started
812.0528 	DATA 	Keypress: rctrl
812.7408 	DATA 	Keypress: rctrl
812.7803 	EXP 	Sound  started
813.4288 	DATA 	Keypress: rctrl
813.5303 	EXP 	Sound  started
814.0848 	DATA 	Keypress: rctrl
814.2803 	EXP 	Sound  started
814.8208 	DATA 	Keypress: rctrl
815.0303 	EXP 	Sound  started
815.6049 	DATA 	Keypress: rctrl
815.7803 	EXP 	Sound  started
816.3408 	DATA 	Keypress: lctrl
816.5303 	EXP 	Sound  started
817.1569 	DATA 	Keypress: lctrl
817.2803 	EXP 	Sound  started
817.9249 	DATA 	Keypress: lctrl
818.0304 	EXP 	Sound  started
818.7088 	DATA 	Keypress: lctrl
818.7804 	EXP 	Sound  started
819.5249 	DATA 	Keypress: lctrl
819.5304 	EXP 	Sound  started
820.1328 	DATA 	Keypress: rctrl
820.2804 	EXP 	Sound  started
820.8528 	DATA 	Keypress: rctrl
821.0304 	EXP 	Sound  started
821.4128 	DATA 	Keypress: lctrl
821.7804 	EXP 	Sound  started
822.2929 	DATA 	Keypress: rctrl
822.5305 	EXP 	Sound  started
823.1889 	DATA 	Keypress: lctrl
823.2804 	EXP 	Sound  started
823.8929 	DATA 	Keypress: rctrl
824.0305 	EXP 	Sound  started
824.6449 	DATA 	Keypress: lctrl
824.7805 	EXP 	Sound  started
825.3968 	DATA 	Keypress: rctrl
825.5305 	EXP 	Sound  started
826.1809 	DATA 	Keypress: lctrl
829.1608 	DATA 	Keypress: 3
829.1769 	EXP 	unnamed ShapeStim: vertices = <class 'numpy.ndarray'>
832.8788 	DATA 	Keypress: 4
832.8950 	EXP 	unnamed ShapeStim: vertices = <class 'numpy.ndarray'>
836.9854 	DATA 	Keypress: 3
837.0134 	EXP 	unnamed ShapeStim: vertices = <class 'numpy.ndarray'>
839.2930 	DATA 	Keypress: rctrl
1043.9410 	DATA 	Keypress: return
1044.0899 	EXP 	window1: mouseVisible = True
