16.7396 	WARNING 	User requested fullscreen with size [1024  768], but screen is actually [1920, 1200]. Using actual size
17.5559 	EXP 	Created window1 = Window(allowGUI=False, allowStencil=False, autoLog=True, backendConf=UNKNOWN, bitsMode=UNKNOWN, blendMode='avg', bpc=(8, 8, 8), color=array([0, 0, 0]), colorSpace='rgb', depthBits=8, fullscr=<method-wrapper '__getattribute__' of attributeSetter object at 0x000002CF023C6780>, gamma=None, gammaErrorPolicy='raise', lms=UNKNOWN, monitor=<psychopy.monitors.calibTools.Monitor object at 0x000002CF03DC5080>, multiSample=False, name='window1', numSamples=2, pos=[0.0, 0.0], screen=0, size=array([1920, 1200]), stencilBits=0, stereo=False, units='norm', useFBO=True, useRetina=False, viewOri=0.0, viewPos=None, viewScale=None, waitBlanking=True, winType='pyglet')
17.5562 	EXP 	window1: mouseVisible = True
17.5563 	EXP 	window1: mouseVisible = False
17.5563 	EXP 	window1: recordFrameIntervals = False
17.7224 	EXP 	window1: recordFrameIntervals = True
17.9060 	EXP 	window1: recordFrameIntervals = False
17.9624 	EXP 	Created text = TextStim(__class__=<class 'psychopy.visual.text.TextStim'>, alignHoriz=method-wrapper(...), alignText='center', alignVert=method-wrapper(...), anchorHoriz='center', anchorVert='center', antialias=True, autoLog=True, bold=False, color=array([1., 1., 1.]), colorSpace='rgb', contrast=1.0, depth=0.0, flipHoriz=False, flipVert=False, font='Arial', fontFiles=[], height=0.15, italic=False, languageStyle='LTR', name='text', opacity=1, ori=0, pos=array([0., 0.]), rgb=UNKNOWN, text='+', units='norm', win=Window(...), wrapWidth=1)
17.9824 	EXP 	Created text = TextStim(__class__=<class 'psychopy.visual.text.TextStim'>, alignHoriz=method-wrapper(...), alignText='center', alignVert=method-wrapper(...), anchorHoriz='center', anchorVert='center', antialias=True, autoLog=True, bold=False, color=array([1., 1., 1.]), colorSpace='rgb', contrast=1.0, depth=0.0, flipHoriz=False, flipVert=False, font='Arial', fontFiles=[], height=0.07, italic=False, languageStyle='LTR', name='text', opacity=1, ori=0, pos=array([0., 0.]), rgb=UNKNOWN, text=str(...), units='norm', win=Window(...), wrapWidth=1.65)
17.9916 	EXP 	Created text = TextStim(__class__=<class 'psychopy.visual.text.TextStim'>, alignHoriz=method-wrapper(...), alignText='center', alignVert=method-wrapper(...), anchorHoriz='center', anchorVert='center', antialias=True, autoLog=True, bold=False, color=array([1., 1., 1.]), colorSpace='rgb', contrast=1.0, depth=0.0, flipHoriz=False, flipVert=False, font='Arial', fontFiles=[], height=0.07, italic=False, languageStyle='LTR', name='text', opacity=1, ori=0, pos=array([0., 0.]), rgb=UNKNOWN, text=str(...), units='norm', win=Window(...), wrapWidth=1.65)
18.0006 	EXP 	Created text = TextStim(__class__=<class 'psychopy.visual.text.TextStim'>, alignHoriz=method-wrapper(...), alignText='center', alignVert=method-wrapper(...), anchorHoriz='center', anchorVert='center', antialias=True, autoLog=True, bold=False, color=array([1., 1., 1.]), colorSpace='rgb', contrast=1.0, depth=0.0, flipHoriz=False, flipVert=False, font='Arial', fontFiles=[], height=0.07, italic=False, languageStyle='LTR', name='text', opacity=1, ori=0, pos=array([0., 0.]), rgb=UNKNOWN, text=str(...), units='norm', win=Window(...), wrapWidth=1.65)
18.0105 	EXP 	Created text = TextStim(__class__=<class 'psychopy.visual.text.TextStim'>, alignHoriz=method-wrapper(...), alignText='center', alignVert=method-wrapper(...), anchorHoriz='center', anchorVert='center', antialias=True, autoLog=True, bold=False, color=array([1., 1., 1.]), colorSpace='rgb', contrast=1.0, depth=0.0, flipHoriz=False, flipVert=False, font='Arial', fontFiles=[], height=0.07, italic=False, languageStyle='LTR', name='text', opacity=1, ori=0, pos=array([0., 0.]), rgb=UNKNOWN, text=str(...), units='norm', win=Window(...), wrapWidth=1.65)
18.0162 	EXP 	Created text = TextStim(__class__=<class 'psychopy.visual.text.TextStim'>, alignHoriz=method-wrapper(...), alignText='center', alignVert=method-wrapper(...), anchorHoriz='center', anchorVert='center', antialias=True, autoLog=True, bold=False, color=array([1., 1., 1.]), colorSpace='rgb', contrast=1.0, depth=0.0, flipHoriz=False, flipVert=False, font='Arial', fontFiles=[], height=0.07, italic=False, languageStyle='LTR', name='text', opacity=1, ori=0, pos=array([0., 0.]), rgb=UNKNOWN, text=str(...), units='norm', win=Window(...), wrapWidth=1.65)
18.0301 	EXP 	Created text = TextStim(__class__=<class 'psychopy.visual.text.TextStim'>, alignHoriz=method-wrapper(...), alignText='center', alignVert=method-wrapper(...), anchorHoriz='center', anchorVert='center', antialias=True, autoLog=True, bold=False, color=array([1., 1., 1.]), colorSpace='rgb', contrast=1.0, depth=0.0, flipHoriz=False, flipVert=False, font='Arial', fontFiles=[], height=0.15, italic=False, languageStyle='LTR', name='text', opacity=1, ori=0, pos=array([0., 0.]), rgb=UNKNOWN, text=str(...), units='norm', win=Window(...), wrapWidth=1.65)
18.0604 	EXP 	Created text = TextStim(__class__=<class 'psychopy.visual.text.TextStim'>, alignHoriz=method-wrapper(...), alignText='center', alignVert=method-wrapper(...), anchorHoriz='center', anchorVert='center', antialias=True, autoLog=True, bold=False, color=array([1., 1., 1.]), colorSpace='rgb', contrast=1.0, depth=0.0, flipHoriz=False, flipVert=False, font='Arial', fontFiles=[], height=0.07, italic=False, languageStyle='LTR', name='text', opacity=1, ori=0, pos=array([0., 0.]), rgb=UNKNOWN, text=str(...), units='norm', win=Window(...), wrapWidth=1.65)
18.0813 	EXP 	Created text = TextStim(__class__=<class 'psychopy.visual.text.TextStim'>, alignHoriz=method-wrapper(...), alignText='center', alignVert=method-wrapper(...), anchorHoriz='center', anchorVert='center', antialias=True, autoLog=True, bold=False, color=array([1., 1., 1.]), colorSpace='rgb', contrast=1.0, depth=0.0, flipHoriz=False, flipVert=False, font='Arial', fontFiles=[], height=0.07, italic=False, languageStyle='LTR', name='text', opacity=1, ori=0, pos=array([0., 0.]), rgb=UNKNOWN, text=str(...), units='norm', win=Window(...), wrapWidth=1.65)
18.1114 	EXP 	Created text = TextStim(__class__=<class 'psychopy.visual.text.TextStim'>, alignHoriz=method-wrapper(...), alignText='center', alignVert=method-wrapper(...), anchorHoriz='center', anchorVert='center', antialias=True, autoLog=True, bold=False, color=array([1., 1., 1.]), colorSpace='rgb', contrast=1.0, depth=0.0, flipHoriz=False, flipVert=False, font='Arial', fontFiles=[], height=0.07, italic=False, languageStyle='LTR', name='text', opacity=1, ori=0, pos=array([0., 0.]), rgb=UNKNOWN, text=str(...), units='norm', win=Window(...), wrapWidth=1.65)
18.1348 	EXP 	Created text = TextStim(__class__=<class 'psychopy.visual.text.TextStim'>, alignHoriz=method-wrapper(...), alignText='center', alignVert=method-wrapper(...), anchorHoriz='center', anchorVert='center', antialias=True, autoLog=True, bold=False, color=array([1., 1., 1.]), colorSpace='rgb', contrast=1.0, depth=0.0, flipHoriz=False, flipVert=False, font='Arial', fontFiles=[], height=0.07, italic=False, languageStyle='LTR', name='text', opacity=1, ori=0, pos=array([0., 0.]), rgb=UNKNOWN, text=str(...), units='norm', win=Window(...), wrapWidth=1.65)
18.1643 	EXP 	Created text = TextStim(__class__=<class 'psychopy.visual.text.TextStim'>, alignHoriz=method-wrapper(...), alignText='center', alignVert=method-wrapper(...), anchorHoriz='center', anchorVert='center', antialias=True, autoLog=True, bold=False, color=array([1., 1., 1.]), colorSpace='rgb', contrast=1.0, depth=0.0, flipHoriz=False, flipVert=False, font='Arial', fontFiles=[], height=0.07, italic=False, languageStyle='LTR', name='text', opacity=1, ori=0, pos=array([0., 0.]), rgb=UNKNOWN, text=str(...), units='norm', win=Window(...), wrapWidth=1.65)
18.1748 	EXP 	Created text = TextStim(__class__=<class 'psychopy.visual.text.TextStim'>, alignHoriz=method-wrapper(...), alignText='center', alignVert=method-wrapper(...), anchorHoriz='center', anchorVert='center', antialias=True, autoLog=True, bold=False, color=array([1., 1., 1.]), colorSpace='rgb', contrast=1.0, depth=0.0, flipHoriz=False, flipVert=False, font='Arial', fontFiles=[], height=0.07, italic=False, languageStyle='LTR', name='text', opacity=1, ori=0, pos=array([0., 0.]), rgb=UNKNOWN, text=str(...), units='norm', win=Window(...), wrapWidth=1.65)
18.1871 	EXP 	Created text = TextStim(__class__=<class 'psychopy.visual.text.TextStim'>, alignHoriz=method-wrapper(...), alignText='center', alignVert=method-wrapper(...), anchorHoriz='center', anchorVert='center', antialias=True, autoLog=True, bold=False, color=array([1., 1., 1.]), colorSpace='rgb', contrast=1.0, depth=0.0, flipHoriz=False, flipVert=False, font='Arial', fontFiles=[], height=0.07, italic=False, languageStyle='LTR', name='text', opacity=1, ori=0, pos=array([0., 0.]), rgb=UNKNOWN, text=str(...), units='norm', win=Window(...), wrapWidth=1.65)
18.1915 	EXP 	Created instru = TextStim(__class__=<class 'psychopy.visual.text.TextStim'>, alignHoriz=method-wrapper(...), alignText='center', alignVert=method-wrapper(...), anchorHoriz='center', anchorVert='center', antialias=True, autoLog=True, bold=False, color=array([1., 1., 1.]), colorSpace='rgb', contrast=1.0, depth=0.0, flipHoriz=False, flipVert=False, font='Arial', fontFiles=[], height=0.07, italic=False, languageStyle='LTR', name='instru', opacity=1, ori=0, pos=array([0. , 0.5]), rgb=UNKNOWN, text=str(...), units='norm', win=Window(...), wrapWidth=1)
18.1940 	EXP 	Created unnamed Line = Line(__class__=<class 'psychopy.visual.line.Line'>, autoDraw=False, autoLog=True, closeShape=False, color=array([1., 1., 1.]), colorSpace='rgb', contrast=None, depth=0, fillColor=array([0, 0, 0]), fillColorSpace='rgb', fillRGB=array([0, 0, 0]), interpolate=True, lineColor=array([1., 1., 1.]), lineColorSpace='rgb', lineRGB=array([1, 1, 1]), lineWidth=5, name='unnamed Line', opacity=0.5, ori=0.0, pos=array([0., 0.]), size=array([1., 1.]), units='norm', vertices=array([[-0.5,  0. ],
       [ 0.5,  0. ]]), win=Window(...), windingRule=None)
18.1960 	EXP 	Created unnamed Line = Line(__class__=<class 'psychopy.visual.line.Line'>, autoDraw=False, autoLog=True, closeShape=False, color=array([1., 1., 1.]), colorSpace='rgb', contrast=None, depth=0, fillColor=array([0, 0, 0]), fillColorSpace='rgb', fillRGB=array([0, 0, 0]), interpolate=True, lineColor=array([1., 1., 1.]), lineColorSpace='rgb', lineRGB=array([1, 1, 1]), lineWidth=3, name='unnamed Line', opacity=0.5, ori=0.0, pos=array([0., 0.]), size=array([1., 1.]), units='norm', vertices=array([[-0.5 , -0.05],
       [-0.5 ,  0.05]]), win=Window(...), windingRule=None)
18.1980 	EXP 	Created unnamed Line = Line(__class__=<class 'psychopy.visual.line.Line'>, autoDraw=False, autoLog=True, closeShape=False, color=array([1., 1., 1.]), colorSpace='rgb', contrast=None, depth=0, fillColor=array([0, 0, 0]), fillColorSpace='rgb', fillRGB=array([0, 0, 0]), interpolate=True, lineColor=array([1., 1., 1.]), lineColorSpace='rgb', lineRGB=array([1, 1, 1]), lineWidth=3, name='unnamed Line', opacity=0.5, ori=0.0, pos=array([0., 0.]), size=array([1., 1.]), units='norm', vertices=ndarray(...), win=Window(...), windingRule=None)
18.2000 	EXP 	Created unnamed Line = Line(__class__=<class 'psychopy.visual.line.Line'>, autoDraw=False, autoLog=True, closeShape=False, color=array([1., 1., 1.]), colorSpace='rgb', contrast=None, depth=0, fillColor=array([0, 0, 0]), fillColorSpace='rgb', fillRGB=array([0, 0, 0]), interpolate=True, lineColor=array([1., 1., 1.]), lineColorSpace='rgb', lineRGB=array([1, 1, 1]), lineWidth=3, name='unnamed Line', opacity=0.5, ori=0.0, pos=array([0., 0.]), size=array([1., 1.]), units='norm', vertices=ndarray(...), win=Window(...), windingRule=None)
18.2020 	EXP 	Created unnamed Line = Line(__class__=<class 'psychopy.visual.line.Line'>, autoDraw=False, autoLog=True, closeShape=False, color=array([1., 1., 1.]), colorSpace='rgb', contrast=None, depth=0, fillColor=array([0, 0, 0]), fillColorSpace='rgb', fillRGB=array([0, 0, 0]), interpolate=True, lineColor=array([1., 1., 1.]), lineColorSpace='rgb', lineRGB=array([1, 1, 1]), lineWidth=3, name='unnamed Line', opacity=0.5, ori=0.0, pos=array([0., 0.]), size=array([1., 1.]), units='norm', vertices=array([[ 0.5 , -0.05],
       [ 0.5 ,  0.05]]), win=Window(...), windingRule=None)
18.2148 	EXP 	Created unnamed TextStim = TextStim(__class__=<class 'psychopy.visual.text.TextStim'>, alignHoriz=method-wrapper(...), alignText='center', alignVert=method-wrapper(...), anchorHoriz='center', anchorVert='center', antialias=True, autoLog=True, bold=False, color=array([1., 1., 1.]), colorSpace='rgb', contrast=1.0, depth=0, flipHoriz=False, flipVert=False, font='', fontFiles=[], height=0.05, italic=False, languageStyle='LTR', name='unnamed TextStim', opacity=1.0, ori=0.0, pos=array([-0.5, -0.1]), rgb=UNKNOWN, text='Helt klart \n IKKE FOKUSERT', units='norm', win=Window(...), wrapWidth=1)
18.2160 	EXP 	Created unnamed TextStim = TextStim(__class__=<class 'psychopy.visual.text.TextStim'>, alignHoriz=method-wrapper(...), alignText='center', alignVert=method-wrapper(...), anchorHoriz='center', anchorVert='center', antialias=True, autoLog=True, bold=False, color=array([1., 1., 1.]), colorSpace='rgb', contrast=1.0, depth=0, flipHoriz=False, flipVert=False, font='', fontFiles=[], height=0.05, italic=False, languageStyle='LTR', name='unnamed TextStim', opacity=1.0, ori=0.0, pos=array([-0.16666667, -0.1       ]), rgb=UNKNOWN, text='', units='norm', win=Window(...), wrapWidth=1)
18.2171 	EXP 	Created unnamed TextStim = TextStim(__class__=<class 'psychopy.visual.text.TextStim'>, alignHoriz=method-wrapper(...), alignText='center', alignVert=method-wrapper(...), anchorHoriz='center', anchorVert='center', antialias=True, autoLog=True, bold=False, color=array([1., 1., 1.]), colorSpace='rgb', contrast=1.0, depth=0, flipHoriz=False, flipVert=False, font='', fontFiles=[], height=0.05, italic=False, languageStyle='LTR', name='unnamed TextStim', opacity=1.0, ori=0.0, pos=array([ 0.16666667, -0.1       ]), rgb=UNKNOWN, text='', units='norm', win=Window(...), wrapWidth=1)
18.2209 	EXP 	Created unnamed TextStim = TextStim(__class__=<class 'psychopy.visual.text.TextStim'>, alignHoriz=method-wrapper(...), alignText='center', alignVert=method-wrapper(...), anchorHoriz='center', anchorVert='center', antialias=True, autoLog=True, bold=False, color=array([1., 1., 1.]), colorSpace='rgb', contrast=1.0, depth=0, flipHoriz=False, flipVert=False, font='', fontFiles=[], height=0.05, italic=False, languageStyle='LTR', name='unnamed TextStim', opacity=1.0, ori=0.0, pos=array([ 0.5, -0.1]), rgb=UNKNOWN, text='Helt klart \n FOKUSERT', units='norm', win=Window(...), wrapWidth=1)
18.2230 	EXP 	Created unnamed ShapeStim = ShapeStim(__class__=<class 'psychopy.visual.shape.ShapeStim'>, autoDraw=False, autoLog=True, closeShape=True, color=method-wrapper(...), colorSpace='rgb', contrast=None, depth=0, fillColor=array([1, 1, 1]), fillColorSpace='rgb', fillRGB=array([1, 1, 1]), interpolate=True, lineColor=array([-1., -1., -1.]), lineColorSpace='rgb', lineRGB=array([-1, -1, -1]), lineWidth=1.5, name='unnamed ShapeStim', opacity=1.0, ori=0.0, pos=array([0., 0.]), size=array([1., 1.]), units='norm', vertices=ndarray(...), win=Window(...), windingRule=None)
18.2309 	EXP 	Created instru = TextStim(__class__=<class 'psychopy.visual.text.TextStim'>, alignHoriz=method-wrapper(...), alignText='center', alignVert=method-wrapper(...), anchorHoriz='center', anchorVert='center', antialias=True, autoLog=True, bold=False, color=array([1., 1., 1.]), colorSpace='rgb', contrast=1.0, depth=0.0, flipHoriz=False, flipVert=False, font='Arial', fontFiles=[], height=0.07, italic=False, languageStyle='LTR', name='instru', opacity=1, ori=0, pos=array([0. , 0.5]), rgb=UNKNOWN, text=str(...), units='norm', win=Window(...), wrapWidth=1)
18.2330 	EXP 	Created unnamed Line = Line(__class__=<class 'psychopy.visual.line.Line'>, autoDraw=False, autoLog=True, closeShape=False, color=array([1., 1., 1.]), colorSpace='rgb', contrast=None, depth=0, fillColor=array([0, 0, 0]), fillColorSpace='rgb', fillRGB=array([0, 0, 0]), interpolate=True, lineColor=array([1., 1., 1.]), lineColorSpace='rgb', lineRGB=array([1, 1, 1]), lineWidth=5, name='unnamed Line', opacity=0.5, ori=0.0, pos=array([0., 0.]), size=array([1., 1.]), units='norm', vertices=array([[-0.5,  0. ],
       [ 0.5,  0. ]]), win=Window(...), windingRule=None)
18.2351 	EXP 	Created unnamed Line = Line(__class__=<class 'psychopy.visual.line.Line'>, autoDraw=False, autoLog=True, closeShape=False, color=array([1., 1., 1.]), colorSpace='rgb', contrast=None, depth=0, fillColor=array([0, 0, 0]), fillColorSpace='rgb', fillRGB=array([0, 0, 0]), interpolate=True, lineColor=array([1., 1., 1.]), lineColorSpace='rgb', lineRGB=array([1, 1, 1]), lineWidth=3, name='unnamed Line', opacity=0.5, ori=0.0, pos=array([0., 0.]), size=array([1., 1.]), units='norm', vertices=array([[-0.5 , -0.05],
       [-0.5 ,  0.05]]), win=Window(...), windingRule=None)
18.2372 	EXP 	Created unnamed Line = Line(__class__=<class 'psychopy.visual.line.Line'>, autoDraw=False, autoLog=True, closeShape=False, color=array([1., 1., 1.]), colorSpace='rgb', contrast=None, depth=0, fillColor=array([0, 0, 0]), fillColorSpace='rgb', fillRGB=array([0, 0, 0]), interpolate=True, lineColor=array([1., 1., 1.]), lineColorSpace='rgb', lineRGB=array([1, 1, 1]), lineWidth=3, name='unnamed Line', opacity=0.5, ori=0.0, pos=array([0., 0.]), size=array([1., 1.]), units='norm', vertices=ndarray(...), win=Window(...), windingRule=None)
18.2392 	EXP 	Created unnamed Line = Line(__class__=<class 'psychopy.visual.line.Line'>, autoDraw=False, autoLog=True, closeShape=False, color=array([1., 1., 1.]), colorSpace='rgb', contrast=None, depth=0, fillColor=array([0, 0, 0]), fillColorSpace='rgb', fillRGB=array([0, 0, 0]), interpolate=True, lineColor=array([1., 1., 1.]), lineColorSpace='rgb', lineRGB=array([1, 1, 1]), lineWidth=3, name='unnamed Line', opacity=0.5, ori=0.0, pos=array([0., 0.]), size=array([1., 1.]), units='norm', vertices=ndarray(...), win=Window(...), windingRule=None)
18.2412 	EXP 	Created unnamed Line = Line(__class__=<class 'psychopy.visual.line.Line'>, autoDraw=False, autoLog=True, closeShape=False, color=array([1., 1., 1.]), colorSpace='rgb', contrast=None, depth=0, fillColor=array([0, 0, 0]), fillColorSpace='rgb', fillRGB=array([0, 0, 0]), interpolate=True, lineColor=array([1., 1., 1.]), lineColorSpace='rgb', lineRGB=array([1, 1, 1]), lineWidth=3, name='unnamed Line', opacity=0.5, ori=0.0, pos=array([0., 0.]), size=array([1., 1.]), units='norm', vertices=array([[ 0.5 , -0.05],
       [ 0.5 ,  0.05]]), win=Window(...), windingRule=None)
18.2472 	EXP 	Created unnamed TextStim = TextStim(__class__=<class 'psychopy.visual.text.TextStim'>, alignHoriz=method-wrapper(...), alignText='center', alignVert=method-wrapper(...), anchorHoriz='center', anchorVert='center', antialias=True, autoLog=True, bold=False, color=array([1., 1., 1.]), colorSpace='rgb', contrast=1.0, depth=0, flipHoriz=False, flipVert=False, font='', fontFiles=[], height=0.05, italic=False, languageStyle='LTR', name='unnamed TextStim', opacity=1.0, ori=0.0, pos=array([-0.5, -0.1]), rgb=UNKNOWN, text='Helt klart \n INGENTING', units='norm', win=Window(...), wrapWidth=1)
18.2483 	EXP 	Created unnamed TextStim = TextStim(__class__=<class 'psychopy.visual.text.TextStim'>, alignHoriz=method-wrapper(...), alignText='center', alignVert=method-wrapper(...), anchorHoriz='center', anchorVert='center', antialias=True, autoLog=True, bold=False, color=array([1., 1., 1.]), colorSpace='rgb', contrast=1.0, depth=0, flipHoriz=False, flipVert=False, font='', fontFiles=[], height=0.05, italic=False, languageStyle='LTR', name='unnamed TextStim', opacity=1.0, ori=0.0, pos=array([-0.16666667, -0.1       ]), rgb=UNKNOWN, text='', units='norm', win=Window(...), wrapWidth=1)
18.2494 	EXP 	Created unnamed TextStim = TextStim(__class__=<class 'psychopy.visual.text.TextStim'>, alignHoriz=method-wrapper(...), alignText='center', alignVert=method-wrapper(...), anchorHoriz='center', anchorVert='center', antialias=True, autoLog=True, bold=False, color=array([1., 1., 1.]), colorSpace='rgb', contrast=1.0, depth=0, flipHoriz=False, flipVert=False, font='', fontFiles=[], height=0.05, italic=False, languageStyle='LTR', name='unnamed TextStim', opacity=1.0, ori=0.0, pos=array([ 0.16666667, -0.1       ]), rgb=UNKNOWN, text='', units='norm', win=Window(...), wrapWidth=1)
18.2528 	EXP 	Created unnamed TextStim = TextStim(__class__=<class 'psychopy.visual.text.TextStim'>, alignHoriz=method-wrapper(...), alignText='center', alignVert=method-wrapper(...), anchorHoriz='center', anchorVert='center', antialias=True, autoLog=True, bold=False, color=array([1., 1., 1.]), colorSpace='rgb', contrast=1.0, depth=0, flipHoriz=False, flipVert=False, font='', fontFiles=[], height=0.05, italic=False, languageStyle='LTR', name='unnamed TextStim', opacity=1.0, ori=0.0, pos=array([ 0.5, -0.1]), rgb=UNKNOWN, text='Helt klart \n NOE', units='norm', win=Window(...), wrapWidth=1)
18.2547 	EXP 	Created unnamed ShapeStim = ShapeStim(__class__=<class 'psychopy.visual.shape.ShapeStim'>, autoDraw=False, autoLog=True, closeShape=True, color=method-wrapper(...), colorSpace='rgb', contrast=None, depth=0, fillColor=array([1, 1, 1]), fillColorSpace='rgb', fillRGB=array([1, 1, 1]), interpolate=True, lineColor=array([-1., -1., -1.]), lineColorSpace='rgb', lineRGB=array([-1, -1, -1]), lineWidth=1.5, name='unnamed ShapeStim', opacity=1.0, ori=0.0, pos=array([0., 0.]), size=array([1., 1.]), units='norm', vertices=ndarray(...), win=Window(...), windingRule=None)
18.2617 	EXP 	Created instru = TextStim(__class__=<class 'psychopy.visual.text.TextStim'>, alignHoriz=method-wrapper(...), alignText='center', alignVert=method-wrapper(...), anchorHoriz='center', anchorVert='center', antialias=True, autoLog=True, bold=False, color=array([1., 1., 1.]), colorSpace='rgb', contrast=1.0, depth=0.0, flipHoriz=False, flipVert=False, font='Arial', fontFiles=[], height=0.07, italic=False, languageStyle='LTR', name='instru', opacity=1, ori=0, pos=array([0. , 0.5]), rgb=UNKNOWN, text=str(...), units='norm', win=Window(...), wrapWidth=1)
18.2637 	EXP 	Created unnamed Line = Line(__class__=<class 'psychopy.visual.line.Line'>, autoDraw=False, autoLog=True, closeShape=False, color=array([1., 1., 1.]), colorSpace='rgb', contrast=None, depth=0, fillColor=array([0, 0, 0]), fillColorSpace='rgb', fillRGB=array([0, 0, 0]), interpolate=True, lineColor=array([1., 1., 1.]), lineColorSpace='rgb', lineRGB=array([1, 1, 1]), lineWidth=5, name='unnamed Line', opacity=0.5, ori=0.0, pos=array([0., 0.]), size=array([1., 1.]), units='norm', vertices=array([[-0.5,  0. ],
       [ 0.5,  0. ]]), win=Window(...), windingRule=None)
18.2657 	EXP 	Created unnamed Line = Line(__class__=<class 'psychopy.visual.line.Line'>, autoDraw=False, autoLog=True, closeShape=False, color=array([1., 1., 1.]), colorSpace='rgb', contrast=None, depth=0, fillColor=array([0, 0, 0]), fillColorSpace='rgb', fillRGB=array([0, 0, 0]), interpolate=True, lineColor=array([1., 1., 1.]), lineColorSpace='rgb', lineRGB=array([1, 1, 1]), lineWidth=3, name='unnamed Line', opacity=0.5, ori=0.0, pos=array([0., 0.]), size=array([1., 1.]), units='norm', vertices=array([[-0.5 , -0.05],
       [-0.5 ,  0.05]]), win=Window(...), windingRule=None)
18.2677 	EXP 	Created unnamed Line = Line(__class__=<class 'psychopy.visual.line.Line'>, autoDraw=False, autoLog=True, closeShape=False, color=array([1., 1., 1.]), colorSpace='rgb', contrast=None, depth=0, fillColor=array([0, 0, 0]), fillColorSpace='rgb', fillRGB=array([0, 0, 0]), interpolate=True, lineColor=array([1., 1., 1.]), lineColorSpace='rgb', lineRGB=array([1, 1, 1]), lineWidth=3, name='unnamed Line', opacity=0.5, ori=0.0, pos=array([0., 0.]), size=array([1., 1.]), units='norm', vertices=ndarray(...), win=Window(...), windingRule=None)
18.2697 	EXP 	Created unnamed Line = Line(__class__=<class 'psychopy.visual.line.Line'>, autoDraw=False, autoLog=True, closeShape=False, color=array([1., 1., 1.]), colorSpace='rgb', contrast=None, depth=0, fillColor=array([0, 0, 0]), fillColorSpace='rgb', fillRGB=array([0, 0, 0]), interpolate=True, lineColor=array([1., 1., 1.]), lineColorSpace='rgb', lineRGB=array([1, 1, 1]), lineWidth=3, name='unnamed Line', opacity=0.5, ori=0.0, pos=array([0., 0.]), size=array([1., 1.]), units='norm', vertices=ndarray(...), win=Window(...), windingRule=None)
18.2717 	EXP 	Created unnamed Line = Line(__class__=<class 'psychopy.visual.line.Line'>, autoDraw=False, autoLog=True, closeShape=False, color=array([1., 1., 1.]), colorSpace='rgb', contrast=None, depth=0, fillColor=array([0, 0, 0]), fillColorSpace='rgb', fillRGB=array([0, 0, 0]), interpolate=True, lineColor=array([1., 1., 1.]), lineColorSpace='rgb', lineRGB=array([1, 1, 1]), lineWidth=3, name='unnamed Line', opacity=0.5, ori=0.0, pos=array([0., 0.]), size=array([1., 1.]), units='norm', vertices=array([[ 0.5 , -0.05],
       [ 0.5 ,  0.05]]), win=Window(...), windingRule=None)
18.2768 	EXP 	Created unnamed TextStim = TextStim(__class__=<class 'psychopy.visual.text.TextStim'>, alignHoriz=method-wrapper(...), alignText='center', alignVert=method-wrapper(...), anchorHoriz='center', anchorVert='center', antialias=True, autoLog=True, bold=False, color=array([1., 1., 1.]), colorSpace='rgb', contrast=1.0, depth=0, flipHoriz=False, flipVert=False, font='', fontFiles=[], height=0.05, italic=False, languageStyle='LTR', name='unnamed TextStim', opacity=1.0, ori=0.0, pos=array([-0.5, -0.1]), rgb=UNKNOWN, text='Helt klart \n SPONTAN', units='norm', win=Window(...), wrapWidth=1)
18.2779 	EXP 	Created unnamed TextStim = TextStim(__class__=<class 'psychopy.visual.text.TextStim'>, alignHoriz=method-wrapper(...), alignText='center', alignVert=method-wrapper(...), anchorHoriz='center', anchorVert='center', antialias=True, autoLog=True, bold=False, color=array([1., 1., 1.]), colorSpace='rgb', contrast=1.0, depth=0, flipHoriz=False, flipVert=False, font='', fontFiles=[], height=0.05, italic=False, languageStyle='LTR', name='unnamed TextStim', opacity=1.0, ori=0.0, pos=array([-0.16666667, -0.1       ]), rgb=UNKNOWN, text='', units='norm', win=Window(...), wrapWidth=1)
18.2789 	EXP 	Created unnamed TextStim = TextStim(__class__=<class 'psychopy.visual.text.TextStim'>, alignHoriz=method-wrapper(...), alignText='center', alignVert=method-wrapper(...), anchorHoriz='center', anchorVert='center', antialias=True, autoLog=True, bold=False, color=array([1., 1., 1.]), colorSpace='rgb', contrast=1.0, depth=0, flipHoriz=False, flipVert=False, font='', fontFiles=[], height=0.05, italic=False, languageStyle='LTR', name='unnamed TextStim', opacity=1.0, ori=0.0, pos=array([ 0.16666667, -0.1       ]), rgb=UNKNOWN, text='', units='norm', win=Window(...), wrapWidth=1)
18.2836 	EXP 	Created unnamed TextStim = TextStim(__class__=<class 'psychopy.visual.text.TextStim'>, alignHoriz=method-wrapper(...), alignText='center', alignVert=method-wrapper(...), anchorHoriz='center', anchorVert='center', antialias=True, autoLog=True, bold=False, color=array([1., 1., 1.]), colorSpace='rgb', contrast=1.0, depth=0, flipHoriz=False, flipVert=False, font='', fontFiles=[], height=0.05, italic=False, languageStyle='LTR', name='unnamed TextStim', opacity=1.0, ori=0.0, pos=array([ 0.5, -0.1]), rgb=UNKNOWN, text='Helt klart \n BEVISST', units='norm', win=Window(...), wrapWidth=1)
18.2855 	EXP 	Created unnamed ShapeStim = ShapeStim(__class__=<class 'psychopy.visual.shape.ShapeStim'>, autoDraw=False, autoLog=True, closeShape=True, color=method-wrapper(...), colorSpace='rgb', contrast=None, depth=0, fillColor=array([1, 1, 1]), fillColorSpace='rgb', fillRGB=array([1, 1, 1]), interpolate=True, lineColor=array([-1., -1., -1.]), lineColorSpace='rgb', lineRGB=array([-1, -1, -1]), lineWidth=1.5, name='unnamed ShapeStim', opacity=1.0, ori=0.0, pos=array([0., 0.]), size=array([1., 1.]), units='norm', vertices=ndarray(...), win=Window(...), windingRule=None)
18.3345 	EXP 	Sound  set volume 1.000
18.3690 	EXP 	unnamed ShapeStim: vertices = <class 'numpy.ndarray'>
18.3690 	EXP 	unnamed ShapeStim: vertices = <class 'numpy.ndarray'>
18.3690 	EXP 	unnamed ShapeStim: vertices = <class 'numpy.ndarray'>
69.6935 	DATA 	Keypress: rctrl
70.2153 	EXP 	Sound  started
70.7814 	DATA 	Keypress: rctrl
70.9653 	EXP 	Sound  started
71.4855 	DATA 	Keypress: rctrl
71.7153 	EXP 	Sound  started
72.3015 	DATA 	Keypress: rctrl
72.4653 	EXP 	Sound  started
73.0215 	DATA 	Keypress: rctrl
73.2153 	EXP 	Sound  started
73.7575 	DATA 	Keypress: lctrl
73.9653 	EXP 	Sound  started
74.5575 	DATA 	Keypress: lctrl
74.7153 	EXP 	Sound  started
75.3255 	DATA 	Keypress: rctrl
75.4654 	EXP 	Sound  started
76.0774 	DATA 	Keypress: rctrl
76.2154 	EXP 	Sound  started
76.9415 	DATA 	Keypress: rctrl
76.9654 	EXP 	Sound  started
77.5175 	DATA 	Keypress: rctrl
77.7154 	EXP 	Sound  started
78.0934 	DATA 	Keypress: rctrl
78.4654 	EXP 	Sound  started
79.0695 	DATA 	Keypress: lctrl
79.2154 	EXP 	Sound  started
79.8855 	DATA 	Keypress: rctrl
79.9654 	EXP 	Sound  started
80.5735 	DATA 	Keypress: lctrl
80.7155 	EXP 	Sound  started
81.4214 	DATA 	Keypress: lctrl
81.4655 	EXP 	Sound  started
82.1575 	DATA 	Keypress: rctrl
82.2155 	EXP 	Sound  started
82.9256 	DATA 	Keypress: rctrl
82.9655 	EXP 	Sound  started
83.5815 	DATA 	Keypress: lctrl
83.7155 	EXP 	Sound  started
84.3495 	DATA 	Keypress: lctrl
84.4655 	EXP 	Sound  started
85.0854 	DATA 	Keypress: lctrl
85.2155 	EXP 	Sound  started
85.8374 	DATA 	Keypress: rctrl
85.9655 	EXP 	Sound  started
86.5254 	DATA 	Keypress: lctrl
86.7156 	EXP 	Sound  started
87.3735 	DATA 	Keypress: lctrl
87.4656 	EXP 	Sound  started
88.0934 	DATA 	Keypress: rctrl
88.2156 	EXP 	Sound  started
88.7814 	DATA 	Keypress: lctrl
88.9656 	EXP 	Sound  started
89.6614 	DATA 	Keypress: rctrl
89.7156 	EXP 	Sound  started
90.4656 	EXP 	Sound  started
90.4774 	DATA 	Keypress: rctrl
91.2136 	DATA 	Keypress: lctrl
91.2156 	EXP 	Sound  started
91.9494 	DATA 	Keypress: rctrl
91.9657 	EXP 	Sound  started
92.7157 	EXP 	Sound  started
92.7174 	DATA 	Keypress: lctrl
93.4657 	EXP 	Sound  started
93.4694 	DATA 	Keypress: lctrl
94.1415 	DATA 	Keypress: rctrl
94.2157 	EXP 	Sound  started
94.9415 	DATA 	Keypress: rctrl
94.9657 	EXP 	Sound  started
95.6774 	DATA 	Keypress: rctrl
95.7157 	EXP 	Sound  started
96.3335 	DATA 	Keypress: rctrl
96.4657 	EXP 	Sound  started
97.2158 	EXP 	Sound  started
97.9015 	DATA 	Keypress: rctrl
97.9658 	EXP 	Sound  started
98.6854 	DATA 	Keypress: rctrl
98.7158 	EXP 	Sound  started
99.4214 	DATA 	Keypress: rctrl
99.4658 	EXP 	Sound  started
100.1415 	DATA 	Keypress: rctrl
100.2158 	EXP 	Sound  started
100.9658 	EXP 	Sound  started
100.9734 	DATA 	Keypress: rctrl
101.6615 	DATA 	Keypress: rctrl
101.7158 	EXP 	Sound  started
102.3175 	DATA 	Keypress: lctrl
102.4659 	EXP 	Sound  started
103.2159 	EXP 	Sound  started
103.3094 	DATA 	Keypress: rctrl
103.9175 	DATA 	Keypress: lctrl
103.9659 	EXP 	Sound  started
104.6374 	DATA 	Keypress: rctrl
104.7159 	EXP 	Sound  started
105.2934 	DATA 	Keypress: lctrl
105.4659 	EXP 	Sound  started
106.0294 	DATA 	Keypress: rctrl
106.2159 	EXP 	Sound  started
106.8134 	DATA 	Keypress: lctrl
106.9660 	EXP 	Sound  started
107.5814 	DATA 	Keypress: rctrl
107.7160 	EXP 	Sound  started
108.3494 	DATA 	Keypress: lctrl
108.4660 	EXP 	Sound  started
109.1334 	DATA 	Keypress: rctrl
109.2160 	EXP 	Sound  started
109.9174 	DATA 	Keypress: lctrl
109.9660 	EXP 	Sound  started
110.7014 	DATA 	Keypress: rctrl
110.7160 	EXP 	Sound  started
111.4215 	DATA 	Keypress: rctrl
111.4660 	EXP 	Sound  started
112.1414 	DATA 	Keypress: rctrl
112.2161 	EXP 	Sound  started
112.8454 	DATA 	Keypress: rctrl
112.9661 	EXP 	Sound  started
113.6775 	DATA 	Keypress: rctrl
113.7161 	EXP 	Sound  started
114.3814 	DATA 	Keypress: lctrl
114.4661 	EXP 	Sound  started
115.1654 	DATA 	Keypress: rctrl
115.2161 	EXP 	Sound  started
115.9495 	DATA 	Keypress: lctrl
115.9662 	EXP 	Sound  started
116.6534 	DATA 	Keypress: rctrl
116.7162 	EXP 	Sound  started
117.3894 	DATA 	Keypress: lctrl
117.4662 	EXP 	Sound  started
118.2162 	EXP 	Sound  started
118.2534 	DATA 	Keypress: rctrl
118.9415 	DATA 	Keypress: lctrl
118.9887 	EXP 	unnamed TextStim: text = ''
118.9887 	EXP 	unnamed TextStim: text = ''
130.3977 	DATA 	Keypress: 2
130.4142 	EXP 	unnamed ShapeStim: vertices = <class 'numpy.ndarray'>
131.9488 	EXP 	unnamed TextStim: text = ''
131.9488 	EXP 	unnamed TextStim: text = ''
135.4723 	DATA 	Keypress: 3
135.5017 	EXP 	unnamed ShapeStim: vertices = <class 'numpy.ndarray'>
137.0530 	EXP 	unnamed TextStim: text = ''
137.0530 	EXP 	unnamed TextStim: text = ''
141.8905 	DATA 	Keypress: 3
141.9069 	EXP 	unnamed ShapeStim: vertices = <class 'numpy.ndarray'>
144.1915 	EXP 	Sound  started
144.7814 	DATA 	Keypress: rctrl
144.9415 	EXP 	Sound  started
145.5974 	DATA 	Keypress: rctrl
145.6915 	EXP 	Sound  started
146.2855 	DATA 	Keypress: lctrl
146.4415 	EXP 	Sound  started
147.0374 	DATA 	Keypress: rctrl
147.1915 	EXP 	Sound  started
147.7094 	DATA 	Keypress: rctrl
147.9415 	EXP 	Sound  started
148.5095 	DATA 	Keypress: lctrl
148.6915 	EXP 	Sound  started
149.2454 	DATA 	Keypress: rctrl
149.4416 	EXP 	Sound  started
150.0294 	DATA 	Keypress: rctrl
150.1916 	EXP 	Sound  started
150.8134 	DATA 	Keypress: lctrl
150.9416 	EXP 	Sound  started
151.5814 	DATA 	Keypress: lctrl
151.6916 	EXP 	Sound  started
152.2694 	DATA 	Keypress: lctrl
152.4416 	EXP 	Sound  started
153.0214 	DATA 	Keypress: rctrl
153.1916 	EXP 	Sound  started
153.7574 	DATA 	Keypress: lctrl
153.9417 	EXP 	Sound  started
154.4614 	DATA 	Keypress: rctrl
154.6917 	EXP 	Sound  started
155.1975 	DATA 	Keypress: lctrl
155.4417 	EXP 	Sound  started
155.9815 	DATA 	Keypress: lctrl
156.1917 	EXP 	Sound  started
156.7334 	DATA 	Keypress: rctrl
156.9417 	EXP 	Sound  started
157.4854 	DATA 	Keypress: rctrl
157.6917 	EXP 	Sound  started
158.3174 	DATA 	Keypress: lctrl
158.4417 	EXP 	Sound  started
159.0375 	DATA 	Keypress: lctrl
159.1918 	EXP 	Sound  started
159.7575 	DATA 	Keypress: rctrl
159.9418 	EXP 	Sound  started
160.5574 	DATA 	Keypress: rctrl
160.6918 	EXP 	Sound  started
161.3095 	DATA 	Keypress: lctrl
161.4418 	EXP 	Sound  started
162.0774 	DATA 	Keypress: rctrl
162.1918 	EXP 	Sound  started
162.8133 	DATA 	Keypress: rctrl
162.9418 	EXP 	Sound  started
163.5654 	DATA 	Keypress: lctrl
163.6918 	EXP 	Sound  started
164.3174 	DATA 	Keypress: rctrl
164.4419 	EXP 	Sound  started
165.0854 	DATA 	Keypress: rctrl
165.1919 	EXP 	Sound  started
165.7414 	DATA 	Keypress: rctrl
165.9419 	EXP 	Sound  started
166.4935 	DATA 	Keypress: rctrl
166.6919 	EXP 	Sound  started
167.2294 	DATA 	Keypress: rctrl
167.4419 	EXP 	Sound  started
167.9654 	DATA 	Keypress: rctrl
168.1919 	EXP 	Sound  started
168.7654 	DATA 	Keypress: lctrl
168.9420 	EXP 	Sound  started
169.5174 	DATA 	Keypress: rctrl
169.6920 	EXP 	Sound  started
170.2374 	DATA 	Keypress: rctrl
170.4420 	EXP 	Sound  started
170.9894 	DATA 	Keypress: lctrl
171.1920 	EXP 	Sound  started
171.6454 	DATA 	Keypress: rctrl
171.9420 	EXP 	Sound  started
172.4774 	DATA 	Keypress: rctrl
172.6920 	EXP 	Sound  started
173.1974 	DATA 	Keypress: lctrl
173.4420 	EXP 	Sound  started
173.9494 	DATA 	Keypress: rctrl
174.1921 	EXP 	Sound  started
174.6854 	DATA 	Keypress: lctrl
174.9421 	EXP 	Sound  started
175.4534 	DATA 	Keypress: rctrl
175.6921 	EXP 	Sound  started
176.2694 	DATA 	Keypress: lctrl
176.4421 	EXP 	Sound  started
177.0054 	DATA 	Keypress: lctrl
177.1921 	EXP 	Sound  started
177.7415 	DATA 	Keypress: rctrl
177.9421 	EXP 	Sound  started
178.4774 	DATA 	Keypress: lctrl
178.6921 	EXP 	Sound  started
179.1814 	DATA 	Keypress: rctrl
179.4422 	EXP 	Sound  started
179.9814 	DATA 	Keypress: lctrl
180.1922 	EXP 	Sound  started
180.7334 	DATA 	Keypress: lctrl
180.9422 	EXP 	Sound  started
181.4854 	DATA 	Keypress: lctrl
181.6922 	EXP 	Sound  started
182.2694 	DATA 	Keypress: rctrl
182.4422 	EXP 	Sound  started
183.0694 	DATA 	Keypress: rctrl
183.1923 	EXP 	Sound  started
183.7734 	DATA 	Keypress: rctrl
183.9423 	EXP 	Sound  started
184.5094 	DATA 	Keypress: lctrl
184.6923 	EXP 	Sound  started
185.2614 	DATA 	Keypress: rctrl
185.4423 	EXP 	Sound  started
185.9813 	DATA 	Keypress: lctrl
186.1923 	EXP 	Sound  started
186.7494 	DATA 	Keypress: lctrl
186.9423 	EXP 	Sound  started
187.4693 	DATA 	Keypress: rctrl
187.6923 	EXP 	Sound  started
188.2534 	DATA 	Keypress: rctrl
188.4424 	EXP 	Sound  started
189.0214 	DATA 	Keypress: lctrl
189.1924 	EXP 	Sound  started
189.8054 	DATA 	Keypress: rctrl
189.9424 	EXP 	Sound  started
190.5734 	DATA 	Keypress: lctrl
190.6924 	EXP 	Sound  started
191.2613 	DATA 	Keypress: rctrl
191.4424 	EXP 	Sound  started
192.0134 	DATA 	Keypress: lctrl
201.1056 	DATA 	Keypress: 1
201.1221 	EXP 	unnamed ShapeStim: vertices = <class 'numpy.ndarray'>
203.8580 	DATA 	Keypress: 4
203.8744 	EXP 	unnamed ShapeStim: vertices = <class 'numpy.ndarray'>
211.1343 	DATA 	Keypress: 1
211.1637 	EXP 	unnamed ShapeStim: vertices = <class 'numpy.ndarray'>
213.4490 	EXP 	Sound  started
213.6454 	DATA 	Keypress: lctrl
214.1894 	DATA 	Keypress: rctrl
214.1990 	EXP 	Sound  started
214.8614 	DATA 	Keypress: rctrl
214.9490 	EXP 	Sound  started
215.6133 	DATA 	Keypress: rctrl
215.6990 	EXP 	Sound  started
216.3494 	DATA 	Keypress: lctrl
216.4491 	EXP 	Sound  started
217.0534 	DATA 	Keypress: rctrl
217.1991 	EXP 	Sound  started
217.7893 	DATA 	Keypress: rctrl
217.9491 	EXP 	Sound  started
218.5734 	DATA 	Keypress: rctrl
218.6991 	EXP 	Sound  started
219.2773 	DATA 	Keypress: lctrl
219.4491 	EXP 	Sound  started
219.9814 	DATA 	Keypress: rctrl
220.1991 	EXP 	Sound  started
220.8614 	DATA 	Keypress: lctrl
220.9492 	EXP 	Sound  started
221.6134 	DATA 	Keypress: lctrl
221.6992 	EXP 	Sound  started
222.3333 	DATA 	Keypress: lctrl
222.4492 	EXP 	Sound  started
223.1654 	DATA 	Keypress: rctrl
223.1992 	EXP 	Sound  started
223.8695 	DATA 	Keypress: lctrl
223.9492 	EXP 	Sound  started
224.5894 	DATA 	Keypress: lctrl
224.6992 	EXP 	Sound  started
225.3894 	DATA 	Keypress: rctrl
225.4492 	EXP 	Sound  started
226.1254 	DATA 	Keypress: lctrl
226.1993 	EXP 	Sound  started
226.8134 	DATA 	Keypress: rctrl
226.9493 	EXP 	Sound  started
227.5494 	DATA 	Keypress: rctrl
227.6993 	EXP 	Sound  started
228.3173 	DATA 	Keypress: rctrl
228.4493 	EXP 	Sound  started
229.1014 	DATA 	Keypress: rctrl
229.1993 	EXP 	Sound  started
229.8533 	DATA 	Keypress: rctrl
229.9493 	EXP 	Sound  started
230.6534 	DATA 	Keypress: rctrl
230.6994 	EXP 	Sound  started
231.3734 	DATA 	Keypress: lctrl
231.4494 	EXP 	Sound  started
232.0773 	DATA 	Keypress: lctrl
232.1994 	EXP 	Sound  started
232.8294 	DATA 	Keypress: lctrl
232.9494 	EXP 	Sound  started
233.5493 	DATA 	Keypress: rctrl
233.6994 	EXP 	Sound  started
234.3014 	DATA 	Keypress: lctrl
234.4494 	EXP 	Sound  started
235.0534 	DATA 	Keypress: lctrl
235.1994 	EXP 	Sound  started
235.8534 	DATA 	Keypress: lctrl
235.9495 	EXP 	Sound  started
236.6213 	DATA 	Keypress: lctrl
236.6995 	EXP 	Sound  started
237.3414 	DATA 	Keypress: rctrl
237.4495 	EXP 	Sound  started
238.1413 	DATA 	Keypress: lctrl
238.1995 	EXP 	Sound  started
238.8294 	DATA 	Keypress: rctrl
238.9495 	EXP 	Sound  started
239.6614 	DATA 	Keypress: rctrl
239.6995 	EXP 	Sound  started
240.3333 	DATA 	Keypress: rctrl
240.4495 	EXP 	Sound  started
241.1333 	DATA 	Keypress: lctrl
241.1996 	EXP 	Sound  started
241.8374 	DATA 	Keypress: rctrl
241.9496 	EXP 	Sound  started
242.5894 	DATA 	Keypress: rctrl
242.6996 	EXP 	Sound  started
243.2933 	DATA 	Keypress: lctrl
243.4496 	EXP 	Sound  started
244.1254 	DATA 	Keypress: rctrl
244.1996 	EXP 	Sound  started
244.9496 	EXP 	Sound  started
244.9894 	DATA 	Keypress: rctrl
245.5973 	DATA 	Keypress: rctrl
245.6997 	EXP 	Sound  started
246.3333 	DATA 	Keypress: rctrl
246.4497 	EXP 	Sound  started
247.0853 	DATA 	Keypress: rctrl
247.1997 	EXP 	Sound  started
247.9013 	DATA 	Keypress: lctrl
247.9497 	EXP 	Sound  started
248.6053 	DATA 	Keypress: lctrl
248.6997 	EXP 	Sound  started
249.3573 	DATA 	Keypress: rctrl
249.4497 	EXP 	Sound  started
250.1893 	DATA 	Keypress: lctrl
250.1997 	EXP 	Sound  started
250.8934 	DATA 	Keypress: rctrl
250.9498 	EXP 	Sound  started
251.6453 	DATA 	Keypress: rctrl
251.6998 	EXP 	Sound  started
252.3974 	DATA 	Keypress: lctrl
252.4498 	EXP 	Sound  started
253.1998 	EXP 	Sound  started
253.2293 	DATA 	Keypress: rctrl
253.9014 	DATA 	Keypress: rctrl
253.9498 	EXP 	Sound  started
254.5894 	DATA 	Keypress: rctrl
254.6998 	EXP 	Sound  started
255.3413 	DATA 	Keypress: lctrl
255.4499 	EXP 	Sound  started
256.1999 	EXP 	Sound  started
256.8934 	DATA 	Keypress: rctrl
256.9499 	EXP 	Sound  started
257.6453 	DATA 	Keypress: rctrl
257.6999 	EXP 	Sound  started
258.3813 	DATA 	Keypress: rctrl
258.4499 	EXP 	Sound  started
259.1814 	DATA 	Keypress: rctrl
259.1999 	EXP 	Sound  started
259.8693 	DATA 	Keypress: lctrl
259.9499 	EXP 	Sound  started
260.7000 	EXP 	Sound  started
260.7013 	DATA 	Keypress: lctrl
261.4500 	EXP 	Sound  started
261.5173 	DATA 	Keypress: lctrl
262.2000 	EXP 	Sound  started
262.2053 	DATA 	Keypress: lctrl
262.9413 	DATA 	Keypress: lctrl
262.9500 	EXP 	Sound  started
263.6613 	DATA 	Keypress: lctrl
263.7000 	EXP 	Sound  started
264.6748 	DATA 	Keypress: lctrl
268.2439 	DATA 	Keypress: 3
268.2604 	EXP 	unnamed ShapeStim: vertices = <class 'numpy.ndarray'>
270.4457 	DATA 	Keypress: 4
270.4622 	EXP 	unnamed ShapeStim: vertices = <class 'numpy.ndarray'>
273.0150 	DATA 	Keypress: 1
273.0315 	EXP 	unnamed ShapeStim: vertices = <class 'numpy.ndarray'>
275.3166 	EXP 	Sound  started
275.3170 	DATA 	Keypress: lctrl
275.7893 	DATA 	Keypress: lctrl
276.0666 	EXP 	Sound  started
276.6214 	DATA 	Keypress: rctrl
276.8166 	EXP 	Sound  started
277.4213 	DATA 	Keypress: rctrl
277.5666 	EXP 	Sound  started
278.1893 	DATA 	Keypress: lctrl
278.3166 	EXP 	Sound  started
278.8933 	DATA 	Keypress: rctrl
279.0666 	EXP 	Sound  started
279.6773 	DATA 	Keypress: rctrl
279.8166 	EXP 	Sound  started
280.4133 	DATA 	Keypress: rctrl
280.5666 	EXP 	Sound  started
281.1973 	DATA 	Keypress: rctrl
281.3167 	EXP 	Sound  started
281.9653 	DATA 	Keypress: lctrl
282.0667 	EXP 	Sound  started
282.7173 	DATA 	Keypress: rctrl
282.8167 	EXP 	Sound  started
283.5667 	EXP 	Sound  started
284.2693 	DATA 	Keypress: lctrl
284.3167 	EXP 	Sound  started
285.0054 	DATA 	Keypress: lctrl
285.0667 	EXP 	Sound  started
285.7253 	DATA 	Keypress: rctrl
285.8167 	EXP 	Sound  started
286.4453 	DATA 	Keypress: lctrl
286.5668 	EXP 	Sound  started
287.2133 	DATA 	Keypress: rctrl
287.3168 	EXP 	Sound  started
287.9013 	DATA 	Keypress: lctrl
288.0668 	EXP 	Sound  started
288.8168 	EXP 	Sound  started
288.9893 	DATA 	Keypress: rctrl
289.5334 	DATA 	Keypress: rctrl
289.5668 	EXP 	Sound  started
290.2214 	DATA 	Keypress: lctrl
290.3168 	EXP 	Sound  started
290.9253 	DATA 	Keypress: rctrl
291.0669 	EXP 	Sound  started
291.6614 	DATA 	Keypress: rctrl
291.8169 	EXP 	Sound  started
292.5094 	DATA 	Keypress: rctrl
292.5669 	EXP 	Sound  started
293.3169 	EXP 	Sound  started
293.4214 	DATA 	Keypress: rctrl
294.0613 	DATA 	Keypress: rctrl
294.0669 	EXP 	Sound  started
294.7653 	DATA 	Keypress: rctrl
294.8169 	EXP 	Sound  started
295.5333 	DATA 	Keypress: rctrl
295.5669 	EXP 	Sound  started
296.2533 	DATA 	Keypress: rctrl
296.3170 	EXP 	Sound  started
296.9254 	DATA 	Keypress: rctrl
297.0670 	EXP 	Sound  started
297.6773 	DATA 	Keypress: lctrl
297.8170 	EXP 	Sound  started
298.4133 	DATA 	Keypress: rctrl
298.5670 	EXP 	Sound  started
299.1653 	DATA 	Keypress: lctrl
299.3170 	EXP 	Sound  started
299.9653 	DATA 	Keypress: rctrl
300.0670 	EXP 	Sound  started
300.6213 	DATA 	Keypress: rctrl
300.8170 	EXP 	Sound  started
301.4693 	DATA 	Keypress: lctrl
301.5671 	EXP 	Sound  started
302.1733 	DATA 	Keypress: rctrl
302.3171 	EXP 	Sound  started
302.9253 	DATA 	Keypress: lctrl
303.0671 	EXP 	Sound  started
303.5493 	DATA 	Keypress: rctrl
303.8171 	EXP 	Sound  started
304.4613 	DATA 	Keypress: lctrl
304.5671 	EXP 	Sound  started
305.2293 	DATA 	Keypress: lctrl
305.3171 	EXP 	Sound  started
305.9493 	DATA 	Keypress: rctrl
306.0671 	EXP 	Sound  started
306.6693 	DATA 	Keypress: rctrl
306.8172 	EXP 	Sound  started
307.2933 	DATA 	Keypress: lctrl
307.5672 	EXP 	Sound  started
308.0934 	DATA 	Keypress: lctrl
308.3174 	EXP 	Sound  started
308.8293 	DATA 	Keypress: rctrl
309.0674 	EXP 	Sound  started
309.6293 	DATA 	Keypress: rctrl
309.8174 	EXP 	Sound  started
310.3973 	DATA 	Keypress: rctrl
310.5674 	EXP 	Sound  started
311.1334 	DATA 	Keypress: rctrl
311.3174 	EXP 	Sound  started
311.8854 	DATA 	Keypress: rctrl
312.0674 	EXP 	Sound  started
312.8175 	EXP 	Sound  started
312.8773 	DATA 	Keypress: rctrl
313.5013 	DATA 	Keypress: rctrl
313.5675 	EXP 	Sound  started
314.1893 	DATA 	Keypress: rctrl
314.3175 	EXP 	Sound  started
314.9733 	DATA 	Keypress: rctrl
315.0675 	EXP 	Sound  started
315.7093 	DATA 	Keypress: rctrl
315.8175 	EXP 	Sound  started
316.4453 	DATA 	Keypress: lctrl
316.5675 	EXP 	Sound  started
317.1973 	DATA 	Keypress: rctrl
317.3176 	EXP 	Sound  started
317.9813 	DATA 	Keypress: lctrl
318.0676 	EXP 	Sound  started
318.7493 	DATA 	Keypress: lctrl
318.8176 	EXP 	Sound  started
319.5676 	EXP 	Sound  started
319.6773 	DATA 	Keypress: rctrl
320.2853 	DATA 	Keypress: lctrl
320.3176 	EXP 	Sound  started
320.9733 	DATA 	Keypress: lctrl
321.0676 	EXP 	Sound  started
321.7093 	DATA 	Keypress: lctrl
321.8177 	EXP 	Sound  started
322.4933 	DATA 	Keypress: lctrl
322.5677 	EXP 	Sound  started
323.2453 	DATA 	Keypress: lctrl
323.3177 	EXP 	Sound  started
323.9974 	DATA 	Keypress: lctrl
324.0677 	EXP 	Sound  started
324.8133 	DATA 	Keypress: lctrl
324.8177 	EXP 	Sound  started
325.5653 	DATA 	Keypress: rctrl
325.5677 	EXP 	Sound  started
326.2693 	DATA 	Keypress: lctrl
326.3177 	EXP 	Sound  started
327.0533 	DATA 	Keypress: rctrl
327.0678 	EXP 	Sound  started
327.8054 	DATA 	Keypress: rctrl
327.8178 	EXP 	Sound  started
328.5253 	DATA 	Keypress: lctrl
328.5678 	EXP 	Sound  started
329.2613 	DATA 	Keypress: rctrl
329.3178 	EXP 	Sound  started
329.9973 	DATA 	Keypress: lctrl
330.0678 	EXP 	Sound  started
330.7813 	DATA 	Keypress: rctrl
330.8178 	EXP 	Sound  started
331.4853 	DATA 	Keypress: rctrl
331.5678 	EXP 	Sound  started
332.3179 	EXP 	Sound  started
332.3334 	DATA 	Keypress: lctrl
333.0533 	DATA 	Keypress: lctrl
333.0679 	EXP 	Sound  started
333.8179 	EXP 	Sound  started
333.8213 	DATA 	Keypress: rctrl
334.4613 	DATA 	Keypress: rctrl
334.5679 	EXP 	Sound  started
335.2133 	DATA 	Keypress: rctrl
335.3179 	EXP 	Sound  started
335.9813 	DATA 	Keypress: rctrl
336.0679 	EXP 	Sound  started
336.5733 	DATA 	Keypress: lctrl
336.8180 	EXP 	Sound  started
337.5653 	DATA 	Keypress: rctrl
337.5680 	EXP 	Sound  started
338.2853 	DATA 	Keypress: lctrl
338.3180 	EXP 	Sound  started
339.0213 	DATA 	Keypress: lctrl
339.0680 	EXP 	Sound  started
339.8180 	EXP 	Sound  started
339.8373 	DATA 	Keypress: rctrl
340.5680 	EXP 	Sound  started
340.6053 	DATA 	Keypress: rctrl
341.2933 	DATA 	Keypress: lctrl
341.3180 	EXP 	Sound  started
342.0293 	DATA 	Keypress: rctrl
344.4898 	DATA 	Keypress: 3
344.5062 	EXP 	unnamed ShapeStim: vertices = <class 'numpy.ndarray'>
355.0317 	DATA 	Keypress: 3
355.0482 	EXP 	unnamed ShapeStim: vertices = <class 'numpy.ndarray'>
356.9498 	DATA 	Keypress: 2
356.9664 	EXP 	unnamed ShapeStim: vertices = <class 'numpy.ndarray'>
359.2514 	EXP 	Sound  started
359.2517 	DATA 	Keypress: lctrl
359.7573 	DATA 	Keypress: lctrl
360.0014 	EXP 	Sound  started
360.5732 	DATA 	Keypress: lctrl
360.7514 	EXP 	Sound  started
361.3893 	DATA 	Keypress: lctrl
361.5014 	EXP 	Sound  started
362.0773 	DATA 	Keypress: lctrl
362.2514 	EXP 	Sound  started
362.8293 	DATA 	Keypress: lctrl
363.0014 	EXP 	Sound  started
363.6132 	DATA 	Keypress: rctrl
363.7514 	EXP 	Sound  started
364.3973 	DATA 	Keypress: lctrl
364.5014 	EXP 	Sound  started
365.1333 	DATA 	Keypress: rctrl
365.2515 	EXP 	Sound  started
365.8853 	DATA 	Keypress: rctrl
366.0015 	EXP 	Sound  started
366.6373 	DATA 	Keypress: rctrl
366.7515 	EXP 	Sound  started
367.4052 	DATA 	Keypress: rctrl
367.5015 	EXP 	Sound  started
368.1573 	DATA 	Keypress: rctrl
368.2515 	EXP 	Sound  started
368.8773 	DATA 	Keypress: rctrl
369.0015 	EXP 	Sound  started
369.6612 	DATA 	Keypress: lctrl
369.7515 	EXP 	Sound  started
370.3492 	DATA 	Keypress: lctrl
370.5016 	EXP 	Sound  started
371.0853 	DATA 	Keypress: rctrl
371.2516 	EXP 	Sound  started
371.8532 	DATA 	Keypress: lctrl
372.0016 	EXP 	Sound  started
372.6053 	DATA 	Keypress: rctrl
372.7516 	EXP 	Sound  started
373.4372 	DATA 	Keypress: rctrl
373.5016 	EXP 	Sound  started
374.2052 	DATA 	Keypress: rctrl
374.2516 	EXP 	Sound  started
374.9573 	DATA 	Keypress: rctrl
375.0017 	EXP 	Sound  started
375.7253 	DATA 	Keypress: lctrl
375.7517 	EXP 	Sound  started
376.4773 	DATA 	Keypress: lctrl
376.5017 	EXP 	Sound  started
377.1653 	DATA 	Keypress: rctrl
377.2517 	EXP 	Sound  started
377.9653 	DATA 	Keypress: rctrl
378.0017 	EXP 	Sound  started
378.6692 	DATA 	Keypress: lctrl
378.7517 	EXP 	Sound  started
379.4692 	DATA 	Keypress: lctrl
379.5017 	EXP 	Sound  started
380.2518 	EXP 	Sound  started
380.2532 	DATA 	Keypress: rctrl
380.9252 	DATA 	Keypress: rctrl
381.0018 	EXP 	Sound  started
381.7413 	DATA 	Keypress: rctrl
381.7518 	EXP 	Sound  started
382.4292 	DATA 	Keypress: rctrl
382.5018 	EXP 	Sound  started
383.2133 	DATA 	Keypress: lctrl
383.2518 	EXP 	Sound  started
383.9172 	DATA 	Keypress: rctrl
384.0018 	EXP 	Sound  started
384.6213 	DATA 	Keypress: lctrl
384.7518 	EXP 	Sound  started
385.3573 	DATA 	Keypress: rctrl
385.5019 	EXP 	Sound  started
386.0933 	DATA 	Keypress: lctrl
386.2519 	EXP 	Sound  started
386.8452 	DATA 	Keypress: rctrl
387.0019 	EXP 	Sound  started
387.6453 	DATA 	Keypress: lctrl
387.7519 	EXP 	Sound  started
388.4293 	DATA 	Keypress: lctrl
388.5019 	EXP 	Sound  started
389.1493 	DATA 	Keypress: rctrl
389.2519 	EXP 	Sound  started
389.8373 	DATA 	Keypress: lctrl
390.0019 	EXP 	Sound  started
390.5893 	DATA 	Keypress: lctrl
390.7520 	EXP 	Sound  started
391.3092 	DATA 	Keypress: rctrl
391.5020 	EXP 	Sound  started
392.0773 	DATA 	Keypress: lctrl
392.2520 	EXP 	Sound  started
392.7972 	DATA 	Keypress: rctrl
393.0020 	EXP 	Sound  started
393.5172 	DATA 	Keypress: lctrl
393.7520 	EXP 	Sound  started
394.3013 	DATA 	Keypress: lctrl
394.5020 	EXP 	Sound  started
395.1173 	DATA 	Keypress: rctrl
395.2521 	EXP 	Sound  started
395.9012 	DATA 	Keypress: rctrl
396.0021 	EXP 	Sound  started
396.6533 	DATA 	Keypress: lctrl
396.7521 	EXP 	Sound  started
397.4052 	DATA 	Keypress: rctrl
397.5021 	EXP 	Sound  started
398.2521 	EXP 	Sound  started
398.8772 	DATA 	Keypress: lctrl
399.0021 	EXP 	Sound  started
399.6292 	DATA 	Keypress: rctrl
399.7521 	EXP 	Sound  started
400.4774 	DATA 	Keypress: lctrl
400.5022 	EXP 	Sound  started
401.1653 	DATA 	Keypress: rctrl
401.2522 	EXP 	Sound  started
401.8852 	DATA 	Keypress: lctrl
402.0022 	EXP 	Sound  started
402.7522 	EXP 	Sound  started
402.7652 	DATA 	Keypress: rctrl
403.3892 	DATA 	Keypress: rctrl
403.5022 	EXP 	Sound  started
404.1573 	DATA 	Keypress: rctrl
404.2522 	EXP 	Sound  started
404.9252 	DATA 	Keypress: rctrl
407.6620 	DATA 	Keypress: 1
407.6913 	EXP 	unnamed ShapeStim: vertices = <class 'numpy.ndarray'>
410.9608 	DATA 	Keypress: 4
410.9773 	EXP 	unnamed ShapeStim: vertices = <class 'numpy.ndarray'>
412.8165 	DATA 	Keypress: 4
412.8455 	EXP 	unnamed ShapeStim: vertices = <class 'numpy.ndarray'>
415.1308 	EXP 	Sound  started
415.1312 	DATA 	Keypress: lctrl
415.6612 	DATA 	Keypress: lctrl
415.8808 	EXP 	Sound  started
416.4773 	DATA 	Keypress: rctrl
416.6308 	EXP 	Sound  started
417.2133 	DATA 	Keypress: rctrl
417.3808 	EXP 	Sound  started
417.9653 	DATA 	Keypress: lctrl
418.1308 	EXP 	Sound  started
418.7173 	DATA 	Keypress: rctrl
418.8808 	EXP 	Sound  started
419.5333 	DATA 	Keypress: lctrl
419.6309 	EXP 	Sound  started
420.2212 	DATA 	Keypress: lctrl
420.3809 	EXP 	Sound  started
420.9892 	DATA 	Keypress: rctrl
421.1309 	EXP 	Sound  started
421.7413 	DATA 	Keypress: rctrl
421.8809 	EXP 	Sound  started
422.4293 	DATA 	Keypress: rctrl
422.6309 	EXP 	Sound  started
423.1653 	DATA 	Keypress: rctrl
423.3809 	EXP 	Sound  started
423.8853 	DATA 	Keypress: lctrl
424.1309 	EXP 	Sound  started
424.5892 	DATA 	Keypress: lctrl
424.8810 	EXP 	Sound  started
425.3572 	DATA 	Keypress: rctrl
425.6310 	EXP 	Sound  started
426.0932 	DATA 	Keypress: rctrl
426.3810 	EXP 	Sound  started
426.8453 	DATA 	Keypress: rctrl
427.1310 	EXP 	Sound  started
427.5972 	DATA 	Keypress: lctrl
427.8810 	EXP 	Sound  started
428.2692 	DATA 	Keypress: lctrl
428.6310 	EXP 	Sound  started
428.9732 	DATA 	Keypress: lctrl
429.3811 	EXP 	Sound  started
429.7092 	DATA 	Keypress: rctrl
430.1311 	EXP 	Sound  started
430.4772 	DATA 	Keypress: rctrl
430.8811 	EXP 	Sound  started
431.4052 	DATA 	Keypress: lctrl
431.6311 	EXP 	Sound  started
432.1092 	DATA 	Keypress: lctrl
432.3811 	EXP 	Sound  started
432.8772 	DATA 	Keypress: lctrl
433.1311 	EXP 	Sound  started
433.6612 	DATA 	Keypress: rctrl
433.8811 	EXP 	Sound  started
434.4133 	DATA 	Keypress: rctrl
434.6311 	EXP 	Sound  started
435.1812 	DATA 	Keypress: rctrl
435.3812 	EXP 	Sound  started
435.9012 	DATA 	Keypress: rctrl
436.1312 	EXP 	Sound  started
436.7013 	DATA 	Keypress: lctrl
436.8812 	EXP 	Sound  started
437.4372 	DATA 	Keypress: rctrl
437.6312 	EXP 	Sound  started
438.2212 	DATA 	Keypress: lctrl
438.3812 	EXP 	Sound  started
439.0052 	DATA 	Keypress: lctrl
439.1312 	EXP 	Sound  started
439.7572 	DATA 	Keypress: rctrl
439.8813 	EXP 	Sound  started
440.5412 	DATA 	Keypress: rctrl
440.6313 	EXP 	Sound  started
441.2932 	DATA 	Keypress: lctrl
441.3813 	EXP 	Sound  started
441.9492 	DATA 	Keypress: lctrl
442.1313 	EXP 	Sound  started
442.6852 	DATA 	Keypress: rctrl
442.8813 	EXP 	Sound  started
443.5012 	DATA 	Keypress: lctrl
443.6313 	EXP 	Sound  started
444.1892 	DATA 	Keypress: lctrl
444.3813 	EXP 	Sound  started
444.9572 	DATA 	Keypress: rctrl
445.1314 	EXP 	Sound  started
445.6932 	DATA 	Keypress: rctrl
445.8814 	EXP 	Sound  started
446.4932 	DATA 	Keypress: rctrl
446.6314 	EXP 	Sound  started
447.2612 	DATA 	Keypress: rctrl
447.3814 	EXP 	Sound  started
448.0132 	DATA 	Keypress: rctrl
448.1314 	EXP 	Sound  started
448.7972 	DATA 	Keypress: rctrl
448.8814 	EXP 	Sound  started
449.5172 	DATA 	Keypress: rctrl
449.6314 	EXP 	Sound  started
450.2532 	DATA 	Keypress: rctrl
450.3815 	EXP 	Sound  started
450.9732 	DATA 	Keypress: rctrl
451.1315 	EXP 	Sound  started
451.6932 	DATA 	Keypress: lctrl
451.8815 	EXP 	Sound  started
452.4773 	DATA 	Keypress: rctrl
452.6315 	EXP 	Sound  started
453.2133 	DATA 	Keypress: lctrl
453.3815 	EXP 	Sound  started
453.9972 	DATA 	Keypress: lctrl
454.1315 	EXP 	Sound  started
454.7812 	DATA 	Keypress: lctrl
454.8815 	EXP 	Sound  started
455.4852 	DATA 	Keypress: lctrl
455.6315 	EXP 	Sound  started
456.1892 	DATA 	Keypress: lctrl
456.3816 	EXP 	Sound  started
456.9732 	DATA 	Keypress: rctrl
457.1316 	EXP 	Sound  started
457.6772 	DATA 	Keypress: rctrl
457.8816 	EXP 	Sound  started
458.4932 	DATA 	Keypress: lctrl
458.6316 	EXP 	Sound  started
459.2293 	DATA 	Keypress: rctrl
459.3816 	EXP 	Sound  started
460.0132 	DATA 	Keypress: lctrl
460.1316 	EXP 	Sound  started
460.7332 	DATA 	Keypress: rctrl
460.8817 	EXP 	Sound  started
461.4372 	DATA 	Keypress: lctrl
461.6317 	EXP 	Sound  started
462.3013 	DATA 	Keypress: rctrl
462.3817 	EXP 	Sound  started
463.1317 	EXP 	Sound  started
463.8212 	DATA 	Keypress: lctrl
463.8817 	EXP 	Sound  started
464.5732 	DATA 	Keypress: rctrl
464.6317 	EXP 	Sound  started
465.2772 	DATA 	Keypress: lctrl
465.3818 	EXP 	Sound  started
466.0932 	DATA 	Keypress: rctrl
466.1318 	EXP 	Sound  started
466.7813 	DATA 	Keypress: lctrl
466.8818 	EXP 	Sound  started
467.5012 	DATA 	Keypress: rctrl
467.6318 	EXP 	Sound  started
468.2052 	DATA 	Keypress: lctrl
468.3818 	EXP 	Sound  started
468.9892 	DATA 	Keypress: rctrl
469.1318 	EXP 	Sound  started
469.7572 	DATA 	Keypress: rctrl
469.8818 	EXP 	Sound  started
470.5572 	DATA 	Keypress: rctrl
470.6319 	EXP 	Sound  started
471.2932 	DATA 	Keypress: rctrl
471.3819 	EXP 	Sound  started
472.0132 	DATA 	Keypress: rctrl
472.1319 	EXP 	Sound  started
472.7972 	DATA 	Keypress: rctrl
475.2635 	DATA 	Keypress: 2
475.2800 	EXP 	unnamed ShapeStim: vertices = <class 'numpy.ndarray'>
478.2536 	DATA 	Keypress: 4
478.2829 	EXP 	unnamed ShapeStim: vertices = <class 'numpy.ndarray'>
481.7893 	DATA 	Keypress: 2
481.8187 	EXP 	unnamed ShapeStim: vertices = <class 'numpy.ndarray'>
484.1034 	EXP 	Sound  started
484.1252 	DATA 	Keypress: lctrl
484.7492 	DATA 	Keypress: lctrl
484.8533 	EXP 	Sound  started
485.5012 	DATA 	Keypress: rctrl
485.6033 	EXP 	Sound  started
486.2853 	DATA 	Keypress: rctrl
486.3533 	EXP 	Sound  started
486.9732 	DATA 	Keypress: lctrl
487.1033 	EXP 	Sound  started
487.7732 	DATA 	Keypress: lctrl
487.8534 	EXP 	Sound  started
488.4931 	DATA 	Keypress: lctrl
488.6034 	EXP 	Sound  started
489.2612 	DATA 	Keypress: lctrl
489.3534 	EXP 	Sound  started
490.0612 	DATA 	Keypress: lctrl
490.1034 	EXP 	Sound  started
490.7972 	DATA 	Keypress: rctrl
490.8534 	EXP 	Sound  started
491.5651 	DATA 	Keypress: rctrl
491.6034 	EXP 	Sound  started
492.3332 	DATA 	Keypress: rctrl
492.3534 	EXP 	Sound  started
493.1035 	EXP 	Sound  started
493.1172 	DATA 	Keypress: lctrl
493.8532 	DATA 	Keypress: lctrl
493.8535 	EXP 	Sound  started
494.5732 	DATA 	Keypress: rctrl
494.6035 	EXP 	Sound  started
495.3092 	DATA 	Keypress: rctrl
495.3535 	EXP 	Sound  started
496.0771 	DATA 	Keypress: rctrl
496.1035 	EXP 	Sound  started
496.8535 	EXP 	Sound  started
496.8611 	DATA 	Keypress: rctrl
497.5652 	DATA 	Keypress: lctrl
497.6036 	EXP 	Sound  started
498.2531 	DATA 	Keypress: lctrl
498.3536 	EXP 	Sound  started
499.0051 	DATA 	Keypress: lctrl
499.1036 	EXP 	Sound  started
499.7731 	DATA 	Keypress: lctrl
499.8536 	EXP 	Sound  started
500.5892 	DATA 	Keypress: lctrl
500.6036 	EXP 	Sound  started
501.3536 	EXP 	Sound  started
501.4211 	DATA 	Keypress: rctrl
502.0931 	DATA 	Keypress: lctrl
502.1036 	EXP 	Sound  started
502.8292 	DATA 	Keypress: lctrl
502.8536 	EXP 	Sound  started
503.6037 	EXP 	Sound  started
503.6291 	DATA 	Keypress: rctrl
504.3331 	DATA 	Keypress: rctrl
504.3537 	EXP 	Sound  started
505.1012 	DATA 	Keypress: lctrl
505.1037 	EXP 	Sound  started
505.8532 	DATA 	Keypress: lctrl
505.8537 	EXP 	Sound  started
506.5892 	DATA 	Keypress: lctrl
506.6037 	EXP 	Sound  started
507.3091 	DATA 	Keypress: lctrl
507.3537 	EXP 	Sound  started
508.0771 	DATA 	Keypress: lctrl
508.1038 	EXP 	Sound  started
508.8538 	EXP 	Sound  started
508.8932 	DATA 	Keypress: lctrl
509.5971 	DATA 	Keypress: lctrl
509.6038 	EXP 	Sound  started
510.3491 	DATA 	Keypress: lctrl
510.3538 	EXP 	Sound  started
511.1038 	EXP 	Sound  started
511.1173 	DATA 	Keypress: lctrl
511.8212 	DATA 	Keypress: lctrl
511.8538 	EXP 	Sound  started
512.5251 	DATA 	Keypress: rctrl
512.6038 	EXP 	Sound  started
513.2611 	DATA 	Keypress: rctrl
513.3539 	EXP 	Sound  started
514.0451 	DATA 	Keypress: rctrl
514.1039 	EXP 	Sound  started
514.8539 	EXP 	Sound  started
514.9091 	DATA 	Keypress: rctrl
515.5172 	DATA 	Keypress: rctrl
515.6039 	EXP 	Sound  started
516.2372 	DATA 	Keypress: rctrl
516.3539 	EXP 	Sound  started
516.9572 	DATA 	Keypress: rctrl
517.1039 	EXP 	Sound  started
517.6931 	DATA 	Keypress: rctrl
517.8539 	EXP 	Sound  started
518.6040 	EXP 	Sound  started
518.7331 	DATA 	Keypress: lctrl
519.3412 	DATA 	Keypress: lctrl
519.3540 	EXP 	Sound  started
520.0452 	DATA 	Keypress: lctrl
520.1040 	EXP 	Sound  started
520.7971 	DATA 	Keypress: rctrl
520.8540 	EXP 	Sound  started
521.5811 	DATA 	Keypress: rctrl
521.6040 	EXP 	Sound  started
522.3540 	EXP 	Sound  started
522.3971 	DATA 	Keypress: lctrl
523.1041 	EXP 	Sound  started
523.1332 	DATA 	Keypress: rctrl
523.8051 	DATA 	Keypress: lctrl
523.8541 	EXP 	Sound  started
524.4931 	DATA 	Keypress: lctrl
524.6041 	EXP 	Sound  started
525.2612 	DATA 	Keypress: lctrl
525.3541 	EXP 	Sound  started
526.0131 	DATA 	Keypress: rctrl
526.1041 	EXP 	Sound  started
526.7492 	DATA 	Keypress: rctrl
526.8541 	EXP 	Sound  started
527.4531 	DATA 	Keypress: lctrl
527.6041 	EXP 	Sound  started
528.1731 	DATA 	Keypress: rctrl
528.3541 	EXP 	Sound  started
528.9572 	DATA 	Keypress: rctrl
529.1042 	EXP 	Sound  started
529.7092 	DATA 	Keypress: lctrl
529.8542 	EXP 	Sound  started
530.4452 	DATA 	Keypress: rctrl
530.6042 	EXP 	Sound  started
531.1172 	DATA 	Keypress: lctrl
531.3542 	EXP 	Sound  started
531.9331 	DATA 	Keypress: lctrl
532.1042 	EXP 	Sound  started
532.6692 	DATA 	Keypress: lctrl
532.8542 	EXP 	Sound  started
533.4372 	DATA 	Keypress: rctrl
533.6042 	EXP 	Sound  started
534.2211 	DATA 	Keypress: lctrl
534.3542 	EXP 	Sound  started
534.9412 	DATA 	Keypress: lctrl
535.1043 	EXP 	Sound  started
535.6931 	DATA 	Keypress: rctrl
535.8543 	EXP 	Sound  started
536.4611 	DATA 	Keypress: lctrl
536.6043 	EXP 	Sound  started
537.2771 	DATA 	Keypress: rctrl
537.3543 	EXP 	Sound  started
537.9651 	DATA 	Keypress: lctrl
538.1043 	EXP 	Sound  started
538.7971 	DATA 	Keypress: rctrl
538.8543 	EXP 	Sound  started
539.4852 	DATA 	Keypress: lctrl
539.6043 	EXP 	Sound  started
540.2531 	DATA 	Keypress: rctrl
540.3544 	EXP 	Sound  started
541.0211 	DATA 	Keypress: lctrl
541.1044 	EXP 	Sound  started
541.7731 	DATA 	Keypress: rctrl
541.8544 	EXP 	Sound  started
542.5412 	DATA 	Keypress: lctrl
546.0381 	DATA 	Keypress: 2
546.0546 	EXP 	unnamed ShapeStim: vertices = <class 'numpy.ndarray'>
548.4776 	DATA 	Keypress: 3
548.5066 	EXP 	unnamed ShapeStim: vertices = <class 'numpy.ndarray'>
553.9279 	DATA 	Keypress: 2
553.9444 	EXP 	unnamed ShapeStim: vertices = <class 'numpy.ndarray'>
556.2287 	EXP 	Sound  started
556.3972 	DATA 	Keypress: lctrl
556.9787 	EXP 	Sound  started
557.0211 	DATA 	Keypress: lctrl
557.7251 	DATA 	Keypress: lctrl
557.7287 	EXP 	Sound  started
558.4612 	DATA 	Keypress: lctrl
558.4787 	EXP 	Sound  started
559.2287 	EXP 	Sound  started
559.2931 	DATA 	Keypress: rctrl
559.9787 	EXP 	Sound  started
560.0452 	DATA 	Keypress: rctrl
560.7288 	EXP 	Sound  started
560.7332 	DATA 	Keypress: lctrl
561.4788 	EXP 	Sound  started
561.5332 	DATA 	Keypress: lctrl
562.2288 	EXP 	Sound  started
562.3012 	DATA 	Keypress: rctrl
562.9788 	EXP 	Sound  started
563.1331 	DATA 	Keypress: rctrl
563.7288 	EXP 	Sound  started
564.4788 	EXP 	Sound  started
564.5571 	DATA 	Keypress: rctrl
565.2131 	DATA 	Keypress: lctrl
565.2288 	EXP 	Sound  started
565.9491 	DATA 	Keypress: rctrl
565.9788 	EXP 	Sound  started
566.7289 	EXP 	Sound  started
566.7491 	DATA 	Keypress: lctrl
567.4789 	EXP 	Sound  started
567.6131 	DATA 	Keypress: rctrl
568.2289 	EXP 	Sound  started
568.2851 	DATA 	Keypress: lctrl
568.9091 	DATA 	Keypress: rctrl
568.9789 	EXP 	Sound  started
569.6932 	DATA 	Keypress: lctrl
569.7289 	EXP 	Sound  started
570.4132 	DATA 	Keypress: lctrl
570.4789 	EXP 	Sound  started
571.1811 	DATA 	Keypress: lctrl
571.2290 	EXP 	Sound  started
571.9790 	EXP 	Sound  started
571.9971 	DATA 	Keypress: rctrl
572.6051 	DATA 	Keypress: rctrl
572.7290 	EXP 	Sound  started
573.3891 	DATA 	Keypress: rctrl
573.4790 	EXP 	Sound  started
574.2211 	DATA 	Keypress: lctrl
574.2290 	EXP 	Sound  started
574.9790 	EXP 	Sound  started
574.9891 	DATA 	Keypress: lctrl
575.7291 	EXP 	Sound  started
575.7411 	DATA 	Keypress: lctrl
576.3651 	DATA 	Keypress: rctrl
576.4791 	EXP 	Sound  started
577.1651 	DATA 	Keypress: rctrl
577.2291 	EXP 	Sound  started
577.9011 	DATA 	Keypress: rctrl
577.9791 	EXP 	Sound  started
578.7291 	EXP 	Sound  started
579.4791 	EXP 	Sound  started
579.7251 	DATA 	Keypress: rctrl
580.2291 	EXP 	Sound  started
580.2371 	DATA 	Keypress: rctrl
580.9732 	DATA 	Keypress: rctrl
580.9791 	EXP 	Sound  started
581.7292 	EXP 	Sound  started
581.8691 	DATA 	Keypress: rctrl
582.4792 	EXP 	Sound  started
582.5411 	DATA 	Keypress: rctrl
583.2292 	EXP 	Sound  started
583.2612 	DATA 	Keypress: rctrl
583.9651 	DATA 	Keypress: rctrl
583.9792 	EXP 	Sound  started
584.7172 	DATA 	Keypress: lctrl
584.7292 	EXP 	Sound  started
585.4792 	EXP 	Sound  started
585.4851 	DATA 	Keypress: rctrl
586.1571 	DATA 	Keypress: lctrl
586.2293 	EXP 	Sound  started
586.9793 	EXP 	Sound  started
587.1171 	DATA 	Keypress: rctrl
587.7251 	DATA 	Keypress: lctrl
587.7293 	EXP 	Sound  started
588.4611 	DATA 	Keypress: rctrl
588.4793 	EXP 	Sound  started
589.1811 	DATA 	Keypress: rctrl
589.2293 	EXP 	Sound  started
589.9332 	DATA 	Keypress: lctrl
589.9793 	EXP 	Sound  started
590.7293 	EXP 	Sound  started
590.7971 	DATA 	Keypress: lctrl
591.4794 	EXP 	Sound  started
591.5331 	DATA 	Keypress: rctrl
592.2051 	DATA 	Keypress: lctrl
592.2294 	EXP 	Sound  started
592.9794 	EXP 	Sound  started
593.1011 	DATA 	Keypress: rctrl
593.7294 	EXP 	Sound  started
593.7571 	DATA 	Keypress: rctrl
594.4292 	DATA 	Keypress: rctrl
594.4794 	EXP 	Sound  started
595.2294 	EXP 	Sound  started
595.2771 	DATA 	Keypress: rctrl
595.9011 	DATA 	Keypress: rctrl
595.9794 	EXP 	Sound  started
596.7011 	DATA 	Keypress: rctrl
596.7295 	EXP 	Sound  started
597.3251 	DATA 	Keypress: lctrl
597.4795 	EXP 	Sound  started
598.2295 	EXP 	Sound  started
598.2371 	DATA 	Keypress: lctrl
598.8931 	DATA 	Keypress: lctrl
598.9795 	EXP 	Sound  started
599.7295 	EXP 	Sound  started
599.7731 	DATA 	Keypress: rctrl
600.4611 	DATA 	Keypress: rctrl
600.4795 	EXP 	Sound  started
601.2296 	EXP 	Sound  started
601.2611 	DATA 	Keypress: lctrl
601.9796 	EXP 	Sound  started
602.0931 	DATA 	Keypress: lctrl
602.7296 	EXP 	Sound  started
602.7971 	DATA 	Keypress: lctrl
603.4531 	DATA 	Keypress: lctrl
603.4796 	EXP 	Sound  started
604.1891 	DATA 	Keypress: lctrl
604.2296 	EXP 	Sound  started
604.9251 	DATA 	Keypress: lctrl
604.9796 	EXP 	Sound  started
605.7297 	EXP 	Sound  started
605.8050 	DATA 	Keypress: rctrl
606.4611 	DATA 	Keypress: lctrl
606.4797 	EXP 	Sound  started
607.1651 	DATA 	Keypress: lctrl
607.2297 	EXP 	Sound  started
607.9011 	DATA 	Keypress: rctrl
607.9797 	EXP 	Sound  started
608.6851 	DATA 	Keypress: rctrl
608.7297 	EXP 	Sound  started
609.4797 	EXP 	Sound  started
609.6931 	DATA 	Keypress: rctrl
610.2297 	EXP 	Sound  started
610.2530 	DATA 	Keypress: lctrl
610.9798 	EXP 	Sound  started
610.9891 	DATA 	Keypress: rctrl
611.6291 	DATA 	Keypress: rctrl
617.6134 	DATA 	Keypress: 1
617.6299 	EXP 	unnamed ShapeStim: vertices = <class 'numpy.ndarray'>
621.4704 	DATA 	Keypress: 3
621.4997 	EXP 	unnamed ShapeStim: vertices = <class 'numpy.ndarray'>
624.1359 	DATA 	Keypress: 1
624.1524 	EXP 	unnamed ShapeStim: vertices = <class 'numpy.ndarray'>
626.4367 	EXP 	Sound  started
626.4371 	DATA 	Keypress: lctrl
627.0531 	DATA 	Keypress: lctrl
627.1866 	EXP 	Sound  started
627.8050 	DATA 	Keypress: lctrl
627.9366 	EXP 	Sound  started
628.5732 	DATA 	Keypress: lctrl
628.6866 	EXP 	Sound  started
629.2930 	DATA 	Keypress: rctrl
629.4367 	EXP 	Sound  started
629.9811 	DATA 	Keypress: rctrl
630.1867 	EXP 	Sound  started
630.7650 	DATA 	Keypress: lctrl
630.9367 	EXP 	Sound  started
631.5011 	DATA 	Keypress: lctrl
631.6867 	EXP 	Sound  started
632.2370 	DATA 	Keypress: rctrl
632.4367 	EXP 	Sound  started
633.0051 	DATA 	Keypress: lctrl
633.1867 	EXP 	Sound  started
633.7251 	DATA 	Keypress: rctrl
633.9367 	EXP 	Sound  started
634.4931 	DATA 	Keypress: lctrl
634.6867 	EXP 	Sound  started
635.2130 	DATA 	Keypress: rctrl
635.4368 	EXP 	Sound  started
635.9811 	DATA 	Keypress: rctrl
636.1868 	EXP 	Sound  started
636.7171 	DATA 	Keypress: lctrl
636.9368 	EXP 	Sound  started
637.4530 	DATA 	Keypress: lctrl
637.6868 	EXP 	Sound  started
638.2051 	DATA 	Keypress: rctrl
638.4368 	EXP 	Sound  started
638.9730 	DATA 	Keypress: rctrl
639.1868 	EXP 	Sound  started
639.6771 	DATA 	Keypress: rctrl
639.9369 	EXP 	Sound  started
640.4930 	DATA 	Keypress: rctrl
640.6869 	EXP 	Sound  started
641.2771 	DATA 	Keypress: rctrl
641.4369 	EXP 	Sound  started
642.0451 	DATA 	Keypress: rctrl
642.1869 	EXP 	Sound  started
642.7971 	DATA 	Keypress: lctrl
642.9369 	EXP 	Sound  started
643.5331 	DATA 	Keypress: rctrl
643.6869 	EXP 	Sound  started
644.2691 	DATA 	Keypress: lctrl
644.4369 	EXP 	Sound  started
645.0850 	DATA 	Keypress: lctrl
645.1870 	EXP 	Sound  started
645.8531 	DATA 	Keypress: lctrl
645.9370 	EXP 	Sound  started
646.5891 	DATA 	Keypress: lctrl
646.6870 	EXP 	Sound  started
647.3091 	DATA 	Keypress: rctrl
647.4370 	EXP 	Sound  started
647.9811 	DATA 	Keypress: lctrl
648.1870 	EXP 	Sound  started
648.7170 	DATA 	Keypress: lctrl
648.9370 	EXP 	Sound  started
649.3890 	DATA 	Keypress: rctrl
649.6870 	EXP 	Sound  started
650.2370 	DATA 	Keypress: lctrl
650.4370 	EXP 	Sound  started
650.9410 	DATA 	Keypress: lctrl
651.1871 	EXP 	Sound  started
651.7570 	DATA 	Keypress: lctrl
651.9371 	EXP 	Sound  started
652.4610 	DATA 	Keypress: lctrl
652.6871 	EXP 	Sound  started
653.2450 	DATA 	Keypress: rctrl
653.4371 	EXP 	Sound  started
653.9650 	DATA 	Keypress: lctrl
654.1871 	EXP 	Sound  started
654.7971 	DATA 	Keypress: lctrl
654.9371 	EXP 	Sound  started
655.5811 	DATA 	Keypress: rctrl
655.6872 	EXP 	Sound  started
656.3490 	DATA 	Keypress: rctrl
656.4372 	EXP 	Sound  started
657.0690 	DATA 	Keypress: lctrl
657.1872 	EXP 	Sound  started
657.7890 	DATA 	Keypress: rctrl
657.9372 	EXP 	Sound  started
658.4611 	DATA 	Keypress: rctrl
658.6872 	EXP 	Sound  started
659.2130 	DATA 	Keypress: rctrl
659.4372 	EXP 	Sound  started
659.9650 	DATA 	Keypress: rctrl
660.1873 	EXP 	Sound  started
660.6690 	DATA 	Keypress: rctrl
660.9373 	EXP 	Sound  started
661.4530 	DATA 	Keypress: rctrl
661.6873 	EXP 	Sound  started
662.2531 	DATA 	Keypress: lctrl
662.4373 	EXP 	Sound  started
663.0052 	DATA 	Keypress: lctrl
663.1873 	EXP 	Sound  started
663.7092 	DATA 	Keypress: rctrl
663.9373 	EXP 	Sound  started
664.4931 	DATA 	Keypress: rctrl
664.6873 	EXP 	Sound  started
665.3251 	DATA 	Keypress: lctrl
665.4374 	EXP 	Sound  started
665.9970 	DATA 	Keypress: rctrl
669.1890 	DATA 	Keypress: 3
669.2055 	EXP 	unnamed ShapeStim: vertices = <class 'numpy.ndarray'>
671.5747 	DATA 	Keypress: 2
671.5912 	EXP 	unnamed ShapeStim: vertices = <class 'numpy.ndarray'>
673.8933 	DATA 	Keypress: 3
673.9098 	EXP 	unnamed ShapeStim: vertices = <class 'numpy.ndarray'>
676.1953 	EXP 	Sound  started
676.1956 	DATA 	Keypress: rctrl
676.7810 	DATA 	Keypress: rctrl
676.9453 	EXP 	Sound  started
677.5491 	DATA 	Keypress: rctrl
677.6953 	EXP 	Sound  started
678.3171 	DATA 	Keypress: rctrl
678.4453 	EXP 	Sound  started
679.1811 	DATA 	Keypress: lctrl
679.1954 	EXP 	Sound  started
679.8210 	DATA 	Keypress: lctrl
679.9454 	EXP 	Sound  started
680.5570 	DATA 	Keypress: rctrl
680.6954 	EXP 	Sound  started
681.2610 	DATA 	Keypress: rctrl
681.4454 	EXP 	Sound  started
682.0611 	DATA 	Keypress: lctrl
682.1954 	EXP 	Sound  started
682.7490 	DATA 	Keypress: rctrl
682.9454 	EXP 	Sound  started
683.5490 	DATA 	Keypress: lctrl
683.6954 	EXP 	Sound  started
684.2530 	DATA 	Keypress: lctrl
684.4455 	EXP 	Sound  started
685.0530 	DATA 	Keypress: rctrl
685.1955 	EXP 	Sound  started
685.7251 	DATA 	Keypress: lctrl
685.9455 	EXP 	Sound  started
686.5090 	DATA 	Keypress: rctrl
686.6955 	EXP 	Sound  started
687.3570 	DATA 	Keypress: rctrl
687.4455 	EXP 	Sound  started
688.0771 	DATA 	Keypress: rctrl
688.1955 	EXP 	Sound  started
688.8770 	DATA 	Keypress: rctrl
688.9456 	EXP 	Sound  started
689.4691 	DATA 	Keypress: lctrl
689.6956 	EXP 	Sound  started
690.3010 	DATA 	Keypress: rctrl
690.4456 	EXP 	Sound  started
691.0370 	DATA 	Keypress: rctrl
691.1956 	EXP 	Sound  started
691.8530 	DATA 	Keypress: rctrl
691.9456 	EXP 	Sound  started
692.6210 	DATA 	Keypress: rctrl
692.6956 	EXP 	Sound  started
693.3571 	DATA 	Keypress: rctrl
693.4457 	EXP 	Sound  started
694.1411 	DATA 	Keypress: rctrl
694.1957 	EXP 	Sound  started
694.8290 	DATA 	Keypress: rctrl
694.9457 	EXP 	Sound  started
695.5970 	DATA 	Keypress: lctrl
695.6957 	EXP 	Sound  started
696.3653 	DATA 	Keypress: rctrl
696.4457 	EXP 	Sound  started
697.1010 	DATA 	Keypress: rctrl
697.1957 	EXP 	Sound  started
697.7730 	DATA 	Keypress: rctrl
697.9458 	EXP 	Sound  started
698.6530 	DATA 	Keypress: lctrl
698.6958 	EXP 	Sound  started
699.3251 	DATA 	Keypress: lctrl
699.4458 	EXP 	Sound  started
700.0610 	DATA 	Keypress: rctrl
700.1958 	EXP 	Sound  started
700.8130 	DATA 	Keypress: lctrl
700.9458 	EXP 	Sound  started
701.4690 	DATA 	Keypress: rctrl
701.6958 	EXP 	Sound  started
702.2851 	DATA 	Keypress: lctrl
702.4458 	EXP 	Sound  started
702.9730 	DATA 	Keypress: rctrl
703.1959 	EXP 	Sound  started
703.6930 	DATA 	Keypress: lctrl
703.9459 	EXP 	Sound  started
704.4771 	DATA 	Keypress: rctrl
704.6959 	EXP 	Sound  started
705.1810 	DATA 	Keypress: lctrl
705.4459 	EXP 	Sound  started
705.9010 	DATA 	Keypress: rctrl
706.1959 	EXP 	Sound  started
706.6210 	DATA 	Keypress: lctrl
706.9459 	EXP 	Sound  started
707.4370 	DATA 	Keypress: rctrl
707.6959 	EXP 	Sound  started
708.3331 	DATA 	Keypress: lctrl
708.4460 	EXP 	Sound  started
708.4769 	DATA 	Keypress: rctrl
709.1650 	DATA 	Keypress: rctrl
709.1960 	EXP 	Sound  started
709.8210 	DATA 	Keypress: lctrl
709.9460 	EXP 	Sound  started
710.6051 	DATA 	Keypress: rctrl
710.6960 	EXP 	Sound  started
711.4050 	DATA 	Keypress: rctrl
711.4460 	EXP 	Sound  started
712.0451 	DATA 	Keypress: lctrl
712.1960 	EXP 	Sound  started
712.8770 	DATA 	Keypress: lctrl
712.9460 	EXP 	Sound  started
713.5170 	DATA 	Keypress: rctrl
713.6961 	EXP 	Sound  started
714.2690 	DATA 	Keypress: rctrl
714.4461 	EXP 	Sound  started
715.0850 	DATA 	Keypress: lctrl
715.1961 	EXP 	Sound  started
715.7410 	DATA 	Keypress: rctrl
715.9461 	EXP 	Sound  started
716.5571 	DATA 	Keypress: lctrl
716.6961 	EXP 	Sound  started
717.3570 	DATA 	Keypress: lctrl
717.4461 	EXP 	Sound  started
718.0450 	DATA 	Keypress: lctrl
718.1962 	EXP 	Sound  started
718.8130 	DATA 	Keypress: lctrl
718.9462 	EXP 	Sound  started
719.6962 	EXP 	Sound  started
720.3330 	DATA 	Keypress: lctrl
720.4462 	EXP 	Sound  started
721.1170 	DATA 	Keypress: rctrl
721.1962 	EXP 	Sound  started
721.8210 	DATA 	Keypress: lctrl
721.9462 	EXP 	Sound  started
722.5090 	DATA 	Keypress: rctrl
722.6963 	EXP 	Sound  started
723.2450 	DATA 	Keypress: rctrl
723.4463 	EXP 	Sound  started
723.9490 	DATA 	Keypress: lctrl
724.1963 	EXP 	Sound  started
724.6530 	DATA 	Keypress: rctrl
724.9463 	EXP 	Sound  started
725.4850 	DATA 	Keypress: rctrl
725.6963 	EXP 	Sound  started
726.2690 	DATA 	Keypress: lctrl
726.4463 	EXP 	Sound  started
727.0531 	DATA 	Keypress: lctrl
727.1963 	EXP 	Sound  started
727.7730 	DATA 	Keypress: lctrl
727.9464 	EXP 	Sound  started
728.5250 	DATA 	Keypress: lctrl
728.6964 	EXP 	Sound  started
729.2770 	DATA 	Keypress: lctrl
729.4464 	EXP 	Sound  started
729.9970 	DATA 	Keypress: lctrl
730.1964 	EXP 	Sound  started
730.7970 	DATA 	Keypress: rctrl
730.9464 	EXP 	Sound  started
731.5010 	DATA 	Keypress: rctrl
731.6964 	EXP 	Sound  started
732.3170 	DATA 	Keypress: lctrl
732.4464 	EXP 	Sound  started
733.0050 	DATA 	Keypress: lctrl
733.1965 	EXP 	Sound  started
733.7890 	DATA 	Keypress: rctrl
733.9465 	EXP 	Sound  started
734.5250 	DATA 	Keypress: rctrl
734.6965 	EXP 	Sound  started
735.3090 	DATA 	Keypress: rctrl
735.4465 	EXP 	Sound  started
736.0290 	DATA 	Keypress: rctrl
736.1965 	EXP 	Sound  started
736.8611 	DATA 	Keypress: rctrl
745.0717 	DATA 	Keypress: 1
745.1009 	EXP 	unnamed ShapeStim: vertices = <class 'numpy.ndarray'>
747.3735 	DATA 	Keypress: 2
747.4028 	EXP 	unnamed ShapeStim: vertices = <class 'numpy.ndarray'>
751.7604 	DATA 	Keypress: 1
751.7898 	EXP 	unnamed ShapeStim: vertices = <class 'numpy.ndarray'>
754.0744 	EXP 	Sound  started
754.0751 	DATA 	Keypress: lctrl
754.6050 	DATA 	Keypress: lctrl
754.8243 	EXP 	Sound  started
755.3090 	DATA 	Keypress: lctrl
755.5743 	EXP 	Sound  started
756.0930 	DATA 	Keypress: lctrl
756.3243 	EXP 	Sound  started
756.8770 	DATA 	Keypress: lctrl
757.0743 	EXP 	Sound  started
757.6930 	DATA 	Keypress: lctrl
757.8243 	EXP 	Sound  started
758.4450 	DATA 	Keypress: rctrl
758.5743 	EXP 	Sound  started
759.1810 	DATA 	Keypress: rctrl
759.3243 	EXP 	Sound  started
759.9010 	DATA 	Keypress: lctrl
760.0744 	EXP 	Sound  started
760.6370 	DATA 	Keypress: lctrl
760.8244 	EXP 	Sound  started
761.4050 	DATA 	Keypress: lctrl
761.5744 	EXP 	Sound  started
762.1250 	DATA 	Keypress: rctrl
762.3244 	EXP 	Sound  started
762.8930 	DATA 	Keypress: lctrl
763.0744 	EXP 	Sound  started
763.6290 	DATA 	Keypress: rctrl
763.8245 	EXP 	Sound  started
764.4290 	DATA 	Keypress: rctrl
764.5745 	EXP 	Sound  started
765.2290 	DATA 	Keypress: rctrl
765.3245 	EXP 	Sound  started
766.0610 	DATA 	Keypress: rctrl
766.0745 	EXP 	Sound  started
766.7490 	DATA 	Keypress: lctrl
766.8245 	EXP 	Sound  started
767.5330 	DATA 	Keypress: rctrl
767.5745 	EXP 	Sound  started
768.2370 	DATA 	Keypress: lctrl
768.3245 	EXP 	Sound  started
769.0745 	EXP 	Sound  started
769.0850 	DATA 	Keypress: rctrl
769.8049 	DATA 	Keypress: rctrl
769.8246 	EXP 	Sound  started
770.5746 	EXP 	Sound  started
770.6210 	DATA 	Keypress: rctrl
771.3246 	EXP 	Sound  started
771.3249 	DATA 	Keypress: lctrl
772.0746 	EXP 	Sound  started
772.1250 	DATA 	Keypress: rctrl
772.8246 	EXP 	Sound  started
772.8610 	DATA 	Keypress: rctrl
773.5649 	DATA 	Keypress: rctrl
773.5746 	EXP 	Sound  started
774.2530 	DATA 	Keypress: rctrl
774.3247 	EXP 	Sound  started
775.0530 	DATA 	Keypress: rctrl
775.0747 	EXP 	Sound  started
775.7730 	DATA 	Keypress: rctrl
775.8247 	EXP 	Sound  started
776.5570 	DATA 	Keypress: lctrl
776.5747 	EXP 	Sound  started
777.2449 	DATA 	Keypress: rctrl
777.3247 	EXP 	Sound  started
778.0289 	DATA 	Keypress: lctrl
778.0747 	EXP 	Sound  started
778.7490 	DATA 	Keypress: lctrl
778.8247 	EXP 	Sound  started
779.5009 	DATA 	Keypress: rctrl
779.5747 	EXP 	Sound  started
780.2369 	DATA 	Keypress: lctrl
780.3248 	EXP 	Sound  started
780.9890 	DATA 	Keypress: rctrl
781.0748 	EXP 	Sound  started
781.6930 	DATA 	Keypress: rctrl
781.8248 	EXP 	Sound  started
782.4610 	DATA 	Keypress: lctrl
782.5748 	EXP 	Sound  started
783.2930 	DATA 	Keypress: rctrl
783.3248 	EXP 	Sound  started
784.0289 	DATA 	Keypress: lctrl
784.0748 	EXP 	Sound  started
784.7810 	DATA 	Keypress: rctrl
784.8249 	EXP 	Sound  started
785.5490 	DATA 	Keypress: lctrl
785.5749 	EXP 	Sound  started
786.3249 	EXP 	Sound  started
786.3330 	DATA 	Keypress: lctrl
787.0210 	DATA 	Keypress: lctrl
787.0749 	EXP 	Sound  started
787.7730 	DATA 	Keypress: lctrl
787.8249 	EXP 	Sound  started
788.5749 	EXP 	Sound  started
788.6690 	DATA 	Keypress: lctrl
789.3250 	DATA 	Keypress: lctrl
789.3253 	EXP 	Sound  started
790.0753 	EXP 	Sound  started
790.0769 	DATA 	Keypress: lctrl
790.7329 	DATA 	Keypress: lctrl
790.8253 	EXP 	Sound  started
791.4370 	DATA 	Keypress: lctrl
791.5753 	EXP 	Sound  started
792.2529 	DATA 	Keypress: rctrl
792.3253 	EXP 	Sound  started
792.9890 	DATA 	Keypress: rctrl
793.0753 	EXP 	Sound  started
793.7249 	DATA 	Keypress: lctrl
793.8254 	EXP 	Sound  started
794.5410 	DATA 	Keypress: lctrl
794.5754 	EXP 	Sound  started
795.2929 	DATA 	Keypress: rctrl
795.3254 	EXP 	Sound  started
796.0290 	DATA 	Keypress: rctrl
796.0754 	EXP 	Sound  started
796.6689 	DATA 	Keypress: rctrl
796.8254 	EXP 	Sound  started
797.4689 	DATA 	Keypress: rctrl
797.5754 	EXP 	Sound  started
798.3170 	DATA 	Keypress: rctrl
798.3254 	EXP 	Sound  started
799.0530 	DATA 	Keypress: rctrl
799.0754 	EXP 	Sound  started
799.8255 	EXP 	Sound  started
799.8369 	DATA 	Keypress: rctrl
800.5090 	DATA 	Keypress: rctrl
800.5755 	EXP 	Sound  started
801.2449 	DATA 	Keypress: lctrl
801.3255 	EXP 	Sound  started
802.0609 	DATA 	Keypress: rctrl
802.0755 	EXP 	Sound  started
802.7649 	DATA 	Keypress: lctrl
802.8255 	EXP 	Sound  started
803.5009 	DATA 	Keypress: lctrl
803.5755 	EXP 	Sound  started
804.2369 	DATA 	Keypress: lctrl
804.3255 	EXP 	Sound  started
804.9889 	DATA 	Keypress: lctrl
805.0756 	EXP 	Sound  started
805.8049 	DATA 	Keypress: rctrl
805.8256 	EXP 	Sound  started
806.5756 	EXP 	Sound  started
806.6049 	DATA 	Keypress: rctrl
807.2610 	DATA 	Keypress: lctrl
807.3256 	EXP 	Sound  started
807.9169 	DATA 	Keypress: rctrl
808.0756 	EXP 	Sound  started
808.7489 	DATA 	Keypress: rctrl
808.8256 	EXP 	Sound  started
809.5169 	DATA 	Keypress: lctrl
809.5756 	EXP 	Sound  started
810.2369 	DATA 	Keypress: rctrl
810.3256 	EXP 	Sound  started
811.0050 	DATA 	Keypress: lctrl
811.0757 	EXP 	Sound  started
811.7249 	DATA 	Keypress: rctrl
811.8257 	EXP 	Sound  started
812.4610 	DATA 	Keypress: lctrl
812.5757 	EXP 	Sound  started
813.1649 	DATA 	Keypress: rctrl
821.0133 	DATA 	Keypress: 2
821.0298 	EXP 	unnamed ShapeStim: vertices = <class 'numpy.ndarray'>
823.2818 	DATA 	Keypress: 4
823.2983 	EXP 	unnamed ShapeStim: vertices = <class 'numpy.ndarray'>
825.5508 	DATA 	Keypress: 3
825.5673 	EXP 	unnamed ShapeStim: vertices = <class 'numpy.ndarray'>
827.8568 	DATA 	Keypress: lctrl
1191.8049 	DATA 	Keypress: return
1191.8748 	EXP 	window1: mouseVisible = True
