31.1993 	WARNING 	User requested fullscreen with size [1024  768], but screen is actually [1920, 1200]. Using actual size
31.9961 	EXP 	Created window1 = Window(allowGUI=False, allowStencil=False, autoLog=True, backendConf=UNKNOWN, bitsMode=UNKNOWN, blendMode='avg', bpc=(8, 8, 8), color=array([0, 0, 0]), colorSpace='rgb', depthBits=8, fullscr=<method-wrapper '__getattribute__' of attributeSetter object at 0x000001D145236748>, gamma=None, gammaErrorPolicy='raise', lms=UNKNOWN, monitor=<psychopy.monitors.calibTools.Monitor object at 0x000001D146976048>, multiSample=False, name='window1', numSamples=2, pos=[0.0, 0.0], screen=0, size=array([1920, 1200]), stencilBits=0, stereo=False, units='norm', useFBO=True, useRetina=False, viewOri=0.0, viewPos=None, viewScale=None, waitBlanking=True, winType='pyglet')
31.9965 	EXP 	window1: mouseVisible = True
31.9965 	EXP 	window1: mouseVisible = False
31.9965 	EXP 	window1: recordFrameIntervals = False
32.1626 	EXP 	window1: recordFrameIntervals = True
32.3462 	EXP 	window1: recordFrameIntervals = False
32.3997 	EXP 	Created text = TextStim(__class__=<class 'psychopy.visual.text.TextStim'>, alignHoriz=method-wrapper(...), alignText='center', alignVert=method-wrapper(...), anchorHoriz='center', anchorVert='center', antialias=True, autoLog=True, bold=False, color=array([1., 1., 1.]), colorSpace='rgb', contrast=1.0, depth=0.0, flipHoriz=False, flipVert=False, font='Arial', fontFiles=[], height=0.15, italic=False, languageStyle='LTR', name='text', opacity=1, ori=0, pos=array([0., 0.]), rgb=UNKNOWN, text='+', units='norm', win=Window(...), wrapWidth=1)
32.4195 	EXP 	Created text = TextStim(__class__=<class 'psychopy.visual.text.TextStim'>, alignHoriz=method-wrapper(...), alignText='center', alignVert=method-wrapper(...), anchorHoriz='center', anchorVert='center', antialias=True, autoLog=True, bold=False, color=array([1., 1., 1.]), colorSpace='rgb', contrast=1.0, depth=0.0, flipHoriz=False, flipVert=False, font='Arial', fontFiles=[], height=0.07, italic=False, languageStyle='LTR', name='text', opacity=1, ori=0, pos=array([0., 0.]), rgb=UNKNOWN, text=str(...), units='norm', win=Window(...), wrapWidth=1.65)
32.4303 	EXP 	Created text = TextStim(__class__=<class 'psychopy.visual.text.TextStim'>, alignHoriz=method-wrapper(...), alignText='center', alignVert=method-wrapper(...), anchorHoriz='center', anchorVert='center', antialias=True, autoLog=True, bold=False, color=array([1., 1., 1.]), colorSpace='rgb', contrast=1.0, depth=0.0, flipHoriz=False, flipVert=False, font='Arial', fontFiles=[], height=0.07, italic=False, languageStyle='LTR', name='text', opacity=1, ori=0, pos=array([0., 0.]), rgb=UNKNOWN, text=str(...), units='norm', win=Window(...), wrapWidth=1.65)
32.4401 	EXP 	Created text = TextStim(__class__=<class 'psychopy.visual.text.TextStim'>, alignHoriz=method-wrapper(...), alignText='center', alignVert=method-wrapper(...), anchorHoriz='center', anchorVert='center', antialias=True, autoLog=True, bold=False, color=array([1., 1., 1.]), colorSpace='rgb', contrast=1.0, depth=0.0, flipHoriz=False, flipVert=False, font='Arial', fontFiles=[], height=0.07, italic=False, languageStyle='LTR', name='text', opacity=1, ori=0, pos=array([0., 0.]), rgb=UNKNOWN, text=str(...), units='norm', win=Window(...), wrapWidth=1.65)
32.4503 	EXP 	Created text = TextStim(__class__=<class 'psychopy.visual.text.TextStim'>, alignHoriz=method-wrapper(...), alignText='center', alignVert=method-wrapper(...), anchorHoriz='center', anchorVert='center', antialias=True, autoLog=True, bold=False, color=array([1., 1., 1.]), colorSpace='rgb', contrast=1.0, depth=0.0, flipHoriz=False, flipVert=False, font='Arial', fontFiles=[], height=0.07, italic=False, languageStyle='LTR', name='text', opacity=1, ori=0, pos=array([0., 0.]), rgb=UNKNOWN, text=str(...), units='norm', win=Window(...), wrapWidth=1.65)
32.4556 	EXP 	Created text = TextStim(__class__=<class 'psychopy.visual.text.TextStim'>, alignHoriz=method-wrapper(...), alignText='center', alignVert=method-wrapper(...), anchorHoriz='center', anchorVert='center', antialias=True, autoLog=True, bold=False, color=array([1., 1., 1.]), colorSpace='rgb', contrast=1.0, depth=0.0, flipHoriz=False, flipVert=False, font='Arial', fontFiles=[], height=0.07, italic=False, languageStyle='LTR', name='text', opacity=1, ori=0, pos=array([0., 0.]), rgb=UNKNOWN, text=str(...), units='norm', win=Window(...), wrapWidth=1.65)
32.4698 	EXP 	Created text = TextStim(__class__=<class 'psychopy.visual.text.TextStim'>, alignHoriz=method-wrapper(...), alignText='center', alignVert=method-wrapper(...), anchorHoriz='center', anchorVert='center', antialias=True, autoLog=True, bold=False, color=array([1., 1., 1.]), colorSpace='rgb', contrast=1.0, depth=0.0, flipHoriz=False, flipVert=False, font='Arial', fontFiles=[], height=0.15, italic=False, languageStyle='LTR', name='text', opacity=1, ori=0, pos=array([0., 0.]), rgb=UNKNOWN, text=str(...), units='norm', win=Window(...), wrapWidth=1.65)
32.4981 	EXP 	Created text = TextStim(__class__=<class 'psychopy.visual.text.TextStim'>, alignHoriz=method-wrapper(...), alignText='center', alignVert=method-wrapper(...), anchorHoriz='center', anchorVert='center', antialias=True, autoLog=True, bold=False, color=array([1., 1., 1.]), colorSpace='rgb', contrast=1.0, depth=0.0, flipHoriz=False, flipVert=False, font='Arial', fontFiles=[], height=0.07, italic=False, languageStyle='LTR', name='text', opacity=1, ori=0, pos=array([0., 0.]), rgb=UNKNOWN, text=str(...), units='norm', win=Window(...), wrapWidth=1.65)
32.5158 	EXP 	Created text = TextStim(__class__=<class 'psychopy.visual.text.TextStim'>, alignHoriz=method-wrapper(...), alignText='center', alignVert=method-wrapper(...), anchorHoriz='center', anchorVert='center', antialias=True, autoLog=True, bold=False, color=array([1., 1., 1.]), colorSpace='rgb', contrast=1.0, depth=0.0, flipHoriz=False, flipVert=False, font='Arial', fontFiles=[], height=0.07, italic=False, languageStyle='LTR', name='text', opacity=1, ori=0, pos=array([0., 0.]), rgb=UNKNOWN, text=str(...), units='norm', win=Window(...), wrapWidth=1.65)
32.5459 	EXP 	Created text = TextStim(__class__=<class 'psychopy.visual.text.TextStim'>, alignHoriz=method-wrapper(...), alignText='center', alignVert=method-wrapper(...), anchorHoriz='center', anchorVert='center', antialias=True, autoLog=True, bold=False, color=array([1., 1., 1.]), colorSpace='rgb', contrast=1.0, depth=0.0, flipHoriz=False, flipVert=False, font='Arial', fontFiles=[], height=0.07, italic=False, languageStyle='LTR', name='text', opacity=1, ori=0, pos=array([0., 0.]), rgb=UNKNOWN, text=str(...), units='norm', win=Window(...), wrapWidth=1.65)
32.5736 	EXP 	Created text = TextStim(__class__=<class 'psychopy.visual.text.TextStim'>, alignHoriz=method-wrapper(...), alignText='center', alignVert=method-wrapper(...), anchorHoriz='center', anchorVert='center', antialias=True, autoLog=True, bold=False, color=array([1., 1., 1.]), colorSpace='rgb', contrast=1.0, depth=0.0, flipHoriz=False, flipVert=False, font='Arial', fontFiles=[], height=0.07, italic=False, languageStyle='LTR', name='text', opacity=1, ori=0, pos=array([0., 0.]), rgb=UNKNOWN, text=str(...), units='norm', win=Window(...), wrapWidth=1.65)
32.6054 	EXP 	Created text = TextStim(__class__=<class 'psychopy.visual.text.TextStim'>, alignHoriz=method-wrapper(...), alignText='center', alignVert=method-wrapper(...), anchorHoriz='center', anchorVert='center', antialias=True, autoLog=True, bold=False, color=array([1., 1., 1.]), colorSpace='rgb', contrast=1.0, depth=0.0, flipHoriz=False, flipVert=False, font='Arial', fontFiles=[], height=0.07, italic=False, languageStyle='LTR', name='text', opacity=1, ori=0, pos=array([0., 0.]), rgb=UNKNOWN, text=str(...), units='norm', win=Window(...), wrapWidth=1.65)
32.6144 	EXP 	Created text = TextStim(__class__=<class 'psychopy.visual.text.TextStim'>, alignHoriz=method-wrapper(...), alignText='center', alignVert=method-wrapper(...), anchorHoriz='center', anchorVert='center', antialias=True, autoLog=True, bold=False, color=array([1., 1., 1.]), colorSpace='rgb', contrast=1.0, depth=0.0, flipHoriz=False, flipVert=False, font='Arial', fontFiles=[], height=0.07, italic=False, languageStyle='LTR', name='text', opacity=1, ori=0, pos=array([0., 0.]), rgb=UNKNOWN, text=str(...), units='norm', win=Window(...), wrapWidth=1.65)
32.6268 	EXP 	Created text = TextStim(__class__=<class 'psychopy.visual.text.TextStim'>, alignHoriz=method-wrapper(...), alignText='center', alignVert=method-wrapper(...), anchorHoriz='center', anchorVert='center', antialias=True, autoLog=True, bold=False, color=array([1., 1., 1.]), colorSpace='rgb', contrast=1.0, depth=0.0, flipHoriz=False, flipVert=False, font='Arial', fontFiles=[], height=0.07, italic=False, languageStyle='LTR', name='text', opacity=1, ori=0, pos=array([0., 0.]), rgb=UNKNOWN, text=str(...), units='norm', win=Window(...), wrapWidth=1.65)
32.6314 	EXP 	Created instru = TextStim(__class__=<class 'psychopy.visual.text.TextStim'>, alignHoriz=method-wrapper(...), alignText='center', alignVert=method-wrapper(...), anchorHoriz='center', anchorVert='center', antialias=True, autoLog=True, bold=False, color=array([1., 1., 1.]), colorSpace='rgb', contrast=1.0, depth=0.0, flipHoriz=False, flipVert=False, font='Arial', fontFiles=[], height=0.07, italic=False, languageStyle='LTR', name='instru', opacity=1, ori=0, pos=array([0. , 0.5]), rgb=UNKNOWN, text=str(...), units='norm', win=Window(...), wrapWidth=1)
32.6339 	EXP 	Created unnamed Line = Line(__class__=<class 'psychopy.visual.line.Line'>, autoDraw=False, autoLog=True, closeShape=False, color=array([1., 1., 1.]), colorSpace='rgb', contrast=None, depth=0, fillColor=array([0, 0, 0]), fillColorSpace='rgb', fillRGB=array([0, 0, 0]), interpolate=True, lineColor=array([1., 1., 1.]), lineColorSpace='rgb', lineRGB=array([1, 1, 1]), lineWidth=5, name='unnamed Line', opacity=0.5, ori=0.0, pos=array([0., 0.]), size=array([1., 1.]), units='norm', vertices=array([[-0.5,  0. ],
       [ 0.5,  0. ]]), win=Window(...), windingRule=None)
32.6359 	EXP 	Created unnamed Line = Line(__class__=<class 'psychopy.visual.line.Line'>, autoDraw=False, autoLog=True, closeShape=False, color=array([1., 1., 1.]), colorSpace='rgb', contrast=None, depth=0, fillColor=array([0, 0, 0]), fillColorSpace='rgb', fillRGB=array([0, 0, 0]), interpolate=True, lineColor=array([1., 1., 1.]), lineColorSpace='rgb', lineRGB=array([1, 1, 1]), lineWidth=3, name='unnamed Line', opacity=0.5, ori=0.0, pos=array([0., 0.]), size=array([1., 1.]), units='norm', vertices=array([[-0.5 , -0.05],
       [-0.5 ,  0.05]]), win=Window(...), windingRule=None)
32.6379 	EXP 	Created unnamed Line = Line(__class__=<class 'psychopy.visual.line.Line'>, autoDraw=False, autoLog=True, closeShape=False, color=array([1., 1., 1.]), colorSpace='rgb', contrast=None, depth=0, fillColor=array([0, 0, 0]), fillColorSpace='rgb', fillRGB=array([0, 0, 0]), interpolate=True, lineColor=array([1., 1., 1.]), lineColorSpace='rgb', lineRGB=array([1, 1, 1]), lineWidth=3, name='unnamed Line', opacity=0.5, ori=0.0, pos=array([0., 0.]), size=array([1., 1.]), units='norm', vertices=ndarray(...), win=Window(...), windingRule=None)
32.6399 	EXP 	Created unnamed Line = Line(__class__=<class 'psychopy.visual.line.Line'>, autoDraw=False, autoLog=True, closeShape=False, color=array([1., 1., 1.]), colorSpace='rgb', contrast=None, depth=0, fillColor=array([0, 0, 0]), fillColorSpace='rgb', fillRGB=array([0, 0, 0]), interpolate=True, lineColor=array([1., 1., 1.]), lineColorSpace='rgb', lineRGB=array([1, 1, 1]), lineWidth=3, name='unnamed Line', opacity=0.5, ori=0.0, pos=array([0., 0.]), size=array([1., 1.]), units='norm', vertices=ndarray(...), win=Window(...), windingRule=None)
32.6418 	EXP 	Created unnamed Line = Line(__class__=<class 'psychopy.visual.line.Line'>, autoDraw=False, autoLog=True, closeShape=False, color=array([1., 1., 1.]), colorSpace='rgb', contrast=None, depth=0, fillColor=array([0, 0, 0]), fillColorSpace='rgb', fillRGB=array([0, 0, 0]), interpolate=True, lineColor=array([1., 1., 1.]), lineColorSpace='rgb', lineRGB=array([1, 1, 1]), lineWidth=3, name='unnamed Line', opacity=0.5, ori=0.0, pos=array([0., 0.]), size=array([1., 1.]), units='norm', vertices=array([[ 0.5 , -0.05],
       [ 0.5 ,  0.05]]), win=Window(...), windingRule=None)
32.6538 	EXP 	Created unnamed TextStim = TextStim(__class__=<class 'psychopy.visual.text.TextStim'>, alignHoriz=method-wrapper(...), alignText='center', alignVert=method-wrapper(...), anchorHoriz='center', anchorVert='center', antialias=True, autoLog=True, bold=False, color=array([1., 1., 1.]), colorSpace='rgb', contrast=1.0, depth=0, flipHoriz=False, flipVert=False, font='', fontFiles=[], height=0.05, italic=False, languageStyle='LTR', name='unnamed TextStim', opacity=1.0, ori=0.0, pos=array([-0.5, -0.1]), rgb=UNKNOWN, text='Clearly \n NOT FOCUSED', units='norm', win=Window(...), wrapWidth=1)
32.6549 	EXP 	Created unnamed TextStim = TextStim(__class__=<class 'psychopy.visual.text.TextStim'>, alignHoriz=method-wrapper(...), alignText='center', alignVert=method-wrapper(...), anchorHoriz='center', anchorVert='center', antialias=True, autoLog=True, bold=False, color=array([1., 1., 1.]), colorSpace='rgb', contrast=1.0, depth=0, flipHoriz=False, flipVert=False, font='', fontFiles=[], height=0.05, italic=False, languageStyle='LTR', name='unnamed TextStim', opacity=1.0, ori=0.0, pos=array([-0.16666667, -0.1       ]), rgb=UNKNOWN, text='', units='norm', win=Window(...), wrapWidth=1)
32.6559 	EXP 	Created unnamed TextStim = TextStim(__class__=<class 'psychopy.visual.text.TextStim'>, alignHoriz=method-wrapper(...), alignText='center', alignVert=method-wrapper(...), anchorHoriz='center', anchorVert='center', antialias=True, autoLog=True, bold=False, color=array([1., 1., 1.]), colorSpace='rgb', contrast=1.0, depth=0, flipHoriz=False, flipVert=False, font='', fontFiles=[], height=0.05, italic=False, languageStyle='LTR', name='unnamed TextStim', opacity=1.0, ori=0.0, pos=array([ 0.16666667, -0.1       ]), rgb=UNKNOWN, text='', units='norm', win=Window(...), wrapWidth=1)
32.6591 	EXP 	Created unnamed TextStim = TextStim(__class__=<class 'psychopy.visual.text.TextStim'>, alignHoriz=method-wrapper(...), alignText='center', alignVert=method-wrapper(...), anchorHoriz='center', anchorVert='center', antialias=True, autoLog=True, bold=False, color=array([1., 1., 1.]), colorSpace='rgb', contrast=1.0, depth=0, flipHoriz=False, flipVert=False, font='', fontFiles=[], height=0.05, italic=False, languageStyle='LTR', name='unnamed TextStim', opacity=1.0, ori=0.0, pos=array([ 0.5, -0.1]), rgb=UNKNOWN, text='Clearly \n FOCUSED', units='norm', win=Window(...), wrapWidth=1)
32.6610 	EXP 	Created unnamed ShapeStim = ShapeStim(__class__=<class 'psychopy.visual.shape.ShapeStim'>, autoDraw=False, autoLog=True, closeShape=True, color=method-wrapper(...), colorSpace='rgb', contrast=None, depth=0, fillColor=array([1, 1, 1]), fillColorSpace='rgb', fillRGB=array([1, 1, 1]), interpolate=True, lineColor=array([-1., -1., -1.]), lineColorSpace='rgb', lineRGB=array([-1, -1, -1]), lineWidth=1.5, name='unnamed ShapeStim', opacity=1.0, ori=0.0, pos=array([0., 0.]), size=array([1., 1.]), units='norm', vertices=ndarray(...), win=Window(...), windingRule=None)
32.6703 	EXP 	Created instru = TextStim(__class__=<class 'psychopy.visual.text.TextStim'>, alignHoriz=method-wrapper(...), alignText='center', alignVert=method-wrapper(...), anchorHoriz='center', anchorVert='center', antialias=True, autoLog=True, bold=False, color=array([1., 1., 1.]), colorSpace='rgb', contrast=1.0, depth=0.0, flipHoriz=False, flipVert=False, font='Arial', fontFiles=[], height=0.07, italic=False, languageStyle='LTR', name='instru', opacity=1, ori=0, pos=array([0. , 0.5]), rgb=UNKNOWN, text=str(...), units='norm', win=Window(...), wrapWidth=1)
32.6723 	EXP 	Created unnamed Line = Line(__class__=<class 'psychopy.visual.line.Line'>, autoDraw=False, autoLog=True, closeShape=False, color=array([1., 1., 1.]), colorSpace='rgb', contrast=None, depth=0, fillColor=array([0, 0, 0]), fillColorSpace='rgb', fillRGB=array([0, 0, 0]), interpolate=True, lineColor=array([1., 1., 1.]), lineColorSpace='rgb', lineRGB=array([1, 1, 1]), lineWidth=5, name='unnamed Line', opacity=0.5, ori=0.0, pos=array([0., 0.]), size=array([1., 1.]), units='norm', vertices=array([[-0.5,  0. ],
       [ 0.5,  0. ]]), win=Window(...), windingRule=None)
32.6743 	EXP 	Created unnamed Line = Line(__class__=<class 'psychopy.visual.line.Line'>, autoDraw=False, autoLog=True, closeShape=False, color=array([1., 1., 1.]), colorSpace='rgb', contrast=None, depth=0, fillColor=array([0, 0, 0]), fillColorSpace='rgb', fillRGB=array([0, 0, 0]), interpolate=True, lineColor=array([1., 1., 1.]), lineColorSpace='rgb', lineRGB=array([1, 1, 1]), lineWidth=3, name='unnamed Line', opacity=0.5, ori=0.0, pos=array([0., 0.]), size=array([1., 1.]), units='norm', vertices=array([[-0.5 , -0.05],
       [-0.5 ,  0.05]]), win=Window(...), windingRule=None)
32.6763 	EXP 	Created unnamed Line = Line(__class__=<class 'psychopy.visual.line.Line'>, autoDraw=False, autoLog=True, closeShape=False, color=array([1., 1., 1.]), colorSpace='rgb', contrast=None, depth=0, fillColor=array([0, 0, 0]), fillColorSpace='rgb', fillRGB=array([0, 0, 0]), interpolate=True, lineColor=array([1., 1., 1.]), lineColorSpace='rgb', lineRGB=array([1, 1, 1]), lineWidth=3, name='unnamed Line', opacity=0.5, ori=0.0, pos=array([0., 0.]), size=array([1., 1.]), units='norm', vertices=ndarray(...), win=Window(...), windingRule=None)
32.6783 	EXP 	Created unnamed Line = Line(__class__=<class 'psychopy.visual.line.Line'>, autoDraw=False, autoLog=True, closeShape=False, color=array([1., 1., 1.]), colorSpace='rgb', contrast=None, depth=0, fillColor=array([0, 0, 0]), fillColorSpace='rgb', fillRGB=array([0, 0, 0]), interpolate=True, lineColor=array([1., 1., 1.]), lineColorSpace='rgb', lineRGB=array([1, 1, 1]), lineWidth=3, name='unnamed Line', opacity=0.5, ori=0.0, pos=array([0., 0.]), size=array([1., 1.]), units='norm', vertices=ndarray(...), win=Window(...), windingRule=None)
32.6803 	EXP 	Created unnamed Line = Line(__class__=<class 'psychopy.visual.line.Line'>, autoDraw=False, autoLog=True, closeShape=False, color=array([1., 1., 1.]), colorSpace='rgb', contrast=None, depth=0, fillColor=array([0, 0, 0]), fillColorSpace='rgb', fillRGB=array([0, 0, 0]), interpolate=True, lineColor=array([1., 1., 1.]), lineColorSpace='rgb', lineRGB=array([1, 1, 1]), lineWidth=3, name='unnamed Line', opacity=0.5, ori=0.0, pos=array([0., 0.]), size=array([1., 1.]), units='norm', vertices=array([[ 0.5 , -0.05],
       [ 0.5 ,  0.05]]), win=Window(...), windingRule=None)
32.6855 	EXP 	Created unnamed TextStim = TextStim(__class__=<class 'psychopy.visual.text.TextStim'>, alignHoriz=method-wrapper(...), alignText='center', alignVert=method-wrapper(...), anchorHoriz='center', anchorVert='center', antialias=True, autoLog=True, bold=False, color=array([1., 1., 1.]), colorSpace='rgb', contrast=1.0, depth=0, flipHoriz=False, flipVert=False, font='', fontFiles=[], height=0.05, italic=False, languageStyle='LTR', name='unnamed TextStim', opacity=1.0, ori=0.0, pos=array([-0.5, -0.1]), rgb=UNKNOWN, text='Clearly \n NOTHING', units='norm', win=Window(...), wrapWidth=1)
32.6865 	EXP 	Created unnamed TextStim = TextStim(__class__=<class 'psychopy.visual.text.TextStim'>, alignHoriz=method-wrapper(...), alignText='center', alignVert=method-wrapper(...), anchorHoriz='center', anchorVert='center', antialias=True, autoLog=True, bold=False, color=array([1., 1., 1.]), colorSpace='rgb', contrast=1.0, depth=0, flipHoriz=False, flipVert=False, font='', fontFiles=[], height=0.05, italic=False, languageStyle='LTR', name='unnamed TextStim', opacity=1.0, ori=0.0, pos=array([-0.16666667, -0.1       ]), rgb=UNKNOWN, text='', units='norm', win=Window(...), wrapWidth=1)
32.6876 	EXP 	Created unnamed TextStim = TextStim(__class__=<class 'psychopy.visual.text.TextStim'>, alignHoriz=method-wrapper(...), alignText='center', alignVert=method-wrapper(...), anchorHoriz='center', anchorVert='center', antialias=True, autoLog=True, bold=False, color=array([1., 1., 1.]), colorSpace='rgb', contrast=1.0, depth=0, flipHoriz=False, flipVert=False, font='', fontFiles=[], height=0.05, italic=False, languageStyle='LTR', name='unnamed TextStim', opacity=1.0, ori=0.0, pos=array([ 0.16666667, -0.1       ]), rgb=UNKNOWN, text='', units='norm', win=Window(...), wrapWidth=1)
32.6917 	EXP 	Created unnamed TextStim = TextStim(__class__=<class 'psychopy.visual.text.TextStim'>, alignHoriz=method-wrapper(...), alignText='center', alignVert=method-wrapper(...), anchorHoriz='center', anchorVert='center', antialias=True, autoLog=True, bold=False, color=array([1., 1., 1.]), colorSpace='rgb', contrast=1.0, depth=0, flipHoriz=False, flipVert=False, font='', fontFiles=[], height=0.05, italic=False, languageStyle='LTR', name='unnamed TextStim', opacity=1.0, ori=0.0, pos=array([ 0.5, -0.1]), rgb=UNKNOWN, text='Clearly \n SOMETHING', units='norm', win=Window(...), wrapWidth=1)
32.6936 	EXP 	Created unnamed ShapeStim = ShapeStim(__class__=<class 'psychopy.visual.shape.ShapeStim'>, autoDraw=False, autoLog=True, closeShape=True, color=method-wrapper(...), colorSpace='rgb', contrast=None, depth=0, fillColor=array([1, 1, 1]), fillColorSpace='rgb', fillRGB=array([1, 1, 1]), interpolate=True, lineColor=array([-1., -1., -1.]), lineColorSpace='rgb', lineRGB=array([-1, -1, -1]), lineWidth=1.5, name='unnamed ShapeStim', opacity=1.0, ori=0.0, pos=array([0., 0.]), size=array([1., 1.]), units='norm', vertices=ndarray(...), win=Window(...), windingRule=None)
32.7010 	EXP 	Created instru = TextStim(__class__=<class 'psychopy.visual.text.TextStim'>, alignHoriz=method-wrapper(...), alignText='center', alignVert=method-wrapper(...), anchorHoriz='center', anchorVert='center', antialias=True, autoLog=True, bold=False, color=array([1., 1., 1.]), colorSpace='rgb', contrast=1.0, depth=0.0, flipHoriz=False, flipVert=False, font='Arial', fontFiles=[], height=0.07, italic=False, languageStyle='LTR', name='instru', opacity=1, ori=0, pos=array([0. , 0.5]), rgb=UNKNOWN, text=str(...), units='norm', win=Window(...), wrapWidth=1)
32.7030 	EXP 	Created unnamed Line = Line(__class__=<class 'psychopy.visual.line.Line'>, autoDraw=False, autoLog=True, closeShape=False, color=array([1., 1., 1.]), colorSpace='rgb', contrast=None, depth=0, fillColor=array([0, 0, 0]), fillColorSpace='rgb', fillRGB=array([0, 0, 0]), interpolate=True, lineColor=array([1., 1., 1.]), lineColorSpace='rgb', lineRGB=array([1, 1, 1]), lineWidth=5, name='unnamed Line', opacity=0.5, ori=0.0, pos=array([0., 0.]), size=array([1., 1.]), units='norm', vertices=array([[-0.5,  0. ],
       [ 0.5,  0. ]]), win=Window(...), windingRule=None)
32.7050 	EXP 	Created unnamed Line = Line(__class__=<class 'psychopy.visual.line.Line'>, autoDraw=False, autoLog=True, closeShape=False, color=array([1., 1., 1.]), colorSpace='rgb', contrast=None, depth=0, fillColor=array([0, 0, 0]), fillColorSpace='rgb', fillRGB=array([0, 0, 0]), interpolate=True, lineColor=array([1., 1., 1.]), lineColorSpace='rgb', lineRGB=array([1, 1, 1]), lineWidth=3, name='unnamed Line', opacity=0.5, ori=0.0, pos=array([0., 0.]), size=array([1., 1.]), units='norm', vertices=array([[-0.5 , -0.05],
       [-0.5 ,  0.05]]), win=Window(...), windingRule=None)
32.7070 	EXP 	Created unnamed Line = Line(__class__=<class 'psychopy.visual.line.Line'>, autoDraw=False, autoLog=True, closeShape=False, color=array([1., 1., 1.]), colorSpace='rgb', contrast=None, depth=0, fillColor=array([0, 0, 0]), fillColorSpace='rgb', fillRGB=array([0, 0, 0]), interpolate=True, lineColor=array([1., 1., 1.]), lineColorSpace='rgb', lineRGB=array([1, 1, 1]), lineWidth=3, name='unnamed Line', opacity=0.5, ori=0.0, pos=array([0., 0.]), size=array([1., 1.]), units='norm', vertices=ndarray(...), win=Window(...), windingRule=None)
32.7089 	EXP 	Created unnamed Line = Line(__class__=<class 'psychopy.visual.line.Line'>, autoDraw=False, autoLog=True, closeShape=False, color=array([1., 1., 1.]), colorSpace='rgb', contrast=None, depth=0, fillColor=array([0, 0, 0]), fillColorSpace='rgb', fillRGB=array([0, 0, 0]), interpolate=True, lineColor=array([1., 1., 1.]), lineColorSpace='rgb', lineRGB=array([1, 1, 1]), lineWidth=3, name='unnamed Line', opacity=0.5, ori=0.0, pos=array([0., 0.]), size=array([1., 1.]), units='norm', vertices=ndarray(...), win=Window(...), windingRule=None)
32.7109 	EXP 	Created unnamed Line = Line(__class__=<class 'psychopy.visual.line.Line'>, autoDraw=False, autoLog=True, closeShape=False, color=array([1., 1., 1.]), colorSpace='rgb', contrast=None, depth=0, fillColor=array([0, 0, 0]), fillColorSpace='rgb', fillRGB=array([0, 0, 0]), interpolate=True, lineColor=array([1., 1., 1.]), lineColorSpace='rgb', lineRGB=array([1, 1, 1]), lineWidth=3, name='unnamed Line', opacity=0.5, ori=0.0, pos=array([0., 0.]), size=array([1., 1.]), units='norm', vertices=array([[ 0.5 , -0.05],
       [ 0.5 ,  0.05]]), win=Window(...), windingRule=None)
32.7161 	EXP 	Created unnamed TextStim = TextStim(__class__=<class 'psychopy.visual.text.TextStim'>, alignHoriz=method-wrapper(...), alignText='center', alignVert=method-wrapper(...), anchorHoriz='center', anchorVert='center', antialias=True, autoLog=True, bold=False, color=array([1., 1., 1.]), colorSpace='rgb', contrast=1.0, depth=0, flipHoriz=False, flipVert=False, font='', fontFiles=[], height=0.05, italic=False, languageStyle='LTR', name='unnamed TextStim', opacity=1.0, ori=0.0, pos=array([-0.5, -0.1]), rgb=UNKNOWN, text='Clearly \n SPONTANEOUS', units='norm', win=Window(...), wrapWidth=1)
32.7172 	EXP 	Created unnamed TextStim = TextStim(__class__=<class 'psychopy.visual.text.TextStim'>, alignHoriz=method-wrapper(...), alignText='center', alignVert=method-wrapper(...), anchorHoriz='center', anchorVert='center', antialias=True, autoLog=True, bold=False, color=array([1., 1., 1.]), colorSpace='rgb', contrast=1.0, depth=0, flipHoriz=False, flipVert=False, font='', fontFiles=[], height=0.05, italic=False, languageStyle='LTR', name='unnamed TextStim', opacity=1.0, ori=0.0, pos=array([-0.16666667, -0.1       ]), rgb=UNKNOWN, text='', units='norm', win=Window(...), wrapWidth=1)
32.7183 	EXP 	Created unnamed TextStim = TextStim(__class__=<class 'psychopy.visual.text.TextStim'>, alignHoriz=method-wrapper(...), alignText='center', alignVert=method-wrapper(...), anchorHoriz='center', anchorVert='center', antialias=True, autoLog=True, bold=False, color=array([1., 1., 1.]), colorSpace='rgb', contrast=1.0, depth=0, flipHoriz=False, flipVert=False, font='', fontFiles=[], height=0.05, italic=False, languageStyle='LTR', name='unnamed TextStim', opacity=1.0, ori=0.0, pos=array([ 0.16666667, -0.1       ]), rgb=UNKNOWN, text='', units='norm', win=Window(...), wrapWidth=1)
32.7239 	EXP 	Created unnamed TextStim = TextStim(__class__=<class 'psychopy.visual.text.TextStim'>, alignHoriz=method-wrapper(...), alignText='center', alignVert=method-wrapper(...), anchorHoriz='center', anchorVert='center', antialias=True, autoLog=True, bold=False, color=array([1., 1., 1.]), colorSpace='rgb', contrast=1.0, depth=0, flipHoriz=False, flipVert=False, font='', fontFiles=[], height=0.05, italic=False, languageStyle='LTR', name='unnamed TextStim', opacity=1.0, ori=0.0, pos=array([ 0.5, -0.1]), rgb=UNKNOWN, text='Clearly \n DELIBERATE', units='norm', win=Window(...), wrapWidth=1)
32.7257 	EXP 	Created unnamed ShapeStim = ShapeStim(__class__=<class 'psychopy.visual.shape.ShapeStim'>, autoDraw=False, autoLog=True, closeShape=True, color=method-wrapper(...), colorSpace='rgb', contrast=None, depth=0, fillColor=array([1, 1, 1]), fillColorSpace='rgb', fillRGB=array([1, 1, 1]), interpolate=True, lineColor=array([-1., -1., -1.]), lineColorSpace='rgb', lineRGB=array([-1, -1, -1]), lineWidth=1.5, name='unnamed ShapeStim', opacity=1.0, ori=0.0, pos=array([0., 0.]), size=array([1., 1.]), units='norm', vertices=ndarray(...), win=Window(...), windingRule=None)
32.7754 	EXP 	Sound  set volume 1.000
32.8091 	EXP 	unnamed ShapeStim: vertices = <class 'numpy.ndarray'>
32.8091 	EXP 	unnamed ShapeStim: vertices = <class 'numpy.ndarray'>
32.8091 	EXP 	unnamed ShapeStim: vertices = <class 'numpy.ndarray'>
50.6097 	DATA 	Keypress: j
60.7537 	DATA 	Keypress: x
64.4177 	DATA 	Keypress: z
64.4390 	EXP 	unnamed TextStim: text = ''
64.4390 	EXP 	unnamed TextStim: text = ''
69.1259 	DATA 	Keypress: 4
69.1424 	EXP 	unnamed ShapeStim: vertices = <class 'numpy.ndarray'>
91.2977 	DATA 	Keypress: backslash
91.3111 	EXP 	unnamed TextStim: text = ''
91.3111 	EXP 	unnamed TextStim: text = ''
97.3657 	DATA 	Keypress: 3
97.3822 	EXP 	unnamed ShapeStim: vertices = <class 'numpy.ndarray'>
99.5858 	DATA 	Keypress: f
99.6012 	EXP 	unnamed TextStim: text = ''
99.6012 	EXP 	unnamed TextStim: text = ''
102.1029 	DATA 	Keypress: 3
102.1195 	EXP 	unnamed ShapeStim: vertices = <class 'numpy.ndarray'>
109.3298 	DATA 	Keypress: d
122.0657 	DATA 	Keypress: d
133.3937 	DATA 	Keypress: c
133.9124 	EXP 	Sound  started
134.6624 	EXP 	Sound  started
134.7377 	DATA 	Keypress: lctrl
135.3457 	DATA 	Keypress: lctrl
135.4124 	EXP 	Sound  started
136.1624 	EXP 	Sound  started
136.3057 	DATA 	Keypress: lctrl
136.7696 	DATA 	Keypress: lctrl
136.9124 	EXP 	Sound  started
137.6625 	EXP 	Sound  started
137.7457 	DATA 	Keypress: lctrl
138.4125 	EXP 	Sound  started
138.4656 	DATA 	Keypress: rctrl
139.0737 	DATA 	Keypress: rctrl
139.1625 	EXP 	Sound  started
139.8577 	DATA 	Keypress: lctrl
139.9125 	EXP 	Sound  started
140.6625 	EXP 	Sound  started
140.7217 	DATA 	Keypress: rctrl
141.4125 	EXP 	Sound  started
141.4257 	DATA 	Keypress: lctrl
142.1625 	EXP 	Sound  started
142.2737 	DATA 	Keypress: lctrl
142.9125 	EXP 	Sound  started
142.9937 	DATA 	Keypress: lctrl
143.6626 	EXP 	Sound  started
143.6816 	DATA 	Keypress: lctrl
144.3697 	DATA 	Keypress: rctrl
144.4126 	EXP 	Sound  started
145.1626 	EXP 	Sound  started
145.2017 	DATA 	Keypress: rctrl
145.9126 	EXP 	Sound  started
145.9857 	DATA 	Keypress: rctrl
146.6626 	EXP 	Sound  started
146.7057 	DATA 	Keypress: rctrl
147.4126 	EXP 	Sound  started
147.4418 	DATA 	Keypress: rctrl
148.1457 	DATA 	Keypress: rctrl
148.1627 	EXP 	Sound  started
148.7697 	DATA 	Keypress: lctrl
148.9127 	EXP 	Sound  started
149.6627 	EXP 	Sound  started
149.7137 	DATA 	Keypress: lctrl
150.3377 	DATA 	Keypress: rctrl
150.4127 	EXP 	Sound  started
151.1217 	DATA 	Keypress: rctrl
151.1627 	EXP 	Sound  started
151.9127 	EXP 	Sound  started
152.0657 	DATA 	Keypress: lctrl
152.6627 	EXP 	Sound  started
152.8657 	DATA 	Keypress: lctrl
153.4127 	EXP 	Sound  started
153.4897 	DATA 	Keypress: lctrl
154.1628 	EXP 	Sound  started
154.1937 	DATA 	Keypress: lctrl
154.9128 	EXP 	Sound  started
155.0097 	DATA 	Keypress: rctrl
155.6628 	EXP 	Sound  started
155.8417 	DATA 	Keypress: rctrl
156.3378 	DATA 	Keypress: rctrl
156.4128 	EXP 	Sound  started
157.0898 	DATA 	Keypress: rctrl
157.1628 	EXP 	Sound  started
157.9128 	EXP 	Sound  started
157.9378 	DATA 	Keypress: rctrl
158.6097 	DATA 	Keypress: rctrl
158.6628 	EXP 	Sound  started
159.4097 	DATA 	Keypress: lctrl
159.4129 	EXP 	Sound  started
160.1617 	DATA 	Keypress: lctrl
160.1629 	EXP 	Sound  started
160.9129 	EXP 	Sound  started
161.0738 	DATA 	Keypress: lctrl
161.6497 	DATA 	Keypress: lctrl
161.6629 	EXP 	Sound  started
162.4129 	EXP 	Sound  started
162.4498 	DATA 	Keypress: rctrl
163.1629 	EXP 	Sound  started
163.1856 	DATA 	Keypress: lctrl
163.9129 	EXP 	Sound  started
163.9216 	DATA 	Keypress: lctrl
164.6417 	DATA 	Keypress: lctrl
164.6630 	EXP 	Sound  started
165.3936 	DATA 	Keypress: lctrl
165.4130 	EXP 	Sound  started
166.1630 	EXP 	Sound  started
166.2577 	DATA 	Keypress: rctrl
166.9130 	EXP 	Sound  started
167.0096 	DATA 	Keypress: rctrl
167.6630 	EXP 	Sound  started
167.7137 	DATA 	Keypress: rctrl
168.3696 	DATA 	Keypress: rctrl
168.4130 	EXP 	Sound  started
169.1630 	EXP 	Sound  started
169.2017 	DATA 	Keypress: lctrl
169.8897 	DATA 	Keypress: lctrl
169.9130 	EXP 	Sound  started
170.6631 	EXP 	Sound  started
170.7057 	DATA 	Keypress: lctrl
171.4131 	EXP 	Sound  started
171.4417 	DATA 	Keypress: lctrl
172.1631 	EXP 	Sound  started
172.2897 	DATA 	Keypress: rctrl
172.9131 	EXP 	Sound  started
172.9778 	DATA 	Keypress: rctrl
173.6631 	EXP 	Sound  started
173.7617 	DATA 	Keypress: rctrl
174.4131 	EXP 	Sound  started
174.4817 	DATA 	Keypress: rctrl
175.1632 	EXP 	Sound  started
175.2177 	DATA 	Keypress: lctrl
175.9132 	EXP 	Sound  started
175.9537 	DATA 	Keypress: lctrl
176.6632 	EXP 	Sound  started
176.7857 	DATA 	Keypress: lctrl
177.4132 	EXP 	Sound  started
177.4577 	DATA 	Keypress: lctrl
178.1632 	EXP 	Sound  started
178.2577 	DATA 	Keypress: rctrl
178.9132 	EXP 	Sound  started
178.9297 	DATA 	Keypress: lctrl
179.6632 	EXP 	Sound  started
179.7617 	DATA 	Keypress: rctrl
180.4133 	EXP 	Sound  started
180.5777 	DATA 	Keypress: lctrl
181.1633 	EXP 	Sound  started
181.3297 	DATA 	Keypress: lctrl
181.9133 	EXP 	Sound  started
181.9377 	DATA 	Keypress: lctrl
182.6633 	EXP 	Sound  started
182.7217 	DATA 	Keypress: lctrl
183.4133 	EXP 	Sound  started
183.4417 	DATA 	Keypress: rctrl
184.1137 	DATA 	Keypress: rctrl
184.1633 	EXP 	Sound  started
184.9133 	EXP 	Sound  started
184.9777 	DATA 	Keypress: rctrl
185.6634 	EXP 	Sound  started
185.7138 	DATA 	Keypress: rctrl
186.4134 	EXP 	Sound  started
186.4498 	DATA 	Keypress: rctrl
187.0898 	DATA 	Keypress: rctrl
187.1634 	EXP 	Sound  started
187.8097 	DATA 	Keypress: rctrl
187.9134 	EXP 	Sound  started
188.5936 	DATA 	Keypress: rctrl
188.6634 	EXP 	Sound  started
189.2977 	DATA 	Keypress: rctrl
189.4134 	EXP 	Sound  started
190.1635 	EXP 	Sound  started
190.3538 	DATA 	Keypress: rctrl
190.9135 	EXP 	Sound  started
190.9297 	DATA 	Keypress: rctrl
191.6635 	EXP 	Sound  started
191.7777 	DATA 	Keypress: rctrl
192.4135 	EXP 	Sound  started
192.4497 	DATA 	Keypress: rctrl
193.1635 	EXP 	Sound  started
193.2657 	DATA 	Keypress: lctrl
193.9135 	EXP 	Sound  started
194.2737 	DATA 	Keypress: lctrl
194.8667 	DATA 	Keypress: lctrl
200.5837 	DATA 	Keypress: 4
200.6002 	EXP 	unnamed ShapeStim: vertices = <class 'numpy.ndarray'>
211.6094 	DATA 	Keypress: 3
211.6259 	EXP 	unnamed ShapeStim: vertices = <class 'numpy.ndarray'>
216.1003 	DATA 	Keypress: 3
216.1296 	EXP 	unnamed ShapeStim: vertices = <class 'numpy.ndarray'>
218.4150 	EXP 	Sound  started
218.5938 	DATA 	Keypress: lctrl
219.1650 	EXP 	Sound  started
219.2977 	DATA 	Keypress: lctrl
219.9150 	EXP 	Sound  started
219.9857 	DATA 	Keypress: lctrl
220.6650 	EXP 	Sound  started
220.7216 	DATA 	Keypress: rctrl
221.4150 	EXP 	Sound  started
221.4256 	DATA 	Keypress: rctrl
222.1137 	DATA 	Keypress: rctrl
222.1650 	EXP 	Sound  started
222.8496 	DATA 	Keypress: lctrl
222.9151 	EXP 	Sound  started
223.6498 	DATA 	Keypress: lctrl
223.6651 	EXP 	Sound  started
224.3857 	DATA 	Keypress: lctrl
224.4151 	EXP 	Sound  started
225.0897 	DATA 	Keypress: lctrl
225.1651 	EXP 	Sound  started
225.8417 	DATA 	Keypress: rctrl
225.9151 	EXP 	Sound  started
226.5936 	DATA 	Keypress: rctrl
226.6651 	EXP 	Sound  started
227.4097 	DATA 	Keypress: rctrl
227.4151 	EXP 	Sound  started
228.1652 	EXP 	Sound  started
228.2417 	DATA 	Keypress: rctrl
228.8497 	DATA 	Keypress: rctrl
228.9152 	EXP 	Sound  started
229.6652 	EXP 	Sound  started
229.6976 	DATA 	Keypress: lctrl
230.4152 	EXP 	Sound  started
230.4178 	DATA 	Keypress: lctrl
231.1652 	EXP 	Sound  started
231.1696 	DATA 	Keypress: lctrl
231.9152 	EXP 	Sound  started
231.9537 	DATA 	Keypress: lctrl
232.6652 	EXP 	Sound  started
232.6897 	DATA 	Keypress: rctrl
233.4153 	EXP 	Sound  started
233.4898 	DATA 	Keypress: rctrl
234.1653 	EXP 	Sound  started
234.3216 	DATA 	Keypress: rctrl
234.9153 	EXP 	Sound  started
234.9936 	DATA 	Keypress: lctrl
235.6653 	EXP 	Sound  started
235.8898 	DATA 	Keypress: lctrl
236.4153 	EXP 	Sound  started
236.4177 	DATA 	Keypress: lctrl
237.1653 	EXP 	Sound  started
237.2657 	DATA 	Keypress: rctrl
237.9153 	EXP 	Sound  started
238.0337 	DATA 	Keypress: rctrl
238.6654 	EXP 	Sound  started
238.8816 	DATA 	Keypress: rctrl
239.4154 	EXP 	Sound  started
239.5057 	DATA 	Keypress: rctrl
240.1654 	EXP 	Sound  started
240.2256 	DATA 	Keypress: rctrl
240.9154 	EXP 	Sound  started
241.0736 	DATA 	Keypress: lctrl
241.6654 	EXP 	Sound  started
241.7776 	DATA 	Keypress: lctrl
242.4154 	EXP 	Sound  started
242.7377 	DATA 	Keypress: lctrl
243.1217 	DATA 	Keypress: lctrl
243.1654 	EXP 	Sound  started
243.6176 	DATA 	Keypress: lctrl
243.9155 	EXP 	Sound  started
244.0977 	DATA 	Keypress: lctrl
244.6655 	EXP 	Sound  started
244.8177 	DATA 	Keypress: lctrl
245.4155 	EXP 	Sound  started
245.6178 	DATA 	Keypress: rctrl
246.1655 	EXP 	Sound  started
246.3857 	DATA 	Keypress: rctrl
246.9155 	EXP 	Sound  started
246.9616 	DATA 	Keypress: rctrl
247.6336 	DATA 	Keypress: rctrl
247.6655 	EXP 	Sound  started
248.4156 	EXP 	Sound  started
248.4497 	DATA 	Keypress: rctrl
249.1377 	DATA 	Keypress: rctrl
249.1656 	EXP 	Sound  started
249.9057 	DATA 	Keypress: rctrl
249.9156 	EXP 	Sound  started
250.5456 	DATA 	Keypress: lctrl
250.6656 	EXP 	Sound  started
251.3457 	DATA 	Keypress: lctrl
251.4156 	EXP 	Sound  started
251.9377 	DATA 	Keypress: rctrl
252.1656 	EXP 	Sound  started
252.9156 	EXP 	Sound  started
252.9617 	DATA 	Keypress: lctrl
253.6657 	EXP 	Sound  started
253.6817 	DATA 	Keypress: rctrl
254.3377 	DATA 	Keypress: lctrl
254.4157 	EXP 	Sound  started
255.1657 	EXP 	Sound  started
255.1857 	DATA 	Keypress: rctrl
255.9157 	EXP 	Sound  started
255.9377 	DATA 	Keypress: lctrl
256.6097 	DATA 	Keypress: rctrl
256.6657 	EXP 	Sound  started
257.4157 	EXP 	Sound  started
257.5697 	DATA 	Keypress: lctrl
258.1657 	EXP 	Sound  started
258.1777 	DATA 	Keypress: rctrl
258.9158 	EXP 	Sound  started
258.9457 	DATA 	Keypress: rctrl
259.5057 	DATA 	Keypress: rctrl
259.6658 	EXP 	Sound  started
260.3856 	DATA 	Keypress: rctrl
260.4158 	EXP 	Sound  started
261.1056 	DATA 	Keypress: lctrl
261.1658 	EXP 	Sound  started
261.8096 	DATA 	Keypress: rctrl
261.9158 	EXP 	Sound  started
262.6658 	EXP 	Sound  started
262.8656 	DATA 	Keypress: lctrl
263.3457 	DATA 	Keypress: rctrl
263.4158 	EXP 	Sound  started
263.6816 	DATA 	Keypress: rctrl
264.0016 	DATA 	Keypress: rctrl
264.1658 	EXP 	Sound  started
264.9159 	EXP 	Sound  started
264.9618 	DATA 	Keypress: rctrl
265.6177 	DATA 	Keypress: rctrl
265.6659 	EXP 	Sound  started
266.3857 	DATA 	Keypress: rctrl
266.4159 	EXP 	Sound  started
267.0897 	DATA 	Keypress: rctrl
273.3138 	DATA 	Keypress: 3
273.3432 	EXP 	unnamed ShapeStim: vertices = <class 'numpy.ndarray'>
277.5135 	DATA 	Keypress: 2
277.5300 	EXP 	unnamed ShapeStim: vertices = <class 'numpy.ndarray'>
280.9162 	DATA 	Keypress: 3
280.9328 	EXP 	unnamed ShapeStim: vertices = <class 'numpy.ndarray'>
283.2175 	EXP 	Sound  started
283.8257 	DATA 	Keypress: rctrl
283.9675 	EXP 	Sound  started
284.7057 	DATA 	Keypress: rctrl
284.7175 	EXP 	Sound  started
285.4675 	EXP 	Sound  started
285.5058 	DATA 	Keypress: rctrl
286.2175 	EXP 	Sound  started
286.4017 	DATA 	Keypress: rctrl
286.8978 	DATA 	Keypress: lctrl
286.9676 	EXP 	Sound  started
287.6657 	DATA 	Keypress: lctrl
287.7176 	EXP 	Sound  started
288.4676 	EXP 	Sound  started
288.4977 	DATA 	Keypress: lctrl
289.2176 	EXP 	Sound  started
289.2338 	DATA 	Keypress: rctrl
289.9676 	EXP 	Sound  started
290.1457 	DATA 	Keypress: rctrl
290.7176 	EXP 	Sound  started
290.9137 	DATA 	Keypress: rctrl
291.4676 	EXP 	Sound  started
291.5857 	DATA 	Keypress: lctrl
292.2177 	EXP 	Sound  started
292.9457 	DATA 	Keypress: lctrl
292.9677 	EXP 	Sound  started
293.4417 	DATA 	Keypress: lctrl
293.7177 	EXP 	Sound  started
294.1938 	DATA 	Keypress: lctrl
294.4677 	EXP 	Sound  started
294.9457 	DATA 	Keypress: rctrl
295.2177 	EXP 	Sound  started
295.6178 	DATA 	Keypress: rctrl
295.9678 	EXP 	Sound  started
296.2897 	DATA 	Keypress: rctrl
296.7178 	EXP 	Sound  started
296.9457 	DATA 	Keypress: rctrl
297.4678 	EXP 	Sound  started
297.7138 	DATA 	Keypress: rctrl
298.2178 	EXP 	Sound  started
298.3857 	DATA 	Keypress: rctrl
298.9678 	EXP 	Sound  started
299.7178 	EXP 	Sound  started
299.9858 	DATA 	Keypress: rctrl
300.4678 	EXP 	Sound  started
300.8497 	DATA 	Keypress: rctrl
301.2179 	EXP 	Sound  started
301.5378 	DATA 	Keypress: rctrl
301.9679 	EXP 	Sound  started
302.7179 	EXP 	Sound  started
303.1058 	DATA 	Keypress: rctrl
303.4679 	EXP 	Sound  started
303.7457 	DATA 	Keypress: rctrl
304.1938 	DATA 	Keypress: lctrl
304.2179 	EXP 	Sound  started
304.7857 	DATA 	Keypress: lctrl
304.9679 	EXP 	Sound  started
305.3617 	DATA 	Keypress: lctrl
305.7179 	EXP 	Sound  started
305.9217 	DATA 	Keypress: lctrl
306.4679 	EXP 	Sound  started
306.8657 	DATA 	Keypress: lctrl
307.2180 	EXP 	Sound  started
307.6817 	DATA 	Keypress: lctrl
307.9680 	EXP 	Sound  started
308.4178 	DATA 	Keypress: lctrl
308.7180 	EXP 	Sound  started
309.1537 	DATA 	Keypress: lctrl
309.4680 	EXP 	Sound  started
310.0978 	DATA 	Keypress: lctrl
310.2180 	EXP 	Sound  started
310.8497 	DATA 	Keypress: rctrl
310.9680 	EXP 	Sound  started
311.7180 	EXP 	Sound  started
311.8897 	DATA 	Keypress: rctrl
312.4680 	EXP 	Sound  started
313.2181 	EXP 	Sound  started
313.6177 	DATA 	Keypress: lctrl
313.9681 	EXP 	Sound  started
314.3377 	DATA 	Keypress: rctrl
314.7181 	EXP 	Sound  started
315.1058 	DATA 	Keypress: rctrl
315.4681 	EXP 	Sound  started
315.9057 	DATA 	Keypress: rctrl
316.2181 	EXP 	Sound  started
316.7858 	DATA 	Keypress: rctrl
316.9681 	EXP 	Sound  started
317.6017 	DATA 	Keypress: rctrl
317.7181 	EXP 	Sound  started
318.3057 	DATA 	Keypress: rctrl
318.4681 	EXP 	Sound  started
318.9617 	DATA 	Keypress: rctrl
319.2182 	EXP 	Sound  started
319.6818 	DATA 	Keypress: rctrl
319.9682 	EXP 	Sound  started
320.4817 	DATA 	Keypress: lctrl
320.7182 	EXP 	Sound  started
321.4682 	EXP 	Sound  started
321.4737 	DATA 	Keypress: lctrl
322.2182 	EXP 	Sound  started
322.3217 	DATA 	Keypress: lctrl
322.8177 	DATA 	Keypress: lctrl
322.9682 	EXP 	Sound  started
323.7183 	EXP 	Sound  started
323.8737 	DATA 	Keypress: rctrl
324.4683 	EXP 	Sound  started
324.5297 	DATA 	Keypress: rctrl
325.2699 	DATA 	Keypress: rctrl
330.3902 	DATA 	Keypress: 2
330.4067 	EXP 	unnamed ShapeStim: vertices = <class 'numpy.ndarray'>
335.9781 	DATA 	Keypress: 2
335.9946 	EXP 	unnamed ShapeStim: vertices = <class 'numpy.ndarray'>
338.9305 	DATA 	Keypress: 2
338.9470 	EXP 	unnamed ShapeStim: vertices = <class 'numpy.ndarray'>
341.2319 	EXP 	Sound  started
341.7137 	DATA 	Keypress: rctrl
341.9819 	EXP 	Sound  started
342.3697 	DATA 	Keypress: lctrl
342.7319 	EXP 	Sound  started
343.1857 	DATA 	Keypress: lctrl
343.4819 	EXP 	Sound  started
343.7778 	DATA 	Keypress: lctrl
344.2320 	EXP 	Sound  started
344.7377 	DATA 	Keypress: rctrl
344.9820 	EXP 	Sound  started
345.6177 	DATA 	Keypress: rctrl
345.7320 	EXP 	Sound  started
346.2577 	DATA 	Keypress: rctrl
346.4820 	EXP 	Sound  started
347.2320 	EXP 	Sound  started
347.4418 	DATA 	Keypress: rctrl
347.9820 	EXP 	Sound  started
347.9857 	DATA 	Keypress: rctrl
348.7320 	EXP 	Sound  started
349.4821 	EXP 	Sound  started
349.8097 	DATA 	Keypress: lctrl
350.2321 	EXP 	Sound  started
350.2577 	DATA 	Keypress: lctrl
350.9821 	EXP 	Sound  started
351.7321 	EXP 	Sound  started
351.8737 	DATA 	Keypress: rctrl
352.4821 	EXP 	Sound  started
352.5137 	DATA 	Keypress: rctrl
353.1697 	DATA 	Keypress: rctrl
353.2321 	EXP 	Sound  started
353.9821 	EXP 	Sound  started
354.0017 	DATA 	Keypress: rctrl
354.7322 	EXP 	Sound  started
354.7377 	DATA 	Keypress: lctrl
355.4822 	EXP 	Sound  started
355.4897 	DATA 	Keypress: lctrl
356.2322 	EXP 	Sound  started
356.2898 	DATA 	Keypress: lctrl
356.9822 	EXP 	Sound  started
357.2337 	DATA 	Keypress: rctrl
357.7322 	EXP 	Sound  started
357.7457 	DATA 	Keypress: rctrl
358.4822 	EXP 	Sound  started
358.7377 	DATA 	Keypress: lctrl
359.2322 	EXP 	Sound  started
359.2497 	DATA 	Keypress: lctrl
359.9823 	EXP 	Sound  started
360.2417 	DATA 	Keypress: rctrl
360.7323 	EXP 	Sound  started
360.8657 	DATA 	Keypress: rctrl
361.4823 	EXP 	Sound  started
361.5538 	DATA 	Keypress: rctrl
362.2323 	EXP 	Sound  started
362.2578 	DATA 	Keypress: rctrl
362.9823 	EXP 	Sound  started
363.0737 	DATA 	Keypress: lctrl
363.7323 	EXP 	Sound  started
363.7937 	DATA 	Keypress: lctrl
364.4823 	EXP 	Sound  started
364.7537 	DATA 	Keypress: lctrl
365.2324 	EXP 	Sound  started
365.5377 	DATA 	Keypress: lctrl
365.9824 	EXP 	Sound  started
366.1297 	DATA 	Keypress: rctrl
366.7324 	EXP 	Sound  started
366.8018 	DATA 	Keypress: rctrl
367.4824 	EXP 	Sound  started
367.6817 	DATA 	Keypress: rctrl
368.2324 	EXP 	Sound  started
368.4498 	DATA 	Keypress: rctrl
368.9824 	EXP 	Sound  started
369.2177 	DATA 	Keypress: rctrl
369.7325 	EXP 	Sound  started
369.9698 	DATA 	Keypress: lctrl
370.4825 	EXP 	Sound  started
370.5297 	DATA 	Keypress: rctrl
371.1217 	DATA 	Keypress: rctrl
371.2325 	EXP 	Sound  started
371.8897 	DATA 	Keypress: rctrl
371.9825 	EXP 	Sound  started
372.6898 	DATA 	Keypress: rctrl
372.7325 	EXP 	Sound  started
373.4825 	EXP 	Sound  started
373.5377 	DATA 	Keypress: rctrl
374.2325 	EXP 	Sound  started
374.2897 	DATA 	Keypress: rctrl
374.9825 	EXP 	Sound  started
375.0097 	DATA 	Keypress: rctrl
375.7325 	EXP 	Sound  started
375.7777 	DATA 	Keypress: rctrl
376.4826 	EXP 	Sound  started
376.5458 	DATA 	Keypress: rctrl
377.2177 	DATA 	Keypress: rctrl
377.2326 	EXP 	Sound  started
377.9217 	DATA 	Keypress: lctrl
377.9826 	EXP 	Sound  started
378.7326 	EXP 	Sound  started
378.7377 	DATA 	Keypress: lctrl
379.4826 	EXP 	Sound  started
379.6817 	DATA 	Keypress: lctrl
380.2326 	EXP 	Sound  started
380.3378 	DATA 	Keypress: lctrl
380.9826 	EXP 	Sound  started
381.7326 	EXP 	Sound  started
382.4827 	EXP 	Sound  started
383.2327 	EXP 	Sound  started
383.7457 	DATA 	Keypress: rctrl
383.9827 	EXP 	Sound  started
384.4017 	DATA 	Keypress: rctrl
384.7327 	EXP 	Sound  started
385.0417 	DATA 	Keypress: rctrl
385.4827 	EXP 	Sound  started
385.7458 	DATA 	Keypress: rctrl
386.2327 	EXP 	Sound  started
386.4017 	DATA 	Keypress: rctrl
386.9827 	EXP 	Sound  started
387.0417 	DATA 	Keypress: rctrl
387.7328 	EXP 	Sound  started
387.8417 	DATA 	Keypress: rctrl
388.4177 	DATA 	Keypress: lctrl
388.4828 	EXP 	Sound  started
389.2328 	EXP 	Sound  started
389.8737 	DATA 	Keypress: lctrl
389.9828 	EXP 	Sound  started
390.5617 	DATA 	Keypress: lctrl
390.7328 	EXP 	Sound  started
391.4828 	EXP 	Sound  started
391.5698 	DATA 	Keypress: lctrl
392.1937 	DATA 	Keypress: lctrl
392.2328 	EXP 	Sound  started
392.9297 	DATA 	Keypress: rctrl
392.9828 	EXP 	Sound  started
393.6657 	DATA 	Keypress: rctrl
393.7329 	EXP 	Sound  started
394.4829 	EXP 	Sound  started
394.9619 	DATA 	Keypress: rctrl
395.2329 	EXP 	Sound  started
395.9829 	EXP 	Sound  started
396.5298 	DATA 	Keypress: rctrl
396.7329 	EXP 	Sound  started
397.3297 	DATA 	Keypress: rctrl
401.6190 	DATA 	Keypress: 2
401.6485 	EXP 	unnamed ShapeStim: vertices = <class 'numpy.ndarray'>
405.1015 	DATA 	Keypress: 3
405.1180 	EXP 	unnamed ShapeStim: vertices = <class 'numpy.ndarray'>
409.3716 	DATA 	Keypress: 3
409.3882 	EXP 	unnamed ShapeStim: vertices = <class 'numpy.ndarray'>
411.6719 	EXP 	Sound  started
412.3378 	DATA 	Keypress: rctrl
412.4219 	EXP 	Sound  started
413.1719 	EXP 	Sound  started
413.3778 	DATA 	Keypress: rctrl
413.9219 	EXP 	Sound  started
413.9857 	DATA 	Keypress: rctrl
414.6577 	DATA 	Keypress: lctrl
414.6719 	EXP 	Sound  started
415.4219 	EXP 	Sound  started
415.4737 	DATA 	Keypress: lctrl
416.1617 	DATA 	Keypress: lctrl
416.1719 	EXP 	Sound  started
416.9137 	DATA 	Keypress: lctrl
416.9220 	EXP 	Sound  started
417.6720 	EXP 	Sound  started
417.7617 	DATA 	Keypress: rctrl
418.4220 	EXP 	Sound  started
419.1720 	EXP 	Sound  started
419.5217 	DATA 	Keypress: rctrl
419.9220 	EXP 	Sound  started
420.1137 	DATA 	Keypress: rctrl
420.6720 	EXP 	Sound  started
420.7377 	DATA 	Keypress: rctrl
421.4220 	EXP 	Sound  started
421.5697 	DATA 	Keypress: rctrl
422.1720 	EXP 	Sound  started
422.2097 	DATA 	Keypress: rctrl
422.9220 	EXP 	Sound  started
423.0097 	DATA 	Keypress: rctrl
423.5857 	DATA 	Keypress: lctrl
423.6721 	EXP 	Sound  started
424.4221 	EXP 	Sound  started
424.4337 	DATA 	Keypress: lctrl
425.1721 	EXP 	Sound  started
425.2017 	DATA 	Keypress: lctrl
425.9221 	EXP 	Sound  started
426.6721 	EXP 	Sound  started
427.4221 	EXP 	Sound  started
428.1721 	EXP 	Sound  started
428.4018 	DATA 	Keypress: lctrl
428.9137 	DATA 	Keypress: rctrl
428.9222 	EXP 	Sound  started
429.4738 	DATA 	Keypress: rctrl
429.6722 	EXP 	Sound  started
430.0977 	DATA 	Keypress: rctrl
430.4222 	EXP 	Sound  started
430.6577 	DATA 	Keypress: rctrl
431.1722 	EXP 	Sound  started
431.2817 	DATA 	Keypress: rctrl
431.8577 	DATA 	Keypress: rctrl
431.9222 	EXP 	Sound  started
432.6417 	DATA 	Keypress: rctrl
432.6722 	EXP 	Sound  started
433.4222 	EXP 	Sound  started
433.4898 	DATA 	Keypress: rctrl
434.0337 	DATA 	Keypress: rctrl
434.1723 	EXP 	Sound  started
434.7857 	DATA 	Keypress: rctrl
434.9223 	EXP 	Sound  started
435.5537 	DATA 	Keypress: rctrl
435.6723 	EXP 	Sound  started
436.3058 	DATA 	Keypress: rctrl
436.4223 	EXP 	Sound  started
437.1377 	DATA 	Keypress: rctrl
437.1723 	EXP 	Sound  started
437.9223 	EXP 	Sound  started
437.9697 	DATA 	Keypress: rctrl
438.6723 	EXP 	Sound  started
438.7217 	DATA 	Keypress: rctrl
439.3297 	DATA 	Keypress: rctrl
439.4224 	EXP 	Sound  started
439.7777 	DATA 	Keypress: lctrl
440.0657 	DATA 	Keypress: rctrl
440.1724 	EXP 	Sound  started
440.6417 	DATA 	Keypress: lctrl
440.9224 	EXP 	Sound  started
441.4577 	DATA 	Keypress: lctrl
441.6724 	EXP 	Sound  started
442.2097 	DATA 	Keypress: lctrl
442.4224 	EXP 	Sound  started
443.0097 	DATA 	Keypress: lctrl
443.1724 	EXP 	Sound  started
443.6657 	DATA 	Keypress: lctrl
443.9224 	EXP 	Sound  started
444.3218 	DATA 	Keypress: lctrl
444.6724 	EXP 	Sound  started
445.0737 	DATA 	Keypress: lctrl
445.4225 	EXP 	Sound  started
446.1725 	EXP 	Sound  started
446.3857 	DATA 	Keypress: lctrl
446.9225 	EXP 	Sound  started
447.1217 	DATA 	Keypress: lctrl
447.6725 	EXP 	Sound  started
448.4225 	EXP 	Sound  started
449.1537 	DATA 	Keypress: lctrl
449.1725 	EXP 	Sound  started
449.7617 	DATA 	Keypress: lctrl
449.9226 	EXP 	Sound  started
450.6726 	EXP 	Sound  started
451.4226 	EXP 	Sound  started
452.1726 	EXP 	Sound  started
452.9226 	EXP 	Sound  started
453.6726 	EXP 	Sound  started
454.1938 	DATA 	Keypress: lctrl
454.4226 	EXP 	Sound  started
454.7857 	DATA 	Keypress: lctrl
455.1726 	EXP 	Sound  started
455.5377 	DATA 	Keypress: rctrl
455.9227 	EXP 	Sound  started
456.4497 	DATA 	Keypress: rctrl
456.6727 	EXP 	Sound  started
457.2018 	DATA 	Keypress: rctrl
457.4227 	EXP 	Sound  started
457.9858 	DATA 	Keypress: rctrl
458.1727 	EXP 	Sound  started
458.5457 	DATA 	Keypress: lctrl
458.9227 	EXP 	Sound  started
459.3138 	DATA 	Keypress: lctrl
459.6728 	EXP 	Sound  started
460.4017 	DATA 	Keypress: lctrl
460.4228 	EXP 	Sound  started
461.1728 	EXP 	Sound  started
461.9228 	EXP 	Sound  started
462.6728 	EXP 	Sound  started
463.4228 	EXP 	Sound  started
464.1728 	EXP 	Sound  started
464.8658 	DATA 	Keypress: lctrl
464.9229 	EXP 	Sound  started
465.6017 	DATA 	Keypress: lctrl
465.6729 	EXP 	Sound  started
466.4229 	EXP 	Sound  started
466.5457 	DATA 	Keypress: rctrl
467.1729 	EXP 	Sound  started
467.3617 	DATA 	Keypress: rctrl
467.9229 	EXP 	Sound  started
468.1137 	DATA 	Keypress: rctrl
468.7708 	DATA 	Keypress: rctrl
473.6076 	DATA 	Keypress: 1
473.6241 	EXP 	unnamed ShapeStim: vertices = <class 'numpy.ndarray'>
481.9478 	DATA 	Keypress: 2
481.9643 	EXP 	unnamed ShapeStim: vertices = <class 'numpy.ndarray'>
485.3339 	DATA 	Keypress: rctrl
497.2603 	DATA 	Keypress: 2
497.2769 	EXP 	unnamed ShapeStim: vertices = <class 'numpy.ndarray'>
499.5625 	EXP 	Sound  started
499.7620 	DATA 	Keypress: rctrl
500.3125 	EXP 	Sound  started
500.4496 	DATA 	Keypress: lctrl
501.0625 	EXP 	Sound  started
501.2497 	DATA 	Keypress: lctrl
501.8125 	EXP 	Sound  started
501.9216 	DATA 	Keypress: rctrl
502.5625 	EXP 	Sound  started
502.6896 	DATA 	Keypress: rctrl
503.2976 	DATA 	Keypress: lctrl
503.3126 	EXP 	Sound  started
504.0626 	EXP 	Sound  started
504.2576 	DATA 	Keypress: lctrl
504.8126 	EXP 	Sound  started
505.5626 	EXP 	Sound  started
506.3126 	EXP 	Sound  started
507.0626 	EXP 	Sound  started
507.8126 	EXP 	Sound  started
508.2578 	DATA 	Keypress: lctrl
508.5627 	EXP 	Sound  started
508.7376 	DATA 	Keypress: lctrl
509.2817 	DATA 	Keypress: rctrl
509.3127 	EXP 	Sound  started
509.8257 	DATA 	Keypress: rctrl
510.0627 	EXP 	Sound  started
510.2737 	DATA 	Keypress: rctrl
510.7057 	DATA 	Keypress: rctrl
510.8127 	EXP 	Sound  started
511.0417 	DATA 	Keypress: lctrl
511.3937 	DATA 	Keypress: rctrl
511.5627 	EXP 	Sound  started
511.6336 	DATA 	Keypress: lctrl
512.0016 	DATA 	Keypress: rctrl
512.3127 	EXP 	Sound  started
512.3376 	DATA 	Keypress: lctrl
513.0627 	EXP 	Sound  started
513.1377 	DATA 	Keypress: rctrl
513.8127 	EXP 	Sound  started
514.3058 	DATA 	Keypress: rctrl
514.5628 	EXP 	Sound  started
515.3128 	EXP 	Sound  started
515.4258 	DATA 	Keypress: rctrl
516.0628 	EXP 	Sound  started
516.0976 	DATA 	Keypress: rctrl
516.8128 	EXP 	Sound  started
516.8977 	DATA 	Keypress: rctrl
517.5628 	EXP 	Sound  started
517.6819 	DATA 	Keypress: rctrl
518.3129 	EXP 	Sound  started
518.3377 	DATA 	Keypress: rctrl
519.0629 	EXP 	Sound  started
519.1057 	DATA 	Keypress: rctrl
519.5217 	DATA 	Keypress: lctrl
519.8129 	EXP 	Sound  started
520.3697 	DATA 	Keypress: lctrl
520.5629 	EXP 	Sound  started
521.2177 	DATA 	Keypress: lctrl
521.3129 	EXP 	Sound  started
522.0499 	DATA 	Keypress: lctrl
522.0629 	EXP 	Sound  started
522.7538 	DATA 	Keypress: lctrl
522.8129 	EXP 	Sound  started
523.5537 	DATA 	Keypress: lctrl
523.5629 	EXP 	Sound  started
524.3129 	EXP 	Sound  started
524.4817 	DATA 	Keypress: lctrl
525.0630 	EXP 	Sound  started
525.0897 	DATA 	Keypress: lctrl
525.8130 	EXP 	Sound  started
525.9537 	DATA 	Keypress: lctrl
526.5630 	EXP 	Sound  started
526.8177 	DATA 	Keypress: lctrl
527.3130 	EXP 	Sound  started
527.3937 	DATA 	Keypress: lctrl
528.0630 	EXP 	Sound  started
528.2098 	DATA 	Keypress: lctrl
528.8130 	EXP 	Sound  started
529.5630 	EXP 	Sound  started
530.3131 	EXP 	Sound  started
531.0631 	EXP 	Sound  started
531.0739 	DATA 	Keypress: lctrl
531.4739 	DATA 	Keypress: lctrl
531.8131 	EXP 	Sound  started
532.5631 	EXP 	Sound  started
533.2657 	DATA 	Keypress: lctrl
533.3131 	EXP 	Sound  started
533.9537 	DATA 	Keypress: lctrl
534.0631 	EXP 	Sound  started
534.8131 	EXP 	Sound  started
535.5632 	EXP 	Sound  started
536.3132 	EXP 	Sound  started
537.0632 	EXP 	Sound  started
537.8132 	EXP 	Sound  started
538.5632 	EXP 	Sound  started
539.2017 	DATA 	Keypress: rctrl
539.3133 	EXP 	Sound  started
539.8417 	DATA 	Keypress: lctrl
540.0633 	EXP 	Sound  started
540.6577 	DATA 	Keypress: lctrl
540.8133 	EXP 	Sound  started
541.5633 	EXP 	Sound  started
541.6977 	DATA 	Keypress: lctrl
542.3133 	EXP 	Sound  started
542.4657 	DATA 	Keypress: rctrl
543.0633 	EXP 	Sound  started
543.8133 	EXP 	Sound  started
544.5633 	EXP 	Sound  started
551.4753 	DATA 	Keypress: 2
551.5047 	EXP 	unnamed ShapeStim: vertices = <class 'numpy.ndarray'>
565.1494 	DATA 	Keypress: 2
565.1659 	EXP 	unnamed ShapeStim: vertices = <class 'numpy.ndarray'>
572.7557 	DATA 	Keypress: 1
572.7722 	EXP 	unnamed ShapeStim: vertices = <class 'numpy.ndarray'>
575.0578 	EXP 	Sound  started
575.8078 	EXP 	Sound  started
576.2258 	DATA 	Keypress: rctrl
576.5578 	EXP 	Sound  started
577.1377 	DATA 	Keypress: rctrl
577.3078 	EXP 	Sound  started
578.0578 	EXP 	Sound  started
578.1777 	DATA 	Keypress: rctrl
578.8078 	EXP 	Sound  started
578.9938 	DATA 	Keypress: lctrl
579.5579 	EXP 	Sound  started
579.5857 	DATA 	Keypress: lctrl
580.3057 	DATA 	Keypress: lctrl
580.3079 	EXP 	Sound  started
581.0579 	EXP 	Sound  started
581.1217 	DATA 	Keypress: lctrl
581.6497 	DATA 	Keypress: lctrl
581.8079 	EXP 	Sound  started
582.5579 	EXP 	Sound  started
583.3079 	EXP 	Sound  started
584.0579 	EXP 	Sound  started
584.8080 	EXP 	Sound  started
585.5580 	EXP 	Sound  started
586.3080 	EXP 	Sound  started
587.0580 	EXP 	Sound  started
587.8080 	EXP 	Sound  started
588.5580 	EXP 	Sound  started
589.3081 	EXP 	Sound  started
590.0581 	EXP 	Sound  started
590.8081 	EXP 	Sound  started
591.5581 	EXP 	Sound  started
592.0017 	DATA 	Keypress: lctrl
592.3081 	EXP 	Sound  started
592.8018 	DATA 	Keypress: lctrl
593.0581 	EXP 	Sound  started
593.8081 	EXP 	Sound  started
593.8257 	DATA 	Keypress: lctrl
594.5581 	EXP 	Sound  started
595.3082 	EXP 	Sound  started
595.8098 	DATA 	Keypress: rctrl
596.0582 	EXP 	Sound  started
596.4177 	DATA 	Keypress: rctrl
596.8082 	EXP 	Sound  started
597.2977 	DATA 	Keypress: rctrl
597.5582 	EXP 	Sound  started
597.8897 	DATA 	Keypress: rctrl
598.3082 	EXP 	Sound  started
599.0582 	EXP 	Sound  started
599.8082 	EXP 	Sound  started
600.4497 	DATA 	Keypress: rctrl
600.5583 	EXP 	Sound  started
600.9937 	DATA 	Keypress: rctrl
601.3083 	EXP 	Sound  started
601.6177 	DATA 	Keypress: rctrl
602.0583 	EXP 	Sound  started
602.2738 	DATA 	Keypress: rctrl
602.8083 	EXP 	Sound  started
602.9138 	DATA 	Keypress: rctrl
603.5583 	EXP 	Sound  started
604.3083 	EXP 	Sound  started
605.0584 	EXP 	Sound  started
605.8084 	EXP 	Sound  started
606.5584 	EXP 	Sound  started
607.3084 	EXP 	Sound  started
608.0584 	EXP 	Sound  started
608.8084 	EXP 	Sound  started
608.9139 	DATA 	Keypress: rctrl
609.5058 	DATA 	Keypress: rctrl
609.5584 	EXP 	Sound  started
610.3085 	EXP 	Sound  started
610.3858 	DATA 	Keypress: lctrl
611.0585 	EXP 	Sound  started
611.8085 	EXP 	Sound  started
612.5585 	EXP 	Sound  started
613.3085 	EXP 	Sound  started
614.0585 	EXP 	Sound  started
614.8086 	EXP 	Sound  started
615.5586 	EXP 	Sound  started
616.3086 	EXP 	Sound  started
616.7058 	DATA 	Keypress: rctrl
617.0586 	EXP 	Sound  started
617.2657 	DATA 	Keypress: rctrl
617.8086 	EXP 	Sound  started
617.8257 	DATA 	Keypress: rctrl
618.2737 	DATA 	Keypress: rctrl
618.5586 	EXP 	Sound  started
619.2657 	DATA 	Keypress: rctrl
619.3086 	EXP 	Sound  started
620.0586 	EXP 	Sound  started
620.8087 	EXP 	Sound  started
621.2017 	DATA 	Keypress: lctrl
621.5587 	EXP 	Sound  started
621.7617 	DATA 	Keypress: rctrl
622.2898 	DATA 	Keypress: lctrl
622.3087 	EXP 	Sound  started
622.8498 	DATA 	Keypress: rctrl
623.0587 	EXP 	Sound  started
623.8087 	EXP 	Sound  started
624.5587 	EXP 	Sound  started
625.3088 	EXP 	Sound  started
625.5858 	DATA 	Keypress: rctrl
626.0588 	EXP 	Sound  started
626.2097 	DATA 	Keypress: lctrl
626.6417 	DATA 	Keypress: rctrl
626.8088 	EXP 	Sound  started
627.2017 	DATA 	Keypress: rctrl
627.5588 	EXP 	Sound  started
627.7937 	DATA 	Keypress: rctrl
628.3088 	EXP 	Sound  started
628.5298 	DATA 	Keypress: rctrl
629.0588 	EXP 	Sound  started
629.8088 	EXP 	Sound  started
630.3857 	DATA 	Keypress: rctrl
630.5589 	EXP 	Sound  started
631.3089 	EXP 	Sound  started
631.6178 	DATA 	Keypress: rctrl
632.0589 	EXP 	Sound  started
635.9074 	DATA 	Keypress: rctrl
644.7981 	DATA 	Keypress: rctrl
649.5724 	DATA 	Keypress: 2
649.6018 	EXP 	unnamed ShapeStim: vertices = <class 'numpy.ndarray'>
660.1940 	DATA 	Keypress: 2
660.2105 	EXP 	unnamed ShapeStim: vertices = <class 'numpy.ndarray'>
670.1022 	DATA 	Keypress: 3
670.1187 	EXP 	unnamed ShapeStim: vertices = <class 'numpy.ndarray'>
672.4036 	EXP 	Sound  started
672.5778 	DATA 	Keypress: rctrl
673.1536 	EXP 	Sound  started
673.2177 	DATA 	Keypress: rctrl
673.8577 	DATA 	Keypress: rctrl
673.9036 	EXP 	Sound  started
674.5937 	DATA 	Keypress: rctrl
674.6537 	EXP 	Sound  started
675.2498 	DATA 	Keypress: lctrl
675.4037 	EXP 	Sound  started
676.0817 	DATA 	Keypress: rctrl
676.1537 	EXP 	Sound  started
676.8178 	DATA 	Keypress: rctrl
676.9037 	EXP 	Sound  started
677.6497 	DATA 	Keypress: rctrl
677.6537 	EXP 	Sound  started
678.3538 	DATA 	Keypress: rctrl
678.4037 	EXP 	Sound  started
679.1057 	DATA 	Keypress: rctrl
679.1537 	EXP 	Sound  started
679.8577 	DATA 	Keypress: lctrl
679.9037 	EXP 	Sound  started
680.6537 	EXP 	Sound  started
680.6737 	DATA 	Keypress: lctrl
681.4038 	EXP 	Sound  started
681.5377 	DATA 	Keypress: lctrl
682.0817 	DATA 	Keypress: lctrl
682.1538 	EXP 	Sound  started
682.8497 	DATA 	Keypress: lctrl
682.9038 	EXP 	Sound  started
683.6538 	EXP 	Sound  started
683.6658 	DATA 	Keypress: rctrl
684.4038 	EXP 	Sound  started
684.6258 	DATA 	Keypress: rctrl
685.1538 	EXP 	Sound  started
685.2017 	DATA 	Keypress: rctrl
685.9038 	EXP 	Sound  started
686.1618 	DATA 	Keypress: rctrl
686.6539 	EXP 	Sound  started
687.2978 	DATA 	Keypress: lctrl
687.4039 	EXP 	Sound  started
688.1539 	EXP 	Sound  started
688.9039 	EXP 	Sound  started
689.6539 	EXP 	Sound  started
690.4039 	EXP 	Sound  started
691.1539 	EXP 	Sound  started
691.9040 	EXP 	Sound  started
692.6540 	EXP 	Sound  started
693.4040 	EXP 	Sound  started
694.1540 	EXP 	Sound  started
694.9040 	EXP 	Sound  started
695.6540 	EXP 	Sound  started
696.4040 	EXP 	Sound  started
696.4658 	DATA 	Keypress: rctrl
696.8817 	DATA 	Keypress: lctrl
697.1540 	EXP 	Sound  started
697.2657 	DATA 	Keypress: rctrl
697.5057 	DATA 	Keypress: lctrl
697.7938 	DATA 	Keypress: rctrl
697.9041 	EXP 	Sound  started
698.3538 	DATA 	Keypress: rctrl
698.6541 	EXP 	Sound  started
698.6578 	DATA 	Keypress: lctrl
699.2177 	DATA 	Keypress: lctrl
699.4041 	EXP 	Sound  started
699.7457 	DATA 	Keypress: lctrl
700.1541 	EXP 	Sound  started
700.2737 	DATA 	Keypress: lctrl
700.7057 	DATA 	Keypress: lctrl
700.9041 	EXP 	Sound  started
701.2017 	DATA 	Keypress: lctrl
701.6541 	EXP 	Sound  started
702.0337 	DATA 	Keypress: rctrl
702.4041 	EXP 	Sound  started
703.1542 	EXP 	Sound  started
703.9042 	EXP 	Sound  started
704.6542 	EXP 	Sound  started
705.4042 	EXP 	Sound  started
706.1542 	EXP 	Sound  started
706.9042 	EXP 	Sound  started
707.6542 	EXP 	Sound  started
708.4043 	EXP 	Sound  started
709.1543 	EXP 	Sound  started
709.9043 	EXP 	Sound  started
710.6543 	EXP 	Sound  started
711.4043 	EXP 	Sound  started
712.1544 	EXP 	Sound  started
712.4018 	DATA 	Keypress: lctrl
712.9044 	EXP 	Sound  started
712.9457 	DATA 	Keypress: rctrl
713.3937 	DATA 	Keypress: rctrl
713.6544 	EXP 	Sound  started
713.8257 	DATA 	Keypress: rctrl
714.4044 	EXP 	Sound  started
715.1544 	EXP 	Sound  started
715.9044 	EXP 	Sound  started
716.6544 	EXP 	Sound  started
717.4044 	EXP 	Sound  started
718.1545 	EXP 	Sound  started
718.9045 	EXP 	Sound  started
719.6545 	EXP 	Sound  started
720.4045 	EXP 	Sound  started
720.5458 	DATA 	Keypress: rctrl
721.0577 	DATA 	Keypress: lctrl
721.1545 	EXP 	Sound  started
721.3777 	DATA 	Keypress: rctrl
721.9045 	EXP 	Sound  started
721.9057 	DATA 	Keypress: rctrl
722.6545 	EXP 	Sound  started
723.4046 	EXP 	Sound  started
724.1546 	EXP 	Sound  started
724.9046 	EXP 	Sound  started
725.6546 	EXP 	Sound  started
726.4046 	EXP 	Sound  started
727.1546 	EXP 	Sound  started
727.9046 	EXP 	Sound  started
728.6546 	EXP 	Sound  started
729.4047 	EXP 	Sound  started
730.1547 	EXP 	Sound  started
730.9047 	EXP 	Sound  started
731.3938 	DATA 	Keypress: rctrl
731.6547 	EXP 	Sound  started
732.4047 	EXP 	Sound  started
733.1547 	EXP 	Sound  started
733.9048 	EXP 	Sound  started
734.6548 	EXP 	Sound  started
735.4048 	EXP 	Sound  started
736.1548 	EXP 	Sound  started
738.0251 	DATA 	Keypress: rctrl
738.4415 	DATA 	Keypress: lctrl
739.5758 	DATA 	Keypress: rctrl
743.4290 	DATA 	Keypress: 1
743.4455 	EXP 	unnamed ShapeStim: vertices = <class 'numpy.ndarray'>
747.2192 	DATA 	Keypress: 2
747.2486 	EXP 	unnamed ShapeStim: vertices = <class 'numpy.ndarray'>
749.6179 	DATA 	Keypress: 1
749.6343 	EXP 	unnamed ShapeStim: vertices = <class 'numpy.ndarray'>
751.9184 	EXP 	Sound  started
752.5138 	DATA 	Keypress: rctrl
752.6684 	EXP 	Sound  started
753.0097 	DATA 	Keypress: rctrl
753.4184 	EXP 	Sound  started
753.6017 	DATA 	Keypress: rctrl
754.1685 	EXP 	Sound  started
754.2417 	DATA 	Keypress: rctrl
754.8657 	DATA 	Keypress: lctrl
754.9185 	EXP 	Sound  started
755.5697 	DATA 	Keypress: lctrl
755.6685 	EXP 	Sound  started
756.3697 	DATA 	Keypress: lctrl
756.4185 	EXP 	Sound  started
757.0738 	DATA 	Keypress: lctrl
757.1685 	EXP 	Sound  started
757.9185 	EXP 	Sound  started
757.9538 	DATA 	Keypress: lctrl
758.6686 	EXP 	Sound  started
758.7697 	DATA 	Keypress: rctrl
759.4186 	EXP 	Sound  started
760.1686 	EXP 	Sound  started
760.9186 	EXP 	Sound  started
761.6686 	EXP 	Sound  started
761.7938 	DATA 	Keypress: rctrl
762.4186 	EXP 	Sound  started
763.1686 	EXP 	Sound  started
763.9186 	EXP 	Sound  started
764.6687 	EXP 	Sound  started
765.4187 	EXP 	Sound  started
766.1687 	EXP 	Sound  started
766.5457 	DATA 	Keypress: rctrl
766.9137 	DATA 	Keypress: lctrl
766.9187 	EXP 	Sound  started
767.6687 	EXP 	Sound  started
767.8257 	DATA 	Keypress: rctrl
768.4187 	EXP 	Sound  started
769.1688 	EXP 	Sound  started
769.9188 	EXP 	Sound  started
770.6688 	EXP 	Sound  started
771.4188 	EXP 	Sound  started
772.0339 	DATA 	Keypress: lctrl
772.1688 	EXP 	Sound  started
772.6258 	DATA 	Keypress: lctrl
772.9189 	EXP 	Sound  started
773.3457 	DATA 	Keypress: lctrl
773.6688 	EXP 	Sound  started
774.4189 	EXP 	Sound  started
775.1689 	EXP 	Sound  started
775.9189 	EXP 	Sound  started
776.6689 	EXP 	Sound  started
777.4189 	EXP 	Sound  started
777.4418 	DATA 	Keypress: lctrl
778.1689 	EXP 	Sound  started
778.9189 	EXP 	Sound  started
779.6689 	EXP 	Sound  started
780.3218 	DATA 	Keypress: lctrl
780.4190 	EXP 	Sound  started
781.1690 	EXP 	Sound  started
781.9190 	EXP 	Sound  started
782.6690 	EXP 	Sound  started
783.2658 	DATA 	Keypress: lctrl
783.4190 	EXP 	Sound  started
784.1297 	DATA 	Keypress: lctrl
784.1690 	EXP 	Sound  started
784.9190 	EXP 	Sound  started
785.6691 	EXP 	Sound  started
786.4191 	EXP 	Sound  started
787.1691 	EXP 	Sound  started
787.9191 	EXP 	Sound  started
788.6691 	EXP 	Sound  started
789.4191 	EXP 	Sound  started
790.1692 	EXP 	Sound  started
790.8339 	DATA 	Keypress: lctrl
790.9192 	EXP 	Sound  started
791.4578 	DATA 	Keypress: lctrl
791.6692 	EXP 	Sound  started
792.0337 	DATA 	Keypress: rctrl
792.4177 	DATA 	Keypress: lctrl
792.4192 	EXP 	Sound  started
793.1692 	EXP 	Sound  started
793.9192 	EXP 	Sound  started
794.3858 	DATA 	Keypress: rctrl
794.6692 	EXP 	Sound  started
794.7857 	DATA 	Keypress: lctrl
794.9937 	DATA 	Keypress: rctrl
795.2818 	DATA 	Keypress: lctrl
795.4193 	EXP 	Sound  started
796.1137 	DATA 	Keypress: rctrl
796.1693 	EXP 	Sound  started
796.9193 	EXP 	Sound  started
797.6693 	EXP 	Sound  started
798.4193 	EXP 	Sound  started
799.1378 	DATA 	Keypress: lctrl
799.1693 	EXP 	Sound  started
799.6177 	DATA 	Keypress: rctrl
799.8417 	DATA 	Keypress: lctrl
799.9193 	EXP 	Sound  started
800.2097 	DATA 	Keypress: rctrl
800.5457 	DATA 	Keypress: lctrl
800.6694 	EXP 	Sound  started
801.0098 	DATA 	Keypress: rctrl
801.4194 	EXP 	Sound  started
801.6817 	DATA 	Keypress: lctrl
802.3111 	DATA 	Keypress: lctrl
804.2955 	DATA 	Keypress: 2
804.3121 	EXP 	unnamed ShapeStim: vertices = <class 'numpy.ndarray'>
805.8329 	DATA 	Keypress: 2
805.8800 	EXP 	unnamed ShapeStim: vertices = <class 'numpy.ndarray'>
807.5321 	DATA 	Keypress: 3
807.5485 	EXP 	unnamed ShapeStim: vertices = <class 'numpy.ndarray'>
809.8335 	EXP 	Sound  started
810.0018 	DATA 	Keypress: rctrl
810.5835 	EXP 	Sound  started
810.6737 	DATA 	Keypress: rctrl
811.2817 	DATA 	Keypress: rctrl
811.3335 	EXP 	Sound  started
812.0835 	EXP 	Sound  started
812.1617 	DATA 	Keypress: rctrl
812.7857 	DATA 	Keypress: rctrl
812.8335 	EXP 	Sound  started
813.5217 	DATA 	Keypress: rctrl
813.5835 	EXP 	Sound  started
814.2257 	DATA 	Keypress: lctrl
814.3335 	EXP 	Sound  started
815.0836 	EXP 	Sound  started
815.8335 	EXP 	Sound  started
816.5836 	EXP 	Sound  started
817.3336 	EXP 	Sound  started
818.0836 	EXP 	Sound  started
818.8336 	EXP 	Sound  started
819.5836 	EXP 	Sound  started
820.3336 	EXP 	Sound  started
821.0836 	EXP 	Sound  started
821.8337 	EXP 	Sound  started
822.5837 	EXP 	Sound  started
823.3337 	EXP 	Sound  started
824.0837 	EXP 	Sound  started
824.8337 	EXP 	Sound  started
825.5837 	EXP 	Sound  started
826.3337 	EXP 	Sound  started
827.0838 	EXP 	Sound  started
827.5859 	DATA 	Keypress: lctrl
827.8338 	EXP 	Sound  started
828.1617 	DATA 	Keypress: lctrl
828.5838 	EXP 	Sound  started
828.6257 	DATA 	Keypress: lctrl
828.8978 	DATA 	Keypress: rctrl
829.2017 	DATA 	Keypress: lctrl
829.3338 	EXP 	Sound  started
829.4097 	DATA 	Keypress: rctrl
829.7777 	DATA 	Keypress: lctrl
830.0838 	EXP 	Sound  started
830.2097 	DATA 	Keypress: rctrl
830.8338 	EXP 	Sound  started
831.5838 	EXP 	Sound  started
832.3339 	EXP 	Sound  started
833.0839 	EXP 	Sound  started
833.8339 	EXP 	Sound  started
834.5839 	EXP 	Sound  started
835.3339 	EXP 	Sound  started
836.0839 	EXP 	Sound  started
836.8339 	EXP 	Sound  started
837.0100 	DATA 	Keypress: rctrl
837.5840 	EXP 	Sound  started
837.6977 	DATA 	Keypress: lctrl
838.3340 	EXP 	Sound  started
838.4497 	DATA 	Keypress: rctrl
839.0840 	EXP 	Sound  started
839.8340 	EXP 	Sound  started
840.5840 	EXP 	Sound  started
840.6097 	DATA 	Keypress: rctrl
841.3340 	EXP 	Sound  started
842.0840 	EXP 	Sound  started
842.8340 	EXP 	Sound  started
843.5841 	EXP 	Sound  started
844.3341 	EXP 	Sound  started
844.6418 	DATA 	Keypress: rctrl
845.0841 	EXP 	Sound  started
845.8341 	EXP 	Sound  started
846.5841 	EXP 	Sound  started
847.3342 	EXP 	Sound  started
848.0842 	EXP 	Sound  started
848.8342 	EXP 	Sound  started
849.5842 	EXP 	Sound  started
850.3345 	EXP 	Sound  started
851.0845 	EXP 	Sound  started
851.8345 	EXP 	Sound  started
852.5845 	EXP 	Sound  started
853.3345 	EXP 	Sound  started
854.0845 	EXP 	Sound  started
854.8345 	EXP 	Sound  started
855.5845 	EXP 	Sound  started
856.3346 	EXP 	Sound  started
856.9298 	DATA 	Keypress: rctrl
857.0846 	EXP 	Sound  started
857.6177 	DATA 	Keypress: lctrl
857.8346 	EXP 	Sound  started
858.2577 	DATA 	Keypress: rctrl
858.5846 	EXP 	Sound  started
858.9457 	DATA 	Keypress: rctrl
863.3106 	DATA 	Keypress: 2
863.3271 	EXP 	unnamed ShapeStim: vertices = <class 'numpy.ndarray'>
868.4852 	DATA 	Keypress: 3
868.5147 	EXP 	unnamed ShapeStim: vertices = <class 'numpy.ndarray'>
871.1175 	DATA 	Keypress: 2
871.1335 	EXP 	unnamed ShapeStim: vertices = <class 'numpy.ndarray'>
873.4180 	EXP 	Sound  started
873.6338 	DATA 	Keypress: rctrl
874.1680 	EXP 	Sound  started
874.3058 	DATA 	Keypress: rctrl
874.8497 	DATA 	Keypress: rctrl
874.9180 	EXP 	Sound  started
875.5537 	DATA 	Keypress: rctrl
875.6680 	EXP 	Sound  started
876.1777 	DATA 	Keypress: rctrl
876.4180 	EXP 	Sound  started
876.9137 	DATA 	Keypress: lctrl
877.1681 	EXP 	Sound  started
877.8417 	DATA 	Keypress: lctrl
877.9181 	EXP 	Sound  started
878.5937 	DATA 	Keypress: lctrl
878.6681 	EXP 	Sound  started
879.2818 	DATA 	Keypress: lctrl
879.4181 	EXP 	Sound  started
880.1297 	DATA 	Keypress: lctrl
880.1681 	EXP 	Sound  started
880.9181 	EXP 	Sound  started
880.9297 	DATA 	Keypress: rctrl
881.6681 	EXP 	Sound  started
882.4181 	EXP 	Sound  started
883.1682 	EXP 	Sound  started
883.9182 	EXP 	Sound  started
884.6682 	EXP 	Sound  started
885.4182 	EXP 	Sound  started
886.1682 	EXP 	Sound  started
886.9182 	EXP 	Sound  started
887.6682 	EXP 	Sound  started
888.4182 	EXP 	Sound  started
889.1683 	EXP 	Sound  started
889.9183 	EXP 	Sound  started
890.6683 	EXP 	Sound  started
891.4183 	EXP 	Sound  started
892.1683 	EXP 	Sound  started
892.9183 	EXP 	Sound  started
893.6683 	EXP 	Sound  started
894.4183 	EXP 	Sound  started
895.1684 	EXP 	Sound  started
895.9184 	EXP 	Sound  started
896.6684 	EXP 	Sound  started
897.2338 	DATA 	Keypress: rctrl
897.4184 	EXP 	Sound  started
898.0817 	DATA 	Keypress: rctrl
898.1684 	EXP 	Sound  started
898.8337 	DATA 	Keypress: lctrl
898.9184 	EXP 	Sound  started
899.6685 	EXP 	Sound  started
900.4185 	EXP 	Sound  started
901.1685 	EXP 	Sound  started
901.9185 	EXP 	Sound  started
902.6685 	EXP 	Sound  started
903.4185 	EXP 	Sound  started
904.1685 	EXP 	Sound  started
904.9186 	EXP 	Sound  started
905.6686 	EXP 	Sound  started
906.4186 	EXP 	Sound  started
907.1686 	EXP 	Sound  started
907.9186 	EXP 	Sound  started
908.6686 	EXP 	Sound  started
909.4187 	EXP 	Sound  started
910.1687 	EXP 	Sound  started
910.9187 	EXP 	Sound  started
911.6687 	EXP 	Sound  started
912.4187 	EXP 	Sound  started
913.1687 	EXP 	Sound  started
913.9187 	EXP 	Sound  started
914.6687 	EXP 	Sound  started
915.4188 	EXP 	Sound  started
916.1688 	EXP 	Sound  started
916.9188 	EXP 	Sound  started
917.6688 	EXP 	Sound  started
918.4188 	EXP 	Sound  started
919.1688 	EXP 	Sound  started
919.9188 	EXP 	Sound  started
920.6689 	EXP 	Sound  started
921.4189 	EXP 	Sound  started
922.1689 	EXP 	Sound  started
922.9189 	EXP 	Sound  started
923.6689 	EXP 	Sound  started
924.4189 	EXP 	Sound  started
925.1689 	EXP 	Sound  started
925.9190 	EXP 	Sound  started
926.6690 	EXP 	Sound  started
927.4190 	EXP 	Sound  started
928.1690 	EXP 	Sound  started
928.9190 	EXP 	Sound  started
929.6690 	EXP 	Sound  started
930.4190 	EXP 	Sound  started
931.1690 	EXP 	Sound  started
931.9191 	EXP 	Sound  started
983.6762 	DATA 	Keypress: rctrl
984.2431 	DATA 	Keypress: rctrl
984.6935 	DATA 	Keypress: rctrl
990.0350 	DATA 	Keypress: rctrl
991.8661 	DATA 	Keypress: rctrl
992.5499 	DATA 	Keypress: 1
992.5665 	EXP 	unnamed ShapeStim: vertices = <class 'numpy.ndarray'>
995.7693 	DATA 	Keypress: 2
995.7858 	EXP 	unnamed ShapeStim: vertices = <class 'numpy.ndarray'>
997.3077 	DATA 	Keypress: 2
997.3079 	DATA 	Keypress: 1
997.3537 	EXP 	unnamed ShapeStim: vertices = <class 'numpy.ndarray'>
998.8723 	DATA 	Keypress: 2
1001.6566 	DATA 	Keypress: lctrl
1012.3697 	DATA 	Keypress: lctrl
1012.4369 	EXP 	window1: mouseVisible = True
