14.5237 	WARNING 	User requested fullscreen with size [1024  768], but screen is actually [1920, 1200]. Using actual size
15.3096 	EXP 	Created window1 = Window(allowGUI=False, allowStencil=False, autoLog=True, backendConf=UNKNOWN, bitsMode=UNKNOWN, blendMode='avg', bpc=(8, 8, 8), color=array([0, 0, 0]), colorSpace='rgb', depthBits=8, fullscr=<method-wrapper '__getattribute__' of attributeSetter object at 0x000001FC80306780>, gamma=None, gammaErrorPolicy='raise', lms=UNKNOWN, monitor=<psychopy.monitors.calibTools.Monitor object at 0x000001FC81CA4080>, multiSample=False, name='window1', numSamples=2, pos=[0.0, 0.0], screen=0, size=array([1920, 1200]), stencilBits=0, stereo=False, units='norm', useFBO=True, useRetina=False, viewOri=0.0, viewPos=None, viewScale=None, waitBlanking=True, winType='pyglet')
15.3099 	EXP 	window1: mouseVisible = True
15.3100 	EXP 	window1: mouseVisible = False
15.3100 	EXP 	window1: recordFrameIntervals = False
15.4760 	EXP 	window1: recordFrameIntervals = True
15.6596 	EXP 	window1: recordFrameIntervals = False
15.7151 	EXP 	Created text = TextStim(__class__=<class 'psychopy.visual.text.TextStim'>, alignHoriz=method-wrapper(...), alignText='center', alignVert=method-wrapper(...), anchorHoriz='center', anchorVert='center', antialias=True, autoLog=True, bold=False, color=array([1., 1., 1.]), colorSpace='rgb', contrast=1.0, depth=0.0, flipHoriz=False, flipVert=False, font='Arial', fontFiles=[], height=0.15, italic=False, languageStyle='LTR', name='text', opacity=1, ori=0, pos=array([0., 0.]), rgb=UNKNOWN, text='+', units='norm', win=Window(...), wrapWidth=1)
15.7366 	EXP 	Created text = TextStim(__class__=<class 'psychopy.visual.text.TextStim'>, alignHoriz=method-wrapper(...), alignText='center', alignVert=method-wrapper(...), anchorHoriz='center', anchorVert='center', antialias=True, autoLog=True, bold=False, color=array([1., 1., 1.]), colorSpace='rgb', contrast=1.0, depth=0.0, flipHoriz=False, flipVert=False, font='Arial', fontFiles=[], height=0.07, italic=False, languageStyle='LTR', name='text', opacity=1, ori=0, pos=array([0., 0.]), rgb=UNKNOWN, text=str(...), units='norm', win=Window(...), wrapWidth=1.65)
15.7491 	EXP 	Created text = TextStim(__class__=<class 'psychopy.visual.text.TextStim'>, alignHoriz=method-wrapper(...), alignText='center', alignVert=method-wrapper(...), anchorHoriz='center', anchorVert='center', antialias=True, autoLog=True, bold=False, color=array([1., 1., 1.]), colorSpace='rgb', contrast=1.0, depth=0.0, flipHoriz=False, flipVert=False, font='Arial', fontFiles=[], height=0.07, italic=False, languageStyle='LTR', name='text', opacity=1, ori=0, pos=array([0., 0.]), rgb=UNKNOWN, text=str(...), units='norm', win=Window(...), wrapWidth=1.65)
15.7589 	EXP 	Created text = TextStim(__class__=<class 'psychopy.visual.text.TextStim'>, alignHoriz=method-wrapper(...), alignText='center', alignVert=method-wrapper(...), anchorHoriz='center', anchorVert='center', antialias=True, autoLog=True, bold=False, color=array([1., 1., 1.]), colorSpace='rgb', contrast=1.0, depth=0.0, flipHoriz=False, flipVert=False, font='Arial', fontFiles=[], height=0.07, italic=False, languageStyle='LTR', name='text', opacity=1, ori=0, pos=array([0., 0.]), rgb=UNKNOWN, text=str(...), units='norm', win=Window(...), wrapWidth=1.65)
15.7691 	EXP 	Created text = TextStim(__class__=<class 'psychopy.visual.text.TextStim'>, alignHoriz=method-wrapper(...), alignText='center', alignVert=method-wrapper(...), anchorHoriz='center', anchorVert='center', antialias=True, autoLog=True, bold=False, color=array([1., 1., 1.]), colorSpace='rgb', contrast=1.0, depth=0.0, flipHoriz=False, flipVert=False, font='Arial', fontFiles=[], height=0.07, italic=False, languageStyle='LTR', name='text', opacity=1, ori=0, pos=array([0., 0.]), rgb=UNKNOWN, text=str(...), units='norm', win=Window(...), wrapWidth=1.65)
15.7744 	EXP 	Created text = TextStim(__class__=<class 'psychopy.visual.text.TextStim'>, alignHoriz=method-wrapper(...), alignText='center', alignVert=method-wrapper(...), anchorHoriz='center', anchorVert='center', antialias=True, autoLog=True, bold=False, color=array([1., 1., 1.]), colorSpace='rgb', contrast=1.0, depth=0.0, flipHoriz=False, flipVert=False, font='Arial', fontFiles=[], height=0.07, italic=False, languageStyle='LTR', name='text', opacity=1, ori=0, pos=array([0., 0.]), rgb=UNKNOWN, text=str(...), units='norm', win=Window(...), wrapWidth=1.65)
15.7895 	EXP 	Created text = TextStim(__class__=<class 'psychopy.visual.text.TextStim'>, alignHoriz=method-wrapper(...), alignText='center', alignVert=method-wrapper(...), anchorHoriz='center', anchorVert='center', antialias=True, autoLog=True, bold=False, color=array([1., 1., 1.]), colorSpace='rgb', contrast=1.0, depth=0.0, flipHoriz=False, flipVert=False, font='Arial', fontFiles=[], height=0.15, italic=False, languageStyle='LTR', name='text', opacity=1, ori=0, pos=array([0., 0.]), rgb=UNKNOWN, text=str(...), units='norm', win=Window(...), wrapWidth=1.65)
15.8178 	EXP 	Created text = TextStim(__class__=<class 'psychopy.visual.text.TextStim'>, alignHoriz=method-wrapper(...), alignText='center', alignVert=method-wrapper(...), anchorHoriz='center', anchorVert='center', antialias=True, autoLog=True, bold=False, color=array([1., 1., 1.]), colorSpace='rgb', contrast=1.0, depth=0.0, flipHoriz=False, flipVert=False, font='Arial', fontFiles=[], height=0.07, italic=False, languageStyle='LTR', name='text', opacity=1, ori=0, pos=array([0., 0.]), rgb=UNKNOWN, text=str(...), units='norm', win=Window(...), wrapWidth=1.65)
15.8356 	EXP 	Created text = TextStim(__class__=<class 'psychopy.visual.text.TextStim'>, alignHoriz=method-wrapper(...), alignText='center', alignVert=method-wrapper(...), anchorHoriz='center', anchorVert='center', antialias=True, autoLog=True, bold=False, color=array([1., 1., 1.]), colorSpace='rgb', contrast=1.0, depth=0.0, flipHoriz=False, flipVert=False, font='Arial', fontFiles=[], height=0.07, italic=False, languageStyle='LTR', name='text', opacity=1, ori=0, pos=array([0., 0.]), rgb=UNKNOWN, text=str(...), units='norm', win=Window(...), wrapWidth=1.65)
15.8658 	EXP 	Created text = TextStim(__class__=<class 'psychopy.visual.text.TextStim'>, alignHoriz=method-wrapper(...), alignText='center', alignVert=method-wrapper(...), anchorHoriz='center', anchorVert='center', antialias=True, autoLog=True, bold=False, color=array([1., 1., 1.]), colorSpace='rgb', contrast=1.0, depth=0.0, flipHoriz=False, flipVert=False, font='Arial', fontFiles=[], height=0.07, italic=False, languageStyle='LTR', name='text', opacity=1, ori=0, pos=array([0., 0.]), rgb=UNKNOWN, text=str(...), units='norm', win=Window(...), wrapWidth=1.65)
15.8931 	EXP 	Created text = TextStim(__class__=<class 'psychopy.visual.text.TextStim'>, alignHoriz=method-wrapper(...), alignText='center', alignVert=method-wrapper(...), anchorHoriz='center', anchorVert='center', antialias=True, autoLog=True, bold=False, color=array([1., 1., 1.]), colorSpace='rgb', contrast=1.0, depth=0.0, flipHoriz=False, flipVert=False, font='Arial', fontFiles=[], height=0.07, italic=False, languageStyle='LTR', name='text', opacity=1, ori=0, pos=array([0., 0.]), rgb=UNKNOWN, text=str(...), units='norm', win=Window(...), wrapWidth=1.65)
15.9247 	EXP 	Created text = TextStim(__class__=<class 'psychopy.visual.text.TextStim'>, alignHoriz=method-wrapper(...), alignText='center', alignVert=method-wrapper(...), anchorHoriz='center', anchorVert='center', antialias=True, autoLog=True, bold=False, color=array([1., 1., 1.]), colorSpace='rgb', contrast=1.0, depth=0.0, flipHoriz=False, flipVert=False, font='Arial', fontFiles=[], height=0.07, italic=False, languageStyle='LTR', name='text', opacity=1, ori=0, pos=array([0., 0.]), rgb=UNKNOWN, text=str(...), units='norm', win=Window(...), wrapWidth=1.65)
15.9334 	EXP 	Created text = TextStim(__class__=<class 'psychopy.visual.text.TextStim'>, alignHoriz=method-wrapper(...), alignText='center', alignVert=method-wrapper(...), anchorHoriz='center', anchorVert='center', antialias=True, autoLog=True, bold=False, color=array([1., 1., 1.]), colorSpace='rgb', contrast=1.0, depth=0.0, flipHoriz=False, flipVert=False, font='Arial', fontFiles=[], height=0.07, italic=False, languageStyle='LTR', name='text', opacity=1, ori=0, pos=array([0., 0.]), rgb=UNKNOWN, text=str(...), units='norm', win=Window(...), wrapWidth=1.65)
15.9456 	EXP 	Created text = TextStim(__class__=<class 'psychopy.visual.text.TextStim'>, alignHoriz=method-wrapper(...), alignText='center', alignVert=method-wrapper(...), anchorHoriz='center', anchorVert='center', antialias=True, autoLog=True, bold=False, color=array([1., 1., 1.]), colorSpace='rgb', contrast=1.0, depth=0.0, flipHoriz=False, flipVert=False, font='Arial', fontFiles=[], height=0.07, italic=False, languageStyle='LTR', name='text', opacity=1, ori=0, pos=array([0., 0.]), rgb=UNKNOWN, text=str(...), units='norm', win=Window(...), wrapWidth=1.65)
15.9501 	EXP 	Created instru = TextStim(__class__=<class 'psychopy.visual.text.TextStim'>, alignHoriz=method-wrapper(...), alignText='center', alignVert=method-wrapper(...), anchorHoriz='center', anchorVert='center', antialias=True, autoLog=True, bold=False, color=array([1., 1., 1.]), colorSpace='rgb', contrast=1.0, depth=0.0, flipHoriz=False, flipVert=False, font='Arial', fontFiles=[], height=0.07, italic=False, languageStyle='LTR', name='instru', opacity=1, ori=0, pos=array([0. , 0.5]), rgb=UNKNOWN, text=str(...), units='norm', win=Window(...), wrapWidth=1)
15.9527 	EXP 	Created unnamed Line = Line(__class__=<class 'psychopy.visual.line.Line'>, autoDraw=False, autoLog=True, closeShape=False, color=array([1., 1., 1.]), colorSpace='rgb', contrast=None, depth=0, fillColor=array([0, 0, 0]), fillColorSpace='rgb', fillRGB=array([0, 0, 0]), interpolate=True, lineColor=array([1., 1., 1.]), lineColorSpace='rgb', lineRGB=array([1, 1, 1]), lineWidth=5, name='unnamed Line', opacity=0.5, ori=0.0, pos=array([0., 0.]), size=array([1., 1.]), units='norm', vertices=array([[-0.5,  0. ],
       [ 0.5,  0. ]]), win=Window(...), windingRule=None)
15.9547 	EXP 	Created unnamed Line = Line(__class__=<class 'psychopy.visual.line.Line'>, autoDraw=False, autoLog=True, closeShape=False, color=array([1., 1., 1.]), colorSpace='rgb', contrast=None, depth=0, fillColor=array([0, 0, 0]), fillColorSpace='rgb', fillRGB=array([0, 0, 0]), interpolate=True, lineColor=array([1., 1., 1.]), lineColorSpace='rgb', lineRGB=array([1, 1, 1]), lineWidth=3, name='unnamed Line', opacity=0.5, ori=0.0, pos=array([0., 0.]), size=array([1., 1.]), units='norm', vertices=array([[-0.5 , -0.05],
       [-0.5 ,  0.05]]), win=Window(...), windingRule=None)
15.9567 	EXP 	Created unnamed Line = Line(__class__=<class 'psychopy.visual.line.Line'>, autoDraw=False, autoLog=True, closeShape=False, color=array([1., 1., 1.]), colorSpace='rgb', contrast=None, depth=0, fillColor=array([0, 0, 0]), fillColorSpace='rgb', fillRGB=array([0, 0, 0]), interpolate=True, lineColor=array([1., 1., 1.]), lineColorSpace='rgb', lineRGB=array([1, 1, 1]), lineWidth=3, name='unnamed Line', opacity=0.5, ori=0.0, pos=array([0., 0.]), size=array([1., 1.]), units='norm', vertices=ndarray(...), win=Window(...), windingRule=None)
15.9586 	EXP 	Created unnamed Line = Line(__class__=<class 'psychopy.visual.line.Line'>, autoDraw=False, autoLog=True, closeShape=False, color=array([1., 1., 1.]), colorSpace='rgb', contrast=None, depth=0, fillColor=array([0, 0, 0]), fillColorSpace='rgb', fillRGB=array([0, 0, 0]), interpolate=True, lineColor=array([1., 1., 1.]), lineColorSpace='rgb', lineRGB=array([1, 1, 1]), lineWidth=3, name='unnamed Line', opacity=0.5, ori=0.0, pos=array([0., 0.]), size=array([1., 1.]), units='norm', vertices=ndarray(...), win=Window(...), windingRule=None)
15.9606 	EXP 	Created unnamed Line = Line(__class__=<class 'psychopy.visual.line.Line'>, autoDraw=False, autoLog=True, closeShape=False, color=array([1., 1., 1.]), colorSpace='rgb', contrast=None, depth=0, fillColor=array([0, 0, 0]), fillColorSpace='rgb', fillRGB=array([0, 0, 0]), interpolate=True, lineColor=array([1., 1., 1.]), lineColorSpace='rgb', lineRGB=array([1, 1, 1]), lineWidth=3, name='unnamed Line', opacity=0.5, ori=0.0, pos=array([0., 0.]), size=array([1., 1.]), units='norm', vertices=array([[ 0.5 , -0.05],
       [ 0.5 ,  0.05]]), win=Window(...), windingRule=None)
15.9722 	EXP 	Created unnamed TextStim = TextStim(__class__=<class 'psychopy.visual.text.TextStim'>, alignHoriz=method-wrapper(...), alignText='center', alignVert=method-wrapper(...), anchorHoriz='center', anchorVert='center', antialias=True, autoLog=True, bold=False, color=array([1., 1., 1.]), colorSpace='rgb', contrast=1.0, depth=0, flipHoriz=False, flipVert=False, font='', fontFiles=[], height=0.05, italic=False, languageStyle='LTR', name='unnamed TextStim', opacity=1.0, ori=0.0, pos=array([-0.5, -0.1]), rgb=UNKNOWN, text='Clearly \n NOT FOCUSED', units='norm', win=Window(...), wrapWidth=1)
15.9732 	EXP 	Created unnamed TextStim = TextStim(__class__=<class 'psychopy.visual.text.TextStim'>, alignHoriz=method-wrapper(...), alignText='center', alignVert=method-wrapper(...), anchorHoriz='center', anchorVert='center', antialias=True, autoLog=True, bold=False, color=array([1., 1., 1.]), colorSpace='rgb', contrast=1.0, depth=0, flipHoriz=False, flipVert=False, font='', fontFiles=[], height=0.05, italic=False, languageStyle='LTR', name='unnamed TextStim', opacity=1.0, ori=0.0, pos=array([-0.16666667, -0.1       ]), rgb=UNKNOWN, text='', units='norm', win=Window(...), wrapWidth=1)
15.9742 	EXP 	Created unnamed TextStim = TextStim(__class__=<class 'psychopy.visual.text.TextStim'>, alignHoriz=method-wrapper(...), alignText='center', alignVert=method-wrapper(...), anchorHoriz='center', anchorVert='center', antialias=True, autoLog=True, bold=False, color=array([1., 1., 1.]), colorSpace='rgb', contrast=1.0, depth=0, flipHoriz=False, flipVert=False, font='', fontFiles=[], height=0.05, italic=False, languageStyle='LTR', name='unnamed TextStim', opacity=1.0, ori=0.0, pos=array([ 0.16666667, -0.1       ]), rgb=UNKNOWN, text='', units='norm', win=Window(...), wrapWidth=1)
15.9776 	EXP 	Created unnamed TextStim = TextStim(__class__=<class 'psychopy.visual.text.TextStim'>, alignHoriz=method-wrapper(...), alignText='center', alignVert=method-wrapper(...), anchorHoriz='center', anchorVert='center', antialias=True, autoLog=True, bold=False, color=array([1., 1., 1.]), colorSpace='rgb', contrast=1.0, depth=0, flipHoriz=False, flipVert=False, font='', fontFiles=[], height=0.05, italic=False, languageStyle='LTR', name='unnamed TextStim', opacity=1.0, ori=0.0, pos=array([ 0.5, -0.1]), rgb=UNKNOWN, text='Clearly \n FOCUSED', units='norm', win=Window(...), wrapWidth=1)
15.9794 	EXP 	Created unnamed ShapeStim = ShapeStim(__class__=<class 'psychopy.visual.shape.ShapeStim'>, autoDraw=False, autoLog=True, closeShape=True, color=method-wrapper(...), colorSpace='rgb', contrast=None, depth=0, fillColor=array([1, 1, 1]), fillColorSpace='rgb', fillRGB=array([1, 1, 1]), interpolate=True, lineColor=array([-1., -1., -1.]), lineColorSpace='rgb', lineRGB=array([-1, -1, -1]), lineWidth=1.5, name='unnamed ShapeStim', opacity=1.0, ori=0.0, pos=array([0., 0.]), size=array([1., 1.]), units='norm', vertices=ndarray(...), win=Window(...), windingRule=None)
15.9877 	EXP 	Created instru = TextStim(__class__=<class 'psychopy.visual.text.TextStim'>, alignHoriz=method-wrapper(...), alignText='center', alignVert=method-wrapper(...), anchorHoriz='center', anchorVert='center', antialias=True, autoLog=True, bold=False, color=array([1., 1., 1.]), colorSpace='rgb', contrast=1.0, depth=0.0, flipHoriz=False, flipVert=False, font='Arial', fontFiles=[], height=0.07, italic=False, languageStyle='LTR', name='instru', opacity=1, ori=0, pos=array([0. , 0.5]), rgb=UNKNOWN, text=str(...), units='norm', win=Window(...), wrapWidth=1)
15.9897 	EXP 	Created unnamed Line = Line(__class__=<class 'psychopy.visual.line.Line'>, autoDraw=False, autoLog=True, closeShape=False, color=array([1., 1., 1.]), colorSpace='rgb', contrast=None, depth=0, fillColor=array([0, 0, 0]), fillColorSpace='rgb', fillRGB=array([0, 0, 0]), interpolate=True, lineColor=array([1., 1., 1.]), lineColorSpace='rgb', lineRGB=array([1, 1, 1]), lineWidth=5, name='unnamed Line', opacity=0.5, ori=0.0, pos=array([0., 0.]), size=array([1., 1.]), units='norm', vertices=array([[-0.5,  0. ],
       [ 0.5,  0. ]]), win=Window(...), windingRule=None)
15.9917 	EXP 	Created unnamed Line = Line(__class__=<class 'psychopy.visual.line.Line'>, autoDraw=False, autoLog=True, closeShape=False, color=array([1., 1., 1.]), colorSpace='rgb', contrast=None, depth=0, fillColor=array([0, 0, 0]), fillColorSpace='rgb', fillRGB=array([0, 0, 0]), interpolate=True, lineColor=array([1., 1., 1.]), lineColorSpace='rgb', lineRGB=array([1, 1, 1]), lineWidth=3, name='unnamed Line', opacity=0.5, ori=0.0, pos=array([0., 0.]), size=array([1., 1.]), units='norm', vertices=array([[-0.5 , -0.05],
       [-0.5 ,  0.05]]), win=Window(...), windingRule=None)
15.9937 	EXP 	Created unnamed Line = Line(__class__=<class 'psychopy.visual.line.Line'>, autoDraw=False, autoLog=True, closeShape=False, color=array([1., 1., 1.]), colorSpace='rgb', contrast=None, depth=0, fillColor=array([0, 0, 0]), fillColorSpace='rgb', fillRGB=array([0, 0, 0]), interpolate=True, lineColor=array([1., 1., 1.]), lineColorSpace='rgb', lineRGB=array([1, 1, 1]), lineWidth=3, name='unnamed Line', opacity=0.5, ori=0.0, pos=array([0., 0.]), size=array([1., 1.]), units='norm', vertices=ndarray(...), win=Window(...), windingRule=None)
15.9957 	EXP 	Created unnamed Line = Line(__class__=<class 'psychopy.visual.line.Line'>, autoDraw=False, autoLog=True, closeShape=False, color=array([1., 1., 1.]), colorSpace='rgb', contrast=None, depth=0, fillColor=array([0, 0, 0]), fillColorSpace='rgb', fillRGB=array([0, 0, 0]), interpolate=True, lineColor=array([1., 1., 1.]), lineColorSpace='rgb', lineRGB=array([1, 1, 1]), lineWidth=3, name='unnamed Line', opacity=0.5, ori=0.0, pos=array([0., 0.]), size=array([1., 1.]), units='norm', vertices=ndarray(...), win=Window(...), windingRule=None)
15.9977 	EXP 	Created unnamed Line = Line(__class__=<class 'psychopy.visual.line.Line'>, autoDraw=False, autoLog=True, closeShape=False, color=array([1., 1., 1.]), colorSpace='rgb', contrast=None, depth=0, fillColor=array([0, 0, 0]), fillColorSpace='rgb', fillRGB=array([0, 0, 0]), interpolate=True, lineColor=array([1., 1., 1.]), lineColorSpace='rgb', lineRGB=array([1, 1, 1]), lineWidth=3, name='unnamed Line', opacity=0.5, ori=0.0, pos=array([0., 0.]), size=array([1., 1.]), units='norm', vertices=array([[ 0.5 , -0.05],
       [ 0.5 ,  0.05]]), win=Window(...), windingRule=None)
16.0028 	EXP 	Created unnamed TextStim = TextStim(__class__=<class 'psychopy.visual.text.TextStim'>, alignHoriz=method-wrapper(...), alignText='center', alignVert=method-wrapper(...), anchorHoriz='center', anchorVert='center', antialias=True, autoLog=True, bold=False, color=array([1., 1., 1.]), colorSpace='rgb', contrast=1.0, depth=0, flipHoriz=False, flipVert=False, font='', fontFiles=[], height=0.05, italic=False, languageStyle='LTR', name='unnamed TextStim', opacity=1.0, ori=0.0, pos=array([-0.5, -0.1]), rgb=UNKNOWN, text='Clearly \n NOTHING', units='norm', win=Window(...), wrapWidth=1)
16.0038 	EXP 	Created unnamed TextStim = TextStim(__class__=<class 'psychopy.visual.text.TextStim'>, alignHoriz=method-wrapper(...), alignText='center', alignVert=method-wrapper(...), anchorHoriz='center', anchorVert='center', antialias=True, autoLog=True, bold=False, color=array([1., 1., 1.]), colorSpace='rgb', contrast=1.0, depth=0, flipHoriz=False, flipVert=False, font='', fontFiles=[], height=0.05, italic=False, languageStyle='LTR', name='unnamed TextStim', opacity=1.0, ori=0.0, pos=array([-0.16666667, -0.1       ]), rgb=UNKNOWN, text='', units='norm', win=Window(...), wrapWidth=1)
16.0048 	EXP 	Created unnamed TextStim = TextStim(__class__=<class 'psychopy.visual.text.TextStim'>, alignHoriz=method-wrapper(...), alignText='center', alignVert=method-wrapper(...), anchorHoriz='center', anchorVert='center', antialias=True, autoLog=True, bold=False, color=array([1., 1., 1.]), colorSpace='rgb', contrast=1.0, depth=0, flipHoriz=False, flipVert=False, font='', fontFiles=[], height=0.05, italic=False, languageStyle='LTR', name='unnamed TextStim', opacity=1.0, ori=0.0, pos=array([ 0.16666667, -0.1       ]), rgb=UNKNOWN, text='', units='norm', win=Window(...), wrapWidth=1)
16.0092 	EXP 	Created unnamed TextStim = TextStim(__class__=<class 'psychopy.visual.text.TextStim'>, alignHoriz=method-wrapper(...), alignText='center', alignVert=method-wrapper(...), anchorHoriz='center', anchorVert='center', antialias=True, autoLog=True, bold=False, color=array([1., 1., 1.]), colorSpace='rgb', contrast=1.0, depth=0, flipHoriz=False, flipVert=False, font='', fontFiles=[], height=0.05, italic=False, languageStyle='LTR', name='unnamed TextStim', opacity=1.0, ori=0.0, pos=array([ 0.5, -0.1]), rgb=UNKNOWN, text='Clearly \n SOMETHING', units='norm', win=Window(...), wrapWidth=1)
16.0113 	EXP 	Created unnamed ShapeStim = ShapeStim(__class__=<class 'psychopy.visual.shape.ShapeStim'>, autoDraw=False, autoLog=True, closeShape=True, color=method-wrapper(...), colorSpace='rgb', contrast=None, depth=0, fillColor=array([1, 1, 1]), fillColorSpace='rgb', fillRGB=array([1, 1, 1]), interpolate=True, lineColor=array([-1., -1., -1.]), lineColorSpace='rgb', lineRGB=array([-1, -1, -1]), lineWidth=1.5, name='unnamed ShapeStim', opacity=1.0, ori=0.0, pos=array([0., 0.]), size=array([1., 1.]), units='norm', vertices=ndarray(...), win=Window(...), windingRule=None)
16.0188 	EXP 	Created instru = TextStim(__class__=<class 'psychopy.visual.text.TextStim'>, alignHoriz=method-wrapper(...), alignText='center', alignVert=method-wrapper(...), anchorHoriz='center', anchorVert='center', antialias=True, autoLog=True, bold=False, color=array([1., 1., 1.]), colorSpace='rgb', contrast=1.0, depth=0.0, flipHoriz=False, flipVert=False, font='Arial', fontFiles=[], height=0.07, italic=False, languageStyle='LTR', name='instru', opacity=1, ori=0, pos=array([0. , 0.5]), rgb=UNKNOWN, text=str(...), units='norm', win=Window(...), wrapWidth=1)
16.0208 	EXP 	Created unnamed Line = Line(__class__=<class 'psychopy.visual.line.Line'>, autoDraw=False, autoLog=True, closeShape=False, color=array([1., 1., 1.]), colorSpace='rgb', contrast=None, depth=0, fillColor=array([0, 0, 0]), fillColorSpace='rgb', fillRGB=array([0, 0, 0]), interpolate=True, lineColor=array([1., 1., 1.]), lineColorSpace='rgb', lineRGB=array([1, 1, 1]), lineWidth=5, name='unnamed Line', opacity=0.5, ori=0.0, pos=array([0., 0.]), size=array([1., 1.]), units='norm', vertices=array([[-0.5,  0. ],
       [ 0.5,  0. ]]), win=Window(...), windingRule=None)
16.0228 	EXP 	Created unnamed Line = Line(__class__=<class 'psychopy.visual.line.Line'>, autoDraw=False, autoLog=True, closeShape=False, color=array([1., 1., 1.]), colorSpace='rgb', contrast=None, depth=0, fillColor=array([0, 0, 0]), fillColorSpace='rgb', fillRGB=array([0, 0, 0]), interpolate=True, lineColor=array([1., 1., 1.]), lineColorSpace='rgb', lineRGB=array([1, 1, 1]), lineWidth=3, name='unnamed Line', opacity=0.5, ori=0.0, pos=array([0., 0.]), size=array([1., 1.]), units='norm', vertices=array([[-0.5 , -0.05],
       [-0.5 ,  0.05]]), win=Window(...), windingRule=None)
16.0247 	EXP 	Created unnamed Line = Line(__class__=<class 'psychopy.visual.line.Line'>, autoDraw=False, autoLog=True, closeShape=False, color=array([1., 1., 1.]), colorSpace='rgb', contrast=None, depth=0, fillColor=array([0, 0, 0]), fillColorSpace='rgb', fillRGB=array([0, 0, 0]), interpolate=True, lineColor=array([1., 1., 1.]), lineColorSpace='rgb', lineRGB=array([1, 1, 1]), lineWidth=3, name='unnamed Line', opacity=0.5, ori=0.0, pos=array([0., 0.]), size=array([1., 1.]), units='norm', vertices=ndarray(...), win=Window(...), windingRule=None)
16.0267 	EXP 	Created unnamed Line = Line(__class__=<class 'psychopy.visual.line.Line'>, autoDraw=False, autoLog=True, closeShape=False, color=array([1., 1., 1.]), colorSpace='rgb', contrast=None, depth=0, fillColor=array([0, 0, 0]), fillColorSpace='rgb', fillRGB=array([0, 0, 0]), interpolate=True, lineColor=array([1., 1., 1.]), lineColorSpace='rgb', lineRGB=array([1, 1, 1]), lineWidth=3, name='unnamed Line', opacity=0.5, ori=0.0, pos=array([0., 0.]), size=array([1., 1.]), units='norm', vertices=ndarray(...), win=Window(...), windingRule=None)
16.0287 	EXP 	Created unnamed Line = Line(__class__=<class 'psychopy.visual.line.Line'>, autoDraw=False, autoLog=True, closeShape=False, color=array([1., 1., 1.]), colorSpace='rgb', contrast=None, depth=0, fillColor=array([0, 0, 0]), fillColorSpace='rgb', fillRGB=array([0, 0, 0]), interpolate=True, lineColor=array([1., 1., 1.]), lineColorSpace='rgb', lineRGB=array([1, 1, 1]), lineWidth=3, name='unnamed Line', opacity=0.5, ori=0.0, pos=array([0., 0.]), size=array([1., 1.]), units='norm', vertices=array([[ 0.5 , -0.05],
       [ 0.5 ,  0.05]]), win=Window(...), windingRule=None)
16.0338 	EXP 	Created unnamed TextStim = TextStim(__class__=<class 'psychopy.visual.text.TextStim'>, alignHoriz=method-wrapper(...), alignText='center', alignVert=method-wrapper(...), anchorHoriz='center', anchorVert='center', antialias=True, autoLog=True, bold=False, color=array([1., 1., 1.]), colorSpace='rgb', contrast=1.0, depth=0, flipHoriz=False, flipVert=False, font='', fontFiles=[], height=0.05, italic=False, languageStyle='LTR', name='unnamed TextStim', opacity=1.0, ori=0.0, pos=array([-0.5, -0.1]), rgb=UNKNOWN, text='Clearly \n SPONTANEOUS', units='norm', win=Window(...), wrapWidth=1)
16.0348 	EXP 	Created unnamed TextStim = TextStim(__class__=<class 'psychopy.visual.text.TextStim'>, alignHoriz=method-wrapper(...), alignText='center', alignVert=method-wrapper(...), anchorHoriz='center', anchorVert='center', antialias=True, autoLog=True, bold=False, color=array([1., 1., 1.]), colorSpace='rgb', contrast=1.0, depth=0, flipHoriz=False, flipVert=False, font='', fontFiles=[], height=0.05, italic=False, languageStyle='LTR', name='unnamed TextStim', opacity=1.0, ori=0.0, pos=array([-0.16666667, -0.1       ]), rgb=UNKNOWN, text='', units='norm', win=Window(...), wrapWidth=1)
16.0358 	EXP 	Created unnamed TextStim = TextStim(__class__=<class 'psychopy.visual.text.TextStim'>, alignHoriz=method-wrapper(...), alignText='center', alignVert=method-wrapper(...), anchorHoriz='center', anchorVert='center', antialias=True, autoLog=True, bold=False, color=array([1., 1., 1.]), colorSpace='rgb', contrast=1.0, depth=0, flipHoriz=False, flipVert=False, font='', fontFiles=[], height=0.05, italic=False, languageStyle='LTR', name='unnamed TextStim', opacity=1.0, ori=0.0, pos=array([ 0.16666667, -0.1       ]), rgb=UNKNOWN, text='', units='norm', win=Window(...), wrapWidth=1)
16.0412 	EXP 	Created unnamed TextStim = TextStim(__class__=<class 'psychopy.visual.text.TextStim'>, alignHoriz=method-wrapper(...), alignText='center', alignVert=method-wrapper(...), anchorHoriz='center', anchorVert='center', antialias=True, autoLog=True, bold=False, color=array([1., 1., 1.]), colorSpace='rgb', contrast=1.0, depth=0, flipHoriz=False, flipVert=False, font='', fontFiles=[], height=0.05, italic=False, languageStyle='LTR', name='unnamed TextStim', opacity=1.0, ori=0.0, pos=array([ 0.5, -0.1]), rgb=UNKNOWN, text='Clearly \n DELIBERATE', units='norm', win=Window(...), wrapWidth=1)
16.0430 	EXP 	Created unnamed ShapeStim = ShapeStim(__class__=<class 'psychopy.visual.shape.ShapeStim'>, autoDraw=False, autoLog=True, closeShape=True, color=method-wrapper(...), colorSpace='rgb', contrast=None, depth=0, fillColor=array([1, 1, 1]), fillColorSpace='rgb', fillRGB=array([1, 1, 1]), interpolate=True, lineColor=array([-1., -1., -1.]), lineColorSpace='rgb', lineRGB=array([-1, -1, -1]), lineWidth=1.5, name='unnamed ShapeStim', opacity=1.0, ori=0.0, pos=array([0., 0.]), size=array([1., 1.]), units='norm', vertices=ndarray(...), win=Window(...), windingRule=None)
16.0916 	EXP 	Sound  set volume 1.000
16.1244 	EXP 	unnamed ShapeStim: vertices = <class 'numpy.ndarray'>
16.1244 	EXP 	unnamed ShapeStim: vertices = <class 'numpy.ndarray'>
16.1244 	EXP 	unnamed ShapeStim: vertices = <class 'numpy.ndarray'>
51.5885 	DATA 	Keypress: rctrl
52.1066 	EXP 	Sound  started
52.3565 	DATA 	Keypress: rctrl
52.8565 	EXP 	Sound  started
52.8843 	DATA 	Keypress: rctrl
53.4924 	DATA 	Keypress: rctrl
53.6065 	EXP 	Sound  started
54.1964 	DATA 	Keypress: lctrl
54.3565 	EXP 	Sound  started
54.9164 	DATA 	Keypress: rctrl
55.1065 	EXP 	Sound  started
55.7805 	DATA 	Keypress: lctrl
55.8565 	EXP 	Sound  started
56.5164 	DATA 	Keypress: rctrl
56.6065 	EXP 	Sound  started
57.1885 	DATA 	Keypress: lctrl
57.3565 	EXP 	Sound  started
57.9725 	DATA 	Keypress: lctrl
58.1066 	EXP 	Sound  started
58.7724 	DATA 	Keypress: lctrl
58.8566 	EXP 	Sound  started
59.2364 	DATA 	Keypress: rctrl
59.6066 	EXP 	Sound  started
60.3085 	DATA 	Keypress: lctrl
60.3566 	EXP 	Sound  started
61.0604 	DATA 	Keypress: lctrl
61.1066 	EXP 	Sound  started
61.7004 	DATA 	Keypress: rctrl
61.8566 	EXP 	Sound  started
62.5004 	DATA 	Keypress: rctrl
62.6066 	EXP 	Sound  started
63.2205 	DATA 	Keypress: rctrl
63.3567 	EXP 	Sound  started
63.9404 	DATA 	Keypress: rctrl
64.1067 	EXP 	Sound  started
64.5485 	DATA 	Keypress: lctrl
64.8567 	EXP 	Sound  started
65.2684 	DATA 	Keypress: lctrl
65.6067 	EXP 	Sound  started
65.9884 	DATA 	Keypress: rctrl
66.3567 	EXP 	Sound  started
66.7403 	DATA 	Keypress: lctrl
67.1067 	EXP 	Sound  started
67.5403 	DATA 	Keypress: lctrl
67.8567 	EXP 	Sound  started
68.3403 	DATA 	Keypress: lctrl
68.6067 	EXP 	Sound  started
69.0764 	DATA 	Keypress: rctrl
69.3568 	EXP 	Sound  started
69.8765 	DATA 	Keypress: rctrl
70.1068 	EXP 	Sound  started
70.7085 	DATA 	Keypress: lctrl
70.8568 	EXP 	Sound  started
71.4124 	DATA 	Keypress: rctrl
71.6068 	EXP 	Sound  started
72.1644 	DATA 	Keypress: rctrl
72.3568 	EXP 	Sound  started
72.9804 	DATA 	Keypress: lctrl
73.1068 	EXP 	Sound  started
73.6844 	DATA 	Keypress: lctrl
73.8568 	EXP 	Sound  started
74.4044 	DATA 	Keypress: lctrl
74.6069 	EXP 	Sound  started
75.0764 	DATA 	Keypress: lctrl
75.3569 	EXP 	Sound  started
75.9884 	DATA 	Keypress: rctrl
76.1069 	EXP 	Sound  started
76.8044 	DATA 	Keypress: rctrl
76.8569 	EXP 	Sound  started
77.5563 	DATA 	Keypress: rctrl
77.6069 	EXP 	Sound  started
78.2603 	DATA 	Keypress: rctrl
78.3569 	EXP 	Sound  started
78.9323 	DATA 	Keypress: lctrl
79.1069 	EXP 	Sound  started
79.7163 	DATA 	Keypress: lctrl
79.8570 	EXP 	Sound  started
80.4204 	DATA 	Keypress: rctrl
80.6070 	EXP 	Sound  started
81.2843 	DATA 	Keypress: lctrl
81.3570 	EXP 	Sound  started
82.0204 	DATA 	Keypress: lctrl
82.1070 	EXP 	Sound  started
82.7243 	DATA 	Keypress: lctrl
82.8570 	EXP 	Sound  started
83.4764 	DATA 	Keypress: rctrl
83.6070 	EXP 	Sound  started
84.2124 	DATA 	Keypress: rctrl
84.3570 	EXP 	Sound  started
84.9965 	DATA 	Keypress: lctrl
85.1071 	EXP 	Sound  started
85.7004 	DATA 	Keypress: rctrl
85.8571 	EXP 	Sound  started
86.4843 	DATA 	Keypress: rctrl
86.6071 	EXP 	Sound  started
87.1564 	DATA 	Keypress: rctrl
87.3571 	EXP 	Sound  started
87.9723 	DATA 	Keypress: lctrl
88.1071 	EXP 	Sound  started
88.6923 	DATA 	Keypress: lctrl
88.8571 	EXP 	Sound  started
89.4764 	DATA 	Keypress: rctrl
89.6071 	EXP 	Sound  started
90.1964 	DATA 	Keypress: rctrl
90.3572 	EXP 	Sound  started
90.9644 	DATA 	Keypress: rctrl
91.1072 	EXP 	Sound  started
91.7483 	DATA 	Keypress: rctrl
91.8572 	EXP 	Sound  started
92.4524 	DATA 	Keypress: rctrl
92.6072 	EXP 	Sound  started
93.2364 	DATA 	Keypress: rctrl
93.3572 	EXP 	Sound  started
93.9724 	DATA 	Keypress: rctrl
94.1072 	EXP 	Sound  started
94.7244 	DATA 	Keypress: lctrl
94.8573 	EXP 	Sound  started
95.5084 	DATA 	Keypress: lctrl
95.6073 	EXP 	Sound  started
96.2444 	DATA 	Keypress: rctrl
96.3573 	EXP 	Sound  started
97.0924 	DATA 	Keypress: rctrl
97.1073 	EXP 	Sound  started
97.8285 	DATA 	Keypress: rctrl
97.8573 	EXP 	Sound  started
98.5644 	DATA 	Keypress: rctrl
98.6073 	EXP 	Sound  started
99.3003 	DATA 	Keypress: lctrl
99.3573 	EXP 	Sound  started
99.9884 	DATA 	Keypress: lctrl
100.1074 	EXP 	Sound  started
100.6764 	DATA 	Keypress: lctrl
100.8574 	EXP 	Sound  started
101.4924 	DATA 	Keypress: lctrl
101.6074 	EXP 	Sound  started
102.3083 	DATA 	Keypress: lctrl
102.3574 	EXP 	Sound  started
102.9804 	DATA 	Keypress: rctrl
103.1074 	EXP 	Sound  started
103.6844 	DATA 	Keypress: lctrl
103.8574 	EXP 	Sound  started
104.4203 	DATA 	Keypress: lctrl
104.6074 	EXP 	Sound  started
105.2204 	DATA 	Keypress: lctrl
105.3575 	EXP 	Sound  started
106.0684 	DATA 	Keypress: lctrl
106.1075 	EXP 	Sound  started
106.8575 	EXP 	Sound  started
106.9003 	DATA 	Keypress: lctrl
107.5084 	DATA 	Keypress: lctrl
107.6075 	EXP 	Sound  started
108.1804 	DATA 	Keypress: lctrl
108.3575 	EXP 	Sound  started
109.0284 	DATA 	Keypress: lctrl
109.1075 	EXP 	Sound  started
109.7324 	DATA 	Keypress: rctrl
109.8576 	EXP 	Sound  started
110.5803 	DATA 	Keypress: rctrl
110.6076 	EXP 	Sound  started
111.3005 	DATA 	Keypress: rctrl
111.3576 	EXP 	Sound  started
112.1076 	EXP 	Sound  started
112.1804 	DATA 	Keypress: lctrl
112.8576 	EXP 	Sound  started
112.8843 	DATA 	Keypress: lctrl
113.6076 	EXP 	Sound  started
113.6204 	DATA 	Keypress: lctrl
114.3404 	DATA 	Keypress: lctrl
114.3576 	EXP 	Sound  started
114.9804 	DATA 	Keypress: rctrl
115.1243 	EXP 	unnamed TextStim: text = ''
115.1243 	EXP 	unnamed TextStim: text = ''
117.3758 	DATA 	Keypress: 4
117.3923 	EXP 	unnamed ShapeStim: vertices = <class 'numpy.ndarray'>
118.9269 	EXP 	unnamed TextStim: text = ''
118.9269 	EXP 	unnamed TextStim: text = ''
125.2322 	DATA 	Keypress: 1
125.2488 	EXP 	unnamed ShapeStim: vertices = <class 'numpy.ndarray'>
126.7833 	EXP 	unnamed TextStim: text = ''
126.7833 	EXP 	unnamed TextStim: text = ''
127.7681 	DATA 	Keypress: 3
127.7846 	EXP 	unnamed ShapeStim: vertices = <class 'numpy.ndarray'>
130.0692 	EXP 	Sound  started
130.3084 	DATA 	Keypress: rctrl
130.8190 	EXP 	Sound  started
130.8683 	DATA 	Keypress: lctrl
131.5690 	EXP 	Sound  started
131.6044 	DATA 	Keypress: rctrl
132.3190 	EXP 	Sound  started
132.3723 	DATA 	Keypress: rctrl
133.0690 	EXP 	Sound  started
133.1083 	DATA 	Keypress: rctrl
133.8191 	EXP 	Sound  started
133.8283 	DATA 	Keypress: rctrl
134.5691 	EXP 	Sound  started
134.6444 	DATA 	Keypress: lctrl
135.3191 	EXP 	Sound  started
135.3963 	DATA 	Keypress: lctrl
136.0684 	DATA 	Keypress: rctrl
136.0691 	EXP 	Sound  started
136.7083 	DATA 	Keypress: rctrl
136.8191 	EXP 	Sound  started
137.4283 	DATA 	Keypress: rctrl
137.5691 	EXP 	Sound  started
138.2283 	DATA 	Keypress: lctrl
138.3191 	EXP 	Sound  started
139.0284 	DATA 	Keypress: rctrl
139.0692 	EXP 	Sound  started
139.7323 	DATA 	Keypress: rctrl
139.8192 	EXP 	Sound  started
140.4203 	DATA 	Keypress: rctrl
140.5692 	EXP 	Sound  started
141.1404 	DATA 	Keypress: rctrl
141.3192 	EXP 	Sound  started
141.9564 	DATA 	Keypress: lctrl
142.0692 	EXP 	Sound  started
142.5804 	DATA 	Keypress: lctrl
142.8192 	EXP 	Sound  started
143.3323 	DATA 	Keypress: lctrl
143.5692 	EXP 	Sound  started
144.0524 	DATA 	Keypress: lctrl
144.3192 	EXP 	Sound  started
144.8843 	DATA 	Keypress: lctrl
145.0693 	EXP 	Sound  started
145.7163 	DATA 	Keypress: lctrl
145.8193 	EXP 	Sound  started
146.4683 	DATA 	Keypress: rctrl
146.5693 	EXP 	Sound  started
147.1723 	DATA 	Keypress: rctrl
147.3193 	EXP 	Sound  started
147.8763 	DATA 	Keypress: rctrl
148.0693 	EXP 	Sound  started
148.7243 	DATA 	Keypress: rctrl
148.8193 	EXP 	Sound  started
149.5403 	DATA 	Keypress: lctrl
149.5694 	EXP 	Sound  started
150.3083 	DATA 	Keypress: lctrl
150.3194 	EXP 	Sound  started
151.0443 	DATA 	Keypress: rctrl
151.0694 	EXP 	Sound  started
151.7963 	DATA 	Keypress: rctrl
151.8194 	EXP 	Sound  started
152.5644 	DATA 	Keypress: lctrl
152.5694 	EXP 	Sound  started
153.1883 	DATA 	Keypress: lctrl
153.3194 	EXP 	Sound  started
153.8763 	DATA 	Keypress: lctrl
154.0694 	EXP 	Sound  started
154.5643 	DATA 	Keypress: lctrl
154.8194 	EXP 	Sound  started
155.2204 	DATA 	Keypress: lctrl
155.5695 	EXP 	Sound  started
155.7643 	DATA 	Keypress: rctrl
156.3195 	EXP 	Sound  started
156.3403 	DATA 	Keypress: lctrl
156.9643 	DATA 	Keypress: lctrl
157.0695 	EXP 	Sound  started
157.7964 	DATA 	Keypress: lctrl
157.8195 	EXP 	Sound  started
158.4684 	DATA 	Keypress: rctrl
158.5695 	EXP 	Sound  started
159.1883 	DATA 	Keypress: rctrl
159.3195 	EXP 	Sound  started
159.9564 	DATA 	Keypress: lctrl
160.0695 	EXP 	Sound  started
160.7563 	DATA 	Keypress: rctrl
160.8195 	EXP 	Sound  started
161.5083 	DATA 	Keypress: lctrl
161.5696 	EXP 	Sound  started
162.1963 	DATA 	Keypress: rctrl
162.3196 	EXP 	Sound  started
162.9963 	DATA 	Keypress: rctrl
163.0696 	EXP 	Sound  started
163.7644 	DATA 	Keypress: lctrl
163.8196 	EXP 	Sound  started
164.5323 	DATA 	Keypress: lctrl
164.5696 	EXP 	Sound  started
165.2684 	DATA 	Keypress: lctrl
165.3196 	EXP 	Sound  started
166.0696 	EXP 	Sound  started
166.1324 	DATA 	Keypress: lctrl
166.7883 	DATA 	Keypress: lctrl
166.8197 	EXP 	Sound  started
167.4763 	DATA 	Keypress: lctrl
167.5697 	EXP 	Sound  started
168.2284 	DATA 	Keypress: lctrl
168.3197 	EXP 	Sound  started
168.9803 	DATA 	Keypress: lctrl
169.0697 	EXP 	Sound  started
169.7963 	DATA 	Keypress: lctrl
169.8197 	EXP 	Sound  started
170.5323 	DATA 	Keypress: lctrl
172.7212 	DATA 	Keypress: 4
172.7376 	EXP 	unnamed ShapeStim: vertices = <class 'numpy.ndarray'>
179.8642 	DATA 	Keypress: 1
179.8935 	EXP 	unnamed ShapeStim: vertices = <class 'numpy.ndarray'>
182.6626 	DATA 	Keypress: 4
182.6791 	EXP 	unnamed ShapeStim: vertices = <class 'numpy.ndarray'>
184.9640 	EXP 	Sound  started
185.1884 	DATA 	Keypress: rctrl
185.7139 	EXP 	Sound  started
185.9083 	DATA 	Keypress: rctrl
186.4639 	EXP 	Sound  started
186.5323 	DATA 	Keypress: rctrl
187.2139 	EXP 	Sound  started
187.2364 	DATA 	Keypress: rctrl
187.9243 	DATA 	Keypress: lctrl
187.9639 	EXP 	Sound  started
188.6603 	DATA 	Keypress: lctrl
188.7139 	EXP 	Sound  started
189.3643 	DATA 	Keypress: lctrl
189.4640 	EXP 	Sound  started
190.1164 	DATA 	Keypress: lctrl
190.2140 	EXP 	Sound  started
190.8844 	DATA 	Keypress: lctrl
190.9640 	EXP 	Sound  started
191.6043 	DATA 	Keypress: lctrl
191.7140 	EXP 	Sound  started
192.4043 	DATA 	Keypress: lctrl
192.4640 	EXP 	Sound  started
193.1563 	DATA 	Keypress: lctrl
193.2140 	EXP 	Sound  started
193.8923 	DATA 	Keypress: lctrl
193.9640 	EXP 	Sound  started
194.6603 	DATA 	Keypress: lctrl
194.7141 	EXP 	Sound  started
195.3963 	DATA 	Keypress: lctrl
195.4641 	EXP 	Sound  started
196.1163 	DATA 	Keypress: lctrl
196.2141 	EXP 	Sound  started
196.9163 	DATA 	Keypress: lctrl
196.9641 	EXP 	Sound  started
197.5883 	DATA 	Keypress: rctrl
197.7141 	EXP 	Sound  started
198.3563 	DATA 	Keypress: lctrl
198.4641 	EXP 	Sound  started
199.1723 	DATA 	Keypress: lctrl
199.2141 	EXP 	Sound  started
199.9642 	EXP 	Sound  started
199.9723 	DATA 	Keypress: rctrl
200.6763 	DATA 	Keypress: rctrl
200.7142 	EXP 	Sound  started
201.3643 	DATA 	Keypress: rctrl
201.4642 	EXP 	Sound  started
202.1483 	DATA 	Keypress: rctrl
202.2142 	EXP 	Sound  started
202.9324 	DATA 	Keypress: lctrl
202.9642 	EXP 	Sound  started
203.7142 	EXP 	Sound  started
203.7163 	DATA 	Keypress: lctrl
204.4524 	DATA 	Keypress: rctrl
204.4642 	EXP 	Sound  started
205.1083 	DATA 	Keypress: rctrl
205.2142 	EXP 	Sound  started
205.8123 	DATA 	Keypress: rctrl
205.9643 	EXP 	Sound  started
206.5803 	DATA 	Keypress: lctrl
206.7143 	EXP 	Sound  started
207.3003 	DATA 	Keypress: lctrl
207.4643 	EXP 	Sound  started
208.0522 	DATA 	Keypress: lctrl
208.2143 	EXP 	Sound  started
208.7563 	DATA 	Keypress: lctrl
208.9645 	EXP 	Sound  started
209.5723 	DATA 	Keypress: lctrl
209.7145 	EXP 	Sound  started
210.2283 	DATA 	Keypress: lctrl
210.4645 	EXP 	Sound  started
211.1565 	DATA 	Keypress: lctrl
211.2145 	EXP 	Sound  started
211.8764 	DATA 	Keypress: lctrl
211.9645 	EXP 	Sound  started
212.5003 	DATA 	Keypress: rctrl
212.7145 	EXP 	Sound  started
213.1242 	DATA 	Keypress: rctrl
213.4645 	EXP 	Sound  started
213.9402 	DATA 	Keypress: rctrl
214.2145 	EXP 	Sound  started
214.5643 	DATA 	Keypress: rctrl
214.9646 	EXP 	Sound  started
215.3964 	DATA 	Keypress: lctrl
215.7146 	EXP 	Sound  started
216.1643 	DATA 	Keypress: lctrl
216.4646 	EXP 	Sound  started
216.8683 	DATA 	Keypress: lctrl
217.2146 	EXP 	Sound  started
217.6043 	DATA 	Keypress: lctrl
217.9646 	EXP 	Sound  started
218.2923 	DATA 	Keypress: rctrl
218.7146 	EXP 	Sound  started
218.9004 	DATA 	Keypress: rctrl
219.4646 	EXP 	Sound  started
219.5723 	DATA 	Keypress: rctrl
220.2147 	EXP 	Sound  started
220.2762 	DATA 	Keypress: rctrl
220.9483 	DATA 	Keypress: rctrl
220.9647 	EXP 	Sound  started
221.6203 	DATA 	Keypress: lctrl
221.7147 	EXP 	Sound  started
222.3243 	DATA 	Keypress: lctrl
222.4647 	EXP 	Sound  started
223.0443 	DATA 	Keypress: lctrl
223.2147 	EXP 	Sound  started
223.8123 	DATA 	Keypress: lctrl
223.9647 	EXP 	Sound  started
224.5484 	DATA 	Keypress: rctrl
227.2157 	DATA 	Keypress: 3
227.2323 	EXP 	unnamed ShapeStim: vertices = <class 'numpy.ndarray'>
231.0356 	DATA 	Keypress: 3
231.0521 	EXP 	unnamed ShapeStim: vertices = <class 'numpy.ndarray'>
234.3086 	DATA 	Keypress: 1
234.3381 	EXP 	unnamed ShapeStim: vertices = <class 'numpy.ndarray'>
236.6225 	EXP 	Sound  started
236.6764 	DATA 	Keypress: rctrl
237.3002 	DATA 	Keypress: rctrl
237.3724 	EXP 	Sound  started
238.0204 	DATA 	Keypress: rctrl
238.1224 	EXP 	Sound  started
238.8364 	DATA 	Keypress: lctrl
238.8724 	EXP 	Sound  started
239.6224 	EXP 	Sound  started
239.6682 	DATA 	Keypress: lctrl
240.3723 	DATA 	Keypress: lctrl
240.3725 	EXP 	Sound  started
241.0602 	DATA 	Keypress: lctrl
241.1225 	EXP 	Sound  started
241.6043 	DATA 	Keypress: lctrl
241.8725 	EXP 	Sound  started
242.4043 	DATA 	Keypress: lctrl
242.6225 	EXP 	Sound  started
242.8042 	DATA 	Keypress: rctrl
243.3725 	EXP 	Sound  started
243.3963 	DATA 	Keypress: rctrl
244.0844 	DATA 	Keypress: lctrl
244.1225 	EXP 	Sound  started
244.7724 	DATA 	Keypress: lctrl
244.8725 	EXP 	Sound  started
245.4283 	DATA 	Keypress: rctrl
245.6226 	EXP 	Sound  started
246.2122 	DATA 	Keypress: rctrl
246.3726 	EXP 	Sound  started
246.9964 	DATA 	Keypress: rctrl
247.1226 	EXP 	Sound  started
247.8603 	DATA 	Keypress: lctrl
247.8726 	EXP 	Sound  started
248.5803 	DATA 	Keypress: lctrl
248.6226 	EXP 	Sound  started
249.2203 	DATA 	Keypress: lctrl
249.3726 	EXP 	Sound  started
249.9882 	DATA 	Keypress: rctrl
250.1226 	EXP 	Sound  started
250.8727 	EXP 	Sound  started
250.9162 	DATA 	Keypress: rctrl
251.5723 	DATA 	Keypress: rctrl
251.6227 	EXP 	Sound  started
252.3562 	DATA 	Keypress: lctrl
252.3727 	EXP 	Sound  started
253.0763 	DATA 	Keypress: lctrl
253.1227 	EXP 	Sound  started
253.7482 	DATA 	Keypress: lctrl
253.8727 	EXP 	Sound  started
254.4683 	DATA 	Keypress: rctrl
254.6227 	EXP 	Sound  started
255.1883 	DATA 	Keypress: rctrl
255.3728 	EXP 	Sound  started
256.0043 	DATA 	Keypress: rctrl
256.1228 	EXP 	Sound  started
256.7083 	DATA 	Keypress: lctrl
256.8728 	EXP 	Sound  started
257.5242 	DATA 	Keypress: lctrl
257.6228 	EXP 	Sound  started
258.2603 	DATA 	Keypress: lctrl
258.3728 	EXP 	Sound  started
259.0602 	DATA 	Keypress: lctrl
259.1228 	EXP 	Sound  started
259.6523 	DATA 	Keypress: rctrl
259.8728 	EXP 	Sound  started
260.4362 	DATA 	Keypress: rctrl
260.6229 	EXP 	Sound  started
261.1403 	DATA 	Keypress: rctrl
261.3729 	EXP 	Sound  started
261.9563 	DATA 	Keypress: rctrl
262.1229 	EXP 	Sound  started
262.7243 	DATA 	Keypress: rctrl
262.8729 	EXP 	Sound  started
263.4442 	DATA 	Keypress: rctrl
263.6229 	EXP 	Sound  started
264.1483 	DATA 	Keypress: rctrl
264.3729 	EXP 	Sound  started
264.9323 	DATA 	Keypress: rctrl
265.1230 	EXP 	Sound  started
265.6683 	DATA 	Keypress: lctrl
265.8730 	EXP 	Sound  started
266.5002 	DATA 	Keypress: lctrl
266.6230 	EXP 	Sound  started
267.3642 	DATA 	Keypress: rctrl
267.3730 	EXP 	Sound  started
268.0202 	DATA 	Keypress: rctrl
268.1230 	EXP 	Sound  started
268.7723 	DATA 	Keypress: rctrl
268.8730 	EXP 	Sound  started
269.5882 	DATA 	Keypress: rctrl
269.6230 	EXP 	Sound  started
270.2924 	DATA 	Keypress: lctrl
270.3730 	EXP 	Sound  started
271.0762 	DATA 	Keypress: lctrl
271.1231 	EXP 	Sound  started
271.8123 	DATA 	Keypress: lctrl
271.8731 	EXP 	Sound  started
272.5162 	DATA 	Keypress: lctrl
272.6231 	EXP 	Sound  started
273.1883 	DATA 	Keypress: rctrl
273.3731 	EXP 	Sound  started
274.0042 	DATA 	Keypress: rctrl
274.1231 	EXP 	Sound  started
274.7082 	DATA 	Keypress: rctrl
274.8731 	EXP 	Sound  started
275.4762 	DATA 	Keypress: rctrl
275.6231 	EXP 	Sound  started
276.2443 	DATA 	Keypress: lctrl
276.3732 	EXP 	Sound  started
276.9643 	DATA 	Keypress: lctrl
277.1232 	EXP 	Sound  started
277.6364 	DATA 	Keypress: lctrl
277.8732 	EXP 	Sound  started
278.3722 	DATA 	Keypress: lctrl
278.6232 	EXP 	Sound  started
279.0602 	DATA 	Keypress: lctrl
279.3732 	EXP 	Sound  started
279.8122 	DATA 	Keypress: lctrl
280.1232 	EXP 	Sound  started
280.5643 	DATA 	Keypress: lctrl
280.8732 	EXP 	Sound  started
281.3643 	DATA 	Keypress: lctrl
281.6233 	EXP 	Sound  started
282.1802 	DATA 	Keypress: lctrl
282.3733 	EXP 	Sound  started
283.0283 	DATA 	Keypress: lctrl
283.1233 	EXP 	Sound  started
283.7963 	DATA 	Keypress: lctrl
283.8733 	EXP 	Sound  started
284.5643 	DATA 	Keypress: lctrl
284.6233 	EXP 	Sound  started
285.3323 	DATA 	Keypress: lctrl
285.3733 	EXP 	Sound  started
286.0204 	DATA 	Keypress: lctrl
286.1233 	EXP 	Sound  started
286.7883 	DATA 	Keypress: lctrl
286.8734 	EXP 	Sound  started
287.5723 	DATA 	Keypress: lctrl
289.2871 	DATA 	Keypress: 4
289.3165 	EXP 	unnamed ShapeStim: vertices = <class 'numpy.ndarray'>
292.2857 	DATA 	Keypress: 3
292.3022 	EXP 	unnamed ShapeStim: vertices = <class 'numpy.ndarray'>
295.1252 	DATA 	Keypress: 1
295.1546 	EXP 	unnamed ShapeStim: vertices = <class 'numpy.ndarray'>
297.4396 	EXP 	Sound  started
297.7003 	DATA 	Keypress: rctrl
298.1895 	EXP 	Sound  started
298.2443 	DATA 	Keypress: lctrl
298.9003 	DATA 	Keypress: rctrl
298.9395 	EXP 	Sound  started
299.5882 	DATA 	Keypress: lctrl
299.6895 	EXP 	Sound  started
300.4395 	EXP 	Sound  started
301.0763 	DATA 	Keypress: lctrl
301.1895 	EXP 	Sound  started
301.7963 	DATA 	Keypress: rctrl
301.9395 	EXP 	Sound  started
302.0522 	DATA 	Keypress: rctrl
302.2442 	DATA 	Keypress: rctrl
302.6896 	EXP 	Sound  started
302.8523 	DATA 	Keypress: rctrl
303.3962 	DATA 	Keypress: rctrl
303.4396 	EXP 	Sound  started
304.0202 	DATA 	Keypress: rctrl
304.1896 	EXP 	Sound  started
304.8042 	DATA 	Keypress: rctrl
304.9396 	EXP 	Sound  started
305.6522 	DATA 	Keypress: rctrl
305.6896 	EXP 	Sound  started
306.3882 	DATA 	Keypress: rctrl
306.4396 	EXP 	Sound  started
307.1082 	DATA 	Keypress: rctrl
307.1896 	EXP 	Sound  started
307.8443 	DATA 	Keypress: rctrl
307.9397 	EXP 	Sound  started
308.5163 	DATA 	Keypress: lctrl
308.6897 	EXP 	Sound  started
309.1882 	DATA 	Keypress: rctrl
309.4397 	EXP 	Sound  started
309.9243 	DATA 	Keypress: rctrl
310.1897 	EXP 	Sound  started
310.5963 	DATA 	Keypress: rctrl
310.9397 	EXP 	Sound  started
311.3003 	DATA 	Keypress: rctrl
311.6897 	EXP 	Sound  started
312.0522 	DATA 	Keypress: rctrl
312.4397 	EXP 	Sound  started
312.7403 	DATA 	Keypress: rctrl
313.1897 	EXP 	Sound  started
313.5242 	DATA 	Keypress: rctrl
313.9397 	EXP 	Sound  started
314.3563 	DATA 	Keypress: lctrl
314.6898 	EXP 	Sound  started
314.9164 	DATA 	Keypress: lctrl
315.4398 	EXP 	Sound  started
315.5723 	DATA 	Keypress: lctrl
316.1898 	EXP 	Sound  started
316.2123 	DATA 	Keypress: lctrl
316.8842 	DATA 	Keypress: rctrl
316.9398 	EXP 	Sound  started
317.6682 	DATA 	Keypress: lctrl
317.6898 	EXP 	Sound  started
318.4362 	DATA 	Keypress: lctrl
318.4398 	EXP 	Sound  started
319.1402 	DATA 	Keypress: rctrl
319.1899 	EXP 	Sound  started
319.9399 	EXP 	Sound  started
319.9403 	DATA 	Keypress: rctrl
320.6443 	DATA 	Keypress: rctrl
320.6899 	EXP 	Sound  started
321.3323 	DATA 	Keypress: rctrl
321.4399 	EXP 	Sound  started
321.8443 	DATA 	Keypress: lctrl
322.1899 	EXP 	Sound  started
322.4522 	DATA 	Keypress: lctrl
322.9399 	EXP 	Sound  started
322.9962 	DATA 	Keypress: rctrl
323.5402 	DATA 	Keypress: rctrl
323.6899 	EXP 	Sound  started
324.2122 	DATA 	Keypress: rctrl
324.4400 	EXP 	Sound  started
324.8843 	DATA 	Keypress: rctrl
325.1900 	EXP 	Sound  started
325.5402 	DATA 	Keypress: lctrl
325.9400 	EXP 	Sound  started
326.1642 	DATA 	Keypress: lctrl
326.6900 	EXP 	Sound  started
326.7563 	DATA 	Keypress: lctrl
327.3482 	DATA 	Keypress: lctrl
327.4400 	EXP 	Sound  started
328.1642 	DATA 	Keypress: rctrl
328.1900 	EXP 	Sound  started
328.8522 	DATA 	Keypress: rctrl
328.9401 	EXP 	Sound  started
329.5402 	DATA 	Keypress: rctrl
329.6901 	EXP 	Sound  started
330.3402 	DATA 	Keypress: rctrl
330.4401 	EXP 	Sound  started
331.1402 	DATA 	Keypress: rctrl
331.1901 	EXP 	Sound  started
331.7963 	DATA 	Keypress: lctrl
331.9401 	EXP 	Sound  started
332.5962 	DATA 	Keypress: lctrl
332.6901 	EXP 	Sound  started
333.3484 	DATA 	Keypress: lctrl
333.4402 	EXP 	Sound  started
334.1482 	DATA 	Keypress: lctrl
334.1902 	EXP 	Sound  started
334.9163 	DATA 	Keypress: lctrl
334.9402 	EXP 	Sound  started
335.6843 	DATA 	Keypress: lctrl
338.3271 	DATA 	Keypress: 2
338.3566 	EXP 	unnamed ShapeStim: vertices = <class 'numpy.ndarray'>
341.5427 	DATA 	Keypress: 4
341.5592 	EXP 	unnamed ShapeStim: vertices = <class 'numpy.ndarray'>
343.2107 	DATA 	Keypress: 1
343.2273 	EXP 	unnamed ShapeStim: vertices = <class 'numpy.ndarray'>
345.5123 	EXP 	Sound  started
345.5243 	DATA 	Keypress: rctrl
346.1802 	DATA 	Keypress: rctrl
346.2622 	EXP 	Sound  started
346.8523 	DATA 	Keypress: rctrl
347.0122 	EXP 	Sound  started
347.7002 	DATA 	Keypress: rctrl
347.7622 	EXP 	Sound  started
348.5122 	EXP 	Sound  started
348.5482 	DATA 	Keypress: rctrl
349.2623 	EXP 	Sound  started
349.2682 	DATA 	Keypress: rctrl
349.8922 	DATA 	Keypress: lctrl
350.0123 	EXP 	Sound  started
350.7242 	DATA 	Keypress: lctrl
350.7623 	EXP 	Sound  started
351.4122 	DATA 	Keypress: lctrl
351.5123 	EXP 	Sound  started
352.2623 	EXP 	Sound  started
352.2922 	DATA 	Keypress: rctrl
352.9802 	DATA 	Keypress: lctrl
353.0123 	EXP 	Sound  started
353.7002 	DATA 	Keypress: lctrl
353.7623 	EXP 	Sound  started
354.4683 	DATA 	Keypress: lctrl
354.5123 	EXP 	Sound  started
355.2202 	DATA 	Keypress: lctrl
355.2624 	EXP 	Sound  started
355.9882 	DATA 	Keypress: lctrl
356.0124 	EXP 	Sound  started
356.6762 	DATA 	Keypress: rctrl
356.7624 	EXP 	Sound  started
357.5124 	EXP 	Sound  started
357.5403 	DATA 	Keypress: rctrl
358.2123 	DATA 	Keypress: rctrl
358.2624 	EXP 	Sound  started
358.9323 	DATA 	Keypress: lctrl
359.0124 	EXP 	Sound  started
359.7624 	EXP 	Sound  started
359.8123 	DATA 	Keypress: rctrl
360.5125 	EXP 	Sound  started
360.5482 	DATA 	Keypress: lctrl
361.2625 	EXP 	Sound  started
361.4443 	DATA 	Keypress: lctrl
362.0125 	EXP 	Sound  started
362.1802 	DATA 	Keypress: lctrl
362.7625 	EXP 	Sound  started
362.8682 	DATA 	Keypress: rctrl
363.5125 	EXP 	Sound  started
363.6362 	DATA 	Keypress: rctrl
364.2625 	EXP 	Sound  started
364.3722 	DATA 	Keypress: lctrl
365.0125 	EXP 	Sound  started
365.0922 	DATA 	Keypress: rctrl
365.7625 	EXP 	Sound  started
365.8282 	DATA 	Keypress: rctrl
366.5126 	EXP 	Sound  started
366.5322 	DATA 	Keypress: rctrl
367.2626 	EXP 	Sound  started
367.2842 	DATA 	Keypress: rctrl
367.9882 	DATA 	Keypress: rctrl
368.0126 	EXP 	Sound  started
368.6922 	DATA 	Keypress: lctrl
368.7626 	EXP 	Sound  started
369.4122 	DATA 	Keypress: lctrl
369.5126 	EXP 	Sound  started
370.1802 	DATA 	Keypress: lctrl
370.2626 	EXP 	Sound  started
371.0127 	EXP 	Sound  started
371.0602 	DATA 	Keypress: lctrl
371.7002 	DATA 	Keypress: rctrl
371.7627 	EXP 	Sound  started
372.4842 	DATA 	Keypress: lctrl
372.5127 	EXP 	Sound  started
373.2362 	DATA 	Keypress: lctrl
373.2627 	EXP 	Sound  started
373.9882 	DATA 	Keypress: lctrl
374.0127 	EXP 	Sound  started
374.7242 	DATA 	Keypress: rctrl
374.7627 	EXP 	Sound  started
375.4762 	DATA 	Keypress: rctrl
375.5127 	EXP 	Sound  started
376.2602 	DATA 	Keypress: lctrl
376.2628 	EXP 	Sound  started
377.0128 	EXP 	Sound  started
377.0762 	DATA 	Keypress: lctrl
377.7628 	EXP 	Sound  started
377.8122 	DATA 	Keypress: lctrl
378.5128 	EXP 	Sound  started
378.5481 	DATA 	Keypress: lctrl
379.2628 	EXP 	Sound  started
379.2682 	DATA 	Keypress: rctrl
380.0128 	EXP 	Sound  started
380.1163 	DATA 	Keypress: rctrl
380.7628 	EXP 	Sound  started
380.8202 	DATA 	Keypress: rctrl
381.5129 	EXP 	Sound  started
381.5722 	DATA 	Keypress: rctrl
382.2629 	EXP 	Sound  started
382.2922 	DATA 	Keypress: rctrl
383.0129 	EXP 	Sound  started
383.0282 	DATA 	Keypress: rctrl
383.6522 	DATA 	Keypress: lctrl
383.7629 	EXP 	Sound  started
384.5129 	EXP 	Sound  started
384.5162 	DATA 	Keypress: rctrl
385.2201 	DATA 	Keypress: rctrl
385.2629 	EXP 	Sound  started
385.9561 	DATA 	Keypress: lctrl
386.0129 	EXP 	Sound  started
386.6281 	DATA 	Keypress: lctrl
386.7629 	EXP 	Sound  started
387.4122 	DATA 	Keypress: rctrl
387.5130 	EXP 	Sound  started
388.1323 	DATA 	Keypress: rctrl
388.2630 	EXP 	Sound  started
388.7403 	DATA 	Keypress: rctrl
392.3344 	DATA 	Keypress: 3
392.3508 	EXP 	unnamed ShapeStim: vertices = <class 'numpy.ndarray'>
395.5907 	DATA 	Keypress: 3
395.6202 	EXP 	unnamed ShapeStim: vertices = <class 'numpy.ndarray'>
397.8722 	DATA 	Keypress: 1
397.8887 	EXP 	unnamed ShapeStim: vertices = <class 'numpy.ndarray'>
400.1742 	EXP 	Sound  started
400.3723 	DATA 	Keypress: lctrl
400.9241 	EXP 	Sound  started
400.9801 	DATA 	Keypress: rctrl
401.6681 	DATA 	Keypress: lctrl
401.6741 	EXP 	Sound  started
402.3242 	DATA 	Keypress: lctrl
402.4241 	EXP 	Sound  started
403.0603 	DATA 	Keypress: lctrl
403.1741 	EXP 	Sound  started
403.7482 	DATA 	Keypress: rctrl
403.9241 	EXP 	Sound  started
404.4841 	DATA 	Keypress: rctrl
404.6741 	EXP 	Sound  started
405.3162 	DATA 	Keypress: rctrl
405.4241 	EXP 	Sound  started
406.1742 	EXP 	Sound  started
406.1801 	DATA 	Keypress: rctrl
406.8841 	DATA 	Keypress: rctrl
406.9242 	EXP 	Sound  started
407.6042 	DATA 	Keypress: lctrl
407.6742 	EXP 	Sound  started
408.3721 	DATA 	Keypress: lctrl
408.4242 	EXP 	Sound  started
409.1402 	DATA 	Keypress: lctrl
409.1742 	EXP 	Sound  started
409.9242 	DATA 	Keypress: lctrl
409.9244 	EXP 	Sound  started
410.6442 	DATA 	Keypress: rctrl
410.6744 	EXP 	Sound  started
411.3002 	DATA 	Keypress: rctrl
411.4244 	EXP 	Sound  started
412.0682 	DATA 	Keypress: rctrl
412.1745 	EXP 	Sound  started
412.7881 	DATA 	Keypress: rctrl
412.9245 	EXP 	Sound  started
413.5562 	DATA 	Keypress: lctrl
413.6745 	EXP 	Sound  started
414.2122 	DATA 	Keypress: lctrl
414.4245 	EXP 	Sound  started
414.9322 	DATA 	Keypress: rctrl
415.1745 	EXP 	Sound  started
415.6363 	DATA 	Keypress: rctrl
415.9245 	EXP 	Sound  started
416.1483 	DATA 	Keypress: rctrl
416.6745 	EXP 	Sound  started
416.9323 	DATA 	Keypress: rctrl
417.4246 	EXP 	Sound  started
417.5882 	DATA 	Keypress: lctrl
418.1323 	DATA 	Keypress: lctrl
418.1746 	EXP 	Sound  started
418.9003 	DATA 	Keypress: lctrl
418.9246 	EXP 	Sound  started
419.6203 	DATA 	Keypress: rctrl
419.6746 	EXP 	Sound  started
420.1803 	DATA 	Keypress: rctrl
420.4246 	EXP 	Sound  started
420.7243 	DATA 	Keypress: rctrl
421.1746 	EXP 	Sound  started
421.3801 	DATA 	Keypress: rctrl
421.8602 	DATA 	Keypress: lctrl
421.9246 	EXP 	Sound  started
422.4042 	DATA 	Keypress: lctrl
422.6747 	EXP 	Sound  started
422.9962 	DATA 	Keypress: lctrl
423.4247 	EXP 	Sound  started
423.4601 	DATA 	Keypress: lctrl
424.1001 	DATA 	Keypress: rctrl
424.1747 	EXP 	Sound  started
424.8201 	DATA 	Keypress: rctrl
424.9247 	EXP 	Sound  started
425.4282 	DATA 	Keypress: rctrl
425.6747 	EXP 	Sound  started
425.7642 	DATA 	Keypress: rctrl
426.4202 	DATA 	Keypress: rctrl
426.4247 	EXP 	Sound  started
427.1722 	DATA 	Keypress: rctrl
427.1747 	EXP 	Sound  started
427.8122 	DATA 	Keypress: rctrl
427.9248 	EXP 	Sound  started
428.4841 	DATA 	Keypress: rctrl
428.6748 	EXP 	Sound  started
429.2201 	DATA 	Keypress: rctrl
429.4248 	EXP 	Sound  started
430.0841 	DATA 	Keypress: rctrl
430.1748 	EXP 	Sound  started
430.7722 	DATA 	Keypress: rctrl
430.9248 	EXP 	Sound  started
431.3961 	DATA 	Keypress: rctrl
431.6748 	EXP 	Sound  started
431.9722 	DATA 	Keypress: lctrl
432.4249 	EXP 	Sound  started
432.5482 	DATA 	Keypress: lctrl
433.1562 	DATA 	Keypress: lctrl
433.1749 	EXP 	Sound  started
433.8762 	DATA 	Keypress: rctrl
433.9249 	EXP 	Sound  started
434.6441 	DATA 	Keypress: rctrl
434.6749 	EXP 	Sound  started
435.4249 	EXP 	Sound  started
435.5723 	DATA 	Keypress: lctrl
436.1162 	DATA 	Keypress: lctrl
436.1749 	EXP 	Sound  started
436.7401 	DATA 	Keypress: lctrl
436.9249 	EXP 	Sound  started
437.4602 	DATA 	Keypress: lctrl
437.6750 	EXP 	Sound  started
438.2282 	DATA 	Keypress: rctrl
438.4250 	EXP 	Sound  started
438.9642 	DATA 	Keypress: rctrl
439.1750 	EXP 	Sound  started
439.6681 	DATA 	Keypress: rctrl
439.9250 	EXP 	Sound  started
440.5162 	DATA 	Keypress: rctrl
440.6750 	EXP 	Sound  started
441.3641 	DATA 	Keypress: lctrl
441.4250 	EXP 	Sound  started
442.0201 	DATA 	Keypress: lctrl
442.1750 	EXP 	Sound  started
442.8042 	DATA 	Keypress: lctrl
442.9250 	EXP 	Sound  started
443.4922 	DATA 	Keypress: rctrl
443.6750 	EXP 	Sound  started
444.3242 	DATA 	Keypress: rctrl
444.4251 	EXP 	Sound  started
445.1751 	EXP 	Sound  started
445.2041 	DATA 	Keypress: rctrl
445.9251 	EXP 	Sound  started
446.2602 	DATA 	Keypress: rctrl
446.6751 	EXP 	Sound  started
446.8521 	DATA 	Keypress: rctrl
447.4251 	EXP 	Sound  started
447.4922 	DATA 	Keypress: rctrl
448.1751 	EXP 	Sound  started
448.2121 	DATA 	Keypress: lctrl
448.8201 	DATA 	Keypress: lctrl
448.9251 	EXP 	Sound  started
449.4922 	DATA 	Keypress: lctrl
449.6751 	EXP 	Sound  started
450.1002 	DATA 	Keypress: rctrl
450.4252 	EXP 	Sound  started
450.8201 	DATA 	Keypress: rctrl
451.1752 	EXP 	Sound  started
451.5882 	DATA 	Keypress: rctrl
451.9252 	EXP 	Sound  started
452.5002 	DATA 	Keypress: rctrl
452.6752 	EXP 	Sound  started
453.3002 	DATA 	Keypress: rctrl
453.4252 	EXP 	Sound  started
454.0681 	DATA 	Keypress: rctrl
454.1752 	EXP 	Sound  started
454.9162 	DATA 	Keypress: rctrl
454.9252 	EXP 	Sound  started
455.6201 	DATA 	Keypress: lctrl
455.6753 	EXP 	Sound  started
456.3241 	DATA 	Keypress: lctrl
456.4253 	EXP 	Sound  started
457.0602 	DATA 	Keypress: lctrl
457.1753 	EXP 	Sound  started
457.8442 	DATA 	Keypress: lctrl
457.9253 	EXP 	Sound  started
458.5801 	DATA 	Keypress: lctrl
458.6753 	EXP 	Sound  started
459.3482 	DATA 	Keypress: rctrl
459.4253 	EXP 	Sound  started
460.1001 	DATA 	Keypress: rctrl
460.1753 	EXP 	Sound  started
460.8521 	DATA 	Keypress: rctrl
460.9253 	EXP 	Sound  started
461.5081 	DATA 	Keypress: rctrl
461.6754 	EXP 	Sound  started
462.2281 	DATA 	Keypress: rctrl
462.4254 	EXP 	Sound  started
462.8681 	DATA 	Keypress: lctrl
463.1754 	EXP 	Sound  started
463.5241 	DATA 	Keypress: lctrl
463.9254 	EXP 	Sound  started
464.3241 	DATA 	Keypress: lctrl
464.6754 	EXP 	Sound  started
465.0761 	DATA 	Keypress: lctrl
465.4254 	EXP 	Sound  started
465.7161 	DATA 	Keypress: lctrl
468.8470 	DATA 	Keypress: 2
468.8635 	EXP 	unnamed ShapeStim: vertices = <class 'numpy.ndarray'>
474.3682 	DATA 	Keypress: 4
474.3847 	EXP 	unnamed ShapeStim: vertices = <class 'numpy.ndarray'>
476.9708 	DATA 	Keypress: 2
476.9873 	EXP 	unnamed ShapeStim: vertices = <class 'numpy.ndarray'>
479.2716 	EXP 	Sound  started
479.5083 	DATA 	Keypress: rctrl
480.0215 	EXP 	Sound  started
480.0841 	DATA 	Keypress: rctrl
480.7241 	DATA 	Keypress: rctrl
480.7715 	EXP 	Sound  started
481.3801 	DATA 	Keypress: rctrl
481.5215 	EXP 	Sound  started
482.1162 	DATA 	Keypress: rctrl
482.2715 	EXP 	Sound  started
482.6921 	DATA 	Keypress: lctrl
483.0215 	EXP 	Sound  started
483.4121 	DATA 	Keypress: lctrl
483.7715 	EXP 	Sound  started
484.1482 	DATA 	Keypress: lctrl
484.5215 	EXP 	Sound  started
484.7881 	DATA 	Keypress: lctrl
485.2361 	DATA 	Keypress: lctrl
485.2716 	EXP 	Sound  started
485.8442 	DATA 	Keypress: lctrl
486.0216 	EXP 	Sound  started
486.4681 	DATA 	Keypress: rctrl
486.7716 	EXP 	Sound  started
487.0441 	DATA 	Keypress: rctrl
487.5216 	EXP 	Sound  started
487.5241 	DATA 	Keypress: rctrl
488.2716 	EXP 	Sound  started
488.5322 	DATA 	Keypress: lctrl
489.0216 	EXP 	Sound  started
489.0601 	DATA 	Keypress: lctrl
489.6681 	DATA 	Keypress: lctrl
489.7716 	EXP 	Sound  started
490.2282 	DATA 	Keypress: lctrl
490.5216 	EXP 	Sound  started
490.9962 	DATA 	Keypress: lctrl
491.2717 	EXP 	Sound  started
492.0217 	EXP 	Sound  started
492.3722 	DATA 	Keypress: lctrl
492.7717 	EXP 	Sound  started
493.5217 	EXP 	Sound  started
493.5401 	DATA 	Keypress: rctrl
494.0681 	DATA 	Keypress: rctrl
494.2717 	EXP 	Sound  started
494.7882 	DATA 	Keypress: rctrl
495.0217 	EXP 	Sound  started
495.4601 	DATA 	Keypress: rctrl
495.7717 	EXP 	Sound  started
495.9882 	DATA 	Keypress: rctrl
496.5217 	EXP 	Sound  started
496.6442 	DATA 	Keypress: rctrl
497.2718 	EXP 	Sound  started
497.3481 	DATA 	Keypress: rctrl
497.9722 	DATA 	Keypress: lctrl
498.0218 	EXP 	Sound  started
498.6122 	DATA 	Keypress: lctrl
498.7718 	EXP 	Sound  started
499.1401 	DATA 	Keypress: lctrl
499.5218 	EXP 	Sound  started
499.8761 	DATA 	Keypress: rctrl
500.2718 	EXP 	Sound  started
500.5321 	DATA 	Keypress: rctrl
501.0218 	EXP 	Sound  started
501.2522 	DATA 	Keypress: rctrl
501.6201 	DATA 	Keypress: rctrl
501.7718 	EXP 	Sound  started
502.5219 	EXP 	Sound  started
503.2719 	EXP 	Sound  started
504.0219 	EXP 	Sound  started
504.0682 	DATA 	Keypress: rctrl
504.7719 	EXP 	Sound  started
505.5219 	EXP 	Sound  started
505.7162 	DATA 	Keypress: rctrl
506.2719 	EXP 	Sound  started
506.3242 	DATA 	Keypress: rctrl
507.0219 	EXP 	Sound  started
507.0281 	DATA 	Keypress: lctrl
507.5882 	DATA 	Keypress: lctrl
507.7720 	EXP 	Sound  started
508.1321 	DATA 	Keypress: rctrl
508.5220 	EXP 	Sound  started
508.8042 	DATA 	Keypress: lctrl
509.2720 	EXP 	Sound  started
509.4281 	DATA 	Keypress: lctrl
510.0220 	EXP 	Sound  started
510.2921 	DATA 	Keypress: lctrl
510.7720 	EXP 	Sound  started
510.8841 	DATA 	Keypress: rctrl
511.4441 	DATA 	Keypress: rctrl
511.5220 	EXP 	Sound  started
512.1321 	DATA 	Keypress: rctrl
512.2720 	EXP 	Sound  started
512.9801 	DATA 	Keypress: lctrl
513.0221 	EXP 	Sound  started
513.7721 	EXP 	Sound  started
513.7961 	DATA 	Keypress: rctrl
514.4201 	DATA 	Keypress: rctrl
514.5221 	EXP 	Sound  started
515.0921 	DATA 	Keypress: rctrl
515.2721 	EXP 	Sound  started
515.6841 	DATA 	Keypress: rctrl
516.0221 	EXP 	Sound  started
516.3401 	DATA 	Keypress: rctrl
516.7721 	EXP 	Sound  started
517.3481 	DATA 	Keypress: lctrl
517.5221 	EXP 	Sound  started
517.9722 	DATA 	Keypress: lctrl
518.2721 	EXP 	Sound  started
518.6282 	DATA 	Keypress: rctrl
519.0222 	EXP 	Sound  started
519.2682 	DATA 	Keypress: rctrl
519.7722 	EXP 	Sound  started
519.9082 	DATA 	Keypress: rctrl
520.5161 	DATA 	Keypress: lctrl
520.5222 	EXP 	Sound  started
521.1401 	DATA 	Keypress: lctrl
521.2722 	EXP 	Sound  started
521.8921 	DATA 	Keypress: lctrl
522.0222 	EXP 	Sound  started
522.7081 	DATA 	Keypress: rctrl
522.7722 	EXP 	Sound  started
523.4121 	DATA 	Keypress: rctrl
523.5222 	EXP 	Sound  started
524.2121 	DATA 	Keypress: rctrl
524.2723 	EXP 	Sound  started
524.9641 	DATA 	Keypress: lctrl
525.0223 	EXP 	Sound  started
525.7723 	EXP 	Sound  started
525.7961 	DATA 	Keypress: rctrl
526.5001 	DATA 	Keypress: rctrl
526.5223 	EXP 	Sound  started
527.2723 	EXP 	Sound  started
527.3001 	DATA 	Keypress: lctrl
528.0223 	EXP 	Sound  started
528.0682 	DATA 	Keypress: lctrl
528.7721 	DATA 	Keypress: lctrl
528.7723 	EXP 	Sound  started
529.5224 	EXP 	Sound  started
529.5241 	DATA 	Keypress: lctrl
530.2724 	EXP 	Sound  started
530.2921 	DATA 	Keypress: rctrl
531.0121 	DATA 	Keypress: lctrl
531.0224 	EXP 	Sound  started
531.7481 	DATA 	Keypress: lctrl
531.7724 	EXP 	Sound  started
532.4521 	DATA 	Keypress: lctrl
532.5224 	EXP 	Sound  started
533.1401 	DATA 	Keypress: lctrl
533.2724 	EXP 	Sound  started
533.6040 	DATA 	Keypress: lctrl
534.0225 	EXP 	Sound  started
534.2601 	DATA 	Keypress: lctrl
534.7725 	EXP 	Sound  started
534.9961 	DATA 	Keypress: lctrl
535.5225 	EXP 	Sound  started
535.6681 	DATA 	Keypress: rctrl
536.2725 	EXP 	Sound  started
536.3881 	DATA 	Keypress: rctrl
536.9801 	DATA 	Keypress: rctrl
537.0225 	EXP 	Sound  started
537.7725 	EXP 	Sound  started
537.8602 	DATA 	Keypress: lctrl
538.5226 	EXP 	Sound  started
538.5642 	DATA 	Keypress: rctrl
539.1561 	DATA 	Keypress: rctrl
539.2726 	EXP 	Sound  started
539.8121 	DATA 	Keypress: lctrl
540.0226 	EXP 	Sound  started
540.4041 	DATA 	Keypress: lctrl
540.7726 	EXP 	Sound  started
540.9641 	DATA 	Keypress: lctrl
541.5226 	EXP 	Sound  started
541.6042 	DATA 	Keypress: lctrl
542.2726 	EXP 	Sound  started
542.3881 	DATA 	Keypress: lctrl
543.0226 	EXP 	Sound  started
543.1721 	DATA 	Keypress: rctrl
543.7482 	DATA 	Keypress: rctrl
543.7726 	EXP 	Sound  started
544.4362 	DATA 	Keypress: lctrl
544.5227 	EXP 	Sound  started
545.1081 	DATA 	Keypress: rctrl
545.2727 	EXP 	Sound  started
545.8601 	DATA 	Keypress: rctrl
548.0952 	DATA 	Keypress: 3
548.1117 	EXP 	unnamed ShapeStim: vertices = <class 'numpy.ndarray'>
553.3162 	DATA 	Keypress: 4
553.3327 	EXP 	unnamed ShapeStim: vertices = <class 'numpy.ndarray'>
558.3370 	DATA 	Keypress: 1
558.3535 	EXP 	unnamed ShapeStim: vertices = <class 'numpy.ndarray'>
560.6385 	EXP 	Sound  started
560.6393 	DATA 	Keypress: rctrl
561.3161 	DATA 	Keypress: rctrl
561.3883 	EXP 	Sound  started
562.1383 	EXP 	Sound  started
562.1482 	DATA 	Keypress: rctrl
562.8040 	DATA 	Keypress: rctrl
562.8884 	EXP 	Sound  started
563.5560 	DATA 	Keypress: lctrl
563.6384 	EXP 	Sound  started
564.3081 	DATA 	Keypress: lctrl
564.3884 	EXP 	Sound  started
565.1384 	EXP 	Sound  started
565.2361 	DATA 	Keypress: lctrl
565.8884 	EXP 	Sound  started
565.9562 	DATA 	Keypress: lctrl
566.5161 	DATA 	Keypress: rctrl
566.6384 	EXP 	Sound  started
567.3641 	DATA 	Keypress: rctrl
567.3884 	EXP 	Sound  started
567.9881 	DATA 	Keypress: rctrl
568.1385 	EXP 	Sound  started
568.7880 	DATA 	Keypress: rctrl
568.8885 	EXP 	Sound  started
569.6201 	DATA 	Keypress: lctrl
569.6385 	EXP 	Sound  started
570.1641 	DATA 	Keypress: lctrl
570.3887 	EXP 	Sound  started
570.9641 	DATA 	Keypress: lctrl
571.1387 	EXP 	Sound  started
571.8887 	EXP 	Sound  started
571.9241 	DATA 	Keypress: lctrl
572.6280 	DATA 	Keypress: lctrl
572.6387 	EXP 	Sound  started
573.3161 	DATA 	Keypress: lctrl
573.3888 	EXP 	Sound  started
574.1321 	DATA 	Keypress: lctrl
574.1388 	EXP 	Sound  started
574.8041 	DATA 	Keypress: rctrl
574.8888 	EXP 	Sound  started
575.4921 	DATA 	Keypress: lctrl
575.6388 	EXP 	Sound  started
576.2442 	DATA 	Keypress: rctrl
576.3888 	EXP 	Sound  started
577.0281 	DATA 	Keypress: rctrl
577.1388 	EXP 	Sound  started
577.8441 	DATA 	Keypress: rctrl
577.8888 	EXP 	Sound  started
578.6388 	EXP 	Sound  started
578.6921 	DATA 	Keypress: rctrl
579.1080 	DATA 	Keypress: lctrl
579.3889 	EXP 	Sound  started
579.7800 	DATA 	Keypress: lctrl
580.1389 	EXP 	Sound  started
580.5481 	DATA 	Keypress: lctrl
580.8889 	EXP 	Sound  started
581.3480 	DATA 	Keypress: lctrl
581.6389 	EXP 	Sound  started
582.1960 	DATA 	Keypress: lctrl
582.3889 	EXP 	Sound  started
582.9320 	DATA 	Keypress: rctrl
583.1389 	EXP 	Sound  started
583.7480 	DATA 	Keypress: rctrl
583.8889 	EXP 	Sound  started
584.5642 	DATA 	Keypress: lctrl
584.6390 	EXP 	Sound  started
585.3890 	EXP 	Sound  started
585.3960 	DATA 	Keypress: lctrl
586.1390 	EXP 	Sound  started
586.1641 	DATA 	Keypress: lctrl
586.8890 	EXP 	Sound  started
586.9800 	DATA 	Keypress: rctrl
587.6390 	EXP 	Sound  started
587.6521 	DATA 	Keypress: rctrl
588.3882 	DATA 	Keypress: rctrl
588.3890 	EXP 	Sound  started
589.0921 	DATA 	Keypress: rctrl
589.1391 	EXP 	Sound  started
589.8891 	EXP 	Sound  started
589.9081 	DATA 	Keypress: rctrl
590.6391 	EXP 	Sound  started
590.6602 	DATA 	Keypress: rctrl
591.3891 	EXP 	Sound  started
591.5561 	DATA 	Keypress: rctrl
592.1320 	DATA 	Keypress: rctrl
592.1391 	EXP 	Sound  started
592.8891 	EXP 	Sound  started
593.0921 	DATA 	Keypress: rctrl
593.6391 	EXP 	Sound  started
593.8121 	DATA 	Keypress: rctrl
594.1801 	DATA 	Keypress: lctrl
594.3891 	EXP 	Sound  started
594.7401 	DATA 	Keypress: lctrl
595.1392 	EXP 	Sound  started
595.3481 	DATA 	Keypress: lctrl
595.8892 	EXP 	Sound  started
596.2281 	DATA 	Keypress: lctrl
596.6392 	EXP 	Sound  started
596.6760 	DATA 	Keypress: rctrl
597.3892 	EXP 	Sound  started
597.5401 	DATA 	Keypress: lctrl
598.1161 	DATA 	Keypress: lctrl
598.1392 	EXP 	Sound  started
598.7401 	DATA 	Keypress: lctrl
598.8892 	EXP 	Sound  started
599.3960 	DATA 	Keypress: lctrl
599.6392 	EXP 	Sound  started
600.1641 	DATA 	Keypress: lctrl
600.3893 	EXP 	Sound  started
600.7881 	DATA 	Keypress: lctrl
601.1393 	EXP 	Sound  started
601.5561 	DATA 	Keypress: rctrl
601.8893 	EXP 	Sound  started
602.0840 	DATA 	Keypress: rctrl
602.6393 	EXP 	Sound  started
602.7880 	DATA 	Keypress: rctrl
603.3893 	EXP 	Sound  started
603.3960 	DATA 	Keypress: rctrl
604.1160 	DATA 	Keypress: rctrl
604.1393 	EXP 	Sound  started
604.8894 	EXP 	Sound  started
604.9161 	DATA 	Keypress: rctrl
605.5881 	DATA 	Keypress: lctrl
605.6394 	EXP 	Sound  started
606.3881 	DATA 	Keypress: lctrl
606.3894 	EXP 	Sound  started
607.0281 	DATA 	Keypress: lctrl
607.1394 	EXP 	Sound  started
607.7001 	DATA 	Keypress: lctrl
607.8894 	EXP 	Sound  started
608.3080 	DATA 	Keypress: lctrl
608.6394 	EXP 	Sound  started
609.3480 	DATA 	Keypress: lctrl
609.3894 	EXP 	Sound  started
610.0522 	DATA 	Keypress: rctrl
610.1395 	EXP 	Sound  started
610.6440 	DATA 	Keypress: rctrl
610.8895 	EXP 	Sound  started
611.1560 	DATA 	Keypress: rctrl
611.6395 	EXP 	Sound  started
611.6680 	DATA 	Keypress: rctrl
612.2441 	DATA 	Keypress: rctrl
612.3895 	EXP 	Sound  started
612.8681 	DATA 	Keypress: lctrl
613.1395 	EXP 	Sound  started
613.4120 	DATA 	Keypress: lctrl
613.8895 	EXP 	Sound  started
614.0041 	DATA 	Keypress: lctrl
614.5801 	DATA 	Keypress: lctrl
614.6395 	EXP 	Sound  started
615.3320 	DATA 	Keypress: rctrl
615.3895 	EXP 	Sound  started
616.0840 	DATA 	Keypress: lctrl
618.4065 	DATA 	Keypress: 3
618.4360 	EXP 	unnamed ShapeStim: vertices = <class 'numpy.ndarray'>
625.5587 	DATA 	Keypress: 3
625.5752 	EXP 	unnamed ShapeStim: vertices = <class 'numpy.ndarray'>
628.8280 	DATA 	Keypress: 1
628.8445 	EXP 	unnamed ShapeStim: vertices = <class 'numpy.ndarray'>
631.1298 	EXP 	Sound  started
631.4122 	DATA 	Keypress: rctrl
631.8796 	EXP 	Sound  started
632.0681 	DATA 	Keypress: rctrl
632.6296 	EXP 	Sound  started
632.7881 	DATA 	Keypress: rctrl
633.3160 	DATA 	Keypress: rctrl
633.3796 	EXP 	Sound  started
633.9881 	DATA 	Keypress: rctrl
634.1296 	EXP 	Sound  started
634.6280 	DATA 	Keypress: lctrl
634.8796 	EXP 	Sound  started
635.3160 	DATA 	Keypress: lctrl
635.6296 	EXP 	Sound  started
636.1001 	DATA 	Keypress: lctrl
636.3797 	EXP 	Sound  started
636.7720 	DATA 	Keypress: rctrl
637.1297 	EXP 	Sound  started
637.6201 	DATA 	Keypress: rctrl
637.8797 	EXP 	Sound  started
638.3401 	DATA 	Keypress: lctrl
638.6297 	EXP 	Sound  started
639.1560 	DATA 	Keypress: rctrl
639.3797 	EXP 	Sound  started
640.0200 	DATA 	Keypress: rctrl
640.1297 	EXP 	Sound  started
640.8797 	EXP 	Sound  started
640.9000 	DATA 	Keypress: lctrl
641.5561 	DATA 	Keypress: lctrl
641.6298 	EXP 	Sound  started
642.1641 	DATA 	Keypress: lctrl
642.3798 	EXP 	Sound  started
642.9000 	DATA 	Keypress: rctrl
643.1298 	EXP 	Sound  started
643.5720 	DATA 	Keypress: lctrl
643.8798 	EXP 	Sound  started
644.2440 	DATA 	Keypress: rctrl
644.6298 	EXP 	Sound  started
644.9320 	DATA 	Keypress: lctrl
645.3798 	EXP 	Sound  started
645.5720 	DATA 	Keypress: lctrl
646.1298 	EXP 	Sound  started
646.2440 	DATA 	Keypress: lctrl
646.8799 	EXP 	Sound  started
646.9321 	DATA 	Keypress: lctrl
647.6299 	EXP 	Sound  started
647.6521 	DATA 	Keypress: lctrl
648.3240 	DATA 	Keypress: rctrl
648.3799 	EXP 	Sound  started
649.0121 	DATA 	Keypress: rctrl
649.1299 	EXP 	Sound  started
649.8280 	DATA 	Keypress: rctrl
649.8799 	EXP 	Sound  started
650.5161 	DATA 	Keypress: lctrl
650.6299 	EXP 	Sound  started
651.2360 	DATA 	Keypress: lctrl
651.3799 	EXP 	Sound  started
651.9720 	DATA 	Keypress: lctrl
652.1300 	EXP 	Sound  started
652.6761 	DATA 	Keypress: rctrl
652.8800 	EXP 	Sound  started
653.3481 	DATA 	Keypress: rctrl
653.6300 	EXP 	Sound  started
654.1320 	DATA 	Keypress: rctrl
654.3800 	EXP 	Sound  started
654.8680 	DATA 	Keypress: lctrl
655.1300 	EXP 	Sound  started
655.7801 	DATA 	Keypress: lctrl
655.8800 	EXP 	Sound  started
656.4842 	DATA 	Keypress: lctrl
656.6301 	EXP 	Sound  started
657.2841 	DATA 	Keypress: rctrl
657.3801 	EXP 	Sound  started
658.0361 	DATA 	Keypress: rctrl
658.1301 	EXP 	Sound  started
658.8361 	DATA 	Keypress: lctrl
658.8801 	EXP 	Sound  started
659.5560 	DATA 	Keypress: lctrl
659.6301 	EXP 	Sound  started
660.3560 	DATA 	Keypress: lctrl
660.3801 	EXP 	Sound  started
661.0600 	DATA 	Keypress: lctrl
661.1301 	EXP 	Sound  started
661.7801 	DATA 	Keypress: lctrl
661.8802 	EXP 	Sound  started
662.5480 	DATA 	Keypress: rctrl
662.6302 	EXP 	Sound  started
663.2040 	DATA 	Keypress: lctrl
663.3802 	EXP 	Sound  started
664.0040 	DATA 	Keypress: lctrl
664.1302 	EXP 	Sound  started
664.8802 	EXP 	Sound  started
664.8840 	DATA 	Keypress: lctrl
665.6041 	DATA 	Keypress: rctrl
665.6302 	EXP 	Sound  started
666.2441 	DATA 	Keypress: rctrl
666.3802 	EXP 	Sound  started
667.0281 	DATA 	Keypress: rctrl
667.1302 	EXP 	Sound  started
667.7960 	DATA 	Keypress: lctrl
667.8802 	EXP 	Sound  started
668.6280 	DATA 	Keypress: rctrl
668.6303 	EXP 	Sound  started
669.3803 	EXP 	Sound  started
669.4120 	DATA 	Keypress: rctrl
670.1303 	EXP 	Sound  started
670.1481 	DATA 	Keypress: rctrl
670.8803 	EXP 	Sound  started
670.9960 	DATA 	Keypress: lctrl
671.6303 	EXP 	Sound  started
671.6520 	DATA 	Keypress: lctrl
672.3560 	DATA 	Keypress: rctrl
672.3803 	EXP 	Sound  started
673.0600 	DATA 	Keypress: lctrl
673.1304 	EXP 	Sound  started
673.8440 	DATA 	Keypress: lctrl
673.8804 	EXP 	Sound  started
674.6121 	DATA 	Keypress: lctrl
674.6304 	EXP 	Sound  started
675.3480 	DATA 	Keypress: lctrl
675.3804 	EXP 	Sound  started
676.1304 	EXP 	Sound  started
676.1480 	DATA 	Keypress: lctrl
676.8360 	DATA 	Keypress: lctrl
676.8804 	EXP 	Sound  started
677.5880 	DATA 	Keypress: lctrl
677.6304 	EXP 	Sound  started
678.3805 	EXP 	Sound  started
678.4360 	DATA 	Keypress: lctrl
679.1305 	EXP 	Sound  started
679.1720 	DATA 	Keypress: lctrl
679.8805 	EXP 	Sound  started
679.9400 	DATA 	Keypress: lctrl
680.6305 	EXP 	Sound  started
680.6760 	DATA 	Keypress: lctrl
681.3805 	EXP 	Sound  started
681.4281 	DATA 	Keypress: lctrl
682.1305 	EXP 	Sound  started
682.1961 	DATA 	Keypress: lctrl
682.8805 	EXP 	Sound  started
682.9000 	DATA 	Keypress: lctrl
683.5720 	DATA 	Keypress: rctrl
683.6305 	EXP 	Sound  started
684.2761 	DATA 	Keypress: rctrl
684.3806 	EXP 	Sound  started
684.9960 	DATA 	Keypress: rctrl
685.1306 	EXP 	Sound  started
685.8280 	DATA 	Keypress: rctrl
685.8806 	EXP 	Sound  started
686.5640 	DATA 	Keypress: rctrl
686.6306 	EXP 	Sound  started
687.3002 	DATA 	Keypress: lctrl
687.3806 	EXP 	Sound  started
688.0680 	DATA 	Keypress: lctrl
688.1306 	EXP 	Sound  started
688.8041 	DATA 	Keypress: lctrl
688.8806 	EXP 	Sound  started
689.6306 	EXP 	Sound  started
689.6361 	DATA 	Keypress: lctrl
690.3807 	EXP 	Sound  started
690.4040 	DATA 	Keypress: lctrl
691.1307 	EXP 	Sound  started
691.1400 	DATA 	Keypress: lctrl
691.8807 	EXP 	Sound  started
691.9560 	DATA 	Keypress: rctrl
692.6307 	EXP 	Sound  started
692.7241 	DATA 	Keypress: rctrl
693.3807 	EXP 	Sound  started
693.4281 	DATA 	Keypress: lctrl
694.1307 	EXP 	Sound  started
694.2441 	DATA 	Keypress: lctrl
694.7881 	DATA 	Keypress: lctrl
694.8807 	EXP 	Sound  started
695.4442 	DATA 	Keypress: lctrl
695.6308 	EXP 	Sound  started
696.0680 	DATA 	Keypress: lctrl
696.3808 	EXP 	Sound  started
696.8840 	DATA 	Keypress: lctrl
697.1308 	EXP 	Sound  started
697.3960 	DATA 	Keypress: lctrl
697.8808 	EXP 	Sound  started
698.0200 	DATA 	Keypress: lctrl
698.6280 	DATA 	Keypress: rctrl
698.6308 	EXP 	Sound  started
699.3320 	DATA 	Keypress: rctrl
702.3755 	DATA 	Keypress: 4
702.4048 	EXP 	unnamed ShapeStim: vertices = <class 'numpy.ndarray'>
709.1272 	DATA 	Keypress: 4
709.1436 	EXP 	unnamed ShapeStim: vertices = <class 'numpy.ndarray'>
713.3973 	DATA 	Keypress: 2
713.4138 	EXP 	unnamed ShapeStim: vertices = <class 'numpy.ndarray'>
715.6988 	EXP 	Sound  started
715.7008 	DATA 	Keypress: rctrl
716.3240 	DATA 	Keypress: rctrl
716.4486 	EXP 	Sound  started
716.8679 	DATA 	Keypress: rctrl
717.1987 	EXP 	Sound  started
717.6521 	DATA 	Keypress: rctrl
717.9487 	EXP 	Sound  started
718.1801 	DATA 	Keypress: rctrl
718.6920 	DATA 	Keypress: rctrl
718.6987 	EXP 	Sound  started
719.3160 	DATA 	Keypress: lctrl
719.4487 	EXP 	Sound  started
720.1321 	DATA 	Keypress: lctrl
720.1987 	EXP 	Sound  started
720.7561 	DATA 	Keypress: lctrl
720.9487 	EXP 	Sound  started
721.4441 	DATA 	Keypress: lctrl
721.6987 	EXP 	Sound  started
722.1480 	DATA 	Keypress: lctrl
722.4488 	EXP 	Sound  started
722.8361 	DATA 	Keypress: lctrl
723.1988 	EXP 	Sound  started
723.3161 	DATA 	Keypress: lctrl
723.9488 	EXP 	Sound  started
723.9880 	DATA 	Keypress: lctrl
724.6600 	DATA 	Keypress: lctrl
724.6988 	EXP 	Sound  started
725.3961 	DATA 	Keypress: rctrl
725.4488 	EXP 	Sound  started
726.0679 	DATA 	Keypress: rctrl
726.1988 	EXP 	Sound  started
726.8840 	DATA 	Keypress: rctrl
726.9488 	EXP 	Sound  started
727.5080 	DATA 	Keypress: rctrl
727.6989 	EXP 	Sound  started
728.2439 	DATA 	Keypress: rctrl
728.4489 	EXP 	Sound  started
728.9480 	DATA 	Keypress: rctrl
729.1989 	EXP 	Sound  started
729.7000 	DATA 	Keypress: rctrl
729.9489 	EXP 	Sound  started
730.2279 	DATA 	Keypress: rctrl
730.6989 	EXP 	Sound  started
730.9160 	DATA 	Keypress: rctrl
731.4489 	EXP 	Sound  started
731.5080 	DATA 	Keypress: rctrl
732.1989 	EXP 	Sound  started
732.2121 	DATA 	Keypress: rctrl
732.8360 	DATA 	Keypress: rctrl
732.9490 	EXP 	Sound  started
733.3799 	DATA 	Keypress: rctrl
733.6990 	EXP 	Sound  started
734.1160 	DATA 	Keypress: lctrl
734.4490 	EXP 	Sound  started
734.7080 	DATA 	Keypress: lctrl
735.1990 	EXP 	Sound  started
735.3799 	DATA 	Keypress: lctrl
735.9490 	EXP 	Sound  started
736.0040 	DATA 	Keypress: lctrl
736.6760 	DATA 	Keypress: lctrl
736.6990 	EXP 	Sound  started
737.3480 	DATA 	Keypress: lctrl
737.4490 	EXP 	Sound  started
738.0520 	DATA 	Keypress: lctrl
738.1991 	EXP 	Sound  started
738.7401 	DATA 	Keypress: lctrl
738.9491 	EXP 	Sound  started
739.2679 	DATA 	Keypress: lctrl
739.6991 	EXP 	Sound  started
740.0039 	DATA 	Keypress: lctrl
740.4491 	EXP 	Sound  started
740.6439 	DATA 	Keypress: lctrl
741.1879 	DATA 	Keypress: lctrl
741.1991 	EXP 	Sound  started
741.8120 	DATA 	Keypress: lctrl
741.9491 	EXP 	Sound  started
742.3239 	DATA 	Keypress: rctrl
742.6991 	EXP 	Sound  started
743.0760 	DATA 	Keypress: lctrl
743.4492 	EXP 	Sound  started
743.6361 	DATA 	Keypress: lctrl
744.1992 	EXP 	Sound  started
744.3880 	DATA 	Keypress: rctrl
744.9492 	EXP 	Sound  started
745.0759 	DATA 	Keypress: rctrl
745.6992 	EXP 	Sound  started
745.7800 	DATA 	Keypress: lctrl
746.4040 	DATA 	Keypress: lctrl
746.4492 	EXP 	Sound  started
747.0759 	DATA 	Keypress: lctrl
747.1992 	EXP 	Sound  started
747.8440 	DATA 	Keypress: lctrl
747.9492 	EXP 	Sound  started
748.5800 	DATA 	Keypress: lctrl
748.6992 	EXP 	Sound  started
749.3960 	DATA 	Keypress: rctrl
749.4493 	EXP 	Sound  started
750.1960 	DATA 	Keypress: rctrl
750.1993 	EXP 	Sound  started
750.8840 	DATA 	Keypress: rctrl
750.9493 	EXP 	Sound  started
751.6201 	DATA 	Keypress: rctrl
751.6993 	EXP 	Sound  started
752.3561 	DATA 	Keypress: rctrl
752.4493 	EXP 	Sound  started
753.1993 	EXP 	Sound  started
753.2360 	DATA 	Keypress: lctrl
753.8920 	DATA 	Keypress: lctrl
753.9493 	EXP 	Sound  started
754.6122 	DATA 	Keypress: lctrl
754.6994 	EXP 	Sound  started
755.3640 	DATA 	Keypress: rctrl
755.4494 	EXP 	Sound  started
756.1994 	EXP 	Sound  started
756.2280 	DATA 	Keypress: lctrl
756.9320 	DATA 	Keypress: lctrl
756.9494 	EXP 	Sound  started
757.5879 	DATA 	Keypress: lctrl
757.6994 	EXP 	Sound  started
758.4039 	DATA 	Keypress: rctrl
758.4494 	EXP 	Sound  started
759.1240 	DATA 	Keypress: rctrl
759.1994 	EXP 	Sound  started
759.8920 	DATA 	Keypress: rctrl
759.9494 	EXP 	Sound  started
760.6920 	DATA 	Keypress: rctrl
760.6995 	EXP 	Sound  started
761.4279 	DATA 	Keypress: rctrl
761.4495 	EXP 	Sound  started
762.1995 	EXP 	Sound  started
762.2759 	DATA 	Keypress: lctrl
762.9495 	EXP 	Sound  started
763.0279 	DATA 	Keypress: lctrl
763.6995 	EXP 	Sound  started
763.7479 	DATA 	Keypress: rctrl
764.4495 	EXP 	Sound  started
764.4520 	DATA 	Keypress: rctrl
765.1560 	DATA 	Keypress: rctrl
765.1996 	EXP 	Sound  started
765.9400 	DATA 	Keypress: lctrl
765.9496 	EXP 	Sound  started
766.6996 	EXP 	Sound  started
766.7240 	DATA 	Keypress: rctrl
767.4496 	EXP 	Sound  started
767.4760 	DATA 	Keypress: rctrl
768.1960 	DATA 	Keypress: rctrl
768.1996 	EXP 	Sound  started
768.9496 	EXP 	Sound  started
769.0599 	DATA 	Keypress: rctrl
769.6996 	EXP 	Sound  started
769.7800 	DATA 	Keypress: lctrl
770.4497 	EXP 	Sound  started
770.4840 	DATA 	Keypress: lctrl
771.1997 	EXP 	Sound  started
771.2360 	DATA 	Keypress: lctrl
771.9497 	EXP 	Sound  started
772.0039 	DATA 	Keypress: lctrl
772.6997 	EXP 	Sound  started
772.7560 	DATA 	Keypress: rctrl
773.4497 	EXP 	Sound  started
773.5240 	DATA 	Keypress: rctrl
774.1960 	DATA 	Keypress: rctrl
774.1997 	EXP 	Sound  started
774.9815 	DATA 	Keypress: rctrl
776.7325 	DATA 	Keypress: 4
776.7490 	EXP 	unnamed ShapeStim: vertices = <class 'numpy.ndarray'>
784.1219 	DATA 	Keypress: 1
784.1384 	EXP 	unnamed ShapeStim: vertices = <class 'numpy.ndarray'>
788.8257 	DATA 	Keypress: 4
788.8422 	EXP 	unnamed ShapeStim: vertices = <class 'numpy.ndarray'>
985.4440 	DATA 	Keypress: return
985.5255 	EXP 	window1: mouseVisible = True
