12.7299 	WARNING 	User requested fullscreen with size [1024  768], but screen is actually [1920, 1200]. Using actual size
13.5187 	EXP 	Created window1 = Window(allowGUI=False, allowStencil=False, autoLog=True, backendConf=UNKNOWN, bitsMode=UNKNOWN, blendMode='avg', bpc=(8, 8, 8), color=array([0, 0, 0]), colorSpace='rgb', depthBits=8, fullscr=<method-wrapper '__getattribute__' of attributeSetter object at 0x0000014070717780>, gamma=None, gammaErrorPolicy='raise', lms=UNKNOWN, monitor=<psychopy.monitors.calibTools.Monitor object at 0x0000014071E24080>, multiSample=False, name='window1', numSamples=2, pos=[0.0, 0.0], screen=0, size=array([1920, 1200]), stencilBits=0, stereo=False, units='norm', useFBO=True, useRetina=False, viewOri=0.0, viewPos=None, viewScale=None, waitBlanking=True, winType='pyglet')
13.5190 	EXP 	window1: mouseVisible = True
13.5191 	EXP 	window1: mouseVisible = False
13.5191 	EXP 	window1: recordFrameIntervals = False
13.6853 	EXP 	window1: recordFrameIntervals = True
13.8688 	EXP 	window1: recordFrameIntervals = False
13.9224 	EXP 	Created text = TextStim(__class__=<class 'psychopy.visual.text.TextStim'>, alignHoriz=method-wrapper(...), alignText='center', alignVert=method-wrapper(...), anchorHoriz='center', anchorVert='center', antialias=True, autoLog=True, bold=False, color=array([1., 1., 1.]), colorSpace='rgb', contrast=1.0, depth=0.0, flipHoriz=False, flipVert=False, font='Arial', fontFiles=[], height=0.15, italic=False, languageStyle='LTR', name='text', opacity=1, ori=0, pos=array([0., 0.]), rgb=UNKNOWN, text='+', units='norm', win=Window(...), wrapWidth=1)
13.9393 	EXP 	Created text = TextStim(__class__=<class 'psychopy.visual.text.TextStim'>, alignHoriz=method-wrapper(...), alignText='center', alignVert=method-wrapper(...), anchorHoriz='center', anchorVert='center', antialias=True, autoLog=True, bold=False, color=array([1., 1., 1.]), colorSpace='rgb', contrast=1.0, depth=0.0, flipHoriz=False, flipVert=False, font='Arial', fontFiles=[], height=0.07, italic=False, languageStyle='LTR', name='text', opacity=1, ori=0, pos=array([0., 0.]), rgb=UNKNOWN, text=str(...), units='norm', win=Window(...), wrapWidth=1.65)
13.9518 	EXP 	Created text = TextStim(__class__=<class 'psychopy.visual.text.TextStim'>, alignHoriz=method-wrapper(...), alignText='center', alignVert=method-wrapper(...), anchorHoriz='center', anchorVert='center', antialias=True, autoLog=True, bold=False, color=array([1., 1., 1.]), colorSpace='rgb', contrast=1.0, depth=0.0, flipHoriz=False, flipVert=False, font='Arial', fontFiles=[], height=0.07, italic=False, languageStyle='LTR', name='text', opacity=1, ori=0, pos=array([0., 0.]), rgb=UNKNOWN, text=str(...), units='norm', win=Window(...), wrapWidth=1.65)
13.9619 	EXP 	Created text = TextStim(__class__=<class 'psychopy.visual.text.TextStim'>, alignHoriz=method-wrapper(...), alignText='center', alignVert=method-wrapper(...), anchorHoriz='center', anchorVert='center', antialias=True, autoLog=True, bold=False, color=array([1., 1., 1.]), colorSpace='rgb', contrast=1.0, depth=0.0, flipHoriz=False, flipVert=False, font='Arial', fontFiles=[], height=0.07, italic=False, languageStyle='LTR', name='text', opacity=1, ori=0, pos=array([0., 0.]), rgb=UNKNOWN, text=str(...), units='norm', win=Window(...), wrapWidth=1.65)
13.9717 	EXP 	Created text = TextStim(__class__=<class 'psychopy.visual.text.TextStim'>, alignHoriz=method-wrapper(...), alignText='center', alignVert=method-wrapper(...), anchorHoriz='center', anchorVert='center', antialias=True, autoLog=True, bold=False, color=array([1., 1., 1.]), colorSpace='rgb', contrast=1.0, depth=0.0, flipHoriz=False, flipVert=False, font='Arial', fontFiles=[], height=0.07, italic=False, languageStyle='LTR', name='text', opacity=1, ori=0, pos=array([0., 0.]), rgb=UNKNOWN, text=str(...), units='norm', win=Window(...), wrapWidth=1.65)
13.9771 	EXP 	Created text = TextStim(__class__=<class 'psychopy.visual.text.TextStim'>, alignHoriz=method-wrapper(...), alignText='center', alignVert=method-wrapper(...), anchorHoriz='center', anchorVert='center', antialias=True, autoLog=True, bold=False, color=array([1., 1., 1.]), colorSpace='rgb', contrast=1.0, depth=0.0, flipHoriz=False, flipVert=False, font='Arial', fontFiles=[], height=0.07, italic=False, languageStyle='LTR', name='text', opacity=1, ori=0, pos=array([0., 0.]), rgb=UNKNOWN, text=str(...), units='norm', win=Window(...), wrapWidth=1.65)
13.9936 	EXP 	Created text = TextStim(__class__=<class 'psychopy.visual.text.TextStim'>, alignHoriz=method-wrapper(...), alignText='center', alignVert=method-wrapper(...), anchorHoriz='center', anchorVert='center', antialias=True, autoLog=True, bold=False, color=array([1., 1., 1.]), colorSpace='rgb', contrast=1.0, depth=0.0, flipHoriz=False, flipVert=False, font='Arial', fontFiles=[], height=0.15, italic=False, languageStyle='LTR', name='text', opacity=1, ori=0, pos=array([0., 0.]), rgb=UNKNOWN, text=str(...), units='norm', win=Window(...), wrapWidth=1.65)
14.0227 	EXP 	Created text = TextStim(__class__=<class 'psychopy.visual.text.TextStim'>, alignHoriz=method-wrapper(...), alignText='center', alignVert=method-wrapper(...), anchorHoriz='center', anchorVert='center', antialias=True, autoLog=True, bold=False, color=array([1., 1., 1.]), colorSpace='rgb', contrast=1.0, depth=0.0, flipHoriz=False, flipVert=False, font='Arial', fontFiles=[], height=0.07, italic=False, languageStyle='LTR', name='text', opacity=1, ori=0, pos=array([0., 0.]), rgb=UNKNOWN, text=str(...), units='norm', win=Window(...), wrapWidth=1.65)
14.0413 	EXP 	Created text = TextStim(__class__=<class 'psychopy.visual.text.TextStim'>, alignHoriz=method-wrapper(...), alignText='center', alignVert=method-wrapper(...), anchorHoriz='center', anchorVert='center', antialias=True, autoLog=True, bold=False, color=array([1., 1., 1.]), colorSpace='rgb', contrast=1.0, depth=0.0, flipHoriz=False, flipVert=False, font='Arial', fontFiles=[], height=0.07, italic=False, languageStyle='LTR', name='text', opacity=1, ori=0, pos=array([0., 0.]), rgb=UNKNOWN, text=str(...), units='norm', win=Window(...), wrapWidth=1.65)
14.0718 	EXP 	Created text = TextStim(__class__=<class 'psychopy.visual.text.TextStim'>, alignHoriz=method-wrapper(...), alignText='center', alignVert=method-wrapper(...), anchorHoriz='center', anchorVert='center', antialias=True, autoLog=True, bold=False, color=array([1., 1., 1.]), colorSpace='rgb', contrast=1.0, depth=0.0, flipHoriz=False, flipVert=False, font='Arial', fontFiles=[], height=0.07, italic=False, languageStyle='LTR', name='text', opacity=1, ori=0, pos=array([0., 0.]), rgb=UNKNOWN, text=str(...), units='norm', win=Window(...), wrapWidth=1.65)
14.0998 	EXP 	Created text = TextStim(__class__=<class 'psychopy.visual.text.TextStim'>, alignHoriz=method-wrapper(...), alignText='center', alignVert=method-wrapper(...), anchorHoriz='center', anchorVert='center', antialias=True, autoLog=True, bold=False, color=array([1., 1., 1.]), colorSpace='rgb', contrast=1.0, depth=0.0, flipHoriz=False, flipVert=False, font='Arial', fontFiles=[], height=0.07, italic=False, languageStyle='LTR', name='text', opacity=1, ori=0, pos=array([0., 0.]), rgb=UNKNOWN, text=str(...), units='norm', win=Window(...), wrapWidth=1.65)
14.1323 	EXP 	Created text = TextStim(__class__=<class 'psychopy.visual.text.TextStim'>, alignHoriz=method-wrapper(...), alignText='center', alignVert=method-wrapper(...), anchorHoriz='center', anchorVert='center', antialias=True, autoLog=True, bold=False, color=array([1., 1., 1.]), colorSpace='rgb', contrast=1.0, depth=0.0, flipHoriz=False, flipVert=False, font='Arial', fontFiles=[], height=0.07, italic=False, languageStyle='LTR', name='text', opacity=1, ori=0, pos=array([0., 0.]), rgb=UNKNOWN, text=str(...), units='norm', win=Window(...), wrapWidth=1.65)
14.1414 	EXP 	Created text = TextStim(__class__=<class 'psychopy.visual.text.TextStim'>, alignHoriz=method-wrapper(...), alignText='center', alignVert=method-wrapper(...), anchorHoriz='center', anchorVert='center', antialias=True, autoLog=True, bold=False, color=array([1., 1., 1.]), colorSpace='rgb', contrast=1.0, depth=0.0, flipHoriz=False, flipVert=False, font='Arial', fontFiles=[], height=0.07, italic=False, languageStyle='LTR', name='text', opacity=1, ori=0, pos=array([0., 0.]), rgb=UNKNOWN, text=str(...), units='norm', win=Window(...), wrapWidth=1.65)
14.1541 	EXP 	Created text = TextStim(__class__=<class 'psychopy.visual.text.TextStim'>, alignHoriz=method-wrapper(...), alignText='center', alignVert=method-wrapper(...), anchorHoriz='center', anchorVert='center', antialias=True, autoLog=True, bold=False, color=array([1., 1., 1.]), colorSpace='rgb', contrast=1.0, depth=0.0, flipHoriz=False, flipVert=False, font='Arial', fontFiles=[], height=0.07, italic=False, languageStyle='LTR', name='text', opacity=1, ori=0, pos=array([0., 0.]), rgb=UNKNOWN, text=str(...), units='norm', win=Window(...), wrapWidth=1.65)
14.1587 	EXP 	Created instru = TextStim(__class__=<class 'psychopy.visual.text.TextStim'>, alignHoriz=method-wrapper(...), alignText='center', alignVert=method-wrapper(...), anchorHoriz='center', anchorVert='center', antialias=True, autoLog=True, bold=False, color=array([1., 1., 1.]), colorSpace='rgb', contrast=1.0, depth=0.0, flipHoriz=False, flipVert=False, font='Arial', fontFiles=[], height=0.07, italic=False, languageStyle='LTR', name='instru', opacity=1, ori=0, pos=array([0. , 0.5]), rgb=UNKNOWN, text=str(...), units='norm', win=Window(...), wrapWidth=1)
14.1614 	EXP 	Created unnamed Line = Line(__class__=<class 'psychopy.visual.line.Line'>, autoDraw=False, autoLog=True, closeShape=False, color=array([1., 1., 1.]), colorSpace='rgb', contrast=None, depth=0, fillColor=array([0, 0, 0]), fillColorSpace='rgb', fillRGB=array([0, 0, 0]), interpolate=True, lineColor=array([1., 1., 1.]), lineColorSpace='rgb', lineRGB=array([1, 1, 1]), lineWidth=5, name='unnamed Line', opacity=0.5, ori=0.0, pos=array([0., 0.]), size=array([1., 1.]), units='norm', vertices=array([[-0.5,  0. ],
       [ 0.5,  0. ]]), win=Window(...), windingRule=None)
14.1634 	EXP 	Created unnamed Line = Line(__class__=<class 'psychopy.visual.line.Line'>, autoDraw=False, autoLog=True, closeShape=False, color=array([1., 1., 1.]), colorSpace='rgb', contrast=None, depth=0, fillColor=array([0, 0, 0]), fillColorSpace='rgb', fillRGB=array([0, 0, 0]), interpolate=True, lineColor=array([1., 1., 1.]), lineColorSpace='rgb', lineRGB=array([1, 1, 1]), lineWidth=3, name='unnamed Line', opacity=0.5, ori=0.0, pos=array([0., 0.]), size=array([1., 1.]), units='norm', vertices=array([[-0.5 , -0.05],
       [-0.5 ,  0.05]]), win=Window(...), windingRule=None)
14.1655 	EXP 	Created unnamed Line = Line(__class__=<class 'psychopy.visual.line.Line'>, autoDraw=False, autoLog=True, closeShape=False, color=array([1., 1., 1.]), colorSpace='rgb', contrast=None, depth=0, fillColor=array([0, 0, 0]), fillColorSpace='rgb', fillRGB=array([0, 0, 0]), interpolate=True, lineColor=array([1., 1., 1.]), lineColorSpace='rgb', lineRGB=array([1, 1, 1]), lineWidth=3, name='unnamed Line', opacity=0.5, ori=0.0, pos=array([0., 0.]), size=array([1., 1.]), units='norm', vertices=ndarray(...), win=Window(...), windingRule=None)
14.1675 	EXP 	Created unnamed Line = Line(__class__=<class 'psychopy.visual.line.Line'>, autoDraw=False, autoLog=True, closeShape=False, color=array([1., 1., 1.]), colorSpace='rgb', contrast=None, depth=0, fillColor=array([0, 0, 0]), fillColorSpace='rgb', fillRGB=array([0, 0, 0]), interpolate=True, lineColor=array([1., 1., 1.]), lineColorSpace='rgb', lineRGB=array([1, 1, 1]), lineWidth=3, name='unnamed Line', opacity=0.5, ori=0.0, pos=array([0., 0.]), size=array([1., 1.]), units='norm', vertices=ndarray(...), win=Window(...), windingRule=None)
14.1696 	EXP 	Created unnamed Line = Line(__class__=<class 'psychopy.visual.line.Line'>, autoDraw=False, autoLog=True, closeShape=False, color=array([1., 1., 1.]), colorSpace='rgb', contrast=None, depth=0, fillColor=array([0, 0, 0]), fillColorSpace='rgb', fillRGB=array([0, 0, 0]), interpolate=True, lineColor=array([1., 1., 1.]), lineColorSpace='rgb', lineRGB=array([1, 1, 1]), lineWidth=3, name='unnamed Line', opacity=0.5, ori=0.0, pos=array([0., 0.]), size=array([1., 1.]), units='norm', vertices=array([[ 0.5 , -0.05],
       [ 0.5 ,  0.05]]), win=Window(...), windingRule=None)
14.1819 	EXP 	Created unnamed TextStim = TextStim(__class__=<class 'psychopy.visual.text.TextStim'>, alignHoriz=method-wrapper(...), alignText='center', alignVert=method-wrapper(...), anchorHoriz='center', anchorVert='center', antialias=True, autoLog=True, bold=False, color=array([1., 1., 1.]), colorSpace='rgb', contrast=1.0, depth=0, flipHoriz=False, flipVert=False, font='', fontFiles=[], height=0.05, italic=False, languageStyle='LTR', name='unnamed TextStim', opacity=1.0, ori=0.0, pos=array([-0.5, -0.1]), rgb=UNKNOWN, text='Clearly \n NOT FOCUSED', units='norm', win=Window(...), wrapWidth=1)
14.1830 	EXP 	Created unnamed TextStim = TextStim(__class__=<class 'psychopy.visual.text.TextStim'>, alignHoriz=method-wrapper(...), alignText='center', alignVert=method-wrapper(...), anchorHoriz='center', anchorVert='center', antialias=True, autoLog=True, bold=False, color=array([1., 1., 1.]), colorSpace='rgb', contrast=1.0, depth=0, flipHoriz=False, flipVert=False, font='', fontFiles=[], height=0.05, italic=False, languageStyle='LTR', name='unnamed TextStim', opacity=1.0, ori=0.0, pos=array([-0.16666667, -0.1       ]), rgb=UNKNOWN, text='', units='norm', win=Window(...), wrapWidth=1)
14.1841 	EXP 	Created unnamed TextStim = TextStim(__class__=<class 'psychopy.visual.text.TextStim'>, alignHoriz=method-wrapper(...), alignText='center', alignVert=method-wrapper(...), anchorHoriz='center', anchorVert='center', antialias=True, autoLog=True, bold=False, color=array([1., 1., 1.]), colorSpace='rgb', contrast=1.0, depth=0, flipHoriz=False, flipVert=False, font='', fontFiles=[], height=0.05, italic=False, languageStyle='LTR', name='unnamed TextStim', opacity=1.0, ori=0.0, pos=array([ 0.16666667, -0.1       ]), rgb=UNKNOWN, text='', units='norm', win=Window(...), wrapWidth=1)
14.1874 	EXP 	Created unnamed TextStim = TextStim(__class__=<class 'psychopy.visual.text.TextStim'>, alignHoriz=method-wrapper(...), alignText='center', alignVert=method-wrapper(...), anchorHoriz='center', anchorVert='center', antialias=True, autoLog=True, bold=False, color=array([1., 1., 1.]), colorSpace='rgb', contrast=1.0, depth=0, flipHoriz=False, flipVert=False, font='', fontFiles=[], height=0.05, italic=False, languageStyle='LTR', name='unnamed TextStim', opacity=1.0, ori=0.0, pos=array([ 0.5, -0.1]), rgb=UNKNOWN, text='Clearly \n FOCUSED', units='norm', win=Window(...), wrapWidth=1)
14.1893 	EXP 	Created unnamed ShapeStim = ShapeStim(__class__=<class 'psychopy.visual.shape.ShapeStim'>, autoDraw=False, autoLog=True, closeShape=True, color=method-wrapper(...), colorSpace='rgb', contrast=None, depth=0, fillColor=array([1, 1, 1]), fillColorSpace='rgb', fillRGB=array([1, 1, 1]), interpolate=True, lineColor=array([-1., -1., -1.]), lineColorSpace='rgb', lineRGB=array([-1, -1, -1]), lineWidth=1.5, name='unnamed ShapeStim', opacity=1.0, ori=0.0, pos=array([0., 0.]), size=array([1., 1.]), units='norm', vertices=ndarray(...), win=Window(...), windingRule=None)
14.1988 	EXP 	Created instru = TextStim(__class__=<class 'psychopy.visual.text.TextStim'>, alignHoriz=method-wrapper(...), alignText='center', alignVert=method-wrapper(...), anchorHoriz='center', anchorVert='center', antialias=True, autoLog=True, bold=False, color=array([1., 1., 1.]), colorSpace='rgb', contrast=1.0, depth=0.0, flipHoriz=False, flipVert=False, font='Arial', fontFiles=[], height=0.07, italic=False, languageStyle='LTR', name='instru', opacity=1, ori=0, pos=array([0. , 0.5]), rgb=UNKNOWN, text=str(...), units='norm', win=Window(...), wrapWidth=1)
14.2009 	EXP 	Created unnamed Line = Line(__class__=<class 'psychopy.visual.line.Line'>, autoDraw=False, autoLog=True, closeShape=False, color=array([1., 1., 1.]), colorSpace='rgb', contrast=None, depth=0, fillColor=array([0, 0, 0]), fillColorSpace='rgb', fillRGB=array([0, 0, 0]), interpolate=True, lineColor=array([1., 1., 1.]), lineColorSpace='rgb', lineRGB=array([1, 1, 1]), lineWidth=5, name='unnamed Line', opacity=0.5, ori=0.0, pos=array([0., 0.]), size=array([1., 1.]), units='norm', vertices=array([[-0.5,  0. ],
       [ 0.5,  0. ]]), win=Window(...), windingRule=None)
14.2031 	EXP 	Created unnamed Line = Line(__class__=<class 'psychopy.visual.line.Line'>, autoDraw=False, autoLog=True, closeShape=False, color=array([1., 1., 1.]), colorSpace='rgb', contrast=None, depth=0, fillColor=array([0, 0, 0]), fillColorSpace='rgb', fillRGB=array([0, 0, 0]), interpolate=True, lineColor=array([1., 1., 1.]), lineColorSpace='rgb', lineRGB=array([1, 1, 1]), lineWidth=3, name='unnamed Line', opacity=0.5, ori=0.0, pos=array([0., 0.]), size=array([1., 1.]), units='norm', vertices=array([[-0.5 , -0.05],
       [-0.5 ,  0.05]]), win=Window(...), windingRule=None)
14.2052 	EXP 	Created unnamed Line = Line(__class__=<class 'psychopy.visual.line.Line'>, autoDraw=False, autoLog=True, closeShape=False, color=array([1., 1., 1.]), colorSpace='rgb', contrast=None, depth=0, fillColor=array([0, 0, 0]), fillColorSpace='rgb', fillRGB=array([0, 0, 0]), interpolate=True, lineColor=array([1., 1., 1.]), lineColorSpace='rgb', lineRGB=array([1, 1, 1]), lineWidth=3, name='unnamed Line', opacity=0.5, ori=0.0, pos=array([0., 0.]), size=array([1., 1.]), units='norm', vertices=ndarray(...), win=Window(...), windingRule=None)
14.2072 	EXP 	Created unnamed Line = Line(__class__=<class 'psychopy.visual.line.Line'>, autoDraw=False, autoLog=True, closeShape=False, color=array([1., 1., 1.]), colorSpace='rgb', contrast=None, depth=0, fillColor=array([0, 0, 0]), fillColorSpace='rgb', fillRGB=array([0, 0, 0]), interpolate=True, lineColor=array([1., 1., 1.]), lineColorSpace='rgb', lineRGB=array([1, 1, 1]), lineWidth=3, name='unnamed Line', opacity=0.5, ori=0.0, pos=array([0., 0.]), size=array([1., 1.]), units='norm', vertices=ndarray(...), win=Window(...), windingRule=None)
14.2093 	EXP 	Created unnamed Line = Line(__class__=<class 'psychopy.visual.line.Line'>, autoDraw=False, autoLog=True, closeShape=False, color=array([1., 1., 1.]), colorSpace='rgb', contrast=None, depth=0, fillColor=array([0, 0, 0]), fillColorSpace='rgb', fillRGB=array([0, 0, 0]), interpolate=True, lineColor=array([1., 1., 1.]), lineColorSpace='rgb', lineRGB=array([1, 1, 1]), lineWidth=3, name='unnamed Line', opacity=0.5, ori=0.0, pos=array([0., 0.]), size=array([1., 1.]), units='norm', vertices=array([[ 0.5 , -0.05],
       [ 0.5 ,  0.05]]), win=Window(...), windingRule=None)
14.2159 	EXP 	Created unnamed TextStim = TextStim(__class__=<class 'psychopy.visual.text.TextStim'>, alignHoriz=method-wrapper(...), alignText='center', alignVert=method-wrapper(...), anchorHoriz='center', anchorVert='center', antialias=True, autoLog=True, bold=False, color=array([1., 1., 1.]), colorSpace='rgb', contrast=1.0, depth=0, flipHoriz=False, flipVert=False, font='', fontFiles=[], height=0.05, italic=False, languageStyle='LTR', name='unnamed TextStim', opacity=1.0, ori=0.0, pos=array([-0.5, -0.1]), rgb=UNKNOWN, text='Clearly \n NOTHING', units='norm', win=Window(...), wrapWidth=1)
14.2171 	EXP 	Created unnamed TextStim = TextStim(__class__=<class 'psychopy.visual.text.TextStim'>, alignHoriz=method-wrapper(...), alignText='center', alignVert=method-wrapper(...), anchorHoriz='center', anchorVert='center', antialias=True, autoLog=True, bold=False, color=array([1., 1., 1.]), colorSpace='rgb', contrast=1.0, depth=0, flipHoriz=False, flipVert=False, font='', fontFiles=[], height=0.05, italic=False, languageStyle='LTR', name='unnamed TextStim', opacity=1.0, ori=0.0, pos=array([-0.16666667, -0.1       ]), rgb=UNKNOWN, text='', units='norm', win=Window(...), wrapWidth=1)
14.2181 	EXP 	Created unnamed TextStim = TextStim(__class__=<class 'psychopy.visual.text.TextStim'>, alignHoriz=method-wrapper(...), alignText='center', alignVert=method-wrapper(...), anchorHoriz='center', anchorVert='center', antialias=True, autoLog=True, bold=False, color=array([1., 1., 1.]), colorSpace='rgb', contrast=1.0, depth=0, flipHoriz=False, flipVert=False, font='', fontFiles=[], height=0.05, italic=False, languageStyle='LTR', name='unnamed TextStim', opacity=1.0, ori=0.0, pos=array([ 0.16666667, -0.1       ]), rgb=UNKNOWN, text='', units='norm', win=Window(...), wrapWidth=1)
14.2231 	EXP 	Created unnamed TextStim = TextStim(__class__=<class 'psychopy.visual.text.TextStim'>, alignHoriz=method-wrapper(...), alignText='center', alignVert=method-wrapper(...), anchorHoriz='center', anchorVert='center', antialias=True, autoLog=True, bold=False, color=array([1., 1., 1.]), colorSpace='rgb', contrast=1.0, depth=0, flipHoriz=False, flipVert=False, font='', fontFiles=[], height=0.05, italic=False, languageStyle='LTR', name='unnamed TextStim', opacity=1.0, ori=0.0, pos=array([ 0.5, -0.1]), rgb=UNKNOWN, text='Clearly \n SOMETHING', units='norm', win=Window(...), wrapWidth=1)
14.2250 	EXP 	Created unnamed ShapeStim = ShapeStim(__class__=<class 'psychopy.visual.shape.ShapeStim'>, autoDraw=False, autoLog=True, closeShape=True, color=method-wrapper(...), colorSpace='rgb', contrast=None, depth=0, fillColor=array([1, 1, 1]), fillColorSpace='rgb', fillRGB=array([1, 1, 1]), interpolate=True, lineColor=array([-1., -1., -1.]), lineColorSpace='rgb', lineRGB=array([-1, -1, -1]), lineWidth=1.5, name='unnamed ShapeStim', opacity=1.0, ori=0.0, pos=array([0., 0.]), size=array([1., 1.]), units='norm', vertices=ndarray(...), win=Window(...), windingRule=None)
14.2327 	EXP 	Created instru = TextStim(__class__=<class 'psychopy.visual.text.TextStim'>, alignHoriz=method-wrapper(...), alignText='center', alignVert=method-wrapper(...), anchorHoriz='center', anchorVert='center', antialias=True, autoLog=True, bold=False, color=array([1., 1., 1.]), colorSpace='rgb', contrast=1.0, depth=0.0, flipHoriz=False, flipVert=False, font='Arial', fontFiles=[], height=0.07, italic=False, languageStyle='LTR', name='instru', opacity=1, ori=0, pos=array([0. , 0.5]), rgb=UNKNOWN, text=str(...), units='norm', win=Window(...), wrapWidth=1)
14.2347 	EXP 	Created unnamed Line = Line(__class__=<class 'psychopy.visual.line.Line'>, autoDraw=False, autoLog=True, closeShape=False, color=array([1., 1., 1.]), colorSpace='rgb', contrast=None, depth=0, fillColor=array([0, 0, 0]), fillColorSpace='rgb', fillRGB=array([0, 0, 0]), interpolate=True, lineColor=array([1., 1., 1.]), lineColorSpace='rgb', lineRGB=array([1, 1, 1]), lineWidth=5, name='unnamed Line', opacity=0.5, ori=0.0, pos=array([0., 0.]), size=array([1., 1.]), units='norm', vertices=array([[-0.5,  0. ],
       [ 0.5,  0. ]]), win=Window(...), windingRule=None)
14.2367 	EXP 	Created unnamed Line = Line(__class__=<class 'psychopy.visual.line.Line'>, autoDraw=False, autoLog=True, closeShape=False, color=array([1., 1., 1.]), colorSpace='rgb', contrast=None, depth=0, fillColor=array([0, 0, 0]), fillColorSpace='rgb', fillRGB=array([0, 0, 0]), interpolate=True, lineColor=array([1., 1., 1.]), lineColorSpace='rgb', lineRGB=array([1, 1, 1]), lineWidth=3, name='unnamed Line', opacity=0.5, ori=0.0, pos=array([0., 0.]), size=array([1., 1.]), units='norm', vertices=array([[-0.5 , -0.05],
       [-0.5 ,  0.05]]), win=Window(...), windingRule=None)
14.2387 	EXP 	Created unnamed Line = Line(__class__=<class 'psychopy.visual.line.Line'>, autoDraw=False, autoLog=True, closeShape=False, color=array([1., 1., 1.]), colorSpace='rgb', contrast=None, depth=0, fillColor=array([0, 0, 0]), fillColorSpace='rgb', fillRGB=array([0, 0, 0]), interpolate=True, lineColor=array([1., 1., 1.]), lineColorSpace='rgb', lineRGB=array([1, 1, 1]), lineWidth=3, name='unnamed Line', opacity=0.5, ori=0.0, pos=array([0., 0.]), size=array([1., 1.]), units='norm', vertices=ndarray(...), win=Window(...), windingRule=None)
14.2407 	EXP 	Created unnamed Line = Line(__class__=<class 'psychopy.visual.line.Line'>, autoDraw=False, autoLog=True, closeShape=False, color=array([1., 1., 1.]), colorSpace='rgb', contrast=None, depth=0, fillColor=array([0, 0, 0]), fillColorSpace='rgb', fillRGB=array([0, 0, 0]), interpolate=True, lineColor=array([1., 1., 1.]), lineColorSpace='rgb', lineRGB=array([1, 1, 1]), lineWidth=3, name='unnamed Line', opacity=0.5, ori=0.0, pos=array([0., 0.]), size=array([1., 1.]), units='norm', vertices=ndarray(...), win=Window(...), windingRule=None)
14.2426 	EXP 	Created unnamed Line = Line(__class__=<class 'psychopy.visual.line.Line'>, autoDraw=False, autoLog=True, closeShape=False, color=array([1., 1., 1.]), colorSpace='rgb', contrast=None, depth=0, fillColor=array([0, 0, 0]), fillColorSpace='rgb', fillRGB=array([0, 0, 0]), interpolate=True, lineColor=array([1., 1., 1.]), lineColorSpace='rgb', lineRGB=array([1, 1, 1]), lineWidth=3, name='unnamed Line', opacity=0.5, ori=0.0, pos=array([0., 0.]), size=array([1., 1.]), units='norm', vertices=array([[ 0.5 , -0.05],
       [ 0.5 ,  0.05]]), win=Window(...), windingRule=None)
14.2479 	EXP 	Created unnamed TextStim = TextStim(__class__=<class 'psychopy.visual.text.TextStim'>, alignHoriz=method-wrapper(...), alignText='center', alignVert=method-wrapper(...), anchorHoriz='center', anchorVert='center', antialias=True, autoLog=True, bold=False, color=array([1., 1., 1.]), colorSpace='rgb', contrast=1.0, depth=0, flipHoriz=False, flipVert=False, font='', fontFiles=[], height=0.05, italic=False, languageStyle='LTR', name='unnamed TextStim', opacity=1.0, ori=0.0, pos=array([-0.5, -0.1]), rgb=UNKNOWN, text='Clearly \n SPONTANEOUS', units='norm', win=Window(...), wrapWidth=1)
14.2490 	EXP 	Created unnamed TextStim = TextStim(__class__=<class 'psychopy.visual.text.TextStim'>, alignHoriz=method-wrapper(...), alignText='center', alignVert=method-wrapper(...), anchorHoriz='center', anchorVert='center', antialias=True, autoLog=True, bold=False, color=array([1., 1., 1.]), colorSpace='rgb', contrast=1.0, depth=0, flipHoriz=False, flipVert=False, font='', fontFiles=[], height=0.05, italic=False, languageStyle='LTR', name='unnamed TextStim', opacity=1.0, ori=0.0, pos=array([-0.16666667, -0.1       ]), rgb=UNKNOWN, text='', units='norm', win=Window(...), wrapWidth=1)
14.2501 	EXP 	Created unnamed TextStim = TextStim(__class__=<class 'psychopy.visual.text.TextStim'>, alignHoriz=method-wrapper(...), alignText='center', alignVert=method-wrapper(...), anchorHoriz='center', anchorVert='center', antialias=True, autoLog=True, bold=False, color=array([1., 1., 1.]), colorSpace='rgb', contrast=1.0, depth=0, flipHoriz=False, flipVert=False, font='', fontFiles=[], height=0.05, italic=False, languageStyle='LTR', name='unnamed TextStim', opacity=1.0, ori=0.0, pos=array([ 0.16666667, -0.1       ]), rgb=UNKNOWN, text='', units='norm', win=Window(...), wrapWidth=1)
14.2555 	EXP 	Created unnamed TextStim = TextStim(__class__=<class 'psychopy.visual.text.TextStim'>, alignHoriz=method-wrapper(...), alignText='center', alignVert=method-wrapper(...), anchorHoriz='center', anchorVert='center', antialias=True, autoLog=True, bold=False, color=array([1., 1., 1.]), colorSpace='rgb', contrast=1.0, depth=0, flipHoriz=False, flipVert=False, font='', fontFiles=[], height=0.05, italic=False, languageStyle='LTR', name='unnamed TextStim', opacity=1.0, ori=0.0, pos=array([ 0.5, -0.1]), rgb=UNKNOWN, text='Clearly \n DELIBERATE', units='norm', win=Window(...), wrapWidth=1)
14.2574 	EXP 	Created unnamed ShapeStim = ShapeStim(__class__=<class 'psychopy.visual.shape.ShapeStim'>, autoDraw=False, autoLog=True, closeShape=True, color=method-wrapper(...), colorSpace='rgb', contrast=None, depth=0, fillColor=array([1, 1, 1]), fillColorSpace='rgb', fillRGB=array([1, 1, 1]), interpolate=True, lineColor=array([-1., -1., -1.]), lineColorSpace='rgb', lineRGB=array([-1, -1, -1]), lineWidth=1.5, name='unnamed ShapeStim', opacity=1.0, ori=0.0, pos=array([0., 0.]), size=array([1., 1.]), units='norm', vertices=ndarray(...), win=Window(...), windingRule=None)
14.3077 	EXP 	Sound  set volume 1.000
14.3383 	EXP 	unnamed ShapeStim: vertices = <class 'numpy.ndarray'>
14.3383 	EXP 	unnamed ShapeStim: vertices = <class 'numpy.ndarray'>
14.3383 	EXP 	unnamed ShapeStim: vertices = <class 'numpy.ndarray'>
49.6258 	DATA 	Keypress: space
50.1481 	EXP 	Sound  started
50.8981 	EXP 	Sound  started
51.5778 	DATA 	Keypress: lctrl
51.6481 	EXP 	Sound  started
52.2817 	DATA 	Keypress: rctrl
52.3981 	EXP 	Sound  started
53.0177 	DATA 	Keypress: lctrl
53.1481 	EXP 	Sound  started
53.7537 	DATA 	Keypress: rctrl
53.8981 	EXP 	Sound  started
54.4737 	DATA 	Keypress: lctrl
54.6481 	EXP 	Sound  started
55.2257 	DATA 	Keypress: rctrl
55.3982 	EXP 	Sound  started
55.9297 	DATA 	Keypress: lctrl
56.1482 	EXP 	Sound  started
56.8098 	DATA 	Keypress: rctrl
56.8982 	EXP 	Sound  started
57.4497 	DATA 	Keypress: rctrl
57.6482 	EXP 	Sound  started
58.1697 	DATA 	Keypress: lctrl
58.3982 	EXP 	Sound  started
58.9378 	DATA 	Keypress: rctrl
59.1482 	EXP 	Sound  started
59.8177 	DATA 	Keypress: lctrl
59.8983 	EXP 	Sound  started
60.3937 	DATA 	Keypress: lctrl
60.6483 	EXP 	Sound  started
61.1137 	DATA 	Keypress: rctrl
61.3983 	EXP 	Sound  started
61.8177 	DATA 	Keypress: lctrl
62.1483 	EXP 	Sound  started
62.6017 	DATA 	Keypress: rctrl
62.8983 	EXP 	Sound  started
63.3057 	DATA 	Keypress: lctrl
63.6483 	EXP 	Sound  started
64.0258 	DATA 	Keypress: rctrl
64.3983 	EXP 	Sound  started
64.9537 	DATA 	Keypress: lctrl
65.1484 	EXP 	Sound  started
65.7217 	DATA 	Keypress: rctrl
65.8984 	EXP 	Sound  started
66.4258 	DATA 	Keypress: lctrl
66.6484 	EXP 	Sound  started
67.1777 	DATA 	Keypress: rctrl
67.3984 	EXP 	Sound  started
67.8657 	DATA 	Keypress: lctrl
68.1484 	EXP 	Sound  started
68.6337 	DATA 	Keypress: rctrl
68.8984 	EXP 	Sound  started
69.2897 	DATA 	Keypress: lctrl
69.6484 	EXP 	Sound  started
70.3984 	EXP 	Sound  started
70.8738 	DATA 	Keypress: lctrl
71.1485 	EXP 	Sound  started
71.6578 	DATA 	Keypress: rctrl
71.8985 	EXP 	Sound  started
72.3137 	DATA 	Keypress: lctrl
72.6485 	EXP 	Sound  started
73.0497 	DATA 	Keypress: rctrl
73.3985 	EXP 	Sound  started
73.7057 	DATA 	Keypress: lctrl
74.1485 	EXP 	Sound  started
74.6337 	DATA 	Keypress: rctrl
74.8985 	EXP 	Sound  started
75.2898 	DATA 	Keypress: lctrl
75.6486 	EXP 	Sound  started
76.3986 	EXP 	Sound  started
76.7938 	DATA 	Keypress: rctrl
77.1486 	EXP 	Sound  started
77.5617 	DATA 	Keypress: lctrl
77.8986 	EXP 	Sound  started
78.2497 	DATA 	Keypress: rctrl
78.6486 	EXP 	Sound  started
79.0337 	DATA 	Keypress: lctrl
79.3986 	EXP 	Sound  started
79.7857 	DATA 	Keypress: rctrl
80.1486 	EXP 	Sound  started
80.5697 	DATA 	Keypress: lctrl
80.8986 	EXP 	Sound  started
81.2898 	DATA 	Keypress: rctrl
81.6487 	EXP 	Sound  started
82.0257 	DATA 	Keypress: lctrl
82.3987 	EXP 	Sound  started
82.8418 	DATA 	Keypress: rctrl
83.1487 	EXP 	Sound  started
83.5298 	DATA 	Keypress: lctrl
83.8987 	EXP 	Sound  started
84.2977 	DATA 	Keypress: rctrl
84.6487 	EXP 	Sound  started
85.0657 	DATA 	Keypress: lctrl
85.3987 	EXP 	Sound  started
85.9137 	DATA 	Keypress: rctrl
86.1487 	EXP 	Sound  started
86.6657 	DATA 	Keypress: rctrl
86.8988 	EXP 	Sound  started
87.3058 	DATA 	Keypress: lctrl
87.6488 	EXP 	Sound  started
88.0417 	DATA 	Keypress: lctrl
88.3988 	EXP 	Sound  started
89.1488 	EXP 	Sound  started
89.5137 	DATA 	Keypress: rctrl
89.8988 	EXP 	Sound  started
90.2817 	DATA 	Keypress: lctrl
90.6489 	EXP 	Sound  started
91.1297 	DATA 	Keypress: lctrl
91.3989 	EXP 	Sound  started
92.1489 	EXP 	Sound  started
92.8989 	EXP 	Sound  started
93.4177 	DATA 	Keypress: lctrl
93.6489 	EXP 	Sound  started
94.1857 	DATA 	Keypress: rctrl
94.3989 	EXP 	Sound  started
94.9378 	DATA 	Keypress: lctrl
95.1688 	EXP 	unnamed TextStim: text = ''
95.1688 	EXP 	unnamed TextStim: text = ''
97.3074 	DATA 	Keypress: 3
97.3367 	EXP 	unnamed ShapeStim: vertices = <class 'numpy.ndarray'>
98.8713 	EXP 	unnamed TextStim: text = ''
98.8713 	EXP 	unnamed TextStim: text = ''
101.0901 	DATA 	Keypress: 2
101.1065 	EXP 	unnamed ShapeStim: vertices = <class 'numpy.ndarray'>
102.6411 	EXP 	unnamed TextStim: text = ''
102.6411 	EXP 	unnamed TextStim: text = ''
104.7302 	DATA 	Keypress: 1
104.7595 	EXP 	unnamed ShapeStim: vertices = <class 'numpy.ndarray'>
107.0441 	EXP 	Sound  started
107.0443 	DATA 	Keypress: rctrl
107.5617 	DATA 	Keypress: lctrl
107.7941 	EXP 	Sound  started
108.3937 	DATA 	Keypress: rctrl
108.5441 	EXP 	Sound  started
109.1297 	DATA 	Keypress: lctrl
109.2941 	EXP 	Sound  started
109.8337 	DATA 	Keypress: rctrl
110.0441 	EXP 	Sound  started
110.6817 	DATA 	Keypress: lctrl
110.7941 	EXP 	Sound  started
111.4017 	DATA 	Keypress: rctrl
111.5441 	EXP 	Sound  started
112.1217 	DATA 	Keypress: lctrl
112.2941 	EXP 	Sound  started
112.8897 	DATA 	Keypress: rctrl
113.0441 	EXP 	Sound  started
113.6737 	DATA 	Keypress: lctrl
113.7942 	EXP 	Sound  started
114.3617 	DATA 	Keypress: rctrl
114.5442 	EXP 	Sound  started
115.1137 	DATA 	Keypress: lctrl
115.2942 	EXP 	Sound  started
115.8337 	DATA 	Keypress: lctrl
116.0442 	EXP 	Sound  started
116.5377 	DATA 	Keypress: rctrl
116.7942 	EXP 	Sound  started
117.3697 	DATA 	Keypress: rctrl
117.5442 	EXP 	Sound  started
118.0739 	DATA 	Keypress: rctrl
118.2942 	EXP 	Sound  started
118.7778 	DATA 	Keypress: lctrl
119.0443 	EXP 	Sound  started
119.5937 	DATA 	Keypress: lctrl
119.7943 	EXP 	Sound  started
120.2817 	DATA 	Keypress: lctrl
120.5443 	EXP 	Sound  started
120.9857 	DATA 	Keypress: lctrl
121.2943 	EXP 	Sound  started
121.9938 	DATA 	Keypress: rctrl
122.0443 	EXP 	Sound  started
122.6977 	DATA 	Keypress: rctrl
122.7943 	EXP 	Sound  started
123.4178 	DATA 	Keypress: rctrl
123.5444 	EXP 	Sound  started
124.1537 	DATA 	Keypress: rctrl
124.2944 	EXP 	Sound  started
124.9217 	DATA 	Keypress: lctrl
125.0444 	EXP 	Sound  started
125.6097 	DATA 	Keypress: lctrl
125.7944 	EXP 	Sound  started
126.3777 	DATA 	Keypress: lctrl
126.5444 	EXP 	Sound  started
127.1137 	DATA 	Keypress: lctrl
127.2944 	EXP 	Sound  started
127.8497 	DATA 	Keypress: rctrl
128.0444 	EXP 	Sound  started
128.6177 	DATA 	Keypress: rctrl
128.7944 	EXP 	Sound  started
129.3057 	DATA 	Keypress: rctrl
129.5445 	EXP 	Sound  started
130.0577 	DATA 	Keypress: rctrl
130.2945 	EXP 	Sound  started
130.8578 	DATA 	Keypress: lctrl
131.0445 	EXP 	Sound  started
131.5778 	DATA 	Keypress: rctrl
131.7945 	EXP 	Sound  started
132.3137 	DATA 	Keypress: lctrl
132.5445 	EXP 	Sound  started
133.0817 	DATA 	Keypress: rctrl
133.2945 	EXP 	Sound  started
133.8657 	DATA 	Keypress: lctrl
134.0445 	EXP 	Sound  started
134.6497 	DATA 	Keypress: rctrl
134.7945 	EXP 	Sound  started
135.3858 	DATA 	Keypress: lctrl
135.5446 	EXP 	Sound  started
136.0897 	DATA 	Keypress: rctrl
136.2946 	EXP 	Sound  started
136.9217 	DATA 	Keypress: lctrl
137.0446 	EXP 	Sound  started
137.5937 	DATA 	Keypress: rctrl
137.7946 	EXP 	Sound  started
138.3777 	DATA 	Keypress: lctrl
138.5446 	EXP 	Sound  started
139.1137 	DATA 	Keypress: rctrl
139.2946 	EXP 	Sound  started
139.9137 	DATA 	Keypress: lctrl
140.0446 	EXP 	Sound  started
140.6817 	DATA 	Keypress: rctrl
140.7947 	EXP 	Sound  started
141.4657 	DATA 	Keypress: lctrl
141.5447 	EXP 	Sound  started
142.1697 	DATA 	Keypress: rctrl
142.2947 	EXP 	Sound  started
142.8897 	DATA 	Keypress: rctrl
143.0447 	EXP 	Sound  started
143.6257 	DATA 	Keypress: lctrl
143.7947 	EXP 	Sound  started
144.3778 	DATA 	Keypress: rctrl
144.5447 	EXP 	Sound  started
145.1138 	DATA 	Keypress: lctrl
145.2947 	EXP 	Sound  started
145.8977 	DATA 	Keypress: rctrl
146.0447 	EXP 	Sound  started
146.6177 	DATA 	Keypress: rctrl
146.7948 	EXP 	Sound  started
147.4178 	DATA 	Keypress: lctrl
147.5448 	EXP 	Sound  started
148.1537 	DATA 	Keypress: lctrl
148.2948 	EXP 	Sound  started
148.9057 	DATA 	Keypress: rctrl
149.0448 	EXP 	Sound  started
149.6897 	DATA 	Keypress: rctrl
149.7948 	EXP 	Sound  started
150.4577 	DATA 	Keypress: lctrl
150.5448 	EXP 	Sound  started
151.1777 	DATA 	Keypress: rctrl
151.2948 	EXP 	Sound  started
151.9137 	DATA 	Keypress: rctrl
152.0449 	EXP 	Sound  started
152.6818 	DATA 	Keypress: lctrl
152.7949 	EXP 	Sound  started
153.4177 	DATA 	Keypress: rctrl
153.5449 	EXP 	Sound  started
154.1697 	DATA 	Keypress: lctrl
154.2949 	EXP 	Sound  started
154.9057 	DATA 	Keypress: lctrl
155.0449 	EXP 	Sound  started
155.6897 	DATA 	Keypress: rctrl
155.7949 	EXP 	Sound  started
156.3938 	DATA 	Keypress: lctrl
156.5450 	EXP 	Sound  started
157.1137 	DATA 	Keypress: rctrl
157.2950 	EXP 	Sound  started
157.8658 	DATA 	Keypress: lctrl
158.0450 	EXP 	Sound  started
158.6018 	DATA 	Keypress: rctrl
158.7950 	EXP 	Sound  started
159.3537 	DATA 	Keypress: lctrl
161.4229 	DATA 	Keypress: 3
161.4393 	EXP 	unnamed ShapeStim: vertices = <class 'numpy.ndarray'>
163.1947 	DATA 	Keypress: 2
163.2246 	EXP 	unnamed ShapeStim: vertices = <class 'numpy.ndarray'>
171.7646 	DATA 	Keypress: 3
171.7812 	EXP 	unnamed ShapeStim: vertices = <class 'numpy.ndarray'>
174.0662 	EXP 	Sound  started
174.1537 	DATA 	Keypress: lctrl
174.7617 	DATA 	Keypress: rctrl
174.8162 	EXP 	Sound  started
175.4817 	DATA 	Keypress: lctrl
175.5662 	EXP 	Sound  started
176.2817 	DATA 	Keypress: rctrl
176.3162 	EXP 	Sound  started
177.0017 	DATA 	Keypress: lctrl
177.0662 	EXP 	Sound  started
177.7217 	DATA 	Keypress: rctrl
177.8163 	EXP 	Sound  started
178.4417 	DATA 	Keypress: lctrl
178.5663 	EXP 	Sound  started
179.1777 	DATA 	Keypress: rctrl
179.3163 	EXP 	Sound  started
179.9137 	DATA 	Keypress: lctrl
180.0663 	EXP 	Sound  started
180.6657 	DATA 	Keypress: lctrl
180.8163 	EXP 	Sound  started
181.4178 	DATA 	Keypress: rctrl
181.5663 	EXP 	Sound  started
182.1057 	DATA 	Keypress: lctrl
182.3163 	EXP 	Sound  started
182.8417 	DATA 	Keypress: lctrl
183.0663 	EXP 	Sound  started
183.5457 	DATA 	Keypress: lctrl
183.8164 	EXP 	Sound  started
184.2657 	DATA 	Keypress: rctrl
184.5664 	EXP 	Sound  started
184.9537 	DATA 	Keypress: lctrl
185.3164 	EXP 	Sound  started
185.7537 	DATA 	Keypress: lctrl
186.0664 	EXP 	Sound  started
186.5377 	DATA 	Keypress: lctrl
186.8164 	EXP 	Sound  started
187.2737 	DATA 	Keypress: rctrl
187.5664 	EXP 	Sound  started
188.0577 	DATA 	Keypress: lctrl
188.3164 	EXP 	Sound  started
188.8577 	DATA 	Keypress: lctrl
189.0665 	EXP 	Sound  started
189.6578 	DATA 	Keypress: lctrl
189.8165 	EXP 	Sound  started
190.3777 	DATA 	Keypress: rctrl
190.5665 	EXP 	Sound  started
191.0818 	DATA 	Keypress: lctrl
191.3165 	EXP 	Sound  started
191.8657 	DATA 	Keypress: lctrl
192.0665 	EXP 	Sound  started
192.6498 	DATA 	Keypress: lctrl
192.8165 	EXP 	Sound  started
193.3697 	DATA 	Keypress: rctrl
193.5665 	EXP 	Sound  started
194.0897 	DATA 	Keypress: lctrl
194.3166 	EXP 	Sound  started
194.8897 	DATA 	Keypress: lctrl
195.0666 	EXP 	Sound  started
195.6577 	DATA 	Keypress: lctrl
195.8166 	EXP 	Sound  started
196.3137 	DATA 	Keypress: rctrl
196.5666 	EXP 	Sound  started
197.1938 	DATA 	Keypress: lctrl
197.3166 	EXP 	Sound  started
198.0666 	EXP 	Sound  started
198.7618 	DATA 	Keypress: lctrl
198.8167 	EXP 	Sound  started
199.4817 	DATA 	Keypress: rctrl
199.5667 	EXP 	Sound  started
200.1857 	DATA 	Keypress: lctrl
200.3167 	EXP 	Sound  started
200.8897 	DATA 	Keypress: rctrl
201.0667 	EXP 	Sound  started
201.6097 	DATA 	Keypress: lctrl
201.8167 	EXP 	Sound  started
202.3777 	DATA 	Keypress: rctrl
202.5667 	EXP 	Sound  started
203.0817 	DATA 	Keypress: lctrl
203.3167 	EXP 	Sound  started
203.8177 	DATA 	Keypress: rctrl
204.0668 	EXP 	Sound  started
204.5537 	DATA 	Keypress: lctrl
204.8168 	EXP 	Sound  started
205.3538 	DATA 	Keypress: lctrl
205.5668 	EXP 	Sound  started
206.1377 	DATA 	Keypress: rctrl
206.3168 	EXP 	Sound  started
206.8417 	DATA 	Keypress: lctrl
207.0668 	EXP 	Sound  started
207.5777 	DATA 	Keypress: lctrl
207.8168 	EXP 	Sound  started
208.4097 	DATA 	Keypress: lctrl
208.5669 	EXP 	Sound  started
209.1458 	DATA 	Keypress: rctrl
209.3169 	EXP 	Sound  started
209.8977 	DATA 	Keypress: lctrl
210.0669 	EXP 	Sound  started
210.7618 	DATA 	Keypress: rctrl
210.8169 	EXP 	Sound  started
211.4817 	DATA 	Keypress: lctrl
211.5669 	EXP 	Sound  started
212.2338 	DATA 	Keypress: rctrl
212.3169 	EXP 	Sound  started
213.0669 	EXP 	Sound  started
213.1777 	DATA 	Keypress: lctrl
213.8169 	EXP 	Sound  started
213.8177 	DATA 	Keypress: rctrl
214.5670 	EXP 	Sound  started
214.6017 	DATA 	Keypress: lctrl
215.2898 	DATA 	Keypress: rctrl
215.3170 	EXP 	Sound  started
216.0098 	DATA 	Keypress: lctrl
216.0670 	EXP 	Sound  started
216.7298 	DATA 	Keypress: lctrl
216.8170 	EXP 	Sound  started
217.4337 	DATA 	Keypress: lctrl
217.5670 	EXP 	Sound  started
218.1697 	DATA 	Keypress: rctrl
218.3170 	EXP 	Sound  started
218.7777 	DATA 	Keypress: lctrl
219.0670 	EXP 	Sound  started
219.6257 	DATA 	Keypress: lctrl
219.8171 	EXP 	Sound  started
220.5057 	DATA 	Keypress: lctrl
220.5671 	EXP 	Sound  started
221.3171 	EXP 	Sound  started
221.9937 	DATA 	Keypress: rctrl
222.0671 	EXP 	Sound  started
222.7617 	DATA 	Keypress: lctrl
222.8171 	EXP 	Sound  started
223.4977 	DATA 	Keypress: rctrl
225.1461 	DATA 	Keypress: 4
225.1754 	EXP 	unnamed ShapeStim: vertices = <class 'numpy.ndarray'>
227.0766 	DATA 	Keypress: 2
227.0932 	EXP 	unnamed ShapeStim: vertices = <class 'numpy.ndarray'>
230.2998 	DATA 	Keypress: 3
230.3292 	EXP 	unnamed ShapeStim: vertices = <class 'numpy.ndarray'>
232.6146 	EXP 	Sound  started
232.6147 	DATA 	Keypress: lctrl
233.2577 	DATA 	Keypress: rctrl
233.3646 	EXP 	Sound  started
233.9778 	DATA 	Keypress: lctrl
234.1146 	EXP 	Sound  started
234.7137 	DATA 	Keypress: rctrl
234.8646 	EXP 	Sound  started
235.4978 	DATA 	Keypress: lctrl
235.6146 	EXP 	Sound  started
236.2017 	DATA 	Keypress: rctrl
236.3646 	EXP 	Sound  started
236.9537 	DATA 	Keypress: lctrl
237.1147 	EXP 	Sound  started
237.7217 	DATA 	Keypress: rctrl
237.8647 	EXP 	Sound  started
238.4417 	DATA 	Keypress: lctrl
238.6147 	EXP 	Sound  started
239.2737 	DATA 	Keypress: lctrl
239.3647 	EXP 	Sound  started
239.9458 	DATA 	Keypress: rctrl
240.1147 	EXP 	Sound  started
240.6497 	DATA 	Keypress: lctrl
240.8647 	EXP 	Sound  started
241.4658 	DATA 	Keypress: lctrl
241.6148 	EXP 	Sound  started
242.1057 	DATA 	Keypress: lctrl
242.3648 	EXP 	Sound  started
242.9057 	DATA 	Keypress: rctrl
243.1148 	EXP 	Sound  started
243.5617 	DATA 	Keypress: lctrl
243.8648 	EXP 	Sound  started
244.5697 	DATA 	Keypress: rctrl
244.6148 	EXP 	Sound  started
245.2898 	DATA 	Keypress: lctrl
245.3648 	EXP 	Sound  started
245.9777 	DATA 	Keypress: rctrl
246.1148 	EXP 	Sound  started
246.6978 	DATA 	Keypress: lctrl
246.8648 	EXP 	Sound  started
247.4497 	DATA 	Keypress: rctrl
247.6149 	EXP 	Sound  started
248.1697 	DATA 	Keypress: lctrl
248.3649 	EXP 	Sound  started
248.9217 	DATA 	Keypress: rctrl
249.1149 	EXP 	Sound  started
249.6577 	DATA 	Keypress: lctrl
249.8649 	EXP 	Sound  started
250.3937 	DATA 	Keypress: rctrl
250.6149 	EXP 	Sound  started
251.1618 	DATA 	Keypress: lctrl
251.3650 	EXP 	Sound  started
251.9618 	DATA 	Keypress: rctrl
252.1150 	EXP 	Sound  started
252.8650 	EXP 	Sound  started
253.0657 	DATA 	Keypress: lctrl
253.6150 	EXP 	Sound  started
253.7857 	DATA 	Keypress: rctrl
254.3650 	EXP 	Sound  started
254.4577 	DATA 	Keypress: lctrl
255.0657 	DATA 	Keypress: rctrl
255.1150 	EXP 	Sound  started
255.8177 	DATA 	Keypress: lctrl
255.8650 	EXP 	Sound  started
256.5057 	DATA 	Keypress: rctrl
256.6150 	EXP 	Sound  started
257.3650 	EXP 	Sound  started
257.4017 	DATA 	Keypress: lctrl
258.0417 	DATA 	Keypress: rctrl
258.1151 	EXP 	Sound  started
258.7457 	DATA 	Keypress: lctrl
258.8651 	EXP 	Sound  started
259.4657 	DATA 	Keypress: rctrl
259.6151 	EXP 	Sound  started
260.1858 	DATA 	Keypress: lctrl
260.3651 	EXP 	Sound  started
261.0498 	DATA 	Keypress: lctrl
261.1151 	EXP 	Sound  started
261.8017 	DATA 	Keypress: rctrl
261.8651 	EXP 	Sound  started
262.5537 	DATA 	Keypress: lctrl
262.6152 	EXP 	Sound  started
263.2577 	DATA 	Keypress: rctrl
263.3652 	EXP 	Sound  started
263.9618 	DATA 	Keypress: lctrl
264.1152 	EXP 	Sound  started
264.7137 	DATA 	Keypress: rctrl
264.8652 	EXP 	Sound  started
265.4657 	DATA 	Keypress: lctrl
265.6152 	EXP 	Sound  started
266.2978 	DATA 	Keypress: rctrl
266.3652 	EXP 	Sound  started
267.0017 	DATA 	Keypress: lctrl
267.1152 	EXP 	Sound  started
267.7537 	DATA 	Keypress: rctrl
267.8652 	EXP 	Sound  started
268.6152 	EXP 	Sound  started
268.6657 	DATA 	Keypress: lctrl
269.3058 	DATA 	Keypress: rctrl
269.3653 	EXP 	Sound  started
270.1153 	EXP 	Sound  started
270.3777 	DATA 	Keypress: lctrl
270.8653 	EXP 	Sound  started
270.8737 	DATA 	Keypress: rctrl
271.5457 	DATA 	Keypress: lctrl
271.6153 	EXP 	Sound  started
272.3653 	EXP 	Sound  started
272.4737 	DATA 	Keypress: rctrl
273.1153 	EXP 	Sound  started
273.8178 	DATA 	Keypress: rctrl
273.8653 	EXP 	Sound  started
274.6154 	EXP 	Sound  started
274.6817 	DATA 	Keypress: lctrl
275.3058 	DATA 	Keypress: lctrl
275.3654 	EXP 	Sound  started
275.9777 	DATA 	Keypress: lctrl
276.1154 	EXP 	Sound  started
276.7138 	DATA 	Keypress: rctrl
276.8654 	EXP 	Sound  started
277.4977 	DATA 	Keypress: lctrl
277.6154 	EXP 	Sound  started
278.3654 	EXP 	Sound  started
279.1154 	EXP 	Sound  started
279.8655 	EXP 	Sound  started
279.8658 	DATA 	Keypress: rctrl
280.6017 	DATA 	Keypress: lctrl
280.6155 	EXP 	Sound  started
281.3057 	DATA 	Keypress: rctrl
281.3655 	EXP 	Sound  started
282.3058 	DATA 	Keypress: lctrl
283.9400 	DATA 	Keypress: 3
283.9565 	EXP 	unnamed ShapeStim: vertices = <class 'numpy.ndarray'>
288.7106 	DATA 	Keypress: 2
288.7271 	EXP 	unnamed ShapeStim: vertices = <class 'numpy.ndarray'>
290.5787 	DATA 	Keypress: 1
290.5953 	EXP 	unnamed ShapeStim: vertices = <class 'numpy.ndarray'>
292.8811 	EXP 	Sound  started
292.8812 	DATA 	Keypress: rctrl
293.5778 	DATA 	Keypress: lctrl
293.6311 	EXP 	Sound  started
294.2817 	DATA 	Keypress: rctrl
294.3811 	EXP 	Sound  started
295.0017 	DATA 	Keypress: lctrl
295.1311 	EXP 	Sound  started
295.7537 	DATA 	Keypress: rctrl
295.8811 	EXP 	Sound  started
296.5217 	DATA 	Keypress: lctrl
296.6311 	EXP 	Sound  started
297.2257 	DATA 	Keypress: rctrl
297.3811 	EXP 	Sound  started
297.9457 	DATA 	Keypress: lctrl
298.1311 	EXP 	Sound  started
298.6657 	DATA 	Keypress: rctrl
298.8812 	EXP 	Sound  started
299.6312 	EXP 	Sound  started
300.3812 	EXP 	Sound  started
301.1312 	EXP 	Sound  started
301.8812 	EXP 	Sound  started
301.9778 	DATA 	Keypress: rctrl
302.5857 	DATA 	Keypress: lctrl
302.6312 	EXP 	Sound  started
303.2257 	DATA 	Keypress: rctrl
303.3812 	EXP 	Sound  started
303.9937 	DATA 	Keypress: lctrl
304.1313 	EXP 	Sound  started
304.6657 	DATA 	Keypress: rctrl
304.8813 	EXP 	Sound  started
305.4177 	DATA 	Keypress: lctrl
305.6313 	EXP 	Sound  started
306.1217 	DATA 	Keypress: rctrl
306.3813 	EXP 	Sound  started
306.8898 	DATA 	Keypress: lctrl
307.1313 	EXP 	Sound  started
307.7377 	DATA 	Keypress: rctrl
307.8813 	EXP 	Sound  started
308.4897 	DATA 	Keypress: rctrl
308.6313 	EXP 	Sound  started
309.1937 	DATA 	Keypress: lctrl
309.3814 	EXP 	Sound  started
309.8977 	DATA 	Keypress: rctrl
310.1314 	EXP 	Sound  started
310.6497 	DATA 	Keypress: rctrl
310.8814 	EXP 	Sound  started
311.4018 	DATA 	Keypress: rctrl
311.6314 	EXP 	Sound  started
312.1218 	DATA 	Keypress: lctrl
312.3814 	EXP 	Sound  started
312.7777 	DATA 	Keypress: rctrl
313.1314 	EXP 	Sound  started
313.5777 	DATA 	Keypress: rctrl
313.8814 	EXP 	Sound  started
314.3297 	DATA 	Keypress: rctrl
314.6315 	EXP 	Sound  started
315.0977 	DATA 	Keypress: lctrl
315.3815 	EXP 	Sound  started
315.9137 	DATA 	Keypress: rctrl
316.1315 	EXP 	Sound  started
316.5857 	DATA 	Keypress: rctrl
316.8815 	EXP 	Sound  started
317.3697 	DATA 	Keypress: rctrl
317.6315 	EXP 	Sound  started
318.0897 	DATA 	Keypress: lctrl
318.3815 	EXP 	Sound  started
318.8417 	DATA 	Keypress: rctrl
319.1315 	EXP 	Sound  started
319.7537 	DATA 	Keypress: rctrl
319.8815 	EXP 	Sound  started
320.5057 	DATA 	Keypress: rctrl
320.6316 	EXP 	Sound  started
321.1617 	DATA 	Keypress: lctrl
321.3816 	EXP 	Sound  started
321.9777 	DATA 	Keypress: rctrl
322.1316 	EXP 	Sound  started
322.7777 	DATA 	Keypress: rctrl
322.8816 	EXP 	Sound  started
323.5137 	DATA 	Keypress: lctrl
323.6316 	EXP 	Sound  started
324.2497 	DATA 	Keypress: lctrl
324.3816 	EXP 	Sound  started
325.0817 	DATA 	Keypress: lctrl
325.1316 	EXP 	Sound  started
325.8177 	DATA 	Keypress: rctrl
325.8816 	EXP 	Sound  started
326.5698 	DATA 	Keypress: lctrl
326.6317 	EXP 	Sound  started
327.3217 	DATA 	Keypress: lctrl
327.3817 	EXP 	Sound  started
328.0897 	DATA 	Keypress: lctrl
328.1317 	EXP 	Sound  started
328.7937 	DATA 	Keypress: rctrl
328.8817 	EXP 	Sound  started
329.5137 	DATA 	Keypress: lctrl
329.6317 	EXP 	Sound  started
330.2657 	DATA 	Keypress: lctrl
330.3817 	EXP 	Sound  started
331.0017 	DATA 	Keypress: lctrl
331.1317 	EXP 	Sound  started
331.8497 	DATA 	Keypress: rctrl
331.8818 	EXP 	Sound  started
332.5058 	DATA 	Keypress: lctrl
332.6318 	EXP 	Sound  started
333.2417 	DATA 	Keypress: lctrl
333.3818 	EXP 	Sound  started
334.0098 	DATA 	Keypress: lctrl
334.1318 	EXP 	Sound  started
334.7778 	DATA 	Keypress: rctrl
334.8818 	EXP 	Sound  started
335.4177 	DATA 	Keypress: lctrl
335.6318 	EXP 	Sound  started
336.2498 	DATA 	Keypress: lctrl
336.3819 	EXP 	Sound  started
337.0977 	DATA 	Keypress: lctrl
337.1319 	EXP 	Sound  started
337.8819 	EXP 	Sound  started
337.8977 	DATA 	Keypress: lctrl
338.5857 	DATA 	Keypress: rctrl
338.6319 	EXP 	Sound  started
339.3537 	DATA 	Keypress: lctrl
339.3819 	EXP 	Sound  started
340.1319 	EXP 	Sound  started
340.2017 	DATA 	Keypress: rctrl
340.8819 	EXP 	Sound  started
341.6319 	EXP 	Sound  started
341.7057 	DATA 	Keypress: lctrl
342.3617 	DATA 	Keypress: rctrl
342.3819 	EXP 	Sound  started
343.1320 	EXP 	Sound  started
343.1457 	DATA 	Keypress: lctrl
343.8497 	DATA 	Keypress: rctrl
345.8741 	DATA 	Keypress: 4
345.8906 	EXP 	unnamed ShapeStim: vertices = <class 'numpy.ndarray'>
351.3620 	DATA 	Keypress: 1
351.3785 	EXP 	unnamed ShapeStim: vertices = <class 'numpy.ndarray'>
357.6671 	DATA 	Keypress: 3
357.6836 	EXP 	unnamed ShapeStim: vertices = <class 'numpy.ndarray'>
359.9677 	EXP 	Sound  started
360.0579 	DATA 	Keypress: rctrl
360.6337 	DATA 	Keypress: lctrl
360.7177 	EXP 	Sound  started
361.3537 	DATA 	Keypress: rctrl
361.4677 	EXP 	Sound  started
362.0738 	DATA 	Keypress: lctrl
362.2177 	EXP 	Sound  started
362.7298 	DATA 	Keypress: rctrl
362.9677 	EXP 	Sound  started
363.5298 	DATA 	Keypress: lctrl
363.7177 	EXP 	Sound  started
364.1857 	DATA 	Keypress: rctrl
364.4677 	EXP 	Sound  started
364.9696 	DATA 	Keypress: lctrl
365.2178 	EXP 	Sound  started
365.6418 	DATA 	Keypress: rctrl
365.9678 	EXP 	Sound  started
366.4897 	DATA 	Keypress: rctrl
366.7178 	EXP 	Sound  started
367.3538 	DATA 	Keypress: lctrl
367.4678 	EXP 	Sound  started
368.0097 	DATA 	Keypress: rctrl
368.2178 	EXP 	Sound  started
368.7617 	DATA 	Keypress: rctrl
368.9678 	EXP 	Sound  started
369.4977 	DATA 	Keypress: rctrl
369.7178 	EXP 	Sound  started
370.2337 	DATA 	Keypress: lctrl
370.4678 	EXP 	Sound  started
370.9218 	DATA 	Keypress: rctrl
371.2179 	EXP 	Sound  started
371.6417 	DATA 	Keypress: rctrl
371.9679 	EXP 	Sound  started
372.3938 	DATA 	Keypress: rctrl
372.7179 	EXP 	Sound  started
373.1777 	DATA 	Keypress: lctrl
373.4679 	EXP 	Sound  started
373.8977 	DATA 	Keypress: rctrl
374.2179 	EXP 	Sound  started
374.9679 	EXP 	Sound  started
374.9698 	DATA 	Keypress: rctrl
375.6097 	DATA 	Keypress: rctrl
375.7180 	EXP 	Sound  started
376.2977 	DATA 	Keypress: lctrl
376.4680 	EXP 	Sound  started
377.0177 	DATA 	Keypress: rctrl
377.2180 	EXP 	Sound  started
377.7698 	DATA 	Keypress: rctrl
377.9680 	EXP 	Sound  started
378.5217 	DATA 	Keypress: rctrl
378.7180 	EXP 	Sound  started
379.2577 	DATA 	Keypress: lctrl
379.4680 	EXP 	Sound  started
379.9617 	DATA 	Keypress: rctrl
380.2180 	EXP 	Sound  started
380.7777 	DATA 	Keypress: lctrl
380.9680 	EXP 	Sound  started
381.4817 	DATA 	Keypress: rctrl
381.7181 	EXP 	Sound  started
381.8977 	DATA 	Keypress: lctrl
382.3777 	DATA 	Keypress: rctrl
382.4681 	EXP 	Sound  started
383.1137 	DATA 	Keypress: lctrl
383.2181 	EXP 	Sound  started
383.9681 	EXP 	Sound  started
384.6337 	DATA 	Keypress: lctrl
384.7181 	EXP 	Sound  started
385.4681 	EXP 	Sound  started
385.5136 	DATA 	Keypress: lctrl
386.2181 	EXP 	Sound  started
386.2337 	DATA 	Keypress: lctrl
386.9681 	EXP 	Sound  started
386.9697 	DATA 	Keypress: rctrl
387.6897 	DATA 	Keypress: lctrl
387.7182 	EXP 	Sound  started
388.4097 	DATA 	Keypress: lctrl
388.4682 	EXP 	Sound  started
389.0977 	DATA 	Keypress: lctrl
389.2182 	EXP 	Sound  started
389.9682 	EXP 	Sound  started
389.9777 	DATA 	Keypress: rctrl
390.6658 	DATA 	Keypress: lctrl
390.7182 	EXP 	Sound  started
391.4657 	DATA 	Keypress: rctrl
391.4682 	EXP 	Sound  started
392.1217 	DATA 	Keypress: lctrl
392.2182 	EXP 	Sound  started
392.8898 	DATA 	Keypress: rctrl
392.9683 	EXP 	Sound  started
393.6897 	DATA 	Keypress: lctrl
393.7183 	EXP 	Sound  started
394.4577 	DATA 	Keypress: rctrl
394.4683 	EXP 	Sound  started
395.1457 	DATA 	Keypress: rctrl
395.2183 	EXP 	Sound  started
395.8497 	DATA 	Keypress: lctrl
395.9683 	EXP 	Sound  started
396.6338 	DATA 	Keypress: rctrl
396.7183 	EXP 	Sound  started
397.3538 	DATA 	Keypress: lctrl
397.4683 	EXP 	Sound  started
398.0418 	DATA 	Keypress: rctrl
398.2183 	EXP 	Sound  started
398.8258 	DATA 	Keypress: lctrl
398.9684 	EXP 	Sound  started
399.5778 	DATA 	Keypress: rctrl
399.7184 	EXP 	Sound  started
400.3457 	DATA 	Keypress: lctrl
400.4684 	EXP 	Sound  started
401.0977 	DATA 	Keypress: rctrl
401.2184 	EXP 	Sound  started
401.8497 	DATA 	Keypress: lctrl
401.9684 	EXP 	Sound  started
402.6497 	DATA 	Keypress: rctrl
402.7184 	EXP 	Sound  started
403.3857 	DATA 	Keypress: lctrl
403.4684 	EXP 	Sound  started
404.0737 	DATA 	Keypress: rctrl
404.2185 	EXP 	Sound  started
404.9058 	DATA 	Keypress: lctrl
404.9685 	EXP 	Sound  started
405.7185 	EXP 	Sound  started
405.7537 	DATA 	Keypress: rctrl
406.4257 	DATA 	Keypress: rctrl
406.4685 	EXP 	Sound  started
407.1457 	DATA 	Keypress: lctrl
407.2185 	EXP 	Sound  started
407.8977 	DATA 	Keypress: lctrl
407.9685 	EXP 	Sound  started
408.5858 	DATA 	Keypress: rctrl
408.7185 	EXP 	Sound  started
409.3218 	DATA 	Keypress: rctrl
409.4685 	EXP 	Sound  started
410.0577 	DATA 	Keypress: lctrl
410.2186 	EXP 	Sound  started
410.8097 	DATA 	Keypress: lctrl
410.9686 	EXP 	Sound  started
411.6097 	DATA 	Keypress: rctrl
411.7186 	EXP 	Sound  started
412.3137 	DATA 	Keypress: rctrl
412.4686 	EXP 	Sound  started
413.0017 	DATA 	Keypress: lctrl
413.2186 	EXP 	Sound  started
413.8178 	DATA 	Keypress: lctrl
413.9686 	EXP 	Sound  started
414.5217 	DATA 	Keypress: rctrl
414.7186 	EXP 	Sound  started
415.2897 	DATA 	Keypress: rctrl
415.4686 	EXP 	Sound  started
416.0097 	DATA 	Keypress: lctrl
416.2187 	EXP 	Sound  started
416.8737 	DATA 	Keypress: lctrl
416.9687 	EXP 	Sound  started
417.4977 	DATA 	Keypress: rctrl
417.7187 	EXP 	Sound  started
418.2657 	DATA 	Keypress: lctrl
418.4687 	EXP 	Sound  started
419.0178 	DATA 	Keypress: rctrl
419.2187 	EXP 	Sound  started
419.7697 	DATA 	Keypress: lctrl
419.9687 	EXP 	Sound  started
420.4417 	DATA 	Keypress: rctrl
420.7187 	EXP 	Sound  started
421.3217 	DATA 	Keypress: rctrl
423.0379 	DATA 	Keypress: 3
423.0544 	EXP 	unnamed ShapeStim: vertices = <class 'numpy.ndarray'>
425.1397 	DATA 	Keypress: 1
425.1561 	EXP 	unnamed ShapeStim: vertices = <class 'numpy.ndarray'>
427.3414 	DATA 	Keypress: 2
427.3579 	EXP 	unnamed ShapeStim: vertices = <class 'numpy.ndarray'>
429.6418 	EXP 	Sound  started
429.7218 	DATA 	Keypress: rctrl
430.3617 	DATA 	Keypress: lctrl
430.3918 	EXP 	Sound  started
431.0178 	DATA 	Keypress: rctrl
431.1419 	EXP 	Sound  started
431.7858 	DATA 	Keypress: lctrl
431.8919 	EXP 	Sound  started
432.4897 	DATA 	Keypress: rctrl
432.6419 	EXP 	Sound  started
433.2578 	DATA 	Keypress: lctrl
433.3919 	EXP 	Sound  started
433.9777 	DATA 	Keypress: rctrl
434.1419 	EXP 	Sound  started
434.6977 	DATA 	Keypress: lctrl
434.8919 	EXP 	Sound  started
435.4658 	DATA 	Keypress: rctrl
435.6419 	EXP 	Sound  started
436.2337 	DATA 	Keypress: rctrl
436.3919 	EXP 	Sound  started
437.0177 	DATA 	Keypress: lctrl
437.1420 	EXP 	Sound  started
437.7057 	DATA 	Keypress: rctrl
437.8920 	EXP 	Sound  started
438.5057 	DATA 	Keypress: rctrl
438.6420 	EXP 	Sound  started
439.2577 	DATA 	Keypress: rctrl
439.3920 	EXP 	Sound  started
439.9777 	DATA 	Keypress: lctrl
440.1420 	EXP 	Sound  started
440.7457 	DATA 	Keypress: rctrl
440.8920 	EXP 	Sound  started
441.4979 	DATA 	Keypress: rctrl
441.6420 	EXP 	Sound  started
442.1857 	DATA 	Keypress: rctrl
442.3920 	EXP 	Sound  started
443.1421 	EXP 	Sound  started
443.1617 	DATA 	Keypress: lctrl
443.7858 	DATA 	Keypress: rctrl
443.8921 	EXP 	Sound  started
444.5858 	DATA 	Keypress: rctrl
444.6421 	EXP 	Sound  started
445.3921 	EXP 	Sound  started
446.1421 	EXP 	Sound  started
446.1858 	DATA 	Keypress: rctrl
446.8921 	EXP 	Sound  started
447.0017 	DATA 	Keypress: lctrl
447.6421 	EXP 	Sound  started
447.7057 	DATA 	Keypress: rctrl
448.3921 	EXP 	Sound  started
449.1421 	EXP 	Sound  started
449.8922 	EXP 	Sound  started
450.0098 	DATA 	Keypress: rctrl
450.6337 	DATA 	Keypress: lctrl
450.6422 	EXP 	Sound  started
451.3057 	DATA 	Keypress: rctrl
451.3922 	EXP 	Sound  started
452.0737 	DATA 	Keypress: lctrl
452.1422 	EXP 	Sound  started
452.7777 	DATA 	Keypress: rctrl
452.8922 	EXP 	Sound  started
453.5777 	DATA 	Keypress: lctrl
453.6422 	EXP 	Sound  started
454.1697 	DATA 	Keypress: rctrl
454.3923 	EXP 	Sound  started
455.0337 	DATA 	Keypress: lctrl
455.1423 	EXP 	Sound  started
455.6417 	DATA 	Keypress: rctrl
455.8923 	EXP 	Sound  started
456.6423 	EXP 	Sound  started
457.3923 	EXP 	Sound  started
458.1423 	EXP 	Sound  started
458.8098 	DATA 	Keypress: rctrl
458.8923 	EXP 	Sound  started
459.5778 	DATA 	Keypress: lctrl
459.6423 	EXP 	Sound  started
460.2817 	DATA 	Keypress: rctrl
460.3924 	EXP 	Sound  started
461.0497 	DATA 	Keypress: lctrl
461.1424 	EXP 	Sound  started
461.8337 	DATA 	Keypress: rctrl
461.8924 	EXP 	Sound  started
462.6424 	EXP 	Sound  started
462.8897 	DATA 	Keypress: lctrl
463.3697 	DATA 	Keypress: rctrl
463.3924 	EXP 	Sound  started
464.1057 	DATA 	Keypress: lctrl
464.1424 	EXP 	Sound  started
464.8097 	DATA 	Keypress: rctrl
464.8924 	EXP 	Sound  started
465.6425 	EXP 	Sound  started
465.7537 	DATA 	Keypress: lctrl
466.3458 	DATA 	Keypress: rctrl
466.3925 	EXP 	Sound  started
467.0657 	DATA 	Keypress: lctrl
467.1425 	EXP 	Sound  started
467.8496 	DATA 	Keypress: rctrl
467.8925 	EXP 	Sound  started
468.5377 	DATA 	Keypress: lctrl
468.6425 	EXP 	Sound  started
469.3377 	DATA 	Keypress: rctrl
469.3925 	EXP 	Sound  started
470.0097 	DATA 	Keypress: lctrl
470.1426 	EXP 	Sound  started
470.7777 	DATA 	Keypress: rctrl
470.8926 	EXP 	Sound  started
471.5777 	DATA 	Keypress: lctrl
471.6426 	EXP 	Sound  started
472.2817 	DATA 	Keypress: rctrl
472.3926 	EXP 	Sound  started
473.0497 	DATA 	Keypress: lctrl
473.1426 	EXP 	Sound  started
473.7537 	DATA 	Keypress: rctrl
473.8926 	EXP 	Sound  started
474.5697 	DATA 	Keypress: lctrl
474.6426 	EXP 	Sound  started
475.3219 	DATA 	Keypress: rctrl
475.3927 	EXP 	Sound  started
476.0897 	DATA 	Keypress: lctrl
476.1427 	EXP 	Sound  started
476.7937 	DATA 	Keypress: rctrl
476.8927 	EXP 	Sound  started
477.5297 	DATA 	Keypress: rctrl
477.6427 	EXP 	Sound  started
478.2817 	DATA 	Keypress: lctrl
478.3927 	EXP 	Sound  started
479.1137 	DATA 	Keypress: lctrl
479.1427 	EXP 	Sound  started
479.8928 	EXP 	Sound  started
480.5377 	DATA 	Keypress: lctrl
480.6428 	EXP 	Sound  started
481.2737 	DATA 	Keypress: rctrl
481.3928 	EXP 	Sound  started
482.0257 	DATA 	Keypress: rctrl
482.1428 	EXP 	Sound  started
482.8258 	DATA 	Keypress: lctrl
482.8928 	EXP 	Sound  started
483.5137 	DATA 	Keypress: rctrl
485.8722 	DATA 	Keypress: 3
485.8888 	EXP 	unnamed ShapeStim: vertices = <class 'numpy.ndarray'>
495.8304 	DATA 	Keypress: 1
495.8470 	EXP 	unnamed ShapeStim: vertices = <class 'numpy.ndarray'>
499.6336 	DATA 	Keypress: 3
499.6501 	EXP 	unnamed ShapeStim: vertices = <class 'numpy.ndarray'>
501.9351 	EXP 	Sound  started
501.9353 	DATA 	Keypress: rctrl
502.4897 	DATA 	Keypress: lctrl
502.6851 	EXP 	Sound  started
503.2737 	DATA 	Keypress: rctrl
503.4351 	EXP 	Sound  started
503.9777 	DATA 	Keypress: lctrl
504.1851 	EXP 	Sound  started
504.9351 	EXP 	Sound  started
505.6097 	DATA 	Keypress: lctrl
505.6852 	EXP 	Sound  started
506.3297 	DATA 	Keypress: rctrl
506.4352 	EXP 	Sound  started
507.0497 	DATA 	Keypress: lctrl
507.1852 	EXP 	Sound  started
507.8178 	DATA 	Keypress: rctrl
507.9352 	EXP 	Sound  started
508.5857 	DATA 	Keypress: rctrl
508.6852 	EXP 	Sound  started
509.3378 	DATA 	Keypress: lctrl
509.4352 	EXP 	Sound  started
510.0417 	DATA 	Keypress: rctrl
510.1852 	EXP 	Sound  started
510.7937 	DATA 	Keypress: rctrl
510.9353 	EXP 	Sound  started
511.5617 	DATA 	Keypress: rctrl
511.6853 	EXP 	Sound  started
512.2657 	DATA 	Keypress: lctrl
512.4353 	EXP 	Sound  started
513.0337 	DATA 	Keypress: rctrl
513.1853 	EXP 	Sound  started
513.7858 	DATA 	Keypress: rctrl
513.9353 	EXP 	Sound  started
514.4738 	DATA 	Keypress: rctrl
514.6853 	EXP 	Sound  started
515.2737 	DATA 	Keypress: lctrl
515.4353 	EXP 	Sound  started
515.9937 	DATA 	Keypress: rctrl
516.1853 	EXP 	Sound  started
516.7618 	DATA 	Keypress: rctrl
516.9354 	EXP 	Sound  started
517.5298 	DATA 	Keypress: rctrl
517.6854 	EXP 	Sound  started
518.2657 	DATA 	Keypress: lctrl
518.4354 	EXP 	Sound  started
519.0177 	DATA 	Keypress: rctrl
519.1854 	EXP 	Sound  started
519.7697 	DATA 	Keypress: rctrl
519.9354 	EXP 	Sound  started
520.5377 	DATA 	Keypress: rctrl
520.6854 	EXP 	Sound  started
521.2737 	DATA 	Keypress: lctrl
521.4354 	EXP 	Sound  started
522.0097 	DATA 	Keypress: rctrl
522.1855 	EXP 	Sound  started
522.8417 	DATA 	Keypress: rctrl
522.9355 	EXP 	Sound  started
523.5778 	DATA 	Keypress: lctrl
523.6855 	EXP 	Sound  started
524.3458 	DATA 	Keypress: lctrl
524.4355 	EXP 	Sound  started
525.0977 	DATA 	Keypress: lctrl
525.1855 	EXP 	Sound  started
525.8337 	DATA 	Keypress: rctrl
525.9355 	EXP 	Sound  started
526.5538 	DATA 	Keypress: lctrl
526.6855 	EXP 	Sound  started
527.4018 	DATA 	Keypress: lctrl
527.4356 	EXP 	Sound  started
528.1217 	DATA 	Keypress: lctrl
528.1856 	EXP 	Sound  started
528.8098 	DATA 	Keypress: rctrl
528.9356 	EXP 	Sound  started
529.5777 	DATA 	Keypress: lctrl
529.6856 	EXP 	Sound  started
530.3937 	DATA 	Keypress: lctrl
530.4356 	EXP 	Sound  started
531.1618 	DATA 	Keypress: lctrl
531.1856 	EXP 	Sound  started
531.9297 	DATA 	Keypress: rctrl
531.9356 	EXP 	Sound  started
532.6498 	DATA 	Keypress: lctrl
532.6856 	EXP 	Sound  started
533.4356 	EXP 	Sound  started
534.1857 	EXP 	Sound  started
534.2497 	DATA 	Keypress: lctrl
534.9357 	EXP 	Sound  started
534.9378 	DATA 	Keypress: rctrl
535.6857 	EXP 	Sound  started
535.8017 	DATA 	Keypress: lctrl
536.4357 	EXP 	Sound  started
536.4418 	DATA 	Keypress: rctrl
537.1137 	DATA 	Keypress: rctrl
537.1857 	EXP 	Sound  started
537.8337 	DATA 	Keypress: lctrl
537.9357 	EXP 	Sound  started
538.5697 	DATA 	Keypress: rctrl
538.6857 	EXP 	Sound  started
539.3697 	DATA 	Keypress: lctrl
539.4358 	EXP 	Sound  started
540.0737 	DATA 	Keypress: rctrl
540.1858 	EXP 	Sound  started
540.8257 	DATA 	Keypress: lctrl
540.9358 	EXP 	Sound  started
541.5937 	DATA 	Keypress: rctrl
541.6858 	EXP 	Sound  started
542.3617 	DATA 	Keypress: lctrl
542.4358 	EXP 	Sound  started
543.1137 	DATA 	Keypress: rctrl
543.1858 	EXP 	Sound  started
543.9358 	EXP 	Sound  started
544.6018 	DATA 	Keypress: rctrl
544.6859 	EXP 	Sound  started
545.4177 	DATA 	Keypress: lctrl
545.4359 	EXP 	Sound  started
546.1057 	DATA 	Keypress: rctrl
546.1859 	EXP 	Sound  started
546.8897 	DATA 	Keypress: lctrl
546.9359 	EXP 	Sound  started
547.6859 	EXP 	Sound  started
547.7217 	DATA 	Keypress: rctrl
548.3618 	DATA 	Keypress: lctrl
548.4359 	EXP 	Sound  started
549.1859 	EXP 	Sound  started
549.8657 	DATA 	Keypress: rctrl
549.9359 	EXP 	Sound  started
550.6860 	EXP 	Sound  started
550.9058 	DATA 	Keypress: lctrl
551.3858 	DATA 	Keypress: lctrl
551.4360 	EXP 	Sound  started
552.1860 	EXP 	Sound  started
552.9218 	DATA 	Keypress: rctrl
552.9360 	EXP 	Sound  started
553.6860 	EXP 	Sound  started
554.4360 	EXP 	Sound  started
554.4578 	DATA 	Keypress: lctrl
555.1860 	EXP 	Sound  started
555.9360 	EXP 	Sound  started
556.6861 	EXP 	Sound  started
557.4361 	EXP 	Sound  started
558.1861 	EXP 	Sound  started
560.9544 	DATA 	Keypress: 3
560.9837 	EXP 	unnamed ShapeStim: vertices = <class 'numpy.ndarray'>
563.5532 	DATA 	Keypress: 3
563.5697 	EXP 	unnamed ShapeStim: vertices = <class 'numpy.ndarray'>
568.3233 	DATA 	Keypress: 3
568.3398 	EXP 	unnamed ShapeStim: vertices = <class 'numpy.ndarray'>
570.6249 	EXP 	Sound  started
571.3749 	EXP 	Sound  started
571.4498 	DATA 	Keypress: lctrl
572.0417 	DATA 	Keypress: rctrl
572.1249 	EXP 	Sound  started
572.7617 	DATA 	Keypress: lctrl
572.8749 	EXP 	Sound  started
573.4497 	DATA 	Keypress: rctrl
573.6249 	EXP 	Sound  started
574.2177 	DATA 	Keypress: lctrl
574.3750 	EXP 	Sound  started
574.9377 	DATA 	Keypress: rctrl
575.1250 	EXP 	Sound  started
575.6897 	DATA 	Keypress: lctrl
575.8750 	EXP 	Sound  started
576.4418 	DATA 	Keypress: rctrl
576.6250 	EXP 	Sound  started
577.2578 	DATA 	Keypress: lctrl
577.3750 	EXP 	Sound  started
578.1250 	EXP 	Sound  started
578.1537 	DATA 	Keypress: lctrl
578.8751 	EXP 	Sound  started
578.8897 	DATA 	Keypress: rctrl
579.6251 	EXP 	Sound  started
579.7377 	DATA 	Keypress: lctrl
580.3137 	DATA 	Keypress: lctrl
580.3751 	EXP 	Sound  started
581.0177 	DATA 	Keypress: lctrl
581.1251 	EXP 	Sound  started
581.7697 	DATA 	Keypress: rctrl
581.8751 	EXP 	Sound  started
582.4897 	DATA 	Keypress: lctrl
582.6251 	EXP 	Sound  started
583.2577 	DATA 	Keypress: rctrl
583.3751 	EXP 	Sound  started
584.0257 	DATA 	Keypress: lctrl
584.1251 	EXP 	Sound  started
584.7138 	DATA 	Keypress: lctrl
584.8752 	EXP 	Sound  started
585.4657 	DATA 	Keypress: lctrl
585.6252 	EXP 	Sound  started
586.1857 	DATA 	Keypress: rctrl
586.3752 	EXP 	Sound  started
586.9217 	DATA 	Keypress: lctrl
587.1252 	EXP 	Sound  started
587.7698 	DATA 	Keypress: lctrl
587.8752 	EXP 	Sound  started
588.5057 	DATA 	Keypress: lctrl
588.6252 	EXP 	Sound  started
589.2738 	DATA 	Keypress: rctrl
589.3752 	EXP 	Sound  started
589.9457 	DATA 	Keypress: lctrl
590.1252 	EXP 	Sound  started
590.7297 	DATA 	Keypress: lctrl
590.8753 	EXP 	Sound  started
591.6253 	EXP 	Sound  started
591.8337 	DATA 	Keypress: rctrl
592.3753 	EXP 	Sound  started
592.3778 	DATA 	Keypress: rctrl
593.0817 	DATA 	Keypress: rctrl
593.1253 	EXP 	Sound  started
593.7857 	DATA 	Keypress: lctrl
593.8753 	EXP 	Sound  started
594.4737 	DATA 	Keypress: rctrl
594.6253 	EXP 	Sound  started
595.1937 	DATA 	Keypress: rctrl
595.3753 	EXP 	Sound  started
595.9777 	DATA 	Keypress: rctrl
596.1254 	EXP 	Sound  started
596.6817 	DATA 	Keypress: lctrl
596.8754 	EXP 	Sound  started
597.4818 	DATA 	Keypress: rctrl
597.6254 	EXP 	Sound  started
598.2498 	DATA 	Keypress: rctrl
598.3754 	EXP 	Sound  started
598.9857 	DATA 	Keypress: rctrl
599.1254 	EXP 	Sound  started
599.8754 	EXP 	Sound  started
599.9298 	DATA 	Keypress: lctrl
600.6177 	DATA 	Keypress: rctrl
600.6255 	EXP 	Sound  started
601.2898 	DATA 	Keypress: lctrl
601.3755 	EXP 	Sound  started
602.0737 	DATA 	Keypress: rctrl
602.1255 	EXP 	Sound  started
602.8755 	EXP 	Sound  started
603.0817 	DATA 	Keypress: lctrl
603.6255 	EXP 	Sound  started
604.3297 	DATA 	Keypress: lctrl
604.3755 	EXP 	Sound  started
605.0658 	DATA 	Keypress: lctrl
605.1255 	EXP 	Sound  started
605.8755 	EXP 	Sound  started
606.1857 	DATA 	Keypress: rctrl
606.6256 	EXP 	Sound  started
606.8257 	DATA 	Keypress: lctrl
607.3377 	DATA 	Keypress: rctrl
607.3756 	EXP 	Sound  started
608.0257 	DATA 	Keypress: lctrl
608.1256 	EXP 	Sound  started
608.7297 	DATA 	Keypress: lctrl
608.8756 	EXP 	Sound  started
609.5457 	DATA 	Keypress: lctrl
609.6256 	EXP 	Sound  started
610.2017 	DATA 	Keypress: lctrl
610.3756 	EXP 	Sound  started
610.9218 	DATA 	Keypress: rctrl
611.1257 	EXP 	Sound  started
611.6897 	DATA 	Keypress: rctrl
611.8757 	EXP 	Sound  started
612.4097 	DATA 	Keypress: lctrl
612.6257 	EXP 	Sound  started
613.2097 	DATA 	Keypress: lctrl
613.3757 	EXP 	Sound  started
613.9777 	DATA 	Keypress: lctrl
614.1257 	EXP 	Sound  started
614.8757 	EXP 	Sound  started
615.1777 	DATA 	Keypress: rctrl
615.6257 	EXP 	Sound  started
615.7217 	DATA 	Keypress: lctrl
616.3757 	EXP 	Sound  started
616.4577 	DATA 	Keypress: rctrl
617.1257 	EXP 	Sound  started
617.1777 	DATA 	Keypress: rctrl
617.8758 	EXP 	Sound  started
618.6258 	EXP 	Sound  started
618.6657 	DATA 	Keypress: rctrl
619.3758 	EXP 	Sound  started
620.1258 	EXP 	Sound  started
620.1538 	DATA 	Keypress: rctrl
620.8737 	DATA 	Keypress: rctrl
620.8758 	EXP 	Sound  started
621.6257 	DATA 	Keypress: lctrl
621.6259 	EXP 	Sound  started
622.2977 	DATA 	Keypress: rctrl
622.3759 	EXP 	Sound  started
623.0657 	DATA 	Keypress: lctrl
623.1259 	EXP 	Sound  started
623.7857 	DATA 	Keypress: rctrl
623.8760 	EXP 	Sound  started
624.6260 	EXP 	Sound  started
625.3760 	EXP 	Sound  started
625.4177 	DATA 	Keypress: rctrl
626.1260 	EXP 	Sound  started
626.1857 	DATA 	Keypress: lctrl
626.8737 	DATA 	Keypress: rctrl
626.8760 	EXP 	Sound  started
627.8393 	DATA 	Keypress: lctrl
630.6910 	DATA 	Keypress: 3
630.7075 	EXP 	unnamed ShapeStim: vertices = <class 'numpy.ndarray'>
636.2456 	DATA 	Keypress: 2
636.2622 	EXP 	unnamed ShapeStim: vertices = <class 'numpy.ndarray'>
640.6827 	DATA 	Keypress: 1
640.6991 	EXP 	unnamed ShapeStim: vertices = <class 'numpy.ndarray'>
642.9831 	EXP 	Sound  started
642.9833 	DATA 	Keypress: rctrl
643.5137 	DATA 	Keypress: lctrl
643.7331 	EXP 	Sound  started
644.2977 	DATA 	Keypress: rctrl
644.4831 	EXP 	Sound  started
645.0338 	DATA 	Keypress: lctrl
645.2331 	EXP 	Sound  started
645.7217 	DATA 	Keypress: rctrl
645.9832 	EXP 	Sound  started
646.5057 	DATA 	Keypress: lctrl
646.7332 	EXP 	Sound  started
647.2097 	DATA 	Keypress: rctrl
647.4832 	EXP 	Sound  started
647.9617 	DATA 	Keypress: lctrl
648.2332 	EXP 	Sound  started
648.6338 	DATA 	Keypress: rctrl
648.9832 	EXP 	Sound  started
649.4817 	DATA 	Keypress: lctrl
649.7332 	EXP 	Sound  started
650.2177 	DATA 	Keypress: lctrl
650.4832 	EXP 	Sound  started
650.9057 	DATA 	Keypress: rctrl
651.2332 	EXP 	Sound  started
651.6418 	DATA 	Keypress: lctrl
651.9833 	EXP 	Sound  started
652.3778 	DATA 	Keypress: rctrl
652.7333 	EXP 	Sound  started
653.1137 	DATA 	Keypress: lctrl
653.4833 	EXP 	Sound  started
653.8337 	DATA 	Keypress: lctrl
654.2333 	EXP 	Sound  started
654.6178 	DATA 	Keypress: rctrl
654.9833 	EXP 	Sound  started
655.4017 	DATA 	Keypress: lctrl
655.7333 	EXP 	Sound  started
656.2177 	DATA 	Keypress: rctrl
656.4833 	EXP 	Sound  started
657.0178 	DATA 	Keypress: lctrl
657.2334 	EXP 	Sound  started
657.7377 	DATA 	Keypress: rctrl
657.9834 	EXP 	Sound  started
658.5218 	DATA 	Keypress: rctrl
658.7334 	EXP 	Sound  started
659.3058 	DATA 	Keypress: rctrl
659.4834 	EXP 	Sound  started
660.0258 	DATA 	Keypress: lctrl
660.2334 	EXP 	Sound  started
660.7777 	DATA 	Keypress: rctrl
660.9834 	EXP 	Sound  started
661.6737 	DATA 	Keypress: rctrl
661.7335 	EXP 	Sound  started
662.3458 	DATA 	Keypress: rctrl
662.4835 	EXP 	Sound  started
663.0977 	DATA 	Keypress: lctrl
663.2335 	EXP 	Sound  started
663.7698 	DATA 	Keypress: rctrl
663.9835 	EXP 	Sound  started
664.7335 	EXP 	Sound  started
664.8578 	DATA 	Keypress: rctrl
665.4177 	DATA 	Keypress: rctrl
665.4835 	EXP 	Sound  started
666.1057 	DATA 	Keypress: lctrl
666.2335 	EXP 	Sound  started
666.8097 	DATA 	Keypress: rctrl
666.9836 	EXP 	Sound  started
667.5938 	DATA 	Keypress: rctrl
667.7336 	EXP 	Sound  started
668.3298 	DATA 	Keypress: rctrl
668.4836 	EXP 	Sound  started
669.1617 	DATA 	Keypress: lctrl
669.2336 	EXP 	Sound  started
669.9778 	DATA 	Keypress: rctrl
669.9836 	EXP 	Sound  started
670.6817 	DATA 	Keypress: lctrl
670.7336 	EXP 	Sound  started
671.4837 	EXP 	Sound  started
672.1698 	DATA 	Keypress: lctrl
672.2337 	EXP 	Sound  started
672.9837 	EXP 	Sound  started
673.7337 	EXP 	Sound  started
674.4578 	DATA 	Keypress: rctrl
674.4837 	EXP 	Sound  started
675.2097 	DATA 	Keypress: lctrl
675.2337 	EXP 	Sound  started
675.9457 	DATA 	Keypress: rctrl
675.9837 	EXP 	Sound  started
676.7337 	EXP 	Sound  started
677.4838 	EXP 	Sound  started
678.2338 	EXP 	Sound  started
678.2657 	DATA 	Keypress: rctrl
678.9838 	EXP 	Sound  started
679.2098 	DATA 	Keypress: lctrl
679.6897 	DATA 	Keypress: rctrl
679.7338 	EXP 	Sound  started
680.4577 	DATA 	Keypress: lctrl
680.4838 	EXP 	Sound  started
681.1617 	DATA 	Keypress: rctrl
681.2338 	EXP 	Sound  started
681.8818 	DATA 	Keypress: lctrl
681.9839 	EXP 	Sound  started
682.6497 	DATA 	Keypress: rctrl
682.7338 	EXP 	Sound  started
683.3537 	DATA 	Keypress: lctrl
683.4839 	EXP 	Sound  started
684.0898 	DATA 	Keypress: rctrl
684.2339 	EXP 	Sound  started
684.8097 	DATA 	Keypress: lctrl
684.9839 	EXP 	Sound  started
685.7339 	EXP 	Sound  started
686.4839 	EXP 	Sound  started
687.1938 	DATA 	Keypress: rctrl
687.2339 	EXP 	Sound  started
687.9839 	EXP 	Sound  started
688.1377 	DATA 	Keypress: lctrl
688.7340 	EXP 	Sound  started
688.7617 	DATA 	Keypress: rctrl
689.4497 	DATA 	Keypress: lctrl
689.4840 	EXP 	Sound  started
690.2017 	DATA 	Keypress: lctrl
690.2340 	EXP 	Sound  started
690.9840 	EXP 	Sound  started
691.7340 	EXP 	Sound  started
692.3457 	DATA 	Keypress: rctrl
692.4840 	EXP 	Sound  started
693.2340 	EXP 	Sound  started
693.2417 	DATA 	Keypress: lctrl
693.8177 	DATA 	Keypress: rctrl
693.9841 	EXP 	Sound  started
694.5697 	DATA 	Keypress: lctrl
694.7341 	EXP 	Sound  started
695.2417 	DATA 	Keypress: rctrl
695.4841 	EXP 	Sound  started
696.1377 	DATA 	Keypress: lctrl
696.2341 	EXP 	Sound  started
696.8738 	DATA 	Keypress: rctrl
696.9841 	EXP 	Sound  started
697.5938 	DATA 	Keypress: lctrl
697.7341 	EXP 	Sound  started
700.6023 	DATA 	Keypress: 3
700.6316 	EXP 	unnamed ShapeStim: vertices = <class 'numpy.ndarray'>
705.3562 	DATA 	Keypress: 1
705.3855 	EXP 	unnamed ShapeStim: vertices = <class 'numpy.ndarray'>
709.2260 	DATA 	Keypress: 3
709.2554 	EXP 	unnamed ShapeStim: vertices = <class 'numpy.ndarray'>
711.5396 	EXP 	Sound  started
711.5398 	DATA 	Keypress: rctrl
712.0898 	DATA 	Keypress: lctrl
712.2896 	EXP 	Sound  started
712.7777 	DATA 	Keypress: rctrl
713.0396 	EXP 	Sound  started
713.5617 	DATA 	Keypress: lctrl
713.7896 	EXP 	Sound  started
714.2497 	DATA 	Keypress: rctrl
714.5396 	EXP 	Sound  started
715.0338 	DATA 	Keypress: lctrl
715.2896 	EXP 	Sound  started
715.7217 	DATA 	Keypress: rctrl
716.0396 	EXP 	Sound  started
716.4738 	DATA 	Keypress: lctrl
716.7897 	EXP 	Sound  started
717.2417 	DATA 	Keypress: rctrl
717.5397 	EXP 	Sound  started
717.9138 	DATA 	Keypress: rctrl
718.2897 	EXP 	Sound  started
718.6817 	DATA 	Keypress: lctrl
719.0397 	EXP 	Sound  started
719.4498 	DATA 	Keypress: rctrl
719.7897 	EXP 	Sound  started
720.1697 	DATA 	Keypress: rctrl
720.5397 	EXP 	Sound  started
720.9218 	DATA 	Keypress: rctrl
721.2897 	EXP 	Sound  started
721.6257 	DATA 	Keypress: lctrl
722.0398 	EXP 	Sound  started
722.4418 	DATA 	Keypress: rctrl
722.7898 	EXP 	Sound  started
723.2897 	DATA 	Keypress: rctrl
723.5398 	EXP 	Sound  started
723.9297 	DATA 	Keypress: rctrl
724.2898 	EXP 	Sound  started
724.6498 	DATA 	Keypress: lctrl
725.0398 	EXP 	Sound  started
725.4017 	DATA 	Keypress: rctrl
725.7898 	EXP 	Sound  started
726.2817 	DATA 	Keypress: rctrl
726.5398 	EXP 	Sound  started
726.9698 	DATA 	Keypress: rctrl
727.2898 	EXP 	Sound  started
727.7377 	DATA 	Keypress: lctrl
728.0399 	EXP 	Sound  started
728.4258 	DATA 	Keypress: rctrl
728.7899 	EXP 	Sound  started
729.2897 	DATA 	Keypress: rctrl
729.5399 	EXP 	Sound  started
729.9938 	DATA 	Keypress: rctrl
730.2899 	EXP 	Sound  started
730.7617 	DATA 	Keypress: lctrl
731.0399 	EXP 	Sound  started
731.4977 	DATA 	Keypress: rctrl
731.7899 	EXP 	Sound  started
732.2817 	DATA 	Keypress: rctrl
732.5399 	EXP 	Sound  started
733.1297 	DATA 	Keypress: lctrl
733.2899 	EXP 	Sound  started
733.9458 	DATA 	Keypress: rctrl
734.0400 	EXP 	Sound  started
734.5857 	DATA 	Keypress: lctrl
734.7900 	EXP 	Sound  started
735.5400 	EXP 	Sound  started
735.6097 	DATA 	Keypress: rctrl
736.1057 	DATA 	Keypress: lctrl
736.2900 	EXP 	Sound  started
736.8417 	DATA 	Keypress: lctrl
737.0400 	EXP 	Sound  started
737.6737 	DATA 	Keypress: lctrl
737.7900 	EXP 	Sound  started
738.3938 	DATA 	Keypress: rctrl
738.5401 	EXP 	Sound  started
739.0657 	DATA 	Keypress: lctrl
739.2901 	EXP 	Sound  started
739.8177 	DATA 	Keypress: lctrl
740.0401 	EXP 	Sound  started
740.5698 	DATA 	Keypress: lctrl
740.7901 	EXP 	Sound  started
741.3697 	DATA 	Keypress: rctrl
741.5401 	EXP 	Sound  started
742.1057 	DATA 	Keypress: lctrl
742.2901 	EXP 	Sound  started
742.8897 	DATA 	Keypress: rctrl
743.0401 	EXP 	Sound  started
743.6737 	DATA 	Keypress: lctrl
743.7901 	EXP 	Sound  started
744.4257 	DATA 	Keypress: rctrl
744.5402 	EXP 	Sound  started
745.1617 	DATA 	Keypress: lctrl
745.2902 	EXP 	Sound  started
745.9458 	DATA 	Keypress: rctrl
746.0402 	EXP 	Sound  started
746.6657 	DATA 	Keypress: lctrl
746.7902 	EXP 	Sound  started
747.4658 	DATA 	Keypress: rctrl
747.5402 	EXP 	Sound  started
748.2902 	EXP 	Sound  started
748.2978 	DATA 	Keypress: lctrl
749.0402 	EXP 	Sound  started
749.7903 	EXP 	Sound  started
750.0097 	DATA 	Keypress: lctrl
750.5057 	DATA 	Keypress: rctrl
750.5403 	EXP 	Sound  started
751.2903 	EXP 	Sound  started
751.4017 	DATA 	Keypress: lctrl
751.9617 	DATA 	Keypress: lctrl
752.0403 	EXP 	Sound  started
752.6817 	DATA 	Keypress: rctrl
752.7903 	EXP 	Sound  started
753.4657 	DATA 	Keypress: rctrl
753.5403 	EXP 	Sound  started
754.2497 	DATA 	Keypress: lctrl
754.2903 	EXP 	Sound  started
754.9057 	DATA 	Keypress: rctrl
755.0404 	EXP 	Sound  started
755.7904 	EXP 	Sound  started
756.5058 	DATA 	Keypress: rctrl
756.5404 	EXP 	Sound  started
757.1937 	DATA 	Keypress: lctrl
757.2904 	EXP 	Sound  started
757.9298 	DATA 	Keypress: lctrl
758.0404 	EXP 	Sound  started
758.6177 	DATA 	Keypress: rctrl
758.7904 	EXP 	Sound  started
759.3697 	DATA 	Keypress: rctrl
759.5404 	EXP 	Sound  started
760.0418 	DATA 	Keypress: rctrl
760.2904 	EXP 	Sound  started
760.7777 	DATA 	Keypress: rctrl
761.0404 	EXP 	Sound  started
761.7905 	EXP 	Sound  started
762.5405 	EXP 	Sound  started
762.5857 	DATA 	Keypress: lctrl
763.2417 	DATA 	Keypress: lctrl
763.2905 	EXP 	Sound  started
763.9937 	DATA 	Keypress: lctrl
764.0405 	EXP 	Sound  started
764.7905 	EXP 	Sound  started
765.5405 	EXP 	Sound  started
766.2178 	DATA 	Keypress: rctrl
766.2905 	EXP 	Sound  started
766.9378 	DATA 	Keypress: rctrl
767.0405 	EXP 	Sound  started
767.7217 	DATA 	Keypress: lctrl
767.7906 	EXP 	Sound  started
768.4417 	DATA 	Keypress: rctrl
768.5406 	EXP 	Sound  started
769.2257 	DATA 	Keypress: lctrl
769.2906 	EXP 	Sound  started
770.0406 	EXP 	Sound  started
770.1538 	DATA 	Keypress: rctrl
772.7948 	DATA 	Keypress: 3
772.8242 	EXP 	unnamed ShapeStim: vertices = <class 'numpy.ndarray'>
779.8301 	DATA 	Keypress: 2
779.8466 	EXP 	unnamed ShapeStim: vertices = <class 'numpy.ndarray'>
783.7872 	DATA 	Keypress: 1
783.8165 	EXP 	unnamed ShapeStim: vertices = <class 'numpy.ndarray'>
788.1189 	DATA 	Keypress: rctrl
979.7059 	DATA 	Keypress: return
979.7673 	EXP 	window1: mouseVisible = True
