48.4706 	WARNING 	User requested fullscreen with size [1024  768], but screen is actually [1920, 1200]. Using actual size
49.2945 	EXP 	Created window1 = Window(allowGUI=False, allowStencil=False, autoLog=True, backendConf=UNKNOWN, bitsMode=UNKNOWN, blendMode='avg', bpc=(8, 8, 8), color=array([0, 0, 0]), colorSpace='rgb', depthBits=8, fullscr=<method-wrapper '__getattribute__' of attributeSetter object at 0x000001CDE6CA67B8>, gamma=None, gammaErrorPolicy='raise', lms=UNKNOWN, monitor=<psychopy.monitors.calibTools.Monitor object at 0x000001CDE83E40B8>, multiSample=False, name='window1', numSamples=2, pos=[0.0, 0.0], screen=0, size=array([1920, 1200]), stencilBits=0, stereo=False, units='norm', useFBO=True, useRetina=False, viewOri=0.0, viewPos=None, viewScale=None, waitBlanking=True, winType='pyglet')
49.2949 	EXP 	window1: mouseVisible = True
49.2949 	EXP 	window1: mouseVisible = False
49.2949 	EXP 	window1: recordFrameIntervals = False
49.4610 	EXP 	window1: recordFrameIntervals = True
49.6446 	EXP 	window1: recordFrameIntervals = False
49.6989 	EXP 	Created text = TextStim(__class__=<class 'psychopy.visual.text.TextStim'>, alignHoriz=method-wrapper(...), alignText='center', alignVert=method-wrapper(...), anchorHoriz='center', anchorVert='center', antialias=True, autoLog=True, bold=False, color=array([1., 1., 1.]), colorSpace='rgb', contrast=1.0, depth=0.0, flipHoriz=False, flipVert=False, font='Arial', fontFiles=[], height=0.15, italic=False, languageStyle='LTR', name='text', opacity=1, ori=0, pos=array([0., 0.]), rgb=UNKNOWN, text='+', units='norm', win=Window(...), wrapWidth=1)
49.7187 	EXP 	Created text = TextStim(__class__=<class 'psychopy.visual.text.TextStim'>, alignHoriz=method-wrapper(...), alignText='center', alignVert=method-wrapper(...), anchorHoriz='center', anchorVert='center', antialias=True, autoLog=True, bold=False, color=array([1., 1., 1.]), colorSpace='rgb', contrast=1.0, depth=0.0, flipHoriz=False, flipVert=False, font='Arial', fontFiles=[], height=0.07, italic=False, languageStyle='LTR', name='text', opacity=1, ori=0, pos=array([0., 0.]), rgb=UNKNOWN, text=str(...), units='norm', win=Window(...), wrapWidth=1.65)
49.7276 	EXP 	Created text = TextStim(__class__=<class 'psychopy.visual.text.TextStim'>, alignHoriz=method-wrapper(...), alignText='center', alignVert=method-wrapper(...), anchorHoriz='center', anchorVert='center', antialias=True, autoLog=True, bold=False, color=array([1., 1., 1.]), colorSpace='rgb', contrast=1.0, depth=0.0, flipHoriz=False, flipVert=False, font='Arial', fontFiles=[], height=0.07, italic=False, languageStyle='LTR', name='text', opacity=1, ori=0, pos=array([0., 0.]), rgb=UNKNOWN, text=str(...), units='norm', win=Window(...), wrapWidth=1.65)
49.7365 	EXP 	Created text = TextStim(__class__=<class 'psychopy.visual.text.TextStim'>, alignHoriz=method-wrapper(...), alignText='center', alignVert=method-wrapper(...), anchorHoriz='center', anchorVert='center', antialias=True, autoLog=True, bold=False, color=array([1., 1., 1.]), colorSpace='rgb', contrast=1.0, depth=0.0, flipHoriz=False, flipVert=False, font='Arial', fontFiles=[], height=0.07, italic=False, languageStyle='LTR', name='text', opacity=1, ori=0, pos=array([0., 0.]), rgb=UNKNOWN, text=str(...), units='norm', win=Window(...), wrapWidth=1.65)
49.7466 	EXP 	Created text = TextStim(__class__=<class 'psychopy.visual.text.TextStim'>, alignHoriz=method-wrapper(...), alignText='center', alignVert=method-wrapper(...), anchorHoriz='center', anchorVert='center', antialias=True, autoLog=True, bold=False, color=array([1., 1., 1.]), colorSpace='rgb', contrast=1.0, depth=0.0, flipHoriz=False, flipVert=False, font='Arial', fontFiles=[], height=0.07, italic=False, languageStyle='LTR', name='text', opacity=1, ori=0, pos=array([0., 0.]), rgb=UNKNOWN, text=str(...), units='norm', win=Window(...), wrapWidth=1.65)
49.7527 	EXP 	Created text = TextStim(__class__=<class 'psychopy.visual.text.TextStim'>, alignHoriz=method-wrapper(...), alignText='center', alignVert=method-wrapper(...), anchorHoriz='center', anchorVert='center', antialias=True, autoLog=True, bold=False, color=array([1., 1., 1.]), colorSpace='rgb', contrast=1.0, depth=0.0, flipHoriz=False, flipVert=False, font='Arial', fontFiles=[], height=0.07, italic=False, languageStyle='LTR', name='text', opacity=1, ori=0, pos=array([0., 0.]), rgb=UNKNOWN, text=str(...), units='norm', win=Window(...), wrapWidth=1.65)
49.7670 	EXP 	Created text = TextStim(__class__=<class 'psychopy.visual.text.TextStim'>, alignHoriz=method-wrapper(...), alignText='center', alignVert=method-wrapper(...), anchorHoriz='center', anchorVert='center', antialias=True, autoLog=True, bold=False, color=array([1., 1., 1.]), colorSpace='rgb', contrast=1.0, depth=0.0, flipHoriz=False, flipVert=False, font='Arial', fontFiles=[], height=0.15, italic=False, languageStyle='LTR', name='text', opacity=1, ori=0, pos=array([0., 0.]), rgb=UNKNOWN, text=str(...), units='norm', win=Window(...), wrapWidth=1.65)
49.7957 	EXP 	Created text = TextStim(__class__=<class 'psychopy.visual.text.TextStim'>, alignHoriz=method-wrapper(...), alignText='center', alignVert=method-wrapper(...), anchorHoriz='center', anchorVert='center', antialias=True, autoLog=True, bold=False, color=array([1., 1., 1.]), colorSpace='rgb', contrast=1.0, depth=0.0, flipHoriz=False, flipVert=False, font='Arial', fontFiles=[], height=0.07, italic=False, languageStyle='LTR', name='text', opacity=1, ori=0, pos=array([0., 0.]), rgb=UNKNOWN, text=str(...), units='norm', win=Window(...), wrapWidth=1.65)
49.8162 	EXP 	Created text = TextStim(__class__=<class 'psychopy.visual.text.TextStim'>, alignHoriz=method-wrapper(...), alignText='center', alignVert=method-wrapper(...), anchorHoriz='center', anchorVert='center', antialias=True, autoLog=True, bold=False, color=array([1., 1., 1.]), colorSpace='rgb', contrast=1.0, depth=0.0, flipHoriz=False, flipVert=False, font='Arial', fontFiles=[], height=0.07, italic=False, languageStyle='LTR', name='text', opacity=1, ori=0, pos=array([0., 0.]), rgb=UNKNOWN, text=str(...), units='norm', win=Window(...), wrapWidth=1.65)
49.8460 	EXP 	Created text = TextStim(__class__=<class 'psychopy.visual.text.TextStim'>, alignHoriz=method-wrapper(...), alignText='center', alignVert=method-wrapper(...), anchorHoriz='center', anchorVert='center', antialias=True, autoLog=True, bold=False, color=array([1., 1., 1.]), colorSpace='rgb', contrast=1.0, depth=0.0, flipHoriz=False, flipVert=False, font='Arial', fontFiles=[], height=0.07, italic=False, languageStyle='LTR', name='text', opacity=1, ori=0, pos=array([0., 0.]), rgb=UNKNOWN, text=str(...), units='norm', win=Window(...), wrapWidth=1.65)
49.8697 	EXP 	Created text = TextStim(__class__=<class 'psychopy.visual.text.TextStim'>, alignHoriz=method-wrapper(...), alignText='center', alignVert=method-wrapper(...), anchorHoriz='center', anchorVert='center', antialias=True, autoLog=True, bold=False, color=array([1., 1., 1.]), colorSpace='rgb', contrast=1.0, depth=0.0, flipHoriz=False, flipVert=False, font='Arial', fontFiles=[], height=0.07, italic=False, languageStyle='LTR', name='text', opacity=1, ori=0, pos=array([0., 0.]), rgb=UNKNOWN, text=str(...), units='norm', win=Window(...), wrapWidth=1.65)
49.8990 	EXP 	Created text = TextStim(__class__=<class 'psychopy.visual.text.TextStim'>, alignHoriz=method-wrapper(...), alignText='center', alignVert=method-wrapper(...), anchorHoriz='center', anchorVert='center', antialias=True, autoLog=True, bold=False, color=array([1., 1., 1.]), colorSpace='rgb', contrast=1.0, depth=0.0, flipHoriz=False, flipVert=False, font='Arial', fontFiles=[], height=0.07, italic=False, languageStyle='LTR', name='text', opacity=1, ori=0, pos=array([0., 0.]), rgb=UNKNOWN, text=str(...), units='norm', win=Window(...), wrapWidth=1.65)
49.9096 	EXP 	Created text = TextStim(__class__=<class 'psychopy.visual.text.TextStim'>, alignHoriz=method-wrapper(...), alignText='center', alignVert=method-wrapper(...), anchorHoriz='center', anchorVert='center', antialias=True, autoLog=True, bold=False, color=array([1., 1., 1.]), colorSpace='rgb', contrast=1.0, depth=0.0, flipHoriz=False, flipVert=False, font='Arial', fontFiles=[], height=0.07, italic=False, languageStyle='LTR', name='text', opacity=1, ori=0, pos=array([0., 0.]), rgb=UNKNOWN, text=str(...), units='norm', win=Window(...), wrapWidth=1.65)
49.9220 	EXP 	Created text = TextStim(__class__=<class 'psychopy.visual.text.TextStim'>, alignHoriz=method-wrapper(...), alignText='center', alignVert=method-wrapper(...), anchorHoriz='center', anchorVert='center', antialias=True, autoLog=True, bold=False, color=array([1., 1., 1.]), colorSpace='rgb', contrast=1.0, depth=0.0, flipHoriz=False, flipVert=False, font='Arial', fontFiles=[], height=0.07, italic=False, languageStyle='LTR', name='text', opacity=1, ori=0, pos=array([0., 0.]), rgb=UNKNOWN, text=str(...), units='norm', win=Window(...), wrapWidth=1.65)
49.9263 	EXP 	Created instru = TextStim(__class__=<class 'psychopy.visual.text.TextStim'>, alignHoriz=method-wrapper(...), alignText='center', alignVert=method-wrapper(...), anchorHoriz='center', anchorVert='center', antialias=True, autoLog=True, bold=False, color=array([1., 1., 1.]), colorSpace='rgb', contrast=1.0, depth=0.0, flipHoriz=False, flipVert=False, font='Arial', fontFiles=[], height=0.07, italic=False, languageStyle='LTR', name='instru', opacity=1, ori=0, pos=array([0. , 0.5]), rgb=UNKNOWN, text=str(...), units='norm', win=Window(...), wrapWidth=1)
49.9288 	EXP 	Created unnamed Line = Line(__class__=<class 'psychopy.visual.line.Line'>, autoDraw=False, autoLog=True, closeShape=False, color=array([1., 1., 1.]), colorSpace='rgb', contrast=None, depth=0, fillColor=array([0, 0, 0]), fillColorSpace='rgb', fillRGB=array([0, 0, 0]), interpolate=True, lineColor=array([1., 1., 1.]), lineColorSpace='rgb', lineRGB=array([1, 1, 1]), lineWidth=5, name='unnamed Line', opacity=0.5, ori=0.0, pos=array([0., 0.]), size=array([1., 1.]), units='norm', vertices=array([[-0.5,  0. ],
       [ 0.5,  0. ]]), win=Window(...), windingRule=None)
49.9308 	EXP 	Created unnamed Line = Line(__class__=<class 'psychopy.visual.line.Line'>, autoDraw=False, autoLog=True, closeShape=False, color=array([1., 1., 1.]), colorSpace='rgb', contrast=None, depth=0, fillColor=array([0, 0, 0]), fillColorSpace='rgb', fillRGB=array([0, 0, 0]), interpolate=True, lineColor=array([1., 1., 1.]), lineColorSpace='rgb', lineRGB=array([1, 1, 1]), lineWidth=3, name='unnamed Line', opacity=0.5, ori=0.0, pos=array([0., 0.]), size=array([1., 1.]), units='norm', vertices=array([[-0.5 , -0.05],
       [-0.5 ,  0.05]]), win=Window(...), windingRule=None)
49.9328 	EXP 	Created unnamed Line = Line(__class__=<class 'psychopy.visual.line.Line'>, autoDraw=False, autoLog=True, closeShape=False, color=array([1., 1., 1.]), colorSpace='rgb', contrast=None, depth=0, fillColor=array([0, 0, 0]), fillColorSpace='rgb', fillRGB=array([0, 0, 0]), interpolate=True, lineColor=array([1., 1., 1.]), lineColorSpace='rgb', lineRGB=array([1, 1, 1]), lineWidth=3, name='unnamed Line', opacity=0.5, ori=0.0, pos=array([0., 0.]), size=array([1., 1.]), units='norm', vertices=ndarray(...), win=Window(...), windingRule=None)
49.9347 	EXP 	Created unnamed Line = Line(__class__=<class 'psychopy.visual.line.Line'>, autoDraw=False, autoLog=True, closeShape=False, color=array([1., 1., 1.]), colorSpace='rgb', contrast=None, depth=0, fillColor=array([0, 0, 0]), fillColorSpace='rgb', fillRGB=array([0, 0, 0]), interpolate=True, lineColor=array([1., 1., 1.]), lineColorSpace='rgb', lineRGB=array([1, 1, 1]), lineWidth=3, name='unnamed Line', opacity=0.5, ori=0.0, pos=array([0., 0.]), size=array([1., 1.]), units='norm', vertices=ndarray(...), win=Window(...), windingRule=None)
49.9367 	EXP 	Created unnamed Line = Line(__class__=<class 'psychopy.visual.line.Line'>, autoDraw=False, autoLog=True, closeShape=False, color=array([1., 1., 1.]), colorSpace='rgb', contrast=None, depth=0, fillColor=array([0, 0, 0]), fillColorSpace='rgb', fillRGB=array([0, 0, 0]), interpolate=True, lineColor=array([1., 1., 1.]), lineColorSpace='rgb', lineRGB=array([1, 1, 1]), lineWidth=3, name='unnamed Line', opacity=0.5, ori=0.0, pos=array([0., 0.]), size=array([1., 1.]), units='norm', vertices=array([[ 0.5 , -0.05],
       [ 0.5 ,  0.05]]), win=Window(...), windingRule=None)
49.9503 	EXP 	Created unnamed TextStim = TextStim(__class__=<class 'psychopy.visual.text.TextStim'>, alignHoriz=method-wrapper(...), alignText='center', alignVert=method-wrapper(...), anchorHoriz='center', anchorVert='center', antialias=True, autoLog=True, bold=False, color=array([1., 1., 1.]), colorSpace='rgb', contrast=1.0, depth=0, flipHoriz=False, flipVert=False, font='', fontFiles=[], height=0.05, italic=False, languageStyle='LTR', name='unnamed TextStim', opacity=1.0, ori=0.0, pos=array([-0.5, -0.1]), rgb=UNKNOWN, text='Helt klart \n IKKE FOKUSERT', units='norm', win=Window(...), wrapWidth=1)
49.9514 	EXP 	Created unnamed TextStim = TextStim(__class__=<class 'psychopy.visual.text.TextStim'>, alignHoriz=method-wrapper(...), alignText='center', alignVert=method-wrapper(...), anchorHoriz='center', anchorVert='center', antialias=True, autoLog=True, bold=False, color=array([1., 1., 1.]), colorSpace='rgb', contrast=1.0, depth=0, flipHoriz=False, flipVert=False, font='', fontFiles=[], height=0.05, italic=False, languageStyle='LTR', name='unnamed TextStim', opacity=1.0, ori=0.0, pos=array([-0.16666667, -0.1       ]), rgb=UNKNOWN, text='', units='norm', win=Window(...), wrapWidth=1)
49.9525 	EXP 	Created unnamed TextStim = TextStim(__class__=<class 'psychopy.visual.text.TextStim'>, alignHoriz=method-wrapper(...), alignText='center', alignVert=method-wrapper(...), anchorHoriz='center', anchorVert='center', antialias=True, autoLog=True, bold=False, color=array([1., 1., 1.]), colorSpace='rgb', contrast=1.0, depth=0, flipHoriz=False, flipVert=False, font='', fontFiles=[], height=0.05, italic=False, languageStyle='LTR', name='unnamed TextStim', opacity=1.0, ori=0.0, pos=array([ 0.16666667, -0.1       ]), rgb=UNKNOWN, text='', units='norm', win=Window(...), wrapWidth=1)
49.9559 	EXP 	Created unnamed TextStim = TextStim(__class__=<class 'psychopy.visual.text.TextStim'>, alignHoriz=method-wrapper(...), alignText='center', alignVert=method-wrapper(...), anchorHoriz='center', anchorVert='center', antialias=True, autoLog=True, bold=False, color=array([1., 1., 1.]), colorSpace='rgb', contrast=1.0, depth=0, flipHoriz=False, flipVert=False, font='', fontFiles=[], height=0.05, italic=False, languageStyle='LTR', name='unnamed TextStim', opacity=1.0, ori=0.0, pos=array([ 0.5, -0.1]), rgb=UNKNOWN, text='Helt klart \n FOKUSERT', units='norm', win=Window(...), wrapWidth=1)
49.9580 	EXP 	Created unnamed ShapeStim = ShapeStim(__class__=<class 'psychopy.visual.shape.ShapeStim'>, autoDraw=False, autoLog=True, closeShape=True, color=method-wrapper(...), colorSpace='rgb', contrast=None, depth=0, fillColor=array([1, 1, 1]), fillColorSpace='rgb', fillRGB=array([1, 1, 1]), interpolate=True, lineColor=array([-1., -1., -1.]), lineColorSpace='rgb', lineRGB=array([-1, -1, -1]), lineWidth=1.5, name='unnamed ShapeStim', opacity=1.0, ori=0.0, pos=array([0., 0.]), size=array([1., 1.]), units='norm', vertices=ndarray(...), win=Window(...), windingRule=None)
49.9660 	EXP 	Created instru = TextStim(__class__=<class 'psychopy.visual.text.TextStim'>, alignHoriz=method-wrapper(...), alignText='center', alignVert=method-wrapper(...), anchorHoriz='center', anchorVert='center', antialias=True, autoLog=True, bold=False, color=array([1., 1., 1.]), colorSpace='rgb', contrast=1.0, depth=0.0, flipHoriz=False, flipVert=False, font='Arial', fontFiles=[], height=0.07, italic=False, languageStyle='LTR', name='instru', opacity=1, ori=0, pos=array([0. , 0.5]), rgb=UNKNOWN, text=str(...), units='norm', win=Window(...), wrapWidth=1)
49.9681 	EXP 	Created unnamed Line = Line(__class__=<class 'psychopy.visual.line.Line'>, autoDraw=False, autoLog=True, closeShape=False, color=array([1., 1., 1.]), colorSpace='rgb', contrast=None, depth=0, fillColor=array([0, 0, 0]), fillColorSpace='rgb', fillRGB=array([0, 0, 0]), interpolate=True, lineColor=array([1., 1., 1.]), lineColorSpace='rgb', lineRGB=array([1, 1, 1]), lineWidth=5, name='unnamed Line', opacity=0.5, ori=0.0, pos=array([0., 0.]), size=array([1., 1.]), units='norm', vertices=array([[-0.5,  0. ],
       [ 0.5,  0. ]]), win=Window(...), windingRule=None)
49.9703 	EXP 	Created unnamed Line = Line(__class__=<class 'psychopy.visual.line.Line'>, autoDraw=False, autoLog=True, closeShape=False, color=array([1., 1., 1.]), colorSpace='rgb', contrast=None, depth=0, fillColor=array([0, 0, 0]), fillColorSpace='rgb', fillRGB=array([0, 0, 0]), interpolate=True, lineColor=array([1., 1., 1.]), lineColorSpace='rgb', lineRGB=array([1, 1, 1]), lineWidth=3, name='unnamed Line', opacity=0.5, ori=0.0, pos=array([0., 0.]), size=array([1., 1.]), units='norm', vertices=array([[-0.5 , -0.05],
       [-0.5 ,  0.05]]), win=Window(...), windingRule=None)
49.9723 	EXP 	Created unnamed Line = Line(__class__=<class 'psychopy.visual.line.Line'>, autoDraw=False, autoLog=True, closeShape=False, color=array([1., 1., 1.]), colorSpace='rgb', contrast=None, depth=0, fillColor=array([0, 0, 0]), fillColorSpace='rgb', fillRGB=array([0, 0, 0]), interpolate=True, lineColor=array([1., 1., 1.]), lineColorSpace='rgb', lineRGB=array([1, 1, 1]), lineWidth=3, name='unnamed Line', opacity=0.5, ori=0.0, pos=array([0., 0.]), size=array([1., 1.]), units='norm', vertices=ndarray(...), win=Window(...), windingRule=None)
49.9743 	EXP 	Created unnamed Line = Line(__class__=<class 'psychopy.visual.line.Line'>, autoDraw=False, autoLog=True, closeShape=False, color=array([1., 1., 1.]), colorSpace='rgb', contrast=None, depth=0, fillColor=array([0, 0, 0]), fillColorSpace='rgb', fillRGB=array([0, 0, 0]), interpolate=True, lineColor=array([1., 1., 1.]), lineColorSpace='rgb', lineRGB=array([1, 1, 1]), lineWidth=3, name='unnamed Line', opacity=0.5, ori=0.0, pos=array([0., 0.]), size=array([1., 1.]), units='norm', vertices=ndarray(...), win=Window(...), windingRule=None)
49.9763 	EXP 	Created unnamed Line = Line(__class__=<class 'psychopy.visual.line.Line'>, autoDraw=False, autoLog=True, closeShape=False, color=array([1., 1., 1.]), colorSpace='rgb', contrast=None, depth=0, fillColor=array([0, 0, 0]), fillColorSpace='rgb', fillRGB=array([0, 0, 0]), interpolate=True, lineColor=array([1., 1., 1.]), lineColorSpace='rgb', lineRGB=array([1, 1, 1]), lineWidth=3, name='unnamed Line', opacity=0.5, ori=0.0, pos=array([0., 0.]), size=array([1., 1.]), units='norm', vertices=array([[ 0.5 , -0.05],
       [ 0.5 ,  0.05]]), win=Window(...), windingRule=None)
49.9815 	EXP 	Created unnamed TextStim = TextStim(__class__=<class 'psychopy.visual.text.TextStim'>, alignHoriz=method-wrapper(...), alignText='center', alignVert=method-wrapper(...), anchorHoriz='center', anchorVert='center', antialias=True, autoLog=True, bold=False, color=array([1., 1., 1.]), colorSpace='rgb', contrast=1.0, depth=0, flipHoriz=False, flipVert=False, font='', fontFiles=[], height=0.05, italic=False, languageStyle='LTR', name='unnamed TextStim', opacity=1.0, ori=0.0, pos=array([-0.5, -0.1]), rgb=UNKNOWN, text='Helt klart \n INGENTING', units='norm', win=Window(...), wrapWidth=1)
49.9825 	EXP 	Created unnamed TextStim = TextStim(__class__=<class 'psychopy.visual.text.TextStim'>, alignHoriz=method-wrapper(...), alignText='center', alignVert=method-wrapper(...), anchorHoriz='center', anchorVert='center', antialias=True, autoLog=True, bold=False, color=array([1., 1., 1.]), colorSpace='rgb', contrast=1.0, depth=0, flipHoriz=False, flipVert=False, font='', fontFiles=[], height=0.05, italic=False, languageStyle='LTR', name='unnamed TextStim', opacity=1.0, ori=0.0, pos=array([-0.16666667, -0.1       ]), rgb=UNKNOWN, text='', units='norm', win=Window(...), wrapWidth=1)
49.9836 	EXP 	Created unnamed TextStim = TextStim(__class__=<class 'psychopy.visual.text.TextStim'>, alignHoriz=method-wrapper(...), alignText='center', alignVert=method-wrapper(...), anchorHoriz='center', anchorVert='center', antialias=True, autoLog=True, bold=False, color=array([1., 1., 1.]), colorSpace='rgb', contrast=1.0, depth=0, flipHoriz=False, flipVert=False, font='', fontFiles=[], height=0.05, italic=False, languageStyle='LTR', name='unnamed TextStim', opacity=1.0, ori=0.0, pos=array([ 0.16666667, -0.1       ]), rgb=UNKNOWN, text='', units='norm', win=Window(...), wrapWidth=1)
49.9868 	EXP 	Created unnamed TextStim = TextStim(__class__=<class 'psychopy.visual.text.TextStim'>, alignHoriz=method-wrapper(...), alignText='center', alignVert=method-wrapper(...), anchorHoriz='center', anchorVert='center', antialias=True, autoLog=True, bold=False, color=array([1., 1., 1.]), colorSpace='rgb', contrast=1.0, depth=0, flipHoriz=False, flipVert=False, font='', fontFiles=[], height=0.05, italic=False, languageStyle='LTR', name='unnamed TextStim', opacity=1.0, ori=0.0, pos=array([ 0.5, -0.1]), rgb=UNKNOWN, text='Helt klart \n NOE', units='norm', win=Window(...), wrapWidth=1)
49.9886 	EXP 	Created unnamed ShapeStim = ShapeStim(__class__=<class 'psychopy.visual.shape.ShapeStim'>, autoDraw=False, autoLog=True, closeShape=True, color=method-wrapper(...), colorSpace='rgb', contrast=None, depth=0, fillColor=array([1, 1, 1]), fillColorSpace='rgb', fillRGB=array([1, 1, 1]), interpolate=True, lineColor=array([-1., -1., -1.]), lineColorSpace='rgb', lineRGB=array([-1, -1, -1]), lineWidth=1.5, name='unnamed ShapeStim', opacity=1.0, ori=0.0, pos=array([0., 0.]), size=array([1., 1.]), units='norm', vertices=ndarray(...), win=Window(...), windingRule=None)
49.9954 	EXP 	Created instru = TextStim(__class__=<class 'psychopy.visual.text.TextStim'>, alignHoriz=method-wrapper(...), alignText='center', alignVert=method-wrapper(...), anchorHoriz='center', anchorVert='center', antialias=True, autoLog=True, bold=False, color=array([1., 1., 1.]), colorSpace='rgb', contrast=1.0, depth=0.0, flipHoriz=False, flipVert=False, font='Arial', fontFiles=[], height=0.07, italic=False, languageStyle='LTR', name='instru', opacity=1, ori=0, pos=array([0. , 0.5]), rgb=UNKNOWN, text=str(...), units='norm', win=Window(...), wrapWidth=1)
49.9974 	EXP 	Created unnamed Line = Line(__class__=<class 'psychopy.visual.line.Line'>, autoDraw=False, autoLog=True, closeShape=False, color=array([1., 1., 1.]), colorSpace='rgb', contrast=None, depth=0, fillColor=array([0, 0, 0]), fillColorSpace='rgb', fillRGB=array([0, 0, 0]), interpolate=True, lineColor=array([1., 1., 1.]), lineColorSpace='rgb', lineRGB=array([1, 1, 1]), lineWidth=5, name='unnamed Line', opacity=0.5, ori=0.0, pos=array([0., 0.]), size=array([1., 1.]), units='norm', vertices=array([[-0.5,  0. ],
       [ 0.5,  0. ]]), win=Window(...), windingRule=None)
49.9993 	EXP 	Created unnamed Line = Line(__class__=<class 'psychopy.visual.line.Line'>, autoDraw=False, autoLog=True, closeShape=False, color=array([1., 1., 1.]), colorSpace='rgb', contrast=None, depth=0, fillColor=array([0, 0, 0]), fillColorSpace='rgb', fillRGB=array([0, 0, 0]), interpolate=True, lineColor=array([1., 1., 1.]), lineColorSpace='rgb', lineRGB=array([1, 1, 1]), lineWidth=3, name='unnamed Line', opacity=0.5, ori=0.0, pos=array([0., 0.]), size=array([1., 1.]), units='norm', vertices=array([[-0.5 , -0.05],
       [-0.5 ,  0.05]]), win=Window(...), windingRule=None)
50.0013 	EXP 	Created unnamed Line = Line(__class__=<class 'psychopy.visual.line.Line'>, autoDraw=False, autoLog=True, closeShape=False, color=array([1., 1., 1.]), colorSpace='rgb', contrast=None, depth=0, fillColor=array([0, 0, 0]), fillColorSpace='rgb', fillRGB=array([0, 0, 0]), interpolate=True, lineColor=array([1., 1., 1.]), lineColorSpace='rgb', lineRGB=array([1, 1, 1]), lineWidth=3, name='unnamed Line', opacity=0.5, ori=0.0, pos=array([0., 0.]), size=array([1., 1.]), units='norm', vertices=ndarray(...), win=Window(...), windingRule=None)
50.0033 	EXP 	Created unnamed Line = Line(__class__=<class 'psychopy.visual.line.Line'>, autoDraw=False, autoLog=True, closeShape=False, color=array([1., 1., 1.]), colorSpace='rgb', contrast=None, depth=0, fillColor=array([0, 0, 0]), fillColorSpace='rgb', fillRGB=array([0, 0, 0]), interpolate=True, lineColor=array([1., 1., 1.]), lineColorSpace='rgb', lineRGB=array([1, 1, 1]), lineWidth=3, name='unnamed Line', opacity=0.5, ori=0.0, pos=array([0., 0.]), size=array([1., 1.]), units='norm', vertices=ndarray(...), win=Window(...), windingRule=None)
50.0052 	EXP 	Created unnamed Line = Line(__class__=<class 'psychopy.visual.line.Line'>, autoDraw=False, autoLog=True, closeShape=False, color=array([1., 1., 1.]), colorSpace='rgb', contrast=None, depth=0, fillColor=array([0, 0, 0]), fillColorSpace='rgb', fillRGB=array([0, 0, 0]), interpolate=True, lineColor=array([1., 1., 1.]), lineColorSpace='rgb', lineRGB=array([1, 1, 1]), lineWidth=3, name='unnamed Line', opacity=0.5, ori=0.0, pos=array([0., 0.]), size=array([1., 1.]), units='norm', vertices=array([[ 0.5 , -0.05],
       [ 0.5 ,  0.05]]), win=Window(...), windingRule=None)
50.0100 	EXP 	Created unnamed TextStim = TextStim(__class__=<class 'psychopy.visual.text.TextStim'>, alignHoriz=method-wrapper(...), alignText='center', alignVert=method-wrapper(...), anchorHoriz='center', anchorVert='center', antialias=True, autoLog=True, bold=False, color=array([1., 1., 1.]), colorSpace='rgb', contrast=1.0, depth=0, flipHoriz=False, flipVert=False, font='', fontFiles=[], height=0.05, italic=False, languageStyle='LTR', name='unnamed TextStim', opacity=1.0, ori=0.0, pos=array([-0.5, -0.1]), rgb=UNKNOWN, text='Helt klart \n SPONTAN', units='norm', win=Window(...), wrapWidth=1)
50.0111 	EXP 	Created unnamed TextStim = TextStim(__class__=<class 'psychopy.visual.text.TextStim'>, alignHoriz=method-wrapper(...), alignText='center', alignVert=method-wrapper(...), anchorHoriz='center', anchorVert='center', antialias=True, autoLog=True, bold=False, color=array([1., 1., 1.]), colorSpace='rgb', contrast=1.0, depth=0, flipHoriz=False, flipVert=False, font='', fontFiles=[], height=0.05, italic=False, languageStyle='LTR', name='unnamed TextStim', opacity=1.0, ori=0.0, pos=array([-0.16666667, -0.1       ]), rgb=UNKNOWN, text='', units='norm', win=Window(...), wrapWidth=1)
50.0122 	EXP 	Created unnamed TextStim = TextStim(__class__=<class 'psychopy.visual.text.TextStim'>, alignHoriz=method-wrapper(...), alignText='center', alignVert=method-wrapper(...), anchorHoriz='center', anchorVert='center', antialias=True, autoLog=True, bold=False, color=array([1., 1., 1.]), colorSpace='rgb', contrast=1.0, depth=0, flipHoriz=False, flipVert=False, font='', fontFiles=[], height=0.05, italic=False, languageStyle='LTR', name='unnamed TextStim', opacity=1.0, ori=0.0, pos=array([ 0.16666667, -0.1       ]), rgb=UNKNOWN, text='', units='norm', win=Window(...), wrapWidth=1)
50.0168 	EXP 	Created unnamed TextStim = TextStim(__class__=<class 'psychopy.visual.text.TextStim'>, alignHoriz=method-wrapper(...), alignText='center', alignVert=method-wrapper(...), anchorHoriz='center', anchorVert='center', antialias=True, autoLog=True, bold=False, color=array([1., 1., 1.]), colorSpace='rgb', contrast=1.0, depth=0, flipHoriz=False, flipVert=False, font='', fontFiles=[], height=0.05, italic=False, languageStyle='LTR', name='unnamed TextStim', opacity=1.0, ori=0.0, pos=array([ 0.5, -0.1]), rgb=UNKNOWN, text='Helt klart \n BEVISST', units='norm', win=Window(...), wrapWidth=1)
50.0186 	EXP 	Created unnamed ShapeStim = ShapeStim(__class__=<class 'psychopy.visual.shape.ShapeStim'>, autoDraw=False, autoLog=True, closeShape=True, color=method-wrapper(...), colorSpace='rgb', contrast=None, depth=0, fillColor=array([1, 1, 1]), fillColorSpace='rgb', fillRGB=array([1, 1, 1]), interpolate=True, lineColor=array([-1., -1., -1.]), lineColorSpace='rgb', lineRGB=array([-1, -1, -1]), lineWidth=1.5, name='unnamed ShapeStim', opacity=1.0, ori=0.0, pos=array([0., 0.]), size=array([1., 1.]), units='norm', vertices=ndarray(...), win=Window(...), windingRule=None)
50.0674 	EXP 	Sound  set volume 1.000
50.0965 	EXP 	unnamed ShapeStim: vertices = <class 'numpy.ndarray'>
50.0965 	EXP 	unnamed ShapeStim: vertices = <class 'numpy.ndarray'>
50.0965 	EXP 	unnamed ShapeStim: vertices = <class 'numpy.ndarray'>
60.4048 	DATA 	Keypress: rctrl
60.9207 	EXP 	Sound  started
61.6706 	EXP 	Sound  started
61.8127 	DATA 	Keypress: lctrl
62.4206 	EXP 	Sound  started
62.4208 	DATA 	Keypress: lctrl
63.1247 	DATA 	Keypress: rctrl
63.1706 	EXP 	Sound  started
63.8768 	DATA 	Keypress: lctrl
63.9206 	EXP 	Sound  started
64.5968 	DATA 	Keypress: lctrl
64.6706 	EXP 	Sound  started
65.3167 	DATA 	Keypress: rctrl
65.4206 	EXP 	Sound  started
66.1008 	DATA 	Keypress: rctrl
66.1706 	EXP 	Sound  started
66.7887 	DATA 	Keypress: lctrl
66.9207 	EXP 	Sound  started
67.5087 	DATA 	Keypress: lctrl
67.6707 	EXP 	Sound  started
68.3407 	DATA 	Keypress: rctrl
68.4207 	EXP 	Sound  started
69.1568 	DATA 	Keypress: rctrl
69.1707 	EXP 	Sound  started
69.8447 	DATA 	Keypress: lctrl
69.9207 	EXP 	Sound  started
70.5807 	DATA 	Keypress: lctrl
70.6707 	EXP 	Sound  started
71.3327 	DATA 	Keypress: lctrl
71.4207 	EXP 	Sound  started
72.0687 	DATA 	Keypress: lctrl
72.1708 	EXP 	Sound  started
72.8847 	DATA 	Keypress: rctrl
72.9208 	EXP 	Sound  started
73.6708 	EXP 	Sound  started
73.7007 	DATA 	Keypress: rctrl
74.4047 	DATA 	Keypress: rctrl
74.4208 	EXP 	Sound  started
75.0767 	DATA 	Keypress: lctrl
75.1708 	EXP 	Sound  started
75.8127 	DATA 	Keypress: rctrl
75.9208 	EXP 	Sound  started
76.5647 	DATA 	Keypress: rctrl
76.6708 	EXP 	Sound  started
77.2687 	DATA 	Keypress: lctrl
77.4209 	EXP 	Sound  started
78.1327 	DATA 	Keypress: lctrl
78.1709 	EXP 	Sound  started
78.9209 	EXP 	Sound  started
79.4928 	DATA 	Keypress: rctrl
79.6709 	EXP 	Sound  started
80.2608 	DATA 	Keypress: rctrl
80.4209 	EXP 	Sound  started
81.0769 	DATA 	Keypress: rctrl
81.1709 	EXP 	Sound  started
81.7808 	DATA 	Keypress: lctrl
81.9209 	EXP 	Sound  started
82.5807 	DATA 	Keypress: lctrl
82.6710 	EXP 	Sound  started
83.3968 	DATA 	Keypress: rctrl
83.4210 	EXP 	Sound  started
84.0687 	DATA 	Keypress: lctrl
84.1710 	EXP 	Sound  started
84.8368 	DATA 	Keypress: rctrl
84.9210 	EXP 	Sound  started
85.5407 	DATA 	Keypress: rctrl
85.6710 	EXP 	Sound  started
86.2768 	DATA 	Keypress: lctrl
86.4210 	EXP 	Sound  started
87.0287 	DATA 	Keypress: rctrl
87.1710 	EXP 	Sound  started
87.7967 	DATA 	Keypress: rctrl
87.9210 	EXP 	Sound  started
88.5487 	DATA 	Keypress: rctrl
88.6711 	EXP 	Sound  started
89.3487 	DATA 	Keypress: lctrl
89.4211 	EXP 	Sound  started
90.0528 	DATA 	Keypress: lctrl
90.1711 	EXP 	Sound  started
90.8047 	DATA 	Keypress: rctrl
90.9211 	EXP 	Sound  started
91.5088 	DATA 	Keypress: rctrl
91.6711 	EXP 	Sound  started
92.2927 	DATA 	Keypress: rctrl
92.4211 	EXP 	Sound  started
92.9967 	DATA 	Keypress: lctrl
93.1712 	EXP 	Sound  started
93.6527 	DATA 	Keypress: rctrl
93.9212 	EXP 	Sound  started
94.4687 	DATA 	Keypress: rctrl
94.6712 	EXP 	Sound  started
95.2688 	DATA 	Keypress: rctrl
95.4212 	EXP 	Sound  started
96.0207 	DATA 	Keypress: lctrl
96.1712 	EXP 	Sound  started
96.8528 	DATA 	Keypress: lctrl
96.9212 	EXP 	Sound  started
97.6527 	DATA 	Keypress: lctrl
97.6712 	EXP 	Sound  started
98.4209 	DATA 	Keypress: lctrl
98.4213 	EXP 	Sound  started
99.1407 	DATA 	Keypress: lctrl
99.1713 	EXP 	Sound  started
99.8927 	DATA 	Keypress: rctrl
99.9213 	EXP 	Sound  started
100.5966 	DATA 	Keypress: rctrl
100.6713 	EXP 	Sound  started
101.3327 	DATA 	Keypress: lctrl
101.4213 	EXP 	Sound  started
102.1167 	DATA 	Keypress: lctrl
102.1713 	EXP 	Sound  started
102.8207 	DATA 	Keypress: rctrl
102.9214 	EXP 	Sound  started
103.6207 	DATA 	Keypress: rctrl
103.6714 	EXP 	Sound  started
104.3407 	DATA 	Keypress: rctrl
104.4214 	EXP 	Sound  started
105.0928 	DATA 	Keypress: rctrl
105.1714 	EXP 	Sound  started
105.8287 	DATA 	Keypress: lctrl
105.9214 	EXP 	Sound  started
106.6288 	DATA 	Keypress: lctrl
106.6714 	EXP 	Sound  started
107.2687 	DATA 	Keypress: lctrl
107.4214 	EXP 	Sound  started
108.1167 	DATA 	Keypress: lctrl
108.1714 	EXP 	Sound  started
108.8368 	DATA 	Keypress: lctrl
108.9215 	EXP 	Sound  started
109.6207 	DATA 	Keypress: lctrl
109.6936 	EXP 	unnamed TextStim: text = ''
109.6936 	EXP 	unnamed TextStim: text = ''
117.3033 	DATA 	Keypress: 4
117.3327 	EXP 	unnamed ShapeStim: vertices = <class 'numpy.ndarray'>
118.8673 	EXP 	unnamed TextStim: text = ''
118.8673 	EXP 	unnamed TextStim: text = ''
119.8516 	DATA 	Keypress: 1
119.8681 	EXP 	unnamed ShapeStim: vertices = <class 'numpy.ndarray'>
121.4028 	EXP 	unnamed TextStim: text = ''
121.4028 	EXP 	unnamed TextStim: text = ''
122.1039 	DATA 	Keypress: 1
122.1204 	EXP 	unnamed ShapeStim: vertices = <class 'numpy.ndarray'>
124.4050 	EXP 	Sound  started
124.4059 	DATA 	Keypress: rctrl
124.9808 	DATA 	Keypress: rctrl
125.1549 	EXP 	Sound  started
125.7648 	DATA 	Keypress: lctrl
125.9049 	EXP 	Sound  started
126.6447 	DATA 	Keypress: rctrl
126.6549 	EXP 	Sound  started
127.3487 	DATA 	Keypress: lctrl
127.4049 	EXP 	Sound  started
128.1007 	DATA 	Keypress: lctrl
128.1549 	EXP 	Sound  started
128.8527 	DATA 	Keypress: lctrl
128.9049 	EXP 	Sound  started
129.5087 	DATA 	Keypress: rctrl
129.6550 	EXP 	Sound  started
130.3407 	DATA 	Keypress: lctrl
130.4050 	EXP 	Sound  started
131.0607 	DATA 	Keypress: rctrl
131.1550 	EXP 	Sound  started
131.8286 	DATA 	Keypress: rctrl
131.9050 	EXP 	Sound  started
132.5806 	DATA 	Keypress: lctrl
132.6550 	EXP 	Sound  started
133.4051 	EXP 	Sound  started
133.4128 	DATA 	Keypress: lctrl
134.0847 	DATA 	Keypress: lctrl
134.1551 	EXP 	Sound  started
134.8687 	DATA 	Keypress: lctrl
134.9051 	EXP 	Sound  started
135.5887 	DATA 	Keypress: lctrl
135.6551 	EXP 	Sound  started
136.3887 	DATA 	Keypress: rctrl
136.4051 	EXP 	Sound  started
137.0767 	DATA 	Keypress: rctrl
137.1551 	EXP 	Sound  started
137.8287 	DATA 	Keypress: rctrl
137.9051 	EXP 	Sound  started
138.5967 	DATA 	Keypress: rctrl
138.6551 	EXP 	Sound  started
139.3327 	DATA 	Keypress: lctrl
139.4051 	EXP 	Sound  started
140.1328 	DATA 	Keypress: lctrl
140.1552 	EXP 	Sound  started
140.9007 	DATA 	Keypress: lctrl
140.9052 	EXP 	Sound  started
141.6046 	DATA 	Keypress: lctrl
141.6552 	EXP 	Sound  started
142.3408 	DATA 	Keypress: rctrl
142.4052 	EXP 	Sound  started
143.1088 	DATA 	Keypress: rctrl
143.1552 	EXP 	Sound  started
143.8286 	DATA 	Keypress: lctrl
143.9052 	EXP 	Sound  started
144.5487 	DATA 	Keypress: rctrl
144.6552 	EXP 	Sound  started
145.3007 	DATA 	Keypress: lctrl
145.4052 	EXP 	Sound  started
146.0687 	DATA 	Keypress: lctrl
146.1553 	EXP 	Sound  started
146.8047 	DATA 	Keypress: lctrl
146.9053 	EXP 	Sound  started
147.5406 	DATA 	Keypress: lctrl
147.6553 	EXP 	Sound  started
148.2926 	DATA 	Keypress: rctrl
148.4053 	EXP 	Sound  started
149.1247 	DATA 	Keypress: rctrl
149.1553 	EXP 	Sound  started
149.9053 	EXP 	Sound  started
150.6553 	EXP 	Sound  started
150.6767 	DATA 	Keypress: rctrl
151.3327 	DATA 	Keypress: lctrl
151.4054 	EXP 	Sound  started
152.1167 	DATA 	Keypress: lctrl
152.1554 	EXP 	Sound  started
152.8686 	DATA 	Keypress: rctrl
152.9054 	EXP 	Sound  started
153.6206 	DATA 	Keypress: lctrl
153.6554 	EXP 	Sound  started
154.3888 	DATA 	Keypress: lctrl
154.4054 	EXP 	Sound  started
155.0927 	DATA 	Keypress: rctrl
155.1554 	EXP 	Sound  started
155.8287 	DATA 	Keypress: lctrl
155.9055 	EXP 	Sound  started
156.5968 	DATA 	Keypress: lctrl
156.6555 	EXP 	Sound  started
157.2687 	DATA 	Keypress: rctrl
157.4055 	EXP 	Sound  started
158.0367 	DATA 	Keypress: rctrl
158.1555 	EXP 	Sound  started
158.8207 	DATA 	Keypress: lctrl
158.9055 	EXP 	Sound  started
159.5567 	DATA 	Keypress: rctrl
159.6555 	EXP 	Sound  started
160.3087 	DATA 	Keypress: rctrl
160.4055 	EXP 	Sound  started
161.0448 	DATA 	Keypress: rctrl
161.1555 	EXP 	Sound  started
161.8128 	DATA 	Keypress: lctrl
161.9056 	EXP 	Sound  started
162.6127 	DATA 	Keypress: lctrl
162.6556 	EXP 	Sound  started
163.3327 	DATA 	Keypress: rctrl
163.4056 	EXP 	Sound  started
164.1007 	DATA 	Keypress: rctrl
164.1556 	EXP 	Sound  started
164.8207 	DATA 	Keypress: lctrl
164.9056 	EXP 	Sound  started
165.6556 	EXP 	Sound  started
165.7008 	DATA 	Keypress: lctrl
166.4056 	EXP 	Sound  started
166.4847 	DATA 	Keypress: lctrl
167.0927 	DATA 	Keypress: lctrl
167.1557 	EXP 	Sound  started
167.8447 	DATA 	Keypress: rctrl
167.9057 	EXP 	Sound  started
168.5807 	DATA 	Keypress: rctrl
168.6557 	EXP 	Sound  started
169.3807 	DATA 	Keypress: lctrl
169.4057 	EXP 	Sound  started
170.1167 	DATA 	Keypress: lctrl
170.1557 	EXP 	Sound  started
170.8846 	DATA 	Keypress: rctrl
170.9057 	EXP 	Sound  started
171.6047 	DATA 	Keypress: rctrl
171.6557 	EXP 	Sound  started
172.2927 	DATA 	Keypress: lctrl
172.4057 	EXP 	Sound  started
173.0127 	DATA 	Keypress: rctrl
173.1558 	EXP 	Sound  started
173.8446 	DATA 	Keypress: lctrl
173.9058 	EXP 	Sound  started
174.5487 	DATA 	Keypress: lctrl
174.6558 	EXP 	Sound  started
175.3646 	DATA 	Keypress: rctrl
175.4058 	EXP 	Sound  started
176.1006 	DATA 	Keypress: lctrl
176.1558 	EXP 	Sound  started
176.8367 	DATA 	Keypress: rctrl
176.9058 	EXP 	Sound  started
177.5567 	DATA 	Keypress: rctrl
177.6559 	EXP 	Sound  started
178.3086 	DATA 	Keypress: lctrl
178.4059 	EXP 	Sound  started
178.9806 	DATA 	Keypress: rctrl
179.1559 	EXP 	Sound  started
179.7966 	DATA 	Keypress: lctrl
179.9059 	EXP 	Sound  started
180.5486 	DATA 	Keypress: lctrl
180.6559 	EXP 	Sound  started
181.3487 	DATA 	Keypress: rctrl
181.4059 	EXP 	Sound  started
182.0847 	DATA 	Keypress: lctrl
182.1559 	EXP 	Sound  started
182.8206 	DATA 	Keypress: rctrl
182.9059 	EXP 	Sound  started
183.5406 	DATA 	Keypress: rctrl
183.6560 	EXP 	Sound  started
184.2928 	DATA 	Keypress: lctrl
184.4060 	EXP 	Sound  started
184.9967 	DATA 	Keypress: rctrl
185.1560 	EXP 	Sound  started
185.7966 	DATA 	Keypress: lctrl
185.9060 	EXP 	Sound  started
186.5646 	DATA 	Keypress: lctrl
186.6560 	EXP 	Sound  started
187.3487 	DATA 	Keypress: rctrl
187.4060 	EXP 	Sound  started
188.1486 	DATA 	Keypress: lctrl
188.1560 	EXP 	Sound  started
188.8367 	DATA 	Keypress: rctrl
188.9061 	EXP 	Sound  started
189.6047 	DATA 	Keypress: rctrl
192.2312 	DATA 	Keypress: 3
192.2607 	EXP 	unnamed ShapeStim: vertices = <class 'numpy.ndarray'>
194.6466 	DATA 	Keypress: 1
194.6632 	EXP 	unnamed ShapeStim: vertices = <class 'numpy.ndarray'>
199.8171 	DATA 	Keypress: 1
199.8336 	EXP 	unnamed ShapeStim: vertices = <class 'numpy.ndarray'>
202.1185 	EXP 	Sound  started
202.7407 	DATA 	Keypress: lctrl
202.8683 	EXP 	Sound  started
203.5566 	DATA 	Keypress: lctrl
203.6184 	EXP 	Sound  started
204.2927 	DATA 	Keypress: rctrl
204.3684 	EXP 	Sound  started
205.0927 	DATA 	Keypress: lctrl
205.1184 	EXP 	Sound  started
205.8127 	DATA 	Keypress: lctrl
205.8684 	EXP 	Sound  started
206.5486 	DATA 	Keypress: lctrl
206.6184 	EXP 	Sound  started
207.2847 	DATA 	Keypress: rctrl
207.3684 	EXP 	Sound  started
207.9886 	DATA 	Keypress: rctrl
208.1184 	EXP 	Sound  started
208.6447 	DATA 	Keypress: rctrl
208.8684 	EXP 	Sound  started
209.5566 	DATA 	Keypress: lctrl
209.6185 	EXP 	Sound  started
210.3247 	DATA 	Keypress: rctrl
210.3685 	EXP 	Sound  started
211.0448 	DATA 	Keypress: lctrl
211.1185 	EXP 	Sound  started
211.8127 	DATA 	Keypress: rctrl
211.8685 	EXP 	Sound  started
212.5967 	DATA 	Keypress: lctrl
212.6185 	EXP 	Sound  started
213.2527 	DATA 	Keypress: lctrl
213.3685 	EXP 	Sound  started
214.0846 	DATA 	Keypress: lctrl
214.1185 	EXP 	Sound  started
214.8207 	DATA 	Keypress: lctrl
214.8686 	EXP 	Sound  started
215.6186 	EXP 	Sound  started
215.6686 	DATA 	Keypress: lctrl
216.3247 	DATA 	Keypress: lctrl
216.3686 	EXP 	Sound  started
217.1186 	EXP 	Sound  started
217.1247 	DATA 	Keypress: rctrl
217.7966 	DATA 	Keypress: rctrl
217.8686 	EXP 	Sound  started
218.5486 	DATA 	Keypress: rctrl
218.6186 	EXP 	Sound  started
219.3166 	DATA 	Keypress: rctrl
219.3686 	EXP 	Sound  started
220.0847 	DATA 	Keypress: lctrl
220.1187 	EXP 	Sound  started
220.8527 	DATA 	Keypress: lctrl
220.8687 	EXP 	Sound  started
221.6187 	EXP 	Sound  started
221.6368 	DATA 	Keypress: rctrl
222.3247 	DATA 	Keypress: rctrl
222.3687 	EXP 	Sound  started
223.0446 	DATA 	Keypress: lctrl
223.1187 	EXP 	Sound  started
223.7967 	DATA 	Keypress: rctrl
223.8687 	EXP 	Sound  started
224.6126 	DATA 	Keypress: rctrl
224.6187 	EXP 	Sound  started
225.3688 	EXP 	Sound  started
225.3966 	DATA 	Keypress: lctrl
226.1188 	EXP 	Sound  started
226.1486 	DATA 	Keypress: rctrl
226.8688 	EXP 	Sound  started
226.8847 	DATA 	Keypress: rctrl
227.5727 	DATA 	Keypress: lctrl
227.6188 	EXP 	Sound  started
228.3407 	DATA 	Keypress: lctrl
228.3688 	EXP 	Sound  started
229.0927 	DATA 	Keypress: rctrl
229.1188 	EXP 	Sound  started
229.8127 	DATA 	Keypress: rctrl
229.8688 	EXP 	Sound  started
230.5326 	DATA 	Keypress: lctrl
230.6189 	EXP 	Sound  started
231.2526 	DATA 	Keypress: lctrl
231.3689 	EXP 	Sound  started
232.0047 	DATA 	Keypress: lctrl
232.1189 	EXP 	Sound  started
232.7728 	DATA 	Keypress: lctrl
232.8689 	EXP 	Sound  started
233.5247 	DATA 	Keypress: rctrl
233.6189 	EXP 	Sound  started
234.3407 	DATA 	Keypress: lctrl
234.3689 	EXP 	Sound  started
235.0447 	DATA 	Keypress: rctrl
235.1189 	EXP 	Sound  started
235.7487 	DATA 	Keypress: lctrl
235.8690 	EXP 	Sound  started
236.5006 	DATA 	Keypress: lctrl
236.6190 	EXP 	Sound  started
237.2687 	DATA 	Keypress: rctrl
237.3690 	EXP 	Sound  started
238.0687 	DATA 	Keypress: lctrl
238.1190 	EXP 	Sound  started
238.7886 	DATA 	Keypress: rctrl
238.8690 	EXP 	Sound  started
239.5406 	DATA 	Keypress: lctrl
239.6190 	EXP 	Sound  started
240.3087 	DATA 	Keypress: lctrl
240.3691 	EXP 	Sound  started
241.0606 	DATA 	Keypress: lctrl
244.1200 	DATA 	Keypress: 4
244.1366 	EXP 	unnamed ShapeStim: vertices = <class 'numpy.ndarray'>
246.5558 	DATA 	Keypress: 1
246.5724 	EXP 	unnamed ShapeStim: vertices = <class 'numpy.ndarray'>
248.5241 	DATA 	Keypress: 1
248.5406 	EXP 	unnamed ShapeStim: vertices = <class 'numpy.ndarray'>
250.8254 	EXP 	Sound  started
250.8263 	DATA 	Keypress: rctrl
251.4287 	DATA 	Keypress: lctrl
251.5752 	EXP 	Sound  started
252.1646 	DATA 	Keypress: lctrl
252.3253 	EXP 	Sound  started
252.9646 	DATA 	Keypress: rctrl
253.0753 	EXP 	Sound  started
253.7326 	DATA 	Keypress: lctrl
253.8253 	EXP 	Sound  started
254.4846 	DATA 	Keypress: lctrl
254.5753 	EXP 	Sound  started
255.3253 	EXP 	Sound  started
255.3487 	DATA 	Keypress: rctrl
256.0046 	DATA 	Keypress: lctrl
256.0753 	EXP 	Sound  started
256.7406 	DATA 	Keypress: rctrl
256.8253 	EXP 	Sound  started
257.4607 	DATA 	Keypress: rctrl
257.5754 	EXP 	Sound  started
258.2606 	DATA 	Keypress: lctrl
258.3254 	EXP 	Sound  started
259.0754 	EXP 	Sound  started
259.2526 	DATA 	Keypress: lctrl
259.7646 	DATA 	Keypress: lctrl
259.8254 	EXP 	Sound  started
260.4366 	DATA 	Keypress: lctrl
260.5754 	EXP 	Sound  started
261.1887 	DATA 	Keypress: lctrl
261.3254 	EXP 	Sound  started
261.9407 	DATA 	Keypress: lctrl
262.0754 	EXP 	Sound  started
262.8046 	DATA 	Keypress: rctrl
262.8255 	EXP 	Sound  started
263.4926 	DATA 	Keypress: rctrl
263.5755 	EXP 	Sound  started
264.2446 	DATA 	Keypress: lctrl
264.3255 	EXP 	Sound  started
265.0126 	DATA 	Keypress: rctrl
265.0755 	EXP 	Sound  started
265.7966 	DATA 	Keypress: lctrl
265.8255 	EXP 	Sound  started
266.5166 	DATA 	Keypress: lctrl
266.5755 	EXP 	Sound  started
267.3255 	EXP 	Sound  started
267.3806 	DATA 	Keypress: rctrl
268.0046 	DATA 	Keypress: lctrl
268.0755 	EXP 	Sound  started
268.8046 	DATA 	Keypress: lctrl
268.8256 	EXP 	Sound  started
269.5246 	DATA 	Keypress: lctrl
269.5756 	EXP 	Sound  started
270.2446 	DATA 	Keypress: rctrl
270.3256 	EXP 	Sound  started
271.0446 	DATA 	Keypress: rctrl
271.0756 	EXP 	Sound  started
271.7487 	DATA 	Keypress: lctrl
271.8256 	EXP 	Sound  started
272.5006 	DATA 	Keypress: lctrl
272.5756 	EXP 	Sound  started
273.2846 	DATA 	Keypress: rctrl
273.3256 	EXP 	Sound  started
274.0756 	EXP 	Sound  started
274.0846 	DATA 	Keypress: rctrl
274.7886 	DATA 	Keypress: lctrl
274.8257 	EXP 	Sound  started
275.4766 	DATA 	Keypress: rctrl
275.5757 	EXP 	Sound  started
276.2126 	DATA 	Keypress: lctrl
276.3257 	EXP 	Sound  started
276.9806 	DATA 	Keypress: lctrl
277.0757 	EXP 	Sound  started
277.8257 	EXP 	Sound  started
278.4527 	DATA 	Keypress: rctrl
278.5757 	EXP 	Sound  started
279.2046 	DATA 	Keypress: lctrl
279.3257 	EXP 	Sound  started
280.0046 	DATA 	Keypress: lctrl
280.0757 	EXP 	Sound  started
280.7406 	DATA 	Keypress: rctrl
280.8258 	EXP 	Sound  started
281.4607 	DATA 	Keypress: rctrl
281.5758 	EXP 	Sound  started
282.1967 	DATA 	Keypress: lctrl
282.3258 	EXP 	Sound  started
282.9487 	DATA 	Keypress: lctrl
283.0758 	EXP 	Sound  started
283.7166 	DATA 	Keypress: rctrl
283.8258 	EXP 	Sound  started
284.5758 	EXP 	Sound  started
284.5806 	DATA 	Keypress: lctrl
285.3006 	DATA 	Keypress: lctrl
285.3258 	EXP 	Sound  started
286.0206 	DATA 	Keypress: lctrl
286.0759 	EXP 	Sound  started
286.7246 	DATA 	Keypress: rctrl
286.8259 	EXP 	Sound  started
287.4926 	DATA 	Keypress: lctrl
287.5759 	EXP 	Sound  started
288.1806 	DATA 	Keypress: rctrl
288.3259 	EXP 	Sound  started
289.0446 	DATA 	Keypress: rctrl
289.0759 	EXP 	Sound  started
289.7966 	DATA 	Keypress: lctrl
289.8259 	EXP 	Sound  started
290.5759 	EXP 	Sound  started
290.6286 	DATA 	Keypress: lctrl
291.2367 	DATA 	Keypress: rctrl
291.3260 	EXP 	Sound  started
292.0686 	DATA 	Keypress: rctrl
292.0760 	EXP 	Sound  started
292.7886 	DATA 	Keypress: lctrl
292.8260 	EXP 	Sound  started
293.5726 	DATA 	Keypress: lctrl
296.3128 	DATA 	Keypress: 3
296.3293 	EXP 	unnamed ShapeStim: vertices = <class 'numpy.ndarray'>
298.1815 	DATA 	Keypress: 1
298.1980 	EXP 	unnamed ShapeStim: vertices = <class 'numpy.ndarray'>
301.5003 	DATA 	Keypress: 1
301.5169 	EXP 	unnamed ShapeStim: vertices = <class 'numpy.ndarray'>
303.8015 	EXP 	Sound  started
304.0047 	DATA 	Keypress: lctrl
304.5485 	DATA 	Keypress: lctrl
304.5513 	EXP 	Sound  started
305.2527 	DATA 	Keypress: lctrl
305.3013 	EXP 	Sound  started
305.9565 	DATA 	Keypress: lctrl
306.0514 	EXP 	Sound  started
306.7406 	DATA 	Keypress: rctrl
306.8014 	EXP 	Sound  started
307.4606 	DATA 	Keypress: lctrl
307.5514 	EXP 	Sound  started
308.2128 	DATA 	Keypress: lctrl
308.3014 	EXP 	Sound  started
309.0446 	DATA 	Keypress: lctrl
309.0514 	EXP 	Sound  started
309.6846 	DATA 	Keypress: rctrl
309.8014 	EXP 	Sound  started
310.4206 	DATA 	Keypress: rctrl
310.5514 	EXP 	Sound  started
311.2047 	DATA 	Keypress: rctrl
311.3015 	EXP 	Sound  started
311.9567 	DATA 	Keypress: rctrl
312.0515 	EXP 	Sound  started
312.7406 	DATA 	Keypress: lctrl
312.8015 	EXP 	Sound  started
313.4127 	DATA 	Keypress: rctrl
313.5515 	EXP 	Sound  started
314.1646 	DATA 	Keypress: lctrl
314.3015 	EXP 	Sound  started
314.9645 	DATA 	Keypress: lctrl
315.0515 	EXP 	Sound  started
315.7005 	DATA 	Keypress: rctrl
315.8015 	EXP 	Sound  started
316.5006 	DATA 	Keypress: lctrl
316.5516 	EXP 	Sound  started
317.2366 	DATA 	Keypress: lctrl
317.3016 	EXP 	Sound  started
318.0046 	DATA 	Keypress: lctrl
318.0516 	EXP 	Sound  started
318.7406 	DATA 	Keypress: rctrl
318.8016 	EXP 	Sound  started
319.4605 	DATA 	Keypress: rctrl
319.5516 	EXP 	Sound  started
320.2606 	DATA 	Keypress: rctrl
320.3016 	EXP 	Sound  started
320.9646 	DATA 	Keypress: rctrl
321.0517 	EXP 	Sound  started
321.6686 	DATA 	Keypress: lctrl
321.8017 	EXP 	Sound  started
322.4208 	DATA 	Keypress: rctrl
322.5517 	EXP 	Sound  started
323.1726 	DATA 	Keypress: lctrl
323.3017 	EXP 	Sound  started
323.9885 	DATA 	Keypress: rctrl
324.0517 	EXP 	Sound  started
324.7086 	DATA 	Keypress: lctrl
324.8017 	EXP 	Sound  started
325.4446 	DATA 	Keypress: lctrl
325.5517 	EXP 	Sound  started
326.1966 	DATA 	Keypress: lctrl
326.3017 	EXP 	Sound  started
326.9327 	DATA 	Keypress: rctrl
327.0518 	EXP 	Sound  started
327.7966 	DATA 	Keypress: rctrl
327.8018 	EXP 	Sound  started
328.4685 	DATA 	Keypress: rctrl
328.5518 	EXP 	Sound  started
329.1885 	DATA 	Keypress: rctrl
329.3018 	EXP 	Sound  started
329.9086 	DATA 	Keypress: lctrl
330.0518 	EXP 	Sound  started
330.6446 	DATA 	Keypress: lctrl
330.8018 	EXP 	Sound  started
331.4125 	DATA 	Keypress: lctrl
331.5518 	EXP 	Sound  started
332.1805 	DATA 	Keypress: rctrl
332.3019 	EXP 	Sound  started
332.9486 	DATA 	Keypress: rctrl
333.0519 	EXP 	Sound  started
333.7006 	DATA 	Keypress: lctrl
333.8019 	EXP 	Sound  started
334.4205 	DATA 	Keypress: lctrl
334.5519 	EXP 	Sound  started
335.2527 	DATA 	Keypress: rctrl
335.3019 	EXP 	Sound  started
335.9725 	DATA 	Keypress: rctrl
336.0519 	EXP 	Sound  started
336.6925 	DATA 	Keypress: lctrl
336.8019 	EXP 	Sound  started
337.4125 	DATA 	Keypress: rctrl
337.5520 	EXP 	Sound  started
338.1645 	DATA 	Keypress: lctrl
338.3020 	EXP 	Sound  started
338.9006 	DATA 	Keypress: lctrl
339.0520 	EXP 	Sound  started
339.7005 	DATA 	Keypress: rctrl
339.8020 	EXP 	Sound  started
340.4526 	DATA 	Keypress: rctrl
340.5520 	EXP 	Sound  started
341.1726 	DATA 	Keypress: lctrl
341.3020 	EXP 	Sound  started
341.8607 	DATA 	Keypress: lctrl
342.0521 	EXP 	Sound  started
342.6766 	DATA 	Keypress: rctrl
342.8021 	EXP 	Sound  started
343.4446 	DATA 	Keypress: rctrl
343.5521 	EXP 	Sound  started
344.1806 	DATA 	Keypress: lctrl
344.3021 	EXP 	Sound  started
344.9326 	DATA 	Keypress: rctrl
345.0521 	EXP 	Sound  started
345.6525 	DATA 	Keypress: lctrl
345.8021 	EXP 	Sound  started
346.4045 	DATA 	Keypress: lctrl
346.5521 	EXP 	Sound  started
347.2206 	DATA 	Keypress: lctrl
347.3022 	EXP 	Sound  started
347.9246 	DATA 	Keypress: rctrl
348.0522 	EXP 	Sound  started
348.6606 	DATA 	Keypress: lctrl
348.8022 	EXP 	Sound  started
349.4285 	DATA 	Keypress: lctrl
349.5522 	EXP 	Sound  started
350.1806 	DATA 	Keypress: rctrl
350.3022 	EXP 	Sound  started
350.9807 	DATA 	Keypress: rctrl
351.0522 	EXP 	Sound  started
351.6686 	DATA 	Keypress: lctrl
351.8022 	EXP 	Sound  started
352.4046 	DATA 	Keypress: rctrl
352.5522 	EXP 	Sound  started
353.1726 	DATA 	Keypress: lctrl
353.3023 	EXP 	Sound  started
353.9405 	DATA 	Keypress: rctrl
354.0523 	EXP 	Sound  started
354.7725 	DATA 	Keypress: rctrl
354.8023 	EXP 	Sound  started
355.4605 	DATA 	Keypress: rctrl
355.5523 	EXP 	Sound  started
356.1805 	DATA 	Keypress: rctrl
356.3023 	EXP 	Sound  started
356.9486 	DATA 	Keypress: lctrl
357.0523 	EXP 	Sound  started
357.7007 	DATA 	Keypress: rctrl
357.8024 	EXP 	Sound  started
358.5005 	DATA 	Keypress: rctrl
358.5524 	EXP 	Sound  started
359.2206 	DATA 	Keypress: lctrl
359.3024 	EXP 	Sound  started
359.9725 	DATA 	Keypress: lctrl
360.0524 	EXP 	Sound  started
360.7085 	DATA 	Keypress: rctrl
360.8024 	EXP 	Sound  started
361.4446 	DATA 	Keypress: lctrl
364.2351 	DATA 	Keypress: 3
364.2516 	EXP 	unnamed ShapeStim: vertices = <class 'numpy.ndarray'>
368.3088 	DATA 	Keypress: 2
368.3383 	EXP 	unnamed ShapeStim: vertices = <class 'numpy.ndarray'>
370.1237 	DATA 	Keypress: 1
370.1402 	EXP 	unnamed ShapeStim: vertices = <class 'numpy.ndarray'>
372.4253 	EXP 	Sound  started
372.4262 	DATA 	Keypress: rctrl
373.0765 	DATA 	Keypress: rctrl
373.1752 	EXP 	Sound  started
373.8285 	DATA 	Keypress: rctrl
373.9252 	EXP 	Sound  started
374.5166 	DATA 	Keypress: rctrl
374.6752 	EXP 	Sound  started
375.2527 	DATA 	Keypress: rctrl
375.4252 	EXP 	Sound  started
376.0526 	DATA 	Keypress: rctrl
376.1752 	EXP 	Sound  started
376.8205 	DATA 	Keypress: rctrl
376.9252 	EXP 	Sound  started
377.6046 	DATA 	Keypress: rctrl
377.6753 	EXP 	Sound  started
378.3565 	DATA 	Keypress: lctrl
378.4253 	EXP 	Sound  started
379.0926 	DATA 	Keypress: lctrl
379.1753 	EXP 	Sound  started
379.8446 	DATA 	Keypress: lctrl
379.9253 	EXP 	Sound  started
380.6126 	DATA 	Keypress: rctrl
380.6753 	EXP 	Sound  started
381.3166 	DATA 	Keypress: lctrl
381.4253 	EXP 	Sound  started
382.0046 	DATA 	Keypress: lctrl
382.1753 	EXP 	Sound  started
382.7886 	DATA 	Keypress: rctrl
382.9254 	EXP 	Sound  started
383.5725 	DATA 	Keypress: lctrl
383.6754 	EXP 	Sound  started
384.4254 	EXP 	Sound  started
384.4525 	DATA 	Keypress: lctrl
385.1565 	DATA 	Keypress: lctrl
385.1754 	EXP 	Sound  started
385.7965 	DATA 	Keypress: rctrl
385.9254 	EXP 	Sound  started
386.6285 	DATA 	Keypress: lctrl
386.6754 	EXP 	Sound  started
387.3486 	DATA 	Keypress: rctrl
387.4254 	EXP 	Sound  started
388.0846 	DATA 	Keypress: lctrl
388.1754 	EXP 	Sound  started
388.7726 	DATA 	Keypress: lctrl
388.9254 	EXP 	Sound  started
389.5246 	DATA 	Keypress: rctrl
389.6754 	EXP 	Sound  started
390.2765 	DATA 	Keypress: lctrl
390.4255 	EXP 	Sound  started
390.9805 	DATA 	Keypress: rctrl
391.1755 	EXP 	Sound  started
391.8125 	DATA 	Keypress: rctrl
391.9255 	EXP 	Sound  started
392.4845 	DATA 	Keypress: lctrl
392.6755 	EXP 	Sound  started
393.2685 	DATA 	Keypress: rctrl
393.4255 	EXP 	Sound  started
393.9886 	DATA 	Keypress: lctrl
394.1755 	EXP 	Sound  started
394.7886 	DATA 	Keypress: lctrl
394.9256 	EXP 	Sound  started
395.5245 	DATA 	Keypress: lctrl
395.6756 	EXP 	Sound  started
396.2285 	DATA 	Keypress: rctrl
396.4256 	EXP 	Sound  started
397.0446 	DATA 	Keypress: lctrl
397.1756 	EXP 	Sound  started
397.7805 	DATA 	Keypress: lctrl
397.9256 	EXP 	Sound  started
398.5005 	DATA 	Keypress: rctrl
398.6756 	EXP 	Sound  started
399.3645 	DATA 	Keypress: lctrl
399.4256 	EXP 	Sound  started
400.1165 	DATA 	Keypress: lctrl
400.1756 	EXP 	Sound  started
400.7885 	DATA 	Keypress: rctrl
400.9257 	EXP 	Sound  started
401.6366 	DATA 	Keypress: rctrl
401.6757 	EXP 	Sound  started
402.3245 	DATA 	Keypress: rctrl
402.4257 	EXP 	Sound  started
403.1757 	EXP 	Sound  started
403.2846 	DATA 	Keypress: lctrl
403.8446 	DATA 	Keypress: rctrl
403.9257 	EXP 	Sound  started
404.4846 	DATA 	Keypress: lctrl
404.6757 	EXP 	Sound  started
405.3325 	DATA 	Keypress: rctrl
405.4257 	EXP 	Sound  started
406.0365 	DATA 	Keypress: lctrl
406.1758 	EXP 	Sound  started
406.7725 	DATA 	Keypress: lctrl
406.9258 	EXP 	Sound  started
407.5405 	DATA 	Keypress: lctrl
407.6758 	EXP 	Sound  started
408.4258 	EXP 	Sound  started
408.5965 	DATA 	Keypress: rctrl
409.0766 	DATA 	Keypress: lctrl
409.1758 	EXP 	Sound  started
409.8765 	DATA 	Keypress: rctrl
409.9258 	EXP 	Sound  started
410.5325 	DATA 	Keypress: rctrl
410.6758 	EXP 	Sound  started
411.3326 	DATA 	Keypress: rctrl
411.4259 	EXP 	Sound  started
412.0365 	DATA 	Keypress: rctrl
412.1759 	EXP 	Sound  started
412.8365 	DATA 	Keypress: lctrl
412.9259 	EXP 	Sound  started
413.6205 	DATA 	Keypress: lctrl
413.6759 	EXP 	Sound  started
414.3085 	DATA 	Keypress: lctrl
414.4259 	EXP 	Sound  started
415.1759 	EXP 	Sound  started
415.1885 	DATA 	Keypress: lctrl
415.8446 	DATA 	Keypress: rctrl
415.9260 	EXP 	Sound  started
416.5965 	DATA 	Keypress: lctrl
416.6760 	EXP 	Sound  started
417.3645 	DATA 	Keypress: rctrl
417.4260 	EXP 	Sound  started
418.0525 	DATA 	Keypress: lctrl
418.1760 	EXP 	Sound  started
418.7885 	DATA 	Keypress: rctrl
418.9260 	EXP 	Sound  started
419.6046 	DATA 	Keypress: rctrl
419.6760 	EXP 	Sound  started
420.3885 	DATA 	Keypress: lctrl
420.4260 	EXP 	Sound  started
421.1565 	DATA 	Keypress: lctrl
421.1761 	EXP 	Sound  started
421.8926 	DATA 	Keypress: rctrl
421.9261 	EXP 	Sound  started
422.5485 	DATA 	Keypress: lctrl
422.6761 	EXP 	Sound  started
423.2846 	DATA 	Keypress: rctrl
423.4261 	EXP 	Sound  started
424.0526 	DATA 	Keypress: lctrl
424.1761 	EXP 	Sound  started
424.8205 	DATA 	Keypress: rctrl
424.9261 	EXP 	Sound  started
425.5245 	DATA 	Keypress: lctrl
425.6761 	EXP 	Sound  started
426.3405 	DATA 	Keypress: rctrl
426.4262 	EXP 	Sound  started
427.1246 	DATA 	Keypress: lctrl
427.1762 	EXP 	Sound  started
427.8926 	DATA 	Keypress: rctrl
427.9262 	EXP 	Sound  started
428.6285 	DATA 	Keypress: lctrl
428.6762 	EXP 	Sound  started
429.3645 	DATA 	Keypress: lctrl
429.4262 	EXP 	Sound  started
430.0525 	DATA 	Keypress: lctrl
433.5418 	DATA 	Keypress: 2
433.5583 	EXP 	unnamed ShapeStim: vertices = <class 'numpy.ndarray'>
436.6448 	DATA 	Keypress: 1
436.6614 	EXP 	unnamed ShapeStim: vertices = <class 'numpy.ndarray'>
440.0138 	DATA 	Keypress: 1
440.0303 	EXP 	unnamed ShapeStim: vertices = <class 'numpy.ndarray'>
442.3145 	EXP 	Sound  started
442.5166 	DATA 	Keypress: rctrl
442.9965 	DATA 	Keypress: rctrl
443.0643 	EXP 	Sound  started
443.7486 	DATA 	Keypress: rctrl
443.8144 	EXP 	Sound  started
444.5644 	EXP 	Sound  started
445.2045 	DATA 	Keypress: rctrl
445.3144 	EXP 	Sound  started
445.9245 	DATA 	Keypress: lctrl
446.0644 	EXP 	Sound  started
446.7405 	DATA 	Keypress: lctrl
446.8144 	EXP 	Sound  started
447.5245 	DATA 	Keypress: lctrl
447.5644 	EXP 	Sound  started
448.2445 	DATA 	Keypress: rctrl
448.3144 	EXP 	Sound  started
448.9806 	DATA 	Keypress: lctrl
449.0645 	EXP 	Sound  started
449.7645 	DATA 	Keypress: rctrl
449.8145 	EXP 	Sound  started
450.3886 	DATA 	Keypress: lctrl
450.5645 	EXP 	Sound  started
451.1885 	DATA 	Keypress: lctrl
451.3145 	EXP 	Sound  started
451.9565 	DATA 	Keypress: lctrl
452.0645 	EXP 	Sound  started
452.7245 	DATA 	Keypress: rctrl
452.8145 	EXP 	Sound  started
453.5085 	DATA 	Keypress: rctrl
453.5645 	EXP 	Sound  started
454.2445 	DATA 	Keypress: lctrl
454.3146 	EXP 	Sound  started
455.0646 	EXP 	Sound  started
455.2365 	DATA 	Keypress: rctrl
455.7805 	DATA 	Keypress: rctrl
455.8146 	EXP 	Sound  started
456.5004 	DATA 	Keypress: rctrl
456.5647 	EXP 	Sound  started
457.2845 	DATA 	Keypress: lctrl
457.3147 	EXP 	Sound  started
457.9885 	DATA 	Keypress: lctrl
458.0647 	EXP 	Sound  started
458.6764 	DATA 	Keypress: rctrl
458.8147 	EXP 	Sound  started
459.5647 	EXP 	Sound  started
459.7165 	DATA 	Keypress: rctrl
460.2925 	DATA 	Keypress: rctrl
460.3147 	EXP 	Sound  started
460.8845 	DATA 	Keypress: lctrl
461.0647 	EXP 	Sound  started
461.5886 	DATA 	Keypress: rctrl
461.8148 	EXP 	Sound  started
462.3885 	DATA 	Keypress: lctrl
462.5648 	EXP 	Sound  started
463.1085 	DATA 	Keypress: rctrl
463.3148 	EXP 	Sound  started
463.9245 	DATA 	Keypress: lctrl
464.0648 	EXP 	Sound  started
464.6444 	DATA 	Keypress: lctrl
464.8148 	EXP 	Sound  started
465.4125 	DATA 	Keypress: lctrl
465.5648 	EXP 	Sound  started
466.1325 	DATA 	Keypress: rctrl
466.3148 	EXP 	Sound  started
466.9165 	DATA 	Keypress: lctrl
467.0649 	EXP 	Sound  started
467.8149 	EXP 	Sound  started
468.5005 	DATA 	Keypress: lctrl
468.5649 	EXP 	Sound  started
469.2526 	DATA 	Keypress: rctrl
469.3149 	EXP 	Sound  started
469.9565 	DATA 	Keypress: rctrl
470.0649 	EXP 	Sound  started
470.7405 	DATA 	Keypress: rctrl
470.8149 	EXP 	Sound  started
471.5565 	DATA 	Keypress: rctrl
471.5649 	EXP 	Sound  started
472.2126 	DATA 	Keypress: lctrl
472.3150 	EXP 	Sound  started
473.0125 	DATA 	Keypress: lctrl
473.0649 	EXP 	Sound  started
473.7325 	DATA 	Keypress: lctrl
473.8150 	EXP 	Sound  started
474.4846 	DATA 	Keypress: lctrl
474.5650 	EXP 	Sound  started
475.3150 	EXP 	Sound  started
475.3325 	DATA 	Keypress: rctrl
476.0365 	DATA 	Keypress: rctrl
476.0650 	EXP 	Sound  started
476.8044 	DATA 	Keypress: lctrl
476.8150 	EXP 	Sound  started
477.4764 	DATA 	Keypress: lctrl
477.5650 	EXP 	Sound  started
478.2285 	DATA 	Keypress: rctrl
478.3151 	EXP 	Sound  started
478.9805 	DATA 	Keypress: lctrl
479.0651 	EXP 	Sound  started
479.7965 	DATA 	Keypress: rctrl
479.8151 	EXP 	Sound  started
480.5485 	DATA 	Keypress: rctrl
480.5651 	EXP 	Sound  started
481.3005 	DATA 	Keypress: rctrl
481.3151 	EXP 	Sound  started
482.0045 	DATA 	Keypress: lctrl
482.0651 	EXP 	Sound  started
482.6764 	DATA 	Keypress: lctrl
482.8151 	EXP 	Sound  started
483.3965 	DATA 	Keypress: lctrl
489.8546 	DATA 	Keypress: 4
489.8711 	EXP 	unnamed ShapeStim: vertices = <class 'numpy.ndarray'>
492.4905 	DATA 	Keypress: 2
492.5071 	EXP 	unnamed ShapeStim: vertices = <class 'numpy.ndarray'>
494.3254 	DATA 	Keypress: 1
494.3419 	EXP 	unnamed ShapeStim: vertices = <class 'numpy.ndarray'>
496.6262 	EXP 	Sound  started
497.2845 	DATA 	Keypress: lctrl
497.3760 	EXP 	Sound  started
498.0844 	DATA 	Keypress: lctrl
498.1260 	EXP 	Sound  started
498.8685 	DATA 	Keypress: rctrl
498.8761 	EXP 	Sound  started
499.5725 	DATA 	Keypress: rctrl
499.6261 	EXP 	Sound  started
500.3086 	DATA 	Keypress: lctrl
500.3761 	EXP 	Sound  started
501.0446 	DATA 	Keypress: rctrl
501.1261 	EXP 	Sound  started
501.8444 	DATA 	Keypress: lctrl
501.8761 	EXP 	Sound  started
502.5966 	DATA 	Keypress: lctrl
502.6261 	EXP 	Sound  started
503.3005 	DATA 	Keypress: rctrl
503.3761 	EXP 	Sound  started
503.9885 	DATA 	Keypress: rctrl
504.1261 	EXP 	Sound  started
504.7724 	DATA 	Keypress: rctrl
504.8762 	EXP 	Sound  started
505.5565 	DATA 	Keypress: lctrl
505.6262 	EXP 	Sound  started
506.2604 	DATA 	Keypress: rctrl
506.3762 	EXP 	Sound  started
507.0605 	DATA 	Keypress: lctrl
507.1262 	EXP 	Sound  started
507.7164 	DATA 	Keypress: rctrl
507.8762 	EXP 	Sound  started
508.6262 	EXP 	Sound  started
508.7404 	DATA 	Keypress: lctrl
509.3004 	DATA 	Keypress: lctrl
509.3762 	EXP 	Sound  started
510.0525 	DATA 	Keypress: lctrl
510.1263 	EXP 	Sound  started
510.7245 	DATA 	Keypress: rctrl
510.8763 	EXP 	Sound  started
511.5725 	DATA 	Keypress: lctrl
511.6263 	EXP 	Sound  started
512.2124 	DATA 	Keypress: rctrl
512.3763 	EXP 	Sound  started
512.9324 	DATA 	Keypress: rctrl
513.1263 	EXP 	Sound  started
513.7005 	DATA 	Keypress: rctrl
513.8763 	EXP 	Sound  started
514.5645 	DATA 	Keypress: lctrl
514.6263 	EXP 	Sound  started
515.2525 	DATA 	Keypress: rctrl
515.3763 	EXP 	Sound  started
515.9724 	DATA 	Keypress: lctrl
516.1264 	EXP 	Sound  started
516.7404 	DATA 	Keypress: rctrl
516.8764 	EXP 	Sound  started
517.5725 	DATA 	Keypress: rctrl
517.6264 	EXP 	Sound  started
518.3245 	DATA 	Keypress: lctrl
518.3764 	EXP 	Sound  started
519.0765 	DATA 	Keypress: rctrl
519.1264 	EXP 	Sound  started
519.8445 	DATA 	Keypress: lctrl
519.8764 	EXP 	Sound  started
520.5164 	DATA 	Keypress: rctrl
520.6264 	EXP 	Sound  started
521.1884 	DATA 	Keypress: rctrl
521.3765 	EXP 	Sound  started
522.1005 	DATA 	Keypress: lctrl
522.1265 	EXP 	Sound  started
522.7564 	DATA 	Keypress: rctrl
522.8765 	EXP 	Sound  started
523.5405 	DATA 	Keypress: rctrl
523.6265 	EXP 	Sound  started
524.2924 	DATA 	Keypress: rctrl
524.3765 	EXP 	Sound  started
525.0604 	DATA 	Keypress: lctrl
525.1265 	EXP 	Sound  started
525.8285 	DATA 	Keypress: rctrl
525.8765 	EXP 	Sound  started
526.5964 	DATA 	Keypress: lctrl
526.6266 	EXP 	Sound  started
527.3766 	EXP 	Sound  started
527.4604 	DATA 	Keypress: lctrl
528.0364 	DATA 	Keypress: lctrl
528.1266 	EXP 	Sound  started
528.7724 	DATA 	Keypress: lctrl
528.8766 	EXP 	Sound  started
529.3964 	DATA 	Keypress: rctrl
529.6266 	EXP 	Sound  started
530.2764 	DATA 	Keypress: lctrl
530.3766 	EXP 	Sound  started
531.0285 	DATA 	Keypress: lctrl
531.1267 	EXP 	Sound  started
531.7484 	DATA 	Keypress: rctrl
531.8767 	EXP 	Sound  started
532.5004 	DATA 	Keypress: lctrl
532.6267 	EXP 	Sound  started
533.3004 	DATA 	Keypress: rctrl
533.3767 	EXP 	Sound  started
534.0685 	DATA 	Keypress: rctrl
534.1267 	EXP 	Sound  started
534.7724 	DATA 	Keypress: lctrl
534.8767 	EXP 	Sound  started
535.5244 	DATA 	Keypress: lctrl
535.6267 	EXP 	Sound  started
536.2924 	DATA 	Keypress: rctrl
536.3767 	EXP 	Sound  started
537.1085 	DATA 	Keypress: lctrl
537.1268 	EXP 	Sound  started
537.7804 	DATA 	Keypress: lctrl
537.8768 	EXP 	Sound  started
538.5004 	DATA 	Keypress: rctrl
538.6268 	EXP 	Sound  started
539.3165 	DATA 	Keypress: lctrl
539.3768 	EXP 	Sound  started
540.0685 	DATA 	Keypress: rctrl
540.1268 	EXP 	Sound  started
540.7404 	DATA 	Keypress: rctrl
540.8768 	EXP 	Sound  started
541.5405 	DATA 	Keypress: lctrl
541.6268 	EXP 	Sound  started
542.2765 	DATA 	Keypress: lctrl
542.3769 	EXP 	Sound  started
543.0445 	DATA 	Keypress: lctrl
543.1269 	EXP 	Sound  started
543.7965 	DATA 	Keypress: lctrl
543.8769 	EXP 	Sound  started
544.5484 	DATA 	Keypress: lctrl
544.6269 	EXP 	Sound  started
545.2845 	DATA 	Keypress: lctrl
545.3769 	EXP 	Sound  started
546.0526 	DATA 	Keypress: lctrl
546.1269 	EXP 	Sound  started
546.8365 	DATA 	Keypress: lctrl
546.8769 	EXP 	Sound  started
547.5245 	DATA 	Keypress: rctrl
547.6270 	EXP 	Sound  started
548.3770 	EXP 	Sound  started
548.3885 	DATA 	Keypress: rctrl
549.1084 	DATA 	Keypress: lctrl
549.1270 	EXP 	Sound  started
549.7805 	DATA 	Keypress: rctrl
549.8770 	EXP 	Sound  started
550.4685 	DATA 	Keypress: rctrl
550.6270 	EXP 	Sound  started
551.2844 	DATA 	Keypress: rctrl
551.3770 	EXP 	Sound  started
552.0684 	DATA 	Keypress: lctrl
552.1270 	EXP 	Sound  started
552.7725 	DATA 	Keypress: rctrl
552.8771 	EXP 	Sound  started
553.5404 	DATA 	Keypress: rctrl
553.6271 	EXP 	Sound  started
554.2924 	DATA 	Keypress: lctrl
554.3771 	EXP 	Sound  started
555.0765 	DATA 	Keypress: rctrl
555.1271 	EXP 	Sound  started
555.8764 	DATA 	Keypress: lctrl
555.8771 	EXP 	Sound  started
556.5964 	DATA 	Keypress: lctrl
556.6271 	EXP 	Sound  started
557.3325 	DATA 	Keypress: lctrl
557.3771 	EXP 	Sound  started
558.1004 	DATA 	Keypress: lctrl
558.1272 	EXP 	Sound  started
558.8364 	DATA 	Keypress: lctrl
558.8772 	EXP 	Sound  started
559.6272 	EXP 	Sound  started
559.8285 	DATA 	Keypress: rctrl
560.2765 	DATA 	Keypress: lctrl
560.3772 	EXP 	Sound  started
561.0285 	DATA 	Keypress: lctrl
561.1272 	EXP 	Sound  started
561.8764 	DATA 	Keypress: rctrl
561.8772 	EXP 	Sound  started
562.5484 	DATA 	Keypress: lctrl
562.6272 	EXP 	Sound  started
563.3485 	DATA 	Keypress: lctrl
563.3773 	EXP 	Sound  started
564.0845 	DATA 	Keypress: lctrl
574.0235 	DATA 	Keypress: 3
574.0400 	EXP 	unnamed ShapeStim: vertices = <class 'numpy.ndarray'>
577.6099 	DATA 	Keypress: 3
577.6263 	EXP 	unnamed ShapeStim: vertices = <class 'numpy.ndarray'>
579.4780 	DATA 	Keypress: 1
579.4945 	EXP 	unnamed ShapeStim: vertices = <class 'numpy.ndarray'>
581.7799 	EXP 	Sound  started
581.7808 	DATA 	Keypress: lctrl
582.3724 	DATA 	Keypress: lctrl
582.5297 	EXP 	Sound  started
583.0924 	DATA 	Keypress: lctrl
583.2797 	EXP 	Sound  started
583.8765 	DATA 	Keypress: rctrl
584.0298 	EXP 	Sound  started
584.6444 	DATA 	Keypress: rctrl
584.7798 	EXP 	Sound  started
585.4604 	DATA 	Keypress: lctrl
585.5298 	EXP 	Sound  started
586.1804 	DATA 	Keypress: rctrl
586.2798 	EXP 	Sound  started
586.9964 	DATA 	Keypress: lctrl
587.0298 	EXP 	Sound  started
587.7164 	DATA 	Keypress: lctrl
587.7798 	EXP 	Sound  started
588.3405 	DATA 	Keypress: lctrl
588.5298 	EXP 	Sound  started
589.2799 	EXP 	Sound  started
589.3004 	DATA 	Keypress: rctrl
589.9724 	DATA 	Keypress: rctrl
590.0299 	EXP 	Sound  started
590.7084 	DATA 	Keypress: lctrl
590.7799 	EXP 	Sound  started
591.4444 	DATA 	Keypress: rctrl
591.5299 	EXP 	Sound  started
592.2444 	DATA 	Keypress: rctrl
592.2799 	EXP 	Sound  started
592.9004 	DATA 	Keypress: rctrl
593.0299 	EXP 	Sound  started
593.6524 	DATA 	Keypress: lctrl
593.7800 	EXP 	Sound  started
594.4045 	DATA 	Keypress: lctrl
594.5300 	EXP 	Sound  started
595.1884 	DATA 	Keypress: rctrl
595.2800 	EXP 	Sound  started
595.9405 	DATA 	Keypress: rctrl
596.0300 	EXP 	Sound  started
596.6444 	DATA 	Keypress: lctrl
596.7800 	EXP 	Sound  started
597.3644 	DATA 	Keypress: lctrl
597.5300 	EXP 	Sound  started
598.1964 	DATA 	Keypress: lctrl
598.2800 	EXP 	Sound  started
598.9164 	DATA 	Keypress: rctrl
599.0301 	EXP 	Sound  started
599.7164 	DATA 	Keypress: lctrl
599.7801 	EXP 	Sound  started
600.4204 	DATA 	Keypress: lctrl
600.5301 	EXP 	Sound  started
601.2364 	DATA 	Keypress: rctrl
601.2801 	EXP 	Sound  started
601.9084 	DATA 	Keypress: rctrl
602.0301 	EXP 	Sound  started
602.6604 	DATA 	Keypress: lctrl
602.7801 	EXP 	Sound  started
603.3964 	DATA 	Keypress: rctrl
603.5302 	EXP 	Sound  started
604.1484 	DATA 	Keypress: rctrl
604.2802 	EXP 	Sound  started
604.8844 	DATA 	Keypress: rctrl
605.0302 	EXP 	Sound  started
605.7802 	EXP 	Sound  started
606.3884 	DATA 	Keypress: rctrl
606.5302 	EXP 	Sound  started
607.1084 	DATA 	Keypress: lctrl
607.2802 	EXP 	Sound  started
607.9084 	DATA 	Keypress: lctrl
608.0303 	EXP 	Sound  started
608.6605 	DATA 	Keypress: rctrl
608.7803 	EXP 	Sound  started
609.3804 	DATA 	Keypress: rctrl
609.5303 	EXP 	Sound  started
610.1644 	DATA 	Keypress: lctrl
610.2803 	EXP 	Sound  started
610.9164 	DATA 	Keypress: rctrl
611.0303 	EXP 	Sound  started
611.7005 	DATA 	Keypress: lctrl
611.7803 	EXP 	Sound  started
612.4045 	DATA 	Keypress: lctrl
612.5303 	EXP 	Sound  started
613.0763 	DATA 	Keypress: rctrl
613.2804 	EXP 	Sound  started
613.9084 	DATA 	Keypress: lctrl
614.0304 	EXP 	Sound  started
614.7084 	DATA 	Keypress: lctrl
614.7804 	EXP 	Sound  started
615.4284 	DATA 	Keypress: lctrl
615.5304 	EXP 	Sound  started
616.1964 	DATA 	Keypress: rctrl
616.2804 	EXP 	Sound  started
616.8844 	DATA 	Keypress: rctrl
617.0304 	EXP 	Sound  started
617.7804 	DATA 	Keypress: lctrl
617.7806 	EXP 	Sound  started
618.4204 	DATA 	Keypress: lctrl
618.5306 	EXP 	Sound  started
619.2044 	DATA 	Keypress: rctrl
619.2806 	EXP 	Sound  started
619.9405 	DATA 	Keypress: rctrl
620.0306 	EXP 	Sound  started
620.6765 	DATA 	Keypress: lctrl
620.7807 	EXP 	Sound  started
621.3485 	DATA 	Keypress: rctrl
621.5307 	EXP 	Sound  started
622.1644 	DATA 	Keypress: lctrl
622.2807 	EXP 	Sound  started
622.9003 	DATA 	Keypress: lctrl
623.0307 	EXP 	Sound  started
623.6844 	DATA 	Keypress: rctrl
623.7807 	EXP 	Sound  started
624.3884 	DATA 	Keypress: rctrl
624.5307 	EXP 	Sound  started
625.1084 	DATA 	Keypress: lctrl
625.2807 	EXP 	Sound  started
625.8765 	DATA 	Keypress: rctrl
626.0307 	EXP 	Sound  started
626.6284 	DATA 	Keypress: lctrl
626.7807 	EXP 	Sound  started
627.3964 	DATA 	Keypress: lctrl
627.5308 	EXP 	Sound  started
628.1644 	DATA 	Keypress: rctrl
628.2808 	EXP 	Sound  started
628.9484 	DATA 	Keypress: lctrl
629.0308 	EXP 	Sound  started
629.6044 	DATA 	Keypress: rctrl
629.7808 	EXP 	Sound  started
630.4044 	DATA 	Keypress: rctrl
630.5308 	EXP 	Sound  started
631.1884 	DATA 	Keypress: lctrl
631.2808 	EXP 	Sound  started
631.9084 	DATA 	Keypress: rctrl
632.0308 	EXP 	Sound  started
632.6925 	DATA 	Keypress: lctrl
632.7808 	EXP 	Sound  started
633.4444 	DATA 	Keypress: lctrl
633.5309 	EXP 	Sound  started
634.2124 	DATA 	Keypress: rctrl
634.2809 	EXP 	Sound  started
634.9325 	DATA 	Keypress: rctrl
635.0309 	EXP 	Sound  started
635.7164 	DATA 	Keypress: lctrl
635.7809 	EXP 	Sound  started
636.4684 	DATA 	Keypress: lctrl
636.5309 	EXP 	Sound  started
637.2203 	DATA 	Keypress: rctrl
637.2809 	EXP 	Sound  started
637.9404 	DATA 	Keypress: rctrl
638.0309 	EXP 	Sound  started
638.7810 	EXP 	Sound  started
638.8364 	DATA 	Keypress: lctrl
639.3803 	DATA 	Keypress: rctrl
639.5310 	EXP 	Sound  started
640.2444 	DATA 	Keypress: lctrl
640.2810 	EXP 	Sound  started
640.9644 	DATA 	Keypress: lctrl
641.0310 	EXP 	Sound  started
641.6365 	DATA 	Keypress: rctrl
641.7810 	EXP 	Sound  started
642.4204 	DATA 	Keypress: lctrl
642.5310 	EXP 	Sound  started
643.2810 	EXP 	Sound  started
643.2844 	DATA 	Keypress: rctrl
643.9083 	DATA 	Keypress: rctrl
644.0311 	EXP 	Sound  started
644.6124 	DATA 	Keypress: rctrl
644.7811 	EXP 	Sound  started
645.3484 	DATA 	Keypress: lctrl
650.7901 	DATA 	Keypress: 2
650.8196 	EXP 	unnamed ShapeStim: vertices = <class 'numpy.ndarray'>
654.5228 	DATA 	Keypress: 1
654.5393 	EXP 	unnamed ShapeStim: vertices = <class 'numpy.ndarray'>
657.0958 	DATA 	Keypress: 1
657.1252 	EXP 	unnamed ShapeStim: vertices = <class 'numpy.ndarray'>
659.4100 	EXP 	Sound  started
659.6045 	DATA 	Keypress: lctrl
660.1164 	DATA 	Keypress: lctrl
660.1598 	EXP 	Sound  started
660.9099 	EXP 	Sound  started
661.5724 	DATA 	Keypress: rctrl
661.6599 	EXP 	Sound  started
662.3083 	DATA 	Keypress: rctrl
662.4099 	EXP 	Sound  started
663.0284 	DATA 	Keypress: lctrl
663.1599 	EXP 	Sound  started
663.8123 	DATA 	Keypress: rctrl
663.9099 	EXP 	Sound  started
664.5963 	DATA 	Keypress: rctrl
664.6599 	EXP 	Sound  started
665.2684 	DATA 	Keypress: lctrl
665.4099 	EXP 	Sound  started
666.0844 	DATA 	Keypress: rctrl
666.1600 	EXP 	Sound  started
666.8363 	DATA 	Keypress: rctrl
666.9100 	EXP 	Sound  started
667.6044 	DATA 	Keypress: lctrl
667.6600 	EXP 	Sound  started
668.3725 	DATA 	Keypress: lctrl
668.4100 	EXP 	Sound  started
669.0605 	DATA 	Keypress: rctrl
669.1600 	EXP 	Sound  started
669.9100 	EXP 	Sound  started
670.5485 	DATA 	Keypress: rctrl
670.6600 	EXP 	Sound  started
671.3165 	DATA 	Keypress: lctrl
671.4101 	EXP 	Sound  started
672.0525 	DATA 	Keypress: lctrl
672.1601 	EXP 	Sound  started
672.8363 	DATA 	Keypress: rctrl
672.9101 	EXP 	Sound  started
673.5884 	DATA 	Keypress: lctrl
673.6601 	EXP 	Sound  started
674.3243 	DATA 	Keypress: rctrl
674.4101 	EXP 	Sound  started
675.0764 	DATA 	Keypress: lctrl
675.1601 	EXP 	Sound  started
675.8284 	DATA 	Keypress: lctrl
675.9101 	EXP 	Sound  started
676.5483 	DATA 	Keypress: rctrl
676.6602 	EXP 	Sound  started
677.3644 	DATA 	Keypress: lctrl
677.4102 	EXP 	Sound  started
678.0524 	DATA 	Keypress: rctrl
678.1602 	EXP 	Sound  started
678.8364 	DATA 	Keypress: rctrl
678.9102 	EXP 	Sound  started
679.5883 	DATA 	Keypress: rctrl
679.6602 	EXP 	Sound  started
680.2764 	DATA 	Keypress: lctrl
680.4102 	EXP 	Sound  started
681.0285 	DATA 	Keypress: rctrl
681.1603 	EXP 	Sound  started
681.6844 	DATA 	Keypress: lctrl
681.9102 	EXP 	Sound  started
682.5324 	DATA 	Keypress: lctrl
682.6603 	EXP 	Sound  started
683.2204 	DATA 	Keypress: rctrl
683.4103 	EXP 	Sound  started
683.9884 	DATA 	Keypress: lctrl
684.1603 	EXP 	Sound  started
684.9103 	EXP 	Sound  started
685.5725 	DATA 	Keypress: lctrl
685.6603 	EXP 	Sound  started
686.3564 	DATA 	Keypress: rctrl
686.4103 	EXP 	Sound  started
687.1084 	DATA 	Keypress: lctrl
687.1603 	EXP 	Sound  started
687.7964 	DATA 	Keypress: rctrl
687.9104 	EXP 	Sound  started
688.5804 	DATA 	Keypress: rctrl
688.6604 	EXP 	Sound  started
689.3484 	DATA 	Keypress: rctrl
689.4104 	EXP 	Sound  started
690.0683 	DATA 	Keypress: lctrl
690.1604 	EXP 	Sound  started
690.9104 	EXP 	Sound  started
690.9483 	DATA 	Keypress: lctrl
691.6604 	EXP 	Sound  started
692.2124 	DATA 	Keypress: rctrl
692.4104 	EXP 	Sound  started
693.0284 	DATA 	Keypress: rctrl
693.1604 	EXP 	Sound  started
693.7803 	DATA 	Keypress: lctrl
693.9105 	EXP 	Sound  started
694.6283 	DATA 	Keypress: rctrl
694.6605 	EXP 	Sound  started
695.4105 	EXP 	Sound  started
695.6684 	DATA 	Keypress: lctrl
696.0843 	DATA 	Keypress: lctrl
696.1605 	EXP 	Sound  started
696.7244 	DATA 	Keypress: rctrl
696.9105 	EXP 	Sound  started
697.6605 	EXP 	Sound  started
698.3083 	DATA 	Keypress: lctrl
698.4105 	EXP 	Sound  started
698.9964 	DATA 	Keypress: rctrl
699.1606 	EXP 	Sound  started
699.8123 	DATA 	Keypress: rctrl
699.9106 	EXP 	Sound  started
700.5803 	DATA 	Keypress: lctrl
700.6606 	EXP 	Sound  started
701.3804 	DATA 	Keypress: lctrl
701.4106 	EXP 	Sound  started
702.1003 	DATA 	Keypress: lctrl
702.1606 	EXP 	Sound  started
702.8523 	DATA 	Keypress: rctrl
702.9106 	EXP 	Sound  started
703.5884 	DATA 	Keypress: lctrl
703.6606 	EXP 	Sound  started
704.3083 	DATA 	Keypress: lctrl
704.4107 	EXP 	Sound  started
705.0283 	DATA 	Keypress: rctrl
705.1607 	EXP 	Sound  started
705.8444 	DATA 	Keypress: lctrl
705.9107 	EXP 	Sound  started
706.5164 	DATA 	Keypress: lctrl
706.6607 	EXP 	Sound  started
707.2363 	DATA 	Keypress: rctrl
707.4107 	EXP 	Sound  started
708.1003 	DATA 	Keypress: rctrl
713.2375 	DATA 	Keypress: 4
713.2540 	EXP 	unnamed ShapeStim: vertices = <class 'numpy.ndarray'>
716.2066 	DATA 	Keypress: 3
716.2231 	EXP 	unnamed ShapeStim: vertices = <class 'numpy.ndarray'>
718.3088 	DATA 	Keypress: 1
718.3253 	EXP 	unnamed ShapeStim: vertices = <class 'numpy.ndarray'>
720.6098 	EXP 	Sound  started
720.7724 	DATA 	Keypress: lctrl
721.2364 	DATA 	Keypress: lctrl
721.3596 	EXP 	Sound  started
722.0043 	DATA 	Keypress: lctrl
722.1096 	EXP 	Sound  started
722.7883 	DATA 	Keypress: rctrl
722.8596 	EXP 	Sound  started
723.4923 	DATA 	Keypress: rctrl
723.6097 	EXP 	Sound  started
724.2763 	DATA 	Keypress: rctrl
724.3597 	EXP 	Sound  started
725.0604 	DATA 	Keypress: lctrl
725.1097 	EXP 	Sound  started
725.8123 	DATA 	Keypress: rctrl
725.8597 	EXP 	Sound  started
726.5163 	DATA 	Keypress: rctrl
726.6097 	EXP 	Sound  started
727.2203 	DATA 	Keypress: lctrl
727.3597 	EXP 	Sound  started
728.0043 	DATA 	Keypress: lctrl
728.1098 	EXP 	Sound  started
728.7404 	DATA 	Keypress: rctrl
728.8598 	EXP 	Sound  started
729.5244 	DATA 	Keypress: rctrl
729.6098 	EXP 	Sound  started
730.2603 	DATA 	Keypress: rctrl
730.3598 	EXP 	Sound  started
731.0123 	DATA 	Keypress: lctrl
731.1098 	EXP 	Sound  started
731.7643 	DATA 	Keypress: rctrl
731.8598 	EXP 	Sound  started
732.4683 	DATA 	Keypress: lctrl
732.6098 	EXP 	Sound  started
733.2523 	DATA 	Keypress: lctrl
733.3598 	EXP 	Sound  started
733.9883 	DATA 	Keypress: rctrl
734.1099 	EXP 	Sound  started
734.7083 	DATA 	Keypress: rctrl
734.8599 	EXP 	Sound  started
735.4924 	DATA 	Keypress: rctrl
735.6099 	EXP 	Sound  started
736.2763 	DATA 	Keypress: rctrl
736.3599 	EXP 	Sound  started
736.9964 	DATA 	Keypress: lctrl
737.1099 	EXP 	Sound  started
737.7324 	DATA 	Keypress: rctrl
737.8599 	EXP 	Sound  started
738.5163 	DATA 	Keypress: rctrl
738.6100 	EXP 	Sound  started
739.2203 	DATA 	Keypress: lctrl
739.3600 	EXP 	Sound  started
740.0044 	DATA 	Keypress: lctrl
740.1100 	EXP 	Sound  started
740.7403 	DATA 	Keypress: rctrl
740.8600 	EXP 	Sound  started
741.4763 	DATA 	Keypress: lctrl
741.6100 	EXP 	Sound  started
742.2444 	DATA 	Keypress: lctrl
742.3600 	EXP 	Sound  started
742.9804 	DATA 	Keypress: rctrl
743.1101 	EXP 	Sound  started
743.8601 	EXP 	Sound  started
744.0043 	DATA 	Keypress: lctrl
744.5643 	DATA 	Keypress: rctrl
744.6101 	EXP 	Sound  started
745.2363 	DATA 	Keypress: lctrl
745.3601 	EXP 	Sound  started
746.0203 	DATA 	Keypress: lctrl
746.1101 	EXP 	Sound  started
746.6923 	DATA 	Keypress: rctrl
746.8601 	EXP 	Sound  started
747.6101 	EXP 	Sound  started
747.6524 	DATA 	Keypress: lctrl
748.2763 	DATA 	Keypress: lctrl
748.3601 	EXP 	Sound  started
749.0763 	DATA 	Keypress: rctrl
749.1102 	EXP 	Sound  started
749.8283 	DATA 	Keypress: lctrl
749.8602 	EXP 	Sound  started
750.4844 	DATA 	Keypress: lctrl
750.6102 	EXP 	Sound  started
751.2363 	DATA 	Keypress: rctrl
751.3602 	EXP 	Sound  started
751.9723 	DATA 	Keypress: rctrl
752.1102 	EXP 	Sound  started
752.7083 	DATA 	Keypress: lctrl
752.8602 	EXP 	Sound  started
753.4763 	DATA 	Keypress: rctrl
753.6102 	EXP 	Sound  started
754.2763 	DATA 	Keypress: rctrl
754.3603 	EXP 	Sound  started
755.0283 	DATA 	Keypress: lctrl
755.1103 	EXP 	Sound  started
755.7163 	DATA 	Keypress: rctrl
755.8603 	EXP 	Sound  started
756.5324 	DATA 	Keypress: lctrl
756.6103 	EXP 	Sound  started
757.2683 	DATA 	Keypress: lctrl
757.3603 	EXP 	Sound  started
758.0523 	DATA 	Keypress: rctrl
758.1103 	EXP 	Sound  started
758.8363 	DATA 	Keypress: rctrl
758.8603 	EXP 	Sound  started
759.5403 	DATA 	Keypress: lctrl
759.6104 	EXP 	Sound  started
760.2443 	DATA 	Keypress: rctrl
760.3604 	EXP 	Sound  started
760.9484 	DATA 	Keypress: rctrl
761.1104 	EXP 	Sound  started
761.7323 	DATA 	Keypress: lctrl
761.8604 	EXP 	Sound  started
762.5644 	DATA 	Keypress: lctrl
762.6104 	EXP 	Sound  started
763.2843 	DATA 	Keypress: rctrl
763.3605 	EXP 	Sound  started
764.0043 	DATA 	Keypress: rctrl
764.1105 	EXP 	Sound  started
764.7883 	DATA 	Keypress: rctrl
764.8605 	EXP 	Sound  started
765.4923 	DATA 	Keypress: rctrl
765.6105 	EXP 	Sound  started
766.2763 	DATA 	Keypress: lctrl
766.3605 	EXP 	Sound  started
767.0604 	DATA 	Keypress: lctrl
767.1105 	EXP 	Sound  started
767.8605 	EXP 	Sound  started
767.9243 	DATA 	Keypress: lctrl
768.5163 	DATA 	Keypress: lctrl
768.6105 	EXP 	Sound  started
769.3003 	DATA 	Keypress: lctrl
769.3605 	EXP 	Sound  started
769.9883 	DATA 	Keypress: rctrl
770.1106 	EXP 	Sound  started
770.7083 	DATA 	Keypress: rctrl
770.8606 	EXP 	Sound  started
771.5563 	DATA 	Keypress: lctrl
771.6106 	EXP 	Sound  started
772.3083 	DATA 	Keypress: lctrl
772.3606 	EXP 	Sound  started
773.0604 	DATA 	Keypress: lctrl
773.1106 	EXP 	Sound  started
773.7483 	DATA 	Keypress: rctrl
773.8606 	EXP 	Sound  started
774.5643 	DATA 	Keypress: rctrl
774.6106 	EXP 	Sound  started
775.3607 	EXP 	Sound  started
775.4123 	DATA 	Keypress: rctrl
776.1107 	EXP 	Sound  started
776.3563 	DATA 	Keypress: lctrl
776.8205 	DATA 	Keypress: lctrl
776.8607 	EXP 	Sound  started
777.5403 	DATA 	Keypress: rctrl
777.6107 	EXP 	Sound  started
778.3607 	EXP 	Sound  started
778.4363 	DATA 	Keypress: lctrl
779.0922 	DATA 	Keypress: rctrl
779.1107 	EXP 	Sound  started
779.7322 	DATA 	Keypress: rctrl
783.3653 	DATA 	Keypress: 2
783.3948 	EXP 	unnamed ShapeStim: vertices = <class 'numpy.ndarray'>
787.1313 	DATA 	Keypress: 4
787.1479 	EXP 	unnamed ShapeStim: vertices = <class 'numpy.ndarray'>
789.5839 	DATA 	Keypress: 1
789.6004 	EXP 	unnamed ShapeStim: vertices = <class 'numpy.ndarray'>
793.9030 	DATA 	Keypress: rctrl
1125.2684 	DATA 	Keypress: escape
1125.3311 	EXP 	window1: mouseVisible = True
