213.1671 	WARNING 	User requested fullscreen with size [1024  768], but screen is actually [1920, 1200]. Using actual size
213.9541 	EXP 	Created window1 = Window(allowGUI=False, allowStencil=False, autoLog=True, backendConf=UNKNOWN, bitsMode=UNKNOWN, blendMode='avg', bpc=(8, 8, 8), color=array([0, 0, 0]), colorSpace='rgb', depthBits=8, fullscr=<method-wrapper '__getattribute__' of attributeSetter object at 0x0000021C9A0467B8>, gamma=None, gammaErrorPolicy='raise', lms=UNKNOWN, monitor=<psychopy.monitors.calibTools.Monitor object at 0x0000021C9B7450B8>, multiSample=False, name='window1', numSamples=2, pos=[0.0, 0.0], screen=0, size=array([1920, 1200]), stencilBits=0, stereo=False, units='norm', useFBO=True, useRetina=False, viewOri=0.0, viewPos=None, viewScale=None, waitBlanking=True, winType='pyglet')
213.9545 	EXP 	window1: mouseVisible = True
213.9545 	EXP 	window1: mouseVisible = False
213.9545 	EXP 	window1: recordFrameIntervals = False
214.1206 	EXP 	window1: recordFrameIntervals = True
214.3043 	EXP 	window1: recordFrameIntervals = False
214.3581 	EXP 	Created text = TextStim(__class__=<class 'psychopy.visual.text.TextStim'>, alignHoriz=method-wrapper(...), alignText='center', alignVert=method-wrapper(...), anchorHoriz='center', anchorVert='center', antialias=True, autoLog=True, bold=False, color=array([1., 1., 1.]), colorSpace='rgb', contrast=1.0, depth=0.0, flipHoriz=False, flipVert=False, font='Arial', fontFiles=[], height=0.15, italic=False, languageStyle='LTR', name='text', opacity=1, ori=0, pos=array([0., 0.]), rgb=UNKNOWN, text='+', units='norm', win=Window(...), wrapWidth=1)
214.3793 	EXP 	Created text = TextStim(__class__=<class 'psychopy.visual.text.TextStim'>, alignHoriz=method-wrapper(...), alignText='center', alignVert=method-wrapper(...), anchorHoriz='center', anchorVert='center', antialias=True, autoLog=True, bold=False, color=array([1., 1., 1.]), colorSpace='rgb', contrast=1.0, depth=0.0, flipHoriz=False, flipVert=False, font='Arial', fontFiles=[], height=0.07, italic=False, languageStyle='LTR', name='text', opacity=1, ori=0, pos=array([0., 0.]), rgb=UNKNOWN, text=str(...), units='norm', win=Window(...), wrapWidth=1.65)
214.3887 	EXP 	Created text = TextStim(__class__=<class 'psychopy.visual.text.TextStim'>, alignHoriz=method-wrapper(...), alignText='center', alignVert=method-wrapper(...), anchorHoriz='center', anchorVert='center', antialias=True, autoLog=True, bold=False, color=array([1., 1., 1.]), colorSpace='rgb', contrast=1.0, depth=0.0, flipHoriz=False, flipVert=False, font='Arial', fontFiles=[], height=0.07, italic=False, languageStyle='LTR', name='text', opacity=1, ori=0, pos=array([0., 0.]), rgb=UNKNOWN, text=str(...), units='norm', win=Window(...), wrapWidth=1.65)
214.3973 	EXP 	Created text = TextStim(__class__=<class 'psychopy.visual.text.TextStim'>, alignHoriz=method-wrapper(...), alignText='center', alignVert=method-wrapper(...), anchorHoriz='center', anchorVert='center', antialias=True, autoLog=True, bold=False, color=array([1., 1., 1.]), colorSpace='rgb', contrast=1.0, depth=0.0, flipHoriz=False, flipVert=False, font='Arial', fontFiles=[], height=0.07, italic=False, languageStyle='LTR', name='text', opacity=1, ori=0, pos=array([0., 0.]), rgb=UNKNOWN, text=str(...), units='norm', win=Window(...), wrapWidth=1.65)
214.4076 	EXP 	Created text = TextStim(__class__=<class 'psychopy.visual.text.TextStim'>, alignHoriz=method-wrapper(...), alignText='center', alignVert=method-wrapper(...), anchorHoriz='center', anchorVert='center', antialias=True, autoLog=True, bold=False, color=array([1., 1., 1.]), colorSpace='rgb', contrast=1.0, depth=0.0, flipHoriz=False, flipVert=False, font='Arial', fontFiles=[], height=0.07, italic=False, languageStyle='LTR', name='text', opacity=1, ori=0, pos=array([0., 0.]), rgb=UNKNOWN, text=str(...), units='norm', win=Window(...), wrapWidth=1.65)
214.4136 	EXP 	Created text = TextStim(__class__=<class 'psychopy.visual.text.TextStim'>, alignHoriz=method-wrapper(...), alignText='center', alignVert=method-wrapper(...), anchorHoriz='center', anchorVert='center', antialias=True, autoLog=True, bold=False, color=array([1., 1., 1.]), colorSpace='rgb', contrast=1.0, depth=0.0, flipHoriz=False, flipVert=False, font='Arial', fontFiles=[], height=0.07, italic=False, languageStyle='LTR', name='text', opacity=1, ori=0, pos=array([0., 0.]), rgb=UNKNOWN, text=str(...), units='norm', win=Window(...), wrapWidth=1.65)
214.4271 	EXP 	Created text = TextStim(__class__=<class 'psychopy.visual.text.TextStim'>, alignHoriz=method-wrapper(...), alignText='center', alignVert=method-wrapper(...), anchorHoriz='center', anchorVert='center', antialias=True, autoLog=True, bold=False, color=array([1., 1., 1.]), colorSpace='rgb', contrast=1.0, depth=0.0, flipHoriz=False, flipVert=False, font='Arial', fontFiles=[], height=0.15, italic=False, languageStyle='LTR', name='text', opacity=1, ori=0, pos=array([0., 0.]), rgb=UNKNOWN, text=str(...), units='norm', win=Window(...), wrapWidth=1.65)
214.4554 	EXP 	Created text = TextStim(__class__=<class 'psychopy.visual.text.TextStim'>, alignHoriz=method-wrapper(...), alignText='center', alignVert=method-wrapper(...), anchorHoriz='center', anchorVert='center', antialias=True, autoLog=True, bold=False, color=array([1., 1., 1.]), colorSpace='rgb', contrast=1.0, depth=0.0, flipHoriz=False, flipVert=False, font='Arial', fontFiles=[], height=0.07, italic=False, languageStyle='LTR', name='text', opacity=1, ori=0, pos=array([0., 0.]), rgb=UNKNOWN, text=str(...), units='norm', win=Window(...), wrapWidth=1.65)
214.4759 	EXP 	Created text = TextStim(__class__=<class 'psychopy.visual.text.TextStim'>, alignHoriz=method-wrapper(...), alignText='center', alignVert=method-wrapper(...), anchorHoriz='center', anchorVert='center', antialias=True, autoLog=True, bold=False, color=array([1., 1., 1.]), colorSpace='rgb', contrast=1.0, depth=0.0, flipHoriz=False, flipVert=False, font='Arial', fontFiles=[], height=0.07, italic=False, languageStyle='LTR', name='text', opacity=1, ori=0, pos=array([0., 0.]), rgb=UNKNOWN, text=str(...), units='norm', win=Window(...), wrapWidth=1.65)
214.5059 	EXP 	Created text = TextStim(__class__=<class 'psychopy.visual.text.TextStim'>, alignHoriz=method-wrapper(...), alignText='center', alignVert=method-wrapper(...), anchorHoriz='center', anchorVert='center', antialias=True, autoLog=True, bold=False, color=array([1., 1., 1.]), colorSpace='rgb', contrast=1.0, depth=0.0, flipHoriz=False, flipVert=False, font='Arial', fontFiles=[], height=0.07, italic=False, languageStyle='LTR', name='text', opacity=1, ori=0, pos=array([0., 0.]), rgb=UNKNOWN, text=str(...), units='norm', win=Window(...), wrapWidth=1.65)
214.5294 	EXP 	Created text = TextStim(__class__=<class 'psychopy.visual.text.TextStim'>, alignHoriz=method-wrapper(...), alignText='center', alignVert=method-wrapper(...), anchorHoriz='center', anchorVert='center', antialias=True, autoLog=True, bold=False, color=array([1., 1., 1.]), colorSpace='rgb', contrast=1.0, depth=0.0, flipHoriz=False, flipVert=False, font='Arial', fontFiles=[], height=0.07, italic=False, languageStyle='LTR', name='text', opacity=1, ori=0, pos=array([0., 0.]), rgb=UNKNOWN, text=str(...), units='norm', win=Window(...), wrapWidth=1.65)
214.5577 	EXP 	Created text = TextStim(__class__=<class 'psychopy.visual.text.TextStim'>, alignHoriz=method-wrapper(...), alignText='center', alignVert=method-wrapper(...), anchorHoriz='center', anchorVert='center', antialias=True, autoLog=True, bold=False, color=array([1., 1., 1.]), colorSpace='rgb', contrast=1.0, depth=0.0, flipHoriz=False, flipVert=False, font='Arial', fontFiles=[], height=0.07, italic=False, languageStyle='LTR', name='text', opacity=1, ori=0, pos=array([0., 0.]), rgb=UNKNOWN, text=str(...), units='norm', win=Window(...), wrapWidth=1.65)
214.5679 	EXP 	Created text = TextStim(__class__=<class 'psychopy.visual.text.TextStim'>, alignHoriz=method-wrapper(...), alignText='center', alignVert=method-wrapper(...), anchorHoriz='center', anchorVert='center', antialias=True, autoLog=True, bold=False, color=array([1., 1., 1.]), colorSpace='rgb', contrast=1.0, depth=0.0, flipHoriz=False, flipVert=False, font='Arial', fontFiles=[], height=0.07, italic=False, languageStyle='LTR', name='text', opacity=1, ori=0, pos=array([0., 0.]), rgb=UNKNOWN, text=str(...), units='norm', win=Window(...), wrapWidth=1.65)
214.5799 	EXP 	Created text = TextStim(__class__=<class 'psychopy.visual.text.TextStim'>, alignHoriz=method-wrapper(...), alignText='center', alignVert=method-wrapper(...), anchorHoriz='center', anchorVert='center', antialias=True, autoLog=True, bold=False, color=array([1., 1., 1.]), colorSpace='rgb', contrast=1.0, depth=0.0, flipHoriz=False, flipVert=False, font='Arial', fontFiles=[], height=0.07, italic=False, languageStyle='LTR', name='text', opacity=1, ori=0, pos=array([0., 0.]), rgb=UNKNOWN, text=str(...), units='norm', win=Window(...), wrapWidth=1.65)
214.5842 	EXP 	Created instru = TextStim(__class__=<class 'psychopy.visual.text.TextStim'>, alignHoriz=method-wrapper(...), alignText='center', alignVert=method-wrapper(...), anchorHoriz='center', anchorVert='center', antialias=True, autoLog=True, bold=False, color=array([1., 1., 1.]), colorSpace='rgb', contrast=1.0, depth=0.0, flipHoriz=False, flipVert=False, font='Arial', fontFiles=[], height=0.07, italic=False, languageStyle='LTR', name='instru', opacity=1, ori=0, pos=array([0. , 0.5]), rgb=UNKNOWN, text=str(...), units='norm', win=Window(...), wrapWidth=1)
214.5866 	EXP 	Created unnamed Line = Line(__class__=<class 'psychopy.visual.line.Line'>, autoDraw=False, autoLog=True, closeShape=False, color=array([1., 1., 1.]), colorSpace='rgb', contrast=None, depth=0, fillColor=array([0, 0, 0]), fillColorSpace='rgb', fillRGB=array([0, 0, 0]), interpolate=True, lineColor=array([1., 1., 1.]), lineColorSpace='rgb', lineRGB=array([1, 1, 1]), lineWidth=5, name='unnamed Line', opacity=0.5, ori=0.0, pos=array([0., 0.]), size=array([1., 1.]), units='norm', vertices=array([[-0.5,  0. ],
       [ 0.5,  0. ]]), win=Window(...), windingRule=None)
214.5886 	EXP 	Created unnamed Line = Line(__class__=<class 'psychopy.visual.line.Line'>, autoDraw=False, autoLog=True, closeShape=False, color=array([1., 1., 1.]), colorSpace='rgb', contrast=None, depth=0, fillColor=array([0, 0, 0]), fillColorSpace='rgb', fillRGB=array([0, 0, 0]), interpolate=True, lineColor=array([1., 1., 1.]), lineColorSpace='rgb', lineRGB=array([1, 1, 1]), lineWidth=3, name='unnamed Line', opacity=0.5, ori=0.0, pos=array([0., 0.]), size=array([1., 1.]), units='norm', vertices=array([[-0.5 , -0.05],
       [-0.5 ,  0.05]]), win=Window(...), windingRule=None)
214.5905 	EXP 	Created unnamed Line = Line(__class__=<class 'psychopy.visual.line.Line'>, autoDraw=False, autoLog=True, closeShape=False, color=array([1., 1., 1.]), colorSpace='rgb', contrast=None, depth=0, fillColor=array([0, 0, 0]), fillColorSpace='rgb', fillRGB=array([0, 0, 0]), interpolate=True, lineColor=array([1., 1., 1.]), lineColorSpace='rgb', lineRGB=array([1, 1, 1]), lineWidth=3, name='unnamed Line', opacity=0.5, ori=0.0, pos=array([0., 0.]), size=array([1., 1.]), units='norm', vertices=ndarray(...), win=Window(...), windingRule=None)
214.5925 	EXP 	Created unnamed Line = Line(__class__=<class 'psychopy.visual.line.Line'>, autoDraw=False, autoLog=True, closeShape=False, color=array([1., 1., 1.]), colorSpace='rgb', contrast=None, depth=0, fillColor=array([0, 0, 0]), fillColorSpace='rgb', fillRGB=array([0, 0, 0]), interpolate=True, lineColor=array([1., 1., 1.]), lineColorSpace='rgb', lineRGB=array([1, 1, 1]), lineWidth=3, name='unnamed Line', opacity=0.5, ori=0.0, pos=array([0., 0.]), size=array([1., 1.]), units='norm', vertices=ndarray(...), win=Window(...), windingRule=None)
214.5944 	EXP 	Created unnamed Line = Line(__class__=<class 'psychopy.visual.line.Line'>, autoDraw=False, autoLog=True, closeShape=False, color=array([1., 1., 1.]), colorSpace='rgb', contrast=None, depth=0, fillColor=array([0, 0, 0]), fillColorSpace='rgb', fillRGB=array([0, 0, 0]), interpolate=True, lineColor=array([1., 1., 1.]), lineColorSpace='rgb', lineRGB=array([1, 1, 1]), lineWidth=3, name='unnamed Line', opacity=0.5, ori=0.0, pos=array([0., 0.]), size=array([1., 1.]), units='norm', vertices=array([[ 0.5 , -0.05],
       [ 0.5 ,  0.05]]), win=Window(...), windingRule=None)
214.6070 	EXP 	Created unnamed TextStim = TextStim(__class__=<class 'psychopy.visual.text.TextStim'>, alignHoriz=method-wrapper(...), alignText='center', alignVert=method-wrapper(...), anchorHoriz='center', anchorVert='center', antialias=True, autoLog=True, bold=False, color=array([1., 1., 1.]), colorSpace='rgb', contrast=1.0, depth=0, flipHoriz=False, flipVert=False, font='', fontFiles=[], height=0.05, italic=False, languageStyle='LTR', name='unnamed TextStim', opacity=1.0, ori=0.0, pos=array([-0.5, -0.1]), rgb=UNKNOWN, text='Helt klart \n IKKE FOKUSERT', units='norm', win=Window(...), wrapWidth=1)
214.6080 	EXP 	Created unnamed TextStim = TextStim(__class__=<class 'psychopy.visual.text.TextStim'>, alignHoriz=method-wrapper(...), alignText='center', alignVert=method-wrapper(...), anchorHoriz='center', anchorVert='center', antialias=True, autoLog=True, bold=False, color=array([1., 1., 1.]), colorSpace='rgb', contrast=1.0, depth=0, flipHoriz=False, flipVert=False, font='', fontFiles=[], height=0.05, italic=False, languageStyle='LTR', name='unnamed TextStim', opacity=1.0, ori=0.0, pos=array([-0.16666667, -0.1       ]), rgb=UNKNOWN, text='', units='norm', win=Window(...), wrapWidth=1)
214.6090 	EXP 	Created unnamed TextStim = TextStim(__class__=<class 'psychopy.visual.text.TextStim'>, alignHoriz=method-wrapper(...), alignText='center', alignVert=method-wrapper(...), anchorHoriz='center', anchorVert='center', antialias=True, autoLog=True, bold=False, color=array([1., 1., 1.]), colorSpace='rgb', contrast=1.0, depth=0, flipHoriz=False, flipVert=False, font='', fontFiles=[], height=0.05, italic=False, languageStyle='LTR', name='unnamed TextStim', opacity=1.0, ori=0.0, pos=array([ 0.16666667, -0.1       ]), rgb=UNKNOWN, text='', units='norm', win=Window(...), wrapWidth=1)
214.6120 	EXP 	Created unnamed TextStim = TextStim(__class__=<class 'psychopy.visual.text.TextStim'>, alignHoriz=method-wrapper(...), alignText='center', alignVert=method-wrapper(...), anchorHoriz='center', anchorVert='center', antialias=True, autoLog=True, bold=False, color=array([1., 1., 1.]), colorSpace='rgb', contrast=1.0, depth=0, flipHoriz=False, flipVert=False, font='', fontFiles=[], height=0.05, italic=False, languageStyle='LTR', name='unnamed TextStim', opacity=1.0, ori=0.0, pos=array([ 0.5, -0.1]), rgb=UNKNOWN, text='Helt klart \n FOKUSERT', units='norm', win=Window(...), wrapWidth=1)
214.6139 	EXP 	Created unnamed ShapeStim = ShapeStim(__class__=<class 'psychopy.visual.shape.ShapeStim'>, autoDraw=False, autoLog=True, closeShape=True, color=method-wrapper(...), colorSpace='rgb', contrast=None, depth=0, fillColor=array([1, 1, 1]), fillColorSpace='rgb', fillRGB=array([1, 1, 1]), interpolate=True, lineColor=array([-1., -1., -1.]), lineColorSpace='rgb', lineRGB=array([-1, -1, -1]), lineWidth=1.5, name='unnamed ShapeStim', opacity=1.0, ori=0.0, pos=array([0., 0.]), size=array([1., 1.]), units='norm', vertices=ndarray(...), win=Window(...), windingRule=None)
214.6204 	EXP 	Created instru = TextStim(__class__=<class 'psychopy.visual.text.TextStim'>, alignHoriz=method-wrapper(...), alignText='center', alignVert=method-wrapper(...), anchorHoriz='center', anchorVert='center', antialias=True, autoLog=True, bold=False, color=array([1., 1., 1.]), colorSpace='rgb', contrast=1.0, depth=0.0, flipHoriz=False, flipVert=False, font='Arial', fontFiles=[], height=0.07, italic=False, languageStyle='LTR', name='instru', opacity=1, ori=0, pos=array([0. , 0.5]), rgb=UNKNOWN, text=str(...), units='norm', win=Window(...), wrapWidth=1)
214.6224 	EXP 	Created unnamed Line = Line(__class__=<class 'psychopy.visual.line.Line'>, autoDraw=False, autoLog=True, closeShape=False, color=array([1., 1., 1.]), colorSpace='rgb', contrast=None, depth=0, fillColor=array([0, 0, 0]), fillColorSpace='rgb', fillRGB=array([0, 0, 0]), interpolate=True, lineColor=array([1., 1., 1.]), lineColorSpace='rgb', lineRGB=array([1, 1, 1]), lineWidth=5, name='unnamed Line', opacity=0.5, ori=0.0, pos=array([0., 0.]), size=array([1., 1.]), units='norm', vertices=array([[-0.5,  0. ],
       [ 0.5,  0. ]]), win=Window(...), windingRule=None)
214.6244 	EXP 	Created unnamed Line = Line(__class__=<class 'psychopy.visual.line.Line'>, autoDraw=False, autoLog=True, closeShape=False, color=array([1., 1., 1.]), colorSpace='rgb', contrast=None, depth=0, fillColor=array([0, 0, 0]), fillColorSpace='rgb', fillRGB=array([0, 0, 0]), interpolate=True, lineColor=array([1., 1., 1.]), lineColorSpace='rgb', lineRGB=array([1, 1, 1]), lineWidth=3, name='unnamed Line', opacity=0.5, ori=0.0, pos=array([0., 0.]), size=array([1., 1.]), units='norm', vertices=array([[-0.5 , -0.05],
       [-0.5 ,  0.05]]), win=Window(...), windingRule=None)
214.6263 	EXP 	Created unnamed Line = Line(__class__=<class 'psychopy.visual.line.Line'>, autoDraw=False, autoLog=True, closeShape=False, color=array([1., 1., 1.]), colorSpace='rgb', contrast=None, depth=0, fillColor=array([0, 0, 0]), fillColorSpace='rgb', fillRGB=array([0, 0, 0]), interpolate=True, lineColor=array([1., 1., 1.]), lineColorSpace='rgb', lineRGB=array([1, 1, 1]), lineWidth=3, name='unnamed Line', opacity=0.5, ori=0.0, pos=array([0., 0.]), size=array([1., 1.]), units='norm', vertices=ndarray(...), win=Window(...), windingRule=None)
214.6283 	EXP 	Created unnamed Line = Line(__class__=<class 'psychopy.visual.line.Line'>, autoDraw=False, autoLog=True, closeShape=False, color=array([1., 1., 1.]), colorSpace='rgb', contrast=None, depth=0, fillColor=array([0, 0, 0]), fillColorSpace='rgb', fillRGB=array([0, 0, 0]), interpolate=True, lineColor=array([1., 1., 1.]), lineColorSpace='rgb', lineRGB=array([1, 1, 1]), lineWidth=3, name='unnamed Line', opacity=0.5, ori=0.0, pos=array([0., 0.]), size=array([1., 1.]), units='norm', vertices=ndarray(...), win=Window(...), windingRule=None)
214.6302 	EXP 	Created unnamed Line = Line(__class__=<class 'psychopy.visual.line.Line'>, autoDraw=False, autoLog=True, closeShape=False, color=array([1., 1., 1.]), colorSpace='rgb', contrast=None, depth=0, fillColor=array([0, 0, 0]), fillColorSpace='rgb', fillRGB=array([0, 0, 0]), interpolate=True, lineColor=array([1., 1., 1.]), lineColorSpace='rgb', lineRGB=array([1, 1, 1]), lineWidth=3, name='unnamed Line', opacity=0.5, ori=0.0, pos=array([0., 0.]), size=array([1., 1.]), units='norm', vertices=array([[ 0.5 , -0.05],
       [ 0.5 ,  0.05]]), win=Window(...), windingRule=None)
214.6351 	EXP 	Created unnamed TextStim = TextStim(__class__=<class 'psychopy.visual.text.TextStim'>, alignHoriz=method-wrapper(...), alignText='center', alignVert=method-wrapper(...), anchorHoriz='center', anchorVert='center', antialias=True, autoLog=True, bold=False, color=array([1., 1., 1.]), colorSpace='rgb', contrast=1.0, depth=0, flipHoriz=False, flipVert=False, font='', fontFiles=[], height=0.05, italic=False, languageStyle='LTR', name='unnamed TextStim', opacity=1.0, ori=0.0, pos=array([-0.5, -0.1]), rgb=UNKNOWN, text='Helt klart \n INGENTING', units='norm', win=Window(...), wrapWidth=1)
214.6361 	EXP 	Created unnamed TextStim = TextStim(__class__=<class 'psychopy.visual.text.TextStim'>, alignHoriz=method-wrapper(...), alignText='center', alignVert=method-wrapper(...), anchorHoriz='center', anchorVert='center', antialias=True, autoLog=True, bold=False, color=array([1., 1., 1.]), colorSpace='rgb', contrast=1.0, depth=0, flipHoriz=False, flipVert=False, font='', fontFiles=[], height=0.05, italic=False, languageStyle='LTR', name='unnamed TextStim', opacity=1.0, ori=0.0, pos=array([-0.16666667, -0.1       ]), rgb=UNKNOWN, text='', units='norm', win=Window(...), wrapWidth=1)
214.6371 	EXP 	Created unnamed TextStim = TextStim(__class__=<class 'psychopy.visual.text.TextStim'>, alignHoriz=method-wrapper(...), alignText='center', alignVert=method-wrapper(...), anchorHoriz='center', anchorVert='center', antialias=True, autoLog=True, bold=False, color=array([1., 1., 1.]), colorSpace='rgb', contrast=1.0, depth=0, flipHoriz=False, flipVert=False, font='', fontFiles=[], height=0.05, italic=False, languageStyle='LTR', name='unnamed TextStim', opacity=1.0, ori=0.0, pos=array([ 0.16666667, -0.1       ]), rgb=UNKNOWN, text='', units='norm', win=Window(...), wrapWidth=1)
214.6403 	EXP 	Created unnamed TextStim = TextStim(__class__=<class 'psychopy.visual.text.TextStim'>, alignHoriz=method-wrapper(...), alignText='center', alignVert=method-wrapper(...), anchorHoriz='center', anchorVert='center', antialias=True, autoLog=True, bold=False, color=array([1., 1., 1.]), colorSpace='rgb', contrast=1.0, depth=0, flipHoriz=False, flipVert=False, font='', fontFiles=[], height=0.05, italic=False, languageStyle='LTR', name='unnamed TextStim', opacity=1.0, ori=0.0, pos=array([ 0.5, -0.1]), rgb=UNKNOWN, text='Helt klart \n NOE', units='norm', win=Window(...), wrapWidth=1)
214.6421 	EXP 	Created unnamed ShapeStim = ShapeStim(__class__=<class 'psychopy.visual.shape.ShapeStim'>, autoDraw=False, autoLog=True, closeShape=True, color=method-wrapper(...), colorSpace='rgb', contrast=None, depth=0, fillColor=array([1, 1, 1]), fillColorSpace='rgb', fillRGB=array([1, 1, 1]), interpolate=True, lineColor=array([-1., -1., -1.]), lineColorSpace='rgb', lineRGB=array([-1, -1, -1]), lineWidth=1.5, name='unnamed ShapeStim', opacity=1.0, ori=0.0, pos=array([0., 0.]), size=array([1., 1.]), units='norm', vertices=ndarray(...), win=Window(...), windingRule=None)
214.6488 	EXP 	Created instru = TextStim(__class__=<class 'psychopy.visual.text.TextStim'>, alignHoriz=method-wrapper(...), alignText='center', alignVert=method-wrapper(...), anchorHoriz='center', anchorVert='center', antialias=True, autoLog=True, bold=False, color=array([1., 1., 1.]), colorSpace='rgb', contrast=1.0, depth=0.0, flipHoriz=False, flipVert=False, font='Arial', fontFiles=[], height=0.07, italic=False, languageStyle='LTR', name='instru', opacity=1, ori=0, pos=array([0. , 0.5]), rgb=UNKNOWN, text=str(...), units='norm', win=Window(...), wrapWidth=1)
214.6507 	EXP 	Created unnamed Line = Line(__class__=<class 'psychopy.visual.line.Line'>, autoDraw=False, autoLog=True, closeShape=False, color=array([1., 1., 1.]), colorSpace='rgb', contrast=None, depth=0, fillColor=array([0, 0, 0]), fillColorSpace='rgb', fillRGB=array([0, 0, 0]), interpolate=True, lineColor=array([1., 1., 1.]), lineColorSpace='rgb', lineRGB=array([1, 1, 1]), lineWidth=5, name='unnamed Line', opacity=0.5, ori=0.0, pos=array([0., 0.]), size=array([1., 1.]), units='norm', vertices=array([[-0.5,  0. ],
       [ 0.5,  0. ]]), win=Window(...), windingRule=None)
214.6526 	EXP 	Created unnamed Line = Line(__class__=<class 'psychopy.visual.line.Line'>, autoDraw=False, autoLog=True, closeShape=False, color=array([1., 1., 1.]), colorSpace='rgb', contrast=None, depth=0, fillColor=array([0, 0, 0]), fillColorSpace='rgb', fillRGB=array([0, 0, 0]), interpolate=True, lineColor=array([1., 1., 1.]), lineColorSpace='rgb', lineRGB=array([1, 1, 1]), lineWidth=3, name='unnamed Line', opacity=0.5, ori=0.0, pos=array([0., 0.]), size=array([1., 1.]), units='norm', vertices=array([[-0.5 , -0.05],
       [-0.5 ,  0.05]]), win=Window(...), windingRule=None)
214.6545 	EXP 	Created unnamed Line = Line(__class__=<class 'psychopy.visual.line.Line'>, autoDraw=False, autoLog=True, closeShape=False, color=array([1., 1., 1.]), colorSpace='rgb', contrast=None, depth=0, fillColor=array([0, 0, 0]), fillColorSpace='rgb', fillRGB=array([0, 0, 0]), interpolate=True, lineColor=array([1., 1., 1.]), lineColorSpace='rgb', lineRGB=array([1, 1, 1]), lineWidth=3, name='unnamed Line', opacity=0.5, ori=0.0, pos=array([0., 0.]), size=array([1., 1.]), units='norm', vertices=ndarray(...), win=Window(...), windingRule=None)
214.6565 	EXP 	Created unnamed Line = Line(__class__=<class 'psychopy.visual.line.Line'>, autoDraw=False, autoLog=True, closeShape=False, color=array([1., 1., 1.]), colorSpace='rgb', contrast=None, depth=0, fillColor=array([0, 0, 0]), fillColorSpace='rgb', fillRGB=array([0, 0, 0]), interpolate=True, lineColor=array([1., 1., 1.]), lineColorSpace='rgb', lineRGB=array([1, 1, 1]), lineWidth=3, name='unnamed Line', opacity=0.5, ori=0.0, pos=array([0., 0.]), size=array([1., 1.]), units='norm', vertices=ndarray(...), win=Window(...), windingRule=None)
214.6584 	EXP 	Created unnamed Line = Line(__class__=<class 'psychopy.visual.line.Line'>, autoDraw=False, autoLog=True, closeShape=False, color=array([1., 1., 1.]), colorSpace='rgb', contrast=None, depth=0, fillColor=array([0, 0, 0]), fillColorSpace='rgb', fillRGB=array([0, 0, 0]), interpolate=True, lineColor=array([1., 1., 1.]), lineColorSpace='rgb', lineRGB=array([1, 1, 1]), lineWidth=3, name='unnamed Line', opacity=0.5, ori=0.0, pos=array([0., 0.]), size=array([1., 1.]), units='norm', vertices=array([[ 0.5 , -0.05],
       [ 0.5 ,  0.05]]), win=Window(...), windingRule=None)
214.6632 	EXP 	Created unnamed TextStim = TextStim(__class__=<class 'psychopy.visual.text.TextStim'>, alignHoriz=method-wrapper(...), alignText='center', alignVert=method-wrapper(...), anchorHoriz='center', anchorVert='center', antialias=True, autoLog=True, bold=False, color=array([1., 1., 1.]), colorSpace='rgb', contrast=1.0, depth=0, flipHoriz=False, flipVert=False, font='', fontFiles=[], height=0.05, italic=False, languageStyle='LTR', name='unnamed TextStim', opacity=1.0, ori=0.0, pos=array([-0.5, -0.1]), rgb=UNKNOWN, text='Helt klart \n SPONTAN', units='norm', win=Window(...), wrapWidth=1)
214.6642 	EXP 	Created unnamed TextStim = TextStim(__class__=<class 'psychopy.visual.text.TextStim'>, alignHoriz=method-wrapper(...), alignText='center', alignVert=method-wrapper(...), anchorHoriz='center', anchorVert='center', antialias=True, autoLog=True, bold=False, color=array([1., 1., 1.]), colorSpace='rgb', contrast=1.0, depth=0, flipHoriz=False, flipVert=False, font='', fontFiles=[], height=0.05, italic=False, languageStyle='LTR', name='unnamed TextStim', opacity=1.0, ori=0.0, pos=array([-0.16666667, -0.1       ]), rgb=UNKNOWN, text='', units='norm', win=Window(...), wrapWidth=1)
214.6652 	EXP 	Created unnamed TextStim = TextStim(__class__=<class 'psychopy.visual.text.TextStim'>, alignHoriz=method-wrapper(...), alignText='center', alignVert=method-wrapper(...), anchorHoriz='center', anchorVert='center', antialias=True, autoLog=True, bold=False, color=array([1., 1., 1.]), colorSpace='rgb', contrast=1.0, depth=0, flipHoriz=False, flipVert=False, font='', fontFiles=[], height=0.05, italic=False, languageStyle='LTR', name='unnamed TextStim', opacity=1.0, ori=0.0, pos=array([ 0.16666667, -0.1       ]), rgb=UNKNOWN, text='', units='norm', win=Window(...), wrapWidth=1)
214.6699 	EXP 	Created unnamed TextStim = TextStim(__class__=<class 'psychopy.visual.text.TextStim'>, alignHoriz=method-wrapper(...), alignText='center', alignVert=method-wrapper(...), anchorHoriz='center', anchorVert='center', antialias=True, autoLog=True, bold=False, color=array([1., 1., 1.]), colorSpace='rgb', contrast=1.0, depth=0, flipHoriz=False, flipVert=False, font='', fontFiles=[], height=0.05, italic=False, languageStyle='LTR', name='unnamed TextStim', opacity=1.0, ori=0.0, pos=array([ 0.5, -0.1]), rgb=UNKNOWN, text='Helt klart \n BEVISST', units='norm', win=Window(...), wrapWidth=1)
214.6716 	EXP 	Created unnamed ShapeStim = ShapeStim(__class__=<class 'psychopy.visual.shape.ShapeStim'>, autoDraw=False, autoLog=True, closeShape=True, color=method-wrapper(...), colorSpace='rgb', contrast=None, depth=0, fillColor=array([1, 1, 1]), fillColorSpace='rgb', fillRGB=array([1, 1, 1]), interpolate=True, lineColor=array([-1., -1., -1.]), lineColorSpace='rgb', lineRGB=array([-1, -1, -1]), lineWidth=1.5, name='unnamed ShapeStim', opacity=1.0, ori=0.0, pos=array([0., 0.]), size=array([1., 1.]), units='norm', vertices=ndarray(...), win=Window(...), windingRule=None)
214.7201 	EXP 	Sound  set volume 1.000
214.7481 	EXP 	unnamed ShapeStim: vertices = <class 'numpy.ndarray'>
214.7481 	EXP 	unnamed ShapeStim: vertices = <class 'numpy.ndarray'>
214.7481 	EXP 	unnamed ShapeStim: vertices = <class 'numpy.ndarray'>
225.2569 	DATA 	Keypress: rctrl
227.2248 	DATA 	Keypress: rctrl
229.1449 	DATA 	Keypress: rctrl
229.1662 	EXP 	unnamed TextStim: text = ''
229.1662 	EXP 	unnamed TextStim: text = ''
236.8426 	DATA 	Keypress: 3
236.8721 	EXP 	unnamed ShapeStim: vertices = <class 'numpy.ndarray'>
242.0088 	DATA 	Keypress: rctrl
242.0263 	EXP 	unnamed TextStim: text = ''
242.0263 	EXP 	unnamed TextStim: text = ''
250.6835 	DATA 	Keypress: 2
250.7001 	EXP 	unnamed ShapeStim: vertices = <class 'numpy.ndarray'>
256.1528 	DATA 	Keypress: rctrl
256.1717 	EXP 	unnamed TextStim: text = ''
256.1717 	EXP 	unnamed TextStim: text = ''
262.6934 	DATA 	Keypress: 1
262.7099 	EXP 	unnamed ShapeStim: vertices = <class 'numpy.ndarray'>
271.9928 	DATA 	Keypress: rctrl
281.2568 	DATA 	Keypress: rctrl
289.2888 	DATA 	Keypress: rctrl
289.7989 	EXP 	Sound  started
290.5489 	EXP 	Sound  started
291.2888 	DATA 	Keypress: rctrl
291.2989 	EXP 	Sound  started
291.9928 	DATA 	Keypress: lctrl
292.0489 	EXP 	Sound  started
292.7447 	DATA 	Keypress: rctrl
292.7989 	EXP 	Sound  started
293.4807 	DATA 	Keypress: rctrl
293.5490 	EXP 	Sound  started
294.1848 	DATA 	Keypress: lctrl
294.2990 	EXP 	Sound  started
294.9366 	DATA 	Keypress: lctrl
295.0490 	EXP 	Sound  started
295.7527 	DATA 	Keypress: rctrl
295.7990 	EXP 	Sound  started
296.4566 	DATA 	Keypress: lctrl
296.5490 	EXP 	Sound  started
297.2990 	EXP 	Sound  started
297.8807 	DATA 	Keypress: rctrl
298.0490 	EXP 	Sound  started
298.6486 	DATA 	Keypress: rctrl
298.7990 	EXP 	Sound  started
299.4327 	DATA 	Keypress: rctrl
299.5491 	EXP 	Sound  started
300.1046 	DATA 	Keypress: lctrl
300.2991 	EXP 	Sound  started
300.8566 	DATA 	Keypress: lctrl
301.0491 	EXP 	Sound  started
301.5927 	DATA 	Keypress: lctrl
301.7991 	EXP 	Sound  started
302.3607 	DATA 	Keypress: lctrl
302.5491 	EXP 	Sound  started
303.2247 	DATA 	Keypress: rctrl
303.2991 	EXP 	Sound  started
303.8807 	DATA 	Keypress: lctrl
304.0491 	EXP 	Sound  started
304.7128 	DATA 	Keypress: rctrl
304.7992 	EXP 	Sound  started
305.5447 	DATA 	Keypress: rctrl
305.5492 	EXP 	Sound  started
306.2007 	DATA 	Keypress: lctrl
306.2992 	EXP 	Sound  started
306.9046 	DATA 	Keypress: lctrl
307.0492 	EXP 	Sound  started
307.7687 	DATA 	Keypress: rctrl
307.7992 	EXP 	Sound  started
308.4888 	DATA 	Keypress: lctrl
308.5492 	EXP 	Sound  started
309.2087 	DATA 	Keypress: lctrl
309.2992 	EXP 	Sound  started
309.9927 	DATA 	Keypress: lctrl
310.0492 	EXP 	Sound  started
310.7287 	DATA 	Keypress: rctrl
310.7993 	EXP 	Sound  started
311.4807 	DATA 	Keypress: lctrl
311.5493 	EXP 	Sound  started
312.2487 	DATA 	Keypress: rctrl
312.2993 	EXP 	Sound  started
312.9207 	DATA 	Keypress: lctrl
313.0493 	EXP 	Sound  started
313.6887 	DATA 	Keypress: lctrl
313.7993 	EXP 	Sound  started
314.2967 	DATA 	Keypress: rctrl
314.5494 	EXP 	Sound  started
315.1286 	DATA 	Keypress: rctrl
315.2994 	EXP 	Sound  started
315.9126 	DATA 	Keypress: rctrl
316.0494 	EXP 	Sound  started
316.6967 	DATA 	Keypress: lctrl
316.7994 	EXP 	Sound  started
317.4006 	DATA 	Keypress: lctrl
317.5494 	EXP 	Sound  started
318.2966 	DATA 	Keypress: lctrl
318.2994 	EXP 	Sound  started
319.0494 	EXP 	Sound  started
319.0647 	DATA 	Keypress: lctrl
319.7047 	DATA 	Keypress: rctrl
319.7995 	EXP 	Sound  started
320.5495 	EXP 	Sound  started
320.5847 	DATA 	Keypress: lctrl
321.2087 	DATA 	Keypress: lctrl
321.2995 	EXP 	Sound  started
321.8967 	DATA 	Keypress: rctrl
322.0495 	EXP 	Sound  started
322.6167 	DATA 	Keypress: rctrl
322.7995 	EXP 	Sound  started
323.4807 	DATA 	Keypress: lctrl
323.5495 	EXP 	Sound  started
324.2326 	DATA 	Keypress: rctrl
324.2995 	EXP 	Sound  started
324.9048 	DATA 	Keypress: rctrl
325.0496 	EXP 	Sound  started
325.6726 	DATA 	Keypress: lctrl
325.7996 	EXP 	Sound  started
326.5046 	DATA 	Keypress: lctrl
326.5496 	EXP 	Sound  started
327.2567 	DATA 	Keypress: lctrl
327.2996 	EXP 	Sound  started
327.9446 	DATA 	Keypress: lctrl
328.0496 	EXP 	Sound  started
328.7768 	DATA 	Keypress: rctrl
328.7996 	EXP 	Sound  started
329.5126 	DATA 	Keypress: lctrl
329.5496 	EXP 	Sound  started
330.2807 	DATA 	Keypress: rctrl
330.2996 	EXP 	Sound  started
330.9847 	DATA 	Keypress: rctrl
331.0497 	EXP 	Sound  started
331.7997 	EXP 	Sound  started
331.8006 	DATA 	Keypress: lctrl
332.4566 	DATA 	Keypress: lctrl
332.5497 	EXP 	Sound  started
333.2997 	EXP 	Sound  started
333.4486 	DATA 	Keypress: rctrl
333.9286 	DATA 	Keypress: lctrl
334.0497 	EXP 	Sound  started
334.7127 	DATA 	Keypress: rctrl
334.7997 	EXP 	Sound  started
335.4326 	DATA 	Keypress: rctrl
335.5497 	EXP 	Sound  started
336.2007 	DATA 	Keypress: lctrl
336.2998 	EXP 	Sound  started
336.9847 	DATA 	Keypress: rctrl
337.0498 	EXP 	Sound  started
337.7046 	DATA 	Keypress: rctrl
337.7998 	EXP 	Sound  started
338.3927 	DATA 	Keypress: lctrl
345.8653 	DATA 	Keypress: 4
345.8946 	EXP 	unnamed ShapeStim: vertices = <class 'numpy.ndarray'>
356.1866 	DATA 	Keypress: 1
356.2031 	EXP 	unnamed ShapeStim: vertices = <class 'numpy.ndarray'>
359.8396 	DATA 	Keypress: 1
359.8561 	EXP 	unnamed ShapeStim: vertices = <class 'numpy.ndarray'>
362.1412 	EXP 	Sound  started
362.8911 	EXP 	Sound  started
363.5607 	DATA 	Keypress: lctrl
363.6411 	EXP 	Sound  started
364.2966 	DATA 	Keypress: rctrl
364.3911 	EXP 	Sound  started
365.0327 	DATA 	Keypress: lctrl
365.1411 	EXP 	Sound  started
365.8006 	DATA 	Keypress: lctrl
365.8911 	EXP 	Sound  started
366.5846 	DATA 	Keypress: lctrl
366.6412 	EXP 	Sound  started
367.2566 	DATA 	Keypress: lctrl
367.3912 	EXP 	Sound  started
367.9927 	DATA 	Keypress: lctrl
368.1412 	EXP 	Sound  started
368.8087 	DATA 	Keypress: lctrl
368.8912 	EXP 	Sound  started
369.5287 	DATA 	Keypress: rctrl
369.6412 	EXP 	Sound  started
370.3127 	DATA 	Keypress: lctrl
370.3912 	EXP 	Sound  started
371.0167 	DATA 	Keypress: rctrl
371.1412 	EXP 	Sound  started
371.8913 	EXP 	Sound  started
371.9767 	DATA 	Keypress: rctrl
372.5366 	DATA 	Keypress: rctrl
372.6413 	EXP 	Sound  started
373.2407 	DATA 	Keypress: rctrl
373.3913 	EXP 	Sound  started
373.9927 	DATA 	Keypress: rctrl
374.1413 	EXP 	Sound  started
374.6967 	DATA 	Keypress: lctrl
374.8913 	EXP 	Sound  started
375.4646 	DATA 	Keypress: rctrl
375.6413 	EXP 	Sound  started
376.2806 	DATA 	Keypress: lctrl
376.3913 	EXP 	Sound  started
377.1413 	EXP 	Sound  started
377.6246 	DATA 	Keypress: rctrl
377.8914 	EXP 	Sound  started
378.4247 	DATA 	Keypress: lctrl
378.6414 	EXP 	Sound  started
379.1926 	DATA 	Keypress: lctrl
379.3914 	EXP 	Sound  started
379.8966 	DATA 	Keypress: rctrl
380.1414 	EXP 	Sound  started
380.7126 	DATA 	Keypress: rctrl
380.8914 	EXP 	Sound  started
381.4006 	DATA 	Keypress: lctrl
381.6414 	EXP 	Sound  started
382.2006 	DATA 	Keypress: rctrl
382.3914 	EXP 	Sound  started
383.0006 	DATA 	Keypress: rctrl
383.1415 	EXP 	Sound  started
383.7846 	DATA 	Keypress: lctrl
383.8915 	EXP 	Sound  started
384.5687 	DATA 	Keypress: rctrl
384.6415 	EXP 	Sound  started
385.3526 	DATA 	Keypress: rctrl
385.3915 	EXP 	Sound  started
386.0886 	DATA 	Keypress: lctrl
386.1415 	EXP 	Sound  started
386.8406 	DATA 	Keypress: rctrl
386.8915 	EXP 	Sound  started
387.5446 	DATA 	Keypress: lctrl
387.6415 	EXP 	Sound  started
388.2648 	DATA 	Keypress: lctrl
388.3916 	EXP 	Sound  started
389.0328 	DATA 	Keypress: rctrl
389.1416 	EXP 	Sound  started
389.7846 	DATA 	Keypress: rctrl
389.8916 	EXP 	Sound  started
390.2967 	DATA 	Keypress: lctrl
390.6416 	EXP 	Sound  started
391.0807 	DATA 	Keypress: lctrl
391.3916 	EXP 	Sound  started
391.8486 	DATA 	Keypress: rctrl
392.1416 	EXP 	Sound  started
392.7286 	DATA 	Keypress: rctrl
392.8916 	EXP 	Sound  started
393.4487 	DATA 	Keypress: lctrl
393.6417 	EXP 	Sound  started
394.2486 	DATA 	Keypress: lctrl
394.3917 	EXP 	Sound  started
394.9526 	DATA 	Keypress: rctrl
395.1417 	EXP 	Sound  started
395.7366 	DATA 	Keypress: rctrl
395.8917 	EXP 	Sound  started
396.5206 	DATA 	Keypress: lctrl
396.6417 	EXP 	Sound  started
397.2726 	DATA 	Keypress: lctrl
397.3917 	EXP 	Sound  started
397.9766 	DATA 	Keypress: rctrl
398.1417 	EXP 	Sound  started
398.8406 	DATA 	Keypress: lctrl
398.8917 	EXP 	Sound  started
399.6247 	DATA 	Keypress: rctrl
399.6418 	EXP 	Sound  started
400.2967 	DATA 	Keypress: rctrl
400.3918 	EXP 	Sound  started
401.0806 	DATA 	Keypress: lctrl
401.1418 	EXP 	Sound  started
401.7846 	DATA 	Keypress: rctrl
401.8918 	EXP 	Sound  started
402.5206 	DATA 	Keypress: lctrl
402.6418 	EXP 	Sound  started
403.3046 	DATA 	Keypress: lctrl
403.3918 	EXP 	Sound  started
404.0566 	DATA 	Keypress: lctrl
404.1418 	EXP 	Sound  started
404.7766 	DATA 	Keypress: lctrl
404.8918 	EXP 	Sound  started
405.5126 	DATA 	Keypress: rctrl
405.6419 	EXP 	Sound  started
406.3606 	DATA 	Keypress: rctrl
406.3919 	EXP 	Sound  started
407.1126 	DATA 	Keypress: lctrl
407.1419 	EXP 	Sound  started
407.8166 	DATA 	Keypress: lctrl
407.8919 	EXP 	Sound  started
408.4246 	DATA 	Keypress: rctrl
408.6419 	EXP 	Sound  started
409.2086 	DATA 	Keypress: rctrl
409.3919 	EXP 	Sound  started
409.9447 	DATA 	Keypress: lctrl
410.1420 	EXP 	Sound  started
410.6326 	DATA 	Keypress: rctrl
410.8920 	EXP 	Sound  started
411.5286 	DATA 	Keypress: rctrl
411.6420 	EXP 	Sound  started
412.2965 	DATA 	Keypress: rctrl
412.3920 	EXP 	Sound  started
413.0006 	DATA 	Keypress: lctrl
413.1420 	EXP 	Sound  started
413.7846 	DATA 	Keypress: lctrl
413.8920 	EXP 	Sound  started
414.5206 	DATA 	Keypress: lctrl
414.6421 	EXP 	Sound  started
415.2726 	DATA 	Keypress: lctrl
415.3921 	EXP 	Sound  started
416.0086 	DATA 	Keypress: lctrl
416.1421 	EXP 	Sound  started
416.7446 	DATA 	Keypress: lctrl
416.8921 	EXP 	Sound  started
417.3846 	DATA 	Keypress: rctrl
417.6421 	EXP 	Sound  started
418.2965 	DATA 	Keypress: rctrl
418.3921 	EXP 	Sound  started
419.1286 	DATA 	Keypress: rctrl
419.1421 	EXP 	Sound  started
419.8325 	DATA 	Keypress: rctrl
419.8922 	EXP 	Sound  started
420.5207 	DATA 	Keypress: lctrl
420.6422 	EXP 	Sound  started
421.3922 	EXP 	Sound  started
421.4006 	DATA 	Keypress: lctrl
422.1365 	DATA 	Keypress: rctrl
422.1422 	EXP 	Sound  started
422.8922 	EXP 	Sound  started
422.9206 	DATA 	Keypress: rctrl
423.6086 	DATA 	Keypress: rctrl
428.8460 	DATA 	Keypress: 4
428.8626 	EXP 	unnamed ShapeStim: vertices = <class 'numpy.ndarray'>
435.8017 	DATA 	Keypress: 3
435.8182 	EXP 	unnamed ShapeStim: vertices = <class 'numpy.ndarray'>
442.9909 	DATA 	Keypress: 3
443.0075 	EXP 	unnamed ShapeStim: vertices = <class 'numpy.ndarray'>
445.2922 	EXP 	Sound  started
446.0420 	EXP 	Sound  started
446.7287 	DATA 	Keypress: lctrl
446.7921 	EXP 	Sound  started
447.4006 	DATA 	Keypress: rctrl
447.5421 	EXP 	Sound  started
448.1045 	DATA 	Keypress: lctrl
448.2921 	EXP 	Sound  started
448.9365 	DATA 	Keypress: rctrl
449.0421 	EXP 	Sound  started
449.6566 	DATA 	Keypress: rctrl
449.7921 	EXP 	Sound  started
450.4727 	DATA 	Keypress: lctrl
450.5421 	EXP 	Sound  started
451.1766 	DATA 	Keypress: rctrl
451.2921 	EXP 	Sound  started
451.9126 	DATA 	Keypress: rctrl
452.0421 	EXP 	Sound  started
452.6486 	DATA 	Keypress: rctrl
452.7922 	EXP 	Sound  started
453.4166 	DATA 	Keypress: rctrl
453.5422 	EXP 	Sound  started
454.2166 	DATA 	Keypress: lctrl
454.2922 	EXP 	Sound  started
454.9845 	DATA 	Keypress: rctrl
455.0422 	EXP 	Sound  started
455.6885 	DATA 	Keypress: lctrl
455.7922 	EXP 	Sound  started
456.5206 	DATA 	Keypress: lctrl
456.5423 	EXP 	Sound  started
457.1926 	DATA 	Keypress: rctrl
457.2922 	EXP 	Sound  started
458.0245 	DATA 	Keypress: lctrl
458.0423 	EXP 	Sound  started
458.7766 	DATA 	Keypress: rctrl
458.7923 	EXP 	Sound  started
459.4646 	DATA 	Keypress: rctrl
459.5423 	EXP 	Sound  started
460.2326 	DATA 	Keypress: rctrl
460.2923 	EXP 	Sound  started
461.0423 	EXP 	Sound  started
461.0486 	DATA 	Keypress: lctrl
461.7206 	DATA 	Keypress: rctrl
461.7923 	EXP 	Sound  started
462.5423 	EXP 	Sound  started
462.5525 	DATA 	Keypress: rctrl
463.1926 	DATA 	Keypress: lctrl
463.2924 	EXP 	Sound  started
463.9606 	DATA 	Keypress: rctrl
464.0424 	EXP 	Sound  started
464.7286 	DATA 	Keypress: lctrl
464.7924 	EXP 	Sound  started
465.4965 	DATA 	Keypress: rctrl
465.5424 	EXP 	Sound  started
466.2166 	DATA 	Keypress: rctrl
466.2924 	EXP 	Sound  started
466.9526 	DATA 	Keypress: rctrl
467.0424 	EXP 	Sound  started
467.7205 	DATA 	Keypress: lctrl
467.7925 	EXP 	Sound  started
468.4245 	DATA 	Keypress: lctrl
468.5425 	EXP 	Sound  started
469.2245 	DATA 	Keypress: lctrl
469.2925 	EXP 	Sound  started
470.0425 	EXP 	Sound  started
470.0885 	DATA 	Keypress: lctrl
470.7126 	DATA 	Keypress: rctrl
470.7925 	EXP 	Sound  started
471.5126 	DATA 	Keypress: rctrl
471.5425 	EXP 	Sound  started
472.2165 	DATA 	Keypress: rctrl
472.2925 	EXP 	Sound  started
472.9205 	DATA 	Keypress: rctrl
473.0426 	EXP 	Sound  started
473.6566 	DATA 	Keypress: lctrl
473.7926 	EXP 	Sound  started
474.5207 	DATA 	Keypress: rctrl
474.5426 	EXP 	Sound  started
475.2565 	DATA 	Keypress: rctrl
475.2926 	EXP 	Sound  started
475.9605 	DATA 	Keypress: lctrl
476.0426 	EXP 	Sound  started
476.7286 	DATA 	Keypress: lctrl
476.7926 	EXP 	Sound  started
477.4325 	DATA 	Keypress: lctrl
477.5426 	EXP 	Sound  started
478.2006 	DATA 	Keypress: lctrl
478.2926 	EXP 	Sound  started
478.9526 	DATA 	Keypress: rctrl
479.0427 	EXP 	Sound  started
479.7526 	DATA 	Keypress: rctrl
479.7927 	EXP 	Sound  started
480.5427 	EXP 	Sound  started
480.5527 	DATA 	Keypress: rctrl
481.2086 	DATA 	Keypress: lctrl
481.2927 	EXP 	Sound  started
481.8645 	DATA 	Keypress: lctrl
482.0427 	EXP 	Sound  started
482.6486 	DATA 	Keypress: rctrl
482.7927 	EXP 	Sound  started
483.3845 	DATA 	Keypress: lctrl
483.5427 	EXP 	Sound  started
484.2165 	DATA 	Keypress: lctrl
484.2927 	EXP 	Sound  started
484.9366 	DATA 	Keypress: rctrl
485.0428 	EXP 	Sound  started
485.7365 	DATA 	Keypress: lctrl
485.7928 	EXP 	Sound  started
486.5428 	EXP 	Sound  started
486.5525 	DATA 	Keypress: lctrl
487.1605 	DATA 	Keypress: lctrl
487.2928 	EXP 	Sound  started
487.9926 	DATA 	Keypress: lctrl
488.0428 	EXP 	Sound  started
488.7285 	DATA 	Keypress: rctrl
488.7928 	EXP 	Sound  started
489.4485 	DATA 	Keypress: lctrl
489.5428 	EXP 	Sound  started
490.2326 	DATA 	Keypress: lctrl
490.2928 	EXP 	Sound  started
491.0006 	DATA 	Keypress: lctrl
491.0429 	EXP 	Sound  started
491.6887 	DATA 	Keypress: lctrl
491.7929 	EXP 	Sound  started
492.4725 	DATA 	Keypress: lctrl
492.5429 	EXP 	Sound  started
493.1445 	DATA 	Keypress: rctrl
493.2929 	EXP 	Sound  started
493.9606 	DATA 	Keypress: rctrl
494.0429 	EXP 	Sound  started
494.6646 	DATA 	Keypress: lctrl
494.7929 	EXP 	Sound  started
495.4166 	DATA 	Keypress: rctrl
495.5430 	EXP 	Sound  started
496.1845 	DATA 	Keypress: rctrl
496.2930 	EXP 	Sound  started
496.9686 	DATA 	Keypress: rctrl
497.0430 	EXP 	Sound  started
497.7525 	DATA 	Keypress: lctrl
497.7930 	EXP 	Sound  started
498.4725 	DATA 	Keypress: rctrl
498.5430 	EXP 	Sound  started
499.2725 	DATA 	Keypress: lctrl
499.2930 	EXP 	Sound  started
499.9766 	DATA 	Keypress: lctrl
500.0431 	EXP 	Sound  started
500.6805 	DATA 	Keypress: rctrl
500.7931 	EXP 	Sound  started
501.4646 	DATA 	Keypress: lctrl
501.5431 	EXP 	Sound  started
502.2646 	DATA 	Keypress: rctrl
504.8250 	DATA 	Keypress: 3
504.8414 	EXP 	unnamed ShapeStim: vertices = <class 'numpy.ndarray'>
509.5162 	DATA 	Keypress: 4
509.5453 	EXP 	unnamed ShapeStim: vertices = <class 'numpy.ndarray'>
516.8848 	DATA 	Keypress: 3
516.9013 	EXP 	unnamed ShapeStim: vertices = <class 'numpy.ndarray'>
519.1855 	EXP 	Sound  started
519.9354 	EXP 	Sound  started
519.9766 	DATA 	Keypress: lctrl
520.6646 	DATA 	Keypress: lctrl
520.6854 	EXP 	Sound  started
521.4005 	DATA 	Keypress: rctrl
521.4354 	EXP 	Sound  started
522.1366 	DATA 	Keypress: rctrl
522.1854 	EXP 	Sound  started
522.8405 	DATA 	Keypress: rctrl
522.9354 	EXP 	Sound  started
523.6085 	DATA 	Keypress: rctrl
523.6854 	EXP 	Sound  started
524.3285 	DATA 	Keypress: lctrl
524.4355 	EXP 	Sound  started
525.0965 	DATA 	Keypress: rctrl
525.1855 	EXP 	Sound  started
525.8005 	DATA 	Keypress: lctrl
525.9355 	EXP 	Sound  started
526.5685 	DATA 	Keypress: rctrl
526.6855 	EXP 	Sound  started
527.4355 	EXP 	Sound  started
528.0566 	DATA 	Keypress: lctrl
528.1855 	EXP 	Sound  started
528.7125 	DATA 	Keypress: lctrl
528.9355 	EXP 	Sound  started
529.5765 	DATA 	Keypress: lctrl
529.6856 	EXP 	Sound  started
530.3125 	DATA 	Keypress: rctrl
530.4356 	EXP 	Sound  started
530.9847 	DATA 	Keypress: lctrl
531.1856 	EXP 	Sound  started
531.7846 	DATA 	Keypress: rctrl
531.9356 	EXP 	Sound  started
532.6856 	EXP 	Sound  started
532.7286 	DATA 	Keypress: rctrl
533.2726 	DATA 	Keypress: lctrl
533.4356 	EXP 	Sound  started
534.1205 	DATA 	Keypress: rctrl
534.1856 	EXP 	Sound  started
534.8086 	DATA 	Keypress: rctrl
534.9356 	EXP 	Sound  started
535.5605 	DATA 	Keypress: lctrl
535.6857 	EXP 	Sound  started
536.3765 	DATA 	Keypress: lctrl
536.4357 	EXP 	Sound  started
537.0326 	DATA 	Keypress: lctrl
537.1857 	EXP 	Sound  started
537.8326 	DATA 	Keypress: rctrl
537.9357 	EXP 	Sound  started
538.5525 	DATA 	Keypress: lctrl
538.6857 	EXP 	Sound  started
539.4357 	EXP 	Sound  started
540.1857 	EXP 	Sound  started
540.7446 	DATA 	Keypress: rctrl
540.9357 	EXP 	Sound  started
541.6858 	EXP 	Sound  started
542.2326 	DATA 	Keypress: lctrl
542.4358 	EXP 	Sound  started
543.0805 	DATA 	Keypress: rctrl
543.1858 	EXP 	Sound  started
543.7844 	DATA 	Keypress: lctrl
543.9358 	EXP 	Sound  started
544.6005 	DATA 	Keypress: lctrl
544.6858 	EXP 	Sound  started
545.3045 	DATA 	Keypress: lctrl
545.4358 	EXP 	Sound  started
546.1685 	DATA 	Keypress: rctrl
546.1858 	EXP 	Sound  started
546.8885 	DATA 	Keypress: lctrl
546.9359 	EXP 	Sound  started
547.6406 	DATA 	Keypress: lctrl
547.6859 	EXP 	Sound  started
548.4359 	EXP 	Sound  started
548.4565 	DATA 	Keypress: rctrl
549.1859 	EXP 	Sound  started
549.1926 	DATA 	Keypress: rctrl
549.8645 	DATA 	Keypress: lctrl
549.9359 	EXP 	Sound  started
550.6006 	DATA 	Keypress: rctrl
550.6859 	EXP 	Sound  started
551.3685 	DATA 	Keypress: lctrl
551.4359 	EXP 	Sound  started
552.1525 	DATA 	Keypress: lctrl
552.1860 	EXP 	Sound  started
552.8405 	DATA 	Keypress: lctrl
552.9360 	EXP 	Sound  started
553.5926 	DATA 	Keypress: lctrl
553.6860 	EXP 	Sound  started
554.3766 	DATA 	Keypress: lctrl
554.4360 	EXP 	Sound  started
555.0646 	DATA 	Keypress: rctrl
555.1860 	EXP 	Sound  started
555.8805 	DATA 	Keypress: lctrl
555.9360 	EXP 	Sound  started
556.6860 	EXP 	Sound  started
556.7765 	DATA 	Keypress: lctrl
557.3366 	DATA 	Keypress: lctrl
557.4361 	EXP 	Sound  started
558.0245 	DATA 	Keypress: rctrl
558.1861 	EXP 	Sound  started
558.8405 	DATA 	Keypress: lctrl
558.9361 	EXP 	Sound  started
559.6085 	DATA 	Keypress: lctrl
559.6861 	EXP 	Sound  started
560.3285 	DATA 	Keypress: lctrl
560.4361 	EXP 	Sound  started
561.1285 	DATA 	Keypress: rctrl
561.1861 	EXP 	Sound  started
561.8325 	DATA 	Keypress: rctrl
561.9362 	EXP 	Sound  started
562.5845 	DATA 	Keypress: rctrl
562.6862 	EXP 	Sound  started
563.3365 	DATA 	Keypress: lctrl
563.4362 	EXP 	Sound  started
564.0886 	DATA 	Keypress: lctrl
564.1862 	EXP 	Sound  started
564.7925 	DATA 	Keypress: lctrl
564.9362 	EXP 	Sound  started
565.4965 	DATA 	Keypress: rctrl
565.6862 	EXP 	Sound  started
566.3125 	DATA 	Keypress: lctrl
566.4362 	EXP 	Sound  started
567.0805 	DATA 	Keypress: lctrl
567.1862 	EXP 	Sound  started
567.7845 	DATA 	Keypress: rctrl
567.9363 	EXP 	Sound  started
568.6165 	DATA 	Keypress: lctrl
568.6863 	EXP 	Sound  started
569.3364 	DATA 	Keypress: lctrl
569.4363 	EXP 	Sound  started
570.0085 	DATA 	Keypress: rctrl
570.1863 	EXP 	Sound  started
570.8405 	DATA 	Keypress: lctrl
570.9363 	EXP 	Sound  started
571.6085 	DATA 	Keypress: lctrl
571.6863 	EXP 	Sound  started
572.3765 	DATA 	Keypress: lctrl
572.4363 	EXP 	Sound  started
573.0485 	DATA 	Keypress: rctrl
573.1863 	EXP 	Sound  started
573.8805 	DATA 	Keypress: lctrl
573.9364 	EXP 	Sound  started
574.6006 	DATA 	Keypress: lctrl
574.6864 	EXP 	Sound  started
575.3845 	DATA 	Keypress: lctrl
575.4364 	EXP 	Sound  started
576.0885 	DATA 	Keypress: rctrl
576.1864 	EXP 	Sound  started
576.8565 	DATA 	Keypress: lctrl
576.9364 	EXP 	Sound  started
577.5925 	DATA 	Keypress: rctrl
577.6864 	EXP 	Sound  started
578.3925 	DATA 	Keypress: lctrl
578.4364 	EXP 	Sound  started
579.1765 	DATA 	Keypress: lctrl
579.1864 	EXP 	Sound  started
579.8645 	DATA 	Keypress: rctrl
579.9365 	EXP 	Sound  started
580.6806 	DATA 	Keypress: lctrl
580.6865 	EXP 	Sound  started
581.3366 	DATA 	Keypress: lctrl
581.4365 	EXP 	Sound  started
582.0884 	DATA 	Keypress: lctrl
585.4576 	DATA 	Keypress: 4
585.4741 	EXP 	unnamed ShapeStim: vertices = <class 'numpy.ndarray'>
592.1798 	DATA 	Keypress: 1
592.1963 	EXP 	unnamed ShapeStim: vertices = <class 'numpy.ndarray'>
604.0598 	DATA 	Keypress: 4
604.0894 	EXP 	unnamed ShapeStim: vertices = <class 'numpy.ndarray'>
606.3744 	EXP 	Sound  started
606.6327 	DATA 	Keypress: lctrl
607.1242 	EXP 	Sound  started
607.1444 	DATA 	Keypress: lctrl
607.8646 	DATA 	Keypress: lctrl
607.8742 	EXP 	Sound  started
608.5205 	DATA 	Keypress: lctrl
608.6242 	EXP 	Sound  started
609.2725 	DATA 	Keypress: rctrl
609.3743 	EXP 	Sound  started
610.0884 	DATA 	Keypress: lctrl
610.1243 	EXP 	Sound  started
610.7926 	DATA 	Keypress: rctrl
610.8743 	EXP 	Sound  started
611.5605 	DATA 	Keypress: rctrl
611.6243 	EXP 	Sound  started
612.3446 	DATA 	Keypress: lctrl
612.3743 	EXP 	Sound  started
613.0165 	DATA 	Keypress: rctrl
613.1243 	EXP 	Sound  started
613.8005 	DATA 	Keypress: rctrl
613.8743 	EXP 	Sound  started
614.5526 	DATA 	Keypress: lctrl
614.6244 	EXP 	Sound  started
615.3204 	DATA 	Keypress: rctrl
615.3744 	EXP 	Sound  started
615.9925 	DATA 	Keypress: rctrl
616.1244 	EXP 	Sound  started
616.7925 	DATA 	Keypress: rctrl
616.8744 	EXP 	Sound  started
617.5125 	DATA 	Keypress: rctrl
617.6247 	EXP 	Sound  started
618.3286 	DATA 	Keypress: lctrl
618.3747 	EXP 	Sound  started
619.0325 	DATA 	Keypress: lctrl
619.1247 	EXP 	Sound  started
619.8165 	DATA 	Keypress: rctrl
619.8747 	EXP 	Sound  started
620.5845 	DATA 	Keypress: lctrl
620.6247 	EXP 	Sound  started
621.3685 	DATA 	Keypress: rctrl
621.3748 	EXP 	Sound  started
622.1205 	DATA 	Keypress: lctrl
622.1248 	EXP 	Sound  started
622.8245 	DATA 	Keypress: lctrl
622.8748 	EXP 	Sound  started
623.6245 	DATA 	Keypress: lctrl
623.6248 	EXP 	Sound  started
624.3126 	DATA 	Keypress: rctrl
624.3748 	EXP 	Sound  started
625.0804 	DATA 	Keypress: lctrl
625.1248 	EXP 	Sound  started
625.7845 	DATA 	Keypress: rctrl
625.8748 	EXP 	Sound  started
626.5524 	DATA 	Keypress: rctrl
626.6248 	EXP 	Sound  started
627.2245 	DATA 	Keypress: rctrl
627.3749 	EXP 	Sound  started
628.0245 	DATA 	Keypress: lctrl
628.1249 	EXP 	Sound  started
628.7445 	DATA 	Keypress: rctrl
628.8749 	EXP 	Sound  started
629.4324 	DATA 	Keypress: lctrl
629.6249 	EXP 	Sound  started
630.2485 	DATA 	Keypress: lctrl
630.3749 	EXP 	Sound  started
631.0485 	DATA 	Keypress: lctrl
631.1249 	EXP 	Sound  started
631.8004 	DATA 	Keypress: lctrl
631.8749 	EXP 	Sound  started
632.6005 	DATA 	Keypress: lctrl
632.6250 	EXP 	Sound  started
633.3525 	DATA 	Keypress: rctrl
633.3750 	EXP 	Sound  started
634.0565 	DATA 	Keypress: lctrl
634.1250 	EXP 	Sound  started
634.7605 	DATA 	Keypress: rctrl
634.8750 	EXP 	Sound  started
635.5445 	DATA 	Keypress: rctrl
635.6250 	EXP 	Sound  started
636.2325 	DATA 	Keypress: rctrl
636.3750 	EXP 	Sound  started
636.9685 	DATA 	Keypress: lctrl
637.1250 	EXP 	Sound  started
637.7364 	DATA 	Keypress: lctrl
637.8751 	EXP 	Sound  started
638.4565 	DATA 	Keypress: rctrl
638.6251 	EXP 	Sound  started
639.2565 	DATA 	Keypress: lctrl
639.3751 	EXP 	Sound  started
639.9765 	DATA 	Keypress: lctrl
640.1251 	EXP 	Sound  started
640.7924 	DATA 	Keypress: lctrl
640.8751 	EXP 	Sound  started
641.5445 	DATA 	Keypress: lctrl
641.6251 	EXP 	Sound  started
642.3125 	DATA 	Keypress: rctrl
642.3751 	EXP 	Sound  started
643.0325 	DATA 	Keypress: rctrl
643.1251 	EXP 	Sound  started
643.8485 	DATA 	Keypress: rctrl
643.8752 	EXP 	Sound  started
644.5525 	DATA 	Keypress: lctrl
644.6252 	EXP 	Sound  started
645.3364 	DATA 	Keypress: lctrl
645.3752 	EXP 	Sound  started
646.0244 	DATA 	Keypress: lctrl
646.1252 	EXP 	Sound  started
646.7925 	DATA 	Keypress: lctrl
651.5324 	DATA 	Keypress: 2
651.5616 	EXP 	unnamed ShapeStim: vertices = <class 'numpy.ndarray'>
657.1997 	DATA 	Keypress: 1
657.2162 	EXP 	unnamed ShapeStim: vertices = <class 'numpy.ndarray'>
665.0394 	DATA 	Keypress: 1
665.0559 	EXP 	unnamed ShapeStim: vertices = <class 'numpy.ndarray'>
667.3413 	EXP 	Sound  started
667.5605 	DATA 	Keypress: lctrl
668.0884 	DATA 	Keypress: lctrl
668.0912 	EXP 	Sound  started
668.7764 	DATA 	Keypress: lctrl
668.8412 	EXP 	Sound  started
669.5285 	DATA 	Keypress: rctrl
669.5912 	EXP 	Sound  started
670.1845 	DATA 	Keypress: lctrl
670.3412 	EXP 	Sound  started
670.9844 	DATA 	Keypress: rctrl
671.0912 	EXP 	Sound  started
671.8005 	DATA 	Keypress: rctrl
671.8413 	EXP 	Sound  started
672.5364 	DATA 	Keypress: rctrl
672.5913 	EXP 	Sound  started
673.3204 	DATA 	Keypress: rctrl
673.3413 	EXP 	Sound  started
674.0913 	EXP 	Sound  started
674.1365 	DATA 	Keypress: lctrl
674.8244 	DATA 	Keypress: lctrl
674.8413 	EXP 	Sound  started
675.5913 	EXP 	Sound  started
675.6244 	DATA 	Keypress: lctrl
676.1684 	DATA 	Keypress: rctrl
676.3413 	EXP 	Sound  started
677.0164 	DATA 	Keypress: rctrl
677.0913 	EXP 	Sound  started
677.7525 	DATA 	Keypress: rctrl
677.8414 	EXP 	Sound  started
678.4086 	DATA 	Keypress: lctrl
678.5914 	EXP 	Sound  started
679.2565 	DATA 	Keypress: rctrl
679.3414 	EXP 	Sound  started
679.9764 	DATA 	Keypress: lctrl
680.0914 	EXP 	Sound  started
680.7445 	DATA 	Keypress: lctrl
680.8414 	EXP 	Sound  started
681.4964 	DATA 	Keypress: rctrl
681.5914 	EXP 	Sound  started
682.2485 	DATA 	Keypress: rctrl
682.3414 	EXP 	Sound  started
682.9684 	DATA 	Keypress: lctrl
683.0915 	EXP 	Sound  started
683.7845 	DATA 	Keypress: lctrl
683.8415 	EXP 	Sound  started
684.5204 	DATA 	Keypress: rctrl
684.5915 	EXP 	Sound  started
685.3364 	DATA 	Keypress: lctrl
685.3415 	EXP 	Sound  started
685.9925 	DATA 	Keypress: lctrl
686.0915 	EXP 	Sound  started
686.7924 	DATA 	Keypress: lctrl
686.8415 	EXP 	Sound  started
687.4804 	DATA 	Keypress: lctrl
687.5915 	EXP 	Sound  started
688.1845 	DATA 	Keypress: rctrl
688.3415 	EXP 	Sound  started
688.9684 	DATA 	Keypress: lctrl
689.0916 	EXP 	Sound  started
689.7364 	DATA 	Keypress: lctrl
689.8416 	EXP 	Sound  started
690.5045 	DATA 	Keypress: rctrl
690.5916 	EXP 	Sound  started
691.2084 	DATA 	Keypress: lctrl
691.3416 	EXP 	Sound  started
691.9924 	DATA 	Keypress: lctrl
692.0916 	EXP 	Sound  started
692.7604 	DATA 	Keypress: lctrl
692.8416 	EXP 	Sound  started
693.5124 	DATA 	Keypress: lctrl
693.5916 	EXP 	Sound  started
694.2645 	DATA 	Keypress: rctrl
694.3417 	EXP 	Sound  started
695.0004 	DATA 	Keypress: lctrl
695.0917 	EXP 	Sound  started
695.8417 	EXP 	Sound  started
696.0084 	DATA 	Keypress: rctrl
696.4884 	DATA 	Keypress: rctrl
696.5917 	EXP 	Sound  started
697.1605 	DATA 	Keypress: lctrl
697.3417 	EXP 	Sound  started
697.9124 	DATA 	Keypress: rctrl
698.0917 	EXP 	Sound  started
698.7445 	DATA 	Keypress: lctrl
698.8417 	EXP 	Sound  started
699.5284 	DATA 	Keypress: lctrl
699.5918 	EXP 	Sound  started
700.3284 	DATA 	Keypress: rctrl
700.3418 	EXP 	Sound  started
701.0484 	DATA 	Keypress: lctrl
701.0918 	EXP 	Sound  started
701.8324 	DATA 	Keypress: lctrl
701.8418 	EXP 	Sound  started
702.5918 	EXP 	Sound  started
702.6004 	DATA 	Keypress: lctrl
703.3364 	DATA 	Keypress: rctrl
703.3418 	EXP 	Sound  started
704.0404 	DATA 	Keypress: lctrl
704.0918 	EXP 	Sound  started
704.8405 	DATA 	Keypress: rctrl
704.8419 	EXP 	Sound  started
705.4964 	DATA 	Keypress: lctrl
705.5919 	EXP 	Sound  started
706.2485 	DATA 	Keypress: lctrl
706.3419 	EXP 	Sound  started
707.0324 	DATA 	Keypress: rctrl
707.0919 	EXP 	Sound  started
707.7524 	DATA 	Keypress: lctrl
707.8419 	EXP 	Sound  started
708.5844 	DATA 	Keypress: lctrl
708.5919 	EXP 	Sound  started
709.2724 	DATA 	Keypress: rctrl
709.3419 	EXP 	Sound  started
710.0725 	DATA 	Keypress: lctrl
710.0919 	EXP 	Sound  started
710.8084 	DATA 	Keypress: rctrl
710.8420 	EXP 	Sound  started
711.5920 	EXP 	Sound  started
711.5925 	DATA 	Keypress: rctrl
712.2485 	DATA 	Keypress: lctrl
712.3420 	EXP 	Sound  started
713.0004 	DATA 	Keypress: lctrl
713.0920 	EXP 	Sound  started
713.7844 	DATA 	Keypress: rctrl
713.8420 	EXP 	Sound  started
714.5920 	EXP 	Sound  started
714.6004 	DATA 	Keypress: lctrl
715.3045 	DATA 	Keypress: rctrl
715.3420 	EXP 	Sound  started
716.0921 	EXP 	Sound  started
716.2004 	DATA 	Keypress: rctrl
716.7125 	DATA 	Keypress: lctrl
716.8421 	EXP 	Sound  started
717.4485 	DATA 	Keypress: rctrl
717.5921 	EXP 	Sound  started
718.2164 	DATA 	Keypress: lctrl
718.3421 	EXP 	Sound  started
718.9364 	DATA 	Keypress: rctrl
719.0921 	EXP 	Sound  started
719.7205 	DATA 	Keypress: lctrl
719.8421 	EXP 	Sound  started
720.5044 	DATA 	Keypress: lctrl
720.5921 	EXP 	Sound  started
721.2404 	DATA 	Keypress: lctrl
721.3422 	EXP 	Sound  started
722.0244 	DATA 	Keypress: lctrl
722.0922 	EXP 	Sound  started
722.7764 	DATA 	Keypress: rctrl
722.8422 	EXP 	Sound  started
723.4484 	DATA 	Keypress: rctrl
723.5922 	EXP 	Sound  started
724.2964 	DATA 	Keypress: lctrl
724.3422 	EXP 	Sound  started
726.9568 	DATA 	Keypress: 4
726.9733 	EXP 	unnamed ShapeStim: vertices = <class 'numpy.ndarray'>
732.6819 	DATA 	Keypress: 1
732.7113 	EXP 	unnamed ShapeStim: vertices = <class 'numpy.ndarray'>
736.1311 	DATA 	Keypress: 4
736.1475 	EXP 	unnamed ShapeStim: vertices = <class 'numpy.ndarray'>
738.4321 	EXP 	Sound  started
738.5525 	DATA 	Keypress: rctrl
739.0805 	DATA 	Keypress: rctrl
739.1820 	EXP 	Sound  started
739.8644 	DATA 	Keypress: rctrl
739.9320 	EXP 	Sound  started
740.6164 	DATA 	Keypress: lctrl
740.6820 	EXP 	Sound  started
741.4163 	DATA 	Keypress: lctrl
741.4320 	EXP 	Sound  started
742.1820 	EXP 	Sound  started
742.2805 	DATA 	Keypress: lctrl
742.8885 	DATA 	Keypress: lctrl
742.9320 	EXP 	Sound  started
743.6565 	DATA 	Keypress: lctrl
743.6821 	EXP 	Sound  started
744.4084 	DATA 	Keypress: rctrl
744.4321 	EXP 	Sound  started
745.0644 	DATA 	Keypress: rctrl
745.1821 	EXP 	Sound  started
745.8804 	DATA 	Keypress: lctrl
745.9321 	EXP 	Sound  started
746.6804 	DATA 	Keypress: lctrl
746.6821 	EXP 	Sound  started
747.3684 	DATA 	Keypress: rctrl
747.4321 	EXP 	Sound  started
748.0723 	DATA 	Keypress: lctrl
748.1821 	EXP 	Sound  started
748.7924 	DATA 	Keypress: lctrl
748.9322 	EXP 	Sound  started
749.5764 	DATA 	Keypress: lctrl
749.6822 	EXP 	Sound  started
750.3444 	DATA 	Keypress: rctrl
750.4322 	EXP 	Sound  started
750.9683 	DATA 	Keypress: lctrl
751.1822 	EXP 	Sound  started
751.7844 	DATA 	Keypress: rctrl
751.9322 	EXP 	Sound  started
752.6484 	DATA 	Keypress: lctrl
752.6822 	EXP 	Sound  started
753.4164 	DATA 	Keypress: rctrl
753.4323 	EXP 	Sound  started
754.1044 	DATA 	Keypress: rctrl
754.1823 	EXP 	Sound  started
754.9204 	DATA 	Keypress: lctrl
754.9323 	EXP 	Sound  started
755.6565 	DATA 	Keypress: rctrl
755.6823 	EXP 	Sound  started
756.3764 	DATA 	Keypress: lctrl
756.4323 	EXP 	Sound  started
757.1284 	DATA 	Keypress: lctrl
757.1823 	EXP 	Sound  started
757.8323 	DATA 	Keypress: rctrl
757.9323 	EXP 	Sound  started
758.5684 	DATA 	Keypress: rctrl
758.6823 	EXP 	Sound  started
759.3204 	DATA 	Keypress: lctrl
759.4324 	EXP 	Sound  started
760.0725 	DATA 	Keypress: rctrl
760.1824 	EXP 	Sound  started
760.8564 	DATA 	Keypress: lctrl
760.9324 	EXP 	Sound  started
761.6404 	DATA 	Keypress: rctrl
761.6824 	EXP 	Sound  started
762.2964 	DATA 	Keypress: lctrl
762.4324 	EXP 	Sound  started
763.0004 	DATA 	Keypress: rctrl
763.1824 	EXP 	Sound  started
763.8484 	DATA 	Keypress: rctrl
763.9324 	EXP 	Sound  started
764.6164 	DATA 	Keypress: rctrl
764.6825 	EXP 	Sound  started
765.4004 	DATA 	Keypress: rctrl
765.4325 	EXP 	Sound  started
766.1825 	EXP 	Sound  started
766.2324 	DATA 	Keypress: rctrl
766.8884 	DATA 	Keypress: lctrl
766.9325 	EXP 	Sound  started
767.6244 	DATA 	Keypress: rctrl
767.6825 	EXP 	Sound  started
768.4325 	EXP 	Sound  started
768.4884 	DATA 	Keypress: lctrl
769.1444 	DATA 	Keypress: lctrl
769.1825 	EXP 	Sound  started
769.9285 	DATA 	Keypress: rctrl
769.9326 	EXP 	Sound  started
770.6645 	DATA 	Keypress: lctrl
770.6826 	EXP 	Sound  started
771.3845 	DATA 	Keypress: rctrl
771.4326 	EXP 	Sound  started
772.1204 	DATA 	Keypress: rctrl
772.1826 	EXP 	Sound  started
772.8563 	DATA 	Keypress: rctrl
772.9326 	EXP 	Sound  started
773.6724 	DATA 	Keypress: rctrl
773.6826 	EXP 	Sound  started
774.2805 	DATA 	Keypress: rctrl
774.4326 	EXP 	Sound  started
774.8723 	DATA 	Keypress: lctrl
775.1826 	EXP 	Sound  started
775.6725 	DATA 	Keypress: rctrl
775.9327 	EXP 	Sound  started
776.4884 	DATA 	Keypress: lctrl
776.6827 	EXP 	Sound  started
777.2884 	DATA 	Keypress: rctrl
777.4327 	EXP 	Sound  started
777.9924 	DATA 	Keypress: lctrl
778.1827 	EXP 	Sound  started
778.8724 	DATA 	Keypress: lctrl
778.9327 	EXP 	Sound  started
779.6827 	EXP 	Sound  started
779.7844 	DATA 	Keypress: lctrl
780.3764 	DATA 	Keypress: lctrl
780.4327 	EXP 	Sound  started
781.1445 	DATA 	Keypress: lctrl
781.1827 	EXP 	Sound  started
781.8804 	DATA 	Keypress: lctrl
781.9328 	EXP 	Sound  started
782.5844 	DATA 	Keypress: lctrl
782.6828 	EXP 	Sound  started
783.2885 	DATA 	Keypress: lctrl
790.3254 	DATA 	Keypress: 3
790.3419 	EXP 	unnamed ShapeStim: vertices = <class 'numpy.ndarray'>
794.7957 	DATA 	Keypress: 3
794.8122 	EXP 	unnamed ShapeStim: vertices = <class 'numpy.ndarray'>
799.5997 	DATA 	Keypress: 3
799.6161 	EXP 	unnamed ShapeStim: vertices = <class 'numpy.ndarray'>
801.9011 	EXP 	Sound  started
801.9285 	DATA 	Keypress: rctrl
802.5204 	DATA 	Keypress: lctrl
802.6509 	EXP 	Sound  started
803.2564 	DATA 	Keypress: lctrl
803.4009 	EXP 	Sound  started
804.0723 	DATA 	Keypress: lctrl
804.1509 	EXP 	Sound  started
804.7764 	DATA 	Keypress: rctrl
804.9009 	EXP 	Sound  started
805.5443 	DATA 	Keypress: lctrl
805.6510 	EXP 	Sound  started
806.2804 	DATA 	Keypress: rctrl
806.4010 	EXP 	Sound  started
807.0164 	DATA 	Keypress: rctrl
807.1510 	EXP 	Sound  started
807.8324 	DATA 	Keypress: rctrl
807.9010 	EXP 	Sound  started
808.5364 	DATA 	Keypress: rctrl
808.6510 	EXP 	Sound  started
809.3364 	DATA 	Keypress: lctrl
809.4010 	EXP 	Sound  started
810.0563 	DATA 	Keypress: lctrl
810.1511 	EXP 	Sound  started
810.7444 	DATA 	Keypress: rctrl
810.9011 	EXP 	Sound  started
811.4804 	DATA 	Keypress: rctrl
811.6511 	EXP 	Sound  started
812.3444 	DATA 	Keypress: lctrl
812.4011 	EXP 	Sound  started
813.0804 	DATA 	Keypress: lctrl
813.1511 	EXP 	Sound  started
813.7843 	DATA 	Keypress: rctrl
813.9011 	EXP 	Sound  started
814.5044 	DATA 	Keypress: rctrl
814.6511 	EXP 	Sound  started
815.2883 	DATA 	Keypress: rctrl
815.4011 	EXP 	Sound  started
816.0564 	DATA 	Keypress: rctrl
816.1511 	EXP 	Sound  started
816.7283 	DATA 	Keypress: rctrl
816.9012 	EXP 	Sound  started
817.5125 	DATA 	Keypress: rctrl
817.6512 	EXP 	Sound  started
818.2804 	DATA 	Keypress: rctrl
818.4012 	EXP 	Sound  started
819.0483 	DATA 	Keypress: rctrl
819.1512 	EXP 	Sound  started
819.8164 	DATA 	Keypress: lctrl
819.9012 	EXP 	Sound  started
820.5203 	DATA 	Keypress: rctrl
820.6512 	EXP 	Sound  started
821.3204 	DATA 	Keypress: lctrl
821.4013 	EXP 	Sound  started
822.0244 	DATA 	Keypress: lctrl
822.1513 	EXP 	Sound  started
822.7284 	DATA 	Keypress: rctrl
822.9013 	EXP 	Sound  started
823.5125 	DATA 	Keypress: rctrl
823.6513 	EXP 	Sound  started
824.3603 	DATA 	Keypress: rctrl
824.4013 	EXP 	Sound  started
825.0803 	DATA 	Keypress: lctrl
825.1513 	EXP 	Sound  started
825.8323 	DATA 	Keypress: rctrl
825.9013 	EXP 	Sound  started
826.6163 	DATA 	Keypress: lctrl
826.6513 	EXP 	Sound  started
827.3683 	DATA 	Keypress: lctrl
827.4014 	EXP 	Sound  started
828.1363 	DATA 	Keypress: rctrl
828.1514 	EXP 	Sound  started
828.8245 	DATA 	Keypress: lctrl
828.9014 	EXP 	Sound  started
829.5284 	DATA 	Keypress: lctrl
829.6514 	EXP 	Sound  started
830.2804 	DATA 	Keypress: rctrl
830.4014 	EXP 	Sound  started
831.1285 	DATA 	Keypress: lctrl
831.1515 	EXP 	Sound  started
831.9015 	EXP 	Sound  started
832.1204 	DATA 	Keypress: lctrl
832.6003 	DATA 	Keypress: lctrl
832.6515 	EXP 	Sound  started
833.3205 	DATA 	Keypress: lctrl
833.4015 	EXP 	Sound  started
834.0404 	DATA 	Keypress: rctrl
834.1515 	EXP 	Sound  started
834.7763 	DATA 	Keypress: rctrl
834.9015 	EXP 	Sound  started
835.4963 	DATA 	Keypress: rctrl
835.6515 	EXP 	Sound  started
836.3123 	DATA 	Keypress: lctrl
836.4015 	EXP 	Sound  started
837.0964 	DATA 	Keypress: lctrl
837.1516 	EXP 	Sound  started
837.8163 	DATA 	Keypress: lctrl
837.9016 	EXP 	Sound  started
838.5523 	DATA 	Keypress: lctrl
838.6516 	EXP 	Sound  started
839.3363 	DATA 	Keypress: lctrl
839.4016 	EXP 	Sound  started
839.9763 	DATA 	Keypress: rctrl
840.1516 	EXP 	Sound  started
840.7763 	DATA 	Keypress: rctrl
840.9016 	EXP 	Sound  started
841.5444 	DATA 	Keypress: rctrl
841.6516 	EXP 	Sound  started
842.3124 	DATA 	Keypress: rctrl
842.4016 	EXP 	Sound  started
843.1123 	DATA 	Keypress: rctrl
843.1516 	EXP 	Sound  started
843.7683 	DATA 	Keypress: rctrl
843.9016 	EXP 	Sound  started
844.5683 	DATA 	Keypress: rctrl
844.6517 	EXP 	Sound  started
845.4017 	EXP 	Sound  started
845.4324 	DATA 	Keypress: rctrl
846.0084 	DATA 	Keypress: rctrl
846.1517 	EXP 	Sound  started
846.7284 	DATA 	Keypress: lctrl
846.9017 	EXP 	Sound  started
847.5284 	DATA 	Keypress: lctrl
847.6517 	EXP 	Sound  started
848.3124 	DATA 	Keypress: lctrl
848.4017 	EXP 	Sound  started
849.0803 	DATA 	Keypress: rctrl
849.1517 	EXP 	Sound  started
849.8003 	DATA 	Keypress: lctrl
849.9018 	EXP 	Sound  started
850.5523 	DATA 	Keypress: rctrl
850.6518 	EXP 	Sound  started
851.2723 	DATA 	Keypress: lctrl
858.1309 	DATA 	Keypress: 4
858.1474 	EXP 	unnamed ShapeStim: vertices = <class 'numpy.ndarray'>
861.3542 	DATA 	Keypress: 4
861.3834 	EXP 	unnamed ShapeStim: vertices = <class 'numpy.ndarray'>
866.6546 	DATA 	Keypress: 1
866.6710 	EXP 	unnamed ShapeStim: vertices = <class 'numpy.ndarray'>
868.9554 	EXP 	Sound  started
868.9684 	DATA 	Keypress: lctrl
869.5923 	DATA 	Keypress: lctrl
869.7053 	EXP 	Sound  started
870.3443 	DATA 	Keypress: lctrl
870.4553 	EXP 	Sound  started
871.1123 	DATA 	Keypress: rctrl
871.2053 	EXP 	Sound  started
871.8323 	DATA 	Keypress: lctrl
871.9553 	EXP 	Sound  started
872.6644 	DATA 	Keypress: rctrl
872.7054 	EXP 	Sound  started
873.3844 	DATA 	Keypress: rctrl
873.4554 	EXP 	Sound  started
874.1524 	DATA 	Keypress: rctrl
874.2054 	EXP 	Sound  started
874.9554 	EXP 	Sound  started
875.6244 	DATA 	Keypress: lctrl
875.7054 	EXP 	Sound  started
876.3603 	DATA 	Keypress: rctrl
876.4554 	EXP 	Sound  started
877.1123 	DATA 	Keypress: lctrl
877.2055 	EXP 	Sound  started
877.8644 	DATA 	Keypress: rctrl
877.9555 	EXP 	Sound  started
878.6003 	DATA 	Keypress: rctrl
878.7055 	EXP 	Sound  started
879.3684 	DATA 	Keypress: rctrl
879.4555 	EXP 	Sound  started
880.1683 	DATA 	Keypress: rctrl
880.2055 	EXP 	Sound  started
880.8563 	DATA 	Keypress: lctrl
880.9555 	EXP 	Sound  started
881.6563 	DATA 	Keypress: rctrl
881.7055 	EXP 	Sound  started
882.1523 	DATA 	Keypress: rctrl
882.4555 	EXP 	Sound  started
883.0963 	DATA 	Keypress: rctrl
883.2056 	EXP 	Sound  started
883.8163 	DATA 	Keypress: rctrl
883.9556 	EXP 	Sound  started
884.6963 	DATA 	Keypress: rctrl
884.7056 	EXP 	Sound  started
885.4483 	DATA 	Keypress: lctrl
885.4556 	EXP 	Sound  started
886.2003 	DATA 	Keypress: lctrl
886.2056 	EXP 	Sound  started
886.9523 	DATA 	Keypress: rctrl
886.9556 	EXP 	Sound  started
887.7043 	DATA 	Keypress: rctrl
887.7056 	EXP 	Sound  started
888.3604 	DATA 	Keypress: lctrl
888.4557 	EXP 	Sound  started
889.0963 	DATA 	Keypress: lctrl
889.2057 	EXP 	Sound  started
889.8483 	DATA 	Keypress: lctrl
889.9557 	EXP 	Sound  started
890.6163 	DATA 	Keypress: lctrl
890.7057 	EXP 	Sound  started
891.4164 	DATA 	Keypress: rctrl
891.4557 	EXP 	Sound  started
892.1203 	DATA 	Keypress: lctrl
892.2057 	EXP 	Sound  started
892.9043 	DATA 	Keypress: lctrl
892.9557 	EXP 	Sound  started
893.5763 	DATA 	Keypress: lctrl
893.7058 	EXP 	Sound  started
894.3603 	DATA 	Keypress: rctrl
894.4558 	EXP 	Sound  started
895.0963 	DATA 	Keypress: lctrl
895.2058 	EXP 	Sound  started
895.9558 	EXP 	Sound  started
896.6163 	DATA 	Keypress: rctrl
896.7058 	EXP 	Sound  started
897.3843 	DATA 	Keypress: rctrl
897.4558 	EXP 	Sound  started
898.1043 	DATA 	Keypress: rctrl
898.2058 	EXP 	Sound  started
898.8403 	DATA 	Keypress: lctrl
898.9559 	EXP 	Sound  started
899.6244 	DATA 	Keypress: rctrl
899.7059 	EXP 	Sound  started
900.4083 	DATA 	Keypress: lctrl
900.4559 	EXP 	Sound  started
901.1923 	DATA 	Keypress: lctrl
901.2059 	EXP 	Sound  started
901.9444 	DATA 	Keypress: rctrl
901.9559 	EXP 	Sound  started
902.6324 	DATA 	Keypress: lctrl
902.7059 	EXP 	Sound  started
903.4003 	DATA 	Keypress: lctrl
903.4559 	EXP 	Sound  started
904.1363 	DATA 	Keypress: rctrl
904.2059 	EXP 	Sound  started
904.9524 	DATA 	Keypress: lctrl
904.9560 	EXP 	Sound  started
905.6243 	DATA 	Keypress: rctrl
905.7060 	EXP 	Sound  started
906.3923 	DATA 	Keypress: rctrl
906.4560 	EXP 	Sound  started
907.0483 	DATA 	Keypress: lctrl
907.2060 	EXP 	Sound  started
907.8163 	DATA 	Keypress: lctrl
907.9560 	EXP 	Sound  started
908.5683 	DATA 	Keypress: rctrl
908.7060 	EXP 	Sound  started
909.3043 	DATA 	Keypress: lctrl
909.4560 	EXP 	Sound  started
910.1364 	DATA 	Keypress: lctrl
910.2060 	EXP 	Sound  started
910.7283 	DATA 	Keypress: rctrl
910.9561 	EXP 	Sound  started
911.6242 	DATA 	Keypress: lctrl
911.7061 	EXP 	Sound  started
912.3763 	DATA 	Keypress: rctrl
915.1312 	DATA 	Keypress: 2
915.1608 	EXP 	unnamed ShapeStim: vertices = <class 'numpy.ndarray'>
918.8139 	DATA 	Keypress: 3
918.8304 	EXP 	unnamed ShapeStim: vertices = <class 'numpy.ndarray'>
921.4499 	DATA 	Keypress: 1
921.4664 	EXP 	unnamed ShapeStim: vertices = <class 'numpy.ndarray'>
923.7514 	EXP 	Sound  started
924.5013 	EXP 	Sound  started
925.2513 	EXP 	Sound  started
925.2884 	DATA 	Keypress: lctrl
926.0013 	EXP 	Sound  started
926.0403 	DATA 	Keypress: lctrl
926.6643 	DATA 	Keypress: lctrl
926.7513 	EXP 	Sound  started
927.4003 	DATA 	Keypress: rctrl
927.5013 	EXP 	Sound  started
928.2162 	DATA 	Keypress: rctrl
928.2513 	EXP 	Sound  started
928.9363 	DATA 	Keypress: lctrl
929.0014 	EXP 	Sound  started
929.6563 	DATA 	Keypress: rctrl
929.7514 	EXP 	Sound  started
930.4243 	DATA 	Keypress: rctrl
930.5014 	EXP 	Sound  started
931.1924 	DATA 	Keypress: lctrl
931.2514 	EXP 	Sound  started
931.8804 	DATA 	Keypress: rctrl
932.0014 	EXP 	Sound  started
932.6483 	DATA 	Keypress: rctrl
932.7514 	EXP 	Sound  started
933.4002 	DATA 	Keypress: rctrl
933.5014 	EXP 	Sound  started
934.1363 	DATA 	Keypress: lctrl
934.2514 	EXP 	Sound  started
934.8563 	DATA 	Keypress: rctrl
935.0015 	EXP 	Sound  started
935.6243 	DATA 	Keypress: lctrl
935.7515 	EXP 	Sound  started
936.5015 	EXP 	Sound  started
937.0803 	DATA 	Keypress: lctrl
937.2515 	EXP 	Sound  started
937.8963 	DATA 	Keypress: lctrl
938.0015 	EXP 	Sound  started
938.6482 	DATA 	Keypress: rctrl
938.7515 	EXP 	Sound  started
939.4802 	DATA 	Keypress: lctrl
939.5015 	EXP 	Sound  started
940.2516 	EXP 	Sound  started
940.2803 	DATA 	Keypress: rctrl
941.0004 	DATA 	Keypress: lctrl
941.0016 	EXP 	Sound  started
941.6083 	DATA 	Keypress: rctrl
941.7516 	EXP 	Sound  started
942.3923 	DATA 	Keypress: lctrl
942.5016 	EXP 	Sound  started
943.1443 	DATA 	Keypress: rctrl
943.2516 	EXP 	Sound  started
943.8803 	DATA 	Keypress: rctrl
944.0016 	EXP 	Sound  started
944.6003 	DATA 	Keypress: lctrl
944.7516 	EXP 	Sound  started
945.3683 	DATA 	Keypress: rctrl
945.5017 	EXP 	Sound  started
946.0562 	DATA 	Keypress: lctrl
946.2517 	EXP 	Sound  started
946.9363 	DATA 	Keypress: lctrl
947.0017 	EXP 	Sound  started
947.6563 	DATA 	Keypress: rctrl
947.7517 	EXP 	Sound  started
948.5017 	EXP 	Sound  started
948.5202 	DATA 	Keypress: lctrl
949.2242 	DATA 	Keypress: rctrl
949.2517 	EXP 	Sound  started
949.9603 	DATA 	Keypress: rctrl
950.0017 	EXP 	Sound  started
950.6963 	DATA 	Keypress: rctrl
950.7518 	EXP 	Sound  started
951.5018 	EXP 	Sound  started
951.5124 	DATA 	Keypress: rctrl
952.2322 	DATA 	Keypress: lctrl
952.2518 	EXP 	Sound  started
952.9683 	DATA 	Keypress: lctrl
953.0018 	EXP 	Sound  started
953.6723 	DATA 	Keypress: rctrl
953.7518 	EXP 	Sound  started
954.3763 	DATA 	Keypress: lctrl
954.5018 	EXP 	Sound  started
955.1443 	DATA 	Keypress: rctrl
955.2518 	EXP 	Sound  started
955.8483 	DATA 	Keypress: rctrl
956.0019 	EXP 	Sound  started
956.6323 	DATA 	Keypress: lctrl
956.7519 	EXP 	Sound  started
957.4002 	DATA 	Keypress: lctrl
957.5019 	EXP 	Sound  started
958.1523 	DATA 	Keypress: lctrl
958.2519 	EXP 	Sound  started
958.8083 	DATA 	Keypress: rctrl
959.0019 	EXP 	Sound  started
959.6563 	DATA 	Keypress: lctrl
959.7519 	EXP 	Sound  started
960.4243 	DATA 	Keypress: lctrl
960.5019 	EXP 	Sound  started
961.1123 	DATA 	Keypress: lctrl
961.2519 	EXP 	Sound  started
961.8322 	DATA 	Keypress: rctrl
962.0020 	EXP 	Sound  started
962.6643 	DATA 	Keypress: lctrl
962.7520 	EXP 	Sound  started
963.4002 	DATA 	Keypress: lctrl
963.5020 	EXP 	Sound  started
964.1363 	DATA 	Keypress: rctrl
964.2520 	EXP 	Sound  started
964.8723 	DATA 	Keypress: rctrl
965.0020 	EXP 	Sound  started
965.6883 	DATA 	Keypress: lctrl
965.7520 	EXP 	Sound  started
966.4083 	DATA 	Keypress: rctrl
966.5020 	EXP 	Sound  started
967.2521 	EXP 	Sound  started
967.8803 	DATA 	Keypress: lctrl
968.0021 	EXP 	Sound  started
968.6003 	DATA 	Keypress: rctrl
968.7521 	EXP 	Sound  started
969.4163 	DATA 	Keypress: rctrl
969.5021 	EXP 	Sound  started
970.2521 	EXP 	Sound  started
970.2643 	DATA 	Keypress: lctrl
970.8883 	DATA 	Keypress: rctrl
971.0021 	EXP 	Sound  started
971.6723 	DATA 	Keypress: lctrl
971.7522 	EXP 	Sound  started
972.4402 	DATA 	Keypress: rctrl
972.5022 	EXP 	Sound  started
973.2522 	EXP 	Sound  started
973.2882 	DATA 	Keypress: lctrl
973.9123 	DATA 	Keypress: rctrl
974.0022 	EXP 	Sound  started
974.6322 	DATA 	Keypress: lctrl
974.7522 	EXP 	Sound  started
975.3522 	DATA 	Keypress: rctrl
975.5022 	EXP 	Sound  started
976.0883 	DATA 	Keypress: rctrl
976.2523 	EXP 	Sound  started
977.0023 	EXP 	Sound  started
977.0322 	DATA 	Keypress: lctrl
977.7523 	EXP 	Sound  started
977.7682 	DATA 	Keypress: lctrl
978.4563 	DATA 	Keypress: rctrl
978.5023 	EXP 	Sound  started
979.1283 	DATA 	Keypress: rctrl
979.2523 	EXP 	Sound  started
979.8803 	DATA 	Keypress: rctrl
980.0023 	EXP 	Sound  started
980.7123 	DATA 	Keypress: lctrl
980.7523 	EXP 	Sound  started
981.4803 	DATA 	Keypress: rctrl
981.5023 	EXP 	Sound  started
982.2323 	DATA 	Keypress: rctrl
982.2524 	EXP 	Sound  started
982.9683 	DATA 	Keypress: lctrl
983.0024 	EXP 	Sound  started
983.7203 	DATA 	Keypress: rctrl
983.7524 	EXP 	Sound  started
984.4883 	DATA 	Keypress: lctrl
984.5024 	EXP 	Sound  started
985.1763 	DATA 	Keypress: lctrl
985.2524 	EXP 	Sound  started
985.9123 	DATA 	Keypress: rctrl
986.0024 	EXP 	Sound  started
986.7122 	DATA 	Keypress: lctrl
986.7524 	EXP 	Sound  started
987.4162 	DATA 	Keypress: lctrl
987.5024 	EXP 	Sound  started
988.1682 	DATA 	Keypress: lctrl
988.2525 	EXP 	Sound  started
988.9042 	DATA 	Keypress: lctrl
989.0025 	EXP 	Sound  started
989.6403 	DATA 	Keypress: rctrl
992.3613 	DATA 	Keypress: 3
992.3907 	EXP 	unnamed ShapeStim: vertices = <class 'numpy.ndarray'>
996.5109 	DATA 	Keypress: 2
996.5274 	EXP 	unnamed ShapeStim: vertices = <class 'numpy.ndarray'>
1000.8144 	DATA 	Keypress: 1
1000.8309 	EXP 	unnamed ShapeStim: vertices = <class 'numpy.ndarray'>
1003.1160 	EXP 	Sound  started
1003.1168 	DATA 	Keypress: lctrl
1003.7204 	DATA 	Keypress: lctrl
1003.8659 	EXP 	Sound  started
1004.2802 	DATA 	Keypress: rctrl
1004.6159 	EXP 	Sound  started
1005.2082 	DATA 	Keypress: rctrl
1005.3659 	EXP 	Sound  started
1006.1159 	EXP 	Sound  started
1006.3762 	DATA 	Keypress: lctrl
1006.8659 	EXP 	Sound  started
1006.9522 	DATA 	Keypress: rctrl
1007.6159 	EXP 	Sound  started
1007.6722 	DATA 	Keypress: lctrl
1008.2642 	DATA 	Keypress: rctrl
1008.3660 	EXP 	Sound  started
1009.1160 	EXP 	Sound  started
1009.8163 	DATA 	Keypress: lctrl
1009.8660 	EXP 	Sound  started
1010.6003 	DATA 	Keypress: rctrl
1010.6160 	EXP 	Sound  started
1011.3522 	DATA 	Keypress: lctrl
1011.3660 	EXP 	Sound  started
1012.1043 	DATA 	Keypress: lctrl
1012.1160 	EXP 	Sound  started
1012.8403 	DATA 	Keypress: lctrl
1012.8661 	EXP 	Sound  started
1013.5762 	DATA 	Keypress: rctrl
1013.6161 	EXP 	Sound  started
1014.3603 	DATA 	Keypress: lctrl
1014.3661 	EXP 	Sound  started
1015.0963 	DATA 	Keypress: rctrl
1015.1161 	EXP 	Sound  started
1015.8162 	DATA 	Keypress: lctrl
1015.8661 	EXP 	Sound  started
1016.5362 	DATA 	Keypress: lctrl
1016.6161 	EXP 	Sound  started
1017.2883 	DATA 	Keypress: rctrl
1017.3661 	EXP 	Sound  started
1018.1161 	EXP 	Sound  started
1018.1363 	DATA 	Keypress: lctrl
1018.8082 	DATA 	Keypress: rctrl
1018.8662 	EXP 	Sound  started
1019.5602 	DATA 	Keypress: lctrl
1019.6162 	EXP 	Sound  started
1020.2802 	DATA 	Keypress: lctrl
1020.3662 	EXP 	Sound  started
1020.9683 	DATA 	Keypress: rctrl
1021.1162 	EXP 	Sound  started
1021.8002 	DATA 	Keypress: lctrl
1021.8662 	EXP 	Sound  started
1022.5523 	DATA 	Keypress: lctrl
1022.6164 	EXP 	Sound  started
1023.3522 	DATA 	Keypress: rctrl
1023.3664 	EXP 	Sound  started
1024.1164 	EXP 	Sound  started
1024.3763 	DATA 	Keypress: lctrl
1024.8664 	EXP 	Sound  started
1024.9043 	DATA 	Keypress: lctrl
1025.5283 	DATA 	Keypress: lctrl
1025.6164 	EXP 	Sound  started
1026.2002 	DATA 	Keypress: lctrl
1026.3664 	EXP 	Sound  started
1027.1164 	EXP 	Sound  started
1027.1602 	DATA 	Keypress: rctrl
1027.8482 	DATA 	Keypress: rctrl
1027.8665 	EXP 	Sound  started
1028.6165 	EXP 	Sound  started
1028.6642 	DATA 	Keypress: lctrl
1029.3665 	EXP 	Sound  started
1029.3842 	DATA 	Keypress: rctrl
1030.0242 	DATA 	Keypress: lctrl
1030.1165 	EXP 	Sound  started
1030.7603 	DATA 	Keypress: rctrl
1030.8665 	EXP 	Sound  started
1031.5763 	DATA 	Keypress: rctrl
1031.6165 	EXP 	Sound  started
1032.3666 	EXP 	Sound  started
1032.5523 	DATA 	Keypress: rctrl
1033.0002 	DATA 	Keypress: rctrl
1033.1166 	EXP 	Sound  started
1033.7522 	DATA 	Keypress: rctrl
1033.8666 	EXP 	Sound  started
1034.5042 	DATA 	Keypress: rctrl
1034.6166 	EXP 	Sound  started
1035.2882 	DATA 	Keypress: rctrl
1035.3666 	EXP 	Sound  started
1035.9762 	DATA 	Keypress: lctrl
1036.1166 	EXP 	Sound  started
1036.7282 	DATA 	Keypress: lctrl
1036.8666 	EXP 	Sound  started
1037.4962 	DATA 	Keypress: lctrl
1037.6166 	EXP 	Sound  started
1038.2322 	DATA 	Keypress: lctrl
1038.3666 	EXP 	Sound  started
1039.0322 	DATA 	Keypress: rctrl
1039.1167 	EXP 	Sound  started
1039.8162 	DATA 	Keypress: lctrl
1039.8667 	EXP 	Sound  started
1040.5363 	DATA 	Keypress: rctrl
1040.6167 	EXP 	Sound  started
1041.3202 	DATA 	Keypress: lctrl
1041.3667 	EXP 	Sound  started
1042.0563 	DATA 	Keypress: lctrl
1042.1167 	EXP 	Sound  started
1042.8563 	DATA 	Keypress: rctrl
1042.8667 	EXP 	Sound  started
1043.5442 	DATA 	Keypress: lctrl
1043.6168 	EXP 	Sound  started
1044.2802 	DATA 	Keypress: rctrl
1044.3668 	EXP 	Sound  started
1045.1168 	EXP 	Sound  started
1045.7203 	DATA 	Keypress: lctrl
1045.8668 	EXP 	Sound  started
1046.4722 	DATA 	Keypress: rctrl
1046.6168 	EXP 	Sound  started
1047.2562 	DATA 	Keypress: rctrl
1047.3668 	EXP 	Sound  started
1048.0402 	DATA 	Keypress: lctrl
1048.1168 	EXP 	Sound  started
1048.6962 	DATA 	Keypress: rctrl
1048.8669 	EXP 	Sound  started
1049.4962 	DATA 	Keypress: rctrl
1049.6169 	EXP 	Sound  started
1050.2322 	DATA 	Keypress: lctrl
1050.3669 	EXP 	Sound  started
1051.0483 	DATA 	Keypress: lctrl
1051.1169 	EXP 	Sound  started
1051.8163 	DATA 	Keypress: rctrl
1051.8669 	EXP 	Sound  started
1052.4882 	DATA 	Keypress: lctrl
1052.6169 	EXP 	Sound  started
1053.2722 	DATA 	Keypress: lctrl
1053.3669 	EXP 	Sound  started
1053.9602 	DATA 	Keypress: rctrl
1054.1169 	EXP 	Sound  started
1054.6802 	DATA 	Keypress: lctrl
1054.8670 	EXP 	Sound  started
1055.4802 	DATA 	Keypress: rctrl
1055.6170 	EXP 	Sound  started
1056.1842 	DATA 	Keypress: rctrl
1056.3670 	EXP 	Sound  started
1056.9203 	DATA 	Keypress: lctrl
1057.1170 	EXP 	Sound  started
1057.8322 	DATA 	Keypress: rctrl
1057.8670 	EXP 	Sound  started
1058.4883 	DATA 	Keypress: lctrl
1058.6170 	EXP 	Sound  started
1059.2722 	DATA 	Keypress: lctrl
1059.3670 	EXP 	Sound  started
1059.9922 	DATA 	Keypress: rctrl
1060.1171 	EXP 	Sound  started
1060.7123 	DATA 	Keypress: lctrl
1060.8671 	EXP 	Sound  started
1061.5443 	DATA 	Keypress: rctrl
1061.6171 	EXP 	Sound  started
1062.2802 	DATA 	Keypress: rctrl
1065.3375 	DATA 	Keypress: 2
1065.3671 	EXP 	unnamed ShapeStim: vertices = <class 'numpy.ndarray'>
1068.8407 	DATA 	Keypress: 1
1068.8700 	EXP 	unnamed ShapeStim: vertices = <class 'numpy.ndarray'>
1073.8409 	DATA 	Keypress: 1
1073.8574 	EXP 	unnamed ShapeStim: vertices = <class 'numpy.ndarray'>
1076.1456 	DATA 	Keypress: lctrl
1767.0961 	DATA 	Keypress: escape
1767.1811 	EXP 	window1: mouseVisible = True
