18.0743 	WARNING 	User requested fullscreen with size [1024  768], but screen is actually [1920, 1200]. Using actual size
19.3927 	EXP 	Created window1 = Window(allowGUI=False, allowStencil=False, autoLog=True, backendConf=UNKNOWN, bitsMode=UNKNOWN, blendMode='avg', bpc=(8, 8, 8), color=array([0, 0, 0]), colorSpace='rgb', depthBits=8, fullscr=<method-wrapper '__getattribute__' of attributeSetter object at 0x0000025559274940>, gamma=None, gammaErrorPolicy='raise', lms=UNKNOWN, monitor=<psychopy.monitors.calibTools.Monitor object at 0x0000025561850240>, multiSample=False, name='window1', numSamples=2, pos=[0.0, 0.0], screen=0, size=array([1920, 1200]), stencilBits=0, stereo=False, units='norm', useFBO=True, useRetina=False, viewOri=0.0, viewPos=None, viewScale=None, waitBlanking=True, winType='pyglet')
19.3933 	EXP 	window1: mouseVisible = True
19.3935 	EXP 	window1: mouseVisible = False
19.3935 	EXP 	window1: recordFrameIntervals = False
19.5583 	EXP 	window1: recordFrameIntervals = True
19.7420 	EXP 	window1: recordFrameIntervals = False
19.8037 	EXP 	Created text = TextStim(__class__=<class 'psychopy.visual.text.TextStim'>, alignHoriz=method-wrapper(...), alignText='center', alignVert=method-wrapper(...), anchorHoriz='center', anchorVert='center', antialias=True, autoLog=True, bold=False, color=array([1., 1., 1.]), colorSpace='rgb', contrast=1.0, depth=0.0, flipHoriz=False, flipVert=False, font='Arial', fontFiles=[], height=0.15, italic=False, languageStyle='LTR', name='text', opacity=1, ori=0, pos=array([0., 0.]), rgb=UNKNOWN, text='+', units='norm', win=Window(...), wrapWidth=1)
19.8249 	EXP 	Created text = TextStim(__class__=<class 'psychopy.visual.text.TextStim'>, alignHoriz=method-wrapper(...), alignText='center', alignVert=method-wrapper(...), anchorHoriz='center', anchorVert='center', antialias=True, autoLog=True, bold=False, color=array([1., 1., 1.]), colorSpace='rgb', contrast=1.0, depth=0.0, flipHoriz=False, flipVert=False, font='Arial', fontFiles=[], height=0.07, italic=False, languageStyle='LTR', name='text', opacity=1, ori=0, pos=array([0., 0.]), rgb=UNKNOWN, text=str(...), units='norm', win=Window(...), wrapWidth=1.65)
19.8347 	EXP 	Created text = TextStim(__class__=<class 'psychopy.visual.text.TextStim'>, alignHoriz=method-wrapper(...), alignText='center', alignVert=method-wrapper(...), anchorHoriz='center', anchorVert='center', antialias=True, autoLog=True, bold=False, color=array([1., 1., 1.]), colorSpace='rgb', contrast=1.0, depth=0.0, flipHoriz=False, flipVert=False, font='Arial', fontFiles=[], height=0.07, italic=False, languageStyle='LTR', name='text', opacity=1, ori=0, pos=array([0., 0.]), rgb=UNKNOWN, text=str(...), units='norm', win=Window(...), wrapWidth=1.65)
19.8443 	EXP 	Created text = TextStim(__class__=<class 'psychopy.visual.text.TextStim'>, alignHoriz=method-wrapper(...), alignText='center', alignVert=method-wrapper(...), anchorHoriz='center', anchorVert='center', antialias=True, autoLog=True, bold=False, color=array([1., 1., 1.]), colorSpace='rgb', contrast=1.0, depth=0.0, flipHoriz=False, flipVert=False, font='Arial', fontFiles=[], height=0.07, italic=False, languageStyle='LTR', name='text', opacity=1, ori=0, pos=array([0., 0.]), rgb=UNKNOWN, text=str(...), units='norm', win=Window(...), wrapWidth=1.65)
19.8528 	EXP 	Created text = TextStim(__class__=<class 'psychopy.visual.text.TextStim'>, alignHoriz=method-wrapper(...), alignText='center', alignVert=method-wrapper(...), anchorHoriz='center', anchorVert='center', antialias=True, autoLog=True, bold=False, color=array([1., 1., 1.]), colorSpace='rgb', contrast=1.0, depth=0.0, flipHoriz=False, flipVert=False, font='Arial', fontFiles=[], height=0.07, italic=False, languageStyle='LTR', name='text', opacity=1, ori=0, pos=array([0., 0.]), rgb=UNKNOWN, text=str(...), units='norm', win=Window(...), wrapWidth=1.65)
19.8584 	EXP 	Created text = TextStim(__class__=<class 'psychopy.visual.text.TextStim'>, alignHoriz=method-wrapper(...), alignText='center', alignVert=method-wrapper(...), anchorHoriz='center', anchorVert='center', antialias=True, autoLog=True, bold=False, color=array([1., 1., 1.]), colorSpace='rgb', contrast=1.0, depth=0.0, flipHoriz=False, flipVert=False, font='Arial', fontFiles=[], height=0.07, italic=False, languageStyle='LTR', name='text', opacity=1, ori=0, pos=array([0., 0.]), rgb=UNKNOWN, text=str(...), units='norm', win=Window(...), wrapWidth=1.65)
19.8732 	EXP 	Created text = TextStim(__class__=<class 'psychopy.visual.text.TextStim'>, alignHoriz=method-wrapper(...), alignText='center', alignVert=method-wrapper(...), anchorHoriz='center', anchorVert='center', antialias=True, autoLog=True, bold=False, color=array([1., 1., 1.]), colorSpace='rgb', contrast=1.0, depth=0.0, flipHoriz=False, flipVert=False, font='Arial', fontFiles=[], height=0.15, italic=False, languageStyle='LTR', name='text', opacity=1, ori=0, pos=array([0., 0.]), rgb=UNKNOWN, text=str(...), units='norm', win=Window(...), wrapWidth=1.65)
19.9015 	EXP 	Created text = TextStim(__class__=<class 'psychopy.visual.text.TextStim'>, alignHoriz=method-wrapper(...), alignText='center', alignVert=method-wrapper(...), anchorHoriz='center', anchorVert='center', antialias=True, autoLog=True, bold=False, color=array([1., 1., 1.]), colorSpace='rgb', contrast=1.0, depth=0.0, flipHoriz=False, flipVert=False, font='Arial', fontFiles=[], height=0.07, italic=False, languageStyle='LTR', name='text', opacity=1, ori=0, pos=array([0., 0.]), rgb=UNKNOWN, text=str(...), units='norm', win=Window(...), wrapWidth=1.65)
19.9217 	EXP 	Created text = TextStim(__class__=<class 'psychopy.visual.text.TextStim'>, alignHoriz=method-wrapper(...), alignText='center', alignVert=method-wrapper(...), anchorHoriz='center', anchorVert='center', antialias=True, autoLog=True, bold=False, color=array([1., 1., 1.]), colorSpace='rgb', contrast=1.0, depth=0.0, flipHoriz=False, flipVert=False, font='Arial', fontFiles=[], height=0.07, italic=False, languageStyle='LTR', name='text', opacity=1, ori=0, pos=array([0., 0.]), rgb=UNKNOWN, text=str(...), units='norm', win=Window(...), wrapWidth=1.65)
19.9512 	EXP 	Created text = TextStim(__class__=<class 'psychopy.visual.text.TextStim'>, alignHoriz=method-wrapper(...), alignText='center', alignVert=method-wrapper(...), anchorHoriz='center', anchorVert='center', antialias=True, autoLog=True, bold=False, color=array([1., 1., 1.]), colorSpace='rgb', contrast=1.0, depth=0.0, flipHoriz=False, flipVert=False, font='Arial', fontFiles=[], height=0.07, italic=False, languageStyle='LTR', name='text', opacity=1, ori=0, pos=array([0., 0.]), rgb=UNKNOWN, text=str(...), units='norm', win=Window(...), wrapWidth=1.65)
19.9747 	EXP 	Created text = TextStim(__class__=<class 'psychopy.visual.text.TextStim'>, alignHoriz=method-wrapper(...), alignText='center', alignVert=method-wrapper(...), anchorHoriz='center', anchorVert='center', antialias=True, autoLog=True, bold=False, color=array([1., 1., 1.]), colorSpace='rgb', contrast=1.0, depth=0.0, flipHoriz=False, flipVert=False, font='Arial', fontFiles=[], height=0.07, italic=False, languageStyle='LTR', name='text', opacity=1, ori=0, pos=array([0., 0.]), rgb=UNKNOWN, text=str(...), units='norm', win=Window(...), wrapWidth=1.65)
20.0041 	EXP 	Created text = TextStim(__class__=<class 'psychopy.visual.text.TextStim'>, alignHoriz=method-wrapper(...), alignText='center', alignVert=method-wrapper(...), anchorHoriz='center', anchorVert='center', antialias=True, autoLog=True, bold=False, color=array([1., 1., 1.]), colorSpace='rgb', contrast=1.0, depth=0.0, flipHoriz=False, flipVert=False, font='Arial', fontFiles=[], height=0.07, italic=False, languageStyle='LTR', name='text', opacity=1, ori=0, pos=array([0., 0.]), rgb=UNKNOWN, text=str(...), units='norm', win=Window(...), wrapWidth=1.65)
20.0141 	EXP 	Created text = TextStim(__class__=<class 'psychopy.visual.text.TextStim'>, alignHoriz=method-wrapper(...), alignText='center', alignVert=method-wrapper(...), anchorHoriz='center', anchorVert='center', antialias=True, autoLog=True, bold=False, color=array([1., 1., 1.]), colorSpace='rgb', contrast=1.0, depth=0.0, flipHoriz=False, flipVert=False, font='Arial', fontFiles=[], height=0.07, italic=False, languageStyle='LTR', name='text', opacity=1, ori=0, pos=array([0., 0.]), rgb=UNKNOWN, text=str(...), units='norm', win=Window(...), wrapWidth=1.65)
20.0263 	EXP 	Created text = TextStim(__class__=<class 'psychopy.visual.text.TextStim'>, alignHoriz=method-wrapper(...), alignText='center', alignVert=method-wrapper(...), anchorHoriz='center', anchorVert='center', antialias=True, autoLog=True, bold=False, color=array([1., 1., 1.]), colorSpace='rgb', contrast=1.0, depth=0.0, flipHoriz=False, flipVert=False, font='Arial', fontFiles=[], height=0.07, italic=False, languageStyle='LTR', name='text', opacity=1, ori=0, pos=array([0., 0.]), rgb=UNKNOWN, text=str(...), units='norm', win=Window(...), wrapWidth=1.65)
20.0305 	EXP 	Created instru = TextStim(__class__=<class 'psychopy.visual.text.TextStim'>, alignHoriz=method-wrapper(...), alignText='center', alignVert=method-wrapper(...), anchorHoriz='center', anchorVert='center', antialias=True, autoLog=True, bold=False, color=array([1., 1., 1.]), colorSpace='rgb', contrast=1.0, depth=0.0, flipHoriz=False, flipVert=False, font='Arial', fontFiles=[], height=0.07, italic=False, languageStyle='LTR', name='instru', opacity=1, ori=0, pos=array([0. , 0.5]), rgb=UNKNOWN, text=str(...), units='norm', win=Window(...), wrapWidth=1)
20.0331 	EXP 	Created unnamed Line = Line(__class__=<class 'psychopy.visual.line.Line'>, autoDraw=False, autoLog=True, closeShape=False, color=array([1., 1., 1.]), colorSpace='rgb', contrast=None, depth=0, fillColor=array([0, 0, 0]), fillColorSpace='rgb', fillRGB=array([0, 0, 0]), interpolate=True, lineColor=array([1., 1., 1.]), lineColorSpace='rgb', lineRGB=array([1, 1, 1]), lineWidth=5, name='unnamed Line', opacity=0.5, ori=0.0, pos=array([0., 0.]), size=array([1., 1.]), units='norm', vertices=array([[-0.5,  0. ],
       [ 0.5,  0. ]]), win=Window(...), windingRule=None)
20.0351 	EXP 	Created unnamed Line = Line(__class__=<class 'psychopy.visual.line.Line'>, autoDraw=False, autoLog=True, closeShape=False, color=array([1., 1., 1.]), colorSpace='rgb', contrast=None, depth=0, fillColor=array([0, 0, 0]), fillColorSpace='rgb', fillRGB=array([0, 0, 0]), interpolate=True, lineColor=array([1., 1., 1.]), lineColorSpace='rgb', lineRGB=array([1, 1, 1]), lineWidth=3, name='unnamed Line', opacity=0.5, ori=0.0, pos=array([0., 0.]), size=array([1., 1.]), units='norm', vertices=array([[-0.5 , -0.05],
       [-0.5 ,  0.05]]), win=Window(...), windingRule=None)
20.0371 	EXP 	Created unnamed Line = Line(__class__=<class 'psychopy.visual.line.Line'>, autoDraw=False, autoLog=True, closeShape=False, color=array([1., 1., 1.]), colorSpace='rgb', contrast=None, depth=0, fillColor=array([0, 0, 0]), fillColorSpace='rgb', fillRGB=array([0, 0, 0]), interpolate=True, lineColor=array([1., 1., 1.]), lineColorSpace='rgb', lineRGB=array([1, 1, 1]), lineWidth=3, name='unnamed Line', opacity=0.5, ori=0.0, pos=array([0., 0.]), size=array([1., 1.]), units='norm', vertices=ndarray(...), win=Window(...), windingRule=None)
20.0391 	EXP 	Created unnamed Line = Line(__class__=<class 'psychopy.visual.line.Line'>, autoDraw=False, autoLog=True, closeShape=False, color=array([1., 1., 1.]), colorSpace='rgb', contrast=None, depth=0, fillColor=array([0, 0, 0]), fillColorSpace='rgb', fillRGB=array([0, 0, 0]), interpolate=True, lineColor=array([1., 1., 1.]), lineColorSpace='rgb', lineRGB=array([1, 1, 1]), lineWidth=3, name='unnamed Line', opacity=0.5, ori=0.0, pos=array([0., 0.]), size=array([1., 1.]), units='norm', vertices=ndarray(...), win=Window(...), windingRule=None)
20.0412 	EXP 	Created unnamed Line = Line(__class__=<class 'psychopy.visual.line.Line'>, autoDraw=False, autoLog=True, closeShape=False, color=array([1., 1., 1.]), colorSpace='rgb', contrast=None, depth=0, fillColor=array([0, 0, 0]), fillColorSpace='rgb', fillRGB=array([0, 0, 0]), interpolate=True, lineColor=array([1., 1., 1.]), lineColorSpace='rgb', lineRGB=array([1, 1, 1]), lineWidth=3, name='unnamed Line', opacity=0.5, ori=0.0, pos=array([0., 0.]), size=array([1., 1.]), units='norm', vertices=array([[ 0.5 , -0.05],
       [ 0.5 ,  0.05]]), win=Window(...), windingRule=None)
20.0527 	EXP 	Created unnamed TextStim = TextStim(__class__=<class 'psychopy.visual.text.TextStim'>, alignHoriz=method-wrapper(...), alignText='center', alignVert=method-wrapper(...), anchorHoriz='center', anchorVert='center', antialias=True, autoLog=True, bold=False, color=array([1., 1., 1.]), colorSpace='rgb', contrast=1.0, depth=0, flipHoriz=False, flipVert=False, font='', fontFiles=[], height=0.05, italic=False, languageStyle='LTR', name='unnamed TextStim', opacity=1.0, ori=0.0, pos=array([-0.5, -0.1]), rgb=UNKNOWN, text='Helt klart \n IKKE FOKUSERT', units='norm', win=Window(...), wrapWidth=1)
20.0537 	EXP 	Created unnamed TextStim = TextStim(__class__=<class 'psychopy.visual.text.TextStim'>, alignHoriz=method-wrapper(...), alignText='center', alignVert=method-wrapper(...), anchorHoriz='center', anchorVert='center', antialias=True, autoLog=True, bold=False, color=array([1., 1., 1.]), colorSpace='rgb', contrast=1.0, depth=0, flipHoriz=False, flipVert=False, font='', fontFiles=[], height=0.05, italic=False, languageStyle='LTR', name='unnamed TextStim', opacity=1.0, ori=0.0, pos=array([-0.16666667, -0.1       ]), rgb=UNKNOWN, text='', units='norm', win=Window(...), wrapWidth=1)
20.0547 	EXP 	Created unnamed TextStim = TextStim(__class__=<class 'psychopy.visual.text.TextStim'>, alignHoriz=method-wrapper(...), alignText='center', alignVert=method-wrapper(...), anchorHoriz='center', anchorVert='center', antialias=True, autoLog=True, bold=False, color=array([1., 1., 1.]), colorSpace='rgb', contrast=1.0, depth=0, flipHoriz=False, flipVert=False, font='', fontFiles=[], height=0.05, italic=False, languageStyle='LTR', name='unnamed TextStim', opacity=1.0, ori=0.0, pos=array([ 0.16666667, -0.1       ]), rgb=UNKNOWN, text='', units='norm', win=Window(...), wrapWidth=1)
20.0578 	EXP 	Created unnamed TextStim = TextStim(__class__=<class 'psychopy.visual.text.TextStim'>, alignHoriz=method-wrapper(...), alignText='center', alignVert=method-wrapper(...), anchorHoriz='center', anchorVert='center', antialias=True, autoLog=True, bold=False, color=array([1., 1., 1.]), colorSpace='rgb', contrast=1.0, depth=0, flipHoriz=False, flipVert=False, font='', fontFiles=[], height=0.05, italic=False, languageStyle='LTR', name='unnamed TextStim', opacity=1.0, ori=0.0, pos=array([ 0.5, -0.1]), rgb=UNKNOWN, text='Helt klart \n FOKUSERT', units='norm', win=Window(...), wrapWidth=1)
20.0596 	EXP 	Created unnamed ShapeStim = ShapeStim(__class__=<class 'psychopy.visual.shape.ShapeStim'>, autoDraw=False, autoLog=True, closeShape=True, color=method-wrapper(...), colorSpace='rgb', contrast=None, depth=0, fillColor=array([1, 1, 1]), fillColorSpace='rgb', fillRGB=array([1, 1, 1]), interpolate=True, lineColor=array([-1., -1., -1.]), lineColorSpace='rgb', lineRGB=array([-1, -1, -1]), lineWidth=1.5, name='unnamed ShapeStim', opacity=1.0, ori=0.0, pos=array([0., 0.]), size=array([1., 1.]), units='norm', vertices=ndarray(...), win=Window(...), windingRule=None)
20.0661 	EXP 	Created instru = TextStim(__class__=<class 'psychopy.visual.text.TextStim'>, alignHoriz=method-wrapper(...), alignText='center', alignVert=method-wrapper(...), anchorHoriz='center', anchorVert='center', antialias=True, autoLog=True, bold=False, color=array([1., 1., 1.]), colorSpace='rgb', contrast=1.0, depth=0.0, flipHoriz=False, flipVert=False, font='Arial', fontFiles=[], height=0.07, italic=False, languageStyle='LTR', name='instru', opacity=1, ori=0, pos=array([0. , 0.5]), rgb=UNKNOWN, text=str(...), units='norm', win=Window(...), wrapWidth=1)
20.0682 	EXP 	Created unnamed Line = Line(__class__=<class 'psychopy.visual.line.Line'>, autoDraw=False, autoLog=True, closeShape=False, color=array([1., 1., 1.]), colorSpace='rgb', contrast=None, depth=0, fillColor=array([0, 0, 0]), fillColorSpace='rgb', fillRGB=array([0, 0, 0]), interpolate=True, lineColor=array([1., 1., 1.]), lineColorSpace='rgb', lineRGB=array([1, 1, 1]), lineWidth=5, name='unnamed Line', opacity=0.5, ori=0.0, pos=array([0., 0.]), size=array([1., 1.]), units='norm', vertices=array([[-0.5,  0. ],
       [ 0.5,  0. ]]), win=Window(...), windingRule=None)
20.0701 	EXP 	Created unnamed Line = Line(__class__=<class 'psychopy.visual.line.Line'>, autoDraw=False, autoLog=True, closeShape=False, color=array([1., 1., 1.]), colorSpace='rgb', contrast=None, depth=0, fillColor=array([0, 0, 0]), fillColorSpace='rgb', fillRGB=array([0, 0, 0]), interpolate=True, lineColor=array([1., 1., 1.]), lineColorSpace='rgb', lineRGB=array([1, 1, 1]), lineWidth=3, name='unnamed Line', opacity=0.5, ori=0.0, pos=array([0., 0.]), size=array([1., 1.]), units='norm', vertices=array([[-0.5 , -0.05],
       [-0.5 ,  0.05]]), win=Window(...), windingRule=None)
20.0721 	EXP 	Created unnamed Line = Line(__class__=<class 'psychopy.visual.line.Line'>, autoDraw=False, autoLog=True, closeShape=False, color=array([1., 1., 1.]), colorSpace='rgb', contrast=None, depth=0, fillColor=array([0, 0, 0]), fillColorSpace='rgb', fillRGB=array([0, 0, 0]), interpolate=True, lineColor=array([1., 1., 1.]), lineColorSpace='rgb', lineRGB=array([1, 1, 1]), lineWidth=3, name='unnamed Line', opacity=0.5, ori=0.0, pos=array([0., 0.]), size=array([1., 1.]), units='norm', vertices=ndarray(...), win=Window(...), windingRule=None)
20.0741 	EXP 	Created unnamed Line = Line(__class__=<class 'psychopy.visual.line.Line'>, autoDraw=False, autoLog=True, closeShape=False, color=array([1., 1., 1.]), colorSpace='rgb', contrast=None, depth=0, fillColor=array([0, 0, 0]), fillColorSpace='rgb', fillRGB=array([0, 0, 0]), interpolate=True, lineColor=array([1., 1., 1.]), lineColorSpace='rgb', lineRGB=array([1, 1, 1]), lineWidth=3, name='unnamed Line', opacity=0.5, ori=0.0, pos=array([0., 0.]), size=array([1., 1.]), units='norm', vertices=ndarray(...), win=Window(...), windingRule=None)
20.0761 	EXP 	Created unnamed Line = Line(__class__=<class 'psychopy.visual.line.Line'>, autoDraw=False, autoLog=True, closeShape=False, color=array([1., 1., 1.]), colorSpace='rgb', contrast=None, depth=0, fillColor=array([0, 0, 0]), fillColorSpace='rgb', fillRGB=array([0, 0, 0]), interpolate=True, lineColor=array([1., 1., 1.]), lineColorSpace='rgb', lineRGB=array([1, 1, 1]), lineWidth=3, name='unnamed Line', opacity=0.5, ori=0.0, pos=array([0., 0.]), size=array([1., 1.]), units='norm', vertices=array([[ 0.5 , -0.05],
       [ 0.5 ,  0.05]]), win=Window(...), windingRule=None)
20.0803 	EXP 	Created unnamed TextStim = TextStim(__class__=<class 'psychopy.visual.text.TextStim'>, alignHoriz=method-wrapper(...), alignText='center', alignVert=method-wrapper(...), anchorHoriz='center', anchorVert='center', antialias=True, autoLog=True, bold=False, color=array([1., 1., 1.]), colorSpace='rgb', contrast=1.0, depth=0, flipHoriz=False, flipVert=False, font='', fontFiles=[], height=0.05, italic=False, languageStyle='LTR', name='unnamed TextStim', opacity=1.0, ori=0.0, pos=array([-0.5, -0.1]), rgb=UNKNOWN, text='Helt klart \n INGENTING', units='norm', win=Window(...), wrapWidth=1)
20.0814 	EXP 	Created unnamed TextStim = TextStim(__class__=<class 'psychopy.visual.text.TextStim'>, alignHoriz=method-wrapper(...), alignText='center', alignVert=method-wrapper(...), anchorHoriz='center', anchorVert='center', antialias=True, autoLog=True, bold=False, color=array([1., 1., 1.]), colorSpace='rgb', contrast=1.0, depth=0, flipHoriz=False, flipVert=False, font='', fontFiles=[], height=0.05, italic=False, languageStyle='LTR', name='unnamed TextStim', opacity=1.0, ori=0.0, pos=array([-0.16666667, -0.1       ]), rgb=UNKNOWN, text='', units='norm', win=Window(...), wrapWidth=1)
20.0823 	EXP 	Created unnamed TextStim = TextStim(__class__=<class 'psychopy.visual.text.TextStim'>, alignHoriz=method-wrapper(...), alignText='center', alignVert=method-wrapper(...), anchorHoriz='center', anchorVert='center', antialias=True, autoLog=True, bold=False, color=array([1., 1., 1.]), colorSpace='rgb', contrast=1.0, depth=0, flipHoriz=False, flipVert=False, font='', fontFiles=[], height=0.05, italic=False, languageStyle='LTR', name='unnamed TextStim', opacity=1.0, ori=0.0, pos=array([ 0.16666667, -0.1       ]), rgb=UNKNOWN, text='', units='norm', win=Window(...), wrapWidth=1)
20.0853 	EXP 	Created unnamed TextStim = TextStim(__class__=<class 'psychopy.visual.text.TextStim'>, alignHoriz=method-wrapper(...), alignText='center', alignVert=method-wrapper(...), anchorHoriz='center', anchorVert='center', antialias=True, autoLog=True, bold=False, color=array([1., 1., 1.]), colorSpace='rgb', contrast=1.0, depth=0, flipHoriz=False, flipVert=False, font='', fontFiles=[], height=0.05, italic=False, languageStyle='LTR', name='unnamed TextStim', opacity=1.0, ori=0.0, pos=array([ 0.5, -0.1]), rgb=UNKNOWN, text='Helt klart \n NOE', units='norm', win=Window(...), wrapWidth=1)
20.0870 	EXP 	Created unnamed ShapeStim = ShapeStim(__class__=<class 'psychopy.visual.shape.ShapeStim'>, autoDraw=False, autoLog=True, closeShape=True, color=method-wrapper(...), colorSpace='rgb', contrast=None, depth=0, fillColor=array([1, 1, 1]), fillColorSpace='rgb', fillRGB=array([1, 1, 1]), interpolate=True, lineColor=array([-1., -1., -1.]), lineColorSpace='rgb', lineRGB=array([-1, -1, -1]), lineWidth=1.5, name='unnamed ShapeStim', opacity=1.0, ori=0.0, pos=array([0., 0.]), size=array([1., 1.]), units='norm', vertices=ndarray(...), win=Window(...), windingRule=None)
20.0932 	EXP 	Created instru = TextStim(__class__=<class 'psychopy.visual.text.TextStim'>, alignHoriz=method-wrapper(...), alignText='center', alignVert=method-wrapper(...), anchorHoriz='center', anchorVert='center', antialias=True, autoLog=True, bold=False, color=array([1., 1., 1.]), colorSpace='rgb', contrast=1.0, depth=0.0, flipHoriz=False, flipVert=False, font='Arial', fontFiles=[], height=0.07, italic=False, languageStyle='LTR', name='instru', opacity=1, ori=0, pos=array([0. , 0.5]), rgb=UNKNOWN, text=str(...), units='norm', win=Window(...), wrapWidth=1)
20.0952 	EXP 	Created unnamed Line = Line(__class__=<class 'psychopy.visual.line.Line'>, autoDraw=False, autoLog=True, closeShape=False, color=array([1., 1., 1.]), colorSpace='rgb', contrast=None, depth=0, fillColor=array([0, 0, 0]), fillColorSpace='rgb', fillRGB=array([0, 0, 0]), interpolate=True, lineColor=array([1., 1., 1.]), lineColorSpace='rgb', lineRGB=array([1, 1, 1]), lineWidth=5, name='unnamed Line', opacity=0.5, ori=0.0, pos=array([0., 0.]), size=array([1., 1.]), units='norm', vertices=array([[-0.5,  0. ],
       [ 0.5,  0. ]]), win=Window(...), windingRule=None)
20.0972 	EXP 	Created unnamed Line = Line(__class__=<class 'psychopy.visual.line.Line'>, autoDraw=False, autoLog=True, closeShape=False, color=array([1., 1., 1.]), colorSpace='rgb', contrast=None, depth=0, fillColor=array([0, 0, 0]), fillColorSpace='rgb', fillRGB=array([0, 0, 0]), interpolate=True, lineColor=array([1., 1., 1.]), lineColorSpace='rgb', lineRGB=array([1, 1, 1]), lineWidth=3, name='unnamed Line', opacity=0.5, ori=0.0, pos=array([0., 0.]), size=array([1., 1.]), units='norm', vertices=array([[-0.5 , -0.05],
       [-0.5 ,  0.05]]), win=Window(...), windingRule=None)
20.0992 	EXP 	Created unnamed Line = Line(__class__=<class 'psychopy.visual.line.Line'>, autoDraw=False, autoLog=True, closeShape=False, color=array([1., 1., 1.]), colorSpace='rgb', contrast=None, depth=0, fillColor=array([0, 0, 0]), fillColorSpace='rgb', fillRGB=array([0, 0, 0]), interpolate=True, lineColor=array([1., 1., 1.]), lineColorSpace='rgb', lineRGB=array([1, 1, 1]), lineWidth=3, name='unnamed Line', opacity=0.5, ori=0.0, pos=array([0., 0.]), size=array([1., 1.]), units='norm', vertices=ndarray(...), win=Window(...), windingRule=None)
20.1011 	EXP 	Created unnamed Line = Line(__class__=<class 'psychopy.visual.line.Line'>, autoDraw=False, autoLog=True, closeShape=False, color=array([1., 1., 1.]), colorSpace='rgb', contrast=None, depth=0, fillColor=array([0, 0, 0]), fillColorSpace='rgb', fillRGB=array([0, 0, 0]), interpolate=True, lineColor=array([1., 1., 1.]), lineColorSpace='rgb', lineRGB=array([1, 1, 1]), lineWidth=3, name='unnamed Line', opacity=0.5, ori=0.0, pos=array([0., 0.]), size=array([1., 1.]), units='norm', vertices=ndarray(...), win=Window(...), windingRule=None)
20.1031 	EXP 	Created unnamed Line = Line(__class__=<class 'psychopy.visual.line.Line'>, autoDraw=False, autoLog=True, closeShape=False, color=array([1., 1., 1.]), colorSpace='rgb', contrast=None, depth=0, fillColor=array([0, 0, 0]), fillColorSpace='rgb', fillRGB=array([0, 0, 0]), interpolate=True, lineColor=array([1., 1., 1.]), lineColorSpace='rgb', lineRGB=array([1, 1, 1]), lineWidth=3, name='unnamed Line', opacity=0.5, ori=0.0, pos=array([0., 0.]), size=array([1., 1.]), units='norm', vertices=array([[ 0.5 , -0.05],
       [ 0.5 ,  0.05]]), win=Window(...), windingRule=None)
20.1072 	EXP 	Created unnamed TextStim = TextStim(__class__=<class 'psychopy.visual.text.TextStim'>, alignHoriz=method-wrapper(...), alignText='center', alignVert=method-wrapper(...), anchorHoriz='center', anchorVert='center', antialias=True, autoLog=True, bold=False, color=array([1., 1., 1.]), colorSpace='rgb', contrast=1.0, depth=0, flipHoriz=False, flipVert=False, font='', fontFiles=[], height=0.05, italic=False, languageStyle='LTR', name='unnamed TextStim', opacity=1.0, ori=0.0, pos=array([-0.5, -0.1]), rgb=UNKNOWN, text='Helt klart \n SPONTAN', units='norm', win=Window(...), wrapWidth=1)
20.1082 	EXP 	Created unnamed TextStim = TextStim(__class__=<class 'psychopy.visual.text.TextStim'>, alignHoriz=method-wrapper(...), alignText='center', alignVert=method-wrapper(...), anchorHoriz='center', anchorVert='center', antialias=True, autoLog=True, bold=False, color=array([1., 1., 1.]), colorSpace='rgb', contrast=1.0, depth=0, flipHoriz=False, flipVert=False, font='', fontFiles=[], height=0.05, italic=False, languageStyle='LTR', name='unnamed TextStim', opacity=1.0, ori=0.0, pos=array([-0.16666667, -0.1       ]), rgb=UNKNOWN, text='', units='norm', win=Window(...), wrapWidth=1)
20.1092 	EXP 	Created unnamed TextStim = TextStim(__class__=<class 'psychopy.visual.text.TextStim'>, alignHoriz=method-wrapper(...), alignText='center', alignVert=method-wrapper(...), anchorHoriz='center', anchorVert='center', antialias=True, autoLog=True, bold=False, color=array([1., 1., 1.]), colorSpace='rgb', contrast=1.0, depth=0, flipHoriz=False, flipVert=False, font='', fontFiles=[], height=0.05, italic=False, languageStyle='LTR', name='unnamed TextStim', opacity=1.0, ori=0.0, pos=array([ 0.16666667, -0.1       ]), rgb=UNKNOWN, text='', units='norm', win=Window(...), wrapWidth=1)
20.1133 	EXP 	Created unnamed TextStim = TextStim(__class__=<class 'psychopy.visual.text.TextStim'>, alignHoriz=method-wrapper(...), alignText='center', alignVert=method-wrapper(...), anchorHoriz='center', anchorVert='center', antialias=True, autoLog=True, bold=False, color=array([1., 1., 1.]), colorSpace='rgb', contrast=1.0, depth=0, flipHoriz=False, flipVert=False, font='', fontFiles=[], height=0.05, italic=False, languageStyle='LTR', name='unnamed TextStim', opacity=1.0, ori=0.0, pos=array([ 0.5, -0.1]), rgb=UNKNOWN, text='Helt klart \n BEVISST', units='norm', win=Window(...), wrapWidth=1)
20.1149 	EXP 	Created unnamed ShapeStim = ShapeStim(__class__=<class 'psychopy.visual.shape.ShapeStim'>, autoDraw=False, autoLog=True, closeShape=True, color=method-wrapper(...), colorSpace='rgb', contrast=None, depth=0, fillColor=array([1, 1, 1]), fillColorSpace='rgb', fillRGB=array([1, 1, 1]), interpolate=True, lineColor=array([-1., -1., -1.]), lineColorSpace='rgb', lineRGB=array([-1, -1, -1]), lineWidth=1.5, name='unnamed ShapeStim', opacity=1.0, ori=0.0, pos=array([0., 0.]), size=array([1., 1.]), units='norm', vertices=ndarray(...), win=Window(...), windingRule=None)
20.1821 	EXP 	Sound  set volume 1.000
20.1874 	EXP 	unnamed ShapeStim: vertices = <class 'numpy.ndarray'>
20.1874 	EXP 	unnamed ShapeStim: vertices = <class 'numpy.ndarray'>
20.1874 	EXP 	unnamed ShapeStim: vertices = <class 'numpy.ndarray'>
22.2954 	DATA 	Keypress: rctrl
22.8004 	EXP 	Sound  started
23.5502 	EXP 	Sound  started
23.8795 	DATA 	Keypress: rctrl
24.3002 	EXP 	Sound  started
24.4394 	DATA 	Keypress: rctrl
25.0502 	EXP 	Sound  started
25.2074 	DATA 	Keypress: rctrl
25.8002 	EXP 	Sound  started
25.8953 	DATA 	Keypress: rctrl
26.5502 	EXP 	Sound  started
26.5994 	DATA 	Keypress: rctrl
27.3003 	EXP 	Sound  started
27.3193 	DATA 	Keypress: rctrl
28.0503 	EXP 	Sound  started
28.0713 	DATA 	Keypress: rctrl
28.7913 	DATA 	Keypress: rctrl
28.8003 	EXP 	Sound  started
29.5503 	EXP 	Sound  started
29.5593 	DATA 	Keypress: rctrl
30.2953 	DATA 	Keypress: rctrl
30.3003 	EXP 	Sound  started
31.0153 	DATA 	Keypress: rctrl
31.0503 	EXP 	Sound  started
31.7033 	DATA 	Keypress: rctrl
31.8004 	EXP 	Sound  started
32.4873 	DATA 	Keypress: rctrl
32.5504 	EXP 	Sound  started
33.2074 	DATA 	Keypress: rctrl
33.3004 	EXP 	Sound  started
33.9274 	DATA 	Keypress: rctrl
34.0504 	EXP 	Sound  started
34.6473 	DATA 	Keypress: rctrl
34.8004 	EXP 	Sound  started
35.3513 	DATA 	Keypress: rctrl
35.5504 	EXP 	Sound  started
36.0874 	DATA 	Keypress: rctrl
36.3005 	EXP 	Sound  started
36.9513 	DATA 	Keypress: rctrl
37.0505 	EXP 	Sound  started
37.6714 	DATA 	Keypress: rctrl
37.8005 	EXP 	Sound  started
38.4555 	DATA 	Keypress: rctrl
38.5505 	EXP 	Sound  started
39.1113 	DATA 	Keypress: rctrl
39.3005 	EXP 	Sound  started
39.7993 	DATA 	Keypress: rctrl
40.0505 	EXP 	Sound  started
40.5194 	DATA 	Keypress: rctrl
40.8006 	EXP 	Sound  started
41.2874 	DATA 	Keypress: rctrl
41.5506 	EXP 	Sound  started
42.0394 	DATA 	Keypress: rctrl
42.3006 	EXP 	Sound  started
42.7913 	DATA 	Keypress: rctrl
43.0506 	EXP 	Sound  started
43.5273 	DATA 	Keypress: rctrl
43.8006 	EXP 	Sound  started
44.2633 	DATA 	Keypress: rctrl
44.5506 	EXP 	Sound  started
44.9673 	DATA 	Keypress: rctrl
45.3006 	EXP 	Sound  started
45.8153 	DATA 	Keypress: lctrl
46.0506 	EXP 	Sound  started
46.5034 	DATA 	Keypress: rctrl
46.8007 	EXP 	Sound  started
47.2554 	DATA 	Keypress: lctrl
47.5507 	EXP 	Sound  started
47.9273 	DATA 	Keypress: lctrl
48.3007 	EXP 	Sound  started
48.6953 	DATA 	Keypress: rctrl
49.0507 	EXP 	Sound  started
49.5434 	DATA 	Keypress: rctrl
49.8007 	EXP 	Sound  started
50.3433 	DATA 	Keypress: rctrl
50.5507 	EXP 	Sound  started
51.1274 	DATA 	Keypress: lctrl
51.3008 	EXP 	Sound  started
51.8475 	DATA 	Keypress: rctrl
52.0508 	EXP 	Sound  started
52.5994 	DATA 	Keypress: lctrl
52.8008 	EXP 	Sound  started
53.3194 	DATA 	Keypress: rctrl
53.5508 	EXP 	Sound  started
54.1033 	DATA 	Keypress: lctrl
54.3008 	EXP 	Sound  started
54.8074 	DATA 	Keypress: lctrl
55.0508 	EXP 	Sound  started
55.5753 	DATA 	Keypress: lctrl
55.8008 	EXP 	Sound  started
56.3594 	DATA 	Keypress: lctrl
56.5508 	EXP 	Sound  started
57.1274 	DATA 	Keypress: lctrl
57.3009 	EXP 	Sound  started
57.8153 	DATA 	Keypress: lctrl
58.0509 	EXP 	Sound  started
58.6473 	DATA 	Keypress: lctrl
58.8009 	EXP 	Sound  started
59.4154 	DATA 	Keypress: lctrl
59.5509 	EXP 	Sound  started
60.1833 	DATA 	Keypress: rctrl
60.3009 	EXP 	Sound  started
60.8555 	DATA 	Keypress: lctrl
61.0509 	EXP 	Sound  started
61.5914 	DATA 	Keypress: rctrl
61.8009 	EXP 	Sound  started
62.3274 	DATA 	Keypress: lctrl
62.5510 	EXP 	Sound  started
63.0793 	DATA 	Keypress: rctrl
63.3010 	EXP 	Sound  started
63.7673 	DATA 	Keypress: lctrl
64.0510 	EXP 	Sound  started
64.5193 	DATA 	Keypress: rctrl
64.8010 	EXP 	Sound  started
65.3353 	DATA 	Keypress: lctrl
65.5510 	EXP 	Sound  started
66.0553 	DATA 	Keypress: rctrl
66.3010 	EXP 	Sound  started
66.7593 	DATA 	Keypress: lctrl
67.0510 	EXP 	Sound  started
67.5753 	DATA 	Keypress: rctrl
67.8011 	EXP 	Sound  started
68.2313 	DATA 	Keypress: lctrl
68.5511 	EXP 	Sound  started
69.0313 	DATA 	Keypress: rctrl
69.3011 	EXP 	Sound  started
69.8473 	DATA 	Keypress: lctrl
70.0511 	EXP 	Sound  started
70.6154 	DATA 	Keypress: rctrl
70.8011 	EXP 	Sound  started
71.3673 	DATA 	Keypress: lctrl
71.5512 	EXP 	Sound  started
72.1193 	DATA 	Keypress: rctrl
72.3012 	EXP 	Sound  started
72.8393 	DATA 	Keypress: lctrl
73.0596 	EXP 	unnamed TextStim: text = ''
73.0596 	EXP 	unnamed TextStim: text = ''
77.7227 	DATA 	Keypress: 3
77.7446 	EXP 	unnamed ShapeStim: vertices = <class 'numpy.ndarray'>
79.2734 	EXP 	unnamed TextStim: text = ''
79.2734 	EXP 	unnamed TextStim: text = ''
83.2970 	DATA 	Keypress: 3
83.3135 	EXP 	unnamed ShapeStim: vertices = <class 'numpy.ndarray'>
84.8423 	EXP 	unnamed TextStim: text = ''
84.8423 	EXP 	unnamed TextStim: text = ''
87.6819 	DATA 	Keypress: 4
87.6984 	EXP 	unnamed ShapeStim: vertices = <class 'numpy.ndarray'>
89.9724 	EXP 	Sound  started
90.7222 	EXP 	Sound  started
90.8074 	DATA 	Keypress: rctrl
91.4723 	EXP 	Sound  started
91.4954 	DATA 	Keypress: rctrl
92.2223 	EXP 	Sound  started
92.2313 	DATA 	Keypress: rctrl
92.9723 	EXP 	Sound  started
92.9995 	DATA 	Keypress: rctrl
93.6555 	DATA 	Keypress: rctrl
93.7223 	EXP 	Sound  started
94.4074 	DATA 	Keypress: rctrl
94.4723 	EXP 	Sound  started
95.1434 	DATA 	Keypress: rctrl
95.2223 	EXP 	Sound  started
95.8633 	DATA 	Keypress: rctrl
95.9723 	EXP 	Sound  started
96.5993 	DATA 	Keypress: rctrl
96.7223 	EXP 	Sound  started
97.4314 	DATA 	Keypress: rctrl
97.4723 	EXP 	Sound  started
98.1353 	DATA 	Keypress: rctrl
98.2224 	EXP 	Sound  started
98.9724 	EXP 	Sound  started
98.9833 	DATA 	Keypress: rctrl
99.6872 	DATA 	Keypress: rctrl
99.7224 	EXP 	Sound  started
100.3592 	DATA 	Keypress: rctrl
100.4724 	EXP 	Sound  started
101.0954 	DATA 	Keypress: rctrl
101.2224 	EXP 	Sound  started
101.8632 	DATA 	Keypress: rctrl
101.9724 	EXP 	Sound  started
102.6153 	DATA 	Keypress: rctrl
102.7224 	EXP 	Sound  started
103.3193 	DATA 	Keypress: rctrl
103.4725 	EXP 	Sound  started
104.0873 	DATA 	Keypress: lctrl
104.2225 	EXP 	Sound  started
104.8233 	DATA 	Keypress: rctrl
104.9725 	EXP 	Sound  started
105.5753 	DATA 	Keypress: lctrl
105.7225 	EXP 	Sound  started
106.4553 	DATA 	Keypress: rctrl
106.4725 	EXP 	Sound  started
107.1273 	DATA 	Keypress: lctrl
107.2225 	EXP 	Sound  started
107.9432 	DATA 	Keypress: rctrl
107.9725 	EXP 	Sound  started
108.7113 	DATA 	Keypress: rctrl
108.7225 	EXP 	Sound  started
109.4726 	EXP 	Sound  started
109.4793 	DATA 	Keypress: rctrl
110.2226 	EXP 	Sound  started
110.2633 	DATA 	Keypress: rctrl
110.9726 	EXP 	Sound  started
110.9833 	DATA 	Keypress: rctrl
111.6874 	DATA 	Keypress: rctrl
111.7226 	EXP 	Sound  started
112.4075 	DATA 	Keypress: rctrl
112.4726 	EXP 	Sound  started
113.1112 	DATA 	Keypress: rctrl
113.2226 	EXP 	Sound  started
113.8633 	DATA 	Keypress: rctrl
113.9726 	EXP 	Sound  started
114.5835 	DATA 	Keypress: rctrl
114.7227 	EXP 	Sound  started
115.3353 	DATA 	Keypress: rctrl
115.4727 	EXP 	Sound  started
116.0712 	DATA 	Keypress: rctrl
116.2227 	EXP 	Sound  started
116.7272 	DATA 	Keypress: rctrl
116.9727 	EXP 	Sound  started
117.5113 	DATA 	Keypress: rctrl
117.7227 	EXP 	Sound  started
118.2952 	DATA 	Keypress: rctrl
118.4728 	EXP 	Sound  started
119.0313 	DATA 	Keypress: rctrl
119.2228 	EXP 	Sound  started
119.8153 	DATA 	Keypress: rctrl
119.9728 	EXP 	Sound  started
120.5353 	DATA 	Keypress: rctrl
120.7228 	EXP 	Sound  started
121.4473 	DATA 	Keypress: rctrl
121.4728 	EXP 	Sound  started
122.1833 	DATA 	Keypress: rctrl
122.2228 	EXP 	Sound  started
122.8553 	DATA 	Keypress: rctrl
122.9728 	EXP 	Sound  started
123.6554 	DATA 	Keypress: rctrl
123.7228 	EXP 	Sound  started
124.3273 	DATA 	Keypress: rctrl
124.4728 	EXP 	Sound  started
125.0313 	DATA 	Keypress: rctrl
125.2229 	EXP 	Sound  started
125.7195 	DATA 	Keypress: rctrl
125.9729 	EXP 	Sound  started
126.4874 	DATA 	Keypress: rctrl
126.7229 	EXP 	Sound  started
127.2233 	DATA 	Keypress: rctrl
127.4729 	EXP 	Sound  started
127.9913 	DATA 	Keypress: rctrl
128.2229 	EXP 	Sound  started
128.7754 	DATA 	Keypress: rctrl
128.9729 	EXP 	Sound  started
129.5273 	DATA 	Keypress: rctrl
129.7229 	EXP 	Sound  started
130.2954 	DATA 	Keypress: rctrl
130.4729 	EXP 	Sound  started
130.9993 	DATA 	Keypress: rctrl
131.2230 	EXP 	Sound  started
131.7513 	DATA 	Keypress: rctrl
131.9730 	EXP 	Sound  started
132.4553 	DATA 	Keypress: rctrl
132.7230 	EXP 	Sound  started
133.1912 	DATA 	Keypress: rctrl
133.4730 	EXP 	Sound  started
133.9113 	DATA 	Keypress: rctrl
134.2230 	EXP 	Sound  started
134.6153 	DATA 	Keypress: rctrl
134.9730 	EXP 	Sound  started
135.3993 	DATA 	Keypress: rctrl
135.7230 	EXP 	Sound  started
136.3272 	DATA 	Keypress: rctrl
136.4730 	EXP 	Sound  started
137.0153 	DATA 	Keypress: lctrl
137.2231 	EXP 	Sound  started
137.8153 	DATA 	Keypress: rctrl
137.9731 	EXP 	Sound  started
138.5672 	DATA 	Keypress: lctrl
138.7231 	EXP 	Sound  started
139.3352 	DATA 	Keypress: rctrl
139.4731 	EXP 	Sound  started
139.9914 	DATA 	Keypress: lctrl
140.2231 	EXP 	Sound  started
140.7913 	DATA 	Keypress: lctrl
144.7849 	DATA 	Keypress: 3
144.8014 	EXP 	unnamed ShapeStim: vertices = <class 'numpy.ndarray'>
149.9756 	DATA 	Keypress: 4
150.0032 	EXP 	unnamed ShapeStim: vertices = <class 'numpy.ndarray'>
154.7215 	DATA 	Keypress: 3
154.7383 	EXP 	unnamed ShapeStim: vertices = <class 'numpy.ndarray'>
157.0101 	EXP 	Sound  started
157.7600 	EXP 	Sound  started
157.8795 	DATA 	Keypress: lctrl
158.5100 	EXP 	Sound  started
158.6153 	DATA 	Keypress: rctrl
159.2600 	EXP 	Sound  started
159.3513 	DATA 	Keypress: rctrl
160.0100 	EXP 	Sound  started
160.1194 	DATA 	Keypress: rctrl
160.7600 	EXP 	Sound  started
160.8073 	DATA 	Keypress: rctrl
161.5100 	EXP 	Sound  started
161.6074 	DATA 	Keypress: rctrl
162.2601 	EXP 	Sound  started
162.9512 	DATA 	Keypress: lctrl
163.0101 	EXP 	Sound  started
163.7033 	DATA 	Keypress: rctrl
163.7601 	EXP 	Sound  started
164.4074 	DATA 	Keypress: lctrl
164.5101 	EXP 	Sound  started
165.1273 	DATA 	Keypress: rctrl
165.2601 	EXP 	Sound  started
166.0073 	DATA 	Keypress: lctrl
166.0101 	EXP 	Sound  started
166.7601 	EXP 	Sound  started
166.7753 	DATA 	Keypress: lctrl
167.4633 	DATA 	Keypress: rctrl
167.5102 	EXP 	Sound  started
168.1992 	DATA 	Keypress: rctrl
168.2602 	EXP 	Sound  started
168.9033 	DATA 	Keypress: lctrl
169.0102 	EXP 	Sound  started
169.5753 	DATA 	Keypress: lctrl
169.7602 	EXP 	Sound  started
170.3592 	DATA 	Keypress: rctrl
170.5102 	EXP 	Sound  started
171.0952 	DATA 	Keypress: rctrl
171.2602 	EXP 	Sound  started
171.8474 	DATA 	Keypress: lctrl
172.0102 	EXP 	Sound  started
172.6793 	DATA 	Keypress: lctrl
172.7603 	EXP 	Sound  started
173.4313 	DATA 	Keypress: rctrl
173.5103 	EXP 	Sound  started
174.2313 	DATA 	Keypress: rctrl
174.2603 	EXP 	Sound  started
174.9194 	DATA 	Keypress: lctrl
175.0103 	EXP 	Sound  started
175.6552 	DATA 	Keypress: lctrl
175.7603 	EXP 	Sound  started
176.4073 	DATA 	Keypress: rctrl
176.5103 	EXP 	Sound  started
177.1593 	DATA 	Keypress: rctrl
177.2603 	EXP 	Sound  started
177.8632 	DATA 	Keypress: lctrl
178.0103 	EXP 	Sound  started
178.6952 	DATA 	Keypress: lctrl
178.7604 	EXP 	Sound  started
179.4153 	DATA 	Keypress: rctrl
179.5104 	EXP 	Sound  started
180.1192 	DATA 	Keypress: rctrl
180.2604 	EXP 	Sound  started
180.8392 	DATA 	Keypress: lctrl
181.0104 	EXP 	Sound  started
181.7193 	DATA 	Keypress: lctrl
181.7604 	EXP 	Sound  started
182.4872 	DATA 	Keypress: rctrl
182.5104 	EXP 	Sound  started
183.2604 	EXP 	Sound  started
183.2712 	DATA 	Keypress: rctrl
184.0105 	EXP 	Sound  started
184.0234 	DATA 	Keypress: lctrl
184.7605 	EXP 	Sound  started
184.8713 	DATA 	Keypress: lctrl
185.5105 	EXP 	Sound  started
185.5752 	DATA 	Keypress: lctrl
186.2605 	EXP 	Sound  started
186.3752 	DATA 	Keypress: rctrl
187.0105 	EXP 	Sound  started
187.0794 	DATA 	Keypress: rctrl
187.7605 	EXP 	Sound  started
187.7672 	DATA 	Keypress: lctrl
188.5105 	EXP 	Sound  started
188.5192 	DATA 	Keypress: rctrl
189.2393 	DATA 	Keypress: lctrl
189.2606 	EXP 	Sound  started
189.9432 	DATA 	Keypress: rctrl
190.0106 	EXP 	Sound  started
190.7272 	DATA 	Keypress: rctrl
190.7606 	EXP 	Sound  started
191.4632 	DATA 	Keypress: lctrl
191.5106 	EXP 	Sound  started
192.2153 	DATA 	Keypress: rctrl
192.2606 	EXP 	Sound  started
192.9514 	DATA 	Keypress: lctrl
193.0107 	EXP 	Sound  started
193.7352 	DATA 	Keypress: rctrl
193.7607 	EXP 	Sound  started
194.4232 	DATA 	Keypress: lctrl
194.5107 	EXP 	Sound  started
195.1753 	DATA 	Keypress: rctrl
195.2607 	EXP 	Sound  started
196.0107 	EXP 	Sound  started
196.0553 	DATA 	Keypress: lctrl
196.6792 	DATA 	Keypress: rctrl
196.7607 	EXP 	Sound  started
197.4473 	DATA 	Keypress: lctrl
197.5107 	EXP 	Sound  started
198.1352 	DATA 	Keypress: rctrl
198.2607 	EXP 	Sound  started
198.8712 	DATA 	Keypress: lctrl
199.0108 	EXP 	Sound  started
199.5913 	DATA 	Keypress: rctrl
199.7608 	EXP 	Sound  started
200.3752 	DATA 	Keypress: lctrl
200.5108 	EXP 	Sound  started
201.0952 	DATA 	Keypress: rctrl
201.2608 	EXP 	Sound  started
201.8313 	DATA 	Keypress: lctrl
202.0108 	EXP 	Sound  started
202.5353 	DATA 	Keypress: rctrl
202.7608 	EXP 	Sound  started
203.5108 	EXP 	Sound  started
204.0392 	DATA 	Keypress: rctrl
204.2608 	EXP 	Sound  started
204.8232 	DATA 	Keypress: lctrl
205.0109 	EXP 	Sound  started
205.5272 	DATA 	Keypress: rctrl
205.7609 	EXP 	Sound  started
206.4072 	DATA 	Keypress: lctrl
206.5109 	EXP 	Sound  started
207.0952 	DATA 	Keypress: rctrl
207.2609 	EXP 	Sound  started
207.8152 	DATA 	Keypress: lctrl
208.0109 	EXP 	Sound  started
208.5672 	DATA 	Keypress: rctrl
208.7609 	EXP 	Sound  started
209.3992 	DATA 	Keypress: lctrl
209.5109 	EXP 	Sound  started
210.1193 	DATA 	Keypress: rctrl
210.2610 	EXP 	Sound  started
210.8713 	DATA 	Keypress: lctrl
211.0110 	EXP 	Sound  started
211.5753 	DATA 	Keypress: rctrl
211.7610 	EXP 	Sound  started
212.3112 	DATA 	Keypress: lctrl
212.5110 	EXP 	Sound  started
213.0472 	DATA 	Keypress: rctrl
213.2610 	EXP 	Sound  started
213.7832 	DATA 	Keypress: lctrl
214.0110 	EXP 	Sound  started
214.5352 	DATA 	Keypress: rctrl
214.7611 	EXP 	Sound  started
215.2403 	DATA 	Keypress: lctrl
215.5111 	EXP 	Sound  started
216.0073 	DATA 	Keypress: rctrl
216.2611 	EXP 	Sound  started
216.7753 	DATA 	Keypress: lctrl
220.1556 	DATA 	Keypress: 4
220.1773 	EXP 	unnamed ShapeStim: vertices = <class 'numpy.ndarray'>
228.4972 	DATA 	Keypress: 3
228.5137 	EXP 	unnamed ShapeStim: vertices = <class 'numpy.ndarray'>
234.4826 	DATA 	Keypress: 2
234.4991 	EXP 	unnamed ShapeStim: vertices = <class 'numpy.ndarray'>
236.7733 	EXP 	Sound  started
237.5231 	EXP 	Sound  started
237.7193 	DATA 	Keypress: lctrl
238.2731 	EXP 	Sound  started
238.3912 	DATA 	Keypress: lctrl
239.0152 	DATA 	Keypress: lctrl
239.0231 	EXP 	Sound  started
239.7672 	DATA 	Keypress: rctrl
239.7731 	EXP 	Sound  started
240.5232 	EXP 	Sound  started
240.6472 	DATA 	Keypress: lctrl
241.2732 	EXP 	Sound  started
241.3353 	DATA 	Keypress: lctrl
242.0232 	EXP 	Sound  started
242.0872 	DATA 	Keypress: lctrl
242.7732 	EXP 	Sound  started
242.8232 	DATA 	Keypress: lctrl
243.5232 	EXP 	Sound  started
243.6232 	DATA 	Keypress: lctrl
244.2733 	EXP 	Sound  started
244.2792 	DATA 	Keypress: lctrl
244.9832 	DATA 	Keypress: lctrl
245.0233 	EXP 	Sound  started
245.7192 	DATA 	Keypress: lctrl
245.7733 	EXP 	Sound  started
246.5032 	DATA 	Keypress: lctrl
246.5233 	EXP 	Sound  started
247.2232 	DATA 	Keypress: lctrl
247.2733 	EXP 	Sound  started
247.9433 	DATA 	Keypress: lctrl
248.0233 	EXP 	Sound  started
248.6953 	DATA 	Keypress: lctrl
248.7733 	EXP 	Sound  started
249.4953 	DATA 	Keypress: lctrl
249.5234 	EXP 	Sound  started
250.2472 	DATA 	Keypress: rctrl
250.2734 	EXP 	Sound  started
250.9352 	DATA 	Keypress: lctrl
251.0234 	EXP 	Sound  started
251.7032 	DATA 	Keypress: rctrl
251.7734 	EXP 	Sound  started
252.4553 	DATA 	Keypress: lctrl
252.5234 	EXP 	Sound  started
253.2392 	DATA 	Keypress: rctrl
253.2734 	EXP 	Sound  started
253.9752 	DATA 	Keypress: lctrl
254.0234 	EXP 	Sound  started
254.7272 	DATA 	Keypress: rctrl
254.7735 	EXP 	Sound  started
255.4151 	DATA 	Keypress: lctrl
255.5235 	EXP 	Sound  started
256.1832 	DATA 	Keypress: rctrl
256.2735 	EXP 	Sound  started
257.0235 	EXP 	Sound  started
257.0473 	DATA 	Keypress: lctrl
257.7032 	DATA 	Keypress: rctrl
257.7735 	EXP 	Sound  started
258.4552 	DATA 	Keypress: lctrl
258.5235 	EXP 	Sound  started
259.2072 	DATA 	Keypress: rctrl
259.2735 	EXP 	Sound  started
259.9272 	DATA 	Keypress: lctrl
260.0235 	EXP 	Sound  started
260.7432 	DATA 	Keypress: rctrl
260.7736 	EXP 	Sound  started
261.3992 	DATA 	Keypress: lctrl
261.5236 	EXP 	Sound  started
262.1992 	DATA 	Keypress: rctrl
262.2736 	EXP 	Sound  started
262.9352 	DATA 	Keypress: lctrl
263.0236 	EXP 	Sound  started
263.7192 	DATA 	Keypress: rctrl
263.7736 	EXP 	Sound  started
264.5032 	DATA 	Keypress: lctrl
264.5236 	EXP 	Sound  started
265.2072 	DATA 	Keypress: rctrl
265.2737 	EXP 	Sound  started
265.9593 	DATA 	Keypress: lctrl
266.0237 	EXP 	Sound  started
266.7272 	DATA 	Keypress: rctrl
266.7737 	EXP 	Sound  started
267.4792 	DATA 	Keypress: lctrl
267.5237 	EXP 	Sound  started
268.2312 	DATA 	Keypress: rctrl
268.2737 	EXP 	Sound  started
268.9512 	DATA 	Keypress: lctrl
269.0237 	EXP 	Sound  started
269.7511 	DATA 	Keypress: rctrl
269.7737 	EXP 	Sound  started
270.4873 	DATA 	Keypress: lctrl
270.5238 	EXP 	Sound  started
271.2391 	DATA 	Keypress: rctrl
271.2738 	EXP 	Sound  started
271.9433 	DATA 	Keypress: lctrl
272.0238 	EXP 	Sound  started
272.7592 	DATA 	Keypress: rctrl
272.7738 	EXP 	Sound  started
273.4152 	DATA 	Keypress: lctrl
273.5238 	EXP 	Sound  started
274.2313 	DATA 	Keypress: rctrl
274.2738 	EXP 	Sound  started
274.9672 	DATA 	Keypress: lctrl
275.0238 	EXP 	Sound  started
275.7192 	DATA 	Keypress: rctrl
275.7738 	EXP 	Sound  started
276.4872 	DATA 	Keypress: rctrl
276.5239 	EXP 	Sound  started
277.2739 	EXP 	Sound  started
277.3351 	DATA 	Keypress: rctrl
277.9591 	DATA 	Keypress: rctrl
278.0239 	EXP 	Sound  started
278.6791 	DATA 	Keypress: rctrl
278.7739 	EXP 	Sound  started
279.4952 	DATA 	Keypress: rctrl
279.5239 	EXP 	Sound  started
280.2151 	DATA 	Keypress: rctrl
280.2739 	EXP 	Sound  started
280.9513 	DATA 	Keypress: rctrl
281.0240 	EXP 	Sound  started
281.7352 	DATA 	Keypress: rctrl
281.7740 	EXP 	Sound  started
282.5240 	EXP 	Sound  started
282.5352 	DATA 	Keypress: rctrl
283.2552 	DATA 	Keypress: rctrl
283.2740 	EXP 	Sound  started
283.9912 	DATA 	Keypress: lctrl
284.0240 	EXP 	Sound  started
284.7591 	DATA 	Keypress: rctrl
288.2676 	DATA 	Keypress: 3
288.2842 	EXP 	unnamed ShapeStim: vertices = <class 'numpy.ndarray'>
296.4755 	DATA 	Keypress: 2
296.5038 	EXP 	unnamed ShapeStim: vertices = <class 'numpy.ndarray'>
301.8726 	DATA 	Keypress: 3
301.8891 	EXP 	unnamed ShapeStim: vertices = <class 'numpy.ndarray'>
304.1638 	EXP 	Sound  started
304.9034 	DATA 	Keypress: rctrl
304.9136 	EXP 	Sound  started
305.6636 	EXP 	Sound  started
305.7032 	DATA 	Keypress: rctrl
306.3752 	DATA 	Keypress: rctrl
306.4136 	EXP 	Sound  started
307.1272 	DATA 	Keypress: rctrl
307.1637 	EXP 	Sound  started
307.8633 	DATA 	Keypress: rctrl
307.9137 	EXP 	Sound  started
308.5991 	DATA 	Keypress: rctrl
308.6637 	EXP 	Sound  started
309.3671 	DATA 	Keypress: rctrl
309.4137 	EXP 	Sound  started
310.1637 	EXP 	Sound  started
310.1831 	DATA 	Keypress: lctrl
310.9031 	DATA 	Keypress: rctrl
310.9137 	EXP 	Sound  started
311.6072 	DATA 	Keypress: rctrl
311.6637 	EXP 	Sound  started
312.3912 	DATA 	Keypress: rctrl
312.4137 	EXP 	Sound  started
313.1431 	DATA 	Keypress: rctrl
313.1638 	EXP 	Sound  started
313.8951 	DATA 	Keypress: rctrl
313.9138 	EXP 	Sound  started
314.6312 	DATA 	Keypress: rctrl
314.6638 	EXP 	Sound  started
315.3672 	DATA 	Keypress: rctrl
315.4138 	EXP 	Sound  started
316.0712 	DATA 	Keypress: rctrl
316.1638 	EXP 	Sound  started
316.8072 	DATA 	Keypress: rctrl
316.9138 	EXP 	Sound  started
317.5112 	DATA 	Keypress: rctrl
317.6638 	EXP 	Sound  started
318.2473 	DATA 	Keypress: rctrl
318.4139 	EXP 	Sound  started
318.9352 	DATA 	Keypress: rctrl
319.1639 	EXP 	Sound  started
319.7193 	DATA 	Keypress: rctrl
319.9139 	EXP 	Sound  started
320.4711 	DATA 	Keypress: rctrl
320.6639 	EXP 	Sound  started
321.2552 	DATA 	Keypress: rctrl
321.4139 	EXP 	Sound  started
321.9912 	DATA 	Keypress: rctrl
322.1639 	EXP 	Sound  started
322.7432 	DATA 	Keypress: rctrl
322.9139 	EXP 	Sound  started
323.5111 	DATA 	Keypress: rctrl
323.6640 	EXP 	Sound  started
324.2151 	DATA 	Keypress: rctrl
324.4140 	EXP 	Sound  started
325.0152 	DATA 	Keypress: rctrl
325.1640 	EXP 	Sound  started
325.7511 	DATA 	Keypress: rctrl
325.9140 	EXP 	Sound  started
326.4552 	DATA 	Keypress: rctrl
326.6640 	EXP 	Sound  started
327.2551 	DATA 	Keypress: rctrl
327.4140 	EXP 	Sound  started
327.9592 	DATA 	Keypress: rctrl
328.1640 	EXP 	Sound  started
328.7751 	DATA 	Keypress: rctrl
328.9141 	EXP 	Sound  started
329.6552 	DATA 	Keypress: rctrl
329.6641 	EXP 	Sound  started
330.3591 	DATA 	Keypress: rctrl
330.4141 	EXP 	Sound  started
331.1112 	DATA 	Keypress: rctrl
331.1641 	EXP 	Sound  started
331.8312 	DATA 	Keypress: rctrl
331.9141 	EXP 	Sound  started
332.6632 	DATA 	Keypress: rctrl
332.6641 	EXP 	Sound  started
333.3512 	DATA 	Keypress: rctrl
333.4142 	EXP 	Sound  started
334.0712 	DATA 	Keypress: rctrl
334.1642 	EXP 	Sound  started
334.8231 	DATA 	Keypress: rctrl
334.9142 	EXP 	Sound  started
335.5592 	DATA 	Keypress: rctrl
335.6642 	EXP 	Sound  started
336.2792 	DATA 	Keypress: rctrl
336.4142 	EXP 	Sound  started
337.0311 	DATA 	Keypress: rctrl
337.1642 	EXP 	Sound  started
337.8312 	DATA 	Keypress: rctrl
337.9142 	EXP 	Sound  started
338.5671 	DATA 	Keypress: rctrl
338.6642 	EXP 	Sound  started
339.3352 	DATA 	Keypress: rctrl
339.4143 	EXP 	Sound  started
340.0874 	DATA 	Keypress: rctrl
340.1643 	EXP 	Sound  started
340.8871 	DATA 	Keypress: rctrl
340.9143 	EXP 	Sound  started
341.6391 	DATA 	Keypress: rctrl
341.6643 	EXP 	Sound  started
342.3911 	DATA 	Keypress: rctrl
342.4143 	EXP 	Sound  started
343.1643 	EXP 	Sound  started
343.2071 	DATA 	Keypress: lctrl
343.9143 	EXP 	Sound  started
343.9752 	DATA 	Keypress: lctrl
344.6644 	EXP 	Sound  started
344.6792 	DATA 	Keypress: rctrl
345.4144 	EXP 	Sound  started
345.4312 	DATA 	Keypress: rctrl
346.1191 	DATA 	Keypress: lctrl
346.1644 	EXP 	Sound  started
346.8231 	DATA 	Keypress: lctrl
346.9144 	EXP 	Sound  started
347.5911 	DATA 	Keypress: rctrl
347.6644 	EXP 	Sound  started
348.4144 	EXP 	Sound  started
348.4392 	DATA 	Keypress: rctrl
349.0952 	DATA 	Keypress: lctrl
349.1644 	EXP 	Sound  started
349.8952 	DATA 	Keypress: lctrl
349.9145 	EXP 	Sound  started
350.6312 	DATA 	Keypress: rctrl
350.6645 	EXP 	Sound  started
351.3832 	DATA 	Keypress: rctrl
351.4145 	EXP 	Sound  started
352.0551 	DATA 	Keypress: lctrl
352.1645 	EXP 	Sound  started
352.9145 	EXP 	Sound  started
352.9192 	DATA 	Keypress: lctrl
353.6645 	EXP 	Sound  started
353.6712 	DATA 	Keypress: rctrl
354.3753 	DATA 	Keypress: rctrl
354.4145 	EXP 	Sound  started
355.1432 	DATA 	Keypress: lctrl
355.1646 	EXP 	Sound  started
355.9146 	EXP 	Sound  started
355.9912 	DATA 	Keypress: lctrl
356.6631 	DATA 	Keypress: rctrl
356.6646 	EXP 	Sound  started
357.3831 	DATA 	Keypress: rctrl
357.4146 	EXP 	Sound  started
358.1192 	DATA 	Keypress: lctrl
358.1646 	EXP 	Sound  started
358.9146 	EXP 	Sound  started
358.9511 	DATA 	Keypress: lctrl
359.6232 	DATA 	Keypress: rctrl
359.6646 	EXP 	Sound  started
360.4147 	EXP 	Sound  started
360.4392 	DATA 	Keypress: rctrl
361.1111 	DATA 	Keypress: lctrl
361.1647 	EXP 	Sound  started
361.9147 	EXP 	Sound  started
361.9753 	DATA 	Keypress: lctrl
362.6647 	EXP 	Sound  started
362.6792 	DATA 	Keypress: rctrl
363.4147 	EXP 	Sound  started
363.5271 	DATA 	Keypress: rctrl
364.1192 	DATA 	Keypress: lctrl
364.1647 	EXP 	Sound  started
364.9032 	DATA 	Keypress: lctrl
364.9147 	EXP 	Sound  started
365.6551 	DATA 	Keypress: rctrl
370.5297 	DATA 	Keypress: 2
370.5461 	EXP 	unnamed ShapeStim: vertices = <class 'numpy.ndarray'>
379.0824 	DATA 	Keypress: 4
379.0992 	EXP 	unnamed ShapeStim: vertices = <class 'numpy.ndarray'>
387.7231 	DATA 	Keypress: 2
387.7522 	EXP 	unnamed ShapeStim: vertices = <class 'numpy.ndarray'>
390.0262 	EXP 	Sound  started
390.7761 	EXP 	Sound  started
391.5261 	EXP 	Sound  started
391.6393 	DATA 	Keypress: rctrl
392.2761 	EXP 	Sound  started
392.3752 	DATA 	Keypress: rctrl
393.0261 	EXP 	Sound  started
393.0953 	DATA 	Keypress: rctrl
393.7762 	EXP 	Sound  started
393.7831 	DATA 	Keypress: lctrl
394.5262 	EXP 	Sound  started
394.5353 	DATA 	Keypress: rctrl
395.2711 	DATA 	Keypress: lctrl
395.2762 	EXP 	Sound  started
396.0262 	EXP 	Sound  started
396.0872 	DATA 	Keypress: rctrl
396.7762 	EXP 	Sound  started
396.8072 	DATA 	Keypress: lctrl
397.5262 	EXP 	Sound  started
397.5431 	DATA 	Keypress: rctrl
398.2762 	EXP 	Sound  started
398.2791 	DATA 	Keypress: rctrl
398.9991 	DATA 	Keypress: rctrl
399.0262 	EXP 	Sound  started
399.7351 	DATA 	Keypress: lctrl
399.7763 	EXP 	Sound  started
400.4712 	DATA 	Keypress: rctrl
400.5263 	EXP 	Sound  started
401.2551 	DATA 	Keypress: lctrl
401.2763 	EXP 	Sound  started
401.9111 	DATA 	Keypress: rctrl
402.0263 	EXP 	Sound  started
402.7764 	EXP 	Sound  started
402.8393 	DATA 	Keypress: lctrl
403.4951 	DATA 	Keypress: rctrl
403.5264 	EXP 	Sound  started
404.2471 	DATA 	Keypress: rctrl
404.2764 	EXP 	Sound  started
404.9831 	DATA 	Keypress: lctrl
405.0264 	EXP 	Sound  started
405.7671 	DATA 	Keypress: lctrl
405.7764 	EXP 	Sound  started
406.4711 	DATA 	Keypress: rctrl
406.5264 	EXP 	Sound  started
407.1752 	DATA 	Keypress: rctrl
407.2765 	EXP 	Sound  started
407.8791 	DATA 	Keypress: lctrl
408.0265 	EXP 	Sound  started
408.6471 	DATA 	Keypress: lctrl
408.7765 	EXP 	Sound  started
409.3831 	DATA 	Keypress: rctrl
409.5265 	EXP 	Sound  started
410.1512 	DATA 	Keypress: rctrl
410.2765 	EXP 	Sound  started
410.8073 	DATA 	Keypress: lctrl
411.0265 	EXP 	Sound  started
411.6874 	DATA 	Keypress: lctrl
411.7766 	EXP 	Sound  started
412.4071 	DATA 	Keypress: rctrl
412.5266 	EXP 	Sound  started
413.2551 	DATA 	Keypress: rctrl
413.2766 	EXP 	Sound  started
413.9271 	DATA 	Keypress: lctrl
414.0266 	EXP 	Sound  started
414.6633 	DATA 	Keypress: lctrl
414.7766 	EXP 	Sound  started
415.3831 	DATA 	Keypress: rctrl
415.5266 	EXP 	Sound  started
416.2311 	DATA 	Keypress: rctrl
416.2766 	EXP 	Sound  started
416.9992 	DATA 	Keypress: lctrl
417.0266 	EXP 	Sound  started
417.7766 	EXP 	Sound  started
417.7991 	DATA 	Keypress: lctrl
418.5031 	DATA 	Keypress: lctrl
418.5267 	EXP 	Sound  started
419.2551 	DATA 	Keypress: lctrl
419.2767 	EXP 	Sound  started
420.0267 	EXP 	Sound  started
420.0551 	DATA 	Keypress: lctrl
420.7751 	DATA 	Keypress: lctrl
420.7767 	EXP 	Sound  started
421.4471 	DATA 	Keypress: lctrl
421.5267 	EXP 	Sound  started
422.1991 	DATA 	Keypress: lctrl
422.2768 	EXP 	Sound  started
422.9191 	DATA 	Keypress: lctrl
423.0268 	EXP 	Sound  started
423.7032 	DATA 	Keypress: lctrl
423.7768 	EXP 	Sound  started
424.5192 	DATA 	Keypress: lctrl
424.5268 	EXP 	Sound  started
425.2391 	DATA 	Keypress: lctrl
425.2768 	EXP 	Sound  started
426.0073 	DATA 	Keypress: lctrl
426.0268 	EXP 	Sound  started
426.6951 	DATA 	Keypress: lctrl
426.7768 	EXP 	Sound  started
427.4311 	DATA 	Keypress: lctrl
427.5268 	EXP 	Sound  started
428.1832 	DATA 	Keypress: lctrl
428.2769 	EXP 	Sound  started
428.9192 	DATA 	Keypress: lctrl
429.0269 	EXP 	Sound  started
429.6711 	DATA 	Keypress: lctrl
429.7769 	EXP 	Sound  started
430.4551 	DATA 	Keypress: lctrl
430.5269 	EXP 	Sound  started
431.1912 	DATA 	Keypress: rctrl
431.2769 	EXP 	Sound  started
431.9431 	DATA 	Keypress: lctrl
432.0269 	EXP 	Sound  started
432.6792 	DATA 	Keypress: rctrl
432.7769 	EXP 	Sound  started
433.3351 	DATA 	Keypress: lctrl
433.5270 	EXP 	Sound  started
434.1352 	DATA 	Keypress: lctrl
434.2770 	EXP 	Sound  started
434.8871 	DATA 	Keypress: lctrl
435.0270 	EXP 	Sound  started
435.5911 	DATA 	Keypress: lctrl
435.7770 	EXP 	Sound  started
436.3272 	DATA 	Keypress: lctrl
436.5270 	EXP 	Sound  started
437.0471 	DATA 	Keypress: lctrl
437.2770 	EXP 	Sound  started
437.7830 	DATA 	Keypress: lctrl
438.0270 	EXP 	Sound  started
438.5671 	DATA 	Keypress: lctrl
438.7771 	EXP 	Sound  started
439.3191 	DATA 	Keypress: rctrl
439.5271 	EXP 	Sound  started
440.0871 	DATA 	Keypress: lctrl
440.2771 	EXP 	Sound  started
440.8230 	DATA 	Keypress: rctrl
441.0271 	EXP 	Sound  started
441.6391 	DATA 	Keypress: lctrl
441.7771 	EXP 	Sound  started
442.3591 	DATA 	Keypress: rctrl
442.5271 	EXP 	Sound  started
443.0952 	DATA 	Keypress: lctrl
443.2772 	EXP 	Sound  started
443.8472 	DATA 	Keypress: rctrl
444.0272 	EXP 	Sound  started
444.6632 	DATA 	Keypress: lctrl
444.7772 	EXP 	Sound  started
445.4631 	DATA 	Keypress: rctrl
445.5272 	EXP 	Sound  started
446.1991 	DATA 	Keypress: lctrl
448.6233 	DATA 	Keypress: 4
448.6395 	EXP 	unnamed ShapeStim: vertices = <class 'numpy.ndarray'>
457.2431 	DATA 	Keypress: 2
457.2592 	EXP 	unnamed ShapeStim: vertices = <class 'numpy.ndarray'>
458.7843 	DATA 	Keypress: 2
458.8006 	EXP 	unnamed ShapeStim: vertices = <class 'numpy.ndarray'>
461.0670 	EXP 	Sound  started
461.8168 	EXP 	Sound  started
462.1512 	DATA 	Keypress: rctrl
462.5668 	EXP 	Sound  started
462.7431 	DATA 	Keypress: rctrl
463.3168 	EXP 	Sound  started
463.5111 	DATA 	Keypress: rctrl
464.0669 	EXP 	Sound  started
464.4071 	DATA 	Keypress: lctrl
464.7590 	DATA 	Keypress: rctrl
464.8169 	EXP 	Sound  started
465.5591 	DATA 	Keypress: rctrl
465.5669 	EXP 	Sound  started
466.3169 	EXP 	Sound  started
466.3430 	DATA 	Keypress: rctrl
467.0151 	DATA 	Keypress: rctrl
467.0669 	EXP 	Sound  started
467.8169 	EXP 	Sound  started
467.8311 	DATA 	Keypress: lctrl
468.5510 	DATA 	Keypress: rctrl
468.5669 	EXP 	Sound  started
469.3031 	DATA 	Keypress: lctrl
469.3170 	EXP 	Sound  started
469.9910 	DATA 	Keypress: rctrl
470.0670 	EXP 	Sound  started
470.7590 	DATA 	Keypress: lctrl
470.8170 	EXP 	Sound  started
471.4793 	DATA 	Keypress: rctrl
471.5670 	EXP 	Sound  started
472.2630 	DATA 	Keypress: rctrl
472.3170 	EXP 	Sound  started
472.9671 	DATA 	Keypress: lctrl
473.0670 	EXP 	Sound  started
473.7190 	DATA 	Keypress: lctrl
473.8170 	EXP 	Sound  started
474.4711 	DATA 	Keypress: rctrl
474.5671 	EXP 	Sound  started
475.2391 	DATA 	Keypress: rctrl
475.3171 	EXP 	Sound  started
475.9591 	DATA 	Keypress: lctrl
476.0671 	EXP 	Sound  started
476.6952 	DATA 	Keypress: lctrl
476.8171 	EXP 	Sound  started
477.4151 	DATA 	Keypress: rctrl
477.5671 	EXP 	Sound  started
478.2310 	DATA 	Keypress: rctrl
478.3171 	EXP 	Sound  started
478.9511 	DATA 	Keypress: lctrl
479.0671 	EXP 	Sound  started
479.6870 	DATA 	Keypress: lctrl
479.8171 	EXP 	Sound  started
480.4230 	DATA 	Keypress: rctrl
480.5672 	EXP 	Sound  started
481.2392 	DATA 	Keypress: rctrl
481.3172 	EXP 	Sound  started
481.9591 	DATA 	Keypress: lctrl
482.0672 	EXP 	Sound  started
482.7111 	DATA 	Keypress: lctrl
482.8172 	EXP 	Sound  started
483.4470 	DATA 	Keypress: rctrl
483.5672 	EXP 	Sound  started
484.2310 	DATA 	Keypress: rctrl
484.3172 	EXP 	Sound  started
484.9831 	DATA 	Keypress: lctrl
485.0673 	EXP 	Sound  started
485.7350 	DATA 	Keypress: lctrl
485.8173 	EXP 	Sound  started
486.4230 	DATA 	Keypress: rctrl
486.5673 	EXP 	Sound  started
487.2071 	DATA 	Keypress: rctrl
487.3173 	EXP 	Sound  started
487.8950 	DATA 	Keypress: lctrl
488.0673 	EXP 	Sound  started
488.6470 	DATA 	Keypress: lctrl
488.8173 	EXP 	Sound  started
489.3671 	DATA 	Keypress: rctrl
489.5673 	EXP 	Sound  started
490.0550 	DATA 	Keypress: rctrl
490.3174 	EXP 	Sound  started
490.7110 	DATA 	Keypress: lctrl
491.0674 	EXP 	Sound  started
491.4950 	DATA 	Keypress: lctrl
491.8174 	EXP 	Sound  started
492.2471 	DATA 	Keypress: rctrl
492.5674 	EXP 	Sound  started
493.1592 	DATA 	Keypress: rctrl
493.3174 	EXP 	Sound  started
493.8631 	DATA 	Keypress: lctrl
494.0674 	EXP 	Sound  started
494.6631 	DATA 	Keypress: lctrl
494.8174 	EXP 	Sound  started
495.4470 	DATA 	Keypress: rctrl
495.5675 	EXP 	Sound  started
496.2151 	DATA 	Keypress: rctrl
496.3175 	EXP 	Sound  started
496.9671 	DATA 	Keypress: lctrl
497.0675 	EXP 	Sound  started
497.7512 	DATA 	Keypress: rctrl
497.8175 	EXP 	Sound  started
498.5192 	DATA 	Keypress: lctrl
498.5675 	EXP 	Sound  started
499.3175 	EXP 	Sound  started
499.3510 	DATA 	Keypress: rctrl
500.0230 	DATA 	Keypress: lctrl
500.0675 	EXP 	Sound  started
500.6951 	DATA 	Keypress: rctrl
500.8176 	EXP 	Sound  started
501.4470 	DATA 	Keypress: lctrl
501.5676 	EXP 	Sound  started
502.2471 	DATA 	Keypress: rctrl
502.3176 	EXP 	Sound  started
502.9991 	DATA 	Keypress: lctrl
503.0676 	EXP 	Sound  started
503.7350 	DATA 	Keypress: rctrl
503.8176 	EXP 	Sound  started
504.5191 	DATA 	Keypress: lctrl
504.5676 	EXP 	Sound  started
505.2071 	DATA 	Keypress: rctrl
505.3176 	EXP 	Sound  started
506.0677 	EXP 	Sound  started
506.0711 	DATA 	Keypress: lctrl
506.7430 	DATA 	Keypress: rctrl
506.8177 	EXP 	Sound  started
507.5431 	DATA 	Keypress: lctrl
507.5677 	EXP 	Sound  started
508.2950 	DATA 	Keypress: rctrl
508.3177 	EXP 	Sound  started
509.0150 	DATA 	Keypress: lctrl
509.0677 	EXP 	Sound  started
509.7991 	DATA 	Keypress: rctrl
509.8177 	EXP 	Sound  started
510.5677 	EXP 	Sound  started
510.6311 	DATA 	Keypress: lctrl
511.2870 	DATA 	Keypress: rctrl
511.3178 	EXP 	Sound  started
512.0393 	DATA 	Keypress: lctrl
512.0678 	EXP 	Sound  started
512.7910 	DATA 	Keypress: rctrl
512.8178 	EXP 	Sound  started
513.5678 	EXP 	Sound  started
513.5751 	DATA 	Keypress: lctrl
514.2950 	DATA 	Keypress: rctrl
514.3178 	EXP 	Sound  started
515.0472 	DATA 	Keypress: lctrl
515.0678 	EXP 	Sound  started
515.7672 	DATA 	Keypress: rctrl
515.8178 	EXP 	Sound  started
516.4711 	DATA 	Keypress: lctrl
520.8484 	DATA 	Keypress: 2
520.8645 	EXP 	unnamed ShapeStim: vertices = <class 'numpy.ndarray'>
524.8664 	DATA 	Keypress: 2
524.8829 	EXP 	unnamed ShapeStim: vertices = <class 'numpy.ndarray'>
529.7682 	DATA 	Keypress: 4
529.7846 	EXP 	unnamed ShapeStim: vertices = <class 'numpy.ndarray'>
532.0589 	EXP 	Sound  started
532.8088 	EXP 	Sound  started
532.8552 	DATA 	Keypress: rctrl
533.5588 	EXP 	Sound  started
533.7032 	DATA 	Keypress: rctrl
534.3088 	EXP 	Sound  started
534.3591 	DATA 	Keypress: rctrl
535.0588 	EXP 	Sound  started
535.1110 	DATA 	Keypress: rctrl
535.8088 	EXP 	Sound  started
535.8151 	DATA 	Keypress: rctrl
536.5351 	DATA 	Keypress: rctrl
536.5588 	EXP 	Sound  started
537.3089 	EXP 	Sound  started
537.3510 	DATA 	Keypress: lctrl
538.0551 	DATA 	Keypress: lctrl
538.0589 	EXP 	Sound  started
538.8089 	EXP 	Sound  started
538.8230 	DATA 	Keypress: lctrl
539.5589 	EXP 	Sound  started
539.5590 	DATA 	Keypress: lctrl
540.2631 	DATA 	Keypress: lctrl
540.3089 	EXP 	Sound  started
541.0150 	DATA 	Keypress: lctrl
541.0589 	EXP 	Sound  started
541.7190 	DATA 	Keypress: lctrl
541.8089 	EXP 	Sound  started
542.4711 	DATA 	Keypress: lctrl
542.5590 	EXP 	Sound  started
543.2230 	DATA 	Keypress: lctrl
543.3090 	EXP 	Sound  started
543.9910 	DATA 	Keypress: lctrl
544.0590 	EXP 	Sound  started
544.7750 	DATA 	Keypress: lctrl
544.8090 	EXP 	Sound  started
545.5590 	EXP 	Sound  started
545.6392 	DATA 	Keypress: lctrl
546.2790 	DATA 	Keypress: lctrl
546.3090 	EXP 	Sound  started
547.0470 	DATA 	Keypress: lctrl
547.0590 	EXP 	Sound  started
547.7830 	DATA 	Keypress: lctrl
547.8091 	EXP 	Sound  started
548.5351 	DATA 	Keypress: lctrl
548.5591 	EXP 	Sound  started
549.2870 	DATA 	Keypress: lctrl
549.3091 	EXP 	Sound  started
550.0231 	DATA 	Keypress: lctrl
550.0591 	EXP 	Sound  started
550.7590 	DATA 	Keypress: lctrl
550.8091 	EXP 	Sound  started
551.4950 	DATA 	Keypress: lctrl
551.5591 	EXP 	Sound  started
552.2150 	DATA 	Keypress: lctrl
552.3091 	EXP 	Sound  started
553.0150 	DATA 	Keypress: lctrl
553.0592 	EXP 	Sound  started
553.7830 	DATA 	Keypress: lctrl
553.8092 	EXP 	Sound  started
554.5592 	EXP 	Sound  started
554.5992 	DATA 	Keypress: lctrl
555.3092 	EXP 	Sound  started
555.3350 	DATA 	Keypress: lctrl
556.0592 	EXP 	Sound  started
556.0710 	DATA 	Keypress: lctrl
556.8092 	EXP 	Sound  started
556.8550 	DATA 	Keypress: lctrl
557.5592 	EXP 	Sound  started
557.6070 	DATA 	Keypress: lctrl
558.2950 	DATA 	Keypress: lctrl
558.3092 	EXP 	Sound  started
559.0593 	EXP 	Sound  started
559.0790 	DATA 	Keypress: lctrl
559.8093 	EXP 	Sound  started
559.8630 	DATA 	Keypress: lctrl
560.5593 	EXP 	Sound  started
560.6152 	DATA 	Keypress: lctrl
561.3093 	EXP 	Sound  started
561.3510 	DATA 	Keypress: lctrl
562.0593 	EXP 	Sound  started
562.0870 	DATA 	Keypress: lctrl
562.8093 	EXP 	Sound  started
562.8392 	DATA 	Keypress: lctrl
563.5594 	EXP 	Sound  started
563.6230 	DATA 	Keypress: lctrl
564.3094 	EXP 	Sound  started
564.3110 	DATA 	Keypress: lctrl
565.0594 	EXP 	Sound  started
565.0791 	DATA 	Keypress: rctrl
565.7671 	DATA 	Keypress: lctrl
565.8094 	EXP 	Sound  started
566.5351 	DATA 	Keypress: rctrl
566.5594 	EXP 	Sound  started
567.2391 	DATA 	Keypress: lctrl
567.3094 	EXP 	Sound  started
567.9750 	DATA 	Keypress: rctrl
568.0594 	EXP 	Sound  started
568.7910 	DATA 	Keypress: lctrl
568.8094 	EXP 	Sound  started
569.5595 	EXP 	Sound  started
569.6391 	DATA 	Keypress: rctrl
570.2951 	DATA 	Keypress: lctrl
570.3095 	EXP 	Sound  started
571.0471 	DATA 	Keypress: rctrl
571.0595 	EXP 	Sound  started
571.7990 	DATA 	Keypress: lctrl
571.8095 	EXP 	Sound  started
572.5191 	DATA 	Keypress: rctrl
572.5595 	EXP 	Sound  started
573.2710 	DATA 	Keypress: lctrl
573.3095 	EXP 	Sound  started
574.0230 	DATA 	Keypress: rctrl
574.0596 	EXP 	Sound  started
574.7270 	DATA 	Keypress: lctrl
574.8096 	EXP 	Sound  started
575.4150 	DATA 	Keypress: rctrl
575.5596 	EXP 	Sound  started
576.1830 	DATA 	Keypress: lctrl
576.3096 	EXP 	Sound  started
576.9671 	DATA 	Keypress: rctrl
577.0596 	EXP 	Sound  started
577.7350 	DATA 	Keypress: lctrl
577.8096 	EXP 	Sound  started
578.4390 	DATA 	Keypress: rctrl
581.4192 	DATA 	Keypress: 3
581.4357 	EXP 	unnamed ShapeStim: vertices = <class 'numpy.ndarray'>
586.6545 	DATA 	Keypress: 3
586.6706 	EXP 	unnamed ShapeStim: vertices = <class 'numpy.ndarray'>
590.6892 	DATA 	Keypress: 3
590.7057 	EXP 	unnamed ShapeStim: vertices = <class 'numpy.ndarray'>
592.9802 	EXP 	Sound  started
593.7301 	EXP 	Sound  started
593.7830 	DATA 	Keypress: rctrl
594.4801 	EXP 	Sound  started
594.5670 	DATA 	Keypress: rctrl
595.2301 	EXP 	Sound  started
595.2390 	DATA 	Keypress: rctrl
595.9751 	DATA 	Keypress: rctrl
595.9801 	EXP 	Sound  started
596.6950 	DATA 	Keypress: rctrl
596.7301 	EXP 	Sound  started
597.4802 	EXP 	Sound  started
597.5110 	DATA 	Keypress: rctrl
598.2150 	DATA 	Keypress: rctrl
598.2302 	EXP 	Sound  started
598.9802 	EXP 	Sound  started
599.0310 	DATA 	Keypress: rctrl
599.7302 	EXP 	Sound  started
599.7350 	DATA 	Keypress: rctrl
600.4802 	EXP 	Sound  started
600.4870 	DATA 	Keypress: rctrl
601.2302 	EXP 	Sound  started
601.2710 	DATA 	Keypress: rctrl
601.9802 	EXP 	Sound  started
601.9911 	DATA 	Keypress: rctrl
602.7303 	EXP 	Sound  started
602.7590 	DATA 	Keypress: rctrl
603.4630 	DATA 	Keypress: rctrl
603.4803 	EXP 	Sound  started
604.2303 	EXP 	Sound  started
604.2470 	DATA 	Keypress: rctrl
604.9803 	EXP 	Sound  started
605.0950 	DATA 	Keypress: rctrl
605.7303 	EXP 	Sound  started
605.7510 	DATA 	Keypress: lctrl
606.4550 	DATA 	Keypress: rctrl
606.4803 	EXP 	Sound  started
607.2230 	DATA 	Keypress: lctrl
607.2303 	EXP 	Sound  started
607.9749 	DATA 	Keypress: rctrl
607.9804 	EXP 	Sound  started
608.6949 	DATA 	Keypress: lctrl
608.7304 	EXP 	Sound  started
609.3830 	DATA 	Keypress: rctrl
609.4804 	EXP 	Sound  started
610.1511 	DATA 	Keypress: rctrl
610.2304 	EXP 	Sound  started
610.9190 	DATA 	Keypress: rctrl
610.9804 	EXP 	Sound  started
611.6710 	DATA 	Keypress: rctrl
611.7304 	EXP 	Sound  started
612.4711 	DATA 	Keypress: rctrl
612.4804 	EXP 	Sound  started
613.2305 	EXP 	Sound  started
613.2389 	DATA 	Keypress: rctrl
613.9749 	DATA 	Keypress: rctrl
613.9805 	EXP 	Sound  started
614.7305 	EXP 	Sound  started
614.7589 	DATA 	Keypress: rctrl
615.4805 	EXP 	Sound  started
615.5431 	DATA 	Keypress: rctrl
616.2305 	EXP 	Sound  started
616.3110 	DATA 	Keypress: rctrl
616.9805 	EXP 	Sound  started
616.9829 	DATA 	Keypress: rctrl
617.7305 	EXP 	Sound  started
617.7510 	DATA 	Keypress: rctrl
618.4390 	DATA 	Keypress: rctrl
618.4806 	EXP 	Sound  started
619.1909 	DATA 	Keypress: rctrl
619.2306 	EXP 	Sound  started
619.9591 	DATA 	Keypress: rctrl
619.9806 	EXP 	Sound  started
620.6790 	DATA 	Keypress: rctrl
620.7306 	EXP 	Sound  started
621.3992 	DATA 	Keypress: rctrl
621.4806 	EXP 	Sound  started
622.1829 	DATA 	Keypress: rctrl
622.2306 	EXP 	Sound  started
622.8870 	DATA 	Keypress: rctrl
622.9807 	EXP 	Sound  started
623.6390 	DATA 	Keypress: lctrl
623.7306 	EXP 	Sound  started
624.4229 	DATA 	Keypress: rctrl
624.4807 	EXP 	Sound  started
625.1430 	DATA 	Keypress: lctrl
625.2307 	EXP 	Sound  started
625.9270 	DATA 	Keypress: rctrl
625.9807 	EXP 	Sound  started
626.6630 	DATA 	Keypress: lctrl
626.7307 	EXP 	Sound  started
627.3991 	DATA 	Keypress: rctrl
627.4807 	EXP 	Sound  started
628.2150 	DATA 	Keypress: lctrl
628.2307 	EXP 	Sound  started
628.9510 	DATA 	Keypress: rctrl
628.9807 	EXP 	Sound  started
629.5910 	DATA 	Keypress: lctrl
629.7307 	EXP 	Sound  started
630.4230 	DATA 	Keypress: rctrl
630.4808 	EXP 	Sound  started
631.1431 	DATA 	Keypress: lctrl
631.2308 	EXP 	Sound  started
631.9808 	EXP 	Sound  started
632.0390 	DATA 	Keypress: rctrl
632.6950 	DATA 	Keypress: lctrl
632.7308 	EXP 	Sound  started
633.4808 	EXP 	Sound  started
633.5112 	DATA 	Keypress: rctrl
634.1831 	DATA 	Keypress: lctrl
634.2309 	EXP 	Sound  started
634.9191 	DATA 	Keypress: rctrl
634.9809 	EXP 	Sound  started
635.7309 	EXP 	Sound  started
635.7349 	DATA 	Keypress: lctrl
636.4710 	DATA 	Keypress: rctrl
636.4809 	EXP 	Sound  started
637.1591 	DATA 	Keypress: lctrl
637.2309 	EXP 	Sound  started
637.9110 	DATA 	Keypress: rctrl
637.9809 	EXP 	Sound  started
638.7309 	EXP 	Sound  started
638.8710 	DATA 	Keypress: lctrl
639.4809 	EXP 	Sound  started
639.5109 	DATA 	Keypress: rctrl
640.2310 	EXP 	Sound  started
640.2631 	DATA 	Keypress: lctrl
640.9671 	DATA 	Keypress: rctrl
640.9810 	EXP 	Sound  started
641.6230 	DATA 	Keypress: lctrl
641.7310 	EXP 	Sound  started
642.3749 	DATA 	Keypress: rctrl
642.4810 	EXP 	Sound  started
643.1110 	DATA 	Keypress: lctrl
643.2310 	EXP 	Sound  started
643.9270 	DATA 	Keypress: rctrl
643.9810 	EXP 	Sound  started
644.7270 	DATA 	Keypress: lctrl
644.7310 	EXP 	Sound  started
645.4790 	DATA 	Keypress: rctrl
645.4811 	EXP 	Sound  started
646.1990 	DATA 	Keypress: lctrl
646.2311 	EXP 	Sound  started
646.9811 	EXP 	Sound  started
646.9830 	DATA 	Keypress: rctrl
647.7030 	DATA 	Keypress: lctrl
647.7311 	EXP 	Sound  started
648.4389 	DATA 	Keypress: rctrl
648.4811 	EXP 	Sound  started
649.2311 	EXP 	Sound  started
649.2390 	DATA 	Keypress: lctrl
649.9811 	EXP 	Sound  started
649.9909 	DATA 	Keypress: rctrl
650.7311 	EXP 	Sound  started
650.7431 	DATA 	Keypress: lctrl
651.5115 	DATA 	Keypress: rctrl
655.4162 	DATA 	Keypress: 2
655.4446 	EXP 	unnamed ShapeStim: vertices = <class 'numpy.ndarray'>
659.5795 	DATA 	Keypress: 2
659.5961 	EXP 	unnamed ShapeStim: vertices = <class 'numpy.ndarray'>
663.7688 	DATA 	Keypress: 4
663.7977 	EXP 	unnamed ShapeStim: vertices = <class 'numpy.ndarray'>
666.0722 	EXP 	Sound  started
666.8220 	EXP 	Sound  started
667.5590 	DATA 	Keypress: rctrl
667.5721 	EXP 	Sound  started
668.3109 	DATA 	Keypress: rctrl
668.3221 	EXP 	Sound  started
669.0150 	DATA 	Keypress: rctrl
669.0721 	EXP 	Sound  started
669.7989 	DATA 	Keypress: rctrl
669.8221 	EXP 	Sound  started
670.4869 	DATA 	Keypress: rctrl
670.5721 	EXP 	Sound  started
671.2869 	DATA 	Keypress: rctrl
671.3221 	EXP 	Sound  started
672.0709 	DATA 	Keypress: rctrl
672.0722 	EXP 	Sound  started
672.8222 	EXP 	Sound  started
672.8389 	DATA 	Keypress: rctrl
673.5269 	DATA 	Keypress: rctrl
673.5722 	EXP 	Sound  started
674.2790 	DATA 	Keypress: rctrl
674.3222 	EXP 	Sound  started
675.0629 	DATA 	Keypress: rctrl
675.0722 	EXP 	Sound  started
675.8150 	DATA 	Keypress: rctrl
675.8222 	EXP 	Sound  started
676.3909 	DATA 	Keypress: lctrl
676.5722 	EXP 	Sound  started
677.2709 	DATA 	Keypress: rctrl
677.3223 	EXP 	Sound  started
678.0723 	EXP 	Sound  started
678.0870 	DATA 	Keypress: lctrl
678.8223 	EXP 	Sound  started
678.8550 	DATA 	Keypress: rctrl
679.5110 	DATA 	Keypress: lctrl
679.5723 	EXP 	Sound  started
680.3223 	EXP 	Sound  started
680.3271 	DATA 	Keypress: rctrl
681.0723 	EXP 	Sound  started
681.1110 	DATA 	Keypress: lctrl
681.7831 	DATA 	Keypress: rctrl
681.8223 	EXP 	Sound  started
682.5670 	DATA 	Keypress: lctrl
682.5724 	EXP 	Sound  started
683.2871 	DATA 	Keypress: rctrl
683.3224 	EXP 	Sound  started
684.0389 	DATA 	Keypress: lctrl
684.0724 	EXP 	Sound  started
684.7910 	DATA 	Keypress: rctrl
684.8224 	EXP 	Sound  started
685.5590 	DATA 	Keypress: lctrl
685.5724 	EXP 	Sound  started
686.2950 	DATA 	Keypress: rctrl
686.3224 	EXP 	Sound  started
687.0629 	DATA 	Keypress: lctrl
687.0724 	EXP 	Sound  started
687.7989 	DATA 	Keypress: rctrl
687.8225 	EXP 	Sound  started
688.5350 	DATA 	Keypress: lctrl
688.5725 	EXP 	Sound  started
689.2709 	DATA 	Keypress: rctrl
689.3225 	EXP 	Sound  started
690.0390 	DATA 	Keypress: lctrl
690.0725 	EXP 	Sound  started
690.7430 	DATA 	Keypress: rctrl
690.8225 	EXP 	Sound  started
691.5110 	DATA 	Keypress: rctrl
691.5725 	EXP 	Sound  started
692.2310 	DATA 	Keypress: rctrl
692.3225 	EXP 	Sound  started
692.9829 	DATA 	Keypress: rctrl
693.0726 	EXP 	Sound  started
693.7030 	DATA 	Keypress: lctrl
693.8226 	EXP 	Sound  started
694.4390 	DATA 	Keypress: lctrl
694.5726 	EXP 	Sound  started
695.1910 	DATA 	Keypress: lctrl
695.3226 	EXP 	Sound  started
695.8950 	DATA 	Keypress: lctrl
696.0726 	EXP 	Sound  started
696.7590 	DATA 	Keypress: rctrl
696.8226 	EXP 	Sound  started
697.4311 	DATA 	Keypress: rctrl
697.5727 	EXP 	Sound  started
698.2310 	DATA 	Keypress: rctrl
698.3227 	EXP 	Sound  started
698.9830 	DATA 	Keypress: rctrl
699.0727 	EXP 	Sound  started
699.7509 	DATA 	Keypress: rctrl
699.8227 	EXP 	Sound  started
700.4389 	DATA 	Keypress: lctrl
700.5727 	EXP 	Sound  started
701.2550 	DATA 	Keypress: lctrl
701.3227 	EXP 	Sound  started
701.9910 	DATA 	Keypress: lctrl
702.0728 	EXP 	Sound  started
702.8071 	DATA 	Keypress: lctrl
702.8228 	EXP 	Sound  started
703.4950 	DATA 	Keypress: rctrl
703.5728 	EXP 	Sound  started
704.3228 	EXP 	Sound  started
705.0631 	DATA 	Keypress: lctrl
705.0728 	EXP 	Sound  started
705.8150 	DATA 	Keypress: rctrl
705.8228 	EXP 	Sound  started
706.5728 	EXP 	Sound  started
707.3190 	DATA 	Keypress: rctrl
707.3228 	EXP 	Sound  started
708.0729 	EXP 	Sound  started
708.1031 	DATA 	Keypress: lctrl
708.8229 	EXP 	Sound  started
708.8710 	DATA 	Keypress: rctrl
709.5109 	DATA 	Keypress: lctrl
709.5729 	EXP 	Sound  started
710.3229 	EXP 	Sound  started
710.3269 	DATA 	Keypress: rctrl
711.0833 	DATA 	Keypress: lctrl
713.7197 	DATA 	Keypress: 4
713.7481 	EXP 	unnamed ShapeStim: vertices = <class 'numpy.ndarray'>
717.5831 	DATA 	Keypress: 3
717.5996 	EXP 	unnamed ShapeStim: vertices = <class 'numpy.ndarray'>
723.0850 	DATA 	Keypress: 2
723.1014 	EXP 	unnamed ShapeStim: vertices = <class 'numpy.ndarray'>
725.3760 	EXP 	Sound  started
726.1258 	EXP 	Sound  started
726.3911 	DATA 	Keypress: rctrl
726.8758 	EXP 	Sound  started
726.9349 	DATA 	Keypress: rctrl
727.6258 	EXP 	Sound  started
727.6870 	DATA 	Keypress: rctrl
728.3758 	EXP 	Sound  started
728.4391 	DATA 	Keypress: rctrl
729.0789 	DATA 	Keypress: rctrl
729.1259 	EXP 	Sound  started
729.8759 	EXP 	Sound  started
729.8950 	DATA 	Keypress: rctrl
730.5669 	DATA 	Keypress: rctrl
730.6259 	EXP 	Sound  started
731.2549 	DATA 	Keypress: rctrl
731.3759 	EXP 	Sound  started
732.0549 	DATA 	Keypress: rctrl
732.1259 	EXP 	Sound  started
732.6950 	DATA 	Keypress: rctrl
732.8759 	EXP 	Sound  started
733.4949 	DATA 	Keypress: rctrl
733.6259 	EXP 	Sound  started
734.2149 	DATA 	Keypress: rctrl
734.3759 	EXP 	Sound  started
734.8710 	DATA 	Keypress: rctrl
735.1260 	EXP 	Sound  started
735.6389 	DATA 	Keypress: rctrl
735.8760 	EXP 	Sound  started
736.3269 	DATA 	Keypress: rctrl
736.6260 	EXP 	Sound  started
737.2549 	DATA 	Keypress: rctrl
737.3760 	EXP 	Sound  started
737.9270 	DATA 	Keypress: rctrl
738.1260 	EXP 	Sound  started
738.6949 	DATA 	Keypress: rctrl
738.8760 	EXP 	Sound  started
739.4149 	DATA 	Keypress: rctrl
739.6260 	EXP 	Sound  started
740.3590 	DATA 	Keypress: rctrl
740.3761 	EXP 	Sound  started
740.9990 	DATA 	Keypress: rctrl
741.1261 	EXP 	Sound  started
741.7989 	DATA 	Keypress: rctrl
741.8761 	EXP 	Sound  started
742.4549 	DATA 	Keypress: rctrl
742.6261 	EXP 	Sound  started
743.3190 	DATA 	Keypress: rctrl
743.3761 	EXP 	Sound  started
744.0870 	DATA 	Keypress: rctrl
744.1261 	EXP 	Sound  started
744.8390 	DATA 	Keypress: rctrl
744.8761 	EXP 	Sound  started
745.6069 	DATA 	Keypress: rctrl
745.6262 	EXP 	Sound  started
746.3589 	DATA 	Keypress: rctrl
746.3762 	EXP 	Sound  started
747.1109 	DATA 	Keypress: rctrl
747.1262 	EXP 	Sound  started
747.8630 	DATA 	Keypress: rctrl
747.8762 	EXP 	Sound  started
748.6262 	EXP 	Sound  started
748.6469 	DATA 	Keypress: rctrl
749.3762 	EXP 	Sound  started
749.3829 	DATA 	Keypress: rctrl
750.1030 	DATA 	Keypress: rctrl
750.1262 	EXP 	Sound  started
750.8229 	DATA 	Keypress: rctrl
750.8763 	EXP 	Sound  started
751.6069 	DATA 	Keypress: rctrl
751.6263 	EXP 	Sound  started
751.8631 	DATA 	Keypress: lctrl
752.3763 	EXP 	Sound  started
752.4230 	DATA 	Keypress: rctrl
753.1263 	EXP 	Sound  started
753.2069 	DATA 	Keypress: lctrl
753.8763 	EXP 	Sound  started
753.9749 	DATA 	Keypress: rctrl
754.6263 	EXP 	Sound  started
754.6469 	DATA 	Keypress: lctrl
755.3764 	EXP 	Sound  started
755.3829 	DATA 	Keypress: lctrl
756.1264 	EXP 	Sound  started
756.1349 	DATA 	Keypress: rctrl
756.8230 	DATA 	Keypress: lctrl
756.8764 	EXP 	Sound  started
757.5749 	DATA 	Keypress: rctrl
757.6264 	EXP 	Sound  started
758.3269 	DATA 	Keypress: lctrl
758.3764 	EXP 	Sound  started
759.0790 	DATA 	Keypress: rctrl
759.1264 	EXP 	Sound  started
759.8764 	EXP 	Sound  started
759.8790 	DATA 	Keypress: lctrl
760.5509 	DATA 	Keypress: rctrl
760.6265 	EXP 	Sound  started
761.3765 	EXP 	Sound  started
761.3830 	DATA 	Keypress: lctrl
762.0869 	DATA 	Keypress: rctrl
762.1265 	EXP 	Sound  started
762.8549 	DATA 	Keypress: lctrl
762.8765 	EXP 	Sound  started
763.6069 	DATA 	Keypress: rctrl
763.6265 	EXP 	Sound  started
764.3765 	EXP 	Sound  started
764.4070 	DATA 	Keypress: lctrl
765.1266 	EXP 	Sound  started
765.1589 	DATA 	Keypress: rctrl
765.8630 	DATA 	Keypress: lctrl
765.8766 	EXP 	Sound  started
766.5989 	DATA 	Keypress: rctrl
766.6266 	EXP 	Sound  started
767.3766 	EXP 	Sound  started
767.3830 	DATA 	Keypress: lctrl
768.1266 	EXP 	Sound  started
768.1510 	DATA 	Keypress: rctrl
768.8766 	EXP 	Sound  started
768.9190 	DATA 	Keypress: lctrl
769.6229 	DATA 	Keypress: rctrl
769.6266 	EXP 	Sound  started
770.3589 	DATA 	Keypress: lctrl
770.3767 	EXP 	Sound  started
771.0949 	DATA 	Keypress: rctrl
771.1267 	EXP 	Sound  started
771.8767 	EXP 	Sound  started
771.9269 	DATA 	Keypress: rctrl
772.5989 	DATA 	Keypress: lctrl
772.6267 	EXP 	Sound  started
773.3349 	DATA 	Keypress: rctrl
773.3767 	EXP 	Sound  started
774.1267 	EXP 	Sound  started
774.1349 	DATA 	Keypress: lctrl
774.8228 	DATA 	Keypress: rctrl
774.8767 	EXP 	Sound  started
775.5749 	DATA 	Keypress: lctrl
775.6268 	EXP 	Sound  started
776.3589 	DATA 	Keypress: rctrl
776.3768 	EXP 	Sound  started
777.1108 	DATA 	Keypress: lctrl
777.1268 	EXP 	Sound  started
777.8768 	EXP 	Sound  started
777.8948 	DATA 	Keypress: rctrl
778.6268 	EXP 	Sound  started
778.7110 	DATA 	Keypress: lctrl
779.3768 	EXP 	Sound  started
779.3828 	DATA 	Keypress: rctrl
780.1028 	DATA 	Keypress: lctrl
780.1268 	EXP 	Sound  started
780.8769 	EXP 	Sound  started
780.8869 	DATA 	Keypress: rctrl
781.6269 	EXP 	Sound  started
781.6868 	DATA 	Keypress: lctrl
782.3750 	DATA 	Keypress: rctrl
782.3769 	EXP 	Sound  started
783.1269 	EXP 	Sound  started
783.2069 	DATA 	Keypress: lctrl
783.8769 	EXP 	Sound  started
783.9429 	DATA 	Keypress: rctrl
784.7163 	DATA 	Keypress: lctrl
788.3010 	DATA 	Keypress: 4
788.3237 	EXP 	unnamed ShapeStim: vertices = <class 'numpy.ndarray'>
795.1308 	DATA 	Keypress: 1
795.1597 	EXP 	unnamed ShapeStim: vertices = <class 'numpy.ndarray'>
799.6948 	DATA 	Keypress: 4
799.7112 	EXP 	unnamed ShapeStim: vertices = <class 'numpy.ndarray'>
1021.0309 	DATA 	Keypress: escape
1021.2134 	EXP 	window1: mouseVisible = True
