224.4428 	WARNING 	User requested fullscreen with size [1024  768], but screen is actually [1920, 1200]. Using actual size
225.2307 	EXP 	Created window1 = Window(allowGUI=False, allowStencil=False, autoLog=True, backendConf=UNKNOWN, bitsMode=UNKNOWN, blendMode='avg', bpc=(8, 8, 8), color=array([0, 0, 0]), colorSpace='rgb', depthBits=8, fullscr=<method-wrapper '__getattribute__' of attributeSetter object at 0x000001EAD3DB6780>, gamma=None, gammaErrorPolicy='raise', lms=UNKNOWN, monitor=<psychopy.monitors.calibTools.Monitor object at 0x000001EAD54F4080>, multiSample=False, name='window1', numSamples=2, pos=[0.0, 0.0], screen=0, size=array([1920, 1200]), stencilBits=0, stereo=False, units='norm', useFBO=True, useRetina=False, viewOri=0.0, viewPos=None, viewScale=None, waitBlanking=True, winType='pyglet')
225.2311 	EXP 	window1: mouseVisible = True
225.2311 	EXP 	window1: mouseVisible = False
225.2311 	EXP 	window1: recordFrameIntervals = False
225.3973 	EXP 	window1: recordFrameIntervals = True
225.5808 	EXP 	window1: recordFrameIntervals = False
225.6360 	EXP 	Created text = TextStim(__class__=<class 'psychopy.visual.text.TextStim'>, alignHoriz=method-wrapper(...), alignText='center', alignVert=method-wrapper(...), anchorHoriz='center', anchorVert='center', antialias=True, autoLog=True, bold=False, color=array([1., 1., 1.]), colorSpace='rgb', contrast=1.0, depth=0.0, flipHoriz=False, flipVert=False, font='Arial', fontFiles=[], height=0.15, italic=False, languageStyle='LTR', name='text', opacity=1, ori=0, pos=array([0., 0.]), rgb=UNKNOWN, text='+', units='norm', win=Window(...), wrapWidth=1)
225.6575 	EXP 	Created text = TextStim(__class__=<class 'psychopy.visual.text.TextStim'>, alignHoriz=method-wrapper(...), alignText='center', alignVert=method-wrapper(...), anchorHoriz='center', anchorVert='center', antialias=True, autoLog=True, bold=False, color=array([1., 1., 1.]), colorSpace='rgb', contrast=1.0, depth=0.0, flipHoriz=False, flipVert=False, font='Arial', fontFiles=[], height=0.07, italic=False, languageStyle='LTR', name='text', opacity=1, ori=0, pos=array([0., 0.]), rgb=UNKNOWN, text=str(...), units='norm', win=Window(...), wrapWidth=1.65)
225.6698 	EXP 	Created text = TextStim(__class__=<class 'psychopy.visual.text.TextStim'>, alignHoriz=method-wrapper(...), alignText='center', alignVert=method-wrapper(...), anchorHoriz='center', anchorVert='center', antialias=True, autoLog=True, bold=False, color=array([1., 1., 1.]), colorSpace='rgb', contrast=1.0, depth=0.0, flipHoriz=False, flipVert=False, font='Arial', fontFiles=[], height=0.07, italic=False, languageStyle='LTR', name='text', opacity=1, ori=0, pos=array([0., 0.]), rgb=UNKNOWN, text=str(...), units='norm', win=Window(...), wrapWidth=1.65)
225.6800 	EXP 	Created text = TextStim(__class__=<class 'psychopy.visual.text.TextStim'>, alignHoriz=method-wrapper(...), alignText='center', alignVert=method-wrapper(...), anchorHoriz='center', anchorVert='center', antialias=True, autoLog=True, bold=False, color=array([1., 1., 1.]), colorSpace='rgb', contrast=1.0, depth=0.0, flipHoriz=False, flipVert=False, font='Arial', fontFiles=[], height=0.07, italic=False, languageStyle='LTR', name='text', opacity=1, ori=0, pos=array([0., 0.]), rgb=UNKNOWN, text=str(...), units='norm', win=Window(...), wrapWidth=1.65)
225.6903 	EXP 	Created text = TextStim(__class__=<class 'psychopy.visual.text.TextStim'>, alignHoriz=method-wrapper(...), alignText='center', alignVert=method-wrapper(...), anchorHoriz='center', anchorVert='center', antialias=True, autoLog=True, bold=False, color=array([1., 1., 1.]), colorSpace='rgb', contrast=1.0, depth=0.0, flipHoriz=False, flipVert=False, font='Arial', fontFiles=[], height=0.07, italic=False, languageStyle='LTR', name='text', opacity=1, ori=0, pos=array([0., 0.]), rgb=UNKNOWN, text=str(...), units='norm', win=Window(...), wrapWidth=1.65)
225.6952 	EXP 	Created text = TextStim(__class__=<class 'psychopy.visual.text.TextStim'>, alignHoriz=method-wrapper(...), alignText='center', alignVert=method-wrapper(...), anchorHoriz='center', anchorVert='center', antialias=True, autoLog=True, bold=False, color=array([1., 1., 1.]), colorSpace='rgb', contrast=1.0, depth=0.0, flipHoriz=False, flipVert=False, font='Arial', fontFiles=[], height=0.07, italic=False, languageStyle='LTR', name='text', opacity=1, ori=0, pos=array([0., 0.]), rgb=UNKNOWN, text=str(...), units='norm', win=Window(...), wrapWidth=1.65)
225.7095 	EXP 	Created text = TextStim(__class__=<class 'psychopy.visual.text.TextStim'>, alignHoriz=method-wrapper(...), alignText='center', alignVert=method-wrapper(...), anchorHoriz='center', anchorVert='center', antialias=True, autoLog=True, bold=False, color=array([1., 1., 1.]), colorSpace='rgb', contrast=1.0, depth=0.0, flipHoriz=False, flipVert=False, font='Arial', fontFiles=[], height=0.15, italic=False, languageStyle='LTR', name='text', opacity=1, ori=0, pos=array([0., 0.]), rgb=UNKNOWN, text=str(...), units='norm', win=Window(...), wrapWidth=1.65)
225.7378 	EXP 	Created text = TextStim(__class__=<class 'psychopy.visual.text.TextStim'>, alignHoriz=method-wrapper(...), alignText='center', alignVert=method-wrapper(...), anchorHoriz='center', anchorVert='center', antialias=True, autoLog=True, bold=False, color=array([1., 1., 1.]), colorSpace='rgb', contrast=1.0, depth=0.0, flipHoriz=False, flipVert=False, font='Arial', fontFiles=[], height=0.07, italic=False, languageStyle='LTR', name='text', opacity=1, ori=0, pos=array([0., 0.]), rgb=UNKNOWN, text=str(...), units='norm', win=Window(...), wrapWidth=1.65)
225.7559 	EXP 	Created text = TextStim(__class__=<class 'psychopy.visual.text.TextStim'>, alignHoriz=method-wrapper(...), alignText='center', alignVert=method-wrapper(...), anchorHoriz='center', anchorVert='center', antialias=True, autoLog=True, bold=False, color=array([1., 1., 1.]), colorSpace='rgb', contrast=1.0, depth=0.0, flipHoriz=False, flipVert=False, font='Arial', fontFiles=[], height=0.07, italic=False, languageStyle='LTR', name='text', opacity=1, ori=0, pos=array([0., 0.]), rgb=UNKNOWN, text=str(...), units='norm', win=Window(...), wrapWidth=1.65)
225.7868 	EXP 	Created text = TextStim(__class__=<class 'psychopy.visual.text.TextStim'>, alignHoriz=method-wrapper(...), alignText='center', alignVert=method-wrapper(...), anchorHoriz='center', anchorVert='center', antialias=True, autoLog=True, bold=False, color=array([1., 1., 1.]), colorSpace='rgb', contrast=1.0, depth=0.0, flipHoriz=False, flipVert=False, font='Arial', fontFiles=[], height=0.07, italic=False, languageStyle='LTR', name='text', opacity=1, ori=0, pos=array([0., 0.]), rgb=UNKNOWN, text=str(...), units='norm', win=Window(...), wrapWidth=1.65)
225.8154 	EXP 	Created text = TextStim(__class__=<class 'psychopy.visual.text.TextStim'>, alignHoriz=method-wrapper(...), alignText='center', alignVert=method-wrapper(...), anchorHoriz='center', anchorVert='center', antialias=True, autoLog=True, bold=False, color=array([1., 1., 1.]), colorSpace='rgb', contrast=1.0, depth=0.0, flipHoriz=False, flipVert=False, font='Arial', fontFiles=[], height=0.07, italic=False, languageStyle='LTR', name='text', opacity=1, ori=0, pos=array([0., 0.]), rgb=UNKNOWN, text=str(...), units='norm', win=Window(...), wrapWidth=1.65)
225.8477 	EXP 	Created text = TextStim(__class__=<class 'psychopy.visual.text.TextStim'>, alignHoriz=method-wrapper(...), alignText='center', alignVert=method-wrapper(...), anchorHoriz='center', anchorVert='center', antialias=True, autoLog=True, bold=False, color=array([1., 1., 1.]), colorSpace='rgb', contrast=1.0, depth=0.0, flipHoriz=False, flipVert=False, font='Arial', fontFiles=[], height=0.07, italic=False, languageStyle='LTR', name='text', opacity=1, ori=0, pos=array([0., 0.]), rgb=UNKNOWN, text=str(...), units='norm', win=Window(...), wrapWidth=1.65)
225.8567 	EXP 	Created text = TextStim(__class__=<class 'psychopy.visual.text.TextStim'>, alignHoriz=method-wrapper(...), alignText='center', alignVert=method-wrapper(...), anchorHoriz='center', anchorVert='center', antialias=True, autoLog=True, bold=False, color=array([1., 1., 1.]), colorSpace='rgb', contrast=1.0, depth=0.0, flipHoriz=False, flipVert=False, font='Arial', fontFiles=[], height=0.07, italic=False, languageStyle='LTR', name='text', opacity=1, ori=0, pos=array([0., 0.]), rgb=UNKNOWN, text=str(...), units='norm', win=Window(...), wrapWidth=1.65)
225.8690 	EXP 	Created text = TextStim(__class__=<class 'psychopy.visual.text.TextStim'>, alignHoriz=method-wrapper(...), alignText='center', alignVert=method-wrapper(...), anchorHoriz='center', anchorVert='center', antialias=True, autoLog=True, bold=False, color=array([1., 1., 1.]), colorSpace='rgb', contrast=1.0, depth=0.0, flipHoriz=False, flipVert=False, font='Arial', fontFiles=[], height=0.07, italic=False, languageStyle='LTR', name='text', opacity=1, ori=0, pos=array([0., 0.]), rgb=UNKNOWN, text=str(...), units='norm', win=Window(...), wrapWidth=1.65)
225.8736 	EXP 	Created instru = TextStim(__class__=<class 'psychopy.visual.text.TextStim'>, alignHoriz=method-wrapper(...), alignText='center', alignVert=method-wrapper(...), anchorHoriz='center', anchorVert='center', antialias=True, autoLog=True, bold=False, color=array([1., 1., 1.]), colorSpace='rgb', contrast=1.0, depth=0.0, flipHoriz=False, flipVert=False, font='Arial', fontFiles=[], height=0.07, italic=False, languageStyle='LTR', name='instru', opacity=1, ori=0, pos=array([0. , 0.5]), rgb=UNKNOWN, text=str(...), units='norm', win=Window(...), wrapWidth=1)
225.8761 	EXP 	Created unnamed Line = Line(__class__=<class 'psychopy.visual.line.Line'>, autoDraw=False, autoLog=True, closeShape=False, color=array([1., 1., 1.]), colorSpace='rgb', contrast=None, depth=0, fillColor=array([0, 0, 0]), fillColorSpace='rgb', fillRGB=array([0, 0, 0]), interpolate=True, lineColor=array([1., 1., 1.]), lineColorSpace='rgb', lineRGB=array([1, 1, 1]), lineWidth=5, name='unnamed Line', opacity=0.5, ori=0.0, pos=array([0., 0.]), size=array([1., 1.]), units='norm', vertices=array([[-0.5,  0. ],
       [ 0.5,  0. ]]), win=Window(...), windingRule=None)
225.8781 	EXP 	Created unnamed Line = Line(__class__=<class 'psychopy.visual.line.Line'>, autoDraw=False, autoLog=True, closeShape=False, color=array([1., 1., 1.]), colorSpace='rgb', contrast=None, depth=0, fillColor=array([0, 0, 0]), fillColorSpace='rgb', fillRGB=array([0, 0, 0]), interpolate=True, lineColor=array([1., 1., 1.]), lineColorSpace='rgb', lineRGB=array([1, 1, 1]), lineWidth=3, name='unnamed Line', opacity=0.5, ori=0.0, pos=array([0., 0.]), size=array([1., 1.]), units='norm', vertices=array([[-0.5 , -0.05],
       [-0.5 ,  0.05]]), win=Window(...), windingRule=None)
225.8801 	EXP 	Created unnamed Line = Line(__class__=<class 'psychopy.visual.line.Line'>, autoDraw=False, autoLog=True, closeShape=False, color=array([1., 1., 1.]), colorSpace='rgb', contrast=None, depth=0, fillColor=array([0, 0, 0]), fillColorSpace='rgb', fillRGB=array([0, 0, 0]), interpolate=True, lineColor=array([1., 1., 1.]), lineColorSpace='rgb', lineRGB=array([1, 1, 1]), lineWidth=3, name='unnamed Line', opacity=0.5, ori=0.0, pos=array([0., 0.]), size=array([1., 1.]), units='norm', vertices=ndarray(...), win=Window(...), windingRule=None)
225.8821 	EXP 	Created unnamed Line = Line(__class__=<class 'psychopy.visual.line.Line'>, autoDraw=False, autoLog=True, closeShape=False, color=array([1., 1., 1.]), colorSpace='rgb', contrast=None, depth=0, fillColor=array([0, 0, 0]), fillColorSpace='rgb', fillRGB=array([0, 0, 0]), interpolate=True, lineColor=array([1., 1., 1.]), lineColorSpace='rgb', lineRGB=array([1, 1, 1]), lineWidth=3, name='unnamed Line', opacity=0.5, ori=0.0, pos=array([0., 0.]), size=array([1., 1.]), units='norm', vertices=ndarray(...), win=Window(...), windingRule=None)
225.8841 	EXP 	Created unnamed Line = Line(__class__=<class 'psychopy.visual.line.Line'>, autoDraw=False, autoLog=True, closeShape=False, color=array([1., 1., 1.]), colorSpace='rgb', contrast=None, depth=0, fillColor=array([0, 0, 0]), fillColorSpace='rgb', fillRGB=array([0, 0, 0]), interpolate=True, lineColor=array([1., 1., 1.]), lineColorSpace='rgb', lineRGB=array([1, 1, 1]), lineWidth=3, name='unnamed Line', opacity=0.5, ori=0.0, pos=array([0., 0.]), size=array([1., 1.]), units='norm', vertices=array([[ 0.5 , -0.05],
       [ 0.5 ,  0.05]]), win=Window(...), windingRule=None)
225.8960 	EXP 	Created unnamed TextStim = TextStim(__class__=<class 'psychopy.visual.text.TextStim'>, alignHoriz=method-wrapper(...), alignText='center', alignVert=method-wrapper(...), anchorHoriz='center', anchorVert='center', antialias=True, autoLog=True, bold=False, color=array([1., 1., 1.]), colorSpace='rgb', contrast=1.0, depth=0, flipHoriz=False, flipVert=False, font='', fontFiles=[], height=0.05, italic=False, languageStyle='LTR', name='unnamed TextStim', opacity=1.0, ori=0.0, pos=array([-0.5, -0.1]), rgb=UNKNOWN, text='Clearly \n NOT FOCUSED', units='norm', win=Window(...), wrapWidth=1)
225.8970 	EXP 	Created unnamed TextStim = TextStim(__class__=<class 'psychopy.visual.text.TextStim'>, alignHoriz=method-wrapper(...), alignText='center', alignVert=method-wrapper(...), anchorHoriz='center', anchorVert='center', antialias=True, autoLog=True, bold=False, color=array([1., 1., 1.]), colorSpace='rgb', contrast=1.0, depth=0, flipHoriz=False, flipVert=False, font='', fontFiles=[], height=0.05, italic=False, languageStyle='LTR', name='unnamed TextStim', opacity=1.0, ori=0.0, pos=array([-0.16666667, -0.1       ]), rgb=UNKNOWN, text='', units='norm', win=Window(...), wrapWidth=1)
225.8980 	EXP 	Created unnamed TextStim = TextStim(__class__=<class 'psychopy.visual.text.TextStim'>, alignHoriz=method-wrapper(...), alignText='center', alignVert=method-wrapper(...), anchorHoriz='center', anchorVert='center', antialias=True, autoLog=True, bold=False, color=array([1., 1., 1.]), colorSpace='rgb', contrast=1.0, depth=0, flipHoriz=False, flipVert=False, font='', fontFiles=[], height=0.05, italic=False, languageStyle='LTR', name='unnamed TextStim', opacity=1.0, ori=0.0, pos=array([ 0.16666667, -0.1       ]), rgb=UNKNOWN, text='', units='norm', win=Window(...), wrapWidth=1)
225.9012 	EXP 	Created unnamed TextStim = TextStim(__class__=<class 'psychopy.visual.text.TextStim'>, alignHoriz=method-wrapper(...), alignText='center', alignVert=method-wrapper(...), anchorHoriz='center', anchorVert='center', antialias=True, autoLog=True, bold=False, color=array([1., 1., 1.]), colorSpace='rgb', contrast=1.0, depth=0, flipHoriz=False, flipVert=False, font='', fontFiles=[], height=0.05, italic=False, languageStyle='LTR', name='unnamed TextStim', opacity=1.0, ori=0.0, pos=array([ 0.5, -0.1]), rgb=UNKNOWN, text='Clearly \n FOCUSED', units='norm', win=Window(...), wrapWidth=1)
225.9031 	EXP 	Created unnamed ShapeStim = ShapeStim(__class__=<class 'psychopy.visual.shape.ShapeStim'>, autoDraw=False, autoLog=True, closeShape=True, color=method-wrapper(...), colorSpace='rgb', contrast=None, depth=0, fillColor=array([1, 1, 1]), fillColorSpace='rgb', fillRGB=array([1, 1, 1]), interpolate=True, lineColor=array([-1., -1., -1.]), lineColorSpace='rgb', lineRGB=array([-1, -1, -1]), lineWidth=1.5, name='unnamed ShapeStim', opacity=1.0, ori=0.0, pos=array([0., 0.]), size=array([1., 1.]), units='norm', vertices=ndarray(...), win=Window(...), windingRule=None)
225.9116 	EXP 	Created instru = TextStim(__class__=<class 'psychopy.visual.text.TextStim'>, alignHoriz=method-wrapper(...), alignText='center', alignVert=method-wrapper(...), anchorHoriz='center', anchorVert='center', antialias=True, autoLog=True, bold=False, color=array([1., 1., 1.]), colorSpace='rgb', contrast=1.0, depth=0.0, flipHoriz=False, flipVert=False, font='Arial', fontFiles=[], height=0.07, italic=False, languageStyle='LTR', name='instru', opacity=1, ori=0, pos=array([0. , 0.5]), rgb=UNKNOWN, text=str(...), units='norm', win=Window(...), wrapWidth=1)
225.9136 	EXP 	Created unnamed Line = Line(__class__=<class 'psychopy.visual.line.Line'>, autoDraw=False, autoLog=True, closeShape=False, color=array([1., 1., 1.]), colorSpace='rgb', contrast=None, depth=0, fillColor=array([0, 0, 0]), fillColorSpace='rgb', fillRGB=array([0, 0, 0]), interpolate=True, lineColor=array([1., 1., 1.]), lineColorSpace='rgb', lineRGB=array([1, 1, 1]), lineWidth=5, name='unnamed Line', opacity=0.5, ori=0.0, pos=array([0., 0.]), size=array([1., 1.]), units='norm', vertices=array([[-0.5,  0. ],
       [ 0.5,  0. ]]), win=Window(...), windingRule=None)
225.9157 	EXP 	Created unnamed Line = Line(__class__=<class 'psychopy.visual.line.Line'>, autoDraw=False, autoLog=True, closeShape=False, color=array([1., 1., 1.]), colorSpace='rgb', contrast=None, depth=0, fillColor=array([0, 0, 0]), fillColorSpace='rgb', fillRGB=array([0, 0, 0]), interpolate=True, lineColor=array([1., 1., 1.]), lineColorSpace='rgb', lineRGB=array([1, 1, 1]), lineWidth=3, name='unnamed Line', opacity=0.5, ori=0.0, pos=array([0., 0.]), size=array([1., 1.]), units='norm', vertices=array([[-0.5 , -0.05],
       [-0.5 ,  0.05]]), win=Window(...), windingRule=None)
225.9177 	EXP 	Created unnamed Line = Line(__class__=<class 'psychopy.visual.line.Line'>, autoDraw=False, autoLog=True, closeShape=False, color=array([1., 1., 1.]), colorSpace='rgb', contrast=None, depth=0, fillColor=array([0, 0, 0]), fillColorSpace='rgb', fillRGB=array([0, 0, 0]), interpolate=True, lineColor=array([1., 1., 1.]), lineColorSpace='rgb', lineRGB=array([1, 1, 1]), lineWidth=3, name='unnamed Line', opacity=0.5, ori=0.0, pos=array([0., 0.]), size=array([1., 1.]), units='norm', vertices=ndarray(...), win=Window(...), windingRule=None)
225.9197 	EXP 	Created unnamed Line = Line(__class__=<class 'psychopy.visual.line.Line'>, autoDraw=False, autoLog=True, closeShape=False, color=array([1., 1., 1.]), colorSpace='rgb', contrast=None, depth=0, fillColor=array([0, 0, 0]), fillColorSpace='rgb', fillRGB=array([0, 0, 0]), interpolate=True, lineColor=array([1., 1., 1.]), lineColorSpace='rgb', lineRGB=array([1, 1, 1]), lineWidth=3, name='unnamed Line', opacity=0.5, ori=0.0, pos=array([0., 0.]), size=array([1., 1.]), units='norm', vertices=ndarray(...), win=Window(...), windingRule=None)
225.9217 	EXP 	Created unnamed Line = Line(__class__=<class 'psychopy.visual.line.Line'>, autoDraw=False, autoLog=True, closeShape=False, color=array([1., 1., 1.]), colorSpace='rgb', contrast=None, depth=0, fillColor=array([0, 0, 0]), fillColorSpace='rgb', fillRGB=array([0, 0, 0]), interpolate=True, lineColor=array([1., 1., 1.]), lineColorSpace='rgb', lineRGB=array([1, 1, 1]), lineWidth=3, name='unnamed Line', opacity=0.5, ori=0.0, pos=array([0., 0.]), size=array([1., 1.]), units='norm', vertices=array([[ 0.5 , -0.05],
       [ 0.5 ,  0.05]]), win=Window(...), windingRule=None)
225.9270 	EXP 	Created unnamed TextStim = TextStim(__class__=<class 'psychopy.visual.text.TextStim'>, alignHoriz=method-wrapper(...), alignText='center', alignVert=method-wrapper(...), anchorHoriz='center', anchorVert='center', antialias=True, autoLog=True, bold=False, color=array([1., 1., 1.]), colorSpace='rgb', contrast=1.0, depth=0, flipHoriz=False, flipVert=False, font='', fontFiles=[], height=0.05, italic=False, languageStyle='LTR', name='unnamed TextStim', opacity=1.0, ori=0.0, pos=array([-0.5, -0.1]), rgb=UNKNOWN, text='Clearly \n NOTHING', units='norm', win=Window(...), wrapWidth=1)
225.9280 	EXP 	Created unnamed TextStim = TextStim(__class__=<class 'psychopy.visual.text.TextStim'>, alignHoriz=method-wrapper(...), alignText='center', alignVert=method-wrapper(...), anchorHoriz='center', anchorVert='center', antialias=True, autoLog=True, bold=False, color=array([1., 1., 1.]), colorSpace='rgb', contrast=1.0, depth=0, flipHoriz=False, flipVert=False, font='', fontFiles=[], height=0.05, italic=False, languageStyle='LTR', name='unnamed TextStim', opacity=1.0, ori=0.0, pos=array([-0.16666667, -0.1       ]), rgb=UNKNOWN, text='', units='norm', win=Window(...), wrapWidth=1)
225.9290 	EXP 	Created unnamed TextStim = TextStim(__class__=<class 'psychopy.visual.text.TextStim'>, alignHoriz=method-wrapper(...), alignText='center', alignVert=method-wrapper(...), anchorHoriz='center', anchorVert='center', antialias=True, autoLog=True, bold=False, color=array([1., 1., 1.]), colorSpace='rgb', contrast=1.0, depth=0, flipHoriz=False, flipVert=False, font='', fontFiles=[], height=0.05, italic=False, languageStyle='LTR', name='unnamed TextStim', opacity=1.0, ori=0.0, pos=array([ 0.16666667, -0.1       ]), rgb=UNKNOWN, text='', units='norm', win=Window(...), wrapWidth=1)
225.9335 	EXP 	Created unnamed TextStim = TextStim(__class__=<class 'psychopy.visual.text.TextStim'>, alignHoriz=method-wrapper(...), alignText='center', alignVert=method-wrapper(...), anchorHoriz='center', anchorVert='center', antialias=True, autoLog=True, bold=False, color=array([1., 1., 1.]), colorSpace='rgb', contrast=1.0, depth=0, flipHoriz=False, flipVert=False, font='', fontFiles=[], height=0.05, italic=False, languageStyle='LTR', name='unnamed TextStim', opacity=1.0, ori=0.0, pos=array([ 0.5, -0.1]), rgb=UNKNOWN, text='Clearly \n SOMETHING', units='norm', win=Window(...), wrapWidth=1)
225.9353 	EXP 	Created unnamed ShapeStim = ShapeStim(__class__=<class 'psychopy.visual.shape.ShapeStim'>, autoDraw=False, autoLog=True, closeShape=True, color=method-wrapper(...), colorSpace='rgb', contrast=None, depth=0, fillColor=array([1, 1, 1]), fillColorSpace='rgb', fillRGB=array([1, 1, 1]), interpolate=True, lineColor=array([-1., -1., -1.]), lineColorSpace='rgb', lineRGB=array([-1, -1, -1]), lineWidth=1.5, name='unnamed ShapeStim', opacity=1.0, ori=0.0, pos=array([0., 0.]), size=array([1., 1.]), units='norm', vertices=ndarray(...), win=Window(...), windingRule=None)
225.9420 	EXP 	Created instru = TextStim(__class__=<class 'psychopy.visual.text.TextStim'>, alignHoriz=method-wrapper(...), alignText='center', alignVert=method-wrapper(...), anchorHoriz='center', anchorVert='center', antialias=True, autoLog=True, bold=False, color=array([1., 1., 1.]), colorSpace='rgb', contrast=1.0, depth=0.0, flipHoriz=False, flipVert=False, font='Arial', fontFiles=[], height=0.07, italic=False, languageStyle='LTR', name='instru', opacity=1, ori=0, pos=array([0. , 0.5]), rgb=UNKNOWN, text=str(...), units='norm', win=Window(...), wrapWidth=1)
225.9440 	EXP 	Created unnamed Line = Line(__class__=<class 'psychopy.visual.line.Line'>, autoDraw=False, autoLog=True, closeShape=False, color=array([1., 1., 1.]), colorSpace='rgb', contrast=None, depth=0, fillColor=array([0, 0, 0]), fillColorSpace='rgb', fillRGB=array([0, 0, 0]), interpolate=True, lineColor=array([1., 1., 1.]), lineColorSpace='rgb', lineRGB=array([1, 1, 1]), lineWidth=5, name='unnamed Line', opacity=0.5, ori=0.0, pos=array([0., 0.]), size=array([1., 1.]), units='norm', vertices=array([[-0.5,  0. ],
       [ 0.5,  0. ]]), win=Window(...), windingRule=None)
225.9460 	EXP 	Created unnamed Line = Line(__class__=<class 'psychopy.visual.line.Line'>, autoDraw=False, autoLog=True, closeShape=False, color=array([1., 1., 1.]), colorSpace='rgb', contrast=None, depth=0, fillColor=array([0, 0, 0]), fillColorSpace='rgb', fillRGB=array([0, 0, 0]), interpolate=True, lineColor=array([1., 1., 1.]), lineColorSpace='rgb', lineRGB=array([1, 1, 1]), lineWidth=3, name='unnamed Line', opacity=0.5, ori=0.0, pos=array([0., 0.]), size=array([1., 1.]), units='norm', vertices=array([[-0.5 , -0.05],
       [-0.5 ,  0.05]]), win=Window(...), windingRule=None)
225.9480 	EXP 	Created unnamed Line = Line(__class__=<class 'psychopy.visual.line.Line'>, autoDraw=False, autoLog=True, closeShape=False, color=array([1., 1., 1.]), colorSpace='rgb', contrast=None, depth=0, fillColor=array([0, 0, 0]), fillColorSpace='rgb', fillRGB=array([0, 0, 0]), interpolate=True, lineColor=array([1., 1., 1.]), lineColorSpace='rgb', lineRGB=array([1, 1, 1]), lineWidth=3, name='unnamed Line', opacity=0.5, ori=0.0, pos=array([0., 0.]), size=array([1., 1.]), units='norm', vertices=ndarray(...), win=Window(...), windingRule=None)
225.9500 	EXP 	Created unnamed Line = Line(__class__=<class 'psychopy.visual.line.Line'>, autoDraw=False, autoLog=True, closeShape=False, color=array([1., 1., 1.]), colorSpace='rgb', contrast=None, depth=0, fillColor=array([0, 0, 0]), fillColorSpace='rgb', fillRGB=array([0, 0, 0]), interpolate=True, lineColor=array([1., 1., 1.]), lineColorSpace='rgb', lineRGB=array([1, 1, 1]), lineWidth=3, name='unnamed Line', opacity=0.5, ori=0.0, pos=array([0., 0.]), size=array([1., 1.]), units='norm', vertices=ndarray(...), win=Window(...), windingRule=None)
225.9521 	EXP 	Created unnamed Line = Line(__class__=<class 'psychopy.visual.line.Line'>, autoDraw=False, autoLog=True, closeShape=False, color=array([1., 1., 1.]), colorSpace='rgb', contrast=None, depth=0, fillColor=array([0, 0, 0]), fillColorSpace='rgb', fillRGB=array([0, 0, 0]), interpolate=True, lineColor=array([1., 1., 1.]), lineColorSpace='rgb', lineRGB=array([1, 1, 1]), lineWidth=3, name='unnamed Line', opacity=0.5, ori=0.0, pos=array([0., 0.]), size=array([1., 1.]), units='norm', vertices=array([[ 0.5 , -0.05],
       [ 0.5 ,  0.05]]), win=Window(...), windingRule=None)
225.9572 	EXP 	Created unnamed TextStim = TextStim(__class__=<class 'psychopy.visual.text.TextStim'>, alignHoriz=method-wrapper(...), alignText='center', alignVert=method-wrapper(...), anchorHoriz='center', anchorVert='center', antialias=True, autoLog=True, bold=False, color=array([1., 1., 1.]), colorSpace='rgb', contrast=1.0, depth=0, flipHoriz=False, flipVert=False, font='', fontFiles=[], height=0.05, italic=False, languageStyle='LTR', name='unnamed TextStim', opacity=1.0, ori=0.0, pos=array([-0.5, -0.1]), rgb=UNKNOWN, text='Clearly \n SPONTANEOUS', units='norm', win=Window(...), wrapWidth=1)
225.9582 	EXP 	Created unnamed TextStim = TextStim(__class__=<class 'psychopy.visual.text.TextStim'>, alignHoriz=method-wrapper(...), alignText='center', alignVert=method-wrapper(...), anchorHoriz='center', anchorVert='center', antialias=True, autoLog=True, bold=False, color=array([1., 1., 1.]), colorSpace='rgb', contrast=1.0, depth=0, flipHoriz=False, flipVert=False, font='', fontFiles=[], height=0.05, italic=False, languageStyle='LTR', name='unnamed TextStim', opacity=1.0, ori=0.0, pos=array([-0.16666667, -0.1       ]), rgb=UNKNOWN, text='', units='norm', win=Window(...), wrapWidth=1)
225.9592 	EXP 	Created unnamed TextStim = TextStim(__class__=<class 'psychopy.visual.text.TextStim'>, alignHoriz=method-wrapper(...), alignText='center', alignVert=method-wrapper(...), anchorHoriz='center', anchorVert='center', antialias=True, autoLog=True, bold=False, color=array([1., 1., 1.]), colorSpace='rgb', contrast=1.0, depth=0, flipHoriz=False, flipVert=False, font='', fontFiles=[], height=0.05, italic=False, languageStyle='LTR', name='unnamed TextStim', opacity=1.0, ori=0.0, pos=array([ 0.16666667, -0.1       ]), rgb=UNKNOWN, text='', units='norm', win=Window(...), wrapWidth=1)
225.9644 	EXP 	Created unnamed TextStim = TextStim(__class__=<class 'psychopy.visual.text.TextStim'>, alignHoriz=method-wrapper(...), alignText='center', alignVert=method-wrapper(...), anchorHoriz='center', anchorVert='center', antialias=True, autoLog=True, bold=False, color=array([1., 1., 1.]), colorSpace='rgb', contrast=1.0, depth=0, flipHoriz=False, flipVert=False, font='', fontFiles=[], height=0.05, italic=False, languageStyle='LTR', name='unnamed TextStim', opacity=1.0, ori=0.0, pos=array([ 0.5, -0.1]), rgb=UNKNOWN, text='Clearly \n DELIBERATE', units='norm', win=Window(...), wrapWidth=1)
225.9662 	EXP 	Created unnamed ShapeStim = ShapeStim(__class__=<class 'psychopy.visual.shape.ShapeStim'>, autoDraw=False, autoLog=True, closeShape=True, color=method-wrapper(...), colorSpace='rgb', contrast=None, depth=0, fillColor=array([1, 1, 1]), fillColorSpace='rgb', fillRGB=array([1, 1, 1]), interpolate=True, lineColor=array([-1., -1., -1.]), lineColorSpace='rgb', lineRGB=array([-1, -1, -1]), lineWidth=1.5, name='unnamed ShapeStim', opacity=1.0, ori=0.0, pos=array([0., 0.]), size=array([1., 1.]), units='norm', vertices=ndarray(...), win=Window(...), windingRule=None)
226.0146 	EXP 	Sound  set volume 1.000
226.0414 	EXP 	unnamed ShapeStim: vertices = <class 'numpy.ndarray'>
226.0414 	EXP 	unnamed ShapeStim: vertices = <class 'numpy.ndarray'>
226.0414 	EXP 	unnamed ShapeStim: vertices = <class 'numpy.ndarray'>
231.2199 	DATA 	Keypress: rctrl
232.5478 	DATA 	Keypress: rctrl
243.1079 	DATA 	Keypress: rctrl
243.1284 	EXP 	unnamed TextStim: text = ''
243.1284 	EXP 	unnamed TextStim: text = ''
250.0710 	DATA 	Keypress: 4
250.1003 	EXP 	unnamed ShapeStim: vertices = <class 'numpy.ndarray'>
251.6224 	DATA 	Keypress: rctrl
269.8439 	DATA 	Keypress: rctrl
269.8669 	EXP 	unnamed TextStim: text = ''
269.8669 	EXP 	unnamed TextStim: text = ''
270.9680 	DATA 	Keypress: 4
270.9845 	EXP 	unnamed ShapeStim: vertices = <class 'numpy.ndarray'>
277.7959 	DATA 	Keypress: rctrl
277.8235 	EXP 	unnamed TextStim: text = ''
277.8235 	EXP 	unnamed TextStim: text = ''
278.9407 	DATA 	Keypress: 4
278.9572 	EXP 	unnamed ShapeStim: vertices = <class 'numpy.ndarray'>
284.7398 	DATA 	Keypress: rctrl
289.2679 	DATA 	Keypress: rctrl
293.5558 	DATA 	Keypress: rctrl
294.0704 	EXP 	Sound  started
294.8038 	DATA 	Keypress: lctrl
294.8202 	EXP 	Sound  started
295.5702 	EXP 	Sound  started
295.6039 	DATA 	Keypress: lctrl
296.1958 	DATA 	Keypress: lctrl
296.3202 	EXP 	Sound  started
296.9959 	DATA 	Keypress: lctrl
297.0703 	EXP 	Sound  started
297.7318 	DATA 	Keypress: lctrl
297.8203 	EXP 	Sound  started
298.5318 	DATA 	Keypress: lctrl
298.5703 	EXP 	Sound  started
299.2038 	DATA 	Keypress: lctrl
299.3203 	EXP 	Sound  started
300.0518 	DATA 	Keypress: lctrl
300.0703 	EXP 	Sound  started
300.7398 	DATA 	Keypress: lctrl
300.8203 	EXP 	Sound  started
301.3798 	DATA 	Keypress: lctrl
301.5703 	EXP 	Sound  started
302.1957 	DATA 	Keypress: lctrl
302.3203 	EXP 	Sound  started
302.9478 	DATA 	Keypress: lctrl
303.0704 	EXP 	Sound  started
303.6998 	DATA 	Keypress: rctrl
303.8204 	EXP 	Sound  started
304.4358 	DATA 	Keypress: rctrl
304.5704 	EXP 	Sound  started
305.2358 	DATA 	Keypress: rctrl
305.3204 	EXP 	Sound  started
305.9717 	DATA 	Keypress: rctrl
306.0704 	EXP 	Sound  started
306.6918 	DATA 	Keypress: rctrl
306.8204 	EXP 	Sound  started
307.4278 	DATA 	Keypress: lctrl
307.5704 	EXP 	Sound  started
308.2117 	DATA 	Keypress: rctrl
308.3205 	EXP 	Sound  started
308.9798 	DATA 	Keypress: lctrl
309.0705 	EXP 	Sound  started
309.7477 	DATA 	Keypress: rctrl
309.8205 	EXP 	Sound  started
310.4998 	DATA 	Keypress: rctrl
310.5705 	EXP 	Sound  started
311.2998 	DATA 	Keypress: rctrl
311.3205 	EXP 	Sound  started
312.0037 	DATA 	Keypress: lctrl
312.0705 	EXP 	Sound  started
312.7718 	DATA 	Keypress: lctrl
312.8205 	EXP 	Sound  started
313.5238 	DATA 	Keypress: rctrl
313.5706 	EXP 	Sound  started
314.2757 	DATA 	Keypress: lctrl
314.3206 	EXP 	Sound  started
314.9799 	DATA 	Keypress: lctrl
315.0706 	EXP 	Sound  started
315.7637 	DATA 	Keypress: rctrl
315.8206 	EXP 	Sound  started
316.5706 	EXP 	Sound  started
316.5798 	DATA 	Keypress: rctrl
317.2999 	DATA 	Keypress: rctrl
317.3206 	EXP 	Sound  started
318.0518 	DATA 	Keypress: rctrl
318.0706 	EXP 	Sound  started
318.7557 	DATA 	Keypress: rctrl
318.8206 	EXP 	Sound  started
319.5077 	DATA 	Keypress: rctrl
319.5707 	EXP 	Sound  started
320.2758 	DATA 	Keypress: lctrl
320.3207 	EXP 	Sound  started
320.9638 	DATA 	Keypress: rctrl
321.0707 	EXP 	Sound  started
321.7157 	DATA 	Keypress: rctrl
321.8207 	EXP 	Sound  started
322.4678 	DATA 	Keypress: rctrl
322.5707 	EXP 	Sound  started
323.1878 	DATA 	Keypress: rctrl
323.3207 	EXP 	Sound  started
323.9238 	DATA 	Keypress: rctrl
324.0707 	EXP 	Sound  started
324.7078 	DATA 	Keypress: rctrl
324.8208 	EXP 	Sound  started
325.4277 	DATA 	Keypress: rctrl
325.5708 	EXP 	Sound  started
326.1637 	DATA 	Keypress: rctrl
326.3208 	EXP 	Sound  started
326.8998 	DATA 	Keypress: lctrl
327.0708 	EXP 	Sound  started
327.7158 	DATA 	Keypress: lctrl
327.8208 	EXP 	Sound  started
328.5317 	DATA 	Keypress: lctrl
328.5708 	EXP 	Sound  started
329.2197 	DATA 	Keypress: rctrl
329.3208 	EXP 	Sound  started
329.9717 	DATA 	Keypress: lctrl
330.0708 	EXP 	Sound  started
330.7077 	DATA 	Keypress: rctrl
330.8209 	EXP 	Sound  started
331.4598 	DATA 	Keypress: rctrl
331.5709 	EXP 	Sound  started
332.2917 	DATA 	Keypress: lctrl
332.3209 	EXP 	Sound  started
333.0118 	DATA 	Keypress: lctrl
333.0709 	EXP 	Sound  started
333.8209 	EXP 	Sound  started
333.8277 	DATA 	Keypress: lctrl
334.5157 	DATA 	Keypress: lctrl
340.2948 	DATA 	Keypress: 4
340.3241 	EXP 	unnamed ShapeStim: vertices = <class 'numpy.ndarray'>
345.1783 	DATA 	Keypress: 4
345.1948 	EXP 	unnamed ShapeStim: vertices = <class 'numpy.ndarray'>
348.7980 	DATA 	Keypress: 4
348.8144 	EXP 	unnamed ShapeStim: vertices = <class 'numpy.ndarray'>
351.0994 	EXP 	Sound  started
351.2838 	DATA 	Keypress: lctrl
351.8277 	DATA 	Keypress: lctrl
351.8492 	EXP 	Sound  started
352.5638 	DATA 	Keypress: lctrl
352.5992 	EXP 	Sound  started
353.2678 	DATA 	Keypress: lctrl
353.3492 	EXP 	Sound  started
353.9718 	DATA 	Keypress: lctrl
354.0992 	EXP 	Sound  started
354.7557 	DATA 	Keypress: rctrl
354.8493 	EXP 	Sound  started
355.5557 	DATA 	Keypress: rctrl
355.5993 	EXP 	Sound  started
356.2757 	DATA 	Keypress: rctrl
356.3493 	EXP 	Sound  started
356.9798 	DATA 	Keypress: rctrl
357.0993 	EXP 	Sound  started
357.7317 	DATA 	Keypress: rctrl
357.8493 	EXP 	Sound  started
358.4517 	DATA 	Keypress: rctrl
358.5993 	EXP 	Sound  started
359.1557 	DATA 	Keypress: rctrl
359.3493 	EXP 	Sound  started
359.8918 	DATA 	Keypress: rctrl
360.0994 	EXP 	Sound  started
360.6757 	DATA 	Keypress: lctrl
360.8494 	EXP 	Sound  started
361.4278 	DATA 	Keypress: rctrl
361.5994 	EXP 	Sound  started
362.2117 	DATA 	Keypress: lctrl
362.3494 	EXP 	Sound  started
363.0277 	DATA 	Keypress: lctrl
363.0994 	EXP 	Sound  started
363.6997 	DATA 	Keypress: rctrl
363.8494 	EXP 	Sound  started
364.4677 	DATA 	Keypress: rctrl
364.5994 	EXP 	Sound  started
365.2037 	DATA 	Keypress: rctrl
365.3495 	EXP 	Sound  started
365.9718 	DATA 	Keypress: rctrl
366.0995 	EXP 	Sound  started
366.6598 	DATA 	Keypress: rctrl
366.8495 	EXP 	Sound  started
367.4117 	DATA 	Keypress: rctrl
367.6000 	EXP 	Sound  started
368.1957 	DATA 	Keypress: lctrl
368.3497 	EXP 	Sound  started
368.9477 	DATA 	Keypress: rctrl
369.0997 	EXP 	Sound  started
369.7157 	DATA 	Keypress: lctrl
369.8497 	EXP 	Sound  started
370.4678 	DATA 	Keypress: rctrl
370.5998 	EXP 	Sound  started
371.2678 	DATA 	Keypress: lctrl
371.3498 	EXP 	Sound  started
372.0037 	DATA 	Keypress: lctrl
372.0998 	EXP 	Sound  started
372.7558 	DATA 	Keypress: rctrl
372.8498 	EXP 	Sound  started
373.4597 	DATA 	Keypress: rctrl
373.5998 	EXP 	Sound  started
374.2597 	DATA 	Keypress: lctrl
374.3498 	EXP 	Sound  started
375.0437 	DATA 	Keypress: lctrl
375.0998 	EXP 	Sound  started
375.1077 	DATA 	Keypress: rctrl
375.8438 	DATA 	Keypress: lctrl
375.8499 	EXP 	Sound  started
376.5999 	EXP 	Sound  started
376.6758 	DATA 	Keypress: lctrl
377.3499 	EXP 	Sound  started
377.3638 	DATA 	Keypress: lctrl
378.0839 	DATA 	Keypress: lctrl
378.0999 	EXP 	Sound  started
378.7878 	DATA 	Keypress: lctrl
378.8499 	EXP 	Sound  started
379.5078 	DATA 	Keypress: rctrl
379.5999 	EXP 	Sound  started
380.2757 	DATA 	Keypress: rctrl
380.3499 	EXP 	Sound  started
381.0757 	DATA 	Keypress: rctrl
381.0999 	EXP 	Sound  started
381.7797 	DATA 	Keypress: rctrl
381.8499 	EXP 	Sound  started
382.4837 	DATA 	Keypress: lctrl
382.6000 	EXP 	Sound  started
383.2677 	DATA 	Keypress: lctrl
383.3500 	EXP 	Sound  started
384.0358 	DATA 	Keypress: rctrl
384.1000 	EXP 	Sound  started
384.8037 	DATA 	Keypress: lctrl
384.8500 	EXP 	Sound  started
385.5558 	DATA 	Keypress: rctrl
385.6000 	EXP 	Sound  started
386.3500 	EXP 	Sound  started
386.4197 	DATA 	Keypress: rctrl
387.0597 	DATA 	Keypress: rctrl
387.1000 	EXP 	Sound  started
387.7477 	DATA 	Keypress: rctrl
387.8501 	EXP 	Sound  started
388.4357 	DATA 	Keypress: rctrl
388.6001 	EXP 	Sound  started
389.2037 	DATA 	Keypress: lctrl
395.6067 	DATA 	Keypress: 4
395.6361 	EXP 	unnamed ShapeStim: vertices = <class 'numpy.ndarray'>
403.1424 	DATA 	Keypress: 4
403.1589 	EXP 	unnamed ShapeStim: vertices = <class 'numpy.ndarray'>
407.0289 	DATA 	Keypress: 4
407.0454 	EXP 	unnamed ShapeStim: vertices = <class 'numpy.ndarray'>
409.3295 	EXP 	Sound  started
409.5398 	DATA 	Keypress: lctrl
410.0794 	EXP 	Sound  started
410.0997 	DATA 	Keypress: rctrl
410.7557 	DATA 	Keypress: lctrl
410.8294 	EXP 	Sound  started
411.4917 	DATA 	Keypress: rctrl
411.5794 	EXP 	Sound  started
412.2598 	DATA 	Keypress: rctrl
412.3294 	EXP 	Sound  started
412.9638 	DATA 	Keypress: rctrl
413.0794 	EXP 	Sound  started
413.7157 	DATA 	Keypress: rctrl
413.8294 	EXP 	Sound  started
414.4516 	DATA 	Keypress: lctrl
414.5794 	EXP 	Sound  started
415.2517 	DATA 	Keypress: lctrl
415.3295 	EXP 	Sound  started
415.9877 	DATA 	Keypress: rctrl
416.0795 	EXP 	Sound  started
416.7556 	DATA 	Keypress: lctrl
416.8295 	EXP 	Sound  started
417.4596 	DATA 	Keypress: lctrl
417.5795 	EXP 	Sound  started
418.2917 	DATA 	Keypress: lctrl
418.3295 	EXP 	Sound  started
418.9796 	DATA 	Keypress: lctrl
419.0795 	EXP 	Sound  started
419.6198 	DATA 	Keypress: lctrl
419.8296 	EXP 	Sound  started
420.4037 	DATA 	Keypress: rctrl
420.5796 	EXP 	Sound  started
421.1717 	DATA 	Keypress: lctrl
421.3296 	EXP 	Sound  started
421.9556 	DATA 	Keypress: rctrl
422.0796 	EXP 	Sound  started
422.7556 	DATA 	Keypress: rctrl
422.8296 	EXP 	Sound  started
423.4917 	DATA 	Keypress: lctrl
423.5796 	EXP 	Sound  started
424.1796 	DATA 	Keypress: lctrl
424.3296 	EXP 	Sound  started
424.9957 	DATA 	Keypress: lctrl
425.0796 	EXP 	Sound  started
425.7316 	DATA 	Keypress: lctrl
425.8297 	EXP 	Sound  started
426.4837 	DATA 	Keypress: rctrl
426.5797 	EXP 	Sound  started
427.2677 	DATA 	Keypress: rctrl
427.3297 	EXP 	Sound  started
428.0037 	DATA 	Keypress: rctrl
428.0797 	EXP 	Sound  started
428.7558 	DATA 	Keypress: lctrl
428.8297 	EXP 	Sound  started
429.5797 	EXP 	Sound  started
429.5876 	DATA 	Keypress: rctrl
430.2597 	DATA 	Keypress: lctrl
430.3298 	EXP 	Sound  started
431.0276 	DATA 	Keypress: lctrl
431.0798 	EXP 	Sound  started
431.7157 	DATA 	Keypress: lctrl
431.8298 	EXP 	Sound  started
432.4837 	DATA 	Keypress: lctrl
432.5798 	EXP 	Sound  started
433.2517 	DATA 	Keypress: lctrl
433.3298 	EXP 	Sound  started
434.0197 	DATA 	Keypress: rctrl
434.0798 	EXP 	Sound  started
434.8196 	DATA 	Keypress: rctrl
434.8298 	EXP 	Sound  started
435.5077 	DATA 	Keypress: lctrl
435.5798 	EXP 	Sound  started
436.2118 	DATA 	Keypress: lctrl
436.3299 	EXP 	Sound  started
436.9796 	DATA 	Keypress: lctrl
437.0799 	EXP 	Sound  started
437.6996 	DATA 	Keypress: lctrl
437.8299 	EXP 	Sound  started
438.4997 	DATA 	Keypress: rctrl
438.5799 	EXP 	Sound  started
439.2837 	DATA 	Keypress: rctrl
439.3299 	EXP 	Sound  started
440.0356 	DATA 	Keypress: rctrl
440.0799 	EXP 	Sound  started
440.8037 	DATA 	Keypress: rctrl
440.8299 	EXP 	Sound  started
441.5238 	DATA 	Keypress: rctrl
441.5800 	EXP 	Sound  started
442.3077 	DATA 	Keypress: rctrl
442.3300 	EXP 	Sound  started
443.0276 	DATA 	Keypress: rctrl
443.0800 	EXP 	Sound  started
443.7318 	DATA 	Keypress: lctrl
443.8300 	EXP 	Sound  started
444.4198 	DATA 	Keypress: lctrl
444.5800 	EXP 	Sound  started
445.1877 	DATA 	Keypress: rctrl
445.3300 	EXP 	Sound  started
445.9556 	DATA 	Keypress: lctrl
446.0800 	EXP 	Sound  started
446.7717 	DATA 	Keypress: rctrl
446.8301 	EXP 	Sound  started
447.5397 	DATA 	Keypress: lctrl
447.5801 	EXP 	Sound  started
448.2597 	DATA 	Keypress: lctrl
448.3301 	EXP 	Sound  started
449.0756 	DATA 	Keypress: lctrl
449.0801 	EXP 	Sound  started
449.7637 	DATA 	Keypress: rctrl
449.8301 	EXP 	Sound  started
450.4676 	DATA 	Keypress: lctrl
450.5801 	EXP 	Sound  started
451.2196 	DATA 	Keypress: rctrl
451.3301 	EXP 	Sound  started
452.0037 	DATA 	Keypress: rctrl
452.0801 	EXP 	Sound  started
452.7237 	DATA 	Keypress: lctrl
452.8302 	EXP 	Sound  started
453.5237 	DATA 	Keypress: lctrl
453.5802 	EXP 	Sound  started
454.3076 	DATA 	Keypress: rctrl
454.3302 	EXP 	Sound  started
454.9797 	DATA 	Keypress: rctrl
455.0802 	EXP 	Sound  started
455.7477 	DATA 	Keypress: lctrl
455.8302 	EXP 	Sound  started
456.4517 	DATA 	Keypress: lctrl
456.5802 	EXP 	Sound  started
457.2197 	DATA 	Keypress: rctrl
457.3302 	EXP 	Sound  started
458.0357 	DATA 	Keypress: lctrl
458.0802 	EXP 	Sound  started
458.7237 	DATA 	Keypress: rctrl
458.8303 	EXP 	Sound  started
459.4117 	DATA 	Keypress: lctrl
459.5803 	EXP 	Sound  started
460.2596 	DATA 	Keypress: lctrl
460.3303 	EXP 	Sound  started
460.9956 	DATA 	Keypress: lctrl
467.9955 	DATA 	Keypress: 3
468.0120 	EXP 	unnamed ShapeStim: vertices = <class 'numpy.ndarray'>
472.6659 	DATA 	Keypress: 4
472.6825 	EXP 	unnamed ShapeStim: vertices = <class 'numpy.ndarray'>
477.1572 	DATA 	Keypress: 3
477.1862 	EXP 	unnamed ShapeStim: vertices = <class 'numpy.ndarray'>
479.4704 	EXP 	Sound  started
479.8278 	DATA 	Keypress: lctrl
480.2203 	EXP 	Sound  started
480.2276 	DATA 	Keypress: lctrl
480.7877 	DATA 	Keypress: rctrl
480.9703 	EXP 	Sound  started
481.6676 	DATA 	Keypress: lctrl
481.7203 	EXP 	Sound  started
482.4037 	DATA 	Keypress: rctrl
482.4703 	EXP 	Sound  started
483.1877 	DATA 	Keypress: lctrl
483.2203 	EXP 	Sound  started
483.9077 	DATA 	Keypress: rctrl
483.9703 	EXP 	Sound  started
484.5796 	DATA 	Keypress: rctrl
484.7203 	EXP 	Sound  started
485.3317 	DATA 	Keypress: rctrl
485.4703 	EXP 	Sound  started
486.0997 	DATA 	Keypress: lctrl
486.2204 	EXP 	Sound  started
486.8036 	DATA 	Keypress: lctrl
486.9704 	EXP 	Sound  started
487.6197 	DATA 	Keypress: lctrl
487.7204 	EXP 	Sound  started
488.3556 	DATA 	Keypress: lctrl
488.4704 	EXP 	Sound  started
489.1556 	DATA 	Keypress: lctrl
489.2204 	EXP 	Sound  started
489.9076 	DATA 	Keypress: lctrl
489.9704 	EXP 	Sound  started
490.6437 	DATA 	Keypress: rctrl
490.7204 	EXP 	Sound  started
491.3477 	DATA 	Keypress: rctrl
491.4705 	EXP 	Sound  started
492.0677 	DATA 	Keypress: lctrl
492.2205 	EXP 	Sound  started
492.7556 	DATA 	Keypress: rctrl
492.9705 	EXP 	Sound  started
493.5397 	DATA 	Keypress: rctrl
493.7205 	EXP 	Sound  started
494.3077 	DATA 	Keypress: rctrl
494.4705 	EXP 	Sound  started
494.9636 	DATA 	Keypress: lctrl
495.2205 	EXP 	Sound  started
495.8917 	DATA 	Keypress: lctrl
495.9705 	EXP 	Sound  started
496.6117 	DATA 	Keypress: lctrl
496.7206 	EXP 	Sound  started
497.3797 	DATA 	Keypress: lctrl
497.4706 	EXP 	Sound  started
498.0996 	DATA 	Keypress: lctrl
498.2206 	EXP 	Sound  started
498.9316 	DATA 	Keypress: lctrl
498.9706 	EXP 	Sound  started
499.6357 	DATA 	Keypress: lctrl
499.7206 	EXP 	Sound  started
500.3717 	DATA 	Keypress: rctrl
500.4706 	EXP 	Sound  started
501.1396 	DATA 	Keypress: rctrl
501.2206 	EXP 	Sound  started
501.8596 	DATA 	Keypress: lctrl
501.9706 	EXP 	Sound  started
502.6116 	DATA 	Keypress: rctrl
502.7207 	EXP 	Sound  started
503.2996 	DATA 	Keypress: lctrl
503.4707 	EXP 	Sound  started
504.0997 	DATA 	Keypress: lctrl
504.2207 	EXP 	Sound  started
504.8996 	DATA 	Keypress: lctrl
504.9707 	EXP 	Sound  started
505.6517 	DATA 	Keypress: lctrl
505.7207 	EXP 	Sound  started
506.4707 	EXP 	Sound  started
506.5317 	DATA 	Keypress: lctrl
507.1556 	DATA 	Keypress: lctrl
507.2208 	EXP 	Sound  started
507.8917 	DATA 	Keypress: rctrl
507.9708 	EXP 	Sound  started
508.6436 	DATA 	Keypress: rctrl
508.7208 	EXP 	Sound  started
509.3796 	DATA 	Keypress: rctrl
509.4708 	EXP 	Sound  started
510.0997 	DATA 	Keypress: lctrl
510.2208 	EXP 	Sound  started
510.8516 	DATA 	Keypress: lctrl
510.9709 	EXP 	Sound  started
511.6356 	DATA 	Keypress: lctrl
511.7209 	EXP 	Sound  started
512.4197 	DATA 	Keypress: rctrl
512.4709 	EXP 	Sound  started
513.1557 	DATA 	Keypress: rctrl
513.2209 	EXP 	Sound  started
513.8916 	DATA 	Keypress: rctrl
513.9709 	EXP 	Sound  started
514.7209 	EXP 	Sound  started
514.7236 	DATA 	Keypress: lctrl
515.3797 	DATA 	Keypress: rctrl
515.4709 	EXP 	Sound  started
516.0996 	DATA 	Keypress: rctrl
516.2209 	EXP 	Sound  started
516.8676 	DATA 	Keypress: rctrl
516.9710 	EXP 	Sound  started
517.6517 	DATA 	Keypress: rctrl
517.7210 	EXP 	Sound  started
518.4196 	DATA 	Keypress: rctrl
518.4710 	EXP 	Sound  started
519.1716 	DATA 	Keypress: rctrl
519.2210 	EXP 	Sound  started
519.8916 	DATA 	Keypress: rctrl
519.9710 	EXP 	Sound  started
520.6917 	DATA 	Keypress: rctrl
520.7210 	EXP 	Sound  started
521.4116 	DATA 	Keypress: rctrl
521.4711 	EXP 	Sound  started
522.1636 	DATA 	Keypress: rctrl
522.2211 	EXP 	Sound  started
522.9316 	DATA 	Keypress: lctrl
522.9711 	EXP 	Sound  started
523.6836 	DATA 	Keypress: lctrl
523.7211 	EXP 	Sound  started
524.3557 	DATA 	Keypress: rctrl
524.4711 	EXP 	Sound  started
525.1076 	DATA 	Keypress: lctrl
525.2211 	EXP 	Sound  started
525.9396 	DATA 	Keypress: lctrl
525.9711 	EXP 	Sound  started
526.7254 	DATA 	Keypress: lctrl
530.0963 	DATA 	Keypress: 3
530.1128 	EXP 	unnamed ShapeStim: vertices = <class 'numpy.ndarray'>
533.3323 	DATA 	Keypress: 4
533.3489 	EXP 	unnamed ShapeStim: vertices = <class 'numpy.ndarray'>
537.1521 	DATA 	Keypress: 3
537.1686 	EXP 	unnamed ShapeStim: vertices = <class 'numpy.ndarray'>
539.4532 	EXP 	Sound  started
539.6357 	DATA 	Keypress: lctrl
540.1476 	DATA 	Keypress: rctrl
540.2031 	EXP 	Sound  started
540.8996 	DATA 	Keypress: rctrl
540.9531 	EXP 	Sound  started
541.6196 	DATA 	Keypress: rctrl
541.7031 	EXP 	Sound  started
542.3556 	DATA 	Keypress: rctrl
542.4531 	EXP 	Sound  started
543.1396 	DATA 	Keypress: rctrl
543.2031 	EXP 	Sound  started
543.9397 	DATA 	Keypress: rctrl
543.9531 	EXP 	Sound  started
544.6436 	DATA 	Keypress: rctrl
544.7032 	EXP 	Sound  started
545.3955 	DATA 	Keypress: lctrl
545.4532 	EXP 	Sound  started
546.1156 	DATA 	Keypress: rctrl
546.2032 	EXP 	Sound  started
546.9316 	DATA 	Keypress: rctrl
546.9532 	EXP 	Sound  started
547.6196 	DATA 	Keypress: lctrl
547.7032 	EXP 	Sound  started
548.4037 	DATA 	Keypress: rctrl
548.4532 	EXP 	Sound  started
549.1876 	DATA 	Keypress: rctrl
549.2032 	EXP 	Sound  started
549.9076 	DATA 	Keypress: rctrl
549.9532 	EXP 	Sound  started
550.6596 	DATA 	Keypress: rctrl
550.7033 	EXP 	Sound  started
551.3957 	DATA 	Keypress: rctrl
551.4533 	EXP 	Sound  started
552.0996 	DATA 	Keypress: lctrl
552.2033 	EXP 	Sound  started
552.8996 	DATA 	Keypress: lctrl
552.9533 	EXP 	Sound  started
553.6515 	DATA 	Keypress: lctrl
553.7033 	EXP 	Sound  started
554.3076 	DATA 	Keypress: lctrl
554.4533 	EXP 	Sound  started
555.0116 	DATA 	Keypress: lctrl
555.2033 	EXP 	Sound  started
555.8597 	DATA 	Keypress: lctrl
555.9534 	EXP 	Sound  started
556.6116 	DATA 	Keypress: rctrl
556.7034 	EXP 	Sound  started
557.3476 	DATA 	Keypress: rctrl
557.4534 	EXP 	Sound  started
558.1316 	DATA 	Keypress: rctrl
558.2034 	EXP 	Sound  started
558.8836 	DATA 	Keypress: rctrl
558.9534 	EXP 	Sound  started
559.6197 	DATA 	Keypress: rctrl
559.7034 	EXP 	Sound  started
560.4196 	DATA 	Keypress: rctrl
560.4534 	EXP 	Sound  started
561.1555 	DATA 	Keypress: rctrl
561.2035 	EXP 	Sound  started
561.8916 	DATA 	Keypress: rctrl
561.9535 	EXP 	Sound  started
562.6116 	DATA 	Keypress: rctrl
562.7035 	EXP 	Sound  started
563.4535 	EXP 	Sound  started
563.4595 	DATA 	Keypress: rctrl
564.1637 	DATA 	Keypress: rctrl
564.2035 	EXP 	Sound  started
564.9155 	DATA 	Keypress: rctrl
564.9535 	EXP 	Sound  started
565.6516 	DATA 	Keypress: rctrl
565.7035 	EXP 	Sound  started
566.4516 	DATA 	Keypress: rctrl
566.4536 	EXP 	Sound  started
567.1718 	DATA 	Keypress: rctrl
567.2036 	EXP 	Sound  started
567.8755 	DATA 	Keypress: rctrl
567.9536 	EXP 	Sound  started
568.7036 	EXP 	Sound  started
568.7716 	DATA 	Keypress: lctrl
569.4536 	EXP 	Sound  started
569.4756 	DATA 	Keypress: lctrl
570.2036 	EXP 	Sound  started
570.2277 	DATA 	Keypress: lctrl
570.9536 	EXP 	Sound  started
570.9636 	DATA 	Keypress: lctrl
571.6356 	DATA 	Keypress: rctrl
571.7036 	EXP 	Sound  started
572.4516 	DATA 	Keypress: lctrl
572.4537 	EXP 	Sound  started
573.1716 	DATA 	Keypress: rctrl
573.2037 	EXP 	Sound  started
573.9075 	DATA 	Keypress: rctrl
573.9537 	EXP 	Sound  started
574.6115 	DATA 	Keypress: rctrl
574.7037 	EXP 	Sound  started
575.3955 	DATA 	Keypress: lctrl
575.4537 	EXP 	Sound  started
576.1476 	DATA 	Keypress: lctrl
576.2037 	EXP 	Sound  started
576.9537 	EXP 	Sound  started
576.9636 	DATA 	Keypress: lctrl
577.6516 	DATA 	Keypress: lctrl
577.7037 	EXP 	Sound  started
578.4036 	DATA 	Keypress: lctrl
578.4538 	EXP 	Sound  started
579.1555 	DATA 	Keypress: rctrl
579.2038 	EXP 	Sound  started
579.9076 	DATA 	Keypress: rctrl
579.9538 	EXP 	Sound  started
580.6435 	DATA 	Keypress: rctrl
580.7038 	EXP 	Sound  started
581.3796 	DATA 	Keypress: rctrl
581.4538 	EXP 	Sound  started
582.1636 	DATA 	Keypress: rctrl
582.2038 	EXP 	Sound  started
582.9476 	DATA 	Keypress: rctrl
582.9539 	EXP 	Sound  started
583.6195 	DATA 	Keypress: rctrl
583.7039 	EXP 	Sound  started
584.3716 	DATA 	Keypress: rctrl
584.4539 	EXP 	Sound  started
585.0916 	DATA 	Keypress: rctrl
585.2039 	EXP 	Sound  started
585.9539 	EXP 	Sound  started
585.9716 	DATA 	Keypress: lctrl
586.7039 	EXP 	Sound  started
586.7075 	DATA 	Keypress: lctrl
587.4275 	DATA 	Keypress: lctrl
587.4539 	EXP 	Sound  started
588.1316 	DATA 	Keypress: rctrl
588.2039 	EXP 	Sound  started
588.8835 	DATA 	Keypress: rctrl
602.6391 	DATA 	Keypress: 3
602.6556 	EXP 	unnamed ShapeStim: vertices = <class 'numpy.ndarray'>
610.1327 	DATA 	Keypress: 3
610.1617 	EXP 	unnamed ShapeStim: vertices = <class 'numpy.ndarray'>
614.4696 	DATA 	Keypress: 3
614.4986 	EXP 	unnamed ShapeStim: vertices = <class 'numpy.ndarray'>
616.7834 	EXP 	Sound  started
617.1237 	DATA 	Keypress: rctrl
617.5333 	EXP 	Sound  started
617.6196 	DATA 	Keypress: rctrl
618.2833 	EXP 	Sound  started
618.3075 	DATA 	Keypress: rctrl
619.0333 	EXP 	Sound  started
619.0435 	DATA 	Keypress: rctrl
619.7635 	DATA 	Keypress: rctrl
619.7833 	EXP 	Sound  started
620.4835 	DATA 	Keypress: rctrl
620.5334 	EXP 	Sound  started
621.1715 	DATA 	Keypress: rctrl
621.2834 	EXP 	Sound  started
621.9395 	DATA 	Keypress: lctrl
622.0334 	EXP 	Sound  started
622.7834 	EXP 	Sound  started
622.7876 	DATA 	Keypress: lctrl
623.5236 	DATA 	Keypress: lctrl
623.5334 	EXP 	Sound  started
624.2437 	DATA 	Keypress: rctrl
624.2835 	EXP 	Sound  started
624.9796 	DATA 	Keypress: rctrl
625.0334 	EXP 	Sound  started
625.6995 	DATA 	Keypress: rctrl
625.7835 	EXP 	Sound  started
626.4676 	DATA 	Keypress: rctrl
626.5335 	EXP 	Sound  started
627.2195 	DATA 	Keypress: lctrl
627.2835 	EXP 	Sound  started
628.0035 	DATA 	Keypress: lctrl
628.0335 	EXP 	Sound  started
628.7076 	DATA 	Keypress: rctrl
628.7835 	EXP 	Sound  started
629.5236 	DATA 	Keypress: lctrl
629.5335 	EXP 	Sound  started
630.2596 	DATA 	Keypress: rctrl
630.2835 	EXP 	Sound  started
631.0115 	DATA 	Keypress: lctrl
631.0335 	EXP 	Sound  started
631.7836 	EXP 	Sound  started
631.8436 	DATA 	Keypress: lctrl
632.4996 	DATA 	Keypress: lctrl
632.5336 	EXP 	Sound  started
633.2196 	DATA 	Keypress: lctrl
633.2836 	EXP 	Sound  started
633.9396 	DATA 	Keypress: rctrl
634.0336 	EXP 	Sound  started
634.7556 	DATA 	Keypress: rctrl
634.7836 	EXP 	Sound  started
635.5236 	DATA 	Keypress: rctrl
635.5336 	EXP 	Sound  started
636.1955 	DATA 	Keypress: rctrl
636.2837 	EXP 	Sound  started
636.9155 	DATA 	Keypress: rctrl
637.0337 	EXP 	Sound  started
637.6356 	DATA 	Keypress: rctrl
637.7837 	EXP 	Sound  started
638.4675 	DATA 	Keypress: lctrl
638.5337 	EXP 	Sound  started
639.2356 	DATA 	Keypress: lctrl
639.2837 	EXP 	Sound  started
640.0035 	DATA 	Keypress: lctrl
640.0337 	EXP 	Sound  started
640.6916 	DATA 	Keypress: rctrl
640.7837 	EXP 	Sound  started
641.5338 	EXP 	Sound  started
641.5395 	DATA 	Keypress: lctrl
642.1635 	DATA 	Keypress: rctrl
642.2838 	EXP 	Sound  started
642.9476 	DATA 	Keypress: rctrl
643.0338 	EXP 	Sound  started
643.7316 	DATA 	Keypress: rctrl
643.7838 	EXP 	Sound  started
644.4835 	DATA 	Keypress: rctrl
644.5338 	EXP 	Sound  started
645.2195 	DATA 	Keypress: rctrl
645.2838 	EXP 	Sound  started
645.9716 	DATA 	Keypress: lctrl
646.0339 	EXP 	Sound  started
646.6756 	DATA 	Keypress: lctrl
646.7838 	EXP 	Sound  started
647.4436 	DATA 	Keypress: lctrl
647.5339 	EXP 	Sound  started
648.2115 	DATA 	Keypress: rctrl
648.2839 	EXP 	Sound  started
648.9635 	DATA 	Keypress: rctrl
649.0339 	EXP 	Sound  started
649.7839 	EXP 	Sound  started
649.8435 	DATA 	Keypress: lctrl
650.4676 	DATA 	Keypress: rctrl
650.5339 	EXP 	Sound  started
651.2195 	DATA 	Keypress: lctrl
651.2839 	EXP 	Sound  started
651.9715 	DATA 	Keypress: lctrl
652.0340 	EXP 	Sound  started
652.7236 	DATA 	Keypress: lctrl
652.7840 	EXP 	Sound  started
653.5235 	DATA 	Keypress: lctrl
653.5340 	EXP 	Sound  started
654.2840 	EXP 	Sound  started
654.3396 	DATA 	Keypress: lctrl
655.0275 	DATA 	Keypress: rctrl
655.0340 	EXP 	Sound  started
655.7315 	DATA 	Keypress: lctrl
655.7840 	EXP 	Sound  started
656.4675 	DATA 	Keypress: lctrl
656.5340 	EXP 	Sound  started
657.1875 	DATA 	Keypress: rctrl
657.2840 	EXP 	Sound  started
657.9715 	DATA 	Keypress: rctrl
658.0341 	EXP 	Sound  started
658.7395 	DATA 	Keypress: rctrl
658.7841 	EXP 	Sound  started
659.4755 	DATA 	Keypress: rctrl
659.5341 	EXP 	Sound  started
660.2116 	DATA 	Keypress: rctrl
660.2841 	EXP 	Sound  started
660.9955 	DATA 	Keypress: rctrl
661.0341 	EXP 	Sound  started
661.6995 	DATA 	Keypress: lctrl
661.7841 	EXP 	Sound  started
662.4676 	DATA 	Keypress: lctrl
662.5342 	EXP 	Sound  started
663.2035 	DATA 	Keypress: rctrl
663.2842 	EXP 	Sound  started
663.9395 	DATA 	Keypress: lctrl
664.0342 	EXP 	Sound  started
664.7555 	DATA 	Keypress: lctrl
664.7842 	EXP 	Sound  started
665.5342 	EXP 	Sound  started
665.5395 	DATA 	Keypress: lctrl
666.2842 	EXP 	Sound  started
666.2915 	DATA 	Keypress: lctrl
667.0342 	EXP 	Sound  started
667.0756 	DATA 	Keypress: lctrl
667.7635 	DATA 	Keypress: lctrl
667.7843 	EXP 	Sound  started
668.5343 	EXP 	Sound  started
668.6116 	DATA 	Keypress: rctrl
669.2515 	DATA 	Keypress: rctrl
669.2843 	EXP 	Sound  started
669.9555 	DATA 	Keypress: lctrl
670.0343 	EXP 	Sound  started
670.7843 	EXP 	Sound  started
670.7876 	DATA 	Keypress: lctrl
671.5076 	DATA 	Keypress: rctrl
671.5343 	EXP 	Sound  started
672.2275 	DATA 	Keypress: rctrl
672.2843 	EXP 	Sound  started
672.9476 	DATA 	Keypress: rctrl
673.0344 	EXP 	Sound  started
673.7476 	DATA 	Keypress: rctrl
673.7844 	EXP 	Sound  started
674.4836 	DATA 	Keypress: rctrl
674.5344 	EXP 	Sound  started
675.2356 	DATA 	Keypress: lctrl
675.2844 	EXP 	Sound  started
676.0344 	EXP 	Sound  started
676.0515 	DATA 	Keypress: lctrl
676.7236 	DATA 	Keypress: lctrl
676.7844 	EXP 	Sound  started
677.4756 	DATA 	Keypress: rctrl
677.5344 	EXP 	Sound  started
678.2275 	DATA 	Keypress: rctrl
678.2845 	EXP 	Sound  started
678.9795 	DATA 	Keypress: rctrl
679.0345 	EXP 	Sound  started
679.7315 	DATA 	Keypress: rctrl
679.7845 	EXP 	Sound  started
680.4995 	DATA 	Keypress: rctrl
680.5345 	EXP 	Sound  started
681.2195 	DATA 	Keypress: rctrl
681.2845 	EXP 	Sound  started
682.0195 	DATA 	Keypress: rctrl
682.0345 	EXP 	Sound  started
682.7236 	DATA 	Keypress: rctrl
689.1766 	DATA 	Keypress: 3
689.1931 	EXP 	unnamed ShapeStim: vertices = <class 'numpy.ndarray'>
692.8796 	DATA 	Keypress: 4
692.8962 	EXP 	unnamed ShapeStim: vertices = <class 'numpy.ndarray'>
696.0155 	DATA 	Keypress: 3
696.0320 	EXP 	unnamed ShapeStim: vertices = <class 'numpy.ndarray'>
698.3165 	EXP 	Sound  started
698.3173 	DATA 	Keypress: rctrl
698.9955 	DATA 	Keypress: rctrl
699.0663 	EXP 	Sound  started
699.7474 	DATA 	Keypress: rctrl
699.8163 	EXP 	Sound  started
700.4354 	DATA 	Keypress: lctrl
700.5663 	EXP 	Sound  started
701.1874 	DATA 	Keypress: lctrl
701.3164 	EXP 	Sound  started
701.8755 	DATA 	Keypress: lctrl
702.0664 	EXP 	Sound  started
702.6275 	DATA 	Keypress: lctrl
702.8164 	EXP 	Sound  started
703.3635 	DATA 	Keypress: lctrl
703.5664 	EXP 	Sound  started
704.1155 	DATA 	Keypress: lctrl
704.3164 	EXP 	Sound  started
704.8994 	DATA 	Keypress: lctrl
705.0664 	EXP 	Sound  started
705.6834 	DATA 	Keypress: lctrl
705.8164 	EXP 	Sound  started
706.4515 	DATA 	Keypress: lctrl
706.5665 	EXP 	Sound  started
707.2035 	DATA 	Keypress: lctrl
707.3165 	EXP 	Sound  started
707.9556 	DATA 	Keypress: lctrl
708.0665 	EXP 	Sound  started
708.6914 	DATA 	Keypress: lctrl
708.8165 	EXP 	Sound  started
709.4115 	DATA 	Keypress: lctrl
709.5665 	EXP 	Sound  started
710.2115 	DATA 	Keypress: lctrl
710.3165 	EXP 	Sound  started
711.0435 	DATA 	Keypress: lctrl
711.0665 	EXP 	Sound  started
711.8114 	DATA 	Keypress: rctrl
711.8166 	EXP 	Sound  started
712.5666 	EXP 	Sound  started
712.5795 	DATA 	Keypress: rctrl
713.2675 	DATA 	Keypress: rctrl
713.3166 	EXP 	Sound  started
714.0666 	EXP 	Sound  started
714.0835 	DATA 	Keypress: rctrl
714.8166 	EXP 	Sound  started
714.8675 	DATA 	Keypress: rctrl
715.5554 	DATA 	Keypress: rctrl
715.5666 	EXP 	Sound  started
716.3075 	DATA 	Keypress: rctrl
716.3166 	EXP 	Sound  started
716.9954 	DATA 	Keypress: rctrl
717.0666 	EXP 	Sound  started
717.7475 	DATA 	Keypress: lctrl
717.8167 	EXP 	Sound  started
718.5314 	DATA 	Keypress: lctrl
718.5667 	EXP 	Sound  started
719.3167 	EXP 	Sound  started
719.3315 	DATA 	Keypress: lctrl
720.0196 	DATA 	Keypress: lctrl
720.0667 	EXP 	Sound  started
720.8167 	EXP 	Sound  started
720.8516 	DATA 	Keypress: lctrl
721.5395 	DATA 	Keypress: rctrl
721.5667 	EXP 	Sound  started
722.3074 	DATA 	Keypress: rctrl
722.3167 	EXP 	Sound  started
723.0276 	DATA 	Keypress: lctrl
723.0668 	EXP 	Sound  started
723.7155 	DATA 	Keypress: lctrl
723.8168 	EXP 	Sound  started
724.5475 	DATA 	Keypress: lctrl
724.5668 	EXP 	Sound  started
725.2515 	DATA 	Keypress: lctrl
725.3168 	EXP 	Sound  started
726.0035 	DATA 	Keypress: lctrl
726.0668 	EXP 	Sound  started
726.7716 	DATA 	Keypress: lctrl
726.8168 	EXP 	Sound  started
727.5394 	DATA 	Keypress: rctrl
727.5668 	EXP 	Sound  started
728.2435 	DATA 	Keypress: rctrl
728.3169 	EXP 	Sound  started
729.0669 	EXP 	Sound  started
729.0754 	DATA 	Keypress: rctrl
729.7315 	DATA 	Keypress: rctrl
729.8169 	EXP 	Sound  started
730.4834 	DATA 	Keypress: lctrl
730.5669 	EXP 	Sound  started
731.2355 	DATA 	Keypress: lctrl
731.3169 	EXP 	Sound  started
732.0669 	EXP 	Sound  started
732.0835 	DATA 	Keypress: rctrl
732.7874 	DATA 	Keypress: rctrl
732.8169 	EXP 	Sound  started
733.5554 	DATA 	Keypress: rctrl
733.5669 	EXP 	Sound  started
734.3170 	EXP 	Sound  started
734.3395 	DATA 	Keypress: lctrl
735.0274 	DATA 	Keypress: lctrl
735.0670 	EXP 	Sound  started
735.8170 	EXP 	Sound  started
735.8435 	DATA 	Keypress: lctrl
736.5155 	DATA 	Keypress: lctrl
736.5670 	EXP 	Sound  started
737.3170 	EXP 	Sound  started
737.3475 	DATA 	Keypress: lctrl
737.9715 	DATA 	Keypress: rctrl
738.0671 	EXP 	Sound  started
738.8035 	DATA 	Keypress: rctrl
738.8171 	EXP 	Sound  started
739.5554 	DATA 	Keypress: rctrl
739.5671 	EXP 	Sound  started
740.2754 	DATA 	Keypress: rctrl
740.3171 	EXP 	Sound  started
741.0671 	EXP 	Sound  started
741.0755 	DATA 	Keypress: rctrl
741.7634 	DATA 	Keypress: rctrl
741.8171 	EXP 	Sound  started
742.5671 	EXP 	Sound  started
742.5795 	DATA 	Keypress: rctrl
743.3171 	EXP 	Sound  started
743.3475 	DATA 	Keypress: rctrl
744.0514 	DATA 	Keypress: rctrl
744.0672 	EXP 	Sound  started
744.7876 	DATA 	Keypress: rctrl
744.8172 	EXP 	Sound  started
745.5074 	DATA 	Keypress: rctrl
745.5672 	EXP 	Sound  started
746.2914 	DATA 	Keypress: rctrl
746.3172 	EXP 	Sound  started
747.0595 	DATA 	Keypress: lctrl
747.0672 	EXP 	Sound  started
747.7314 	DATA 	Keypress: lctrl
747.8172 	EXP 	Sound  started
748.5634 	DATA 	Keypress: lctrl
748.5672 	EXP 	Sound  started
749.3172 	EXP 	Sound  started
749.3315 	DATA 	Keypress: lctrl
750.0195 	DATA 	Keypress: lctrl
750.0673 	EXP 	Sound  started
750.7394 	DATA 	Keypress: rctrl
750.8173 	EXP 	Sound  started
751.5395 	DATA 	Keypress: rctrl
751.5673 	EXP 	Sound  started
752.2915 	DATA 	Keypress: rctrl
752.3173 	EXP 	Sound  started
753.0275 	DATA 	Keypress: lctrl
753.0673 	EXP 	Sound  started
753.7474 	DATA 	Keypress: rctrl
753.8173 	EXP 	Sound  started
754.5475 	DATA 	Keypress: lctrl
754.5673 	EXP 	Sound  started
755.2354 	DATA 	Keypress: rctrl
755.3174 	EXP 	Sound  started
755.9714 	DATA 	Keypress: rctrl
756.0674 	EXP 	Sound  started
756.8034 	DATA 	Keypress: rctrl
756.8174 	EXP 	Sound  started
757.5075 	DATA 	Keypress: rctrl
757.5674 	EXP 	Sound  started
758.3174 	EXP 	Sound  started
758.9636 	DATA 	Keypress: lctrl
759.0674 	EXP 	Sound  started
759.7635 	DATA 	Keypress: lctrl
759.8174 	EXP 	Sound  started
760.5674 	EXP 	Sound  started
760.5795 	DATA 	Keypress: lctrl
761.2834 	DATA 	Keypress: lctrl
761.3175 	EXP 	Sound  started
761.9875 	DATA 	Keypress: lctrl
762.0675 	EXP 	Sound  started
762.8175 	EXP 	Sound  started
762.8194 	DATA 	Keypress: rctrl
763.5394 	DATA 	Keypress: rctrl
763.5675 	EXP 	Sound  started
764.2275 	DATA 	Keypress: lctrl
764.3175 	EXP 	Sound  started
765.0435 	DATA 	Keypress: lctrl
765.0675 	EXP 	Sound  started
765.7474 	DATA 	Keypress: lctrl
765.8176 	EXP 	Sound  started
766.4675 	DATA 	Keypress: lctrl
770.6600 	DATA 	Keypress: 3
770.6765 	EXP 	unnamed ShapeStim: vertices = <class 'numpy.ndarray'>
775.8142 	DATA 	Keypress: 4
775.8307 	EXP 	unnamed ShapeStim: vertices = <class 'numpy.ndarray'>
782.0235 	DATA 	Keypress: 3
782.0525 	EXP 	unnamed ShapeStim: vertices = <class 'numpy.ndarray'>
784.3378 	EXP 	Sound  started
785.0276 	DATA 	Keypress: lctrl
785.0876 	EXP 	Sound  started
785.7474 	DATA 	Keypress: lctrl
785.8376 	EXP 	Sound  started
786.5475 	DATA 	Keypress: lctrl
786.5877 	EXP 	Sound  started
787.3154 	DATA 	Keypress: lctrl
787.3377 	EXP 	Sound  started
788.0877 	EXP 	Sound  started
788.1314 	DATA 	Keypress: lctrl
788.8354 	DATA 	Keypress: lctrl
788.8377 	EXP 	Sound  started
789.5877 	EXP 	Sound  started
789.6034 	DATA 	Keypress: lctrl
790.3377 	EXP 	Sound  started
790.3554 	DATA 	Keypress: lctrl
791.0434 	DATA 	Keypress: lctrl
791.0877 	EXP 	Sound  started
791.8274 	DATA 	Keypress: lctrl
791.8378 	EXP 	Sound  started
792.5878 	EXP 	Sound  started
792.5955 	DATA 	Keypress: rctrl
793.2194 	DATA 	Keypress: lctrl
793.3378 	EXP 	Sound  started
794.0515 	DATA 	Keypress: lctrl
794.0878 	EXP 	Sound  started
794.7875 	DATA 	Keypress: rctrl
794.8379 	EXP 	Sound  started
795.4914 	DATA 	Keypress: rctrl
795.5879 	EXP 	Sound  started
796.2754 	DATA 	Keypress: rctrl
796.3379 	EXP 	Sound  started
797.0115 	DATA 	Keypress: rctrl
797.0879 	EXP 	Sound  started
797.6674 	DATA 	Keypress: lctrl
797.8379 	EXP 	Sound  started
798.4674 	DATA 	Keypress: rctrl
798.5879 	EXP 	Sound  started
799.2515 	DATA 	Keypress: lctrl
799.3379 	EXP 	Sound  started
800.0354 	DATA 	Keypress: rctrl
800.0879 	EXP 	Sound  started
800.7394 	DATA 	Keypress: rctrl
800.8380 	EXP 	Sound  started
801.5074 	DATA 	Keypress: rctrl
801.5880 	EXP 	Sound  started
802.2114 	DATA 	Keypress: lctrl
802.3380 	EXP 	Sound  started
802.9314 	DATA 	Keypress: lctrl
803.0880 	EXP 	Sound  started
803.7475 	DATA 	Keypress: lctrl
803.8380 	EXP 	Sound  started
804.5155 	DATA 	Keypress: lctrl
804.5880 	EXP 	Sound  started
805.2514 	DATA 	Keypress: rctrl
805.3381 	EXP 	Sound  started
806.0515 	DATA 	Keypress: rctrl
806.0881 	EXP 	Sound  started
806.7874 	DATA 	Keypress: rctrl
806.8381 	EXP 	Sound  started
807.5714 	DATA 	Keypress: rctrl
807.5881 	EXP 	Sound  started
808.2595 	DATA 	Keypress: rctrl
808.3381 	EXP 	Sound  started
808.9955 	DATA 	Keypress: lctrl
809.0881 	EXP 	Sound  started
809.7315 	DATA 	Keypress: lctrl
809.8381 	EXP 	Sound  started
810.4994 	DATA 	Keypress: lctrl
810.5882 	EXP 	Sound  started
811.2354 	DATA 	Keypress: lctrl
811.3382 	EXP 	Sound  started
812.0674 	DATA 	Keypress: rctrl
812.0882 	EXP 	Sound  started
812.8354 	DATA 	Keypress: rctrl
812.8382 	EXP 	Sound  started
813.5874 	DATA 	Keypress: rctrl
813.5882 	EXP 	Sound  started
814.2434 	DATA 	Keypress: rctrl
814.3382 	EXP 	Sound  started
814.9634 	DATA 	Keypress: rctrl
815.0882 	EXP 	Sound  started
815.7634 	DATA 	Keypress: lctrl
815.8382 	EXP 	Sound  started
816.5883 	EXP 	Sound  started
816.6435 	DATA 	Keypress: lctrl
817.2835 	DATA 	Keypress: rctrl
817.3383 	EXP 	Sound  started
818.0834 	DATA 	Keypress: lctrl
818.0883 	EXP 	Sound  started
818.7713 	DATA 	Keypress: lctrl
818.8383 	EXP 	Sound  started
819.5074 	DATA 	Keypress: lctrl
819.5883 	EXP 	Sound  started
820.2274 	DATA 	Keypress: lctrl
820.3383 	EXP 	Sound  started
821.0594 	DATA 	Keypress: lctrl
821.0883 	EXP 	Sound  started
821.8384 	EXP 	Sound  started
821.8434 	DATA 	Keypress: lctrl
822.5314 	DATA 	Keypress: lctrl
822.5884 	EXP 	Sound  started
823.2994 	DATA 	Keypress: lctrl
823.3384 	EXP 	Sound  started
824.0353 	DATA 	Keypress: lctrl
824.0884 	EXP 	Sound  started
824.8384 	EXP 	Sound  started
824.8514 	DATA 	Keypress: lctrl
825.5884 	EXP 	Sound  started
825.6194 	DATA 	Keypress: lctrl
826.2595 	DATA 	Keypress: rctrl
826.3385 	EXP 	Sound  started
827.0594 	DATA 	Keypress: rctrl
827.0885 	EXP 	Sound  started
827.7794 	DATA 	Keypress: rctrl
827.8385 	EXP 	Sound  started
828.5474 	DATA 	Keypress: rctrl
828.5885 	EXP 	Sound  started
829.2994 	DATA 	Keypress: rctrl
829.3385 	EXP 	Sound  started
830.0354 	DATA 	Keypress: rctrl
830.0885 	EXP 	Sound  started
830.7234 	DATA 	Keypress: lctrl
830.8385 	EXP 	Sound  started
831.5554 	DATA 	Keypress: lctrl
831.5885 	EXP 	Sound  started
832.3385 	EXP 	Sound  started
832.3395 	DATA 	Keypress: lctrl
832.9634 	DATA 	Keypress: rctrl
833.0886 	EXP 	Sound  started
833.7314 	DATA 	Keypress: rctrl
833.8386 	EXP 	Sound  started
834.4834 	DATA 	Keypress: rctrl
834.5886 	EXP 	Sound  started
835.2353 	DATA 	Keypress: rctrl
835.3386 	EXP 	Sound  started
836.0034 	DATA 	Keypress: rctrl
836.0886 	EXP 	Sound  started
836.7234 	DATA 	Keypress: rctrl
836.8386 	EXP 	Sound  started
837.5233 	DATA 	Keypress: rctrl
837.5886 	EXP 	Sound  started
838.1634 	DATA 	Keypress: lctrl
838.3387 	EXP 	Sound  started
838.9794 	DATA 	Keypress: lctrl
842.7396 	DATA 	Keypress: 3
842.7689 	EXP 	unnamed ShapeStim: vertices = <class 'numpy.ndarray'>
848.7406 	DATA 	Keypress: 3
848.7571 	EXP 	unnamed ShapeStim: vertices = <class 'numpy.ndarray'>
851.6101 	DATA 	Keypress: 3
851.6266 	EXP 	unnamed ShapeStim: vertices = <class 'numpy.ndarray'>
853.9106 	EXP 	Sound  started
853.9115 	DATA 	Keypress: rctrl
854.5314 	DATA 	Keypress: lctrl
854.6605 	EXP 	Sound  started
855.2994 	DATA 	Keypress: rctrl
855.4105 	EXP 	Sound  started
856.0995 	DATA 	Keypress: lctrl
856.1605 	EXP 	Sound  started
856.8995 	DATA 	Keypress: rctrl
856.9105 	EXP 	Sound  started
857.6034 	DATA 	Keypress: rctrl
857.6605 	EXP 	Sound  started
858.2595 	DATA 	Keypress: lctrl
858.4105 	EXP 	Sound  started
858.9794 	DATA 	Keypress: lctrl
859.1605 	EXP 	Sound  started
859.6514 	DATA 	Keypress: lctrl
859.9105 	EXP 	Sound  started
860.5314 	DATA 	Keypress: lctrl
860.6606 	EXP 	Sound  started
861.3634 	DATA 	Keypress: lctrl
861.4106 	EXP 	Sound  started
862.0994 	DATA 	Keypress: rctrl
862.1606 	EXP 	Sound  started
862.8194 	DATA 	Keypress: rctrl
862.9106 	EXP 	Sound  started
863.5074 	DATA 	Keypress: lctrl
863.6606 	EXP 	Sound  started
864.1473 	DATA 	Keypress: lctrl
864.4106 	EXP 	Sound  started
864.9794 	DATA 	Keypress: lctrl
865.1606 	EXP 	Sound  started
865.7313 	DATA 	Keypress: lctrl
865.9107 	EXP 	Sound  started
866.5154 	DATA 	Keypress: rctrl
866.6607 	EXP 	Sound  started
867.3474 	DATA 	Keypress: rctrl
867.4107 	EXP 	Sound  started
868.0994 	DATA 	Keypress: rctrl
868.1607 	EXP 	Sound  started
868.8834 	DATA 	Keypress: rctrl
868.9107 	EXP 	Sound  started
869.6033 	DATA 	Keypress: rctrl
869.6607 	EXP 	Sound  started
870.4107 	EXP 	Sound  started
870.4194 	DATA 	Keypress: rctrl
871.1234 	DATA 	Keypress: rctrl
871.1607 	EXP 	Sound  started
871.9108 	EXP 	Sound  started
871.9394 	DATA 	Keypress: rctrl
872.5793 	DATA 	Keypress: rctrl
872.6608 	EXP 	Sound  started
873.3474 	DATA 	Keypress: rctrl
873.4108 	EXP 	Sound  started
874.0674 	DATA 	Keypress: lctrl
874.1608 	EXP 	Sound  started
874.8194 	DATA 	Keypress: lctrl
874.9108 	EXP 	Sound  started
875.6194 	DATA 	Keypress: rctrl
875.6608 	EXP 	Sound  started
876.3554 	DATA 	Keypress: rctrl
876.4108 	EXP 	Sound  started
877.1234 	DATA 	Keypress: rctrl
877.1608 	EXP 	Sound  started
877.8433 	DATA 	Keypress: rctrl
877.9108 	EXP 	Sound  started
878.5474 	DATA 	Keypress: lctrl
878.6609 	EXP 	Sound  started
879.4109 	EXP 	Sound  started
879.4113 	DATA 	Keypress: lctrl
880.1314 	DATA 	Keypress: lctrl
880.1609 	EXP 	Sound  started
880.9109 	EXP 	Sound  started
880.9473 	DATA 	Keypress: lctrl
881.6353 	DATA 	Keypress: lctrl
881.6609 	EXP 	Sound  started
882.3713 	DATA 	Keypress: lctrl
882.4109 	EXP 	Sound  started
883.1074 	DATA 	Keypress: lctrl
883.1610 	EXP 	Sound  started
883.8754 	DATA 	Keypress: rctrl
883.9110 	EXP 	Sound  started
884.6610 	EXP 	Sound  started
884.6913 	DATA 	Keypress: rctrl
885.3473 	DATA 	Keypress: rctrl
885.4110 	EXP 	Sound  started
886.1154 	DATA 	Keypress: lctrl
886.1610 	EXP 	Sound  started
886.9110 	EXP 	Sound  started
886.9154 	DATA 	Keypress: lctrl
887.6194 	DATA 	Keypress: lctrl
887.6610 	EXP 	Sound  started
888.4110 	EXP 	Sound  started
888.4193 	DATA 	Keypress: lctrl
889.1073 	DATA 	Keypress: lctrl
889.1611 	EXP 	Sound  started
889.9073 	DATA 	Keypress: lctrl
889.9111 	EXP 	Sound  started
890.5793 	DATA 	Keypress: lctrl
890.6611 	EXP 	Sound  started
891.3953 	DATA 	Keypress: lctrl
891.4111 	EXP 	Sound  started
892.1473 	DATA 	Keypress: lctrl
892.1611 	EXP 	Sound  started
892.8514 	DATA 	Keypress: lctrl
892.9111 	EXP 	Sound  started
893.5874 	DATA 	Keypress: rctrl
893.6611 	EXP 	Sound  started
894.3714 	DATA 	Keypress: lctrl
894.4112 	EXP 	Sound  started
895.1395 	DATA 	Keypress: rctrl
895.1612 	EXP 	Sound  started
895.8593 	DATA 	Keypress: rctrl
895.9112 	EXP 	Sound  started
896.6113 	DATA 	Keypress: rctrl
896.6612 	EXP 	Sound  started
897.3473 	DATA 	Keypress: rctrl
897.4112 	EXP 	Sound  started
898.0353 	DATA 	Keypress: lctrl
898.1612 	EXP 	Sound  started
898.8674 	DATA 	Keypress: rctrl
898.9112 	EXP 	Sound  started
899.5393 	DATA 	Keypress: lctrl
899.6613 	EXP 	Sound  started
900.3554 	DATA 	Keypress: lctrl
900.4113 	EXP 	Sound  started
901.1393 	DATA 	Keypress: lctrl
901.1613 	EXP 	Sound  started
901.9113 	EXP 	Sound  started
901.9234 	DATA 	Keypress: rctrl
902.6594 	DATA 	Keypress: rctrl
902.6613 	EXP 	Sound  started
903.4113 	EXP 	Sound  started
903.4274 	DATA 	Keypress: lctrl
904.1313 	DATA 	Keypress: rctrl
904.1613 	EXP 	Sound  started
904.8674 	DATA 	Keypress: lctrl
904.9113 	EXP 	Sound  started
905.6033 	DATA 	Keypress: lctrl
905.6614 	EXP 	Sound  started
906.4033 	DATA 	Keypress: lctrl
906.4114 	EXP 	Sound  started
907.1614 	EXP 	Sound  started
907.1713 	DATA 	Keypress: lctrl
907.9074 	DATA 	Keypress: lctrl
907.9114 	EXP 	Sound  started
908.6433 	DATA 	Keypress: lctrl
908.6614 	EXP 	Sound  started
909.3633 	DATA 	Keypress: lctrl
909.4114 	EXP 	Sound  started
910.0673 	DATA 	Keypress: rctrl
910.1614 	EXP 	Sound  started
910.8674 	DATA 	Keypress: rctrl
910.9115 	EXP 	Sound  started
911.6513 	DATA 	Keypress: rctrl
911.6615 	EXP 	Sound  started
912.3394 	DATA 	Keypress: rctrl
912.4115 	EXP 	Sound  started
913.1075 	DATA 	Keypress: rctrl
919.3984 	DATA 	Keypress: 4
919.4150 	EXP 	unnamed ShapeStim: vertices = <class 'numpy.ndarray'>
922.8221 	DATA 	Keypress: 4
922.8511 	EXP 	unnamed ShapeStim: vertices = <class 'numpy.ndarray'>
927.6218 	DATA 	Keypress: 4
927.6384 	EXP 	unnamed ShapeStim: vertices = <class 'numpy.ndarray'>
929.9233 	EXP 	Sound  started
929.9242 	DATA 	Keypress: rctrl
930.6732 	EXP 	Sound  started
930.6753 	DATA 	Keypress: rctrl
931.4232 	EXP 	Sound  started
931.4274 	DATA 	Keypress: rctrl
932.1473 	DATA 	Keypress: rctrl
932.1732 	EXP 	Sound  started
932.9232 	EXP 	Sound  started
932.9313 	DATA 	Keypress: rctrl
933.6033 	DATA 	Keypress: lctrl
933.6732 	EXP 	Sound  started
934.3873 	DATA 	Keypress: lctrl
934.4233 	EXP 	Sound  started
935.0594 	DATA 	Keypress: lctrl
935.1733 	EXP 	Sound  started
935.8433 	DATA 	Keypress: rctrl
935.9233 	EXP 	Sound  started
936.5953 	DATA 	Keypress: rctrl
936.6733 	EXP 	Sound  started
937.3313 	DATA 	Keypress: lctrl
937.4233 	EXP 	Sound  started
938.0514 	DATA 	Keypress: rctrl
938.1733 	EXP 	Sound  started
938.8193 	DATA 	Keypress: rctrl
938.9233 	EXP 	Sound  started
939.5713 	DATA 	Keypress: rctrl
939.6734 	EXP 	Sound  started
940.3714 	DATA 	Keypress: rctrl
940.4234 	EXP 	Sound  started
941.1233 	DATA 	Keypress: lctrl
941.1734 	EXP 	Sound  started
941.8754 	DATA 	Keypress: lctrl
941.9234 	EXP 	Sound  started
942.6114 	DATA 	Keypress: lctrl
942.6734 	EXP 	Sound  started
943.3474 	DATA 	Keypress: lctrl
943.4234 	EXP 	Sound  started
944.0673 	DATA 	Keypress: lctrl
944.1734 	EXP 	Sound  started
944.8833 	DATA 	Keypress: lctrl
944.9234 	EXP 	Sound  started
945.5874 	DATA 	Keypress: lctrl
945.6735 	EXP 	Sound  started
946.3234 	DATA 	Keypress: lctrl
946.4235 	EXP 	Sound  started
947.0594 	DATA 	Keypress: rctrl
947.1735 	EXP 	Sound  started
947.8593 	DATA 	Keypress: rctrl
947.9235 	EXP 	Sound  started
948.5953 	DATA 	Keypress: rctrl
948.6736 	EXP 	Sound  started
949.3793 	DATA 	Keypress: rctrl
949.4236 	EXP 	Sound  started
950.0673 	DATA 	Keypress: lctrl
950.1736 	EXP 	Sound  started
950.8194 	DATA 	Keypress: rctrl
950.9236 	EXP 	Sound  started
951.5713 	DATA 	Keypress: rctrl
951.6736 	EXP 	Sound  started
952.3553 	DATA 	Keypress: rctrl
952.4236 	EXP 	Sound  started
953.1736 	EXP 	Sound  started
953.2194 	DATA 	Keypress: rctrl
953.8594 	DATA 	Keypress: rctrl
953.9236 	EXP 	Sound  started
954.5473 	DATA 	Keypress: lctrl
954.6737 	EXP 	Sound  started
955.2674 	DATA 	Keypress: lctrl
955.4237 	EXP 	Sound  started
956.0034 	DATA 	Keypress: lctrl
956.1737 	EXP 	Sound  started
956.7714 	DATA 	Keypress: lctrl
956.9237 	EXP 	Sound  started
957.4113 	DATA 	Keypress: lctrl
957.6737 	EXP 	Sound  started
958.2114 	DATA 	Keypress: lctrl
958.4237 	EXP 	Sound  started
958.9954 	DATA 	Keypress: lctrl
959.1738 	EXP 	Sound  started
959.7794 	DATA 	Keypress: lctrl
959.9238 	EXP 	Sound  started
960.5153 	DATA 	Keypress: rctrl
960.6738 	EXP 	Sound  started
961.2993 	DATA 	Keypress: rctrl
961.4238 	EXP 	Sound  started
962.0833 	DATA 	Keypress: rctrl
962.1738 	EXP 	Sound  started
962.8673 	DATA 	Keypress: rctrl
962.9238 	EXP 	Sound  started
963.5873 	DATA 	Keypress: lctrl
963.6738 	EXP 	Sound  started
964.4193 	DATA 	Keypress: rctrl
964.4239 	EXP 	Sound  started
965.0913 	DATA 	Keypress: rctrl
965.1739 	EXP 	Sound  started
965.8913 	DATA 	Keypress: rctrl
965.9239 	EXP 	Sound  started
966.6739 	EXP 	Sound  started
967.2993 	DATA 	Keypress: lctrl
967.4239 	EXP 	Sound  started
968.0353 	DATA 	Keypress: lctrl
968.1739 	EXP 	Sound  started
968.8833 	DATA 	Keypress: lctrl
968.9239 	EXP 	Sound  started
969.5873 	DATA 	Keypress: lctrl
969.6740 	EXP 	Sound  started
970.3233 	DATA 	Keypress: lctrl
970.4240 	EXP 	Sound  started
971.1074 	DATA 	Keypress: rctrl
971.1740 	EXP 	Sound  started
971.8593 	DATA 	Keypress: rctrl
971.9240 	EXP 	Sound  started
972.6740 	EXP 	Sound  started
972.6753 	DATA 	Keypress: rctrl
973.3953 	DATA 	Keypress: rctrl
973.4240 	EXP 	Sound  started
974.1740 	EXP 	Sound  started
974.1953 	DATA 	Keypress: rctrl
974.9241 	EXP 	Sound  started
974.9314 	DATA 	Keypress: rctrl
975.6513 	DATA 	Keypress: rctrl
975.6741 	EXP 	Sound  started
976.4192 	DATA 	Keypress: lctrl
976.4241 	EXP 	Sound  started
977.1741 	EXP 	Sound  started
977.1873 	DATA 	Keypress: lctrl
977.8594 	DATA 	Keypress: lctrl
977.9241 	EXP 	Sound  started
978.6114 	DATA 	Keypress: lctrl
978.6741 	EXP 	Sound  started
979.3473 	DATA 	Keypress: lctrl
979.4241 	EXP 	Sound  started
980.1152 	DATA 	Keypress: lctrl
980.1742 	EXP 	Sound  started
980.8354 	DATA 	Keypress: rctrl
980.9242 	EXP 	Sound  started
981.6742 	EXP 	Sound  started
981.6833 	DATA 	Keypress: lctrl
982.3233 	DATA 	Keypress: rctrl
982.4242 	EXP 	Sound  started
983.1393 	DATA 	Keypress: lctrl
983.1742 	EXP 	Sound  started
983.8113 	DATA 	Keypress: rctrl
983.9242 	EXP 	Sound  started
984.6743 	EXP 	Sound  started
984.6754 	DATA 	Keypress: lctrl
985.3953 	DATA 	Keypress: rctrl
985.4242 	EXP 	Sound  started
986.1633 	DATA 	Keypress: lctrl
986.1743 	EXP 	Sound  started
986.8513 	DATA 	Keypress: rctrl
991.6243 	DATA 	Keypress: 2
991.6408 	EXP 	unnamed ShapeStim: vertices = <class 'numpy.ndarray'>
998.1671 	DATA 	Keypress: 4
998.1961 	EXP 	unnamed ShapeStim: vertices = <class 'numpy.ndarray'>
1002.2663 	DATA 	Keypress: 2
1002.2828 	EXP 	unnamed ShapeStim: vertices = <class 'numpy.ndarray'>
1004.5675 	EXP 	Sound  started
1004.8035 	DATA 	Keypress: lctrl
1005.2992 	DATA 	Keypress: rctrl
1005.3173 	EXP 	Sound  started
1006.0033 	DATA 	Keypress: rctrl
1006.0674 	EXP 	Sound  started
1006.7233 	DATA 	Keypress: rctrl
1006.8174 	EXP 	Sound  started
1007.5073 	DATA 	Keypress: rctrl
1007.5674 	EXP 	Sound  started
1008.2753 	DATA 	Keypress: rctrl
1008.3174 	EXP 	Sound  started
1009.0593 	DATA 	Keypress: rctrl
1009.0674 	EXP 	Sound  started
1009.7633 	DATA 	Keypress: rctrl
1009.8174 	EXP 	Sound  started
1010.4513 	DATA 	Keypress: rctrl
1010.5674 	EXP 	Sound  started
1011.1552 	DATA 	Keypress: lctrl
1011.3174 	EXP 	Sound  started
1011.9073 	DATA 	Keypress: lctrl
1012.0675 	EXP 	Sound  started
1012.6273 	DATA 	Keypress: lctrl
1012.8175 	EXP 	Sound  started
1013.4113 	DATA 	Keypress: lctrl
1013.5675 	EXP 	Sound  started
1014.1473 	DATA 	Keypress: rctrl
1014.3175 	EXP 	Sound  started
1014.9473 	DATA 	Keypress: rctrl
1015.0675 	EXP 	Sound  started
1015.5873 	DATA 	Keypress: lctrl
1015.8175 	EXP 	Sound  started
1016.4193 	DATA 	Keypress: rctrl
1016.5675 	EXP 	Sound  started
1017.1713 	DATA 	Keypress: lctrl
1017.3176 	EXP 	Sound  started
1017.9073 	DATA 	Keypress: rctrl
1018.0676 	EXP 	Sound  started
1018.6432 	DATA 	Keypress: lctrl
1018.8176 	EXP 	Sound  started
1019.5392 	DATA 	Keypress: rctrl
1019.5676 	EXP 	Sound  started
1020.2433 	DATA 	Keypress: lctrl
1020.3176 	EXP 	Sound  started
1020.9632 	DATA 	Keypress: rctrl
1021.0676 	EXP 	Sound  started
1021.7473 	DATA 	Keypress: rctrl
1021.8176 	EXP 	Sound  started
1022.5676 	EXP 	Sound  started
1022.6113 	DATA 	Keypress: rctrl
1023.2192 	DATA 	Keypress: rctrl
1023.3177 	EXP 	Sound  started
1023.9392 	DATA 	Keypress: rctrl
1024.0677 	EXP 	Sound  started
1024.6913 	DATA 	Keypress: rctrl
1024.8177 	EXP 	Sound  started
1025.4433 	DATA 	Keypress: rctrl
1025.5677 	EXP 	Sound  started
1026.2113 	DATA 	Keypress: rctrl
1026.3177 	EXP 	Sound  started
1027.0113 	DATA 	Keypress: rctrl
1027.0677 	EXP 	Sound  started
1027.6993 	DATA 	Keypress: rctrl
1027.8177 	EXP 	Sound  started
1028.3552 	DATA 	Keypress: rctrl
1028.5678 	EXP 	Sound  started
1029.0593 	DATA 	Keypress: rctrl
1029.3178 	EXP 	Sound  started
1029.8592 	DATA 	Keypress: lctrl
1030.0678 	EXP 	Sound  started
1030.6432 	DATA 	Keypress: lctrl
1030.8178 	EXP 	Sound  started
1031.4753 	DATA 	Keypress: lctrl
1031.5678 	EXP 	Sound  started
1032.0192 	DATA 	Keypress: lctrl
1032.3178 	EXP 	Sound  started
1032.8672 	DATA 	Keypress: lctrl
1033.0679 	EXP 	Sound  started
1033.6353 	DATA 	Keypress: lctrl
1033.8179 	EXP 	Sound  started
1034.4513 	DATA 	Keypress: lctrl
1034.5679 	EXP 	Sound  started
1035.2192 	DATA 	Keypress: lctrl
1035.3179 	EXP 	Sound  started
1036.0192 	DATA 	Keypress: lctrl
1036.0679 	EXP 	Sound  started
1036.7072 	DATA 	Keypress: rctrl
1036.8179 	EXP 	Sound  started
1037.5392 	DATA 	Keypress: rctrl
1037.5680 	EXP 	Sound  started
1038.2593 	DATA 	Keypress: rctrl
1038.3180 	EXP 	Sound  started
1039.0272 	DATA 	Keypress: rctrl
1039.0680 	EXP 	Sound  started
1039.7313 	DATA 	Keypress: lctrl
1039.8180 	EXP 	Sound  started
1040.4832 	DATA 	Keypress: lctrl
1040.5680 	EXP 	Sound  started
1041.2834 	DATA 	Keypress: lctrl
1041.3180 	EXP 	Sound  started
1042.0673 	DATA 	Keypress: rctrl
1042.0681 	EXP 	Sound  started
1042.8181 	EXP 	Sound  started
1042.8353 	DATA 	Keypress: lctrl
1043.5393 	DATA 	Keypress: rctrl
1043.5681 	EXP 	Sound  started
1044.3181 	EXP 	Sound  started
1044.3234 	DATA 	Keypress: lctrl
1045.0274 	DATA 	Keypress: rctrl
1045.0681 	EXP 	Sound  started
1045.7473 	DATA 	Keypress: rctrl
1045.8181 	EXP 	Sound  started
1046.4512 	DATA 	Keypress: rctrl
1046.5681 	EXP 	Sound  started
1047.2353 	DATA 	Keypress: rctrl
1047.3182 	EXP 	Sound  started
1048.0033 	DATA 	Keypress: rctrl
1048.0682 	EXP 	Sound  started
1048.6593 	DATA 	Keypress: lctrl
1048.8182 	EXP 	Sound  started
1049.4113 	DATA 	Keypress: lctrl
1049.5682 	EXP 	Sound  started
1050.1953 	DATA 	Keypress: rctrl
1050.3182 	EXP 	Sound  started
1050.9472 	DATA 	Keypress: rctrl
1051.0682 	EXP 	Sound  started
1051.6514 	DATA 	Keypress: rctrl
1051.8182 	EXP 	Sound  started
1052.4033 	DATA 	Keypress: rctrl
1052.5683 	EXP 	Sound  started
1053.1393 	DATA 	Keypress: rctrl
1053.3183 	EXP 	Sound  started
1053.9072 	DATA 	Keypress: rctrl
1054.0683 	EXP 	Sound  started
1054.6752 	DATA 	Keypress: lctrl
1054.8183 	EXP 	Sound  started
1055.4593 	DATA 	Keypress: lctrl
1055.5683 	EXP 	Sound  started
1056.1792 	DATA 	Keypress: lctrl
1056.3183 	EXP 	Sound  started
1056.9473 	DATA 	Keypress: lctrl
1057.0683 	EXP 	Sound  started
1057.6673 	DATA 	Keypress: rctrl
1057.8183 	EXP 	Sound  started
1058.3553 	DATA 	Keypress: rctrl
1058.5684 	EXP 	Sound  started
1059.1872 	DATA 	Keypress: rctrl
1059.3184 	EXP 	Sound  started
1059.9872 	DATA 	Keypress: lctrl
1060.0684 	EXP 	Sound  started
1060.7552 	DATA 	Keypress: lctrl
1060.8184 	EXP 	Sound  started
1061.5073 	DATA 	Keypress: lctrl
1061.5684 	EXP 	Sound  started
1062.2912 	DATA 	Keypress: lctrl
1062.3184 	EXP 	Sound  started
1063.0433 	DATA 	Keypress: lctrl
1063.0685 	EXP 	Sound  started
1063.7952 	DATA 	Keypress: lctrl
1069.2712 	DATA 	Keypress: 3
1069.2877 	EXP 	unnamed ShapeStim: vertices = <class 'numpy.ndarray'>
1075.2094 	DATA 	Keypress: 3
1075.2259 	EXP 	unnamed ShapeStim: vertices = <class 'numpy.ndarray'>
1081.0809 	DATA 	Keypress: 2
1081.0974 	EXP 	unnamed ShapeStim: vertices = <class 'numpy.ndarray'>
1102.8513 	DATA 	Keypress: return
1102.9369 	EXP 	window1: mouseVisible = True
