103.3340 	WARNING 	User requested fullscreen with size [1024  768], but screen is actually [1920, 1200]. Using actual size
104.1950 	EXP 	Created window1 = Window(allowGUI=False, allowStencil=False, autoLog=True, backendConf=UNKNOWN, bitsMode=UNKNOWN, blendMode='avg', bpc=(8, 8, 8), color=array([0, 0, 0]), colorSpace='rgb', depthBits=8, fullscr=<method-wrapper '__getattribute__' of attributeSetter object at 0x000001D2070D6780>, gamma=None, gammaErrorPolicy='raise', lms=UNKNOWN, monitor=<psychopy.monitors.calibTools.Monitor object at 0x000001D208725080>, multiSample=False, name='window1', numSamples=2, pos=[0.0, 0.0], screen=0, size=array([1920, 1200]), stencilBits=0, stereo=False, units='norm', useFBO=True, useRetina=False, viewOri=0.0, viewPos=None, viewScale=None, waitBlanking=True, winType='pyglet')
104.1953 	EXP 	window1: mouseVisible = True
104.1953 	EXP 	window1: mouseVisible = False
104.1954 	EXP 	window1: recordFrameIntervals = False
104.3615 	EXP 	window1: recordFrameIntervals = True
104.5450 	EXP 	window1: recordFrameIntervals = False
104.5987 	EXP 	Created text = TextStim(__class__=<class 'psychopy.visual.text.TextStim'>, alignHoriz=method-wrapper(...), alignText='center', alignVert=method-wrapper(...), anchorHoriz='center', anchorVert='center', antialias=True, autoLog=True, bold=False, color=array([1., 1., 1.]), colorSpace='rgb', contrast=1.0, depth=0.0, flipHoriz=False, flipVert=False, font='Arial', fontFiles=[], height=0.15, italic=False, languageStyle='LTR', name='text', opacity=1, ori=0, pos=array([0., 0.]), rgb=UNKNOWN, text='+', units='norm', win=Window(...), wrapWidth=1)
104.6196 	EXP 	Created text = TextStim(__class__=<class 'psychopy.visual.text.TextStim'>, alignHoriz=method-wrapper(...), alignText='center', alignVert=method-wrapper(...), anchorHoriz='center', anchorVert='center', antialias=True, autoLog=True, bold=False, color=array([1., 1., 1.]), colorSpace='rgb', contrast=1.0, depth=0.0, flipHoriz=False, flipVert=False, font='Arial', fontFiles=[], height=0.07, italic=False, languageStyle='LTR', name='text', opacity=1, ori=0, pos=array([0., 0.]), rgb=UNKNOWN, text=str(...), units='norm', win=Window(...), wrapWidth=1.65)
104.6318 	EXP 	Created text = TextStim(__class__=<class 'psychopy.visual.text.TextStim'>, alignHoriz=method-wrapper(...), alignText='center', alignVert=method-wrapper(...), anchorHoriz='center', anchorVert='center', antialias=True, autoLog=True, bold=False, color=array([1., 1., 1.]), colorSpace='rgb', contrast=1.0, depth=0.0, flipHoriz=False, flipVert=False, font='Arial', fontFiles=[], height=0.07, italic=False, languageStyle='LTR', name='text', opacity=1, ori=0, pos=array([0., 0.]), rgb=UNKNOWN, text=str(...), units='norm', win=Window(...), wrapWidth=1.65)
104.6418 	EXP 	Created text = TextStim(__class__=<class 'psychopy.visual.text.TextStim'>, alignHoriz=method-wrapper(...), alignText='center', alignVert=method-wrapper(...), anchorHoriz='center', anchorVert='center', antialias=True, autoLog=True, bold=False, color=array([1., 1., 1.]), colorSpace='rgb', contrast=1.0, depth=0.0, flipHoriz=False, flipVert=False, font='Arial', fontFiles=[], height=0.07, italic=False, languageStyle='LTR', name='text', opacity=1, ori=0, pos=array([0., 0.]), rgb=UNKNOWN, text=str(...), units='norm', win=Window(...), wrapWidth=1.65)
104.6518 	EXP 	Created text = TextStim(__class__=<class 'psychopy.visual.text.TextStim'>, alignHoriz=method-wrapper(...), alignText='center', alignVert=method-wrapper(...), anchorHoriz='center', anchorVert='center', antialias=True, autoLog=True, bold=False, color=array([1., 1., 1.]), colorSpace='rgb', contrast=1.0, depth=0.0, flipHoriz=False, flipVert=False, font='Arial', fontFiles=[], height=0.07, italic=False, languageStyle='LTR', name='text', opacity=1, ori=0, pos=array([0., 0.]), rgb=UNKNOWN, text=str(...), units='norm', win=Window(...), wrapWidth=1.65)
104.6566 	EXP 	Created text = TextStim(__class__=<class 'psychopy.visual.text.TextStim'>, alignHoriz=method-wrapper(...), alignText='center', alignVert=method-wrapper(...), anchorHoriz='center', anchorVert='center', antialias=True, autoLog=True, bold=False, color=array([1., 1., 1.]), colorSpace='rgb', contrast=1.0, depth=0.0, flipHoriz=False, flipVert=False, font='Arial', fontFiles=[], height=0.07, italic=False, languageStyle='LTR', name='text', opacity=1, ori=0, pos=array([0., 0.]), rgb=UNKNOWN, text=str(...), units='norm', win=Window(...), wrapWidth=1.65)
104.6707 	EXP 	Created text = TextStim(__class__=<class 'psychopy.visual.text.TextStim'>, alignHoriz=method-wrapper(...), alignText='center', alignVert=method-wrapper(...), anchorHoriz='center', anchorVert='center', antialias=True, autoLog=True, bold=False, color=array([1., 1., 1.]), colorSpace='rgb', contrast=1.0, depth=0.0, flipHoriz=False, flipVert=False, font='Arial', fontFiles=[], height=0.15, italic=False, languageStyle='LTR', name='text', opacity=1, ori=0, pos=array([0., 0.]), rgb=UNKNOWN, text=str(...), units='norm', win=Window(...), wrapWidth=1.65)
104.6987 	EXP 	Created text = TextStim(__class__=<class 'psychopy.visual.text.TextStim'>, alignHoriz=method-wrapper(...), alignText='center', alignVert=method-wrapper(...), anchorHoriz='center', anchorVert='center', antialias=True, autoLog=True, bold=False, color=array([1., 1., 1.]), colorSpace='rgb', contrast=1.0, depth=0.0, flipHoriz=False, flipVert=False, font='Arial', fontFiles=[], height=0.07, italic=False, languageStyle='LTR', name='text', opacity=1, ori=0, pos=array([0., 0.]), rgb=UNKNOWN, text=str(...), units='norm', win=Window(...), wrapWidth=1.65)
104.7169 	EXP 	Created text = TextStim(__class__=<class 'psychopy.visual.text.TextStim'>, alignHoriz=method-wrapper(...), alignText='center', alignVert=method-wrapper(...), anchorHoriz='center', anchorVert='center', antialias=True, autoLog=True, bold=False, color=array([1., 1., 1.]), colorSpace='rgb', contrast=1.0, depth=0.0, flipHoriz=False, flipVert=False, font='Arial', fontFiles=[], height=0.07, italic=False, languageStyle='LTR', name='text', opacity=1, ori=0, pos=array([0., 0.]), rgb=UNKNOWN, text=str(...), units='norm', win=Window(...), wrapWidth=1.65)
104.7473 	EXP 	Created text = TextStim(__class__=<class 'psychopy.visual.text.TextStim'>, alignHoriz=method-wrapper(...), alignText='center', alignVert=method-wrapper(...), anchorHoriz='center', anchorVert='center', antialias=True, autoLog=True, bold=False, color=array([1., 1., 1.]), colorSpace='rgb', contrast=1.0, depth=0.0, flipHoriz=False, flipVert=False, font='Arial', fontFiles=[], height=0.07, italic=False, languageStyle='LTR', name='text', opacity=1, ori=0, pos=array([0., 0.]), rgb=UNKNOWN, text=str(...), units='norm', win=Window(...), wrapWidth=1.65)
104.7748 	EXP 	Created text = TextStim(__class__=<class 'psychopy.visual.text.TextStim'>, alignHoriz=method-wrapper(...), alignText='center', alignVert=method-wrapper(...), anchorHoriz='center', anchorVert='center', antialias=True, autoLog=True, bold=False, color=array([1., 1., 1.]), colorSpace='rgb', contrast=1.0, depth=0.0, flipHoriz=False, flipVert=False, font='Arial', fontFiles=[], height=0.07, italic=False, languageStyle='LTR', name='text', opacity=1, ori=0, pos=array([0., 0.]), rgb=UNKNOWN, text=str(...), units='norm', win=Window(...), wrapWidth=1.65)
104.8070 	EXP 	Created text = TextStim(__class__=<class 'psychopy.visual.text.TextStim'>, alignHoriz=method-wrapper(...), alignText='center', alignVert=method-wrapper(...), anchorHoriz='center', anchorVert='center', antialias=True, autoLog=True, bold=False, color=array([1., 1., 1.]), colorSpace='rgb', contrast=1.0, depth=0.0, flipHoriz=False, flipVert=False, font='Arial', fontFiles=[], height=0.07, italic=False, languageStyle='LTR', name='text', opacity=1, ori=0, pos=array([0., 0.]), rgb=UNKNOWN, text=str(...), units='norm', win=Window(...), wrapWidth=1.65)
104.8160 	EXP 	Created text = TextStim(__class__=<class 'psychopy.visual.text.TextStim'>, alignHoriz=method-wrapper(...), alignText='center', alignVert=method-wrapper(...), anchorHoriz='center', anchorVert='center', antialias=True, autoLog=True, bold=False, color=array([1., 1., 1.]), colorSpace='rgb', contrast=1.0, depth=0.0, flipHoriz=False, flipVert=False, font='Arial', fontFiles=[], height=0.07, italic=False, languageStyle='LTR', name='text', opacity=1, ori=0, pos=array([0., 0.]), rgb=UNKNOWN, text=str(...), units='norm', win=Window(...), wrapWidth=1.65)
104.8284 	EXP 	Created text = TextStim(__class__=<class 'psychopy.visual.text.TextStim'>, alignHoriz=method-wrapper(...), alignText='center', alignVert=method-wrapper(...), anchorHoriz='center', anchorVert='center', antialias=True, autoLog=True, bold=False, color=array([1., 1., 1.]), colorSpace='rgb', contrast=1.0, depth=0.0, flipHoriz=False, flipVert=False, font='Arial', fontFiles=[], height=0.07, italic=False, languageStyle='LTR', name='text', opacity=1, ori=0, pos=array([0., 0.]), rgb=UNKNOWN, text=str(...), units='norm', win=Window(...), wrapWidth=1.65)
104.8328 	EXP 	Created instru = TextStim(__class__=<class 'psychopy.visual.text.TextStim'>, alignHoriz=method-wrapper(...), alignText='center', alignVert=method-wrapper(...), anchorHoriz='center', anchorVert='center', antialias=True, autoLog=True, bold=False, color=array([1., 1., 1.]), colorSpace='rgb', contrast=1.0, depth=0.0, flipHoriz=False, flipVert=False, font='Arial', fontFiles=[], height=0.07, italic=False, languageStyle='LTR', name='instru', opacity=1, ori=0, pos=array([0. , 0.5]), rgb=UNKNOWN, text=str(...), units='norm', win=Window(...), wrapWidth=1)
104.8353 	EXP 	Created unnamed Line = Line(__class__=<class 'psychopy.visual.line.Line'>, autoDraw=False, autoLog=True, closeShape=False, color=array([1., 1., 1.]), colorSpace='rgb', contrast=None, depth=0, fillColor=array([0, 0, 0]), fillColorSpace='rgb', fillRGB=array([0, 0, 0]), interpolate=True, lineColor=array([1., 1., 1.]), lineColorSpace='rgb', lineRGB=array([1, 1, 1]), lineWidth=5, name='unnamed Line', opacity=0.5, ori=0.0, pos=array([0., 0.]), size=array([1., 1.]), units='norm', vertices=array([[-0.5,  0. ],
       [ 0.5,  0. ]]), win=Window(...), windingRule=None)
104.8373 	EXP 	Created unnamed Line = Line(__class__=<class 'psychopy.visual.line.Line'>, autoDraw=False, autoLog=True, closeShape=False, color=array([1., 1., 1.]), colorSpace='rgb', contrast=None, depth=0, fillColor=array([0, 0, 0]), fillColorSpace='rgb', fillRGB=array([0, 0, 0]), interpolate=True, lineColor=array([1., 1., 1.]), lineColorSpace='rgb', lineRGB=array([1, 1, 1]), lineWidth=3, name='unnamed Line', opacity=0.5, ori=0.0, pos=array([0., 0.]), size=array([1., 1.]), units='norm', vertices=array([[-0.5 , -0.05],
       [-0.5 ,  0.05]]), win=Window(...), windingRule=None)
104.8392 	EXP 	Created unnamed Line = Line(__class__=<class 'psychopy.visual.line.Line'>, autoDraw=False, autoLog=True, closeShape=False, color=array([1., 1., 1.]), colorSpace='rgb', contrast=None, depth=0, fillColor=array([0, 0, 0]), fillColorSpace='rgb', fillRGB=array([0, 0, 0]), interpolate=True, lineColor=array([1., 1., 1.]), lineColorSpace='rgb', lineRGB=array([1, 1, 1]), lineWidth=3, name='unnamed Line', opacity=0.5, ori=0.0, pos=array([0., 0.]), size=array([1., 1.]), units='norm', vertices=ndarray(...), win=Window(...), windingRule=None)
104.8412 	EXP 	Created unnamed Line = Line(__class__=<class 'psychopy.visual.line.Line'>, autoDraw=False, autoLog=True, closeShape=False, color=array([1., 1., 1.]), colorSpace='rgb', contrast=None, depth=0, fillColor=array([0, 0, 0]), fillColorSpace='rgb', fillRGB=array([0, 0, 0]), interpolate=True, lineColor=array([1., 1., 1.]), lineColorSpace='rgb', lineRGB=array([1, 1, 1]), lineWidth=3, name='unnamed Line', opacity=0.5, ori=0.0, pos=array([0., 0.]), size=array([1., 1.]), units='norm', vertices=ndarray(...), win=Window(...), windingRule=None)
104.8431 	EXP 	Created unnamed Line = Line(__class__=<class 'psychopy.visual.line.Line'>, autoDraw=False, autoLog=True, closeShape=False, color=array([1., 1., 1.]), colorSpace='rgb', contrast=None, depth=0, fillColor=array([0, 0, 0]), fillColorSpace='rgb', fillRGB=array([0, 0, 0]), interpolate=True, lineColor=array([1., 1., 1.]), lineColorSpace='rgb', lineRGB=array([1, 1, 1]), lineWidth=3, name='unnamed Line', opacity=0.5, ori=0.0, pos=array([0., 0.]), size=array([1., 1.]), units='norm', vertices=array([[ 0.5 , -0.05],
       [ 0.5 ,  0.05]]), win=Window(...), windingRule=None)
104.8546 	EXP 	Created unnamed TextStim = TextStim(__class__=<class 'psychopy.visual.text.TextStim'>, alignHoriz=method-wrapper(...), alignText='center', alignVert=method-wrapper(...), anchorHoriz='center', anchorVert='center', antialias=True, autoLog=True, bold=False, color=array([1., 1., 1.]), colorSpace='rgb', contrast=1.0, depth=0, flipHoriz=False, flipVert=False, font='', fontFiles=[], height=0.05, italic=False, languageStyle='LTR', name='unnamed TextStim', opacity=1.0, ori=0.0, pos=array([-0.5, -0.1]), rgb=UNKNOWN, text='Clearly \n NOT FOCUSED', units='norm', win=Window(...), wrapWidth=1)
104.8556 	EXP 	Created unnamed TextStim = TextStim(__class__=<class 'psychopy.visual.text.TextStim'>, alignHoriz=method-wrapper(...), alignText='center', alignVert=method-wrapper(...), anchorHoriz='center', anchorVert='center', antialias=True, autoLog=True, bold=False, color=array([1., 1., 1.]), colorSpace='rgb', contrast=1.0, depth=0, flipHoriz=False, flipVert=False, font='', fontFiles=[], height=0.05, italic=False, languageStyle='LTR', name='unnamed TextStim', opacity=1.0, ori=0.0, pos=array([-0.16666667, -0.1       ]), rgb=UNKNOWN, text='', units='norm', win=Window(...), wrapWidth=1)
104.8566 	EXP 	Created unnamed TextStim = TextStim(__class__=<class 'psychopy.visual.text.TextStim'>, alignHoriz=method-wrapper(...), alignText='center', alignVert=method-wrapper(...), anchorHoriz='center', anchorVert='center', antialias=True, autoLog=True, bold=False, color=array([1., 1., 1.]), colorSpace='rgb', contrast=1.0, depth=0, flipHoriz=False, flipVert=False, font='', fontFiles=[], height=0.05, italic=False, languageStyle='LTR', name='unnamed TextStim', opacity=1.0, ori=0.0, pos=array([ 0.16666667, -0.1       ]), rgb=UNKNOWN, text='', units='norm', win=Window(...), wrapWidth=1)
104.8596 	EXP 	Created unnamed TextStim = TextStim(__class__=<class 'psychopy.visual.text.TextStim'>, alignHoriz=method-wrapper(...), alignText='center', alignVert=method-wrapper(...), anchorHoriz='center', anchorVert='center', antialias=True, autoLog=True, bold=False, color=array([1., 1., 1.]), colorSpace='rgb', contrast=1.0, depth=0, flipHoriz=False, flipVert=False, font='', fontFiles=[], height=0.05, italic=False, languageStyle='LTR', name='unnamed TextStim', opacity=1.0, ori=0.0, pos=array([ 0.5, -0.1]), rgb=UNKNOWN, text='Clearly \n FOCUSED', units='norm', win=Window(...), wrapWidth=1)
104.8614 	EXP 	Created unnamed ShapeStim = ShapeStim(__class__=<class 'psychopy.visual.shape.ShapeStim'>, autoDraw=False, autoLog=True, closeShape=True, color=method-wrapper(...), colorSpace='rgb', contrast=None, depth=0, fillColor=array([1, 1, 1]), fillColorSpace='rgb', fillRGB=array([1, 1, 1]), interpolate=True, lineColor=array([-1., -1., -1.]), lineColorSpace='rgb', lineRGB=array([-1, -1, -1]), lineWidth=1.5, name='unnamed ShapeStim', opacity=1.0, ori=0.0, pos=array([0., 0.]), size=array([1., 1.]), units='norm', vertices=ndarray(...), win=Window(...), windingRule=None)
104.8698 	EXP 	Created instru = TextStim(__class__=<class 'psychopy.visual.text.TextStim'>, alignHoriz=method-wrapper(...), alignText='center', alignVert=method-wrapper(...), anchorHoriz='center', anchorVert='center', antialias=True, autoLog=True, bold=False, color=array([1., 1., 1.]), colorSpace='rgb', contrast=1.0, depth=0.0, flipHoriz=False, flipVert=False, font='Arial', fontFiles=[], height=0.07, italic=False, languageStyle='LTR', name='instru', opacity=1, ori=0, pos=array([0. , 0.5]), rgb=UNKNOWN, text=str(...), units='norm', win=Window(...), wrapWidth=1)
104.8718 	EXP 	Created unnamed Line = Line(__class__=<class 'psychopy.visual.line.Line'>, autoDraw=False, autoLog=True, closeShape=False, color=array([1., 1., 1.]), colorSpace='rgb', contrast=None, depth=0, fillColor=array([0, 0, 0]), fillColorSpace='rgb', fillRGB=array([0, 0, 0]), interpolate=True, lineColor=array([1., 1., 1.]), lineColorSpace='rgb', lineRGB=array([1, 1, 1]), lineWidth=5, name='unnamed Line', opacity=0.5, ori=0.0, pos=array([0., 0.]), size=array([1., 1.]), units='norm', vertices=array([[-0.5,  0. ],
       [ 0.5,  0. ]]), win=Window(...), windingRule=None)
104.8738 	EXP 	Created unnamed Line = Line(__class__=<class 'psychopy.visual.line.Line'>, autoDraw=False, autoLog=True, closeShape=False, color=array([1., 1., 1.]), colorSpace='rgb', contrast=None, depth=0, fillColor=array([0, 0, 0]), fillColorSpace='rgb', fillRGB=array([0, 0, 0]), interpolate=True, lineColor=array([1., 1., 1.]), lineColorSpace='rgb', lineRGB=array([1, 1, 1]), lineWidth=3, name='unnamed Line', opacity=0.5, ori=0.0, pos=array([0., 0.]), size=array([1., 1.]), units='norm', vertices=array([[-0.5 , -0.05],
       [-0.5 ,  0.05]]), win=Window(...), windingRule=None)
104.8757 	EXP 	Created unnamed Line = Line(__class__=<class 'psychopy.visual.line.Line'>, autoDraw=False, autoLog=True, closeShape=False, color=array([1., 1., 1.]), colorSpace='rgb', contrast=None, depth=0, fillColor=array([0, 0, 0]), fillColorSpace='rgb', fillRGB=array([0, 0, 0]), interpolate=True, lineColor=array([1., 1., 1.]), lineColorSpace='rgb', lineRGB=array([1, 1, 1]), lineWidth=3, name='unnamed Line', opacity=0.5, ori=0.0, pos=array([0., 0.]), size=array([1., 1.]), units='norm', vertices=ndarray(...), win=Window(...), windingRule=None)
104.8777 	EXP 	Created unnamed Line = Line(__class__=<class 'psychopy.visual.line.Line'>, autoDraw=False, autoLog=True, closeShape=False, color=array([1., 1., 1.]), colorSpace='rgb', contrast=None, depth=0, fillColor=array([0, 0, 0]), fillColorSpace='rgb', fillRGB=array([0, 0, 0]), interpolate=True, lineColor=array([1., 1., 1.]), lineColorSpace='rgb', lineRGB=array([1, 1, 1]), lineWidth=3, name='unnamed Line', opacity=0.5, ori=0.0, pos=array([0., 0.]), size=array([1., 1.]), units='norm', vertices=ndarray(...), win=Window(...), windingRule=None)
104.8797 	EXP 	Created unnamed Line = Line(__class__=<class 'psychopy.visual.line.Line'>, autoDraw=False, autoLog=True, closeShape=False, color=array([1., 1., 1.]), colorSpace='rgb', contrast=None, depth=0, fillColor=array([0, 0, 0]), fillColorSpace='rgb', fillRGB=array([0, 0, 0]), interpolate=True, lineColor=array([1., 1., 1.]), lineColorSpace='rgb', lineRGB=array([1, 1, 1]), lineWidth=3, name='unnamed Line', opacity=0.5, ori=0.0, pos=array([0., 0.]), size=array([1., 1.]), units='norm', vertices=array([[ 0.5 , -0.05],
       [ 0.5 ,  0.05]]), win=Window(...), windingRule=None)
104.8848 	EXP 	Created unnamed TextStim = TextStim(__class__=<class 'psychopy.visual.text.TextStim'>, alignHoriz=method-wrapper(...), alignText='center', alignVert=method-wrapper(...), anchorHoriz='center', anchorVert='center', antialias=True, autoLog=True, bold=False, color=array([1., 1., 1.]), colorSpace='rgb', contrast=1.0, depth=0, flipHoriz=False, flipVert=False, font='', fontFiles=[], height=0.05, italic=False, languageStyle='LTR', name='unnamed TextStim', opacity=1.0, ori=0.0, pos=array([-0.5, -0.1]), rgb=UNKNOWN, text='Clearly \n NOTHING', units='norm', win=Window(...), wrapWidth=1)
104.8859 	EXP 	Created unnamed TextStim = TextStim(__class__=<class 'psychopy.visual.text.TextStim'>, alignHoriz=method-wrapper(...), alignText='center', alignVert=method-wrapper(...), anchorHoriz='center', anchorVert='center', antialias=True, autoLog=True, bold=False, color=array([1., 1., 1.]), colorSpace='rgb', contrast=1.0, depth=0, flipHoriz=False, flipVert=False, font='', fontFiles=[], height=0.05, italic=False, languageStyle='LTR', name='unnamed TextStim', opacity=1.0, ori=0.0, pos=array([-0.16666667, -0.1       ]), rgb=UNKNOWN, text='', units='norm', win=Window(...), wrapWidth=1)
104.8869 	EXP 	Created unnamed TextStim = TextStim(__class__=<class 'psychopy.visual.text.TextStim'>, alignHoriz=method-wrapper(...), alignText='center', alignVert=method-wrapper(...), anchorHoriz='center', anchorVert='center', antialias=True, autoLog=True, bold=False, color=array([1., 1., 1.]), colorSpace='rgb', contrast=1.0, depth=0, flipHoriz=False, flipVert=False, font='', fontFiles=[], height=0.05, italic=False, languageStyle='LTR', name='unnamed TextStim', opacity=1.0, ori=0.0, pos=array([ 0.16666667, -0.1       ]), rgb=UNKNOWN, text='', units='norm', win=Window(...), wrapWidth=1)
104.8913 	EXP 	Created unnamed TextStim = TextStim(__class__=<class 'psychopy.visual.text.TextStim'>, alignHoriz=method-wrapper(...), alignText='center', alignVert=method-wrapper(...), anchorHoriz='center', anchorVert='center', antialias=True, autoLog=True, bold=False, color=array([1., 1., 1.]), colorSpace='rgb', contrast=1.0, depth=0, flipHoriz=False, flipVert=False, font='', fontFiles=[], height=0.05, italic=False, languageStyle='LTR', name='unnamed TextStim', opacity=1.0, ori=0.0, pos=array([ 0.5, -0.1]), rgb=UNKNOWN, text='Clearly \n SOMETHING', units='norm', win=Window(...), wrapWidth=1)
104.8930 	EXP 	Created unnamed ShapeStim = ShapeStim(__class__=<class 'psychopy.visual.shape.ShapeStim'>, autoDraw=False, autoLog=True, closeShape=True, color=method-wrapper(...), colorSpace='rgb', contrast=None, depth=0, fillColor=array([1, 1, 1]), fillColorSpace='rgb', fillRGB=array([1, 1, 1]), interpolate=True, lineColor=array([-1., -1., -1.]), lineColorSpace='rgb', lineRGB=array([-1, -1, -1]), lineWidth=1.5, name='unnamed ShapeStim', opacity=1.0, ori=0.0, pos=array([0., 0.]), size=array([1., 1.]), units='norm', vertices=ndarray(...), win=Window(...), windingRule=None)
104.8997 	EXP 	Created instru = TextStim(__class__=<class 'psychopy.visual.text.TextStim'>, alignHoriz=method-wrapper(...), alignText='center', alignVert=method-wrapper(...), anchorHoriz='center', anchorVert='center', antialias=True, autoLog=True, bold=False, color=array([1., 1., 1.]), colorSpace='rgb', contrast=1.0, depth=0.0, flipHoriz=False, flipVert=False, font='Arial', fontFiles=[], height=0.07, italic=False, languageStyle='LTR', name='instru', opacity=1, ori=0, pos=array([0. , 0.5]), rgb=UNKNOWN, text=str(...), units='norm', win=Window(...), wrapWidth=1)
104.9016 	EXP 	Created unnamed Line = Line(__class__=<class 'psychopy.visual.line.Line'>, autoDraw=False, autoLog=True, closeShape=False, color=array([1., 1., 1.]), colorSpace='rgb', contrast=None, depth=0, fillColor=array([0, 0, 0]), fillColorSpace='rgb', fillRGB=array([0, 0, 0]), interpolate=True, lineColor=array([1., 1., 1.]), lineColorSpace='rgb', lineRGB=array([1, 1, 1]), lineWidth=5, name='unnamed Line', opacity=0.5, ori=0.0, pos=array([0., 0.]), size=array([1., 1.]), units='norm', vertices=array([[-0.5,  0. ],
       [ 0.5,  0. ]]), win=Window(...), windingRule=None)
104.9036 	EXP 	Created unnamed Line = Line(__class__=<class 'psychopy.visual.line.Line'>, autoDraw=False, autoLog=True, closeShape=False, color=array([1., 1., 1.]), colorSpace='rgb', contrast=None, depth=0, fillColor=array([0, 0, 0]), fillColorSpace='rgb', fillRGB=array([0, 0, 0]), interpolate=True, lineColor=array([1., 1., 1.]), lineColorSpace='rgb', lineRGB=array([1, 1, 1]), lineWidth=3, name='unnamed Line', opacity=0.5, ori=0.0, pos=array([0., 0.]), size=array([1., 1.]), units='norm', vertices=array([[-0.5 , -0.05],
       [-0.5 ,  0.05]]), win=Window(...), windingRule=None)
104.9056 	EXP 	Created unnamed Line = Line(__class__=<class 'psychopy.visual.line.Line'>, autoDraw=False, autoLog=True, closeShape=False, color=array([1., 1., 1.]), colorSpace='rgb', contrast=None, depth=0, fillColor=array([0, 0, 0]), fillColorSpace='rgb', fillRGB=array([0, 0, 0]), interpolate=True, lineColor=array([1., 1., 1.]), lineColorSpace='rgb', lineRGB=array([1, 1, 1]), lineWidth=3, name='unnamed Line', opacity=0.5, ori=0.0, pos=array([0., 0.]), size=array([1., 1.]), units='norm', vertices=ndarray(...), win=Window(...), windingRule=None)
104.9075 	EXP 	Created unnamed Line = Line(__class__=<class 'psychopy.visual.line.Line'>, autoDraw=False, autoLog=True, closeShape=False, color=array([1., 1., 1.]), colorSpace='rgb', contrast=None, depth=0, fillColor=array([0, 0, 0]), fillColorSpace='rgb', fillRGB=array([0, 0, 0]), interpolate=True, lineColor=array([1., 1., 1.]), lineColorSpace='rgb', lineRGB=array([1, 1, 1]), lineWidth=3, name='unnamed Line', opacity=0.5, ori=0.0, pos=array([0., 0.]), size=array([1., 1.]), units='norm', vertices=ndarray(...), win=Window(...), windingRule=None)
104.9095 	EXP 	Created unnamed Line = Line(__class__=<class 'psychopy.visual.line.Line'>, autoDraw=False, autoLog=True, closeShape=False, color=array([1., 1., 1.]), colorSpace='rgb', contrast=None, depth=0, fillColor=array([0, 0, 0]), fillColorSpace='rgb', fillRGB=array([0, 0, 0]), interpolate=True, lineColor=array([1., 1., 1.]), lineColorSpace='rgb', lineRGB=array([1, 1, 1]), lineWidth=3, name='unnamed Line', opacity=0.5, ori=0.0, pos=array([0., 0.]), size=array([1., 1.]), units='norm', vertices=array([[ 0.5 , -0.05],
       [ 0.5 ,  0.05]]), win=Window(...), windingRule=None)
104.9145 	EXP 	Created unnamed TextStim = TextStim(__class__=<class 'psychopy.visual.text.TextStim'>, alignHoriz=method-wrapper(...), alignText='center', alignVert=method-wrapper(...), anchorHoriz='center', anchorVert='center', antialias=True, autoLog=True, bold=False, color=array([1., 1., 1.]), colorSpace='rgb', contrast=1.0, depth=0, flipHoriz=False, flipVert=False, font='', fontFiles=[], height=0.05, italic=False, languageStyle='LTR', name='unnamed TextStim', opacity=1.0, ori=0.0, pos=array([-0.5, -0.1]), rgb=UNKNOWN, text='Clearly \n SPONTANEOUS', units='norm', win=Window(...), wrapWidth=1)
104.9155 	EXP 	Created unnamed TextStim = TextStim(__class__=<class 'psychopy.visual.text.TextStim'>, alignHoriz=method-wrapper(...), alignText='center', alignVert=method-wrapper(...), anchorHoriz='center', anchorVert='center', antialias=True, autoLog=True, bold=False, color=array([1., 1., 1.]), colorSpace='rgb', contrast=1.0, depth=0, flipHoriz=False, flipVert=False, font='', fontFiles=[], height=0.05, italic=False, languageStyle='LTR', name='unnamed TextStim', opacity=1.0, ori=0.0, pos=array([-0.16666667, -0.1       ]), rgb=UNKNOWN, text='', units='norm', win=Window(...), wrapWidth=1)
104.9166 	EXP 	Created unnamed TextStim = TextStim(__class__=<class 'psychopy.visual.text.TextStim'>, alignHoriz=method-wrapper(...), alignText='center', alignVert=method-wrapper(...), anchorHoriz='center', anchorVert='center', antialias=True, autoLog=True, bold=False, color=array([1., 1., 1.]), colorSpace='rgb', contrast=1.0, depth=0, flipHoriz=False, flipVert=False, font='', fontFiles=[], height=0.05, italic=False, languageStyle='LTR', name='unnamed TextStim', opacity=1.0, ori=0.0, pos=array([ 0.16666667, -0.1       ]), rgb=UNKNOWN, text='', units='norm', win=Window(...), wrapWidth=1)
104.9219 	EXP 	Created unnamed TextStim = TextStim(__class__=<class 'psychopy.visual.text.TextStim'>, alignHoriz=method-wrapper(...), alignText='center', alignVert=method-wrapper(...), anchorHoriz='center', anchorVert='center', antialias=True, autoLog=True, bold=False, color=array([1., 1., 1.]), colorSpace='rgb', contrast=1.0, depth=0, flipHoriz=False, flipVert=False, font='', fontFiles=[], height=0.05, italic=False, languageStyle='LTR', name='unnamed TextStim', opacity=1.0, ori=0.0, pos=array([ 0.5, -0.1]), rgb=UNKNOWN, text='Clearly \n DELIBERATE', units='norm', win=Window(...), wrapWidth=1)
104.9237 	EXP 	Created unnamed ShapeStim = ShapeStim(__class__=<class 'psychopy.visual.shape.ShapeStim'>, autoDraw=False, autoLog=True, closeShape=True, color=method-wrapper(...), colorSpace='rgb', contrast=None, depth=0, fillColor=array([1, 1, 1]), fillColorSpace='rgb', fillRGB=array([1, 1, 1]), interpolate=True, lineColor=array([-1., -1., -1.]), lineColorSpace='rgb', lineRGB=array([-1, -1, -1]), lineWidth=1.5, name='unnamed ShapeStim', opacity=1.0, ori=0.0, pos=array([0., 0.]), size=array([1., 1.]), units='norm', vertices=ndarray(...), win=Window(...), windingRule=None)
104.9731 	EXP 	Sound  set volume 1.000
105.0007 	EXP 	unnamed ShapeStim: vertices = <class 'numpy.ndarray'>
105.0007 	EXP 	unnamed ShapeStim: vertices = <class 'numpy.ndarray'>
105.0007 	EXP 	unnamed ShapeStim: vertices = <class 'numpy.ndarray'>
108.7156 	DATA 	Keypress: space
110.1876 	DATA 	Keypress: space
111.3076 	DATA 	Keypress: space
111.3339 	EXP 	unnamed TextStim: text = ''
111.3339 	EXP 	unnamed TextStim: text = ''
113.7522 	DATA 	Keypress: space
115.2535 	DATA 	Keypress: 1
115.2699 	EXP 	unnamed ShapeStim: vertices = <class 'numpy.ndarray'>
116.7897 	DATA 	Keypress: space
117.7397 	DATA 	Keypress: space
117.7558 	EXP 	unnamed TextStim: text = ''
117.7558 	EXP 	unnamed TextStim: text = ''
118.3230 	DATA 	Keypress: 1
118.3396 	EXP 	unnamed ShapeStim: vertices = <class 'numpy.ndarray'>
119.8599 	DATA 	Keypress: space
121.1156 	DATA 	Keypress: 1
121.1419 	EXP 	unnamed TextStim: text = ''
121.1419 	EXP 	unnamed TextStim: text = ''
121.7259 	DATA 	Keypress: 1
121.7424 	EXP 	unnamed ShapeStim: vertices = <class 'numpy.ndarray'>
123.2638 	DATA 	Keypress: space
123.6916 	DATA 	Keypress: 1
124.2036 	DATA 	Keypress: space
124.5716 	DATA 	Keypress: 1
125.0960 	EXP 	Sound  started
125.8458 	EXP 	Sound  started
125.9636 	DATA 	Keypress: lctrl
126.5396 	DATA 	Keypress: lctrl
126.5958 	EXP 	Sound  started
127.2915 	DATA 	Keypress: lctrl
127.3458 	EXP 	Sound  started
128.0275 	DATA 	Keypress: rctrl
128.0959 	EXP 	Sound  started
128.7956 	DATA 	Keypress: lctrl
128.8459 	EXP 	Sound  started
129.5635 	DATA 	Keypress: lctrl
129.5959 	EXP 	Sound  started
130.2836 	DATA 	Keypress: rctrl
130.3459 	EXP 	Sound  started
131.0196 	DATA 	Keypress: rctrl
131.0959 	EXP 	Sound  started
131.8196 	DATA 	Keypress: rctrl
131.8459 	EXP 	Sound  started
132.4916 	DATA 	Keypress: lctrl
132.5959 	EXP 	Sound  started
133.3236 	DATA 	Keypress: rctrl
133.3460 	EXP 	Sound  started
134.0276 	DATA 	Keypress: lctrl
134.0960 	EXP 	Sound  started
134.7795 	DATA 	Keypress: rctrl
134.8460 	EXP 	Sound  started
135.4675 	DATA 	Keypress: rctrl
135.5960 	EXP 	Sound  started
136.2516 	DATA 	Keypress: rctrl
136.3460 	EXP 	Sound  started
137.0196 	DATA 	Keypress: rctrl
137.0960 	EXP 	Sound  started
137.7235 	DATA 	Keypress: rctrl
137.8460 	EXP 	Sound  started
138.4595 	DATA 	Keypress: lctrl
138.5960 	EXP 	Sound  started
139.2276 	DATA 	Keypress: rctrl
139.3461 	EXP 	Sound  started
140.0595 	DATA 	Keypress: rctrl
140.0961 	EXP 	Sound  started
140.7476 	DATA 	Keypress: lctrl
140.8461 	EXP 	Sound  started
141.4996 	DATA 	Keypress: lctrl
141.5961 	EXP 	Sound  started
142.2196 	DATA 	Keypress: lctrl
142.3461 	EXP 	Sound  started
142.9876 	DATA 	Keypress: rctrl
143.0961 	EXP 	Sound  started
143.8036 	DATA 	Keypress: lctrl
143.8461 	EXP 	Sound  started
144.5555 	DATA 	Keypress: rctrl
144.5961 	EXP 	Sound  started
145.2435 	DATA 	Keypress: rctrl
145.3462 	EXP 	Sound  started
146.0435 	DATA 	Keypress: lctrl
146.0962 	EXP 	Sound  started
146.7155 	DATA 	Keypress: lctrl
146.8462 	EXP 	Sound  started
147.4515 	DATA 	Keypress: lctrl
147.5962 	EXP 	Sound  started
148.2197 	DATA 	Keypress: lctrl
148.3462 	EXP 	Sound  started
149.0036 	DATA 	Keypress: lctrl
149.0962 	EXP 	Sound  started
149.8356 	DATA 	Keypress: rctrl
149.8462 	EXP 	Sound  started
150.5555 	DATA 	Keypress: rctrl
150.5963 	EXP 	Sound  started
151.2595 	DATA 	Keypress: lctrl
151.3463 	EXP 	Sound  started
151.9955 	DATA 	Keypress: rctrl
152.0963 	EXP 	Sound  started
152.7636 	DATA 	Keypress: rctrl
152.8463 	EXP 	Sound  started
153.5315 	DATA 	Keypress: rctrl
153.5963 	EXP 	Sound  started
154.2835 	DATA 	Keypress: lctrl
154.3463 	EXP 	Sound  started
155.0195 	DATA 	Keypress: lctrl
155.0963 	EXP 	Sound  started
155.8035 	DATA 	Keypress: rctrl
155.8463 	EXP 	Sound  started
156.5235 	DATA 	Keypress: rctrl
156.5963 	EXP 	Sound  started
157.2596 	DATA 	Keypress: rctrl
157.3464 	EXP 	Sound  started
157.9955 	DATA 	Keypress: lctrl
158.0964 	EXP 	Sound  started
158.8115 	DATA 	Keypress: rctrl
158.8464 	EXP 	Sound  started
159.5316 	DATA 	Keypress: rctrl
159.5964 	EXP 	Sound  started
160.1875 	DATA 	Keypress: rctrl
160.3464 	EXP 	Sound  started
160.9715 	DATA 	Keypress: lctrl
161.0964 	EXP 	Sound  started
161.7235 	DATA 	Keypress: lctrl
161.8464 	EXP 	Sound  started
162.4755 	DATA 	Keypress: lctrl
162.5965 	EXP 	Sound  started
163.2435 	DATA 	Keypress: lctrl
163.3465 	EXP 	Sound  started
164.0596 	DATA 	Keypress: lctrl
164.0965 	EXP 	Sound  started
164.7955 	DATA 	Keypress: lctrl
164.8465 	EXP 	Sound  started
165.5635 	DATA 	Keypress: lctrl
165.5965 	EXP 	Sound  started
166.2835 	DATA 	Keypress: rctrl
166.3465 	EXP 	Sound  started
167.0675 	DATA 	Keypress: rctrl
167.0965 	EXP 	Sound  started
167.8035 	DATA 	Keypress: lctrl
167.8466 	EXP 	Sound  started
168.5235 	DATA 	Keypress: lctrl
168.5966 	EXP 	Sound  started
169.2916 	DATA 	Keypress: lctrl
169.3466 	EXP 	Sound  started
169.9955 	DATA 	Keypress: lctrl
173.8847 	DATA 	Keypress: 4
173.9013 	EXP 	unnamed ShapeStim: vertices = <class 'numpy.ndarray'>
179.7398 	DATA 	Keypress: 1
179.7561 	EXP 	unnamed ShapeStim: vertices = <class 'numpy.ndarray'>
188.5634 	DATA 	Keypress: 4
188.5800 	EXP 	unnamed ShapeStim: vertices = <class 'numpy.ndarray'>
190.8652 	EXP 	Sound  started
191.6150 	EXP 	Sound  started
191.6435 	DATA 	Keypress: lctrl
192.3635 	DATA 	Keypress: lctrl
192.3651 	EXP 	Sound  started
193.0195 	DATA 	Keypress: lctrl
193.1151 	EXP 	Sound  started
193.8195 	DATA 	Keypress: rctrl
193.8651 	EXP 	Sound  started
194.6151 	EXP 	Sound  started
194.6196 	DATA 	Keypress: rctrl
195.2915 	DATA 	Keypress: rctrl
195.3651 	EXP 	Sound  started
196.0115 	DATA 	Keypress: rctrl
196.1151 	EXP 	Sound  started
196.7956 	DATA 	Keypress: rctrl
196.8651 	EXP 	Sound  started
197.5476 	DATA 	Keypress: rctrl
197.6151 	EXP 	Sound  started
198.2516 	DATA 	Keypress: rctrl
198.3652 	EXP 	Sound  started
198.9875 	DATA 	Keypress: lctrl
199.1152 	EXP 	Sound  started
199.7235 	DATA 	Keypress: lctrl
199.8652 	EXP 	Sound  started
200.5076 	DATA 	Keypress: rctrl
200.6152 	EXP 	Sound  started
201.2756 	DATA 	Keypress: lctrl
201.3652 	EXP 	Sound  started
202.0115 	DATA 	Keypress: lctrl
202.1152 	EXP 	Sound  started
202.7474 	DATA 	Keypress: lctrl
202.8652 	EXP 	Sound  started
203.5155 	DATA 	Keypress: lctrl
203.6152 	EXP 	Sound  started
204.2996 	DATA 	Keypress: lctrl
204.3653 	EXP 	Sound  started
205.0195 	DATA 	Keypress: rctrl
205.1153 	EXP 	Sound  started
205.7877 	DATA 	Keypress: rctrl
205.8653 	EXP 	Sound  started
206.5075 	DATA 	Keypress: lctrl
206.6153 	EXP 	Sound  started
207.2915 	DATA 	Keypress: rctrl
207.3653 	EXP 	Sound  started
208.0275 	DATA 	Keypress: rctrl
208.1153 	EXP 	Sound  started
208.6835 	DATA 	Keypress: rctrl
208.8653 	EXP 	Sound  started
209.4355 	DATA 	Keypress: rctrl
209.6154 	EXP 	Sound  started
210.2676 	DATA 	Keypress: lctrl
210.3654 	EXP 	Sound  started
211.1154 	EXP 	Sound  started
211.1316 	DATA 	Keypress: rctrl
211.8654 	EXP 	Sound  started
211.8676 	DATA 	Keypress: rctrl
212.5875 	DATA 	Keypress: lctrl
212.6154 	EXP 	Sound  started
213.2914 	DATA 	Keypress: lctrl
213.3654 	EXP 	Sound  started
213.9955 	DATA 	Keypress: lctrl
214.1154 	EXP 	Sound  started
214.8115 	DATA 	Keypress: rctrl
214.8655 	EXP 	Sound  started
215.5796 	DATA 	Keypress: lctrl
215.6155 	EXP 	Sound  started
216.3655 	EXP 	Sound  started
216.4276 	DATA 	Keypress: rctrl
217.0356 	DATA 	Keypress: rctrl
217.1155 	EXP 	Sound  started
217.7874 	DATA 	Keypress: rctrl
217.8655 	EXP 	Sound  started
218.5555 	DATA 	Keypress: rctrl
218.6155 	EXP 	Sound  started
219.2915 	DATA 	Keypress: rctrl
219.3655 	EXP 	Sound  started
219.9954 	DATA 	Keypress: rctrl
220.1155 	EXP 	Sound  started
220.8275 	DATA 	Keypress: lctrl
220.8656 	EXP 	Sound  started
221.6115 	DATA 	Keypress: lctrl
221.6156 	EXP 	Sound  started
222.3315 	DATA 	Keypress: rctrl
222.3656 	EXP 	Sound  started
223.0835 	DATA 	Keypress: rctrl
223.1156 	EXP 	Sound  started
223.8036 	DATA 	Keypress: rctrl
223.8656 	EXP 	Sound  started
224.5555 	DATA 	Keypress: rctrl
224.6156 	EXP 	Sound  started
225.3235 	DATA 	Keypress: lctrl
225.3656 	EXP 	Sound  started
226.1157 	EXP 	Sound  started
226.1394 	DATA 	Keypress: lctrl
226.8594 	DATA 	Keypress: lctrl
226.8657 	EXP 	Sound  started
227.5155 	DATA 	Keypress: rctrl
227.6157 	EXP 	Sound  started
228.2515 	DATA 	Keypress: rctrl
228.3657 	EXP 	Sound  started
229.0196 	DATA 	Keypress: lctrl
229.1157 	EXP 	Sound  started
229.7555 	DATA 	Keypress: rctrl
229.8657 	EXP 	Sound  started
230.5236 	DATA 	Keypress: lctrl
230.6157 	EXP 	Sound  started
231.3235 	DATA 	Keypress: rctrl
231.3658 	EXP 	Sound  started
232.0594 	DATA 	Keypress: lctrl
232.1158 	EXP 	Sound  started
232.8275 	DATA 	Keypress: rctrl
232.8658 	EXP 	Sound  started
233.4995 	DATA 	Keypress: lctrl
233.6158 	EXP 	Sound  started
234.2194 	DATA 	Keypress: lctrl
234.3658 	EXP 	Sound  started
234.9715 	DATA 	Keypress: lctrl
235.1158 	EXP 	Sound  started
235.7555 	DATA 	Keypress: rctrl
235.8658 	EXP 	Sound  started
236.5875 	DATA 	Keypress: rctrl
236.6159 	EXP 	Sound  started
237.3235 	DATA 	Keypress: rctrl
237.3659 	EXP 	Sound  started
238.0115 	DATA 	Keypress: rctrl
240.1890 	DATA 	Keypress: 4
240.2056 	EXP 	unnamed ShapeStim: vertices = <class 'numpy.ndarray'>
244.1423 	DATA 	Keypress: 1
244.1588 	EXP 	unnamed ShapeStim: vertices = <class 'numpy.ndarray'>
247.3617 	DATA 	Keypress: 4
247.3781 	EXP 	unnamed ShapeStim: vertices = <class 'numpy.ndarray'>
249.6623 	EXP 	Sound  started
250.4122 	EXP 	Sound  started
250.4916 	DATA 	Keypress: lctrl
251.1474 	DATA 	Keypress: lctrl
251.1622 	EXP 	Sound  started
251.9122 	EXP 	Sound  started
251.9155 	DATA 	Keypress: lctrl
252.6194 	DATA 	Keypress: lctrl
252.6622 	EXP 	Sound  started
253.2915 	DATA 	Keypress: rctrl
253.4122 	EXP 	Sound  started
254.1075 	DATA 	Keypress: lctrl
254.1622 	EXP 	Sound  started
254.8756 	DATA 	Keypress: rctrl
254.9122 	EXP 	Sound  started
255.6435 	DATA 	Keypress: rctrl
255.6623 	EXP 	Sound  started
256.3634 	DATA 	Keypress: rctrl
256.4123 	EXP 	Sound  started
257.0354 	DATA 	Keypress: rctrl
257.1623 	EXP 	Sound  started
257.8355 	DATA 	Keypress: lctrl
257.9123 	EXP 	Sound  started
258.5554 	DATA 	Keypress: lctrl
258.6623 	EXP 	Sound  started
259.2915 	DATA 	Keypress: lctrl
259.4123 	EXP 	Sound  started
260.0755 	DATA 	Keypress: rctrl
260.1623 	EXP 	Sound  started
260.8275 	DATA 	Keypress: rctrl
260.9124 	EXP 	Sound  started
261.5795 	DATA 	Keypress: rctrl
261.6624 	EXP 	Sound  started
262.2034 	DATA 	Keypress: rctrl
262.4124 	EXP 	Sound  started
263.0514 	DATA 	Keypress: lctrl
263.1624 	EXP 	Sound  started
263.8355 	DATA 	Keypress: lctrl
263.9124 	EXP 	Sound  started
264.6034 	DATA 	Keypress: rctrl
264.6624 	EXP 	Sound  started
265.3715 	DATA 	Keypress: lctrl
265.4124 	EXP 	Sound  started
266.1235 	DATA 	Keypress: lctrl
266.1624 	EXP 	Sound  started
266.8114 	DATA 	Keypress: lctrl
266.9125 	EXP 	Sound  started
267.5474 	DATA 	Keypress: rctrl
267.6625 	EXP 	Sound  started
268.3315 	DATA 	Keypress: rctrl
268.4125 	EXP 	Sound  started
269.0994 	DATA 	Keypress: lctrl
269.1625 	EXP 	Sound  started
269.8195 	DATA 	Keypress: rctrl
269.9125 	EXP 	Sound  started
270.5555 	DATA 	Keypress: rctrl
270.6625 	EXP 	Sound  started
271.2754 	DATA 	Keypress: rctrl
271.4125 	EXP 	Sound  started
272.0436 	DATA 	Keypress: lctrl
272.1626 	EXP 	Sound  started
272.8274 	DATA 	Keypress: lctrl
272.9126 	EXP 	Sound  started
273.5474 	DATA 	Keypress: lctrl
273.6626 	EXP 	Sound  started
274.2834 	DATA 	Keypress: rctrl
274.4126 	EXP 	Sound  started
275.0994 	DATA 	Keypress: rctrl
275.1626 	EXP 	Sound  started
275.8194 	DATA 	Keypress: rctrl
275.9126 	EXP 	Sound  started
276.6035 	DATA 	Keypress: rctrl
276.6626 	EXP 	Sound  started
277.3074 	DATA 	Keypress: rctrl
277.4127 	EXP 	Sound  started
278.1394 	DATA 	Keypress: lctrl
278.1627 	EXP 	Sound  started
278.8435 	DATA 	Keypress: lctrl
278.9127 	EXP 	Sound  started
279.5794 	DATA 	Keypress: rctrl
279.6627 	EXP 	Sound  started
280.3314 	DATA 	Keypress: lctrl
280.4127 	EXP 	Sound  started
281.0674 	DATA 	Keypress: rctrl
281.1627 	EXP 	Sound  started
281.8355 	DATA 	Keypress: rctrl
281.9128 	EXP 	Sound  started
282.5714 	DATA 	Keypress: rctrl
282.6628 	EXP 	Sound  started
283.3075 	DATA 	Keypress: lctrl
283.4128 	EXP 	Sound  started
284.1628 	EXP 	Sound  started
284.8275 	DATA 	Keypress: rctrl
284.9128 	EXP 	Sound  started
285.5474 	DATA 	Keypress: rctrl
285.6628 	EXP 	Sound  started
286.3314 	DATA 	Keypress: rctrl
286.4128 	EXP 	Sound  started
287.1314 	DATA 	Keypress: lctrl
287.1629 	EXP 	Sound  started
287.9129 	EXP 	Sound  started
287.9155 	DATA 	Keypress: rctrl
288.5554 	DATA 	Keypress: rctrl
288.6629 	EXP 	Sound  started
289.2914 	DATA 	Keypress: rctrl
289.4129 	EXP 	Sound  started
290.0914 	DATA 	Keypress: lctrl
290.1629 	EXP 	Sound  started
290.7954 	DATA 	Keypress: lctrl
290.9129 	EXP 	Sound  started
291.5795 	DATA 	Keypress: lctrl
291.6630 	EXP 	Sound  started
292.2834 	DATA 	Keypress: lctrl
292.4130 	EXP 	Sound  started
293.0995 	DATA 	Keypress: lctrl
293.1630 	EXP 	Sound  started
293.8675 	DATA 	Keypress: lctrl
293.9130 	EXP 	Sound  started
294.6034 	DATA 	Keypress: rctrl
294.6630 	EXP 	Sound  started
295.3394 	DATA 	Keypress: rctrl
295.4130 	EXP 	Sound  started
296.0914 	DATA 	Keypress: rctrl
296.1630 	EXP 	Sound  started
296.8434 	DATA 	Keypress: rctrl
296.9130 	EXP 	Sound  started
297.5795 	DATA 	Keypress: lctrl
297.6630 	EXP 	Sound  started
298.3954 	DATA 	Keypress: rctrl
300.8721 	DATA 	Keypress: 1
300.8886 	EXP 	unnamed ShapeStim: vertices = <class 'numpy.ndarray'>
306.7436 	DATA 	Keypress: 4
306.7601 	EXP 	unnamed ShapeStim: vertices = <class 'numpy.ndarray'>
311.7309 	DATA 	Keypress: 1
311.7475 	EXP 	unnamed ShapeStim: vertices = <class 'numpy.ndarray'>
314.0325 	EXP 	Sound  started
314.7824 	EXP 	Sound  started
314.8115 	DATA 	Keypress: rctrl
315.5314 	DATA 	Keypress: rctrl
315.5324 	EXP 	Sound  started
316.2194 	DATA 	Keypress: rctrl
316.2824 	EXP 	Sound  started
316.9394 	DATA 	Keypress: rctrl
317.0324 	EXP 	Sound  started
317.6915 	DATA 	Keypress: rctrl
317.7824 	EXP 	Sound  started
318.4594 	DATA 	Keypress: rctrl
318.5324 	EXP 	Sound  started
319.1794 	DATA 	Keypress: rctrl
319.2825 	EXP 	Sound  started
319.9154 	DATA 	Keypress: rctrl
320.0325 	EXP 	Sound  started
320.6675 	DATA 	Keypress: rctrl
320.7825 	EXP 	Sound  started
321.3875 	DATA 	Keypress: lctrl
321.5325 	EXP 	Sound  started
322.1874 	DATA 	Keypress: lctrl
322.2825 	EXP 	Sound  started
322.9074 	DATA 	Keypress: lctrl
323.0325 	EXP 	Sound  started
323.6114 	DATA 	Keypress: rctrl
323.7825 	EXP 	Sound  started
324.2994 	DATA 	Keypress: lctrl
324.5325 	EXP 	Sound  started
325.0674 	DATA 	Keypress: lctrl
325.2826 	EXP 	Sound  started
325.8194 	DATA 	Keypress: lctrl
326.0326 	EXP 	Sound  started
326.4914 	DATA 	Keypress: rctrl
326.7826 	EXP 	Sound  started
327.3394 	DATA 	Keypress: rctrl
327.5326 	EXP 	Sound  started
328.1234 	DATA 	Keypress: rctrl
328.2826 	EXP 	Sound  started
328.8594 	DATA 	Keypress: rctrl
329.0326 	EXP 	Sound  started
329.5634 	DATA 	Keypress: rctrl
329.7826 	EXP 	Sound  started
330.3154 	DATA 	Keypress: lctrl
330.5326 	EXP 	Sound  started
331.1314 	DATA 	Keypress: lctrl
331.2827 	EXP 	Sound  started
331.8994 	DATA 	Keypress: lctrl
332.0327 	EXP 	Sound  started
332.6194 	DATA 	Keypress: rctrl
332.7827 	EXP 	Sound  started
333.4035 	DATA 	Keypress: lctrl
333.5327 	EXP 	Sound  started
334.2514 	DATA 	Keypress: rctrl
334.2827 	EXP 	Sound  started
334.9075 	DATA 	Keypress: lctrl
335.0327 	EXP 	Sound  started
335.6914 	DATA 	Keypress: lctrl
335.7827 	EXP 	Sound  started
336.4114 	DATA 	Keypress: lctrl
336.5328 	EXP 	Sound  started
337.1955 	DATA 	Keypress: rctrl
337.2828 	EXP 	Sound  started
337.9475 	DATA 	Keypress: lctrl
338.0328 	EXP 	Sound  started
338.6995 	DATA 	Keypress: rctrl
338.7828 	EXP 	Sound  started
339.4194 	DATA 	Keypress: rctrl
339.5328 	EXP 	Sound  started
340.1234 	DATA 	Keypress: rctrl
340.2828 	EXP 	Sound  started
340.9234 	DATA 	Keypress: lctrl
341.0328 	EXP 	Sound  started
341.6594 	DATA 	Keypress: lctrl
341.7829 	EXP 	Sound  started
342.4434 	DATA 	Keypress: lctrl
342.5329 	EXP 	Sound  started
343.2434 	DATA 	Keypress: lctrl
343.2829 	EXP 	Sound  started
343.9795 	DATA 	Keypress: rctrl
344.0329 	EXP 	Sound  started
344.7829 	EXP 	Sound  started
344.7954 	DATA 	Keypress: rctrl
345.4834 	DATA 	Keypress: rctrl
345.5329 	EXP 	Sound  started
346.1393 	DATA 	Keypress: rctrl
346.2829 	EXP 	Sound  started
346.9074 	DATA 	Keypress: lctrl
347.0330 	EXP 	Sound  started
347.6433 	DATA 	Keypress: lctrl
347.7830 	EXP 	Sound  started
348.4434 	DATA 	Keypress: lctrl
348.5330 	EXP 	Sound  started
349.1634 	DATA 	Keypress: lctrl
349.2830 	EXP 	Sound  started
349.9634 	DATA 	Keypress: rctrl
350.0330 	EXP 	Sound  started
350.6034 	DATA 	Keypress: rctrl
350.7830 	EXP 	Sound  started
351.3713 	DATA 	Keypress: rctrl
351.5330 	EXP 	Sound  started
352.1554 	DATA 	Keypress: rctrl
352.2830 	EXP 	Sound  started
352.8914 	DATA 	Keypress: rctrl
353.0331 	EXP 	Sound  started
353.6913 	DATA 	Keypress: rctrl
353.7831 	EXP 	Sound  started
354.4114 	DATA 	Keypress: rctrl
354.5331 	EXP 	Sound  started
355.2114 	DATA 	Keypress: rctrl
355.2831 	EXP 	Sound  started
356.0331 	EXP 	Sound  started
356.0434 	DATA 	Keypress: lctrl
356.7313 	DATA 	Keypress: lctrl
356.7831 	EXP 	Sound  started
357.4355 	DATA 	Keypress: rctrl
357.5331 	EXP 	Sound  started
358.2195 	DATA 	Keypress: lctrl
358.2832 	EXP 	Sound  started
358.9393 	DATA 	Keypress: lctrl
359.0332 	EXP 	Sound  started
359.7074 	DATA 	Keypress: lctrl
359.7832 	EXP 	Sound  started
360.4274 	DATA 	Keypress: rctrl
360.5332 	EXP 	Sound  started
361.1954 	DATA 	Keypress: lctrl
361.2832 	EXP 	Sound  started
361.9633 	DATA 	Keypress: lctrl
362.0332 	EXP 	Sound  started
362.6993 	DATA 	Keypress: rctrl
362.7832 	EXP 	Sound  started
363.5332 	EXP 	Sound  started
363.6114 	DATA 	Keypress: lctrl
364.2035 	DATA 	Keypress: rctrl
364.2833 	EXP 	Sound  started
364.9554 	DATA 	Keypress: rctrl
369.0112 	DATA 	Keypress: 3
369.0277 	EXP 	unnamed ShapeStim: vertices = <class 'numpy.ndarray'>
377.6349 	DATA 	Keypress: 3
377.6515 	EXP 	unnamed ShapeStim: vertices = <class 'numpy.ndarray'>
385.7582 	DATA 	Keypress: 1
385.7748 	EXP 	unnamed ShapeStim: vertices = <class 'numpy.ndarray'>
388.0590 	EXP 	Sound  started
388.8089 	EXP 	Sound  started
388.8114 	DATA 	Keypress: lctrl
389.5314 	DATA 	Keypress: lctrl
389.5589 	EXP 	Sound  started
390.2673 	DATA 	Keypress: rctrl
390.3089 	EXP 	Sound  started
391.0193 	DATA 	Keypress: lctrl
391.0589 	EXP 	Sound  started
391.8089 	EXP 	Sound  started
391.9954 	DATA 	Keypress: rctrl
392.5554 	DATA 	Keypress: rctrl
392.5589 	EXP 	Sound  started
393.2914 	DATA 	Keypress: rctrl
393.3090 	EXP 	Sound  started
393.9794 	DATA 	Keypress: rctrl
394.0590 	EXP 	Sound  started
394.8090 	EXP 	Sound  started
394.8273 	DATA 	Keypress: rctrl
395.5474 	DATA 	Keypress: rctrl
395.5590 	EXP 	Sound  started
396.1874 	DATA 	Keypress: lctrl
396.3090 	EXP 	Sound  started
396.9394 	DATA 	Keypress: lctrl
397.0590 	EXP 	Sound  started
397.6914 	DATA 	Keypress: lctrl
397.8091 	EXP 	Sound  started
398.4593 	DATA 	Keypress: lctrl
398.5591 	EXP 	Sound  started
399.1794 	DATA 	Keypress: lctrl
399.3091 	EXP 	Sound  started
399.8834 	DATA 	Keypress: lctrl
400.0591 	EXP 	Sound  started
400.6993 	DATA 	Keypress: rctrl
400.8091 	EXP 	Sound  started
401.4353 	DATA 	Keypress: rctrl
401.5591 	EXP 	Sound  started
402.2833 	DATA 	Keypress: rctrl
402.3091 	EXP 	Sound  started
403.0033 	DATA 	Keypress: lctrl
403.0591 	EXP 	Sound  started
403.7714 	DATA 	Keypress: rctrl
403.8092 	EXP 	Sound  started
404.4913 	DATA 	Keypress: lctrl
404.5592 	EXP 	Sound  started
405.2913 	DATA 	Keypress: lctrl
405.3092 	EXP 	Sound  started
406.0113 	DATA 	Keypress: rctrl
406.0592 	EXP 	Sound  started
406.8092 	EXP 	Sound  started
406.8113 	DATA 	Keypress: rctrl
407.4513 	DATA 	Keypress: lctrl
407.5592 	EXP 	Sound  started
408.1553 	DATA 	Keypress: lctrl
408.3092 	EXP 	Sound  started
408.9554 	DATA 	Keypress: lctrl
409.0593 	EXP 	Sound  started
409.6754 	DATA 	Keypress: rctrl
409.8093 	EXP 	Sound  started
410.4433 	DATA 	Keypress: lctrl
410.5593 	EXP 	Sound  started
411.1473 	DATA 	Keypress: lctrl
411.3093 	EXP 	Sound  started
411.8994 	DATA 	Keypress: lctrl
412.0593 	EXP 	Sound  started
412.6834 	DATA 	Keypress: lctrl
412.8093 	EXP 	Sound  started
413.4033 	DATA 	Keypress: lctrl
413.5594 	EXP 	Sound  started
414.1876 	DATA 	Keypress: lctrl
414.3094 	EXP 	Sound  started
414.9714 	DATA 	Keypress: lctrl
415.0594 	EXP 	Sound  started
415.7234 	DATA 	Keypress: rctrl
415.8094 	EXP 	Sound  started
416.4593 	DATA 	Keypress: rctrl
416.5594 	EXP 	Sound  started
417.2113 	DATA 	Keypress: lctrl
417.3094 	EXP 	Sound  started
417.9633 	DATA 	Keypress: lctrl
418.0594 	EXP 	Sound  started
418.6833 	DATA 	Keypress: lctrl
418.8094 	EXP 	Sound  started
419.4193 	DATA 	Keypress: rctrl
419.5595 	EXP 	Sound  started
420.1714 	DATA 	Keypress: rctrl
420.3095 	EXP 	Sound  started
420.9394 	DATA 	Keypress: rctrl
421.0595 	EXP 	Sound  started
421.7075 	DATA 	Keypress: rctrl
421.8095 	EXP 	Sound  started
422.4274 	DATA 	Keypress: lctrl
422.5595 	EXP 	Sound  started
423.1633 	DATA 	Keypress: rctrl
423.3095 	EXP 	Sound  started
423.9314 	DATA 	Keypress: lctrl
424.0596 	EXP 	Sound  started
424.6994 	DATA 	Keypress: rctrl
424.8096 	EXP 	Sound  started
425.4194 	DATA 	Keypress: rctrl
425.5596 	EXP 	Sound  started
426.1393 	DATA 	Keypress: lctrl
426.3096 	EXP 	Sound  started
426.8754 	DATA 	Keypress: rctrl
427.0596 	EXP 	Sound  started
427.6274 	DATA 	Keypress: lctrl
427.8096 	EXP 	Sound  started
428.5596 	EXP 	Sound  started
429.2275 	DATA 	Keypress: rctrl
431.2789 	DATA 	Keypress: 4
431.2954 	EXP 	unnamed ShapeStim: vertices = <class 'numpy.ndarray'>
437.5841 	DATA 	Keypress: 2
437.6005 	EXP 	unnamed ShapeStim: vertices = <class 'numpy.ndarray'>
440.1737 	DATA 	Keypress: 1
440.2032 	EXP 	unnamed ShapeStim: vertices = <class 'numpy.ndarray'>
442.4879 	EXP 	Sound  started
443.1954 	DATA 	Keypress: rctrl
443.2377 	EXP 	Sound  started
443.8833 	DATA 	Keypress: rctrl
443.9877 	EXP 	Sound  started
444.6513 	DATA 	Keypress: lctrl
444.7377 	EXP 	Sound  started
445.3554 	DATA 	Keypress: lctrl
445.4878 	EXP 	Sound  started
446.0434 	DATA 	Keypress: lctrl
446.2378 	EXP 	Sound  started
446.8434 	DATA 	Keypress: lctrl
446.9878 	EXP 	Sound  started
447.5633 	DATA 	Keypress: rctrl
447.7378 	EXP 	Sound  started
448.3954 	DATA 	Keypress: rctrl
448.4878 	EXP 	Sound  started
449.1633 	DATA 	Keypress: rctrl
449.2378 	EXP 	Sound  started
449.8353 	DATA 	Keypress: rctrl
449.9878 	EXP 	Sound  started
450.6033 	DATA 	Keypress: lctrl
450.7379 	EXP 	Sound  started
451.3394 	DATA 	Keypress: lctrl
451.4879 	EXP 	Sound  started
452.1234 	DATA 	Keypress: lctrl
452.2379 	EXP 	Sound  started
452.8113 	DATA 	Keypress: lctrl
452.9879 	EXP 	Sound  started
453.5953 	DATA 	Keypress: rctrl
453.7379 	EXP 	Sound  started
454.2993 	DATA 	Keypress: lctrl
454.4879 	EXP 	Sound  started
455.0353 	DATA 	Keypress: lctrl
455.2379 	EXP 	Sound  started
455.7873 	DATA 	Keypress: lctrl
455.9879 	EXP 	Sound  started
456.5713 	DATA 	Keypress: lctrl
456.7380 	EXP 	Sound  started
457.4880 	EXP 	Sound  started
458.0753 	DATA 	Keypress: rctrl
458.2380 	EXP 	Sound  started
458.7633 	DATA 	Keypress: rctrl
458.9880 	EXP 	Sound  started
459.5154 	DATA 	Keypress: rctrl
459.7380 	EXP 	Sound  started
460.3153 	DATA 	Keypress: rctrl
460.4880 	EXP 	Sound  started
461.0673 	DATA 	Keypress: lctrl
461.2380 	EXP 	Sound  started
461.8354 	DATA 	Keypress: lctrl
461.9881 	EXP 	Sound  started
462.5235 	DATA 	Keypress: lctrl
462.7381 	EXP 	Sound  started
463.3073 	DATA 	Keypress: lctrl
463.4881 	EXP 	Sound  started
464.0753 	DATA 	Keypress: rctrl
464.2381 	EXP 	Sound  started
464.8433 	DATA 	Keypress: rctrl
464.9881 	EXP 	Sound  started
465.4993 	DATA 	Keypress: rctrl
465.7381 	EXP 	Sound  started
466.3313 	DATA 	Keypress: lctrl
466.4881 	EXP 	Sound  started
467.0353 	DATA 	Keypress: rctrl
467.2381 	EXP 	Sound  started
467.8034 	DATA 	Keypress: lctrl
467.9882 	EXP 	Sound  started
468.5553 	DATA 	Keypress: rctrl
468.7382 	EXP 	Sound  started
469.2913 	DATA 	Keypress: rctrl
469.4882 	EXP 	Sound  started
469.9953 	DATA 	Keypress: lctrl
470.2382 	EXP 	Sound  started
470.7793 	DATA 	Keypress: rctrl
470.9882 	EXP 	Sound  started
471.5953 	DATA 	Keypress: rctrl
471.7382 	EXP 	Sound  started
472.2353 	DATA 	Keypress: rctrl
472.4882 	EXP 	Sound  started
472.9553 	DATA 	Keypress: lctrl
473.2383 	EXP 	Sound  started
473.7073 	DATA 	Keypress: lctrl
473.9883 	EXP 	Sound  started
474.6033 	DATA 	Keypress: rctrl
474.7383 	EXP 	Sound  started
475.3873 	DATA 	Keypress: lctrl
475.4883 	EXP 	Sound  started
476.1393 	DATA 	Keypress: lctrl
476.2383 	EXP 	Sound  started
476.9883 	EXP 	Sound  started
477.6113 	DATA 	Keypress: rctrl
477.7383 	EXP 	Sound  started
478.2993 	DATA 	Keypress: lctrl
478.4884 	EXP 	Sound  started
479.0034 	DATA 	Keypress: lctrl
479.2384 	EXP 	Sound  started
479.7234 	DATA 	Keypress: lctrl
479.9884 	EXP 	Sound  started
480.5714 	DATA 	Keypress: rctrl
480.7384 	EXP 	Sound  started
481.3873 	DATA 	Keypress: rctrl
481.4884 	EXP 	Sound  started
482.0593 	DATA 	Keypress: rctrl
482.2384 	EXP 	Sound  started
482.8113 	DATA 	Keypress: rctrl
482.9885 	EXP 	Sound  started
483.5953 	DATA 	Keypress: lctrl
483.7385 	EXP 	Sound  started
484.3954 	DATA 	Keypress: lctrl
484.4885 	EXP 	Sound  started
485.0513 	DATA 	Keypress: rctrl
485.2385 	EXP 	Sound  started
485.7713 	DATA 	Keypress: rctrl
485.9885 	EXP 	Sound  started
486.5073 	DATA 	Keypress: rctrl
486.7385 	EXP 	Sound  started
487.2913 	DATA 	Keypress: rctrl
487.4885 	EXP 	Sound  started
488.0113 	DATA 	Keypress: lctrl
488.2385 	EXP 	Sound  started
488.8113 	DATA 	Keypress: rctrl
488.9886 	EXP 	Sound  started
489.5473 	DATA 	Keypress: lctrl
489.7386 	EXP 	Sound  started
490.3633 	DATA 	Keypress: rctrl
490.4886 	EXP 	Sound  started
491.1313 	DATA 	Keypress: rctrl
491.2386 	EXP 	Sound  started
491.8513 	DATA 	Keypress: rctrl
491.9886 	EXP 	Sound  started
492.6353 	DATA 	Keypress: lctrl
492.7386 	EXP 	Sound  started
493.3713 	DATA 	Keypress: rctrl
493.4886 	EXP 	Sound  started
494.0593 	DATA 	Keypress: rctrl
494.2386 	EXP 	Sound  started
494.8754 	DATA 	Keypress: lctrl
494.9887 	EXP 	Sound  started
495.6914 	DATA 	Keypress: lctrl
495.7387 	EXP 	Sound  started
496.4432 	DATA 	Keypress: lctrl
496.4887 	EXP 	Sound  started
497.1953 	DATA 	Keypress: lctrl
497.2387 	EXP 	Sound  started
497.9152 	DATA 	Keypress: lctrl
497.9887 	EXP 	Sound  started
498.6833 	DATA 	Keypress: rctrl
498.7387 	EXP 	Sound  started
499.3872 	DATA 	Keypress: lctrl
499.4888 	EXP 	Sound  started
500.1872 	DATA 	Keypress: rctrl
500.2388 	EXP 	Sound  started
500.9233 	DATA 	Keypress: rctrl
500.9888 	EXP 	Sound  started
501.6113 	DATA 	Keypress: rctrl
501.7388 	EXP 	Sound  started
502.3633 	DATA 	Keypress: lctrl
502.4888 	EXP 	Sound  started
503.1793 	DATA 	Keypress: lctrl
503.2388 	EXP 	Sound  started
503.8993 	DATA 	Keypress: rctrl
508.0288 	DATA 	Keypress: 3
508.0583 	EXP 	unnamed ShapeStim: vertices = <class 'numpy.ndarray'>
513.4629 	DATA 	Keypress: 3
513.4794 	EXP 	unnamed ShapeStim: vertices = <class 'numpy.ndarray'>
517.1659 	DATA 	Keypress: 1
517.1824 	EXP 	unnamed ShapeStim: vertices = <class 'numpy.ndarray'>
519.4675 	EXP 	Sound  started
519.6753 	DATA 	Keypress: lctrl
520.2174 	EXP 	Sound  started
520.2353 	DATA 	Keypress: lctrl
520.9674 	EXP 	Sound  started
520.9874 	DATA 	Keypress: lctrl
521.6432 	DATA 	Keypress: rctrl
521.7174 	EXP 	Sound  started
522.4434 	DATA 	Keypress: rctrl
522.4674 	EXP 	Sound  started
523.2175 	EXP 	Sound  started
523.2274 	DATA 	Keypress: rctrl
523.8993 	DATA 	Keypress: rctrl
523.9675 	EXP 	Sound  started
524.6513 	DATA 	Keypress: rctrl
524.7175 	EXP 	Sound  started
525.4033 	DATA 	Keypress: lctrl
525.4675 	EXP 	Sound  started
526.2175 	EXP 	Sound  started
526.2833 	DATA 	Keypress: lctrl
526.9675 	EXP 	Sound  started
527.0033 	DATA 	Keypress: lctrl
527.6752 	DATA 	Keypress: lctrl
527.7175 	EXP 	Sound  started
528.3792 	DATA 	Keypress: lctrl
528.4675 	EXP 	Sound  started
529.1314 	DATA 	Keypress: rctrl
529.2175 	EXP 	Sound  started
529.8513 	DATA 	Keypress: rctrl
529.9676 	EXP 	Sound  started
530.6033 	DATA 	Keypress: rctrl
530.7176 	EXP 	Sound  started
531.3233 	DATA 	Keypress: rctrl
531.4676 	EXP 	Sound  started
532.1392 	DATA 	Keypress: rctrl
532.2176 	EXP 	Sound  started
532.8593 	DATA 	Keypress: rctrl
532.9676 	EXP 	Sound  started
533.5792 	DATA 	Keypress: lctrl
533.7176 	EXP 	Sound  started
534.4676 	EXP 	Sound  started
535.2177 	EXP 	Sound  started
535.8833 	DATA 	Keypress: lctrl
535.9677 	EXP 	Sound  started
536.6194 	DATA 	Keypress: rctrl
536.7177 	EXP 	Sound  started
537.4677 	EXP 	Sound  started
538.0753 	DATA 	Keypress: lctrl
538.2177 	EXP 	Sound  started
538.8753 	DATA 	Keypress: rctrl
538.9677 	EXP 	Sound  started
539.5794 	DATA 	Keypress: rctrl
539.7177 	EXP 	Sound  started
540.3313 	DATA 	Keypress: rctrl
540.4678 	EXP 	Sound  started
541.1154 	DATA 	Keypress: lctrl
541.2178 	EXP 	Sound  started
541.8513 	DATA 	Keypress: lctrl
541.9678 	EXP 	Sound  started
542.5872 	DATA 	Keypress: rctrl
542.7178 	EXP 	Sound  started
543.2912 	DATA 	Keypress: rctrl
543.4678 	EXP 	Sound  started
544.0433 	DATA 	Keypress: rctrl
544.2178 	EXP 	Sound  started
544.7313 	DATA 	Keypress: rctrl
544.9679 	EXP 	Sound  started
545.5313 	DATA 	Keypress: rctrl
545.7179 	EXP 	Sound  started
546.2992 	DATA 	Keypress: lctrl
546.4679 	EXP 	Sound  started
546.9873 	DATA 	Keypress: rctrl
547.2179 	EXP 	Sound  started
547.7074 	DATA 	Keypress: lctrl
547.9679 	EXP 	Sound  started
548.5394 	DATA 	Keypress: rctrl
548.7179 	EXP 	Sound  started
549.2594 	DATA 	Keypress: lctrl
549.4679 	EXP 	Sound  started
549.9632 	DATA 	Keypress: lctrl
550.2179 	EXP 	Sound  started
550.9679 	EXP 	Sound  started
551.5152 	DATA 	Keypress: lctrl
551.7180 	EXP 	Sound  started
552.2353 	DATA 	Keypress: lctrl
552.4680 	EXP 	Sound  started
552.9392 	DATA 	Keypress: rctrl
553.2180 	EXP 	Sound  started
553.7073 	DATA 	Keypress: rctrl
553.9680 	EXP 	Sound  started
554.4914 	DATA 	Keypress: rctrl
554.7180 	EXP 	Sound  started
555.2113 	DATA 	Keypress: rctrl
555.4681 	EXP 	Sound  started
555.9793 	DATA 	Keypress: rctrl
556.2181 	EXP 	Sound  started
556.9681 	EXP 	Sound  started
557.5794 	DATA 	Keypress: rctrl
557.7181 	EXP 	Sound  started
558.3313 	DATA 	Keypress: lctrl
558.4681 	EXP 	Sound  started
559.1952 	DATA 	Keypress: lctrl
559.2181 	EXP 	Sound  started
559.8192 	DATA 	Keypress: rctrl
559.9681 	EXP 	Sound  started
560.6353 	DATA 	Keypress: lctrl
560.7181 	EXP 	Sound  started
561.3392 	DATA 	Keypress: lctrl
561.4681 	EXP 	Sound  started
562.0912 	DATA 	Keypress: lctrl
562.2182 	EXP 	Sound  started
562.9073 	DATA 	Keypress: rctrl
562.9682 	EXP 	Sound  started
563.6433 	DATA 	Keypress: rctrl
563.7182 	EXP 	Sound  started
564.3633 	DATA 	Keypress: rctrl
564.4682 	EXP 	Sound  started
565.2182 	EXP 	Sound  started
565.2752 	DATA 	Keypress: rctrl
565.9472 	DATA 	Keypress: rctrl
565.9682 	EXP 	Sound  started
566.6352 	DATA 	Keypress: lctrl
566.7182 	EXP 	Sound  started
567.4352 	DATA 	Keypress: lctrl
567.4683 	EXP 	Sound  started
568.0432 	DATA 	Keypress: rctrl
568.2183 	EXP 	Sound  started
568.7953 	DATA 	Keypress: rctrl
568.9683 	EXP 	Sound  started
569.5632 	DATA 	Keypress: rctrl
569.7183 	EXP 	Sound  started
570.3472 	DATA 	Keypress: rctrl
570.4683 	EXP 	Sound  started
571.0512 	DATA 	Keypress: lctrl
571.2183 	EXP 	Sound  started
571.8992 	DATA 	Keypress: rctrl
571.9683 	EXP 	Sound  started
572.6032 	DATA 	Keypress: lctrl
572.7183 	EXP 	Sound  started
573.2912 	DATA 	Keypress: rctrl
573.4684 	EXP 	Sound  started
573.9952 	DATA 	Keypress: lctrl
574.2184 	EXP 	Sound  started
574.7312 	DATA 	Keypress: rctrl
574.9684 	EXP 	Sound  started
575.5632 	DATA 	Keypress: lctrl
575.7184 	EXP 	Sound  started
576.3152 	DATA 	Keypress: lctrl
576.4684 	EXP 	Sound  started
577.0513 	DATA 	Keypress: lctrl
577.2184 	EXP 	Sound  started
577.8192 	DATA 	Keypress: lctrl
577.9684 	EXP 	Sound  started
578.5552 	DATA 	Keypress: lctrl
581.4389 	DATA 	Keypress: 4
581.4684 	EXP 	unnamed ShapeStim: vertices = <class 'numpy.ndarray'>
584.6045 	DATA 	Keypress: 1
584.6210 	EXP 	unnamed ShapeStim: vertices = <class 'numpy.ndarray'>
587.4740 	DATA 	Keypress: 4
587.4905 	EXP 	unnamed ShapeStim: vertices = <class 'numpy.ndarray'>
589.7747 	EXP 	Sound  started
590.5246 	EXP 	Sound  started
591.2272 	DATA 	Keypress: rctrl
591.2746 	EXP 	Sound  started
591.9472 	DATA 	Keypress: rctrl
592.0246 	EXP 	Sound  started
592.6993 	DATA 	Keypress: rctrl
592.7746 	EXP 	Sound  started
593.4032 	DATA 	Keypress: lctrl
593.5246 	EXP 	Sound  started
594.1712 	DATA 	Keypress: lctrl
594.2746 	EXP 	Sound  started
594.9072 	DATA 	Keypress: lctrl
595.0246 	EXP 	Sound  started
595.6273 	DATA 	Keypress: lctrl
595.7746 	EXP 	Sound  started
596.4752 	DATA 	Keypress: rctrl
596.5247 	EXP 	Sound  started
597.1952 	DATA 	Keypress: rctrl
597.2747 	EXP 	Sound  started
597.8672 	DATA 	Keypress: rctrl
598.0247 	EXP 	Sound  started
598.6352 	DATA 	Keypress: rctrl
598.7747 	EXP 	Sound  started
599.4833 	DATA 	Keypress: lctrl
599.5247 	EXP 	Sound  started
600.1873 	DATA 	Keypress: lctrl
600.2747 	EXP 	Sound  started
600.9712 	DATA 	Keypress: lctrl
601.0247 	EXP 	Sound  started
601.6753 	DATA 	Keypress: rctrl
601.7747 	EXP 	Sound  started
602.3952 	DATA 	Keypress: lctrl
602.5247 	EXP 	Sound  started
603.1792 	DATA 	Keypress: rctrl
603.2748 	EXP 	Sound  started
603.9154 	DATA 	Keypress: lctrl
604.0248 	EXP 	Sound  started
604.6672 	DATA 	Keypress: rctrl
604.7748 	EXP 	Sound  started
605.3552 	DATA 	Keypress: rctrl
605.5248 	EXP 	Sound  started
606.0432 	DATA 	Keypress: rctrl
606.2748 	EXP 	Sound  started
606.8272 	DATA 	Keypress: lctrl
607.0248 	EXP 	Sound  started
607.6432 	DATA 	Keypress: rctrl
607.7748 	EXP 	Sound  started
608.3312 	DATA 	Keypress: rctrl
608.5249 	EXP 	Sound  started
609.0513 	DATA 	Keypress: lctrl
609.2749 	EXP 	Sound  started
610.0249 	EXP 	Sound  started
610.6512 	DATA 	Keypress: rctrl
610.7749 	EXP 	Sound  started
611.3712 	DATA 	Keypress: rctrl
611.5249 	EXP 	Sound  started
612.0912 	DATA 	Keypress: rctrl
612.2749 	EXP 	Sound  started
612.8112 	DATA 	Keypress: rctrl
613.0249 	EXP 	Sound  started
613.5632 	DATA 	Keypress: lctrl
613.7750 	EXP 	Sound  started
614.3152 	DATA 	Keypress: lctrl
614.5250 	EXP 	Sound  started
615.0833 	DATA 	Keypress: lctrl
615.2750 	EXP 	Sound  started
616.0250 	EXP 	Sound  started
616.5712 	DATA 	Keypress: lctrl
616.7750 	EXP 	Sound  started
617.2752 	DATA 	Keypress: lctrl
617.5250 	EXP 	Sound  started
618.0751 	DATA 	Keypress: lctrl
618.2751 	EXP 	Sound  started
618.8112 	DATA 	Keypress: rctrl
619.0251 	EXP 	Sound  started
619.5633 	DATA 	Keypress: lctrl
619.7751 	EXP 	Sound  started
620.3472 	DATA 	Keypress: lctrl
620.5251 	EXP 	Sound  started
621.0992 	DATA 	Keypress: rctrl
621.2751 	EXP 	Sound  started
621.8032 	DATA 	Keypress: rctrl
622.0251 	EXP 	Sound  started
622.4592 	DATA 	Keypress: rctrl
622.7751 	EXP 	Sound  started
623.1633 	DATA 	Keypress: lctrl
623.5251 	EXP 	Sound  started
623.8512 	DATA 	Keypress: rctrl
624.2751 	EXP 	Sound  started
624.5552 	DATA 	Keypress: lctrl
625.0252 	EXP 	Sound  started
625.3713 	DATA 	Keypress: rctrl
625.7752 	EXP 	Sound  started
626.1552 	DATA 	Keypress: lctrl
626.5252 	EXP 	Sound  started
626.8432 	DATA 	Keypress: rctrl
627.2752 	EXP 	Sound  started
627.6752 	DATA 	Keypress: lctrl
628.0252 	EXP 	Sound  started
628.5393 	DATA 	Keypress: lctrl
628.7752 	EXP 	Sound  started
629.4511 	DATA 	Keypress: lctrl
629.5252 	EXP 	Sound  started
630.1712 	DATA 	Keypress: lctrl
630.2753 	EXP 	Sound  started
630.9552 	DATA 	Keypress: lctrl
631.0253 	EXP 	Sound  started
631.6752 	DATA 	Keypress: lctrl
631.7753 	EXP 	Sound  started
632.4112 	DATA 	Keypress: lctrl
632.5253 	EXP 	Sound  started
633.1632 	DATA 	Keypress: lctrl
633.2753 	EXP 	Sound  started
633.8511 	DATA 	Keypress: lctrl
634.0253 	EXP 	Sound  started
634.6672 	DATA 	Keypress: lctrl
634.7754 	EXP 	Sound  started
635.4031 	DATA 	Keypress: rctrl
635.5254 	EXP 	Sound  started
636.2032 	DATA 	Keypress: rctrl
636.2754 	EXP 	Sound  started
636.9552 	DATA 	Keypress: rctrl
637.0254 	EXP 	Sound  started
637.6592 	DATA 	Keypress: lctrl
637.7754 	EXP 	Sound  started
638.4752 	DATA 	Keypress: rctrl
638.5254 	EXP 	Sound  started
639.2272 	DATA 	Keypress: lctrl
639.2754 	EXP 	Sound  started
639.9153 	DATA 	Keypress: rctrl
640.0254 	EXP 	Sound  started
640.6831 	DATA 	Keypress: rctrl
640.7755 	EXP 	Sound  started
641.4352 	DATA 	Keypress: rctrl
641.5255 	EXP 	Sound  started
642.2192 	DATA 	Keypress: rctrl
642.2755 	EXP 	Sound  started
642.9391 	DATA 	Keypress: rctrl
643.0255 	EXP 	Sound  started
643.6432 	DATA 	Keypress: rctrl
643.7755 	EXP 	Sound  started
644.3792 	DATA 	Keypress: rctrl
644.5255 	EXP 	Sound  started
645.0992 	DATA 	Keypress: rctrl
645.2756 	EXP 	Sound  started
645.9632 	DATA 	Keypress: rctrl
646.0256 	EXP 	Sound  started
646.6992 	DATA 	Keypress: rctrl
646.7756 	EXP 	Sound  started
647.3552 	DATA 	Keypress: lctrl
649.6281 	DATA 	Keypress: 4
649.6575 	EXP 	unnamed ShapeStim: vertices = <class 'numpy.ndarray'>
653.9279 	DATA 	Keypress: 1
653.9444 	EXP 	unnamed ShapeStim: vertices = <class 'numpy.ndarray'>
656.9971 	DATA 	Keypress: 4
657.0136 	EXP 	unnamed ShapeStim: vertices = <class 'numpy.ndarray'>
659.2978 	EXP 	Sound  started
660.0476 	EXP 	Sound  started
660.1233 	DATA 	Keypress: lctrl
660.7313 	DATA 	Keypress: rctrl
660.7976 	EXP 	Sound  started
661.4193 	DATA 	Keypress: lctrl
661.5476 	EXP 	Sound  started
662.2032 	DATA 	Keypress: rctrl
662.2977 	EXP 	Sound  started
663.0032 	DATA 	Keypress: rctrl
663.0477 	EXP 	Sound  started
663.7072 	DATA 	Keypress: lctrl
663.7977 	EXP 	Sound  started
664.4592 	DATA 	Keypress: rctrl
664.5477 	EXP 	Sound  started
665.1792 	DATA 	Keypress: lctrl
665.2977 	EXP 	Sound  started
665.8992 	DATA 	Keypress: rctrl
666.0477 	EXP 	Sound  started
666.5551 	DATA 	Keypress: rctrl
666.7977 	EXP 	Sound  started
667.4192 	DATA 	Keypress: rctrl
667.5478 	EXP 	Sound  started
668.1232 	DATA 	Keypress: rctrl
668.2978 	EXP 	Sound  started
668.8592 	DATA 	Keypress: rctrl
669.0478 	EXP 	Sound  started
669.6112 	DATA 	Keypress: rctrl
669.7978 	EXP 	Sound  started
670.3792 	DATA 	Keypress: lctrl
670.5478 	EXP 	Sound  started
671.1151 	DATA 	Keypress: rctrl
671.2978 	EXP 	Sound  started
671.9471 	DATA 	Keypress: lctrl
672.0478 	EXP 	Sound  started
672.6832 	DATA 	Keypress: lctrl
672.7978 	EXP 	Sound  started
673.4671 	DATA 	Keypress: rctrl
673.5478 	EXP 	Sound  started
674.1551 	DATA 	Keypress: rctrl
674.2979 	EXP 	Sound  started
674.8752 	DATA 	Keypress: lctrl
675.0479 	EXP 	Sound  started
675.5792 	DATA 	Keypress: lctrl
675.7979 	EXP 	Sound  started
676.3631 	DATA 	Keypress: rctrl
676.5479 	EXP 	Sound  started
677.0992 	DATA 	Keypress: rctrl
677.2979 	EXP 	Sound  started
677.8352 	DATA 	Keypress: rctrl
678.0479 	EXP 	Sound  started
678.5871 	DATA 	Keypress: lctrl
678.7979 	EXP 	Sound  started
679.3071 	DATA 	Keypress: lctrl
679.5480 	EXP 	Sound  started
680.0272 	DATA 	Keypress: rctrl
680.2980 	EXP 	Sound  started
680.7791 	DATA 	Keypress: lctrl
681.0480 	EXP 	Sound  started
681.5952 	DATA 	Keypress: lctrl
681.7980 	EXP 	Sound  started
682.2512 	DATA 	Keypress: lctrl
682.5480 	EXP 	Sound  started
682.9231 	DATA 	Keypress: lctrl
683.2980 	EXP 	Sound  started
683.7232 	DATA 	Keypress: rctrl
684.0480 	EXP 	Sound  started
684.4272 	DATA 	Keypress: rctrl
684.7981 	EXP 	Sound  started
685.5481 	EXP 	Sound  started
686.1233 	DATA 	Keypress: rctrl
686.2981 	EXP 	Sound  started
686.8912 	DATA 	Keypress: lctrl
687.0481 	EXP 	Sound  started
687.6431 	DATA 	Keypress: lctrl
687.7981 	EXP 	Sound  started
688.2992 	DATA 	Keypress: lctrl
688.5481 	EXP 	Sound  started
689.0192 	DATA 	Keypress: rctrl
689.2981 	EXP 	Sound  started
689.8511 	DATA 	Keypress: lctrl
690.0481 	EXP 	Sound  started
690.5391 	DATA 	Keypress: lctrl
690.7982 	EXP 	Sound  started
691.2431 	DATA 	Keypress: rctrl
691.5482 	EXP 	Sound  started
691.9631 	DATA 	Keypress: lctrl
692.2982 	EXP 	Sound  started
692.7311 	DATA 	Keypress: lctrl
693.0482 	EXP 	Sound  started
693.4032 	DATA 	Keypress: lctrl
693.7982 	EXP 	Sound  started
694.1552 	DATA 	Keypress: rctrl
694.5482 	EXP 	Sound  started
695.0672 	DATA 	Keypress: lctrl
695.2982 	EXP 	Sound  started
695.8992 	DATA 	Keypress: lctrl
696.0483 	EXP 	Sound  started
696.6032 	DATA 	Keypress: lctrl
696.7983 	EXP 	Sound  started
697.3232 	DATA 	Keypress: lctrl
697.5483 	EXP 	Sound  started
698.0591 	DATA 	Keypress: rctrl
698.2983 	EXP 	Sound  started
698.7631 	DATA 	Keypress: lctrl
699.0483 	EXP 	Sound  started
699.7983 	EXP 	Sound  started
700.2511 	DATA 	Keypress: rctrl
700.5483 	EXP 	Sound  started
701.0512 	DATA 	Keypress: rctrl
701.2984 	EXP 	Sound  started
701.7551 	DATA 	Keypress: lctrl
702.0484 	EXP 	Sound  started
702.4431 	DATA 	Keypress: rctrl
702.7984 	EXP 	Sound  started
703.3872 	DATA 	Keypress: rctrl
703.5484 	EXP 	Sound  started
704.1071 	DATA 	Keypress: rctrl
704.2984 	EXP 	Sound  started
704.8111 	DATA 	Keypress: rctrl
705.0484 	EXP 	Sound  started
705.4992 	DATA 	Keypress: rctrl
705.7984 	EXP 	Sound  started
706.5484 	EXP 	Sound  started
706.9232 	DATA 	Keypress: lctrl
707.2985 	EXP 	Sound  started
707.6912 	DATA 	Keypress: rctrl
708.0485 	EXP 	Sound  started
708.4271 	DATA 	Keypress: lctrl
708.7985 	EXP 	Sound  started
709.5485 	EXP 	Sound  started
709.8992 	DATA 	Keypress: lctrl
710.2985 	EXP 	Sound  started
710.7632 	DATA 	Keypress: rctrl
711.0485 	EXP 	Sound  started
711.4671 	DATA 	Keypress: lctrl
711.7986 	EXP 	Sound  started
712.3631 	DATA 	Keypress: rctrl
712.5486 	EXP 	Sound  started
713.0191 	DATA 	Keypress: rctrl
713.2986 	EXP 	Sound  started
713.7711 	DATA 	Keypress: rctrl
714.0486 	EXP 	Sound  started
714.4112 	DATA 	Keypress: rctrl
717.7635 	DATA 	Keypress: 1
717.7800 	EXP 	unnamed ShapeStim: vertices = <class 'numpy.ndarray'>
721.6668 	DATA 	Keypress: 3
721.6832 	EXP 	unnamed ShapeStim: vertices = <class 'numpy.ndarray'>
724.2694 	DATA 	Keypress: 1
724.2858 	EXP 	unnamed ShapeStim: vertices = <class 'numpy.ndarray'>
726.5705 	EXP 	Sound  started
727.3203 	EXP 	Sound  started
728.0592 	DATA 	Keypress: rctrl
728.0703 	EXP 	Sound  started
728.7951 	DATA 	Keypress: rctrl
728.8204 	EXP 	Sound  started
729.5151 	DATA 	Keypress: rctrl
729.5704 	EXP 	Sound  started
730.2671 	DATA 	Keypress: rctrl
730.3204 	EXP 	Sound  started
730.9872 	DATA 	Keypress: lctrl
731.0704 	EXP 	Sound  started
731.7072 	DATA 	Keypress: rctrl
731.8204 	EXP 	Sound  started
732.4751 	DATA 	Keypress: lctrl
732.5704 	EXP 	Sound  started
733.3204 	EXP 	Sound  started
733.9471 	DATA 	Keypress: rctrl
734.0705 	EXP 	Sound  started
734.6192 	DATA 	Keypress: rctrl
734.8205 	EXP 	Sound  started
735.3551 	DATA 	Keypress: rctrl
735.5705 	EXP 	Sound  started
736.0911 	DATA 	Keypress: lctrl
736.3205 	EXP 	Sound  started
736.9071 	DATA 	Keypress: lctrl
737.0705 	EXP 	Sound  started
737.5792 	DATA 	Keypress: lctrl
737.8205 	EXP 	Sound  started
738.3791 	DATA 	Keypress: lctrl
738.5705 	EXP 	Sound  started
739.1471 	DATA 	Keypress: lctrl
739.3205 	EXP 	Sound  started
739.8831 	DATA 	Keypress: lctrl
740.0706 	EXP 	Sound  started
740.4911 	DATA 	Keypress: rctrl
740.8206 	EXP 	Sound  started
741.4511 	DATA 	Keypress: rctrl
741.5706 	EXP 	Sound  started
742.3206 	EXP 	Sound  started
742.4591 	DATA 	Keypress: rctrl
743.0670 	DATA 	Keypress: rctrl
743.0706 	EXP 	Sound  started
743.7231 	DATA 	Keypress: rctrl
743.8206 	EXP 	Sound  started
744.4751 	DATA 	Keypress: rctrl
744.5706 	EXP 	Sound  started
745.1951 	DATA 	Keypress: lctrl
745.3206 	EXP 	Sound  started
745.9471 	DATA 	Keypress: lctrl
746.0707 	EXP 	Sound  started
746.6351 	DATA 	Keypress: rctrl
746.8207 	EXP 	Sound  started
747.3391 	DATA 	Keypress: rctrl
747.5707 	EXP 	Sound  started
748.0911 	DATA 	Keypress: rctrl
748.3207 	EXP 	Sound  started
748.7951 	DATA 	Keypress: rctrl
749.0707 	EXP 	Sound  started
749.4511 	DATA 	Keypress: rctrl
749.8207 	EXP 	Sound  started
750.4111 	DATA 	Keypress: lctrl
750.5707 	EXP 	Sound  started
751.1631 	DATA 	Keypress: lctrl
751.3207 	EXP 	Sound  started
751.8511 	DATA 	Keypress: lctrl
752.0708 	EXP 	Sound  started
752.4911 	DATA 	Keypress: rctrl
752.8208 	EXP 	Sound  started
753.3072 	DATA 	Keypress: lctrl
753.5708 	EXP 	Sound  started
754.0271 	DATA 	Keypress: lctrl
754.3208 	EXP 	Sound  started
754.8432 	DATA 	Keypress: rctrl
755.0708 	EXP 	Sound  started
755.6271 	DATA 	Keypress: rctrl
755.8208 	EXP 	Sound  started
756.4911 	DATA 	Keypress: rctrl
756.5708 	EXP 	Sound  started
757.1151 	DATA 	Keypress: rctrl
757.3209 	EXP 	Sound  started
757.8991 	DATA 	Keypress: lctrl
758.0709 	EXP 	Sound  started
758.6511 	DATA 	Keypress: lctrl
758.8209 	EXP 	Sound  started
759.4191 	DATA 	Keypress: lctrl
759.5709 	EXP 	Sound  started
760.1711 	DATA 	Keypress: rctrl
760.3209 	EXP 	Sound  started
760.8912 	DATA 	Keypress: lctrl
761.0709 	EXP 	Sound  started
761.5631 	DATA 	Keypress: rctrl
761.8209 	EXP 	Sound  started
762.3632 	DATA 	Keypress: lctrl
762.5710 	EXP 	Sound  started
763.1471 	DATA 	Keypress: rctrl
763.3210 	EXP 	Sound  started
763.8191 	DATA 	Keypress: lctrl
764.0710 	EXP 	Sound  started
764.5552 	DATA 	Keypress: lctrl
764.8210 	EXP 	Sound  started
765.2111 	DATA 	Keypress: lctrl
765.5710 	EXP 	Sound  started
765.9951 	DATA 	Keypress: lctrl
766.3210 	EXP 	Sound  started
766.7631 	DATA 	Keypress: lctrl
767.0711 	EXP 	Sound  started
767.7551 	DATA 	Keypress: lctrl
767.8211 	EXP 	Sound  started
768.4750 	DATA 	Keypress: lctrl
768.5711 	EXP 	Sound  started
769.2591 	DATA 	Keypress: lctrl
769.3211 	EXP 	Sound  started
769.9311 	DATA 	Keypress: lctrl
770.0711 	EXP 	Sound  started
770.6671 	DATA 	Keypress: lctrl
770.8211 	EXP 	Sound  started
771.3391 	DATA 	Keypress: lctrl
771.5711 	EXP 	Sound  started
772.2031 	DATA 	Keypress: lctrl
772.3211 	EXP 	Sound  started
772.9071 	DATA 	Keypress: lctrl
773.0712 	EXP 	Sound  started
773.6431 	DATA 	Keypress: rctrl
773.8212 	EXP 	Sound  started
774.4591 	DATA 	Keypress: lctrl
774.5712 	EXP 	Sound  started
775.2111 	DATA 	Keypress: rctrl
775.3212 	EXP 	Sound  started
775.9631 	DATA 	Keypress: rctrl
776.0712 	EXP 	Sound  started
776.6511 	DATA 	Keypress: rctrl
776.8212 	EXP 	Sound  started
777.3551 	DATA 	Keypress: lctrl
777.5713 	EXP 	Sound  started
778.0911 	DATA 	Keypress: rctrl
778.3213 	EXP 	Sound  started
778.9230 	DATA 	Keypress: lctrl
779.0713 	EXP 	Sound  started
779.6110 	DATA 	Keypress: lctrl
779.8213 	EXP 	Sound  started
780.3472 	DATA 	Keypress: lctrl
780.5713 	EXP 	Sound  started
781.1471 	DATA 	Keypress: rctrl
781.3213 	EXP 	Sound  started
781.8831 	DATA 	Keypress: rctrl
782.0713 	EXP 	Sound  started
782.6351 	DATA 	Keypress: lctrl
782.8213 	EXP 	Sound  started
783.3871 	DATA 	Keypress: lctrl
783.5714 	EXP 	Sound  started
784.0911 	DATA 	Keypress: lctrl
784.3214 	EXP 	Sound  started
784.9231 	DATA 	Keypress: rctrl
785.0714 	EXP 	Sound  started
785.5790 	DATA 	Keypress: rctrl
785.8214 	EXP 	Sound  started
786.3471 	DATA 	Keypress: rctrl
786.5714 	EXP 	Sound  started
787.0191 	DATA 	Keypress: rctrl
787.3214 	EXP 	Sound  started
787.8191 	DATA 	Keypress: lctrl
788.0714 	EXP 	Sound  started
788.5551 	DATA 	Keypress: rctrl
788.8215 	EXP 	Sound  started
789.2590 	DATA 	Keypress: lctrl
789.5715 	EXP 	Sound  started
789.9951 	DATA 	Keypress: rctrl
790.3215 	EXP 	Sound  started
790.7311 	DATA 	Keypress: rctrl
791.0715 	EXP 	Sound  started
791.4191 	DATA 	Keypress: rctrl
795.6606 	DATA 	Keypress: 2
795.6772 	EXP 	unnamed ShapeStim: vertices = <class 'numpy.ndarray'>
799.5639 	DATA 	Keypress: 3
799.5804 	EXP 	unnamed ShapeStim: vertices = <class 'numpy.ndarray'>
803.1835 	DATA 	Keypress: 1
803.2000 	EXP 	unnamed ShapeStim: vertices = <class 'numpy.ndarray'>
805.4848 	EXP 	Sound  started
806.2347 	EXP 	Sound  started
806.9847 	EXP 	Sound  started
807.0512 	DATA 	Keypress: rctrl
807.6912 	DATA 	Keypress: rctrl
807.7347 	EXP 	Sound  started
808.4847 	EXP 	Sound  started
808.6031 	DATA 	Keypress: rctrl
809.1790 	DATA 	Keypress: rctrl
809.2348 	EXP 	Sound  started
809.8670 	DATA 	Keypress: rctrl
809.9848 	EXP 	Sound  started
810.6350 	DATA 	Keypress: rctrl
810.7348 	EXP 	Sound  started
811.3231 	DATA 	Keypress: rctrl
811.4848 	EXP 	Sound  started
812.0590 	DATA 	Keypress: lctrl
812.2348 	EXP 	Sound  started
812.7790 	DATA 	Keypress: lctrl
812.9848 	EXP 	Sound  started
813.5791 	DATA 	Keypress: rctrl
813.7348 	EXP 	Sound  started
814.2671 	DATA 	Keypress: lctrl
814.4848 	EXP 	Sound  started
815.0190 	DATA 	Keypress: lctrl
815.2349 	EXP 	Sound  started
815.7550 	DATA 	Keypress: lctrl
815.9849 	EXP 	Sound  started
816.5071 	DATA 	Keypress: rctrl
816.7349 	EXP 	Sound  started
817.4849 	EXP 	Sound  started
817.4991 	DATA 	Keypress: lctrl
818.1551 	DATA 	Keypress: rctrl
818.2349 	EXP 	Sound  started
818.8591 	DATA 	Keypress: lctrl
818.9849 	EXP 	Sound  started
819.5791 	DATA 	Keypress: lctrl
819.7349 	EXP 	Sound  started
820.3471 	DATA 	Keypress: lctrl
820.4849 	EXP 	Sound  started
821.0671 	DATA 	Keypress: lctrl
821.2350 	EXP 	Sound  started
821.8191 	DATA 	Keypress: lctrl
821.9850 	EXP 	Sound  started
822.5871 	DATA 	Keypress: lctrl
822.7350 	EXP 	Sound  started
823.3230 	DATA 	Keypress: rctrl
823.4850 	EXP 	Sound  started
824.0430 	DATA 	Keypress: rctrl
824.2351 	EXP 	Sound  started
824.7630 	DATA 	Keypress: lctrl
824.9851 	EXP 	Sound  started
825.5150 	DATA 	Keypress: rctrl
825.7351 	EXP 	Sound  started
826.2671 	DATA 	Keypress: rctrl
826.4851 	EXP 	Sound  started
827.0030 	DATA 	Keypress: rctrl
827.2351 	EXP 	Sound  started
827.9851 	EXP 	Sound  started
828.2191 	DATA 	Keypress: lctrl
828.6991 	DATA 	Keypress: rctrl
828.7351 	EXP 	Sound  started
829.3870 	DATA 	Keypress: lctrl
829.4851 	EXP 	Sound  started
830.0751 	DATA 	Keypress: lctrl
830.2352 	EXP 	Sound  started
830.8111 	DATA 	Keypress: lctrl
830.9852 	EXP 	Sound  started
831.5790 	DATA 	Keypress: lctrl
831.7352 	EXP 	Sound  started
832.2830 	DATA 	Keypress: lctrl
832.4852 	EXP 	Sound  started
832.9711 	DATA 	Keypress: rctrl
833.2352 	EXP 	Sound  started
833.8031 	DATA 	Keypress: lctrl
833.9852 	EXP 	Sound  started
834.5231 	DATA 	Keypress: lctrl
834.7352 	EXP 	Sound  started
835.3070 	DATA 	Keypress: rctrl
835.4852 	EXP 	Sound  started
836.0751 	DATA 	Keypress: lctrl
836.2353 	EXP 	Sound  started
836.7631 	DATA 	Keypress: lctrl
836.9853 	EXP 	Sound  started
837.4990 	DATA 	Keypress: rctrl
837.7353 	EXP 	Sound  started
838.2670 	DATA 	Keypress: lctrl
838.4853 	EXP 	Sound  started
838.9871 	DATA 	Keypress: lctrl
839.2353 	EXP 	Sound  started
839.7390 	DATA 	Keypress: lctrl
839.9853 	EXP 	Sound  started
840.4750 	DATA 	Keypress: lctrl
840.7353 	EXP 	Sound  started
841.1951 	DATA 	Keypress: lctrl
841.4854 	EXP 	Sound  started
841.9632 	DATA 	Keypress: rctrl
842.2354 	EXP 	Sound  started
842.7631 	DATA 	Keypress: rctrl
842.9854 	EXP 	Sound  started
843.5310 	DATA 	Keypress: lctrl
843.7354 	EXP 	Sound  started
844.2191 	DATA 	Keypress: lctrl
844.4854 	EXP 	Sound  started
845.0192 	DATA 	Keypress: lctrl
845.2354 	EXP 	Sound  started
845.7551 	DATA 	Keypress: lctrl
845.9854 	EXP 	Sound  started
846.4750 	DATA 	Keypress: rctrl
846.7355 	EXP 	Sound  started
847.1631 	DATA 	Keypress: lctrl
847.4855 	EXP 	Sound  started
847.9630 	DATA 	Keypress: rctrl
848.2355 	EXP 	Sound  started
848.8431 	DATA 	Keypress: rctrl
848.9855 	EXP 	Sound  started
849.5150 	DATA 	Keypress: rctrl
849.7355 	EXP 	Sound  started
850.2990 	DATA 	Keypress: rctrl
850.4855 	EXP 	Sound  started
851.0511 	DATA 	Keypress: lctrl
851.2355 	EXP 	Sound  started
851.7710 	DATA 	Keypress: lctrl
851.9855 	EXP 	Sound  started
852.5391 	DATA 	Keypress: lctrl
852.7356 	EXP 	Sound  started
853.2110 	DATA 	Keypress: lctrl
853.4856 	EXP 	Sound  started
853.9631 	DATA 	Keypress: rctrl
854.2356 	EXP 	Sound  started
854.7790 	DATA 	Keypress: lctrl
854.9856 	EXP 	Sound  started
855.4990 	DATA 	Keypress: lctrl
855.7356 	EXP 	Sound  started
856.1870 	DATA 	Keypress: lctrl
856.4856 	EXP 	Sound  started
856.9070 	DATA 	Keypress: lctrl
857.2356 	EXP 	Sound  started
857.7870 	DATA 	Keypress: lctrl
857.9856 	EXP 	Sound  started
858.4271 	DATA 	Keypress: lctrl
858.7357 	EXP 	Sound  started
859.2271 	DATA 	Keypress: lctrl
859.4857 	EXP 	Sound  started
859.9311 	DATA 	Keypress: lctrl
860.2357 	EXP 	Sound  started
860.6350 	DATA 	Keypress: lctrl
860.9857 	EXP 	Sound  started
861.3551 	DATA 	Keypress: lctrl
861.7357 	EXP 	Sound  started
862.0911 	DATA 	Keypress: rctrl
862.4857 	EXP 	Sound  started
862.8590 	DATA 	Keypress: rctrl
863.2357 	EXP 	Sound  started
863.5470 	DATA 	Keypress: rctrl
863.9857 	EXP 	Sound  started
864.5711 	DATA 	Keypress: rctrl
870.4219 	DATA 	Keypress: 2
870.4384 	EXP 	unnamed ShapeStim: vertices = <class 'numpy.ndarray'>
873.6786 	DATA 	Keypress: 3
873.7078 	EXP 	unnamed ShapeStim: vertices = <class 'numpy.ndarray'>
876.9611 	DATA 	Keypress: 1
876.9776 	EXP 	unnamed ShapeStim: vertices = <class 'numpy.ndarray'>
895.9952 	DATA 	Keypress: return
896.0638 	EXP 	window1: mouseVisible = True
