130.0364 	WARNING 	User requested fullscreen with size [1024  768], but screen is actually [1920, 1200]. Using actual size
130.8603 	EXP 	Created window1 = Window(allowGUI=False, allowStencil=False, autoLog=True, backendConf=UNKNOWN, bitsMode=UNKNOWN, blendMode='avg', bpc=(8, 8, 8), color=array([0, 0, 0]), colorSpace='rgb', depthBits=8, fullscr=<method-wrapper '__getattribute__' of attributeSetter object at 0x00000264D1CC6780>, gamma=None, gammaErrorPolicy='raise', lms=UNKNOWN, monitor=<psychopy.monitors.calibTools.Monitor object at 0x00000264D33D5080>, multiSample=False, name='window1', numSamples=2, pos=[0.0, 0.0], screen=0, size=array([1920, 1200]), stencilBits=0, stereo=False, units='norm', useFBO=True, useRetina=False, viewOri=0.0, viewPos=None, viewScale=None, waitBlanking=True, winType='pyglet')
130.8607 	EXP 	window1: mouseVisible = True
130.8608 	EXP 	window1: mouseVisible = False
130.8608 	EXP 	window1: recordFrameIntervals = False
131.0267 	EXP 	window1: recordFrameIntervals = True
131.2103 	EXP 	window1: recordFrameIntervals = False
131.2653 	EXP 	Created text = TextStim(__class__=<class 'psychopy.visual.text.TextStim'>, alignHoriz=method-wrapper(...), alignText='center', alignVert=method-wrapper(...), anchorHoriz='center', anchorVert='center', antialias=True, autoLog=True, bold=False, color=array([1., 1., 1.]), colorSpace='rgb', contrast=1.0, depth=0.0, flipHoriz=False, flipVert=False, font='Arial', fontFiles=[], height=0.15, italic=False, languageStyle='LTR', name='text', opacity=1, ori=0, pos=array([0., 0.]), rgb=UNKNOWN, text='+', units='norm', win=Window(...), wrapWidth=1)
131.2876 	EXP 	Created text = TextStim(__class__=<class 'psychopy.visual.text.TextStim'>, alignHoriz=method-wrapper(...), alignText='center', alignVert=method-wrapper(...), anchorHoriz='center', anchorVert='center', antialias=True, autoLog=True, bold=False, color=array([1., 1., 1.]), colorSpace='rgb', contrast=1.0, depth=0.0, flipHoriz=False, flipVert=False, font='Arial', fontFiles=[], height=0.07, italic=False, languageStyle='LTR', name='text', opacity=1, ori=0, pos=array([0., 0.]), rgb=UNKNOWN, text=str(...), units='norm', win=Window(...), wrapWidth=1.65)
131.2976 	EXP 	Created text = TextStim(__class__=<class 'psychopy.visual.text.TextStim'>, alignHoriz=method-wrapper(...), alignText='center', alignVert=method-wrapper(...), anchorHoriz='center', anchorVert='center', antialias=True, autoLog=True, bold=False, color=array([1., 1., 1.]), colorSpace='rgb', contrast=1.0, depth=0.0, flipHoriz=False, flipVert=False, font='Arial', fontFiles=[], height=0.07, italic=False, languageStyle='LTR', name='text', opacity=1, ori=0, pos=array([0., 0.]), rgb=UNKNOWN, text=str(...), units='norm', win=Window(...), wrapWidth=1.65)
131.3069 	EXP 	Created text = TextStim(__class__=<class 'psychopy.visual.text.TextStim'>, alignHoriz=method-wrapper(...), alignText='center', alignVert=method-wrapper(...), anchorHoriz='center', anchorVert='center', antialias=True, autoLog=True, bold=False, color=array([1., 1., 1.]), colorSpace='rgb', contrast=1.0, depth=0.0, flipHoriz=False, flipVert=False, font='Arial', fontFiles=[], height=0.07, italic=False, languageStyle='LTR', name='text', opacity=1, ori=0, pos=array([0., 0.]), rgb=UNKNOWN, text=str(...), units='norm', win=Window(...), wrapWidth=1.65)
131.3172 	EXP 	Created text = TextStim(__class__=<class 'psychopy.visual.text.TextStim'>, alignHoriz=method-wrapper(...), alignText='center', alignVert=method-wrapper(...), anchorHoriz='center', anchorVert='center', antialias=True, autoLog=True, bold=False, color=array([1., 1., 1.]), colorSpace='rgb', contrast=1.0, depth=0.0, flipHoriz=False, flipVert=False, font='Arial', fontFiles=[], height=0.07, italic=False, languageStyle='LTR', name='text', opacity=1, ori=0, pos=array([0., 0.]), rgb=UNKNOWN, text=str(...), units='norm', win=Window(...), wrapWidth=1.65)
131.3230 	EXP 	Created text = TextStim(__class__=<class 'psychopy.visual.text.TextStim'>, alignHoriz=method-wrapper(...), alignText='center', alignVert=method-wrapper(...), anchorHoriz='center', anchorVert='center', antialias=True, autoLog=True, bold=False, color=array([1., 1., 1.]), colorSpace='rgb', contrast=1.0, depth=0.0, flipHoriz=False, flipVert=False, font='Arial', fontFiles=[], height=0.07, italic=False, languageStyle='LTR', name='text', opacity=1, ori=0, pos=array([0., 0.]), rgb=UNKNOWN, text=str(...), units='norm', win=Window(...), wrapWidth=1.65)
131.3384 	EXP 	Created text = TextStim(__class__=<class 'psychopy.visual.text.TextStim'>, alignHoriz=method-wrapper(...), alignText='center', alignVert=method-wrapper(...), anchorHoriz='center', anchorVert='center', antialias=True, autoLog=True, bold=False, color=array([1., 1., 1.]), colorSpace='rgb', contrast=1.0, depth=0.0, flipHoriz=False, flipVert=False, font='Arial', fontFiles=[], height=0.15, italic=False, languageStyle='LTR', name='text', opacity=1, ori=0, pos=array([0., 0.]), rgb=UNKNOWN, text=str(...), units='norm', win=Window(...), wrapWidth=1.65)
131.3680 	EXP 	Created text = TextStim(__class__=<class 'psychopy.visual.text.TextStim'>, alignHoriz=method-wrapper(...), alignText='center', alignVert=method-wrapper(...), anchorHoriz='center', anchorVert='center', antialias=True, autoLog=True, bold=False, color=array([1., 1., 1.]), colorSpace='rgb', contrast=1.0, depth=0.0, flipHoriz=False, flipVert=False, font='Arial', fontFiles=[], height=0.07, italic=False, languageStyle='LTR', name='text', opacity=1, ori=0, pos=array([0., 0.]), rgb=UNKNOWN, text=str(...), units='norm', win=Window(...), wrapWidth=1.65)
131.3890 	EXP 	Created text = TextStim(__class__=<class 'psychopy.visual.text.TextStim'>, alignHoriz=method-wrapper(...), alignText='center', alignVert=method-wrapper(...), anchorHoriz='center', anchorVert='center', antialias=True, autoLog=True, bold=False, color=array([1., 1., 1.]), colorSpace='rgb', contrast=1.0, depth=0.0, flipHoriz=False, flipVert=False, font='Arial', fontFiles=[], height=0.07, italic=False, languageStyle='LTR', name='text', opacity=1, ori=0, pos=array([0., 0.]), rgb=UNKNOWN, text=str(...), units='norm', win=Window(...), wrapWidth=1.65)
131.4193 	EXP 	Created text = TextStim(__class__=<class 'psychopy.visual.text.TextStim'>, alignHoriz=method-wrapper(...), alignText='center', alignVert=method-wrapper(...), anchorHoriz='center', anchorVert='center', antialias=True, autoLog=True, bold=False, color=array([1., 1., 1.]), colorSpace='rgb', contrast=1.0, depth=0.0, flipHoriz=False, flipVert=False, font='Arial', fontFiles=[], height=0.07, italic=False, languageStyle='LTR', name='text', opacity=1, ori=0, pos=array([0., 0.]), rgb=UNKNOWN, text=str(...), units='norm', win=Window(...), wrapWidth=1.65)
131.4432 	EXP 	Created text = TextStim(__class__=<class 'psychopy.visual.text.TextStim'>, alignHoriz=method-wrapper(...), alignText='center', alignVert=method-wrapper(...), anchorHoriz='center', anchorVert='center', antialias=True, autoLog=True, bold=False, color=array([1., 1., 1.]), colorSpace='rgb', contrast=1.0, depth=0.0, flipHoriz=False, flipVert=False, font='Arial', fontFiles=[], height=0.07, italic=False, languageStyle='LTR', name='text', opacity=1, ori=0, pos=array([0., 0.]), rgb=UNKNOWN, text=str(...), units='norm', win=Window(...), wrapWidth=1.65)
131.4732 	EXP 	Created text = TextStim(__class__=<class 'psychopy.visual.text.TextStim'>, alignHoriz=method-wrapper(...), alignText='center', alignVert=method-wrapper(...), anchorHoriz='center', anchorVert='center', antialias=True, autoLog=True, bold=False, color=array([1., 1., 1.]), colorSpace='rgb', contrast=1.0, depth=0.0, flipHoriz=False, flipVert=False, font='Arial', fontFiles=[], height=0.07, italic=False, languageStyle='LTR', name='text', opacity=1, ori=0, pos=array([0., 0.]), rgb=UNKNOWN, text=str(...), units='norm', win=Window(...), wrapWidth=1.65)
131.4845 	EXP 	Created text = TextStim(__class__=<class 'psychopy.visual.text.TextStim'>, alignHoriz=method-wrapper(...), alignText='center', alignVert=method-wrapper(...), anchorHoriz='center', anchorVert='center', antialias=True, autoLog=True, bold=False, color=array([1., 1., 1.]), colorSpace='rgb', contrast=1.0, depth=0.0, flipHoriz=False, flipVert=False, font='Arial', fontFiles=[], height=0.07, italic=False, languageStyle='LTR', name='text', opacity=1, ori=0, pos=array([0., 0.]), rgb=UNKNOWN, text=str(...), units='norm', win=Window(...), wrapWidth=1.65)
131.4971 	EXP 	Created text = TextStim(__class__=<class 'psychopy.visual.text.TextStim'>, alignHoriz=method-wrapper(...), alignText='center', alignVert=method-wrapper(...), anchorHoriz='center', anchorVert='center', antialias=True, autoLog=True, bold=False, color=array([1., 1., 1.]), colorSpace='rgb', contrast=1.0, depth=0.0, flipHoriz=False, flipVert=False, font='Arial', fontFiles=[], height=0.07, italic=False, languageStyle='LTR', name='text', opacity=1, ori=0, pos=array([0., 0.]), rgb=UNKNOWN, text=str(...), units='norm', win=Window(...), wrapWidth=1.65)
131.5016 	EXP 	Created instru = TextStim(__class__=<class 'psychopy.visual.text.TextStim'>, alignHoriz=method-wrapper(...), alignText='center', alignVert=method-wrapper(...), anchorHoriz='center', anchorVert='center', antialias=True, autoLog=True, bold=False, color=array([1., 1., 1.]), colorSpace='rgb', contrast=1.0, depth=0.0, flipHoriz=False, flipVert=False, font='Arial', fontFiles=[], height=0.07, italic=False, languageStyle='LTR', name='instru', opacity=1, ori=0, pos=array([0. , 0.5]), rgb=UNKNOWN, text=str(...), units='norm', win=Window(...), wrapWidth=1)
131.5042 	EXP 	Created unnamed Line = Line(__class__=<class 'psychopy.visual.line.Line'>, autoDraw=False, autoLog=True, closeShape=False, color=array([1., 1., 1.]), colorSpace='rgb', contrast=None, depth=0, fillColor=array([0, 0, 0]), fillColorSpace='rgb', fillRGB=array([0, 0, 0]), interpolate=True, lineColor=array([1., 1., 1.]), lineColorSpace='rgb', lineRGB=array([1, 1, 1]), lineWidth=5, name='unnamed Line', opacity=0.5, ori=0.0, pos=array([0., 0.]), size=array([1., 1.]), units='norm', vertices=array([[-0.5,  0. ],
       [ 0.5,  0. ]]), win=Window(...), windingRule=None)
131.5062 	EXP 	Created unnamed Line = Line(__class__=<class 'psychopy.visual.line.Line'>, autoDraw=False, autoLog=True, closeShape=False, color=array([1., 1., 1.]), colorSpace='rgb', contrast=None, depth=0, fillColor=array([0, 0, 0]), fillColorSpace='rgb', fillRGB=array([0, 0, 0]), interpolate=True, lineColor=array([1., 1., 1.]), lineColorSpace='rgb', lineRGB=array([1, 1, 1]), lineWidth=3, name='unnamed Line', opacity=0.5, ori=0.0, pos=array([0., 0.]), size=array([1., 1.]), units='norm', vertices=array([[-0.5 , -0.05],
       [-0.5 ,  0.05]]), win=Window(...), windingRule=None)
131.5082 	EXP 	Created unnamed Line = Line(__class__=<class 'psychopy.visual.line.Line'>, autoDraw=False, autoLog=True, closeShape=False, color=array([1., 1., 1.]), colorSpace='rgb', contrast=None, depth=0, fillColor=array([0, 0, 0]), fillColorSpace='rgb', fillRGB=array([0, 0, 0]), interpolate=True, lineColor=array([1., 1., 1.]), lineColorSpace='rgb', lineRGB=array([1, 1, 1]), lineWidth=3, name='unnamed Line', opacity=0.5, ori=0.0, pos=array([0., 0.]), size=array([1., 1.]), units='norm', vertices=ndarray(...), win=Window(...), windingRule=None)
131.5102 	EXP 	Created unnamed Line = Line(__class__=<class 'psychopy.visual.line.Line'>, autoDraw=False, autoLog=True, closeShape=False, color=array([1., 1., 1.]), colorSpace='rgb', contrast=None, depth=0, fillColor=array([0, 0, 0]), fillColorSpace='rgb', fillRGB=array([0, 0, 0]), interpolate=True, lineColor=array([1., 1., 1.]), lineColorSpace='rgb', lineRGB=array([1, 1, 1]), lineWidth=3, name='unnamed Line', opacity=0.5, ori=0.0, pos=array([0., 0.]), size=array([1., 1.]), units='norm', vertices=ndarray(...), win=Window(...), windingRule=None)
131.5122 	EXP 	Created unnamed Line = Line(__class__=<class 'psychopy.visual.line.Line'>, autoDraw=False, autoLog=True, closeShape=False, color=array([1., 1., 1.]), colorSpace='rgb', contrast=None, depth=0, fillColor=array([0, 0, 0]), fillColorSpace='rgb', fillRGB=array([0, 0, 0]), interpolate=True, lineColor=array([1., 1., 1.]), lineColorSpace='rgb', lineRGB=array([1, 1, 1]), lineWidth=3, name='unnamed Line', opacity=0.5, ori=0.0, pos=array([0., 0.]), size=array([1., 1.]), units='norm', vertices=array([[ 0.5 , -0.05],
       [ 0.5 ,  0.05]]), win=Window(...), windingRule=None)
131.5242 	EXP 	Created unnamed TextStim = TextStim(__class__=<class 'psychopy.visual.text.TextStim'>, alignHoriz=method-wrapper(...), alignText='center', alignVert=method-wrapper(...), anchorHoriz='center', anchorVert='center', antialias=True, autoLog=True, bold=False, color=array([1., 1., 1.]), colorSpace='rgb', contrast=1.0, depth=0, flipHoriz=False, flipVert=False, font='', fontFiles=[], height=0.05, italic=False, languageStyle='LTR', name='unnamed TextStim', opacity=1.0, ori=0.0, pos=array([-0.5, -0.1]), rgb=UNKNOWN, text='Helt klart \n IKKE FOKUSERT', units='norm', win=Window(...), wrapWidth=1)
131.5253 	EXP 	Created unnamed TextStim = TextStim(__class__=<class 'psychopy.visual.text.TextStim'>, alignHoriz=method-wrapper(...), alignText='center', alignVert=method-wrapper(...), anchorHoriz='center', anchorVert='center', antialias=True, autoLog=True, bold=False, color=array([1., 1., 1.]), colorSpace='rgb', contrast=1.0, depth=0, flipHoriz=False, flipVert=False, font='', fontFiles=[], height=0.05, italic=False, languageStyle='LTR', name='unnamed TextStim', opacity=1.0, ori=0.0, pos=array([-0.16666667, -0.1       ]), rgb=UNKNOWN, text='', units='norm', win=Window(...), wrapWidth=1)
131.5264 	EXP 	Created unnamed TextStim = TextStim(__class__=<class 'psychopy.visual.text.TextStim'>, alignHoriz=method-wrapper(...), alignText='center', alignVert=method-wrapper(...), anchorHoriz='center', anchorVert='center', antialias=True, autoLog=True, bold=False, color=array([1., 1., 1.]), colorSpace='rgb', contrast=1.0, depth=0, flipHoriz=False, flipVert=False, font='', fontFiles=[], height=0.05, italic=False, languageStyle='LTR', name='unnamed TextStim', opacity=1.0, ori=0.0, pos=array([ 0.16666667, -0.1       ]), rgb=UNKNOWN, text='', units='norm', win=Window(...), wrapWidth=1)
131.5297 	EXP 	Created unnamed TextStim = TextStim(__class__=<class 'psychopy.visual.text.TextStim'>, alignHoriz=method-wrapper(...), alignText='center', alignVert=method-wrapper(...), anchorHoriz='center', anchorVert='center', antialias=True, autoLog=True, bold=False, color=array([1., 1., 1.]), colorSpace='rgb', contrast=1.0, depth=0, flipHoriz=False, flipVert=False, font='', fontFiles=[], height=0.05, italic=False, languageStyle='LTR', name='unnamed TextStim', opacity=1.0, ori=0.0, pos=array([ 0.5, -0.1]), rgb=UNKNOWN, text='Helt klart \n FOKUSERT', units='norm', win=Window(...), wrapWidth=1)
131.5318 	EXP 	Created unnamed ShapeStim = ShapeStim(__class__=<class 'psychopy.visual.shape.ShapeStim'>, autoDraw=False, autoLog=True, closeShape=True, color=method-wrapper(...), colorSpace='rgb', contrast=None, depth=0, fillColor=array([1, 1, 1]), fillColorSpace='rgb', fillRGB=array([1, 1, 1]), interpolate=True, lineColor=array([-1., -1., -1.]), lineColorSpace='rgb', lineRGB=array([-1, -1, -1]), lineWidth=1.5, name='unnamed ShapeStim', opacity=1.0, ori=0.0, pos=array([0., 0.]), size=array([1., 1.]), units='norm', vertices=ndarray(...), win=Window(...), windingRule=None)
131.5395 	EXP 	Created instru = TextStim(__class__=<class 'psychopy.visual.text.TextStim'>, alignHoriz=method-wrapper(...), alignText='center', alignVert=method-wrapper(...), anchorHoriz='center', anchorVert='center', antialias=True, autoLog=True, bold=False, color=array([1., 1., 1.]), colorSpace='rgb', contrast=1.0, depth=0.0, flipHoriz=False, flipVert=False, font='Arial', fontFiles=[], height=0.07, italic=False, languageStyle='LTR', name='instru', opacity=1, ori=0, pos=array([0. , 0.5]), rgb=UNKNOWN, text=str(...), units='norm', win=Window(...), wrapWidth=1)
131.5416 	EXP 	Created unnamed Line = Line(__class__=<class 'psychopy.visual.line.Line'>, autoDraw=False, autoLog=True, closeShape=False, color=array([1., 1., 1.]), colorSpace='rgb', contrast=None, depth=0, fillColor=array([0, 0, 0]), fillColorSpace='rgb', fillRGB=array([0, 0, 0]), interpolate=True, lineColor=array([1., 1., 1.]), lineColorSpace='rgb', lineRGB=array([1, 1, 1]), lineWidth=5, name='unnamed Line', opacity=0.5, ori=0.0, pos=array([0., 0.]), size=array([1., 1.]), units='norm', vertices=array([[-0.5,  0. ],
       [ 0.5,  0. ]]), win=Window(...), windingRule=None)
131.5437 	EXP 	Created unnamed Line = Line(__class__=<class 'psychopy.visual.line.Line'>, autoDraw=False, autoLog=True, closeShape=False, color=array([1., 1., 1.]), colorSpace='rgb', contrast=None, depth=0, fillColor=array([0, 0, 0]), fillColorSpace='rgb', fillRGB=array([0, 0, 0]), interpolate=True, lineColor=array([1., 1., 1.]), lineColorSpace='rgb', lineRGB=array([1, 1, 1]), lineWidth=3, name='unnamed Line', opacity=0.5, ori=0.0, pos=array([0., 0.]), size=array([1., 1.]), units='norm', vertices=array([[-0.5 , -0.05],
       [-0.5 ,  0.05]]), win=Window(...), windingRule=None)
131.5458 	EXP 	Created unnamed Line = Line(__class__=<class 'psychopy.visual.line.Line'>, autoDraw=False, autoLog=True, closeShape=False, color=array([1., 1., 1.]), colorSpace='rgb', contrast=None, depth=0, fillColor=array([0, 0, 0]), fillColorSpace='rgb', fillRGB=array([0, 0, 0]), interpolate=True, lineColor=array([1., 1., 1.]), lineColorSpace='rgb', lineRGB=array([1, 1, 1]), lineWidth=3, name='unnamed Line', opacity=0.5, ori=0.0, pos=array([0., 0.]), size=array([1., 1.]), units='norm', vertices=ndarray(...), win=Window(...), windingRule=None)
131.5479 	EXP 	Created unnamed Line = Line(__class__=<class 'psychopy.visual.line.Line'>, autoDraw=False, autoLog=True, closeShape=False, color=array([1., 1., 1.]), colorSpace='rgb', contrast=None, depth=0, fillColor=array([0, 0, 0]), fillColorSpace='rgb', fillRGB=array([0, 0, 0]), interpolate=True, lineColor=array([1., 1., 1.]), lineColorSpace='rgb', lineRGB=array([1, 1, 1]), lineWidth=3, name='unnamed Line', opacity=0.5, ori=0.0, pos=array([0., 0.]), size=array([1., 1.]), units='norm', vertices=ndarray(...), win=Window(...), windingRule=None)
131.5500 	EXP 	Created unnamed Line = Line(__class__=<class 'psychopy.visual.line.Line'>, autoDraw=False, autoLog=True, closeShape=False, color=array([1., 1., 1.]), colorSpace='rgb', contrast=None, depth=0, fillColor=array([0, 0, 0]), fillColorSpace='rgb', fillRGB=array([0, 0, 0]), interpolate=True, lineColor=array([1., 1., 1.]), lineColorSpace='rgb', lineRGB=array([1, 1, 1]), lineWidth=3, name='unnamed Line', opacity=0.5, ori=0.0, pos=array([0., 0.]), size=array([1., 1.]), units='norm', vertices=array([[ 0.5 , -0.05],
       [ 0.5 ,  0.05]]), win=Window(...), windingRule=None)
131.5555 	EXP 	Created unnamed TextStim = TextStim(__class__=<class 'psychopy.visual.text.TextStim'>, alignHoriz=method-wrapper(...), alignText='center', alignVert=method-wrapper(...), anchorHoriz='center', anchorVert='center', antialias=True, autoLog=True, bold=False, color=array([1., 1., 1.]), colorSpace='rgb', contrast=1.0, depth=0, flipHoriz=False, flipVert=False, font='', fontFiles=[], height=0.05, italic=False, languageStyle='LTR', name='unnamed TextStim', opacity=1.0, ori=0.0, pos=array([-0.5, -0.1]), rgb=UNKNOWN, text='Helt klart \n INGENTING', units='norm', win=Window(...), wrapWidth=1)
131.5567 	EXP 	Created unnamed TextStim = TextStim(__class__=<class 'psychopy.visual.text.TextStim'>, alignHoriz=method-wrapper(...), alignText='center', alignVert=method-wrapper(...), anchorHoriz='center', anchorVert='center', antialias=True, autoLog=True, bold=False, color=array([1., 1., 1.]), colorSpace='rgb', contrast=1.0, depth=0, flipHoriz=False, flipVert=False, font='', fontFiles=[], height=0.05, italic=False, languageStyle='LTR', name='unnamed TextStim', opacity=1.0, ori=0.0, pos=array([-0.16666667, -0.1       ]), rgb=UNKNOWN, text='', units='norm', win=Window(...), wrapWidth=1)
131.5578 	EXP 	Created unnamed TextStim = TextStim(__class__=<class 'psychopy.visual.text.TextStim'>, alignHoriz=method-wrapper(...), alignText='center', alignVert=method-wrapper(...), anchorHoriz='center', anchorVert='center', antialias=True, autoLog=True, bold=False, color=array([1., 1., 1.]), colorSpace='rgb', contrast=1.0, depth=0, flipHoriz=False, flipVert=False, font='', fontFiles=[], height=0.05, italic=False, languageStyle='LTR', name='unnamed TextStim', opacity=1.0, ori=0.0, pos=array([ 0.16666667, -0.1       ]), rgb=UNKNOWN, text='', units='norm', win=Window(...), wrapWidth=1)
131.5610 	EXP 	Created unnamed TextStim = TextStim(__class__=<class 'psychopy.visual.text.TextStim'>, alignHoriz=method-wrapper(...), alignText='center', alignVert=method-wrapper(...), anchorHoriz='center', anchorVert='center', antialias=True, autoLog=True, bold=False, color=array([1., 1., 1.]), colorSpace='rgb', contrast=1.0, depth=0, flipHoriz=False, flipVert=False, font='', fontFiles=[], height=0.05, italic=False, languageStyle='LTR', name='unnamed TextStim', opacity=1.0, ori=0.0, pos=array([ 0.5, -0.1]), rgb=UNKNOWN, text='Helt klart \n NOE', units='norm', win=Window(...), wrapWidth=1)
131.5629 	EXP 	Created unnamed ShapeStim = ShapeStim(__class__=<class 'psychopy.visual.shape.ShapeStim'>, autoDraw=False, autoLog=True, closeShape=True, color=method-wrapper(...), colorSpace='rgb', contrast=None, depth=0, fillColor=array([1, 1, 1]), fillColorSpace='rgb', fillRGB=array([1, 1, 1]), interpolate=True, lineColor=array([-1., -1., -1.]), lineColorSpace='rgb', lineRGB=array([-1, -1, -1]), lineWidth=1.5, name='unnamed ShapeStim', opacity=1.0, ori=0.0, pos=array([0., 0.]), size=array([1., 1.]), units='norm', vertices=ndarray(...), win=Window(...), windingRule=None)
131.5699 	EXP 	Created instru = TextStim(__class__=<class 'psychopy.visual.text.TextStim'>, alignHoriz=method-wrapper(...), alignText='center', alignVert=method-wrapper(...), anchorHoriz='center', anchorVert='center', antialias=True, autoLog=True, bold=False, color=array([1., 1., 1.]), colorSpace='rgb', contrast=1.0, depth=0.0, flipHoriz=False, flipVert=False, font='Arial', fontFiles=[], height=0.07, italic=False, languageStyle='LTR', name='instru', opacity=1, ori=0, pos=array([0. , 0.5]), rgb=UNKNOWN, text=str(...), units='norm', win=Window(...), wrapWidth=1)
131.5719 	EXP 	Created unnamed Line = Line(__class__=<class 'psychopy.visual.line.Line'>, autoDraw=False, autoLog=True, closeShape=False, color=array([1., 1., 1.]), colorSpace='rgb', contrast=None, depth=0, fillColor=array([0, 0, 0]), fillColorSpace='rgb', fillRGB=array([0, 0, 0]), interpolate=True, lineColor=array([1., 1., 1.]), lineColorSpace='rgb', lineRGB=array([1, 1, 1]), lineWidth=5, name='unnamed Line', opacity=0.5, ori=0.0, pos=array([0., 0.]), size=array([1., 1.]), units='norm', vertices=array([[-0.5,  0. ],
       [ 0.5,  0. ]]), win=Window(...), windingRule=None)
131.5739 	EXP 	Created unnamed Line = Line(__class__=<class 'psychopy.visual.line.Line'>, autoDraw=False, autoLog=True, closeShape=False, color=array([1., 1., 1.]), colorSpace='rgb', contrast=None, depth=0, fillColor=array([0, 0, 0]), fillColorSpace='rgb', fillRGB=array([0, 0, 0]), interpolate=True, lineColor=array([1., 1., 1.]), lineColorSpace='rgb', lineRGB=array([1, 1, 1]), lineWidth=3, name='unnamed Line', opacity=0.5, ori=0.0, pos=array([0., 0.]), size=array([1., 1.]), units='norm', vertices=array([[-0.5 , -0.05],
       [-0.5 ,  0.05]]), win=Window(...), windingRule=None)
131.5760 	EXP 	Created unnamed Line = Line(__class__=<class 'psychopy.visual.line.Line'>, autoDraw=False, autoLog=True, closeShape=False, color=array([1., 1., 1.]), colorSpace='rgb', contrast=None, depth=0, fillColor=array([0, 0, 0]), fillColorSpace='rgb', fillRGB=array([0, 0, 0]), interpolate=True, lineColor=array([1., 1., 1.]), lineColorSpace='rgb', lineRGB=array([1, 1, 1]), lineWidth=3, name='unnamed Line', opacity=0.5, ori=0.0, pos=array([0., 0.]), size=array([1., 1.]), units='norm', vertices=ndarray(...), win=Window(...), windingRule=None)
131.5780 	EXP 	Created unnamed Line = Line(__class__=<class 'psychopy.visual.line.Line'>, autoDraw=False, autoLog=True, closeShape=False, color=array([1., 1., 1.]), colorSpace='rgb', contrast=None, depth=0, fillColor=array([0, 0, 0]), fillColorSpace='rgb', fillRGB=array([0, 0, 0]), interpolate=True, lineColor=array([1., 1., 1.]), lineColorSpace='rgb', lineRGB=array([1, 1, 1]), lineWidth=3, name='unnamed Line', opacity=0.5, ori=0.0, pos=array([0., 0.]), size=array([1., 1.]), units='norm', vertices=ndarray(...), win=Window(...), windingRule=None)
131.5800 	EXP 	Created unnamed Line = Line(__class__=<class 'psychopy.visual.line.Line'>, autoDraw=False, autoLog=True, closeShape=False, color=array([1., 1., 1.]), colorSpace='rgb', contrast=None, depth=0, fillColor=array([0, 0, 0]), fillColorSpace='rgb', fillRGB=array([0, 0, 0]), interpolate=True, lineColor=array([1., 1., 1.]), lineColorSpace='rgb', lineRGB=array([1, 1, 1]), lineWidth=3, name='unnamed Line', opacity=0.5, ori=0.0, pos=array([0., 0.]), size=array([1., 1.]), units='norm', vertices=array([[ 0.5 , -0.05],
       [ 0.5 ,  0.05]]), win=Window(...), windingRule=None)
131.5848 	EXP 	Created unnamed TextStim = TextStim(__class__=<class 'psychopy.visual.text.TextStim'>, alignHoriz=method-wrapper(...), alignText='center', alignVert=method-wrapper(...), anchorHoriz='center', anchorVert='center', antialias=True, autoLog=True, bold=False, color=array([1., 1., 1.]), colorSpace='rgb', contrast=1.0, depth=0, flipHoriz=False, flipVert=False, font='', fontFiles=[], height=0.05, italic=False, languageStyle='LTR', name='unnamed TextStim', opacity=1.0, ori=0.0, pos=array([-0.5, -0.1]), rgb=UNKNOWN, text='Helt klart \n SPONTAN', units='norm', win=Window(...), wrapWidth=1)
131.5859 	EXP 	Created unnamed TextStim = TextStim(__class__=<class 'psychopy.visual.text.TextStim'>, alignHoriz=method-wrapper(...), alignText='center', alignVert=method-wrapper(...), anchorHoriz='center', anchorVert='center', antialias=True, autoLog=True, bold=False, color=array([1., 1., 1.]), colorSpace='rgb', contrast=1.0, depth=0, flipHoriz=False, flipVert=False, font='', fontFiles=[], height=0.05, italic=False, languageStyle='LTR', name='unnamed TextStim', opacity=1.0, ori=0.0, pos=array([-0.16666667, -0.1       ]), rgb=UNKNOWN, text='', units='norm', win=Window(...), wrapWidth=1)
131.5869 	EXP 	Created unnamed TextStim = TextStim(__class__=<class 'psychopy.visual.text.TextStim'>, alignHoriz=method-wrapper(...), alignText='center', alignVert=method-wrapper(...), anchorHoriz='center', anchorVert='center', antialias=True, autoLog=True, bold=False, color=array([1., 1., 1.]), colorSpace='rgb', contrast=1.0, depth=0, flipHoriz=False, flipVert=False, font='', fontFiles=[], height=0.05, italic=False, languageStyle='LTR', name='unnamed TextStim', opacity=1.0, ori=0.0, pos=array([ 0.16666667, -0.1       ]), rgb=UNKNOWN, text='', units='norm', win=Window(...), wrapWidth=1)
131.5917 	EXP 	Created unnamed TextStim = TextStim(__class__=<class 'psychopy.visual.text.TextStim'>, alignHoriz=method-wrapper(...), alignText='center', alignVert=method-wrapper(...), anchorHoriz='center', anchorVert='center', antialias=True, autoLog=True, bold=False, color=array([1., 1., 1.]), colorSpace='rgb', contrast=1.0, depth=0, flipHoriz=False, flipVert=False, font='', fontFiles=[], height=0.05, italic=False, languageStyle='LTR', name='unnamed TextStim', opacity=1.0, ori=0.0, pos=array([ 0.5, -0.1]), rgb=UNKNOWN, text='Helt klart \n BEVISST', units='norm', win=Window(...), wrapWidth=1)
131.5938 	EXP 	Created unnamed ShapeStim = ShapeStim(__class__=<class 'psychopy.visual.shape.ShapeStim'>, autoDraw=False, autoLog=True, closeShape=True, color=method-wrapper(...), colorSpace='rgb', contrast=None, depth=0, fillColor=array([1, 1, 1]), fillColorSpace='rgb', fillRGB=array([1, 1, 1]), interpolate=True, lineColor=array([-1., -1., -1.]), lineColorSpace='rgb', lineRGB=array([-1, -1, -1]), lineWidth=1.5, name='unnamed ShapeStim', opacity=1.0, ori=0.0, pos=array([0., 0.]), size=array([1., 1.]), units='norm', vertices=ndarray(...), win=Window(...), windingRule=None)
131.6443 	EXP 	Sound  set volume 1.000
131.6752 	EXP 	unnamed ShapeStim: vertices = <class 'numpy.ndarray'>
131.6752 	EXP 	unnamed ShapeStim: vertices = <class 'numpy.ndarray'>
131.6752 	EXP 	unnamed ShapeStim: vertices = <class 'numpy.ndarray'>
141.7673 	DATA 	Keypress: rctrl
142.2978 	EXP 	Sound  started
142.8874 	DATA 	Keypress: rctrl
143.0478 	EXP 	Sound  started
143.6073 	DATA 	Keypress: lctrl
143.7978 	EXP 	Sound  started
144.3753 	DATA 	Keypress: lctrl
144.5479 	EXP 	Sound  started
145.1913 	DATA 	Keypress: rctrl
145.2979 	EXP 	Sound  started
145.9434 	DATA 	Keypress: lctrl
146.0479 	EXP 	Sound  started
146.6793 	DATA 	Keypress: lctrl
146.7979 	EXP 	Sound  started
147.3673 	DATA 	Keypress: lctrl
147.5479 	EXP 	Sound  started
148.1033 	DATA 	Keypress: rctrl
148.2979 	EXP 	Sound  started
148.8393 	DATA 	Keypress: lctrl
149.0479 	EXP 	Sound  started
149.6553 	DATA 	Keypress: rctrl
149.7980 	EXP 	Sound  started
150.4073 	DATA 	Keypress: lctrl
150.5480 	EXP 	Sound  started
151.1593 	DATA 	Keypress: lctrl
151.2980 	EXP 	Sound  started
151.8634 	DATA 	Keypress: lctrl
152.0480 	EXP 	Sound  started
152.6313 	DATA 	Keypress: rctrl
152.7980 	EXP 	Sound  started
153.3673 	DATA 	Keypress: rctrl
153.5480 	EXP 	Sound  started
154.1194 	DATA 	Keypress: lctrl
154.2980 	EXP 	Sound  started
154.8713 	DATA 	Keypress: lctrl
155.0481 	EXP 	Sound  started
155.6233 	DATA 	Keypress: lctrl
155.7981 	EXP 	Sound  started
156.3593 	DATA 	Keypress: rctrl
156.5481 	EXP 	Sound  started
157.1113 	DATA 	Keypress: rctrl
157.2981 	EXP 	Sound  started
157.9114 	DATA 	Keypress: rctrl
158.0481 	EXP 	Sound  started
158.6474 	DATA 	Keypress: rctrl
158.7981 	EXP 	Sound  started
159.3673 	DATA 	Keypress: lctrl
159.5481 	EXP 	Sound  started
160.1514 	DATA 	Keypress: lctrl
160.2982 	EXP 	Sound  started
160.8553 	DATA 	Keypress: rctrl
161.0482 	EXP 	Sound  started
161.6553 	DATA 	Keypress: lctrl
161.7982 	EXP 	Sound  started
162.4553 	DATA 	Keypress: lctrl
162.5482 	EXP 	Sound  started
163.1593 	DATA 	Keypress: lctrl
163.2982 	EXP 	Sound  started
163.9274 	DATA 	Keypress: lctrl
164.0482 	EXP 	Sound  started
164.6793 	DATA 	Keypress: lctrl
164.7982 	EXP 	Sound  started
165.4153 	DATA 	Keypress: lctrl
165.5482 	EXP 	Sound  started
166.1033 	DATA 	Keypress: rctrl
166.2983 	EXP 	Sound  started
166.8072 	DATA 	Keypress: rctrl
167.0483 	EXP 	Sound  started
167.6073 	DATA 	Keypress: lctrl
167.7983 	EXP 	Sound  started
168.3594 	DATA 	Keypress: lctrl
168.5483 	EXP 	Sound  started
169.2983 	EXP 	Sound  started
169.3034 	DATA 	Keypress: lctrl
170.0233 	DATA 	Keypress: rctrl
170.0483 	EXP 	Sound  started
170.7593 	DATA 	Keypress: rctrl
170.7983 	EXP 	Sound  started
171.4793 	DATA 	Keypress: rctrl
171.5484 	EXP 	Sound  started
172.2152 	DATA 	Keypress: rctrl
172.2984 	EXP 	Sound  started
172.9353 	DATA 	Keypress: rctrl
173.0484 	EXP 	Sound  started
173.7033 	DATA 	Keypress: lctrl
173.7984 	EXP 	Sound  started
174.4072 	DATA 	Keypress: lctrl
174.5484 	EXP 	Sound  started
175.1753 	DATA 	Keypress: lctrl
175.2984 	EXP 	Sound  started
175.9113 	DATA 	Keypress: rctrl
176.0485 	EXP 	Sound  started
176.6313 	DATA 	Keypress: rctrl
176.7985 	EXP 	Sound  started
177.3833 	DATA 	Keypress: lctrl
177.5485 	EXP 	Sound  started
178.1193 	DATA 	Keypress: lctrl
178.2985 	EXP 	Sound  started
178.9193 	DATA 	Keypress: lctrl
179.0485 	EXP 	Sound  started
179.6874 	DATA 	Keypress: lctrl
179.7985 	EXP 	Sound  started
180.4393 	DATA 	Keypress: lctrl
180.5485 	EXP 	Sound  started
181.2233 	DATA 	Keypress: lctrl
181.2986 	EXP 	Sound  started
181.9913 	DATA 	Keypress: lctrl
182.0486 	EXP 	Sound  started
182.6793 	DATA 	Keypress: rctrl
182.7986 	EXP 	Sound  started
183.4153 	DATA 	Keypress: rctrl
183.5874 	EXP 	unnamed TextStim: text = ''
183.5874 	EXP 	unnamed TextStim: text = ''
186.1381 	DATA 	Keypress: 4
186.1546 	EXP 	unnamed ShapeStim: vertices = <class 'numpy.ndarray'>
187.6892 	EXP 	unnamed TextStim: text = ''
187.6892 	EXP 	unnamed TextStim: text = ''
191.4258 	DATA 	Keypress: 3
191.4423 	EXP 	unnamed ShapeStim: vertices = <class 'numpy.ndarray'>
192.9769 	EXP 	unnamed TextStim: text = ''
192.9769 	EXP 	unnamed TextStim: text = ''
194.2826 	DATA 	Keypress: 3
194.3113 	EXP 	unnamed ShapeStim: vertices = <class 'numpy.ndarray'>
196.5965 	EXP 	Sound  started
197.2393 	DATA 	Keypress: lctrl
197.3465 	EXP 	Sound  started
197.9273 	DATA 	Keypress: rctrl
198.0966 	EXP 	Sound  started
198.6953 	DATA 	Keypress: lctrl
198.8466 	EXP 	Sound  started
199.5113 	DATA 	Keypress: lctrl
199.5966 	EXP 	Sound  started
200.2953 	DATA 	Keypress: rctrl
200.3466 	EXP 	Sound  started
201.0153 	DATA 	Keypress: lctrl
201.0966 	EXP 	Sound  started
201.7193 	DATA 	Keypress: lctrl
201.8466 	EXP 	Sound  started
202.5353 	DATA 	Keypress: rctrl
202.5966 	EXP 	Sound  started
203.3192 	DATA 	Keypress: lctrl
203.3466 	EXP 	Sound  started
204.0393 	DATA 	Keypress: lctrl
204.0967 	EXP 	Sound  started
204.7753 	DATA 	Keypress: lctrl
204.8467 	EXP 	Sound  started
205.5272 	DATA 	Keypress: lctrl
205.5967 	EXP 	Sound  started
206.2313 	DATA 	Keypress: lctrl
206.3467 	EXP 	Sound  started
206.9833 	DATA 	Keypress: rctrl
207.0967 	EXP 	Sound  started
207.7352 	DATA 	Keypress: rctrl
207.8467 	EXP 	Sound  started
208.5033 	DATA 	Keypress: lctrl
208.5967 	EXP 	Sound  started
209.2072 	DATA 	Keypress: lctrl
209.3468 	EXP 	Sound  started
209.9752 	DATA 	Keypress: rctrl
210.0968 	EXP 	Sound  started
210.7113 	DATA 	Keypress: rctrl
210.8468 	EXP 	Sound  started
211.4793 	DATA 	Keypress: rctrl
211.5968 	EXP 	Sound  started
212.1833 	DATA 	Keypress: lctrl
212.3468 	EXP 	Sound  started
212.9673 	DATA 	Keypress: lctrl
213.0968 	EXP 	Sound  started
213.8469 	EXP 	Sound  started
213.8953 	DATA 	Keypress: lctrl
214.4714 	DATA 	Keypress: lctrl
214.5969 	EXP 	Sound  started
215.3353 	DATA 	Keypress: lctrl
215.3469 	EXP 	Sound  started
216.0393 	DATA 	Keypress: rctrl
216.0969 	EXP 	Sound  started
216.7432 	DATA 	Keypress: rctrl
216.8469 	EXP 	Sound  started
217.4952 	DATA 	Keypress: rctrl
217.5969 	EXP 	Sound  started
218.2793 	DATA 	Keypress: rctrl
218.3469 	EXP 	Sound  started
219.0793 	DATA 	Keypress: rctrl
219.0970 	EXP 	Sound  started
219.8470 	EXP 	Sound  started
219.8472 	DATA 	Keypress: lctrl
220.5833 	DATA 	Keypress: rctrl
220.5970 	EXP 	Sound  started
221.3033 	DATA 	Keypress: lctrl
221.3470 	EXP 	Sound  started
222.0873 	DATA 	Keypress: lctrl
222.0970 	EXP 	Sound  started
222.8072 	DATA 	Keypress: rctrl
222.8470 	EXP 	Sound  started
223.5272 	DATA 	Keypress: lctrl
223.5971 	EXP 	Sound  started
224.3471 	EXP 	Sound  started
225.0793 	DATA 	Keypress: lctrl
225.0971 	EXP 	Sound  started
225.8313 	DATA 	Keypress: rctrl
225.8471 	EXP 	Sound  started
226.5513 	DATA 	Keypress: rctrl
226.5971 	EXP 	Sound  started
227.2232 	DATA 	Keypress: lctrl
227.3471 	EXP 	Sound  started
227.9432 	DATA 	Keypress: rctrl
228.0971 	EXP 	Sound  started
228.7272 	DATA 	Keypress: lctrl
228.8471 	EXP 	Sound  started
229.4633 	DATA 	Keypress: lctrl
229.5972 	EXP 	Sound  started
230.1832 	DATA 	Keypress: rctrl
230.3472 	EXP 	Sound  started
230.9035 	DATA 	Keypress: rctrl
231.0972 	EXP 	Sound  started
231.6232 	DATA 	Keypress: rctrl
231.8472 	EXP 	Sound  started
232.4553 	DATA 	Keypress: rctrl
232.5972 	EXP 	Sound  started
233.2872 	DATA 	Keypress: rctrl
233.3472 	EXP 	Sound  started
234.0873 	DATA 	Keypress: rctrl
234.0972 	EXP 	Sound  started
234.7912 	DATA 	Keypress: lctrl
234.8473 	EXP 	Sound  started
235.5113 	DATA 	Keypress: lctrl
235.5973 	EXP 	Sound  started
236.2952 	DATA 	Keypress: lctrl
236.3473 	EXP 	Sound  started
237.0973 	EXP 	Sound  started
237.7993 	DATA 	Keypress: lctrl
237.8473 	EXP 	Sound  started
238.4872 	DATA 	Keypress: rctrl
238.5973 	EXP 	Sound  started
239.2552 	DATA 	Keypress: lctrl
239.3474 	EXP 	Sound  started
240.0073 	DATA 	Keypress: rctrl
240.0974 	EXP 	Sound  started
240.7272 	DATA 	Keypress: rctrl
240.8474 	EXP 	Sound  started
241.5273 	DATA 	Keypress: lctrl
241.5974 	EXP 	Sound  started
242.2152 	DATA 	Keypress: lctrl
242.3474 	EXP 	Sound  started
242.9193 	DATA 	Keypress: lctrl
243.0974 	EXP 	Sound  started
243.7353 	DATA 	Keypress: lctrl
243.8474 	EXP 	Sound  started
244.4392 	DATA 	Keypress: rctrl
244.5974 	EXP 	Sound  started
245.2552 	DATA 	Keypress: lctrl
245.3475 	EXP 	Sound  started
246.0393 	DATA 	Keypress: rctrl
246.0975 	EXP 	Sound  started
246.7753 	DATA 	Keypress: rctrl
246.8475 	EXP 	Sound  started
247.4633 	DATA 	Keypress: lctrl
247.5975 	EXP 	Sound  started
248.2313 	DATA 	Keypress: rctrl
248.3475 	EXP 	Sound  started
248.9672 	DATA 	Keypress: lctrl
249.0975 	EXP 	Sound  started
249.7032 	DATA 	Keypress: rctrl
249.8475 	EXP 	Sound  started
250.5976 	EXP 	Sound  started
251.3192 	DATA 	Keypress: lctrl
251.3476 	EXP 	Sound  started
252.0553 	DATA 	Keypress: lctrl
252.0976 	EXP 	Sound  started
252.7593 	DATA 	Keypress: lctrl
252.8476 	EXP 	Sound  started
253.4632 	DATA 	Keypress: lctrl
253.5976 	EXP 	Sound  started
254.2473 	DATA 	Keypress: rctrl
260.3155 	DATA 	Keypress: 3
260.3320 	EXP 	unnamed ShapeStim: vertices = <class 'numpy.ndarray'>
264.3688 	DATA 	Keypress: 3
264.3854 	EXP 	unnamed ShapeStim: vertices = <class 'numpy.ndarray'>
276.2826 	DATA 	Keypress: 4
276.3118 	EXP 	unnamed ShapeStim: vertices = <class 'numpy.ndarray'>
278.5962 	EXP 	Sound  started
278.6792 	DATA 	Keypress: lctrl
279.3032 	DATA 	Keypress: lctrl
279.3462 	EXP 	Sound  started
279.9592 	DATA 	Keypress: lctrl
280.0962 	EXP 	Sound  started
280.7272 	DATA 	Keypress: rctrl
280.8462 	EXP 	Sound  started
281.4792 	DATA 	Keypress: rctrl
281.5962 	EXP 	Sound  started
282.1832 	DATA 	Keypress: lctrl
282.3462 	EXP 	Sound  started
282.9512 	DATA 	Keypress: rctrl
283.0962 	EXP 	Sound  started
283.7672 	DATA 	Keypress: lctrl
283.8462 	EXP 	Sound  started
284.5672 	DATA 	Keypress: lctrl
284.5963 	EXP 	Sound  started
285.2873 	DATA 	Keypress: lctrl
285.3463 	EXP 	Sound  started
285.9432 	DATA 	Keypress: lctrl
286.0963 	EXP 	Sound  started
286.8463 	EXP 	Sound  started
287.5592 	DATA 	Keypress: rctrl
287.5963 	EXP 	Sound  started
288.3432 	DATA 	Keypress: rctrl
288.3463 	EXP 	Sound  started
289.0964 	EXP 	Sound  started
289.1112 	DATA 	Keypress: rctrl
289.7672 	DATA 	Keypress: lctrl
289.8464 	EXP 	Sound  started
290.4552 	DATA 	Keypress: rctrl
290.5964 	EXP 	Sound  started
291.1752 	DATA 	Keypress: lctrl
291.3464 	EXP 	Sound  started
291.9272 	DATA 	Keypress: lctrl
292.0964 	EXP 	Sound  started
292.6632 	DATA 	Keypress: rctrl
292.8464 	EXP 	Sound  started
293.3992 	DATA 	Keypress: rctrl
293.5965 	EXP 	Sound  started
294.1512 	DATA 	Keypress: lctrl
294.3465 	EXP 	Sound  started
294.9192 	DATA 	Keypress: rctrl
295.0965 	EXP 	Sound  started
295.7032 	DATA 	Keypress: lctrl
295.8465 	EXP 	Sound  started
296.4392 	DATA 	Keypress: rctrl
296.5965 	EXP 	Sound  started
297.1912 	DATA 	Keypress: rctrl
297.3465 	EXP 	Sound  started
297.9272 	DATA 	Keypress: rctrl
298.0965 	EXP 	Sound  started
298.6472 	DATA 	Keypress: lctrl
298.8465 	EXP 	Sound  started
299.3832 	DATA 	Keypress: rctrl
299.5965 	EXP 	Sound  started
300.2152 	DATA 	Keypress: rctrl
300.3466 	EXP 	Sound  started
300.9352 	DATA 	Keypress: lctrl
301.0966 	EXP 	Sound  started
301.7032 	DATA 	Keypress: lctrl
301.8466 	EXP 	Sound  started
302.4232 	DATA 	Keypress: rctrl
302.5966 	EXP 	Sound  started
303.1593 	DATA 	Keypress: lctrl
303.3466 	EXP 	Sound  started
303.9432 	DATA 	Keypress: lctrl
304.0966 	EXP 	Sound  started
304.7272 	DATA 	Keypress: rctrl
304.8466 	EXP 	Sound  started
305.4632 	DATA 	Keypress: lctrl
305.5967 	EXP 	Sound  started
306.1992 	DATA 	Keypress: rctrl
306.3467 	EXP 	Sound  started
306.9672 	DATA 	Keypress: rctrl
307.0967 	EXP 	Sound  started
307.7512 	DATA 	Keypress: lctrl
307.8467 	EXP 	Sound  started
308.4712 	DATA 	Keypress: lctrl
308.5967 	EXP 	Sound  started
309.1912 	DATA 	Keypress: lctrl
309.3467 	EXP 	Sound  started
309.9272 	DATA 	Keypress: rctrl
310.0967 	EXP 	Sound  started
310.6632 	DATA 	Keypress: rctrl
310.8468 	EXP 	Sound  started
311.4312 	DATA 	Keypress: lctrl
311.5968 	EXP 	Sound  started
312.1832 	DATA 	Keypress: lctrl
312.3468 	EXP 	Sound  started
312.9512 	DATA 	Keypress: lctrl
313.0968 	EXP 	Sound  started
313.7672 	DATA 	Keypress: lctrl
313.8468 	EXP 	Sound  started
314.4712 	DATA 	Keypress: lctrl
314.5968 	EXP 	Sound  started
315.2712 	DATA 	Keypress: rctrl
315.3469 	EXP 	Sound  started
316.0232 	DATA 	Keypress: rctrl
316.0969 	EXP 	Sound  started
316.8072 	DATA 	Keypress: lctrl
316.8469 	EXP 	Sound  started
317.4793 	DATA 	Keypress: lctrl
317.5969 	EXP 	Sound  started
318.2792 	DATA 	Keypress: rctrl
318.3469 	EXP 	Sound  started
319.0472 	DATA 	Keypress: rctrl
319.0969 	EXP 	Sound  started
319.8152 	DATA 	Keypress: rctrl
319.8469 	EXP 	Sound  started
320.4712 	DATA 	Keypress: lctrl
320.5970 	EXP 	Sound  started
321.2392 	DATA 	Keypress: lctrl
321.3470 	EXP 	Sound  started
322.0392 	DATA 	Keypress: lctrl
322.0970 	EXP 	Sound  started
322.8071 	DATA 	Keypress: lctrl
322.8470 	EXP 	Sound  started
323.5432 	DATA 	Keypress: rctrl
323.5970 	EXP 	Sound  started
324.2472 	DATA 	Keypress: rctrl
324.3470 	EXP 	Sound  started
324.9992 	DATA 	Keypress: lctrl
325.0970 	EXP 	Sound  started
325.7672 	DATA 	Keypress: rctrl
325.8471 	EXP 	Sound  started
326.5032 	DATA 	Keypress: rctrl
326.5971 	EXP 	Sound  started
327.3471 	EXP 	Sound  started
327.3832 	DATA 	Keypress: lctrl
328.0392 	DATA 	Keypress: lctrl
328.0971 	EXP 	Sound  started
328.7272 	DATA 	Keypress: lctrl
328.8471 	EXP 	Sound  started
329.4313 	DATA 	Keypress: rctrl
329.5971 	EXP 	Sound  started
330.1832 	DATA 	Keypress: lctrl
330.3472 	EXP 	Sound  started
330.9992 	DATA 	Keypress: lctrl
331.0972 	EXP 	Sound  started
331.7192 	DATA 	Keypress: lctrl
331.8474 	EXP 	Sound  started
332.5352 	DATA 	Keypress: rctrl
332.5974 	EXP 	Sound  started
333.2232 	DATA 	Keypress: lctrl
335.9774 	DATA 	Keypress: 3
335.9940 	EXP 	unnamed ShapeStim: vertices = <class 'numpy.ndarray'>
346.5068 	DATA 	Keypress: 3
346.5360 	EXP 	unnamed ShapeStim: vertices = <class 'numpy.ndarray'>
362.6493 	DATA 	Keypress: 2
362.6658 	EXP 	unnamed ShapeStim: vertices = <class 'numpy.ndarray'>
364.9504 	EXP 	Sound  started
365.1752 	DATA 	Keypress: lctrl
365.7003 	EXP 	Sound  started
365.7191 	DATA 	Keypress: lctrl
366.3432 	DATA 	Keypress: rctrl
366.4503 	EXP 	Sound  started
367.0632 	DATA 	Keypress: rctrl
367.2003 	EXP 	Sound  started
367.7672 	DATA 	Keypress: lctrl
367.9503 	EXP 	Sound  started
368.4872 	DATA 	Keypress: rctrl
368.7003 	EXP 	Sound  started
369.2231 	DATA 	Keypress: rctrl
369.4503 	EXP 	Sound  started
369.7671 	DATA 	Keypress: rctrl
370.2004 	EXP 	Sound  started
370.8711 	DATA 	Keypress: rctrl
370.9504 	EXP 	Sound  started
371.5752 	DATA 	Keypress: rctrl
371.7004 	EXP 	Sound  started
372.3111 	DATA 	Keypress: lctrl
372.4504 	EXP 	Sound  started
373.0632 	DATA 	Keypress: lctrl
373.2004 	EXP 	Sound  started
373.8152 	DATA 	Keypress: rctrl
373.9504 	EXP 	Sound  started
374.6151 	DATA 	Keypress: rctrl
374.7005 	EXP 	Sound  started
375.3671 	DATA 	Keypress: rctrl
375.4505 	EXP 	Sound  started
376.0711 	DATA 	Keypress: rctrl
376.2005 	EXP 	Sound  started
376.8872 	DATA 	Keypress: rctrl
376.9505 	EXP 	Sound  started
377.6711 	DATA 	Keypress: lctrl
377.7005 	EXP 	Sound  started
378.4072 	DATA 	Keypress: rctrl
378.4505 	EXP 	Sound  started
379.1752 	DATA 	Keypress: lctrl
379.2005 	EXP 	Sound  started
379.9506 	EXP 	Sound  started
380.0071 	DATA 	Keypress: lctrl
380.5511 	DATA 	Keypress: lctrl
380.7006 	EXP 	Sound  started
381.4471 	DATA 	Keypress: lctrl
381.4506 	EXP 	Sound  started
382.1511 	DATA 	Keypress: rctrl
382.2006 	EXP 	Sound  started
382.9192 	DATA 	Keypress: rctrl
382.9506 	EXP 	Sound  started
383.5911 	DATA 	Keypress: lctrl
383.7006 	EXP 	Sound  started
384.3272 	DATA 	Keypress: rctrl
384.4506 	EXP 	Sound  started
385.0793 	DATA 	Keypress: rctrl
385.2007 	EXP 	Sound  started
385.8311 	DATA 	Keypress: lctrl
385.9507 	EXP 	Sound  started
386.5671 	DATA 	Keypress: lctrl
386.7007 	EXP 	Sound  started
387.3351 	DATA 	Keypress: lctrl
387.4507 	EXP 	Sound  started
388.0711 	DATA 	Keypress: rctrl
388.2007 	EXP 	Sound  started
388.7592 	DATA 	Keypress: lctrl
388.9507 	EXP 	Sound  started
389.5751 	DATA 	Keypress: rctrl
389.7007 	EXP 	Sound  started
390.3272 	DATA 	Keypress: rctrl
390.4508 	EXP 	Sound  started
391.0632 	DATA 	Keypress: lctrl
391.2008 	EXP 	Sound  started
391.8151 	DATA 	Keypress: rctrl
391.9508 	EXP 	Sound  started
392.5511 	DATA 	Keypress: rctrl
392.7008 	EXP 	Sound  started
393.3192 	DATA 	Keypress: rctrl
393.4508 	EXP 	Sound  started
394.0872 	DATA 	Keypress: lctrl
394.2008 	EXP 	Sound  started
394.7592 	DATA 	Keypress: rctrl
394.9508 	EXP 	Sound  started
395.5592 	DATA 	Keypress: lctrl
395.7008 	EXP 	Sound  started
396.2792 	DATA 	Keypress: lctrl
396.4509 	EXP 	Sound  started
397.0952 	DATA 	Keypress: lctrl
397.2009 	EXP 	Sound  started
397.8631 	DATA 	Keypress: lctrl
397.9509 	EXP 	Sound  started
398.5832 	DATA 	Keypress: rctrl
398.7009 	EXP 	Sound  started
399.3191 	DATA 	Keypress: lctrl
399.4509 	EXP 	Sound  started
400.1191 	DATA 	Keypress: lctrl
400.2009 	EXP 	Sound  started
400.8551 	DATA 	Keypress: lctrl
400.9510 	EXP 	Sound  started
401.5591 	DATA 	Keypress: rctrl
401.7010 	EXP 	Sound  started
402.2952 	DATA 	Keypress: rctrl
402.4510 	EXP 	Sound  started
403.1112 	DATA 	Keypress: lctrl
403.2010 	EXP 	Sound  started
403.8631 	DATA 	Keypress: lctrl
403.9510 	EXP 	Sound  started
404.6151 	DATA 	Keypress: lctrl
404.7010 	EXP 	Sound  started
405.4510 	EXP 	Sound  started
406.1831 	DATA 	Keypress: lctrl
406.2011 	EXP 	Sound  started
406.8711 	DATA 	Keypress: rctrl
406.9511 	EXP 	Sound  started
407.7011 	EXP 	Sound  started
408.3592 	DATA 	Keypress: lctrl
408.4511 	EXP 	Sound  started
409.1111 	DATA 	Keypress: lctrl
409.2011 	EXP 	Sound  started
409.9111 	DATA 	Keypress: lctrl
409.9511 	EXP 	Sound  started
410.5671 	DATA 	Keypress: rctrl
410.7012 	EXP 	Sound  started
411.3351 	DATA 	Keypress: rctrl
411.4512 	EXP 	Sound  started
412.0551 	DATA 	Keypress: rctrl
412.2012 	EXP 	Sound  started
412.8551 	DATA 	Keypress: rctrl
412.9512 	EXP 	Sound  started
413.6391 	DATA 	Keypress: lctrl
413.7012 	EXP 	Sound  started
414.4072 	DATA 	Keypress: lctrl
414.4512 	EXP 	Sound  started
415.1751 	DATA 	Keypress: lctrl
415.2012 	EXP 	Sound  started
415.8631 	DATA 	Keypress: lctrl
415.9513 	EXP 	Sound  started
416.6312 	DATA 	Keypress: rctrl
416.7013 	EXP 	Sound  started
417.3991 	DATA 	Keypress: lctrl
417.4513 	EXP 	Sound  started
418.1831 	DATA 	Keypress: lctrl
418.2013 	EXP 	Sound  started
418.8391 	DATA 	Keypress: lctrl
418.9513 	EXP 	Sound  started
419.5751 	DATA 	Keypress: rctrl
419.7013 	EXP 	Sound  started
420.3591 	DATA 	Keypress: rctrl
420.4513 	EXP 	Sound  started
421.0791 	DATA 	Keypress: lctrl
421.2014 	EXP 	Sound  started
421.8311 	DATA 	Keypress: lctrl
421.9514 	EXP 	Sound  started
422.5991 	DATA 	Keypress: lctrl
422.7014 	EXP 	Sound  started
423.3671 	DATA 	Keypress: lctrl
423.4514 	EXP 	Sound  started
424.1351 	DATA 	Keypress: rctrl
424.2014 	EXP 	Sound  started
424.8712 	DATA 	Keypress: rctrl
424.9514 	EXP 	Sound  started
425.6552 	DATA 	Keypress: rctrl
425.7014 	EXP 	Sound  started
426.4392 	DATA 	Keypress: rctrl
426.4515 	EXP 	Sound  started
427.1431 	DATA 	Keypress: rctrl
431.4723 	DATA 	Keypress: 3
431.4889 	EXP 	unnamed ShapeStim: vertices = <class 'numpy.ndarray'>
434.1417 	DATA 	Keypress: 3
434.1582 	EXP 	unnamed ShapeStim: vertices = <class 'numpy.ndarray'>
436.5937 	DATA 	Keypress: 4
436.6102 	EXP 	unnamed ShapeStim: vertices = <class 'numpy.ndarray'>
438.8953 	EXP 	Sound  started
439.1912 	DATA 	Keypress: lctrl
439.6453 	EXP 	Sound  started
439.7511 	DATA 	Keypress: lctrl
440.3431 	DATA 	Keypress: lctrl
440.3953 	EXP 	Sound  started
441.1453 	EXP 	Sound  started
441.1591 	DATA 	Keypress: rctrl
441.8791 	DATA 	Keypress: lctrl
441.8953 	EXP 	Sound  started
442.6454 	EXP 	Sound  started
443.3954 	EXP 	Sound  started
443.4151 	DATA 	Keypress: lctrl
444.0391 	DATA 	Keypress: rctrl
444.1454 	EXP 	Sound  started
444.7911 	DATA 	Keypress: lctrl
444.8954 	EXP 	Sound  started
445.5431 	DATA 	Keypress: lctrl
445.6454 	EXP 	Sound  started
446.2471 	DATA 	Keypress: lctrl
446.3954 	EXP 	Sound  started
446.9511 	DATA 	Keypress: lctrl
447.1454 	EXP 	Sound  started
447.8311 	DATA 	Keypress: lctrl
447.8954 	EXP 	Sound  started
448.5992 	DATA 	Keypress: lctrl
448.6455 	EXP 	Sound  started
449.3511 	DATA 	Keypress: lctrl
449.3955 	EXP 	Sound  started
450.1031 	DATA 	Keypress: lctrl
450.1455 	EXP 	Sound  started
450.8955 	EXP 	Sound  started
450.9191 	DATA 	Keypress: rctrl
451.5751 	DATA 	Keypress: lctrl
451.6455 	EXP 	Sound  started
452.3111 	DATA 	Keypress: rctrl
452.3955 	EXP 	Sound  started
453.0631 	DATA 	Keypress: rctrl
453.1455 	EXP 	Sound  started
453.8791 	DATA 	Keypress: rctrl
453.8955 	EXP 	Sound  started
454.5991 	DATA 	Keypress: rctrl
454.6456 	EXP 	Sound  started
455.3832 	DATA 	Keypress: lctrl
455.3956 	EXP 	Sound  started
456.1456 	EXP 	Sound  started
456.1511 	DATA 	Keypress: lctrl
456.8551 	DATA 	Keypress: rctrl
456.8956 	EXP 	Sound  started
457.6231 	DATA 	Keypress: rctrl
457.6456 	EXP 	Sound  started
458.3751 	DATA 	Keypress: lctrl
458.3956 	EXP 	Sound  started
459.0631 	DATA 	Keypress: lctrl
459.1457 	EXP 	Sound  started
459.7992 	DATA 	Keypress: rctrl
459.8957 	EXP 	Sound  started
460.5191 	DATA 	Keypress: lctrl
460.6457 	EXP 	Sound  started
461.2551 	DATA 	Keypress: lctrl
461.3957 	EXP 	Sound  started
462.0392 	DATA 	Keypress: rctrl
462.1457 	EXP 	Sound  started
462.8071 	DATA 	Keypress: rctrl
462.8957 	EXP 	Sound  started
463.5271 	DATA 	Keypress: lctrl
463.6457 	EXP 	Sound  started
464.3431 	DATA 	Keypress: lctrl
464.3958 	EXP 	Sound  started
465.0951 	DATA 	Keypress: rctrl
465.1458 	EXP 	Sound  started
465.8151 	DATA 	Keypress: rctrl
465.8958 	EXP 	Sound  started
466.5831 	DATA 	Keypress: lctrl
466.6458 	EXP 	Sound  started
467.2871 	DATA 	Keypress: lctrl
467.3958 	EXP 	Sound  started
468.1031 	DATA 	Keypress: rctrl
468.1458 	EXP 	Sound  started
468.8391 	DATA 	Keypress: rctrl
468.8958 	EXP 	Sound  started
469.6231 	DATA 	Keypress: lctrl
469.6459 	EXP 	Sound  started
470.3272 	DATA 	Keypress: lctrl
470.3959 	EXP 	Sound  started
471.0951 	DATA 	Keypress: rctrl
471.1459 	EXP 	Sound  started
471.8311 	DATA 	Keypress: lctrl
471.8959 	EXP 	Sound  started
472.5511 	DATA 	Keypress: rctrl
472.6459 	EXP 	Sound  started
473.3351 	DATA 	Keypress: rctrl
473.3959 	EXP 	Sound  started
474.1460 	EXP 	Sound  started
474.2951 	DATA 	Keypress: lctrl
474.8871 	DATA 	Keypress: lctrl
474.8960 	EXP 	Sound  started
475.6071 	DATA 	Keypress: lctrl
475.6460 	EXP 	Sound  started
476.3960 	EXP 	Sound  started
476.4071 	DATA 	Keypress: lctrl
477.0471 	DATA 	Keypress: rctrl
477.1460 	EXP 	Sound  started
477.7191 	DATA 	Keypress: rctrl
477.8960 	EXP 	Sound  started
478.5192 	DATA 	Keypress: lctrl
478.6460 	EXP 	Sound  started
479.2231 	DATA 	Keypress: lctrl
479.3961 	EXP 	Sound  started
480.1191 	DATA 	Keypress: lctrl
480.1461 	EXP 	Sound  started
480.8871 	DATA 	Keypress: lctrl
480.8961 	EXP 	Sound  started
481.5751 	DATA 	Keypress: rctrl
481.6461 	EXP 	Sound  started
482.2792 	DATA 	Keypress: lctrl
482.3961 	EXP 	Sound  started
483.1111 	DATA 	Keypress: lctrl
483.1461 	EXP 	Sound  started
483.7991 	DATA 	Keypress: lctrl
483.8961 	EXP 	Sound  started
484.5511 	DATA 	Keypress: rctrl
484.6462 	EXP 	Sound  started
485.2710 	DATA 	Keypress: rctrl
485.3962 	EXP 	Sound  started
486.0391 	DATA 	Keypress: lctrl
486.1462 	EXP 	Sound  started
486.7751 	DATA 	Keypress: lctrl
486.8962 	EXP 	Sound  started
487.5111 	DATA 	Keypress: lctrl
487.6462 	EXP 	Sound  started
488.2310 	DATA 	Keypress: lctrl
488.3962 	EXP 	Sound  started
489.0150 	DATA 	Keypress: rctrl
489.1462 	EXP 	Sound  started
489.8963 	EXP 	Sound  started
490.5511 	DATA 	Keypress: lctrl
490.6463 	EXP 	Sound  started
491.2551 	DATA 	Keypress: rctrl
491.3963 	EXP 	Sound  started
492.1031 	DATA 	Keypress: rctrl
492.1463 	EXP 	Sound  started
492.8070 	DATA 	Keypress: rctrl
492.8963 	EXP 	Sound  started
493.5911 	DATA 	Keypress: rctrl
493.6463 	EXP 	Sound  started
494.3111 	DATA 	Keypress: lctrl
494.3963 	EXP 	Sound  started
495.0951 	DATA 	Keypress: rctrl
495.1464 	EXP 	Sound  started
495.8310 	DATA 	Keypress: rctrl
495.8964 	EXP 	Sound  started
496.5991 	DATA 	Keypress: rctrl
496.6464 	EXP 	Sound  started
497.3964 	EXP 	Sound  started
497.3990 	DATA 	Keypress: rctrl
498.1464 	EXP 	Sound  started
498.1670 	DATA 	Keypress: rctrl
498.8964 	EXP 	Sound  started
498.9190 	DATA 	Keypress: lctrl
499.6070 	DATA 	Keypress: rctrl
499.6464 	EXP 	Sound  started
500.3750 	DATA 	Keypress: rctrl
500.3964 	EXP 	Sound  started
501.1431 	DATA 	Keypress: lctrl
501.1465 	EXP 	Sound  started
501.8791 	DATA 	Keypress: lctrl
501.8965 	EXP 	Sound  started
502.6465 	EXP 	Sound  started
502.6471 	DATA 	Keypress: rctrl
503.3670 	DATA 	Keypress: lctrl
503.3965 	EXP 	Sound  started
504.1191 	DATA 	Keypress: rctrl
504.1465 	EXP 	Sound  started
504.8231 	DATA 	Keypress: rctrl
504.8966 	EXP 	Sound  started
505.5592 	DATA 	Keypress: lctrl
508.1351 	DATA 	Keypress: 3
508.1517 	EXP 	unnamed ShapeStim: vertices = <class 'numpy.ndarray'>
511.3544 	DATA 	Keypress: 3
511.3709 	EXP 	unnamed ShapeStim: vertices = <class 'numpy.ndarray'>
523.1974 	DATA 	Keypress: 3
523.2140 	EXP 	unnamed ShapeStim: vertices = <class 'numpy.ndarray'>
525.4991 	EXP 	Sound  started
525.6871 	DATA 	Keypress: lctrl
526.2310 	DATA 	Keypress: lctrl
526.2490 	EXP 	Sound  started
526.9030 	DATA 	Keypress: lctrl
526.9993 	EXP 	Sound  started
527.6551 	DATA 	Keypress: rctrl
527.7493 	EXP 	Sound  started
528.3272 	DATA 	Keypress: lctrl
528.4993 	EXP 	Sound  started
529.0631 	DATA 	Keypress: rctrl
529.2493 	EXP 	Sound  started
529.8150 	DATA 	Keypress: lctrl
529.9993 	EXP 	Sound  started
530.6150 	DATA 	Keypress: lctrl
530.7494 	EXP 	Sound  started
531.3350 	DATA 	Keypress: lctrl
531.4994 	EXP 	Sound  started
532.0710 	DATA 	Keypress: lctrl
532.2494 	EXP 	Sound  started
532.9990 	DATA 	Keypress: rctrl
532.9994 	EXP 	Sound  started
533.6870 	DATA 	Keypress: rctrl
533.7494 	EXP 	Sound  started
534.3910 	DATA 	Keypress: rctrl
534.4994 	EXP 	Sound  started
535.1750 	DATA 	Keypress: lctrl
535.2494 	EXP 	Sound  started
535.9590 	DATA 	Keypress: lctrl
535.9995 	EXP 	Sound  started
536.6790 	DATA 	Keypress: rctrl
536.7495 	EXP 	Sound  started
537.3830 	DATA 	Keypress: lctrl
537.4995 	EXP 	Sound  started
538.1670 	DATA 	Keypress: rctrl
538.2495 	EXP 	Sound  started
538.9350 	DATA 	Keypress: rctrl
538.9995 	EXP 	Sound  started
539.7030 	DATA 	Keypress: rctrl
539.7495 	EXP 	Sound  started
540.4230 	DATA 	Keypress: rctrl
540.4995 	EXP 	Sound  started
541.1110 	DATA 	Keypress: lctrl
541.2496 	EXP 	Sound  started
541.9430 	DATA 	Keypress: lctrl
541.9996 	EXP 	Sound  started
542.6790 	DATA 	Keypress: rctrl
542.7496 	EXP 	Sound  started
543.4151 	DATA 	Keypress: rctrl
543.4996 	EXP 	Sound  started
544.2151 	DATA 	Keypress: rctrl
544.2496 	EXP 	Sound  started
544.9996 	EXP 	Sound  started
545.0150 	DATA 	Keypress: rctrl
545.7496 	EXP 	Sound  started
545.7831 	DATA 	Keypress: lctrl
546.4390 	DATA 	Keypress: lctrl
546.4996 	EXP 	Sound  started
547.2070 	DATA 	Keypress: lctrl
547.2497 	EXP 	Sound  started
547.9590 	DATA 	Keypress: rctrl
547.9997 	EXP 	Sound  started
548.6311 	DATA 	Keypress: rctrl
548.7497 	EXP 	Sound  started
549.3991 	DATA 	Keypress: lctrl
549.4997 	EXP 	Sound  started
550.1511 	DATA 	Keypress: lctrl
550.2497 	EXP 	Sound  started
550.9510 	DATA 	Keypress: rctrl
550.9997 	EXP 	Sound  started
551.6710 	DATA 	Keypress: rctrl
551.7497 	EXP 	Sound  started
552.4711 	DATA 	Keypress: rctrl
552.4998 	EXP 	Sound  started
553.2498 	EXP 	Sound  started
553.3351 	DATA 	Keypress: rctrl
553.9998 	EXP 	Sound  started
554.0390 	DATA 	Keypress: lctrl
554.7271 	DATA 	Keypress: lctrl
554.7498 	EXP 	Sound  started
555.4470 	DATA 	Keypress: rctrl
555.4998 	EXP 	Sound  started
556.1670 	DATA 	Keypress: rctrl
556.2498 	EXP 	Sound  started
556.9670 	DATA 	Keypress: rctrl
556.9999 	EXP 	Sound  started
557.7030 	DATA 	Keypress: rctrl
557.7499 	EXP 	Sound  started
558.4710 	DATA 	Keypress: lctrl
558.4999 	EXP 	Sound  started
559.1911 	DATA 	Keypress: lctrl
559.2499 	EXP 	Sound  started
559.9270 	DATA 	Keypress: rctrl
559.9999 	EXP 	Sound  started
560.6950 	DATA 	Keypress: rctrl
560.7499 	EXP 	Sound  started
561.4999 	EXP 	Sound  started
561.5431 	DATA 	Keypress: lctrl
562.1670 	DATA 	Keypress: lctrl
562.2500 	EXP 	Sound  started
562.9511 	DATA 	Keypress: lctrl
563.0000 	EXP 	Sound  started
563.6870 	DATA 	Keypress: lctrl
563.7500 	EXP 	Sound  started
564.4230 	DATA 	Keypress: lctrl
564.5000 	EXP 	Sound  started
565.1750 	DATA 	Keypress: rctrl
565.2500 	EXP 	Sound  started
565.9270 	DATA 	Keypress: rctrl
566.0000 	EXP 	Sound  started
566.6310 	DATA 	Keypress: lctrl
566.7500 	EXP 	Sound  started
567.4150 	DATA 	Keypress: lctrl
567.5001 	EXP 	Sound  started
568.2310 	DATA 	Keypress: rctrl
568.2501 	EXP 	Sound  started
568.9190 	DATA 	Keypress: rctrl
569.0001 	EXP 	Sound  started
569.7190 	DATA 	Keypress: rctrl
569.7501 	EXP 	Sound  started
570.4230 	DATA 	Keypress: rctrl
570.5001 	EXP 	Sound  started
571.1750 	DATA 	Keypress: lctrl
571.2501 	EXP 	Sound  started
571.9270 	DATA 	Keypress: lctrl
572.0002 	EXP 	Sound  started
572.6310 	DATA 	Keypress: rctrl
572.7502 	EXP 	Sound  started
573.4311 	DATA 	Keypress: lctrl
573.5002 	EXP 	Sound  started
574.1190 	DATA 	Keypress: lctrl
574.2502 	EXP 	Sound  started
574.8711 	DATA 	Keypress: rctrl
575.0002 	EXP 	Sound  started
575.6710 	DATA 	Keypress: rctrl
575.7502 	EXP 	Sound  started
576.4710 	DATA 	Keypress: rctrl
576.5002 	EXP 	Sound  started
577.1590 	DATA 	Keypress: lctrl
577.2503 	EXP 	Sound  started
577.9590 	DATA 	Keypress: lctrl
578.0003 	EXP 	Sound  started
578.7110 	DATA 	Keypress: lctrl
578.7503 	EXP 	Sound  started
579.5003 	EXP 	Sound  started
579.5110 	DATA 	Keypress: rctrl
580.2470 	DATA 	Keypress: rctrl
580.2503 	EXP 	Sound  started
580.9670 	DATA 	Keypress: rctrl
581.0003 	EXP 	Sound  started
581.7503 	EXP 	Sound  started
581.7510 	DATA 	Keypress: rctrl
582.5004 	EXP 	Sound  started
582.5670 	DATA 	Keypress: rctrl
583.2504 	EXP 	Sound  started
583.2870 	DATA 	Keypress: lctrl
584.0004 	EXP 	Sound  started
584.0230 	DATA 	Keypress: lctrl
584.7504 	EXP 	Sound  started
584.7590 	DATA 	Keypress: lctrl
585.5004 	EXP 	Sound  started
585.5271 	DATA 	Keypress: lctrl
586.2504 	EXP 	Sound  started
586.2950 	DATA 	Keypress: lctrl
587.0004 	EXP 	Sound  started
587.0790 	DATA 	Keypress: lctrl
587.7505 	EXP 	Sound  started
587.8150 	DATA 	Keypress: rctrl
588.5005 	EXP 	Sound  started
588.5350 	DATA 	Keypress: rctrl
589.2505 	EXP 	Sound  started
589.3030 	DATA 	Keypress: rctrl
589.9910 	DATA 	Keypress: rctrl
590.0005 	EXP 	Sound  started
590.7742 	DATA 	Keypress: lctrl
593.2882 	DATA 	Keypress: 3
593.3047 	EXP 	unnamed ShapeStim: vertices = <class 'numpy.ndarray'>
602.3122 	DATA 	Keypress: 3
602.3288 	EXP 	unnamed ShapeStim: vertices = <class 'numpy.ndarray'>
606.2321 	DATA 	Keypress: 3
606.2486 	EXP 	unnamed ShapeStim: vertices = <class 'numpy.ndarray'>
608.5335 	EXP 	Sound  started
608.8230 	DATA 	Keypress: lctrl
609.2834 	EXP 	Sound  started
609.3670 	DATA 	Keypress: lctrl
609.9590 	DATA 	Keypress: lctrl
610.0334 	EXP 	Sound  started
610.7430 	DATA 	Keypress: lctrl
610.7834 	EXP 	Sound  started
611.4950 	DATA 	Keypress: rctrl
611.5334 	EXP 	Sound  started
612.2630 	DATA 	Keypress: rctrl
612.2834 	EXP 	Sound  started
613.0150 	DATA 	Keypress: lctrl
613.0334 	EXP 	Sound  started
613.7834 	EXP 	Sound  started
613.7990 	DATA 	Keypress: lctrl
614.4870 	DATA 	Keypress: lctrl
614.5335 	EXP 	Sound  started
615.2390 	DATA 	Keypress: rctrl
615.2835 	EXP 	Sound  started
615.9749 	DATA 	Keypress: rctrl
616.0335 	EXP 	Sound  started
616.6950 	DATA 	Keypress: rctrl
616.7835 	EXP 	Sound  started
617.4310 	DATA 	Keypress: lctrl
617.5335 	EXP 	Sound  started
618.1990 	DATA 	Keypress: rctrl
618.2835 	EXP 	Sound  started
618.9350 	DATA 	Keypress: lctrl
619.0336 	EXP 	Sound  started
619.6551 	DATA 	Keypress: rctrl
619.7836 	EXP 	Sound  started
620.4389 	DATA 	Keypress: rctrl
620.5336 	EXP 	Sound  started
621.2070 	DATA 	Keypress: rctrl
621.2836 	EXP 	Sound  started
622.0069 	DATA 	Keypress: lctrl
622.0336 	EXP 	Sound  started
622.7750 	DATA 	Keypress: lctrl
622.7836 	EXP 	Sound  started
623.5337 	EXP 	Sound  started
623.5590 	DATA 	Keypress: lctrl
624.2790 	DATA 	Keypress: lctrl
624.2837 	EXP 	Sound  started
625.0150 	DATA 	Keypress: lctrl
625.0337 	EXP 	Sound  started
625.7511 	DATA 	Keypress: rctrl
625.7837 	EXP 	Sound  started
626.4550 	DATA 	Keypress: lctrl
626.5337 	EXP 	Sound  started
627.1909 	DATA 	Keypress: rctrl
627.2837 	EXP 	Sound  started
627.9429 	DATA 	Keypress: lctrl
628.0337 	EXP 	Sound  started
628.6950 	DATA 	Keypress: rctrl
628.7838 	EXP 	Sound  started
629.4630 	DATA 	Keypress: lctrl
629.5338 	EXP 	Sound  started
630.1670 	DATA 	Keypress: lctrl
630.2838 	EXP 	Sound  started
630.9670 	DATA 	Keypress: lctrl
631.0338 	EXP 	Sound  started
631.7190 	DATA 	Keypress: lctrl
631.7838 	EXP 	Sound  started
632.4390 	DATA 	Keypress: rctrl
632.5338 	EXP 	Sound  started
633.2230 	DATA 	Keypress: lctrl
633.2839 	EXP 	Sound  started
633.9429 	DATA 	Keypress: rctrl
634.0339 	EXP 	Sound  started
634.6790 	DATA 	Keypress: lctrl
634.7839 	EXP 	Sound  started
635.3990 	DATA 	Keypress: lctrl
635.5339 	EXP 	Sound  started
636.2311 	DATA 	Keypress: rctrl
636.2839 	EXP 	Sound  started
636.9669 	DATA 	Keypress: lctrl
637.0339 	EXP 	Sound  started
637.7670 	DATA 	Keypress: lctrl
637.7839 	EXP 	Sound  started
638.4870 	DATA 	Keypress: lctrl
638.5340 	EXP 	Sound  started
639.2230 	DATA 	Keypress: lctrl
639.2840 	EXP 	Sound  started
640.0340 	EXP 	Sound  started
640.0390 	DATA 	Keypress: rctrl
640.7589 	DATA 	Keypress: lctrl
640.7840 	EXP 	Sound  started
641.5340 	EXP 	Sound  started
641.6070 	DATA 	Keypress: rctrl
642.2840 	EXP 	Sound  started
642.2949 	DATA 	Keypress: rctrl
642.9829 	DATA 	Keypress: rctrl
643.0341 	EXP 	Sound  started
643.7510 	DATA 	Keypress: rctrl
643.7841 	EXP 	Sound  started
644.5189 	DATA 	Keypress: rctrl
644.5341 	EXP 	Sound  started
645.2549 	DATA 	Keypress: lctrl
645.2841 	EXP 	Sound  started
645.9910 	DATA 	Keypress: rctrl
646.0341 	EXP 	Sound  started
646.7589 	DATA 	Keypress: rctrl
646.7841 	EXP 	Sound  started
647.5270 	DATA 	Keypress: lctrl
647.5341 	EXP 	Sound  started
648.2470 	DATA 	Keypress: lctrl
648.2841 	EXP 	Sound  started
648.9990 	DATA 	Keypress: rctrl
649.0342 	EXP 	Sound  started
649.7510 	DATA 	Keypress: lctrl
649.7842 	EXP 	Sound  started
650.5342 	EXP 	Sound  started
650.5670 	DATA 	Keypress: rctrl
651.2842 	EXP 	Sound  started
651.3032 	DATA 	Keypress: rctrl
652.0342 	EXP 	Sound  started
652.0389 	DATA 	Keypress: rctrl
652.7842 	EXP 	Sound  started
652.7910 	DATA 	Keypress: lctrl
653.5270 	DATA 	Keypress: lctrl
653.5342 	EXP 	Sound  started
654.2309 	DATA 	Keypress: rctrl
654.2843 	EXP 	Sound  started
654.9991 	DATA 	Keypress: rctrl
655.0343 	EXP 	Sound  started
655.7843 	EXP 	Sound  started
655.9749 	DATA 	Keypress: lctrl
656.5190 	DATA 	Keypress: lctrl
656.5343 	EXP 	Sound  started
657.2710 	DATA 	Keypress: lctrl
659.4257 	DATA 	Keypress: 2
659.4422 	EXP 	unnamed ShapeStim: vertices = <class 'numpy.ndarray'>
668.5038 	DATA 	Keypress: 3
668.5330 	EXP 	unnamed ShapeStim: vertices = <class 'numpy.ndarray'>
671.6564 	DATA 	Keypress: 2
671.6856 	EXP 	unnamed ShapeStim: vertices = <class 'numpy.ndarray'>
673.9697 	EXP 	Sound  started
674.2789 	DATA 	Keypress: lctrl
674.7197 	EXP 	Sound  started
674.7909 	DATA 	Keypress: lctrl
675.4697 	EXP 	Sound  started
675.4949 	DATA 	Keypress: lctrl
676.1349 	DATA 	Keypress: lctrl
676.2197 	EXP 	Sound  started
676.9697 	EXP 	Sound  started
677.7029 	DATA 	Keypress: rctrl
677.7198 	EXP 	Sound  started
678.4549 	DATA 	Keypress: lctrl
678.4698 	EXP 	Sound  started
679.1909 	DATA 	Keypress: rctrl
679.2198 	EXP 	Sound  started
679.9109 	DATA 	Keypress: rctrl
679.9698 	EXP 	Sound  started
680.6629 	DATA 	Keypress: rctrl
680.7198 	EXP 	Sound  started
681.4310 	DATA 	Keypress: rctrl
681.4698 	EXP 	Sound  started
682.1670 	DATA 	Keypress: rctrl
682.2199 	EXP 	Sound  started
682.9029 	DATA 	Keypress: rctrl
682.9699 	EXP 	Sound  started
683.5750 	DATA 	Keypress: rctrl
683.7199 	EXP 	Sound  started
684.2309 	DATA 	Keypress: lctrl
684.4699 	EXP 	Sound  started
685.0629 	DATA 	Keypress: lctrl
685.2199 	EXP 	Sound  started
685.8469 	DATA 	Keypress: lctrl
685.9699 	EXP 	Sound  started
686.6149 	DATA 	Keypress: rctrl
686.7199 	EXP 	Sound  started
687.3829 	DATA 	Keypress: rctrl
687.4700 	EXP 	Sound  started
688.1349 	DATA 	Keypress: rctrl
688.2200 	EXP 	Sound  started
688.8229 	DATA 	Keypress: lctrl
688.9700 	EXP 	Sound  started
689.5269 	DATA 	Keypress: lctrl
689.7200 	EXP 	Sound  started
690.3269 	DATA 	Keypress: rctrl
690.4700 	EXP 	Sound  started
691.0149 	DATA 	Keypress: rctrl
691.2200 	EXP 	Sound  started
691.8629 	DATA 	Keypress: lctrl
691.9700 	EXP 	Sound  started
692.4709 	DATA 	Keypress: lctrl
692.7201 	EXP 	Sound  started
693.3670 	DATA 	Keypress: lctrl
693.4701 	EXP 	Sound  started
694.1189 	DATA 	Keypress: lctrl
694.2201 	EXP 	Sound  started
694.9029 	DATA 	Keypress: rctrl
694.9701 	EXP 	Sound  started
695.6389 	DATA 	Keypress: rctrl
695.7201 	EXP 	Sound  started
696.3909 	DATA 	Keypress: lctrl
696.4701 	EXP 	Sound  started
697.1109 	DATA 	Keypress: rctrl
697.2202 	EXP 	Sound  started
697.9702 	EXP 	Sound  started
697.9909 	DATA 	Keypress: rctrl
698.7202 	EXP 	Sound  started
698.7269 	DATA 	Keypress: rctrl
699.4469 	DATA 	Keypress: rctrl
699.4702 	EXP 	Sound  started
700.1190 	DATA 	Keypress: rctrl
700.2202 	EXP 	Sound  started
700.8869 	DATA 	Keypress: rctrl
700.9702 	EXP 	Sound  started
701.6229 	DATA 	Keypress: rctrl
701.7202 	EXP 	Sound  started
702.3909 	DATA 	Keypress: rctrl
702.4702 	EXP 	Sound  started
703.1750 	DATA 	Keypress: lctrl
703.2203 	EXP 	Sound  started
703.8790 	DATA 	Keypress: rctrl
703.9703 	EXP 	Sound  started
704.6950 	DATA 	Keypress: rctrl
704.7203 	EXP 	Sound  started
705.3830 	DATA 	Keypress: rctrl
705.4703 	EXP 	Sound  started
706.1350 	DATA 	Keypress: lctrl
706.2203 	EXP 	Sound  started
706.8709 	DATA 	Keypress: rctrl
706.9704 	EXP 	Sound  started
707.6549 	DATA 	Keypress: rctrl
707.7204 	EXP 	Sound  started
708.4229 	DATA 	Keypress: rctrl
708.4704 	EXP 	Sound  started
709.2070 	DATA 	Keypress: rctrl
709.2204 	EXP 	Sound  started
709.9590 	DATA 	Keypress: rctrl
709.9704 	EXP 	Sound  started
710.7204 	EXP 	Sound  started
710.7270 	DATA 	Keypress: lctrl
711.4704 	EXP 	Sound  started
711.4789 	DATA 	Keypress: lctrl
712.2150 	DATA 	Keypress: lctrl
712.2205 	EXP 	Sound  started
712.9189 	DATA 	Keypress: lctrl
712.9705 	EXP 	Sound  started
713.7190 	DATA 	Keypress: lctrl
713.7205 	EXP 	Sound  started
714.4705 	EXP 	Sound  started
714.5349 	DATA 	Keypress: rctrl
715.1750 	DATA 	Keypress: lctrl
715.2205 	EXP 	Sound  started
715.9705 	EXP 	Sound  started
715.9749 	DATA 	Keypress: rctrl
716.6950 	DATA 	Keypress: rctrl
716.7206 	EXP 	Sound  started
717.4706 	EXP 	Sound  started
717.4949 	DATA 	Keypress: rctrl
718.2206 	EXP 	Sound  started
718.9706 	EXP 	Sound  started
719.0149 	DATA 	Keypress: rctrl
719.6710 	DATA 	Keypress: rctrl
719.7206 	EXP 	Sound  started
720.4389 	DATA 	Keypress: rctrl
720.4706 	EXP 	Sound  started
721.1909 	DATA 	Keypress: rctrl
721.2207 	EXP 	Sound  started
721.9707 	EXP 	Sound  started
722.0069 	DATA 	Keypress: lctrl
722.7207 	EXP 	Sound  started
722.7269 	DATA 	Keypress: lctrl
723.4707 	EXP 	Sound  started
723.4949 	DATA 	Keypress: lctrl
724.2150 	DATA 	Keypress: lctrl
724.2207 	EXP 	Sound  started
724.9510 	DATA 	Keypress: rctrl
724.9707 	EXP 	Sound  started
725.7190 	DATA 	Keypress: rctrl
728.1857 	DATA 	Keypress: 2
728.2152 	EXP 	unnamed ShapeStim: vertices = <class 'numpy.ndarray'>
731.2550 	DATA 	Keypress: 3
731.2844 	EXP 	unnamed ShapeStim: vertices = <class 'numpy.ndarray'>
733.4034 	DATA 	Keypress: 3
733.4199 	EXP 	unnamed ShapeStim: vertices = <class 'numpy.ndarray'>
735.7050 	EXP 	Sound  started
735.9909 	DATA 	Keypress: lctrl
736.4550 	EXP 	Sound  started
736.5988 	DATA 	Keypress: lctrl
737.1749 	DATA 	Keypress: lctrl
737.2050 	EXP 	Sound  started
737.8629 	DATA 	Keypress: lctrl
737.9550 	EXP 	Sound  started
738.6149 	DATA 	Keypress: lctrl
738.7050 	EXP 	Sound  started
739.3349 	DATA 	Keypress: lctrl
739.4550 	EXP 	Sound  started
740.0709 	DATA 	Keypress: rctrl
740.2050 	EXP 	Sound  started
740.8389 	DATA 	Keypress: lctrl
740.9551 	EXP 	Sound  started
741.5909 	DATA 	Keypress: rctrl
741.7051 	EXP 	Sound  started
742.3749 	DATA 	Keypress: rctrl
742.4551 	EXP 	Sound  started
743.0949 	DATA 	Keypress: rctrl
743.2051 	EXP 	Sound  started
743.8629 	DATA 	Keypress: rctrl
743.9551 	EXP 	Sound  started
744.6629 	DATA 	Keypress: rctrl
744.7051 	EXP 	Sound  started
745.4309 	DATA 	Keypress: rctrl
745.4551 	EXP 	Sound  started
746.1829 	DATA 	Keypress: rctrl
746.2051 	EXP 	Sound  started
746.9348 	DATA 	Keypress: lctrl
746.9551 	EXP 	Sound  started
747.6869 	DATA 	Keypress: lctrl
747.7052 	EXP 	Sound  started
748.3749 	DATA 	Keypress: rctrl
748.4552 	EXP 	Sound  started
749.1269 	DATA 	Keypress: lctrl
749.2052 	EXP 	Sound  started
749.9109 	DATA 	Keypress: lctrl
749.9552 	EXP 	Sound  started
750.7052 	EXP 	Sound  started
750.7109 	DATA 	Keypress: lctrl
751.4149 	DATA 	Keypress: lctrl
751.4552 	EXP 	Sound  started
752.1510 	DATA 	Keypress: lctrl
752.2053 	EXP 	Sound  started
752.8869 	DATA 	Keypress: rctrl
752.9553 	EXP 	Sound  started
753.6709 	DATA 	Keypress: rctrl
753.7053 	EXP 	Sound  started
754.3909 	DATA 	Keypress: lctrl
754.4553 	EXP 	Sound  started
755.2053 	EXP 	Sound  started
755.8789 	DATA 	Keypress: rctrl
755.9553 	EXP 	Sound  started
756.6309 	DATA 	Keypress: rctrl
756.7053 	EXP 	Sound  started
757.3029 	DATA 	Keypress: lctrl
757.4553 	EXP 	Sound  started
758.1029 	DATA 	Keypress: lctrl
758.2054 	EXP 	Sound  started
758.8389 	DATA 	Keypress: lctrl
758.9554 	EXP 	Sound  started
759.6069 	DATA 	Keypress: lctrl
759.7054 	EXP 	Sound  started
760.4069 	DATA 	Keypress: lctrl
760.4554 	EXP 	Sound  started
761.1589 	DATA 	Keypress: lctrl
761.2054 	EXP 	Sound  started
761.9554 	EXP 	Sound  started
761.9749 	DATA 	Keypress: rctrl
762.6149 	DATA 	Keypress: lctrl
762.7054 	EXP 	Sound  started
763.4149 	DATA 	Keypress: rctrl
763.4555 	EXP 	Sound  started
764.1349 	DATA 	Keypress: rctrl
764.2055 	EXP 	Sound  started
764.8709 	DATA 	Keypress: rctrl
764.9555 	EXP 	Sound  started
765.5911 	DATA 	Keypress: rctrl
765.7055 	EXP 	Sound  started
766.4555 	EXP 	Sound  started
767.2055 	EXP 	Sound  started
767.2069 	DATA 	Keypress: lctrl
767.9429 	DATA 	Keypress: lctrl
767.9556 	EXP 	Sound  started
768.7056 	EXP 	Sound  started
768.7108 	DATA 	Keypress: lctrl
769.4556 	EXP 	Sound  started
769.4789 	DATA 	Keypress: lctrl
770.1669 	DATA 	Keypress: rctrl
770.2056 	EXP 	Sound  started
770.9349 	DATA 	Keypress: rctrl
770.9556 	EXP 	Sound  started
771.6869 	DATA 	Keypress: lctrl
771.7056 	EXP 	Sound  started
772.3749 	DATA 	Keypress: rctrl
772.4556 	EXP 	Sound  started
773.1108 	DATA 	Keypress: lctrl
773.2057 	EXP 	Sound  started
773.8468 	DATA 	Keypress: lctrl
773.9557 	EXP 	Sound  started
774.6310 	DATA 	Keypress: lctrl
774.7057 	EXP 	Sound  started
775.3828 	DATA 	Keypress: lctrl
775.4557 	EXP 	Sound  started
776.1509 	DATA 	Keypress: lctrl
776.2057 	EXP 	Sound  started
776.9029 	DATA 	Keypress: rctrl
776.9557 	EXP 	Sound  started
777.6389 	DATA 	Keypress: rctrl
777.7057 	EXP 	Sound  started
778.4229 	DATA 	Keypress: rctrl
778.4557 	EXP 	Sound  started
779.2058 	EXP 	Sound  started
779.2229 	DATA 	Keypress: lctrl
779.9788 	DATA 	Keypress: rctrl
782.3430 	DATA 	Keypress: 3
782.3595 	EXP 	unnamed ShapeStim: vertices = <class 'numpy.ndarray'>
787.7308 	DATA 	Keypress: 3
787.7473 	EXP 	unnamed ShapeStim: vertices = <class 'numpy.ndarray'>
790.3162 	DATA 	Keypress: 3
790.3327 	EXP 	unnamed ShapeStim: vertices = <class 'numpy.ndarray'>
792.6180 	EXP 	Sound  started
792.8868 	DATA 	Keypress: lctrl
793.3679 	EXP 	Sound  started
793.3989 	DATA 	Keypress: lctrl
794.0389 	DATA 	Keypress: lctrl
794.1179 	EXP 	Sound  started
794.7428 	DATA 	Keypress: lctrl
794.8679 	EXP 	Sound  started
795.4788 	DATA 	Keypress: lctrl
795.6179 	EXP 	Sound  started
796.2949 	DATA 	Keypress: rctrl
796.3679 	EXP 	Sound  started
797.0628 	DATA 	Keypress: rctrl
797.1179 	EXP 	Sound  started
797.7188 	DATA 	Keypress: lctrl
797.8680 	EXP 	Sound  started
798.5189 	DATA 	Keypress: rctrl
798.6180 	EXP 	Sound  started
799.2710 	DATA 	Keypress: rctrl
799.3680 	EXP 	Sound  started
799.9909 	DATA 	Keypress: lctrl
800.1180 	EXP 	Sound  started
800.7109 	DATA 	Keypress: lctrl
800.8680 	EXP 	Sound  started
801.5109 	DATA 	Keypress: lctrl
801.6181 	EXP 	Sound  started
802.3109 	DATA 	Keypress: lctrl
802.3681 	EXP 	Sound  started
803.0628 	DATA 	Keypress: lctrl
803.1181 	EXP 	Sound  started
803.8629 	DATA 	Keypress: lctrl
803.8681 	EXP 	Sound  started
804.6181 	EXP 	Sound  started
804.6468 	DATA 	Keypress: rctrl
805.3681 	EXP 	Sound  started
805.3828 	DATA 	Keypress: rctrl
806.1182 	EXP 	Sound  started
806.1349 	DATA 	Keypress: rctrl
806.8682 	EXP 	Sound  started
806.8708 	DATA 	Keypress: lctrl
807.5908 	DATA 	Keypress: lctrl
807.6182 	EXP 	Sound  started
808.3589 	DATA 	Keypress: lctrl
808.3682 	EXP 	Sound  started
809.1182 	EXP 	Sound  started
809.1269 	DATA 	Keypress: lctrl
809.8682 	EXP 	Sound  started
809.8788 	DATA 	Keypress: lctrl
810.6182 	EXP 	Sound  started
810.6468 	DATA 	Keypress: lctrl
811.3348 	DATA 	Keypress: rctrl
811.3682 	EXP 	Sound  started
812.1028 	DATA 	Keypress: rctrl
812.1183 	EXP 	Sound  started
812.8683 	EXP 	Sound  started
813.5428 	DATA 	Keypress: lctrl
813.6183 	EXP 	Sound  started
814.3683 	EXP 	Sound  started
815.0948 	DATA 	Keypress: lctrl
815.1183 	EXP 	Sound  started
815.8468 	DATA 	Keypress: rctrl
815.8683 	EXP 	Sound  started
816.5988 	DATA 	Keypress: rctrl
816.6184 	EXP 	Sound  started
817.2869 	DATA 	Keypress: rctrl
817.3684 	EXP 	Sound  started
818.0229 	DATA 	Keypress: lctrl
818.1184 	EXP 	Sound  started
818.8228 	DATA 	Keypress: lctrl
818.8684 	EXP 	Sound  started
819.6184 	EXP 	Sound  started
819.6228 	DATA 	Keypress: rctrl
820.3429 	DATA 	Keypress: rctrl
820.3684 	EXP 	Sound  started
821.0468 	DATA 	Keypress: rctrl
821.1185 	EXP 	Sound  started
821.8149 	DATA 	Keypress: rctrl
821.8685 	EXP 	Sound  started
822.5829 	DATA 	Keypress: rctrl
822.6185 	EXP 	Sound  started
823.3508 	DATA 	Keypress: lctrl
823.3685 	EXP 	Sound  started
824.0229 	DATA 	Keypress: lctrl
824.1185 	EXP 	Sound  started
824.8228 	DATA 	Keypress: lctrl
824.8685 	EXP 	Sound  started
825.6068 	DATA 	Keypress: lctrl
825.6185 	EXP 	Sound  started
826.3109 	DATA 	Keypress: rctrl
826.3686 	EXP 	Sound  started
827.0628 	DATA 	Keypress: lctrl
827.1186 	EXP 	Sound  started
827.8308 	DATA 	Keypress: rctrl
827.8686 	EXP 	Sound  started
828.5509 	DATA 	Keypress: lctrl
828.6186 	EXP 	Sound  started
829.3686 	EXP 	Sound  started
829.3829 	DATA 	Keypress: rctrl
830.0708 	DATA 	Keypress: rctrl
830.1186 	EXP 	Sound  started
830.8388 	DATA 	Keypress: rctrl
830.8687 	EXP 	Sound  started
831.6187 	EXP 	Sound  started
831.6388 	DATA 	Keypress: rctrl
832.3428 	DATA 	Keypress: lctrl
834.4229 	DATA 	Keypress: 3
834.4522 	EXP 	unnamed ShapeStim: vertices = <class 'numpy.ndarray'>
837.6427 	DATA 	Keypress: 3
837.6715 	EXP 	unnamed ShapeStim: vertices = <class 'numpy.ndarray'>
841.8584 	DATA 	Keypress: 2
841.8750 	EXP 	unnamed ShapeStim: vertices = <class 'numpy.ndarray'>
844.1596 	EXP 	Sound  started
844.3748 	DATA 	Keypress: lctrl
844.9096 	EXP 	Sound  started
844.9508 	DATA 	Keypress: lctrl
845.6548 	DATA 	Keypress: lctrl
845.6596 	EXP 	Sound  started
846.3908 	DATA 	Keypress: lctrl
846.4096 	EXP 	Sound  started
847.1268 	DATA 	Keypress: lctrl
847.1596 	EXP 	Sound  started
847.8468 	DATA 	Keypress: lctrl
847.9096 	EXP 	Sound  started
848.6148 	DATA 	Keypress: lctrl
848.6596 	EXP 	Sound  started
849.3668 	DATA 	Keypress: lctrl
849.4096 	EXP 	Sound  started
850.1597 	EXP 	Sound  started
850.7909 	DATA 	Keypress: lctrl
850.9097 	EXP 	Sound  started
851.5428 	DATA 	Keypress: rctrl
851.6597 	EXP 	Sound  started
852.2788 	DATA 	Keypress: lctrl
852.4097 	EXP 	Sound  started
853.0309 	DATA 	Keypress: lctrl
853.1597 	EXP 	Sound  started
853.7669 	DATA 	Keypress: lctrl
853.9097 	EXP 	Sound  started
854.5188 	DATA 	Keypress: lctrl
854.6597 	EXP 	Sound  started
855.3508 	DATA 	Keypress: lctrl
855.4097 	EXP 	Sound  started
856.1028 	DATA 	Keypress: lctrl
856.1598 	EXP 	Sound  started
856.8548 	DATA 	Keypress: lctrl
856.9098 	EXP 	Sound  started
857.6598 	EXP 	Sound  started
857.6868 	DATA 	Keypress: rctrl
858.4098 	EXP 	Sound  started
858.4229 	DATA 	Keypress: rctrl
859.1588 	DATA 	Keypress: rctrl
859.1598 	EXP 	Sound  started
859.9098 	EXP 	Sound  started
859.9108 	DATA 	Keypress: rctrl
860.6308 	DATA 	Keypress: lctrl
860.6599 	EXP 	Sound  started
861.3988 	DATA 	Keypress: lctrl
861.4099 	EXP 	Sound  started
862.1028 	DATA 	Keypress: lctrl
862.1599 	EXP 	Sound  started
862.8709 	DATA 	Keypress: rctrl
862.9099 	EXP 	Sound  started
863.6228 	DATA 	Keypress: lctrl
863.6599 	EXP 	Sound  started
864.3589 	DATA 	Keypress: lctrl
864.4099 	EXP 	Sound  started
865.1109 	DATA 	Keypress: lctrl
865.1599 	EXP 	Sound  started
865.8470 	DATA 	Keypress: lctrl
865.9100 	EXP 	Sound  started
866.5988 	DATA 	Keypress: rctrl
866.6600 	EXP 	Sound  started
867.3988 	DATA 	Keypress: lctrl
867.4100 	EXP 	Sound  started
868.1028 	DATA 	Keypress: lctrl
868.1600 	EXP 	Sound  started
868.8548 	DATA 	Keypress: lctrl
868.9100 	EXP 	Sound  started
869.6068 	DATA 	Keypress: rctrl
869.6600 	EXP 	Sound  started
870.3588 	DATA 	Keypress: rctrl
870.4101 	EXP 	Sound  started
871.1108 	DATA 	Keypress: rctrl
871.1601 	EXP 	Sound  started
871.8308 	DATA 	Keypress: lctrl
871.9101 	EXP 	Sound  started
872.5668 	DATA 	Keypress: lctrl
872.6601 	EXP 	Sound  started
873.3188 	DATA 	Keypress: rctrl
873.4101 	EXP 	Sound  started
874.0868 	DATA 	Keypress: lctrl
874.1601 	EXP 	Sound  started
874.9101 	EXP 	Sound  started
875.1428 	DATA 	Keypress: lctrl
875.6602 	EXP 	Sound  started
875.6708 	DATA 	Keypress: lctrl
876.3909 	DATA 	Keypress: lctrl
876.4102 	EXP 	Sound  started
877.0788 	DATA 	Keypress: rctrl
877.1602 	EXP 	Sound  started
877.8468 	DATA 	Keypress: rctrl
877.9102 	EXP 	Sound  started
878.6148 	DATA 	Keypress: rctrl
878.6602 	EXP 	Sound  started
879.3828 	DATA 	Keypress: rctrl
879.4102 	EXP 	Sound  started
880.1028 	DATA 	Keypress: lctrl
880.1602 	EXP 	Sound  started
880.8708 	DATA 	Keypress: lctrl
880.9102 	EXP 	Sound  started
881.5908 	DATA 	Keypress: lctrl
881.6603 	EXP 	Sound  started
882.3108 	DATA 	Keypress: rctrl
882.4103 	EXP 	Sound  started
883.1588 	DATA 	Keypress: lctrl
883.1603 	EXP 	Sound  started
883.8308 	DATA 	Keypress: rctrl
883.9103 	EXP 	Sound  started
884.5829 	DATA 	Keypress: rctrl
884.6603 	EXP 	Sound  started
885.3828 	DATA 	Keypress: rctrl
885.4103 	EXP 	Sound  started
886.1508 	DATA 	Keypress: rctrl
886.1603 	EXP 	Sound  started
886.9104 	EXP 	Sound  started
886.9508 	DATA 	Keypress: rctrl
887.6604 	EXP 	Sound  started
887.7187 	DATA 	Keypress: rctrl
888.4068 	DATA 	Keypress: lctrl
888.4104 	EXP 	Sound  started
889.1604 	EXP 	Sound  started
889.8628 	DATA 	Keypress: rctrl
889.9104 	EXP 	Sound  started
890.6604 	EXP 	Sound  started
890.7108 	DATA 	Keypress: rctrl
891.4105 	EXP 	Sound  started
891.4948 	DATA 	Keypress: lctrl
892.1605 	EXP 	Sound  started
892.1987 	DATA 	Keypress: lctrl
892.7908 	DATA 	Keypress: lctrl
892.9105 	EXP 	Sound  started
893.6228 	DATA 	Keypress: lctrl
893.6605 	EXP 	Sound  started
894.3108 	DATA 	Keypress: lctrl
894.4105 	EXP 	Sound  started
895.0788 	DATA 	Keypress: lctrl
895.1605 	EXP 	Sound  started
895.8308 	DATA 	Keypress: lctrl
895.9105 	EXP 	Sound  started
896.4867 	DATA 	Keypress: rctrl
896.6606 	EXP 	Sound  started
897.3027 	DATA 	Keypress: rctrl
897.4106 	EXP 	Sound  started
898.0068 	DATA 	Keypress: rctrl
898.1606 	EXP 	Sound  started
898.6948 	DATA 	Keypress: rctrl
898.9106 	EXP 	Sound  started
899.4788 	DATA 	Keypress: rctrl
899.6606 	EXP 	Sound  started
900.2148 	DATA 	Keypress: lctrl
900.4106 	EXP 	Sound  started
900.9828 	DATA 	Keypress: lctrl
901.1606 	EXP 	Sound  started
901.7188 	DATA 	Keypress: lctrl
901.9107 	EXP 	Sound  started
902.5028 	DATA 	Keypress: lctrl
902.6607 	EXP 	Sound  started
903.2548 	DATA 	Keypress: rctrl
906.0443 	DATA 	Keypress: 3
906.0609 	EXP 	unnamed ShapeStim: vertices = <class 'numpy.ndarray'>
912.2495 	DATA 	Keypress: 3
912.2659 	EXP 	unnamed ShapeStim: vertices = <class 'numpy.ndarray'>
914.7515 	DATA 	Keypress: 2
914.7680 	EXP 	unnamed ShapeStim: vertices = <class 'numpy.ndarray'>
919.0711 	DATA 	Keypress: lctrl
1014.2627 	DATA 	Keypress: escape
1014.3285 	EXP 	window1: mouseVisible = True
