1288.8153 	WARNING 	User requested fullscreen with size [1024  768], but screen is actually [1920, 1200]. Using actual size
1289.6706 	EXP 	Created window1 = Window(allowGUI=False, allowStencil=False, autoLog=True, backendConf=UNKNOWN, bitsMode=UNKNOWN, blendMode='avg', bpc=(8, 8, 8), color=array([0, 0, 0]), colorSpace='rgb', depthBits=8, fullscr=<method-wrapper '__getattribute__' of attributeSetter object at 0x000002562D3167B8>, gamma=None, gammaErrorPolicy='raise', lms=UNKNOWN, monitor=<psychopy.monitors.calibTools.Monitor object at 0x000002562EA550B8>, multiSample=False, name='window1', numSamples=2, pos=[0.0, 0.0], screen=0, size=array([1920, 1200]), stencilBits=0, stereo=False, units='norm', useFBO=True, useRetina=False, viewOri=0.0, viewPos=None, viewScale=None, waitBlanking=True, winType='pyglet')
1289.6709 	EXP 	window1: mouseVisible = True
1289.6709 	EXP 	window1: mouseVisible = False
1289.6710 	EXP 	window1: recordFrameIntervals = False
1289.8370 	EXP 	window1: recordFrameIntervals = True
1290.0207 	EXP 	window1: recordFrameIntervals = False
1290.0741 	EXP 	Created text = TextStim(__class__=<class 'psychopy.visual.text.TextStim'>, alignHoriz=method-wrapper(...), alignText='center', alignVert=method-wrapper(...), anchorHoriz='center', anchorVert='center', antialias=True, autoLog=True, bold=False, color=array([1., 1., 1.]), colorSpace='rgb', contrast=1.0, depth=0.0, flipHoriz=False, flipVert=False, font='Arial', fontFiles=[], height=0.15, italic=False, languageStyle='LTR', name='text', opacity=1, ori=0, pos=array([0., 0.]), rgb=UNKNOWN, text='+', units='norm', win=Window(...), wrapWidth=1)
1290.0926 	EXP 	Created text = TextStim(__class__=<class 'psychopy.visual.text.TextStim'>, alignHoriz=method-wrapper(...), alignText='center', alignVert=method-wrapper(...), anchorHoriz='center', anchorVert='center', antialias=True, autoLog=True, bold=False, color=array([1., 1., 1.]), colorSpace='rgb', contrast=1.0, depth=0.0, flipHoriz=False, flipVert=False, font='Arial', fontFiles=[], height=0.07, italic=False, languageStyle='LTR', name='text', opacity=1, ori=0, pos=array([0., 0.]), rgb=UNKNOWN, text=str(...), units='norm', win=Window(...), wrapWidth=1.65)
1290.1019 	EXP 	Created text = TextStim(__class__=<class 'psychopy.visual.text.TextStim'>, alignHoriz=method-wrapper(...), alignText='center', alignVert=method-wrapper(...), anchorHoriz='center', anchorVert='center', antialias=True, autoLog=True, bold=False, color=array([1., 1., 1.]), colorSpace='rgb', contrast=1.0, depth=0.0, flipHoriz=False, flipVert=False, font='Arial', fontFiles=[], height=0.07, italic=False, languageStyle='LTR', name='text', opacity=1, ori=0, pos=array([0., 0.]), rgb=UNKNOWN, text=str(...), units='norm', win=Window(...), wrapWidth=1.65)
1290.1106 	EXP 	Created text = TextStim(__class__=<class 'psychopy.visual.text.TextStim'>, alignHoriz=method-wrapper(...), alignText='center', alignVert=method-wrapper(...), anchorHoriz='center', anchorVert='center', antialias=True, autoLog=True, bold=False, color=array([1., 1., 1.]), colorSpace='rgb', contrast=1.0, depth=0.0, flipHoriz=False, flipVert=False, font='Arial', fontFiles=[], height=0.07, italic=False, languageStyle='LTR', name='text', opacity=1, ori=0, pos=array([0., 0.]), rgb=UNKNOWN, text=str(...), units='norm', win=Window(...), wrapWidth=1.65)
1290.1213 	EXP 	Created text = TextStim(__class__=<class 'psychopy.visual.text.TextStim'>, alignHoriz=method-wrapper(...), alignText='center', alignVert=method-wrapper(...), anchorHoriz='center', anchorVert='center', antialias=True, autoLog=True, bold=False, color=array([1., 1., 1.]), colorSpace='rgb', contrast=1.0, depth=0.0, flipHoriz=False, flipVert=False, font='Arial', fontFiles=[], height=0.07, italic=False, languageStyle='LTR', name='text', opacity=1, ori=0, pos=array([0., 0.]), rgb=UNKNOWN, text=str(...), units='norm', win=Window(...), wrapWidth=1.65)
1290.1275 	EXP 	Created text = TextStim(__class__=<class 'psychopy.visual.text.TextStim'>, alignHoriz=method-wrapper(...), alignText='center', alignVert=method-wrapper(...), anchorHoriz='center', anchorVert='center', antialias=True, autoLog=True, bold=False, color=array([1., 1., 1.]), colorSpace='rgb', contrast=1.0, depth=0.0, flipHoriz=False, flipVert=False, font='Arial', fontFiles=[], height=0.07, italic=False, languageStyle='LTR', name='text', opacity=1, ori=0, pos=array([0., 0.]), rgb=UNKNOWN, text=str(...), units='norm', win=Window(...), wrapWidth=1.65)
1290.1415 	EXP 	Created text = TextStim(__class__=<class 'psychopy.visual.text.TextStim'>, alignHoriz=method-wrapper(...), alignText='center', alignVert=method-wrapper(...), anchorHoriz='center', anchorVert='center', antialias=True, autoLog=True, bold=False, color=array([1., 1., 1.]), colorSpace='rgb', contrast=1.0, depth=0.0, flipHoriz=False, flipVert=False, font='Arial', fontFiles=[], height=0.15, italic=False, languageStyle='LTR', name='text', opacity=1, ori=0, pos=array([0., 0.]), rgb=UNKNOWN, text=str(...), units='norm', win=Window(...), wrapWidth=1.65)
1290.1700 	EXP 	Created text = TextStim(__class__=<class 'psychopy.visual.text.TextStim'>, alignHoriz=method-wrapper(...), alignText='center', alignVert=method-wrapper(...), anchorHoriz='center', anchorVert='center', antialias=True, autoLog=True, bold=False, color=array([1., 1., 1.]), colorSpace='rgb', contrast=1.0, depth=0.0, flipHoriz=False, flipVert=False, font='Arial', fontFiles=[], height=0.07, italic=False, languageStyle='LTR', name='text', opacity=1, ori=0, pos=array([0., 0.]), rgb=UNKNOWN, text=str(...), units='norm', win=Window(...), wrapWidth=1.65)
1290.1903 	EXP 	Created text = TextStim(__class__=<class 'psychopy.visual.text.TextStim'>, alignHoriz=method-wrapper(...), alignText='center', alignVert=method-wrapper(...), anchorHoriz='center', anchorVert='center', antialias=True, autoLog=True, bold=False, color=array([1., 1., 1.]), colorSpace='rgb', contrast=1.0, depth=0.0, flipHoriz=False, flipVert=False, font='Arial', fontFiles=[], height=0.07, italic=False, languageStyle='LTR', name='text', opacity=1, ori=0, pos=array([0., 0.]), rgb=UNKNOWN, text=str(...), units='norm', win=Window(...), wrapWidth=1.65)
1290.2201 	EXP 	Created text = TextStim(__class__=<class 'psychopy.visual.text.TextStim'>, alignHoriz=method-wrapper(...), alignText='center', alignVert=method-wrapper(...), anchorHoriz='center', anchorVert='center', antialias=True, autoLog=True, bold=False, color=array([1., 1., 1.]), colorSpace='rgb', contrast=1.0, depth=0.0, flipHoriz=False, flipVert=False, font='Arial', fontFiles=[], height=0.07, italic=False, languageStyle='LTR', name='text', opacity=1, ori=0, pos=array([0., 0.]), rgb=UNKNOWN, text=str(...), units='norm', win=Window(...), wrapWidth=1.65)
1290.2438 	EXP 	Created text = TextStim(__class__=<class 'psychopy.visual.text.TextStim'>, alignHoriz=method-wrapper(...), alignText='center', alignVert=method-wrapper(...), anchorHoriz='center', anchorVert='center', antialias=True, autoLog=True, bold=False, color=array([1., 1., 1.]), colorSpace='rgb', contrast=1.0, depth=0.0, flipHoriz=False, flipVert=False, font='Arial', fontFiles=[], height=0.07, italic=False, languageStyle='LTR', name='text', opacity=1, ori=0, pos=array([0., 0.]), rgb=UNKNOWN, text=str(...), units='norm', win=Window(...), wrapWidth=1.65)
1290.2726 	EXP 	Created text = TextStim(__class__=<class 'psychopy.visual.text.TextStim'>, alignHoriz=method-wrapper(...), alignText='center', alignVert=method-wrapper(...), anchorHoriz='center', anchorVert='center', antialias=True, autoLog=True, bold=False, color=array([1., 1., 1.]), colorSpace='rgb', contrast=1.0, depth=0.0, flipHoriz=False, flipVert=False, font='Arial', fontFiles=[], height=0.07, italic=False, languageStyle='LTR', name='text', opacity=1, ori=0, pos=array([0., 0.]), rgb=UNKNOWN, text=str(...), units='norm', win=Window(...), wrapWidth=1.65)
1290.2828 	EXP 	Created text = TextStim(__class__=<class 'psychopy.visual.text.TextStim'>, alignHoriz=method-wrapper(...), alignText='center', alignVert=method-wrapper(...), anchorHoriz='center', anchorVert='center', antialias=True, autoLog=True, bold=False, color=array([1., 1., 1.]), colorSpace='rgb', contrast=1.0, depth=0.0, flipHoriz=False, flipVert=False, font='Arial', fontFiles=[], height=0.07, italic=False, languageStyle='LTR', name='text', opacity=1, ori=0, pos=array([0., 0.]), rgb=UNKNOWN, text=str(...), units='norm', win=Window(...), wrapWidth=1.65)
1290.2949 	EXP 	Created text = TextStim(__class__=<class 'psychopy.visual.text.TextStim'>, alignHoriz=method-wrapper(...), alignText='center', alignVert=method-wrapper(...), anchorHoriz='center', anchorVert='center', antialias=True, autoLog=True, bold=False, color=array([1., 1., 1.]), colorSpace='rgb', contrast=1.0, depth=0.0, flipHoriz=False, flipVert=False, font='Arial', fontFiles=[], height=0.07, italic=False, languageStyle='LTR', name='text', opacity=1, ori=0, pos=array([0., 0.]), rgb=UNKNOWN, text=str(...), units='norm', win=Window(...), wrapWidth=1.65)
1290.2992 	EXP 	Created instru = TextStim(__class__=<class 'psychopy.visual.text.TextStim'>, alignHoriz=method-wrapper(...), alignText='center', alignVert=method-wrapper(...), anchorHoriz='center', anchorVert='center', antialias=True, autoLog=True, bold=False, color=array([1., 1., 1.]), colorSpace='rgb', contrast=1.0, depth=0.0, flipHoriz=False, flipVert=False, font='Arial', fontFiles=[], height=0.07, italic=False, languageStyle='LTR', name='instru', opacity=1, ori=0, pos=array([0. , 0.5]), rgb=UNKNOWN, text=str(...), units='norm', win=Window(...), wrapWidth=1)
1290.3017 	EXP 	Created unnamed Line = Line(__class__=<class 'psychopy.visual.line.Line'>, autoDraw=False, autoLog=True, closeShape=False, color=array([1., 1., 1.]), colorSpace='rgb', contrast=None, depth=0, fillColor=array([0, 0, 0]), fillColorSpace='rgb', fillRGB=array([0, 0, 0]), interpolate=True, lineColor=array([1., 1., 1.]), lineColorSpace='rgb', lineRGB=array([1, 1, 1]), lineWidth=5, name='unnamed Line', opacity=0.5, ori=0.0, pos=array([0., 0.]), size=array([1., 1.]), units='norm', vertices=array([[-0.5,  0. ],
       [ 0.5,  0. ]]), win=Window(...), windingRule=None)
1290.3038 	EXP 	Created unnamed Line = Line(__class__=<class 'psychopy.visual.line.Line'>, autoDraw=False, autoLog=True, closeShape=False, color=array([1., 1., 1.]), colorSpace='rgb', contrast=None, depth=0, fillColor=array([0, 0, 0]), fillColorSpace='rgb', fillRGB=array([0, 0, 0]), interpolate=True, lineColor=array([1., 1., 1.]), lineColorSpace='rgb', lineRGB=array([1, 1, 1]), lineWidth=3, name='unnamed Line', opacity=0.5, ori=0.0, pos=array([0., 0.]), size=array([1., 1.]), units='norm', vertices=array([[-0.5 , -0.05],
       [-0.5 ,  0.05]]), win=Window(...), windingRule=None)
1290.3058 	EXP 	Created unnamed Line = Line(__class__=<class 'psychopy.visual.line.Line'>, autoDraw=False, autoLog=True, closeShape=False, color=array([1., 1., 1.]), colorSpace='rgb', contrast=None, depth=0, fillColor=array([0, 0, 0]), fillColorSpace='rgb', fillRGB=array([0, 0, 0]), interpolate=True, lineColor=array([1., 1., 1.]), lineColorSpace='rgb', lineRGB=array([1, 1, 1]), lineWidth=3, name='unnamed Line', opacity=0.5, ori=0.0, pos=array([0., 0.]), size=array([1., 1.]), units='norm', vertices=ndarray(...), win=Window(...), windingRule=None)
1290.3078 	EXP 	Created unnamed Line = Line(__class__=<class 'psychopy.visual.line.Line'>, autoDraw=False, autoLog=True, closeShape=False, color=array([1., 1., 1.]), colorSpace='rgb', contrast=None, depth=0, fillColor=array([0, 0, 0]), fillColorSpace='rgb', fillRGB=array([0, 0, 0]), interpolate=True, lineColor=array([1., 1., 1.]), lineColorSpace='rgb', lineRGB=array([1, 1, 1]), lineWidth=3, name='unnamed Line', opacity=0.5, ori=0.0, pos=array([0., 0.]), size=array([1., 1.]), units='norm', vertices=ndarray(...), win=Window(...), windingRule=None)
1290.3098 	EXP 	Created unnamed Line = Line(__class__=<class 'psychopy.visual.line.Line'>, autoDraw=False, autoLog=True, closeShape=False, color=array([1., 1., 1.]), colorSpace='rgb', contrast=None, depth=0, fillColor=array([0, 0, 0]), fillColorSpace='rgb', fillRGB=array([0, 0, 0]), interpolate=True, lineColor=array([1., 1., 1.]), lineColorSpace='rgb', lineRGB=array([1, 1, 1]), lineWidth=3, name='unnamed Line', opacity=0.5, ori=0.0, pos=array([0., 0.]), size=array([1., 1.]), units='norm', vertices=array([[ 0.5 , -0.05],
       [ 0.5 ,  0.05]]), win=Window(...), windingRule=None)
1290.3223 	EXP 	Created unnamed TextStim = TextStim(__class__=<class 'psychopy.visual.text.TextStim'>, alignHoriz=method-wrapper(...), alignText='center', alignVert=method-wrapper(...), anchorHoriz='center', anchorVert='center', antialias=True, autoLog=True, bold=False, color=array([1., 1., 1.]), colorSpace='rgb', contrast=1.0, depth=0, flipHoriz=False, flipVert=False, font='', fontFiles=[], height=0.05, italic=False, languageStyle='LTR', name='unnamed TextStim', opacity=1.0, ori=0.0, pos=array([-0.5, -0.1]), rgb=UNKNOWN, text='Helt klart \n IKKE FOKUSERT', units='norm', win=Window(...), wrapWidth=1)
1290.3234 	EXP 	Created unnamed TextStim = TextStim(__class__=<class 'psychopy.visual.text.TextStim'>, alignHoriz=method-wrapper(...), alignText='center', alignVert=method-wrapper(...), anchorHoriz='center', anchorVert='center', antialias=True, autoLog=True, bold=False, color=array([1., 1., 1.]), colorSpace='rgb', contrast=1.0, depth=0, flipHoriz=False, flipVert=False, font='', fontFiles=[], height=0.05, italic=False, languageStyle='LTR', name='unnamed TextStim', opacity=1.0, ori=0.0, pos=array([-0.16666667, -0.1       ]), rgb=UNKNOWN, text='', units='norm', win=Window(...), wrapWidth=1)
1290.3244 	EXP 	Created unnamed TextStim = TextStim(__class__=<class 'psychopy.visual.text.TextStim'>, alignHoriz=method-wrapper(...), alignText='center', alignVert=method-wrapper(...), anchorHoriz='center', anchorVert='center', antialias=True, autoLog=True, bold=False, color=array([1., 1., 1.]), colorSpace='rgb', contrast=1.0, depth=0, flipHoriz=False, flipVert=False, font='', fontFiles=[], height=0.05, italic=False, languageStyle='LTR', name='unnamed TextStim', opacity=1.0, ori=0.0, pos=array([ 0.16666667, -0.1       ]), rgb=UNKNOWN, text='', units='norm', win=Window(...), wrapWidth=1)
1290.3278 	EXP 	Created unnamed TextStim = TextStim(__class__=<class 'psychopy.visual.text.TextStim'>, alignHoriz=method-wrapper(...), alignText='center', alignVert=method-wrapper(...), anchorHoriz='center', anchorVert='center', antialias=True, autoLog=True, bold=False, color=array([1., 1., 1.]), colorSpace='rgb', contrast=1.0, depth=0, flipHoriz=False, flipVert=False, font='', fontFiles=[], height=0.05, italic=False, languageStyle='LTR', name='unnamed TextStim', opacity=1.0, ori=0.0, pos=array([ 0.5, -0.1]), rgb=UNKNOWN, text='Helt klart \n FOKUSERT', units='norm', win=Window(...), wrapWidth=1)
1290.3298 	EXP 	Created unnamed ShapeStim = ShapeStim(__class__=<class 'psychopy.visual.shape.ShapeStim'>, autoDraw=False, autoLog=True, closeShape=True, color=method-wrapper(...), colorSpace='rgb', contrast=None, depth=0, fillColor=array([1, 1, 1]), fillColorSpace='rgb', fillRGB=array([1, 1, 1]), interpolate=True, lineColor=array([-1., -1., -1.]), lineColorSpace='rgb', lineRGB=array([-1, -1, -1]), lineWidth=1.5, name='unnamed ShapeStim', opacity=1.0, ori=0.0, pos=array([0., 0.]), size=array([1., 1.]), units='norm', vertices=ndarray(...), win=Window(...), windingRule=None)
1290.3370 	EXP 	Created instru = TextStim(__class__=<class 'psychopy.visual.text.TextStim'>, alignHoriz=method-wrapper(...), alignText='center', alignVert=method-wrapper(...), anchorHoriz='center', anchorVert='center', antialias=True, autoLog=True, bold=False, color=array([1., 1., 1.]), colorSpace='rgb', contrast=1.0, depth=0.0, flipHoriz=False, flipVert=False, font='Arial', fontFiles=[], height=0.07, italic=False, languageStyle='LTR', name='instru', opacity=1, ori=0, pos=array([0. , 0.5]), rgb=UNKNOWN, text=str(...), units='norm', win=Window(...), wrapWidth=1)
1290.3390 	EXP 	Created unnamed Line = Line(__class__=<class 'psychopy.visual.line.Line'>, autoDraw=False, autoLog=True, closeShape=False, color=array([1., 1., 1.]), colorSpace='rgb', contrast=None, depth=0, fillColor=array([0, 0, 0]), fillColorSpace='rgb', fillRGB=array([0, 0, 0]), interpolate=True, lineColor=array([1., 1., 1.]), lineColorSpace='rgb', lineRGB=array([1, 1, 1]), lineWidth=5, name='unnamed Line', opacity=0.5, ori=0.0, pos=array([0., 0.]), size=array([1., 1.]), units='norm', vertices=array([[-0.5,  0. ],
       [ 0.5,  0. ]]), win=Window(...), windingRule=None)
1290.3410 	EXP 	Created unnamed Line = Line(__class__=<class 'psychopy.visual.line.Line'>, autoDraw=False, autoLog=True, closeShape=False, color=array([1., 1., 1.]), colorSpace='rgb', contrast=None, depth=0, fillColor=array([0, 0, 0]), fillColorSpace='rgb', fillRGB=array([0, 0, 0]), interpolate=True, lineColor=array([1., 1., 1.]), lineColorSpace='rgb', lineRGB=array([1, 1, 1]), lineWidth=3, name='unnamed Line', opacity=0.5, ori=0.0, pos=array([0., 0.]), size=array([1., 1.]), units='norm', vertices=array([[-0.5 , -0.05],
       [-0.5 ,  0.05]]), win=Window(...), windingRule=None)
1290.3431 	EXP 	Created unnamed Line = Line(__class__=<class 'psychopy.visual.line.Line'>, autoDraw=False, autoLog=True, closeShape=False, color=array([1., 1., 1.]), colorSpace='rgb', contrast=None, depth=0, fillColor=array([0, 0, 0]), fillColorSpace='rgb', fillRGB=array([0, 0, 0]), interpolate=True, lineColor=array([1., 1., 1.]), lineColorSpace='rgb', lineRGB=array([1, 1, 1]), lineWidth=3, name='unnamed Line', opacity=0.5, ori=0.0, pos=array([0., 0.]), size=array([1., 1.]), units='norm', vertices=ndarray(...), win=Window(...), windingRule=None)
1290.3451 	EXP 	Created unnamed Line = Line(__class__=<class 'psychopy.visual.line.Line'>, autoDraw=False, autoLog=True, closeShape=False, color=array([1., 1., 1.]), colorSpace='rgb', contrast=None, depth=0, fillColor=array([0, 0, 0]), fillColorSpace='rgb', fillRGB=array([0, 0, 0]), interpolate=True, lineColor=array([1., 1., 1.]), lineColorSpace='rgb', lineRGB=array([1, 1, 1]), lineWidth=3, name='unnamed Line', opacity=0.5, ori=0.0, pos=array([0., 0.]), size=array([1., 1.]), units='norm', vertices=ndarray(...), win=Window(...), windingRule=None)
1290.3470 	EXP 	Created unnamed Line = Line(__class__=<class 'psychopy.visual.line.Line'>, autoDraw=False, autoLog=True, closeShape=False, color=array([1., 1., 1.]), colorSpace='rgb', contrast=None, depth=0, fillColor=array([0, 0, 0]), fillColorSpace='rgb', fillRGB=array([0, 0, 0]), interpolate=True, lineColor=array([1., 1., 1.]), lineColorSpace='rgb', lineRGB=array([1, 1, 1]), lineWidth=3, name='unnamed Line', opacity=0.5, ori=0.0, pos=array([0., 0.]), size=array([1., 1.]), units='norm', vertices=array([[ 0.5 , -0.05],
       [ 0.5 ,  0.05]]), win=Window(...), windingRule=None)
1290.3521 	EXP 	Created unnamed TextStim = TextStim(__class__=<class 'psychopy.visual.text.TextStim'>, alignHoriz=method-wrapper(...), alignText='center', alignVert=method-wrapper(...), anchorHoriz='center', anchorVert='center', antialias=True, autoLog=True, bold=False, color=array([1., 1., 1.]), colorSpace='rgb', contrast=1.0, depth=0, flipHoriz=False, flipVert=False, font='', fontFiles=[], height=0.05, italic=False, languageStyle='LTR', name='unnamed TextStim', opacity=1.0, ori=0.0, pos=array([-0.5, -0.1]), rgb=UNKNOWN, text='Helt klart \n INGENTING', units='norm', win=Window(...), wrapWidth=1)
1290.3531 	EXP 	Created unnamed TextStim = TextStim(__class__=<class 'psychopy.visual.text.TextStim'>, alignHoriz=method-wrapper(...), alignText='center', alignVert=method-wrapper(...), anchorHoriz='center', anchorVert='center', antialias=True, autoLog=True, bold=False, color=array([1., 1., 1.]), colorSpace='rgb', contrast=1.0, depth=0, flipHoriz=False, flipVert=False, font='', fontFiles=[], height=0.05, italic=False, languageStyle='LTR', name='unnamed TextStim', opacity=1.0, ori=0.0, pos=array([-0.16666667, -0.1       ]), rgb=UNKNOWN, text='', units='norm', win=Window(...), wrapWidth=1)
1290.3541 	EXP 	Created unnamed TextStim = TextStim(__class__=<class 'psychopy.visual.text.TextStim'>, alignHoriz=method-wrapper(...), alignText='center', alignVert=method-wrapper(...), anchorHoriz='center', anchorVert='center', antialias=True, autoLog=True, bold=False, color=array([1., 1., 1.]), colorSpace='rgb', contrast=1.0, depth=0, flipHoriz=False, flipVert=False, font='', fontFiles=[], height=0.05, italic=False, languageStyle='LTR', name='unnamed TextStim', opacity=1.0, ori=0.0, pos=array([ 0.16666667, -0.1       ]), rgb=UNKNOWN, text='', units='norm', win=Window(...), wrapWidth=1)
1290.3572 	EXP 	Created unnamed TextStim = TextStim(__class__=<class 'psychopy.visual.text.TextStim'>, alignHoriz=method-wrapper(...), alignText='center', alignVert=method-wrapper(...), anchorHoriz='center', anchorVert='center', antialias=True, autoLog=True, bold=False, color=array([1., 1., 1.]), colorSpace='rgb', contrast=1.0, depth=0, flipHoriz=False, flipVert=False, font='', fontFiles=[], height=0.05, italic=False, languageStyle='LTR', name='unnamed TextStim', opacity=1.0, ori=0.0, pos=array([ 0.5, -0.1]), rgb=UNKNOWN, text='Helt klart \n NOE', units='norm', win=Window(...), wrapWidth=1)
1290.3590 	EXP 	Created unnamed ShapeStim = ShapeStim(__class__=<class 'psychopy.visual.shape.ShapeStim'>, autoDraw=False, autoLog=True, closeShape=True, color=method-wrapper(...), colorSpace='rgb', contrast=None, depth=0, fillColor=array([1, 1, 1]), fillColorSpace='rgb', fillRGB=array([1, 1, 1]), interpolate=True, lineColor=array([-1., -1., -1.]), lineColorSpace='rgb', lineRGB=array([-1, -1, -1]), lineWidth=1.5, name='unnamed ShapeStim', opacity=1.0, ori=0.0, pos=array([0., 0.]), size=array([1., 1.]), units='norm', vertices=ndarray(...), win=Window(...), windingRule=None)
1290.3664 	EXP 	Created instru = TextStim(__class__=<class 'psychopy.visual.text.TextStim'>, alignHoriz=method-wrapper(...), alignText='center', alignVert=method-wrapper(...), anchorHoriz='center', anchorVert='center', antialias=True, autoLog=True, bold=False, color=array([1., 1., 1.]), colorSpace='rgb', contrast=1.0, depth=0.0, flipHoriz=False, flipVert=False, font='Arial', fontFiles=[], height=0.07, italic=False, languageStyle='LTR', name='instru', opacity=1, ori=0, pos=array([0. , 0.5]), rgb=UNKNOWN, text=str(...), units='norm', win=Window(...), wrapWidth=1)
1290.3684 	EXP 	Created unnamed Line = Line(__class__=<class 'psychopy.visual.line.Line'>, autoDraw=False, autoLog=True, closeShape=False, color=array([1., 1., 1.]), colorSpace='rgb', contrast=None, depth=0, fillColor=array([0, 0, 0]), fillColorSpace='rgb', fillRGB=array([0, 0, 0]), interpolate=True, lineColor=array([1., 1., 1.]), lineColorSpace='rgb', lineRGB=array([1, 1, 1]), lineWidth=5, name='unnamed Line', opacity=0.5, ori=0.0, pos=array([0., 0.]), size=array([1., 1.]), units='norm', vertices=array([[-0.5,  0. ],
       [ 0.5,  0. ]]), win=Window(...), windingRule=None)
1290.3704 	EXP 	Created unnamed Line = Line(__class__=<class 'psychopy.visual.line.Line'>, autoDraw=False, autoLog=True, closeShape=False, color=array([1., 1., 1.]), colorSpace='rgb', contrast=None, depth=0, fillColor=array([0, 0, 0]), fillColorSpace='rgb', fillRGB=array([0, 0, 0]), interpolate=True, lineColor=array([1., 1., 1.]), lineColorSpace='rgb', lineRGB=array([1, 1, 1]), lineWidth=3, name='unnamed Line', opacity=0.5, ori=0.0, pos=array([0., 0.]), size=array([1., 1.]), units='norm', vertices=array([[-0.5 , -0.05],
       [-0.5 ,  0.05]]), win=Window(...), windingRule=None)
1290.3724 	EXP 	Created unnamed Line = Line(__class__=<class 'psychopy.visual.line.Line'>, autoDraw=False, autoLog=True, closeShape=False, color=array([1., 1., 1.]), colorSpace='rgb', contrast=None, depth=0, fillColor=array([0, 0, 0]), fillColorSpace='rgb', fillRGB=array([0, 0, 0]), interpolate=True, lineColor=array([1., 1., 1.]), lineColorSpace='rgb', lineRGB=array([1, 1, 1]), lineWidth=3, name='unnamed Line', opacity=0.5, ori=0.0, pos=array([0., 0.]), size=array([1., 1.]), units='norm', vertices=ndarray(...), win=Window(...), windingRule=None)
1290.3744 	EXP 	Created unnamed Line = Line(__class__=<class 'psychopy.visual.line.Line'>, autoDraw=False, autoLog=True, closeShape=False, color=array([1., 1., 1.]), colorSpace='rgb', contrast=None, depth=0, fillColor=array([0, 0, 0]), fillColorSpace='rgb', fillRGB=array([0, 0, 0]), interpolate=True, lineColor=array([1., 1., 1.]), lineColorSpace='rgb', lineRGB=array([1, 1, 1]), lineWidth=3, name='unnamed Line', opacity=0.5, ori=0.0, pos=array([0., 0.]), size=array([1., 1.]), units='norm', vertices=ndarray(...), win=Window(...), windingRule=None)
1290.3764 	EXP 	Created unnamed Line = Line(__class__=<class 'psychopy.visual.line.Line'>, autoDraw=False, autoLog=True, closeShape=False, color=array([1., 1., 1.]), colorSpace='rgb', contrast=None, depth=0, fillColor=array([0, 0, 0]), fillColorSpace='rgb', fillRGB=array([0, 0, 0]), interpolate=True, lineColor=array([1., 1., 1.]), lineColorSpace='rgb', lineRGB=array([1, 1, 1]), lineWidth=3, name='unnamed Line', opacity=0.5, ori=0.0, pos=array([0., 0.]), size=array([1., 1.]), units='norm', vertices=array([[ 0.5 , -0.05],
       [ 0.5 ,  0.05]]), win=Window(...), windingRule=None)
1290.3814 	EXP 	Created unnamed TextStim = TextStim(__class__=<class 'psychopy.visual.text.TextStim'>, alignHoriz=method-wrapper(...), alignText='center', alignVert=method-wrapper(...), anchorHoriz='center', anchorVert='center', antialias=True, autoLog=True, bold=False, color=array([1., 1., 1.]), colorSpace='rgb', contrast=1.0, depth=0, flipHoriz=False, flipVert=False, font='', fontFiles=[], height=0.05, italic=False, languageStyle='LTR', name='unnamed TextStim', opacity=1.0, ori=0.0, pos=array([-0.5, -0.1]), rgb=UNKNOWN, text='Helt klart \n SPONTAN', units='norm', win=Window(...), wrapWidth=1)
1290.3825 	EXP 	Created unnamed TextStim = TextStim(__class__=<class 'psychopy.visual.text.TextStim'>, alignHoriz=method-wrapper(...), alignText='center', alignVert=method-wrapper(...), anchorHoriz='center', anchorVert='center', antialias=True, autoLog=True, bold=False, color=array([1., 1., 1.]), colorSpace='rgb', contrast=1.0, depth=0, flipHoriz=False, flipVert=False, font='', fontFiles=[], height=0.05, italic=False, languageStyle='LTR', name='unnamed TextStim', opacity=1.0, ori=0.0, pos=array([-0.16666667, -0.1       ]), rgb=UNKNOWN, text='', units='norm', win=Window(...), wrapWidth=1)
1290.3835 	EXP 	Created unnamed TextStim = TextStim(__class__=<class 'psychopy.visual.text.TextStim'>, alignHoriz=method-wrapper(...), alignText='center', alignVert=method-wrapper(...), anchorHoriz='center', anchorVert='center', antialias=True, autoLog=True, bold=False, color=array([1., 1., 1.]), colorSpace='rgb', contrast=1.0, depth=0, flipHoriz=False, flipVert=False, font='', fontFiles=[], height=0.05, italic=False, languageStyle='LTR', name='unnamed TextStim', opacity=1.0, ori=0.0, pos=array([ 0.16666667, -0.1       ]), rgb=UNKNOWN, text='', units='norm', win=Window(...), wrapWidth=1)
1290.3882 	EXP 	Created unnamed TextStim = TextStim(__class__=<class 'psychopy.visual.text.TextStim'>, alignHoriz=method-wrapper(...), alignText='center', alignVert=method-wrapper(...), anchorHoriz='center', anchorVert='center', antialias=True, autoLog=True, bold=False, color=array([1., 1., 1.]), colorSpace='rgb', contrast=1.0, depth=0, flipHoriz=False, flipVert=False, font='', fontFiles=[], height=0.05, italic=False, languageStyle='LTR', name='unnamed TextStim', opacity=1.0, ori=0.0, pos=array([ 0.5, -0.1]), rgb=UNKNOWN, text='Helt klart \n BEVISST', units='norm', win=Window(...), wrapWidth=1)
1290.3901 	EXP 	Created unnamed ShapeStim = ShapeStim(__class__=<class 'psychopy.visual.shape.ShapeStim'>, autoDraw=False, autoLog=True, closeShape=True, color=method-wrapper(...), colorSpace='rgb', contrast=None, depth=0, fillColor=array([1, 1, 1]), fillColorSpace='rgb', fillRGB=array([1, 1, 1]), interpolate=True, lineColor=array([-1., -1., -1.]), lineColorSpace='rgb', lineRGB=array([-1, -1, -1]), lineWidth=1.5, name='unnamed ShapeStim', opacity=1.0, ori=0.0, pos=array([0., 0.]), size=array([1., 1.]), units='norm', vertices=ndarray(...), win=Window(...), windingRule=None)
1290.4547 	EXP 	Sound  set volume 1.000
1290.4837 	EXP 	unnamed ShapeStim: vertices = <class 'numpy.ndarray'>
1290.4837 	EXP 	unnamed ShapeStim: vertices = <class 'numpy.ndarray'>
1290.4837 	EXP 	unnamed ShapeStim: vertices = <class 'numpy.ndarray'>
1297.9815 	DATA 	Keypress: rctrl
1298.4938 	EXP 	Sound  started
1298.9096 	DATA 	Keypress: rctrl
1299.2437 	EXP 	Sound  started
1299.8375 	DATA 	Keypress: rctrl
1299.9938 	EXP 	Sound  started
1300.6055 	DATA 	Keypress: lctrl
1300.7438 	EXP 	Sound  started
1301.4216 	DATA 	Keypress: rctrl
1301.4938 	EXP 	Sound  started
1302.1735 	DATA 	Keypress: lctrl
1302.2438 	EXP 	Sound  started
1302.9415 	DATA 	Keypress: lctrl
1302.9938 	EXP 	Sound  started
1303.6615 	DATA 	Keypress: lctrl
1303.7438 	EXP 	Sound  started
1304.4455 	DATA 	Keypress: rctrl
1304.4938 	EXP 	Sound  started
1305.2135 	DATA 	Keypress: rctrl
1305.2438 	EXP 	Sound  started
1305.9815 	DATA 	Keypress: rctrl
1305.9939 	EXP 	Sound  started
1306.6696 	DATA 	Keypress: rctrl
1306.7439 	EXP 	Sound  started
1307.4215 	DATA 	Keypress: rctrl
1307.4939 	EXP 	Sound  started
1308.1735 	DATA 	Keypress: rctrl
1308.2439 	EXP 	Sound  started
1308.9415 	DATA 	Keypress: rctrl
1308.9939 	EXP 	Sound  started
1309.7096 	DATA 	Keypress: rctrl
1309.7439 	EXP 	Sound  started
1310.4775 	DATA 	Keypress: lctrl
1310.4940 	EXP 	Sound  started
1311.2136 	DATA 	Keypress: lctrl
1311.2440 	EXP 	Sound  started
1311.9656 	DATA 	Keypress: lctrl
1311.9940 	EXP 	Sound  started
1312.7016 	DATA 	Keypress: lctrl
1312.7440 	EXP 	Sound  started
1313.4695 	DATA 	Keypress: lctrl
1313.4940 	EXP 	Sound  started
1314.2215 	DATA 	Keypress: lctrl
1314.2440 	EXP 	Sound  started
1314.9415 	DATA 	Keypress: lctrl
1314.9940 	EXP 	Sound  started
1315.6615 	DATA 	Keypress: lctrl
1315.7441 	EXP 	Sound  started
1316.3175 	DATA 	Keypress: lctrl
1316.4941 	EXP 	Sound  started
1317.0856 	DATA 	Keypress: rctrl
1317.2441 	EXP 	Sound  started
1317.9336 	DATA 	Keypress: rctrl
1317.9941 	EXP 	Sound  started
1318.7441 	EXP 	Sound  started
1318.8137 	DATA 	Keypress: rctrl
1319.4941 	EXP 	Sound  started
1319.9015 	DATA 	Keypress: lctrl
1320.2442 	EXP 	Sound  started
1320.4135 	DATA 	Keypress: rctrl
1320.9942 	EXP 	Sound  started
1321.0376 	DATA 	Keypress: rctrl
1321.7442 	EXP 	Sound  started
1321.7895 	DATA 	Keypress: rctrl
1322.4936 	DATA 	Keypress: rctrl
1322.4942 	EXP 	Sound  started
1323.1975 	DATA 	Keypress: rctrl
1323.2442 	EXP 	Sound  started
1323.9176 	DATA 	Keypress: rctrl
1323.9942 	EXP 	Sound  started
1324.6215 	DATA 	Keypress: lctrl
1324.7442 	EXP 	Sound  started
1325.3735 	DATA 	Keypress: lctrl
1325.4943 	EXP 	Sound  started
1326.1575 	DATA 	Keypress: rctrl
1326.2443 	EXP 	Sound  started
1326.8936 	DATA 	Keypress: lctrl
1326.9943 	EXP 	Sound  started
1327.6936 	DATA 	Keypress: rctrl
1327.7443 	EXP 	Sound  started
1328.4455 	DATA 	Keypress: rctrl
1328.4943 	EXP 	Sound  started
1329.1655 	DATA 	Keypress: rctrl
1329.2443 	EXP 	Sound  started
1329.9496 	DATA 	Keypress: rctrl
1329.9943 	EXP 	Sound  started
1330.7015 	DATA 	Keypress: rctrl
1330.7444 	EXP 	Sound  started
1331.4856 	DATA 	Keypress: rctrl
1331.4944 	EXP 	Sound  started
1332.1576 	DATA 	Keypress: rctrl
1332.2444 	EXP 	Sound  started
1332.9736 	DATA 	Keypress: rctrl
1332.9944 	EXP 	Sound  started
1333.5816 	DATA 	Keypress: lctrl
1333.7444 	EXP 	Sound  started
1334.3495 	DATA 	Keypress: rctrl
1334.4944 	EXP 	Sound  started
1335.1656 	DATA 	Keypress: rctrl
1335.2444 	EXP 	Sound  started
1335.9945 	EXP 	Sound  started
1335.9975 	DATA 	Keypress: rctrl
1336.6536 	DATA 	Keypress: rctrl
1336.7445 	EXP 	Sound  started
1337.3895 	DATA 	Keypress: rctrl
1337.4945 	EXP 	Sound  started
1338.1575 	DATA 	Keypress: lctrl
1338.2445 	EXP 	Sound  started
1338.9736 	DATA 	Keypress: lctrl
1338.9945 	EXP 	Sound  started
1339.6455 	DATA 	Keypress: lctrl
1339.7445 	EXP 	Sound  started
1340.3175 	DATA 	Keypress: lctrl
1340.4946 	EXP 	Sound  started
1341.0056 	DATA 	Keypress: rctrl
1341.2446 	EXP 	Sound  started
1341.7736 	DATA 	Keypress: lctrl
1341.9946 	EXP 	Sound  started
1342.5255 	DATA 	Keypress: lctrl
1342.7446 	EXP 	Sound  started
1343.2455 	DATA 	Keypress: lctrl
1343.4946 	EXP 	Sound  started
1343.9816 	DATA 	Keypress: rctrl
1344.2446 	EXP 	Sound  started
1344.7495 	DATA 	Keypress: rctrl
1344.9946 	EXP 	Sound  started
1345.5015 	DATA 	Keypress: rctrl
1345.7446 	EXP 	Sound  started
1346.2376 	DATA 	Keypress: rctrl
1346.4947 	EXP 	Sound  started
1346.9415 	DATA 	Keypress: rctrl
1347.2447 	EXP 	Sound  started
1347.7256 	DATA 	Keypress: rctrl
1347.9947 	EXP 	Sound  started
1348.5095 	DATA 	Keypress: rctrl
1348.7447 	EXP 	Sound  started
1349.2296 	DATA 	Keypress: rctrl
1349.4947 	EXP 	Sound  started
1349.9496 	DATA 	Keypress: rctrl
1350.2866 	EXP 	unnamed TextStim: text = ''
1350.2866 	EXP 	unnamed TextStim: text = ''
1354.8733 	DATA 	Keypress: 1
1354.8898 	EXP 	unnamed ShapeStim: vertices = <class 'numpy.ndarray'>
1356.4244 	EXP 	unnamed TextStim: text = ''
1356.4244 	EXP 	unnamed TextStim: text = ''
1358.3928 	DATA 	Keypress: 4
1358.4093 	EXP 	unnamed ShapeStim: vertices = <class 'numpy.ndarray'>
1359.9439 	EXP 	unnamed TextStim: text = ''
1359.9439 	EXP 	unnamed TextStim: text = ''
1365.4819 	DATA 	Keypress: 2
1365.4985 	EXP 	unnamed ShapeStim: vertices = <class 'numpy.ndarray'>
1367.7835 	EXP 	Sound  started
1367.9495 	DATA 	Keypress: rctrl
1368.5334 	EXP 	Sound  started
1368.5576 	DATA 	Keypress: rctrl
1369.2135 	DATA 	Keypress: lctrl
1369.2834 	EXP 	Sound  started
1369.8855 	DATA 	Keypress: rctrl
1370.0334 	EXP 	Sound  started
1370.7176 	DATA 	Keypress: lctrl
1370.7834 	EXP 	Sound  started
1371.4696 	DATA 	Keypress: lctrl
1371.5335 	EXP 	Sound  started
1372.1895 	DATA 	Keypress: lctrl
1372.2835 	EXP 	Sound  started
1372.8935 	DATA 	Keypress: lctrl
1373.0335 	EXP 	Sound  started
1373.5815 	DATA 	Keypress: rctrl
1373.7835 	EXP 	Sound  started
1374.4136 	DATA 	Keypress: rctrl
1374.5335 	EXP 	Sound  started
1375.0696 	DATA 	Keypress: rctrl
1375.2835 	EXP 	Sound  started
1375.8215 	DATA 	Keypress: rctrl
1376.0335 	EXP 	Sound  started
1376.6056 	DATA 	Keypress: rctrl
1376.7836 	EXP 	Sound  started
1377.4215 	DATA 	Keypress: rctrl
1377.5336 	EXP 	Sound  started
1378.1415 	DATA 	Keypress: rctrl
1378.2836 	EXP 	Sound  started
1378.8935 	DATA 	Keypress: rctrl
1379.0336 	EXP 	Sound  started
1379.5176 	DATA 	Keypress: lctrl
1379.7836 	EXP 	Sound  started
1380.5336 	EXP 	Sound  started
1380.6375 	DATA 	Keypress: lctrl
1381.2775 	DATA 	Keypress: lctrl
1381.2836 	EXP 	Sound  started
1381.9015 	DATA 	Keypress: lctrl
1382.0337 	EXP 	Sound  started
1382.6535 	DATA 	Keypress: rctrl
1382.7837 	EXP 	Sound  started
1383.3575 	DATA 	Keypress: rctrl
1383.5337 	EXP 	Sound  started
1384.2055 	DATA 	Keypress: lctrl
1384.2837 	EXP 	Sound  started
1384.9255 	DATA 	Keypress: rctrl
1385.0337 	EXP 	Sound  started
1385.7735 	DATA 	Keypress: rctrl
1385.7837 	EXP 	Sound  started
1386.4935 	DATA 	Keypress: rctrl
1386.5337 	EXP 	Sound  started
1387.1815 	DATA 	Keypress: lctrl
1387.2838 	EXP 	Sound  started
1387.8696 	DATA 	Keypress: rctrl
1388.0338 	EXP 	Sound  started
1388.5575 	DATA 	Keypress: rctrl
1388.7838 	EXP 	Sound  started
1389.3575 	DATA 	Keypress: rctrl
1389.5338 	EXP 	Sound  started
1390.0936 	DATA 	Keypress: rctrl
1390.2838 	EXP 	Sound  started
1390.7815 	DATA 	Keypress: rctrl
1391.0338 	EXP 	Sound  started
1391.5495 	DATA 	Keypress: rctrl
1391.7838 	EXP 	Sound  started
1392.2055 	DATA 	Keypress: rctrl
1392.5339 	EXP 	Sound  started
1393.0055 	DATA 	Keypress: rctrl
1393.2839 	EXP 	Sound  started
1393.8215 	DATA 	Keypress: rctrl
1394.0339 	EXP 	Sound  started
1394.5896 	DATA 	Keypress: lctrl
1394.7839 	EXP 	Sound  started
1395.3095 	DATA 	Keypress: lctrl
1395.5339 	EXP 	Sound  started
1396.0935 	DATA 	Keypress: lctrl
1396.2839 	EXP 	Sound  started
1396.8615 	DATA 	Keypress: rctrl
1397.0339 	EXP 	Sound  started
1397.6775 	DATA 	Keypress: rctrl
1397.7839 	EXP 	Sound  started
1398.4615 	DATA 	Keypress: rctrl
1398.5340 	EXP 	Sound  started
1399.1815 	DATA 	Keypress: lctrl
1399.2840 	EXP 	Sound  started
1399.9015 	DATA 	Keypress: rctrl
1400.0340 	EXP 	Sound  started
1400.7495 	DATA 	Keypress: lctrl
1400.7840 	EXP 	Sound  started
1401.5175 	DATA 	Keypress: rctrl
1401.5340 	EXP 	Sound  started
1402.2375 	DATA 	Keypress: rctrl
1402.2840 	EXP 	Sound  started
1402.9575 	DATA 	Keypress: rctrl
1403.0341 	EXP 	Sound  started
1403.6936 	DATA 	Keypress: rctrl
1403.7841 	EXP 	Sound  started
1404.4135 	DATA 	Keypress: rctrl
1404.5341 	EXP 	Sound  started
1405.1975 	DATA 	Keypress: rctrl
1405.2841 	EXP 	Sound  started
1405.9335 	DATA 	Keypress: rctrl
1406.0341 	EXP 	Sound  started
1406.6215 	DATA 	Keypress: rctrl
1406.7841 	EXP 	Sound  started
1407.3575 	DATA 	Keypress: lctrl
1407.5341 	EXP 	Sound  started
1408.1255 	DATA 	Keypress: lctrl
1408.2842 	EXP 	Sound  started
1408.9415 	DATA 	Keypress: lctrl
1409.0342 	EXP 	Sound  started
1409.7735 	DATA 	Keypress: rctrl
1409.7842 	EXP 	Sound  started
1410.4775 	DATA 	Keypress: rctrl
1410.5342 	EXP 	Sound  started
1411.2615 	DATA 	Keypress: rctrl
1411.2842 	EXP 	Sound  started
1412.0295 	DATA 	Keypress: rctrl
1412.0342 	EXP 	Sound  started
1412.9046 	DATA 	Keypress: rctrl
1415.9232 	DATA 	Keypress: 1
1415.9397 	EXP 	unnamed ShapeStim: vertices = <class 'numpy.ndarray'>
1427.6995 	DATA 	Keypress: 2
1427.7160 	EXP 	unnamed ShapeStim: vertices = <class 'numpy.ndarray'>
1435.4559 	DATA 	Keypress: 3
1435.4724 	EXP 	unnamed ShapeStim: vertices = <class 'numpy.ndarray'>
1437.7576 	EXP 	Sound  started
1437.8536 	DATA 	Keypress: rctrl
1438.4936 	DATA 	Keypress: rctrl
1438.5075 	EXP 	Sound  started
1439.1655 	DATA 	Keypress: lctrl
1439.2575 	EXP 	Sound  started
1439.9015 	DATA 	Keypress: lctrl
1440.0075 	EXP 	Sound  started
1440.6535 	DATA 	Keypress: lctrl
1440.7576 	EXP 	Sound  started
1441.3575 	DATA 	Keypress: lctrl
1441.5076 	EXP 	Sound  started
1442.1255 	DATA 	Keypress: rctrl
1442.2576 	EXP 	Sound  started
1442.9255 	DATA 	Keypress: rctrl
1443.0076 	EXP 	Sound  started
1443.6775 	DATA 	Keypress: rctrl
1443.7576 	EXP 	Sound  started
1444.4455 	DATA 	Keypress: lctrl
1444.5076 	EXP 	Sound  started
1445.1815 	DATA 	Keypress: rctrl
1445.2576 	EXP 	Sound  started
1445.8855 	DATA 	Keypress: rctrl
1446.0077 	EXP 	Sound  started
1446.7015 	DATA 	Keypress: rctrl
1446.7577 	EXP 	Sound  started
1447.3575 	DATA 	Keypress: rctrl
1447.5077 	EXP 	Sound  started
1448.1415 	DATA 	Keypress: rctrl
1448.2577 	EXP 	Sound  started
1448.8615 	DATA 	Keypress: rctrl
1449.0077 	EXP 	Sound  started
1449.5495 	DATA 	Keypress: lctrl
1449.7577 	EXP 	Sound  started
1450.3175 	DATA 	Keypress: lctrl
1450.5077 	EXP 	Sound  started
1451.1175 	DATA 	Keypress: lctrl
1451.2578 	EXP 	Sound  started
1451.9175 	DATA 	Keypress: rctrl
1452.0078 	EXP 	Sound  started
1452.5095 	DATA 	Keypress: lctrl
1452.7578 	EXP 	Sound  started
1453.3415 	DATA 	Keypress: lctrl
1453.5078 	EXP 	Sound  started
1454.1735 	DATA 	Keypress: rctrl
1454.2578 	EXP 	Sound  started
1454.9416 	DATA 	Keypress: rctrl
1455.0078 	EXP 	Sound  started
1455.7255 	DATA 	Keypress: rctrl
1455.7578 	EXP 	Sound  started
1456.4775 	DATA 	Keypress: rctrl
1456.5079 	EXP 	Sound  started
1457.1975 	DATA 	Keypress: rctrl
1457.2579 	EXP 	Sound  started
1457.8855 	DATA 	Keypress: rctrl
1458.0079 	EXP 	Sound  started
1458.6695 	DATA 	Keypress: rctrl
1458.7579 	EXP 	Sound  started
1459.4055 	DATA 	Keypress: rctrl
1459.5079 	EXP 	Sound  started
1460.1735 	DATA 	Keypress: rctrl
1460.2579 	EXP 	Sound  started
1460.9416 	DATA 	Keypress: rctrl
1461.0079 	EXP 	Sound  started
1461.7255 	DATA 	Keypress: rctrl
1461.7580 	EXP 	Sound  started
1462.4455 	DATA 	Keypress: lctrl
1462.5080 	EXP 	Sound  started
1463.1335 	DATA 	Keypress: rctrl
1463.2580 	EXP 	Sound  started
1463.9655 	DATA 	Keypress: rctrl
1464.0080 	EXP 	Sound  started
1464.7495 	DATA 	Keypress: rctrl
1464.7580 	EXP 	Sound  started
1465.4855 	DATA 	Keypress: rctrl
1465.5080 	EXP 	Sound  started
1466.2215 	DATA 	Keypress: rctrl
1466.2580 	EXP 	Sound  started
1466.9255 	DATA 	Keypress: rctrl
1467.0081 	EXP 	Sound  started
1467.6935 	DATA 	Keypress: rctrl
1467.7581 	EXP 	Sound  started
1468.3495 	DATA 	Keypress: lctrl
1468.5081 	EXP 	Sound  started
1469.1015 	DATA 	Keypress: lctrl
1469.2581 	EXP 	Sound  started
1469.8535 	DATA 	Keypress: lctrl
1470.0081 	EXP 	Sound  started
1470.6375 	DATA 	Keypress: rctrl
1470.7581 	EXP 	Sound  started
1471.3895 	DATA 	Keypress: rctrl
1471.5081 	EXP 	Sound  started
1472.1736 	DATA 	Keypress: rctrl
1472.2582 	EXP 	Sound  started
1472.8456 	DATA 	Keypress: rctrl
1473.0082 	EXP 	Sound  started
1473.6775 	DATA 	Keypress: lctrl
1473.7582 	EXP 	Sound  started
1474.4135 	DATA 	Keypress: lctrl
1474.5082 	EXP 	Sound  started
1475.1495 	DATA 	Keypress: lctrl
1475.2582 	EXP 	Sound  started
1475.8855 	DATA 	Keypress: lctrl
1476.0082 	EXP 	Sound  started
1476.5895 	DATA 	Keypress: rctrl
1476.7582 	EXP 	Sound  started
1477.3575 	DATA 	Keypress: rctrl
1477.5083 	EXP 	Sound  started
1478.1415 	DATA 	Keypress: rctrl
1478.2583 	EXP 	Sound  started
1478.8775 	DATA 	Keypress: rctrl
1479.0083 	EXP 	Sound  started
1479.6135 	DATA 	Keypress: rctrl
1479.7583 	EXP 	Sound  started
1480.2855 	DATA 	Keypress: rctrl
1480.5083 	EXP 	Sound  started
1481.1335 	DATA 	Keypress: rctrl
1481.2583 	EXP 	Sound  started
1481.9335 	DATA 	Keypress: rctrl
1482.0083 	EXP 	Sound  started
1482.7335 	DATA 	Keypress: lctrl
1482.7584 	EXP 	Sound  started
1483.4695 	DATA 	Keypress: lctrl
1483.5084 	EXP 	Sound  started
1484.1895 	DATA 	Keypress: lctrl
1484.2584 	EXP 	Sound  started
1484.9255 	DATA 	Keypress: lctrl
1485.0084 	EXP 	Sound  started
1485.6935 	DATA 	Keypress: lctrl
1485.7584 	EXP 	Sound  started
1486.4135 	DATA 	Keypress: lctrl
1486.5084 	EXP 	Sound  started
1487.1175 	DATA 	Keypress: lctrl
1487.2584 	EXP 	Sound  started
1487.9336 	DATA 	Keypress: lctrl
1488.0085 	EXP 	Sound  started
1488.6536 	DATA 	Keypress: lctrl
1488.7585 	EXP 	Sound  started
1489.3735 	DATA 	Keypress: lctrl
1489.5085 	EXP 	Sound  started
1490.1415 	DATA 	Keypress: rctrl
1490.2585 	EXP 	Sound  started
1490.9575 	DATA 	Keypress: rctrl
1491.0085 	EXP 	Sound  started
1491.7416 	DATA 	Keypress: rctrl
1491.7585 	EXP 	Sound  started
1492.4775 	DATA 	Keypress: rctrl
1492.5085 	EXP 	Sound  started
1493.2455 	DATA 	Keypress: rctrl
1493.2586 	EXP 	Sound  started
1493.9975 	DATA 	Keypress: rctrl
1494.0086 	EXP 	Sound  started
1494.7335 	DATA 	Keypress: rctrl
1494.7586 	EXP 	Sound  started
1495.5015 	DATA 	Keypress: rctrl
1495.5086 	EXP 	Sound  started
1496.2375 	DATA 	Keypress: rctrl
1496.2586 	EXP 	Sound  started
1496.9415 	DATA 	Keypress: rctrl
1497.0086 	EXP 	Sound  started
1497.7095 	DATA 	Keypress: rctrl
1497.7587 	EXP 	Sound  started
1498.4455 	DATA 	Keypress: rctrl
1501.7269 	DATA 	Keypress: 1
1501.7433 	EXP 	unnamed ShapeStim: vertices = <class 'numpy.ndarray'>
1505.2463 	DATA 	Keypress: 4
1505.2628 	EXP 	unnamed ShapeStim: vertices = <class 'numpy.ndarray'>
1510.3338 	DATA 	Keypress: 1
1510.3504 	EXP 	unnamed ShapeStim: vertices = <class 'numpy.ndarray'>
1512.6353 	EXP 	Sound  started
1512.6356 	DATA 	Keypress: rctrl
1513.3255 	DATA 	Keypress: rctrl
1513.3852 	EXP 	Sound  started
1514.1095 	DATA 	Keypress: lctrl
1514.1352 	EXP 	Sound  started
1514.8295 	DATA 	Keypress: lctrl
1514.8853 	EXP 	Sound  started
1515.5815 	DATA 	Keypress: rctrl
1515.6353 	EXP 	Sound  started
1516.3335 	DATA 	Keypress: lctrl
1516.3853 	EXP 	Sound  started
1517.1353 	EXP 	Sound  started
1517.1495 	DATA 	Keypress: lctrl
1517.8853 	EXP 	Sound  started
1517.8855 	DATA 	Keypress: lctrl
1518.5735 	DATA 	Keypress: lctrl
1518.6353 	EXP 	Sound  started
1519.3255 	DATA 	Keypress: lctrl
1519.3853 	EXP 	Sound  started
1520.1354 	EXP 	Sound  started
1520.2215 	DATA 	Keypress: lctrl
1520.8775 	DATA 	Keypress: lctrl
1520.8854 	EXP 	Sound  started
1521.5495 	DATA 	Keypress: lctrl
1521.6354 	EXP 	Sound  started
1522.3016 	DATA 	Keypress: lctrl
1522.3854 	EXP 	Sound  started
1523.0056 	DATA 	Keypress: lctrl
1523.1354 	EXP 	Sound  started
1523.7415 	DATA 	Keypress: lctrl
1523.8854 	EXP 	Sound  started
1524.5255 	DATA 	Keypress: rctrl
1524.6355 	EXP 	Sound  started
1525.3575 	DATA 	Keypress: rctrl
1525.3855 	EXP 	Sound  started
1526.1095 	DATA 	Keypress: rctrl
1526.1355 	EXP 	Sound  started
1526.8855 	EXP 	Sound  started
1526.9255 	DATA 	Keypress: rctrl
1527.6135 	DATA 	Keypress: lctrl
1527.6355 	EXP 	Sound  started
1528.3335 	DATA 	Keypress: rctrl
1528.3855 	EXP 	Sound  started
1529.0855 	DATA 	Keypress: rctrl
1529.1355 	EXP 	Sound  started
1529.8536 	DATA 	Keypress: rctrl
1529.8856 	EXP 	Sound  started
1530.5735 	DATA 	Keypress: lctrl
1530.6356 	EXP 	Sound  started
1531.3255 	DATA 	Keypress: lctrl
1531.3856 	EXP 	Sound  started
1532.0935 	DATA 	Keypress: lctrl
1532.1356 	EXP 	Sound  started
1532.8455 	DATA 	Keypress: lctrl
1532.8856 	EXP 	Sound  started
1533.5815 	DATA 	Keypress: rctrl
1533.6356 	EXP 	Sound  started
1534.3815 	DATA 	Keypress: rctrl
1534.3856 	EXP 	Sound  started
1535.1335 	DATA 	Keypress: lctrl
1535.1356 	EXP 	Sound  started
1535.8375 	DATA 	Keypress: rctrl
1535.8857 	EXP 	Sound  started
1536.5735 	DATA 	Keypress: rctrl
1536.6357 	EXP 	Sound  started
1537.2776 	DATA 	Keypress: rctrl
1537.3857 	EXP 	Sound  started
1538.0935 	DATA 	Keypress: rctrl
1538.1357 	EXP 	Sound  started
1538.8296 	DATA 	Keypress: rctrl
1538.8857 	EXP 	Sound  started
1539.5815 	DATA 	Keypress: rctrl
1539.6357 	EXP 	Sound  started
1540.3015 	DATA 	Keypress: rctrl
1540.3857 	EXP 	Sound  started
1541.0855 	DATA 	Keypress: rctrl
1541.1357 	EXP 	Sound  started
1541.8215 	DATA 	Keypress: rctrl
1541.8858 	EXP 	Sound  started
1542.6358 	EXP 	Sound  started
1542.6535 	DATA 	Keypress: rctrl
1543.3095 	DATA 	Keypress: rctrl
1543.3858 	EXP 	Sound  started
1544.0775 	DATA 	Keypress: rctrl
1544.1358 	EXP 	Sound  started
1544.7655 	DATA 	Keypress: lctrl
1544.8858 	EXP 	Sound  started
1545.5655 	DATA 	Keypress: lctrl
1545.6358 	EXP 	Sound  started
1546.2855 	DATA 	Keypress: lctrl
1546.3859 	EXP 	Sound  started
1547.0855 	DATA 	Keypress: lctrl
1547.1359 	EXP 	Sound  started
1547.8055 	DATA 	Keypress: lctrl
1547.8859 	EXP 	Sound  started
1548.6056 	DATA 	Keypress: lctrl
1548.6359 	EXP 	Sound  started
1549.3095 	DATA 	Keypress: lctrl
1549.3859 	EXP 	Sound  started
1550.0775 	DATA 	Keypress: lctrl
1550.1359 	EXP 	Sound  started
1550.7815 	DATA 	Keypress: lctrl
1550.8859 	EXP 	Sound  started
1551.5175 	DATA 	Keypress: lctrl
1551.6360 	EXP 	Sound  started
1552.2536 	DATA 	Keypress: rctrl
1552.3860 	EXP 	Sound  started
1553.0055 	DATA 	Keypress: rctrl
1555.9212 	DATA 	Keypress: 1
1555.9377 	EXP 	unnamed ShapeStim: vertices = <class 'numpy.ndarray'>
1563.1104 	DATA 	Keypress: 4
1563.1269 	EXP 	unnamed ShapeStim: vertices = <class 'numpy.ndarray'>
1576.2545 	DATA 	Keypress: 2
1576.2710 	EXP 	unnamed ShapeStim: vertices = <class 'numpy.ndarray'>
1578.5551 	EXP 	Sound  started
1578.6855 	DATA 	Keypress: rctrl
1579.2135 	DATA 	Keypress: rctrl
1579.3050 	EXP 	Sound  started
1579.8855 	DATA 	Keypress: rctrl
1580.0550 	EXP 	Sound  started
1580.6375 	DATA 	Keypress: lctrl
1580.8051 	EXP 	Sound  started
1581.4375 	DATA 	Keypress: lctrl
1581.5551 	EXP 	Sound  started
1582.1734 	DATA 	Keypress: lctrl
1582.3051 	EXP 	Sound  started
1582.9415 	DATA 	Keypress: lctrl
1583.0551 	EXP 	Sound  started
1583.6615 	DATA 	Keypress: lctrl
1583.8051 	EXP 	Sound  started
1584.4135 	DATA 	Keypress: lctrl
1584.5551 	EXP 	Sound  started
1585.1815 	DATA 	Keypress: lctrl
1585.3051 	EXP 	Sound  started
1585.9335 	DATA 	Keypress: rctrl
1586.0552 	EXP 	Sound  started
1586.7335 	DATA 	Keypress: lctrl
1586.8052 	EXP 	Sound  started
1587.4695 	DATA 	Keypress: rctrl
1587.5552 	EXP 	Sound  started
1588.2215 	DATA 	Keypress: rctrl
1588.3052 	EXP 	Sound  started
1588.8934 	DATA 	Keypress: rctrl
1589.0552 	EXP 	Sound  started
1589.6775 	DATA 	Keypress: rctrl
1589.8053 	EXP 	Sound  started
1590.4935 	DATA 	Keypress: rctrl
1590.5553 	EXP 	Sound  started
1591.2775 	DATA 	Keypress: rctrl
1591.3053 	EXP 	Sound  started
1592.0455 	DATA 	Keypress: rctrl
1592.0553 	EXP 	Sound  started
1592.7975 	DATA 	Keypress: rctrl
1592.8053 	EXP 	Sound  started
1593.4855 	DATA 	Keypress: rctrl
1593.5553 	EXP 	Sound  started
1594.2535 	DATA 	Keypress: rctrl
1594.3053 	EXP 	Sound  started
1595.0374 	DATA 	Keypress: rctrl
1595.0553 	EXP 	Sound  started
1595.7895 	DATA 	Keypress: rctrl
1595.8054 	EXP 	Sound  started
1596.5415 	DATA 	Keypress: rctrl
1596.5554 	EXP 	Sound  started
1597.2775 	DATA 	Keypress: rctrl
1597.3054 	EXP 	Sound  started
1598.0554 	EXP 	Sound  started
1598.7495 	DATA 	Keypress: rctrl
1598.8054 	EXP 	Sound  started
1599.4695 	DATA 	Keypress: lctrl
1599.5554 	EXP 	Sound  started
1600.2375 	DATA 	Keypress: lctrl
1600.3054 	EXP 	Sound  started
1600.9415 	DATA 	Keypress: lctrl
1601.0555 	EXP 	Sound  started
1601.7095 	DATA 	Keypress: rctrl
1601.8057 	EXP 	Sound  started
1602.4775 	DATA 	Keypress: lctrl
1602.5557 	EXP 	Sound  started
1603.2455 	DATA 	Keypress: rctrl
1603.3057 	EXP 	Sound  started
1604.0455 	DATA 	Keypress: rctrl
1604.0558 	EXP 	Sound  started
1604.7815 	DATA 	Keypress: rctrl
1604.8058 	EXP 	Sound  started
1605.5335 	DATA 	Keypress: lctrl
1605.5558 	EXP 	Sound  started
1606.2535 	DATA 	Keypress: lctrl
1606.3058 	EXP 	Sound  started
1606.9255 	DATA 	Keypress: lctrl
1607.0558 	EXP 	Sound  started
1607.6935 	DATA 	Keypress: lctrl
1607.8058 	EXP 	Sound  started
1608.3975 	DATA 	Keypress: lctrl
1608.5559 	EXP 	Sound  started
1609.1975 	DATA 	Keypress: lctrl
1609.3059 	EXP 	Sound  started
1609.9495 	DATA 	Keypress: rctrl
1610.0559 	EXP 	Sound  started
1610.7495 	DATA 	Keypress: rctrl
1610.8059 	EXP 	Sound  started
1611.5335 	DATA 	Keypress: rctrl
1611.5559 	EXP 	Sound  started
1612.2695 	DATA 	Keypress: rctrl
1612.3059 	EXP 	Sound  started
1612.9896 	DATA 	Keypress: rctrl
1613.0559 	EXP 	Sound  started
1613.7735 	DATA 	Keypress: lctrl
1613.8059 	EXP 	Sound  started
1614.4935 	DATA 	Keypress: rctrl
1614.5560 	EXP 	Sound  started
1615.2614 	DATA 	Keypress: lctrl
1615.3060 	EXP 	Sound  started
1615.9975 	DATA 	Keypress: lctrl
1616.0560 	EXP 	Sound  started
1616.7015 	DATA 	Keypress: rctrl
1616.8060 	EXP 	Sound  started
1617.4695 	DATA 	Keypress: lctrl
1617.5560 	EXP 	Sound  started
1618.2535 	DATA 	Keypress: rctrl
1618.3060 	EXP 	Sound  started
1618.9895 	DATA 	Keypress: rctrl
1619.0561 	EXP 	Sound  started
1619.7095 	DATA 	Keypress: rctrl
1619.8061 	EXP 	Sound  started
1620.4935 	DATA 	Keypress: rctrl
1620.5561 	EXP 	Sound  started
1621.2136 	DATA 	Keypress: lctrl
1621.3061 	EXP 	Sound  started
1621.9975 	DATA 	Keypress: lctrl
1622.0561 	EXP 	Sound  started
1622.6855 	DATA 	Keypress: lctrl
1622.8061 	EXP 	Sound  started
1623.4375 	DATA 	Keypress: rctrl
1623.5561 	EXP 	Sound  started
1624.2695 	DATA 	Keypress: rctrl
1624.3061 	EXP 	Sound  started
1624.9735 	DATA 	Keypress: lctrl
1625.0562 	EXP 	Sound  started
1625.7575 	DATA 	Keypress: lctrl
1625.8062 	EXP 	Sound  started
1626.4935 	DATA 	Keypress: rctrl
1626.5562 	EXP 	Sound  started
1627.2135 	DATA 	Keypress: rctrl
1627.3062 	EXP 	Sound  started
1627.9975 	DATA 	Keypress: rctrl
1628.0562 	EXP 	Sound  started
1628.7495 	DATA 	Keypress: lctrl
1628.8062 	EXP 	Sound  started
1629.5563 	EXP 	Sound  started
1629.5976 	DATA 	Keypress: lctrl
1630.2695 	DATA 	Keypress: lctrl
1630.3063 	EXP 	Sound  started
1631.0375 	DATA 	Keypress: lctrl
1631.0563 	EXP 	Sound  started
1631.8063 	EXP 	Sound  started
1631.8215 	DATA 	Keypress: rctrl
1632.5095 	DATA 	Keypress: rctrl
1634.5355 	DATA 	Keypress: 4
1634.5520 	EXP 	unnamed ShapeStim: vertices = <class 'numpy.ndarray'>
1644.7606 	DATA 	Keypress: 2
1644.7771 	EXP 	unnamed ShapeStim: vertices = <class 'numpy.ndarray'>
1647.8465 	DATA 	Keypress: 4
1647.8629 	EXP 	unnamed ShapeStim: vertices = <class 'numpy.ndarray'>
1650.1471 	EXP 	Sound  started
1650.1478 	DATA 	Keypress: rctrl
1650.8135 	DATA 	Keypress: rctrl
1650.8970 	EXP 	Sound  started
1651.5656 	DATA 	Keypress: rctrl
1651.6470 	EXP 	Sound  started
1652.2855 	DATA 	Keypress: rctrl
1652.3970 	EXP 	Sound  started
1653.1015 	DATA 	Keypress: lctrl
1653.1470 	EXP 	Sound  started
1653.8216 	DATA 	Keypress: lctrl
1653.8971 	EXP 	Sound  started
1654.5895 	DATA 	Keypress: rctrl
1654.6471 	EXP 	Sound  started
1655.3416 	DATA 	Keypress: lctrl
1655.3971 	EXP 	Sound  started
1656.1254 	DATA 	Keypress: lctrl
1656.1471 	EXP 	Sound  started
1656.8295 	DATA 	Keypress: lctrl
1656.8971 	EXP 	Sound  started
1657.5175 	DATA 	Keypress: rctrl
1657.6471 	EXP 	Sound  started
1658.3335 	DATA 	Keypress: rctrl
1658.3971 	EXP 	Sound  started
1659.0215 	DATA 	Keypress: lctrl
1659.1471 	EXP 	Sound  started
1659.7734 	DATA 	Keypress: rctrl
1659.8972 	EXP 	Sound  started
1660.5415 	DATA 	Keypress: lctrl
1660.6472 	EXP 	Sound  started
1661.2775 	DATA 	Keypress: lctrl
1661.3972 	EXP 	Sound  started
1661.9975 	DATA 	Keypress: rctrl
1662.1472 	EXP 	Sound  started
1662.7814 	DATA 	Keypress: rctrl
1662.8972 	EXP 	Sound  started
1663.5015 	DATA 	Keypress: lctrl
1663.6472 	EXP 	Sound  started
1664.2695 	DATA 	Keypress: rctrl
1664.3973 	EXP 	Sound  started
1665.0855 	DATA 	Keypress: lctrl
1665.1473 	EXP 	Sound  started
1665.7735 	DATA 	Keypress: lctrl
1665.8973 	EXP 	Sound  started
1666.4935 	DATA 	Keypress: rctrl
1666.6473 	EXP 	Sound  started
1667.2615 	DATA 	Keypress: lctrl
1667.3973 	EXP 	Sound  started
1667.9655 	DATA 	Keypress: lctrl
1668.1473 	EXP 	Sound  started
1668.7175 	DATA 	Keypress: rctrl
1668.8973 	EXP 	Sound  started
1669.5495 	DATA 	Keypress: rctrl
1669.6473 	EXP 	Sound  started
1670.2535 	DATA 	Keypress: rctrl
1670.3974 	EXP 	Sound  started
1671.0214 	DATA 	Keypress: lctrl
1671.1474 	EXP 	Sound  started
1671.7735 	DATA 	Keypress: rctrl
1671.8974 	EXP 	Sound  started
1672.5255 	DATA 	Keypress: lctrl
1672.6474 	EXP 	Sound  started
1673.3095 	DATA 	Keypress: rctrl
1673.3974 	EXP 	Sound  started
1674.1095 	DATA 	Keypress: lctrl
1674.1474 	EXP 	Sound  started
1674.8615 	DATA 	Keypress: rctrl
1674.8974 	EXP 	Sound  started
1675.6135 	DATA 	Keypress: lctrl
1675.6475 	EXP 	Sound  started
1676.3655 	DATA 	Keypress: lctrl
1676.3975 	EXP 	Sound  started
1677.0854 	DATA 	Keypress: lctrl
1677.1475 	EXP 	Sound  started
1677.8054 	DATA 	Keypress: lctrl
1677.8975 	EXP 	Sound  started
1678.5735 	DATA 	Keypress: rctrl
1678.6475 	EXP 	Sound  started
1679.3255 	DATA 	Keypress: lctrl
1679.3975 	EXP 	Sound  started
1680.0774 	DATA 	Keypress: rctrl
1680.1475 	EXP 	Sound  started
1680.8615 	DATA 	Keypress: lctrl
1680.8976 	EXP 	Sound  started
1681.5655 	DATA 	Keypress: rctrl
1681.6476 	EXP 	Sound  started
1682.3336 	DATA 	Keypress: lctrl
1682.3976 	EXP 	Sound  started
1683.1175 	DATA 	Keypress: rctrl
1683.1476 	EXP 	Sound  started
1683.8695 	DATA 	Keypress: lctrl
1683.8976 	EXP 	Sound  started
1684.6374 	DATA 	Keypress: rctrl
1684.6476 	EXP 	Sound  started
1685.3255 	DATA 	Keypress: lctrl
1685.3977 	EXP 	Sound  started
1686.1477 	EXP 	Sound  started
1686.1575 	DATA 	Keypress: rctrl
1686.8455 	DATA 	Keypress: rctrl
1686.8977 	EXP 	Sound  started
1687.6135 	DATA 	Keypress: rctrl
1687.6477 	EXP 	Sound  started
1688.3815 	DATA 	Keypress: rctrl
1688.3977 	EXP 	Sound  started
1689.0854 	DATA 	Keypress: rctrl
1689.1477 	EXP 	Sound  started
1689.8695 	DATA 	Keypress: rctrl
1689.8977 	EXP 	Sound  started
1690.5895 	DATA 	Keypress: lctrl
1690.6477 	EXP 	Sound  started
1691.3575 	DATA 	Keypress: lctrl
1691.3978 	EXP 	Sound  started
1692.1095 	DATA 	Keypress: lctrl
1692.1478 	EXP 	Sound  started
1692.8774 	DATA 	Keypress: rctrl
1692.8978 	EXP 	Sound  started
1693.5814 	DATA 	Keypress: lctrl
1693.6478 	EXP 	Sound  started
1694.3015 	DATA 	Keypress: lctrl
1694.3978 	EXP 	Sound  started
1695.0855 	DATA 	Keypress: rctrl
1695.1478 	EXP 	Sound  started
1695.8535 	DATA 	Keypress: rctrl
1695.8978 	EXP 	Sound  started
1696.4774 	DATA 	Keypress: rctrl
1696.6479 	EXP 	Sound  started
1697.3575 	DATA 	Keypress: rctrl
1697.3979 	EXP 	Sound  started
1698.0614 	DATA 	Keypress: rctrl
1698.1479 	EXP 	Sound  started
1698.8294 	DATA 	Keypress: rctrl
1698.8979 	EXP 	Sound  started
1699.5175 	DATA 	Keypress: rctrl
1699.6479 	EXP 	Sound  started
1700.2695 	DATA 	Keypress: rctrl
1700.3979 	EXP 	Sound  started
1701.0855 	DATA 	Keypress: rctrl
1701.1479 	EXP 	Sound  started
1701.8535 	DATA 	Keypress: lctrl
1701.8980 	EXP 	Sound  started
1702.5735 	DATA 	Keypress: rctrl
1702.6480 	EXP 	Sound  started
1703.3255 	DATA 	Keypress: lctrl
1703.3980 	EXP 	Sound  started
1704.1480 	EXP 	Sound  started
1704.1735 	DATA 	Keypress: lctrl
1704.8776 	DATA 	Keypress: lctrl
1710.0807 	DATA 	Keypress: 3
1710.0972 	EXP 	unnamed ShapeStim: vertices = <class 'numpy.ndarray'>
1714.3046 	DATA 	Keypress: 1
1714.3340 	EXP 	unnamed ShapeStim: vertices = <class 'numpy.ndarray'>
1718.9584 	DATA 	Keypress: 3
1718.9879 	EXP 	unnamed ShapeStim: vertices = <class 'numpy.ndarray'>
1721.2733 	EXP 	Sound  started
1721.8215 	DATA 	Keypress: rctrl
1722.0233 	EXP 	Sound  started
1722.5895 	DATA 	Keypress: rctrl
1722.7733 	EXP 	Sound  started
1723.2615 	DATA 	Keypress: lctrl
1723.5233 	EXP 	Sound  started
1724.0615 	DATA 	Keypress: rctrl
1724.2733 	EXP 	Sound  started
1724.8934 	DATA 	Keypress: rctrl
1725.0234 	EXP 	Sound  started
1725.5335 	DATA 	Keypress: lctrl
1725.7734 	EXP 	Sound  started
1726.3495 	DATA 	Keypress: rctrl
1726.5234 	EXP 	Sound  started
1727.1815 	DATA 	Keypress: rctrl
1727.2734 	EXP 	Sound  started
1727.8535 	DATA 	Keypress: lctrl
1728.0234 	EXP 	Sound  started
1728.6375 	DATA 	Keypress: rctrl
1728.7734 	EXP 	Sound  started
1729.4055 	DATA 	Keypress: lctrl
1729.5234 	EXP 	Sound  started
1730.1894 	DATA 	Keypress: rctrl
1730.2735 	EXP 	Sound  started
1731.0055 	DATA 	Keypress: rctrl
1731.0235 	EXP 	Sound  started
1731.6934 	DATA 	Keypress: rctrl
1731.7735 	EXP 	Sound  started
1732.4135 	DATA 	Keypress: rctrl
1732.5235 	EXP 	Sound  started
1733.1495 	DATA 	Keypress: lctrl
1733.2735 	EXP 	Sound  started
1733.8854 	DATA 	Keypress: rctrl
1734.0235 	EXP 	Sound  started
1734.6535 	DATA 	Keypress: lctrl
1734.7735 	EXP 	Sound  started
1735.4216 	DATA 	Keypress: lctrl
1735.5236 	EXP 	Sound  started
1736.1255 	DATA 	Keypress: lctrl
1736.2736 	EXP 	Sound  started
1736.7975 	DATA 	Keypress: lctrl
1737.0236 	EXP 	Sound  started
1737.6294 	DATA 	Keypress: rctrl
1737.7736 	EXP 	Sound  started
1738.3495 	DATA 	Keypress: lctrl
1738.5236 	EXP 	Sound  started
1739.1495 	DATA 	Keypress: rctrl
1739.2736 	EXP 	Sound  started
1739.8695 	DATA 	Keypress: rctrl
1740.0236 	EXP 	Sound  started
1740.6534 	DATA 	Keypress: rctrl
1740.7737 	EXP 	Sound  started
1741.4215 	DATA 	Keypress: rctrl
1741.5237 	EXP 	Sound  started
1742.2054 	DATA 	Keypress: rctrl
1742.2737 	EXP 	Sound  started
1742.9255 	DATA 	Keypress: rctrl
1743.0237 	EXP 	Sound  started
1743.6774 	DATA 	Keypress: rctrl
1743.7737 	EXP 	Sound  started
1744.4294 	DATA 	Keypress: rctrl
1744.5237 	EXP 	Sound  started
1745.1815 	DATA 	Keypress: lctrl
1745.2737 	EXP 	Sound  started
1745.9335 	DATA 	Keypress: rctrl
1746.0238 	EXP 	Sound  started
1746.7014 	DATA 	Keypress: rctrl
1746.7738 	EXP 	Sound  started
1747.4054 	DATA 	Keypress: lctrl
1747.5238 	EXP 	Sound  started
1748.1735 	DATA 	Keypress: lctrl
1748.2738 	EXP 	Sound  started
1748.9095 	DATA 	Keypress: lctrl
1749.0238 	EXP 	Sound  started
1749.6935 	DATA 	Keypress: lctrl
1749.7738 	EXP 	Sound  started
1750.4615 	DATA 	Keypress: lctrl
1750.5238 	EXP 	Sound  started
1751.1815 	DATA 	Keypress: rctrl
1751.2739 	EXP 	Sound  started
1751.9975 	DATA 	Keypress: rctrl
1752.0239 	EXP 	Sound  started
1752.7494 	DATA 	Keypress: rctrl
1752.7739 	EXP 	Sound  started
1753.4695 	DATA 	Keypress: rctrl
1753.5239 	EXP 	Sound  started
1754.2214 	DATA 	Keypress: lctrl
1754.2739 	EXP 	Sound  started
1755.0054 	DATA 	Keypress: lctrl
1755.0239 	EXP 	Sound  started
1755.7254 	DATA 	Keypress: lctrl
1755.7739 	EXP 	Sound  started
1756.4295 	DATA 	Keypress: lctrl
1756.5240 	EXP 	Sound  started
1757.2740 	EXP 	Sound  started
1757.2934 	DATA 	Keypress: rctrl
1758.0240 	EXP 	Sound  started
1758.0615 	DATA 	Keypress: rctrl
1758.7740 	EXP 	Sound  started
1758.7815 	DATA 	Keypress: rctrl
1759.5015 	DATA 	Keypress: rctrl
1759.5240 	EXP 	Sound  started
1760.2695 	DATA 	Keypress: lctrl
1760.2740 	EXP 	Sound  started
1760.9575 	DATA 	Keypress: lctrl
1761.0240 	EXP 	Sound  started
1761.6775 	DATA 	Keypress: lctrl
1761.7741 	EXP 	Sound  started
1762.4455 	DATA 	Keypress: rctrl
1762.5241 	EXP 	Sound  started
1763.1815 	DATA 	Keypress: lctrl
1763.2741 	EXP 	Sound  started
1763.9815 	DATA 	Keypress: lctrl
1764.0241 	EXP 	Sound  started
1764.7654 	DATA 	Keypress: rctrl
1764.7741 	EXP 	Sound  started
1765.4215 	DATA 	Keypress: lctrl
1765.5241 	EXP 	Sound  started
1766.1895 	DATA 	Keypress: rctrl
1766.2741 	EXP 	Sound  started
1766.9095 	DATA 	Keypress: rctrl
1767.0242 	EXP 	Sound  started
1767.6135 	DATA 	Keypress: lctrl
1767.7742 	EXP 	Sound  started
1768.3814 	DATA 	Keypress: lctrl
1768.5242 	EXP 	Sound  started
1769.1815 	DATA 	Keypress: rctrl
1769.2742 	EXP 	Sound  started
1770.0242 	EXP 	Sound  started
1770.1095 	DATA 	Keypress: rctrl
1770.7742 	EXP 	Sound  started
1770.7974 	DATA 	Keypress: rctrl
1771.5015 	DATA 	Keypress: rctrl
1771.5242 	EXP 	Sound  started
1772.2375 	DATA 	Keypress: rctrl
1772.2742 	EXP 	Sound  started
1773.0243 	EXP 	Sound  started
1773.0534 	DATA 	Keypress: rctrl
1773.7574 	DATA 	Keypress: rctrl
1773.7743 	EXP 	Sound  started
1774.4934 	DATA 	Keypress: rctrl
1774.5243 	EXP 	Sound  started
1775.2295 	DATA 	Keypress: rctrl
1775.2743 	EXP 	Sound  started
1775.9335 	DATA 	Keypress: rctrl
1776.0243 	EXP 	Sound  started
1776.6535 	DATA 	Keypress: rctrl
1776.7743 	EXP 	Sound  started
1777.4695 	DATA 	Keypress: rctrl
1777.5243 	EXP 	Sound  started
1778.1734 	DATA 	Keypress: lctrl
1778.2744 	EXP 	Sound  started
1778.9894 	DATA 	Keypress: lctrl
1779.0244 	EXP 	Sound  started
1779.7414 	DATA 	Keypress: rctrl
1779.7744 	EXP 	Sound  started
1780.3815 	DATA 	Keypress: lctrl
1780.5244 	EXP 	Sound  started
1781.2454 	DATA 	Keypress: lctrl
1781.2744 	EXP 	Sound  started
1781.9495 	DATA 	Keypress: lctrl
1782.0244 	EXP 	Sound  started
1782.7654 	DATA 	Keypress: lctrl
1786.5767 	DATA 	Keypress: 1
1786.5932 	EXP 	unnamed ShapeStim: vertices = <class 'numpy.ndarray'>
1791.5512 	DATA 	Keypress: 4
1791.5806 	EXP 	unnamed ShapeStim: vertices = <class 'numpy.ndarray'>
1801.3592 	DATA 	Keypress: 1
1801.3887 	EXP 	unnamed ShapeStim: vertices = <class 'numpy.ndarray'>
1803.6729 	EXP 	Sound  started
1804.1096 	DATA 	Keypress: rctrl
1804.4229 	EXP 	Sound  started
1805.0374 	DATA 	Keypress: rctrl
1805.1729 	EXP 	Sound  started
1805.8375 	DATA 	Keypress: rctrl
1805.9230 	EXP 	Sound  started
1806.5894 	DATA 	Keypress: lctrl
1806.6729 	EXP 	Sound  started
1807.3255 	DATA 	Keypress: lctrl
1807.4229 	EXP 	Sound  started
1808.0615 	DATA 	Keypress: rctrl
1808.1730 	EXP 	Sound  started
1808.7974 	DATA 	Keypress: rctrl
1808.9230 	EXP 	Sound  started
1809.5655 	DATA 	Keypress: rctrl
1809.6730 	EXP 	Sound  started
1810.3335 	DATA 	Keypress: rctrl
1810.4230 	EXP 	Sound  started
1811.1495 	DATA 	Keypress: rctrl
1811.1730 	EXP 	Sound  started
1811.8854 	DATA 	Keypress: lctrl
1811.9230 	EXP 	Sound  started
1812.6731 	EXP 	Sound  started
1812.8615 	DATA 	Keypress: rctrl
1813.4231 	EXP 	Sound  started
1813.5014 	DATA 	Keypress: rctrl
1814.1731 	EXP 	Sound  started
1814.2054 	DATA 	Keypress: rctrl
1814.9231 	EXP 	Sound  started
1814.9415 	DATA 	Keypress: lctrl
1815.6731 	EXP 	Sound  started
1815.6934 	DATA 	Keypress: lctrl
1816.3654 	DATA 	Keypress: lctrl
1816.4231 	EXP 	Sound  started
1817.0694 	DATA 	Keypress: lctrl
1817.1731 	EXP 	Sound  started
1817.8374 	DATA 	Keypress: lctrl
1817.9231 	EXP 	Sound  started
1818.6054 	DATA 	Keypress: lctrl
1818.6732 	EXP 	Sound  started
1819.2615 	DATA 	Keypress: lctrl
1819.4232 	EXP 	Sound  started
1819.9975 	DATA 	Keypress: lctrl
1820.1732 	EXP 	Sound  started
1820.8614 	DATA 	Keypress: rctrl
1820.9232 	EXP 	Sound  started
1821.6614 	DATA 	Keypress: rctrl
1821.6732 	EXP 	Sound  started
1822.3015 	DATA 	Keypress: lctrl
1822.4232 	EXP 	Sound  started
1823.0694 	DATA 	Keypress: lctrl
1823.1732 	EXP 	Sound  started
1823.8696 	DATA 	Keypress: lctrl
1823.9233 	EXP 	Sound  started
1824.6215 	DATA 	Keypress: lctrl
1824.6733 	EXP 	Sound  started
1825.3095 	DATA 	Keypress: lctrl
1825.4233 	EXP 	Sound  started
1826.1255 	DATA 	Keypress: lctrl
1826.1733 	EXP 	Sound  started
1826.8454 	DATA 	Keypress: lctrl
1826.9233 	EXP 	Sound  started
1827.6454 	DATA 	Keypress: lctrl
1827.6733 	EXP 	Sound  started
1828.3814 	DATA 	Keypress: lctrl
1828.4233 	EXP 	Sound  started
1829.1014 	DATA 	Keypress: lctrl
1829.1734 	EXP 	Sound  started
1829.8535 	DATA 	Keypress: lctrl
1829.9234 	EXP 	Sound  started
1830.6535 	DATA 	Keypress: rctrl
1830.6734 	EXP 	Sound  started
1831.3415 	DATA 	Keypress: rctrl
1831.4234 	EXP 	Sound  started
1832.0295 	DATA 	Keypress: lctrl
1832.1734 	EXP 	Sound  started
1832.8134 	DATA 	Keypress: rctrl
1832.9234 	EXP 	Sound  started
1833.5974 	DATA 	Keypress: rctrl
1833.6735 	EXP 	Sound  started
1834.3334 	DATA 	Keypress: rctrl
1834.4235 	EXP 	Sound  started
1835.0535 	DATA 	Keypress: lctrl
1835.1735 	EXP 	Sound  started
1835.8214 	DATA 	Keypress: rctrl
1835.9235 	EXP 	Sound  started
1836.5895 	DATA 	Keypress: lctrl
1836.6735 	EXP 	Sound  started
1837.3414 	DATA 	Keypress: rctrl
1837.4235 	EXP 	Sound  started
1838.1255 	DATA 	Keypress: rctrl
1838.1735 	EXP 	Sound  started
1838.8615 	DATA 	Keypress: rctrl
1838.9236 	EXP 	Sound  started
1839.6134 	DATA 	Keypress: rctrl
1839.6736 	EXP 	Sound  started
1840.3655 	DATA 	Keypress: rctrl
1840.4236 	EXP 	Sound  started
1841.0694 	DATA 	Keypress: lctrl
1841.1736 	EXP 	Sound  started
1841.8055 	DATA 	Keypress: lctrl
1841.9236 	EXP 	Sound  started
1842.5895 	DATA 	Keypress: lctrl
1842.6736 	EXP 	Sound  started
1843.3254 	DATA 	Keypress: lctrl
1843.4236 	EXP 	Sound  started
1844.0775 	DATA 	Keypress: lctrl
1844.1737 	EXP 	Sound  started
1844.8135 	DATA 	Keypress: lctrl
1844.9237 	EXP 	Sound  started
1845.5175 	DATA 	Keypress: lctrl
1845.6737 	EXP 	Sound  started
1846.3014 	DATA 	Keypress: lctrl
1846.4237 	EXP 	Sound  started
1847.0214 	DATA 	Keypress: lctrl
1847.1737 	EXP 	Sound  started
1847.7895 	DATA 	Keypress: rctrl
1847.9237 	EXP 	Sound  started
1848.5095 	DATA 	Keypress: lctrl
1848.6737 	EXP 	Sound  started
1849.2934 	DATA 	Keypress: rctrl
1852.0804 	DATA 	Keypress: 1
1852.0968 	EXP 	unnamed ShapeStim: vertices = <class 'numpy.ndarray'>
1855.0866 	DATA 	Keypress: 4
1855.1160 	EXP 	unnamed ShapeStim: vertices = <class 'numpy.ndarray'>
1858.4527 	DATA 	Keypress: 1
1858.4689 	EXP 	unnamed ShapeStim: vertices = <class 'numpy.ndarray'>
1860.7542 	EXP 	Sound  started
1860.7815 	DATA 	Keypress: rctrl
1861.4695 	DATA 	Keypress: rctrl
1861.5042 	EXP 	Sound  started
1862.2542 	EXP 	Sound  started
1862.2854 	DATA 	Keypress: lctrl
1863.0042 	EXP 	Sound  started
1863.0375 	DATA 	Keypress: rctrl
1863.7415 	DATA 	Keypress: rctrl
1863.7542 	EXP 	Sound  started
1864.4774 	DATA 	Keypress: rctrl
1864.5043 	EXP 	Sound  started
1865.1814 	DATA 	Keypress: rctrl
1865.2543 	EXP 	Sound  started
1865.9495 	DATA 	Keypress: rctrl
1866.0043 	EXP 	Sound  started
1866.7175 	DATA 	Keypress: lctrl
1866.7543 	EXP 	Sound  started
1867.4215 	DATA 	Keypress: lctrl
1867.5043 	EXP 	Sound  started
1868.1575 	DATA 	Keypress: lctrl
1868.2543 	EXP 	Sound  started
1868.9094 	DATA 	Keypress: lctrl
1869.0043 	EXP 	Sound  started
1869.6774 	DATA 	Keypress: rctrl
1869.7544 	EXP 	Sound  started
1870.4614 	DATA 	Keypress: rctrl
1870.5044 	EXP 	Sound  started
1871.1654 	DATA 	Keypress: lctrl
1871.2544 	EXP 	Sound  started
1871.9815 	DATA 	Keypress: rctrl
1872.0044 	EXP 	Sound  started
1872.7544 	EXP 	Sound  started
1872.7815 	DATA 	Keypress: rctrl
1873.4854 	DATA 	Keypress: rctrl
1873.5044 	EXP 	Sound  started
1874.1734 	DATA 	Keypress: rctrl
1874.2545 	EXP 	Sound  started
1874.9415 	DATA 	Keypress: rctrl
1875.0045 	EXP 	Sound  started
1875.6455 	DATA 	Keypress: rctrl
1875.7545 	EXP 	Sound  started
1876.3974 	DATA 	Keypress: rctrl
1876.5045 	EXP 	Sound  started
1877.1814 	DATA 	Keypress: lctrl
1877.2545 	EXP 	Sound  started
1877.9494 	DATA 	Keypress: rctrl
1878.0045 	EXP 	Sound  started
1878.6854 	DATA 	Keypress: rctrl
1878.7546 	EXP 	Sound  started
1879.4374 	DATA 	Keypress: lctrl
1879.5046 	EXP 	Sound  started
1880.2535 	DATA 	Keypress: lctrl
1880.2546 	EXP 	Sound  started
1880.9095 	DATA 	Keypress: lctrl
1881.0046 	EXP 	Sound  started
1881.6135 	DATA 	Keypress: lctrl
1881.7546 	EXP 	Sound  started
1882.3335 	DATA 	Keypress: rctrl
1882.5046 	EXP 	Sound  started
1883.1974 	DATA 	Keypress: rctrl
1883.2546 	EXP 	Sound  started
1883.9335 	DATA 	Keypress: lctrl
1884.0046 	EXP 	Sound  started
1884.7014 	DATA 	Keypress: lctrl
1884.7547 	EXP 	Sound  started
1885.3734 	DATA 	Keypress: lctrl
1885.5047 	EXP 	Sound  started
1886.0774 	DATA 	Keypress: lctrl
1886.2547 	EXP 	Sound  started
1886.7814 	DATA 	Keypress: lctrl
1887.0047 	EXP 	Sound  started
1887.4695 	DATA 	Keypress: lctrl
1887.7547 	EXP 	Sound  started
1888.1895 	DATA 	Keypress: lctrl
1888.5047 	EXP 	Sound  started
1889.0854 	DATA 	Keypress: lctrl
1889.2547 	EXP 	Sound  started
1889.8535 	DATA 	Keypress: lctrl
1890.0048 	EXP 	Sound  started
1890.6214 	DATA 	Keypress: lctrl
1890.7548 	EXP 	Sound  started
1891.3254 	DATA 	Keypress: lctrl
1891.5048 	EXP 	Sound  started
1892.1256 	DATA 	Keypress: lctrl
1892.2548 	EXP 	Sound  started
1892.8775 	DATA 	Keypress: lctrl
1893.0048 	EXP 	Sound  started
1893.6294 	DATA 	Keypress: lctrl
1893.7548 	EXP 	Sound  started
1894.3494 	DATA 	Keypress: rctrl
1894.5048 	EXP 	Sound  started
1895.0694 	DATA 	Keypress: lctrl
1895.2549 	EXP 	Sound  started
1895.8214 	DATA 	Keypress: lctrl
1896.0049 	EXP 	Sound  started
1896.6694 	DATA 	Keypress: lctrl
1896.7549 	EXP 	Sound  started
1897.4534 	DATA 	Keypress: lctrl
1897.5049 	EXP 	Sound  started
1898.2215 	DATA 	Keypress: rctrl
1898.2549 	EXP 	Sound  started
1899.0049 	EXP 	Sound  started
1899.0534 	DATA 	Keypress: rctrl
1899.7549 	EXP 	Sound  started
1899.7734 	DATA 	Keypress: rctrl
1900.4934 	DATA 	Keypress: rctrl
1900.5050 	EXP 	Sound  started
1901.2454 	DATA 	Keypress: rctrl
1901.2550 	EXP 	Sound  started
1902.0050 	EXP 	Sound  started
1902.0134 	DATA 	Keypress: rctrl
1902.7495 	DATA 	Keypress: rctrl
1902.7550 	EXP 	Sound  started
1903.4534 	DATA 	Keypress: rctrl
1903.5050 	EXP 	Sound  started
1904.1734 	DATA 	Keypress: rctrl
1904.2550 	EXP 	Sound  started
1904.9255 	DATA 	Keypress: rctrl
1905.0050 	EXP 	Sound  started
1905.7255 	DATA 	Keypress: rctrl
1905.7551 	EXP 	Sound  started
1906.4615 	DATA 	Keypress: rctrl
1906.5051 	EXP 	Sound  started
1907.1334 	DATA 	Keypress: lctrl
1907.2551 	EXP 	Sound  started
1907.9494 	DATA 	Keypress: rctrl
1908.0051 	EXP 	Sound  started
1908.7014 	DATA 	Keypress: lctrl
1908.7551 	EXP 	Sound  started
1909.5015 	DATA 	Keypress: lctrl
1909.5051 	EXP 	Sound  started
1910.2551 	EXP 	Sound  started
1910.2695 	DATA 	Keypress: lctrl
1910.9095 	DATA 	Keypress: lctrl
1911.0052 	EXP 	Sound  started
1911.6775 	DATA 	Keypress: lctrl
1911.7552 	EXP 	Sound  started
1912.4614 	DATA 	Keypress: lctrl
1912.5052 	EXP 	Sound  started
1913.1974 	DATA 	Keypress: lctrl
1913.2552 	EXP 	Sound  started
1913.9174 	DATA 	Keypress: lctrl
1914.0052 	EXP 	Sound  started
1914.6695 	DATA 	Keypress: lctrl
1914.7552 	EXP 	Sound  started
1915.4535 	DATA 	Keypress: lctrl
1915.5053 	EXP 	Sound  started
1916.1254 	DATA 	Keypress: lctrl
1916.2553 	EXP 	Sound  started
1916.8935 	DATA 	Keypress: lctrl
1917.0053 	EXP 	Sound  started
1917.6294 	DATA 	Keypress: rctrl
1917.7553 	EXP 	Sound  started
1918.3975 	DATA 	Keypress: rctrl
1918.5053 	EXP 	Sound  started
1919.0694 	DATA 	Keypress: rctrl
1919.2553 	EXP 	Sound  started
1919.8374 	DATA 	Keypress: rctrl
1920.0054 	EXP 	Sound  started
1920.6054 	DATA 	Keypress: rctrl
1920.7554 	EXP 	Sound  started
1921.3414 	DATA 	Keypress: rctrl
1921.5054 	EXP 	Sound  started
1922.1414 	DATA 	Keypress: rctrl
1922.2554 	EXP 	Sound  started
1922.8454 	DATA 	Keypress: rctrl
1923.0054 	EXP 	Sound  started
1923.6134 	DATA 	Keypress: rctrl
1923.7554 	EXP 	Sound  started
1924.3175 	DATA 	Keypress: lctrl
1924.5054 	EXP 	Sound  started
1925.0534 	DATA 	Keypress: rctrl
1925.2555 	EXP 	Sound  started
1925.8534 	DATA 	Keypress: lctrl
1926.0055 	EXP 	Sound  started
1926.5735 	DATA 	Keypress: lctrl
1929.0767 	DATA 	Keypress: 1
1929.0932 	EXP 	unnamed ShapeStim: vertices = <class 'numpy.ndarray'>
1931.8624 	DATA 	Keypress: 4
1931.8788 	EXP 	unnamed ShapeStim: vertices = <class 'numpy.ndarray'>
1934.1314 	DATA 	Keypress: 1
1934.1479 	EXP 	unnamed ShapeStim: vertices = <class 'numpy.ndarray'>
1936.4326 	EXP 	Sound  started
1936.5415 	DATA 	Keypress: rctrl
1937.1494 	DATA 	Keypress: rctrl
1937.1826 	EXP 	Sound  started
1937.8855 	DATA 	Keypress: rctrl
1937.9326 	EXP 	Sound  started
1938.5894 	DATA 	Keypress: rctrl
1938.6826 	EXP 	Sound  started
1939.3094 	DATA 	Keypress: lctrl
1939.4326 	EXP 	Sound  started
1940.0614 	DATA 	Keypress: lctrl
1940.1826 	EXP 	Sound  started
1940.7655 	DATA 	Keypress: lctrl
1940.9326 	EXP 	Sound  started
1941.4855 	DATA 	Keypress: lctrl
1941.6827 	EXP 	Sound  started
1942.2694 	DATA 	Keypress: rctrl
1942.4327 	EXP 	Sound  started
1943.0214 	DATA 	Keypress: lctrl
1943.1827 	EXP 	Sound  started
1943.8214 	DATA 	Keypress: rctrl
1943.9327 	EXP 	Sound  started
1944.5574 	DATA 	Keypress: lctrl
1944.6827 	EXP 	Sound  started
1945.2934 	DATA 	Keypress: rctrl
1945.4327 	EXP 	Sound  started
1946.0774 	DATA 	Keypress: rctrl
1946.1827 	EXP 	Sound  started
1946.8294 	DATA 	Keypress: rctrl
1946.9328 	EXP 	Sound  started
1947.5814 	DATA 	Keypress: rctrl
1947.6828 	EXP 	Sound  started
1948.3334 	DATA 	Keypress: rctrl
1948.4328 	EXP 	Sound  started
1949.1174 	DATA 	Keypress: rctrl
1949.1828 	EXP 	Sound  started
1949.8534 	DATA 	Keypress: lctrl
1949.9328 	EXP 	Sound  started
1950.5895 	DATA 	Keypress: lctrl
1950.6828 	EXP 	Sound  started
1951.2774 	DATA 	Keypress: lctrl
1951.4328 	EXP 	Sound  started
1952.0455 	DATA 	Keypress: rctrl
1952.1829 	EXP 	Sound  started
1952.8295 	DATA 	Keypress: rctrl
1952.9329 	EXP 	Sound  started
1953.5974 	DATA 	Keypress: lctrl
1953.6829 	EXP 	Sound  started
1954.3335 	DATA 	Keypress: rctrl
1954.4329 	EXP 	Sound  started
1955.0535 	DATA 	Keypress: rctrl
1955.1829 	EXP 	Sound  started
1955.7894 	DATA 	Keypress: rctrl
1955.9329 	EXP 	Sound  started
1956.6829 	EXP 	Sound  started
1956.7334 	DATA 	Keypress: rctrl
1957.4055 	DATA 	Keypress: rctrl
1957.4330 	EXP 	Sound  started
1958.1254 	DATA 	Keypress: rctrl
1958.1830 	EXP 	Sound  started
1958.7975 	DATA 	Keypress: lctrl
1958.9330 	EXP 	Sound  started
1959.5654 	DATA 	Keypress: lctrl
1959.6830 	EXP 	Sound  started
1960.3174 	DATA 	Keypress: lctrl
1960.4330 	EXP 	Sound  started
1961.1654 	DATA 	Keypress: rctrl
1961.1830 	EXP 	Sound  started
1961.9014 	DATA 	Keypress: rctrl
1961.9330 	EXP 	Sound  started
1962.6374 	DATA 	Keypress: rctrl
1962.6830 	EXP 	Sound  started
1963.3894 	DATA 	Keypress: lctrl
1963.4331 	EXP 	Sound  started
1964.1415 	DATA 	Keypress: lctrl
1964.1831 	EXP 	Sound  started
1964.9254 	DATA 	Keypress: rctrl
1964.9331 	EXP 	Sound  started
1965.6455 	DATA 	Keypress: rctrl
1965.6831 	EXP 	Sound  started
1966.3974 	DATA 	Keypress: rctrl
1966.4331 	EXP 	Sound  started
1967.0694 	DATA 	Keypress: lctrl
1967.1831 	EXP 	Sound  started
1967.8054 	DATA 	Keypress: lctrl
1967.9331 	EXP 	Sound  started
1968.5574 	DATA 	Keypress: lctrl
1968.6832 	EXP 	Sound  started
1969.2614 	DATA 	Keypress: rctrl
1969.4332 	EXP 	Sound  started
1970.0774 	DATA 	Keypress: rctrl
1970.1832 	EXP 	Sound  started
1970.8134 	DATA 	Keypress: rctrl
1970.9332 	EXP 	Sound  started
1971.4854 	DATA 	Keypress: rctrl
1971.6832 	EXP 	Sound  started
1972.2694 	DATA 	Keypress: rctrl
1972.4333 	EXP 	Sound  started
1973.0215 	DATA 	Keypress: rctrl
1973.1832 	EXP 	Sound  started
1973.8054 	DATA 	Keypress: rctrl
1973.9333 	EXP 	Sound  started
1974.5094 	DATA 	Keypress: lctrl
1974.6833 	EXP 	Sound  started
1975.1974 	DATA 	Keypress: rctrl
1975.4333 	EXP 	Sound  started
1976.0455 	DATA 	Keypress: rctrl
1976.1833 	EXP 	Sound  started
1976.8615 	DATA 	Keypress: lctrl
1976.9333 	EXP 	Sound  started
1977.5974 	DATA 	Keypress: lctrl
1977.6833 	EXP 	Sound  started
1978.4294 	DATA 	Keypress: lctrl
1978.4334 	EXP 	Sound  started
1979.1334 	DATA 	Keypress: lctrl
1979.1834 	EXP 	Sound  started
1979.8694 	DATA 	Keypress: lctrl
1979.9334 	EXP 	Sound  started
1980.5894 	DATA 	Keypress: lctrl
1980.6834 	EXP 	Sound  started
1981.4334 	EXP 	Sound  started
1981.4374 	DATA 	Keypress: rctrl
1982.1414 	DATA 	Keypress: rctrl
1982.1834 	EXP 	Sound  started
1982.8934 	DATA 	Keypress: rctrl
1982.9334 	EXP 	Sound  started
1983.6615 	DATA 	Keypress: rctrl
1983.6834 	EXP 	Sound  started
1984.3335 	DATA 	Keypress: rctrl
1984.4335 	EXP 	Sound  started
1985.1335 	DATA 	Keypress: rctrl
1985.1835 	EXP 	Sound  started
1985.8854 	DATA 	Keypress: rctrl
1985.9335 	EXP 	Sound  started
1986.6054 	DATA 	Keypress: rctrl
1986.6835 	EXP 	Sound  started
1987.3735 	DATA 	Keypress: rctrl
1987.4335 	EXP 	Sound  started
1988.1094 	DATA 	Keypress: rctrl
1988.1835 	EXP 	Sound  started
1988.8454 	DATA 	Keypress: lctrl
1990.7773 	DATA 	Keypress: 1
1990.7938 	EXP 	unnamed ShapeStim: vertices = <class 'numpy.ndarray'>
1994.8009 	DATA 	Keypress: 4
1994.8304 	EXP 	unnamed ShapeStim: vertices = <class 'numpy.ndarray'>
1998.1666 	DATA 	Keypress: 1
1998.1832 	EXP 	unnamed ShapeStim: vertices = <class 'numpy.ndarray'>
2000.4682 	EXP 	Sound  started
2000.7334 	DATA 	Keypress: rctrl
2001.2182 	EXP 	Sound  started
2001.2294 	DATA 	Keypress: rctrl
2001.9014 	DATA 	Keypress: rctrl
2001.9682 	EXP 	Sound  started
2002.6535 	DATA 	Keypress: rctrl
2002.7183 	EXP 	Sound  started
2003.4683 	EXP 	Sound  started
2003.4856 	DATA 	Keypress: rctrl
2004.1895 	DATA 	Keypress: rctrl
2004.2183 	EXP 	Sound  started
2004.9683 	EXP 	Sound  started
2005.0054 	DATA 	Keypress: rctrl
2005.6454 	DATA 	Keypress: rctrl
2005.7183 	EXP 	Sound  started
2006.3015 	DATA 	Keypress: lctrl
2006.4683 	EXP 	Sound  started
2007.0374 	DATA 	Keypress: rctrl
2007.2183 	EXP 	Sound  started
2007.9174 	DATA 	Keypress: rctrl
2007.9683 	EXP 	Sound  started
2008.6535 	DATA 	Keypress: rctrl
2008.7183 	EXP 	Sound  started
2009.3734 	DATA 	Keypress: rctrl
2009.4684 	EXP 	Sound  started
2010.1256 	DATA 	Keypress: rctrl
2010.2184 	EXP 	Sound  started
2010.9414 	DATA 	Keypress: rctrl
2010.9684 	EXP 	Sound  started
2011.6775 	DATA 	Keypress: rctrl
2011.7184 	EXP 	Sound  started
2012.3975 	DATA 	Keypress: rctrl
2012.4684 	EXP 	Sound  started
2013.1334 	DATA 	Keypress: rctrl
2013.2184 	EXP 	Sound  started
2013.8854 	DATA 	Keypress: rctrl
2013.9685 	EXP 	Sound  started
2014.5734 	DATA 	Keypress: rctrl
2014.7185 	EXP 	Sound  started
2015.4054 	DATA 	Keypress: lctrl
2015.4685 	EXP 	Sound  started
2016.1414 	DATA 	Keypress: rctrl
2016.2185 	EXP 	Sound  started
2016.9575 	DATA 	Keypress: lctrl
2016.9685 	EXP 	Sound  started
2017.7185 	EXP 	Sound  started
2017.7416 	DATA 	Keypress: lctrl
2018.4686 	EXP 	Sound  started
2018.5254 	DATA 	Keypress: lctrl
2019.1974 	DATA 	Keypress: lctrl
2019.2186 	EXP 	Sound  started
2019.9494 	DATA 	Keypress: lctrl
2019.9686 	EXP 	Sound  started
2020.6374 	DATA 	Keypress: lctrl
2020.7186 	EXP 	Sound  started
2021.3734 	DATA 	Keypress: lctrl
2021.4686 	EXP 	Sound  started
2022.0934 	DATA 	Keypress: lctrl
2022.2186 	EXP 	Sound  started
2022.8935 	DATA 	Keypress: lctrl
2022.9686 	EXP 	Sound  started
2023.6134 	DATA 	Keypress: lctrl
2023.7186 	EXP 	Sound  started
2024.3654 	DATA 	Keypress: lctrl
2024.4687 	EXP 	Sound  started
2025.0534 	DATA 	Keypress: lctrl
2025.2187 	EXP 	Sound  started
2025.8055 	DATA 	Keypress: lctrl
2025.9687 	EXP 	Sound  started
2026.6214 	DATA 	Keypress: lctrl
2026.7187 	EXP 	Sound  started
2027.3095 	DATA 	Keypress: lctrl
2027.4687 	EXP 	Sound  started
2028.0774 	DATA 	Keypress: rctrl
2028.2187 	EXP 	Sound  started
2028.8297 	DATA 	Keypress: rctrl
2028.9687 	EXP 	Sound  started
2029.6295 	DATA 	Keypress: rctrl
2029.7188 	EXP 	Sound  started
2030.3654 	DATA 	Keypress: rctrl
2030.4688 	EXP 	Sound  started
2031.0855 	DATA 	Keypress: rctrl
2031.2188 	EXP 	Sound  started
2031.8055 	DATA 	Keypress: rctrl
2031.9688 	EXP 	Sound  started
2032.6374 	DATA 	Keypress: rctrl
2032.7188 	EXP 	Sound  started
2033.3574 	DATA 	Keypress: rctrl
2033.4688 	EXP 	Sound  started
2034.1735 	DATA 	Keypress: rctrl
2034.2188 	EXP 	Sound  started
2034.8455 	DATA 	Keypress: lctrl
2034.9689 	EXP 	Sound  started
2035.6135 	DATA 	Keypress: lctrl
2035.7189 	EXP 	Sound  started
2036.3174 	DATA 	Keypress: rctrl
2036.4689 	EXP 	Sound  started
2037.1335 	DATA 	Keypress: lctrl
2037.2189 	EXP 	Sound  started
2037.8054 	DATA 	Keypress: rctrl
2037.9689 	EXP 	Sound  started
2038.5414 	DATA 	Keypress: rctrl
2038.7189 	EXP 	Sound  started
2039.4214 	DATA 	Keypress: rctrl
2039.4689 	EXP 	Sound  started
2040.1735 	DATA 	Keypress: rctrl
2040.2190 	EXP 	Sound  started
2040.9690 	EXP 	Sound  started
2040.9735 	DATA 	Keypress: lctrl
2041.6135 	DATA 	Keypress: lctrl
2041.7190 	EXP 	Sound  started
2042.4134 	DATA 	Keypress: rctrl
2042.4690 	EXP 	Sound  started
2043.0535 	DATA 	Keypress: lctrl
2043.2190 	EXP 	Sound  started
2043.8854 	DATA 	Keypress: lctrl
2043.9690 	EXP 	Sound  started
2044.5574 	DATA 	Keypress: lctrl
2044.7191 	EXP 	Sound  started
2045.2774 	DATA 	Keypress: lctrl
2045.4691 	EXP 	Sound  started
2046.0614 	DATA 	Keypress: lctrl
2046.2191 	EXP 	Sound  started
2046.8775 	DATA 	Keypress: lctrl
2046.9691 	EXP 	Sound  started
2047.6935 	DATA 	Keypress: lctrl
2047.7191 	EXP 	Sound  started
2048.3494 	DATA 	Keypress: lctrl
2048.4692 	EXP 	Sound  started
2049.1014 	DATA 	Keypress: lctrl
2049.2192 	EXP 	Sound  started
2049.9174 	DATA 	Keypress: lctrl
2049.9692 	EXP 	Sound  started
2050.6374 	DATA 	Keypress: lctrl
2050.7192 	EXP 	Sound  started
2051.4054 	DATA 	Keypress: lctrl
2051.4692 	EXP 	Sound  started
2052.1414 	DATA 	Keypress: lctrl
2052.2192 	EXP 	Sound  started
2052.9095 	DATA 	Keypress: lctrl
2052.9692 	EXP 	Sound  started
2053.6294 	DATA 	Keypress: lctrl
2053.7193 	EXP 	Sound  started
2054.3494 	DATA 	Keypress: lctrl
2054.4693 	EXP 	Sound  started
2055.0854 	DATA 	Keypress: rctrl
2055.2193 	EXP 	Sound  started
2055.8375 	DATA 	Keypress: lctrl
2055.9693 	EXP 	Sound  started
2056.5574 	DATA 	Keypress: rctrl
2056.7193 	EXP 	Sound  started
2057.3734 	DATA 	Keypress: rctrl
2057.4693 	EXP 	Sound  started
2058.2193 	EXP 	Sound  started
2058.2695 	DATA 	Keypress: rctrl
2058.9254 	DATA 	Keypress: rctrl
2058.9694 	EXP 	Sound  started
2059.6774 	DATA 	Keypress: rctrl
2061.9522 	DATA 	Keypress: 2
2061.9687 	EXP 	unnamed ShapeStim: vertices = <class 'numpy.ndarray'>
2065.5551 	DATA 	Keypress: 1
2065.5717 	EXP 	unnamed ShapeStim: vertices = <class 'numpy.ndarray'>
2076.3974 	DATA 	Keypress: 1
2076.4139 	EXP 	unnamed ShapeStim: vertices = <class 'numpy.ndarray'>
2078.7011 	DATA 	Keypress: rctrl
2095.4695 	DATA 	Keypress: return
2095.5329 	EXP 	window1: mouseVisible = True
