129.3155 	WARNING 	User requested fullscreen with size [1024  768], but screen is actually [1920, 1200]. Using actual size
130.1023 	EXP 	Created window1 = Window(allowGUI=False, allowStencil=False, autoLog=True, backendConf=UNKNOWN, bitsMode=UNKNOWN, blendMode='avg', bpc=(8, 8, 8), color=array([0, 0, 0]), colorSpace='rgb', depthBits=8, fullscr=<method-wrapper '__getattribute__' of attributeSetter object at 0x000001D1EAFB7780>, gamma=None, gammaErrorPolicy='raise', lms=UNKNOWN, monitor=<psychopy.monitors.calibTools.Monitor object at 0x000001D1EC6F4080>, multiSample=False, name='window1', numSamples=2, pos=[0.0, 0.0], screen=0, size=array([1920, 1200]), stencilBits=0, stereo=False, units='norm', useFBO=True, useRetina=False, viewOri=0.0, viewPos=None, viewScale=None, waitBlanking=True, winType='pyglet')
130.1026 	EXP 	window1: mouseVisible = True
130.1026 	EXP 	window1: mouseVisible = False
130.1027 	EXP 	window1: recordFrameIntervals = False
130.2688 	EXP 	window1: recordFrameIntervals = True
130.4524 	EXP 	window1: recordFrameIntervals = False
130.5067 	EXP 	Created text = TextStim(__class__=<class 'psychopy.visual.text.TextStim'>, alignHoriz=method-wrapper(...), alignText='center', alignVert=method-wrapper(...), anchorHoriz='center', anchorVert='center', antialias=True, autoLog=True, bold=False, color=array([1., 1., 1.]), colorSpace='rgb', contrast=1.0, depth=0.0, flipHoriz=False, flipVert=False, font='Arial', fontFiles=[], height=0.15, italic=False, languageStyle='LTR', name='text', opacity=1, ori=0, pos=array([0., 0.]), rgb=UNKNOWN, text='+', units='norm', win=Window(...), wrapWidth=1)
130.5284 	EXP 	Created text = TextStim(__class__=<class 'psychopy.visual.text.TextStim'>, alignHoriz=method-wrapper(...), alignText='center', alignVert=method-wrapper(...), anchorHoriz='center', anchorVert='center', antialias=True, autoLog=True, bold=False, color=array([1., 1., 1.]), colorSpace='rgb', contrast=1.0, depth=0.0, flipHoriz=False, flipVert=False, font='Arial', fontFiles=[], height=0.07, italic=False, languageStyle='LTR', name='text', opacity=1, ori=0, pos=array([0., 0.]), rgb=UNKNOWN, text=str(...), units='norm', win=Window(...), wrapWidth=1.65)
130.5380 	EXP 	Created text = TextStim(__class__=<class 'psychopy.visual.text.TextStim'>, alignHoriz=method-wrapper(...), alignText='center', alignVert=method-wrapper(...), anchorHoriz='center', anchorVert='center', antialias=True, autoLog=True, bold=False, color=array([1., 1., 1.]), colorSpace='rgb', contrast=1.0, depth=0.0, flipHoriz=False, flipVert=False, font='Arial', fontFiles=[], height=0.07, italic=False, languageStyle='LTR', name='text', opacity=1, ori=0, pos=array([0., 0.]), rgb=UNKNOWN, text=str(...), units='norm', win=Window(...), wrapWidth=1.65)
130.5470 	EXP 	Created text = TextStim(__class__=<class 'psychopy.visual.text.TextStim'>, alignHoriz=method-wrapper(...), alignText='center', alignVert=method-wrapper(...), anchorHoriz='center', anchorVert='center', antialias=True, autoLog=True, bold=False, color=array([1., 1., 1.]), colorSpace='rgb', contrast=1.0, depth=0.0, flipHoriz=False, flipVert=False, font='Arial', fontFiles=[], height=0.07, italic=False, languageStyle='LTR', name='text', opacity=1, ori=0, pos=array([0., 0.]), rgb=UNKNOWN, text=str(...), units='norm', win=Window(...), wrapWidth=1.65)
130.5570 	EXP 	Created text = TextStim(__class__=<class 'psychopy.visual.text.TextStim'>, alignHoriz=method-wrapper(...), alignText='center', alignVert=method-wrapper(...), anchorHoriz='center', anchorVert='center', antialias=True, autoLog=True, bold=False, color=array([1., 1., 1.]), colorSpace='rgb', contrast=1.0, depth=0.0, flipHoriz=False, flipVert=False, font='Arial', fontFiles=[], height=0.07, italic=False, languageStyle='LTR', name='text', opacity=1, ori=0, pos=array([0., 0.]), rgb=UNKNOWN, text=str(...), units='norm', win=Window(...), wrapWidth=1.65)
130.5626 	EXP 	Created text = TextStim(__class__=<class 'psychopy.visual.text.TextStim'>, alignHoriz=method-wrapper(...), alignText='center', alignVert=method-wrapper(...), anchorHoriz='center', anchorVert='center', antialias=True, autoLog=True, bold=False, color=array([1., 1., 1.]), colorSpace='rgb', contrast=1.0, depth=0.0, flipHoriz=False, flipVert=False, font='Arial', fontFiles=[], height=0.07, italic=False, languageStyle='LTR', name='text', opacity=1, ori=0, pos=array([0., 0.]), rgb=UNKNOWN, text=str(...), units='norm', win=Window(...), wrapWidth=1.65)
130.5766 	EXP 	Created text = TextStim(__class__=<class 'psychopy.visual.text.TextStim'>, alignHoriz=method-wrapper(...), alignText='center', alignVert=method-wrapper(...), anchorHoriz='center', anchorVert='center', antialias=True, autoLog=True, bold=False, color=array([1., 1., 1.]), colorSpace='rgb', contrast=1.0, depth=0.0, flipHoriz=False, flipVert=False, font='Arial', fontFiles=[], height=0.15, italic=False, languageStyle='LTR', name='text', opacity=1, ori=0, pos=array([0., 0.]), rgb=UNKNOWN, text=str(...), units='norm', win=Window(...), wrapWidth=1.65)
130.6057 	EXP 	Created text = TextStim(__class__=<class 'psychopy.visual.text.TextStim'>, alignHoriz=method-wrapper(...), alignText='center', alignVert=method-wrapper(...), anchorHoriz='center', anchorVert='center', antialias=True, autoLog=True, bold=False, color=array([1., 1., 1.]), colorSpace='rgb', contrast=1.0, depth=0.0, flipHoriz=False, flipVert=False, font='Arial', fontFiles=[], height=0.07, italic=False, languageStyle='LTR', name='text', opacity=1, ori=0, pos=array([0., 0.]), rgb=UNKNOWN, text=str(...), units='norm', win=Window(...), wrapWidth=1.65)
130.6270 	EXP 	Created text = TextStim(__class__=<class 'psychopy.visual.text.TextStim'>, alignHoriz=method-wrapper(...), alignText='center', alignVert=method-wrapper(...), anchorHoriz='center', anchorVert='center', antialias=True, autoLog=True, bold=False, color=array([1., 1., 1.]), colorSpace='rgb', contrast=1.0, depth=0.0, flipHoriz=False, flipVert=False, font='Arial', fontFiles=[], height=0.07, italic=False, languageStyle='LTR', name='text', opacity=1, ori=0, pos=array([0., 0.]), rgb=UNKNOWN, text=str(...), units='norm', win=Window(...), wrapWidth=1.65)
130.6568 	EXP 	Created text = TextStim(__class__=<class 'psychopy.visual.text.TextStim'>, alignHoriz=method-wrapper(...), alignText='center', alignVert=method-wrapper(...), anchorHoriz='center', anchorVert='center', antialias=True, autoLog=True, bold=False, color=array([1., 1., 1.]), colorSpace='rgb', contrast=1.0, depth=0.0, flipHoriz=False, flipVert=False, font='Arial', fontFiles=[], height=0.07, italic=False, languageStyle='LTR', name='text', opacity=1, ori=0, pos=array([0., 0.]), rgb=UNKNOWN, text=str(...), units='norm', win=Window(...), wrapWidth=1.65)
130.6804 	EXP 	Created text = TextStim(__class__=<class 'psychopy.visual.text.TextStim'>, alignHoriz=method-wrapper(...), alignText='center', alignVert=method-wrapper(...), anchorHoriz='center', anchorVert='center', antialias=True, autoLog=True, bold=False, color=array([1., 1., 1.]), colorSpace='rgb', contrast=1.0, depth=0.0, flipHoriz=False, flipVert=False, font='Arial', fontFiles=[], height=0.07, italic=False, languageStyle='LTR', name='text', opacity=1, ori=0, pos=array([0., 0.]), rgb=UNKNOWN, text=str(...), units='norm', win=Window(...), wrapWidth=1.65)
130.7094 	EXP 	Created text = TextStim(__class__=<class 'psychopy.visual.text.TextStim'>, alignHoriz=method-wrapper(...), alignText='center', alignVert=method-wrapper(...), anchorHoriz='center', anchorVert='center', antialias=True, autoLog=True, bold=False, color=array([1., 1., 1.]), colorSpace='rgb', contrast=1.0, depth=0.0, flipHoriz=False, flipVert=False, font='Arial', fontFiles=[], height=0.07, italic=False, languageStyle='LTR', name='text', opacity=1, ori=0, pos=array([0., 0.]), rgb=UNKNOWN, text=str(...), units='norm', win=Window(...), wrapWidth=1.65)
130.7195 	EXP 	Created text = TextStim(__class__=<class 'psychopy.visual.text.TextStim'>, alignHoriz=method-wrapper(...), alignText='center', alignVert=method-wrapper(...), anchorHoriz='center', anchorVert='center', antialias=True, autoLog=True, bold=False, color=array([1., 1., 1.]), colorSpace='rgb', contrast=1.0, depth=0.0, flipHoriz=False, flipVert=False, font='Arial', fontFiles=[], height=0.07, italic=False, languageStyle='LTR', name='text', opacity=1, ori=0, pos=array([0., 0.]), rgb=UNKNOWN, text=str(...), units='norm', win=Window(...), wrapWidth=1.65)
130.7313 	EXP 	Created text = TextStim(__class__=<class 'psychopy.visual.text.TextStim'>, alignHoriz=method-wrapper(...), alignText='center', alignVert=method-wrapper(...), anchorHoriz='center', anchorVert='center', antialias=True, autoLog=True, bold=False, color=array([1., 1., 1.]), colorSpace='rgb', contrast=1.0, depth=0.0, flipHoriz=False, flipVert=False, font='Arial', fontFiles=[], height=0.07, italic=False, languageStyle='LTR', name='text', opacity=1, ori=0, pos=array([0., 0.]), rgb=UNKNOWN, text=str(...), units='norm', win=Window(...), wrapWidth=1.65)
130.7357 	EXP 	Created instru = TextStim(__class__=<class 'psychopy.visual.text.TextStim'>, alignHoriz=method-wrapper(...), alignText='center', alignVert=method-wrapper(...), anchorHoriz='center', anchorVert='center', antialias=True, autoLog=True, bold=False, color=array([1., 1., 1.]), colorSpace='rgb', contrast=1.0, depth=0.0, flipHoriz=False, flipVert=False, font='Arial', fontFiles=[], height=0.07, italic=False, languageStyle='LTR', name='instru', opacity=1, ori=0, pos=array([0. , 0.5]), rgb=UNKNOWN, text=str(...), units='norm', win=Window(...), wrapWidth=1)
130.7381 	EXP 	Created unnamed Line = Line(__class__=<class 'psychopy.visual.line.Line'>, autoDraw=False, autoLog=True, closeShape=False, color=array([1., 1., 1.]), colorSpace='rgb', contrast=None, depth=0, fillColor=array([0, 0, 0]), fillColorSpace='rgb', fillRGB=array([0, 0, 0]), interpolate=True, lineColor=array([1., 1., 1.]), lineColorSpace='rgb', lineRGB=array([1, 1, 1]), lineWidth=5, name='unnamed Line', opacity=0.5, ori=0.0, pos=array([0., 0.]), size=array([1., 1.]), units='norm', vertices=array([[-0.5,  0. ],
       [ 0.5,  0. ]]), win=Window(...), windingRule=None)
130.7401 	EXP 	Created unnamed Line = Line(__class__=<class 'psychopy.visual.line.Line'>, autoDraw=False, autoLog=True, closeShape=False, color=array([1., 1., 1.]), colorSpace='rgb', contrast=None, depth=0, fillColor=array([0, 0, 0]), fillColorSpace='rgb', fillRGB=array([0, 0, 0]), interpolate=True, lineColor=array([1., 1., 1.]), lineColorSpace='rgb', lineRGB=array([1, 1, 1]), lineWidth=3, name='unnamed Line', opacity=0.5, ori=0.0, pos=array([0., 0.]), size=array([1., 1.]), units='norm', vertices=array([[-0.5 , -0.05],
       [-0.5 ,  0.05]]), win=Window(...), windingRule=None)
130.7420 	EXP 	Created unnamed Line = Line(__class__=<class 'psychopy.visual.line.Line'>, autoDraw=False, autoLog=True, closeShape=False, color=array([1., 1., 1.]), colorSpace='rgb', contrast=None, depth=0, fillColor=array([0, 0, 0]), fillColorSpace='rgb', fillRGB=array([0, 0, 0]), interpolate=True, lineColor=array([1., 1., 1.]), lineColorSpace='rgb', lineRGB=array([1, 1, 1]), lineWidth=3, name='unnamed Line', opacity=0.5, ori=0.0, pos=array([0., 0.]), size=array([1., 1.]), units='norm', vertices=ndarray(...), win=Window(...), windingRule=None)
130.7440 	EXP 	Created unnamed Line = Line(__class__=<class 'psychopy.visual.line.Line'>, autoDraw=False, autoLog=True, closeShape=False, color=array([1., 1., 1.]), colorSpace='rgb', contrast=None, depth=0, fillColor=array([0, 0, 0]), fillColorSpace='rgb', fillRGB=array([0, 0, 0]), interpolate=True, lineColor=array([1., 1., 1.]), lineColorSpace='rgb', lineRGB=array([1, 1, 1]), lineWidth=3, name='unnamed Line', opacity=0.5, ori=0.0, pos=array([0., 0.]), size=array([1., 1.]), units='norm', vertices=ndarray(...), win=Window(...), windingRule=None)
130.7459 	EXP 	Created unnamed Line = Line(__class__=<class 'psychopy.visual.line.Line'>, autoDraw=False, autoLog=True, closeShape=False, color=array([1., 1., 1.]), colorSpace='rgb', contrast=None, depth=0, fillColor=array([0, 0, 0]), fillColorSpace='rgb', fillRGB=array([0, 0, 0]), interpolate=True, lineColor=array([1., 1., 1.]), lineColorSpace='rgb', lineRGB=array([1, 1, 1]), lineWidth=3, name='unnamed Line', opacity=0.5, ori=0.0, pos=array([0., 0.]), size=array([1., 1.]), units='norm', vertices=array([[ 0.5 , -0.05],
       [ 0.5 ,  0.05]]), win=Window(...), windingRule=None)
130.7589 	EXP 	Created unnamed TextStim = TextStim(__class__=<class 'psychopy.visual.text.TextStim'>, alignHoriz=method-wrapper(...), alignText='center', alignVert=method-wrapper(...), anchorHoriz='center', anchorVert='center', antialias=True, autoLog=True, bold=False, color=array([1., 1., 1.]), colorSpace='rgb', contrast=1.0, depth=0, flipHoriz=False, flipVert=False, font='', fontFiles=[], height=0.05, italic=False, languageStyle='LTR', name='unnamed TextStim', opacity=1.0, ori=0.0, pos=array([-0.5, -0.1]), rgb=UNKNOWN, text='Helt klart \n IKKE FOKUSERT', units='norm', win=Window(...), wrapWidth=1)
130.7600 	EXP 	Created unnamed TextStim = TextStim(__class__=<class 'psychopy.visual.text.TextStim'>, alignHoriz=method-wrapper(...), alignText='center', alignVert=method-wrapper(...), anchorHoriz='center', anchorVert='center', antialias=True, autoLog=True, bold=False, color=array([1., 1., 1.]), colorSpace='rgb', contrast=1.0, depth=0, flipHoriz=False, flipVert=False, font='', fontFiles=[], height=0.05, italic=False, languageStyle='LTR', name='unnamed TextStim', opacity=1.0, ori=0.0, pos=array([-0.16666667, -0.1       ]), rgb=UNKNOWN, text='', units='norm', win=Window(...), wrapWidth=1)
130.7610 	EXP 	Created unnamed TextStim = TextStim(__class__=<class 'psychopy.visual.text.TextStim'>, alignHoriz=method-wrapper(...), alignText='center', alignVert=method-wrapper(...), anchorHoriz='center', anchorVert='center', antialias=True, autoLog=True, bold=False, color=array([1., 1., 1.]), colorSpace='rgb', contrast=1.0, depth=0, flipHoriz=False, flipVert=False, font='', fontFiles=[], height=0.05, italic=False, languageStyle='LTR', name='unnamed TextStim', opacity=1.0, ori=0.0, pos=array([ 0.16666667, -0.1       ]), rgb=UNKNOWN, text='', units='norm', win=Window(...), wrapWidth=1)
130.7644 	EXP 	Created unnamed TextStim = TextStim(__class__=<class 'psychopy.visual.text.TextStim'>, alignHoriz=method-wrapper(...), alignText='center', alignVert=method-wrapper(...), anchorHoriz='center', anchorVert='center', antialias=True, autoLog=True, bold=False, color=array([1., 1., 1.]), colorSpace='rgb', contrast=1.0, depth=0, flipHoriz=False, flipVert=False, font='', fontFiles=[], height=0.05, italic=False, languageStyle='LTR', name='unnamed TextStim', opacity=1.0, ori=0.0, pos=array([ 0.5, -0.1]), rgb=UNKNOWN, text='Helt klart \n FOKUSERT', units='norm', win=Window(...), wrapWidth=1)
130.7665 	EXP 	Created unnamed ShapeStim = ShapeStim(__class__=<class 'psychopy.visual.shape.ShapeStim'>, autoDraw=False, autoLog=True, closeShape=True, color=method-wrapper(...), colorSpace='rgb', contrast=None, depth=0, fillColor=array([1, 1, 1]), fillColorSpace='rgb', fillRGB=array([1, 1, 1]), interpolate=True, lineColor=array([-1., -1., -1.]), lineColorSpace='rgb', lineRGB=array([-1, -1, -1]), lineWidth=1.5, name='unnamed ShapeStim', opacity=1.0, ori=0.0, pos=array([0., 0.]), size=array([1., 1.]), units='norm', vertices=ndarray(...), win=Window(...), windingRule=None)
130.7737 	EXP 	Created instru = TextStim(__class__=<class 'psychopy.visual.text.TextStim'>, alignHoriz=method-wrapper(...), alignText='center', alignVert=method-wrapper(...), anchorHoriz='center', anchorVert='center', antialias=True, autoLog=True, bold=False, color=array([1., 1., 1.]), colorSpace='rgb', contrast=1.0, depth=0.0, flipHoriz=False, flipVert=False, font='Arial', fontFiles=[], height=0.07, italic=False, languageStyle='LTR', name='instru', opacity=1, ori=0, pos=array([0. , 0.5]), rgb=UNKNOWN, text=str(...), units='norm', win=Window(...), wrapWidth=1)
130.7757 	EXP 	Created unnamed Line = Line(__class__=<class 'psychopy.visual.line.Line'>, autoDraw=False, autoLog=True, closeShape=False, color=array([1., 1., 1.]), colorSpace='rgb', contrast=None, depth=0, fillColor=array([0, 0, 0]), fillColorSpace='rgb', fillRGB=array([0, 0, 0]), interpolate=True, lineColor=array([1., 1., 1.]), lineColorSpace='rgb', lineRGB=array([1, 1, 1]), lineWidth=5, name='unnamed Line', opacity=0.5, ori=0.0, pos=array([0., 0.]), size=array([1., 1.]), units='norm', vertices=array([[-0.5,  0. ],
       [ 0.5,  0. ]]), win=Window(...), windingRule=None)
130.7776 	EXP 	Created unnamed Line = Line(__class__=<class 'psychopy.visual.line.Line'>, autoDraw=False, autoLog=True, closeShape=False, color=array([1., 1., 1.]), colorSpace='rgb', contrast=None, depth=0, fillColor=array([0, 0, 0]), fillColorSpace='rgb', fillRGB=array([0, 0, 0]), interpolate=True, lineColor=array([1., 1., 1.]), lineColorSpace='rgb', lineRGB=array([1, 1, 1]), lineWidth=3, name='unnamed Line', opacity=0.5, ori=0.0, pos=array([0., 0.]), size=array([1., 1.]), units='norm', vertices=array([[-0.5 , -0.05],
       [-0.5 ,  0.05]]), win=Window(...), windingRule=None)
130.7796 	EXP 	Created unnamed Line = Line(__class__=<class 'psychopy.visual.line.Line'>, autoDraw=False, autoLog=True, closeShape=False, color=array([1., 1., 1.]), colorSpace='rgb', contrast=None, depth=0, fillColor=array([0, 0, 0]), fillColorSpace='rgb', fillRGB=array([0, 0, 0]), interpolate=True, lineColor=array([1., 1., 1.]), lineColorSpace='rgb', lineRGB=array([1, 1, 1]), lineWidth=3, name='unnamed Line', opacity=0.5, ori=0.0, pos=array([0., 0.]), size=array([1., 1.]), units='norm', vertices=ndarray(...), win=Window(...), windingRule=None)
130.7816 	EXP 	Created unnamed Line = Line(__class__=<class 'psychopy.visual.line.Line'>, autoDraw=False, autoLog=True, closeShape=False, color=array([1., 1., 1.]), colorSpace='rgb', contrast=None, depth=0, fillColor=array([0, 0, 0]), fillColorSpace='rgb', fillRGB=array([0, 0, 0]), interpolate=True, lineColor=array([1., 1., 1.]), lineColorSpace='rgb', lineRGB=array([1, 1, 1]), lineWidth=3, name='unnamed Line', opacity=0.5, ori=0.0, pos=array([0., 0.]), size=array([1., 1.]), units='norm', vertices=ndarray(...), win=Window(...), windingRule=None)
130.7838 	EXP 	Created unnamed Line = Line(__class__=<class 'psychopy.visual.line.Line'>, autoDraw=False, autoLog=True, closeShape=False, color=array([1., 1., 1.]), colorSpace='rgb', contrast=None, depth=0, fillColor=array([0, 0, 0]), fillColorSpace='rgb', fillRGB=array([0, 0, 0]), interpolate=True, lineColor=array([1., 1., 1.]), lineColorSpace='rgb', lineRGB=array([1, 1, 1]), lineWidth=3, name='unnamed Line', opacity=0.5, ori=0.0, pos=array([0., 0.]), size=array([1., 1.]), units='norm', vertices=array([[ 0.5 , -0.05],
       [ 0.5 ,  0.05]]), win=Window(...), windingRule=None)
130.7893 	EXP 	Created unnamed TextStim = TextStim(__class__=<class 'psychopy.visual.text.TextStim'>, alignHoriz=method-wrapper(...), alignText='center', alignVert=method-wrapper(...), anchorHoriz='center', anchorVert='center', antialias=True, autoLog=True, bold=False, color=array([1., 1., 1.]), colorSpace='rgb', contrast=1.0, depth=0, flipHoriz=False, flipVert=False, font='', fontFiles=[], height=0.05, italic=False, languageStyle='LTR', name='unnamed TextStim', opacity=1.0, ori=0.0, pos=array([-0.5, -0.1]), rgb=UNKNOWN, text='Helt klart \n INGENTING', units='norm', win=Window(...), wrapWidth=1)
130.7903 	EXP 	Created unnamed TextStim = TextStim(__class__=<class 'psychopy.visual.text.TextStim'>, alignHoriz=method-wrapper(...), alignText='center', alignVert=method-wrapper(...), anchorHoriz='center', anchorVert='center', antialias=True, autoLog=True, bold=False, color=array([1., 1., 1.]), colorSpace='rgb', contrast=1.0, depth=0, flipHoriz=False, flipVert=False, font='', fontFiles=[], height=0.05, italic=False, languageStyle='LTR', name='unnamed TextStim', opacity=1.0, ori=0.0, pos=array([-0.16666667, -0.1       ]), rgb=UNKNOWN, text='', units='norm', win=Window(...), wrapWidth=1)
130.7914 	EXP 	Created unnamed TextStim = TextStim(__class__=<class 'psychopy.visual.text.TextStim'>, alignHoriz=method-wrapper(...), alignText='center', alignVert=method-wrapper(...), anchorHoriz='center', anchorVert='center', antialias=True, autoLog=True, bold=False, color=array([1., 1., 1.]), colorSpace='rgb', contrast=1.0, depth=0, flipHoriz=False, flipVert=False, font='', fontFiles=[], height=0.05, italic=False, languageStyle='LTR', name='unnamed TextStim', opacity=1.0, ori=0.0, pos=array([ 0.16666667, -0.1       ]), rgb=UNKNOWN, text='', units='norm', win=Window(...), wrapWidth=1)
130.7944 	EXP 	Created unnamed TextStim = TextStim(__class__=<class 'psychopy.visual.text.TextStim'>, alignHoriz=method-wrapper(...), alignText='center', alignVert=method-wrapper(...), anchorHoriz='center', anchorVert='center', antialias=True, autoLog=True, bold=False, color=array([1., 1., 1.]), colorSpace='rgb', contrast=1.0, depth=0, flipHoriz=False, flipVert=False, font='', fontFiles=[], height=0.05, italic=False, languageStyle='LTR', name='unnamed TextStim', opacity=1.0, ori=0.0, pos=array([ 0.5, -0.1]), rgb=UNKNOWN, text='Helt klart \n NOE', units='norm', win=Window(...), wrapWidth=1)
130.7963 	EXP 	Created unnamed ShapeStim = ShapeStim(__class__=<class 'psychopy.visual.shape.ShapeStim'>, autoDraw=False, autoLog=True, closeShape=True, color=method-wrapper(...), colorSpace='rgb', contrast=None, depth=0, fillColor=array([1, 1, 1]), fillColorSpace='rgb', fillRGB=array([1, 1, 1]), interpolate=True, lineColor=array([-1., -1., -1.]), lineColorSpace='rgb', lineRGB=array([-1, -1, -1]), lineWidth=1.5, name='unnamed ShapeStim', opacity=1.0, ori=0.0, pos=array([0., 0.]), size=array([1., 1.]), units='norm', vertices=ndarray(...), win=Window(...), windingRule=None)
130.8037 	EXP 	Created instru = TextStim(__class__=<class 'psychopy.visual.text.TextStim'>, alignHoriz=method-wrapper(...), alignText='center', alignVert=method-wrapper(...), anchorHoriz='center', anchorVert='center', antialias=True, autoLog=True, bold=False, color=array([1., 1., 1.]), colorSpace='rgb', contrast=1.0, depth=0.0, flipHoriz=False, flipVert=False, font='Arial', fontFiles=[], height=0.07, italic=False, languageStyle='LTR', name='instru', opacity=1, ori=0, pos=array([0. , 0.5]), rgb=UNKNOWN, text=str(...), units='norm', win=Window(...), wrapWidth=1)
130.8058 	EXP 	Created unnamed Line = Line(__class__=<class 'psychopy.visual.line.Line'>, autoDraw=False, autoLog=True, closeShape=False, color=array([1., 1., 1.]), colorSpace='rgb', contrast=None, depth=0, fillColor=array([0, 0, 0]), fillColorSpace='rgb', fillRGB=array([0, 0, 0]), interpolate=True, lineColor=array([1., 1., 1.]), lineColorSpace='rgb', lineRGB=array([1, 1, 1]), lineWidth=5, name='unnamed Line', opacity=0.5, ori=0.0, pos=array([0., 0.]), size=array([1., 1.]), units='norm', vertices=array([[-0.5,  0. ],
       [ 0.5,  0. ]]), win=Window(...), windingRule=None)
130.8077 	EXP 	Created unnamed Line = Line(__class__=<class 'psychopy.visual.line.Line'>, autoDraw=False, autoLog=True, closeShape=False, color=array([1., 1., 1.]), colorSpace='rgb', contrast=None, depth=0, fillColor=array([0, 0, 0]), fillColorSpace='rgb', fillRGB=array([0, 0, 0]), interpolate=True, lineColor=array([1., 1., 1.]), lineColorSpace='rgb', lineRGB=array([1, 1, 1]), lineWidth=3, name='unnamed Line', opacity=0.5, ori=0.0, pos=array([0., 0.]), size=array([1., 1.]), units='norm', vertices=array([[-0.5 , -0.05],
       [-0.5 ,  0.05]]), win=Window(...), windingRule=None)
130.8097 	EXP 	Created unnamed Line = Line(__class__=<class 'psychopy.visual.line.Line'>, autoDraw=False, autoLog=True, closeShape=False, color=array([1., 1., 1.]), colorSpace='rgb', contrast=None, depth=0, fillColor=array([0, 0, 0]), fillColorSpace='rgb', fillRGB=array([0, 0, 0]), interpolate=True, lineColor=array([1., 1., 1.]), lineColorSpace='rgb', lineRGB=array([1, 1, 1]), lineWidth=3, name='unnamed Line', opacity=0.5, ori=0.0, pos=array([0., 0.]), size=array([1., 1.]), units='norm', vertices=ndarray(...), win=Window(...), windingRule=None)
130.8118 	EXP 	Created unnamed Line = Line(__class__=<class 'psychopy.visual.line.Line'>, autoDraw=False, autoLog=True, closeShape=False, color=array([1., 1., 1.]), colorSpace='rgb', contrast=None, depth=0, fillColor=array([0, 0, 0]), fillColorSpace='rgb', fillRGB=array([0, 0, 0]), interpolate=True, lineColor=array([1., 1., 1.]), lineColorSpace='rgb', lineRGB=array([1, 1, 1]), lineWidth=3, name='unnamed Line', opacity=0.5, ori=0.0, pos=array([0., 0.]), size=array([1., 1.]), units='norm', vertices=ndarray(...), win=Window(...), windingRule=None)
130.8138 	EXP 	Created unnamed Line = Line(__class__=<class 'psychopy.visual.line.Line'>, autoDraw=False, autoLog=True, closeShape=False, color=array([1., 1., 1.]), colorSpace='rgb', contrast=None, depth=0, fillColor=array([0, 0, 0]), fillColorSpace='rgb', fillRGB=array([0, 0, 0]), interpolate=True, lineColor=array([1., 1., 1.]), lineColorSpace='rgb', lineRGB=array([1, 1, 1]), lineWidth=3, name='unnamed Line', opacity=0.5, ori=0.0, pos=array([0., 0.]), size=array([1., 1.]), units='norm', vertices=array([[ 0.5 , -0.05],
       [ 0.5 ,  0.05]]), win=Window(...), windingRule=None)
130.8193 	EXP 	Created unnamed TextStim = TextStim(__class__=<class 'psychopy.visual.text.TextStim'>, alignHoriz=method-wrapper(...), alignText='center', alignVert=method-wrapper(...), anchorHoriz='center', anchorVert='center', antialias=True, autoLog=True, bold=False, color=array([1., 1., 1.]), colorSpace='rgb', contrast=1.0, depth=0, flipHoriz=False, flipVert=False, font='', fontFiles=[], height=0.05, italic=False, languageStyle='LTR', name='unnamed TextStim', opacity=1.0, ori=0.0, pos=array([-0.5, -0.1]), rgb=UNKNOWN, text='Helt klart \n SPONTAN', units='norm', win=Window(...), wrapWidth=1)
130.8204 	EXP 	Created unnamed TextStim = TextStim(__class__=<class 'psychopy.visual.text.TextStim'>, alignHoriz=method-wrapper(...), alignText='center', alignVert=method-wrapper(...), anchorHoriz='center', anchorVert='center', antialias=True, autoLog=True, bold=False, color=array([1., 1., 1.]), colorSpace='rgb', contrast=1.0, depth=0, flipHoriz=False, flipVert=False, font='', fontFiles=[], height=0.05, italic=False, languageStyle='LTR', name='unnamed TextStim', opacity=1.0, ori=0.0, pos=array([-0.16666667, -0.1       ]), rgb=UNKNOWN, text='', units='norm', win=Window(...), wrapWidth=1)
130.8217 	EXP 	Created unnamed TextStim = TextStim(__class__=<class 'psychopy.visual.text.TextStim'>, alignHoriz=method-wrapper(...), alignText='center', alignVert=method-wrapper(...), anchorHoriz='center', anchorVert='center', antialias=True, autoLog=True, bold=False, color=array([1., 1., 1.]), colorSpace='rgb', contrast=1.0, depth=0, flipHoriz=False, flipVert=False, font='', fontFiles=[], height=0.05, italic=False, languageStyle='LTR', name='unnamed TextStim', opacity=1.0, ori=0.0, pos=array([ 0.16666667, -0.1       ]), rgb=UNKNOWN, text='', units='norm', win=Window(...), wrapWidth=1)
130.8267 	EXP 	Created unnamed TextStim = TextStim(__class__=<class 'psychopy.visual.text.TextStim'>, alignHoriz=method-wrapper(...), alignText='center', alignVert=method-wrapper(...), anchorHoriz='center', anchorVert='center', antialias=True, autoLog=True, bold=False, color=array([1., 1., 1.]), colorSpace='rgb', contrast=1.0, depth=0, flipHoriz=False, flipVert=False, font='', fontFiles=[], height=0.05, italic=False, languageStyle='LTR', name='unnamed TextStim', opacity=1.0, ori=0.0, pos=array([ 0.5, -0.1]), rgb=UNKNOWN, text='Helt klart \n BEVISST', units='norm', win=Window(...), wrapWidth=1)
130.8286 	EXP 	Created unnamed ShapeStim = ShapeStim(__class__=<class 'psychopy.visual.shape.ShapeStim'>, autoDraw=False, autoLog=True, closeShape=True, color=method-wrapper(...), colorSpace='rgb', contrast=None, depth=0, fillColor=array([1, 1, 1]), fillColorSpace='rgb', fillRGB=array([1, 1, 1]), interpolate=True, lineColor=array([-1., -1., -1.]), lineColorSpace='rgb', lineRGB=array([-1, -1, -1]), lineWidth=1.5, name='unnamed ShapeStim', opacity=1.0, ori=0.0, pos=array([0., 0.]), size=array([1., 1.]), units='norm', vertices=ndarray(...), win=Window(...), windingRule=None)
130.8763 	EXP 	Sound  set volume 1.000
130.9034 	EXP 	unnamed ShapeStim: vertices = <class 'numpy.ndarray'>
130.9034 	EXP 	unnamed ShapeStim: vertices = <class 'numpy.ndarray'>
130.9034 	EXP 	unnamed ShapeStim: vertices = <class 'numpy.ndarray'>
143.0445 	DATA 	Keypress: rctrl
145.0125 	DATA 	Keypress: rctrl
145.3805 	DATA 	Keypress: rctrl
145.3979 	EXP 	unnamed TextStim: text = ''
145.3979 	EXP 	unnamed TextStim: text = ''
148.0702 	DATA 	Keypress: 4
148.0996 	EXP 	unnamed ShapeStim: vertices = <class 'numpy.ndarray'>
150.8365 	DATA 	Keypress: rctrl
150.8524 	EXP 	unnamed TextStim: text = ''
150.8524 	EXP 	unnamed TextStim: text = ''
151.1566 	DATA 	Keypress: 4
151.1860 	EXP 	unnamed ShapeStim: vertices = <class 'numpy.ndarray'>
153.1565 	DATA 	Keypress: 4
153.1709 	EXP 	unnamed TextStim: text = ''
153.1709 	EXP 	unnamed TextStim: text = ''
153.2378 	DATA 	Keypress: rctrl
153.6382 	DATA 	Keypress: 4
153.6547 	EXP 	unnamed ShapeStim: vertices = <class 'numpy.ndarray'>
161.4125 	DATA 	Keypress: rctrl
164.0206 	DATA 	Keypress: lctrl
167.0926 	DATA 	Keypress: rctrl
167.6165 	EXP 	Sound  started
167.7805 	DATA 	Keypress: rctrl
168.3663 	EXP 	Sound  started
168.3885 	DATA 	Keypress: rctrl
169.1163 	EXP 	Sound  started
169.1245 	DATA 	Keypress: rctrl
169.8285 	DATA 	Keypress: rctrl
169.8663 	EXP 	Sound  started
170.5964 	DATA 	Keypress: rctrl
170.6163 	EXP 	Sound  started
171.3645 	DATA 	Keypress: rctrl
171.3663 	EXP 	Sound  started
172.0844 	DATA 	Keypress: rctrl
172.1164 	EXP 	Sound  started
172.8205 	DATA 	Keypress: rctrl
172.8664 	EXP 	Sound  started
173.6044 	DATA 	Keypress: rctrl
173.6164 	EXP 	Sound  started
174.3085 	DATA 	Keypress: rctrl
174.3664 	EXP 	Sound  started
175.0444 	DATA 	Keypress: rctrl
175.1164 	EXP 	Sound  started
175.7485 	DATA 	Keypress: rctrl
175.8664 	EXP 	Sound  started
176.4845 	DATA 	Keypress: rctrl
176.6165 	EXP 	Sound  started
177.2044 	DATA 	Keypress: rctrl
177.3665 	EXP 	Sound  started
177.9244 	DATA 	Keypress: lctrl
178.1165 	EXP 	Sound  started
178.7885 	DATA 	Keypress: lctrl
178.8665 	EXP 	Sound  started
179.6044 	DATA 	Keypress: lctrl
179.6165 	EXP 	Sound  started
180.2925 	DATA 	Keypress: lctrl
180.3665 	EXP 	Sound  started
181.0445 	DATA 	Keypress: lctrl
181.1165 	EXP 	Sound  started
181.7805 	DATA 	Keypress: lctrl
181.8665 	EXP 	Sound  started
182.5326 	DATA 	Keypress: lctrl
182.6166 	EXP 	Sound  started
183.3666 	EXP 	Sound  started
184.1166 	EXP 	Sound  started
184.1324 	DATA 	Keypress: lctrl
184.8666 	EXP 	Sound  started
184.8845 	DATA 	Keypress: lctrl
185.5724 	DATA 	Keypress: rctrl
185.6166 	EXP 	Sound  started
186.3405 	DATA 	Keypress: rctrl
186.3666 	EXP 	Sound  started
187.0604 	DATA 	Keypress: rctrl
187.1166 	EXP 	Sound  started
187.7806 	DATA 	Keypress: rctrl
187.8667 	EXP 	Sound  started
188.5484 	DATA 	Keypress: rctrl
188.6167 	EXP 	Sound  started
189.2844 	DATA 	Keypress: rctrl
189.3667 	EXP 	Sound  started
189.9884 	DATA 	Keypress: rctrl
190.1167 	EXP 	Sound  started
190.7725 	DATA 	Keypress: rctrl
190.8667 	EXP 	Sound  started
191.5884 	DATA 	Keypress: lctrl
191.6167 	EXP 	Sound  started
192.3245 	DATA 	Keypress: lctrl
192.3667 	EXP 	Sound  started
193.1167 	EXP 	Sound  started
193.1405 	DATA 	Keypress: lctrl
193.7324 	DATA 	Keypress: lctrl
193.8668 	EXP 	Sound  started
194.5164 	DATA 	Keypress: lctrl
194.6168 	EXP 	Sound  started
195.2845 	DATA 	Keypress: lctrl
195.3668 	EXP 	Sound  started
195.9884 	DATA 	Keypress: lctrl
196.1168 	EXP 	Sound  started
196.6764 	DATA 	Keypress: lctrl
196.8668 	EXP 	Sound  started
197.4605 	DATA 	Keypress: lctrl
197.6168 	EXP 	Sound  started
198.3085 	DATA 	Keypress: lctrl
198.3668 	EXP 	Sound  started
199.0605 	DATA 	Keypress: lctrl
199.1169 	EXP 	Sound  started
199.7804 	DATA 	Keypress: lctrl
199.8669 	EXP 	Sound  started
200.5324 	DATA 	Keypress: rctrl
200.6169 	EXP 	Sound  started
201.2364 	DATA 	Keypress: rctrl
201.3669 	EXP 	Sound  started
202.0366 	DATA 	Keypress: rctrl
202.1169 	EXP 	Sound  started
202.7725 	DATA 	Keypress: rctrl
202.8669 	EXP 	Sound  started
203.5085 	DATA 	Keypress: rctrl
203.6169 	EXP 	Sound  started
204.2445 	DATA 	Keypress: rctrl
204.3670 	EXP 	Sound  started
204.9965 	DATA 	Keypress: rctrl
205.1170 	EXP 	Sound  started
205.7645 	DATA 	Keypress: rctrl
205.8670 	EXP 	Sound  started
206.5164 	DATA 	Keypress: lctrl
206.6170 	EXP 	Sound  started
207.2364 	DATA 	Keypress: lctrl
207.3670 	EXP 	Sound  started
207.9725 	DATA 	Keypress: lctrl
208.1170 	EXP 	Sound  started
208.7085 	DATA 	Keypress: lctrl
208.8670 	EXP 	Sound  started
209.4604 	DATA 	Keypress: lctrl
209.6170 	EXP 	Sound  started
210.2126 	DATA 	Keypress: lctrl
210.3671 	EXP 	Sound  started
210.9805 	DATA 	Keypress: lctrl
211.1171 	EXP 	Sound  started
211.7484 	DATA 	Keypress: lctrl
211.8671 	EXP 	Sound  started
212.5004 	DATA 	Keypress: rctrl
212.6171 	EXP 	Sound  started
213.2364 	DATA 	Keypress: rctrl
213.3671 	EXP 	Sound  started
213.9884 	DATA 	Keypress: rctrl
214.1171 	EXP 	Sound  started
214.7724 	DATA 	Keypress: rctrl
214.8671 	EXP 	Sound  started
215.5244 	DATA 	Keypress: rctrl
215.6172 	EXP 	Sound  started
216.2604 	DATA 	Keypress: rctrl
216.3672 	EXP 	Sound  started
217.0444 	DATA 	Keypress: rctrl
217.1172 	EXP 	Sound  started
217.7646 	DATA 	Keypress: rctrl
217.8672 	EXP 	Sound  started
218.5164 	DATA 	Keypress: rctrl
218.6172 	EXP 	Sound  started
219.2684 	DATA 	Keypress: rctrl
219.3672 	EXP 	Sound  started
219.9724 	DATA 	Keypress: lctrl
220.1172 	EXP 	Sound  started
220.8524 	DATA 	Keypress: lctrl
220.8673 	EXP 	Sound  started
221.6173 	EXP 	Sound  started
221.6364 	DATA 	Keypress: lctrl
222.3673 	EXP 	Sound  started
222.4205 	DATA 	Keypress: lctrl
223.1084 	DATA 	Keypress: lctrl
223.1173 	EXP 	Sound  started
223.8124 	DATA 	Keypress: lctrl
223.8673 	EXP 	Sound  started
224.5324 	DATA 	Keypress: lctrl
224.6173 	EXP 	Sound  started
225.3165 	DATA 	Keypress: lctrl
225.3674 	EXP 	Sound  started
226.0204 	DATA 	Keypress: rctrl
226.1174 	EXP 	Sound  started
226.7885 	DATA 	Keypress: rctrl
226.8674 	EXP 	Sound  started
227.5565 	DATA 	Keypress: rctrl
227.6174 	EXP 	Sound  started
228.2765 	DATA 	Keypress: rctrl
228.3674 	EXP 	Sound  started
229.1085 	DATA 	Keypress: rctrl
229.1174 	EXP 	Sound  started
229.7804 	DATA 	Keypress: rctrl
229.8674 	EXP 	Sound  started
230.5004 	DATA 	Keypress: rctrl
230.6174 	EXP 	Sound  started
231.1884 	DATA 	Keypress: rctrl
231.3674 	EXP 	Sound  started
231.9404 	DATA 	Keypress: rctrl
232.1175 	EXP 	Sound  started
232.6765 	DATA 	Keypress: rctrl
232.8675 	EXP 	Sound  started
233.4445 	DATA 	Keypress: rctrl
235.4546 	DATA 	Keypress: 2
235.4711 	EXP 	unnamed ShapeStim: vertices = <class 'numpy.ndarray'>
238.2947 	DATA 	Keypress: 3
238.3239 	EXP 	unnamed ShapeStim: vertices = <class 'numpy.ndarray'>
240.4258 	DATA 	Keypress: 2
240.4423 	EXP 	unnamed ShapeStim: vertices = <class 'numpy.ndarray'>
242.7269 	EXP 	Sound  started
242.7278 	DATA 	Keypress: rctrl
243.3964 	DATA 	Keypress: rctrl
243.4768 	EXP 	Sound  started
244.1804 	DATA 	Keypress: rctrl
244.2268 	EXP 	Sound  started
244.8684 	DATA 	Keypress: rctrl
244.9768 	EXP 	Sound  started
245.6205 	DATA 	Keypress: rctrl
245.7268 	EXP 	Sound  started
246.4684 	DATA 	Keypress: lctrl
246.4768 	EXP 	Sound  started
247.2204 	DATA 	Keypress: lctrl
247.2268 	EXP 	Sound  started
247.9244 	DATA 	Keypress: lctrl
247.9768 	EXP 	Sound  started
248.7085 	DATA 	Keypress: lctrl
248.7269 	EXP 	Sound  started
249.4444 	DATA 	Keypress: lctrl
249.4769 	EXP 	Sound  started
250.2269 	EXP 	Sound  started
250.2283 	DATA 	Keypress: lctrl
250.9644 	DATA 	Keypress: lctrl
250.9769 	EXP 	Sound  started
251.6364 	DATA 	Keypress: lctrl
251.7269 	EXP 	Sound  started
252.4769 	EXP 	Sound  started
252.4844 	DATA 	Keypress: lctrl
253.2270 	EXP 	Sound  started
253.2364 	DATA 	Keypress: lctrl
253.9404 	DATA 	Keypress: lctrl
253.9770 	EXP 	Sound  started
254.7084 	DATA 	Keypress: lctrl
254.7270 	EXP 	Sound  started
255.3964 	DATA 	Keypress: lctrl
255.4770 	EXP 	Sound  started
256.2270 	EXP 	Sound  started
256.2284 	DATA 	Keypress: lctrl
256.9324 	DATA 	Keypress: lctrl
256.9770 	EXP 	Sound  started
257.7004 	DATA 	Keypress: lctrl
257.7270 	EXP 	Sound  started
258.4364 	DATA 	Keypress: lctrl
258.4770 	EXP 	Sound  started
259.1884 	DATA 	Keypress: lctrl
259.2271 	EXP 	Sound  started
259.8764 	DATA 	Keypress: lctrl
259.9771 	EXP 	Sound  started
260.6764 	DATA 	Keypress: rctrl
260.7271 	EXP 	Sound  started
261.4284 	DATA 	Keypress: rctrl
261.4771 	EXP 	Sound  started
262.1645 	DATA 	Keypress: rctrl
262.2271 	EXP 	Sound  started
262.9644 	DATA 	Keypress: rctrl
262.9771 	EXP 	Sound  started
263.6044 	DATA 	Keypress: rctrl
263.7271 	EXP 	Sound  started
264.4205 	DATA 	Keypress: rctrl
264.4772 	EXP 	Sound  started
265.1244 	DATA 	Keypress: rctrl
265.2272 	EXP 	Sound  started
265.8445 	DATA 	Keypress: rctrl
265.9772 	EXP 	Sound  started
266.5964 	DATA 	Keypress: rctrl
266.7272 	EXP 	Sound  started
267.3643 	DATA 	Keypress: rctrl
267.4772 	EXP 	Sound  started
268.1004 	DATA 	Keypress: rctrl
268.2272 	EXP 	Sound  started
268.8524 	DATA 	Keypress: lctrl
268.9772 	EXP 	Sound  started
269.6205 	DATA 	Keypress: lctrl
269.7272 	EXP 	Sound  started
270.3404 	DATA 	Keypress: lctrl
270.4773 	EXP 	Sound  started
271.0603 	DATA 	Keypress: lctrl
271.2273 	EXP 	Sound  started
271.8605 	DATA 	Keypress: lctrl
271.9773 	EXP 	Sound  started
272.5644 	DATA 	Keypress: lctrl
272.7273 	EXP 	Sound  started
273.3484 	DATA 	Keypress: rctrl
273.4773 	EXP 	Sound  started
274.1484 	DATA 	Keypress: rctrl
274.2273 	EXP 	Sound  started
274.9164 	DATA 	Keypress: rctrl
274.9774 	EXP 	Sound  started
275.6523 	DATA 	Keypress: rctrl
275.7274 	EXP 	Sound  started
276.3404 	DATA 	Keypress: rctrl
276.4774 	EXP 	Sound  started
277.0605 	DATA 	Keypress: rctrl
277.2274 	EXP 	Sound  started
277.8445 	DATA 	Keypress: rctrl
277.9774 	EXP 	Sound  started
278.6125 	DATA 	Keypress: rctrl
278.7274 	EXP 	Sound  started
279.3803 	DATA 	Keypress: lctrl
279.4774 	EXP 	Sound  started
280.1485 	DATA 	Keypress: lctrl
280.2274 	EXP 	Sound  started
280.9325 	DATA 	Keypress: lctrl
280.9775 	EXP 	Sound  started
281.6684 	DATA 	Keypress: lctrl
281.7275 	EXP 	Sound  started
282.4364 	DATA 	Keypress: lctrl
282.4775 	EXP 	Sound  started
283.1723 	DATA 	Keypress: lctrl
283.2275 	EXP 	Sound  started
283.8764 	DATA 	Keypress: lctrl
283.9775 	EXP 	Sound  started
284.6123 	DATA 	Keypress: lctrl
284.7275 	EXP 	Sound  started
285.3644 	DATA 	Keypress: lctrl
285.4775 	EXP 	Sound  started
286.1164 	DATA 	Keypress: lctrl
286.2276 	EXP 	Sound  started
286.8523 	DATA 	Keypress: rctrl
286.9776 	EXP 	Sound  started
287.6043 	DATA 	Keypress: rctrl
287.7276 	EXP 	Sound  started
288.3723 	DATA 	Keypress: rctrl
288.4776 	EXP 	Sound  started
289.1244 	DATA 	Keypress: rctrl
289.2276 	EXP 	Sound  started
289.8924 	DATA 	Keypress: rctrl
289.9776 	EXP 	Sound  started
290.6444 	DATA 	Keypress: rctrl
290.7276 	EXP 	Sound  started
291.3644 	DATA 	Keypress: rctrl
291.4776 	EXP 	Sound  started
292.1484 	DATA 	Keypress: rctrl
292.2277 	EXP 	Sound  started
292.8683 	DATA 	Keypress: rctrl
292.9777 	EXP 	Sound  started
293.6044 	DATA 	Keypress: rctrl
293.7277 	EXP 	Sound  started
294.2443 	DATA 	Keypress: rctrl
294.4777 	EXP 	Sound  started
295.1403 	DATA 	Keypress: rctrl
295.2277 	EXP 	Sound  started
295.9403 	DATA 	Keypress: rctrl
295.9777 	EXP 	Sound  started
296.6444 	DATA 	Keypress: lctrl
296.7277 	EXP 	Sound  started
297.3644 	DATA 	Keypress: lctrl
297.4777 	EXP 	Sound  started
298.1804 	DATA 	Keypress: lctrl
298.2278 	EXP 	Sound  started
298.8044 	DATA 	Keypress: lctrl
300.3119 	DATA 	Keypress: 3
300.3414 	EXP 	unnamed ShapeStim: vertices = <class 'numpy.ndarray'>
303.0937 	DATA 	Keypress: 3
303.1103 	EXP 	unnamed ShapeStim: vertices = <class 'numpy.ndarray'>
304.8786 	DATA 	Keypress: 2
304.8951 	EXP 	unnamed ShapeStim: vertices = <class 'numpy.ndarray'>
307.1795 	EXP 	Sound  started
307.1886 	DATA 	Keypress: rctrl
307.8764 	DATA 	Keypress: rctrl
307.9294 	EXP 	Sound  started
308.6123 	DATA 	Keypress: rctrl
308.6794 	EXP 	Sound  started
309.3963 	DATA 	Keypress: rctrl
309.4294 	EXP 	Sound  started
310.1794 	EXP 	Sound  started
310.1964 	DATA 	Keypress: rctrl
310.8364 	DATA 	Keypress: lctrl
310.9294 	EXP 	Sound  started
311.6044 	DATA 	Keypress: lctrl
311.6794 	EXP 	Sound  started
312.3564 	DATA 	Keypress: lctrl
312.4294 	EXP 	Sound  started
313.1243 	DATA 	Keypress: rctrl
313.1795 	EXP 	Sound  started
313.8604 	DATA 	Keypress: rctrl
313.9295 	EXP 	Sound  started
314.6444 	DATA 	Keypress: rctrl
314.6795 	EXP 	Sound  started
315.3804 	DATA 	Keypress: lctrl
315.4295 	EXP 	Sound  started
316.1324 	DATA 	Keypress: lctrl
316.1795 	EXP 	Sound  started
316.8523 	DATA 	Keypress: rctrl
316.9295 	EXP 	Sound  started
317.6795 	EXP 	Sound  started
317.7164 	DATA 	Keypress: rctrl
318.4296 	EXP 	Sound  started
318.4524 	DATA 	Keypress: rctrl
319.1564 	DATA 	Keypress: rctrl
319.1796 	EXP 	Sound  started
319.8443 	DATA 	Keypress: rctrl
319.9296 	EXP 	Sound  started
320.5323 	DATA 	Keypress: rctrl
320.6796 	EXP 	Sound  started
321.2683 	DATA 	Keypress: lctrl
321.4296 	EXP 	Sound  started
322.1004 	DATA 	Keypress: lctrl
322.1796 	EXP 	Sound  started
322.8524 	DATA 	Keypress: lctrl
322.9296 	EXP 	Sound  started
323.6044 	DATA 	Keypress: lctrl
323.6797 	EXP 	Sound  started
324.3403 	DATA 	Keypress: lctrl
324.4297 	EXP 	Sound  started
325.0443 	DATA 	Keypress: lctrl
325.1797 	EXP 	Sound  started
325.8445 	DATA 	Keypress: rctrl
325.9297 	EXP 	Sound  started
326.5484 	DATA 	Keypress: rctrl
326.6797 	EXP 	Sound  started
327.3483 	DATA 	Keypress: rctrl
327.4297 	EXP 	Sound  started
328.0524 	DATA 	Keypress: rctrl
328.1797 	EXP 	Sound  started
328.7404 	DATA 	Keypress: rctrl
328.9297 	EXP 	Sound  started
329.6043 	DATA 	Keypress: rctrl
329.6798 	EXP 	Sound  started
330.3084 	DATA 	Keypress: rctrl
330.4298 	EXP 	Sound  started
331.0764 	DATA 	Keypress: rctrl
331.1798 	EXP 	Sound  started
331.8284 	DATA 	Keypress: lctrl
331.9298 	EXP 	Sound  started
332.6124 	DATA 	Keypress: lctrl
332.6798 	EXP 	Sound  started
333.4123 	DATA 	Keypress: lctrl
333.4298 	EXP 	Sound  started
334.1003 	DATA 	Keypress: lctrl
334.1798 	EXP 	Sound  started
334.8203 	DATA 	Keypress: lctrl
334.9299 	EXP 	Sound  started
335.5884 	DATA 	Keypress: lctrl
335.6799 	EXP 	Sound  started
336.3564 	DATA 	Keypress: lctrl
336.4299 	EXP 	Sound  started
337.0603 	DATA 	Keypress: lctrl
337.1799 	EXP 	Sound  started
337.7804 	DATA 	Keypress: lctrl
337.9299 	EXP 	Sound  started
338.6123 	DATA 	Keypress: rctrl
338.6799 	EXP 	Sound  started
339.3644 	DATA 	Keypress: rctrl
339.4300 	EXP 	Sound  started
340.0844 	DATA 	Keypress: rctrl
340.1800 	EXP 	Sound  started
340.7723 	DATA 	Keypress: rctrl
340.9300 	EXP 	Sound  started
341.6043 	DATA 	Keypress: rctrl
341.6800 	EXP 	Sound  started
342.3884 	DATA 	Keypress: rctrl
342.4300 	EXP 	Sound  started
343.0763 	DATA 	Keypress: rctrl
343.1800 	EXP 	Sound  started
343.7804 	DATA 	Keypress: lctrl
343.9300 	EXP 	Sound  started
344.5483 	DATA 	Keypress: lctrl
344.6800 	EXP 	Sound  started
345.3324 	DATA 	Keypress: lctrl
345.4301 	EXP 	Sound  started
346.1004 	DATA 	Keypress: lctrl
346.1801 	EXP 	Sound  started
346.8203 	DATA 	Keypress: lctrl
346.9301 	EXP 	Sound  started
347.5723 	DATA 	Keypress: rctrl
347.6801 	EXP 	Sound  started
348.3563 	DATA 	Keypress: rctrl
348.4301 	EXP 	Sound  started
349.1563 	DATA 	Keypress: rctrl
349.1801 	EXP 	Sound  started
349.9301 	EXP 	Sound  started
349.9403 	DATA 	Keypress: rctrl
350.6124 	DATA 	Keypress: rctrl
350.6801 	EXP 	Sound  started
351.4124 	DATA 	Keypress: rctrl
351.4301 	EXP 	Sound  started
352.1484 	DATA 	Keypress: rctrl
352.1802 	EXP 	Sound  started
352.8523 	DATA 	Keypress: lctrl
352.9302 	EXP 	Sound  started
353.6203 	DATA 	Keypress: lctrl
353.6802 	EXP 	Sound  started
354.4203 	DATA 	Keypress: lctrl
354.4302 	EXP 	Sound  started
355.1083 	DATA 	Keypress: lctrl
355.1802 	EXP 	Sound  started
355.8924 	DATA 	Keypress: lctrl
355.9302 	EXP 	Sound  started
356.5803 	DATA 	Keypress: lctrl
356.6802 	EXP 	Sound  started
357.3324 	DATA 	Keypress: rctrl
357.4303 	EXP 	Sound  started
358.0843 	DATA 	Keypress: rctrl
358.1803 	EXP 	Sound  started
358.8523 	DATA 	Keypress: rctrl
358.9303 	EXP 	Sound  started
359.5723 	DATA 	Keypress: rctrl
359.6803 	EXP 	Sound  started
360.3563 	DATA 	Keypress: rctrl
360.4303 	EXP 	Sound  started
361.0923 	DATA 	Keypress: rctrl
361.1803 	EXP 	Sound  started
361.8443 	DATA 	Keypress: rctrl
361.9303 	EXP 	Sound  started
362.5963 	DATA 	Keypress: rctrl
362.6804 	EXP 	Sound  started
363.3323 	DATA 	Keypress: rctrl
363.4304 	EXP 	Sound  started
364.1004 	DATA 	Keypress: rctrl
364.1804 	EXP 	Sound  started
364.8364 	DATA 	Keypress: rctrl
364.9304 	EXP 	Sound  started
365.6044 	DATA 	Keypress: rctrl
365.6804 	EXP 	Sound  started
366.3563 	DATA 	Keypress: rctrl
366.4304 	EXP 	Sound  started
367.0923 	DATA 	Keypress: rctrl
367.1804 	EXP 	Sound  started
367.8443 	DATA 	Keypress: lctrl
367.9305 	EXP 	Sound  started
368.5963 	DATA 	Keypress: lctrl
368.6805 	EXP 	Sound  started
369.3164 	DATA 	Keypress: lctrl
369.4305 	EXP 	Sound  started
370.1323 	DATA 	Keypress: lctrl
374.5185 	DATA 	Keypress: 3
374.5350 	EXP 	unnamed ShapeStim: vertices = <class 'numpy.ndarray'>
377.3879 	DATA 	Keypress: 1
377.4040 	EXP 	unnamed ShapeStim: vertices = <class 'numpy.ndarray'>
380.2402 	DATA 	Keypress: 2
380.2568 	EXP 	unnamed ShapeStim: vertices = <class 'numpy.ndarray'>
382.5413 	EXP 	Sound  started
382.5422 	DATA 	Keypress: rctrl
383.2523 	DATA 	Keypress: rctrl
383.2911 	EXP 	Sound  started
383.9724 	DATA 	Keypress: rctrl
384.0411 	EXP 	Sound  started
384.7083 	DATA 	Keypress: rctrl
384.7911 	EXP 	Sound  started
385.4604 	DATA 	Keypress: lctrl
385.5412 	EXP 	Sound  started
386.1803 	DATA 	Keypress: lctrl
386.2912 	EXP 	Sound  started
386.9643 	DATA 	Keypress: lctrl
387.0412 	EXP 	Sound  started
387.7003 	DATA 	Keypress: lctrl
387.7912 	EXP 	Sound  started
388.4363 	DATA 	Keypress: lctrl
388.5412 	EXP 	Sound  started
389.1723 	DATA 	Keypress: lctrl
389.2912 	EXP 	Sound  started
389.9403 	DATA 	Keypress: rctrl
390.0413 	EXP 	Sound  started
390.6763 	DATA 	Keypress: rctrl
390.7913 	EXP 	Sound  started
391.4444 	DATA 	Keypress: rctrl
391.5413 	EXP 	Sound  started
392.1484 	DATA 	Keypress: rctrl
392.2913 	EXP 	Sound  started
392.9324 	DATA 	Keypress: rctrl
393.0413 	EXP 	Sound  started
393.7003 	DATA 	Keypress: rctrl
393.7913 	EXP 	Sound  started
394.4044 	DATA 	Keypress: rctrl
394.5414 	EXP 	Sound  started
395.0924 	DATA 	Keypress: rctrl
395.2914 	EXP 	Sound  started
395.8283 	DATA 	Keypress: lctrl
396.0414 	EXP 	Sound  started
396.5324 	DATA 	Keypress: lctrl
396.7914 	EXP 	Sound  started
397.3004 	DATA 	Keypress: lctrl
397.5414 	EXP 	Sound  started
398.0203 	DATA 	Keypress: lctrl
398.2914 	EXP 	Sound  started
398.9163 	DATA 	Keypress: lctrl
399.0414 	EXP 	Sound  started
399.6683 	DATA 	Keypress: lctrl
399.7914 	EXP 	Sound  started
400.3723 	DATA 	Keypress: lctrl
400.5415 	EXP 	Sound  started
401.1243 	DATA 	Keypress: rctrl
401.2915 	EXP 	Sound  started
401.9403 	DATA 	Keypress: rctrl
402.0415 	EXP 	Sound  started
402.6443 	DATA 	Keypress: rctrl
402.7915 	EXP 	Sound  started
403.3644 	DATA 	Keypress: rctrl
403.5415 	EXP 	Sound  started
404.1163 	DATA 	Keypress: rctrl
404.2915 	EXP 	Sound  started
404.8683 	DATA 	Keypress: rctrl
405.0415 	EXP 	Sound  started
405.5883 	DATA 	Keypress: rctrl
405.7915 	EXP 	Sound  started
406.3083 	DATA 	Keypress: rctrl
406.5416 	EXP 	Sound  started
407.0763 	DATA 	Keypress: rctrl
407.2916 	EXP 	Sound  started
407.7963 	DATA 	Keypress: rctrl
408.0416 	EXP 	Sound  started
408.5003 	DATA 	Keypress: rctrl
408.7916 	EXP 	Sound  started
409.3004 	DATA 	Keypress: rctrl
409.5416 	EXP 	Sound  started
410.0683 	DATA 	Keypress: rctrl
410.2916 	EXP 	Sound  started
410.8363 	DATA 	Keypress: rctrl
411.0416 	EXP 	Sound  started
411.5883 	DATA 	Keypress: rctrl
411.7916 	EXP 	Sound  started
412.3404 	DATA 	Keypress: rctrl
412.5417 	EXP 	Sound  started
413.1563 	DATA 	Keypress: rctrl
413.2917 	EXP 	Sound  started
413.9083 	DATA 	Keypress: rctrl
414.0417 	EXP 	Sound  started
414.5963 	DATA 	Keypress: lctrl
414.7917 	EXP 	Sound  started
415.3963 	DATA 	Keypress: lctrl
415.5417 	EXP 	Sound  started
416.1484 	DATA 	Keypress: lctrl
416.2917 	EXP 	Sound  started
416.9002 	DATA 	Keypress: lctrl
417.0417 	EXP 	Sound  started
417.6684 	DATA 	Keypress: lctrl
417.7918 	EXP 	Sound  started
418.4203 	DATA 	Keypress: lctrl
418.5418 	EXP 	Sound  started
419.1083 	DATA 	Keypress: lctrl
419.2918 	EXP 	Sound  started
419.9403 	DATA 	Keypress: lctrl
420.0418 	EXP 	Sound  started
420.7563 	DATA 	Keypress: lctrl
420.7918 	EXP 	Sound  started
421.4603 	DATA 	Keypress: lctrl
421.5418 	EXP 	Sound  started
422.2123 	DATA 	Keypress: lctrl
422.2918 	EXP 	Sound  started
422.9643 	DATA 	Keypress: rctrl
423.0419 	EXP 	Sound  started
423.7483 	DATA 	Keypress: rctrl
423.7919 	EXP 	Sound  started
424.5163 	DATA 	Keypress: rctrl
424.5419 	EXP 	Sound  started
425.2363 	DATA 	Keypress: rctrl
425.2919 	EXP 	Sound  started
425.9722 	DATA 	Keypress: rctrl
426.0419 	EXP 	Sound  started
426.7402 	DATA 	Keypress: rctrl
426.7919 	EXP 	Sound  started
427.4443 	DATA 	Keypress: rctrl
427.5419 	EXP 	Sound  started
428.2123 	DATA 	Keypress: rctrl
428.2920 	EXP 	Sound  started
428.9643 	DATA 	Keypress: rctrl
429.0420 	EXP 	Sound  started
429.6203 	DATA 	Keypress: lctrl
429.7920 	EXP 	Sound  started
430.4363 	DATA 	Keypress: lctrl
430.5420 	EXP 	Sound  started
431.1403 	DATA 	Keypress: lctrl
431.2920 	EXP 	Sound  started
431.9563 	DATA 	Keypress: lctrl
432.0420 	EXP 	Sound  started
432.7402 	DATA 	Keypress: rctrl
432.7920 	EXP 	Sound  started
433.4923 	DATA 	Keypress: rctrl
433.5420 	EXP 	Sound  started
434.2282 	DATA 	Keypress: rctrl
434.2921 	EXP 	Sound  started
435.0282 	DATA 	Keypress: rctrl
435.0421 	EXP 	Sound  started
435.7162 	DATA 	Keypress: rctrl
435.7921 	EXP 	Sound  started
436.4682 	DATA 	Keypress: rctrl
436.5421 	EXP 	Sound  started
437.1083 	DATA 	Keypress: rctrl
437.2921 	EXP 	Sound  started
437.8602 	DATA 	Keypress: lctrl
438.0421 	EXP 	Sound  started
438.5962 	DATA 	Keypress: lctrl
438.7922 	EXP 	Sound  started
439.4122 	DATA 	Keypress: lctrl
439.5422 	EXP 	Sound  started
440.1962 	DATA 	Keypress: lctrl
440.2922 	EXP 	Sound  started
440.9323 	DATA 	Keypress: lctrl
441.0422 	EXP 	Sound  started
441.7643 	DATA 	Keypress: lctrl
441.7922 	EXP 	Sound  started
442.4844 	DATA 	Keypress: lctrl
442.5422 	EXP 	Sound  started
443.2043 	DATA 	Keypress: lctrl
443.2922 	EXP 	Sound  started
443.8922 	DATA 	Keypress: lctrl
444.0423 	EXP 	Sound  started
444.5962 	DATA 	Keypress: lctrl
444.7923 	EXP 	Sound  started
445.4124 	DATA 	Keypress: lctrl
445.5423 	EXP 	Sound  started
446.1644 	DATA 	Keypress: lctrl
446.2923 	EXP 	Sound  started
447.0123 	DATA 	Keypress: rctrl
447.0423 	EXP 	Sound  started
447.7323 	DATA 	Keypress: rctrl
449.4297 	DATA 	Keypress: 2
449.4463 	EXP 	unnamed ShapeStim: vertices = <class 'numpy.ndarray'>
453.1828 	DATA 	Keypress: 2
453.1994 	EXP 	unnamed ShapeStim: vertices = <class 'numpy.ndarray'>
455.5519 	DATA 	Keypress: 1
455.5684 	EXP 	unnamed ShapeStim: vertices = <class 'numpy.ndarray'>
457.8530 	EXP 	Sound  started
458.0043 	DATA 	Keypress: rctrl
458.5963 	DATA 	Keypress: rctrl
458.6029 	EXP 	Sound  started
459.2842 	DATA 	Keypress: rctrl
459.3529 	EXP 	Sound  started
460.0363 	DATA 	Keypress: rctrl
460.1029 	EXP 	Sound  started
460.7723 	DATA 	Keypress: rctrl
460.8529 	EXP 	Sound  started
461.5242 	DATA 	Keypress: rctrl
461.6029 	EXP 	Sound  started
462.2763 	DATA 	Keypress: rctrl
462.3529 	EXP 	Sound  started
463.0442 	DATA 	Keypress: rctrl
463.1030 	EXP 	Sound  started
463.7643 	DATA 	Keypress: rctrl
463.8530 	EXP 	Sound  started
464.5482 	DATA 	Keypress: rctrl
464.6030 	EXP 	Sound  started
465.3163 	DATA 	Keypress: rctrl
465.3530 	EXP 	Sound  started
466.0523 	DATA 	Keypress: rctrl
466.1030 	EXP 	Sound  started
466.7883 	DATA 	Keypress: rctrl
466.8530 	EXP 	Sound  started
467.5243 	DATA 	Keypress: rctrl
467.6030 	EXP 	Sound  started
468.2282 	DATA 	Keypress: rctrl
468.3530 	EXP 	Sound  started
468.9643 	DATA 	Keypress: lctrl
469.1031 	EXP 	Sound  started
469.7482 	DATA 	Keypress: lctrl
469.8531 	EXP 	Sound  started
470.4203 	DATA 	Keypress: lctrl
470.6031 	EXP 	Sound  started
471.2043 	DATA 	Keypress: lctrl
471.3531 	EXP 	Sound  started
471.9242 	DATA 	Keypress: lctrl
472.1031 	EXP 	Sound  started
472.6282 	DATA 	Keypress: lctrl
472.8531 	EXP 	Sound  started
473.3322 	DATA 	Keypress: lctrl
473.6031 	EXP 	Sound  started
474.2123 	DATA 	Keypress: lctrl
474.3532 	EXP 	Sound  started
474.9802 	DATA 	Keypress: lctrl
475.1032 	EXP 	Sound  started
475.6842 	DATA 	Keypress: lctrl
475.8532 	EXP 	Sound  started
476.4362 	DATA 	Keypress: lctrl
476.6032 	EXP 	Sound  started
477.2202 	DATA 	Keypress: rctrl
477.3532 	EXP 	Sound  started
477.9882 	DATA 	Keypress: rctrl
478.1032 	EXP 	Sound  started
478.7242 	DATA 	Keypress: rctrl
478.8532 	EXP 	Sound  started
479.4602 	DATA 	Keypress: rctrl
479.6033 	EXP 	Sound  started
480.1642 	DATA 	Keypress: rctrl
480.3533 	EXP 	Sound  started
480.9322 	DATA 	Keypress: rctrl
481.1033 	EXP 	Sound  started
481.6362 	DATA 	Keypress: rctrl
481.8533 	EXP 	Sound  started
482.3562 	DATA 	Keypress: rctrl
482.6033 	EXP 	Sound  started
483.2522 	DATA 	Keypress: rctrl
483.3533 	EXP 	Sound  started
483.9562 	DATA 	Keypress: rctrl
484.1033 	EXP 	Sound  started
484.7242 	DATA 	Keypress: rctrl
484.8534 	EXP 	Sound  started
485.4442 	DATA 	Keypress: rctrl
485.6034 	EXP 	Sound  started
486.1802 	DATA 	Keypress: rctrl
486.3534 	EXP 	Sound  started
486.9482 	DATA 	Keypress: rctrl
487.1034 	EXP 	Sound  started
487.7482 	DATA 	Keypress: rctrl
487.8534 	EXP 	Sound  started
488.5002 	DATA 	Keypress: rctrl
488.6034 	EXP 	Sound  started
489.2042 	DATA 	Keypress: rctrl
489.3534 	EXP 	Sound  started
489.9723 	DATA 	Keypress: rctrl
490.1035 	EXP 	Sound  started
490.7083 	DATA 	Keypress: rctrl
490.8535 	EXP 	Sound  started
491.4602 	DATA 	Keypress: rctrl
491.6035 	EXP 	Sound  started
492.1802 	DATA 	Keypress: rctrl
492.3535 	EXP 	Sound  started
492.9322 	DATA 	Keypress: rctrl
493.1035 	EXP 	Sound  started
493.7002 	DATA 	Keypress: rctrl
493.8535 	EXP 	Sound  started
494.5322 	DATA 	Keypress: rctrl
494.6035 	EXP 	Sound  started
495.3322 	DATA 	Keypress: rctrl
495.3535 	EXP 	Sound  started
496.0842 	DATA 	Keypress: rctrl
496.1036 	EXP 	Sound  started
496.7562 	DATA 	Keypress: lctrl
496.8536 	EXP 	Sound  started
497.5242 	DATA 	Keypress: lctrl
497.6036 	EXP 	Sound  started
498.2442 	DATA 	Keypress: lctrl
498.3536 	EXP 	Sound  started
498.9642 	DATA 	Keypress: lctrl
499.1036 	EXP 	Sound  started
499.7482 	DATA 	Keypress: lctrl
499.8536 	EXP 	Sound  started
500.5162 	DATA 	Keypress: lctrl
500.6036 	EXP 	Sound  started
501.3537 	EXP 	Sound  started
501.3802 	DATA 	Keypress: lctrl
502.0202 	DATA 	Keypress: lctrl
502.1037 	EXP 	Sound  started
502.6923 	DATA 	Keypress: rctrl
502.8537 	EXP 	Sound  started
503.3963 	DATA 	Keypress: rctrl
503.6037 	EXP 	Sound  started
504.1322 	DATA 	Keypress: lctrl
504.3537 	EXP 	Sound  started
504.7723 	DATA 	Keypress: lctrl
505.1037 	EXP 	Sound  started
505.7482 	DATA 	Keypress: lctrl
505.8537 	EXP 	Sound  started
506.5643 	DATA 	Keypress: lctrl
506.6037 	EXP 	Sound  started
507.3538 	EXP 	Sound  started
507.3642 	DATA 	Keypress: lctrl
508.0843 	DATA 	Keypress: rctrl
508.1038 	EXP 	Sound  started
508.8043 	DATA 	Keypress: rctrl
508.8538 	EXP 	Sound  started
509.4922 	DATA 	Keypress: rctrl
509.6038 	EXP 	Sound  started
510.3083 	DATA 	Keypress: rctrl
510.3538 	EXP 	Sound  started
510.9963 	DATA 	Keypress: lctrl
511.1038 	EXP 	Sound  started
511.7802 	DATA 	Keypress: lctrl
511.8538 	EXP 	Sound  started
512.5803 	DATA 	Keypress: lctrl
512.6039 	EXP 	Sound  started
513.2843 	DATA 	Keypress: lctrl
515.0334 	DATA 	Keypress: 3
515.0500 	EXP 	unnamed ShapeStim: vertices = <class 'numpy.ndarray'>
517.1352 	DATA 	Keypress: 1
517.1517 	EXP 	unnamed ShapeStim: vertices = <class 'numpy.ndarray'>
518.9538 	DATA 	Keypress: 3
518.9703 	EXP 	unnamed ShapeStim: vertices = <class 'numpy.ndarray'>
521.2551 	EXP 	Sound  started
521.2560 	DATA 	Keypress: rctrl
521.9402 	DATA 	Keypress: rctrl
522.0049 	EXP 	Sound  started
522.7242 	DATA 	Keypress: rctrl
522.7549 	EXP 	Sound  started
523.4762 	DATA 	Keypress: rctrl
523.5050 	EXP 	Sound  started
524.1802 	DATA 	Keypress: rctrl
524.2550 	EXP 	Sound  started
524.9642 	DATA 	Keypress: rctrl
525.0050 	EXP 	Sound  started
525.6682 	DATA 	Keypress: rctrl
525.7550 	EXP 	Sound  started
526.3882 	DATA 	Keypress: lctrl
526.5050 	EXP 	Sound  started
527.0762 	DATA 	Keypress: lctrl
527.2550 	EXP 	Sound  started
527.8602 	DATA 	Keypress: lctrl
528.0050 	EXP 	Sound  started
528.6282 	DATA 	Keypress: lctrl
528.7550 	EXP 	Sound  started
529.3802 	DATA 	Keypress: lctrl
529.5051 	EXP 	Sound  started
530.0842 	DATA 	Keypress: lctrl
530.2551 	EXP 	Sound  started
530.8683 	DATA 	Keypress: lctrl
531.0051 	EXP 	Sound  started
531.5881 	DATA 	Keypress: lctrl
531.7551 	EXP 	Sound  started
532.3242 	DATA 	Keypress: lctrl
532.5051 	EXP 	Sound  started
533.1722 	DATA 	Keypress: lctrl
533.2551 	EXP 	Sound  started
533.9882 	DATA 	Keypress: lctrl
534.0051 	EXP 	Sound  started
534.7552 	EXP 	Sound  started
534.7722 	DATA 	Keypress: lctrl
535.4443 	DATA 	Keypress: lctrl
535.5052 	EXP 	Sound  started
536.2282 	DATA 	Keypress: rctrl
536.2552 	EXP 	Sound  started
537.0052 	EXP 	Sound  started
537.0442 	DATA 	Keypress: rctrl
537.7322 	DATA 	Keypress: rctrl
537.7552 	EXP 	Sound  started
538.4682 	DATA 	Keypress: rctrl
538.5052 	EXP 	Sound  started
539.2522 	DATA 	Keypress: rctrl
539.2552 	EXP 	Sound  started
540.0053 	EXP 	Sound  started
540.0363 	DATA 	Keypress: rctrl
540.6443 	DATA 	Keypress: rctrl
540.7553 	EXP 	Sound  started
541.3482 	DATA 	Keypress: rctrl
541.5053 	EXP 	Sound  started
542.0522 	DATA 	Keypress: rctrl
542.2553 	EXP 	Sound  started
542.7882 	DATA 	Keypress: rctrl
543.0053 	EXP 	Sound  started
543.6682 	DATA 	Keypress: rctrl
543.7553 	EXP 	Sound  started
544.3723 	DATA 	Keypress: rctrl
544.5053 	EXP 	Sound  started
545.0922 	DATA 	Keypress: rctrl
545.2554 	EXP 	Sound  started
545.7802 	DATA 	Keypress: rctrl
546.0054 	EXP 	Sound  started
546.5482 	DATA 	Keypress: rctrl
546.7554 	EXP 	Sound  started
547.3482 	DATA 	Keypress: rctrl
547.5054 	EXP 	Sound  started
548.0362 	DATA 	Keypress: rctrl
548.2554 	EXP 	Sound  started
548.9162 	DATA 	Keypress: rctrl
549.0054 	EXP 	Sound  started
549.6682 	DATA 	Keypress: lctrl
549.7554 	EXP 	Sound  started
550.4523 	DATA 	Keypress: lctrl
550.5055 	EXP 	Sound  started
551.1882 	DATA 	Keypress: lctrl
551.2555 	EXP 	Sound  started
551.9562 	DATA 	Keypress: lctrl
552.0055 	EXP 	Sound  started
552.7242 	DATA 	Keypress: lctrl
552.7555 	EXP 	Sound  started
553.3962 	DATA 	Keypress: lctrl
553.5055 	EXP 	Sound  started
554.1801 	DATA 	Keypress: lctrl
554.2555 	EXP 	Sound  started
554.8521 	DATA 	Keypress: lctrl
555.0055 	EXP 	Sound  started
555.6362 	DATA 	Keypress: lctrl
555.7556 	EXP 	Sound  started
556.3403 	DATA 	Keypress: lctrl
556.5056 	EXP 	Sound  started
557.1402 	DATA 	Keypress: lctrl
557.2556 	EXP 	Sound  started
557.8601 	DATA 	Keypress: lctrl
558.0056 	EXP 	Sound  started
558.6441 	DATA 	Keypress: rctrl
558.7556 	EXP 	Sound  started
559.4763 	DATA 	Keypress: rctrl
559.5056 	EXP 	Sound  started
560.1961 	DATA 	Keypress: rctrl
560.2556 	EXP 	Sound  started
560.9002 	DATA 	Keypress: rctrl
561.0056 	EXP 	Sound  started
561.6361 	DATA 	Keypress: lctrl
563.4768 	DATA 	Keypress: 2
563.5063 	EXP 	unnamed ShapeStim: vertices = <class 'numpy.ndarray'>
565.2412 	DATA 	Keypress: 3
565.2578 	EXP 	unnamed ShapeStim: vertices = <class 'numpy.ndarray'>
566.7818 	DATA 	Keypress: 2
566.8262 	EXP 	unnamed ShapeStim: vertices = <class 'numpy.ndarray'>
569.1112 	EXP 	Sound  started
569.2043 	DATA 	Keypress: rctrl
569.8602 	DATA 	Keypress: rctrl
569.8610 	EXP 	Sound  started
570.5001 	DATA 	Keypress: rctrl
570.6110 	EXP 	Sound  started
571.1882 	DATA 	Keypress: rctrl
571.3611 	EXP 	Sound  started
572.0041 	DATA 	Keypress: rctrl
572.1111 	EXP 	Sound  started
572.7563 	DATA 	Keypress: rctrl
572.8611 	EXP 	Sound  started
573.4762 	DATA 	Keypress: rctrl
573.6111 	EXP 	Sound  started
574.1642 	DATA 	Keypress: rctrl
574.3611 	EXP 	Sound  started
575.0122 	DATA 	Keypress: lctrl
575.1111 	EXP 	Sound  started
575.7481 	DATA 	Keypress: lctrl
575.8611 	EXP 	Sound  started
576.4523 	DATA 	Keypress: lctrl
576.6112 	EXP 	Sound  started
577.2682 	DATA 	Keypress: lctrl
577.3612 	EXP 	Sound  started
578.0042 	DATA 	Keypress: lctrl
578.1112 	EXP 	Sound  started
578.7722 	DATA 	Keypress: lctrl
578.8612 	EXP 	Sound  started
579.5723 	DATA 	Keypress: lctrl
579.6112 	EXP 	Sound  started
580.2601 	DATA 	Keypress: lctrl
580.3612 	EXP 	Sound  started
580.9642 	DATA 	Keypress: lctrl
581.1112 	EXP 	Sound  started
581.7641 	DATA 	Keypress: rctrl
581.8613 	EXP 	Sound  started
582.5801 	DATA 	Keypress: rctrl
582.6113 	EXP 	Sound  started
583.3613 	EXP 	Sound  started
583.3802 	DATA 	Keypress: rctrl
584.0842 	DATA 	Keypress: rctrl
584.1113 	EXP 	Sound  started
584.7721 	DATA 	Keypress: rctrl
584.8613 	EXP 	Sound  started
585.4922 	DATA 	Keypress: rctrl
585.6113 	EXP 	Sound  started
586.3242 	DATA 	Keypress: rctrl
586.3613 	EXP 	Sound  started
587.1082 	DATA 	Keypress: rctrl
587.1114 	EXP 	Sound  started
587.7001 	DATA 	Keypress: rctrl
587.8614 	EXP 	Sound  started
588.4843 	DATA 	Keypress: lctrl
588.6114 	EXP 	Sound  started
589.3002 	DATA 	Keypress: lctrl
589.3614 	EXP 	Sound  started
590.0362 	DATA 	Keypress: lctrl
590.1114 	EXP 	Sound  started
590.7562 	DATA 	Keypress: lctrl
590.8614 	EXP 	Sound  started
591.5242 	DATA 	Keypress: lctrl
591.6114 	EXP 	Sound  started
592.3082 	DATA 	Keypress: lctrl
592.3615 	EXP 	Sound  started
593.0921 	DATA 	Keypress: lctrl
593.1115 	EXP 	Sound  started
593.7962 	DATA 	Keypress: lctrl
593.8615 	EXP 	Sound  started
594.5962 	DATA 	Keypress: lctrl
594.6115 	EXP 	Sound  started
595.3615 	EXP 	Sound  started
595.3642 	DATA 	Keypress: lctrl
596.1115 	EXP 	Sound  started
596.1481 	DATA 	Keypress: lctrl
596.7881 	DATA 	Keypress: lctrl
596.8615 	EXP 	Sound  started
597.5721 	DATA 	Keypress: rctrl
597.6115 	EXP 	Sound  started
598.2602 	DATA 	Keypress: rctrl
598.3616 	EXP 	Sound  started
599.0281 	DATA 	Keypress: rctrl
599.1116 	EXP 	Sound  started
599.7961 	DATA 	Keypress: rctrl
599.8616 	EXP 	Sound  started
600.4842 	DATA 	Keypress: rctrl
600.6116 	EXP 	Sound  started
601.2041 	DATA 	Keypress: rctrl
601.3616 	EXP 	Sound  started
601.9722 	DATA 	Keypress: rctrl
602.1116 	EXP 	Sound  started
602.8523 	DATA 	Keypress: rctrl
602.8617 	EXP 	Sound  started
603.5882 	DATA 	Keypress: rctrl
603.6117 	EXP 	Sound  started
604.3561 	DATA 	Keypress: rctrl
604.3617 	EXP 	Sound  started
605.0281 	DATA 	Keypress: rctrl
605.1117 	EXP 	Sound  started
605.7801 	DATA 	Keypress: lctrl
605.8617 	EXP 	Sound  started
606.5643 	DATA 	Keypress: lctrl
606.6117 	EXP 	Sound  started
607.2682 	DATA 	Keypress: lctrl
607.3617 	EXP 	Sound  started
608.1117 	EXP 	Sound  started
608.1482 	DATA 	Keypress: lctrl
608.8201 	DATA 	Keypress: lctrl
608.8617 	EXP 	Sound  started
609.4921 	DATA 	Keypress: lctrl
609.6118 	EXP 	Sound  started
610.3082 	DATA 	Keypress: lctrl
610.3618 	EXP 	Sound  started
611.0282 	DATA 	Keypress: lctrl
611.1118 	EXP 	Sound  started
611.7481 	DATA 	Keypress: lctrl
611.8618 	EXP 	Sound  started
612.5481 	DATA 	Keypress: lctrl
612.6118 	EXP 	Sound  started
613.3321 	DATA 	Keypress: lctrl
613.3618 	EXP 	Sound  started
614.0522 	DATA 	Keypress: lctrl
614.1119 	EXP 	Sound  started
614.8041 	DATA 	Keypress: lctrl
614.8619 	EXP 	Sound  started
615.6119 	EXP 	Sound  started
615.6202 	DATA 	Keypress: lctrl
616.3619 	EXP 	Sound  started
616.3722 	DATA 	Keypress: lctrl
617.0602 	DATA 	Keypress: lctrl
617.1119 	EXP 	Sound  started
617.7802 	DATA 	Keypress: lctrl
617.8619 	EXP 	Sound  started
618.5963 	DATA 	Keypress: lctrl
618.6119 	EXP 	Sound  started
619.2842 	DATA 	Keypress: lctrl
621.0035 	DATA 	Keypress: 2
621.0201 	EXP 	unnamed ShapeStim: vertices = <class 'numpy.ndarray'>
624.0561 	DATA 	Keypress: 4
624.0726 	EXP 	unnamed ShapeStim: vertices = <class 'numpy.ndarray'>
625.5955 	DATA 	Keypress: 2
625.6410 	EXP 	unnamed ShapeStim: vertices = <class 'numpy.ndarray'>
627.9255 	EXP 	Sound  started
627.9263 	DATA 	Keypress: rctrl
628.5481 	DATA 	Keypress: rctrl
628.6753 	EXP 	Sound  started
629.3162 	DATA 	Keypress: rctrl
629.4253 	EXP 	Sound  started
630.0681 	DATA 	Keypress: rctrl
630.1753 	EXP 	Sound  started
630.8361 	DATA 	Keypress: lctrl
630.9253 	EXP 	Sound  started
631.5881 	DATA 	Keypress: lctrl
631.6754 	EXP 	Sound  started
632.3561 	DATA 	Keypress: lctrl
632.4254 	EXP 	Sound  started
633.1754 	EXP 	Sound  started
633.2042 	DATA 	Keypress: lctrl
633.9254 	EXP 	Sound  started
633.9882 	DATA 	Keypress: lctrl
634.5801 	DATA 	Keypress: rctrl
634.6754 	EXP 	Sound  started
635.3961 	DATA 	Keypress: rctrl
635.4254 	EXP 	Sound  started
636.1754 	EXP 	Sound  started
636.1801 	DATA 	Keypress: rctrl
636.9255 	EXP 	Sound  started
636.9321 	DATA 	Keypress: rctrl
637.6682 	DATA 	Keypress: rctrl
637.6755 	EXP 	Sound  started
638.3561 	DATA 	Keypress: rctrl
638.4255 	EXP 	Sound  started
639.1083 	DATA 	Keypress: rctrl
639.1755 	EXP 	Sound  started
639.9255 	EXP 	Sound  started
639.9402 	DATA 	Keypress: rctrl
640.5802 	DATA 	Keypress: lctrl
640.6755 	EXP 	Sound  started
641.3001 	DATA 	Keypress: lctrl
641.4255 	EXP 	Sound  started
641.9881 	DATA 	Keypress: lctrl
642.1756 	EXP 	Sound  started
642.7561 	DATA 	Keypress: lctrl
642.9256 	EXP 	Sound  started
643.6521 	DATA 	Keypress: rctrl
643.6756 	EXP 	Sound  started
644.3401 	DATA 	Keypress: rctrl
644.4256 	EXP 	Sound  started
645.1082 	DATA 	Keypress: rctrl
645.1756 	EXP 	Sound  started
645.8121 	DATA 	Keypress: rctrl
645.9256 	EXP 	Sound  started
646.5961 	DATA 	Keypress: rctrl
646.6756 	EXP 	Sound  started
647.3001 	DATA 	Keypress: rctrl
647.4256 	EXP 	Sound  started
648.1001 	DATA 	Keypress: rctrl
648.1757 	EXP 	Sound  started
648.8521 	DATA 	Keypress: rctrl
648.9257 	EXP 	Sound  started
649.6201 	DATA 	Keypress: rctrl
649.6757 	EXP 	Sound  started
650.3881 	DATA 	Keypress: rctrl
650.4257 	EXP 	Sound  started
651.0761 	DATA 	Keypress: rctrl
651.1757 	EXP 	Sound  started
651.8922 	DATA 	Keypress: lctrl
651.9257 	EXP 	Sound  started
652.6441 	DATA 	Keypress: lctrl
652.6758 	EXP 	Sound  started
653.4122 	DATA 	Keypress: lctrl
653.4258 	EXP 	Sound  started
654.1481 	DATA 	Keypress: lctrl
654.1758 	EXP 	Sound  started
654.9001 	DATA 	Keypress: rctrl
654.9258 	EXP 	Sound  started
655.6361 	DATA 	Keypress: rctrl
655.6758 	EXP 	Sound  started
656.2921 	DATA 	Keypress: rctrl
656.4258 	EXP 	Sound  started
657.0921 	DATA 	Keypress: rctrl
657.1758 	EXP 	Sound  started
657.7642 	DATA 	Keypress: rctrl
657.9259 	EXP 	Sound  started
658.4841 	DATA 	Keypress: rctrl
658.6759 	EXP 	Sound  started
659.1722 	DATA 	Keypress: rctrl
659.4259 	EXP 	Sound  started
660.0521 	DATA 	Keypress: lctrl
660.1759 	EXP 	Sound  started
660.8041 	DATA 	Keypress: lctrl
660.9259 	EXP 	Sound  started
661.5241 	DATA 	Keypress: lctrl
661.6759 	EXP 	Sound  started
662.3402 	DATA 	Keypress: lctrl
662.4259 	EXP 	Sound  started
663.0601 	DATA 	Keypress: lctrl
663.1760 	EXP 	Sound  started
663.8281 	DATA 	Keypress: rctrl
663.9260 	EXP 	Sound  started
664.5802 	DATA 	Keypress: rctrl
664.6760 	EXP 	Sound  started
665.2842 	DATA 	Keypress: rctrl
665.4260 	EXP 	Sound  started
666.0841 	DATA 	Keypress: rctrl
666.1760 	EXP 	Sound  started
666.8201 	DATA 	Keypress: rctrl
666.9260 	EXP 	Sound  started
667.5241 	DATA 	Keypress: rctrl
667.6760 	EXP 	Sound  started
668.2121 	DATA 	Keypress: rctrl
668.4260 	EXP 	Sound  started
668.9802 	DATA 	Keypress: rctrl
669.1761 	EXP 	Sound  started
669.7802 	DATA 	Keypress: lctrl
669.9261 	EXP 	Sound  started
670.4841 	DATA 	Keypress: lctrl
670.6761 	EXP 	Sound  started
671.3322 	DATA 	Keypress: lctrl
672.7293 	DATA 	Keypress: 2
672.7458 	EXP 	unnamed ShapeStim: vertices = <class 'numpy.ndarray'>
676.0152 	DATA 	Keypress: 1
676.0318 	EXP 	unnamed ShapeStim: vertices = <class 'numpy.ndarray'>
678.5506 	DATA 	Keypress: 2
678.5672 	EXP 	unnamed ShapeStim: vertices = <class 'numpy.ndarray'>
680.8519 	EXP 	Sound  started
680.9962 	DATA 	Keypress: lctrl
681.5241 	DATA 	Keypress: lctrl
681.6017 	EXP 	Sound  started
682.2122 	DATA 	Keypress: lctrl
682.3517 	EXP 	Sound  started
682.9321 	DATA 	Keypress: lctrl
683.1017 	EXP 	Sound  started
683.7642 	DATA 	Keypress: lctrl
683.8517 	EXP 	Sound  started
684.6018 	EXP 	Sound  started
684.6121 	DATA 	Keypress: lctrl
685.3518 	EXP 	Sound  started
685.8121 	DATA 	Keypress: lctrl
686.1018 	EXP 	Sound  started
686.7241 	DATA 	Keypress: lctrl
686.8518 	EXP 	Sound  started
687.6018 	EXP 	Sound  started
687.6680 	DATA 	Keypress: lctrl
688.3518 	EXP 	Sound  started
688.3561 	DATA 	Keypress: lctrl
689.0761 	DATA 	Keypress: lctrl
689.1018 	EXP 	Sound  started
689.8122 	DATA 	Keypress: rctrl
689.8519 	EXP 	Sound  started
690.5481 	DATA 	Keypress: rctrl
690.6019 	EXP 	Sound  started
691.2521 	DATA 	Keypress: rctrl
691.3519 	EXP 	Sound  started
692.0361 	DATA 	Keypress: rctrl
692.1019 	EXP 	Sound  started
692.7081 	DATA 	Keypress: rctrl
692.8519 	EXP 	Sound  started
693.4921 	DATA 	Keypress: rctrl
693.6019 	EXP 	Sound  started
694.2281 	DATA 	Keypress: rctrl
694.3519 	EXP 	Sound  started
695.0121 	DATA 	Keypress: rctrl
695.1020 	EXP 	Sound  started
695.7801 	DATA 	Keypress: rctrl
695.8520 	EXP 	Sound  started
696.4361 	DATA 	Keypress: rctrl
696.6020 	EXP 	Sound  started
697.2361 	DATA 	Keypress: rctrl
697.3520 	EXP 	Sound  started
697.9882 	DATA 	Keypress: rctrl
698.1020 	EXP 	Sound  started
698.7562 	DATA 	Keypress: rctrl
698.8520 	EXP 	Sound  started
699.4282 	DATA 	Keypress: rctrl
699.6020 	EXP 	Sound  started
700.1480 	DATA 	Keypress: rctrl
700.3521 	EXP 	Sound  started
700.9480 	DATA 	Keypress: rctrl
701.1021 	EXP 	Sound  started
701.7160 	DATA 	Keypress: rctrl
701.8521 	EXP 	Sound  started
702.5000 	DATA 	Keypress: rctrl
702.6021 	EXP 	Sound  started
703.2521 	DATA 	Keypress: rctrl
703.3521 	EXP 	Sound  started
704.0840 	DATA 	Keypress: rctrl
704.1021 	EXP 	Sound  started
704.8521 	EXP 	Sound  started
704.8682 	DATA 	Keypress: rctrl
705.6021 	EXP 	Sound  started
705.7002 	DATA 	Keypress: rctrl
706.3521 	EXP 	Sound  started
706.3720 	DATA 	Keypress: rctrl
707.0761 	DATA 	Keypress: lctrl
707.1022 	EXP 	Sound  started
707.8441 	DATA 	Keypress: lctrl
707.8522 	EXP 	Sound  started
708.5160 	DATA 	Keypress: rctrl
708.6022 	EXP 	Sound  started
709.2360 	DATA 	Keypress: rctrl
709.3522 	EXP 	Sound  started
709.9562 	DATA 	Keypress: lctrl
710.1022 	EXP 	Sound  started
710.7560 	DATA 	Keypress: lctrl
710.8522 	EXP 	Sound  started
711.4921 	DATA 	Keypress: rctrl
711.6022 	EXP 	Sound  started
712.1801 	DATA 	Keypress: rctrl
712.3523 	EXP 	Sound  started
713.0281 	DATA 	Keypress: rctrl
713.1023 	EXP 	Sound  started
713.7161 	DATA 	Keypress: rctrl
713.8523 	EXP 	Sound  started
714.4681 	DATA 	Keypress: rctrl
714.6023 	EXP 	Sound  started
715.1880 	DATA 	Keypress: lctrl
715.3523 	EXP 	Sound  started
715.9401 	DATA 	Keypress: lctrl
716.1023 	EXP 	Sound  started
716.7401 	DATA 	Keypress: rctrl
716.8523 	EXP 	Sound  started
717.4920 	DATA 	Keypress: rctrl
717.6024 	EXP 	Sound  started
718.3081 	DATA 	Keypress: rctrl
718.3524 	EXP 	Sound  started
719.0121 	DATA 	Keypress: rctrl
719.1024 	EXP 	Sound  started
719.6521 	DATA 	Keypress: lctrl
719.8524 	EXP 	Sound  started
720.4521 	DATA 	Keypress: lctrl
720.6024 	EXP 	Sound  started
721.2041 	DATA 	Keypress: lctrl
721.3524 	EXP 	Sound  started
722.0361 	DATA 	Keypress: lctrl
723.9916 	DATA 	Keypress: 3
724.0211 	EXP 	unnamed ShapeStim: vertices = <class 'numpy.ndarray'>
726.4232 	DATA 	Keypress: 2
726.4397 	EXP 	unnamed ShapeStim: vertices = <class 'numpy.ndarray'>
729.1927 	DATA 	Keypress: 3
729.2091 	EXP 	unnamed ShapeStim: vertices = <class 'numpy.ndarray'>
731.4935 	EXP 	Sound  started
731.5561 	DATA 	Keypress: rctrl
732.1801 	DATA 	Keypress: rctrl
732.2434 	EXP 	Sound  started
732.8840 	DATA 	Keypress: rctrl
732.9934 	EXP 	Sound  started
733.6201 	DATA 	Keypress: rctrl
733.7434 	EXP 	Sound  started
734.3561 	DATA 	Keypress: rctrl
734.4934 	EXP 	Sound  started
735.0921 	DATA 	Keypress: lctrl
735.2434 	EXP 	Sound  started
735.8441 	DATA 	Keypress: lctrl
735.9935 	EXP 	Sound  started
736.6280 	DATA 	Keypress: lctrl
736.7435 	EXP 	Sound  started
737.3001 	DATA 	Keypress: lctrl
737.4935 	EXP 	Sound  started
738.1002 	DATA 	Keypress: lctrl
738.2435 	EXP 	Sound  started
738.8361 	DATA 	Keypress: lctrl
738.9935 	EXP 	Sound  started
739.5880 	DATA 	Keypress: lctrl
739.7435 	EXP 	Sound  started
740.3400 	DATA 	Keypress: lctrl
740.4935 	EXP 	Sound  started
741.0921 	DATA 	Keypress: lctrl
741.2435 	EXP 	Sound  started
741.7960 	DATA 	Keypress: lctrl
741.9936 	EXP 	Sound  started
742.5960 	DATA 	Keypress: lctrl
742.7436 	EXP 	Sound  started
743.3640 	DATA 	Keypress: lctrl
743.4936 	EXP 	Sound  started
744.0521 	DATA 	Keypress: lctrl
744.2436 	EXP 	Sound  started
744.8361 	DATA 	Keypress: lctrl
744.9936 	EXP 	Sound  started
745.6042 	DATA 	Keypress: lctrl
745.7436 	EXP 	Sound  started
746.3881 	DATA 	Keypress: rctrl
746.4937 	EXP 	Sound  started
747.1241 	DATA 	Keypress: rctrl
747.2437 	EXP 	Sound  started
747.8760 	DATA 	Keypress: rctrl
747.9937 	EXP 	Sound  started
748.6281 	DATA 	Keypress: rctrl
748.7437 	EXP 	Sound  started
749.0760 	DATA 	Keypress: lctrl
749.4937 	EXP 	Sound  started
750.0201 	DATA 	Keypress: lctrl
750.2437 	EXP 	Sound  started
750.7880 	DATA 	Keypress: lctrl
750.9937 	EXP 	Sound  started
751.3801 	DATA 	Keypress: lctrl
751.7437 	EXP 	Sound  started
752.4841 	DATA 	Keypress: lctrl
752.4937 	EXP 	Sound  started
753.2438 	EXP 	Sound  started
753.3641 	DATA 	Keypress: lctrl
753.9938 	EXP 	Sound  started
754.2761 	DATA 	Keypress: lctrl
754.7438 	EXP 	Sound  started
754.8840 	DATA 	Keypress: lctrl
755.4938 	EXP 	Sound  started
755.5240 	DATA 	Keypress: lctrl
756.2438 	EXP 	Sound  started
756.6281 	DATA 	Keypress: lctrl
756.9938 	EXP 	Sound  started
757.0121 	DATA 	Keypress: lctrl
757.7322 	DATA 	Keypress: lctrl
757.7439 	EXP 	Sound  started
758.4040 	DATA 	Keypress: lctrl
758.4938 	EXP 	Sound  started
759.1240 	DATA 	Keypress: rctrl
759.2439 	EXP 	Sound  started
759.9240 	DATA 	Keypress: rctrl
759.9939 	EXP 	Sound  started
760.5801 	DATA 	Keypress: rctrl
760.7439 	EXP 	Sound  started
761.3160 	DATA 	Keypress: rctrl
761.4939 	EXP 	Sound  started
762.0040 	DATA 	Keypress: rctrl
762.2439 	EXP 	Sound  started
762.7400 	DATA 	Keypress: rctrl
762.9939 	EXP 	Sound  started
763.5400 	DATA 	Keypress: rctrl
763.7439 	EXP 	Sound  started
764.2601 	DATA 	Keypress: rctrl
764.4940 	EXP 	Sound  started
765.0121 	DATA 	Keypress: rctrl
765.2440 	EXP 	Sound  started
765.7800 	DATA 	Keypress: rctrl
765.9940 	EXP 	Sound  started
766.5320 	DATA 	Keypress: rctrl
766.7440 	EXP 	Sound  started
767.2520 	DATA 	Keypress: rctrl
767.4940 	EXP 	Sound  started
768.0360 	DATA 	Keypress: rctrl
768.2440 	EXP 	Sound  started
768.8362 	DATA 	Keypress: rctrl
768.9940 	EXP 	Sound  started
769.6360 	DATA 	Keypress: rctrl
769.7441 	EXP 	Sound  started
770.3400 	DATA 	Keypress: rctrl
770.4941 	EXP 	Sound  started
771.0440 	DATA 	Keypress: rctrl
771.2441 	EXP 	Sound  started
771.7641 	DATA 	Keypress: rctrl
771.9941 	EXP 	Sound  started
772.5001 	DATA 	Keypress: rctrl
772.7441 	EXP 	Sound  started
773.3002 	DATA 	Keypress: rctrl
773.4941 	EXP 	Sound  started
774.0360 	DATA 	Keypress: rctrl
774.2441 	EXP 	Sound  started
774.6920 	DATA 	Keypress: rctrl
774.9941 	EXP 	Sound  started
775.5401 	DATA 	Keypress: rctrl
775.7442 	EXP 	Sound  started
776.2760 	DATA 	Keypress: rctrl
776.4942 	EXP 	Sound  started
777.0601 	DATA 	Keypress: rctrl
777.2442 	EXP 	Sound  started
777.7800 	DATA 	Keypress: rctrl
777.9942 	EXP 	Sound  started
778.5960 	DATA 	Keypress: lctrl
778.7442 	EXP 	Sound  started
779.3481 	DATA 	Keypress: lctrl
779.4942 	EXP 	Sound  started
780.1160 	DATA 	Keypress: lctrl
780.2444 	EXP 	Sound  started
780.9944 	EXP 	Sound  started
780.9961 	DATA 	Keypress: lctrl
781.6840 	DATA 	Keypress: lctrl
781.7444 	EXP 	Sound  started
782.4680 	DATA 	Keypress: lctrl
784.1371 	DATA 	Keypress: 2
784.1536 	EXP 	unnamed ShapeStim: vertices = <class 'numpy.ndarray'>
786.5395 	DATA 	Keypress: 4
786.5561 	EXP 	unnamed ShapeStim: vertices = <class 'numpy.ndarray'>
788.5246 	DATA 	Keypress: 2
788.5411 	EXP 	unnamed ShapeStim: vertices = <class 'numpy.ndarray'>
790.8262 	EXP 	Sound  started
790.9801 	DATA 	Keypress: rctrl
791.5560 	DATA 	Keypress: rctrl
791.5761 	EXP 	Sound  started
792.2440 	DATA 	Keypress: rctrl
792.3261 	EXP 	Sound  started
792.9480 	DATA 	Keypress: rctrl
793.0762 	EXP 	Sound  started
793.7000 	DATA 	Keypress: rctrl
793.8262 	EXP 	Sound  started
794.4200 	DATA 	Keypress: rctrl
794.5762 	EXP 	Sound  started
795.1880 	DATA 	Keypress: rctrl
795.3262 	EXP 	Sound  started
795.9401 	DATA 	Keypress: rctrl
796.0763 	EXP 	Sound  started
796.6920 	DATA 	Keypress: rctrl
796.8263 	EXP 	Sound  started
797.3480 	DATA 	Keypress: rctrl
797.5763 	EXP 	Sound  started
798.1640 	DATA 	Keypress: rctrl
798.3263 	EXP 	Sound  started
798.8841 	DATA 	Keypress: rctrl
799.0763 	EXP 	Sound  started
799.5400 	DATA 	Keypress: lctrl
799.8263 	EXP 	Sound  started
800.4041 	DATA 	Keypress: lctrl
800.5763 	EXP 	Sound  started
801.1720 	DATA 	Keypress: lctrl
801.3263 	EXP 	Sound  started
801.8920 	DATA 	Keypress: lctrl
802.0764 	EXP 	Sound  started
802.6600 	DATA 	Keypress: lctrl
802.8264 	EXP 	Sound  started
803.3960 	DATA 	Keypress: lctrl
803.5764 	EXP 	Sound  started
804.1640 	DATA 	Keypress: lctrl
804.3264 	EXP 	Sound  started
804.8360 	DATA 	Keypress: lctrl
805.0764 	EXP 	Sound  started
805.7161 	DATA 	Keypress: rctrl
805.8265 	EXP 	Sound  started
806.5481 	DATA 	Keypress: rctrl
806.5765 	EXP 	Sound  started
807.3000 	DATA 	Keypress: rctrl
807.3265 	EXP 	Sound  started
807.9560 	DATA 	Keypress: rctrl
808.0765 	EXP 	Sound  started
808.7240 	DATA 	Keypress: rctrl
808.8265 	EXP 	Sound  started
809.4760 	DATA 	Keypress: rctrl
809.5765 	EXP 	Sound  started
810.2121 	DATA 	Keypress: rctrl
810.3265 	EXP 	Sound  started
810.9320 	DATA 	Keypress: rctrl
811.0765 	EXP 	Sound  started
811.7160 	DATA 	Keypress: rctrl
811.8265 	EXP 	Sound  started
812.5000 	DATA 	Keypress: lctrl
812.5766 	EXP 	Sound  started
813.2521 	DATA 	Keypress: lctrl
813.3266 	EXP 	Sound  started
813.9720 	DATA 	Keypress: lctrl
814.0766 	EXP 	Sound  started
814.6760 	DATA 	Keypress: lctrl
814.8266 	EXP 	Sound  started
815.4600 	DATA 	Keypress: lctrl
815.5766 	EXP 	Sound  started
816.2440 	DATA 	Keypress: lctrl
816.3266 	EXP 	Sound  started
817.0120 	DATA 	Keypress: rctrl
817.0766 	EXP 	Sound  started
817.7801 	DATA 	Keypress: rctrl
817.8267 	EXP 	Sound  started
818.4521 	DATA 	Keypress: rctrl
818.5767 	EXP 	Sound  started
819.1400 	DATA 	Keypress: rctrl
819.3267 	EXP 	Sound  started
819.7320 	DATA 	Keypress: rctrl
820.0767 	EXP 	Sound  started
820.7080 	DATA 	Keypress: rctrl
820.8267 	EXP 	Sound  started
821.4760 	DATA 	Keypress: rctrl
821.5767 	EXP 	Sound  started
822.2120 	DATA 	Keypress: rctrl
822.3267 	EXP 	Sound  started
822.9160 	DATA 	Keypress: rctrl
823.0768 	EXP 	Sound  started
823.6841 	DATA 	Keypress: rctrl
823.8268 	EXP 	Sound  started
824.4360 	DATA 	Keypress: rctrl
824.5768 	EXP 	Sound  started
825.2040 	DATA 	Keypress: rctrl
825.3268 	EXP 	Sound  started
825.9401 	DATA 	Keypress: rctrl
826.0768 	EXP 	Sound  started
826.6760 	DATA 	Keypress: lctrl
826.8268 	EXP 	Sound  started
827.2520 	DATA 	Keypress: lctrl
827.5768 	EXP 	Sound  started
828.2120 	DATA 	Keypress: lctrl
828.3268 	EXP 	Sound  started
828.9000 	DATA 	Keypress: lctrl
829.0769 	EXP 	Sound  started
829.6360 	DATA 	Keypress: lctrl
829.8269 	EXP 	Sound  started
830.4680 	DATA 	Keypress: lctrl
830.5769 	EXP 	Sound  started
831.2360 	DATA 	Keypress: lctrl
831.3269 	EXP 	Sound  started
832.0040 	DATA 	Keypress: lctrl
832.0769 	EXP 	Sound  started
832.7399 	DATA 	Keypress: lctrl
832.8269 	EXP 	Sound  started
833.5559 	DATA 	Keypress: lctrl
833.5769 	EXP 	Sound  started
834.2279 	DATA 	Keypress: rctrl
834.3269 	EXP 	Sound  started
834.9799 	DATA 	Keypress: rctrl
835.0770 	EXP 	Sound  started
835.6840 	DATA 	Keypress: rctrl
835.8270 	EXP 	Sound  started
836.3400 	DATA 	Keypress: rctrl
836.5770 	EXP 	Sound  started
837.2361 	DATA 	Keypress: rctrl
837.3270 	EXP 	Sound  started
837.9240 	DATA 	Keypress: rctrl
838.0770 	EXP 	Sound  started
838.7720 	DATA 	Keypress: rctrl
838.8270 	EXP 	Sound  started
839.4599 	DATA 	Keypress: rctrl
839.5770 	EXP 	Sound  started
840.1960 	DATA 	Keypress: rctrl
840.3271 	EXP 	Sound  started
840.9800 	DATA 	Keypress: rctrl
841.0771 	EXP 	Sound  started
841.6519 	DATA 	Keypress: rctrl
841.8271 	EXP 	Sound  started
842.3880 	DATA 	Keypress: rctrl
842.5771 	EXP 	Sound  started
843.0761 	DATA 	Keypress: rctrl
843.3271 	EXP 	Sound  started
843.8920 	DATA 	Keypress: lctrl
844.0771 	EXP 	Sound  started
844.6920 	DATA 	Keypress: lctrl
844.8271 	EXP 	Sound  started
845.4600 	DATA 	Keypress: lctrl
845.5772 	EXP 	Sound  started
846.2280 	DATA 	Keypress: rctrl
846.3272 	EXP 	Sound  started
846.8520 	DATA 	Keypress: rctrl
847.0772 	EXP 	Sound  started
847.6520 	DATA 	Keypress: lctrl
847.8272 	EXP 	Sound  started
848.4519 	DATA 	Keypress: lctrl
848.5772 	EXP 	Sound  started
849.2040 	DATA 	Keypress: rctrl
849.3272 	EXP 	Sound  started
849.9239 	DATA 	Keypress: rctrl
851.8927 	DATA 	Keypress: 1
851.9091 	EXP 	unnamed ShapeStim: vertices = <class 'numpy.ndarray'>
854.2153 	DATA 	Keypress: 3
854.2449 	EXP 	unnamed ShapeStim: vertices = <class 'numpy.ndarray'>
855.9965 	DATA 	Keypress: 1
856.0130 	EXP 	unnamed ShapeStim: vertices = <class 'numpy.ndarray'>
858.3031 	DATA 	Keypress: rctrl
873.4281 	DATA 	Keypress: escape
873.5015 	EXP 	window1: mouseVisible = True
