321.0993 	WARNING 	User requested fullscreen with size [1024  768], but screen is actually [1920, 1200]. Using actual size
321.8853 	EXP 	Created window1 = Window(allowGUI=False, allowStencil=False, autoLog=True, backendConf=UNKNOWN, bitsMode=UNKNOWN, blendMode='avg', bpc=(8, 8, 8), color=array([0, 0, 0]), colorSpace='rgb', depthBits=8, fullscr=<method-wrapper '__getattribute__' of attributeSetter object at 0x0000022590137780>, gamma=None, gammaErrorPolicy='raise', lms=UNKNOWN, monitor=<psychopy.monitors.calibTools.Monitor object at 0x00000225918B4080>, multiSample=False, name='window1', numSamples=2, pos=[0.0, 0.0], screen=0, size=array([1920, 1200]), stencilBits=0, stereo=False, units='norm', useFBO=True, useRetina=False, viewOri=0.0, viewPos=None, viewScale=None, waitBlanking=True, winType='pyglet')
321.8857 	EXP 	window1: mouseVisible = True
321.8857 	EXP 	window1: mouseVisible = False
321.8858 	EXP 	window1: recordFrameIntervals = False
322.0518 	EXP 	window1: recordFrameIntervals = True
322.2355 	EXP 	window1: recordFrameIntervals = False
322.2908 	EXP 	Created text = TextStim(__class__=<class 'psychopy.visual.text.TextStim'>, alignHoriz=method-wrapper(...), alignText='center', alignVert=method-wrapper(...), anchorHoriz='center', anchorVert='center', antialias=True, autoLog=True, bold=False, color=array([1., 1., 1.]), colorSpace='rgb', contrast=1.0, depth=0.0, flipHoriz=False, flipVert=False, font='Arial', fontFiles=[], height=0.15, italic=False, languageStyle='LTR', name='text', opacity=1, ori=0, pos=array([0., 0.]), rgb=UNKNOWN, text='+', units='norm', win=Window(...), wrapWidth=1)
322.3127 	EXP 	Created text = TextStim(__class__=<class 'psychopy.visual.text.TextStim'>, alignHoriz=method-wrapper(...), alignText='center', alignVert=method-wrapper(...), anchorHoriz='center', anchorVert='center', antialias=True, autoLog=True, bold=False, color=array([1., 1., 1.]), colorSpace='rgb', contrast=1.0, depth=0.0, flipHoriz=False, flipVert=False, font='Arial', fontFiles=[], height=0.07, italic=False, languageStyle='LTR', name='text', opacity=1, ori=0, pos=array([0., 0.]), rgb=UNKNOWN, text=str(...), units='norm', win=Window(...), wrapWidth=1.65)
322.3222 	EXP 	Created text = TextStim(__class__=<class 'psychopy.visual.text.TextStim'>, alignHoriz=method-wrapper(...), alignText='center', alignVert=method-wrapper(...), anchorHoriz='center', anchorVert='center', antialias=True, autoLog=True, bold=False, color=array([1., 1., 1.]), colorSpace='rgb', contrast=1.0, depth=0.0, flipHoriz=False, flipVert=False, font='Arial', fontFiles=[], height=0.07, italic=False, languageStyle='LTR', name='text', opacity=1, ori=0, pos=array([0., 0.]), rgb=UNKNOWN, text=str(...), units='norm', win=Window(...), wrapWidth=1.65)
322.3315 	EXP 	Created text = TextStim(__class__=<class 'psychopy.visual.text.TextStim'>, alignHoriz=method-wrapper(...), alignText='center', alignVert=method-wrapper(...), anchorHoriz='center', anchorVert='center', antialias=True, autoLog=True, bold=False, color=array([1., 1., 1.]), colorSpace='rgb', contrast=1.0, depth=0.0, flipHoriz=False, flipVert=False, font='Arial', fontFiles=[], height=0.07, italic=False, languageStyle='LTR', name='text', opacity=1, ori=0, pos=array([0., 0.]), rgb=UNKNOWN, text=str(...), units='norm', win=Window(...), wrapWidth=1.65)
322.3415 	EXP 	Created text = TextStim(__class__=<class 'psychopy.visual.text.TextStim'>, alignHoriz=method-wrapper(...), alignText='center', alignVert=method-wrapper(...), anchorHoriz='center', anchorVert='center', antialias=True, autoLog=True, bold=False, color=array([1., 1., 1.]), colorSpace='rgb', contrast=1.0, depth=0.0, flipHoriz=False, flipVert=False, font='Arial', fontFiles=[], height=0.07, italic=False, languageStyle='LTR', name='text', opacity=1, ori=0, pos=array([0., 0.]), rgb=UNKNOWN, text=str(...), units='norm', win=Window(...), wrapWidth=1.65)
322.3472 	EXP 	Created text = TextStim(__class__=<class 'psychopy.visual.text.TextStim'>, alignHoriz=method-wrapper(...), alignText='center', alignVert=method-wrapper(...), anchorHoriz='center', anchorVert='center', antialias=True, autoLog=True, bold=False, color=array([1., 1., 1.]), colorSpace='rgb', contrast=1.0, depth=0.0, flipHoriz=False, flipVert=False, font='Arial', fontFiles=[], height=0.07, italic=False, languageStyle='LTR', name='text', opacity=1, ori=0, pos=array([0., 0.]), rgb=UNKNOWN, text=str(...), units='norm', win=Window(...), wrapWidth=1.65)
322.3603 	EXP 	Created text = TextStim(__class__=<class 'psychopy.visual.text.TextStim'>, alignHoriz=method-wrapper(...), alignText='center', alignVert=method-wrapper(...), anchorHoriz='center', anchorVert='center', antialias=True, autoLog=True, bold=False, color=array([1., 1., 1.]), colorSpace='rgb', contrast=1.0, depth=0.0, flipHoriz=False, flipVert=False, font='Arial', fontFiles=[], height=0.15, italic=False, languageStyle='LTR', name='text', opacity=1, ori=0, pos=array([0., 0.]), rgb=UNKNOWN, text=str(...), units='norm', win=Window(...), wrapWidth=1.65)
322.3887 	EXP 	Created text = TextStim(__class__=<class 'psychopy.visual.text.TextStim'>, alignHoriz=method-wrapper(...), alignText='center', alignVert=method-wrapper(...), anchorHoriz='center', anchorVert='center', antialias=True, autoLog=True, bold=False, color=array([1., 1., 1.]), colorSpace='rgb', contrast=1.0, depth=0.0, flipHoriz=False, flipVert=False, font='Arial', fontFiles=[], height=0.07, italic=False, languageStyle='LTR', name='text', opacity=1, ori=0, pos=array([0., 0.]), rgb=UNKNOWN, text=str(...), units='norm', win=Window(...), wrapWidth=1.65)
322.4100 	EXP 	Created text = TextStim(__class__=<class 'psychopy.visual.text.TextStim'>, alignHoriz=method-wrapper(...), alignText='center', alignVert=method-wrapper(...), anchorHoriz='center', anchorVert='center', antialias=True, autoLog=True, bold=False, color=array([1., 1., 1.]), colorSpace='rgb', contrast=1.0, depth=0.0, flipHoriz=False, flipVert=False, font='Arial', fontFiles=[], height=0.07, italic=False, languageStyle='LTR', name='text', opacity=1, ori=0, pos=array([0., 0.]), rgb=UNKNOWN, text=str(...), units='norm', win=Window(...), wrapWidth=1.65)
322.4391 	EXP 	Created text = TextStim(__class__=<class 'psychopy.visual.text.TextStim'>, alignHoriz=method-wrapper(...), alignText='center', alignVert=method-wrapper(...), anchorHoriz='center', anchorVert='center', antialias=True, autoLog=True, bold=False, color=array([1., 1., 1.]), colorSpace='rgb', contrast=1.0, depth=0.0, flipHoriz=False, flipVert=False, font='Arial', fontFiles=[], height=0.07, italic=False, languageStyle='LTR', name='text', opacity=1, ori=0, pos=array([0., 0.]), rgb=UNKNOWN, text=str(...), units='norm', win=Window(...), wrapWidth=1.65)
322.4629 	EXP 	Created text = TextStim(__class__=<class 'psychopy.visual.text.TextStim'>, alignHoriz=method-wrapper(...), alignText='center', alignVert=method-wrapper(...), anchorHoriz='center', anchorVert='center', antialias=True, autoLog=True, bold=False, color=array([1., 1., 1.]), colorSpace='rgb', contrast=1.0, depth=0.0, flipHoriz=False, flipVert=False, font='Arial', fontFiles=[], height=0.07, italic=False, languageStyle='LTR', name='text', opacity=1, ori=0, pos=array([0., 0.]), rgb=UNKNOWN, text=str(...), units='norm', win=Window(...), wrapWidth=1.65)
322.4917 	EXP 	Created text = TextStim(__class__=<class 'psychopy.visual.text.TextStim'>, alignHoriz=method-wrapper(...), alignText='center', alignVert=method-wrapper(...), anchorHoriz='center', anchorVert='center', antialias=True, autoLog=True, bold=False, color=array([1., 1., 1.]), colorSpace='rgb', contrast=1.0, depth=0.0, flipHoriz=False, flipVert=False, font='Arial', fontFiles=[], height=0.07, italic=False, languageStyle='LTR', name='text', opacity=1, ori=0, pos=array([0., 0.]), rgb=UNKNOWN, text=str(...), units='norm', win=Window(...), wrapWidth=1.65)
322.5019 	EXP 	Created text = TextStim(__class__=<class 'psychopy.visual.text.TextStim'>, alignHoriz=method-wrapper(...), alignText='center', alignVert=method-wrapper(...), anchorHoriz='center', anchorVert='center', antialias=True, autoLog=True, bold=False, color=array([1., 1., 1.]), colorSpace='rgb', contrast=1.0, depth=0.0, flipHoriz=False, flipVert=False, font='Arial', fontFiles=[], height=0.07, italic=False, languageStyle='LTR', name='text', opacity=1, ori=0, pos=array([0., 0.]), rgb=UNKNOWN, text=str(...), units='norm', win=Window(...), wrapWidth=1.65)
322.5139 	EXP 	Created text = TextStim(__class__=<class 'psychopy.visual.text.TextStim'>, alignHoriz=method-wrapper(...), alignText='center', alignVert=method-wrapper(...), anchorHoriz='center', anchorVert='center', antialias=True, autoLog=True, bold=False, color=array([1., 1., 1.]), colorSpace='rgb', contrast=1.0, depth=0.0, flipHoriz=False, flipVert=False, font='Arial', fontFiles=[], height=0.07, italic=False, languageStyle='LTR', name='text', opacity=1, ori=0, pos=array([0., 0.]), rgb=UNKNOWN, text=str(...), units='norm', win=Window(...), wrapWidth=1.65)
322.5182 	EXP 	Created instru = TextStim(__class__=<class 'psychopy.visual.text.TextStim'>, alignHoriz=method-wrapper(...), alignText='center', alignVert=method-wrapper(...), anchorHoriz='center', anchorVert='center', antialias=True, autoLog=True, bold=False, color=array([1., 1., 1.]), colorSpace='rgb', contrast=1.0, depth=0.0, flipHoriz=False, flipVert=False, font='Arial', fontFiles=[], height=0.07, italic=False, languageStyle='LTR', name='instru', opacity=1, ori=0, pos=array([0. , 0.5]), rgb=UNKNOWN, text=str(...), units='norm', win=Window(...), wrapWidth=1)
322.5206 	EXP 	Created unnamed Line = Line(__class__=<class 'psychopy.visual.line.Line'>, autoDraw=False, autoLog=True, closeShape=False, color=array([1., 1., 1.]), colorSpace='rgb', contrast=None, depth=0, fillColor=array([0, 0, 0]), fillColorSpace='rgb', fillRGB=array([0, 0, 0]), interpolate=True, lineColor=array([1., 1., 1.]), lineColorSpace='rgb', lineRGB=array([1, 1, 1]), lineWidth=5, name='unnamed Line', opacity=0.5, ori=0.0, pos=array([0., 0.]), size=array([1., 1.]), units='norm', vertices=array([[-0.5,  0. ],
       [ 0.5,  0. ]]), win=Window(...), windingRule=None)
322.5228 	EXP 	Created unnamed Line = Line(__class__=<class 'psychopy.visual.line.Line'>, autoDraw=False, autoLog=True, closeShape=False, color=array([1., 1., 1.]), colorSpace='rgb', contrast=None, depth=0, fillColor=array([0, 0, 0]), fillColorSpace='rgb', fillRGB=array([0, 0, 0]), interpolate=True, lineColor=array([1., 1., 1.]), lineColorSpace='rgb', lineRGB=array([1, 1, 1]), lineWidth=3, name='unnamed Line', opacity=0.5, ori=0.0, pos=array([0., 0.]), size=array([1., 1.]), units='norm', vertices=array([[-0.5 , -0.05],
       [-0.5 ,  0.05]]), win=Window(...), windingRule=None)
322.5247 	EXP 	Created unnamed Line = Line(__class__=<class 'psychopy.visual.line.Line'>, autoDraw=False, autoLog=True, closeShape=False, color=array([1., 1., 1.]), colorSpace='rgb', contrast=None, depth=0, fillColor=array([0, 0, 0]), fillColorSpace='rgb', fillRGB=array([0, 0, 0]), interpolate=True, lineColor=array([1., 1., 1.]), lineColorSpace='rgb', lineRGB=array([1, 1, 1]), lineWidth=3, name='unnamed Line', opacity=0.5, ori=0.0, pos=array([0., 0.]), size=array([1., 1.]), units='norm', vertices=ndarray(...), win=Window(...), windingRule=None)
322.5267 	EXP 	Created unnamed Line = Line(__class__=<class 'psychopy.visual.line.Line'>, autoDraw=False, autoLog=True, closeShape=False, color=array([1., 1., 1.]), colorSpace='rgb', contrast=None, depth=0, fillColor=array([0, 0, 0]), fillColorSpace='rgb', fillRGB=array([0, 0, 0]), interpolate=True, lineColor=array([1., 1., 1.]), lineColorSpace='rgb', lineRGB=array([1, 1, 1]), lineWidth=3, name='unnamed Line', opacity=0.5, ori=0.0, pos=array([0., 0.]), size=array([1., 1.]), units='norm', vertices=ndarray(...), win=Window(...), windingRule=None)
322.5287 	EXP 	Created unnamed Line = Line(__class__=<class 'psychopy.visual.line.Line'>, autoDraw=False, autoLog=True, closeShape=False, color=array([1., 1., 1.]), colorSpace='rgb', contrast=None, depth=0, fillColor=array([0, 0, 0]), fillColorSpace='rgb', fillRGB=array([0, 0, 0]), interpolate=True, lineColor=array([1., 1., 1.]), lineColorSpace='rgb', lineRGB=array([1, 1, 1]), lineWidth=3, name='unnamed Line', opacity=0.5, ori=0.0, pos=array([0., 0.]), size=array([1., 1.]), units='norm', vertices=array([[ 0.5 , -0.05],
       [ 0.5 ,  0.05]]), win=Window(...), windingRule=None)
322.5416 	EXP 	Created unnamed TextStim = TextStim(__class__=<class 'psychopy.visual.text.TextStim'>, alignHoriz=method-wrapper(...), alignText='center', alignVert=method-wrapper(...), anchorHoriz='center', anchorVert='center', antialias=True, autoLog=True, bold=False, color=array([1., 1., 1.]), colorSpace='rgb', contrast=1.0, depth=0, flipHoriz=False, flipVert=False, font='', fontFiles=[], height=0.05, italic=False, languageStyle='LTR', name='unnamed TextStim', opacity=1.0, ori=0.0, pos=array([-0.5, -0.1]), rgb=UNKNOWN, text='Helt klart \n IKKE FOKUSERT', units='norm', win=Window(...), wrapWidth=1)
322.5427 	EXP 	Created unnamed TextStim = TextStim(__class__=<class 'psychopy.visual.text.TextStim'>, alignHoriz=method-wrapper(...), alignText='center', alignVert=method-wrapper(...), anchorHoriz='center', anchorVert='center', antialias=True, autoLog=True, bold=False, color=array([1., 1., 1.]), colorSpace='rgb', contrast=1.0, depth=0, flipHoriz=False, flipVert=False, font='', fontFiles=[], height=0.05, italic=False, languageStyle='LTR', name='unnamed TextStim', opacity=1.0, ori=0.0, pos=array([-0.16666667, -0.1       ]), rgb=UNKNOWN, text='', units='norm', win=Window(...), wrapWidth=1)
322.5438 	EXP 	Created unnamed TextStim = TextStim(__class__=<class 'psychopy.visual.text.TextStim'>, alignHoriz=method-wrapper(...), alignText='center', alignVert=method-wrapper(...), anchorHoriz='center', anchorVert='center', antialias=True, autoLog=True, bold=False, color=array([1., 1., 1.]), colorSpace='rgb', contrast=1.0, depth=0, flipHoriz=False, flipVert=False, font='', fontFiles=[], height=0.05, italic=False, languageStyle='LTR', name='unnamed TextStim', opacity=1.0, ori=0.0, pos=array([ 0.16666667, -0.1       ]), rgb=UNKNOWN, text='', units='norm', win=Window(...), wrapWidth=1)
322.5472 	EXP 	Created unnamed TextStim = TextStim(__class__=<class 'psychopy.visual.text.TextStim'>, alignHoriz=method-wrapper(...), alignText='center', alignVert=method-wrapper(...), anchorHoriz='center', anchorVert='center', antialias=True, autoLog=True, bold=False, color=array([1., 1., 1.]), colorSpace='rgb', contrast=1.0, depth=0, flipHoriz=False, flipVert=False, font='', fontFiles=[], height=0.05, italic=False, languageStyle='LTR', name='unnamed TextStim', opacity=1.0, ori=0.0, pos=array([ 0.5, -0.1]), rgb=UNKNOWN, text='Helt klart \n FOKUSERT', units='norm', win=Window(...), wrapWidth=1)
322.5492 	EXP 	Created unnamed ShapeStim = ShapeStim(__class__=<class 'psychopy.visual.shape.ShapeStim'>, autoDraw=False, autoLog=True, closeShape=True, color=method-wrapper(...), colorSpace='rgb', contrast=None, depth=0, fillColor=array([1, 1, 1]), fillColorSpace='rgb', fillRGB=array([1, 1, 1]), interpolate=True, lineColor=array([-1., -1., -1.]), lineColorSpace='rgb', lineRGB=array([-1, -1, -1]), lineWidth=1.5, name='unnamed ShapeStim', opacity=1.0, ori=0.0, pos=array([0., 0.]), size=array([1., 1.]), units='norm', vertices=ndarray(...), win=Window(...), windingRule=None)
322.5566 	EXP 	Created instru = TextStim(__class__=<class 'psychopy.visual.text.TextStim'>, alignHoriz=method-wrapper(...), alignText='center', alignVert=method-wrapper(...), anchorHoriz='center', anchorVert='center', antialias=True, autoLog=True, bold=False, color=array([1., 1., 1.]), colorSpace='rgb', contrast=1.0, depth=0.0, flipHoriz=False, flipVert=False, font='Arial', fontFiles=[], height=0.07, italic=False, languageStyle='LTR', name='instru', opacity=1, ori=0, pos=array([0. , 0.5]), rgb=UNKNOWN, text=str(...), units='norm', win=Window(...), wrapWidth=1)
322.5586 	EXP 	Created unnamed Line = Line(__class__=<class 'psychopy.visual.line.Line'>, autoDraw=False, autoLog=True, closeShape=False, color=array([1., 1., 1.]), colorSpace='rgb', contrast=None, depth=0, fillColor=array([0, 0, 0]), fillColorSpace='rgb', fillRGB=array([0, 0, 0]), interpolate=True, lineColor=array([1., 1., 1.]), lineColorSpace='rgb', lineRGB=array([1, 1, 1]), lineWidth=5, name='unnamed Line', opacity=0.5, ori=0.0, pos=array([0., 0.]), size=array([1., 1.]), units='norm', vertices=array([[-0.5,  0. ],
       [ 0.5,  0. ]]), win=Window(...), windingRule=None)
322.5606 	EXP 	Created unnamed Line = Line(__class__=<class 'psychopy.visual.line.Line'>, autoDraw=False, autoLog=True, closeShape=False, color=array([1., 1., 1.]), colorSpace='rgb', contrast=None, depth=0, fillColor=array([0, 0, 0]), fillColorSpace='rgb', fillRGB=array([0, 0, 0]), interpolate=True, lineColor=array([1., 1., 1.]), lineColorSpace='rgb', lineRGB=array([1, 1, 1]), lineWidth=3, name='unnamed Line', opacity=0.5, ori=0.0, pos=array([0., 0.]), size=array([1., 1.]), units='norm', vertices=array([[-0.5 , -0.05],
       [-0.5 ,  0.05]]), win=Window(...), windingRule=None)
322.5626 	EXP 	Created unnamed Line = Line(__class__=<class 'psychopy.visual.line.Line'>, autoDraw=False, autoLog=True, closeShape=False, color=array([1., 1., 1.]), colorSpace='rgb', contrast=None, depth=0, fillColor=array([0, 0, 0]), fillColorSpace='rgb', fillRGB=array([0, 0, 0]), interpolate=True, lineColor=array([1., 1., 1.]), lineColorSpace='rgb', lineRGB=array([1, 1, 1]), lineWidth=3, name='unnamed Line', opacity=0.5, ori=0.0, pos=array([0., 0.]), size=array([1., 1.]), units='norm', vertices=ndarray(...), win=Window(...), windingRule=None)
322.5645 	EXP 	Created unnamed Line = Line(__class__=<class 'psychopy.visual.line.Line'>, autoDraw=False, autoLog=True, closeShape=False, color=array([1., 1., 1.]), colorSpace='rgb', contrast=None, depth=0, fillColor=array([0, 0, 0]), fillColorSpace='rgb', fillRGB=array([0, 0, 0]), interpolate=True, lineColor=array([1., 1., 1.]), lineColorSpace='rgb', lineRGB=array([1, 1, 1]), lineWidth=3, name='unnamed Line', opacity=0.5, ori=0.0, pos=array([0., 0.]), size=array([1., 1.]), units='norm', vertices=ndarray(...), win=Window(...), windingRule=None)
322.5665 	EXP 	Created unnamed Line = Line(__class__=<class 'psychopy.visual.line.Line'>, autoDraw=False, autoLog=True, closeShape=False, color=array([1., 1., 1.]), colorSpace='rgb', contrast=None, depth=0, fillColor=array([0, 0, 0]), fillColorSpace='rgb', fillRGB=array([0, 0, 0]), interpolate=True, lineColor=array([1., 1., 1.]), lineColorSpace='rgb', lineRGB=array([1, 1, 1]), lineWidth=3, name='unnamed Line', opacity=0.5, ori=0.0, pos=array([0., 0.]), size=array([1., 1.]), units='norm', vertices=array([[ 0.5 , -0.05],
       [ 0.5 ,  0.05]]), win=Window(...), windingRule=None)
322.5713 	EXP 	Created unnamed TextStim = TextStim(__class__=<class 'psychopy.visual.text.TextStim'>, alignHoriz=method-wrapper(...), alignText='center', alignVert=method-wrapper(...), anchorHoriz='center', anchorVert='center', antialias=True, autoLog=True, bold=False, color=array([1., 1., 1.]), colorSpace='rgb', contrast=1.0, depth=0, flipHoriz=False, flipVert=False, font='', fontFiles=[], height=0.05, italic=False, languageStyle='LTR', name='unnamed TextStim', opacity=1.0, ori=0.0, pos=array([-0.5, -0.1]), rgb=UNKNOWN, text='Helt klart \n INGENTING', units='norm', win=Window(...), wrapWidth=1)
322.5723 	EXP 	Created unnamed TextStim = TextStim(__class__=<class 'psychopy.visual.text.TextStim'>, alignHoriz=method-wrapper(...), alignText='center', alignVert=method-wrapper(...), anchorHoriz='center', anchorVert='center', antialias=True, autoLog=True, bold=False, color=array([1., 1., 1.]), colorSpace='rgb', contrast=1.0, depth=0, flipHoriz=False, flipVert=False, font='', fontFiles=[], height=0.05, italic=False, languageStyle='LTR', name='unnamed TextStim', opacity=1.0, ori=0.0, pos=array([-0.16666667, -0.1       ]), rgb=UNKNOWN, text='', units='norm', win=Window(...), wrapWidth=1)
322.5734 	EXP 	Created unnamed TextStim = TextStim(__class__=<class 'psychopy.visual.text.TextStim'>, alignHoriz=method-wrapper(...), alignText='center', alignVert=method-wrapper(...), anchorHoriz='center', anchorVert='center', antialias=True, autoLog=True, bold=False, color=array([1., 1., 1.]), colorSpace='rgb', contrast=1.0, depth=0, flipHoriz=False, flipVert=False, font='', fontFiles=[], height=0.05, italic=False, languageStyle='LTR', name='unnamed TextStim', opacity=1.0, ori=0.0, pos=array([ 0.16666667, -0.1       ]), rgb=UNKNOWN, text='', units='norm', win=Window(...), wrapWidth=1)
322.5764 	EXP 	Created unnamed TextStim = TextStim(__class__=<class 'psychopy.visual.text.TextStim'>, alignHoriz=method-wrapper(...), alignText='center', alignVert=method-wrapper(...), anchorHoriz='center', anchorVert='center', antialias=True, autoLog=True, bold=False, color=array([1., 1., 1.]), colorSpace='rgb', contrast=1.0, depth=0, flipHoriz=False, flipVert=False, font='', fontFiles=[], height=0.05, italic=False, languageStyle='LTR', name='unnamed TextStim', opacity=1.0, ori=0.0, pos=array([ 0.5, -0.1]), rgb=UNKNOWN, text='Helt klart \n NOE', units='norm', win=Window(...), wrapWidth=1)
322.5782 	EXP 	Created unnamed ShapeStim = ShapeStim(__class__=<class 'psychopy.visual.shape.ShapeStim'>, autoDraw=False, autoLog=True, closeShape=True, color=method-wrapper(...), colorSpace='rgb', contrast=None, depth=0, fillColor=array([1, 1, 1]), fillColorSpace='rgb', fillRGB=array([1, 1, 1]), interpolate=True, lineColor=array([-1., -1., -1.]), lineColorSpace='rgb', lineRGB=array([-1, -1, -1]), lineWidth=1.5, name='unnamed ShapeStim', opacity=1.0, ori=0.0, pos=array([0., 0.]), size=array([1., 1.]), units='norm', vertices=ndarray(...), win=Window(...), windingRule=None)
322.5852 	EXP 	Created instru = TextStim(__class__=<class 'psychopy.visual.text.TextStim'>, alignHoriz=method-wrapper(...), alignText='center', alignVert=method-wrapper(...), anchorHoriz='center', anchorVert='center', antialias=True, autoLog=True, bold=False, color=array([1., 1., 1.]), colorSpace='rgb', contrast=1.0, depth=0.0, flipHoriz=False, flipVert=False, font='Arial', fontFiles=[], height=0.07, italic=False, languageStyle='LTR', name='instru', opacity=1, ori=0, pos=array([0. , 0.5]), rgb=UNKNOWN, text=str(...), units='norm', win=Window(...), wrapWidth=1)
322.5872 	EXP 	Created unnamed Line = Line(__class__=<class 'psychopy.visual.line.Line'>, autoDraw=False, autoLog=True, closeShape=False, color=array([1., 1., 1.]), colorSpace='rgb', contrast=None, depth=0, fillColor=array([0, 0, 0]), fillColorSpace='rgb', fillRGB=array([0, 0, 0]), interpolate=True, lineColor=array([1., 1., 1.]), lineColorSpace='rgb', lineRGB=array([1, 1, 1]), lineWidth=5, name='unnamed Line', opacity=0.5, ori=0.0, pos=array([0., 0.]), size=array([1., 1.]), units='norm', vertices=array([[-0.5,  0. ],
       [ 0.5,  0. ]]), win=Window(...), windingRule=None)
322.5891 	EXP 	Created unnamed Line = Line(__class__=<class 'psychopy.visual.line.Line'>, autoDraw=False, autoLog=True, closeShape=False, color=array([1., 1., 1.]), colorSpace='rgb', contrast=None, depth=0, fillColor=array([0, 0, 0]), fillColorSpace='rgb', fillRGB=array([0, 0, 0]), interpolate=True, lineColor=array([1., 1., 1.]), lineColorSpace='rgb', lineRGB=array([1, 1, 1]), lineWidth=3, name='unnamed Line', opacity=0.5, ori=0.0, pos=array([0., 0.]), size=array([1., 1.]), units='norm', vertices=array([[-0.5 , -0.05],
       [-0.5 ,  0.05]]), win=Window(...), windingRule=None)
322.5911 	EXP 	Created unnamed Line = Line(__class__=<class 'psychopy.visual.line.Line'>, autoDraw=False, autoLog=True, closeShape=False, color=array([1., 1., 1.]), colorSpace='rgb', contrast=None, depth=0, fillColor=array([0, 0, 0]), fillColorSpace='rgb', fillRGB=array([0, 0, 0]), interpolate=True, lineColor=array([1., 1., 1.]), lineColorSpace='rgb', lineRGB=array([1, 1, 1]), lineWidth=3, name='unnamed Line', opacity=0.5, ori=0.0, pos=array([0., 0.]), size=array([1., 1.]), units='norm', vertices=ndarray(...), win=Window(...), windingRule=None)
322.5930 	EXP 	Created unnamed Line = Line(__class__=<class 'psychopy.visual.line.Line'>, autoDraw=False, autoLog=True, closeShape=False, color=array([1., 1., 1.]), colorSpace='rgb', contrast=None, depth=0, fillColor=array([0, 0, 0]), fillColorSpace='rgb', fillRGB=array([0, 0, 0]), interpolate=True, lineColor=array([1., 1., 1.]), lineColorSpace='rgb', lineRGB=array([1, 1, 1]), lineWidth=3, name='unnamed Line', opacity=0.5, ori=0.0, pos=array([0., 0.]), size=array([1., 1.]), units='norm', vertices=ndarray(...), win=Window(...), windingRule=None)
322.5950 	EXP 	Created unnamed Line = Line(__class__=<class 'psychopy.visual.line.Line'>, autoDraw=False, autoLog=True, closeShape=False, color=array([1., 1., 1.]), colorSpace='rgb', contrast=None, depth=0, fillColor=array([0, 0, 0]), fillColorSpace='rgb', fillRGB=array([0, 0, 0]), interpolate=True, lineColor=array([1., 1., 1.]), lineColorSpace='rgb', lineRGB=array([1, 1, 1]), lineWidth=3, name='unnamed Line', opacity=0.5, ori=0.0, pos=array([0., 0.]), size=array([1., 1.]), units='norm', vertices=array([[ 0.5 , -0.05],
       [ 0.5 ,  0.05]]), win=Window(...), windingRule=None)
322.5996 	EXP 	Created unnamed TextStim = TextStim(__class__=<class 'psychopy.visual.text.TextStim'>, alignHoriz=method-wrapper(...), alignText='center', alignVert=method-wrapper(...), anchorHoriz='center', anchorVert='center', antialias=True, autoLog=True, bold=False, color=array([1., 1., 1.]), colorSpace='rgb', contrast=1.0, depth=0, flipHoriz=False, flipVert=False, font='', fontFiles=[], height=0.05, italic=False, languageStyle='LTR', name='unnamed TextStim', opacity=1.0, ori=0.0, pos=array([-0.5, -0.1]), rgb=UNKNOWN, text='Helt klart \n SPONTAN', units='norm', win=Window(...), wrapWidth=1)
322.6007 	EXP 	Created unnamed TextStim = TextStim(__class__=<class 'psychopy.visual.text.TextStim'>, alignHoriz=method-wrapper(...), alignText='center', alignVert=method-wrapper(...), anchorHoriz='center', anchorVert='center', antialias=True, autoLog=True, bold=False, color=array([1., 1., 1.]), colorSpace='rgb', contrast=1.0, depth=0, flipHoriz=False, flipVert=False, font='', fontFiles=[], height=0.05, italic=False, languageStyle='LTR', name='unnamed TextStim', opacity=1.0, ori=0.0, pos=array([-0.16666667, -0.1       ]), rgb=UNKNOWN, text='', units='norm', win=Window(...), wrapWidth=1)
322.6017 	EXP 	Created unnamed TextStim = TextStim(__class__=<class 'psychopy.visual.text.TextStim'>, alignHoriz=method-wrapper(...), alignText='center', alignVert=method-wrapper(...), anchorHoriz='center', anchorVert='center', antialias=True, autoLog=True, bold=False, color=array([1., 1., 1.]), colorSpace='rgb', contrast=1.0, depth=0, flipHoriz=False, flipVert=False, font='', fontFiles=[], height=0.05, italic=False, languageStyle='LTR', name='unnamed TextStim', opacity=1.0, ori=0.0, pos=array([ 0.16666667, -0.1       ]), rgb=UNKNOWN, text='', units='norm', win=Window(...), wrapWidth=1)
322.6063 	EXP 	Created unnamed TextStim = TextStim(__class__=<class 'psychopy.visual.text.TextStim'>, alignHoriz=method-wrapper(...), alignText='center', alignVert=method-wrapper(...), anchorHoriz='center', anchorVert='center', antialias=True, autoLog=True, bold=False, color=array([1., 1., 1.]), colorSpace='rgb', contrast=1.0, depth=0, flipHoriz=False, flipVert=False, font='', fontFiles=[], height=0.05, italic=False, languageStyle='LTR', name='unnamed TextStim', opacity=1.0, ori=0.0, pos=array([ 0.5, -0.1]), rgb=UNKNOWN, text='Helt klart \n BEVISST', units='norm', win=Window(...), wrapWidth=1)
322.6081 	EXP 	Created unnamed ShapeStim = ShapeStim(__class__=<class 'psychopy.visual.shape.ShapeStim'>, autoDraw=False, autoLog=True, closeShape=True, color=method-wrapper(...), colorSpace='rgb', contrast=None, depth=0, fillColor=array([1, 1, 1]), fillColorSpace='rgb', fillRGB=array([1, 1, 1]), interpolate=True, lineColor=array([-1., -1., -1.]), lineColorSpace='rgb', lineRGB=array([-1, -1, -1]), lineWidth=1.5, name='unnamed ShapeStim', opacity=1.0, ori=0.0, pos=array([0., 0.]), size=array([1., 1.]), units='norm', vertices=ndarray(...), win=Window(...), windingRule=None)
322.6718 	EXP 	Sound  set volume 1.000
322.7013 	EXP 	unnamed ShapeStim: vertices = <class 'numpy.ndarray'>
322.7013 	EXP 	unnamed ShapeStim: vertices = <class 'numpy.ndarray'>
322.7013 	EXP 	unnamed ShapeStim: vertices = <class 'numpy.ndarray'>
328.8278 	DATA 	Keypress: rctrl
331.9639 	DATA 	Keypress: rctrl
343.9159 	DATA 	Keypress: rctrl
343.9364 	EXP 	unnamed TextStim: text = ''
343.9364 	EXP 	unnamed TextStim: text = ''
346.5087 	DATA 	Keypress: 3
346.5380 	EXP 	unnamed ShapeStim: vertices = <class 'numpy.ndarray'>
348.0590 	DATA 	Keypress: rctrl
358.4438 	DATA 	Keypress: 4
358.4650 	EXP 	unnamed TextStim: text = ''
358.4650 	EXP 	unnamed TextStim: text = ''
360.0659 	DATA 	Keypress: 4
360.0825 	EXP 	unnamed ShapeStim: vertices = <class 'numpy.ndarray'>
369.1798 	DATA 	Keypress: 4
369.2070 	EXP 	unnamed TextStim: text = ''
369.2070 	EXP 	unnamed TextStim: text = ''
370.4453 	DATA 	Keypress: 4
370.4748 	EXP 	unnamed ShapeStim: vertices = <class 'numpy.ndarray'>
373.9639 	DATA 	Keypress: rctrl
376.1237 	DATA 	Keypress: rctrl
382.2838 	DATA 	Keypress: rctrl
382.8020 	EXP 	Sound  started
383.5518 	EXP 	Sound  started
383.6278 	DATA 	Keypress: rctrl
384.2679 	DATA 	Keypress: rctrl
384.3019 	EXP 	Sound  started
385.0358 	DATA 	Keypress: rctrl
385.0519 	EXP 	Sound  started
385.7878 	DATA 	Keypress: rctrl
385.8019 	EXP 	Sound  started
386.5237 	DATA 	Keypress: rctrl
386.5519 	EXP 	Sound  started
387.2598 	DATA 	Keypress: rctrl
387.3019 	EXP 	Sound  started
388.0278 	DATA 	Keypress: lctrl
388.0519 	EXP 	Sound  started
388.7797 	DATA 	Keypress: lctrl
388.8019 	EXP 	Sound  started
389.5519 	EXP 	Sound  started
389.5637 	DATA 	Keypress: lctrl
390.2677 	DATA 	Keypress: lctrl
390.3019 	EXP 	Sound  started
391.0038 	DATA 	Keypress: lctrl
391.0520 	EXP 	Sound  started
391.7718 	DATA 	Keypress: lctrl
391.8020 	EXP 	Sound  started
392.5520 	EXP 	Sound  started
392.5718 	DATA 	Keypress: lctrl
393.2758 	DATA 	Keypress: rctrl
393.3020 	EXP 	Sound  started
393.9958 	DATA 	Keypress: rctrl
394.0520 	EXP 	Sound  started
394.7798 	DATA 	Keypress: lctrl
394.8020 	EXP 	Sound  started
395.4837 	DATA 	Keypress: rctrl
395.5520 	EXP 	Sound  started
396.2517 	DATA 	Keypress: lctrl
396.3020 	EXP 	Sound  started
397.0198 	DATA 	Keypress: rctrl
397.0521 	EXP 	Sound  started
397.7557 	DATA 	Keypress: lctrl
397.8021 	EXP 	Sound  started
398.5237 	DATA 	Keypress: rctrl
398.5521 	EXP 	Sound  started
399.2597 	DATA 	Keypress: lctrl
399.3021 	EXP 	Sound  started
400.0118 	DATA 	Keypress: rctrl
400.0521 	EXP 	Sound  started
400.7957 	DATA 	Keypress: lctrl
400.8021 	EXP 	Sound  started
401.5157 	DATA 	Keypress: rctrl
401.5521 	EXP 	Sound  started
402.2198 	DATA 	Keypress: rctrl
402.3022 	EXP 	Sound  started
402.9878 	DATA 	Keypress: rctrl
403.0522 	EXP 	Sound  started
403.7717 	DATA 	Keypress: rctrl
403.8022 	EXP 	Sound  started
404.5522 	EXP 	Sound  started
404.5717 	DATA 	Keypress: lctrl
405.2758 	DATA 	Keypress: lctrl
405.3022 	EXP 	Sound  started
405.9799 	DATA 	Keypress: lctrl
406.0522 	EXP 	Sound  started
406.6837 	DATA 	Keypress: lctrl
406.8022 	EXP 	Sound  started
407.4197 	DATA 	Keypress: lctrl
407.5523 	EXP 	Sound  started
408.2677 	DATA 	Keypress: lctrl
408.3023 	EXP 	Sound  started
409.0517 	DATA 	Keypress: rctrl
409.0523 	EXP 	Sound  started
409.7237 	DATA 	Keypress: rctrl
409.8023 	EXP 	Sound  started
410.4437 	DATA 	Keypress: lctrl
410.5523 	EXP 	Sound  started
411.1477 	DATA 	Keypress: lctrl
411.3023 	EXP 	Sound  started
411.9317 	DATA 	Keypress: lctrl
412.0523 	EXP 	Sound  started
412.6837 	DATA 	Keypress: lctrl
412.8024 	EXP 	Sound  started
413.4677 	DATA 	Keypress: lctrl
413.5524 	EXP 	Sound  started
414.2038 	DATA 	Keypress: lctrl
414.3024 	EXP 	Sound  started
414.8758 	DATA 	Keypress: lctrl
415.0524 	EXP 	Sound  started
415.5158 	DATA 	Keypress: lctrl
415.8024 	EXP 	Sound  started
416.4278 	DATA 	Keypress: lctrl
416.5524 	EXP 	Sound  started
417.2917 	DATA 	Keypress: lctrl
417.3024 	EXP 	Sound  started
418.0437 	DATA 	Keypress: rctrl
418.0525 	EXP 	Sound  started
418.7477 	DATA 	Keypress: rctrl
418.8025 	EXP 	Sound  started
419.4517 	DATA 	Keypress: lctrl
419.5525 	EXP 	Sound  started
420.2037 	DATA 	Keypress: rctrl
420.3025 	EXP 	Sound  started
421.0037 	DATA 	Keypress: lctrl
421.0525 	EXP 	Sound  started
421.8025 	EXP 	Sound  started
421.8197 	DATA 	Keypress: lctrl
422.5525 	EXP 	Sound  started
422.5557 	DATA 	Keypress: rctrl
423.3026 	EXP 	Sound  started
423.3077 	DATA 	Keypress: rctrl
424.0526 	EXP 	Sound  started
424.0597 	DATA 	Keypress: rctrl
424.7798 	DATA 	Keypress: rctrl
424.8026 	EXP 	Sound  started
425.4996 	DATA 	Keypress: rctrl
425.5526 	EXP 	Sound  started
426.2358 	DATA 	Keypress: lctrl
426.3026 	EXP 	Sound  started
427.0038 	DATA 	Keypress: lctrl
427.0526 	EXP 	Sound  started
427.7717 	DATA 	Keypress: lctrl
427.8026 	EXP 	Sound  started
428.5077 	DATA 	Keypress: rctrl
428.5527 	EXP 	Sound  started
429.2117 	DATA 	Keypress: lctrl
429.3027 	EXP 	Sound  started
429.9638 	DATA 	Keypress: rctrl
430.0527 	EXP 	Sound  started
430.7478 	DATA 	Keypress: rctrl
430.8027 	EXP 	Sound  started
431.4838 	DATA 	Keypress: rctrl
431.5527 	EXP 	Sound  started
432.2197 	DATA 	Keypress: rctrl
432.3027 	EXP 	Sound  started
433.0197 	DATA 	Keypress: rctrl
433.0527 	EXP 	Sound  started
433.7877 	DATA 	Keypress: lctrl
433.8028 	EXP 	Sound  started
434.5528 	EXP 	Sound  started
434.5717 	DATA 	Keypress: lctrl
435.2437 	DATA 	Keypress: lctrl
435.3028 	EXP 	Sound  started
435.9797 	DATA 	Keypress: rctrl
436.0528 	EXP 	Sound  started
436.7797 	DATA 	Keypress: lctrl
436.8028 	EXP 	Sound  started
437.5477 	DATA 	Keypress: rctrl
437.5528 	EXP 	Sound  started
438.3029 	EXP 	Sound  started
438.3477 	DATA 	Keypress: rctrl
439.0848 	DATA 	Keypress: rctrl
452.8624 	DATA 	Keypress: 2
452.8918 	EXP 	unnamed ShapeStim: vertices = <class 'numpy.ndarray'>
464.9184 	DATA 	Keypress: 3
464.9350 	EXP 	unnamed ShapeStim: vertices = <class 'numpy.ndarray'>
471.5072 	DATA 	Keypress: 2
471.5237 	EXP 	unnamed ShapeStim: vertices = <class 'numpy.ndarray'>
473.8082 	EXP 	Sound  started
474.5580 	EXP 	Sound  started
474.5718 	DATA 	Keypress: rctrl
475.2597 	DATA 	Keypress: lctrl
475.3080 	EXP 	Sound  started
476.0116 	DATA 	Keypress: lctrl
476.0580 	EXP 	Sound  started
476.7796 	DATA 	Keypress: rctrl
476.8081 	EXP 	Sound  started
477.4997 	DATA 	Keypress: rctrl
477.5581 	EXP 	Sound  started
478.2036 	DATA 	Keypress: rctrl
478.3081 	EXP 	Sound  started
478.9557 	DATA 	Keypress: rctrl
479.0581 	EXP 	Sound  started
479.6916 	DATA 	Keypress: lctrl
479.8081 	EXP 	Sound  started
480.4276 	DATA 	Keypress: lctrl
480.5581 	EXP 	Sound  started
481.2596 	DATA 	Keypress: lctrl
481.3081 	EXP 	Sound  started
481.9797 	DATA 	Keypress: lctrl
482.0582 	EXP 	Sound  started
482.7637 	DATA 	Keypress: rctrl
482.8082 	EXP 	Sound  started
483.4837 	DATA 	Keypress: rctrl
483.5582 	EXP 	Sound  started
484.2996 	DATA 	Keypress: rctrl
484.3082 	EXP 	Sound  started
484.9237 	DATA 	Keypress: rctrl
485.0582 	EXP 	Sound  started
485.7717 	DATA 	Keypress: lctrl
485.8082 	EXP 	Sound  started
486.5076 	DATA 	Keypress: lctrl
486.5582 	EXP 	Sound  started
487.2916 	DATA 	Keypress: lctrl
487.3083 	EXP 	Sound  started
487.9796 	DATA 	Keypress: rctrl
488.0583 	EXP 	Sound  started
488.7636 	DATA 	Keypress: lctrl
488.8083 	EXP 	Sound  started
489.4836 	DATA 	Keypress: rctrl
489.5583 	EXP 	Sound  started
490.2356 	DATA 	Keypress: lctrl
490.3083 	EXP 	Sound  started
490.9717 	DATA 	Keypress: rctrl
491.0583 	EXP 	Sound  started
491.7076 	DATA 	Keypress: rctrl
491.8083 	EXP 	Sound  started
492.4916 	DATA 	Keypress: lctrl
492.5583 	EXP 	Sound  started
493.2438 	DATA 	Keypress: lctrl
493.3084 	EXP 	Sound  started
493.9636 	DATA 	Keypress: rctrl
494.0584 	EXP 	Sound  started
494.6997 	DATA 	Keypress: rctrl
494.8084 	EXP 	Sound  started
495.4996 	DATA 	Keypress: lctrl
495.5584 	EXP 	Sound  started
496.2677 	DATA 	Keypress: rctrl
496.3084 	EXP 	Sound  started
497.0036 	DATA 	Keypress: rctrl
497.0584 	EXP 	Sound  started
497.7397 	DATA 	Keypress: lctrl
497.8085 	EXP 	Sound  started
498.4757 	DATA 	Keypress: lctrl
498.5585 	EXP 	Sound  started
499.1796 	DATA 	Keypress: rctrl
499.3085 	EXP 	Sound  started
499.9637 	DATA 	Keypress: rctrl
500.0585 	EXP 	Sound  started
500.7477 	DATA 	Keypress: rctrl
500.8085 	EXP 	Sound  started
501.4676 	DATA 	Keypress: rctrl
501.5585 	EXP 	Sound  started
502.2356 	DATA 	Keypress: rctrl
502.3085 	EXP 	Sound  started
503.0356 	DATA 	Keypress: lctrl
503.0586 	EXP 	Sound  started
503.8086 	EXP 	Sound  started
503.8196 	DATA 	Keypress: lctrl
504.5586 	EXP 	Sound  started
504.5716 	DATA 	Keypress: lctrl
505.3077 	DATA 	Keypress: lctrl
505.3086 	EXP 	Sound  started
506.0586 	EXP 	Sound  started
506.0756 	DATA 	Keypress: rctrl
506.7956 	DATA 	Keypress: lctrl
506.8086 	EXP 	Sound  started
507.5317 	DATA 	Keypress: rctrl
507.5586 	EXP 	Sound  started
508.2356 	DATA 	Keypress: lctrl
508.3087 	EXP 	Sound  started
509.0356 	DATA 	Keypress: rctrl
509.0587 	EXP 	Sound  started
509.7236 	DATA 	Keypress: rctrl
509.8087 	EXP 	Sound  started
510.5556 	DATA 	Keypress: rctrl
510.5587 	EXP 	Sound  started
511.3076 	DATA 	Keypress: rctrl
511.3087 	EXP 	Sound  started
512.0436 	DATA 	Keypress: lctrl
512.0587 	EXP 	Sound  started
512.7638 	DATA 	Keypress: lctrl
512.8087 	EXP 	Sound  started
513.5588 	EXP 	Sound  started
513.5636 	DATA 	Keypress: rctrl
514.2997 	DATA 	Keypress: rctrl
514.3088 	EXP 	Sound  started
515.0588 	EXP 	Sound  started
515.0677 	DATA 	Keypress: rctrl
515.7716 	DATA 	Keypress: lctrl
515.8088 	EXP 	Sound  started
516.4917 	DATA 	Keypress: lctrl
516.5588 	EXP 	Sound  started
517.2917 	DATA 	Keypress: rctrl
517.3088 	EXP 	Sound  started
518.0277 	DATA 	Keypress: rctrl
518.0588 	EXP 	Sound  started
518.8130 	DATA 	Keypress: rctrl
523.4998 	DATA 	Keypress: 3
523.5163 	EXP 	unnamed ShapeStim: vertices = <class 'numpy.ndarray'>
534.2753 	DATA 	Keypress: 3
534.2918 	EXP 	unnamed ShapeStim: vertices = <class 'numpy.ndarray'>
549.2042 	DATA 	Keypress: 3
549.2206 	EXP 	unnamed ShapeStim: vertices = <class 'numpy.ndarray'>
551.5056 	EXP 	Sound  started
551.7396 	DATA 	Keypress: rctrl
552.2554 	EXP 	Sound  started
552.2996 	DATA 	Keypress: rctrl
553.0036 	DATA 	Keypress: rctrl
553.0054 	EXP 	Sound  started
553.7236 	DATA 	Keypress: rctrl
553.7555 	EXP 	Sound  started
554.4116 	DATA 	Keypress: lctrl
554.5055 	EXP 	Sound  started
555.1316 	DATA 	Keypress: lctrl
555.2555 	EXP 	Sound  started
555.9156 	DATA 	Keypress: lctrl
556.0055 	EXP 	Sound  started
556.7317 	DATA 	Keypress: rctrl
556.7555 	EXP 	Sound  started
557.4516 	DATA 	Keypress: lctrl
557.5055 	EXP 	Sound  started
558.2037 	DATA 	Keypress: rctrl
558.2555 	EXP 	Sound  started
558.9396 	DATA 	Keypress: rctrl
559.0056 	EXP 	Sound  started
559.6276 	DATA 	Keypress: rctrl
559.7556 	EXP 	Sound  started
560.4116 	DATA 	Keypress: rctrl
560.5056 	EXP 	Sound  started
561.2276 	DATA 	Keypress: rctrl
561.2556 	EXP 	Sound  started
561.9797 	DATA 	Keypress: lctrl
562.0056 	EXP 	Sound  started
562.7317 	DATA 	Keypress: lctrl
562.7556 	EXP 	Sound  started
563.4836 	DATA 	Keypress: lctrl
563.5056 	EXP 	Sound  started
564.2036 	DATA 	Keypress: lctrl
564.2557 	EXP 	Sound  started
565.0057 	EXP 	Sound  started
565.0196 	DATA 	Keypress: lctrl
565.7557 	EXP 	Sound  started
565.8036 	DATA 	Keypress: rctrl
566.4276 	DATA 	Keypress: lctrl
566.5057 	EXP 	Sound  started
567.1956 	DATA 	Keypress: rctrl
567.2557 	EXP 	Sound  started
567.9955 	DATA 	Keypress: lctrl
568.0057 	EXP 	Sound  started
568.7557 	EXP 	Sound  started
568.7636 	DATA 	Keypress: rctrl
569.4676 	DATA 	Keypress: rctrl
569.5057 	EXP 	Sound  started
570.2036 	DATA 	Keypress: rctrl
570.2558 	EXP 	Sound  started
570.9716 	DATA 	Keypress: lctrl
571.0058 	EXP 	Sound  started
571.7076 	DATA 	Keypress: lctrl
571.7558 	EXP 	Sound  started
572.5058 	EXP 	Sound  started
572.5237 	DATA 	Keypress: rctrl
573.1956 	DATA 	Keypress: rctrl
573.2558 	EXP 	Sound  started
573.8515 	DATA 	Keypress: lctrl
574.0058 	EXP 	Sound  started
574.6517 	DATA 	Keypress: lctrl
574.7559 	EXP 	Sound  started
575.4676 	DATA 	Keypress: lctrl
575.5059 	EXP 	Sound  started
576.1556 	DATA 	Keypress: lctrl
576.2559 	EXP 	Sound  started
576.9556 	DATA 	Keypress: rctrl
577.0059 	EXP 	Sound  started
577.6436 	DATA 	Keypress: rctrl
577.7559 	EXP 	Sound  started
578.3796 	DATA 	Keypress: rctrl
578.5059 	EXP 	Sound  started
579.1156 	DATA 	Keypress: rctrl
579.2559 	EXP 	Sound  started
579.8996 	DATA 	Keypress: rctrl
580.0059 	EXP 	Sound  started
580.6676 	DATA 	Keypress: lctrl
580.7560 	EXP 	Sound  started
581.4356 	DATA 	Keypress: lctrl
581.5060 	EXP 	Sound  started
582.2036 	DATA 	Keypress: lctrl
582.2560 	EXP 	Sound  started
582.9236 	DATA 	Keypress: lctrl
583.0060 	EXP 	Sound  started
583.7076 	DATA 	Keypress: lctrl
583.7560 	EXP 	Sound  started
584.4115 	DATA 	Keypress: lctrl
584.5060 	EXP 	Sound  started
585.1797 	DATA 	Keypress: lctrl
585.2561 	EXP 	Sound  started
586.0061 	EXP 	Sound  started
586.0116 	DATA 	Keypress: rctrl
586.7315 	DATA 	Keypress: lctrl
586.7561 	EXP 	Sound  started
587.4356 	DATA 	Keypress: rctrl
587.5061 	EXP 	Sound  started
588.1875 	DATA 	Keypress: lctrl
588.2561 	EXP 	Sound  started
588.9076 	DATA 	Keypress: rctrl
589.0061 	EXP 	Sound  started
589.6596 	DATA 	Keypress: lctrl
589.7561 	EXP 	Sound  started
590.3956 	DATA 	Keypress: rctrl
590.5061 	EXP 	Sound  started
591.1636 	DATA 	Keypress: lctrl
591.2561 	EXP 	Sound  started
591.9636 	DATA 	Keypress: rctrl
592.0062 	EXP 	Sound  started
592.6996 	DATA 	Keypress: rctrl
592.7562 	EXP 	Sound  started
593.4356 	DATA 	Keypress: rctrl
593.5062 	EXP 	Sound  started
594.2195 	DATA 	Keypress: rctrl
594.2562 	EXP 	Sound  started
594.9876 	DATA 	Keypress: lctrl
595.0062 	EXP 	Sound  started
595.6917 	DATA 	Keypress: lctrl
595.7562 	EXP 	Sound  started
596.4756 	DATA 	Keypress: lctrl
596.5062 	EXP 	Sound  started
597.2562 	EXP 	Sound  started
597.2755 	DATA 	Keypress: lctrl
598.0063 	EXP 	Sound  started
598.0595 	DATA 	Keypress: lctrl
598.7476 	DATA 	Keypress: lctrl
598.7563 	EXP 	Sound  started
599.5063 	EXP 	Sound  started
599.5475 	DATA 	Keypress: lctrl
600.2834 	DATA 	Keypress: lctrl
605.2000 	DATA 	Keypress: 3
605.2165 	EXP 	unnamed ShapeStim: vertices = <class 'numpy.ndarray'>
610.9417 	DATA 	Keypress: 3
610.9712 	EXP 	unnamed ShapeStim: vertices = <class 'numpy.ndarray'>
623.8857 	DATA 	Keypress: 2
623.9152 	EXP 	unnamed ShapeStim: vertices = <class 'numpy.ndarray'>
626.2003 	EXP 	Sound  started
626.8757 	DATA 	Keypress: rctrl
626.9501 	EXP 	Sound  started
627.6756 	DATA 	Keypress: rctrl
627.7002 	EXP 	Sound  started
628.4436 	DATA 	Keypress: rctrl
628.4502 	EXP 	Sound  started
629.2002 	EXP 	Sound  started
629.2116 	DATA 	Keypress: rctrl
629.9155 	DATA 	Keypress: rctrl
629.9502 	EXP 	Sound  started
630.6675 	DATA 	Keypress: lctrl
630.7002 	EXP 	Sound  started
631.3395 	DATA 	Keypress: lctrl
631.4502 	EXP 	Sound  started
632.1396 	DATA 	Keypress: lctrl
632.2002 	EXP 	Sound  started
632.9077 	DATA 	Keypress: lctrl
632.9503 	EXP 	Sound  started
633.6916 	DATA 	Keypress: lctrl
633.7003 	EXP 	Sound  started
634.4117 	DATA 	Keypress: lctrl
634.4503 	EXP 	Sound  started
635.1476 	DATA 	Keypress: lctrl
635.2003 	EXP 	Sound  started
635.9476 	DATA 	Keypress: lctrl
635.9503 	EXP 	Sound  started
636.6516 	DATA 	Keypress: lctrl
636.7003 	EXP 	Sound  started
637.3716 	DATA 	Keypress: rctrl
637.4503 	EXP 	Sound  started
638.0755 	DATA 	Keypress: lctrl
638.2003 	EXP 	Sound  started
638.9236 	DATA 	Keypress: lctrl
638.9503 	EXP 	Sound  started
639.6436 	DATA 	Keypress: lctrl
639.7004 	EXP 	Sound  started
640.4504 	EXP 	Sound  started
640.4595 	DATA 	Keypress: lctrl
641.1476 	DATA 	Keypress: lctrl
641.2004 	EXP 	Sound  started
641.9475 	DATA 	Keypress: lctrl
641.9504 	EXP 	Sound  started
642.6995 	DATA 	Keypress: lctrl
642.7004 	EXP 	Sound  started
643.4504 	EXP 	Sound  started
643.4515 	DATA 	Keypress: lctrl
644.2004 	EXP 	Sound  started
644.2036 	DATA 	Keypress: lctrl
644.9505 	EXP 	Sound  started
644.9876 	DATA 	Keypress: rctrl
645.6435 	DATA 	Keypress: lctrl
645.7005 	EXP 	Sound  started
646.4275 	DATA 	Keypress: rctrl
646.4505 	EXP 	Sound  started
647.1156 	DATA 	Keypress: lctrl
647.2005 	EXP 	Sound  started
647.9315 	DATA 	Keypress: rctrl
647.9505 	EXP 	Sound  started
648.6195 	DATA 	Keypress: lctrl
648.7005 	EXP 	Sound  started
649.4035 	DATA 	Keypress: rctrl
649.4505 	EXP 	Sound  started
650.1395 	DATA 	Keypress: lctrl
650.2006 	EXP 	Sound  started
650.9395 	DATA 	Keypress: rctrl
650.9506 	EXP 	Sound  started
651.6275 	DATA 	Keypress: lctrl
651.7006 	EXP 	Sound  started
652.4435 	DATA 	Keypress: rctrl
652.4506 	EXP 	Sound  started
653.1315 	DATA 	Keypress: rctrl
653.2006 	EXP 	Sound  started
653.9506 	EXP 	Sound  started
653.9636 	DATA 	Keypress: rctrl
654.6836 	DATA 	Keypress: lctrl
654.7007 	EXP 	Sound  started
655.4507 	EXP 	Sound  started
655.4995 	DATA 	Keypress: lctrl
656.2007 	EXP 	Sound  started
656.2036 	DATA 	Keypress: lctrl
656.9507 	EXP 	Sound  started
656.9715 	DATA 	Keypress: lctrl
657.7007 	EXP 	Sound  started
657.7235 	DATA 	Keypress: rctrl
658.4115 	DATA 	Keypress: rctrl
658.4507 	EXP 	Sound  started
659.1635 	DATA 	Keypress: lctrl
659.2007 	EXP 	Sound  started
659.9476 	DATA 	Keypress: lctrl
659.9507 	EXP 	Sound  started
660.7007 	EXP 	Sound  started
660.7156 	DATA 	Keypress: rctrl
661.4355 	DATA 	Keypress: rctrl
661.4508 	EXP 	Sound  started
662.1715 	DATA 	Keypress: lctrl
662.2008 	EXP 	Sound  started
662.9395 	DATA 	Keypress: lctrl
662.9508 	EXP 	Sound  started
663.6436 	DATA 	Keypress: rctrl
663.7008 	EXP 	Sound  started
664.2835 	DATA 	Keypress: lctrl
664.4508 	EXP 	Sound  started
665.1476 	DATA 	Keypress: rctrl
665.2008 	EXP 	Sound  started
665.8195 	DATA 	Keypress: lctrl
665.9508 	EXP 	Sound  started
666.6355 	DATA 	Keypress: rctrl
666.7009 	EXP 	Sound  started
667.3715 	DATA 	Keypress: lctrl
667.4509 	EXP 	Sound  started
668.1396 	DATA 	Keypress: rctrl
668.2009 	EXP 	Sound  started
668.7795 	DATA 	Keypress: lctrl
668.9509 	EXP 	Sound  started
669.6275 	DATA 	Keypress: rctrl
669.7009 	EXP 	Sound  started
670.3635 	DATA 	Keypress: lctrl
670.4509 	EXP 	Sound  started
671.1315 	DATA 	Keypress: rctrl
671.2010 	EXP 	Sound  started
671.8515 	DATA 	Keypress: lctrl
671.9510 	EXP 	Sound  started
672.6036 	DATA 	Keypress: rctrl
672.7010 	EXP 	Sound  started
673.3395 	DATA 	Keypress: rctrl
673.4510 	EXP 	Sound  started
674.1555 	DATA 	Keypress: lctrl
674.2010 	EXP 	Sound  started
674.8756 	DATA 	Keypress: lctrl
674.9510 	EXP 	Sound  started
675.6435 	DATA 	Keypress: rctrl
675.7010 	EXP 	Sound  started
676.4115 	DATA 	Keypress: rctrl
676.4511 	EXP 	Sound  started
677.0515 	DATA 	Keypress: lctrl
677.2011 	EXP 	Sound  started
677.8836 	DATA 	Keypress: lctrl
677.9511 	EXP 	Sound  started
678.6516 	DATA 	Keypress: rctrl
678.7011 	EXP 	Sound  started
679.4355 	DATA 	Keypress: rctrl
679.4511 	EXP 	Sound  started
680.1716 	DATA 	Keypress: lctrl
680.2011 	EXP 	Sound  started
680.9076 	DATA 	Keypress: rctrl
680.9512 	EXP 	Sound  started
681.6276 	DATA 	Keypress: lctrl
681.7012 	EXP 	Sound  started
682.3795 	DATA 	Keypress: rctrl
682.4512 	EXP 	Sound  started
683.2012 	EXP 	Sound  started
683.2595 	DATA 	Keypress: lctrl
683.9512 	EXP 	Sound  started
683.9796 	DATA 	Keypress: lctrl
684.7012 	EXP 	Sound  started
684.7315 	DATA 	Keypress: lctrl
685.4513 	EXP 	Sound  started
685.4675 	DATA 	Keypress: lctrl
686.2013 	EXP 	Sound  started
686.2355 	DATA 	Keypress: lctrl
686.9513 	EXP 	Sound  started
687.0036 	DATA 	Keypress: lctrl
687.7013 	EXP 	Sound  started
687.7556 	DATA 	Keypress: lctrl
688.4513 	EXP 	Sound  started
688.5235 	DATA 	Keypress: lctrl
689.2360 	DATA 	Keypress: rctrl
709.5021 	DATA 	Keypress: 2
709.5186 	EXP 	unnamed ShapeStim: vertices = <class 'numpy.ndarray'>
715.3273 	DATA 	Keypress: 3
715.3567 	EXP 	unnamed ShapeStim: vertices = <class 'numpy.ndarray'>
732.7878 	DATA 	Keypress: 2
732.8043 	EXP 	unnamed ShapeStim: vertices = <class 'numpy.ndarray'>
735.0889 	EXP 	Sound  started
735.6755 	DATA 	Keypress: rctrl
735.8388 	EXP 	Sound  started
736.4915 	DATA 	Keypress: rctrl
736.5888 	EXP 	Sound  started
737.2915 	DATA 	Keypress: rctrl
737.3388 	EXP 	Sound  started
738.0596 	DATA 	Keypress: lshift
738.0888 	EXP 	Sound  started
738.7796 	DATA 	Keypress: lshift
738.8388 	EXP 	Sound  started
739.5474 	DATA 	Keypress: rctrl
739.5888 	EXP 	Sound  started
740.3315 	DATA 	Keypress: rctrl
740.3388 	EXP 	Sound  started
741.0888 	EXP 	Sound  started
741.0995 	DATA 	Keypress: rctrl
741.8389 	EXP 	Sound  started
741.8515 	DATA 	Keypress: rctrl
742.5889 	EXP 	Sound  started
742.6194 	DATA 	Keypress: lshift
743.3389 	EXP 	Sound  started
743.3396 	DATA 	Keypress: lshift
744.0889 	EXP 	Sound  started
744.1074 	DATA 	Keypress: lshift
744.7956 	DATA 	Keypress: lshift
744.8389 	EXP 	Sound  started
745.5889 	EXP 	Sound  started
745.5955 	DATA 	Keypress: rctrl
746.3315 	DATA 	Keypress: lshift
746.3389 	EXP 	Sound  started
747.0835 	DATA 	Keypress: rctrl
747.0890 	EXP 	Sound  started
747.8354 	DATA 	Keypress: lshift
747.8390 	EXP 	Sound  started
748.5890 	EXP 	Sound  started
748.6035 	DATA 	Keypress: rctrl
749.3390 	EXP 	Sound  started
749.3555 	DATA 	Keypress: rctrl
750.0890 	EXP 	Sound  started
750.8390 	EXP 	Sound  started
750.8595 	DATA 	Keypress: rctrl
751.5890 	EXP 	Sound  started
751.6435 	DATA 	Keypress: rctrl
752.3391 	EXP 	Sound  started
752.3795 	DATA 	Keypress: rctrl
753.0891 	EXP 	Sound  started
753.1316 	DATA 	Keypress: lshift
753.8354 	DATA 	Keypress: lshift
753.8391 	EXP 	Sound  started
754.5716 	DATA 	Keypress: lshift
754.5891 	EXP 	Sound  started
755.3235 	DATA 	Keypress: lshift
755.3391 	EXP 	Sound  started
756.0891 	EXP 	Sound  started
756.0914 	DATA 	Keypress: rctrl
756.8115 	DATA 	Keypress: lshift
756.8391 	EXP 	Sound  started
757.5635 	DATA 	Keypress: rctrl
757.5892 	EXP 	Sound  started
758.3314 	DATA 	Keypress: rctrl
758.3392 	EXP 	Sound  started
759.0676 	DATA 	Keypress: lshift
759.0892 	EXP 	Sound  started
759.8354 	DATA 	Keypress: lshift
759.8392 	EXP 	Sound  started
760.5875 	DATA 	Keypress: rctrl
760.5892 	EXP 	Sound  started
761.3236 	DATA 	Keypress: rctrl
761.3392 	EXP 	Sound  started
762.0755 	DATA 	Keypress: lshift
762.0892 	EXP 	Sound  started
762.7474 	DATA 	Keypress: lshift
762.8393 	EXP 	Sound  started
763.5475 	DATA 	Keypress: rctrl
763.5893 	EXP 	Sound  started
764.2995 	DATA 	Keypress: lshift
764.3393 	EXP 	Sound  started
765.0836 	DATA 	Keypress: rctrl
765.0893 	EXP 	Sound  started
765.8034 	DATA 	Keypress: lshift
765.8393 	EXP 	Sound  started
766.4914 	DATA 	Keypress: lshift
766.5893 	EXP 	Sound  started
767.3393 	EXP 	Sound  started
767.3395 	DATA 	Keypress: lshift
768.0894 	EXP 	Sound  started
768.1235 	DATA 	Keypress: lshift
768.8274 	DATA 	Keypress: lshift
768.8394 	EXP 	Sound  started
769.5894 	EXP 	Sound  started
769.6115 	DATA 	Keypress: lshift
770.3394 	EXP 	Sound  started
770.3794 	DATA 	Keypress: lshift
771.0894 	EXP 	Sound  started
771.1314 	DATA 	Keypress: lshift
771.8394 	EXP 	Sound  started
771.8835 	DATA 	Keypress: rctrl
772.5894 	EXP 	Sound  started
772.6514 	DATA 	Keypress: rctrl
773.3395 	EXP 	Sound  started
773.3555 	DATA 	Keypress: lshift
774.0895 	EXP 	Sound  started
774.0914 	DATA 	Keypress: rctrl
774.8395 	EXP 	Sound  started
774.8434 	DATA 	Keypress: lshift
775.5895 	EXP 	Sound  started
775.5954 	DATA 	Keypress: rctrl
776.3395 	EXP 	Sound  started
776.3634 	DATA 	Keypress: lshift
777.0895 	EXP 	Sound  started
777.1155 	DATA 	Keypress: rctrl
777.8395 	EXP 	Sound  started
777.8835 	DATA 	Keypress: lshift
778.5896 	EXP 	Sound  started
778.6355 	DATA 	Keypress: rctrl
779.3396 	EXP 	Sound  started
779.4195 	DATA 	Keypress: lshift
780.0896 	EXP 	Sound  started
780.1075 	DATA 	Keypress: lshift
780.8396 	EXP 	Sound  started
780.8915 	DATA 	Keypress: lshift
781.6450 	DATA 	Keypress: lshift
786.5152 	DATA 	Keypress: 3
786.5317 	EXP 	unnamed ShapeStim: vertices = <class 'numpy.ndarray'>
790.0347 	DATA 	Keypress: 3
790.0512 	EXP 	unnamed ShapeStim: vertices = <class 'numpy.ndarray'>
797.3407 	DATA 	Keypress: 2
797.3572 	EXP 	unnamed ShapeStim: vertices = <class 'numpy.ndarray'>
799.6427 	EXP 	Sound  started
799.8835 	DATA 	Keypress: lctrl
800.3926 	EXP 	Sound  started
800.4914 	DATA 	Keypress: lctrl
801.1426 	EXP 	Sound  started
801.1634 	DATA 	Keypress: lctrl
801.8514 	DATA 	Keypress: rctrl
801.8926 	EXP 	Sound  started
802.6194 	DATA 	Keypress: rctrl
802.6426 	EXP 	Sound  started
803.3874 	DATA 	Keypress: rctrl
803.3927 	EXP 	Sound  started
804.0754 	DATA 	Keypress: lctrl
804.1427 	EXP 	Sound  started
804.7794 	DATA 	Keypress: rctrl
804.8927 	EXP 	Sound  started
805.5795 	DATA 	Keypress: lctrl
805.6427 	EXP 	Sound  started
806.3635 	DATA 	Keypress: lctrl
806.3927 	EXP 	Sound  started
807.1154 	DATA 	Keypress: lctrl
807.1427 	EXP 	Sound  started
807.8514 	DATA 	Keypress: lctrl
807.8927 	EXP 	Sound  started
808.5874 	DATA 	Keypress: rctrl
808.6427 	EXP 	Sound  started
809.3394 	DATA 	Keypress: rctrl
809.3928 	EXP 	Sound  started
810.0915 	DATA 	Keypress: rctrl
810.1428 	EXP 	Sound  started
810.7794 	DATA 	Keypress: lctrl
810.8928 	EXP 	Sound  started
811.5474 	DATA 	Keypress: rctrl
811.6428 	EXP 	Sound  started
812.3635 	DATA 	Keypress: lctrl
812.3928 	EXP 	Sound  started
813.1155 	DATA 	Keypress: rctrl
813.1428 	EXP 	Sound  started
813.8674 	DATA 	Keypress: lctrl
813.8929 	EXP 	Sound  started
814.6035 	DATA 	Keypress: rctrl
814.6429 	EXP 	Sound  started
815.3874 	DATA 	Keypress: lctrl
815.3929 	EXP 	Sound  started
816.1075 	DATA 	Keypress: rctrl
816.1429 	EXP 	Sound  started
816.8754 	DATA 	Keypress: lctrl
816.8929 	EXP 	Sound  started
817.5955 	DATA 	Keypress: lctrl
817.6429 	EXP 	Sound  started
818.3929 	EXP 	Sound  started
818.3954 	DATA 	Keypress: rctrl
819.1430 	EXP 	Sound  started
819.1474 	DATA 	Keypress: rctrl
819.8834 	DATA 	Keypress: rctrl
819.8930 	EXP 	Sound  started
820.6194 	DATA 	Keypress: lctrl
820.6430 	EXP 	Sound  started
821.3394 	DATA 	Keypress: rctrl
821.3930 	EXP 	Sound  started
822.1394 	DATA 	Keypress: lctrl
822.1430 	EXP 	Sound  started
822.8274 	DATA 	Keypress: lctrl
822.8930 	EXP 	Sound  started
823.6114 	DATA 	Keypress: rctrl
823.6430 	EXP 	Sound  started
824.3314 	DATA 	Keypress: rctrl
824.3930 	EXP 	Sound  started
825.1431 	EXP 	Sound  started
825.1635 	DATA 	Keypress: lctrl
825.8834 	DATA 	Keypress: lctrl
825.8931 	EXP 	Sound  started
826.5395 	DATA 	Keypress: rctrl
826.6431 	EXP 	Sound  started
827.2914 	DATA 	Keypress: lctrl
827.3931 	EXP 	Sound  started
828.0754 	DATA 	Keypress: rctrl
828.1431 	EXP 	Sound  started
828.8931 	EXP 	Sound  started
828.9554 	DATA 	Keypress: lctrl
829.6114 	DATA 	Keypress: rctrl
829.6431 	EXP 	Sound  started
830.3474 	DATA 	Keypress: lctrl
830.3932 	EXP 	Sound  started
831.0194 	DATA 	Keypress: rctrl
831.1432 	EXP 	Sound  started
831.8034 	DATA 	Keypress: lctrl
831.8932 	EXP 	Sound  started
832.5234 	DATA 	Keypress: rctrl
832.6432 	EXP 	Sound  started
833.2754 	DATA 	Keypress: lctrl
833.3932 	EXP 	Sound  started
834.0594 	DATA 	Keypress: rctrl
834.1432 	EXP 	Sound  started
834.7795 	DATA 	Keypress: lctrl
834.8932 	EXP 	Sound  started
835.5474 	DATA 	Keypress: rctrl
835.6433 	EXP 	Sound  started
836.2994 	DATA 	Keypress: lctrl
836.3933 	EXP 	Sound  started
837.0194 	DATA 	Keypress: rctrl
837.1433 	EXP 	Sound  started
837.7714 	DATA 	Keypress: lctrl
837.8933 	EXP 	Sound  started
838.5554 	DATA 	Keypress: rctrl
838.6433 	EXP 	Sound  started
839.3714 	DATA 	Keypress: lctrl
839.3933 	EXP 	Sound  started
840.1234 	DATA 	Keypress: rctrl
840.1433 	EXP 	Sound  started
840.8915 	DATA 	Keypress: rctrl
840.8933 	EXP 	Sound  started
841.5634 	DATA 	Keypress: lctrl
841.6433 	EXP 	Sound  started
842.2834 	DATA 	Keypress: rctrl
842.3934 	EXP 	Sound  started
843.1434 	EXP 	Sound  started
843.1474 	DATA 	Keypress: lctrl
843.8934 	EXP 	Sound  started
843.8994 	DATA 	Keypress: rctrl
844.6354 	DATA 	Keypress: lctrl
844.6434 	EXP 	Sound  started
845.3714 	DATA 	Keypress: lctrl
845.3934 	EXP 	Sound  started
846.1234 	DATA 	Keypress: lctrl
846.1434 	EXP 	Sound  started
846.8434 	DATA 	Keypress: lctrl
846.8934 	EXP 	Sound  started
847.6435 	EXP 	Sound  started
847.6594 	DATA 	Keypress: lctrl
848.3935 	EXP 	Sound  started
848.4594 	DATA 	Keypress: lctrl
849.0994 	DATA 	Keypress: lctrl
849.1435 	EXP 	Sound  started
849.9212 	DATA 	Keypress: lctrl
855.6922 	DATA 	Keypress: 2
855.7218 	EXP 	unnamed ShapeStim: vertices = <class 'numpy.ndarray'>
860.2756 	DATA 	Keypress: 3
860.2921 	EXP 	unnamed ShapeStim: vertices = <class 'numpy.ndarray'>
876.8929 	DATA 	Keypress: 3
876.9224 	EXP 	unnamed ShapeStim: vertices = <class 'numpy.ndarray'>
879.2065 	EXP 	Sound  started
879.4035 	DATA 	Keypress: lctrl
879.9564 	EXP 	Sound  started
879.9634 	DATA 	Keypress: lctrl
880.6513 	DATA 	Keypress: rctrl
880.7064 	EXP 	Sound  started
881.3394 	DATA 	Keypress: lctrl
881.4564 	EXP 	Sound  started
882.1073 	DATA 	Keypress: rctrl
882.2064 	EXP 	Sound  started
882.8595 	DATA 	Keypress: rctrl
882.9564 	EXP 	Sound  started
883.5953 	DATA 	Keypress: lctrl
883.7064 	EXP 	Sound  started
884.3155 	DATA 	Keypress: rctrl
884.4565 	EXP 	Sound  started
885.1155 	DATA 	Keypress: lctrl
885.2065 	EXP 	Sound  started
885.8514 	DATA 	Keypress: rctrl
885.9565 	EXP 	Sound  started
886.5553 	DATA 	Keypress: lctrl
886.7065 	EXP 	Sound  started
887.3554 	DATA 	Keypress: rctrl
887.4565 	EXP 	Sound  started
888.0754 	DATA 	Keypress: rctrl
888.2065 	EXP 	Sound  started
888.8114 	DATA 	Keypress: rctrl
888.9565 	EXP 	Sound  started
889.6113 	DATA 	Keypress: rctrl
889.7065 	EXP 	Sound  started
890.3953 	DATA 	Keypress: lctrl
890.4565 	EXP 	Sound  started
891.1794 	DATA 	Keypress: lctrl
891.2066 	EXP 	Sound  started
891.9313 	DATA 	Keypress: rctrl
891.9566 	EXP 	Sound  started
892.6994 	DATA 	Keypress: rctrl
892.7066 	EXP 	Sound  started
893.3554 	DATA 	Keypress: rctrl
893.4566 	EXP 	Sound  started
894.0753 	DATA 	Keypress: lctrl
894.2066 	EXP 	Sound  started
894.8593 	DATA 	Keypress: lctrl
894.9566 	EXP 	Sound  started
895.6914 	DATA 	Keypress: lctrl
895.7067 	EXP 	Sound  started
896.4274 	DATA 	Keypress: lctrl
896.4567 	EXP 	Sound  started
897.2067 	EXP 	Sound  started
897.2433 	DATA 	Keypress: lctrl
897.9154 	DATA 	Keypress: lctrl
897.9567 	EXP 	Sound  started
898.6673 	DATA 	Keypress: rctrl
898.7067 	EXP 	Sound  started
899.4194 	DATA 	Keypress: rctrl
899.4567 	EXP 	Sound  started
900.1394 	DATA 	Keypress: lctrl
900.2067 	EXP 	Sound  started
900.8914 	DATA 	Keypress: rctrl
900.9568 	EXP 	Sound  started
901.6915 	DATA 	Keypress: lctrl
901.7068 	EXP 	Sound  started
902.4435 	DATA 	Keypress: rctrl
902.4568 	EXP 	Sound  started
903.2068 	EXP 	Sound  started
903.2274 	DATA 	Keypress: lctrl
903.9314 	DATA 	Keypress: rctrl
903.9568 	EXP 	Sound  started
904.6353 	DATA 	Keypress: lctrl
904.7068 	EXP 	Sound  started
905.3714 	DATA 	Keypress: rctrl
905.4569 	EXP 	Sound  started
906.1394 	DATA 	Keypress: lctrl
906.2069 	EXP 	Sound  started
906.9075 	DATA 	Keypress: rctrl
906.9569 	EXP 	Sound  started
907.6754 	DATA 	Keypress: lctrl
907.7069 	EXP 	Sound  started
908.4434 	DATA 	Keypress: lctrl
908.4569 	EXP 	Sound  started
909.1955 	DATA 	Keypress: lctrl
909.2069 	EXP 	Sound  started
909.9569 	EXP 	Sound  started
909.9634 	DATA 	Keypress: lctrl
910.7069 	EXP 	Sound  started
910.7154 	DATA 	Keypress: rctrl
911.4514 	DATA 	Keypress: rctrl
911.4570 	EXP 	Sound  started
912.2070 	EXP 	Sound  started
912.2674 	DATA 	Keypress: lctrl
912.9570 	EXP 	Sound  started
913.0194 	DATA 	Keypress: lctrl
913.7070 	EXP 	Sound  started
913.7394 	DATA 	Keypress: rctrl
914.4275 	DATA 	Keypress: rctrl
914.4570 	EXP 	Sound  started
915.1473 	DATA 	Keypress: lctrl
915.2070 	EXP 	Sound  started
915.8994 	DATA 	Keypress: lctrl
915.9570 	EXP 	Sound  started
916.6834 	DATA 	Keypress: rctrl
916.7071 	EXP 	Sound  started
917.4034 	DATA 	Keypress: rctrl
917.4571 	EXP 	Sound  started
918.2071 	EXP 	Sound  started
918.2354 	DATA 	Keypress: rctrl
918.9073 	DATA 	Keypress: rctrl
918.9571 	EXP 	Sound  started
919.7071 	EXP 	Sound  started
919.7074 	DATA 	Keypress: lctrl
920.4571 	EXP 	Sound  started
920.5074 	DATA 	Keypress: rctrl
921.2072 	EXP 	Sound  started
921.2754 	DATA 	Keypress: lctrl
921.9572 	EXP 	Sound  started
921.9793 	DATA 	Keypress: lctrl
922.7072 	EXP 	Sound  started
922.7474 	DATA 	Keypress: lctrl
923.4572 	EXP 	Sound  started
923.4994 	DATA 	Keypress: lctrl
924.2072 	EXP 	Sound  started
924.2353 	DATA 	Keypress: lctrl
924.9572 	EXP 	Sound  started
924.9713 	DATA 	Keypress: lctrl
925.7072 	EXP 	Sound  started
925.7553 	DATA 	Keypress: lctrl
926.4572 	EXP 	Sound  started
926.4914 	DATA 	Keypress: lctrl
927.2072 	EXP 	Sound  started
927.2593 	DATA 	Keypress: lctrl
927.9573 	EXP 	Sound  started
927.9953 	DATA 	Keypress: lctrl
928.7073 	EXP 	Sound  started
928.7473 	DATA 	Keypress: lctrl
929.4573 	EXP 	Sound  started
929.5633 	DATA 	Keypress: lctrl
930.2073 	EXP 	Sound  started
930.2513 	DATA 	Keypress: lctrl
930.9573 	EXP 	Sound  started
931.0194 	DATA 	Keypress: lctrl
931.7073 	EXP 	Sound  started
931.7393 	DATA 	Keypress: rctrl
932.4574 	EXP 	Sound  started
932.5075 	DATA 	Keypress: rctrl
933.2074 	EXP 	Sound  started
933.2593 	DATA 	Keypress: lctrl
933.9574 	EXP 	Sound  started
933.9954 	DATA 	Keypress: rctrl
934.7074 	EXP 	Sound  started
934.7474 	DATA 	Keypress: rctrl
935.4574 	EXP 	Sound  started
935.5153 	DATA 	Keypress: rctrl
936.2074 	EXP 	Sound  started
936.2674 	DATA 	Keypress: rctrl
936.9575 	EXP 	Sound  started
936.9715 	DATA 	Keypress: rctrl
937.7075 	EXP 	Sound  started
937.7234 	DATA 	Keypress: rctrl
938.4575 	EXP 	Sound  started
938.5074 	DATA 	Keypress: lctrl
939.2075 	EXP 	Sound  started
939.3073 	DATA 	Keypress: lctrl
939.9575 	EXP 	Sound  started
940.0114 	DATA 	Keypress: rctrl
940.7419 	DATA 	Keypress: rctrl
955.1366 	DATA 	Keypress: 3
955.1531 	EXP 	unnamed ShapeStim: vertices = <class 'numpy.ndarray'>
963.5101 	DATA 	Keypress: 3
963.5266 	EXP 	unnamed ShapeStim: vertices = <class 'numpy.ndarray'>
969.0146 	DATA 	Keypress: 3
969.0311 	EXP 	unnamed ShapeStim: vertices = <class 'numpy.ndarray'>
971.3156 	EXP 	Sound  started
972.0433 	DATA 	Keypress: lctrl
972.0654 	EXP 	Sound  started
972.8113 	DATA 	Keypress: lctrl
972.8154 	EXP 	Sound  started
973.5154 	DATA 	Keypress: lctrl
973.5655 	EXP 	Sound  started
974.2513 	DATA 	Keypress: lctrl
974.3155 	EXP 	Sound  started
975.0194 	DATA 	Keypress: lctrl
975.0655 	EXP 	Sound  started
975.7873 	DATA 	Keypress: lctrl
975.8155 	EXP 	Sound  started
976.5655 	EXP 	Sound  started
976.6033 	DATA 	Keypress: rctrl
977.3156 	EXP 	Sound  started
977.3713 	DATA 	Keypress: lctrl
978.0656 	EXP 	Sound  started
978.1233 	DATA 	Keypress: rctrl
978.7953 	DATA 	Keypress: lctrl
978.8156 	EXP 	Sound  started
979.5634 	DATA 	Keypress: lctrl
979.5656 	EXP 	Sound  started
980.3156 	EXP 	Sound  started
980.3954 	DATA 	Keypress: lctrl
981.0656 	EXP 	Sound  started
981.0834 	DATA 	Keypress: lctrl
981.8156 	EXP 	Sound  started
981.8353 	DATA 	Keypress: lctrl
982.5233 	DATA 	Keypress: rctrl
982.5656 	EXP 	Sound  started
983.3156 	EXP 	Sound  started
983.3234 	DATA 	Keypress: lctrl
983.9793 	DATA 	Keypress: rctrl
984.0656 	EXP 	Sound  started
984.7473 	DATA 	Keypress: lctrl
984.8156 	EXP 	Sound  started
985.5473 	DATA 	Keypress: rctrl
985.5657 	EXP 	Sound  started
986.2833 	DATA 	Keypress: lctrl
986.3157 	EXP 	Sound  started
987.0353 	DATA 	Keypress: rctrl
987.0657 	EXP 	Sound  started
987.7713 	DATA 	Keypress: lctrl
987.8157 	EXP 	Sound  started
988.5553 	DATA 	Keypress: rctrl
988.5657 	EXP 	Sound  started
989.3157 	EXP 	Sound  started
989.3553 	DATA 	Keypress: lctrl
990.0657 	EXP 	Sound  started
990.0914 	DATA 	Keypress: lctrl
990.8113 	DATA 	Keypress: lctrl
990.8158 	EXP 	Sound  started
991.5658 	EXP 	Sound  started
991.5954 	DATA 	Keypress: lctrl
992.3158 	EXP 	Sound  started
992.3314 	DATA 	Keypress: lctrl
993.0658 	EXP 	Sound  started
993.1313 	DATA 	Keypress: rctrl
993.8033 	DATA 	Keypress: rctrl
993.8158 	EXP 	Sound  started
994.5658 	EXP 	Sound  started
994.5874 	DATA 	Keypress: lctrl
995.3158 	EXP 	Sound  started
995.3233 	DATA 	Keypress: rctrl
996.0659 	EXP 	Sound  started
996.1233 	DATA 	Keypress: lctrl
996.8159 	EXP 	Sound  started
996.8593 	DATA 	Keypress: rctrl
997.5633 	DATA 	Keypress: rctrl
997.5659 	EXP 	Sound  started
998.3159 	EXP 	Sound  started
998.3633 	DATA 	Keypress: rctrl
999.0659 	EXP 	Sound  started
999.0833 	DATA 	Keypress: lctrl
999.8159 	EXP 	Sound  started
999.8193 	DATA 	Keypress: rctrl
1000.5232 	DATA 	Keypress: rctrl
1000.5659 	EXP 	Sound  started
1001.3073 	DATA 	Keypress: rctrl
1001.3159 	EXP 	Sound  started
1002.0660 	EXP 	Sound  started
1002.1074 	DATA 	Keypress: lctrl
1002.8160 	EXP 	Sound  started
1002.8753 	DATA 	Keypress: rctrl
1003.5660 	EXP 	Sound  started
1003.6753 	DATA 	Keypress: lctrl
1004.3160 	EXP 	Sound  started
1004.3474 	DATA 	Keypress: lctrl
1005.0660 	EXP 	Sound  started
1005.0832 	DATA 	Keypress: lctrl
1005.8033 	DATA 	Keypress: lctrl
1005.8160 	EXP 	Sound  started
1006.5233 	DATA 	Keypress: rctrl
1006.5661 	EXP 	Sound  started
1007.2113 	DATA 	Keypress: lctrl
1007.3161 	EXP 	Sound  started
1008.0593 	DATA 	Keypress: rctrl
1008.0661 	EXP 	Sound  started
1008.7633 	DATA 	Keypress: lctrl
1008.8161 	EXP 	Sound  started
1009.5313 	DATA 	Keypress: rctrl
1009.5661 	EXP 	Sound  started
1010.2834 	DATA 	Keypress: lctrl
1010.3161 	EXP 	Sound  started
1011.0661 	EXP 	Sound  started
1011.1313 	DATA 	Keypress: rctrl
1011.8161 	EXP 	Sound  started
1011.8673 	DATA 	Keypress: rctrl
1012.5233 	DATA 	Keypress: rctrl
1012.5662 	EXP 	Sound  started
1013.3073 	DATA 	Keypress: rctrl
1013.3162 	EXP 	Sound  started
1014.0662 	EXP 	Sound  started
1014.1233 	DATA 	Keypress: rctrl
1014.8162 	EXP 	Sound  started
1014.8434 	DATA 	Keypress: rctrl
1015.5662 	EXP 	Sound  started
1015.5952 	DATA 	Keypress: rctrl
1016.3162 	EXP 	Sound  started
1016.3474 	DATA 	Keypress: lctrl
1017.0662 	EXP 	Sound  started
1017.1153 	DATA 	Keypress: rctrl
1017.8163 	EXP 	Sound  started
1017.8512 	DATA 	Keypress: rctrl
1018.5392 	DATA 	Keypress: rctrl
1018.5663 	EXP 	Sound  started
1019.2912 	DATA 	Keypress: rctrl
1019.3163 	EXP 	Sound  started
1020.0663 	EXP 	Sound  started
1020.0913 	DATA 	Keypress: lctrl
1020.8112 	DATA 	Keypress: lctrl
1020.8163 	EXP 	Sound  started
1021.5663 	EXP 	Sound  started
1021.6272 	DATA 	Keypress: lctrl
1022.3163 	EXP 	Sound  started
1022.3793 	DATA 	Keypress: lctrl
1023.0664 	EXP 	Sound  started
1023.1634 	DATA 	Keypress: lctrl
1023.8164 	EXP 	Sound  started
1023.8353 	DATA 	Keypress: rctrl
1024.5664 	EXP 	Sound  started
1024.5872 	DATA 	Keypress: lctrl
1025.3164 	EXP 	Sound  started
1025.3392 	DATA 	Keypress: rctrl
1026.0664 	EXP 	Sound  started
1026.0913 	DATA 	Keypress: lctrl
1026.8164 	EXP 	Sound  started
1026.8274 	DATA 	Keypress: lctrl
1027.5634 	DATA 	Keypress: lctrl
1027.5664 	EXP 	Sound  started
1028.3164 	EXP 	Sound  started
1028.4593 	DATA 	Keypress: rctrl
1029.1477 	DATA 	Keypress: lctrl
1033.8844 	DATA 	Keypress: 2
1033.9010 	EXP 	unnamed ShapeStim: vertices = <class 'numpy.ndarray'>
1046.0444 	DATA 	Keypress: 3
1046.0609 	EXP 	unnamed ShapeStim: vertices = <class 'numpy.ndarray'>
1056.0359 	DATA 	Keypress: 3
1056.0524 	EXP 	unnamed ShapeStim: vertices = <class 'numpy.ndarray'>
1058.3373 	EXP 	Sound  started
1058.5554 	DATA 	Keypress: lctrl
1059.0871 	EXP 	Sound  started
1059.1152 	DATA 	Keypress: lctrl
1059.7873 	DATA 	Keypress: lctrl
1059.8371 	EXP 	Sound  started
1060.5553 	DATA 	Keypress: rctrl
1060.5872 	EXP 	Sound  started
1061.2592 	DATA 	Keypress: rctrl
1061.3372 	EXP 	Sound  started
1062.0112 	DATA 	Keypress: lctrl
1062.0872 	EXP 	Sound  started
1062.7793 	DATA 	Keypress: lctrl
1062.8372 	EXP 	Sound  started
1063.5793 	DATA 	Keypress: rctrl
1063.5872 	EXP 	Sound  started
1064.2832 	DATA 	Keypress: rctrl
1064.3372 	EXP 	Sound  started
1064.9713 	DATA 	Keypress: rctrl
1065.0872 	EXP 	Sound  started
1065.7393 	DATA 	Keypress: rctrl
1065.8372 	EXP 	Sound  started
1066.5393 	DATA 	Keypress: lctrl
1066.5873 	EXP 	Sound  started
1067.2752 	DATA 	Keypress: rctrl
1067.3373 	EXP 	Sound  started
1068.0272 	DATA 	Keypress: lctrl
1068.0873 	EXP 	Sound  started
1068.7793 	DATA 	Keypress: rctrl
1068.8373 	EXP 	Sound  started
1069.5153 	DATA 	Keypress: lctrl
1069.5873 	EXP 	Sound  started
1070.2833 	DATA 	Keypress: rctrl
1070.3373 	EXP 	Sound  started
1071.0513 	DATA 	Keypress: lctrl
1071.0873 	EXP 	Sound  started
1071.7872 	DATA 	Keypress: rctrl
1071.8374 	EXP 	Sound  started
1072.5712 	DATA 	Keypress: lctrl
1072.5874 	EXP 	Sound  started
1073.3233 	DATA 	Keypress: rctrl
1073.3374 	EXP 	Sound  started
1074.0433 	DATA 	Keypress: lctrl
1074.0874 	EXP 	Sound  started
1074.7952 	DATA 	Keypress: lctrl
1074.8374 	EXP 	Sound  started
1075.5874 	EXP 	Sound  started
1075.6433 	DATA 	Keypress: lctrl
1076.3374 	EXP 	Sound  started
1076.3472 	DATA 	Keypress: rctrl
1077.0875 	EXP 	Sound  started
1077.0993 	DATA 	Keypress: rctrl
1077.7553 	DATA 	Keypress: lctrl
1077.8375 	EXP 	Sound  started
1078.5392 	DATA 	Keypress: lctrl
1078.5875 	EXP 	Sound  started
1079.3375 	EXP 	Sound  started
1079.3873 	DATA 	Keypress: rctrl
1080.0875 	EXP 	Sound  started
1080.1392 	DATA 	Keypress: lctrl
1080.8375 	EXP 	Sound  started
1080.8432 	DATA 	Keypress: rctrl
1081.5312 	DATA 	Keypress: lctrl
1081.5875 	EXP 	Sound  started
1082.2512 	DATA 	Keypress: rctrl
1082.3375 	EXP 	Sound  started
1082.9873 	DATA 	Keypress: lctrl
1083.0876 	EXP 	Sound  started
1083.7873 	DATA 	Keypress: rctrl
1083.8376 	EXP 	Sound  started
1084.4913 	DATA 	Keypress: lctrl
1084.5876 	EXP 	Sound  started
1085.3072 	DATA 	Keypress: rctrl
1085.3376 	EXP 	Sound  started
1086.0272 	DATA 	Keypress: rctrl
1086.0876 	EXP 	Sound  started
1086.7312 	DATA 	Keypress: rctrl
1086.8376 	EXP 	Sound  started
1087.5312 	DATA 	Keypress: rctrl
1087.5876 	EXP 	Sound  started
1088.2992 	DATA 	Keypress: lctrl
1088.3377 	EXP 	Sound  started
1089.0512 	DATA 	Keypress: lctrl
1089.0877 	EXP 	Sound  started
1089.7712 	DATA 	Keypress: rctrl
1089.8377 	EXP 	Sound  started
1090.5712 	DATA 	Keypress: lctrl
1090.5877 	EXP 	Sound  started
1091.2592 	DATA 	Keypress: rctrl
1091.3377 	EXP 	Sound  started
1092.0752 	DATA 	Keypress: lctrl
1092.0877 	EXP 	Sound  started
1092.8273 	DATA 	Keypress: rctrl
1092.8377 	EXP 	Sound  started
1093.5153 	DATA 	Keypress: rctrl
1093.5877 	EXP 	Sound  started
1094.2992 	DATA 	Keypress: rctrl
1094.3378 	EXP 	Sound  started
1095.0512 	DATA 	Keypress: rctrl
1095.0878 	EXP 	Sound  started
1095.8352 	DATA 	Keypress: lctrl
1095.8378 	EXP 	Sound  started
1096.5878 	EXP 	Sound  started
1096.6032 	DATA 	Keypress: lctrl
1097.3378 	EXP 	Sound  started
1097.3552 	DATA 	Keypress: rctrl
1098.0878 	EXP 	Sound  started
1098.1873 	DATA 	Keypress: lctrl
1098.8273 	DATA 	Keypress: rctrl
1098.8378 	EXP 	Sound  started
1099.5878 	EXP 	Sound  started
1099.5953 	DATA 	Keypress: lctrl
1100.3379 	EXP 	Sound  started
1100.3633 	DATA 	Keypress: rctrl
1101.0879 	EXP 	Sound  started
1101.0992 	DATA 	Keypress: lctrl
1101.9073 	DATA 	Keypress: rctrl
1110.7807 	DATA 	Keypress: 2
1110.7973 	EXP 	unnamed ShapeStim: vertices = <class 'numpy.ndarray'>
1120.1587 	DATA 	Keypress: 2
1120.1883 	EXP 	unnamed ShapeStim: vertices = <class 'numpy.ndarray'>
1133.5327 	DATA 	Keypress: 2
1133.5492 	EXP 	unnamed ShapeStim: vertices = <class 'numpy.ndarray'>
1135.8341 	EXP 	Sound  started
1136.4753 	DATA 	Keypress: rctrl
1136.5839 	EXP 	Sound  started
1137.2432 	DATA 	Keypress: rctrl
1137.3340 	EXP 	Sound  started
1137.9631 	DATA 	Keypress: lctrl
1138.0840 	EXP 	Sound  started
1138.7473 	DATA 	Keypress: rctrl
1138.8340 	EXP 	Sound  started
1139.4992 	DATA 	Keypress: lctrl
1139.5840 	EXP 	Sound  started
1140.2832 	DATA 	Keypress: rctrl
1140.3340 	EXP 	Sound  started
1141.0511 	DATA 	Keypress: lctrl
1141.0840 	EXP 	Sound  started
1141.8192 	DATA 	Keypress: rctrl
1141.8340 	EXP 	Sound  started
1142.5712 	DATA 	Keypress: lctrl
1142.5841 	EXP 	Sound  started
1143.3072 	DATA 	Keypress: lctrl
1143.3341 	EXP 	Sound  started
1144.0592 	DATA 	Keypress: lctrl
1144.0841 	EXP 	Sound  started
1144.8271 	DATA 	Keypress: lctrl
1144.8341 	EXP 	Sound  started
1145.5472 	DATA 	Keypress: rctrl
1145.5841 	EXP 	Sound  started
1146.2353 	DATA 	Keypress: rctrl
1146.3341 	EXP 	Sound  started
1147.0032 	DATA 	Keypress: lctrl
1147.0841 	EXP 	Sound  started
1147.7712 	DATA 	Keypress: lctrl
1147.8341 	EXP 	Sound  started
1148.5842 	EXP 	Sound  started
1148.5872 	DATA 	Keypress: rctrl
1149.3342 	EXP 	Sound  started
1149.3391 	DATA 	Keypress: rctrl
1150.0752 	DATA 	Keypress: rctrl
1150.0842 	EXP 	Sound  started
1150.8111 	DATA 	Keypress: rctrl
1150.8342 	EXP 	Sound  started
1151.5632 	DATA 	Keypress: rctrl
1151.5842 	EXP 	Sound  started
1152.3152 	DATA 	Keypress: lctrl
1152.3342 	EXP 	Sound  started
1153.0032 	DATA 	Keypress: lctrl
1153.0842 	EXP 	Sound  started
1153.8192 	DATA 	Keypress: lctrl
1153.8343 	EXP 	Sound  started
1154.5843 	EXP 	Sound  started
1154.5872 	DATA 	Keypress: rctrl
1155.2911 	DATA 	Keypress: rctrl
1155.3343 	EXP 	Sound  started
1155.9951 	DATA 	Keypress: lctrl
1156.0843 	EXP 	Sound  started
1156.7631 	DATA 	Keypress: rctrl
1156.8343 	EXP 	Sound  started
1157.5632 	DATA 	Keypress: lctrl
1157.5843 	EXP 	Sound  started
1158.2833 	DATA 	Keypress: rctrl
1158.3343 	EXP 	Sound  started
1159.0033 	DATA 	Keypress: rctrl
1159.0844 	EXP 	Sound  started
1159.8192 	DATA 	Keypress: rctrl
1159.8344 	EXP 	Sound  started
1160.5392 	DATA 	Keypress: rctrl
1160.5844 	EXP 	Sound  started
1161.3231 	DATA 	Keypress: lctrl
1161.3344 	EXP 	Sound  started
1162.0844 	EXP 	Sound  started
1162.1071 	DATA 	Keypress: lctrl
1162.8112 	DATA 	Keypress: lctrl
1162.8344 	EXP 	Sound  started
1163.5633 	DATA 	Keypress: rctrl
1163.5844 	EXP 	Sound  started
1164.2991 	DATA 	Keypress: lctrl
1164.3344 	EXP 	Sound  started
1165.0352 	DATA 	Keypress: rctrl
1165.0844 	EXP 	Sound  started
1165.8191 	DATA 	Keypress: lctrl
1165.8345 	EXP 	Sound  started
1166.5712 	DATA 	Keypress: rctrl
1166.5845 	EXP 	Sound  started
1167.3072 	DATA 	Keypress: rctrl
1167.3345 	EXP 	Sound  started
1168.0751 	DATA 	Keypress: rctrl
1168.0845 	EXP 	Sound  started
1168.8113 	DATA 	Keypress: lctrl
1168.8345 	EXP 	Sound  started
1169.5632 	DATA 	Keypress: lctrl
1169.5845 	EXP 	Sound  started
1170.2832 	DATA 	Keypress: lctrl
1170.3345 	EXP 	Sound  started
1171.0192 	DATA 	Keypress: rctrl
1171.0845 	EXP 	Sound  started
1171.8031 	DATA 	Keypress: lctrl
1171.8346 	EXP 	Sound  started
1172.4912 	DATA 	Keypress: rctrl
1172.5846 	EXP 	Sound  started
1173.2752 	DATA 	Keypress: lctrl
1173.3346 	EXP 	Sound  started
1174.0433 	DATA 	Keypress: rctrl
1174.0846 	EXP 	Sound  started
1174.7951 	DATA 	Keypress: rctrl
1174.8346 	EXP 	Sound  started
1175.4992 	DATA 	Keypress: lctrl
1175.5846 	EXP 	Sound  started
1176.3152 	DATA 	Keypress: lctrl
1176.3346 	EXP 	Sound  started
1177.0672 	DATA 	Keypress: lctrl
1177.0846 	EXP 	Sound  started
1177.8032 	DATA 	Keypress: lctrl
1177.8347 	EXP 	Sound  started
1178.4751 	DATA 	Keypress: rctrl
1178.5847 	EXP 	Sound  started
1179.2112 	DATA 	Keypress: lctrl
1179.3347 	EXP 	Sound  started
1179.9631 	DATA 	Keypress: rctrl
1180.0847 	EXP 	Sound  started
1180.7472 	DATA 	Keypress: lctrl
1180.8347 	EXP 	Sound  started
1181.4512 	DATA 	Keypress: rctrl
1181.5847 	EXP 	Sound  started
1182.2512 	DATA 	Keypress: lctrl
1182.3348 	EXP 	Sound  started
1183.0832 	DATA 	Keypress: rctrl
1183.0848 	EXP 	Sound  started
1183.7391 	DATA 	Keypress: lctrl
1183.8348 	EXP 	Sound  started
1184.5551 	DATA 	Keypress: lctrl
1184.5848 	EXP 	Sound  started
1185.3232 	DATA 	Keypress: lctrl
1185.3348 	EXP 	Sound  started
1186.0848 	EXP 	Sound  started
1186.1231 	DATA 	Keypress: rctrl
1186.8348 	EXP 	Sound  started
1186.9231 	DATA 	Keypress: rctrl
1187.5848 	EXP 	Sound  started
1187.6112 	DATA 	Keypress: rctrl
1188.3349 	EXP 	Sound  started
1188.3951 	DATA 	Keypress: rctrl
1189.0849 	EXP 	Sound  started
1189.1312 	DATA 	Keypress: rctrl
1189.8349 	EXP 	Sound  started
1189.8832 	DATA 	Keypress: lctrl
1190.5849 	EXP 	Sound  started
1190.5872 	DATA 	Keypress: lctrl
1191.2431 	DATA 	Keypress: rctrl
1191.3349 	EXP 	Sound  started
1192.0271 	DATA 	Keypress: rctrl
1192.0849 	EXP 	Sound  started
1192.7792 	DATA 	Keypress: lctrl
1192.8349 	EXP 	Sound  started
1193.5151 	DATA 	Keypress: lctrl
1193.5849 	EXP 	Sound  started
1194.2992 	DATA 	Keypress: lctrl
1194.3350 	EXP 	Sound  started
1195.0850 	EXP 	Sound  started
1195.0992 	DATA 	Keypress: lctrl
1195.8392 	DATA 	Keypress: lctrl
1202.6894 	DATA 	Keypress: 2
1202.7059 	EXP 	unnamed ShapeStim: vertices = <class 'numpy.ndarray'>
1211.0833 	DATA 	Keypress: 2
1211.1128 	EXP 	unnamed ShapeStim: vertices = <class 'numpy.ndarray'>
1214.1487 	DATA 	Keypress: 2
1214.1653 	EXP 	unnamed ShapeStim: vertices = <class 'numpy.ndarray'>
1216.4500 	EXP 	Sound  started
1217.1312 	DATA 	Keypress: rctrl
1217.1998 	EXP 	Sound  started
1217.8512 	DATA 	Keypress: rctrl
1217.9498 	EXP 	Sound  started
1218.6512 	DATA 	Keypress: lctrl
1218.6998 	EXP 	Sound  started
1219.4031 	DATA 	Keypress: lctrl
1219.4499 	EXP 	Sound  started
1220.1872 	DATA 	Keypress: lctrl
1220.1999 	EXP 	Sound  started
1220.9499 	EXP 	Sound  started
1220.9711 	DATA 	Keypress: lctrl
1221.6999 	EXP 	Sound  started
1221.7071 	DATA 	Keypress: lctrl
1222.4499 	EXP 	Sound  started
1222.4591 	DATA 	Keypress: rctrl
1223.1631 	DATA 	Keypress: rctrl
1223.1999 	EXP 	Sound  started
1223.8991 	DATA 	Keypress: lctrl
1223.9499 	EXP 	Sound  started
1224.6351 	DATA 	Keypress: lctrl
1224.6999 	EXP 	Sound  started
1225.4032 	DATA 	Keypress: rctrl
1225.4499 	EXP 	Sound  started
1226.1391 	DATA 	Keypress: rctrl
1226.2000 	EXP 	Sound  started
1226.8751 	DATA 	Keypress: rctrl
1226.9500 	EXP 	Sound  started
1227.6431 	DATA 	Keypress: lctrl
1227.7000 	EXP 	Sound  started
1228.3951 	DATA 	Keypress: lctrl
1228.4500 	EXP 	Sound  started
1229.1632 	DATA 	Keypress: lctrl
1229.2000 	EXP 	Sound  started
1229.9471 	DATA 	Keypress: rctrl
1229.9500 	EXP 	Sound  started
1230.6671 	DATA 	Keypress: rctrl
1230.7001 	EXP 	Sound  started
1231.3872 	DATA 	Keypress: lctrl
1231.4501 	EXP 	Sound  started
1232.1711 	DATA 	Keypress: lctrl
1232.2001 	EXP 	Sound  started
1232.9232 	DATA 	Keypress: lctrl
1232.9501 	EXP 	Sound  started
1233.6593 	DATA 	Keypress: lctrl
1233.7001 	EXP 	Sound  started
1234.4501 	EXP 	Sound  started
1234.5392 	DATA 	Keypress: rctrl
1235.2001 	EXP 	Sound  started
1235.2111 	DATA 	Keypress: rctrl
1235.9501 	EXP 	Sound  started
1235.9793 	DATA 	Keypress: rctrl
1236.7002 	EXP 	Sound  started
1236.7151 	DATA 	Keypress: rctrl
1237.4502 	EXP 	Sound  started
1237.4511 	DATA 	Keypress: lctrl
1238.1712 	DATA 	Keypress: lctrl
1238.2002 	EXP 	Sound  started
1238.9392 	DATA 	Keypress: lctrl
1238.9502 	EXP 	Sound  started
1239.6591 	DATA 	Keypress: lctrl
1239.7002 	EXP 	Sound  started
1240.4502 	EXP 	Sound  started
1240.4592 	DATA 	Keypress: rctrl
1241.2002 	EXP 	Sound  started
1241.2112 	DATA 	Keypress: rctrl
1241.9311 	DATA 	Keypress: lctrl
1241.9503 	EXP 	Sound  started
1242.6991 	DATA 	Keypress: lctrl
1242.7003 	EXP 	Sound  started
1243.4503 	EXP 	Sound  started
1243.4991 	DATA 	Keypress: rctrl
1244.2003 	EXP 	Sound  started
1244.2192 	DATA 	Keypress: rctrl
1244.9503 	EXP 	Sound  started
1244.9711 	DATA 	Keypress: rctrl
1245.7003 	EXP 	Sound  started
1245.7231 	DATA 	Keypress: rctrl
1246.4503 	EXP 	Sound  started
1246.4751 	DATA 	Keypress: rctrl
1247.1952 	DATA 	Keypress: lctrl
1247.2003 	EXP 	Sound  started
1247.9504 	EXP 	Sound  started
1247.9791 	DATA 	Keypress: lctrl
1248.6991 	DATA 	Keypress: lctrl
1248.7004 	EXP 	Sound  started
1249.4504 	EXP 	Sound  started
1249.4992 	DATA 	Keypress: rctrl
1250.2004 	EXP 	Sound  started
1250.2031 	DATA 	Keypress: rctrl
1250.9504 	EXP 	Sound  started
1250.9711 	DATA 	Keypress: rctrl
1251.7004 	EXP 	Sound  started
1251.7711 	DATA 	Keypress: lctrl
1252.4504 	EXP 	Sound  started
1252.5231 	DATA 	Keypress: lctrl
1253.2005 	EXP 	Sound  started
1253.3231 	DATA 	Keypress: lctrl
1253.9505 	EXP 	Sound  started
1254.0591 	DATA 	Keypress: lctrl
1254.7005 	EXP 	Sound  started
1254.7951 	DATA 	Keypress: lctrl
1255.4505 	EXP 	Sound  started
1255.4991 	DATA 	Keypress: rctrl
1256.2005 	EXP 	Sound  started
1256.2671 	DATA 	Keypress: rctrl
1256.9505 	EXP 	Sound  started
1256.9551 	DATA 	Keypress: lctrl
1257.5951 	DATA 	Keypress: rctrl
1257.7005 	EXP 	Sound  started
1258.4431 	DATA 	Keypress: lctrl
1258.4506 	EXP 	Sound  started
1259.2006 	EXP 	Sound  started
1259.2271 	DATA 	Keypress: rctrl
1259.9506 	EXP 	Sound  started
1260.0111 	DATA 	Keypress: lctrl
1260.7006 	EXP 	Sound  started
1260.7791 	DATA 	Keypress: rctrl
1261.4506 	EXP 	Sound  started
1261.4991 	DATA 	Keypress: rctrl
1262.2006 	EXP 	Sound  started
1262.9506 	EXP 	Sound  started
1263.0191 	DATA 	Keypress: rctrl
1263.7007 	EXP 	Sound  started
1263.7552 	DATA 	Keypress: rctrl
1264.4507 	EXP 	Sound  started
1264.4751 	DATA 	Keypress: lctrl
1265.2007 	EXP 	Sound  started
1265.2271 	DATA 	Keypress: rctrl
1265.9507 	EXP 	Sound  started
1266.0112 	DATA 	Keypress: rctrl
1266.7007 	EXP 	Sound  started
1266.7631 	DATA 	Keypress: rctrl
1267.4191 	DATA 	Keypress: lctrl
1267.4507 	EXP 	Sound  started
1268.2007 	EXP 	Sound  started
1268.2351 	DATA 	Keypress: rctrl
1268.9507 	EXP 	Sound  started
1268.9551 	DATA 	Keypress: rctrl
1269.6911 	DATA 	Keypress: lctrl
1269.7008 	EXP 	Sound  started
1270.4431 	DATA 	Keypress: rctrl
1270.4508 	EXP 	Sound  started
1271.2008 	EXP 	Sound  started
1271.2111 	DATA 	Keypress: lctrl
1271.9508 	EXP 	Sound  started
1271.9632 	DATA 	Keypress: lctrl
1272.6831 	DATA 	Keypress: rctrl
1272.7008 	EXP 	Sound  started
1273.4031 	DATA 	Keypress: lctrl
1273.4508 	EXP 	Sound  started
1274.1552 	DATA 	Keypress: lctrl
1274.2009 	EXP 	Sound  started
1274.9231 	DATA 	Keypress: lctrl
1274.9509 	EXP 	Sound  started
1275.7201 	DATA 	Keypress: lctrl
1282.1713 	DATA 	Keypress: 3
1282.1877 	EXP 	unnamed ShapeStim: vertices = <class 'numpy.ndarray'>
1289.2437 	DATA 	Keypress: 3
1289.2601 	EXP 	unnamed ShapeStim: vertices = <class 'numpy.ndarray'>
1299.7392 	DATA 	Keypress: 2
1299.7687 	EXP 	unnamed ShapeStim: vertices = <class 'numpy.ndarray'>
1324.1711 	DATA 	Keypress: return
1324.2636 	EXP 	window1: mouseVisible = True
