574.7022 	WARNING 	User requested fullscreen with size [1024  768], but screen is actually [1920, 1200]. Using actual size
575.4990 	EXP 	Created window1 = Window(allowGUI=False, allowStencil=False, autoLog=True, backendConf=UNKNOWN, bitsMode=UNKNOWN, blendMode='avg', bpc=(8, 8, 8), color=array([0, 0, 0]), colorSpace='rgb', depthBits=8, fullscr=<method-wrapper '__getattribute__' of attributeSetter object at 0x0000013EE7A267B8>, gamma=None, gammaErrorPolicy='raise', lms=UNKNOWN, monitor=<psychopy.monitors.calibTools.Monitor object at 0x0000013EE91640B8>, multiSample=False, name='window1', numSamples=2, pos=[0.0, 0.0], screen=0, size=array([1920, 1200]), stencilBits=0, stereo=False, units='norm', useFBO=True, useRetina=False, viewOri=0.0, viewPos=None, viewScale=None, waitBlanking=True, winType='pyglet')
575.4993 	EXP 	window1: mouseVisible = True
575.4994 	EXP 	window1: mouseVisible = False
575.4994 	EXP 	window1: recordFrameIntervals = False
575.6655 	EXP 	window1: recordFrameIntervals = True
575.8490 	EXP 	window1: recordFrameIntervals = False
575.9029 	EXP 	Created text = TextStim(__class__=<class 'psychopy.visual.text.TextStim'>, alignHoriz=method-wrapper(...), alignText='center', alignVert=method-wrapper(...), anchorHoriz='center', anchorVert='center', antialias=True, autoLog=True, bold=False, color=array([1., 1., 1.]), colorSpace='rgb', contrast=1.0, depth=0.0, flipHoriz=False, flipVert=False, font='Arial', fontFiles=[], height=0.15, italic=False, languageStyle='LTR', name='text', opacity=1, ori=0, pos=array([0., 0.]), rgb=UNKNOWN, text='+', units='norm', win=Window(...), wrapWidth=1)
575.9225 	EXP 	Created text = TextStim(__class__=<class 'psychopy.visual.text.TextStim'>, alignHoriz=method-wrapper(...), alignText='center', alignVert=method-wrapper(...), anchorHoriz='center', anchorVert='center', antialias=True, autoLog=True, bold=False, color=array([1., 1., 1.]), colorSpace='rgb', contrast=1.0, depth=0.0, flipHoriz=False, flipVert=False, font='Arial', fontFiles=[], height=0.07, italic=False, languageStyle='LTR', name='text', opacity=1, ori=0, pos=array([0., 0.]), rgb=UNKNOWN, text=str(...), units='norm', win=Window(...), wrapWidth=1.65)
575.9313 	EXP 	Created text = TextStim(__class__=<class 'psychopy.visual.text.TextStim'>, alignHoriz=method-wrapper(...), alignText='center', alignVert=method-wrapper(...), anchorHoriz='center', anchorVert='center', antialias=True, autoLog=True, bold=False, color=array([1., 1., 1.]), colorSpace='rgb', contrast=1.0, depth=0.0, flipHoriz=False, flipVert=False, font='Arial', fontFiles=[], height=0.07, italic=False, languageStyle='LTR', name='text', opacity=1, ori=0, pos=array([0., 0.]), rgb=UNKNOWN, text=str(...), units='norm', win=Window(...), wrapWidth=1.65)
575.9406 	EXP 	Created text = TextStim(__class__=<class 'psychopy.visual.text.TextStim'>, alignHoriz=method-wrapper(...), alignText='center', alignVert=method-wrapper(...), anchorHoriz='center', anchorVert='center', antialias=True, autoLog=True, bold=False, color=array([1., 1., 1.]), colorSpace='rgb', contrast=1.0, depth=0.0, flipHoriz=False, flipVert=False, font='Arial', fontFiles=[], height=0.07, italic=False, languageStyle='LTR', name='text', opacity=1, ori=0, pos=array([0., 0.]), rgb=UNKNOWN, text=str(...), units='norm', win=Window(...), wrapWidth=1.65)
575.9507 	EXP 	Created text = TextStim(__class__=<class 'psychopy.visual.text.TextStim'>, alignHoriz=method-wrapper(...), alignText='center', alignVert=method-wrapper(...), anchorHoriz='center', anchorVert='center', antialias=True, autoLog=True, bold=False, color=array([1., 1., 1.]), colorSpace='rgb', contrast=1.0, depth=0.0, flipHoriz=False, flipVert=False, font='Arial', fontFiles=[], height=0.07, italic=False, languageStyle='LTR', name='text', opacity=1, ori=0, pos=array([0., 0.]), rgb=UNKNOWN, text=str(...), units='norm', win=Window(...), wrapWidth=1.65)
575.9563 	EXP 	Created text = TextStim(__class__=<class 'psychopy.visual.text.TextStim'>, alignHoriz=method-wrapper(...), alignText='center', alignVert=method-wrapper(...), anchorHoriz='center', anchorVert='center', antialias=True, autoLog=True, bold=False, color=array([1., 1., 1.]), colorSpace='rgb', contrast=1.0, depth=0.0, flipHoriz=False, flipVert=False, font='Arial', fontFiles=[], height=0.07, italic=False, languageStyle='LTR', name='text', opacity=1, ori=0, pos=array([0., 0.]), rgb=UNKNOWN, text=str(...), units='norm', win=Window(...), wrapWidth=1.65)
575.9712 	EXP 	Created text = TextStim(__class__=<class 'psychopy.visual.text.TextStim'>, alignHoriz=method-wrapper(...), alignText='center', alignVert=method-wrapper(...), anchorHoriz='center', anchorVert='center', antialias=True, autoLog=True, bold=False, color=array([1., 1., 1.]), colorSpace='rgb', contrast=1.0, depth=0.0, flipHoriz=False, flipVert=False, font='Arial', fontFiles=[], height=0.15, italic=False, languageStyle='LTR', name='text', opacity=1, ori=0, pos=array([0., 0.]), rgb=UNKNOWN, text=str(...), units='norm', win=Window(...), wrapWidth=1.65)
575.9999 	EXP 	Created text = TextStim(__class__=<class 'psychopy.visual.text.TextStim'>, alignHoriz=method-wrapper(...), alignText='center', alignVert=method-wrapper(...), anchorHoriz='center', anchorVert='center', antialias=True, autoLog=True, bold=False, color=array([1., 1., 1.]), colorSpace='rgb', contrast=1.0, depth=0.0, flipHoriz=False, flipVert=False, font='Arial', fontFiles=[], height=0.07, italic=False, languageStyle='LTR', name='text', opacity=1, ori=0, pos=array([0., 0.]), rgb=UNKNOWN, text=str(...), units='norm', win=Window(...), wrapWidth=1.65)
576.0204 	EXP 	Created text = TextStim(__class__=<class 'psychopy.visual.text.TextStim'>, alignHoriz=method-wrapper(...), alignText='center', alignVert=method-wrapper(...), anchorHoriz='center', anchorVert='center', antialias=True, autoLog=True, bold=False, color=array([1., 1., 1.]), colorSpace='rgb', contrast=1.0, depth=0.0, flipHoriz=False, flipVert=False, font='Arial', fontFiles=[], height=0.07, italic=False, languageStyle='LTR', name='text', opacity=1, ori=0, pos=array([0., 0.]), rgb=UNKNOWN, text=str(...), units='norm', win=Window(...), wrapWidth=1.65)
576.0512 	EXP 	Created text = TextStim(__class__=<class 'psychopy.visual.text.TextStim'>, alignHoriz=method-wrapper(...), alignText='center', alignVert=method-wrapper(...), anchorHoriz='center', anchorVert='center', antialias=True, autoLog=True, bold=False, color=array([1., 1., 1.]), colorSpace='rgb', contrast=1.0, depth=0.0, flipHoriz=False, flipVert=False, font='Arial', fontFiles=[], height=0.07, italic=False, languageStyle='LTR', name='text', opacity=1, ori=0, pos=array([0., 0.]), rgb=UNKNOWN, text=str(...), units='norm', win=Window(...), wrapWidth=1.65)
576.0750 	EXP 	Created text = TextStim(__class__=<class 'psychopy.visual.text.TextStim'>, alignHoriz=method-wrapper(...), alignText='center', alignVert=method-wrapper(...), anchorHoriz='center', anchorVert='center', antialias=True, autoLog=True, bold=False, color=array([1., 1., 1.]), colorSpace='rgb', contrast=1.0, depth=0.0, flipHoriz=False, flipVert=False, font='Arial', fontFiles=[], height=0.07, italic=False, languageStyle='LTR', name='text', opacity=1, ori=0, pos=array([0., 0.]), rgb=UNKNOWN, text=str(...), units='norm', win=Window(...), wrapWidth=1.65)
576.1049 	EXP 	Created text = TextStim(__class__=<class 'psychopy.visual.text.TextStim'>, alignHoriz=method-wrapper(...), alignText='center', alignVert=method-wrapper(...), anchorHoriz='center', anchorVert='center', antialias=True, autoLog=True, bold=False, color=array([1., 1., 1.]), colorSpace='rgb', contrast=1.0, depth=0.0, flipHoriz=False, flipVert=False, font='Arial', fontFiles=[], height=0.07, italic=False, languageStyle='LTR', name='text', opacity=1, ori=0, pos=array([0., 0.]), rgb=UNKNOWN, text=str(...), units='norm', win=Window(...), wrapWidth=1.65)
576.1157 	EXP 	Created text = TextStim(__class__=<class 'psychopy.visual.text.TextStim'>, alignHoriz=method-wrapper(...), alignText='center', alignVert=method-wrapper(...), anchorHoriz='center', anchorVert='center', antialias=True, autoLog=True, bold=False, color=array([1., 1., 1.]), colorSpace='rgb', contrast=1.0, depth=0.0, flipHoriz=False, flipVert=False, font='Arial', fontFiles=[], height=0.07, italic=False, languageStyle='LTR', name='text', opacity=1, ori=0, pos=array([0., 0.]), rgb=UNKNOWN, text=str(...), units='norm', win=Window(...), wrapWidth=1.65)
576.1279 	EXP 	Created text = TextStim(__class__=<class 'psychopy.visual.text.TextStim'>, alignHoriz=method-wrapper(...), alignText='center', alignVert=method-wrapper(...), anchorHoriz='center', anchorVert='center', antialias=True, autoLog=True, bold=False, color=array([1., 1., 1.]), colorSpace='rgb', contrast=1.0, depth=0.0, flipHoriz=False, flipVert=False, font='Arial', fontFiles=[], height=0.07, italic=False, languageStyle='LTR', name='text', opacity=1, ori=0, pos=array([0., 0.]), rgb=UNKNOWN, text=str(...), units='norm', win=Window(...), wrapWidth=1.65)
576.1323 	EXP 	Created instru = TextStim(__class__=<class 'psychopy.visual.text.TextStim'>, alignHoriz=method-wrapper(...), alignText='center', alignVert=method-wrapper(...), anchorHoriz='center', anchorVert='center', antialias=True, autoLog=True, bold=False, color=array([1., 1., 1.]), colorSpace='rgb', contrast=1.0, depth=0.0, flipHoriz=False, flipVert=False, font='Arial', fontFiles=[], height=0.07, italic=False, languageStyle='LTR', name='instru', opacity=1, ori=0, pos=array([0. , 0.5]), rgb=UNKNOWN, text=str(...), units='norm', win=Window(...), wrapWidth=1)
576.1347 	EXP 	Created unnamed Line = Line(__class__=<class 'psychopy.visual.line.Line'>, autoDraw=False, autoLog=True, closeShape=False, color=array([1., 1., 1.]), colorSpace='rgb', contrast=None, depth=0, fillColor=array([0, 0, 0]), fillColorSpace='rgb', fillRGB=array([0, 0, 0]), interpolate=True, lineColor=array([1., 1., 1.]), lineColorSpace='rgb', lineRGB=array([1, 1, 1]), lineWidth=5, name='unnamed Line', opacity=0.5, ori=0.0, pos=array([0., 0.]), size=array([1., 1.]), units='norm', vertices=array([[-0.5,  0. ],
       [ 0.5,  0. ]]), win=Window(...), windingRule=None)
576.1367 	EXP 	Created unnamed Line = Line(__class__=<class 'psychopy.visual.line.Line'>, autoDraw=False, autoLog=True, closeShape=False, color=array([1., 1., 1.]), colorSpace='rgb', contrast=None, depth=0, fillColor=array([0, 0, 0]), fillColorSpace='rgb', fillRGB=array([0, 0, 0]), interpolate=True, lineColor=array([1., 1., 1.]), lineColorSpace='rgb', lineRGB=array([1, 1, 1]), lineWidth=3, name='unnamed Line', opacity=0.5, ori=0.0, pos=array([0., 0.]), size=array([1., 1.]), units='norm', vertices=array([[-0.5 , -0.05],
       [-0.5 ,  0.05]]), win=Window(...), windingRule=None)
576.1387 	EXP 	Created unnamed Line = Line(__class__=<class 'psychopy.visual.line.Line'>, autoDraw=False, autoLog=True, closeShape=False, color=array([1., 1., 1.]), colorSpace='rgb', contrast=None, depth=0, fillColor=array([0, 0, 0]), fillColorSpace='rgb', fillRGB=array([0, 0, 0]), interpolate=True, lineColor=array([1., 1., 1.]), lineColorSpace='rgb', lineRGB=array([1, 1, 1]), lineWidth=3, name='unnamed Line', opacity=0.5, ori=0.0, pos=array([0., 0.]), size=array([1., 1.]), units='norm', vertices=ndarray(...), win=Window(...), windingRule=None)
576.1407 	EXP 	Created unnamed Line = Line(__class__=<class 'psychopy.visual.line.Line'>, autoDraw=False, autoLog=True, closeShape=False, color=array([1., 1., 1.]), colorSpace='rgb', contrast=None, depth=0, fillColor=array([0, 0, 0]), fillColorSpace='rgb', fillRGB=array([0, 0, 0]), interpolate=True, lineColor=array([1., 1., 1.]), lineColorSpace='rgb', lineRGB=array([1, 1, 1]), lineWidth=3, name='unnamed Line', opacity=0.5, ori=0.0, pos=array([0., 0.]), size=array([1., 1.]), units='norm', vertices=ndarray(...), win=Window(...), windingRule=None)
576.1426 	EXP 	Created unnamed Line = Line(__class__=<class 'psychopy.visual.line.Line'>, autoDraw=False, autoLog=True, closeShape=False, color=array([1., 1., 1.]), colorSpace='rgb', contrast=None, depth=0, fillColor=array([0, 0, 0]), fillColorSpace='rgb', fillRGB=array([0, 0, 0]), interpolate=True, lineColor=array([1., 1., 1.]), lineColorSpace='rgb', lineRGB=array([1, 1, 1]), lineWidth=3, name='unnamed Line', opacity=0.5, ori=0.0, pos=array([0., 0.]), size=array([1., 1.]), units='norm', vertices=array([[ 0.5 , -0.05],
       [ 0.5 ,  0.05]]), win=Window(...), windingRule=None)
576.1557 	EXP 	Created unnamed TextStim = TextStim(__class__=<class 'psychopy.visual.text.TextStim'>, alignHoriz=method-wrapper(...), alignText='center', alignVert=method-wrapper(...), anchorHoriz='center', anchorVert='center', antialias=True, autoLog=True, bold=False, color=array([1., 1., 1.]), colorSpace='rgb', contrast=1.0, depth=0, flipHoriz=False, flipVert=False, font='', fontFiles=[], height=0.05, italic=False, languageStyle='LTR', name='unnamed TextStim', opacity=1.0, ori=0.0, pos=array([-0.5, -0.1]), rgb=UNKNOWN, text='Helt klart \n IKKE FOKUSERT', units='norm', win=Window(...), wrapWidth=1)
576.1568 	EXP 	Created unnamed TextStim = TextStim(__class__=<class 'psychopy.visual.text.TextStim'>, alignHoriz=method-wrapper(...), alignText='center', alignVert=method-wrapper(...), anchorHoriz='center', anchorVert='center', antialias=True, autoLog=True, bold=False, color=array([1., 1., 1.]), colorSpace='rgb', contrast=1.0, depth=0, flipHoriz=False, flipVert=False, font='', fontFiles=[], height=0.05, italic=False, languageStyle='LTR', name='unnamed TextStim', opacity=1.0, ori=0.0, pos=array([-0.16666667, -0.1       ]), rgb=UNKNOWN, text='', units='norm', win=Window(...), wrapWidth=1)
576.1578 	EXP 	Created unnamed TextStim = TextStim(__class__=<class 'psychopy.visual.text.TextStim'>, alignHoriz=method-wrapper(...), alignText='center', alignVert=method-wrapper(...), anchorHoriz='center', anchorVert='center', antialias=True, autoLog=True, bold=False, color=array([1., 1., 1.]), colorSpace='rgb', contrast=1.0, depth=0, flipHoriz=False, flipVert=False, font='', fontFiles=[], height=0.05, italic=False, languageStyle='LTR', name='unnamed TextStim', opacity=1.0, ori=0.0, pos=array([ 0.16666667, -0.1       ]), rgb=UNKNOWN, text='', units='norm', win=Window(...), wrapWidth=1)
576.1615 	EXP 	Created unnamed TextStim = TextStim(__class__=<class 'psychopy.visual.text.TextStim'>, alignHoriz=method-wrapper(...), alignText='center', alignVert=method-wrapper(...), anchorHoriz='center', anchorVert='center', antialias=True, autoLog=True, bold=False, color=array([1., 1., 1.]), colorSpace='rgb', contrast=1.0, depth=0, flipHoriz=False, flipVert=False, font='', fontFiles=[], height=0.05, italic=False, languageStyle='LTR', name='unnamed TextStim', opacity=1.0, ori=0.0, pos=array([ 0.5, -0.1]), rgb=UNKNOWN, text='Helt klart \n FOKUSERT', units='norm', win=Window(...), wrapWidth=1)
576.1635 	EXP 	Created unnamed ShapeStim = ShapeStim(__class__=<class 'psychopy.visual.shape.ShapeStim'>, autoDraw=False, autoLog=True, closeShape=True, color=method-wrapper(...), colorSpace='rgb', contrast=None, depth=0, fillColor=array([1, 1, 1]), fillColorSpace='rgb', fillRGB=array([1, 1, 1]), interpolate=True, lineColor=array([-1., -1., -1.]), lineColorSpace='rgb', lineRGB=array([-1, -1, -1]), lineWidth=1.5, name='unnamed ShapeStim', opacity=1.0, ori=0.0, pos=array([0., 0.]), size=array([1., 1.]), units='norm', vertices=ndarray(...), win=Window(...), windingRule=None)
576.1710 	EXP 	Created instru = TextStim(__class__=<class 'psychopy.visual.text.TextStim'>, alignHoriz=method-wrapper(...), alignText='center', alignVert=method-wrapper(...), anchorHoriz='center', anchorVert='center', antialias=True, autoLog=True, bold=False, color=array([1., 1., 1.]), colorSpace='rgb', contrast=1.0, depth=0.0, flipHoriz=False, flipVert=False, font='Arial', fontFiles=[], height=0.07, italic=False, languageStyle='LTR', name='instru', opacity=1, ori=0, pos=array([0. , 0.5]), rgb=UNKNOWN, text=str(...), units='norm', win=Window(...), wrapWidth=1)
576.1731 	EXP 	Created unnamed Line = Line(__class__=<class 'psychopy.visual.line.Line'>, autoDraw=False, autoLog=True, closeShape=False, color=array([1., 1., 1.]), colorSpace='rgb', contrast=None, depth=0, fillColor=array([0, 0, 0]), fillColorSpace='rgb', fillRGB=array([0, 0, 0]), interpolate=True, lineColor=array([1., 1., 1.]), lineColorSpace='rgb', lineRGB=array([1, 1, 1]), lineWidth=5, name='unnamed Line', opacity=0.5, ori=0.0, pos=array([0., 0.]), size=array([1., 1.]), units='norm', vertices=array([[-0.5,  0. ],
       [ 0.5,  0. ]]), win=Window(...), windingRule=None)
576.1751 	EXP 	Created unnamed Line = Line(__class__=<class 'psychopy.visual.line.Line'>, autoDraw=False, autoLog=True, closeShape=False, color=array([1., 1., 1.]), colorSpace='rgb', contrast=None, depth=0, fillColor=array([0, 0, 0]), fillColorSpace='rgb', fillRGB=array([0, 0, 0]), interpolate=True, lineColor=array([1., 1., 1.]), lineColorSpace='rgb', lineRGB=array([1, 1, 1]), lineWidth=3, name='unnamed Line', opacity=0.5, ori=0.0, pos=array([0., 0.]), size=array([1., 1.]), units='norm', vertices=array([[-0.5 , -0.05],
       [-0.5 ,  0.05]]), win=Window(...), windingRule=None)
576.1771 	EXP 	Created unnamed Line = Line(__class__=<class 'psychopy.visual.line.Line'>, autoDraw=False, autoLog=True, closeShape=False, color=array([1., 1., 1.]), colorSpace='rgb', contrast=None, depth=0, fillColor=array([0, 0, 0]), fillColorSpace='rgb', fillRGB=array([0, 0, 0]), interpolate=True, lineColor=array([1., 1., 1.]), lineColorSpace='rgb', lineRGB=array([1, 1, 1]), lineWidth=3, name='unnamed Line', opacity=0.5, ori=0.0, pos=array([0., 0.]), size=array([1., 1.]), units='norm', vertices=ndarray(...), win=Window(...), windingRule=None)
576.1791 	EXP 	Created unnamed Line = Line(__class__=<class 'psychopy.visual.line.Line'>, autoDraw=False, autoLog=True, closeShape=False, color=array([1., 1., 1.]), colorSpace='rgb', contrast=None, depth=0, fillColor=array([0, 0, 0]), fillColorSpace='rgb', fillRGB=array([0, 0, 0]), interpolate=True, lineColor=array([1., 1., 1.]), lineColorSpace='rgb', lineRGB=array([1, 1, 1]), lineWidth=3, name='unnamed Line', opacity=0.5, ori=0.0, pos=array([0., 0.]), size=array([1., 1.]), units='norm', vertices=ndarray(...), win=Window(...), windingRule=None)
576.1811 	EXP 	Created unnamed Line = Line(__class__=<class 'psychopy.visual.line.Line'>, autoDraw=False, autoLog=True, closeShape=False, color=array([1., 1., 1.]), colorSpace='rgb', contrast=None, depth=0, fillColor=array([0, 0, 0]), fillColorSpace='rgb', fillRGB=array([0, 0, 0]), interpolate=True, lineColor=array([1., 1., 1.]), lineColorSpace='rgb', lineRGB=array([1, 1, 1]), lineWidth=3, name='unnamed Line', opacity=0.5, ori=0.0, pos=array([0., 0.]), size=array([1., 1.]), units='norm', vertices=array([[ 0.5 , -0.05],
       [ 0.5 ,  0.05]]), win=Window(...), windingRule=None)
576.1866 	EXP 	Created unnamed TextStim = TextStim(__class__=<class 'psychopy.visual.text.TextStim'>, alignHoriz=method-wrapper(...), alignText='center', alignVert=method-wrapper(...), anchorHoriz='center', anchorVert='center', antialias=True, autoLog=True, bold=False, color=array([1., 1., 1.]), colorSpace='rgb', contrast=1.0, depth=0, flipHoriz=False, flipVert=False, font='', fontFiles=[], height=0.05, italic=False, languageStyle='LTR', name='unnamed TextStim', opacity=1.0, ori=0.0, pos=array([-0.5, -0.1]), rgb=UNKNOWN, text='Helt klart \n INGENTING', units='norm', win=Window(...), wrapWidth=1)
576.1876 	EXP 	Created unnamed TextStim = TextStim(__class__=<class 'psychopy.visual.text.TextStim'>, alignHoriz=method-wrapper(...), alignText='center', alignVert=method-wrapper(...), anchorHoriz='center', anchorVert='center', antialias=True, autoLog=True, bold=False, color=array([1., 1., 1.]), colorSpace='rgb', contrast=1.0, depth=0, flipHoriz=False, flipVert=False, font='', fontFiles=[], height=0.05, italic=False, languageStyle='LTR', name='unnamed TextStim', opacity=1.0, ori=0.0, pos=array([-0.16666667, -0.1       ]), rgb=UNKNOWN, text='', units='norm', win=Window(...), wrapWidth=1)
576.1887 	EXP 	Created unnamed TextStim = TextStim(__class__=<class 'psychopy.visual.text.TextStim'>, alignHoriz=method-wrapper(...), alignText='center', alignVert=method-wrapper(...), anchorHoriz='center', anchorVert='center', antialias=True, autoLog=True, bold=False, color=array([1., 1., 1.]), colorSpace='rgb', contrast=1.0, depth=0, flipHoriz=False, flipVert=False, font='', fontFiles=[], height=0.05, italic=False, languageStyle='LTR', name='unnamed TextStim', opacity=1.0, ori=0.0, pos=array([ 0.16666667, -0.1       ]), rgb=UNKNOWN, text='', units='norm', win=Window(...), wrapWidth=1)
576.1918 	EXP 	Created unnamed TextStim = TextStim(__class__=<class 'psychopy.visual.text.TextStim'>, alignHoriz=method-wrapper(...), alignText='center', alignVert=method-wrapper(...), anchorHoriz='center', anchorVert='center', antialias=True, autoLog=True, bold=False, color=array([1., 1., 1.]), colorSpace='rgb', contrast=1.0, depth=0, flipHoriz=False, flipVert=False, font='', fontFiles=[], height=0.05, italic=False, languageStyle='LTR', name='unnamed TextStim', opacity=1.0, ori=0.0, pos=array([ 0.5, -0.1]), rgb=UNKNOWN, text='Helt klart \n NOE', units='norm', win=Window(...), wrapWidth=1)
576.1936 	EXP 	Created unnamed ShapeStim = ShapeStim(__class__=<class 'psychopy.visual.shape.ShapeStim'>, autoDraw=False, autoLog=True, closeShape=True, color=method-wrapper(...), colorSpace='rgb', contrast=None, depth=0, fillColor=array([1, 1, 1]), fillColorSpace='rgb', fillRGB=array([1, 1, 1]), interpolate=True, lineColor=array([-1., -1., -1.]), lineColorSpace='rgb', lineRGB=array([-1, -1, -1]), lineWidth=1.5, name='unnamed ShapeStim', opacity=1.0, ori=0.0, pos=array([0., 0.]), size=array([1., 1.]), units='norm', vertices=ndarray(...), win=Window(...), windingRule=None)
576.2011 	EXP 	Created instru = TextStim(__class__=<class 'psychopy.visual.text.TextStim'>, alignHoriz=method-wrapper(...), alignText='center', alignVert=method-wrapper(...), anchorHoriz='center', anchorVert='center', antialias=True, autoLog=True, bold=False, color=array([1., 1., 1.]), colorSpace='rgb', contrast=1.0, depth=0.0, flipHoriz=False, flipVert=False, font='Arial', fontFiles=[], height=0.07, italic=False, languageStyle='LTR', name='instru', opacity=1, ori=0, pos=array([0. , 0.5]), rgb=UNKNOWN, text=str(...), units='norm', win=Window(...), wrapWidth=1)
576.2031 	EXP 	Created unnamed Line = Line(__class__=<class 'psychopy.visual.line.Line'>, autoDraw=False, autoLog=True, closeShape=False, color=array([1., 1., 1.]), colorSpace='rgb', contrast=None, depth=0, fillColor=array([0, 0, 0]), fillColorSpace='rgb', fillRGB=array([0, 0, 0]), interpolate=True, lineColor=array([1., 1., 1.]), lineColorSpace='rgb', lineRGB=array([1, 1, 1]), lineWidth=5, name='unnamed Line', opacity=0.5, ori=0.0, pos=array([0., 0.]), size=array([1., 1.]), units='norm', vertices=array([[-0.5,  0. ],
       [ 0.5,  0. ]]), win=Window(...), windingRule=None)
576.2052 	EXP 	Created unnamed Line = Line(__class__=<class 'psychopy.visual.line.Line'>, autoDraw=False, autoLog=True, closeShape=False, color=array([1., 1., 1.]), colorSpace='rgb', contrast=None, depth=0, fillColor=array([0, 0, 0]), fillColorSpace='rgb', fillRGB=array([0, 0, 0]), interpolate=True, lineColor=array([1., 1., 1.]), lineColorSpace='rgb', lineRGB=array([1, 1, 1]), lineWidth=3, name='unnamed Line', opacity=0.5, ori=0.0, pos=array([0., 0.]), size=array([1., 1.]), units='norm', vertices=array([[-0.5 , -0.05],
       [-0.5 ,  0.05]]), win=Window(...), windingRule=None)
576.2072 	EXP 	Created unnamed Line = Line(__class__=<class 'psychopy.visual.line.Line'>, autoDraw=False, autoLog=True, closeShape=False, color=array([1., 1., 1.]), colorSpace='rgb', contrast=None, depth=0, fillColor=array([0, 0, 0]), fillColorSpace='rgb', fillRGB=array([0, 0, 0]), interpolate=True, lineColor=array([1., 1., 1.]), lineColorSpace='rgb', lineRGB=array([1, 1, 1]), lineWidth=3, name='unnamed Line', opacity=0.5, ori=0.0, pos=array([0., 0.]), size=array([1., 1.]), units='norm', vertices=ndarray(...), win=Window(...), windingRule=None)
576.2095 	EXP 	Created unnamed Line = Line(__class__=<class 'psychopy.visual.line.Line'>, autoDraw=False, autoLog=True, closeShape=False, color=array([1., 1., 1.]), colorSpace='rgb', contrast=None, depth=0, fillColor=array([0, 0, 0]), fillColorSpace='rgb', fillRGB=array([0, 0, 0]), interpolate=True, lineColor=array([1., 1., 1.]), lineColorSpace='rgb', lineRGB=array([1, 1, 1]), lineWidth=3, name='unnamed Line', opacity=0.5, ori=0.0, pos=array([0., 0.]), size=array([1., 1.]), units='norm', vertices=ndarray(...), win=Window(...), windingRule=None)
576.2115 	EXP 	Created unnamed Line = Line(__class__=<class 'psychopy.visual.line.Line'>, autoDraw=False, autoLog=True, closeShape=False, color=array([1., 1., 1.]), colorSpace='rgb', contrast=None, depth=0, fillColor=array([0, 0, 0]), fillColorSpace='rgb', fillRGB=array([0, 0, 0]), interpolate=True, lineColor=array([1., 1., 1.]), lineColorSpace='rgb', lineRGB=array([1, 1, 1]), lineWidth=3, name='unnamed Line', opacity=0.5, ori=0.0, pos=array([0., 0.]), size=array([1., 1.]), units='norm', vertices=array([[ 0.5 , -0.05],
       [ 0.5 ,  0.05]]), win=Window(...), windingRule=None)
576.2173 	EXP 	Created unnamed TextStim = TextStim(__class__=<class 'psychopy.visual.text.TextStim'>, alignHoriz=method-wrapper(...), alignText='center', alignVert=method-wrapper(...), anchorHoriz='center', anchorVert='center', antialias=True, autoLog=True, bold=False, color=array([1., 1., 1.]), colorSpace='rgb', contrast=1.0, depth=0, flipHoriz=False, flipVert=False, font='', fontFiles=[], height=0.05, italic=False, languageStyle='LTR', name='unnamed TextStim', opacity=1.0, ori=0.0, pos=array([-0.5, -0.1]), rgb=UNKNOWN, text='Helt klart \n SPONTAN', units='norm', win=Window(...), wrapWidth=1)
576.2184 	EXP 	Created unnamed TextStim = TextStim(__class__=<class 'psychopy.visual.text.TextStim'>, alignHoriz=method-wrapper(...), alignText='center', alignVert=method-wrapper(...), anchorHoriz='center', anchorVert='center', antialias=True, autoLog=True, bold=False, color=array([1., 1., 1.]), colorSpace='rgb', contrast=1.0, depth=0, flipHoriz=False, flipVert=False, font='', fontFiles=[], height=0.05, italic=False, languageStyle='LTR', name='unnamed TextStim', opacity=1.0, ori=0.0, pos=array([-0.16666667, -0.1       ]), rgb=UNKNOWN, text='', units='norm', win=Window(...), wrapWidth=1)
576.2196 	EXP 	Created unnamed TextStim = TextStim(__class__=<class 'psychopy.visual.text.TextStim'>, alignHoriz=method-wrapper(...), alignText='center', alignVert=method-wrapper(...), anchorHoriz='center', anchorVert='center', antialias=True, autoLog=True, bold=False, color=array([1., 1., 1.]), colorSpace='rgb', contrast=1.0, depth=0, flipHoriz=False, flipVert=False, font='', fontFiles=[], height=0.05, italic=False, languageStyle='LTR', name='unnamed TextStim', opacity=1.0, ori=0.0, pos=array([ 0.16666667, -0.1       ]), rgb=UNKNOWN, text='', units='norm', win=Window(...), wrapWidth=1)
576.2251 	EXP 	Created unnamed TextStim = TextStim(__class__=<class 'psychopy.visual.text.TextStim'>, alignHoriz=method-wrapper(...), alignText='center', alignVert=method-wrapper(...), anchorHoriz='center', anchorVert='center', antialias=True, autoLog=True, bold=False, color=array([1., 1., 1.]), colorSpace='rgb', contrast=1.0, depth=0, flipHoriz=False, flipVert=False, font='', fontFiles=[], height=0.05, italic=False, languageStyle='LTR', name='unnamed TextStim', opacity=1.0, ori=0.0, pos=array([ 0.5, -0.1]), rgb=UNKNOWN, text='Helt klart \n BEVISST', units='norm', win=Window(...), wrapWidth=1)
576.2270 	EXP 	Created unnamed ShapeStim = ShapeStim(__class__=<class 'psychopy.visual.shape.ShapeStim'>, autoDraw=False, autoLog=True, closeShape=True, color=method-wrapper(...), colorSpace='rgb', contrast=None, depth=0, fillColor=array([1, 1, 1]), fillColorSpace='rgb', fillRGB=array([1, 1, 1]), interpolate=True, lineColor=array([-1., -1., -1.]), lineColorSpace='rgb', lineRGB=array([-1, -1, -1]), lineWidth=1.5, name='unnamed ShapeStim', opacity=1.0, ori=0.0, pos=array([0., 0.]), size=array([1., 1.]), units='norm', vertices=ndarray(...), win=Window(...), windingRule=None)
576.2900 	EXP 	Sound  set volume 1.000
576.3179 	EXP 	unnamed ShapeStim: vertices = <class 'numpy.ndarray'>
576.3179 	EXP 	unnamed ShapeStim: vertices = <class 'numpy.ndarray'>
576.3179 	EXP 	unnamed ShapeStim: vertices = <class 'numpy.ndarray'>
583.2783 	DATA 	Keypress: rctrl
583.7892 	EXP 	Sound  started
584.1103 	DATA 	Keypress: rctrl
584.5391 	EXP 	Sound  started
584.7022 	DATA 	Keypress: rctrl
585.2891 	EXP 	Sound  started
585.2943 	DATA 	Keypress: rctrl
586.0144 	DATA 	Keypress: rctrl
586.0391 	EXP 	Sound  started
586.7343 	DATA 	Keypress: rctrl
586.7891 	EXP 	Sound  started
587.4703 	DATA 	Keypress: rctrl
587.5391 	EXP 	Sound  started
588.1742 	DATA 	Keypress: rctrl
588.2891 	EXP 	Sound  started
588.9582 	DATA 	Keypress: rctrl
589.0391 	EXP 	Sound  started
589.7263 	DATA 	Keypress: lctrl
589.7892 	EXP 	Sound  started
590.4942 	DATA 	Keypress: lctrl
590.5392 	EXP 	Sound  started
591.2143 	DATA 	Keypress: lctrl
591.2892 	EXP 	Sound  started
592.0392 	EXP 	Sound  started
592.0462 	DATA 	Keypress: lctrl
592.7023 	DATA 	Keypress: rctrl
592.7892 	EXP 	Sound  started
593.4224 	DATA 	Keypress: rctrl
593.5392 	EXP 	Sound  started
594.2543 	DATA 	Keypress: rctrl
594.2892 	EXP 	Sound  started
594.9262 	DATA 	Keypress: rctrl
595.0393 	EXP 	Sound  started
595.6622 	DATA 	Keypress: lctrl
595.7893 	EXP 	Sound  started
596.4623 	DATA 	Keypress: lctrl
596.5393 	EXP 	Sound  started
597.2623 	DATA 	Keypress: lctrl
597.2893 	EXP 	Sound  started
597.9502 	DATA 	Keypress: lctrl
598.0393 	EXP 	Sound  started
598.6062 	DATA 	Keypress: rctrl
598.7893 	EXP 	Sound  started
599.4544 	DATA 	Keypress: rctrl
599.5393 	EXP 	Sound  started
600.1743 	DATA 	Keypress: rctrl
600.2894 	EXP 	Sound  started
600.9103 	DATA 	Keypress: rctrl
601.0394 	EXP 	Sound  started
601.6623 	DATA 	Keypress: lctrl
601.7894 	EXP 	Sound  started
602.4143 	DATA 	Keypress: lctrl
602.5394 	EXP 	Sound  started
603.1343 	DATA 	Keypress: lctrl
603.2894 	EXP 	Sound  started
603.9023 	DATA 	Keypress: lctrl
604.0394 	EXP 	Sound  started
604.5902 	DATA 	Keypress: rctrl
604.7895 	EXP 	Sound  started
605.3583 	DATA 	Keypress: rctrl
605.5395 	EXP 	Sound  started
606.1102 	DATA 	Keypress: rctrl
606.2895 	EXP 	Sound  started
606.9262 	DATA 	Keypress: rctrl
607.0395 	EXP 	Sound  started
607.6302 	DATA 	Keypress: lctrl
607.7895 	EXP 	Sound  started
608.4462 	DATA 	Keypress: lctrl
608.5395 	EXP 	Sound  started
609.1342 	DATA 	Keypress: lctrl
609.2895 	EXP 	Sound  started
609.8702 	DATA 	Keypress: lctrl
610.0395 	EXP 	Sound  started
610.6222 	DATA 	Keypress: rctrl
610.7896 	EXP 	Sound  started
611.4223 	DATA 	Keypress: rctrl
611.5396 	EXP 	Sound  started
612.2063 	DATA 	Keypress: rctrl
612.2896 	EXP 	Sound  started
612.9582 	DATA 	Keypress: rctrl
613.0396 	EXP 	Sound  started
613.7102 	DATA 	Keypress: lctrl
613.7896 	EXP 	Sound  started
614.4623 	DATA 	Keypress: lctrl
614.5396 	EXP 	Sound  started
615.1982 	DATA 	Keypress: lctrl
615.2896 	EXP 	Sound  started
615.9342 	DATA 	Keypress: lctrl
616.0397 	EXP 	Sound  started
616.5902 	DATA 	Keypress: rctrl
616.7897 	EXP 	Sound  started
617.3582 	DATA 	Keypress: rctrl
617.5397 	EXP 	Sound  started
618.1103 	DATA 	Keypress: rctrl
618.2897 	EXP 	Sound  started
618.8462 	DATA 	Keypress: rctrl
619.0397 	EXP 	Sound  started
619.6142 	DATA 	Keypress: lctrl
619.7897 	EXP 	Sound  started
620.4463 	DATA 	Keypress: lctrl
620.5397 	EXP 	Sound  started
621.1343 	DATA 	Keypress: lctrl
621.2898 	EXP 	Sound  started
621.9183 	DATA 	Keypress: lctrl
622.0398 	EXP 	Sound  started
622.6702 	DATA 	Keypress: rctrl
622.7898 	EXP 	Sound  started
623.3582 	DATA 	Keypress: rctrl
623.5398 	EXP 	Sound  started
624.1742 	DATA 	Keypress: rctrl
624.2898 	EXP 	Sound  started
624.9743 	DATA 	Keypress: rctrl
625.0398 	EXP 	Sound  started
625.6622 	DATA 	Keypress: lctrl
625.7898 	EXP 	Sound  started
626.3823 	DATA 	Keypress: lctrl
626.5399 	EXP 	Sound  started
627.1343 	DATA 	Keypress: lctrl
627.2899 	EXP 	Sound  started
627.9023 	DATA 	Keypress: lctrl
628.0399 	EXP 	Sound  started
628.6223 	DATA 	Keypress: rctrl
628.7899 	EXP 	Sound  started
629.4223 	DATA 	Keypress: rctrl
629.5399 	EXP 	Sound  started
630.2383 	DATA 	Keypress: rctrl
630.2899 	EXP 	Sound  started
630.9742 	DATA 	Keypress: rctrl
631.0399 	EXP 	Sound  started
631.6943 	DATA 	Keypress: lctrl
631.7899 	EXP 	Sound  started
632.4142 	DATA 	Keypress: lctrl
632.5400 	EXP 	Sound  started
633.1663 	DATA 	Keypress: lctrl
633.2900 	EXP 	Sound  started
633.9342 	DATA 	Keypress: lctrl
634.0400 	EXP 	Sound  started
634.7343 	DATA 	Keypress: rctrl
634.7900 	EXP 	Sound  started
635.3903 	DATA 	Keypress: rctrl
635.5400 	EXP 	Sound  started
636.1423 	DATA 	Keypress: rctrl
636.2901 	EXP 	Sound  started
636.9582 	DATA 	Keypress: rctrl
637.0400 	EXP 	Sound  started
637.7262 	DATA 	Keypress: lctrl
637.7901 	EXP 	Sound  started
638.4142 	DATA 	Keypress: lctrl
638.5401 	EXP 	Sound  started
639.1822 	DATA 	Keypress: lctrl
639.2901 	EXP 	Sound  started
639.8542 	DATA 	Keypress: lctrl
640.0401 	EXP 	Sound  started
640.6383 	DATA 	Keypress: rctrl
640.7901 	EXP 	Sound  started
641.4543 	DATA 	Keypress: rctrl
641.5402 	EXP 	Sound  started
642.2063 	DATA 	Keypress: rctrl
642.3200 	EXP 	unnamed TextStim: text = ''
642.3200 	EXP 	unnamed TextStim: text = ''
646.9067 	DATA 	Keypress: 4
646.9233 	EXP 	unnamed ShapeStim: vertices = <class 'numpy.ndarray'>
648.4745 	EXP 	unnamed TextStim: text = ''
648.4745 	EXP 	unnamed TextStim: text = ''
650.4634 	DATA 	Keypress: 1
650.4929 	EXP 	unnamed ShapeStim: vertices = <class 'numpy.ndarray'>
652.0441 	EXP 	unnamed TextStim: text = ''
652.0441 	EXP 	unnamed TextStim: text = ''
653.9829 	DATA 	Keypress: 4
654.0124 	EXP 	unnamed ShapeStim: vertices = <class 'numpy.ndarray'>
656.2973 	EXP 	Sound  started
656.4464 	DATA 	Keypress: rctrl
657.0062 	DATA 	Keypress: rctrl
657.0472 	EXP 	Sound  started
657.6783 	DATA 	Keypress: rctrl
657.7972 	EXP 	Sound  started
658.4942 	DATA 	Keypress: rctrl
658.5472 	EXP 	Sound  started
659.2782 	DATA 	Keypress: lctrl
659.2972 	EXP 	Sound  started
659.9984 	DATA 	Keypress: lctrl
660.0472 	EXP 	Sound  started
660.7663 	DATA 	Keypress: lctrl
660.7972 	EXP 	Sound  started
661.4702 	DATA 	Keypress: lctrl
661.5472 	EXP 	Sound  started
662.1743 	DATA 	Keypress: rctrl
662.2973 	EXP 	Sound  started
662.9582 	DATA 	Keypress: rctrl
663.0473 	EXP 	Sound  started
663.6463 	DATA 	Keypress: rctrl
663.7973 	EXP 	Sound  started
664.3983 	DATA 	Keypress: rctrl
664.5473 	EXP 	Sound  started
665.1663 	DATA 	Keypress: lctrl
665.2973 	EXP 	Sound  started
665.9343 	DATA 	Keypress: lctrl
666.0473 	EXP 	Sound  started
666.6542 	DATA 	Keypress: lctrl
666.7974 	EXP 	Sound  started
667.4223 	DATA 	Keypress: lctrl
667.5474 	EXP 	Sound  started
668.1742 	DATA 	Keypress: rctrl
668.2974 	EXP 	Sound  started
668.9262 	DATA 	Keypress: rctrl
669.0474 	EXP 	Sound  started
669.6942 	DATA 	Keypress: rctrl
669.7974 	EXP 	Sound  started
670.4462 	DATA 	Keypress: rctrl
670.5474 	EXP 	Sound  started
671.2783 	DATA 	Keypress: lctrl
671.2974 	EXP 	Sound  started
672.0143 	DATA 	Keypress: lctrl
672.0475 	EXP 	Sound  started
672.6862 	DATA 	Keypress: lctrl
672.7975 	EXP 	Sound  started
673.4542 	DATA 	Keypress: lctrl
673.5475 	EXP 	Sound  started
674.1582 	DATA 	Keypress: rctrl
674.2975 	EXP 	Sound  started
674.9102 	DATA 	Keypress: rctrl
675.0475 	EXP 	Sound  started
675.7262 	DATA 	Keypress: rctrl
675.7975 	EXP 	Sound  started
676.4303 	DATA 	Keypress: rctrl
676.5475 	EXP 	Sound  started
677.2143 	DATA 	Keypress: lctrl
677.2975 	EXP 	Sound  started
677.9502 	DATA 	Keypress: lctrl
678.0476 	EXP 	Sound  started
678.7182 	DATA 	Keypress: lctrl
678.7976 	EXP 	Sound  started
679.4382 	DATA 	Keypress: lctrl
679.5476 	EXP 	Sound  started
680.1903 	DATA 	Keypress: rctrl
680.2976 	EXP 	Sound  started
680.9423 	DATA 	Keypress: rctrl
681.0476 	EXP 	Sound  started
681.6943 	DATA 	Keypress: rctrl
681.7976 	EXP 	Sound  started
682.4622 	DATA 	Keypress: rctrl
682.5477 	EXP 	Sound  started
683.2977 	EXP 	Sound  started
683.4062 	DATA 	Keypress: lctrl
683.9822 	DATA 	Keypress: lctrl
684.0477 	EXP 	Sound  started
684.7502 	DATA 	Keypress: lctrl
684.7977 	EXP 	Sound  started
685.5343 	DATA 	Keypress: lctrl
685.5477 	EXP 	Sound  started
686.1903 	DATA 	Keypress: rctrl
686.2977 	EXP 	Sound  started
686.9423 	DATA 	Keypress: rctrl
687.0477 	EXP 	Sound  started
687.6622 	DATA 	Keypress: rctrl
687.7977 	EXP 	Sound  started
688.4623 	DATA 	Keypress: rctrl
688.5478 	EXP 	Sound  started
689.1982 	DATA 	Keypress: lctrl
689.2978 	EXP 	Sound  started
689.9342 	DATA 	Keypress: lctrl
690.0478 	EXP 	Sound  started
690.7022 	DATA 	Keypress: lctrl
690.7978 	EXP 	Sound  started
691.4382 	DATA 	Keypress: lctrl
691.5478 	EXP 	Sound  started
692.1742 	DATA 	Keypress: rctrl
692.2978 	EXP 	Sound  started
692.9102 	DATA 	Keypress: rctrl
693.0478 	EXP 	Sound  started
693.6623 	DATA 	Keypress: rctrl
693.7979 	EXP 	Sound  started
694.3983 	DATA 	Keypress: rctrl
694.5479 	EXP 	Sound  started
695.2979 	EXP 	Sound  started
695.3583 	DATA 	Keypress: lctrl
695.9824 	DATA 	Keypress: lctrl
696.0479 	EXP 	Sound  started
696.7979 	EXP 	Sound  started
696.8143 	DATA 	Keypress: lctrl
697.4543 	DATA 	Keypress: lctrl
697.5479 	EXP 	Sound  started
698.1263 	DATA 	Keypress: rctrl
698.2979 	EXP 	Sound  started
698.9102 	DATA 	Keypress: rctrl
699.0480 	EXP 	Sound  started
699.6462 	DATA 	Keypress: rctrl
699.7980 	EXP 	Sound  started
700.3823 	DATA 	Keypress: rctrl
700.5480 	EXP 	Sound  started
701.2980 	EXP 	Sound  started
701.3902 	DATA 	Keypress: lctrl
702.0302 	DATA 	Keypress: lctrl
702.0480 	EXP 	Sound  started
702.7822 	DATA 	Keypress: lctrl
702.7980 	EXP 	Sound  started
703.5022 	DATA 	Keypress: lctrl
703.5480 	EXP 	Sound  started
704.1902 	DATA 	Keypress: rctrl
704.2981 	EXP 	Sound  started
704.9742 	DATA 	Keypress: rctrl
705.0481 	EXP 	Sound  started
705.7262 	DATA 	Keypress: rctrl
705.7981 	EXP 	Sound  started
706.5262 	DATA 	Keypress: rctrl
706.5481 	EXP 	Sound  started
707.2462 	DATA 	Keypress: lctrl
707.2981 	EXP 	Sound  started
707.9662 	DATA 	Keypress: lctrl
708.0481 	EXP 	Sound  started
708.6063 	DATA 	Keypress: lctrl
708.7981 	EXP 	Sound  started
709.3102 	DATA 	Keypress: lctrl
709.5482 	EXP 	Sound  started
710.0303 	DATA 	Keypress: rctrl
710.2982 	EXP 	Sound  started
710.8782 	DATA 	Keypress: rctrl
711.0482 	EXP 	Sound  started
711.6143 	DATA 	Keypress: rctrl
711.7982 	EXP 	Sound  started
712.4462 	DATA 	Keypress: rctrl
712.5482 	EXP 	Sound  started
713.2623 	DATA 	Keypress: lctrl
713.2982 	EXP 	Sound  started
713.9182 	DATA 	Keypress: lctrl
714.0482 	EXP 	Sound  started
714.6382 	DATA 	Keypress: lctrl
714.7985 	EXP 	Sound  started
715.4222 	DATA 	Keypress: lctrl
715.5485 	EXP 	Sound  started
716.1262 	DATA 	Keypress: rctrl
720.4169 	DATA 	Keypress: 3
720.4334 	EXP 	unnamed ShapeStim: vertices = <class 'numpy.ndarray'>
726.1049 	DATA 	Keypress: 3
726.1214 	EXP 	unnamed ShapeStim: vertices = <class 'numpy.ndarray'>
731.4260 	DATA 	Keypress: 2
731.4424 	EXP 	unnamed ShapeStim: vertices = <class 'numpy.ndarray'>
733.7273 	EXP 	Sound  started
733.7278 	DATA 	Keypress: rctrl
734.3343 	DATA 	Keypress: rctrl
734.4773 	EXP 	Sound  started
735.1663 	DATA 	Keypress: rctrl
735.2273 	EXP 	Sound  started
735.9182 	DATA 	Keypress: rctrl
735.9773 	EXP 	Sound  started
736.6062 	DATA 	Keypress: lctrl
736.7273 	EXP 	Sound  started
737.4062 	DATA 	Keypress: lctrl
737.4773 	EXP 	Sound  started
738.1103 	DATA 	Keypress: lctrl
738.2273 	EXP 	Sound  started
738.9102 	DATA 	Keypress: lctrl
738.9773 	EXP 	Sound  started
739.6142 	DATA 	Keypress: rctrl
739.7274 	EXP 	Sound  started
740.4142 	DATA 	Keypress: rctrl
740.4774 	EXP 	Sound  started
741.1663 	DATA 	Keypress: rctrl
741.2274 	EXP 	Sound  started
741.8703 	DATA 	Keypress: rctrl
741.9774 	EXP 	Sound  started
742.6062 	DATA 	Keypress: lctrl
742.7274 	EXP 	Sound  started
743.3422 	DATA 	Keypress: lctrl
743.4774 	EXP 	Sound  started
744.1262 	DATA 	Keypress: lctrl
744.2275 	EXP 	Sound  started
744.9102 	DATA 	Keypress: lctrl
744.9775 	EXP 	Sound  started
745.5822 	DATA 	Keypress: rctrl
745.7275 	EXP 	Sound  started
746.3662 	DATA 	Keypress: rctrl
746.4775 	EXP 	Sound  started
747.1502 	DATA 	Keypress: rctrl
747.2275 	EXP 	Sound  started
747.8062 	DATA 	Keypress: rctrl
747.9775 	EXP 	Sound  started
748.5743 	DATA 	Keypress: lctrl
748.7275 	EXP 	Sound  started
749.2782 	DATA 	Keypress: lctrl
749.4776 	EXP 	Sound  started
750.1422 	DATA 	Keypress: lctrl
750.2276 	EXP 	Sound  started
750.8142 	DATA 	Keypress: lctrl
750.9776 	EXP 	Sound  started
751.6302 	DATA 	Keypress: rctrl
751.7276 	EXP 	Sound  started
752.3504 	DATA 	Keypress: rctrl
752.4776 	EXP 	Sound  started
753.1342 	DATA 	Keypress: rctrl
753.2276 	EXP 	Sound  started
753.8702 	DATA 	Keypress: rctrl
753.9776 	EXP 	Sound  started
754.6062 	DATA 	Keypress: lctrl
754.7277 	EXP 	Sound  started
755.3582 	DATA 	Keypress: lctrl
755.4777 	EXP 	Sound  started
756.0463 	DATA 	Keypress: lctrl
756.2277 	EXP 	Sound  started
756.8143 	DATA 	Keypress: lctrl
756.9777 	EXP 	Sound  started
757.5342 	DATA 	Keypress: rctrl
757.7277 	EXP 	Sound  started
758.3662 	DATA 	Keypress: rctrl
758.4777 	EXP 	Sound  started
759.0862 	DATA 	Keypress: rctrl
759.2277 	EXP 	Sound  started
759.8862 	DATA 	Keypress: rctrl
759.9778 	EXP 	Sound  started
760.5743 	DATA 	Keypress: lctrl
760.7278 	EXP 	Sound  started
761.4543 	DATA 	Keypress: lctrl
761.4778 	EXP 	Sound  started
762.1743 	DATA 	Keypress: lctrl
762.2278 	EXP 	Sound  started
762.9582 	DATA 	Keypress: lctrl
762.9778 	EXP 	Sound  started
763.6462 	DATA 	Keypress: rctrl
763.7278 	EXP 	Sound  started
764.3822 	DATA 	Keypress: rctrl
764.4778 	EXP 	Sound  started
765.1022 	DATA 	Keypress: rctrl
765.2279 	EXP 	Sound  started
765.9662 	DATA 	Keypress: rctrl
765.9779 	EXP 	Sound  started
766.6702 	DATA 	Keypress: lctrl
766.7279 	EXP 	Sound  started
767.3742 	DATA 	Keypress: lctrl
767.4779 	EXP 	Sound  started
768.0622 	DATA 	Keypress: lctrl
768.2279 	EXP 	Sound  started
768.9102 	DATA 	Keypress: lctrl
768.9780 	EXP 	Sound  started
769.6462 	DATA 	Keypress: rctrl
769.7280 	EXP 	Sound  started
770.3822 	DATA 	Keypress: rctrl
770.4780 	EXP 	Sound  started
771.1022 	DATA 	Keypress: rctrl
771.2280 	EXP 	Sound  started
771.8862 	DATA 	Keypress: rctrl
771.9780 	EXP 	Sound  started
772.5742 	DATA 	Keypress: lctrl
772.7280 	EXP 	Sound  started
773.3742 	DATA 	Keypress: lctrl
773.4780 	EXP 	Sound  started
774.1262 	DATA 	Keypress: lctrl
774.2280 	EXP 	Sound  started
774.9102 	DATA 	Keypress: lctrl
774.9780 	EXP 	Sound  started
775.6463 	DATA 	Keypress: rctrl
775.7281 	EXP 	Sound  started
776.4462 	DATA 	Keypress: rctrl
776.4781 	EXP 	Sound  started
777.1182 	DATA 	Keypress: rctrl
777.2281 	EXP 	Sound  started
777.8223 	DATA 	Keypress: rctrl
777.9781 	EXP 	Sound  started
778.7281 	EXP 	Sound  started
778.7503 	DATA 	Keypress: lctrl
779.2943 	DATA 	Keypress: lctrl
779.4781 	EXP 	Sound  started
780.0943 	DATA 	Keypress: lctrl
780.2282 	EXP 	Sound  started
780.9782 	EXP 	Sound  started
781.0062 	DATA 	Keypress: lctrl
781.5982 	DATA 	Keypress: rctrl
781.7282 	EXP 	Sound  started
782.2862 	DATA 	Keypress: rctrl
782.4782 	EXP 	Sound  started
783.0542 	DATA 	Keypress: rctrl
783.2282 	EXP 	Sound  started
783.8543 	DATA 	Keypress: rctrl
783.9782 	EXP 	Sound  started
784.5743 	DATA 	Keypress: lctrl
784.7282 	EXP 	Sound  started
785.2782 	DATA 	Keypress: lctrl
785.4782 	EXP 	Sound  started
786.0303 	DATA 	Keypress: lctrl
786.2282 	EXP 	Sound  started
786.7662 	DATA 	Keypress: lctrl
786.9783 	EXP 	Sound  started
787.6942 	DATA 	Keypress: rctrl
787.7283 	EXP 	Sound  started
788.3983 	DATA 	Keypress: rctrl
788.4783 	EXP 	Sound  started
789.1343 	DATA 	Keypress: rctrl
789.2284 	EXP 	Sound  started
789.9342 	DATA 	Keypress: rctrl
789.9784 	EXP 	Sound  started
790.6222 	DATA 	Keypress: lctrl
790.7284 	EXP 	Sound  started
791.3582 	DATA 	Keypress: lctrl
791.4784 	EXP 	Sound  started
792.2223 	DATA 	Keypress: lctrl
792.2284 	EXP 	Sound  started
792.9422 	DATA 	Keypress: lctrl
792.9784 	EXP 	Sound  started
793.6782 	DATA 	Keypress: rctrl
793.7285 	EXP 	Sound  started
794.4142 	DATA 	Keypress: rctrl
794.4785 	EXP 	Sound  started
795.1342 	DATA 	Keypress: rctrl
795.2285 	EXP 	Sound  started
795.8702 	DATA 	Keypress: rctrl
795.9785 	EXP 	Sound  started
796.6222 	DATA 	Keypress: rctrl
799.5521 	DATA 	Keypress: 4
799.5815 	EXP 	unnamed ShapeStim: vertices = <class 'numpy.ndarray'>
802.6342 	DATA 	Keypress: 1
802.6507 	EXP 	unnamed ShapeStim: vertices = <class 'numpy.ndarray'>
805.3742 	DATA 	Keypress: 4
805.4034 	EXP 	unnamed ShapeStim: vertices = <class 'numpy.ndarray'>
807.6875 	EXP 	Sound  started
807.9022 	DATA 	Keypress: rctrl
808.3822 	DATA 	Keypress: rctrl
808.4374 	EXP 	Sound  started
809.1182 	DATA 	Keypress: rctrl
809.1874 	EXP 	Sound  started
809.8702 	DATA 	Keypress: rctrl
809.9374 	EXP 	Sound  started
810.6222 	DATA 	Keypress: lctrl
810.6874 	EXP 	Sound  started
811.3902 	DATA 	Keypress: lctrl
811.4375 	EXP 	Sound  started
812.1422 	DATA 	Keypress: lctrl
812.1875 	EXP 	Sound  started
812.8943 	DATA 	Keypress: lctrl
812.9375 	EXP 	Sound  started
813.5982 	DATA 	Keypress: rctrl
813.6875 	EXP 	Sound  started
814.3662 	DATA 	Keypress: rctrl
814.4375 	EXP 	Sound  started
815.1023 	DATA 	Keypress: rctrl
815.1875 	EXP 	Sound  started
815.8702 	DATA 	Keypress: rctrl
815.9375 	EXP 	Sound  started
816.5902 	DATA 	Keypress: lctrl
816.6876 	EXP 	Sound  started
817.3582 	DATA 	Keypress: lctrl
817.4376 	EXP 	Sound  started
818.0302 	DATA 	Keypress: lctrl
818.1876 	EXP 	Sound  started
818.7342 	DATA 	Keypress: lctrl
818.9376 	EXP 	Sound  started
819.5342 	DATA 	Keypress: rctrl
819.6876 	EXP 	Sound  started
820.3662 	DATA 	Keypress: rctrl
820.4376 	EXP 	Sound  started
821.1182 	DATA 	Keypress: rctrl
821.1876 	EXP 	Sound  started
821.8062 	DATA 	Keypress: rctrl
821.9377 	EXP 	Sound  started
822.5742 	DATA 	Keypress: lctrl
822.6877 	EXP 	Sound  started
823.4222 	DATA 	Keypress: lctrl
823.4377 	EXP 	Sound  started
824.1422 	DATA 	Keypress: lctrl
824.1877 	EXP 	Sound  started
824.8622 	DATA 	Keypress: lctrl
824.9377 	EXP 	Sound  started
825.5982 	DATA 	Keypress: rctrl
825.6878 	EXP 	Sound  started
826.3182 	DATA 	Keypress: rctrl
826.4378 	EXP 	Sound  started
827.1022 	DATA 	Keypress: rctrl
827.1878 	EXP 	Sound  started
827.8862 	DATA 	Keypress: rctrl
827.9378 	EXP 	Sound  started
828.6382 	DATA 	Keypress: lctrl
828.6878 	EXP 	Sound  started
829.4378 	EXP 	Sound  started
829.4382 	DATA 	Keypress: lctrl
830.1102 	DATA 	Keypress: lctrl
830.1878 	EXP 	Sound  started
830.7342 	DATA 	Keypress: lctrl
830.9379 	EXP 	Sound  started
831.4382 	DATA 	Keypress: rctrl
831.6879 	EXP 	Sound  started
832.4142 	DATA 	Keypress: rctrl
832.4379 	EXP 	Sound  started
833.1342 	DATA 	Keypress: rctrl
833.1879 	EXP 	Sound  started
833.7422 	DATA 	Keypress: rctrl
833.9379 	EXP 	Sound  started
834.5262 	DATA 	Keypress: lctrl
834.6879 	EXP 	Sound  started
835.2622 	DATA 	Keypress: lctrl
835.4379 	EXP 	Sound  started
836.0463 	DATA 	Keypress: lctrl
836.1880 	EXP 	Sound  started
836.6862 	DATA 	Keypress: lctrl
836.9380 	EXP 	Sound  started
837.5022 	DATA 	Keypress: rctrl
837.6880 	EXP 	Sound  started
838.2862 	DATA 	Keypress: rctrl
838.4380 	EXP 	Sound  started
839.1880 	EXP 	Sound  started
839.8702 	DATA 	Keypress: rctrl
839.9380 	EXP 	Sound  started
840.5742 	DATA 	Keypress: lctrl
840.6880 	EXP 	Sound  started
841.2942 	DATA 	Keypress: lctrl
841.4381 	EXP 	Sound  started
841.9982 	DATA 	Keypress: lctrl
842.1881 	EXP 	Sound  started
842.8302 	DATA 	Keypress: lctrl
842.9381 	EXP 	Sound  started
843.5502 	DATA 	Keypress: rctrl
843.6881 	EXP 	Sound  started
844.3023 	DATA 	Keypress: rctrl
844.4381 	EXP 	Sound  started
845.1881 	EXP 	Sound  started
845.2143 	DATA 	Keypress: rctrl
845.8862 	DATA 	Keypress: rctrl
845.9381 	EXP 	Sound  started
846.6383 	DATA 	Keypress: lctrl
850.1435 	DATA 	Keypress: 4
850.1730 	EXP 	unnamed ShapeStim: vertices = <class 'numpy.ndarray'>
854.1597 	DATA 	Keypress: 1
854.1762 	EXP 	unnamed ShapeStim: vertices = <class 'numpy.ndarray'>
856.8791 	DATA 	Keypress: 4
856.8956 	EXP 	unnamed ShapeStim: vertices = <class 'numpy.ndarray'>
859.1805 	EXP 	Sound  started
859.2622 	DATA 	Keypress: rctrl
859.9022 	DATA 	Keypress: rctrl
859.9304 	EXP 	Sound  started
860.5902 	DATA 	Keypress: rctrl
860.6804 	EXP 	Sound  started
861.3742 	DATA 	Keypress: rctrl
861.4304 	EXP 	Sound  started
862.0142 	DATA 	Keypress: lctrl
862.1805 	EXP 	Sound  started
862.8462 	DATA 	Keypress: lctrl
862.9305 	EXP 	Sound  started
863.6462 	DATA 	Keypress: lctrl
863.6805 	EXP 	Sound  started
864.3662 	DATA 	Keypress: lctrl
864.4305 	EXP 	Sound  started
865.1022 	DATA 	Keypress: rctrl
865.1805 	EXP 	Sound  started
865.8542 	DATA 	Keypress: rctrl
865.9305 	EXP 	Sound  started
866.5262 	DATA 	Keypress: rctrl
866.6805 	EXP 	Sound  started
867.2622 	DATA 	Keypress: rctrl
867.4305 	EXP 	Sound  started
868.1263 	DATA 	Keypress: lctrl
868.1806 	EXP 	Sound  started
868.8622 	DATA 	Keypress: lctrl
868.9306 	EXP 	Sound  started
869.5662 	DATA 	Keypress: lctrl
869.6806 	EXP 	Sound  started
870.3182 	DATA 	Keypress: lctrl
870.4306 	EXP 	Sound  started
871.1183 	DATA 	Keypress: rctrl
871.1806 	EXP 	Sound  started
871.8542 	DATA 	Keypress: rctrl
871.9306 	EXP 	Sound  started
872.5742 	DATA 	Keypress: rctrl
872.6807 	EXP 	Sound  started
873.3262 	DATA 	Keypress: rctrl
873.4307 	EXP 	Sound  started
874.0622 	DATA 	Keypress: lctrl
874.1807 	EXP 	Sound  started
874.7983 	DATA 	Keypress: lctrl
874.9307 	EXP 	Sound  started
875.5502 	DATA 	Keypress: lctrl
875.6807 	EXP 	Sound  started
876.3822 	DATA 	Keypress: lctrl
876.4307 	EXP 	Sound  started
877.0702 	DATA 	Keypress: rctrl
877.1807 	EXP 	Sound  started
877.8222 	DATA 	Keypress: rctrl
877.9308 	EXP 	Sound  started
878.5423 	DATA 	Keypress: rctrl
878.6808 	EXP 	Sound  started
879.3422 	DATA 	Keypress: rctrl
879.4308 	EXP 	Sound  started
880.0622 	DATA 	Keypress: lctrl
880.1808 	EXP 	Sound  started
880.8942 	DATA 	Keypress: lctrl
880.9308 	EXP 	Sound  started
881.6302 	DATA 	Keypress: lctrl
881.6808 	EXP 	Sound  started
882.3822 	DATA 	Keypress: lctrl
882.4308 	EXP 	Sound  started
883.1022 	DATA 	Keypress: rctrl
883.1809 	EXP 	Sound  started
883.8862 	DATA 	Keypress: rctrl
883.9309 	EXP 	Sound  started
884.5902 	DATA 	Keypress: rctrl
884.6809 	EXP 	Sound  started
885.3422 	DATA 	Keypress: rctrl
885.4309 	EXP 	Sound  started
886.1102 	DATA 	Keypress: lctrl
886.1809 	EXP 	Sound  started
886.7982 	DATA 	Keypress: lctrl
886.9309 	EXP 	Sound  started
887.5822 	DATA 	Keypress: lctrl
887.6809 	EXP 	Sound  started
888.3663 	DATA 	Keypress: lctrl
888.4310 	EXP 	Sound  started
889.0702 	DATA 	Keypress: rctrl
889.1810 	EXP 	Sound  started
889.8222 	DATA 	Keypress: rctrl
889.9310 	EXP 	Sound  started
890.5422 	DATA 	Keypress: rctrl
890.6810 	EXP 	Sound  started
891.2782 	DATA 	Keypress: rctrl
891.4310 	EXP 	Sound  started
892.0942 	DATA 	Keypress: lctrl
892.1810 	EXP 	Sound  started
892.7982 	DATA 	Keypress: lctrl
892.9310 	EXP 	Sound  started
893.6622 	DATA 	Keypress: rctrl
893.6811 	EXP 	Sound  started
894.4311 	EXP 	Sound  started
894.4782 	DATA 	Keypress: rctrl
895.0543 	DATA 	Keypress: lctrl
895.1811 	EXP 	Sound  started
895.9311 	EXP 	Sound  started
895.9982 	DATA 	Keypress: lctrl
896.6811 	EXP 	Sound  started
896.8142 	DATA 	Keypress: lctrl
897.4311 	EXP 	Sound  started
898.1582 	DATA 	Keypress: rctrl
898.1811 	EXP 	Sound  started
898.8942 	DATA 	Keypress: rctrl
898.9312 	EXP 	Sound  started
899.6302 	DATA 	Keypress: rctrl
899.6812 	EXP 	Sound  started
900.3022 	DATA 	Keypress: rctrl
900.4312 	EXP 	Sound  started
900.9422 	DATA 	Keypress: lctrl
901.1812 	EXP 	Sound  started
901.6141 	DATA 	Keypress: lctrl
901.9312 	EXP 	Sound  started
902.2702 	DATA 	Keypress: lctrl
902.6812 	EXP 	Sound  started
902.9101 	DATA 	Keypress: lctrl
903.4313 	EXP 	Sound  started
903.6462 	DATA 	Keypress: lctrl
904.1262 	DATA 	Keypress: rctrl
904.1813 	EXP 	Sound  started
904.8463 	DATA 	Keypress: rctrl
907.3867 	DATA 	Keypress: 1
907.4031 	EXP 	unnamed ShapeStim: vertices = <class 'numpy.ndarray'>
910.8562 	DATA 	Keypress: 4
910.8727 	EXP 	unnamed ShapeStim: vertices = <class 'numpy.ndarray'>
912.9583 	DATA 	Keypress: 1
912.9748 	EXP 	unnamed ShapeStim: vertices = <class 'numpy.ndarray'>
915.2598 	EXP 	Sound  started
915.2606 	DATA 	Keypress: rctrl
915.8702 	DATA 	Keypress: rctrl
916.0097 	EXP 	Sound  started
916.6222 	DATA 	Keypress: rctrl
916.7597 	EXP 	Sound  started
917.3902 	DATA 	Keypress: rctrl
917.5097 	EXP 	Sound  started
918.1583 	DATA 	Keypress: lctrl
918.2597 	EXP 	Sound  started
918.9582 	DATA 	Keypress: lctrl
919.0097 	EXP 	Sound  started
919.6942 	DATA 	Keypress: lctrl
919.7597 	EXP 	Sound  started
920.4462 	DATA 	Keypress: lctrl
920.5097 	EXP 	Sound  started
921.1182 	DATA 	Keypress: rctrl
921.2598 	EXP 	Sound  started
921.9022 	DATA 	Keypress: rctrl
922.0098 	EXP 	Sound  started
922.6542 	DATA 	Keypress: rctrl
922.7598 	EXP 	Sound  started
923.5098 	EXP 	Sound  started
923.5183 	DATA 	Keypress: rctrl
924.1582 	DATA 	Keypress: lctrl
924.2598 	EXP 	Sound  started
924.8782 	DATA 	Keypress: lctrl
925.0098 	EXP 	Sound  started
925.6142 	DATA 	Keypress: lctrl
925.7599 	EXP 	Sound  started
926.4622 	DATA 	Keypress: lctrl
926.5099 	EXP 	Sound  started
927.1662 	DATA 	Keypress: rctrl
927.2599 	EXP 	Sound  started
927.8542 	DATA 	Keypress: rctrl
928.0099 	EXP 	Sound  started
928.6063 	DATA 	Keypress: rctrl
928.7599 	EXP 	Sound  started
929.4062 	DATA 	Keypress: rctrl
929.5099 	EXP 	Sound  started
930.1423 	DATA 	Keypress: lctrl
930.2599 	EXP 	Sound  started
930.8782 	DATA 	Keypress: lctrl
931.0100 	EXP 	Sound  started
931.6622 	DATA 	Keypress: lctrl
931.7600 	EXP 	Sound  started
932.4622 	DATA 	Keypress: lctrl
932.5100 	EXP 	Sound  started
932.9902 	DATA 	Keypress: rctrl
933.2600 	EXP 	Sound  started
933.7742 	DATA 	Keypress: rctrl
934.0100 	EXP 	Sound  started
934.7600 	EXP 	Sound  started
934.8782 	DATA 	Keypress: rctrl
935.4862 	DATA 	Keypress: rctrl
935.5101 	EXP 	Sound  started
936.2062 	DATA 	Keypress: lctrl
936.2601 	EXP 	Sound  started
936.9101 	DATA 	Keypress: lctrl
937.0101 	EXP 	Sound  started
937.6302 	DATA 	Keypress: lctrl
937.7601 	EXP 	Sound  started
938.4622 	DATA 	Keypress: lctrl
938.5101 	EXP 	Sound  started
939.2601 	EXP 	Sound  started
939.4062 	DATA 	Keypress: rctrl
939.9342 	DATA 	Keypress: rctrl
940.0101 	EXP 	Sound  started
940.7022 	DATA 	Keypress: rctrl
940.7602 	EXP 	Sound  started
941.5022 	DATA 	Keypress: rctrl
941.5102 	EXP 	Sound  started
942.1262 	DATA 	Keypress: lctrl
942.2602 	EXP 	Sound  started
942.8143 	DATA 	Keypress: lctrl
943.0102 	EXP 	Sound  started
943.5662 	DATA 	Keypress: lctrl
943.7602 	EXP 	Sound  started
944.3662 	DATA 	Keypress: lctrl
944.5103 	EXP 	Sound  started
945.1342 	DATA 	Keypress: rctrl
945.2603 	EXP 	Sound  started
945.8702 	DATA 	Keypress: rctrl
946.0103 	EXP 	Sound  started
946.6222 	DATA 	Keypress: rctrl
946.7604 	EXP 	Sound  started
947.3262 	DATA 	Keypress: rctrl
947.5104 	EXP 	Sound  started
948.1262 	DATA 	Keypress: lctrl
948.2604 	EXP 	Sound  started
948.8142 	DATA 	Keypress: lctrl
949.0104 	EXP 	Sound  started
949.5502 	DATA 	Keypress: lctrl
949.7604 	EXP 	Sound  started
950.2542 	DATA 	Keypress: lctrl
950.5104 	EXP 	Sound  started
950.9103 	DATA 	Keypress: rctrl
951.2604 	EXP 	Sound  started
951.7902 	DATA 	Keypress: rctrl
952.0105 	EXP 	Sound  started
952.7342 	DATA 	Keypress: lctrl
952.7605 	EXP 	Sound  started
953.3101 	DATA 	Keypress: lctrl
953.5105 	EXP 	Sound  started
953.6142 	DATA 	Keypress: rctrl
954.2605 	EXP 	Sound  started
954.3982 	DATA 	Keypress: lctrl
954.9902 	DATA 	Keypress: lctrl
955.0105 	EXP 	Sound  started
955.6622 	DATA 	Keypress: lctrl
955.7605 	EXP 	Sound  started
956.3181 	DATA 	Keypress: lctrl
956.5105 	EXP 	Sound  started
957.1982 	DATA 	Keypress: rctrl
957.2606 	EXP 	Sound  started
957.8862 	DATA 	Keypress: rctrl
958.0106 	EXP 	Sound  started
958.6222 	DATA 	Keypress: rctrl
958.7606 	EXP 	Sound  started
959.3262 	DATA 	Keypress: rctrl
959.5106 	EXP 	Sound  started
960.1102 	DATA 	Keypress: lctrl
960.2606 	EXP 	Sound  started
960.7662 	DATA 	Keypress: lctrl
961.0106 	EXP 	Sound  started
961.5023 	DATA 	Keypress: lctrl
961.7606 	EXP 	Sound  started
962.2702 	DATA 	Keypress: lctrl
962.5107 	EXP 	Sound  started
963.2462 	DATA 	Keypress: rctrl
964.9005 	DATA 	Keypress: 1
964.9169 	EXP 	unnamed ShapeStim: vertices = <class 'numpy.ndarray'>
967.6527 	DATA 	Keypress: 4
967.6692 	EXP 	unnamed ShapeStim: vertices = <class 'numpy.ndarray'>
970.6256 	DATA 	Keypress: 1
970.6549 	EXP 	unnamed ShapeStim: vertices = <class 'numpy.ndarray'>
972.9394 	EXP 	Sound  started
973.1342 	DATA 	Keypress: rctrl
973.6893 	EXP 	Sound  started
973.6942 	DATA 	Keypress: rctrl
974.3342 	DATA 	Keypress: rctrl
974.4393 	EXP 	Sound  started
975.1342 	DATA 	Keypress: rctrl
975.1893 	EXP 	Sound  started
975.8861 	DATA 	Keypress: lctrl
975.9393 	EXP 	Sound  started
976.6062 	DATA 	Keypress: lctrl
976.6894 	EXP 	Sound  started
977.2782 	DATA 	Keypress: lctrl
977.4394 	EXP 	Sound  started
978.1422 	DATA 	Keypress: lctrl
978.1894 	EXP 	Sound  started
978.8782 	DATA 	Keypress: rctrl
978.9394 	EXP 	Sound  started
979.6302 	DATA 	Keypress: rctrl
979.6894 	EXP 	Sound  started
980.4142 	DATA 	Keypress: rctrl
980.4394 	EXP 	Sound  started
981.1662 	DATA 	Keypress: rctrl
981.1894 	EXP 	Sound  started
981.8222 	DATA 	Keypress: lctrl
981.9394 	EXP 	Sound  started
982.5742 	DATA 	Keypress: lctrl
982.6895 	EXP 	Sound  started
983.2461 	DATA 	Keypress: lctrl
983.4395 	EXP 	Sound  started
984.0781 	DATA 	Keypress: lctrl
984.1895 	EXP 	Sound  started
984.7822 	DATA 	Keypress: rctrl
984.9395 	EXP 	Sound  started
985.5662 	DATA 	Keypress: rctrl
985.6895 	EXP 	Sound  started
986.3183 	DATA 	Keypress: rctrl
986.4395 	EXP 	Sound  started
987.1182 	DATA 	Keypress: rctrl
987.1895 	EXP 	Sound  started
987.8382 	DATA 	Keypress: lctrl
987.9395 	EXP 	Sound  started
988.5902 	DATA 	Keypress: lctrl
988.6896 	EXP 	Sound  started
989.2942 	DATA 	Keypress: lctrl
989.4396 	EXP 	Sound  started
990.0461 	DATA 	Keypress: lctrl
990.1896 	EXP 	Sound  started
990.8462 	DATA 	Keypress: rctrl
990.9396 	EXP 	Sound  started
991.5822 	DATA 	Keypress: rctrl
991.6896 	EXP 	Sound  started
992.4396 	EXP 	Sound  started
992.4462 	DATA 	Keypress: rctrl
993.1896 	EXP 	Sound  started
993.4382 	DATA 	Keypress: rctrl
993.9397 	EXP 	Sound  started
993.9662 	DATA 	Keypress: lctrl
994.6702 	DATA 	Keypress: lctrl
994.6897 	EXP 	Sound  started
995.4062 	DATA 	Keypress: lctrl
995.4397 	EXP 	Sound  started
996.1582 	DATA 	Keypress: lctrl
996.1897 	EXP 	Sound  started
996.8462 	DATA 	Keypress: rctrl
996.9397 	EXP 	Sound  started
997.5982 	DATA 	Keypress: rctrl
997.6897 	EXP 	Sound  started
998.3822 	DATA 	Keypress: rctrl
998.4397 	EXP 	Sound  started
999.1342 	DATA 	Keypress: rctrl
999.1897 	EXP 	Sound  started
999.8382 	DATA 	Keypress: lctrl
999.9398 	EXP 	Sound  started
1000.6703 	DATA 	Keypress: lctrl
1000.6898 	EXP 	Sound  started
1001.3902 	DATA 	Keypress: lctrl
1001.4398 	EXP 	Sound  started
1002.1262 	DATA 	Keypress: lctrl
1002.1898 	EXP 	Sound  started
1002.8622 	DATA 	Keypress: rctrl
1002.9398 	EXP 	Sound  started
1003.6302 	DATA 	Keypress: lctrl
1003.6898 	EXP 	Sound  started
1004.3182 	DATA 	Keypress: rctrl
1004.4398 	EXP 	Sound  started
1005.1899 	EXP 	Sound  started
1005.2622 	DATA 	Keypress: rctrl
1005.9399 	EXP 	Sound  started
1006.0622 	DATA 	Keypress: lctrl
1006.5901 	DATA 	Keypress: rctrl
1006.6899 	EXP 	Sound  started
1007.4399 	EXP 	Sound  started
1007.4862 	DATA 	Keypress: rctrl
1008.1742 	DATA 	Keypress: rctrl
1008.1899 	EXP 	Sound  started
1008.8783 	DATA 	Keypress: rctrl
1008.9399 	EXP 	Sound  started
1009.5662 	DATA 	Keypress: lctrl
1009.6899 	EXP 	Sound  started
1010.3182 	DATA 	Keypress: lctrl
1010.4400 	EXP 	Sound  started
1011.0382 	DATA 	Keypress: lctrl
1011.1900 	EXP 	Sound  started
1011.9022 	DATA 	Keypress: lctrl
1011.9400 	EXP 	Sound  started
1012.5902 	DATA 	Keypress: rctrl
1012.6900 	EXP 	Sound  started
1013.2622 	DATA 	Keypress: rctrl
1013.4400 	EXP 	Sound  started
1014.0782 	DATA 	Keypress: rctrl
1014.1900 	EXP 	Sound  started
1014.8621 	DATA 	Keypress: rctrl
1014.9400 	EXP 	Sound  started
1015.5342 	DATA 	Keypress: lctrl
1015.6901 	EXP 	Sound  started
1016.2862 	DATA 	Keypress: lctrl
1016.4401 	EXP 	Sound  started
1017.0062 	DATA 	Keypress: lctrl
1017.1901 	EXP 	Sound  started
1017.7582 	DATA 	Keypress: lctrl
1017.9401 	EXP 	Sound  started
1018.5422 	DATA 	Keypress: rctrl
1018.6901 	EXP 	Sound  started
1019.3421 	DATA 	Keypress: rctrl
1021.1502 	DATA 	Keypress: 1
1021.1796 	EXP 	unnamed ShapeStim: vertices = <class 'numpy.ndarray'>
1023.7657 	DATA 	Keypress: 4
1023.7822 	EXP 	unnamed ShapeStim: vertices = <class 'numpy.ndarray'>
1026.0843 	DATA 	Keypress: 1
1026.1008 	EXP 	unnamed ShapeStim: vertices = <class 'numpy.ndarray'>
1028.3862 	EXP 	Sound  started
1028.4782 	DATA 	Keypress: rctrl
1029.0542 	DATA 	Keypress: rctrl
1029.1361 	EXP 	Sound  started
1029.7742 	DATA 	Keypress: rctrl
1029.8861 	EXP 	Sound  started
1030.5583 	DATA 	Keypress: rctrl
1030.6361 	EXP 	Sound  started
1031.2942 	DATA 	Keypress: lctrl
1031.3861 	EXP 	Sound  started
1032.0782 	DATA 	Keypress: lctrl
1032.1361 	EXP 	Sound  started
1032.8142 	DATA 	Keypress: lctrl
1032.8861 	EXP 	Sound  started
1033.5341 	DATA 	Keypress: lctrl
1033.6362 	EXP 	Sound  started
1034.2861 	DATA 	Keypress: rctrl
1034.3862 	EXP 	Sound  started
1035.0382 	DATA 	Keypress: rctrl
1035.1362 	EXP 	Sound  started
1035.7902 	DATA 	Keypress: rctrl
1035.8862 	EXP 	Sound  started
1036.5741 	DATA 	Keypress: rctrl
1036.6362 	EXP 	Sound  started
1037.1982 	DATA 	Keypress: lctrl
1037.3862 	EXP 	Sound  started
1037.9662 	DATA 	Keypress: lctrl
1038.1362 	EXP 	Sound  started
1038.7341 	DATA 	Keypress: lctrl
1038.8863 	EXP 	Sound  started
1039.4861 	DATA 	Keypress: lctrl
1039.6363 	EXP 	Sound  started
1040.2542 	DATA 	Keypress: rctrl
1040.3863 	EXP 	Sound  started
1041.0061 	DATA 	Keypress: rctrl
1041.1363 	EXP 	Sound  started
1041.7582 	DATA 	Keypress: rctrl
1041.8863 	EXP 	Sound  started
1042.5262 	DATA 	Keypress: rctrl
1042.6363 	EXP 	Sound  started
1043.2621 	DATA 	Keypress: lctrl
1043.3863 	EXP 	Sound  started
1043.9502 	DATA 	Keypress: lctrl
1044.1364 	EXP 	Sound  started
1044.7503 	DATA 	Keypress: lctrl
1044.8864 	EXP 	Sound  started
1045.4862 	DATA 	Keypress: lctrl
1045.6364 	EXP 	Sound  started
1046.1262 	DATA 	Keypress: rctrl
1046.3864 	EXP 	Sound  started
1046.9582 	DATA 	Keypress: rctrl
1047.1364 	EXP 	Sound  started
1047.7742 	DATA 	Keypress: rctrl
1047.8864 	EXP 	Sound  started
1048.6222 	DATA 	Keypress: rctrl
1048.6364 	EXP 	Sound  started
1049.2942 	DATA 	Keypress: lctrl
1049.3865 	EXP 	Sound  started
1050.0302 	DATA 	Keypress: lctrl
1050.1365 	EXP 	Sound  started
1050.8301 	DATA 	Keypress: lctrl
1050.8865 	EXP 	Sound  started
1051.5182 	DATA 	Keypress: lctrl
1051.6365 	EXP 	Sound  started
1052.2222 	DATA 	Keypress: rctrl
1052.3865 	EXP 	Sound  started
1053.0702 	DATA 	Keypress: rctrl
1053.1365 	EXP 	Sound  started
1053.8062 	DATA 	Keypress: rctrl
1053.8865 	EXP 	Sound  started
1054.5742 	DATA 	Keypress: rctrl
1054.6365 	EXP 	Sound  started
1055.3422 	DATA 	Keypress: lctrl
1055.3866 	EXP 	Sound  started
1056.1262 	DATA 	Keypress: lctrl
1056.1366 	EXP 	Sound  started
1056.8142 	DATA 	Keypress: lctrl
1056.8866 	EXP 	Sound  started
1057.5822 	DATA 	Keypress: lctrl
1057.6366 	EXP 	Sound  started
1058.3022 	DATA 	Keypress: rctrl
1058.3866 	EXP 	Sound  started
1058.9742 	DATA 	Keypress: rctrl
1059.1366 	EXP 	Sound  started
1059.7262 	DATA 	Keypress: rctrl
1059.8866 	EXP 	Sound  started
1060.6367 	EXP 	Sound  started
1060.6382 	DATA 	Keypress: rctrl
1061.3867 	EXP 	Sound  started
1061.4382 	DATA 	Keypress: lctrl
1062.1262 	DATA 	Keypress: lctrl
1062.1367 	EXP 	Sound  started
1062.8622 	DATA 	Keypress: lctrl
1062.8867 	EXP 	Sound  started
1063.5342 	DATA 	Keypress: lctrl
1063.6367 	EXP 	Sound  started
1064.2542 	DATA 	Keypress: rctrl
1064.3867 	EXP 	Sound  started
1065.0542 	DATA 	Keypress: rctrl
1065.1367 	EXP 	Sound  started
1065.7422 	DATA 	Keypress: rctrl
1065.8868 	EXP 	Sound  started
1066.5422 	DATA 	Keypress: rctrl
1066.6368 	EXP 	Sound  started
1067.2462 	DATA 	Keypress: lctrl
1067.3868 	EXP 	Sound  started
1068.0783 	DATA 	Keypress: lctrl
1068.1368 	EXP 	Sound  started
1068.8142 	DATA 	Keypress: lctrl
1068.8868 	EXP 	Sound  started
1069.5023 	DATA 	Keypress: lctrl
1069.6368 	EXP 	Sound  started
1070.2861 	DATA 	Keypress: rctrl
1070.3868 	EXP 	Sound  started
1071.0062 	DATA 	Keypress: rctrl
1071.1369 	EXP 	Sound  started
1071.7582 	DATA 	Keypress: rctrl
1076.7419 	DATA 	Keypress: 2
1076.7585 	EXP 	unnamed ShapeStim: vertices = <class 'numpy.ndarray'>
1080.3282 	DATA 	Keypress: 3
1080.3448 	EXP 	unnamed ShapeStim: vertices = <class 'numpy.ndarray'>
1083.3141 	DATA 	Keypress: 2
1083.3305 	EXP 	unnamed ShapeStim: vertices = <class 'numpy.ndarray'>
1085.6159 	EXP 	Sound  started
1085.9022 	DATA 	Keypress: rctrl
1086.3342 	DATA 	Keypress: rctrl
1086.3658 	EXP 	Sound  started
1087.0382 	DATA 	Keypress: rctrl
1087.1158 	EXP 	Sound  started
1087.7901 	DATA 	Keypress: rctrl
1087.8658 	EXP 	Sound  started
1088.5102 	DATA 	Keypress: lctrl
1088.6158 	EXP 	Sound  started
1089.3658 	EXP 	Sound  started
1089.3742 	DATA 	Keypress: lctrl
1090.0622 	DATA 	Keypress: lctrl
1090.1158 	EXP 	Sound  started
1090.8142 	DATA 	Keypress: lctrl
1090.8658 	EXP 	Sound  started
1091.5182 	DATA 	Keypress: rctrl
1091.6159 	EXP 	Sound  started
1092.3022 	DATA 	Keypress: rctrl
1092.3659 	EXP 	Sound  started
1093.0222 	DATA 	Keypress: rctrl
1093.1159 	EXP 	Sound  started
1093.7902 	DATA 	Keypress: rctrl
1093.8659 	EXP 	Sound  started
1094.5262 	DATA 	Keypress: lctrl
1094.6159 	EXP 	Sound  started
1095.3422 	DATA 	Keypress: lctrl
1095.3659 	EXP 	Sound  started
1096.0622 	DATA 	Keypress: lctrl
1096.1159 	EXP 	Sound  started
1096.7022 	DATA 	Keypress: lctrl
1096.8659 	EXP 	Sound  started
1097.4542 	DATA 	Keypress: rctrl
1097.6160 	EXP 	Sound  started
1098.3182 	DATA 	Keypress: rctrl
1098.3660 	EXP 	Sound  started
1098.9902 	DATA 	Keypress: rctrl
1099.1160 	EXP 	Sound  started
1099.7102 	DATA 	Keypress: rctrl
1099.8660 	EXP 	Sound  started
1100.4462 	DATA 	Keypress: lctrl
1100.6160 	EXP 	Sound  started
1101.3102 	DATA 	Keypress: lctrl
1101.3660 	EXP 	Sound  started
1102.0622 	DATA 	Keypress: lctrl
1102.1161 	EXP 	Sound  started
1102.7502 	DATA 	Keypress: lctrl
1102.8661 	EXP 	Sound  started
1103.5982 	DATA 	Keypress: rctrl
1103.6161 	EXP 	Sound  started
1104.2862 	DATA 	Keypress: rctrl
1104.3661 	EXP 	Sound  started
1105.0542 	DATA 	Keypress: rctrl
1105.1161 	EXP 	Sound  started
1105.7742 	DATA 	Keypress: rctrl
1105.8661 	EXP 	Sound  started
1106.5262 	DATA 	Keypress: lctrl
1106.6161 	EXP 	Sound  started
1107.3261 	DATA 	Keypress: lctrl
1107.3662 	EXP 	Sound  started
1108.1162 	EXP 	Sound  started
1108.1263 	DATA 	Keypress: lctrl
1108.7981 	DATA 	Keypress: lctrl
1108.8662 	EXP 	Sound  started
1109.4862 	DATA 	Keypress: rctrl
1109.6162 	EXP 	Sound  started
1110.3662 	EXP 	Sound  started
1110.4141 	DATA 	Keypress: rctrl
1111.1162 	EXP 	Sound  started
1111.1342 	DATA 	Keypress: rctrl
1111.8222 	DATA 	Keypress: rctrl
1111.8663 	EXP 	Sound  started
1112.5422 	DATA 	Keypress: lctrl
1112.6163 	EXP 	Sound  started
1113.2942 	DATA 	Keypress: lctrl
1113.3663 	EXP 	Sound  started
1114.0463 	DATA 	Keypress: lctrl
1114.1163 	EXP 	Sound  started
1114.7182 	DATA 	Keypress: lctrl
1114.8663 	EXP 	Sound  started
1115.5662 	DATA 	Keypress: rctrl
1115.6163 	EXP 	Sound  started
1116.3182 	DATA 	Keypress: rctrl
1116.3663 	EXP 	Sound  started
1117.0542 	DATA 	Keypress: rctrl
1117.1163 	EXP 	Sound  started
1117.7742 	DATA 	Keypress: rctrl
1117.8664 	EXP 	Sound  started
1118.6164 	EXP 	Sound  started
1118.8141 	DATA 	Keypress: lctrl
1119.3262 	DATA 	Keypress: lctrl
1119.3664 	EXP 	Sound  started
1119.9501 	DATA 	Keypress: lctrl
1120.1164 	EXP 	Sound  started
1120.6062 	DATA 	Keypress: lctrl
1120.8664 	EXP 	Sound  started
1121.3901 	DATA 	Keypress: rctrl
1121.6164 	EXP 	Sound  started
1122.1422 	DATA 	Keypress: rctrl
1122.3665 	EXP 	Sound  started
1122.8942 	DATA 	Keypress: rctrl
1123.1165 	EXP 	Sound  started
1123.6142 	DATA 	Keypress: rctrl
1123.8665 	EXP 	Sound  started
1124.5102 	DATA 	Keypress: lctrl
1124.6165 	EXP 	Sound  started
1125.2462 	DATA 	Keypress: lctrl
1125.3665 	EXP 	Sound  started
1125.8862 	DATA 	Keypress: lctrl
1126.1165 	EXP 	Sound  started
1126.5902 	DATA 	Keypress: lctrl
1126.8665 	EXP 	Sound  started
1127.4062 	DATA 	Keypress: rctrl
1127.6165 	EXP 	Sound  started
1128.2062 	DATA 	Keypress: rctrl
1128.3666 	EXP 	Sound  started
1128.8942 	DATA 	Keypress: rctrl
1129.1166 	EXP 	Sound  started
1129.6622 	DATA 	Keypress: rctrl
1129.8666 	EXP 	Sound  started
1130.4941 	DATA 	Keypress: lctrl
1130.6166 	EXP 	Sound  started
1131.1662 	DATA 	Keypress: lctrl
1131.3666 	EXP 	Sound  started
1131.9501 	DATA 	Keypress: lctrl
1132.1166 	EXP 	Sound  started
1132.7022 	DATA 	Keypress: lctrl
1132.8666 	EXP 	Sound  started
1133.4542 	DATA 	Keypress: rctrl
1133.6166 	EXP 	Sound  started
1134.3022 	DATA 	Keypress: rctrl
1134.3667 	EXP 	Sound  started
1135.0382 	DATA 	Keypress: rctrl
1135.1167 	EXP 	Sound  started
1135.7262 	DATA 	Keypress: rctrl
1135.8667 	EXP 	Sound  started
1136.5102 	DATA 	Keypress: lctrl
1136.6167 	EXP 	Sound  started
1137.2782 	DATA 	Keypress: lctrl
1137.3667 	EXP 	Sound  started
1138.0462 	DATA 	Keypress: lctrl
1138.1167 	EXP 	Sound  started
1138.7822 	DATA 	Keypress: lctrl
1138.8667 	EXP 	Sound  started
1139.4702 	DATA 	Keypress: rctrl
1139.6168 	EXP 	Sound  started
1140.2062 	DATA 	Keypress: rctrl
1140.3668 	EXP 	Sound  started
1141.0062 	DATA 	Keypress: rctrl
1141.1168 	EXP 	Sound  started
1141.7422 	DATA 	Keypress: rctrl
1141.8668 	EXP 	Sound  started
1142.5101 	DATA 	Keypress: lctrl
1142.6168 	EXP 	Sound  started
1143.2142 	DATA 	Keypress: lctrl
1143.3668 	EXP 	Sound  started
1144.0303 	DATA 	Keypress: lctrl
1144.1169 	EXP 	Sound  started
1144.7821 	DATA 	Keypress: lctrl
1144.8669 	EXP 	Sound  started
1145.5502 	DATA 	Keypress: rctrl
1145.6169 	EXP 	Sound  started
1146.2542 	DATA 	Keypress: rctrl
1146.3669 	EXP 	Sound  started
1146.8302 	DATA 	Keypress: rctrl
1147.1169 	EXP 	Sound  started
1147.7262 	DATA 	Keypress: rctrl
1147.8669 	EXP 	Sound  started
1148.4782 	DATA 	Keypress: lctrl
1148.6169 	EXP 	Sound  started
1149.2302 	DATA 	Keypress: lctrl
1149.3670 	EXP 	Sound  started
1150.0942 	DATA 	Keypress: lctrl
1150.1170 	EXP 	Sound  started
1150.7341 	DATA 	Keypress: lctrl
1150.8670 	EXP 	Sound  started
1151.4222 	DATA 	Keypress: rctrl
1151.6170 	EXP 	Sound  started
1152.2382 	DATA 	Keypress: rctrl
1152.3670 	EXP 	Sound  started
1152.9902 	DATA 	Keypress: rctrl
1158.1753 	DATA 	Keypress: 3
1158.1918 	EXP 	unnamed ShapeStim: vertices = <class 'numpy.ndarray'>
1162.2119 	DATA 	Keypress: 1
1162.2285 	EXP 	unnamed ShapeStim: vertices = <class 'numpy.ndarray'>
1175.5395 	DATA 	Keypress: 3
1175.5560 	EXP 	unnamed ShapeStim: vertices = <class 'numpy.ndarray'>
1177.8407 	EXP 	Sound  started
1177.9822 	DATA 	Keypress: rctrl
1178.5422 	DATA 	Keypress: rctrl
1178.5906 	EXP 	Sound  started
1179.2301 	DATA 	Keypress: rctrl
1179.3406 	EXP 	Sound  started
1179.9822 	DATA 	Keypress: rctrl
1180.0906 	EXP 	Sound  started
1180.6382 	DATA 	Keypress: lctrl
1180.8406 	EXP 	Sound  started
1181.5182 	DATA 	Keypress: lctrl
1181.5906 	EXP 	Sound  started
1182.2702 	DATA 	Keypress: lctrl
1182.3406 	EXP 	Sound  started
1183.0062 	DATA 	Keypress: lctrl
1183.0907 	EXP 	Sound  started
1183.7901 	DATA 	Keypress: rctrl
1183.8407 	EXP 	Sound  started
1184.5902 	DATA 	Keypress: rctrl
1184.5907 	EXP 	Sound  started
1185.2781 	DATA 	Keypress: rctrl
1185.3407 	EXP 	Sound  started
1185.9822 	DATA 	Keypress: rctrl
1186.0907 	EXP 	Sound  started
1186.7021 	DATA 	Keypress: lctrl
1186.8407 	EXP 	Sound  started
1187.4541 	DATA 	Keypress: lctrl
1187.5908 	EXP 	Sound  started
1188.2062 	DATA 	Keypress: lctrl
1188.3408 	EXP 	Sound  started
1188.9262 	DATA 	Keypress: lctrl
1189.0908 	EXP 	Sound  started
1189.7262 	DATA 	Keypress: rctrl
1189.8408 	EXP 	Sound  started
1190.5582 	DATA 	Keypress: rctrl
1190.5908 	EXP 	Sound  started
1191.3408 	EXP 	Sound  started
1191.3581 	DATA 	Keypress: rctrl
1192.0783 	DATA 	Keypress: rctrl
1192.0908 	EXP 	Sound  started
1192.7823 	DATA 	Keypress: lctrl
1192.8409 	EXP 	Sound  started
1193.5022 	DATA 	Keypress: lctrl
1193.5909 	EXP 	Sound  started
1194.3409 	EXP 	Sound  started
1194.4462 	DATA 	Keypress: lctrl
1195.0542 	DATA 	Keypress: lctrl
1195.0909 	EXP 	Sound  started
1195.7582 	DATA 	Keypress: rctrl
1195.8409 	EXP 	Sound  started
1196.5422 	DATA 	Keypress: rctrl
1196.5909 	EXP 	Sound  started
1197.2461 	DATA 	Keypress: rctrl
1197.3409 	EXP 	Sound  started
1198.0141 	DATA 	Keypress: rctrl
1198.0910 	EXP 	Sound  started
1198.8302 	DATA 	Keypress: lctrl
1198.8410 	EXP 	Sound  started
1199.5910 	EXP 	Sound  started
1199.5982 	DATA 	Keypress: lctrl
1200.3410 	EXP 	Sound  started
1200.3502 	DATA 	Keypress: lctrl
1201.0861 	DATA 	Keypress: lctrl
1201.0910 	EXP 	Sound  started
1201.8062 	DATA 	Keypress: rctrl
1201.8410 	EXP 	Sound  started
1202.5261 	DATA 	Keypress: rctrl
1202.5910 	EXP 	Sound  started
1203.2942 	DATA 	Keypress: rctrl
1203.3411 	EXP 	Sound  started
1204.0461 	DATA 	Keypress: rctrl
1204.0911 	EXP 	Sound  started
1204.7822 	DATA 	Keypress: lctrl
1204.8411 	EXP 	Sound  started
1205.5021 	DATA 	Keypress: lctrl
1205.5911 	EXP 	Sound  started
1206.3411 	EXP 	Sound  started
1206.3502 	DATA 	Keypress: lctrl
1207.0542 	DATA 	Keypress: lctrl
1207.0911 	EXP 	Sound  started
1207.8412 	EXP 	Sound  started
1207.8701 	DATA 	Keypress: rctrl
1208.5912 	EXP 	Sound  started
1208.6062 	DATA 	Keypress: rctrl
1209.3412 	EXP 	Sound  started
1209.3582 	DATA 	Keypress: rctrl
1210.0912 	EXP 	Sound  started
1210.0942 	DATA 	Keypress: rctrl
1210.7342 	DATA 	Keypress: lctrl
1210.8412 	EXP 	Sound  started
1211.5912 	EXP 	Sound  started
1211.5982 	DATA 	Keypress: lctrl
1212.3021 	DATA 	Keypress: lctrl
1212.3412 	EXP 	Sound  started
1213.0542 	DATA 	Keypress: lctrl
1213.0913 	EXP 	Sound  started
1213.7902 	DATA 	Keypress: rctrl
1213.8413 	EXP 	Sound  started
1214.5421 	DATA 	Keypress: rctrl
1214.5913 	EXP 	Sound  started
1215.3413 	EXP 	Sound  started
1215.3581 	DATA 	Keypress: rctrl
1216.0913 	EXP 	Sound  started
1216.1102 	DATA 	Keypress: rctrl
1216.8302 	DATA 	Keypress: lctrl
1216.8413 	EXP 	Sound  started
1217.4701 	DATA 	Keypress: lctrl
1217.5914 	EXP 	Sound  started
1218.2222 	DATA 	Keypress: lctrl
1218.3414 	EXP 	Sound  started
1218.9901 	DATA 	Keypress: lctrl
1219.0914 	EXP 	Sound  started
1219.7101 	DATA 	Keypress: rctrl
1219.8414 	EXP 	Sound  started
1220.4941 	DATA 	Keypress: rctrl
1220.5914 	EXP 	Sound  started
1221.2141 	DATA 	Keypress: rctrl
1221.3414 	EXP 	Sound  started
1221.9661 	DATA 	Keypress: rctrl
1222.0914 	EXP 	Sound  started
1222.7182 	DATA 	Keypress: lctrl
1222.8415 	EXP 	Sound  started
1223.4541 	DATA 	Keypress: lctrl
1223.5915 	EXP 	Sound  started
1224.1421 	DATA 	Keypress: lctrl
1224.3415 	EXP 	Sound  started
1224.9581 	DATA 	Keypress: lctrl
1225.0915 	EXP 	Sound  started
1225.7582 	DATA 	Keypress: rctrl
1225.8415 	EXP 	Sound  started
1226.4941 	DATA 	Keypress: rctrl
1226.5915 	EXP 	Sound  started
1227.2461 	DATA 	Keypress: rctrl
1227.3415 	EXP 	Sound  started
1228.0302 	DATA 	Keypress: rctrl
1228.0915 	EXP 	Sound  started
1228.7501 	DATA 	Keypress: lctrl
1228.8416 	EXP 	Sound  started
1229.5502 	DATA 	Keypress: lctrl
1229.5916 	EXP 	Sound  started
1230.2862 	DATA 	Keypress: lctrl
1230.3416 	EXP 	Sound  started
1231.0221 	DATA 	Keypress: lctrl
1231.0916 	EXP 	Sound  started
1231.7742 	DATA 	Keypress: rctrl
1231.8416 	EXP 	Sound  started
1232.4781 	DATA 	Keypress: rctrl
1232.5916 	EXP 	Sound  started
1233.2462 	DATA 	Keypress: rctrl
1233.3416 	EXP 	Sound  started
1233.9822 	DATA 	Keypress: rctrl
1234.0917 	EXP 	Sound  started
1234.8417 	EXP 	Sound  started
1234.8621 	DATA 	Keypress: lctrl
1235.4701 	DATA 	Keypress: lctrl
1235.5917 	EXP 	Sound  started
1236.1741 	DATA 	Keypress: lctrl
1236.3417 	EXP 	Sound  started
1236.9902 	DATA 	Keypress: lctrl
1237.0917 	EXP 	Sound  started
1237.7262 	DATA 	Keypress: rctrl
1237.8417 	EXP 	Sound  started
1238.5102 	DATA 	Keypress: rctrl
1241.0098 	DATA 	Keypress: 4
1241.0263 	EXP 	unnamed ShapeStim: vertices = <class 'numpy.ndarray'>
1243.8955 	DATA 	Keypress: 1
1243.9120 	EXP 	unnamed ShapeStim: vertices = <class 'numpy.ndarray'>
1246.9814 	DATA 	Keypress: 4
1246.9979 	EXP 	unnamed ShapeStim: vertices = <class 'numpy.ndarray'>
1248.5169 	DATA 	Keypress: 4
1249.2830 	EXP 	Sound  started
1249.6142 	DATA 	Keypress: rctrl
1250.0330 	EXP 	Sound  started
1250.0941 	DATA 	Keypress: rctrl
1250.6382 	DATA 	Keypress: rctrl
1250.7830 	EXP 	Sound  started
1251.5330 	EXP 	Sound  started
1251.6142 	DATA 	Keypress: rctrl
1252.2830 	EXP 	Sound  started
1252.5101 	DATA 	Keypress: rctrl
1253.0330 	EXP 	Sound  started
1253.1181 	DATA 	Keypress: rctrl
1253.6782 	DATA 	Keypress: lctrl
1253.7830 	EXP 	Sound  started
1254.3821 	DATA 	Keypress: lctrl
1254.5331 	EXP 	Sound  started
1255.1181 	DATA 	Keypress: lctrl
1255.2831 	EXP 	Sound  started
1255.6461 	DATA 	Keypress: lctrl
1256.0331 	EXP 	Sound  started
1256.1581 	DATA 	Keypress: lctrl
1256.7831 	EXP 	Sound  started
1257.5332 	EXP 	Sound  started
1258.2062 	DATA 	Keypress: rctrl
1258.2831 	EXP 	Sound  started
1258.9261 	DATA 	Keypress: rctrl
1259.0332 	EXP 	Sound  started
1259.7102 	DATA 	Keypress: rctrl
1259.7832 	EXP 	Sound  started
1260.3982 	DATA 	Keypress: rctrl
1260.5332 	EXP 	Sound  started
1261.2461 	DATA 	Keypress: lctrl
1261.2832 	EXP 	Sound  started
1261.9982 	DATA 	Keypress: lctrl
1262.0332 	EXP 	Sound  started
1262.7342 	DATA 	Keypress: lctrl
1262.7832 	EXP 	Sound  started
1263.3903 	DATA 	Keypress: lctrl
1263.5333 	EXP 	Sound  started
1264.2833 	EXP 	Sound  started
1264.2862 	DATA 	Keypress: rctrl
1264.9422 	DATA 	Keypress: rctrl
1265.0333 	EXP 	Sound  started
1265.7833 	EXP 	Sound  started
1266.1262 	DATA 	Keypress: rctrl
1266.5333 	EXP 	Sound  started
1266.6383 	DATA 	Keypress: rctrl
1267.1822 	DATA 	Keypress: lctrl
1267.2833 	EXP 	Sound  started
1267.8702 	DATA 	Keypress: lctrl
1268.0333 	EXP 	Sound  started
1268.6541 	DATA 	Keypress: lctrl
1268.7833 	EXP 	Sound  started
1269.3101 	DATA 	Keypress: lctrl
1269.5334 	EXP 	Sound  started
1270.1101 	DATA 	Keypress: rctrl
1270.2834 	EXP 	Sound  started
1270.9261 	DATA 	Keypress: rctrl
1271.0334 	EXP 	Sound  started
1271.6461 	DATA 	Keypress: rctrl
1271.7834 	EXP 	Sound  started
1272.4142 	DATA 	Keypress: rctrl
1272.5334 	EXP 	Sound  started
1273.1182 	DATA 	Keypress: lctrl
1273.2834 	EXP 	Sound  started
1273.8541 	DATA 	Keypress: lctrl
1274.0335 	EXP 	Sound  started
1274.6062 	DATA 	Keypress: lctrl
1274.7835 	EXP 	Sound  started
1275.3741 	DATA 	Keypress: lctrl
1275.5335 	EXP 	Sound  started
1276.1102 	DATA 	Keypress: rctrl
1276.2835 	EXP 	Sound  started
1276.8623 	DATA 	Keypress: rctrl
1277.0335 	EXP 	Sound  started
1277.6462 	DATA 	Keypress: rctrl
1277.7835 	EXP 	Sound  started
1278.4941 	DATA 	Keypress: rctrl
1278.5335 	EXP 	Sound  started
1279.1661 	DATA 	Keypress: lctrl
1279.2836 	EXP 	Sound  started
1279.9343 	DATA 	Keypress: lctrl
1280.0336 	EXP 	Sound  started
1280.7182 	DATA 	Keypress: lctrl
1280.7836 	EXP 	Sound  started
1281.4701 	DATA 	Keypress: lctrl
1281.5336 	EXP 	Sound  started
1282.2381 	DATA 	Keypress: rctrl
1282.2836 	EXP 	Sound  started
1282.9582 	DATA 	Keypress: rctrl
1283.0336 	EXP 	Sound  started
1283.6781 	DATA 	Keypress: rctrl
1283.7837 	EXP 	Sound  started
1284.4621 	DATA 	Keypress: rctrl
1284.5337 	EXP 	Sound  started
1285.1981 	DATA 	Keypress: lctrl
1285.2837 	EXP 	Sound  started
1285.9341 	DATA 	Keypress: lctrl
1286.0337 	EXP 	Sound  started
1286.7821 	DATA 	Keypress: lctrl
1286.7837 	EXP 	Sound  started
1287.5182 	DATA 	Keypress: lctrl
1287.5337 	EXP 	Sound  started
1288.2381 	DATA 	Keypress: lctrl
1288.2837 	EXP 	Sound  started
1288.9421 	DATA 	Keypress: lctrl
1289.0337 	EXP 	Sound  started
1289.6621 	DATA 	Keypress: lctrl
1289.7838 	EXP 	Sound  started
1290.4302 	DATA 	Keypress: rctrl
1290.5338 	EXP 	Sound  started
1291.2142 	DATA 	Keypress: rctrl
1291.2838 	EXP 	Sound  started
1291.9342 	DATA 	Keypress: rctrl
1292.0338 	EXP 	Sound  started
1292.7341 	DATA 	Keypress: rctrl
1292.7838 	EXP 	Sound  started
1293.5181 	DATA 	Keypress: rctrl
1293.5338 	EXP 	Sound  started
1294.2061 	DATA 	Keypress: lctrl
1294.2838 	EXP 	Sound  started
1294.9422 	DATA 	Keypress: lctrl
1295.0338 	EXP 	Sound  started
1295.6941 	DATA 	Keypress: lctrl
1295.7839 	EXP 	Sound  started
1296.3501 	DATA 	Keypress: lctrl
1296.5339 	EXP 	Sound  started
1297.0862 	DATA 	Keypress: rctrl
1297.2839 	EXP 	Sound  started
1297.8701 	DATA 	Keypress: rctrl
1298.0339 	EXP 	Sound  started
1298.6381 	DATA 	Keypress: rctrl
1298.7839 	EXP 	Sound  started
1299.4221 	DATA 	Keypress: rctrl
1299.5339 	EXP 	Sound  started
1300.1261 	DATA 	Keypress: lctrl
1300.2839 	EXP 	Sound  started
1300.9261 	DATA 	Keypress: lctrl
1301.0340 	EXP 	Sound  started
1301.6941 	DATA 	Keypress: lctrl
1301.7840 	EXP 	Sound  started
1302.5101 	DATA 	Keypress: lctrl
1302.5340 	EXP 	Sound  started
1303.1022 	DATA 	Keypress: lctrl
1303.2840 	EXP 	Sound  started
1303.8861 	DATA 	Keypress: rctrl
1304.0340 	EXP 	Sound  started
1304.7022 	DATA 	Keypress: rctrl
1304.7840 	EXP 	Sound  started
1305.5341 	DATA 	Keypress: rctrl
1305.5344 	EXP 	Sound  started
1306.1901 	DATA 	Keypress: lctrl
1306.2844 	EXP 	Sound  started
1306.9582 	DATA 	Keypress: lctrl
1307.0344 	EXP 	Sound  started
1307.5821 	DATA 	Keypress: lctrl
1307.7844 	EXP 	Sound  started
1308.5656 	DATA 	Keypress: lctrl
1310.8003 	DATA 	Keypress: 1
1310.8168 	EXP 	unnamed ShapeStim: vertices = <class 'numpy.ndarray'>
1314.0029 	DATA 	Keypress: 4
1314.0194 	EXP 	unnamed ShapeStim: vertices = <class 'numpy.ndarray'>
1317.0888 	DATA 	Keypress: 1
1317.1053 	EXP 	unnamed ShapeStim: vertices = <class 'numpy.ndarray'>
1321.4082 	DATA 	Keypress: rctrl
1337.7903 	DATA 	Keypress: return
1337.8797 	EXP 	window1: mouseVisible = True
