16.9288 	WARNING 	User requested fullscreen with size [1024  768], but screen is actually [1920, 1200]. Using actual size
17.7401 	EXP 	Created window1 = Window(allowGUI=False, allowStencil=False, autoLog=True, backendConf=UNKNOWN, bitsMode=UNKNOWN, blendMode='avg', bpc=(8, 8, 8), color=array([0, 0, 0]), colorSpace='rgb', depthBits=8, fullscr=<method-wrapper '__getattribute__' of attributeSetter object at 0x000001CFA3347780>, gamma=None, gammaErrorPolicy='raise', lms=UNKNOWN, monitor=<psychopy.monitors.calibTools.Monitor object at 0x000001CFA4A84080>, multiSample=False, name='window1', numSamples=2, pos=[0.0, 0.0], screen=0, size=array([1920, 1200]), stencilBits=0, stereo=False, units='norm', useFBO=True, useRetina=False, viewOri=0.0, viewPos=None, viewScale=None, waitBlanking=True, winType='pyglet')
17.7404 	EXP 	window1: mouseVisible = True
17.7405 	EXP 	window1: mouseVisible = False
17.7405 	EXP 	window1: recordFrameIntervals = False
17.9066 	EXP 	window1: recordFrameIntervals = True
18.0902 	EXP 	window1: recordFrameIntervals = False
18.1447 	EXP 	Created text = TextStim(__class__=<class 'psychopy.visual.text.TextStim'>, alignHoriz=method-wrapper(...), alignText='center', alignVert=method-wrapper(...), anchorHoriz='center', anchorVert='center', antialias=True, autoLog=True, bold=False, color=array([1., 1., 1.]), colorSpace='rgb', contrast=1.0, depth=0.0, flipHoriz=False, flipVert=False, font='Arial', fontFiles=[], height=0.15, italic=False, languageStyle='LTR', name='text', opacity=1, ori=0, pos=array([0., 0.]), rgb=UNKNOWN, text='+', units='norm', win=Window(...), wrapWidth=1)
18.1650 	EXP 	Created text = TextStim(__class__=<class 'psychopy.visual.text.TextStim'>, alignHoriz=method-wrapper(...), alignText='center', alignVert=method-wrapper(...), anchorHoriz='center', anchorVert='center', antialias=True, autoLog=True, bold=False, color=array([1., 1., 1.]), colorSpace='rgb', contrast=1.0, depth=0.0, flipHoriz=False, flipVert=False, font='Arial', fontFiles=[], height=0.07, italic=False, languageStyle='LTR', name='text', opacity=1, ori=0, pos=array([0., 0.]), rgb=UNKNOWN, text=str(...), units='norm', win=Window(...), wrapWidth=1.65)
18.1744 	EXP 	Created text = TextStim(__class__=<class 'psychopy.visual.text.TextStim'>, alignHoriz=method-wrapper(...), alignText='center', alignVert=method-wrapper(...), anchorHoriz='center', anchorVert='center', antialias=True, autoLog=True, bold=False, color=array([1., 1., 1.]), colorSpace='rgb', contrast=1.0, depth=0.0, flipHoriz=False, flipVert=False, font='Arial', fontFiles=[], height=0.07, italic=False, languageStyle='LTR', name='text', opacity=1, ori=0, pos=array([0., 0.]), rgb=UNKNOWN, text=str(...), units='norm', win=Window(...), wrapWidth=1.65)
18.1834 	EXP 	Created text = TextStim(__class__=<class 'psychopy.visual.text.TextStim'>, alignHoriz=method-wrapper(...), alignText='center', alignVert=method-wrapper(...), anchorHoriz='center', anchorVert='center', antialias=True, autoLog=True, bold=False, color=array([1., 1., 1.]), colorSpace='rgb', contrast=1.0, depth=0.0, flipHoriz=False, flipVert=False, font='Arial', fontFiles=[], height=0.07, italic=False, languageStyle='LTR', name='text', opacity=1, ori=0, pos=array([0., 0.]), rgb=UNKNOWN, text=str(...), units='norm', win=Window(...), wrapWidth=1.65)
18.1937 	EXP 	Created text = TextStim(__class__=<class 'psychopy.visual.text.TextStim'>, alignHoriz=method-wrapper(...), alignText='center', alignVert=method-wrapper(...), anchorHoriz='center', anchorVert='center', antialias=True, autoLog=True, bold=False, color=array([1., 1., 1.]), colorSpace='rgb', contrast=1.0, depth=0.0, flipHoriz=False, flipVert=False, font='Arial', fontFiles=[], height=0.07, italic=False, languageStyle='LTR', name='text', opacity=1, ori=0, pos=array([0., 0.]), rgb=UNKNOWN, text=str(...), units='norm', win=Window(...), wrapWidth=1.65)
18.1996 	EXP 	Created text = TextStim(__class__=<class 'psychopy.visual.text.TextStim'>, alignHoriz=method-wrapper(...), alignText='center', alignVert=method-wrapper(...), anchorHoriz='center', anchorVert='center', antialias=True, autoLog=True, bold=False, color=array([1., 1., 1.]), colorSpace='rgb', contrast=1.0, depth=0.0, flipHoriz=False, flipVert=False, font='Arial', fontFiles=[], height=0.07, italic=False, languageStyle='LTR', name='text', opacity=1, ori=0, pos=array([0., 0.]), rgb=UNKNOWN, text=str(...), units='norm', win=Window(...), wrapWidth=1.65)
18.2152 	EXP 	Created text = TextStim(__class__=<class 'psychopy.visual.text.TextStim'>, alignHoriz=method-wrapper(...), alignText='center', alignVert=method-wrapper(...), anchorHoriz='center', anchorVert='center', antialias=True, autoLog=True, bold=False, color=array([1., 1., 1.]), colorSpace='rgb', contrast=1.0, depth=0.0, flipHoriz=False, flipVert=False, font='Arial', fontFiles=[], height=0.15, italic=False, languageStyle='LTR', name='text', opacity=1, ori=0, pos=array([0., 0.]), rgb=UNKNOWN, text=str(...), units='norm', win=Window(...), wrapWidth=1.65)
18.2441 	EXP 	Created text = TextStim(__class__=<class 'psychopy.visual.text.TextStim'>, alignHoriz=method-wrapper(...), alignText='center', alignVert=method-wrapper(...), anchorHoriz='center', anchorVert='center', antialias=True, autoLog=True, bold=False, color=array([1., 1., 1.]), colorSpace='rgb', contrast=1.0, depth=0.0, flipHoriz=False, flipVert=False, font='Arial', fontFiles=[], height=0.07, italic=False, languageStyle='LTR', name='text', opacity=1, ori=0, pos=array([0., 0.]), rgb=UNKNOWN, text=str(...), units='norm', win=Window(...), wrapWidth=1.65)
18.2645 	EXP 	Created text = TextStim(__class__=<class 'psychopy.visual.text.TextStim'>, alignHoriz=method-wrapper(...), alignText='center', alignVert=method-wrapper(...), anchorHoriz='center', anchorVert='center', antialias=True, autoLog=True, bold=False, color=array([1., 1., 1.]), colorSpace='rgb', contrast=1.0, depth=0.0, flipHoriz=False, flipVert=False, font='Arial', fontFiles=[], height=0.07, italic=False, languageStyle='LTR', name='text', opacity=1, ori=0, pos=array([0., 0.]), rgb=UNKNOWN, text=str(...), units='norm', win=Window(...), wrapWidth=1.65)
18.2940 	EXP 	Created text = TextStim(__class__=<class 'psychopy.visual.text.TextStim'>, alignHoriz=method-wrapper(...), alignText='center', alignVert=method-wrapper(...), anchorHoriz='center', anchorVert='center', antialias=True, autoLog=True, bold=False, color=array([1., 1., 1.]), colorSpace='rgb', contrast=1.0, depth=0.0, flipHoriz=False, flipVert=False, font='Arial', fontFiles=[], height=0.07, italic=False, languageStyle='LTR', name='text', opacity=1, ori=0, pos=array([0., 0.]), rgb=UNKNOWN, text=str(...), units='norm', win=Window(...), wrapWidth=1.65)
18.3177 	EXP 	Created text = TextStim(__class__=<class 'psychopy.visual.text.TextStim'>, alignHoriz=method-wrapper(...), alignText='center', alignVert=method-wrapper(...), anchorHoriz='center', anchorVert='center', antialias=True, autoLog=True, bold=False, color=array([1., 1., 1.]), colorSpace='rgb', contrast=1.0, depth=0.0, flipHoriz=False, flipVert=False, font='Arial', fontFiles=[], height=0.07, italic=False, languageStyle='LTR', name='text', opacity=1, ori=0, pos=array([0., 0.]), rgb=UNKNOWN, text=str(...), units='norm', win=Window(...), wrapWidth=1.65)
18.3470 	EXP 	Created text = TextStim(__class__=<class 'psychopy.visual.text.TextStim'>, alignHoriz=method-wrapper(...), alignText='center', alignVert=method-wrapper(...), anchorHoriz='center', anchorVert='center', antialias=True, autoLog=True, bold=False, color=array([1., 1., 1.]), colorSpace='rgb', contrast=1.0, depth=0.0, flipHoriz=False, flipVert=False, font='Arial', fontFiles=[], height=0.07, italic=False, languageStyle='LTR', name='text', opacity=1, ori=0, pos=array([0., 0.]), rgb=UNKNOWN, text=str(...), units='norm', win=Window(...), wrapWidth=1.65)
18.3573 	EXP 	Created text = TextStim(__class__=<class 'psychopy.visual.text.TextStim'>, alignHoriz=method-wrapper(...), alignText='center', alignVert=method-wrapper(...), anchorHoriz='center', anchorVert='center', antialias=True, autoLog=True, bold=False, color=array([1., 1., 1.]), colorSpace='rgb', contrast=1.0, depth=0.0, flipHoriz=False, flipVert=False, font='Arial', fontFiles=[], height=0.07, italic=False, languageStyle='LTR', name='text', opacity=1, ori=0, pos=array([0., 0.]), rgb=UNKNOWN, text=str(...), units='norm', win=Window(...), wrapWidth=1.65)
18.3695 	EXP 	Created text = TextStim(__class__=<class 'psychopy.visual.text.TextStim'>, alignHoriz=method-wrapper(...), alignText='center', alignVert=method-wrapper(...), anchorHoriz='center', anchorVert='center', antialias=True, autoLog=True, bold=False, color=array([1., 1., 1.]), colorSpace='rgb', contrast=1.0, depth=0.0, flipHoriz=False, flipVert=False, font='Arial', fontFiles=[], height=0.07, italic=False, languageStyle='LTR', name='text', opacity=1, ori=0, pos=array([0., 0.]), rgb=UNKNOWN, text=str(...), units='norm', win=Window(...), wrapWidth=1.65)
18.3739 	EXP 	Created instru = TextStim(__class__=<class 'psychopy.visual.text.TextStim'>, alignHoriz=method-wrapper(...), alignText='center', alignVert=method-wrapper(...), anchorHoriz='center', anchorVert='center', antialias=True, autoLog=True, bold=False, color=array([1., 1., 1.]), colorSpace='rgb', contrast=1.0, depth=0.0, flipHoriz=False, flipVert=False, font='Arial', fontFiles=[], height=0.07, italic=False, languageStyle='LTR', name='instru', opacity=1, ori=0, pos=array([0. , 0.5]), rgb=UNKNOWN, text=str(...), units='norm', win=Window(...), wrapWidth=1)
18.3764 	EXP 	Created unnamed Line = Line(__class__=<class 'psychopy.visual.line.Line'>, autoDraw=False, autoLog=True, closeShape=False, color=array([1., 1., 1.]), colorSpace='rgb', contrast=None, depth=0, fillColor=array([0, 0, 0]), fillColorSpace='rgb', fillRGB=array([0, 0, 0]), interpolate=True, lineColor=array([1., 1., 1.]), lineColorSpace='rgb', lineRGB=array([1, 1, 1]), lineWidth=5, name='unnamed Line', opacity=0.5, ori=0.0, pos=array([0., 0.]), size=array([1., 1.]), units='norm', vertices=array([[-0.5,  0. ],
       [ 0.5,  0. ]]), win=Window(...), windingRule=None)
18.3784 	EXP 	Created unnamed Line = Line(__class__=<class 'psychopy.visual.line.Line'>, autoDraw=False, autoLog=True, closeShape=False, color=array([1., 1., 1.]), colorSpace='rgb', contrast=None, depth=0, fillColor=array([0, 0, 0]), fillColorSpace='rgb', fillRGB=array([0, 0, 0]), interpolate=True, lineColor=array([1., 1., 1.]), lineColorSpace='rgb', lineRGB=array([1, 1, 1]), lineWidth=3, name='unnamed Line', opacity=0.5, ori=0.0, pos=array([0., 0.]), size=array([1., 1.]), units='norm', vertices=array([[-0.5 , -0.05],
       [-0.5 ,  0.05]]), win=Window(...), windingRule=None)
18.3804 	EXP 	Created unnamed Line = Line(__class__=<class 'psychopy.visual.line.Line'>, autoDraw=False, autoLog=True, closeShape=False, color=array([1., 1., 1.]), colorSpace='rgb', contrast=None, depth=0, fillColor=array([0, 0, 0]), fillColorSpace='rgb', fillRGB=array([0, 0, 0]), interpolate=True, lineColor=array([1., 1., 1.]), lineColorSpace='rgb', lineRGB=array([1, 1, 1]), lineWidth=3, name='unnamed Line', opacity=0.5, ori=0.0, pos=array([0., 0.]), size=array([1., 1.]), units='norm', vertices=ndarray(...), win=Window(...), windingRule=None)
18.3823 	EXP 	Created unnamed Line = Line(__class__=<class 'psychopy.visual.line.Line'>, autoDraw=False, autoLog=True, closeShape=False, color=array([1., 1., 1.]), colorSpace='rgb', contrast=None, depth=0, fillColor=array([0, 0, 0]), fillColorSpace='rgb', fillRGB=array([0, 0, 0]), interpolate=True, lineColor=array([1., 1., 1.]), lineColorSpace='rgb', lineRGB=array([1, 1, 1]), lineWidth=3, name='unnamed Line', opacity=0.5, ori=0.0, pos=array([0., 0.]), size=array([1., 1.]), units='norm', vertices=ndarray(...), win=Window(...), windingRule=None)
18.3843 	EXP 	Created unnamed Line = Line(__class__=<class 'psychopy.visual.line.Line'>, autoDraw=False, autoLog=True, closeShape=False, color=array([1., 1., 1.]), colorSpace='rgb', contrast=None, depth=0, fillColor=array([0, 0, 0]), fillColorSpace='rgb', fillRGB=array([0, 0, 0]), interpolate=True, lineColor=array([1., 1., 1.]), lineColorSpace='rgb', lineRGB=array([1, 1, 1]), lineWidth=3, name='unnamed Line', opacity=0.5, ori=0.0, pos=array([0., 0.]), size=array([1., 1.]), units='norm', vertices=array([[ 0.5 , -0.05],
       [ 0.5 ,  0.05]]), win=Window(...), windingRule=None)
18.3964 	EXP 	Created unnamed TextStim = TextStim(__class__=<class 'psychopy.visual.text.TextStim'>, alignHoriz=method-wrapper(...), alignText='center', alignVert=method-wrapper(...), anchorHoriz='center', anchorVert='center', antialias=True, autoLog=True, bold=False, color=array([1., 1., 1.]), colorSpace='rgb', contrast=1.0, depth=0, flipHoriz=False, flipVert=False, font='', fontFiles=[], height=0.05, italic=False, languageStyle='LTR', name='unnamed TextStim', opacity=1.0, ori=0.0, pos=array([-0.5, -0.1]), rgb=UNKNOWN, text='Helt klart \n IKKE FOKUSERT', units='norm', win=Window(...), wrapWidth=1)
18.3974 	EXP 	Created unnamed TextStim = TextStim(__class__=<class 'psychopy.visual.text.TextStim'>, alignHoriz=method-wrapper(...), alignText='center', alignVert=method-wrapper(...), anchorHoriz='center', anchorVert='center', antialias=True, autoLog=True, bold=False, color=array([1., 1., 1.]), colorSpace='rgb', contrast=1.0, depth=0, flipHoriz=False, flipVert=False, font='', fontFiles=[], height=0.05, italic=False, languageStyle='LTR', name='unnamed TextStim', opacity=1.0, ori=0.0, pos=array([-0.16666667, -0.1       ]), rgb=UNKNOWN, text='', units='norm', win=Window(...), wrapWidth=1)
18.3987 	EXP 	Created unnamed TextStim = TextStim(__class__=<class 'psychopy.visual.text.TextStim'>, alignHoriz=method-wrapper(...), alignText='center', alignVert=method-wrapper(...), anchorHoriz='center', anchorVert='center', antialias=True, autoLog=True, bold=False, color=array([1., 1., 1.]), colorSpace='rgb', contrast=1.0, depth=0, flipHoriz=False, flipVert=False, font='', fontFiles=[], height=0.05, italic=False, languageStyle='LTR', name='unnamed TextStim', opacity=1.0, ori=0.0, pos=array([ 0.16666667, -0.1       ]), rgb=UNKNOWN, text='', units='norm', win=Window(...), wrapWidth=1)
18.4022 	EXP 	Created unnamed TextStim = TextStim(__class__=<class 'psychopy.visual.text.TextStim'>, alignHoriz=method-wrapper(...), alignText='center', alignVert=method-wrapper(...), anchorHoriz='center', anchorVert='center', antialias=True, autoLog=True, bold=False, color=array([1., 1., 1.]), colorSpace='rgb', contrast=1.0, depth=0, flipHoriz=False, flipVert=False, font='', fontFiles=[], height=0.05, italic=False, languageStyle='LTR', name='unnamed TextStim', opacity=1.0, ori=0.0, pos=array([ 0.5, -0.1]), rgb=UNKNOWN, text='Helt klart \n FOKUSERT', units='norm', win=Window(...), wrapWidth=1)
18.4042 	EXP 	Created unnamed ShapeStim = ShapeStim(__class__=<class 'psychopy.visual.shape.ShapeStim'>, autoDraw=False, autoLog=True, closeShape=True, color=method-wrapper(...), colorSpace='rgb', contrast=None, depth=0, fillColor=array([1, 1, 1]), fillColorSpace='rgb', fillRGB=array([1, 1, 1]), interpolate=True, lineColor=array([-1., -1., -1.]), lineColorSpace='rgb', lineRGB=array([-1, -1, -1]), lineWidth=1.5, name='unnamed ShapeStim', opacity=1.0, ori=0.0, pos=array([0., 0.]), size=array([1., 1.]), units='norm', vertices=ndarray(...), win=Window(...), windingRule=None)
18.4118 	EXP 	Created instru = TextStim(__class__=<class 'psychopy.visual.text.TextStim'>, alignHoriz=method-wrapper(...), alignText='center', alignVert=method-wrapper(...), anchorHoriz='center', anchorVert='center', antialias=True, autoLog=True, bold=False, color=array([1., 1., 1.]), colorSpace='rgb', contrast=1.0, depth=0.0, flipHoriz=False, flipVert=False, font='Arial', fontFiles=[], height=0.07, italic=False, languageStyle='LTR', name='instru', opacity=1, ori=0, pos=array([0. , 0.5]), rgb=UNKNOWN, text=str(...), units='norm', win=Window(...), wrapWidth=1)
18.4139 	EXP 	Created unnamed Line = Line(__class__=<class 'psychopy.visual.line.Line'>, autoDraw=False, autoLog=True, closeShape=False, color=array([1., 1., 1.]), colorSpace='rgb', contrast=None, depth=0, fillColor=array([0, 0, 0]), fillColorSpace='rgb', fillRGB=array([0, 0, 0]), interpolate=True, lineColor=array([1., 1., 1.]), lineColorSpace='rgb', lineRGB=array([1, 1, 1]), lineWidth=5, name='unnamed Line', opacity=0.5, ori=0.0, pos=array([0., 0.]), size=array([1., 1.]), units='norm', vertices=array([[-0.5,  0. ],
       [ 0.5,  0. ]]), win=Window(...), windingRule=None)
18.4159 	EXP 	Created unnamed Line = Line(__class__=<class 'psychopy.visual.line.Line'>, autoDraw=False, autoLog=True, closeShape=False, color=array([1., 1., 1.]), colorSpace='rgb', contrast=None, depth=0, fillColor=array([0, 0, 0]), fillColorSpace='rgb', fillRGB=array([0, 0, 0]), interpolate=True, lineColor=array([1., 1., 1.]), lineColorSpace='rgb', lineRGB=array([1, 1, 1]), lineWidth=3, name='unnamed Line', opacity=0.5, ori=0.0, pos=array([0., 0.]), size=array([1., 1.]), units='norm', vertices=array([[-0.5 , -0.05],
       [-0.5 ,  0.05]]), win=Window(...), windingRule=None)
18.4179 	EXP 	Created unnamed Line = Line(__class__=<class 'psychopy.visual.line.Line'>, autoDraw=False, autoLog=True, closeShape=False, color=array([1., 1., 1.]), colorSpace='rgb', contrast=None, depth=0, fillColor=array([0, 0, 0]), fillColorSpace='rgb', fillRGB=array([0, 0, 0]), interpolate=True, lineColor=array([1., 1., 1.]), lineColorSpace='rgb', lineRGB=array([1, 1, 1]), lineWidth=3, name='unnamed Line', opacity=0.5, ori=0.0, pos=array([0., 0.]), size=array([1., 1.]), units='norm', vertices=ndarray(...), win=Window(...), windingRule=None)
18.4199 	EXP 	Created unnamed Line = Line(__class__=<class 'psychopy.visual.line.Line'>, autoDraw=False, autoLog=True, closeShape=False, color=array([1., 1., 1.]), colorSpace='rgb', contrast=None, depth=0, fillColor=array([0, 0, 0]), fillColorSpace='rgb', fillRGB=array([0, 0, 0]), interpolate=True, lineColor=array([1., 1., 1.]), lineColorSpace='rgb', lineRGB=array([1, 1, 1]), lineWidth=3, name='unnamed Line', opacity=0.5, ori=0.0, pos=array([0., 0.]), size=array([1., 1.]), units='norm', vertices=ndarray(...), win=Window(...), windingRule=None)
18.4219 	EXP 	Created unnamed Line = Line(__class__=<class 'psychopy.visual.line.Line'>, autoDraw=False, autoLog=True, closeShape=False, color=array([1., 1., 1.]), colorSpace='rgb', contrast=None, depth=0, fillColor=array([0, 0, 0]), fillColorSpace='rgb', fillRGB=array([0, 0, 0]), interpolate=True, lineColor=array([1., 1., 1.]), lineColorSpace='rgb', lineRGB=array([1, 1, 1]), lineWidth=3, name='unnamed Line', opacity=0.5, ori=0.0, pos=array([0., 0.]), size=array([1., 1.]), units='norm', vertices=array([[ 0.5 , -0.05],
       [ 0.5 ,  0.05]]), win=Window(...), windingRule=None)
18.4267 	EXP 	Created unnamed TextStim = TextStim(__class__=<class 'psychopy.visual.text.TextStim'>, alignHoriz=method-wrapper(...), alignText='center', alignVert=method-wrapper(...), anchorHoriz='center', anchorVert='center', antialias=True, autoLog=True, bold=False, color=array([1., 1., 1.]), colorSpace='rgb', contrast=1.0, depth=0, flipHoriz=False, flipVert=False, font='', fontFiles=[], height=0.05, italic=False, languageStyle='LTR', name='unnamed TextStim', opacity=1.0, ori=0.0, pos=array([-0.5, -0.1]), rgb=UNKNOWN, text='Helt klart \n INGENTING', units='norm', win=Window(...), wrapWidth=1)
18.4278 	EXP 	Created unnamed TextStim = TextStim(__class__=<class 'psychopy.visual.text.TextStim'>, alignHoriz=method-wrapper(...), alignText='center', alignVert=method-wrapper(...), anchorHoriz='center', anchorVert='center', antialias=True, autoLog=True, bold=False, color=array([1., 1., 1.]), colorSpace='rgb', contrast=1.0, depth=0, flipHoriz=False, flipVert=False, font='', fontFiles=[], height=0.05, italic=False, languageStyle='LTR', name='unnamed TextStim', opacity=1.0, ori=0.0, pos=array([-0.16666667, -0.1       ]), rgb=UNKNOWN, text='', units='norm', win=Window(...), wrapWidth=1)
18.4288 	EXP 	Created unnamed TextStim = TextStim(__class__=<class 'psychopy.visual.text.TextStim'>, alignHoriz=method-wrapper(...), alignText='center', alignVert=method-wrapper(...), anchorHoriz='center', anchorVert='center', antialias=True, autoLog=True, bold=False, color=array([1., 1., 1.]), colorSpace='rgb', contrast=1.0, depth=0, flipHoriz=False, flipVert=False, font='', fontFiles=[], height=0.05, italic=False, languageStyle='LTR', name='unnamed TextStim', opacity=1.0, ori=0.0, pos=array([ 0.16666667, -0.1       ]), rgb=UNKNOWN, text='', units='norm', win=Window(...), wrapWidth=1)
18.4319 	EXP 	Created unnamed TextStim = TextStim(__class__=<class 'psychopy.visual.text.TextStim'>, alignHoriz=method-wrapper(...), alignText='center', alignVert=method-wrapper(...), anchorHoriz='center', anchorVert='center', antialias=True, autoLog=True, bold=False, color=array([1., 1., 1.]), colorSpace='rgb', contrast=1.0, depth=0, flipHoriz=False, flipVert=False, font='', fontFiles=[], height=0.05, italic=False, languageStyle='LTR', name='unnamed TextStim', opacity=1.0, ori=0.0, pos=array([ 0.5, -0.1]), rgb=UNKNOWN, text='Helt klart \n NOE', units='norm', win=Window(...), wrapWidth=1)
18.4338 	EXP 	Created unnamed ShapeStim = ShapeStim(__class__=<class 'psychopy.visual.shape.ShapeStim'>, autoDraw=False, autoLog=True, closeShape=True, color=method-wrapper(...), colorSpace='rgb', contrast=None, depth=0, fillColor=array([1, 1, 1]), fillColorSpace='rgb', fillRGB=array([1, 1, 1]), interpolate=True, lineColor=array([-1., -1., -1.]), lineColorSpace='rgb', lineRGB=array([-1, -1, -1]), lineWidth=1.5, name='unnamed ShapeStim', opacity=1.0, ori=0.0, pos=array([0., 0.]), size=array([1., 1.]), units='norm', vertices=ndarray(...), win=Window(...), windingRule=None)
18.4408 	EXP 	Created instru = TextStim(__class__=<class 'psychopy.visual.text.TextStim'>, alignHoriz=method-wrapper(...), alignText='center', alignVert=method-wrapper(...), anchorHoriz='center', anchorVert='center', antialias=True, autoLog=True, bold=False, color=array([1., 1., 1.]), colorSpace='rgb', contrast=1.0, depth=0.0, flipHoriz=False, flipVert=False, font='Arial', fontFiles=[], height=0.07, italic=False, languageStyle='LTR', name='instru', opacity=1, ori=0, pos=array([0. , 0.5]), rgb=UNKNOWN, text=str(...), units='norm', win=Window(...), wrapWidth=1)
18.4428 	EXP 	Created unnamed Line = Line(__class__=<class 'psychopy.visual.line.Line'>, autoDraw=False, autoLog=True, closeShape=False, color=array([1., 1., 1.]), colorSpace='rgb', contrast=None, depth=0, fillColor=array([0, 0, 0]), fillColorSpace='rgb', fillRGB=array([0, 0, 0]), interpolate=True, lineColor=array([1., 1., 1.]), lineColorSpace='rgb', lineRGB=array([1, 1, 1]), lineWidth=5, name='unnamed Line', opacity=0.5, ori=0.0, pos=array([0., 0.]), size=array([1., 1.]), units='norm', vertices=array([[-0.5,  0. ],
       [ 0.5,  0. ]]), win=Window(...), windingRule=None)
18.4448 	EXP 	Created unnamed Line = Line(__class__=<class 'psychopy.visual.line.Line'>, autoDraw=False, autoLog=True, closeShape=False, color=array([1., 1., 1.]), colorSpace='rgb', contrast=None, depth=0, fillColor=array([0, 0, 0]), fillColorSpace='rgb', fillRGB=array([0, 0, 0]), interpolate=True, lineColor=array([1., 1., 1.]), lineColorSpace='rgb', lineRGB=array([1, 1, 1]), lineWidth=3, name='unnamed Line', opacity=0.5, ori=0.0, pos=array([0., 0.]), size=array([1., 1.]), units='norm', vertices=array([[-0.5 , -0.05],
       [-0.5 ,  0.05]]), win=Window(...), windingRule=None)
18.4469 	EXP 	Created unnamed Line = Line(__class__=<class 'psychopy.visual.line.Line'>, autoDraw=False, autoLog=True, closeShape=False, color=array([1., 1., 1.]), colorSpace='rgb', contrast=None, depth=0, fillColor=array([0, 0, 0]), fillColorSpace='rgb', fillRGB=array([0, 0, 0]), interpolate=True, lineColor=array([1., 1., 1.]), lineColorSpace='rgb', lineRGB=array([1, 1, 1]), lineWidth=3, name='unnamed Line', opacity=0.5, ori=0.0, pos=array([0., 0.]), size=array([1., 1.]), units='norm', vertices=ndarray(...), win=Window(...), windingRule=None)
18.4489 	EXP 	Created unnamed Line = Line(__class__=<class 'psychopy.visual.line.Line'>, autoDraw=False, autoLog=True, closeShape=False, color=array([1., 1., 1.]), colorSpace='rgb', contrast=None, depth=0, fillColor=array([0, 0, 0]), fillColorSpace='rgb', fillRGB=array([0, 0, 0]), interpolate=True, lineColor=array([1., 1., 1.]), lineColorSpace='rgb', lineRGB=array([1, 1, 1]), lineWidth=3, name='unnamed Line', opacity=0.5, ori=0.0, pos=array([0., 0.]), size=array([1., 1.]), units='norm', vertices=ndarray(...), win=Window(...), windingRule=None)
18.4509 	EXP 	Created unnamed Line = Line(__class__=<class 'psychopy.visual.line.Line'>, autoDraw=False, autoLog=True, closeShape=False, color=array([1., 1., 1.]), colorSpace='rgb', contrast=None, depth=0, fillColor=array([0, 0, 0]), fillColorSpace='rgb', fillRGB=array([0, 0, 0]), interpolate=True, lineColor=array([1., 1., 1.]), lineColorSpace='rgb', lineRGB=array([1, 1, 1]), lineWidth=3, name='unnamed Line', opacity=0.5, ori=0.0, pos=array([0., 0.]), size=array([1., 1.]), units='norm', vertices=array([[ 0.5 , -0.05],
       [ 0.5 ,  0.05]]), win=Window(...), windingRule=None)
18.4556 	EXP 	Created unnamed TextStim = TextStim(__class__=<class 'psychopy.visual.text.TextStim'>, alignHoriz=method-wrapper(...), alignText='center', alignVert=method-wrapper(...), anchorHoriz='center', anchorVert='center', antialias=True, autoLog=True, bold=False, color=array([1., 1., 1.]), colorSpace='rgb', contrast=1.0, depth=0, flipHoriz=False, flipVert=False, font='', fontFiles=[], height=0.05, italic=False, languageStyle='LTR', name='unnamed TextStim', opacity=1.0, ori=0.0, pos=array([-0.5, -0.1]), rgb=UNKNOWN, text='Helt klart \n SPONTAN', units='norm', win=Window(...), wrapWidth=1)
18.4566 	EXP 	Created unnamed TextStim = TextStim(__class__=<class 'psychopy.visual.text.TextStim'>, alignHoriz=method-wrapper(...), alignText='center', alignVert=method-wrapper(...), anchorHoriz='center', anchorVert='center', antialias=True, autoLog=True, bold=False, color=array([1., 1., 1.]), colorSpace='rgb', contrast=1.0, depth=0, flipHoriz=False, flipVert=False, font='', fontFiles=[], height=0.05, italic=False, languageStyle='LTR', name='unnamed TextStim', opacity=1.0, ori=0.0, pos=array([-0.16666667, -0.1       ]), rgb=UNKNOWN, text='', units='norm', win=Window(...), wrapWidth=1)
18.4577 	EXP 	Created unnamed TextStim = TextStim(__class__=<class 'psychopy.visual.text.TextStim'>, alignHoriz=method-wrapper(...), alignText='center', alignVert=method-wrapper(...), anchorHoriz='center', anchorVert='center', antialias=True, autoLog=True, bold=False, color=array([1., 1., 1.]), colorSpace='rgb', contrast=1.0, depth=0, flipHoriz=False, flipVert=False, font='', fontFiles=[], height=0.05, italic=False, languageStyle='LTR', name='unnamed TextStim', opacity=1.0, ori=0.0, pos=array([ 0.16666667, -0.1       ]), rgb=UNKNOWN, text='', units='norm', win=Window(...), wrapWidth=1)
18.4623 	EXP 	Created unnamed TextStim = TextStim(__class__=<class 'psychopy.visual.text.TextStim'>, alignHoriz=method-wrapper(...), alignText='center', alignVert=method-wrapper(...), anchorHoriz='center', anchorVert='center', antialias=True, autoLog=True, bold=False, color=array([1., 1., 1.]), colorSpace='rgb', contrast=1.0, depth=0, flipHoriz=False, flipVert=False, font='', fontFiles=[], height=0.05, italic=False, languageStyle='LTR', name='unnamed TextStim', opacity=1.0, ori=0.0, pos=array([ 0.5, -0.1]), rgb=UNKNOWN, text='Helt klart \n BEVISST', units='norm', win=Window(...), wrapWidth=1)
18.4641 	EXP 	Created unnamed ShapeStim = ShapeStim(__class__=<class 'psychopy.visual.shape.ShapeStim'>, autoDraw=False, autoLog=True, closeShape=True, color=method-wrapper(...), colorSpace='rgb', contrast=None, depth=0, fillColor=array([1, 1, 1]), fillColorSpace='rgb', fillRGB=array([1, 1, 1]), interpolate=True, lineColor=array([-1., -1., -1.]), lineColorSpace='rgb', lineRGB=array([-1, -1, -1]), lineWidth=1.5, name='unnamed ShapeStim', opacity=1.0, ori=0.0, pos=array([0., 0.]), size=array([1., 1.]), units='norm', vertices=ndarray(...), win=Window(...), windingRule=None)
18.5137 	EXP 	Sound  set volume 1.000
18.5438 	EXP 	unnamed ShapeStim: vertices = <class 'numpy.ndarray'>
18.5438 	EXP 	unnamed ShapeStim: vertices = <class 'numpy.ndarray'>
18.5438 	EXP 	unnamed ShapeStim: vertices = <class 'numpy.ndarray'>
63.2848 	DATA 	Keypress: rctrl
63.7940 	EXP 	Sound  started
64.4848 	DATA 	Keypress: rctrl
64.5440 	EXP 	Sound  started
65.2526 	DATA 	Keypress: lctrl
65.2940 	EXP 	Sound  started
65.9886 	DATA 	Keypress: rctrl
66.0440 	EXP 	Sound  started
66.7406 	DATA 	Keypress: lctrl
66.7940 	EXP 	Sound  started
67.4926 	DATA 	Keypress: rctrl
67.5440 	EXP 	Sound  started
68.2446 	DATA 	Keypress: lctrl
68.2940 	EXP 	Sound  started
68.9167 	DATA 	Keypress: rctrl
69.0441 	EXP 	Sound  started
69.7647 	DATA 	Keypress: lctrl
69.7941 	EXP 	Sound  started
70.4366 	DATA 	Keypress: rctrl
70.5441 	EXP 	Sound  started
71.2047 	DATA 	Keypress: lctrl
71.2941 	EXP 	Sound  started
71.9568 	DATA 	Keypress: rctrl
72.0441 	EXP 	Sound  started
72.7087 	DATA 	Keypress: lctrl
72.7941 	EXP 	Sound  started
73.4767 	DATA 	Keypress: rctrl
73.5441 	EXP 	Sound  started
74.1327 	DATA 	Keypress: lctrl
74.2942 	EXP 	Sound  started
74.9488 	DATA 	Keypress: rctrl
75.0442 	EXP 	Sound  started
75.7166 	DATA 	Keypress: lctrl
75.7942 	EXP 	Sound  started
76.4527 	DATA 	Keypress: rctrl
76.5442 	EXP 	Sound  started
77.1247 	DATA 	Keypress: lctrl
77.2942 	EXP 	Sound  started
77.9087 	DATA 	Keypress: lctrl
78.0442 	EXP 	Sound  started
78.6606 	DATA 	Keypress: rctrl
78.7943 	EXP 	Sound  started
79.3647 	DATA 	Keypress: rctrl
79.5443 	EXP 	Sound  started
80.1967 	DATA 	Keypress: lctrl
80.2943 	EXP 	Sound  started
80.7886 	DATA 	Keypress: lctrl
81.0443 	EXP 	Sound  started
81.6047 	DATA 	Keypress: rctrl
81.7943 	EXP 	Sound  started
82.2927 	DATA 	Keypress: rctrl
82.5443 	EXP 	Sound  started
83.0287 	DATA 	Keypress: lctrl
83.2943 	EXP 	Sound  started
83.7488 	DATA 	Keypress: lctrl
84.0444 	EXP 	Sound  started
84.5167 	DATA 	Keypress: rctrl
84.7944 	EXP 	Sound  started
85.2526 	DATA 	Keypress: rctrl
85.5444 	EXP 	Sound  started
86.0526 	DATA 	Keypress: lctrl
86.2944 	EXP 	Sound  started
86.8686 	DATA 	Keypress: lctrl
87.0444 	EXP 	Sound  started
87.6527 	DATA 	Keypress: rctrl
87.7944 	EXP 	Sound  started
88.3727 	DATA 	Keypress: lctrl
88.5445 	EXP 	Sound  started
89.1726 	DATA 	Keypress: rctrl
89.2945 	EXP 	Sound  started
89.8607 	DATA 	Keypress: lctrl
90.0445 	EXP 	Sound  started
90.6446 	DATA 	Keypress: rctrl
90.7945 	EXP 	Sound  started
91.3966 	DATA 	Keypress: rctrl
91.5445 	EXP 	Sound  started
92.1966 	DATA 	Keypress: lctrl
92.2945 	EXP 	Sound  started
92.9327 	DATA 	Keypress: lctrl
93.0445 	EXP 	Sound  started
93.6366 	DATA 	Keypress: rctrl
93.7946 	EXP 	Sound  started
94.3727 	DATA 	Keypress: lctrl
94.5446 	EXP 	Sound  started
95.1887 	DATA 	Keypress: rctrl
95.2946 	EXP 	Sound  started
95.8767 	DATA 	Keypress: lctrl
96.0446 	EXP 	Sound  started
96.6606 	DATA 	Keypress: rctrl
96.7946 	EXP 	Sound  started
97.3966 	DATA 	Keypress: rctrl
97.5446 	EXP 	Sound  started
98.1326 	DATA 	Keypress: lctrl
98.2946 	EXP 	Sound  started
98.8206 	DATA 	Keypress: lctrl
99.0447 	EXP 	Sound  started
99.5247 	DATA 	Keypress: rctrl
99.7947 	EXP 	Sound  started
100.2767 	DATA 	Keypress: lctrl
100.5447 	EXP 	Sound  started
101.1087 	DATA 	Keypress: rctrl
101.2947 	EXP 	Sound  started
101.8607 	DATA 	Keypress: lctrl
102.0447 	EXP 	Sound  started
102.6607 	DATA 	Keypress: rctrl
102.7947 	EXP 	Sound  started
103.4127 	DATA 	Keypress: lctrl
103.5447 	EXP 	Sound  started
104.1486 	DATA 	Keypress: rctrl
104.2948 	EXP 	Sound  started
104.9006 	DATA 	Keypress: lctrl
105.0448 	EXP 	Sound  started
105.5726 	DATA 	Keypress: lctrl
105.7948 	EXP 	Sound  started
106.3246 	DATA 	Keypress: lctrl
106.5448 	EXP 	Sound  started
107.0607 	DATA 	Keypress: rctrl
107.2948 	EXP 	Sound  started
107.7966 	DATA 	Keypress: rctrl
108.0448 	EXP 	Sound  started
108.5966 	DATA 	Keypress: rctrl
108.7948 	EXP 	Sound  started
109.2846 	DATA 	Keypress: rctrl
109.5449 	EXP 	Sound  started
110.0526 	DATA 	Keypress: lctrl
110.2949 	EXP 	Sound  started
110.8207 	DATA 	Keypress: lctrl
111.0449 	EXP 	Sound  started
111.5407 	DATA 	Keypress: rctrl
111.7949 	EXP 	Sound  started
112.4047 	DATA 	Keypress: rctrl
112.5449 	EXP 	Sound  started
113.1087 	DATA 	Keypress: rctrl
113.2949 	EXP 	Sound  started
113.8927 	DATA 	Keypress: rctrl
114.0449 	EXP 	Sound  started
114.6447 	DATA 	Keypress: lctrl
114.7950 	EXP 	Sound  started
115.3646 	DATA 	Keypress: lctrl
115.5450 	EXP 	Sound  started
116.0847 	DATA 	Keypress: lctrl
116.2950 	EXP 	Sound  started
116.7887 	DATA 	Keypress: rctrl
117.0450 	EXP 	Sound  started
117.5887 	DATA 	Keypress: rctrl
117.7950 	EXP 	Sound  started
118.2926 	DATA 	Keypress: lctrl
118.5450 	EXP 	Sound  started
119.0766 	DATA 	Keypress: rctrl
119.2950 	EXP 	Sound  started
119.8127 	DATA 	Keypress: lctrl
120.0450 	EXP 	Sound  started
120.5808 	DATA 	Keypress: lctrl
120.7951 	EXP 	Sound  started
121.3167 	DATA 	Keypress: rctrl
121.5451 	EXP 	Sound  started
122.1327 	DATA 	Keypress: lctrl
122.2951 	EXP 	Sound  started
122.8687 	DATA 	Keypress: lctrl
123.0451 	EXP 	Sound  started
123.6367 	DATA 	Keypress: rctrl
123.8268 	EXP 	unnamed TextStim: text = ''
123.8268 	EXP 	unnamed TextStim: text = ''
126.4954 	DATA 	Keypress: 4
126.5119 	EXP 	unnamed ShapeStim: vertices = <class 'numpy.ndarray'>
128.0465 	EXP 	unnamed TextStim: text = ''
128.0465 	EXP 	unnamed TextStim: text = ''
131.7663 	DATA 	Keypress: 1
131.7828 	EXP 	unnamed ShapeStim: vertices = <class 'numpy.ndarray'>
133.3174 	EXP 	unnamed TextStim: text = ''
133.3174 	EXP 	unnamed TextStim: text = ''
138.0882 	DATA 	Keypress: 4
138.1047 	EXP 	unnamed ShapeStim: vertices = <class 'numpy.ndarray'>
140.3891 	EXP 	Sound  started
140.5968 	DATA 	Keypress: lctrl
140.9166 	DATA 	Keypress: rctrl
141.1390 	EXP 	Sound  started
141.8606 	DATA 	Keypress: lctrl
141.8891 	EXP 	Sound  started
142.5647 	DATA 	Keypress: rctrl
142.6391 	EXP 	Sound  started
143.3326 	DATA 	Keypress: lctrl
143.3891 	EXP 	Sound  started
144.0687 	DATA 	Keypress: rctrl
144.1391 	EXP 	Sound  started
144.7887 	DATA 	Keypress: lctrl
144.8891 	EXP 	Sound  started
145.4766 	DATA 	Keypress: lctrl
145.6391 	EXP 	Sound  started
146.3247 	DATA 	Keypress: rctrl
146.3891 	EXP 	Sound  started
147.0286 	DATA 	Keypress: rctrl
147.1391 	EXP 	Sound  started
147.7646 	DATA 	Keypress: rctrl
147.8892 	EXP 	Sound  started
148.5486 	DATA 	Keypress: lctrl
148.6392 	EXP 	Sound  started
149.2526 	DATA 	Keypress: lctrl
149.3892 	EXP 	Sound  started
150.0367 	DATA 	Keypress: lctrl
150.1392 	EXP 	Sound  started
150.7887 	DATA 	Keypress: rctrl
150.8892 	EXP 	Sound  started
151.4927 	DATA 	Keypress: rctrl
151.6392 	EXP 	Sound  started
152.2127 	DATA 	Keypress: lctrl
152.3892 	EXP 	Sound  started
152.9327 	DATA 	Keypress: rctrl
153.1392 	EXP 	Sound  started
153.6527 	DATA 	Keypress: lctrl
153.8893 	EXP 	Sound  started
154.4207 	DATA 	Keypress: rctrl
154.6393 	EXP 	Sound  started
155.1567 	DATA 	Keypress: lctrl
155.3893 	EXP 	Sound  started
155.9246 	DATA 	Keypress: rctrl
156.1393 	EXP 	Sound  started
156.6287 	DATA 	Keypress: lctrl
156.8893 	EXP 	Sound  started
157.4606 	DATA 	Keypress: rctrl
157.6393 	EXP 	Sound  started
158.2127 	DATA 	Keypress: lctrl
158.3893 	EXP 	Sound  started
158.8846 	DATA 	Keypress: rctrl
159.1393 	EXP 	Sound  started
159.6527 	DATA 	Keypress: lctrl
159.8894 	EXP 	Sound  started
160.4047 	DATA 	Keypress: rctrl
160.6394 	EXP 	Sound  started
161.1886 	DATA 	Keypress: lctrl
161.3894 	EXP 	Sound  started
162.0047 	DATA 	Keypress: rctrl
162.1394 	EXP 	Sound  started
162.8207 	DATA 	Keypress: rctrl
162.8894 	EXP 	Sound  started
163.5726 	DATA 	Keypress: rctrl
163.6394 	EXP 	Sound  started
164.2607 	DATA 	Keypress: lctrl
164.3895 	EXP 	Sound  started
164.9806 	DATA 	Keypress: lctrl
165.1395 	EXP 	Sound  started
165.7326 	DATA 	Keypress: rctrl
165.8895 	EXP 	Sound  started
166.5166 	DATA 	Keypress: rctrl
166.6395 	EXP 	Sound  started
167.1566 	DATA 	Keypress: rctrl
167.3895 	EXP 	Sound  started
167.9727 	DATA 	Keypress: rctrl
168.1395 	EXP 	Sound  started
168.8366 	DATA 	Keypress: rctrl
168.8895 	EXP 	Sound  started
169.5886 	DATA 	Keypress: lctrl
169.6395 	EXP 	Sound  started
170.3408 	DATA 	Keypress: lctrl
170.3896 	EXP 	Sound  started
171.0606 	DATA 	Keypress: rctrl
171.1396 	EXP 	Sound  started
171.8607 	DATA 	Keypress: lctrl
171.8896 	EXP 	Sound  started
172.6127 	DATA 	Keypress: lctrl
172.6396 	EXP 	Sound  started
173.3487 	DATA 	Keypress: rctrl
173.3896 	EXP 	Sound  started
174.1167 	DATA 	Keypress: rctrl
174.1396 	EXP 	Sound  started
174.8206 	DATA 	Keypress: lctrl
174.8896 	EXP 	Sound  started
175.5406 	DATA 	Keypress: lctrl
175.6396 	EXP 	Sound  started
176.3088 	DATA 	Keypress: rctrl
176.3897 	EXP 	Sound  started
177.0767 	DATA 	Keypress: rctrl
177.1397 	EXP 	Sound  started
177.8607 	DATA 	Keypress: lctrl
177.8897 	EXP 	Sound  started
178.5806 	DATA 	Keypress: rctrl
178.6397 	EXP 	Sound  started
179.3487 	DATA 	Keypress: lctrl
179.3897 	EXP 	Sound  started
180.1327 	DATA 	Keypress: lctrl
180.1397 	EXP 	Sound  started
180.8367 	DATA 	Keypress: rctrl
180.8897 	EXP 	Sound  started
181.5407 	DATA 	Keypress: rctrl
181.6398 	EXP 	Sound  started
182.2767 	DATA 	Keypress: lctrl
182.3898 	EXP 	Sound  started
183.0126 	DATA 	Keypress: lctrl
183.1398 	EXP 	Sound  started
183.7487 	DATA 	Keypress: rctrl
183.8898 	EXP 	Sound  started
184.4207 	DATA 	Keypress: lctrl
184.6398 	EXP 	Sound  started
185.2047 	DATA 	Keypress: rctrl
185.3898 	EXP 	Sound  started
185.8926 	DATA 	Keypress: lctrl
186.1398 	EXP 	Sound  started
186.6927 	DATA 	Keypress: rctrl
186.8899 	EXP 	Sound  started
187.5246 	DATA 	Keypress: lctrl
187.6399 	EXP 	Sound  started
188.2287 	DATA 	Keypress: rctrl
188.3899 	EXP 	Sound  started
188.9646 	DATA 	Keypress: lctrl
189.1399 	EXP 	Sound  started
189.6847 	DATA 	Keypress: rctrl
189.8899 	EXP 	Sound  started
190.4206 	DATA 	Keypress: lctrl
190.6399 	EXP 	Sound  started
191.0126 	DATA 	Keypress: lctrl
191.3900 	EXP 	Sound  started
191.9087 	DATA 	Keypress: rctrl
192.1400 	EXP 	Sound  started
192.7246 	DATA 	Keypress: rctrl
192.8900 	EXP 	Sound  started
193.4927 	DATA 	Keypress: lctrl
193.6400 	EXP 	Sound  started
194.2447 	DATA 	Keypress: lctrl
194.3900 	EXP 	Sound  started
195.0127 	DATA 	Keypress: rctrl
195.1400 	EXP 	Sound  started
195.7646 	DATA 	Keypress: rctrl
195.8900 	EXP 	Sound  started
196.5166 	DATA 	Keypress: lctrl
196.6400 	EXP 	Sound  started
197.2366 	DATA 	Keypress: lctrl
197.3901 	EXP 	Sound  started
197.9726 	DATA 	Keypress: rctrl
198.1401 	EXP 	Sound  started
198.7086 	DATA 	Keypress: rctrl
198.8901 	EXP 	Sound  started
199.4927 	DATA 	Keypress: lctrl
199.6401 	EXP 	Sound  started
200.3087 	DATA 	Keypress: lctrl
200.3901 	EXP 	Sound  started
201.0767 	DATA 	Keypress: rctrl
201.1401 	EXP 	Sound  started
201.7808 	DATA 	Keypress: rctrl
201.8901 	EXP 	Sound  started
202.6402 	EXP 	Sound  started
202.7087 	DATA 	Keypress: rctrl
203.3902 	EXP 	Sound  started
203.4288 	DATA 	Keypress: rctrl
204.1166 	DATA 	Keypress: lctrl
204.1402 	EXP 	Sound  started
204.8527 	DATA 	Keypress: lctrl
207.2950 	DATA 	Keypress: 4
207.3115 	EXP 	unnamed ShapeStim: vertices = <class 'numpy.ndarray'>
211.0648 	DATA 	Keypress: 1
211.0812 	EXP 	unnamed ShapeStim: vertices = <class 'numpy.ndarray'>
217.2403 	DATA 	Keypress: 4
217.2697 	EXP 	unnamed ShapeStim: vertices = <class 'numpy.ndarray'>
219.5546 	EXP 	Sound  started
220.0848 	DATA 	Keypress: lctrl
220.3046 	EXP 	Sound  started
220.9327 	DATA 	Keypress: rctrl
221.0546 	EXP 	Sound  started
221.7166 	DATA 	Keypress: rctrl
221.8046 	EXP 	Sound  started
222.4527 	DATA 	Keypress: lctrl
222.5546 	EXP 	Sound  started
223.1727 	DATA 	Keypress: lctrl
223.3047 	EXP 	Sound  started
223.8766 	DATA 	Keypress: rctrl
224.0547 	EXP 	Sound  started
224.6287 	DATA 	Keypress: rctrl
224.8047 	EXP 	Sound  started
225.4287 	DATA 	Keypress: lctrl
225.5547 	EXP 	Sound  started
226.1486 	DATA 	Keypress: rctrl
226.3047 	EXP 	Sound  started
226.8366 	DATA 	Keypress: lctrl
227.0547 	EXP 	Sound  started
227.7487 	DATA 	Keypress: lctrl
227.8048 	EXP 	Sound  started
228.3247 	DATA 	Keypress: rctrl
228.5548 	EXP 	Sound  started
229.1886 	DATA 	Keypress: rctrl
229.3048 	EXP 	Sound  started
230.0206 	DATA 	Keypress: lctrl
230.0548 	EXP 	Sound  started
230.6927 	DATA 	Keypress: lctrl
230.8048 	EXP 	Sound  started
231.4126 	DATA 	Keypress: rctrl
231.5548 	EXP 	Sound  started
232.1487 	DATA 	Keypress: rctrl
232.3048 	EXP 	Sound  started
232.9486 	DATA 	Keypress: rctrl
233.0548 	EXP 	Sound  started
233.6046 	DATA 	Keypress: lctrl
233.8049 	EXP 	Sound  started
234.3567 	DATA 	Keypress: lctrl
234.5549 	EXP 	Sound  started
235.0927 	DATA 	Keypress: rctrl
235.3049 	EXP 	Sound  started
235.8288 	DATA 	Keypress: rctrl
236.0549 	EXP 	Sound  started
236.6607 	DATA 	Keypress: lctrl
236.8049 	EXP 	Sound  started
237.3806 	DATA 	Keypress: lctrl
237.5549 	EXP 	Sound  started
238.1487 	DATA 	Keypress: rctrl
238.3049 	EXP 	Sound  started
238.8367 	DATA 	Keypress: rctrl
239.0550 	EXP 	Sound  started
239.6527 	DATA 	Keypress: lctrl
239.8050 	EXP 	Sound  started
240.3407 	DATA 	Keypress: rctrl
240.5550 	EXP 	Sound  started
241.1246 	DATA 	Keypress: rctrl
241.3050 	EXP 	Sound  started
241.9088 	DATA 	Keypress: lctrl
242.0550 	EXP 	Sound  started
242.6606 	DATA 	Keypress: lctrl
242.8050 	EXP 	Sound  started
243.4287 	DATA 	Keypress: rctrl
243.5550 	EXP 	Sound  started
244.1007 	DATA 	Keypress: rctrl
244.3050 	EXP 	Sound  started
244.9167 	DATA 	Keypress: lctrl
245.0551 	EXP 	Sound  started
245.7006 	DATA 	Keypress: lctrl
245.8051 	EXP 	Sound  started
246.4367 	DATA 	Keypress: rctrl
246.5551 	EXP 	Sound  started
247.1566 	DATA 	Keypress: rctrl
247.3051 	EXP 	Sound  started
247.9406 	DATA 	Keypress: lctrl
248.0551 	EXP 	Sound  started
248.6767 	DATA 	Keypress: lctrl
248.8051 	EXP 	Sound  started
249.4446 	DATA 	Keypress: rctrl
249.5551 	EXP 	Sound  started
250.1967 	DATA 	Keypress: rctrl
250.3051 	EXP 	Sound  started
250.9327 	DATA 	Keypress: lctrl
251.0552 	EXP 	Sound  started
251.7167 	DATA 	Keypress: rctrl
251.8052 	EXP 	Sound  started
252.4687 	DATA 	Keypress: lctrl
252.5552 	EXP 	Sound  started
253.2527 	DATA 	Keypress: rctrl
253.3052 	EXP 	Sound  started
254.0046 	DATA 	Keypress: lctrl
254.0552 	EXP 	Sound  started
254.7886 	DATA 	Keypress: rctrl
254.8052 	EXP 	Sound  started
255.5406 	DATA 	Keypress: lctrl
255.5552 	EXP 	Sound  started
256.2608 	DATA 	Keypress: rctrl
256.3053 	EXP 	Sound  started
257.0127 	DATA 	Keypress: lctrl
257.0553 	EXP 	Sound  started
257.7806 	DATA 	Keypress: rctrl
257.8053 	EXP 	Sound  started
258.5007 	DATA 	Keypress: lctrl
258.5553 	EXP 	Sound  started
259.2366 	DATA 	Keypress: rctrl
259.3053 	EXP 	Sound  started
259.9887 	DATA 	Keypress: lctrl
260.0553 	EXP 	Sound  started
260.7726 	DATA 	Keypress: rctrl
260.8053 	EXP 	Sound  started
261.5407 	DATA 	Keypress: lctrl
261.5553 	EXP 	Sound  started
262.2767 	DATA 	Keypress: lctrl
262.3053 	EXP 	Sound  started
263.0287 	DATA 	Keypress: rctrl
263.0554 	EXP 	Sound  started
263.7966 	DATA 	Keypress: rctrl
263.8054 	EXP 	Sound  started
264.5167 	DATA 	Keypress: lctrl
264.5554 	EXP 	Sound  started
265.2846 	DATA 	Keypress: lctrl
265.3054 	EXP 	Sound  started
265.9887 	DATA 	Keypress: rctrl
266.0554 	EXP 	Sound  started
266.7247 	DATA 	Keypress: rctrl
266.8054 	EXP 	Sound  started
267.4928 	DATA 	Keypress: lctrl
267.5554 	EXP 	Sound  started
268.2766 	DATA 	Keypress: lctrl
268.3055 	EXP 	Sound  started
269.0287 	DATA 	Keypress: rctrl
269.0555 	EXP 	Sound  started
269.7166 	DATA 	Keypress: rctrl
269.8055 	EXP 	Sound  started
270.4686 	DATA 	Keypress: lctrl
270.5555 	EXP 	Sound  started
271.2367 	DATA 	Keypress: lctrl
271.3055 	EXP 	Sound  started
271.9727 	DATA 	Keypress: rctrl
272.0555 	EXP 	Sound  started
272.7406 	DATA 	Keypress: rctrl
272.8055 	EXP 	Sound  started
273.4767 	DATA 	Keypress: lctrl
273.5555 	EXP 	Sound  started
274.1966 	DATA 	Keypress: lctrl
274.3056 	EXP 	Sound  started
274.9166 	DATA 	Keypress: rctrl
275.0556 	EXP 	Sound  started
275.5727 	DATA 	Keypress: lctrl
275.8056 	EXP 	Sound  started
276.3567 	DATA 	Keypress: rctrl
276.5556 	EXP 	Sound  started
277.1407 	DATA 	Keypress: rctrl
277.3056 	EXP 	Sound  started
277.9087 	DATA 	Keypress: lctrl
278.0556 	EXP 	Sound  started
278.6927 	DATA 	Keypress: lctrl
278.8057 	EXP 	Sound  started
279.4287 	DATA 	Keypress: rctrl
279.5557 	EXP 	Sound  started
280.1807 	DATA 	Keypress: rctrl
280.3057 	EXP 	Sound  started
280.8207 	DATA 	Keypress: lctrl
281.0557 	EXP 	Sound  started
281.6206 	DATA 	Keypress: lctrl
281.8057 	EXP 	Sound  started
282.3407 	DATA 	Keypress: rctrl
282.5557 	EXP 	Sound  started
283.0767 	DATA 	Keypress: rctrl
283.3057 	EXP 	Sound  started
283.8608 	DATA 	Keypress: lctrl
284.0557 	EXP 	Sound  started
284.6767 	DATA 	Keypress: lctrl
287.6442 	DATA 	Keypress: 3
287.6607 	EXP 	unnamed ShapeStim: vertices = <class 'numpy.ndarray'>
293.2654 	DATA 	Keypress: 2
293.2820 	EXP 	unnamed ShapeStim: vertices = <class 'numpy.ndarray'>
305.6923 	DATA 	Keypress: 4
305.7089 	EXP 	unnamed ShapeStim: vertices = <class 'numpy.ndarray'>
307.9932 	EXP 	Sound  started
308.1328 	DATA 	Keypress: lctrl
308.6927 	DATA 	Keypress: rctrl
308.7432 	EXP 	Sound  started
309.4127 	DATA 	Keypress: lctrl
309.4932 	EXP 	Sound  started
310.1167 	DATA 	Keypress: rctrl
310.2433 	EXP 	Sound  started
310.8527 	DATA 	Keypress: lctrl
310.9933 	EXP 	Sound  started
311.5886 	DATA 	Keypress: rctrl
311.7433 	EXP 	Sound  started
312.3727 	DATA 	Keypress: rctrl
312.4933 	EXP 	Sound  started
313.0767 	DATA 	Keypress: rctrl
313.2433 	EXP 	Sound  started
313.8446 	DATA 	Keypress: lctrl
313.9933 	EXP 	Sound  started
314.6126 	DATA 	Keypress: lctrl
314.7433 	EXP 	Sound  started
315.3486 	DATA 	Keypress: rctrl
315.4933 	EXP 	Sound  started
316.0526 	DATA 	Keypress: rctrl
316.2434 	EXP 	Sound  started
316.7887 	DATA 	Keypress: lctrl
316.9934 	EXP 	Sound  started
317.5407 	DATA 	Keypress: lctrl
317.7434 	EXP 	Sound  started
318.2127 	DATA 	Keypress: lctrl
318.4934 	EXP 	Sound  started
318.9966 	DATA 	Keypress: rctrl
319.2434 	EXP 	Sound  started
319.6846 	DATA 	Keypress: rctrl
319.9934 	EXP 	Sound  started
320.5327 	DATA 	Keypress: rctrl
320.7434 	EXP 	Sound  started
321.3006 	DATA 	Keypress: rctrl
321.4935 	EXP 	Sound  started
322.1007 	DATA 	Keypress: lctrl
322.2435 	EXP 	Sound  started
322.8206 	DATA 	Keypress: lctrl
322.9935 	EXP 	Sound  started
323.5247 	DATA 	Keypress: rctrl
323.7435 	EXP 	Sound  started
324.2926 	DATA 	Keypress: rctrl
324.4935 	EXP 	Sound  started
325.0927 	DATA 	Keypress: lctrl
325.2435 	EXP 	Sound  started
325.7647 	DATA 	Keypress: lctrl
325.9935 	EXP 	Sound  started
326.5486 	DATA 	Keypress: rctrl
326.7436 	EXP 	Sound  started
327.3166 	DATA 	Keypress: rctrl
327.4936 	EXP 	Sound  started
328.0688 	DATA 	Keypress: rctrl
328.2436 	EXP 	Sound  started
328.8047 	DATA 	Keypress: lctrl
328.9936 	EXP 	Sound  started
329.5246 	DATA 	Keypress: rctrl
329.7436 	EXP 	Sound  started
330.3566 	DATA 	Keypress: lctrl
330.4936 	EXP 	Sound  started
331.0446 	DATA 	Keypress: lctrl
331.2436 	EXP 	Sound  started
331.7966 	DATA 	Keypress: rctrl
331.9936 	EXP 	Sound  started
332.5327 	DATA 	Keypress: lctrl
332.7437 	EXP 	Sound  started
333.2527 	DATA 	Keypress: lctrl
333.4937 	EXP 	Sound  started
334.0527 	DATA 	Keypress: rctrl
334.2437 	EXP 	Sound  started
334.8047 	DATA 	Keypress: rctrl
334.9937 	EXP 	Sound  started
335.4767 	DATA 	Keypress: lctrl
335.7437 	EXP 	Sound  started
336.2766 	DATA 	Keypress: lctrl
336.4937 	EXP 	Sound  started
337.0446 	DATA 	Keypress: rctrl
337.2437 	EXP 	Sound  started
337.7806 	DATA 	Keypress: rctrl
337.9938 	EXP 	Sound  started
338.5327 	DATA 	Keypress: lctrl
338.7438 	EXP 	Sound  started
339.3326 	DATA 	Keypress: lctrl
339.4938 	EXP 	Sound  started
340.1327 	DATA 	Keypress: rctrl
340.2438 	EXP 	Sound  started
340.8847 	DATA 	Keypress: rctrl
340.9938 	EXP 	Sound  started
341.7006 	DATA 	Keypress: lctrl
341.7438 	EXP 	Sound  started
342.3886 	DATA 	Keypress: rctrl
342.4938 	EXP 	Sound  started
343.1086 	DATA 	Keypress: lctrl
343.2439 	EXP 	Sound  started
343.8447 	DATA 	Keypress: rctrl
343.9939 	EXP 	Sound  started
344.6446 	DATA 	Keypress: lctrl
344.7439 	EXP 	Sound  started
345.4127 	DATA 	Keypress: lctrl
345.4939 	EXP 	Sound  started
346.1646 	DATA 	Keypress: lctrl
346.2439 	EXP 	Sound  started
346.8847 	DATA 	Keypress: rctrl
346.9939 	EXP 	Sound  started
347.7006 	DATA 	Keypress: rctrl
347.7439 	EXP 	Sound  started
348.4046 	DATA 	Keypress: rctrl
348.4939 	EXP 	Sound  started
349.2046 	DATA 	Keypress: lctrl
349.2440 	EXP 	Sound  started
349.9086 	DATA 	Keypress: lctrl
349.9940 	EXP 	Sound  started
350.7087 	DATA 	Keypress: lctrl
350.7440 	EXP 	Sound  started
351.4287 	DATA 	Keypress: rctrl
351.4940 	EXP 	Sound  started
352.1806 	DATA 	Keypress: rctrl
352.2440 	EXP 	Sound  started
352.9326 	DATA 	Keypress: rctrl
352.9940 	EXP 	Sound  started
353.6686 	DATA 	Keypress: lctrl
353.7440 	EXP 	Sound  started
354.4047 	DATA 	Keypress: lctrl
359.5198 	DATA 	Keypress: 3
359.5363 	EXP 	unnamed ShapeStim: vertices = <class 'numpy.ndarray'>
365.7916 	DATA 	Keypress: 2
365.8081 	EXP 	unnamed ShapeStim: vertices = <class 'numpy.ndarray'>
372.2469 	DATA 	Keypress: 3
372.2634 	EXP 	unnamed ShapeStim: vertices = <class 'numpy.ndarray'>
374.5484 	EXP 	Sound  started
374.6768 	DATA 	Keypress: rctrl
375.2687 	DATA 	Keypress: lctrl
375.2984 	EXP 	Sound  started
375.9406 	DATA 	Keypress: rctrl
376.0484 	EXP 	Sound  started
376.6607 	DATA 	Keypress: rctrl
376.7984 	EXP 	Sound  started
377.4287 	DATA 	Keypress: lctrl
377.5484 	EXP 	Sound  started
378.1007 	DATA 	Keypress: rctrl
378.2984 	EXP 	Sound  started
378.8687 	DATA 	Keypress: lctrl
379.0484 	EXP 	Sound  started
379.6207 	DATA 	Keypress: lctrl
379.7985 	EXP 	Sound  started
380.3568 	DATA 	Keypress: rctrl
380.5485 	EXP 	Sound  started
381.1406 	DATA 	Keypress: lctrl
381.2985 	EXP 	Sound  started
381.8926 	DATA 	Keypress: rctrl
382.0485 	EXP 	Sound  started
382.6287 	DATA 	Keypress: rctrl
382.7985 	EXP 	Sound  started
383.3647 	DATA 	Keypress: lctrl
383.5485 	EXP 	Sound  started
384.1006 	DATA 	Keypress: rctrl
384.2985 	EXP 	Sound  started
384.9167 	DATA 	Keypress: lctrl
385.0485 	EXP 	Sound  started
385.6686 	DATA 	Keypress: lctrl
385.7985 	EXP 	Sound  started
386.4047 	DATA 	Keypress: rctrl
386.5486 	EXP 	Sound  started
387.1567 	DATA 	Keypress: lctrl
387.2986 	EXP 	Sound  started
387.8286 	DATA 	Keypress: rctrl
388.0486 	EXP 	Sound  started
388.5966 	DATA 	Keypress: lctrl
388.7986 	EXP 	Sound  started
389.3807 	DATA 	Keypress: rctrl
389.5486 	EXP 	Sound  started
390.1327 	DATA 	Keypress: rctrl
390.2986 	EXP 	Sound  started
390.8847 	DATA 	Keypress: lctrl
391.0486 	EXP 	Sound  started
391.4446 	DATA 	Keypress: lctrl
391.7987 	EXP 	Sound  started
392.2927 	DATA 	Keypress: rctrl
392.5487 	EXP 	Sound  started
393.1567 	DATA 	Keypress: rctrl
393.2987 	EXP 	Sound  started
393.9086 	DATA 	Keypress: lctrl
394.0487 	EXP 	Sound  started
394.6927 	DATA 	Keypress: lctrl
394.7987 	EXP 	Sound  started
395.4127 	DATA 	Keypress: rctrl
395.5487 	EXP 	Sound  started
396.1007 	DATA 	Keypress: rctrl
396.2988 	EXP 	Sound  started
396.8847 	DATA 	Keypress: rctrl
397.0488 	EXP 	Sound  started
397.6527 	DATA 	Keypress: lctrl
397.7988 	EXP 	Sound  started
398.3407 	DATA 	Keypress: lctrl
398.5488 	EXP 	Sound  started
399.1247 	DATA 	Keypress: lctrl
399.2988 	EXP 	Sound  started
399.8767 	DATA 	Keypress: rctrl
400.0488 	EXP 	Sound  started
400.6446 	DATA 	Keypress: rctrl
400.7988 	EXP 	Sound  started
401.3967 	DATA 	Keypress: rctrl
401.5489 	EXP 	Sound  started
402.1967 	DATA 	Keypress: lctrl
402.2989 	EXP 	Sound  started
402.9806 	DATA 	Keypress: lctrl
403.0489 	EXP 	Sound  started
403.7487 	DATA 	Keypress: rctrl
403.7989 	EXP 	Sound  started
404.4847 	DATA 	Keypress: rctrl
404.5489 	EXP 	Sound  started
405.1887 	DATA 	Keypress: lctrl
405.2989 	EXP 	Sound  started
405.9246 	DATA 	Keypress: rctrl
406.0489 	EXP 	Sound  started
406.6287 	DATA 	Keypress: lctrl
406.7990 	EXP 	Sound  started
407.3647 	DATA 	Keypress: rctrl
407.5490 	EXP 	Sound  started
408.0847 	DATA 	Keypress: rctrl
408.2990 	EXP 	Sound  started
408.8367 	DATA 	Keypress: lctrl
409.0490 	EXP 	Sound  started
409.6526 	DATA 	Keypress: lctrl
409.7990 	EXP 	Sound  started
410.3567 	DATA 	Keypress: rctrl
410.5490 	EXP 	Sound  started
411.1086 	DATA 	Keypress: lctrl
411.2990 	EXP 	Sound  started
411.7807 	DATA 	Keypress: lctrl
412.0490 	EXP 	Sound  started
412.6447 	DATA 	Keypress: lctrl
412.7991 	EXP 	Sound  started
413.3647 	DATA 	Keypress: rctrl
413.5491 	EXP 	Sound  started
414.1486 	DATA 	Keypress: rctrl
414.2991 	EXP 	Sound  started
414.9326 	DATA 	Keypress: rctrl
415.0491 	EXP 	Sound  started
415.7167 	DATA 	Keypress: rctrl
415.7991 	EXP 	Sound  started
416.4848 	DATA 	Keypress: lctrl
416.5492 	EXP 	Sound  started
417.1887 	DATA 	Keypress: lctrl
417.2992 	EXP 	Sound  started
417.9567 	DATA 	Keypress: lctrl
418.0492 	EXP 	Sound  started
418.6287 	DATA 	Keypress: lctrl
418.7992 	EXP 	Sound  started
419.3487 	DATA 	Keypress: lctrl
419.5492 	EXP 	Sound  started
420.1168 	DATA 	Keypress: rctrl
420.2992 	EXP 	Sound  started
420.8367 	DATA 	Keypress: rctrl
421.0492 	EXP 	Sound  started
421.5727 	DATA 	Keypress: lctrl
421.7992 	EXP 	Sound  started
422.3247 	DATA 	Keypress: lctrl
422.5493 	EXP 	Sound  started
423.0768 	DATA 	Keypress: rctrl
423.2993 	EXP 	Sound  started
423.8127 	DATA 	Keypress: rctrl
424.0493 	EXP 	Sound  started
424.6128 	DATA 	Keypress: lctrl
424.7993 	EXP 	Sound  started
425.3487 	DATA 	Keypress: rctrl
425.5493 	EXP 	Sound  started
426.0687 	DATA 	Keypress: lctrl
426.2993 	EXP 	Sound  started
426.9007 	DATA 	Keypress: lctrl
430.3112 	DATA 	Keypress: 3
430.3277 	EXP 	unnamed ShapeStim: vertices = <class 'numpy.ndarray'>
433.4305 	DATA 	Keypress: 2
433.4470 	EXP 	unnamed ShapeStim: vertices = <class 'numpy.ndarray'>
436.1832 	DATA 	Keypress: 3
436.1997 	EXP 	unnamed ShapeStim: vertices = <class 'numpy.ndarray'>
438.4841 	EXP 	Sound  started
438.6608 	DATA 	Keypress: lctrl
439.2341 	EXP 	Sound  started
439.2526 	DATA 	Keypress: rctrl
439.9246 	DATA 	Keypress: rctrl
439.9841 	EXP 	Sound  started
440.6766 	DATA 	Keypress: lctrl
440.7341 	EXP 	Sound  started
441.4607 	DATA 	Keypress: rctrl
441.4841 	EXP 	Sound  started
442.1327 	DATA 	Keypress: rctrl
442.2342 	EXP 	Sound  started
442.9007 	DATA 	Keypress: lctrl
442.9842 	EXP 	Sound  started
443.5727 	DATA 	Keypress: rctrl
443.7342 	EXP 	Sound  started
444.3087 	DATA 	Keypress: rctrl
444.4842 	EXP 	Sound  started
445.0927 	DATA 	Keypress: lctrl
445.2342 	EXP 	Sound  started
445.8447 	DATA 	Keypress: rctrl
445.9842 	EXP 	Sound  started
446.5806 	DATA 	Keypress: rctrl
446.7342 	EXP 	Sound  started
447.3006 	DATA 	Keypress: lctrl
447.4842 	EXP 	Sound  started
447.9887 	DATA 	Keypress: lctrl
448.2342 	EXP 	Sound  started
448.8048 	DATA 	Keypress: rctrl
448.9843 	EXP 	Sound  started
449.4927 	DATA 	Keypress: rctrl
449.7343 	EXP 	Sound  started
450.1967 	DATA 	Keypress: lctrl
450.4843 	EXP 	Sound  started
450.9647 	DATA 	Keypress: lctrl
451.2343 	EXP 	Sound  started
451.7007 	DATA 	Keypress: rctrl
451.9843 	EXP 	Sound  started
452.4367 	DATA 	Keypress: rctrl
452.7343 	EXP 	Sound  started
453.2207 	DATA 	Keypress: rctrl
453.4844 	EXP 	Sound  started
453.9727 	DATA 	Keypress: lctrl
454.2344 	EXP 	Sound  started
454.7407 	DATA 	Keypress: lctrl
454.9844 	EXP 	Sound  started
455.4608 	DATA 	Keypress: lctrl
455.7344 	EXP 	Sound  started
456.2126 	DATA 	Keypress: rctrl
456.4844 	EXP 	Sound  started
456.8526 	DATA 	Keypress: lctrl
456.9487 	DATA 	Keypress: lctrl
457.2344 	EXP 	Sound  started
457.7648 	DATA 	Keypress: rctrl
457.9844 	EXP 	Sound  started
458.4368 	DATA 	Keypress: lctrl
458.7344 	EXP 	Sound  started
459.2367 	DATA 	Keypress: lctrl
459.4845 	EXP 	Sound  started
459.9406 	DATA 	Keypress: rctrl
460.2345 	EXP 	Sound  started
460.7248 	DATA 	Keypress: lctrl
460.9845 	EXP 	Sound  started
461.4608 	DATA 	Keypress: rctrl
461.7345 	EXP 	Sound  started
462.2927 	DATA 	Keypress: lctrl
462.4845 	EXP 	Sound  started
463.0287 	DATA 	Keypress: rctrl
463.2345 	EXP 	Sound  started
463.7646 	DATA 	Keypress: rctrl
463.9845 	EXP 	Sound  started
464.5808 	DATA 	Keypress: rctrl
464.7345 	EXP 	Sound  started
465.3648 	DATA 	Keypress: lctrl
465.4846 	EXP 	Sound  started
466.0687 	DATA 	Keypress: lctrl
466.2346 	EXP 	Sound  started
466.7887 	DATA 	Keypress: lctrl
466.9846 	EXP 	Sound  started
467.5726 	DATA 	Keypress: rctrl
467.7346 	EXP 	Sound  started
468.3087 	DATA 	Keypress: lctrl
468.4846 	EXP 	Sound  started
469.0606 	DATA 	Keypress: rctrl
469.2346 	EXP 	Sound  started
469.7807 	DATA 	Keypress: lctrl
469.9847 	EXP 	Sound  started
470.5487 	DATA 	Keypress: rctrl
470.7347 	EXP 	Sound  started
471.2367 	DATA 	Keypress: lctrl
471.4847 	EXP 	Sound  started
472.1167 	DATA 	Keypress: rctrl
472.2347 	EXP 	Sound  started
472.8207 	DATA 	Keypress: lctrl
472.9847 	EXP 	Sound  started
473.5887 	DATA 	Keypress: rctrl
473.7347 	EXP 	Sound  started
474.3567 	DATA 	Keypress: lctrl
474.4848 	EXP 	Sound  started
475.1567 	DATA 	Keypress: rctrl
475.2348 	EXP 	Sound  started
475.9246 	DATA 	Keypress: rctrl
475.9848 	EXP 	Sound  started
476.6128 	DATA 	Keypress: lctrl
476.7349 	EXP 	Sound  started
477.4127 	DATA 	Keypress: rctrl
477.4849 	EXP 	Sound  started
478.1327 	DATA 	Keypress: lctrl
478.2349 	EXP 	Sound  started
478.8046 	DATA 	Keypress: rctrl
478.9849 	EXP 	Sound  started
479.5407 	DATA 	Keypress: lctrl
479.7349 	EXP 	Sound  started
480.3248 	DATA 	Keypress: rctrl
480.4849 	EXP 	Sound  started
481.0927 	DATA 	Keypress: lctrl
481.2349 	EXP 	Sound  started
481.8447 	DATA 	Keypress: rctrl
481.9850 	EXP 	Sound  started
482.5967 	DATA 	Keypress: lctrl
482.7350 	EXP 	Sound  started
483.3807 	DATA 	Keypress: rctrl
483.4850 	EXP 	Sound  started
484.1166 	DATA 	Keypress: lctrl
484.2350 	EXP 	Sound  started
484.8687 	DATA 	Keypress: rctrl
488.1253 	DATA 	Keypress: 3
488.1418 	EXP 	unnamed ShapeStim: vertices = <class 'numpy.ndarray'>
491.6949 	DATA 	Keypress: 2
491.7114 	EXP 	unnamed ShapeStim: vertices = <class 'numpy.ndarray'>
498.7673 	DATA 	Keypress: 3
498.7839 	EXP 	unnamed ShapeStim: vertices = <class 'numpy.ndarray'>
501.0682 	EXP 	Sound  started
501.0684 	DATA 	Keypress: lctrl
501.6208 	DATA 	Keypress: rctrl
501.8181 	EXP 	Sound  started
502.5007 	DATA 	Keypress: lctrl
502.5682 	EXP 	Sound  started
503.2207 	DATA 	Keypress: lctrl
503.3182 	EXP 	Sound  started
503.8927 	DATA 	Keypress: rctrl
504.0682 	EXP 	Sound  started
504.5807 	DATA 	Keypress: rctrl
504.8182 	EXP 	Sound  started
505.3326 	DATA 	Keypress: lctrl
505.5682 	EXP 	Sound  started
506.1008 	DATA 	Keypress: rctrl
506.3182 	EXP 	Sound  started
506.8206 	DATA 	Keypress: lctrl
507.0682 	EXP 	Sound  started
507.5566 	DATA 	Keypress: rctrl
507.8183 	EXP 	Sound  started
508.3247 	DATA 	Keypress: rctrl
508.5683 	EXP 	Sound  started
509.0447 	DATA 	Keypress: lctrl
509.3183 	EXP 	Sound  started
509.8126 	DATA 	Keypress: rctrl
510.0683 	EXP 	Sound  started
510.5008 	DATA 	Keypress: lctrl
510.8183 	EXP 	Sound  started
511.2847 	DATA 	Keypress: lctrl
511.5683 	EXP 	Sound  started
512.0687 	DATA 	Keypress: rctrl
512.3183 	EXP 	Sound  started
512.7887 	DATA 	Keypress: rctrl
513.0684 	EXP 	Sound  started
513.5727 	DATA 	Keypress: rctrl
513.8184 	EXP 	Sound  started
514.4208 	DATA 	Keypress: rctrl
514.5684 	EXP 	Sound  started
515.1086 	DATA 	Keypress: lctrl
515.3184 	EXP 	Sound  started
515.8127 	DATA 	Keypress: lctrl
516.0684 	EXP 	Sound  started
516.5967 	DATA 	Keypress: lctrl
516.8184 	EXP 	Sound  started
517.3007 	DATA 	Keypress: rctrl
517.5684 	EXP 	Sound  started
518.0526 	DATA 	Keypress: lctrl
518.3185 	EXP 	Sound  started
518.7887 	DATA 	Keypress: rctrl
519.0685 	EXP 	Sound  started
519.5887 	DATA 	Keypress: lctrl
519.8185 	EXP 	Sound  started
520.3568 	DATA 	Keypress: rctrl
520.5685 	EXP 	Sound  started
521.0767 	DATA 	Keypress: lctrl
521.3185 	EXP 	Sound  started
521.8606 	DATA 	Keypress: lctrl
522.0685 	EXP 	Sound  started
522.5487 	DATA 	Keypress: lctrl
522.8186 	EXP 	Sound  started
523.3326 	DATA 	Keypress: rctrl
523.5686 	EXP 	Sound  started
523.8447 	DATA 	Keypress: lctrl
524.3186 	EXP 	Sound  started
524.6607 	DATA 	Keypress: rctrl
525.0686 	EXP 	Sound  started
525.5246 	DATA 	Keypress: lctrl
525.8186 	EXP 	Sound  started
526.1967 	DATA 	Keypress: rctrl
526.5686 	EXP 	Sound  started
527.0287 	DATA 	Keypress: lctrl
527.3187 	EXP 	Sound  started
527.8446 	DATA 	Keypress: rctrl
528.0687 	EXP 	Sound  started
528.6287 	DATA 	Keypress: rctrl
528.8187 	EXP 	Sound  started
529.3487 	DATA 	Keypress: lctrl
529.5687 	EXP 	Sound  started
529.9247 	DATA 	Keypress: rctrl
530.0527 	DATA 	Keypress: rctrl
530.3187 	EXP 	Sound  started
530.7567 	DATA 	Keypress: lctrl
531.0687 	EXP 	Sound  started
531.6047 	DATA 	Keypress: lctrl
531.8187 	EXP 	Sound  started
532.3087 	DATA 	Keypress: lctrl
532.5688 	EXP 	Sound  started
533.1087 	DATA 	Keypress: rctrl
533.3188 	EXP 	Sound  started
533.8287 	DATA 	Keypress: lctrl
534.0688 	EXP 	Sound  started
534.5807 	DATA 	Keypress: rctrl
534.8188 	EXP 	Sound  started
535.3327 	DATA 	Keypress: lctrl
535.5688 	EXP 	Sound  started
536.1006 	DATA 	Keypress: rctrl
536.3188 	EXP 	Sound  started
536.8529 	DATA 	Keypress: lctrl
537.0688 	EXP 	Sound  started
537.6208 	DATA 	Keypress: lctrl
537.8189 	EXP 	Sound  started
538.3407 	DATA 	Keypress: rctrl
538.5689 	EXP 	Sound  started
539.2207 	DATA 	Keypress: lctrl
539.3189 	EXP 	Sound  started
539.9246 	DATA 	Keypress: rctrl
540.0689 	EXP 	Sound  started
540.6767 	DATA 	Keypress: lctrl
540.8189 	EXP 	Sound  started
541.4127 	DATA 	Keypress: rctrl
541.5689 	EXP 	Sound  started
542.1167 	DATA 	Keypress: rctrl
542.3189 	EXP 	Sound  started
542.8848 	DATA 	Keypress: lctrl
545.1592 	DATA 	Keypress: 3
545.1886 	EXP 	unnamed ShapeStim: vertices = <class 'numpy.ndarray'>
549.8798 	DATA 	Keypress: 2
549.9092 	EXP 	unnamed ShapeStim: vertices = <class 'numpy.ndarray'>
554.9969 	DATA 	Keypress: 3
555.0133 	EXP 	unnamed ShapeStim: vertices = <class 'numpy.ndarray'>
557.2971 	EXP 	Sound  started
557.3967 	DATA 	Keypress: rctrl
557.9727 	DATA 	Keypress: lctrl
558.0471 	EXP 	Sound  started
558.7887 	DATA 	Keypress: rctrl
558.7972 	EXP 	Sound  started
559.5087 	DATA 	Keypress: lctrl
559.5472 	EXP 	Sound  started
560.2127 	DATA 	Keypress: rctrl
560.2972 	EXP 	Sound  started
560.9007 	DATA 	Keypress: rctrl
561.0472 	EXP 	Sound  started
561.7006 	DATA 	Keypress: lctrl
561.7972 	EXP 	Sound  started
562.4527 	DATA 	Keypress: rctrl
562.5472 	EXP 	Sound  started
563.1887 	DATA 	Keypress: lctrl
563.2973 	EXP 	Sound  started
563.8926 	DATA 	Keypress: rctrl
564.0473 	EXP 	Sound  started
564.6928 	DATA 	Keypress: lctrl
564.7973 	EXP 	Sound  started
565.4127 	DATA 	Keypress: rctrl
565.5473 	EXP 	Sound  started
566.1007 	DATA 	Keypress: lctrl
566.2973 	EXP 	Sound  started
566.8526 	DATA 	Keypress: lctrl
567.0473 	EXP 	Sound  started
567.5726 	DATA 	Keypress: rctrl
567.7973 	EXP 	Sound  started
568.2927 	DATA 	Keypress: lctrl
568.5474 	EXP 	Sound  started
569.0287 	DATA 	Keypress: rctrl
569.2974 	EXP 	Sound  started
569.8127 	DATA 	Keypress: rctrl
570.0474 	EXP 	Sound  started
570.5007 	DATA 	Keypress: lctrl
570.7974 	EXP 	Sound  started
571.2527 	DATA 	Keypress: lctrl
571.5474 	EXP 	Sound  started
572.0847 	DATA 	Keypress: rctrl
572.2974 	EXP 	Sound  started
572.8687 	DATA 	Keypress: rctrl
573.0474 	EXP 	Sound  started
573.5887 	DATA 	Keypress: lctrl
573.7974 	EXP 	Sound  started
574.3087 	DATA 	Keypress: lctrl
574.5475 	EXP 	Sound  started
575.0287 	DATA 	Keypress: rctrl
575.2975 	EXP 	Sound  started
575.7647 	DATA 	Keypress: rctrl
576.0475 	EXP 	Sound  started
576.5486 	DATA 	Keypress: rctrl
576.7975 	EXP 	Sound  started
577.2847 	DATA 	Keypress: rctrl
577.5475 	EXP 	Sound  started
578.0207 	DATA 	Keypress: lctrl
578.2975 	EXP 	Sound  started
578.7407 	DATA 	Keypress: lctrl
579.0475 	EXP 	Sound  started
579.5728 	DATA 	Keypress: rctrl
579.7975 	EXP 	Sound  started
580.2767 	DATA 	Keypress: rctrl
580.5476 	EXP 	Sound  started
581.0127 	DATA 	Keypress: lctrl
581.2976 	EXP 	Sound  started
581.8127 	DATA 	Keypress: rctrl
582.0476 	EXP 	Sound  started
582.5647 	DATA 	Keypress: lctrl
582.7976 	EXP 	Sound  started
583.2526 	DATA 	Keypress: lctrl
583.5476 	EXP 	Sound  started
584.1167 	DATA 	Keypress: rctrl
584.2976 	EXP 	Sound  started
584.8207 	DATA 	Keypress: rctrl
585.0476 	EXP 	Sound  started
585.5727 	DATA 	Keypress: lctrl
585.7977 	EXP 	Sound  started
586.2447 	DATA 	Keypress: lctrl
586.5477 	EXP 	Sound  started
587.0127 	DATA 	Keypress: rctrl
587.2977 	EXP 	Sound  started
587.8607 	DATA 	Keypress: lctrl
588.0477 	EXP 	Sound  started
588.5647 	DATA 	Keypress: rctrl
588.7977 	EXP 	Sound  started
589.3168 	DATA 	Keypress: lctrl
589.5477 	EXP 	Sound  started
590.0367 	DATA 	Keypress: rctrl
590.2978 	EXP 	Sound  started
590.8527 	DATA 	Keypress: lctrl
591.0478 	EXP 	Sound  started
591.6207 	DATA 	Keypress: lctrl
591.7978 	EXP 	Sound  started
592.3727 	DATA 	Keypress: rctrl
592.5478 	EXP 	Sound  started
593.0607 	DATA 	Keypress: rctrl
593.2978 	EXP 	Sound  started
593.8607 	DATA 	Keypress: lctrl
594.0478 	EXP 	Sound  started
594.5326 	DATA 	Keypress: lctrl
594.7978 	EXP 	Sound  started
595.3967 	DATA 	Keypress: rctrl
595.5478 	EXP 	Sound  started
596.1328 	DATA 	Keypress: rctrl
596.2979 	EXP 	Sound  started
596.8528 	DATA 	Keypress: lctrl
597.0479 	EXP 	Sound  started
597.5727 	DATA 	Keypress: lctrl
597.7979 	EXP 	Sound  started
598.3407 	DATA 	Keypress: rctrl
600.5508 	DATA 	Keypress: 3
600.5674 	EXP 	unnamed ShapeStim: vertices = <class 'numpy.ndarray'>
606.8227 	DATA 	Keypress: 2
606.8392 	EXP 	unnamed ShapeStim: vertices = <class 'numpy.ndarray'>
608.8915 	DATA 	Keypress: 3
608.9080 	EXP 	unnamed ShapeStim: vertices = <class 'numpy.ndarray'>
611.1930 	EXP 	Sound  started
611.1932 	DATA 	Keypress: lctrl
611.8287 	DATA 	Keypress: rctrl
611.9430 	EXP 	Sound  started
612.5647 	DATA 	Keypress: lctrl
612.6930 	EXP 	Sound  started
613.3007 	DATA 	Keypress: rctrl
613.4431 	EXP 	Sound  started
614.0527 	DATA 	Keypress: lctrl
614.1931 	EXP 	Sound  started
614.7727 	DATA 	Keypress: rctrl
614.9431 	EXP 	Sound  started
615.5407 	DATA 	Keypress: rctrl
615.6931 	EXP 	Sound  started
616.2766 	DATA 	Keypress: rctrl
616.4431 	EXP 	Sound  started
617.0608 	DATA 	Keypress: lctrl
617.1931 	EXP 	Sound  started
617.7646 	DATA 	Keypress: lctrl
617.9431 	EXP 	Sound  started
618.5647 	DATA 	Keypress: rctrl
618.6931 	EXP 	Sound  started
619.3006 	DATA 	Keypress: rctrl
619.4431 	EXP 	Sound  started
620.0526 	DATA 	Keypress: lctrl
620.1932 	EXP 	Sound  started
620.8527 	DATA 	Keypress: lctrl
620.9432 	EXP 	Sound  started
621.5727 	DATA 	Keypress: rctrl
621.6932 	EXP 	Sound  started
622.3086 	DATA 	Keypress: lctrl
622.4432 	EXP 	Sound  started
623.0766 	DATA 	Keypress: rctrl
623.1932 	EXP 	Sound  started
623.8287 	DATA 	Keypress: lctrl
623.9432 	EXP 	Sound  started
624.5806 	DATA 	Keypress: lctrl
624.6932 	EXP 	Sound  started
625.3326 	DATA 	Keypress: rctrl
625.4432 	EXP 	Sound  started
626.0687 	DATA 	Keypress: rctrl
626.1933 	EXP 	Sound  started
626.7887 	DATA 	Keypress: lctrl
626.9433 	EXP 	Sound  started
627.5407 	DATA 	Keypress: lctrl
627.6933 	EXP 	Sound  started
628.3567 	DATA 	Keypress: rctrl
628.4433 	EXP 	Sound  started
629.0767 	DATA 	Keypress: rctrl
629.1933 	EXP 	Sound  started
629.7807 	DATA 	Keypress: lctrl
629.9433 	EXP 	Sound  started
630.4528 	DATA 	Keypress: lctrl
630.6934 	EXP 	Sound  started
631.2046 	DATA 	Keypress: rctrl
631.4434 	EXP 	Sound  started
632.0047 	DATA 	Keypress: rctrl
632.1934 	EXP 	Sound  started
632.6927 	DATA 	Keypress: lctrl
632.9434 	EXP 	Sound  started
633.4767 	DATA 	Keypress: rctrl
633.6934 	EXP 	Sound  started
634.1807 	DATA 	Keypress: lctrl
634.4434 	EXP 	Sound  started
634.9807 	DATA 	Keypress: rctrl
635.1934 	EXP 	Sound  started
635.7327 	DATA 	Keypress: lctrl
635.9434 	EXP 	Sound  started
636.4687 	DATA 	Keypress: lctrl
636.6935 	EXP 	Sound  started
637.2847 	DATA 	Keypress: rctrl
637.4435 	EXP 	Sound  started
637.9726 	DATA 	Keypress: rctrl
638.1935 	EXP 	Sound  started
638.8048 	DATA 	Keypress: lctrl
638.9435 	EXP 	Sound  started
639.5887 	DATA 	Keypress: lctrl
639.6935 	EXP 	Sound  started
640.2767 	DATA 	Keypress: rctrl
640.4435 	EXP 	Sound  started
640.9647 	DATA 	Keypress: rctrl
641.1935 	EXP 	Sound  started
641.7646 	DATA 	Keypress: lctrl
641.9436 	EXP 	Sound  started
642.5487 	DATA 	Keypress: rctrl
642.6936 	EXP 	Sound  started
643.3327 	DATA 	Keypress: lctrl
643.4436 	EXP 	Sound  started
644.0687 	DATA 	Keypress: rctrl
644.1936 	EXP 	Sound  started
644.8527 	DATA 	Keypress: rctrl
644.9436 	EXP 	Sound  started
645.6207 	DATA 	Keypress: lctrl
645.6936 	EXP 	Sound  started
646.3248 	DATA 	Keypress: lctrl
646.4437 	EXP 	Sound  started
647.0767 	DATA 	Keypress: rctrl
647.1937 	EXP 	Sound  started
647.8287 	DATA 	Keypress: rctrl
647.9437 	EXP 	Sound  started
648.4847 	DATA 	Keypress: rctrl
648.6937 	EXP 	Sound  started
649.3007 	DATA 	Keypress: lctrl
649.4437 	EXP 	Sound  started
650.0527 	DATA 	Keypress: lctrl
650.1937 	EXP 	Sound  started
650.8207 	DATA 	Keypress: rctrl
650.9437 	EXP 	Sound  started
651.6527 	DATA 	Keypress: lctrl
651.6937 	EXP 	Sound  started
652.4207 	DATA 	Keypress: rctrl
652.4438 	EXP 	Sound  started
653.1087 	DATA 	Keypress: rctrl
653.1938 	EXP 	Sound  started
653.9247 	DATA 	Keypress: lctrl
653.9438 	EXP 	Sound  started
654.5807 	DATA 	Keypress: lctrl
654.6938 	EXP 	Sound  started
655.3007 	DATA 	Keypress: rctrl
655.4438 	EXP 	Sound  started
655.9887 	DATA 	Keypress: rctrl
656.1938 	EXP 	Sound  started
656.7568 	DATA 	Keypress: lctrl
656.9439 	EXP 	Sound  started
657.5569 	DATA 	Keypress: lctrl
657.6939 	EXP 	Sound  started
658.2288 	DATA 	Keypress: lctrl
658.4439 	EXP 	Sound  started
659.0127 	DATA 	Keypress: rctrl
659.1939 	EXP 	Sound  started
659.7966 	DATA 	Keypress: lctrl
659.9439 	EXP 	Sound  started
660.5007 	DATA 	Keypress: rctrl
660.6939 	EXP 	Sound  started
661.3327 	DATA 	Keypress: lctrl
661.4439 	EXP 	Sound  started
662.0848 	DATA 	Keypress: rctrl
662.1940 	EXP 	Sound  started
662.8687 	DATA 	Keypress: lctrl
662.9440 	EXP 	Sound  started
663.4927 	DATA 	Keypress: rctrl
663.6940 	EXP 	Sound  started
664.3727 	DATA 	Keypress: lctrl
664.4440 	EXP 	Sound  started
665.1088 	DATA 	Keypress: rctrl
665.1940 	EXP 	Sound  started
665.8447 	DATA 	Keypress: rctrl
665.9440 	EXP 	Sound  started
666.5646 	DATA 	Keypress: lctrl
666.6941 	EXP 	Sound  started
667.3647 	DATA 	Keypress: lctrl
667.4441 	EXP 	Sound  started
668.0687 	DATA 	Keypress: rctrl
668.1941 	EXP 	Sound  started
668.8047 	DATA 	Keypress: rctrl
668.9441 	EXP 	Sound  started
669.4766 	DATA 	Keypress: lctrl
669.6941 	EXP 	Sound  started
670.2287 	DATA 	Keypress: lctrl
670.4441 	EXP 	Sound  started
670.9327 	DATA 	Keypress: rctrl
672.6642 	DATA 	Keypress: 3
672.6936 	EXP 	unnamed ShapeStim: vertices = <class 'numpy.ndarray'>
676.2798 	DATA 	Keypress: 2
676.2961 	EXP 	unnamed ShapeStim: vertices = <class 'numpy.ndarray'>
683.0852 	DATA 	Keypress: 2
683.1017 	EXP 	unnamed ShapeStim: vertices = <class 'numpy.ndarray'>
685.3870 	EXP 	Sound  started
685.4608 	DATA 	Keypress: rctrl
686.1007 	DATA 	Keypress: lctrl
686.1370 	EXP 	Sound  started
686.7887 	DATA 	Keypress: lctrl
686.8870 	EXP 	Sound  started
687.5407 	DATA 	Keypress: rctrl
687.6370 	EXP 	Sound  started
688.2287 	DATA 	Keypress: lctrl
688.3870 	EXP 	Sound  started
688.9008 	DATA 	Keypress: lctrl
689.1370 	EXP 	Sound  started
689.6687 	DATA 	Keypress: rctrl
689.8870 	EXP 	Sound  started
690.4207 	DATA 	Keypress: rctrl
690.6370 	EXP 	Sound  started
691.1408 	DATA 	Keypress: rctrl
691.3871 	EXP 	Sound  started
691.8607 	DATA 	Keypress: lctrl
692.1371 	EXP 	Sound  started
692.6606 	DATA 	Keypress: rctrl
692.8871 	EXP 	Sound  started
693.4126 	DATA 	Keypress: lctrl
693.6371 	EXP 	Sound  started
694.1807 	DATA 	Keypress: lctrl
694.3871 	EXP 	Sound  started
694.9006 	DATA 	Keypress: rctrl
695.1371 	EXP 	Sound  started
695.6687 	DATA 	Keypress: lctrl
695.8871 	EXP 	Sound  started
696.4207 	DATA 	Keypress: rctrl
696.6372 	EXP 	Sound  started
697.1887 	DATA 	Keypress: rctrl
697.3872 	EXP 	Sound  started
697.9887 	DATA 	Keypress: lctrl
698.1372 	EXP 	Sound  started
698.7086 	DATA 	Keypress: lctrl
698.8872 	EXP 	Sound  started
699.4126 	DATA 	Keypress: rctrl
699.6372 	EXP 	Sound  started
700.1647 	DATA 	Keypress: rctrl
700.3872 	EXP 	Sound  started
700.9167 	DATA 	Keypress: lctrl
701.1373 	EXP 	Sound  started
701.6686 	DATA 	Keypress: lctrl
701.8873 	EXP 	Sound  started
702.3567 	DATA 	Keypress: rctrl
702.6373 	EXP 	Sound  started
703.1727 	DATA 	Keypress: lctrl
703.3873 	EXP 	Sound  started
703.8926 	DATA 	Keypress: rctrl
704.1373 	EXP 	Sound  started
704.6126 	DATA 	Keypress: rctrl
704.8873 	EXP 	Sound  started
705.4607 	DATA 	Keypress: lctrl
705.6373 	EXP 	Sound  started
706.1807 	DATA 	Keypress: lctrl
706.3873 	EXP 	Sound  started
706.8527 	DATA 	Keypress: rctrl
707.1374 	EXP 	Sound  started
707.6527 	DATA 	Keypress: rctrl
707.8874 	EXP 	Sound  started
708.4687 	DATA 	Keypress: lctrl
708.6374 	EXP 	Sound  started
709.2366 	DATA 	Keypress: rctrl
709.3874 	EXP 	Sound  started
709.9726 	DATA 	Keypress: rctrl
710.1374 	EXP 	Sound  started
710.6927 	DATA 	Keypress: lctrl
710.8874 	EXP 	Sound  started
711.3966 	DATA 	Keypress: lctrl
711.6374 	EXP 	Sound  started
712.1327 	DATA 	Keypress: rctrl
712.3875 	EXP 	Sound  started
712.8846 	DATA 	Keypress: rctrl
713.1375 	EXP 	Sound  started
713.6366 	DATA 	Keypress: lctrl
713.8875 	EXP 	Sound  started
714.3407 	DATA 	Keypress: lctrl
714.6375 	EXP 	Sound  started
715.2048 	DATA 	Keypress: rctrl
715.3875 	EXP 	Sound  started
715.8926 	DATA 	Keypress: rctrl
716.1375 	EXP 	Sound  started
716.6128 	DATA 	Keypress: lctrl
716.8876 	EXP 	Sound  started
717.4286 	DATA 	Keypress: rctrl
717.6376 	EXP 	Sound  started
718.2127 	DATA 	Keypress: lctrl
718.3876 	EXP 	Sound  started
718.9328 	DATA 	Keypress: lctrl
719.1376 	EXP 	Sound  started
719.7487 	DATA 	Keypress: rctrl
719.8876 	EXP 	Sound  started
720.4527 	DATA 	Keypress: rctrl
720.6376 	EXP 	Sound  started
721.1886 	DATA 	Keypress: lctrl
721.3876 	EXP 	Sound  started
721.9727 	DATA 	Keypress: lctrl
722.1376 	EXP 	Sound  started
722.7406 	DATA 	Keypress: lctrl
722.8877 	EXP 	Sound  started
723.6377 	EXP 	Sound  started
724.2607 	DATA 	Keypress: lctrl
724.3877 	EXP 	Sound  started
725.0447 	DATA 	Keypress: rctrl
725.1377 	EXP 	Sound  started
725.7007 	DATA 	Keypress: lctrl
725.8877 	EXP 	Sound  started
726.5007 	DATA 	Keypress: rctrl
726.6377 	EXP 	Sound  started
727.1887 	DATA 	Keypress: lctrl
727.3878 	EXP 	Sound  started
727.9407 	DATA 	Keypress: rctrl
728.1378 	EXP 	Sound  started
728.7567 	DATA 	Keypress: rctrl
728.8878 	EXP 	Sound  started
729.4767 	DATA 	Keypress: lctrl
729.6378 	EXP 	Sound  started
730.1967 	DATA 	Keypress: rctrl
730.3878 	EXP 	Sound  started
730.9487 	DATA 	Keypress: lctrl
731.1378 	EXP 	Sound  started
731.7967 	DATA 	Keypress: lctrl
731.8878 	EXP 	Sound  started
732.5167 	DATA 	Keypress: rctrl
732.6378 	EXP 	Sound  started
733.3007 	DATA 	Keypress: rctrl
733.3879 	EXP 	Sound  started
734.0047 	DATA 	Keypress: lctrl
734.1379 	EXP 	Sound  started
734.7727 	DATA 	Keypress: rctrl
734.8879 	EXP 	Sound  started
735.5087 	DATA 	Keypress: lctrl
735.6379 	EXP 	Sound  started
736.2607 	DATA 	Keypress: rctrl
736.3879 	EXP 	Sound  started
737.0287 	DATA 	Keypress: lctrl
737.1379 	EXP 	Sound  started
737.7647 	DATA 	Keypress: lctrl
737.8879 	EXP 	Sound  started
738.5167 	DATA 	Keypress: rctrl
738.6380 	EXP 	Sound  started
739.2047 	DATA 	Keypress: lctrl
746.0869 	DATA 	Keypress: 3
746.1034 	EXP 	unnamed ShapeStim: vertices = <class 'numpy.ndarray'>
752.2624 	DATA 	Keypress: 3
752.2918 	EXP 	unnamed ShapeStim: vertices = <class 'numpy.ndarray'>
755.9283 	DATA 	Keypress: 2
755.9448 	EXP 	unnamed ShapeStim: vertices = <class 'numpy.ndarray'>
758.2300 	EXP 	Sound  started
758.3888 	DATA 	Keypress: rctrl
758.9167 	DATA 	Keypress: lctrl
758.9800 	EXP 	Sound  started
759.6687 	DATA 	Keypress: rctrl
759.7301 	EXP 	Sound  started
760.3727 	DATA 	Keypress: lctrl
760.4801 	EXP 	Sound  started
761.1407 	DATA 	Keypress: rctrl
761.2301 	EXP 	Sound  started
761.8767 	DATA 	Keypress: rctrl
761.9801 	EXP 	Sound  started
762.6127 	DATA 	Keypress: lctrl
762.7301 	EXP 	Sound  started
763.4127 	DATA 	Keypress: lctrl
763.4801 	EXP 	Sound  started
764.1647 	DATA 	Keypress: rctrl
764.2301 	EXP 	Sound  started
764.8687 	DATA 	Keypress: rctrl
764.9802 	EXP 	Sound  started
765.5247 	DATA 	Keypress: rctrl
765.7302 	EXP 	Sound  started
766.3087 	DATA 	Keypress: lctrl
766.4802 	EXP 	Sound  started
767.0127 	DATA 	Keypress: rctrl
767.2302 	EXP 	Sound  started
767.7807 	DATA 	Keypress: lctrl
767.9802 	EXP 	Sound  started
768.5327 	DATA 	Keypress: rctrl
768.7302 	EXP 	Sound  started
769.4127 	DATA 	Keypress: lctrl
769.4802 	EXP 	Sound  started
770.1167 	DATA 	Keypress: rctrl
770.2303 	EXP 	Sound  started
770.8848 	DATA 	Keypress: lctrl
770.9803 	EXP 	Sound  started
771.5247 	DATA 	Keypress: lctrl
771.7303 	EXP 	Sound  started
772.2607 	DATA 	Keypress: lctrl
772.4803 	EXP 	Sound  started
773.0927 	DATA 	Keypress: rctrl
773.2303 	EXP 	Sound  started
773.7807 	DATA 	Keypress: lctrl
773.9803 	EXP 	Sound  started
774.5327 	DATA 	Keypress: rctrl
774.7303 	EXP 	Sound  started
775.2687 	DATA 	Keypress: lctrl
775.4803 	EXP 	Sound  started
776.0207 	DATA 	Keypress: rctrl
776.2304 	EXP 	Sound  started
776.7728 	DATA 	Keypress: rctrl
776.9804 	EXP 	Sound  started
777.5727 	DATA 	Keypress: lctrl
777.7304 	EXP 	Sound  started
778.2927 	DATA 	Keypress: lctrl
778.4804 	EXP 	Sound  started
778.9807 	DATA 	Keypress: rctrl
779.2304 	EXP 	Sound  started
779.7647 	DATA 	Keypress: rctrl
779.9805 	EXP 	Sound  started
780.5008 	DATA 	Keypress: lctrl
780.7305 	EXP 	Sound  started
781.2367 	DATA 	Keypress: lctrl
781.4805 	EXP 	Sound  started
781.9888 	DATA 	Keypress: rctrl
782.2305 	EXP 	Sound  started
782.8207 	DATA 	Keypress: rctrl
782.9805 	EXP 	Sound  started
783.5567 	DATA 	Keypress: lctrl
783.7305 	EXP 	Sound  started
784.2927 	DATA 	Keypress: lctrl
784.4805 	EXP 	Sound  started
784.9327 	DATA 	Keypress: rctrl
785.2306 	EXP 	Sound  started
785.9806 	EXP 	Sound  started
786.0687 	DATA 	Keypress: lctrl
786.5967 	DATA 	Keypress: lctrl
786.7306 	EXP 	Sound  started
787.3648 	DATA 	Keypress: rctrl
787.4806 	EXP 	Sound  started
788.0207 	DATA 	Keypress: rctrl
788.2306 	EXP 	Sound  started
788.8527 	DATA 	Keypress: rctrl
788.9806 	EXP 	Sound  started
789.5247 	DATA 	Keypress: lctrl
789.7306 	EXP 	Sound  started
790.3247 	DATA 	Keypress: rctrl
790.4806 	EXP 	Sound  started
791.0767 	DATA 	Keypress: lctrl
791.2307 	EXP 	Sound  started
791.8927 	DATA 	Keypress: rctrl
791.9807 	EXP 	Sound  started
792.5967 	DATA 	Keypress: lctrl
792.7307 	EXP 	Sound  started
793.3007 	DATA 	Keypress: rctrl
793.4807 	EXP 	Sound  started
794.0367 	DATA 	Keypress: lctrl
794.2307 	EXP 	Sound  started
794.8047 	DATA 	Keypress: lctrl
794.9807 	EXP 	Sound  started
795.5087 	DATA 	Keypress: rctrl
795.7308 	EXP 	Sound  started
796.2927 	DATA 	Keypress: rctrl
796.4808 	EXP 	Sound  started
797.0767 	DATA 	Keypress: lctrl
797.2308 	EXP 	Sound  started
797.8287 	DATA 	Keypress: rctrl
797.9808 	EXP 	Sound  started
798.4847 	DATA 	Keypress: rctrl
798.7308 	EXP 	Sound  started
799.4607 	DATA 	Keypress: lctrl
799.4808 	EXP 	Sound  started
800.1166 	DATA 	Keypress: lctrl
800.2308 	EXP 	Sound  started
800.7728 	DATA 	Keypress: rctrl
800.9808 	EXP 	Sound  started
801.4607 	DATA 	Keypress: rctrl
801.7309 	EXP 	Sound  started
802.2768 	DATA 	Keypress: lctrl
802.4809 	EXP 	Sound  started
802.9807 	DATA 	Keypress: lctrl
803.2309 	EXP 	Sound  started
803.7967 	DATA 	Keypress: rctrl
803.9809 	EXP 	Sound  started
804.5327 	DATA 	Keypress: rctrl
804.7309 	EXP 	Sound  started
805.3168 	DATA 	Keypress: lctrl
805.4809 	EXP 	Sound  started
806.0687 	DATA 	Keypress: lctrl
806.2310 	EXP 	Sound  started
806.8208 	DATA 	Keypress: rctrl
806.9810 	EXP 	Sound  started
807.4927 	DATA 	Keypress: lctrl
807.7310 	EXP 	Sound  started
808.2767 	DATA 	Keypress: rctrl
808.4810 	EXP 	Sound  started
808.9807 	DATA 	Keypress: lctrl
809.2310 	EXP 	Sound  started
809.7967 	DATA 	Keypress: rctrl
809.9810 	EXP 	Sound  started
810.5168 	DATA 	Keypress: lctrl
810.7310 	EXP 	Sound  started
811.1566 	DATA 	Keypress: lctrl
811.4810 	EXP 	Sound  started
812.0207 	DATA 	Keypress: rctrl
812.2311 	EXP 	Sound  started
812.7887 	DATA 	Keypress: rctrl
812.9811 	EXP 	Sound  started
813.5567 	DATA 	Keypress: rctrl
813.7311 	EXP 	Sound  started
814.2607 	DATA 	Keypress: rctrl
814.4811 	EXP 	Sound  started
815.0447 	DATA 	Keypress: rctrl
815.2311 	EXP 	Sound  started
815.7487 	DATA 	Keypress: lctrl
815.9811 	EXP 	Sound  started
816.5487 	DATA 	Keypress: lctrl
816.7311 	EXP 	Sound  started
817.2847 	DATA 	Keypress: lctrl
820.7148 	DATA 	Keypress: 3
820.7313 	EXP 	unnamed ShapeStim: vertices = <class 'numpy.ndarray'>
826.6030 	DATA 	Keypress: 2
826.6195 	EXP 	unnamed ShapeStim: vertices = <class 'numpy.ndarray'>
830.2726 	DATA 	Keypress: 2
830.2891 	EXP 	unnamed ShapeStim: vertices = <class 'numpy.ndarray'>
832.5740 	DATA 	Keypress: rctrl
1085.3009 	DATA 	Keypress: return
1085.3721 	EXP 	window1: mouseVisible = True
