208.5703 	WARNING 	User requested fullscreen with size [1024  768], but screen is actually [1920, 1200]. Using actual size
209.4067 	EXP 	Created window1 = Window(allowGUI=False, allowStencil=False, autoLog=True, backendConf=UNKNOWN, bitsMode=UNKNOWN, blendMode='avg', bpc=(8, 8, 8), color=array([0, 0, 0]), colorSpace='rgb', depthBits=8, fullscr=<method-wrapper '__getattribute__' of attributeSetter object at 0x000001D01FEA6780>, gamma=None, gammaErrorPolicy='raise', lms=UNKNOWN, monitor=<psychopy.monitors.calibTools.Monitor object at 0x000001D0215E5080>, multiSample=False, name='window1', numSamples=2, pos=[0.0, 0.0], screen=0, size=array([1920, 1200]), stencilBits=0, stereo=False, units='norm', useFBO=True, useRetina=False, viewOri=0.0, viewPos=None, viewScale=None, waitBlanking=True, winType='pyglet')
209.4071 	EXP 	window1: mouseVisible = True
209.4072 	EXP 	window1: mouseVisible = False
209.4072 	EXP 	window1: recordFrameIntervals = False
209.5732 	EXP 	window1: recordFrameIntervals = True
209.7569 	EXP 	window1: recordFrameIntervals = False
209.8113 	EXP 	Created text = TextStim(__class__=<class 'psychopy.visual.text.TextStim'>, alignHoriz=method-wrapper(...), alignText='center', alignVert=method-wrapper(...), anchorHoriz='center', anchorVert='center', antialias=True, autoLog=True, bold=False, color=array([1., 1., 1.]), colorSpace='rgb', contrast=1.0, depth=0.0, flipHoriz=False, flipVert=False, font='Arial', fontFiles=[], height=0.15, italic=False, languageStyle='LTR', name='text', opacity=1, ori=0, pos=array([0., 0.]), rgb=UNKNOWN, text='+', units='norm', win=Window(...), wrapWidth=1)
209.8287 	EXP 	Created text = TextStim(__class__=<class 'psychopy.visual.text.TextStim'>, alignHoriz=method-wrapper(...), alignText='center', alignVert=method-wrapper(...), anchorHoriz='center', anchorVert='center', antialias=True, autoLog=True, bold=False, color=array([1., 1., 1.]), colorSpace='rgb', contrast=1.0, depth=0.0, flipHoriz=False, flipVert=False, font='Arial', fontFiles=[], height=0.07, italic=False, languageStyle='LTR', name='text', opacity=1, ori=0, pos=array([0., 0.]), rgb=UNKNOWN, text=str(...), units='norm', win=Window(...), wrapWidth=1.65)
209.8393 	EXP 	Created text = TextStim(__class__=<class 'psychopy.visual.text.TextStim'>, alignHoriz=method-wrapper(...), alignText='center', alignVert=method-wrapper(...), anchorHoriz='center', anchorVert='center', antialias=True, autoLog=True, bold=False, color=array([1., 1., 1.]), colorSpace='rgb', contrast=1.0, depth=0.0, flipHoriz=False, flipVert=False, font='Arial', fontFiles=[], height=0.07, italic=False, languageStyle='LTR', name='text', opacity=1, ori=0, pos=array([0., 0.]), rgb=UNKNOWN, text=str(...), units='norm', win=Window(...), wrapWidth=1.65)
209.8493 	EXP 	Created text = TextStim(__class__=<class 'psychopy.visual.text.TextStim'>, alignHoriz=method-wrapper(...), alignText='center', alignVert=method-wrapper(...), anchorHoriz='center', anchorVert='center', antialias=True, autoLog=True, bold=False, color=array([1., 1., 1.]), colorSpace='rgb', contrast=1.0, depth=0.0, flipHoriz=False, flipVert=False, font='Arial', fontFiles=[], height=0.07, italic=False, languageStyle='LTR', name='text', opacity=1, ori=0, pos=array([0., 0.]), rgb=UNKNOWN, text=str(...), units='norm', win=Window(...), wrapWidth=1.65)
209.8584 	EXP 	Created text = TextStim(__class__=<class 'psychopy.visual.text.TextStim'>, alignHoriz=method-wrapper(...), alignText='center', alignVert=method-wrapper(...), anchorHoriz='center', anchorVert='center', antialias=True, autoLog=True, bold=False, color=array([1., 1., 1.]), colorSpace='rgb', contrast=1.0, depth=0.0, flipHoriz=False, flipVert=False, font='Arial', fontFiles=[], height=0.07, italic=False, languageStyle='LTR', name='text', opacity=1, ori=0, pos=array([0., 0.]), rgb=UNKNOWN, text=str(...), units='norm', win=Window(...), wrapWidth=1.65)
209.8637 	EXP 	Created text = TextStim(__class__=<class 'psychopy.visual.text.TextStim'>, alignHoriz=method-wrapper(...), alignText='center', alignVert=method-wrapper(...), anchorHoriz='center', anchorVert='center', antialias=True, autoLog=True, bold=False, color=array([1., 1., 1.]), colorSpace='rgb', contrast=1.0, depth=0.0, flipHoriz=False, flipVert=False, font='Arial', fontFiles=[], height=0.07, italic=False, languageStyle='LTR', name='text', opacity=1, ori=0, pos=array([0., 0.]), rgb=UNKNOWN, text=str(...), units='norm', win=Window(...), wrapWidth=1.65)
209.8783 	EXP 	Created text = TextStim(__class__=<class 'psychopy.visual.text.TextStim'>, alignHoriz=method-wrapper(...), alignText='center', alignVert=method-wrapper(...), anchorHoriz='center', anchorVert='center', antialias=True, autoLog=True, bold=False, color=array([1., 1., 1.]), colorSpace='rgb', contrast=1.0, depth=0.0, flipHoriz=False, flipVert=False, font='Arial', fontFiles=[], height=0.15, italic=False, languageStyle='LTR', name='text', opacity=1, ori=0, pos=array([0., 0.]), rgb=UNKNOWN, text=str(...), units='norm', win=Window(...), wrapWidth=1.65)
209.9068 	EXP 	Created text = TextStim(__class__=<class 'psychopy.visual.text.TextStim'>, alignHoriz=method-wrapper(...), alignText='center', alignVert=method-wrapper(...), anchorHoriz='center', anchorVert='center', antialias=True, autoLog=True, bold=False, color=array([1., 1., 1.]), colorSpace='rgb', contrast=1.0, depth=0.0, flipHoriz=False, flipVert=False, font='Arial', fontFiles=[], height=0.07, italic=False, languageStyle='LTR', name='text', opacity=1, ori=0, pos=array([0., 0.]), rgb=UNKNOWN, text=str(...), units='norm', win=Window(...), wrapWidth=1.65)
209.9246 	EXP 	Created text = TextStim(__class__=<class 'psychopy.visual.text.TextStim'>, alignHoriz=method-wrapper(...), alignText='center', alignVert=method-wrapper(...), anchorHoriz='center', anchorVert='center', antialias=True, autoLog=True, bold=False, color=array([1., 1., 1.]), colorSpace='rgb', contrast=1.0, depth=0.0, flipHoriz=False, flipVert=False, font='Arial', fontFiles=[], height=0.07, italic=False, languageStyle='LTR', name='text', opacity=1, ori=0, pos=array([0., 0.]), rgb=UNKNOWN, text=str(...), units='norm', win=Window(...), wrapWidth=1.65)
209.9549 	EXP 	Created text = TextStim(__class__=<class 'psychopy.visual.text.TextStim'>, alignHoriz=method-wrapper(...), alignText='center', alignVert=method-wrapper(...), anchorHoriz='center', anchorVert='center', antialias=True, autoLog=True, bold=False, color=array([1., 1., 1.]), colorSpace='rgb', contrast=1.0, depth=0.0, flipHoriz=False, flipVert=False, font='Arial', fontFiles=[], height=0.07, italic=False, languageStyle='LTR', name='text', opacity=1, ori=0, pos=array([0., 0.]), rgb=UNKNOWN, text=str(...), units='norm', win=Window(...), wrapWidth=1.65)
209.9829 	EXP 	Created text = TextStim(__class__=<class 'psychopy.visual.text.TextStim'>, alignHoriz=method-wrapper(...), alignText='center', alignVert=method-wrapper(...), anchorHoriz='center', anchorVert='center', antialias=True, autoLog=True, bold=False, color=array([1., 1., 1.]), colorSpace='rgb', contrast=1.0, depth=0.0, flipHoriz=False, flipVert=False, font='Arial', fontFiles=[], height=0.07, italic=False, languageStyle='LTR', name='text', opacity=1, ori=0, pos=array([0., 0.]), rgb=UNKNOWN, text=str(...), units='norm', win=Window(...), wrapWidth=1.65)
210.0150 	EXP 	Created text = TextStim(__class__=<class 'psychopy.visual.text.TextStim'>, alignHoriz=method-wrapper(...), alignText='center', alignVert=method-wrapper(...), anchorHoriz='center', anchorVert='center', antialias=True, autoLog=True, bold=False, color=array([1., 1., 1.]), colorSpace='rgb', contrast=1.0, depth=0.0, flipHoriz=False, flipVert=False, font='Arial', fontFiles=[], height=0.07, italic=False, languageStyle='LTR', name='text', opacity=1, ori=0, pos=array([0., 0.]), rgb=UNKNOWN, text=str(...), units='norm', win=Window(...), wrapWidth=1.65)
210.0239 	EXP 	Created text = TextStim(__class__=<class 'psychopy.visual.text.TextStim'>, alignHoriz=method-wrapper(...), alignText='center', alignVert=method-wrapper(...), anchorHoriz='center', anchorVert='center', antialias=True, autoLog=True, bold=False, color=array([1., 1., 1.]), colorSpace='rgb', contrast=1.0, depth=0.0, flipHoriz=False, flipVert=False, font='Arial', fontFiles=[], height=0.07, italic=False, languageStyle='LTR', name='text', opacity=1, ori=0, pos=array([0., 0.]), rgb=UNKNOWN, text=str(...), units='norm', win=Window(...), wrapWidth=1.65)
210.0363 	EXP 	Created text = TextStim(__class__=<class 'psychopy.visual.text.TextStim'>, alignHoriz=method-wrapper(...), alignText='center', alignVert=method-wrapper(...), anchorHoriz='center', anchorVert='center', antialias=True, autoLog=True, bold=False, color=array([1., 1., 1.]), colorSpace='rgb', contrast=1.0, depth=0.0, flipHoriz=False, flipVert=False, font='Arial', fontFiles=[], height=0.07, italic=False, languageStyle='LTR', name='text', opacity=1, ori=0, pos=array([0., 0.]), rgb=UNKNOWN, text=str(...), units='norm', win=Window(...), wrapWidth=1.65)
210.0412 	EXP 	Created instru = TextStim(__class__=<class 'psychopy.visual.text.TextStim'>, alignHoriz=method-wrapper(...), alignText='center', alignVert=method-wrapper(...), anchorHoriz='center', anchorVert='center', antialias=True, autoLog=True, bold=False, color=array([1., 1., 1.]), colorSpace='rgb', contrast=1.0, depth=0.0, flipHoriz=False, flipVert=False, font='Arial', fontFiles=[], height=0.07, italic=False, languageStyle='LTR', name='instru', opacity=1, ori=0, pos=array([0. , 0.5]), rgb=UNKNOWN, text=str(...), units='norm', win=Window(...), wrapWidth=1)
210.0439 	EXP 	Created unnamed Line = Line(__class__=<class 'psychopy.visual.line.Line'>, autoDraw=False, autoLog=True, closeShape=False, color=array([1., 1., 1.]), colorSpace='rgb', contrast=None, depth=0, fillColor=array([0, 0, 0]), fillColorSpace='rgb', fillRGB=array([0, 0, 0]), interpolate=True, lineColor=array([1., 1., 1.]), lineColorSpace='rgb', lineRGB=array([1, 1, 1]), lineWidth=5, name='unnamed Line', opacity=0.5, ori=0.0, pos=array([0., 0.]), size=array([1., 1.]), units='norm', vertices=array([[-0.5,  0. ],
       [ 0.5,  0. ]]), win=Window(...), windingRule=None)
210.0459 	EXP 	Created unnamed Line = Line(__class__=<class 'psychopy.visual.line.Line'>, autoDraw=False, autoLog=True, closeShape=False, color=array([1., 1., 1.]), colorSpace='rgb', contrast=None, depth=0, fillColor=array([0, 0, 0]), fillColorSpace='rgb', fillRGB=array([0, 0, 0]), interpolate=True, lineColor=array([1., 1., 1.]), lineColorSpace='rgb', lineRGB=array([1, 1, 1]), lineWidth=3, name='unnamed Line', opacity=0.5, ori=0.0, pos=array([0., 0.]), size=array([1., 1.]), units='norm', vertices=array([[-0.5 , -0.05],
       [-0.5 ,  0.05]]), win=Window(...), windingRule=None)
210.0478 	EXP 	Created unnamed Line = Line(__class__=<class 'psychopy.visual.line.Line'>, autoDraw=False, autoLog=True, closeShape=False, color=array([1., 1., 1.]), colorSpace='rgb', contrast=None, depth=0, fillColor=array([0, 0, 0]), fillColorSpace='rgb', fillRGB=array([0, 0, 0]), interpolate=True, lineColor=array([1., 1., 1.]), lineColorSpace='rgb', lineRGB=array([1, 1, 1]), lineWidth=3, name='unnamed Line', opacity=0.5, ori=0.0, pos=array([0., 0.]), size=array([1., 1.]), units='norm', vertices=ndarray(...), win=Window(...), windingRule=None)
210.0498 	EXP 	Created unnamed Line = Line(__class__=<class 'psychopy.visual.line.Line'>, autoDraw=False, autoLog=True, closeShape=False, color=array([1., 1., 1.]), colorSpace='rgb', contrast=None, depth=0, fillColor=array([0, 0, 0]), fillColorSpace='rgb', fillRGB=array([0, 0, 0]), interpolate=True, lineColor=array([1., 1., 1.]), lineColorSpace='rgb', lineRGB=array([1, 1, 1]), lineWidth=3, name='unnamed Line', opacity=0.5, ori=0.0, pos=array([0., 0.]), size=array([1., 1.]), units='norm', vertices=ndarray(...), win=Window(...), windingRule=None)
210.0518 	EXP 	Created unnamed Line = Line(__class__=<class 'psychopy.visual.line.Line'>, autoDraw=False, autoLog=True, closeShape=False, color=array([1., 1., 1.]), colorSpace='rgb', contrast=None, depth=0, fillColor=array([0, 0, 0]), fillColorSpace='rgb', fillRGB=array([0, 0, 0]), interpolate=True, lineColor=array([1., 1., 1.]), lineColorSpace='rgb', lineRGB=array([1, 1, 1]), lineWidth=3, name='unnamed Line', opacity=0.5, ori=0.0, pos=array([0., 0.]), size=array([1., 1.]), units='norm', vertices=array([[ 0.5 , -0.05],
       [ 0.5 ,  0.05]]), win=Window(...), windingRule=None)
210.0639 	EXP 	Created unnamed TextStim = TextStim(__class__=<class 'psychopy.visual.text.TextStim'>, alignHoriz=method-wrapper(...), alignText='center', alignVert=method-wrapper(...), anchorHoriz='center', anchorVert='center', antialias=True, autoLog=True, bold=False, color=array([1., 1., 1.]), colorSpace='rgb', contrast=1.0, depth=0, flipHoriz=False, flipVert=False, font='', fontFiles=[], height=0.05, italic=False, languageStyle='LTR', name='unnamed TextStim', opacity=1.0, ori=0.0, pos=array([-0.5, -0.1]), rgb=UNKNOWN, text='Clearly \n NOT FOCUSED', units='norm', win=Window(...), wrapWidth=1)
210.0650 	EXP 	Created unnamed TextStim = TextStim(__class__=<class 'psychopy.visual.text.TextStim'>, alignHoriz=method-wrapper(...), alignText='center', alignVert=method-wrapper(...), anchorHoriz='center', anchorVert='center', antialias=True, autoLog=True, bold=False, color=array([1., 1., 1.]), colorSpace='rgb', contrast=1.0, depth=0, flipHoriz=False, flipVert=False, font='', fontFiles=[], height=0.05, italic=False, languageStyle='LTR', name='unnamed TextStim', opacity=1.0, ori=0.0, pos=array([-0.16666667, -0.1       ]), rgb=UNKNOWN, text='', units='norm', win=Window(...), wrapWidth=1)
210.0662 	EXP 	Created unnamed TextStim = TextStim(__class__=<class 'psychopy.visual.text.TextStim'>, alignHoriz=method-wrapper(...), alignText='center', alignVert=method-wrapper(...), anchorHoriz='center', anchorVert='center', antialias=True, autoLog=True, bold=False, color=array([1., 1., 1.]), colorSpace='rgb', contrast=1.0, depth=0, flipHoriz=False, flipVert=False, font='', fontFiles=[], height=0.05, italic=False, languageStyle='LTR', name='unnamed TextStim', opacity=1.0, ori=0.0, pos=array([ 0.16666667, -0.1       ]), rgb=UNKNOWN, text='', units='norm', win=Window(...), wrapWidth=1)
210.0716 	EXP 	Created unnamed TextStim = TextStim(__class__=<class 'psychopy.visual.text.TextStim'>, alignHoriz=method-wrapper(...), alignText='center', alignVert=method-wrapper(...), anchorHoriz='center', anchorVert='center', antialias=True, autoLog=True, bold=False, color=array([1., 1., 1.]), colorSpace='rgb', contrast=1.0, depth=0, flipHoriz=False, flipVert=False, font='', fontFiles=[], height=0.05, italic=False, languageStyle='LTR', name='unnamed TextStim', opacity=1.0, ori=0.0, pos=array([ 0.5, -0.1]), rgb=UNKNOWN, text='Clearly \n FOCUSED', units='norm', win=Window(...), wrapWidth=1)
210.0742 	EXP 	Created unnamed ShapeStim = ShapeStim(__class__=<class 'psychopy.visual.shape.ShapeStim'>, autoDraw=False, autoLog=True, closeShape=True, color=method-wrapper(...), colorSpace='rgb', contrast=None, depth=0, fillColor=array([1, 1, 1]), fillColorSpace='rgb', fillRGB=array([1, 1, 1]), interpolate=True, lineColor=array([-1., -1., -1.]), lineColorSpace='rgb', lineRGB=array([-1, -1, -1]), lineWidth=1.5, name='unnamed ShapeStim', opacity=1.0, ori=0.0, pos=array([0., 0.]), size=array([1., 1.]), units='norm', vertices=ndarray(...), win=Window(...), windingRule=None)
210.0849 	EXP 	Created instru = TextStim(__class__=<class 'psychopy.visual.text.TextStim'>, alignHoriz=method-wrapper(...), alignText='center', alignVert=method-wrapper(...), anchorHoriz='center', anchorVert='center', antialias=True, autoLog=True, bold=False, color=array([1., 1., 1.]), colorSpace='rgb', contrast=1.0, depth=0.0, flipHoriz=False, flipVert=False, font='Arial', fontFiles=[], height=0.07, italic=False, languageStyle='LTR', name='instru', opacity=1, ori=0, pos=array([0. , 0.5]), rgb=UNKNOWN, text=str(...), units='norm', win=Window(...), wrapWidth=1)
210.0870 	EXP 	Created unnamed Line = Line(__class__=<class 'psychopy.visual.line.Line'>, autoDraw=False, autoLog=True, closeShape=False, color=array([1., 1., 1.]), colorSpace='rgb', contrast=None, depth=0, fillColor=array([0, 0, 0]), fillColorSpace='rgb', fillRGB=array([0, 0, 0]), interpolate=True, lineColor=array([1., 1., 1.]), lineColorSpace='rgb', lineRGB=array([1, 1, 1]), lineWidth=5, name='unnamed Line', opacity=0.5, ori=0.0, pos=array([0., 0.]), size=array([1., 1.]), units='norm', vertices=array([[-0.5,  0. ],
       [ 0.5,  0. ]]), win=Window(...), windingRule=None)
210.0890 	EXP 	Created unnamed Line = Line(__class__=<class 'psychopy.visual.line.Line'>, autoDraw=False, autoLog=True, closeShape=False, color=array([1., 1., 1.]), colorSpace='rgb', contrast=None, depth=0, fillColor=array([0, 0, 0]), fillColorSpace='rgb', fillRGB=array([0, 0, 0]), interpolate=True, lineColor=array([1., 1., 1.]), lineColorSpace='rgb', lineRGB=array([1, 1, 1]), lineWidth=3, name='unnamed Line', opacity=0.5, ori=0.0, pos=array([0., 0.]), size=array([1., 1.]), units='norm', vertices=array([[-0.5 , -0.05],
       [-0.5 ,  0.05]]), win=Window(...), windingRule=None)
210.0912 	EXP 	Created unnamed Line = Line(__class__=<class 'psychopy.visual.line.Line'>, autoDraw=False, autoLog=True, closeShape=False, color=array([1., 1., 1.]), colorSpace='rgb', contrast=None, depth=0, fillColor=array([0, 0, 0]), fillColorSpace='rgb', fillRGB=array([0, 0, 0]), interpolate=True, lineColor=array([1., 1., 1.]), lineColorSpace='rgb', lineRGB=array([1, 1, 1]), lineWidth=3, name='unnamed Line', opacity=0.5, ori=0.0, pos=array([0., 0.]), size=array([1., 1.]), units='norm', vertices=ndarray(...), win=Window(...), windingRule=None)
210.0932 	EXP 	Created unnamed Line = Line(__class__=<class 'psychopy.visual.line.Line'>, autoDraw=False, autoLog=True, closeShape=False, color=array([1., 1., 1.]), colorSpace='rgb', contrast=None, depth=0, fillColor=array([0, 0, 0]), fillColorSpace='rgb', fillRGB=array([0, 0, 0]), interpolate=True, lineColor=array([1., 1., 1.]), lineColorSpace='rgb', lineRGB=array([1, 1, 1]), lineWidth=3, name='unnamed Line', opacity=0.5, ori=0.0, pos=array([0., 0.]), size=array([1., 1.]), units='norm', vertices=ndarray(...), win=Window(...), windingRule=None)
210.0952 	EXP 	Created unnamed Line = Line(__class__=<class 'psychopy.visual.line.Line'>, autoDraw=False, autoLog=True, closeShape=False, color=array([1., 1., 1.]), colorSpace='rgb', contrast=None, depth=0, fillColor=array([0, 0, 0]), fillColorSpace='rgb', fillRGB=array([0, 0, 0]), interpolate=True, lineColor=array([1., 1., 1.]), lineColorSpace='rgb', lineRGB=array([1, 1, 1]), lineWidth=3, name='unnamed Line', opacity=0.5, ori=0.0, pos=array([0., 0.]), size=array([1., 1.]), units='norm', vertices=array([[ 0.5 , -0.05],
       [ 0.5 ,  0.05]]), win=Window(...), windingRule=None)
210.1005 	EXP 	Created unnamed TextStim = TextStim(__class__=<class 'psychopy.visual.text.TextStim'>, alignHoriz=method-wrapper(...), alignText='center', alignVert=method-wrapper(...), anchorHoriz='center', anchorVert='center', antialias=True, autoLog=True, bold=False, color=array([1., 1., 1.]), colorSpace='rgb', contrast=1.0, depth=0, flipHoriz=False, flipVert=False, font='', fontFiles=[], height=0.05, italic=False, languageStyle='LTR', name='unnamed TextStim', opacity=1.0, ori=0.0, pos=array([-0.5, -0.1]), rgb=UNKNOWN, text='Clearly \n NOTHING', units='norm', win=Window(...), wrapWidth=1)
210.1015 	EXP 	Created unnamed TextStim = TextStim(__class__=<class 'psychopy.visual.text.TextStim'>, alignHoriz=method-wrapper(...), alignText='center', alignVert=method-wrapper(...), anchorHoriz='center', anchorVert='center', antialias=True, autoLog=True, bold=False, color=array([1., 1., 1.]), colorSpace='rgb', contrast=1.0, depth=0, flipHoriz=False, flipVert=False, font='', fontFiles=[], height=0.05, italic=False, languageStyle='LTR', name='unnamed TextStim', opacity=1.0, ori=0.0, pos=array([-0.16666667, -0.1       ]), rgb=UNKNOWN, text='', units='norm', win=Window(...), wrapWidth=1)
210.1025 	EXP 	Created unnamed TextStim = TextStim(__class__=<class 'psychopy.visual.text.TextStim'>, alignHoriz=method-wrapper(...), alignText='center', alignVert=method-wrapper(...), anchorHoriz='center', anchorVert='center', antialias=True, autoLog=True, bold=False, color=array([1., 1., 1.]), colorSpace='rgb', contrast=1.0, depth=0, flipHoriz=False, flipVert=False, font='', fontFiles=[], height=0.05, italic=False, languageStyle='LTR', name='unnamed TextStim', opacity=1.0, ori=0.0, pos=array([ 0.16666667, -0.1       ]), rgb=UNKNOWN, text='', units='norm', win=Window(...), wrapWidth=1)
210.1064 	EXP 	Created unnamed TextStim = TextStim(__class__=<class 'psychopy.visual.text.TextStim'>, alignHoriz=method-wrapper(...), alignText='center', alignVert=method-wrapper(...), anchorHoriz='center', anchorVert='center', antialias=True, autoLog=True, bold=False, color=array([1., 1., 1.]), colorSpace='rgb', contrast=1.0, depth=0, flipHoriz=False, flipVert=False, font='', fontFiles=[], height=0.05, italic=False, languageStyle='LTR', name='unnamed TextStim', opacity=1.0, ori=0.0, pos=array([ 0.5, -0.1]), rgb=UNKNOWN, text='Clearly \n SOMETHING', units='norm', win=Window(...), wrapWidth=1)
210.1082 	EXP 	Created unnamed ShapeStim = ShapeStim(__class__=<class 'psychopy.visual.shape.ShapeStim'>, autoDraw=False, autoLog=True, closeShape=True, color=method-wrapper(...), colorSpace='rgb', contrast=None, depth=0, fillColor=array([1, 1, 1]), fillColorSpace='rgb', fillRGB=array([1, 1, 1]), interpolate=True, lineColor=array([-1., -1., -1.]), lineColorSpace='rgb', lineRGB=array([-1, -1, -1]), lineWidth=1.5, name='unnamed ShapeStim', opacity=1.0, ori=0.0, pos=array([0., 0.]), size=array([1., 1.]), units='norm', vertices=ndarray(...), win=Window(...), windingRule=None)
210.1155 	EXP 	Created instru = TextStim(__class__=<class 'psychopy.visual.text.TextStim'>, alignHoriz=method-wrapper(...), alignText='center', alignVert=method-wrapper(...), anchorHoriz='center', anchorVert='center', antialias=True, autoLog=True, bold=False, color=array([1., 1., 1.]), colorSpace='rgb', contrast=1.0, depth=0.0, flipHoriz=False, flipVert=False, font='Arial', fontFiles=[], height=0.07, italic=False, languageStyle='LTR', name='instru', opacity=1, ori=0, pos=array([0. , 0.5]), rgb=UNKNOWN, text=str(...), units='norm', win=Window(...), wrapWidth=1)
210.1175 	EXP 	Created unnamed Line = Line(__class__=<class 'psychopy.visual.line.Line'>, autoDraw=False, autoLog=True, closeShape=False, color=array([1., 1., 1.]), colorSpace='rgb', contrast=None, depth=0, fillColor=array([0, 0, 0]), fillColorSpace='rgb', fillRGB=array([0, 0, 0]), interpolate=True, lineColor=array([1., 1., 1.]), lineColorSpace='rgb', lineRGB=array([1, 1, 1]), lineWidth=5, name='unnamed Line', opacity=0.5, ori=0.0, pos=array([0., 0.]), size=array([1., 1.]), units='norm', vertices=array([[-0.5,  0. ],
       [ 0.5,  0. ]]), win=Window(...), windingRule=None)
210.1196 	EXP 	Created unnamed Line = Line(__class__=<class 'psychopy.visual.line.Line'>, autoDraw=False, autoLog=True, closeShape=False, color=array([1., 1., 1.]), colorSpace='rgb', contrast=None, depth=0, fillColor=array([0, 0, 0]), fillColorSpace='rgb', fillRGB=array([0, 0, 0]), interpolate=True, lineColor=array([1., 1., 1.]), lineColorSpace='rgb', lineRGB=array([1, 1, 1]), lineWidth=3, name='unnamed Line', opacity=0.5, ori=0.0, pos=array([0., 0.]), size=array([1., 1.]), units='norm', vertices=array([[-0.5 , -0.05],
       [-0.5 ,  0.05]]), win=Window(...), windingRule=None)
210.1216 	EXP 	Created unnamed Line = Line(__class__=<class 'psychopy.visual.line.Line'>, autoDraw=False, autoLog=True, closeShape=False, color=array([1., 1., 1.]), colorSpace='rgb', contrast=None, depth=0, fillColor=array([0, 0, 0]), fillColorSpace='rgb', fillRGB=array([0, 0, 0]), interpolate=True, lineColor=array([1., 1., 1.]), lineColorSpace='rgb', lineRGB=array([1, 1, 1]), lineWidth=3, name='unnamed Line', opacity=0.5, ori=0.0, pos=array([0., 0.]), size=array([1., 1.]), units='norm', vertices=ndarray(...), win=Window(...), windingRule=None)
210.1236 	EXP 	Created unnamed Line = Line(__class__=<class 'psychopy.visual.line.Line'>, autoDraw=False, autoLog=True, closeShape=False, color=array([1., 1., 1.]), colorSpace='rgb', contrast=None, depth=0, fillColor=array([0, 0, 0]), fillColorSpace='rgb', fillRGB=array([0, 0, 0]), interpolate=True, lineColor=array([1., 1., 1.]), lineColorSpace='rgb', lineRGB=array([1, 1, 1]), lineWidth=3, name='unnamed Line', opacity=0.5, ori=0.0, pos=array([0., 0.]), size=array([1., 1.]), units='norm', vertices=ndarray(...), win=Window(...), windingRule=None)
210.1255 	EXP 	Created unnamed Line = Line(__class__=<class 'psychopy.visual.line.Line'>, autoDraw=False, autoLog=True, closeShape=False, color=array([1., 1., 1.]), colorSpace='rgb', contrast=None, depth=0, fillColor=array([0, 0, 0]), fillColorSpace='rgb', fillRGB=array([0, 0, 0]), interpolate=True, lineColor=array([1., 1., 1.]), lineColorSpace='rgb', lineRGB=array([1, 1, 1]), lineWidth=3, name='unnamed Line', opacity=0.5, ori=0.0, pos=array([0., 0.]), size=array([1., 1.]), units='norm', vertices=array([[ 0.5 , -0.05],
       [ 0.5 ,  0.05]]), win=Window(...), windingRule=None)
210.1306 	EXP 	Created unnamed TextStim = TextStim(__class__=<class 'psychopy.visual.text.TextStim'>, alignHoriz=method-wrapper(...), alignText='center', alignVert=method-wrapper(...), anchorHoriz='center', anchorVert='center', antialias=True, autoLog=True, bold=False, color=array([1., 1., 1.]), colorSpace='rgb', contrast=1.0, depth=0, flipHoriz=False, flipVert=False, font='', fontFiles=[], height=0.05, italic=False, languageStyle='LTR', name='unnamed TextStim', opacity=1.0, ori=0.0, pos=array([-0.5, -0.1]), rgb=UNKNOWN, text='Clearly \n SPONTANEOUS', units='norm', win=Window(...), wrapWidth=1)
210.1316 	EXP 	Created unnamed TextStim = TextStim(__class__=<class 'psychopy.visual.text.TextStim'>, alignHoriz=method-wrapper(...), alignText='center', alignVert=method-wrapper(...), anchorHoriz='center', anchorVert='center', antialias=True, autoLog=True, bold=False, color=array([1., 1., 1.]), colorSpace='rgb', contrast=1.0, depth=0, flipHoriz=False, flipVert=False, font='', fontFiles=[], height=0.05, italic=False, languageStyle='LTR', name='unnamed TextStim', opacity=1.0, ori=0.0, pos=array([-0.16666667, -0.1       ]), rgb=UNKNOWN, text='', units='norm', win=Window(...), wrapWidth=1)
210.1327 	EXP 	Created unnamed TextStim = TextStim(__class__=<class 'psychopy.visual.text.TextStim'>, alignHoriz=method-wrapper(...), alignText='center', alignVert=method-wrapper(...), anchorHoriz='center', anchorVert='center', antialias=True, autoLog=True, bold=False, color=array([1., 1., 1.]), colorSpace='rgb', contrast=1.0, depth=0, flipHoriz=False, flipVert=False, font='', fontFiles=[], height=0.05, italic=False, languageStyle='LTR', name='unnamed TextStim', opacity=1.0, ori=0.0, pos=array([ 0.16666667, -0.1       ]), rgb=UNKNOWN, text='', units='norm', win=Window(...), wrapWidth=1)
210.1385 	EXP 	Created unnamed TextStim = TextStim(__class__=<class 'psychopy.visual.text.TextStim'>, alignHoriz=method-wrapper(...), alignText='center', alignVert=method-wrapper(...), anchorHoriz='center', anchorVert='center', antialias=True, autoLog=True, bold=False, color=array([1., 1., 1.]), colorSpace='rgb', contrast=1.0, depth=0, flipHoriz=False, flipVert=False, font='', fontFiles=[], height=0.05, italic=False, languageStyle='LTR', name='unnamed TextStim', opacity=1.0, ori=0.0, pos=array([ 0.5, -0.1]), rgb=UNKNOWN, text='Clearly \n DELIBERATE', units='norm', win=Window(...), wrapWidth=1)
210.1405 	EXP 	Created unnamed ShapeStim = ShapeStim(__class__=<class 'psychopy.visual.shape.ShapeStim'>, autoDraw=False, autoLog=True, closeShape=True, color=method-wrapper(...), colorSpace='rgb', contrast=None, depth=0, fillColor=array([1, 1, 1]), fillColorSpace='rgb', fillRGB=array([1, 1, 1]), interpolate=True, lineColor=array([-1., -1., -1.]), lineColorSpace='rgb', lineRGB=array([-1, -1, -1]), lineWidth=1.5, name='unnamed ShapeStim', opacity=1.0, ori=0.0, pos=array([0., 0.]), size=array([1., 1.]), units='norm', vertices=ndarray(...), win=Window(...), windingRule=None)
210.1912 	EXP 	Sound  set volume 1.000
210.2211 	EXP 	unnamed ShapeStim: vertices = <class 'numpy.ndarray'>
210.2211 	EXP 	unnamed ShapeStim: vertices = <class 'numpy.ndarray'>
210.2211 	EXP 	unnamed ShapeStim: vertices = <class 'numpy.ndarray'>
225.3875 	DATA 	Keypress: return
225.9168 	EXP 	Sound  started
226.2834 	DATA 	Keypress: lctrl
226.6668 	EXP 	Sound  started
226.8274 	DATA 	Keypress: lctrl
227.4168 	EXP 	Sound  started
227.4673 	DATA 	Keypress: lctrl
228.1668 	EXP 	Sound  started
228.2514 	DATA 	Keypress: lctrl
228.9169 	EXP 	Sound  started
228.9553 	DATA 	Keypress: lctrl
229.6593 	DATA 	Keypress: lctrl
229.6669 	EXP 	Sound  started
230.4169 	EXP 	Sound  started
230.4434 	DATA 	Keypress: lctrl
231.1473 	DATA 	Keypress: lctrl
231.1669 	EXP 	Sound  started
231.8834 	DATA 	Keypress: lctrl
231.9169 	EXP 	Sound  started
232.6669 	EXP 	Sound  started
232.6673 	DATA 	Keypress: lctrl
233.4033 	DATA 	Keypress: lctrl
233.4169 	EXP 	Sound  started
234.1233 	DATA 	Keypress: lctrl
234.1669 	EXP 	Sound  started
234.8753 	DATA 	Keypress: lctrl
234.9170 	EXP 	Sound  started
235.6670 	EXP 	Sound  started
235.7074 	DATA 	Keypress: lctrl
236.3793 	DATA 	Keypress: lctrl
236.4170 	EXP 	Sound  started
237.1153 	DATA 	Keypress: lctrl
237.1670 	EXP 	Sound  started
237.8993 	DATA 	Keypress: lctrl
237.9170 	EXP 	Sound  started
238.6354 	DATA 	Keypress: lctrl
238.6670 	EXP 	Sound  started
239.3393 	DATA 	Keypress: lctrl
239.4170 	EXP 	Sound  started
240.1553 	DATA 	Keypress: lctrl
240.1671 	EXP 	Sound  started
240.8914 	DATA 	Keypress: lctrl
240.9171 	EXP 	Sound  started
241.6671 	EXP 	Sound  started
241.6754 	DATA 	Keypress: lctrl
242.3954 	DATA 	Keypress: lctrl
242.4171 	EXP 	Sound  started
243.1154 	DATA 	Keypress: lctrl
243.1671 	EXP 	Sound  started
243.8673 	DATA 	Keypress: lctrl
243.9171 	EXP 	Sound  started
244.6033 	DATA 	Keypress: lctrl
244.6671 	EXP 	Sound  started
245.4034 	DATA 	Keypress: lctrl
245.4172 	EXP 	Sound  started
246.1233 	DATA 	Keypress: lctrl
246.1672 	EXP 	Sound  started
246.8753 	DATA 	Keypress: lctrl
246.9172 	EXP 	Sound  started
247.6594 	DATA 	Keypress: lctrl
247.6672 	EXP 	Sound  started
248.3313 	DATA 	Keypress: lctrl
248.4172 	EXP 	Sound  started
249.0993 	DATA 	Keypress: lctrl
249.1672 	EXP 	Sound  started
249.8673 	DATA 	Keypress: lctrl
249.9172 	EXP 	Sound  started
250.6193 	DATA 	Keypress: lctrl
250.6673 	EXP 	Sound  started
251.4173 	EXP 	Sound  started
251.4194 	DATA 	Keypress: lctrl
252.0754 	DATA 	Keypress: lctrl
252.1673 	EXP 	Sound  started
252.8273 	DATA 	Keypress: lctrl
252.9173 	EXP 	Sound  started
253.5474 	DATA 	Keypress: lctrl
253.6673 	EXP 	Sound  started
254.4173 	EXP 	Sound  started
254.4274 	DATA 	Keypress: lctrl
255.0993 	DATA 	Keypress: lctrl
255.1674 	EXP 	Sound  started
255.9174 	EXP 	Sound  started
255.9473 	DATA 	Keypress: lctrl
256.6513 	DATA 	Keypress: lctrl
256.6674 	EXP 	Sound  started
257.4174 	EXP 	Sound  started
257.4353 	DATA 	Keypress: lctrl
258.1233 	DATA 	Keypress: lctrl
258.1674 	EXP 	Sound  started
258.8914 	DATA 	Keypress: rctrl
258.9174 	EXP 	Sound  started
259.6433 	DATA 	Keypress: rctrl
259.6674 	EXP 	Sound  started
260.3954 	DATA 	Keypress: rctrl
260.4175 	EXP 	Sound  started
261.1675 	EXP 	Sound  started
261.1954 	DATA 	Keypress: rctrl
261.8354 	DATA 	Keypress: rctrl
261.9175 	EXP 	Sound  started
262.6675 	EXP 	Sound  started
262.7153 	DATA 	Keypress: rctrl
263.3393 	DATA 	Keypress: rctrl
263.4175 	EXP 	Sound  started
264.0433 	DATA 	Keypress: rctrl
264.1675 	EXP 	Sound  started
264.8913 	DATA 	Keypress: rctrl
264.9176 	EXP 	Sound  started
265.6434 	DATA 	Keypress: rctrl
265.6676 	EXP 	Sound  started
266.3954 	DATA 	Keypress: rctrl
266.4176 	EXP 	Sound  started
267.0993 	DATA 	Keypress: rctrl
267.1676 	EXP 	Sound  started
267.8513 	DATA 	Keypress: rctrl
267.9176 	EXP 	Sound  started
268.6676 	EXP 	Sound  started
268.7313 	DATA 	Keypress: rctrl
269.4176 	EXP 	Sound  started
269.4193 	DATA 	Keypress: rctrl
270.1553 	DATA 	Keypress: rctrl
270.1677 	EXP 	Sound  started
270.8913 	DATA 	Keypress: rctrl
270.9177 	EXP 	Sound  started
271.6677 	EXP 	Sound  started
271.6914 	DATA 	Keypress: rctrl
272.3954 	DATA 	Keypress: rctrl
272.4177 	EXP 	Sound  started
273.1474 	DATA 	Keypress: rctrl
273.1677 	EXP 	Sound  started
273.9177 	EXP 	Sound  started
273.9314 	DATA 	Keypress: rctrl
274.6677 	EXP 	Sound  started
274.6833 	DATA 	Keypress: rctrl
275.4178 	EXP 	Sound  started
275.4194 	DATA 	Keypress: rctrl
276.1678 	EXP 	Sound  started
276.2034 	DATA 	Keypress: rctrl
276.9178 	EXP 	Sound  started
276.9554 	DATA 	Keypress: rctrl
277.6678 	EXP 	Sound  started
277.6754 	DATA 	Keypress: rctrl
278.3634 	DATA 	Keypress: rctrl
278.4178 	EXP 	Sound  started
279.1473 	DATA 	Keypress: rctrl
279.1678 	EXP 	Sound  started
279.8994 	DATA 	Keypress: rctrl
279.9178 	EXP 	Sound  started
280.6033 	DATA 	Keypress: rctrl
280.6678 	EXP 	Sound  started
281.4034 	DATA 	Keypress: rctrl
281.4179 	EXP 	Sound  started
282.0913 	DATA 	Keypress: rctrl
282.1679 	EXP 	Sound  started
282.8593 	DATA 	Keypress: rctrl
282.9179 	EXP 	Sound  started
283.5954 	DATA 	Keypress: rctrl
283.6679 	EXP 	Sound  started
284.4179 	EXP 	Sound  started
284.4434 	DATA 	Keypress: rctrl
285.1633 	DATA 	Keypress: rctrl
285.1679 	EXP 	Sound  started
285.8833 	DATA 	Keypress: rctrl
285.9179 	EXP 	Sound  started
286.6034 	DATA 	Keypress: rctrl
286.6680 	EXP 	Sound  started
287.3714 	DATA 	Keypress: rctrl
287.4516 	EXP 	unnamed TextStim: text = ''
287.4516 	EXP 	unnamed TextStim: text = ''
291.3399 	DATA 	Keypress: 2
291.3565 	EXP 	unnamed ShapeStim: vertices = <class 'numpy.ndarray'>
292.8911 	EXP 	unnamed TextStim: text = ''
292.8911 	EXP 	unnamed TextStim: text = ''
296.9279 	DATA 	Keypress: 3
296.9444 	EXP 	unnamed ShapeStim: vertices = <class 'numpy.ndarray'>
298.4790 	EXP 	unnamed TextStim: text = ''
298.4790 	EXP 	unnamed TextStim: text = ''
303.0996 	DATA 	Keypress: 1
303.1161 	EXP 	unnamed ShapeStim: vertices = <class 'numpy.ndarray'>
305.4011 	EXP 	Sound  started
305.6274 	DATA 	Keypress: rctrl
306.1511 	EXP 	Sound  started
306.2353 	DATA 	Keypress: rctrl
306.9011 	EXP 	Sound  started
306.9713 	DATA 	Keypress: rctrl
307.6511 	EXP 	Sound  started
307.6594 	DATA 	Keypress: rctrl
308.4011 	EXP 	Sound  started
308.4433 	DATA 	Keypress: rctrl
309.1473 	DATA 	Keypress: rctrl
309.1511 	EXP 	Sound  started
309.8674 	DATA 	Keypress: rctrl
309.9011 	EXP 	Sound  started
310.6512 	EXP 	Sound  started
310.6513 	DATA 	Keypress: rctrl
311.3713 	DATA 	Keypress: rctrl
311.4012 	EXP 	Sound  started
312.1234 	DATA 	Keypress: rctrl
312.1512 	EXP 	Sound  started
312.8594 	DATA 	Keypress: rctrl
312.9012 	EXP 	Sound  started
313.6512 	EXP 	Sound  started
313.6595 	DATA 	Keypress: rctrl
314.4012 	EXP 	Sound  started
314.4274 	DATA 	Keypress: rctrl
315.1474 	DATA 	Keypress: rctrl
315.1512 	EXP 	Sound  started
315.8993 	DATA 	Keypress: rctrl
315.9012 	EXP 	Sound  started
316.6355 	DATA 	Keypress: rctrl
316.6513 	EXP 	Sound  started
317.3714 	DATA 	Keypress: rctrl
317.4013 	EXP 	Sound  started
318.0914 	DATA 	Keypress: rctrl
318.1513 	EXP 	Sound  started
318.8754 	DATA 	Keypress: rctrl
318.9013 	EXP 	Sound  started
319.6434 	DATA 	Keypress: rctrl
319.6513 	EXP 	Sound  started
320.3633 	DATA 	Keypress: rctrl
320.4013 	EXP 	Sound  started
321.1513 	EXP 	Sound  started
321.2594 	DATA 	Keypress: rctrl
321.8994 	DATA 	Keypress: rctrl
321.9014 	EXP 	Sound  started
322.6194 	DATA 	Keypress: rctrl
322.6514 	EXP 	Sound  started
323.4014 	EXP 	Sound  started
323.4034 	DATA 	Keypress: rctrl
324.1514 	EXP 	Sound  started
324.1714 	DATA 	Keypress: rctrl
324.8753 	DATA 	Keypress: rctrl
324.9014 	EXP 	Sound  started
325.6514 	EXP 	Sound  started
325.6754 	DATA 	Keypress: rctrl
326.3794 	DATA 	Keypress: rctrl
326.4015 	EXP 	Sound  started
327.1515 	EXP 	Sound  started
327.1794 	DATA 	Keypress: rctrl
327.8834 	DATA 	Keypress: rctrl
327.9015 	EXP 	Sound  started
328.6193 	DATA 	Keypress: rctrl
328.6515 	EXP 	Sound  started
329.3713 	DATA 	Keypress: rctrl
329.4015 	EXP 	Sound  started
330.1515 	EXP 	Sound  started
330.1555 	DATA 	Keypress: rctrl
330.8754 	DATA 	Keypress: rctrl
330.9015 	EXP 	Sound  started
331.5153 	DATA 	Keypress: rctrl
331.6516 	EXP 	Sound  started
332.3154 	DATA 	Keypress: rctrl
332.4016 	EXP 	Sound  started
333.1313 	DATA 	Keypress: rctrl
333.1516 	EXP 	Sound  started
333.8513 	DATA 	Keypress: lctrl
333.9016 	EXP 	Sound  started
334.5553 	DATA 	Keypress: lctrl
334.6516 	EXP 	Sound  started
335.3393 	DATA 	Keypress: lctrl
335.4016 	EXP 	Sound  started
336.0753 	DATA 	Keypress: lctrl
336.1516 	EXP 	Sound  started
336.8114 	DATA 	Keypress: lctrl
336.9017 	EXP 	Sound  started
337.5153 	DATA 	Keypress: lctrl
337.6517 	EXP 	Sound  started
338.3314 	DATA 	Keypress: lctrl
338.4017 	EXP 	Sound  started
339.0673 	DATA 	Keypress: lctrl
339.1517 	EXP 	Sound  started
339.8354 	DATA 	Keypress: lctrl
339.9017 	EXP 	Sound  started
340.5553 	DATA 	Keypress: lctrl
340.6517 	EXP 	Sound  started
341.3554 	DATA 	Keypress: lctrl
341.4017 	EXP 	Sound  started
342.1074 	DATA 	Keypress: lctrl
342.1518 	EXP 	Sound  started
342.8274 	DATA 	Keypress: lctrl
342.9018 	EXP 	Sound  started
343.5635 	DATA 	Keypress: lctrl
343.6518 	EXP 	Sound  started
344.2834 	DATA 	Keypress: lctrl
344.4018 	EXP 	Sound  started
345.0193 	DATA 	Keypress: lctrl
345.1518 	EXP 	Sound  started
345.7553 	DATA 	Keypress: lctrl
345.9018 	EXP 	Sound  started
346.5714 	DATA 	Keypress: lctrl
346.6519 	EXP 	Sound  started
347.3713 	DATA 	Keypress: lctrl
347.4019 	EXP 	Sound  started
348.1393 	DATA 	Keypress: lctrl
348.1519 	EXP 	Sound  started
348.8434 	DATA 	Keypress: lctrl
348.9019 	EXP 	Sound  started
349.5793 	DATA 	Keypress: lctrl
349.6519 	EXP 	Sound  started
350.3633 	DATA 	Keypress: lctrl
350.4019 	EXP 	Sound  started
351.1519 	EXP 	Sound  started
351.2273 	DATA 	Keypress: lctrl
351.8993 	DATA 	Keypress: lctrl
351.9020 	EXP 	Sound  started
352.6520 	EXP 	Sound  started
352.6673 	DATA 	Keypress: lctrl
353.4020 	EXP 	Sound  started
353.4353 	DATA 	Keypress: lctrl
354.1073 	DATA 	Keypress: lctrl
354.1520 	EXP 	Sound  started
354.8913 	DATA 	Keypress: lctrl
357.0939 	DATA 	Keypress: 3
357.1104 	EXP 	unnamed ShapeStim: vertices = <class 'numpy.ndarray'>
363.9996 	DATA 	Keypress: 3
364.0160 	EXP 	unnamed ShapeStim: vertices = <class 'numpy.ndarray'>
367.1855 	DATA 	Keypress: 1
367.2020 	EXP 	unnamed ShapeStim: vertices = <class 'numpy.ndarray'>
369.4866 	EXP 	Sound  started
369.6915 	DATA 	Keypress: rctrl
370.2366 	EXP 	Sound  started
370.2673 	DATA 	Keypress: rctrl
370.9866 	EXP 	Sound  started
370.9875 	DATA 	Keypress: rctrl
371.7366 	EXP 	Sound  started
371.7714 	DATA 	Keypress: rctrl
372.4433 	DATA 	Keypress: rctrl
372.4866 	EXP 	Sound  started
373.2366 	EXP 	Sound  started
373.2753 	DATA 	Keypress: rctrl
373.9867 	EXP 	Sound  started
374.0914 	DATA 	Keypress: rctrl
374.7153 	DATA 	Keypress: rctrl
374.7367 	EXP 	Sound  started
375.4514 	DATA 	Keypress: rctrl
375.4867 	EXP 	Sound  started
376.2193 	DATA 	Keypress: rctrl
376.2367 	EXP 	Sound  started
376.9554 	DATA 	Keypress: rctrl
376.9867 	EXP 	Sound  started
377.7073 	DATA 	Keypress: rctrl
377.7367 	EXP 	Sound  started
378.4434 	DATA 	Keypress: rctrl
378.4867 	EXP 	Sound  started
379.2368 	EXP 	Sound  started
379.2753 	DATA 	Keypress: rctrl
379.9868 	EXP 	Sound  started
379.9954 	DATA 	Keypress: rctrl
380.7314 	DATA 	Keypress: rctrl
380.7368 	EXP 	Sound  started
381.4513 	DATA 	Keypress: rctrl
381.4868 	EXP 	Sound  started
382.1874 	DATA 	Keypress: rctrl
382.2368 	EXP 	Sound  started
382.9394 	DATA 	Keypress: rctrl
382.9868 	EXP 	Sound  started
383.7074 	DATA 	Keypress: rctrl
383.7368 	EXP 	Sound  started
384.4433 	DATA 	Keypress: rctrl
384.4869 	EXP 	Sound  started
385.2113 	DATA 	Keypress: rctrl
385.2369 	EXP 	Sound  started
385.9474 	DATA 	Keypress: rctrl
385.9869 	EXP 	Sound  started
386.6834 	DATA 	Keypress: rctrl
386.7369 	EXP 	Sound  started
387.4033 	DATA 	Keypress: rctrl
387.4869 	EXP 	Sound  started
388.1394 	DATA 	Keypress: rctrl
388.2369 	EXP 	Sound  started
388.8753 	DATA 	Keypress: rctrl
388.9869 	EXP 	Sound  started
389.6914 	DATA 	Keypress: rctrl
389.7369 	EXP 	Sound  started
390.4870 	EXP 	Sound  started
390.5074 	DATA 	Keypress: rctrl
391.2114 	DATA 	Keypress: rctrl
391.2370 	EXP 	Sound  started
391.9313 	DATA 	Keypress: rctrl
391.9870 	EXP 	Sound  started
392.7154 	DATA 	Keypress: rctrl
392.7370 	EXP 	Sound  started
393.4870 	EXP 	Sound  started
393.5314 	DATA 	Keypress: rctrl
394.2353 	DATA 	Keypress: rctrl
394.2370 	EXP 	Sound  started
394.9713 	DATA 	Keypress: rctrl
394.9871 	EXP 	Sound  started
395.7073 	DATA 	Keypress: rctrl
395.7371 	EXP 	Sound  started
396.4871 	EXP 	Sound  started
396.4914 	DATA 	Keypress: rctrl
397.2113 	DATA 	Keypress: rctrl
397.2371 	EXP 	Sound  started
397.9634 	DATA 	Keypress: rctrl
397.9871 	EXP 	Sound  started
398.7313 	DATA 	Keypress: rctrl
398.7371 	EXP 	Sound  started
399.4673 	DATA 	Keypress: rctrl
399.4871 	EXP 	Sound  started
400.2034 	DATA 	Keypress: rctrl
400.2372 	EXP 	Sound  started
400.9872 	EXP 	Sound  started
401.0033 	DATA 	Keypress: rctrl
401.7372 	EXP 	Sound  started
401.7714 	DATA 	Keypress: rctrl
402.4754 	DATA 	Keypress: rctrl
402.4872 	EXP 	Sound  started
403.1953 	DATA 	Keypress: rctrl
403.2372 	EXP 	Sound  started
403.9873 	EXP 	Sound  started
403.9954 	DATA 	Keypress: rctrl
404.6834 	DATA 	Keypress: rctrl
404.7373 	EXP 	Sound  started
405.4833 	DATA 	Keypress: rctrl
405.4873 	EXP 	Sound  started
406.2034 	DATA 	Keypress: rctrl
406.2373 	EXP 	Sound  started
406.9395 	DATA 	Keypress: rctrl
406.9873 	EXP 	Sound  started
407.7373 	EXP 	Sound  started
407.7874 	DATA 	Keypress: rctrl
408.4434 	DATA 	Keypress: rctrl
408.4873 	EXP 	Sound  started
409.2274 	DATA 	Keypress: rctrl
409.2373 	EXP 	Sound  started
409.8993 	DATA 	Keypress: rctrl
409.9873 	EXP 	Sound  started
410.7154 	DATA 	Keypress: rctrl
410.7374 	EXP 	Sound  started
411.4513 	DATA 	Keypress: rctrl
411.4874 	EXP 	Sound  started
412.2354 	DATA 	Keypress: rctrl
412.2374 	EXP 	Sound  started
412.9394 	DATA 	Keypress: rctrl
412.9874 	EXP 	Sound  started
413.7234 	DATA 	Keypress: rctrl
413.7374 	EXP 	Sound  started
414.4593 	DATA 	Keypress: rctrl
414.4874 	EXP 	Sound  started
415.2375 	EXP 	Sound  started
415.2434 	DATA 	Keypress: rctrl
415.9634 	DATA 	Keypress: rctrl
415.9875 	EXP 	Sound  started
416.7375 	EXP 	Sound  started
416.7474 	DATA 	Keypress: rctrl
417.4353 	DATA 	Keypress: rctrl
417.4875 	EXP 	Sound  started
418.2375 	EXP 	Sound  started
418.2513 	DATA 	Keypress: rctrl
418.9554 	DATA 	Keypress: rctrl
418.9875 	EXP 	Sound  started
419.7234 	DATA 	Keypress: rctrl
419.7376 	EXP 	Sound  started
420.4273 	DATA 	Keypress: rctrl
420.4876 	EXP 	Sound  started
421.1953 	DATA 	Keypress: rctrl
421.2376 	EXP 	Sound  started
421.9314 	DATA 	Keypress: rctrl
421.9876 	EXP 	Sound  started
422.7376 	EXP 	Sound  started
422.7475 	DATA 	Keypress: rctrl
423.4513 	DATA 	Keypress: rctrl
423.4876 	EXP 	Sound  started
424.2376 	EXP 	Sound  started
424.2674 	DATA 	Keypress: rctrl
424.9713 	DATA 	Keypress: rctrl
424.9876 	EXP 	Sound  started
425.7235 	DATA 	Keypress: rctrl
425.7377 	EXP 	Sound  started
426.4594 	DATA 	Keypress: rctrl
426.4877 	EXP 	Sound  started
427.1954 	DATA 	Keypress: rctrl
427.2377 	EXP 	Sound  started
427.9877 	EXP 	Sound  started
428.0113 	DATA 	Keypress: rctrl
428.6994 	DATA 	Keypress: rctrl
428.7377 	EXP 	Sound  started
429.4513 	DATA 	Keypress: rctrl
429.4877 	EXP 	Sound  started
430.2193 	DATA 	Keypress: rctrl
433.7901 	DATA 	Keypress: 2
433.8066 	EXP 	unnamed ShapeStim: vertices = <class 'numpy.ndarray'>
437.1095 	DATA 	Keypress: 4
437.1260 	EXP 	unnamed ShapeStim: vertices = <class 'numpy.ndarray'>
441.3796 	DATA 	Keypress: 1
441.3962 	EXP 	unnamed ShapeStim: vertices = <class 'numpy.ndarray'>
443.6813 	EXP 	Sound  started
443.8835 	DATA 	Keypress: lctrl
444.4312 	EXP 	Sound  started
444.4433 	DATA 	Keypress: lctrl
445.1154 	DATA 	Keypress: lctrl
445.1812 	EXP 	Sound  started
445.8993 	DATA 	Keypress: lctrl
445.9313 	EXP 	Sound  started
446.6514 	DATA 	Keypress: lctrl
446.6813 	EXP 	Sound  started
447.3874 	DATA 	Keypress: lctrl
447.4313 	EXP 	Sound  started
448.1074 	DATA 	Keypress: lctrl
448.1813 	EXP 	Sound  started
448.8914 	DATA 	Keypress: lctrl
448.9313 	EXP 	Sound  started
449.6754 	DATA 	Keypress: lctrl
449.6813 	EXP 	Sound  started
450.3794 	DATA 	Keypress: lctrl
450.4313 	EXP 	Sound  started
451.1313 	DATA 	Keypress: lctrl
451.1813 	EXP 	Sound  started
451.9314 	EXP 	Sound  started
451.9473 	DATA 	Keypress: lctrl
452.6513 	DATA 	Keypress: lctrl
452.6814 	EXP 	Sound  started
453.3393 	DATA 	Keypress: lctrl
453.4314 	EXP 	Sound  started
454.1714 	DATA 	Keypress: lctrl
454.1814 	EXP 	Sound  started
454.8593 	DATA 	Keypress: lctrl
454.9314 	EXP 	Sound  started
455.5954 	DATA 	Keypress: lctrl
455.6814 	EXP 	Sound  started
456.3473 	DATA 	Keypress: lctrl
456.4314 	EXP 	Sound  started
457.0833 	DATA 	Keypress: lctrl
457.1814 	EXP 	Sound  started
457.8193 	DATA 	Keypress: lctrl
457.9315 	EXP 	Sound  started
458.5553 	DATA 	Keypress: lctrl
458.6815 	EXP 	Sound  started
459.2913 	DATA 	Keypress: lctrl
459.4315 	EXP 	Sound  started
460.0594 	DATA 	Keypress: lctrl
460.1815 	EXP 	Sound  started
460.8113 	DATA 	Keypress: lctrl
460.9315 	EXP 	Sound  started
461.5794 	DATA 	Keypress: lctrl
461.6815 	EXP 	Sound  started
462.2993 	DATA 	Keypress: lctrl
462.4316 	EXP 	Sound  started
463.1634 	DATA 	Keypress: lctrl
463.1816 	EXP 	Sound  started
463.8835 	DATA 	Keypress: lctrl
463.9316 	EXP 	Sound  started
464.6674 	DATA 	Keypress: lctrl
464.6816 	EXP 	Sound  started
465.4316 	EXP 	Sound  started
465.5473 	DATA 	Keypress: lctrl
466.1816 	EXP 	Sound  started
466.2034 	DATA 	Keypress: lctrl
466.9073 	DATA 	Keypress: lctrl
466.9316 	EXP 	Sound  started
467.6596 	DATA 	Keypress: lctrl
467.6817 	EXP 	Sound  started
468.3794 	DATA 	Keypress: lctrl
468.4317 	EXP 	Sound  started
469.1817 	EXP 	Sound  started
469.2594 	DATA 	Keypress: lctrl
469.8675 	DATA 	Keypress: lctrl
469.9317 	EXP 	Sound  started
470.6817 	EXP 	Sound  started
471.4317 	EXP 	Sound  started
471.4514 	DATA 	Keypress: lctrl
472.1233 	DATA 	Keypress: lctrl
472.1817 	EXP 	Sound  started
472.9074 	DATA 	Keypress: lctrl
472.9318 	EXP 	Sound  started
473.6818 	EXP 	Sound  started
473.7074 	DATA 	Keypress: lctrl
474.4318 	EXP 	Sound  started
474.6194 	DATA 	Keypress: lctrl
475.1794 	DATA 	Keypress: lctrl
475.1818 	EXP 	Sound  started
475.8194 	DATA 	Keypress: lctrl
475.9318 	EXP 	Sound  started
476.5553 	DATA 	Keypress: lctrl
476.6818 	EXP 	Sound  started
477.3873 	DATA 	Keypress: rctrl
477.4318 	EXP 	Sound  started
478.1714 	DATA 	Keypress: rctrl
478.1818 	EXP 	Sound  started
478.8594 	DATA 	Keypress: rctrl
478.9319 	EXP 	Sound  started
479.4354 	DATA 	Keypress: rctrl
479.6819 	EXP 	Sound  started
480.0593 	DATA 	Keypress: rctrl
480.4319 	EXP 	Sound  started
481.1153 	DATA 	Keypress: rctrl
481.1819 	EXP 	Sound  started
481.6914 	DATA 	Keypress: rctrl
481.9320 	EXP 	Sound  started
482.6034 	DATA 	Keypress: rctrl
482.6820 	EXP 	Sound  started
483.2434 	DATA 	Keypress: rctrl
483.4320 	EXP 	Sound  started
484.0593 	DATA 	Keypress: rctrl
484.1820 	EXP 	Sound  started
484.7953 	DATA 	Keypress: rctrl
484.9320 	EXP 	Sound  started
485.6113 	DATA 	Keypress: rctrl
485.6820 	EXP 	Sound  started
486.3314 	DATA 	Keypress: rctrl
486.4320 	EXP 	Sound  started
487.1313 	DATA 	Keypress: rctrl
487.1821 	EXP 	Sound  started
487.8513 	DATA 	Keypress: rctrl
487.9321 	EXP 	Sound  started
488.6035 	DATA 	Keypress: rctrl
488.6821 	EXP 	Sound  started
489.4193 	DATA 	Keypress: rctrl
489.4321 	EXP 	Sound  started
490.1553 	DATA 	Keypress: rctrl
490.1821 	EXP 	Sound  started
490.8753 	DATA 	Keypress: rctrl
490.9321 	EXP 	Sound  started
491.6433 	DATA 	Keypress: rctrl
491.6821 	EXP 	Sound  started
492.4274 	DATA 	Keypress: rctrl
492.4321 	EXP 	Sound  started
493.1633 	DATA 	Keypress: rctrl
493.1822 	EXP 	Sound  started
493.8994 	DATA 	Keypress: rctrl
493.9322 	EXP 	Sound  started
494.6674 	DATA 	Keypress: rctrl
494.6822 	EXP 	Sound  started
495.3873 	DATA 	Keypress: rctrl
495.4322 	EXP 	Sound  started
496.1822 	EXP 	Sound  started
496.1874 	DATA 	Keypress: rctrl
496.9235 	DATA 	Keypress: rctrl
496.9322 	EXP 	Sound  started
497.6593 	DATA 	Keypress: rctrl
497.6822 	EXP 	Sound  started
498.3954 	DATA 	Keypress: rctrl
498.4323 	EXP 	Sound  started
499.1823 	EXP 	Sound  started
499.2274 	DATA 	Keypress: rctrl
499.9153 	DATA 	Keypress: rctrl
503.4306 	DATA 	Keypress: 2
503.4471 	EXP 	unnamed ShapeStim: vertices = <class 'numpy.ndarray'>
507.1336 	DATA 	Keypress: 4
507.1501 	EXP 	unnamed ShapeStim: vertices = <class 'numpy.ndarray'>
510.7699 	DATA 	Keypress: 1
510.7864 	EXP 	unnamed ShapeStim: vertices = <class 'numpy.ndarray'>
513.0718 	EXP 	Sound  started
513.2754 	DATA 	Keypress: lctrl
513.8218 	EXP 	Sound  started
513.8354 	DATA 	Keypress: lctrl
514.5713 	DATA 	Keypress: lctrl
514.5718 	EXP 	Sound  started
515.2754 	DATA 	Keypress: lctrl
515.3218 	EXP 	Sound  started
516.0434 	DATA 	Keypress: lctrl
516.0718 	EXP 	Sound  started
516.8218 	EXP 	Sound  started
516.8594 	DATA 	Keypress: lctrl
517.5718 	EXP 	Sound  started
517.5794 	DATA 	Keypress: lctrl
518.2994 	DATA 	Keypress: lctrl
518.3218 	EXP 	Sound  started
519.0513 	DATA 	Keypress: lctrl
519.0718 	EXP 	Sound  started
519.8219 	EXP 	Sound  started
519.8514 	DATA 	Keypress: lctrl
520.5074 	DATA 	Keypress: lctrl
520.5719 	EXP 	Sound  started
521.3073 	DATA 	Keypress: lctrl
521.3219 	EXP 	Sound  started
521.9953 	DATA 	Keypress: lctrl
522.0719 	EXP 	Sound  started
522.7953 	DATA 	Keypress: lctrl
522.8219 	EXP 	Sound  started
523.5474 	DATA 	Keypress: lctrl
523.5719 	EXP 	Sound  started
524.3220 	EXP 	Sound  started
524.3475 	DATA 	Keypress: lctrl
525.0194 	DATA 	Keypress: lctrl
525.0720 	EXP 	Sound  started
525.7713 	DATA 	Keypress: lctrl
525.8220 	EXP 	Sound  started
526.4914 	DATA 	Keypress: lctrl
526.5720 	EXP 	Sound  started
527.2914 	DATA 	Keypress: lctrl
527.3220 	EXP 	Sound  started
527.9794 	DATA 	Keypress: lctrl
528.0720 	EXP 	Sound  started
528.7633 	DATA 	Keypress: lctrl
528.8220 	EXP 	Sound  started
529.5720 	EXP 	Sound  started
529.5794 	DATA 	Keypress: lctrl
530.2193 	DATA 	Keypress: lctrl
530.3220 	EXP 	Sound  started
531.0721 	EXP 	Sound  started
531.0834 	DATA 	Keypress: lctrl
531.8033 	DATA 	Keypress: lctrl
531.8221 	EXP 	Sound  started
532.5393 	DATA 	Keypress: lctrl
532.5721 	EXP 	Sound  started
533.3221 	EXP 	Sound  started
533.3234 	DATA 	Keypress: lctrl
534.0594 	DATA 	Keypress: lctrl
534.0721 	EXP 	Sound  started
534.7954 	DATA 	Keypress: lctrl
534.8221 	EXP 	Sound  started
535.5473 	DATA 	Keypress: lctrl
535.5721 	EXP 	Sound  started
536.3222 	EXP 	Sound  started
536.3314 	DATA 	Keypress: lctrl
537.0514 	DATA 	Keypress: lctrl
537.0722 	EXP 	Sound  started
537.8034 	DATA 	Keypress: lctrl
537.8222 	EXP 	Sound  started
538.5713 	DATA 	Keypress: lctrl
538.5722 	EXP 	Sound  started
539.2914 	DATA 	Keypress: lctrl
539.3222 	EXP 	Sound  started
540.0433 	DATA 	Keypress: lctrl
540.0722 	EXP 	Sound  started
540.7313 	DATA 	Keypress: lctrl
540.8222 	EXP 	Sound  started
541.4994 	DATA 	Keypress: lctrl
541.5723 	EXP 	Sound  started
542.2354 	DATA 	Keypress: lctrl
542.3223 	EXP 	Sound  started
542.9874 	DATA 	Keypress: lctrl
543.0723 	EXP 	Sound  started
543.7713 	DATA 	Keypress: lctrl
543.8223 	EXP 	Sound  started
544.5394 	DATA 	Keypress: lctrl
544.5723 	EXP 	Sound  started
545.2593 	DATA 	Keypress: lctrl
545.3223 	EXP 	Sound  started
546.0434 	DATA 	Keypress: lctrl
546.0723 	EXP 	Sound  started
546.7953 	DATA 	Keypress: lctrl
546.8223 	EXP 	Sound  started
547.5154 	DATA 	Keypress: lctrl
547.5723 	EXP 	Sound  started
548.2833 	DATA 	Keypress: lctrl
548.3223 	EXP 	Sound  started
549.0724 	EXP 	Sound  started
549.0993 	DATA 	Keypress: lctrl
549.8224 	EXP 	Sound  started
549.8353 	DATA 	Keypress: lctrl
550.5393 	DATA 	Keypress: lctrl
550.5724 	EXP 	Sound  started
551.2753 	DATA 	Keypress: lctrl
551.3224 	EXP 	Sound  started
552.0724 	EXP 	Sound  started
552.0914 	DATA 	Keypress: lctrl
552.8224 	EXP 	Sound  started
552.8273 	DATA 	Keypress: lctrl
553.5633 	DATA 	Keypress: lctrl
553.5725 	EXP 	Sound  started
554.3153 	DATA 	Keypress: lctrl
554.3225 	EXP 	Sound  started
555.0033 	DATA 	Keypress: lctrl
555.0725 	EXP 	Sound  started
555.8034 	DATA 	Keypress: lctrl
555.8225 	EXP 	Sound  started
556.5233 	DATA 	Keypress: lctrl
556.5725 	EXP 	Sound  started
557.3225 	EXP 	Sound  started
557.3393 	DATA 	Keypress: lctrl
558.0725 	EXP 	Sound  started
558.0753 	DATA 	Keypress: lctrl
558.7633 	DATA 	Keypress: lctrl
558.8226 	EXP 	Sound  started
559.5314 	DATA 	Keypress: lctrl
559.5726 	EXP 	Sound  started
560.3153 	DATA 	Keypress: lctrl
560.3226 	EXP 	Sound  started
561.0674 	DATA 	Keypress: lctrl
561.0726 	EXP 	Sound  started
561.8033 	DATA 	Keypress: lctrl
561.8226 	EXP 	Sound  started
562.5233 	DATA 	Keypress: lctrl
562.5726 	EXP 	Sound  started
563.3073 	DATA 	Keypress: lctrl
563.3226 	EXP 	Sound  started
564.0726 	EXP 	Sound  started
564.1073 	DATA 	Keypress: lctrl
564.8227 	EXP 	Sound  started
564.8273 	DATA 	Keypress: lctrl
565.5634 	DATA 	Keypress: lctrl
565.5727 	EXP 	Sound  started
566.3227 	EXP 	Sound  started
566.3315 	DATA 	Keypress: lctrl
567.0674 	DATA 	Keypress: lctrl
567.0727 	EXP 	Sound  started
567.8034 	DATA 	Keypress: lctrl
567.8227 	EXP 	Sound  started
568.5074 	DATA 	Keypress: lctrl
568.5727 	EXP 	Sound  started
569.2593 	DATA 	Keypress: lctrl
569.3228 	EXP 	Sound  started
569.9953 	DATA 	Keypress: lctrl
570.0728 	EXP 	Sound  started
570.7953 	DATA 	Keypress: lctrl
570.8228 	EXP 	Sound  started
571.4834 	DATA 	Keypress: lctrl
571.5728 	EXP 	Sound  started
572.2353 	DATA 	Keypress: lctrl
572.3228 	EXP 	Sound  started
572.9874 	DATA 	Keypress: lctrl
573.0728 	EXP 	Sound  started
573.7873 	DATA 	Keypress: lctrl
573.8228 	EXP 	Sound  started
574.5394 	DATA 	Keypress: lctrl
574.5728 	EXP 	Sound  started
575.2753 	DATA 	Keypress: lctrl
575.3229 	EXP 	Sound  started
576.0113 	DATA 	Keypress: lctrl
576.0729 	EXP 	Sound  started
576.7633 	DATA 	Keypress: lctrl
576.8229 	EXP 	Sound  started
577.5474 	DATA 	Keypress: lctrl
577.5729 	EXP 	Sound  started
578.2513 	DATA 	Keypress: lctrl
578.3229 	EXP 	Sound  started
579.0513 	DATA 	Keypress: lctrl
579.0729 	EXP 	Sound  started
579.7714 	DATA 	Keypress: lctrl
579.8229 	EXP 	Sound  started
580.5394 	DATA 	Keypress: lctrl
583.0293 	DATA 	Keypress: 1
583.0457 	EXP 	unnamed ShapeStim: vertices = <class 'numpy.ndarray'>
586.8156 	DATA 	Keypress: 4
586.8321 	EXP 	unnamed ShapeStim: vertices = <class 'numpy.ndarray'>
590.0683 	DATA 	Keypress: 1
590.0848 	EXP 	unnamed ShapeStim: vertices = <class 'numpy.ndarray'>
592.3701 	EXP 	Sound  started
592.4754 	DATA 	Keypress: rctrl
593.0993 	DATA 	Keypress: rctrl
593.1201 	EXP 	Sound  started
593.8674 	DATA 	Keypress: rctrl
593.8701 	EXP 	Sound  started
594.6201 	EXP 	Sound  started
594.6513 	DATA 	Keypress: rctrl
595.3702 	EXP 	Sound  started
595.3874 	DATA 	Keypress: rctrl
596.1202 	EXP 	Sound  started
596.1393 	DATA 	Keypress: rctrl
596.8114 	DATA 	Keypress: rctrl
596.8702 	EXP 	Sound  started
597.5954 	DATA 	Keypress: rctrl
597.6202 	EXP 	Sound  started
598.3702 	EXP 	Sound  started
598.3794 	DATA 	Keypress: rctrl
599.0834 	DATA 	Keypress: rctrl
599.1202 	EXP 	Sound  started
599.8673 	DATA 	Keypress: rctrl
599.8702 	EXP 	Sound  started
600.5553 	DATA 	Keypress: rctrl
600.6203 	EXP 	Sound  started
601.3703 	EXP 	Sound  started
601.3873 	DATA 	Keypress: rctrl
602.1074 	DATA 	Keypress: rctrl
602.1203 	EXP 	Sound  started
602.8273 	DATA 	Keypress: rctrl
602.8703 	EXP 	Sound  started
603.5793 	DATA 	Keypress: rctrl
603.6203 	EXP 	Sound  started
604.3473 	DATA 	Keypress: rctrl
604.3703 	EXP 	Sound  started
605.1153 	DATA 	Keypress: rctrl
605.1203 	EXP 	Sound  started
605.8194 	DATA 	Keypress: rctrl
605.8704 	EXP 	Sound  started
606.6033 	DATA 	Keypress: rctrl
606.6204 	EXP 	Sound  started
607.3234 	DATA 	Keypress: rctrl
607.3704 	EXP 	Sound  started
608.0914 	DATA 	Keypress: rctrl
608.1204 	EXP 	Sound  started
608.8273 	DATA 	Keypress: rctrl
608.8704 	EXP 	Sound  started
609.5474 	DATA 	Keypress: rctrl
609.6204 	EXP 	Sound  started
610.3473 	DATA 	Keypress: rctrl
610.3705 	EXP 	Sound  started
611.0994 	DATA 	Keypress: rctrl
611.1205 	EXP 	Sound  started
611.8674 	DATA 	Keypress: rctrl
611.8705 	EXP 	Sound  started
612.6033 	DATA 	Keypress: rctrl
612.6205 	EXP 	Sound  started
613.3705 	EXP 	Sound  started
613.3713 	DATA 	Keypress: rctrl
614.0754 	DATA 	Keypress: rctrl
614.1205 	EXP 	Sound  started
614.8594 	DATA 	Keypress: rctrl
614.8705 	EXP 	Sound  started
615.6206 	EXP 	Sound  started
615.6274 	DATA 	Keypress: rctrl
616.3706 	EXP 	Sound  started
616.3794 	DATA 	Keypress: rctrl
617.1206 	EXP 	Sound  started
617.1474 	DATA 	Keypress: rctrl
617.8513 	DATA 	Keypress: rctrl
617.8706 	EXP 	Sound  started
618.6034 	DATA 	Keypress: rctrl
618.6206 	EXP 	Sound  started
619.3074 	DATA 	Keypress: rctrl
619.3706 	EXP 	Sound  started
620.1073 	DATA 	Keypress: rctrl
620.1206 	EXP 	Sound  started
620.8707 	EXP 	Sound  started
620.9714 	DATA 	Keypress: rctrl
621.6207 	EXP 	Sound  started
621.6434 	DATA 	Keypress: rctrl
622.3633 	DATA 	Keypress: rctrl
622.3707 	EXP 	Sound  started
623.1154 	DATA 	Keypress: rctrl
623.1207 	EXP 	Sound  started
623.8353 	DATA 	Keypress: rctrl
623.8707 	EXP 	Sound  started
624.6034 	DATA 	Keypress: rctrl
624.6207 	EXP 	Sound  started
625.3394 	DATA 	Keypress: rctrl
625.3707 	EXP 	Sound  started
626.1074 	DATA 	Keypress: rctrl
626.1207 	EXP 	Sound  started
626.8434 	DATA 	Keypress: rctrl
626.8707 	EXP 	Sound  started
627.6114 	DATA 	Keypress: rctrl
627.6208 	EXP 	Sound  started
628.3633 	DATA 	Keypress: rctrl
628.3708 	EXP 	Sound  started
629.0994 	DATA 	Keypress: rctrl
629.1208 	EXP 	Sound  started
629.8515 	DATA 	Keypress: rctrl
629.8708 	EXP 	Sound  started
630.6208 	EXP 	Sound  started
630.6515 	DATA 	Keypress: rctrl
631.3554 	DATA 	Keypress: rctrl
631.3709 	EXP 	Sound  started
632.1209 	EXP 	Sound  started
632.1393 	DATA 	Keypress: rctrl
632.8709 	EXP 	Sound  started
632.9393 	DATA 	Keypress: lctrl
633.6209 	EXP 	Sound  started
633.7073 	DATA 	Keypress: lctrl
634.3709 	EXP 	Sound  started
634.3954 	DATA 	Keypress: lctrl
635.1209 	EXP 	Sound  started
635.1313 	DATA 	Keypress: lctrl
635.8355 	DATA 	Keypress: lctrl
635.8709 	EXP 	Sound  started
636.5873 	DATA 	Keypress: lctrl
636.6210 	EXP 	Sound  started
637.3554 	DATA 	Keypress: lctrl
639.0751 	DATA 	Keypress: 1
639.0917 	EXP 	unnamed ShapeStim: vertices = <class 'numpy.ndarray'>
642.3482 	DATA 	Keypress: 4
642.3777 	EXP 	unnamed ShapeStim: vertices = <class 'numpy.ndarray'>
644.6840 	DATA 	Keypress: 1
644.7134 	EXP 	unnamed ShapeStim: vertices = <class 'numpy.ndarray'>
646.9981 	EXP 	Sound  started
647.2114 	DATA 	Keypress: rctrl
647.7393 	DATA 	Keypress: rctrl
647.7481 	EXP 	Sound  started
648.4753 	DATA 	Keypress: rctrl
648.4981 	EXP 	Sound  started
649.2481 	EXP 	Sound  started
649.2913 	DATA 	Keypress: rctrl
649.9634 	DATA 	Keypress: rctrl
649.9981 	EXP 	Sound  started
650.7154 	DATA 	Keypress: rctrl
650.7481 	EXP 	Sound  started
651.4193 	DATA 	Keypress: rctrl
651.4981 	EXP 	Sound  started
652.2353 	DATA 	Keypress: rctrl
652.2481 	EXP 	Sound  started
652.9982 	EXP 	Sound  started
653.0194 	DATA 	Keypress: rctrl
653.7073 	DATA 	Keypress: rctrl
653.7482 	EXP 	Sound  started
654.4982 	EXP 	Sound  started
654.5393 	DATA 	Keypress: rctrl
655.2113 	DATA 	Keypress: rctrl
655.2482 	EXP 	Sound  started
655.8833 	DATA 	Keypress: rctrl
655.9982 	EXP 	Sound  started
656.6994 	DATA 	Keypress: rctrl
656.7482 	EXP 	Sound  started
657.4982 	EXP 	Sound  started
657.4994 	DATA 	Keypress: rctrl
658.2033 	DATA 	Keypress: rctrl
658.2483 	EXP 	Sound  started
658.9714 	DATA 	Keypress: rctrl
658.9983 	EXP 	Sound  started
659.6753 	DATA 	Keypress: rctrl
659.7483 	EXP 	Sound  started
660.4754 	DATA 	Keypress: rctrl
660.4983 	EXP 	Sound  started
661.1953 	DATA 	Keypress: rctrl
661.2483 	EXP 	Sound  started
661.9983 	EXP 	Sound  started
662.0113 	DATA 	Keypress: rctrl
662.6834 	DATA 	Keypress: rctrl
662.7483 	EXP 	Sound  started
663.4194 	DATA 	Keypress: rctrl
663.4984 	EXP 	Sound  started
664.2484 	EXP 	Sound  started
664.2513 	DATA 	Keypress: rctrl
664.9393 	DATA 	Keypress: rctrl
664.9984 	EXP 	Sound  started
665.7233 	DATA 	Keypress: rctrl
665.7484 	EXP 	Sound  started
666.4593 	DATA 	Keypress: rctrl
666.4984 	EXP 	Sound  started
667.2484 	EXP 	Sound  started
667.2913 	DATA 	Keypress: rctrl
667.9794 	DATA 	Keypress: rctrl
667.9984 	EXP 	Sound  started
668.7314 	DATA 	Keypress: rctrl
668.7484 	EXP 	Sound  started
669.4833 	DATA 	Keypress: rctrl
669.4985 	EXP 	Sound  started
670.1713 	DATA 	Keypress: rctrl
670.2485 	EXP 	Sound  started
670.9985 	EXP 	Sound  started
671.0034 	DATA 	Keypress: rctrl
671.7233 	DATA 	Keypress: rctrl
671.7485 	EXP 	Sound  started
672.4594 	DATA 	Keypress: rctrl
672.4985 	EXP 	Sound  started
673.2434 	DATA 	Keypress: rctrl
673.2485 	EXP 	Sound  started
673.9954 	DATA 	Keypress: rctrl
673.9986 	EXP 	Sound  started
674.7473 	DATA 	Keypress: rctrl
674.7486 	EXP 	Sound  started
675.4986 	EXP 	Sound  started
675.4994 	DATA 	Keypress: rctrl
676.2034 	DATA 	Keypress: rctrl
676.2486 	EXP 	Sound  started
676.9715 	DATA 	Keypress: rctrl
676.9986 	EXP 	Sound  started
677.6914 	DATA 	Keypress: rctrl
677.7486 	EXP 	Sound  started
678.4274 	DATA 	Keypress: rctrl
678.4986 	EXP 	Sound  started
679.1794 	DATA 	Keypress: rctrl
679.2487 	EXP 	Sound  started
679.9154 	DATA 	Keypress: rctrl
679.9987 	EXP 	Sound  started
680.7314 	DATA 	Keypress: rctrl
680.7487 	EXP 	Sound  started
681.4834 	DATA 	Keypress: rctrl
681.4987 	EXP 	Sound  started
682.2194 	DATA 	Keypress: rctrl
682.2487 	EXP 	Sound  started
682.9233 	DATA 	Keypress: rctrl
682.9988 	EXP 	Sound  started
683.7073 	DATA 	Keypress: rctrl
683.7488 	EXP 	Sound  started
684.4754 	DATA 	Keypress: rctrl
684.4988 	EXP 	Sound  started
685.2114 	DATA 	Keypress: rctrl
685.2488 	EXP 	Sound  started
685.9474 	DATA 	Keypress: rctrl
685.9988 	EXP 	Sound  started
686.6994 	DATA 	Keypress: rctrl
686.7488 	EXP 	Sound  started
687.4514 	DATA 	Keypress: rctrl
687.4988 	EXP 	Sound  started
688.2193 	DATA 	Keypress: rctrl
688.2489 	EXP 	Sound  started
688.9394 	DATA 	Keypress: rctrl
688.9989 	EXP 	Sound  started
689.7394 	DATA 	Keypress: rctrl
689.7489 	EXP 	Sound  started
690.4989 	EXP 	Sound  started
690.5554 	DATA 	Keypress: rctrl
691.1953 	DATA 	Keypress: rctrl
691.2489 	EXP 	Sound  started
691.9474 	DATA 	Keypress: rctrl
691.9989 	EXP 	Sound  started
692.6514 	DATA 	Keypress: rctrl
692.7489 	EXP 	Sound  started
693.4674 	DATA 	Keypress: lctrl
693.4989 	EXP 	Sound  started
694.1393 	DATA 	Keypress: lctrl
694.2490 	EXP 	Sound  started
694.9393 	DATA 	Keypress: lctrl
694.9990 	EXP 	Sound  started
695.6274 	DATA 	Keypress: lctrl
695.7490 	EXP 	Sound  started
696.3954 	DATA 	Keypress: lctrl
696.4990 	EXP 	Sound  started
697.1314 	DATA 	Keypress: lctrl
697.2490 	EXP 	Sound  started
697.8994 	DATA 	Keypress: lctrl
697.9990 	EXP 	Sound  started
698.6514 	DATA 	Keypress: lctrl
698.7490 	EXP 	Sound  started
699.4515 	DATA 	Keypress: lctrl
699.4991 	EXP 	Sound  started
700.2194 	DATA 	Keypress: lctrl
700.2491 	EXP 	Sound  started
700.9394 	DATA 	Keypress: lctrl
700.9991 	EXP 	Sound  started
701.6594 	DATA 	Keypress: lctrl
701.7491 	EXP 	Sound  started
702.4273 	DATA 	Keypress: lctrl
702.4991 	EXP 	Sound  started
703.1473 	DATA 	Keypress: lctrl
703.2491 	EXP 	Sound  started
703.8514 	DATA 	Keypress: lctrl
705.7632 	DATA 	Keypress: 1
705.7797 	EXP 	unnamed ShapeStim: vertices = <class 'numpy.ndarray'>
710.0667 	DATA 	Keypress: 4
710.0832 	EXP 	unnamed ShapeStim: vertices = <class 'numpy.ndarray'>
714.1572 	DATA 	Keypress: 1
714.1866 	EXP 	unnamed ShapeStim: vertices = <class 'numpy.ndarray'>
716.4713 	EXP 	Sound  started
716.6355 	DATA 	Keypress: rctrl
717.2213 	EXP 	Sound  started
717.2913 	DATA 	Keypress: rctrl
717.9713 	EXP 	Sound  started
717.9954 	DATA 	Keypress: rctrl
718.7214 	EXP 	Sound  started
718.7473 	DATA 	Keypress: rctrl
719.4714 	EXP 	Sound  started
719.4994 	DATA 	Keypress: rctrl
720.2034 	DATA 	Keypress: rctrl
720.2214 	EXP 	Sound  started
720.9393 	DATA 	Keypress: rctrl
720.9714 	EXP 	Sound  started
721.6754 	DATA 	Keypress: rctrl
721.7214 	EXP 	Sound  started
722.4114 	DATA 	Keypress: rctrl
722.4714 	EXP 	Sound  started
723.1633 	DATA 	Keypress: rctrl
723.2214 	EXP 	Sound  started
723.9314 	DATA 	Keypress: rctrl
723.9714 	EXP 	Sound  started
724.6833 	DATA 	Keypress: rctrl
724.7215 	EXP 	Sound  started
725.4194 	DATA 	Keypress: rctrl
725.4715 	EXP 	Sound  started
726.1553 	DATA 	Keypress: rctrl
726.2215 	EXP 	Sound  started
726.9553 	DATA 	Keypress: rctrl
726.9715 	EXP 	Sound  started
727.7074 	DATA 	Keypress: rctrl
727.7215 	EXP 	Sound  started
728.4274 	DATA 	Keypress: rctrl
728.4715 	EXP 	Sound  started
729.2215 	EXP 	Sound  started
729.2273 	DATA 	Keypress: rctrl
729.9715 	EXP 	Sound  started
729.9954 	DATA 	Keypress: rctrl
730.6513 	DATA 	Keypress: rctrl
730.7216 	EXP 	Sound  started
731.4034 	DATA 	Keypress: rctrl
731.4716 	EXP 	Sound  started
732.1394 	DATA 	Keypress: rctrl
732.2216 	EXP 	Sound  started
732.9714 	DATA 	Keypress: rctrl
732.9716 	EXP 	Sound  started
733.7073 	DATA 	Keypress: rctrl
733.7216 	EXP 	Sound  started
734.4113 	DATA 	Keypress: rctrl
734.4716 	EXP 	Sound  started
735.1474 	DATA 	Keypress: rctrl
735.2217 	EXP 	Sound  started
735.9154 	DATA 	Keypress: rctrl
735.9717 	EXP 	Sound  started
736.6993 	DATA 	Keypress: rctrl
736.7217 	EXP 	Sound  started
737.4674 	DATA 	Keypress: rctrl
737.4717 	EXP 	Sound  started
738.2033 	DATA 	Keypress: rctrl
738.2217 	EXP 	Sound  started
738.9233 	DATA 	Keypress: rctrl
738.9717 	EXP 	Sound  started
739.7073 	DATA 	Keypress: rctrl
739.7218 	EXP 	Sound  started
740.4273 	DATA 	Keypress: rctrl
740.4718 	EXP 	Sound  started
741.2218 	EXP 	Sound  started
741.2594 	DATA 	Keypress: rctrl
741.9718 	EXP 	Sound  started
741.9793 	DATA 	Keypress: rctrl
742.7218 	EXP 	Sound  started
742.7473 	DATA 	Keypress: rctrl
743.4674 	DATA 	Keypress: rctrl
743.4719 	EXP 	Sound  started
744.1873 	DATA 	Keypress: rctrl
744.2219 	EXP 	Sound  started
744.9719 	EXP 	Sound  started
745.0034 	DATA 	Keypress: rctrl
745.7074 	DATA 	Keypress: rctrl
745.7219 	EXP 	Sound  started
746.4273 	DATA 	Keypress: rctrl
746.4719 	EXP 	Sound  started
747.2219 	EXP 	Sound  started
747.2594 	DATA 	Keypress: rctrl
747.9154 	DATA 	Keypress: rctrl
747.9719 	EXP 	Sound  started
748.6514 	DATA 	Keypress: rctrl
748.7219 	EXP 	Sound  started
749.3714 	DATA 	Keypress: rctrl
749.4720 	EXP 	Sound  started
750.1073 	DATA 	Keypress: rctrl
750.2220 	EXP 	Sound  started
750.8594 	DATA 	Keypress: rctrl
750.9720 	EXP 	Sound  started
751.5634 	DATA 	Keypress: rctrl
751.7220 	EXP 	Sound  started
752.3633 	DATA 	Keypress: rctrl
752.4720 	EXP 	Sound  started
753.1314 	DATA 	Keypress: rctrl
753.2220 	EXP 	Sound  started
753.8834 	DATA 	Keypress: rctrl
753.9720 	EXP 	Sound  started
754.6193 	DATA 	Keypress: rctrl
754.7221 	EXP 	Sound  started
755.3874 	DATA 	Keypress: rctrl
755.4721 	EXP 	Sound  started
756.1393 	DATA 	Keypress: rctrl
756.2221 	EXP 	Sound  started
756.8914 	DATA 	Keypress: rctrl
756.9721 	EXP 	Sound  started
757.5314 	DATA 	Keypress: rctrl
757.7221 	EXP 	Sound  started
758.3154 	DATA 	Keypress: rctrl
758.4721 	EXP 	Sound  started
759.1634 	DATA 	Keypress: lctrl
759.2221 	EXP 	Sound  started
759.8993 	DATA 	Keypress: lctrl
759.9721 	EXP 	Sound  started
760.6193 	DATA 	Keypress: lctrl
760.7222 	EXP 	Sound  started
761.4034 	DATA 	Keypress: lctrl
761.4722 	EXP 	Sound  started
762.1873 	DATA 	Keypress: lctrl
765.4955 	DATA 	Keypress: 3
765.5120 	EXP 	unnamed ShapeStim: vertices = <class 'numpy.ndarray'>
769.7657 	DATA 	Keypress: 4
769.7822 	EXP 	unnamed ShapeStim: vertices = <class 'numpy.ndarray'>
772.5889 	DATA 	Keypress: 1
772.6183 	EXP 	unnamed ShapeStim: vertices = <class 'numpy.ndarray'>
774.9025 	EXP 	Sound  started
775.0994 	DATA 	Keypress: rctrl
775.6525 	EXP 	Sound  started
775.6593 	DATA 	Keypress: rctrl
776.3634 	DATA 	Keypress: rctrl
776.4025 	EXP 	Sound  started
777.0833 	DATA 	Keypress: rctrl
777.1525 	EXP 	Sound  started
777.8834 	DATA 	Keypress: rctrl
777.9026 	EXP 	Sound  started
778.5714 	DATA 	Keypress: rctrl
778.6526 	EXP 	Sound  started
779.3233 	DATA 	Keypress: rctrl
779.4026 	EXP 	Sound  started
780.1074 	DATA 	Keypress: rctrl
780.1526 	EXP 	Sound  started
780.8754 	DATA 	Keypress: rctrl
780.9026 	EXP 	Sound  started
781.5955 	DATA 	Keypress: rctrl
781.6526 	EXP 	Sound  started
782.3794 	DATA 	Keypress: rctrl
782.4026 	EXP 	Sound  started
783.1475 	DATA 	Keypress: rctrl
783.1526 	EXP 	Sound  started
783.9027 	EXP 	Sound  started
783.9153 	DATA 	Keypress: rctrl
784.6193 	DATA 	Keypress: rctrl
784.6527 	EXP 	Sound  started
785.3714 	DATA 	Keypress: rctrl
785.4027 	EXP 	Sound  started
786.1527 	EXP 	Sound  started
786.1553 	DATA 	Keypress: rctrl
786.8593 	DATA 	Keypress: rctrl
786.9027 	EXP 	Sound  started
787.5795 	DATA 	Keypress: rctrl
787.6527 	EXP 	Sound  started
788.3153 	DATA 	Keypress: rctrl
788.4027 	EXP 	Sound  started
789.0674 	DATA 	Keypress: rctrl
789.1527 	EXP 	Sound  started
789.7873 	DATA 	Keypress: lctrl
789.9028 	EXP 	Sound  started
790.5394 	DATA 	Keypress: lctrl
790.6528 	EXP 	Sound  started
791.2753 	DATA 	Keypress: lctrl
791.4028 	EXP 	Sound  started
792.0434 	DATA 	Keypress: lctrl
792.1528 	EXP 	Sound  started
792.7634 	DATA 	Keypress: lctrl
792.9028 	EXP 	Sound  started
793.5314 	DATA 	Keypress: lctrl
793.6528 	EXP 	Sound  started
794.2833 	DATA 	Keypress: lctrl
794.4029 	EXP 	Sound  started
795.0673 	DATA 	Keypress: lctrl
795.1529 	EXP 	Sound  started
795.7394 	DATA 	Keypress: lctrl
795.9029 	EXP 	Sound  started
796.5074 	DATA 	Keypress: lctrl
796.6529 	EXP 	Sound  started
797.2434 	DATA 	Keypress: lctrl
797.4029 	EXP 	Sound  started
797.9633 	DATA 	Keypress: lctrl
798.1529 	EXP 	Sound  started
798.7313 	DATA 	Keypress: lctrl
798.9030 	EXP 	Sound  started
799.5315 	DATA 	Keypress: lctrl
799.6530 	EXP 	Sound  started
800.2354 	DATA 	Keypress: lctrl
800.4030 	EXP 	Sound  started
800.9873 	DATA 	Keypress: lctrl
801.1530 	EXP 	Sound  started
801.7233 	DATA 	Keypress: lctrl
801.9030 	EXP 	Sound  started
802.4594 	DATA 	Keypress: lctrl
802.6530 	EXP 	Sound  started
803.1313 	DATA 	Keypress: lctrl
803.4030 	EXP 	Sound  started
803.9953 	DATA 	Keypress: lctrl
804.1531 	EXP 	Sound  started
804.7474 	DATA 	Keypress: lctrl
804.9031 	EXP 	Sound  started
805.4834 	DATA 	Keypress: lctrl
805.6531 	EXP 	Sound  started
806.2033 	DATA 	Keypress: lctrl
806.4031 	EXP 	Sound  started
806.9393 	DATA 	Keypress: lctrl
807.1531 	EXP 	Sound  started
807.7394 	DATA 	Keypress: lctrl
807.9031 	EXP 	Sound  started
808.5074 	DATA 	Keypress: lctrl
808.6531 	EXP 	Sound  started
809.3074 	DATA 	Keypress: lctrl
809.4032 	EXP 	Sound  started
810.1235 	DATA 	Keypress: lctrl
810.1532 	EXP 	Sound  started
810.7793 	DATA 	Keypress: lctrl
810.9032 	EXP 	Sound  started
811.5634 	DATA 	Keypress: lctrl
811.6532 	EXP 	Sound  started
812.3473 	DATA 	Keypress: lctrl
812.4032 	EXP 	Sound  started
813.1155 	DATA 	Keypress: lctrl
813.1532 	EXP 	Sound  started
813.8673 	DATA 	Keypress: lctrl
813.9032 	EXP 	Sound  started
814.6194 	DATA 	Keypress: lctrl
814.6533 	EXP 	Sound  started
815.3394 	DATA 	Keypress: lctrl
815.4033 	EXP 	Sound  started
816.0914 	DATA 	Keypress: lctrl
816.1533 	EXP 	Sound  started
816.8434 	DATA 	Keypress: lctrl
816.9033 	EXP 	Sound  started
817.5473 	DATA 	Keypress: lctrl
817.6533 	EXP 	Sound  started
818.2834 	DATA 	Keypress: lctrl
818.4033 	EXP 	Sound  started
818.9555 	DATA 	Keypress: lctrl
819.1533 	EXP 	Sound  started
819.8674 	DATA 	Keypress: rctrl
819.9033 	EXP 	Sound  started
820.6515 	DATA 	Keypress: rctrl
820.6534 	EXP 	Sound  started
821.3714 	DATA 	Keypress: rctrl
821.4034 	EXP 	Sound  started
822.1394 	DATA 	Keypress: rctrl
822.1534 	EXP 	Sound  started
822.8594 	DATA 	Keypress: rctrl
822.9034 	EXP 	Sound  started
823.5954 	DATA 	Keypress: rctrl
823.6534 	EXP 	Sound  started
824.3954 	DATA 	Keypress: rctrl
824.4034 	EXP 	Sound  started
825.1313 	DATA 	Keypress: rctrl
826.6461 	DATA 	Keypress: 1
826.6627 	EXP 	unnamed ShapeStim: vertices = <class 'numpy.ndarray'>
829.8483 	DATA 	Keypress: 4
829.8648 	EXP 	unnamed ShapeStim: vertices = <class 'numpy.ndarray'>
833.2010 	DATA 	Keypress: 3
833.2176 	EXP 	unnamed ShapeStim: vertices = <class 'numpy.ndarray'>
835.5016 	EXP 	Sound  started
835.7075 	DATA 	Keypress: lctrl
836.2354 	DATA 	Keypress: lctrl
836.2516 	EXP 	Sound  started
836.9554 	DATA 	Keypress: lctrl
837.0016 	EXP 	Sound  started
837.6914 	DATA 	Keypress: lctrl
837.7516 	EXP 	Sound  started
838.4434 	DATA 	Keypress: lctrl
838.5017 	EXP 	Sound  started
839.2274 	DATA 	Keypress: lctrl
839.2517 	EXP 	Sound  started
839.9794 	DATA 	Keypress: lctrl
840.0017 	EXP 	Sound  started
840.7315 	DATA 	Keypress: lctrl
840.7517 	EXP 	Sound  started
841.3874 	DATA 	Keypress: lctrl
841.5017 	EXP 	Sound  started
842.0914 	DATA 	Keypress: lctrl
842.2517 	EXP 	Sound  started
842.9074 	DATA 	Keypress: lctrl
843.0018 	EXP 	Sound  started
843.6113 	DATA 	Keypress: lctrl
843.7518 	EXP 	Sound  started
844.3153 	DATA 	Keypress: lctrl
844.5018 	EXP 	Sound  started
845.0513 	DATA 	Keypress: lctrl
845.2518 	EXP 	Sound  started
845.8674 	DATA 	Keypress: lctrl
846.0019 	EXP 	Sound  started
846.5873 	DATA 	Keypress: lctrl
846.7518 	EXP 	Sound  started
847.4354 	DATA 	Keypress: lctrl
847.5019 	EXP 	Sound  started
848.2513 	DATA 	Keypress: lctrl
848.2519 	EXP 	Sound  started
848.9233 	DATA 	Keypress: lctrl
849.0019 	EXP 	Sound  started
849.6273 	DATA 	Keypress: lctrl
849.7519 	EXP 	Sound  started
850.4274 	DATA 	Keypress: rctrl
850.5019 	EXP 	Sound  started
851.2519 	EXP 	Sound  started
851.2754 	DATA 	Keypress: rctrl
851.9153 	DATA 	Keypress: rctrl
852.0019 	EXP 	Sound  started
852.6353 	DATA 	Keypress: rctrl
852.7520 	EXP 	Sound  started
853.3873 	DATA 	Keypress: rctrl
853.5020 	EXP 	Sound  started
854.1714 	DATA 	Keypress: rctrl
854.2520 	EXP 	Sound  started
854.9554 	DATA 	Keypress: rctrl
855.0020 	EXP 	Sound  started
855.6914 	DATA 	Keypress: rctrl
855.7520 	EXP 	Sound  started
856.4274 	DATA 	Keypress: rctrl
856.5020 	EXP 	Sound  started
857.1794 	DATA 	Keypress: rctrl
857.2521 	EXP 	Sound  started
857.9794 	DATA 	Keypress: rctrl
858.0021 	EXP 	Sound  started
858.6834 	DATA 	Keypress: rctrl
858.7521 	EXP 	Sound  started
859.4193 	DATA 	Keypress: rctrl
859.5021 	EXP 	Sound  started
860.2034 	DATA 	Keypress: rctrl
860.2521 	EXP 	Sound  started
860.9554 	DATA 	Keypress: rctrl
861.0021 	EXP 	Sound  started
861.7394 	DATA 	Keypress: rctrl
861.7521 	EXP 	Sound  started
862.5022 	EXP 	Sound  started
862.5074 	DATA 	Keypress: rctrl
863.2522 	EXP 	Sound  started
863.2594 	DATA 	Keypress: rctrl
863.9474 	DATA 	Keypress: rctrl
864.0022 	EXP 	Sound  started
864.6514 	DATA 	Keypress: rctrl
864.7522 	EXP 	Sound  started
865.4034 	DATA 	Keypress: rctrl
865.5022 	EXP 	Sound  started
866.1554 	DATA 	Keypress: rctrl
866.2522 	EXP 	Sound  started
866.9073 	DATA 	Keypress: rctrl
867.0022 	EXP 	Sound  started
867.6754 	DATA 	Keypress: rctrl
867.7522 	EXP 	Sound  started
868.4754 	DATA 	Keypress: rctrl
868.5023 	EXP 	Sound  started
869.1793 	DATA 	Keypress: rctrl
869.2523 	EXP 	Sound  started
869.9314 	DATA 	Keypress: rctrl
870.0023 	EXP 	Sound  started
870.6834 	DATA 	Keypress: rctrl
870.7523 	EXP 	Sound  started
871.4674 	DATA 	Keypress: rctrl
871.5023 	EXP 	Sound  started
872.1873 	DATA 	Keypress: lctrl
872.2523 	EXP 	Sound  started
872.9393 	DATA 	Keypress: lctrl
873.0023 	EXP 	Sound  started
873.6753 	DATA 	Keypress: rctrl
873.7524 	EXP 	Sound  started
874.4113 	DATA 	Keypress: rctrl
878.4548 	DATA 	Keypress: 3
878.4713 	EXP 	unnamed ShapeStim: vertices = <class 'numpy.ndarray'>
884.7972 	DATA 	Keypress: 4
884.8266 	EXP 	unnamed ShapeStim: vertices = <class 'numpy.ndarray'>
887.3292 	DATA 	Keypress: 1
887.3458 	EXP 	unnamed ShapeStim: vertices = <class 'numpy.ndarray'>
889.6303 	EXP 	Sound  started
889.8994 	DATA 	Keypress: rctrl
890.3793 	DATA 	Keypress: rctrl
890.3803 	EXP 	Sound  started
891.1154 	DATA 	Keypress: rctrl
891.1303 	EXP 	Sound  started
891.8513 	DATA 	Keypress: rctrl
891.8803 	EXP 	Sound  started
892.6303 	EXP 	Sound  started
892.6513 	DATA 	Keypress: rctrl
893.3714 	DATA 	Keypress: rctrl
893.3804 	EXP 	Sound  started
894.0913 	DATA 	Keypress: rctrl
894.1304 	EXP 	Sound  started
894.8754 	DATA 	Keypress: rctrl
894.8804 	EXP 	Sound  started
895.5794 	DATA 	Keypress: rctrl
895.6304 	EXP 	Sound  started
896.2993 	DATA 	Keypress: rctrl
896.3804 	EXP 	Sound  started
897.0834 	DATA 	Keypress: rctrl
897.1304 	EXP 	Sound  started
897.8353 	DATA 	Keypress: rctrl
897.8804 	EXP 	Sound  started
898.5874 	DATA 	Keypress: rctrl
898.6305 	EXP 	Sound  started
899.3805 	EXP 	Sound  started
899.4034 	DATA 	Keypress: rctrl
900.0914 	DATA 	Keypress: rctrl
900.1305 	EXP 	Sound  started
900.7954 	DATA 	Keypress: rctrl
900.8805 	EXP 	Sound  started
901.5634 	DATA 	Keypress: rctrl
901.6305 	EXP 	Sound  started
902.3314 	DATA 	Keypress: rctrl
902.3805 	EXP 	Sound  started
903.0034 	DATA 	Keypress: rctrl
903.1305 	EXP 	Sound  started
903.7553 	DATA 	Keypress: rctrl
903.8805 	EXP 	Sound  started
904.5393 	DATA 	Keypress: rctrl
904.6306 	EXP 	Sound  started
905.3234 	DATA 	Keypress: rctrl
905.3806 	EXP 	Sound  started
906.0594 	DATA 	Keypress: rctrl
906.1306 	EXP 	Sound  started
906.8434 	DATA 	Keypress: rctrl
906.8806 	EXP 	Sound  started
907.5793 	DATA 	Keypress: rctrl
907.6306 	EXP 	Sound  started
908.3474 	DATA 	Keypress: lctrl
908.3806 	EXP 	Sound  started
909.0994 	DATA 	Keypress: lctrl
909.1306 	EXP 	Sound  started
909.8194 	DATA 	Keypress: lctrl
909.8807 	EXP 	Sound  started
910.5553 	DATA 	Keypress: lctrl
910.6307 	EXP 	Sound  started
911.3233 	DATA 	Keypress: lctrl
911.3807 	EXP 	Sound  started
912.0594 	DATA 	Keypress: lctrl
912.1307 	EXP 	Sound  started
912.7954 	DATA 	Keypress: lctrl
912.8807 	EXP 	Sound  started
913.5793 	DATA 	Keypress: lctrl
913.6307 	EXP 	Sound  started
914.3153 	DATA 	Keypress: lctrl
914.3807 	EXP 	Sound  started
915.0354 	DATA 	Keypress: lctrl
915.1307 	EXP 	Sound  started
915.7233 	DATA 	Keypress: lctrl
915.8808 	EXP 	Sound  started
916.4594 	DATA 	Keypress: lctrl
916.6308 	EXP 	Sound  started
917.2273 	DATA 	Keypress: lctrl
917.3808 	EXP 	Sound  started
917.9474 	DATA 	Keypress: lctrl
918.1308 	EXP 	Sound  started
918.7474 	DATA 	Keypress: lctrl
918.8808 	EXP 	Sound  started
919.4994 	DATA 	Keypress: lctrl
919.6309 	EXP 	Sound  started
920.2514 	DATA 	Keypress: lctrl
920.3809 	EXP 	Sound  started
921.0034 	DATA 	Keypress: lctrl
921.1309 	EXP 	Sound  started
921.6755 	DATA 	Keypress: lctrl
921.8809 	EXP 	Sound  started
922.4914 	DATA 	Keypress: lctrl
922.6309 	EXP 	Sound  started
923.2594 	DATA 	Keypress: lctrl
923.3809 	EXP 	Sound  started
924.0435 	DATA 	Keypress: lctrl
924.1309 	EXP 	Sound  started
924.7794 	DATA 	Keypress: lctrl
924.8809 	EXP 	Sound  started
925.5475 	DATA 	Keypress: lctrl
925.6310 	EXP 	Sound  started
926.3794 	DATA 	Keypress: lctrl
926.3810 	EXP 	Sound  started
927.0513 	DATA 	Keypress: lctrl
927.1310 	EXP 	Sound  started
927.7874 	DATA 	Keypress: lctrl
927.8810 	EXP 	Sound  started
928.4754 	DATA 	Keypress: lctrl
928.6310 	EXP 	Sound  started
929.2433 	DATA 	Keypress: lctrl
929.3810 	EXP 	Sound  started
929.9955 	DATA 	Keypress: lctrl
930.1310 	EXP 	Sound  started
930.7794 	DATA 	Keypress: rctrl
930.8811 	EXP 	Sound  started
931.5474 	DATA 	Keypress: rctrl
931.6311 	EXP 	Sound  started
932.3153 	DATA 	Keypress: rctrl
932.3811 	EXP 	Sound  started
933.0994 	DATA 	Keypress: rctrl
933.1311 	EXP 	Sound  started
933.8354 	DATA 	Keypress: rctrl
933.8811 	EXP 	Sound  started
934.6033 	DATA 	Keypress: rctrl
934.6311 	EXP 	Sound  started
935.3714 	DATA 	Keypress: rctrl
935.3811 	EXP 	Sound  started
936.0753 	DATA 	Keypress: rctrl
936.1311 	EXP 	Sound  started
936.8754 	DATA 	Keypress: rctrl
936.8812 	EXP 	Sound  started
937.5794 	DATA 	Keypress: rctrl
937.6312 	EXP 	Sound  started
938.3154 	DATA 	Keypress: lctrl
938.3812 	EXP 	Sound  started
939.0513 	DATA 	Keypress: lctrl
939.1312 	EXP 	Sound  started
939.7875 	DATA 	Keypress: lctrl
939.8812 	EXP 	Sound  started
940.4593 	DATA 	Keypress: lctrl
940.6312 	EXP 	Sound  started
941.1954 	DATA 	Keypress: rctrl
941.3812 	EXP 	Sound  started
941.9473 	DATA 	Keypress: rctrl
942.1312 	EXP 	Sound  started
942.6834 	DATA 	Keypress: rctrl
942.8813 	EXP 	Sound  started
943.4355 	DATA 	Keypress: rctrl
943.6313 	EXP 	Sound  started
944.1874 	DATA 	Keypress: lctrl
944.3813 	EXP 	Sound  started
944.8914 	DATA 	Keypress: lctrl
945.1313 	EXP 	Sound  started
945.5154 	DATA 	Keypress: lctrl
945.8813 	EXP 	Sound  started
946.3154 	DATA 	Keypress: lctrl
946.6313 	EXP 	Sound  started
947.2114 	DATA 	Keypress: rctrl
947.3813 	EXP 	Sound  started
947.9793 	DATA 	Keypress: rctrl
948.1314 	EXP 	Sound  started
948.7474 	DATA 	Keypress: rctrl
950.3976 	DATA 	Keypress: 1
950.4142 	EXP 	unnamed ShapeStim: vertices = <class 'numpy.ndarray'>
953.4042 	DATA 	Keypress: 4
953.4333 	EXP 	unnamed ShapeStim: vertices = <class 'numpy.ndarray'>
956.8191 	DATA 	Keypress: 1
956.8356 	EXP 	unnamed ShapeStim: vertices = <class 'numpy.ndarray'>
961.1382 	DATA 	Keypress: lctrl
1281.8196 	DATA 	Keypress: escape
1281.8971 	EXP 	window1: mouseVisible = True
