16.4152 	WARNING 	User requested fullscreen with size [1024  768], but screen is actually [1920, 1200]. Using actual size
17.2186 	EXP 	Created window1 = Window(allowGUI=False, allowStencil=False, autoLog=True, backendConf=UNKNOWN, bitsMode=UNKNOWN, blendMode='avg', bpc=(8, 8, 8), color=array([0, 0, 0]), colorSpace='rgb', depthBits=8, fullscr=<method-wrapper '__getattribute__' of attributeSetter object at 0x0000026711EE6780>, gamma=None, gammaErrorPolicy='raise', lms=UNKNOWN, monitor=<psychopy.monitors.calibTools.Monitor object at 0x00000267135F5080>, multiSample=False, name='window1', numSamples=2, pos=[0.0, 0.0], screen=0, size=array([1920, 1200]), stencilBits=0, stereo=False, units='norm', useFBO=True, useRetina=False, viewOri=0.0, viewPos=None, viewScale=None, waitBlanking=True, winType='pyglet')
17.2190 	EXP 	window1: mouseVisible = True
17.2190 	EXP 	window1: mouseVisible = False
17.2191 	EXP 	window1: recordFrameIntervals = False
17.3852 	EXP 	window1: recordFrameIntervals = True
17.5687 	EXP 	window1: recordFrameIntervals = False
17.6253 	EXP 	Created text = TextStim(__class__=<class 'psychopy.visual.text.TextStim'>, alignHoriz=method-wrapper(...), alignText='center', alignVert=method-wrapper(...), anchorHoriz='center', anchorVert='center', antialias=True, autoLog=True, bold=False, color=array([1., 1., 1.]), colorSpace='rgb', contrast=1.0, depth=0.0, flipHoriz=False, flipVert=False, font='Arial', fontFiles=[], height=0.15, italic=False, languageStyle='LTR', name='text', opacity=1, ori=0, pos=array([0., 0.]), rgb=UNKNOWN, text='+', units='norm', win=Window(...), wrapWidth=1)
17.6498 	EXP 	Created text = TextStim(__class__=<class 'psychopy.visual.text.TextStim'>, alignHoriz=method-wrapper(...), alignText='center', alignVert=method-wrapper(...), anchorHoriz='center', anchorVert='center', antialias=True, autoLog=True, bold=False, color=array([1., 1., 1.]), colorSpace='rgb', contrast=1.0, depth=0.0, flipHoriz=False, flipVert=False, font='Arial', fontFiles=[], height=0.07, italic=False, languageStyle='LTR', name='text', opacity=1, ori=0, pos=array([0., 0.]), rgb=UNKNOWN, text=str(...), units='norm', win=Window(...), wrapWidth=1.65)
17.6593 	EXP 	Created text = TextStim(__class__=<class 'psychopy.visual.text.TextStim'>, alignHoriz=method-wrapper(...), alignText='center', alignVert=method-wrapper(...), anchorHoriz='center', anchorVert='center', antialias=True, autoLog=True, bold=False, color=array([1., 1., 1.]), colorSpace='rgb', contrast=1.0, depth=0.0, flipHoriz=False, flipVert=False, font='Arial', fontFiles=[], height=0.07, italic=False, languageStyle='LTR', name='text', opacity=1, ori=0, pos=array([0., 0.]), rgb=UNKNOWN, text=str(...), units='norm', win=Window(...), wrapWidth=1.65)
17.6684 	EXP 	Created text = TextStim(__class__=<class 'psychopy.visual.text.TextStim'>, alignHoriz=method-wrapper(...), alignText='center', alignVert=method-wrapper(...), anchorHoriz='center', anchorVert='center', antialias=True, autoLog=True, bold=False, color=array([1., 1., 1.]), colorSpace='rgb', contrast=1.0, depth=0.0, flipHoriz=False, flipVert=False, font='Arial', fontFiles=[], height=0.07, italic=False, languageStyle='LTR', name='text', opacity=1, ori=0, pos=array([0., 0.]), rgb=UNKNOWN, text=str(...), units='norm', win=Window(...), wrapWidth=1.65)
17.6788 	EXP 	Created text = TextStim(__class__=<class 'psychopy.visual.text.TextStim'>, alignHoriz=method-wrapper(...), alignText='center', alignVert=method-wrapper(...), anchorHoriz='center', anchorVert='center', antialias=True, autoLog=True, bold=False, color=array([1., 1., 1.]), colorSpace='rgb', contrast=1.0, depth=0.0, flipHoriz=False, flipVert=False, font='Arial', fontFiles=[], height=0.07, italic=False, languageStyle='LTR', name='text', opacity=1, ori=0, pos=array([0., 0.]), rgb=UNKNOWN, text=str(...), units='norm', win=Window(...), wrapWidth=1.65)
17.6844 	EXP 	Created text = TextStim(__class__=<class 'psychopy.visual.text.TextStim'>, alignHoriz=method-wrapper(...), alignText='center', alignVert=method-wrapper(...), anchorHoriz='center', anchorVert='center', antialias=True, autoLog=True, bold=False, color=array([1., 1., 1.]), colorSpace='rgb', contrast=1.0, depth=0.0, flipHoriz=False, flipVert=False, font='Arial', fontFiles=[], height=0.07, italic=False, languageStyle='LTR', name='text', opacity=1, ori=0, pos=array([0., 0.]), rgb=UNKNOWN, text=str(...), units='norm', win=Window(...), wrapWidth=1.65)
17.6988 	EXP 	Created text = TextStim(__class__=<class 'psychopy.visual.text.TextStim'>, alignHoriz=method-wrapper(...), alignText='center', alignVert=method-wrapper(...), anchorHoriz='center', anchorVert='center', antialias=True, autoLog=True, bold=False, color=array([1., 1., 1.]), colorSpace='rgb', contrast=1.0, depth=0.0, flipHoriz=False, flipVert=False, font='Arial', fontFiles=[], height=0.15, italic=False, languageStyle='LTR', name='text', opacity=1, ori=0, pos=array([0., 0.]), rgb=UNKNOWN, text=str(...), units='norm', win=Window(...), wrapWidth=1.65)
17.7277 	EXP 	Created text = TextStim(__class__=<class 'psychopy.visual.text.TextStim'>, alignHoriz=method-wrapper(...), alignText='center', alignVert=method-wrapper(...), anchorHoriz='center', anchorVert='center', antialias=True, autoLog=True, bold=False, color=array([1., 1., 1.]), colorSpace='rgb', contrast=1.0, depth=0.0, flipHoriz=False, flipVert=False, font='Arial', fontFiles=[], height=0.07, italic=False, languageStyle='LTR', name='text', opacity=1, ori=0, pos=array([0., 0.]), rgb=UNKNOWN, text=str(...), units='norm', win=Window(...), wrapWidth=1.65)
17.7486 	EXP 	Created text = TextStim(__class__=<class 'psychopy.visual.text.TextStim'>, alignHoriz=method-wrapper(...), alignText='center', alignVert=method-wrapper(...), anchorHoriz='center', anchorVert='center', antialias=True, autoLog=True, bold=False, color=array([1., 1., 1.]), colorSpace='rgb', contrast=1.0, depth=0.0, flipHoriz=False, flipVert=False, font='Arial', fontFiles=[], height=0.07, italic=False, languageStyle='LTR', name='text', opacity=1, ori=0, pos=array([0., 0.]), rgb=UNKNOWN, text=str(...), units='norm', win=Window(...), wrapWidth=1.65)
17.7796 	EXP 	Created text = TextStim(__class__=<class 'psychopy.visual.text.TextStim'>, alignHoriz=method-wrapper(...), alignText='center', alignVert=method-wrapper(...), anchorHoriz='center', anchorVert='center', antialias=True, autoLog=True, bold=False, color=array([1., 1., 1.]), colorSpace='rgb', contrast=1.0, depth=0.0, flipHoriz=False, flipVert=False, font='Arial', fontFiles=[], height=0.07, italic=False, languageStyle='LTR', name='text', opacity=1, ori=0, pos=array([0., 0.]), rgb=UNKNOWN, text=str(...), units='norm', win=Window(...), wrapWidth=1.65)
17.8035 	EXP 	Created text = TextStim(__class__=<class 'psychopy.visual.text.TextStim'>, alignHoriz=method-wrapper(...), alignText='center', alignVert=method-wrapper(...), anchorHoriz='center', anchorVert='center', antialias=True, autoLog=True, bold=False, color=array([1., 1., 1.]), colorSpace='rgb', contrast=1.0, depth=0.0, flipHoriz=False, flipVert=False, font='Arial', fontFiles=[], height=0.07, italic=False, languageStyle='LTR', name='text', opacity=1, ori=0, pos=array([0., 0.]), rgb=UNKNOWN, text=str(...), units='norm', win=Window(...), wrapWidth=1.65)
17.8351 	EXP 	Created text = TextStim(__class__=<class 'psychopy.visual.text.TextStim'>, alignHoriz=method-wrapper(...), alignText='center', alignVert=method-wrapper(...), anchorHoriz='center', anchorVert='center', antialias=True, autoLog=True, bold=False, color=array([1., 1., 1.]), colorSpace='rgb', contrast=1.0, depth=0.0, flipHoriz=False, flipVert=False, font='Arial', fontFiles=[], height=0.07, italic=False, languageStyle='LTR', name='text', opacity=1, ori=0, pos=array([0., 0.]), rgb=UNKNOWN, text=str(...), units='norm', win=Window(...), wrapWidth=1.65)
17.8468 	EXP 	Created text = TextStim(__class__=<class 'psychopy.visual.text.TextStim'>, alignHoriz=method-wrapper(...), alignText='center', alignVert=method-wrapper(...), anchorHoriz='center', anchorVert='center', antialias=True, autoLog=True, bold=False, color=array([1., 1., 1.]), colorSpace='rgb', contrast=1.0, depth=0.0, flipHoriz=False, flipVert=False, font='Arial', fontFiles=[], height=0.07, italic=False, languageStyle='LTR', name='text', opacity=1, ori=0, pos=array([0., 0.]), rgb=UNKNOWN, text=str(...), units='norm', win=Window(...), wrapWidth=1.65)
17.8603 	EXP 	Created text = TextStim(__class__=<class 'psychopy.visual.text.TextStim'>, alignHoriz=method-wrapper(...), alignText='center', alignVert=method-wrapper(...), anchorHoriz='center', anchorVert='center', antialias=True, autoLog=True, bold=False, color=array([1., 1., 1.]), colorSpace='rgb', contrast=1.0, depth=0.0, flipHoriz=False, flipVert=False, font='Arial', fontFiles=[], height=0.07, italic=False, languageStyle='LTR', name='text', opacity=1, ori=0, pos=array([0., 0.]), rgb=UNKNOWN, text=str(...), units='norm', win=Window(...), wrapWidth=1.65)
17.8651 	EXP 	Created instru = TextStim(__class__=<class 'psychopy.visual.text.TextStim'>, alignHoriz=method-wrapper(...), alignText='center', alignVert=method-wrapper(...), anchorHoriz='center', anchorVert='center', antialias=True, autoLog=True, bold=False, color=array([1., 1., 1.]), colorSpace='rgb', contrast=1.0, depth=0.0, flipHoriz=False, flipVert=False, font='Arial', fontFiles=[], height=0.07, italic=False, languageStyle='LTR', name='instru', opacity=1, ori=0, pos=array([0. , 0.5]), rgb=UNKNOWN, text=str(...), units='norm', win=Window(...), wrapWidth=1)
17.8679 	EXP 	Created unnamed Line = Line(__class__=<class 'psychopy.visual.line.Line'>, autoDraw=False, autoLog=True, closeShape=False, color=array([1., 1., 1.]), colorSpace='rgb', contrast=None, depth=0, fillColor=array([0, 0, 0]), fillColorSpace='rgb', fillRGB=array([0, 0, 0]), interpolate=True, lineColor=array([1., 1., 1.]), lineColorSpace='rgb', lineRGB=array([1, 1, 1]), lineWidth=5, name='unnamed Line', opacity=0.5, ori=0.0, pos=array([0., 0.]), size=array([1., 1.]), units='norm', vertices=array([[-0.5,  0. ],
       [ 0.5,  0. ]]), win=Window(...), windingRule=None)
17.8701 	EXP 	Created unnamed Line = Line(__class__=<class 'psychopy.visual.line.Line'>, autoDraw=False, autoLog=True, closeShape=False, color=array([1., 1., 1.]), colorSpace='rgb', contrast=None, depth=0, fillColor=array([0, 0, 0]), fillColorSpace='rgb', fillRGB=array([0, 0, 0]), interpolate=True, lineColor=array([1., 1., 1.]), lineColorSpace='rgb', lineRGB=array([1, 1, 1]), lineWidth=3, name='unnamed Line', opacity=0.5, ori=0.0, pos=array([0., 0.]), size=array([1., 1.]), units='norm', vertices=array([[-0.5 , -0.05],
       [-0.5 ,  0.05]]), win=Window(...), windingRule=None)
17.8723 	EXP 	Created unnamed Line = Line(__class__=<class 'psychopy.visual.line.Line'>, autoDraw=False, autoLog=True, closeShape=False, color=array([1., 1., 1.]), colorSpace='rgb', contrast=None, depth=0, fillColor=array([0, 0, 0]), fillColorSpace='rgb', fillRGB=array([0, 0, 0]), interpolate=True, lineColor=array([1., 1., 1.]), lineColorSpace='rgb', lineRGB=array([1, 1, 1]), lineWidth=3, name='unnamed Line', opacity=0.5, ori=0.0, pos=array([0., 0.]), size=array([1., 1.]), units='norm', vertices=ndarray(...), win=Window(...), windingRule=None)
17.8743 	EXP 	Created unnamed Line = Line(__class__=<class 'psychopy.visual.line.Line'>, autoDraw=False, autoLog=True, closeShape=False, color=array([1., 1., 1.]), colorSpace='rgb', contrast=None, depth=0, fillColor=array([0, 0, 0]), fillColorSpace='rgb', fillRGB=array([0, 0, 0]), interpolate=True, lineColor=array([1., 1., 1.]), lineColorSpace='rgb', lineRGB=array([1, 1, 1]), lineWidth=3, name='unnamed Line', opacity=0.5, ori=0.0, pos=array([0., 0.]), size=array([1., 1.]), units='norm', vertices=ndarray(...), win=Window(...), windingRule=None)
17.8763 	EXP 	Created unnamed Line = Line(__class__=<class 'psychopy.visual.line.Line'>, autoDraw=False, autoLog=True, closeShape=False, color=array([1., 1., 1.]), colorSpace='rgb', contrast=None, depth=0, fillColor=array([0, 0, 0]), fillColorSpace='rgb', fillRGB=array([0, 0, 0]), interpolate=True, lineColor=array([1., 1., 1.]), lineColorSpace='rgb', lineRGB=array([1, 1, 1]), lineWidth=3, name='unnamed Line', opacity=0.5, ori=0.0, pos=array([0., 0.]), size=array([1., 1.]), units='norm', vertices=array([[ 0.5 , -0.05],
       [ 0.5 ,  0.05]]), win=Window(...), windingRule=None)
17.8882 	EXP 	Created unnamed TextStim = TextStim(__class__=<class 'psychopy.visual.text.TextStim'>, alignHoriz=method-wrapper(...), alignText='center', alignVert=method-wrapper(...), anchorHoriz='center', anchorVert='center', antialias=True, autoLog=True, bold=False, color=array([1., 1., 1.]), colorSpace='rgb', contrast=1.0, depth=0, flipHoriz=False, flipVert=False, font='', fontFiles=[], height=0.05, italic=False, languageStyle='LTR', name='unnamed TextStim', opacity=1.0, ori=0.0, pos=array([-0.5, -0.1]), rgb=UNKNOWN, text='Helt klart \n IKKE FOKUSERT', units='norm', win=Window(...), wrapWidth=1)
17.8893 	EXP 	Created unnamed TextStim = TextStim(__class__=<class 'psychopy.visual.text.TextStim'>, alignHoriz=method-wrapper(...), alignText='center', alignVert=method-wrapper(...), anchorHoriz='center', anchorVert='center', antialias=True, autoLog=True, bold=False, color=array([1., 1., 1.]), colorSpace='rgb', contrast=1.0, depth=0, flipHoriz=False, flipVert=False, font='', fontFiles=[], height=0.05, italic=False, languageStyle='LTR', name='unnamed TextStim', opacity=1.0, ori=0.0, pos=array([-0.16666667, -0.1       ]), rgb=UNKNOWN, text='', units='norm', win=Window(...), wrapWidth=1)
17.8903 	EXP 	Created unnamed TextStim = TextStim(__class__=<class 'psychopy.visual.text.TextStim'>, alignHoriz=method-wrapper(...), alignText='center', alignVert=method-wrapper(...), anchorHoriz='center', anchorVert='center', antialias=True, autoLog=True, bold=False, color=array([1., 1., 1.]), colorSpace='rgb', contrast=1.0, depth=0, flipHoriz=False, flipVert=False, font='', fontFiles=[], height=0.05, italic=False, languageStyle='LTR', name='unnamed TextStim', opacity=1.0, ori=0.0, pos=array([ 0.16666667, -0.1       ]), rgb=UNKNOWN, text='', units='norm', win=Window(...), wrapWidth=1)
17.8936 	EXP 	Created unnamed TextStim = TextStim(__class__=<class 'psychopy.visual.text.TextStim'>, alignHoriz=method-wrapper(...), alignText='center', alignVert=method-wrapper(...), anchorHoriz='center', anchorVert='center', antialias=True, autoLog=True, bold=False, color=array([1., 1., 1.]), colorSpace='rgb', contrast=1.0, depth=0, flipHoriz=False, flipVert=False, font='', fontFiles=[], height=0.05, italic=False, languageStyle='LTR', name='unnamed TextStim', opacity=1.0, ori=0.0, pos=array([ 0.5, -0.1]), rgb=UNKNOWN, text='Helt klart \n FOKUSERT', units='norm', win=Window(...), wrapWidth=1)
17.8957 	EXP 	Created unnamed ShapeStim = ShapeStim(__class__=<class 'psychopy.visual.shape.ShapeStim'>, autoDraw=False, autoLog=True, closeShape=True, color=method-wrapper(...), colorSpace='rgb', contrast=None, depth=0, fillColor=array([1, 1, 1]), fillColorSpace='rgb', fillRGB=array([1, 1, 1]), interpolate=True, lineColor=array([-1., -1., -1.]), lineColorSpace='rgb', lineRGB=array([-1, -1, -1]), lineWidth=1.5, name='unnamed ShapeStim', opacity=1.0, ori=0.0, pos=array([0., 0.]), size=array([1., 1.]), units='norm', vertices=ndarray(...), win=Window(...), windingRule=None)
17.9032 	EXP 	Created instru = TextStim(__class__=<class 'psychopy.visual.text.TextStim'>, alignHoriz=method-wrapper(...), alignText='center', alignVert=method-wrapper(...), anchorHoriz='center', anchorVert='center', antialias=True, autoLog=True, bold=False, color=array([1., 1., 1.]), colorSpace='rgb', contrast=1.0, depth=0.0, flipHoriz=False, flipVert=False, font='Arial', fontFiles=[], height=0.07, italic=False, languageStyle='LTR', name='instru', opacity=1, ori=0, pos=array([0. , 0.5]), rgb=UNKNOWN, text=str(...), units='norm', win=Window(...), wrapWidth=1)
17.9053 	EXP 	Created unnamed Line = Line(__class__=<class 'psychopy.visual.line.Line'>, autoDraw=False, autoLog=True, closeShape=False, color=array([1., 1., 1.]), colorSpace='rgb', contrast=None, depth=0, fillColor=array([0, 0, 0]), fillColorSpace='rgb', fillRGB=array([0, 0, 0]), interpolate=True, lineColor=array([1., 1., 1.]), lineColorSpace='rgb', lineRGB=array([1, 1, 1]), lineWidth=5, name='unnamed Line', opacity=0.5, ori=0.0, pos=array([0., 0.]), size=array([1., 1.]), units='norm', vertices=array([[-0.5,  0. ],
       [ 0.5,  0. ]]), win=Window(...), windingRule=None)
17.9073 	EXP 	Created unnamed Line = Line(__class__=<class 'psychopy.visual.line.Line'>, autoDraw=False, autoLog=True, closeShape=False, color=array([1., 1., 1.]), colorSpace='rgb', contrast=None, depth=0, fillColor=array([0, 0, 0]), fillColorSpace='rgb', fillRGB=array([0, 0, 0]), interpolate=True, lineColor=array([1., 1., 1.]), lineColorSpace='rgb', lineRGB=array([1, 1, 1]), lineWidth=3, name='unnamed Line', opacity=0.5, ori=0.0, pos=array([0., 0.]), size=array([1., 1.]), units='norm', vertices=array([[-0.5 , -0.05],
       [-0.5 ,  0.05]]), win=Window(...), windingRule=None)
17.9093 	EXP 	Created unnamed Line = Line(__class__=<class 'psychopy.visual.line.Line'>, autoDraw=False, autoLog=True, closeShape=False, color=array([1., 1., 1.]), colorSpace='rgb', contrast=None, depth=0, fillColor=array([0, 0, 0]), fillColorSpace='rgb', fillRGB=array([0, 0, 0]), interpolate=True, lineColor=array([1., 1., 1.]), lineColorSpace='rgb', lineRGB=array([1, 1, 1]), lineWidth=3, name='unnamed Line', opacity=0.5, ori=0.0, pos=array([0., 0.]), size=array([1., 1.]), units='norm', vertices=ndarray(...), win=Window(...), windingRule=None)
17.9113 	EXP 	Created unnamed Line = Line(__class__=<class 'psychopy.visual.line.Line'>, autoDraw=False, autoLog=True, closeShape=False, color=array([1., 1., 1.]), colorSpace='rgb', contrast=None, depth=0, fillColor=array([0, 0, 0]), fillColorSpace='rgb', fillRGB=array([0, 0, 0]), interpolate=True, lineColor=array([1., 1., 1.]), lineColorSpace='rgb', lineRGB=array([1, 1, 1]), lineWidth=3, name='unnamed Line', opacity=0.5, ori=0.0, pos=array([0., 0.]), size=array([1., 1.]), units='norm', vertices=ndarray(...), win=Window(...), windingRule=None)
17.9133 	EXP 	Created unnamed Line = Line(__class__=<class 'psychopy.visual.line.Line'>, autoDraw=False, autoLog=True, closeShape=False, color=array([1., 1., 1.]), colorSpace='rgb', contrast=None, depth=0, fillColor=array([0, 0, 0]), fillColorSpace='rgb', fillRGB=array([0, 0, 0]), interpolate=True, lineColor=array([1., 1., 1.]), lineColorSpace='rgb', lineRGB=array([1, 1, 1]), lineWidth=3, name='unnamed Line', opacity=0.5, ori=0.0, pos=array([0., 0.]), size=array([1., 1.]), units='norm', vertices=array([[ 0.5 , -0.05],
       [ 0.5 ,  0.05]]), win=Window(...), windingRule=None)
17.9189 	EXP 	Created unnamed TextStim = TextStim(__class__=<class 'psychopy.visual.text.TextStim'>, alignHoriz=method-wrapper(...), alignText='center', alignVert=method-wrapper(...), anchorHoriz='center', anchorVert='center', antialias=True, autoLog=True, bold=False, color=array([1., 1., 1.]), colorSpace='rgb', contrast=1.0, depth=0, flipHoriz=False, flipVert=False, font='', fontFiles=[], height=0.05, italic=False, languageStyle='LTR', name='unnamed TextStim', opacity=1.0, ori=0.0, pos=array([-0.5, -0.1]), rgb=UNKNOWN, text='Helt klart \n INGENTING', units='norm', win=Window(...), wrapWidth=1)
17.9200 	EXP 	Created unnamed TextStim = TextStim(__class__=<class 'psychopy.visual.text.TextStim'>, alignHoriz=method-wrapper(...), alignText='center', alignVert=method-wrapper(...), anchorHoriz='center', anchorVert='center', antialias=True, autoLog=True, bold=False, color=array([1., 1., 1.]), colorSpace='rgb', contrast=1.0, depth=0, flipHoriz=False, flipVert=False, font='', fontFiles=[], height=0.05, italic=False, languageStyle='LTR', name='unnamed TextStim', opacity=1.0, ori=0.0, pos=array([-0.16666667, -0.1       ]), rgb=UNKNOWN, text='', units='norm', win=Window(...), wrapWidth=1)
17.9210 	EXP 	Created unnamed TextStim = TextStim(__class__=<class 'psychopy.visual.text.TextStim'>, alignHoriz=method-wrapper(...), alignText='center', alignVert=method-wrapper(...), anchorHoriz='center', anchorVert='center', antialias=True, autoLog=True, bold=False, color=array([1., 1., 1.]), colorSpace='rgb', contrast=1.0, depth=0, flipHoriz=False, flipVert=False, font='', fontFiles=[], height=0.05, italic=False, languageStyle='LTR', name='unnamed TextStim', opacity=1.0, ori=0.0, pos=array([ 0.16666667, -0.1       ]), rgb=UNKNOWN, text='', units='norm', win=Window(...), wrapWidth=1)
17.9245 	EXP 	Created unnamed TextStim = TextStim(__class__=<class 'psychopy.visual.text.TextStim'>, alignHoriz=method-wrapper(...), alignText='center', alignVert=method-wrapper(...), anchorHoriz='center', anchorVert='center', antialias=True, autoLog=True, bold=False, color=array([1., 1., 1.]), colorSpace='rgb', contrast=1.0, depth=0, flipHoriz=False, flipVert=False, font='', fontFiles=[], height=0.05, italic=False, languageStyle='LTR', name='unnamed TextStim', opacity=1.0, ori=0.0, pos=array([ 0.5, -0.1]), rgb=UNKNOWN, text='Helt klart \n NOE', units='norm', win=Window(...), wrapWidth=1)
17.9264 	EXP 	Created unnamed ShapeStim = ShapeStim(__class__=<class 'psychopy.visual.shape.ShapeStim'>, autoDraw=False, autoLog=True, closeShape=True, color=method-wrapper(...), colorSpace='rgb', contrast=None, depth=0, fillColor=array([1, 1, 1]), fillColorSpace='rgb', fillRGB=array([1, 1, 1]), interpolate=True, lineColor=array([-1., -1., -1.]), lineColorSpace='rgb', lineRGB=array([-1, -1, -1]), lineWidth=1.5, name='unnamed ShapeStim', opacity=1.0, ori=0.0, pos=array([0., 0.]), size=array([1., 1.]), units='norm', vertices=ndarray(...), win=Window(...), windingRule=None)
17.9340 	EXP 	Created instru = TextStim(__class__=<class 'psychopy.visual.text.TextStim'>, alignHoriz=method-wrapper(...), alignText='center', alignVert=method-wrapper(...), anchorHoriz='center', anchorVert='center', antialias=True, autoLog=True, bold=False, color=array([1., 1., 1.]), colorSpace='rgb', contrast=1.0, depth=0.0, flipHoriz=False, flipVert=False, font='Arial', fontFiles=[], height=0.07, italic=False, languageStyle='LTR', name='instru', opacity=1, ori=0, pos=array([0. , 0.5]), rgb=UNKNOWN, text=str(...), units='norm', win=Window(...), wrapWidth=1)
17.9360 	EXP 	Created unnamed Line = Line(__class__=<class 'psychopy.visual.line.Line'>, autoDraw=False, autoLog=True, closeShape=False, color=array([1., 1., 1.]), colorSpace='rgb', contrast=None, depth=0, fillColor=array([0, 0, 0]), fillColorSpace='rgb', fillRGB=array([0, 0, 0]), interpolate=True, lineColor=array([1., 1., 1.]), lineColorSpace='rgb', lineRGB=array([1, 1, 1]), lineWidth=5, name='unnamed Line', opacity=0.5, ori=0.0, pos=array([0., 0.]), size=array([1., 1.]), units='norm', vertices=array([[-0.5,  0. ],
       [ 0.5,  0. ]]), win=Window(...), windingRule=None)
17.9381 	EXP 	Created unnamed Line = Line(__class__=<class 'psychopy.visual.line.Line'>, autoDraw=False, autoLog=True, closeShape=False, color=array([1., 1., 1.]), colorSpace='rgb', contrast=None, depth=0, fillColor=array([0, 0, 0]), fillColorSpace='rgb', fillRGB=array([0, 0, 0]), interpolate=True, lineColor=array([1., 1., 1.]), lineColorSpace='rgb', lineRGB=array([1, 1, 1]), lineWidth=3, name='unnamed Line', opacity=0.5, ori=0.0, pos=array([0., 0.]), size=array([1., 1.]), units='norm', vertices=array([[-0.5 , -0.05],
       [-0.5 ,  0.05]]), win=Window(...), windingRule=None)
17.9401 	EXP 	Created unnamed Line = Line(__class__=<class 'psychopy.visual.line.Line'>, autoDraw=False, autoLog=True, closeShape=False, color=array([1., 1., 1.]), colorSpace='rgb', contrast=None, depth=0, fillColor=array([0, 0, 0]), fillColorSpace='rgb', fillRGB=array([0, 0, 0]), interpolate=True, lineColor=array([1., 1., 1.]), lineColorSpace='rgb', lineRGB=array([1, 1, 1]), lineWidth=3, name='unnamed Line', opacity=0.5, ori=0.0, pos=array([0., 0.]), size=array([1., 1.]), units='norm', vertices=ndarray(...), win=Window(...), windingRule=None)
17.9421 	EXP 	Created unnamed Line = Line(__class__=<class 'psychopy.visual.line.Line'>, autoDraw=False, autoLog=True, closeShape=False, color=array([1., 1., 1.]), colorSpace='rgb', contrast=None, depth=0, fillColor=array([0, 0, 0]), fillColorSpace='rgb', fillRGB=array([0, 0, 0]), interpolate=True, lineColor=array([1., 1., 1.]), lineColorSpace='rgb', lineRGB=array([1, 1, 1]), lineWidth=3, name='unnamed Line', opacity=0.5, ori=0.0, pos=array([0., 0.]), size=array([1., 1.]), units='norm', vertices=ndarray(...), win=Window(...), windingRule=None)
17.9441 	EXP 	Created unnamed Line = Line(__class__=<class 'psychopy.visual.line.Line'>, autoDraw=False, autoLog=True, closeShape=False, color=array([1., 1., 1.]), colorSpace='rgb', contrast=None, depth=0, fillColor=array([0, 0, 0]), fillColorSpace='rgb', fillRGB=array([0, 0, 0]), interpolate=True, lineColor=array([1., 1., 1.]), lineColorSpace='rgb', lineRGB=array([1, 1, 1]), lineWidth=3, name='unnamed Line', opacity=0.5, ori=0.0, pos=array([0., 0.]), size=array([1., 1.]), units='norm', vertices=array([[ 0.5 , -0.05],
       [ 0.5 ,  0.05]]), win=Window(...), windingRule=None)
17.9491 	EXP 	Created unnamed TextStim = TextStim(__class__=<class 'psychopy.visual.text.TextStim'>, alignHoriz=method-wrapper(...), alignText='center', alignVert=method-wrapper(...), anchorHoriz='center', anchorVert='center', antialias=True, autoLog=True, bold=False, color=array([1., 1., 1.]), colorSpace='rgb', contrast=1.0, depth=0, flipHoriz=False, flipVert=False, font='', fontFiles=[], height=0.05, italic=False, languageStyle='LTR', name='unnamed TextStim', opacity=1.0, ori=0.0, pos=array([-0.5, -0.1]), rgb=UNKNOWN, text='Helt klart \n SPONTAN', units='norm', win=Window(...), wrapWidth=1)
17.9502 	EXP 	Created unnamed TextStim = TextStim(__class__=<class 'psychopy.visual.text.TextStim'>, alignHoriz=method-wrapper(...), alignText='center', alignVert=method-wrapper(...), anchorHoriz='center', anchorVert='center', antialias=True, autoLog=True, bold=False, color=array([1., 1., 1.]), colorSpace='rgb', contrast=1.0, depth=0, flipHoriz=False, flipVert=False, font='', fontFiles=[], height=0.05, italic=False, languageStyle='LTR', name='unnamed TextStim', opacity=1.0, ori=0.0, pos=array([-0.16666667, -0.1       ]), rgb=UNKNOWN, text='', units='norm', win=Window(...), wrapWidth=1)
17.9513 	EXP 	Created unnamed TextStim = TextStim(__class__=<class 'psychopy.visual.text.TextStim'>, alignHoriz=method-wrapper(...), alignText='center', alignVert=method-wrapper(...), anchorHoriz='center', anchorVert='center', antialias=True, autoLog=True, bold=False, color=array([1., 1., 1.]), colorSpace='rgb', contrast=1.0, depth=0, flipHoriz=False, flipVert=False, font='', fontFiles=[], height=0.05, italic=False, languageStyle='LTR', name='unnamed TextStim', opacity=1.0, ori=0.0, pos=array([ 0.16666667, -0.1       ]), rgb=UNKNOWN, text='', units='norm', win=Window(...), wrapWidth=1)
17.9560 	EXP 	Created unnamed TextStim = TextStim(__class__=<class 'psychopy.visual.text.TextStim'>, alignHoriz=method-wrapper(...), alignText='center', alignVert=method-wrapper(...), anchorHoriz='center', anchorVert='center', antialias=True, autoLog=True, bold=False, color=array([1., 1., 1.]), colorSpace='rgb', contrast=1.0, depth=0, flipHoriz=False, flipVert=False, font='', fontFiles=[], height=0.05, italic=False, languageStyle='LTR', name='unnamed TextStim', opacity=1.0, ori=0.0, pos=array([ 0.5, -0.1]), rgb=UNKNOWN, text='Helt klart \n BEVISST', units='norm', win=Window(...), wrapWidth=1)
17.9579 	EXP 	Created unnamed ShapeStim = ShapeStim(__class__=<class 'psychopy.visual.shape.ShapeStim'>, autoDraw=False, autoLog=True, closeShape=True, color=method-wrapper(...), colorSpace='rgb', contrast=None, depth=0, fillColor=array([1, 1, 1]), fillColorSpace='rgb', fillRGB=array([1, 1, 1]), interpolate=True, lineColor=array([-1., -1., -1.]), lineColorSpace='rgb', lineRGB=array([-1, -1, -1]), lineWidth=1.5, name='unnamed ShapeStim', opacity=1.0, ori=0.0, pos=array([0., 0.]), size=array([1., 1.]), units='norm', vertices=ndarray(...), win=Window(...), windingRule=None)
18.0083 	EXP 	Sound  set volume 1.000
18.0446 	EXP 	unnamed ShapeStim: vertices = <class 'numpy.ndarray'>
18.0446 	EXP 	unnamed ShapeStim: vertices = <class 'numpy.ndarray'>
18.0446 	EXP 	unnamed ShapeStim: vertices = <class 'numpy.ndarray'>
52.9109 	DATA 	Keypress: rctrl
53.4309 	EXP 	Sound  started
53.7108 	DATA 	Keypress: rctrl
54.1808 	EXP 	Sound  started
54.2549 	DATA 	Keypress: rctrl
54.8629 	DATA 	Keypress: lctrl
54.9308 	EXP 	Sound  started
55.6309 	DATA 	Keypress: lctrl
55.6809 	EXP 	Sound  started
56.4309 	DATA 	Keypress: lctrl
56.4311 	EXP 	Sound  started
57.1348 	DATA 	Keypress: rctrl
57.1811 	EXP 	Sound  started
57.8549 	DATA 	Keypress: lctrl
57.9312 	EXP 	Sound  started
58.6549 	DATA 	Keypress: rctrl
58.6812 	EXP 	Sound  started
59.4229 	DATA 	Keypress: rctrl
59.4312 	EXP 	Sound  started
60.1588 	DATA 	Keypress: rctrl
60.1812 	EXP 	Sound  started
60.9268 	DATA 	Keypress: lctrl
60.9312 	EXP 	Sound  started
61.6628 	DATA 	Keypress: lctrl
61.6812 	EXP 	Sound  started
62.3829 	DATA 	Keypress: rctrl
62.4312 	EXP 	Sound  started
63.1668 	DATA 	Keypress: lctrl
63.1812 	EXP 	Sound  started
63.9189 	DATA 	Keypress: lctrl
63.9313 	EXP 	Sound  started
64.6708 	DATA 	Keypress: lctrl
64.6813 	EXP 	Sound  started
65.4069 	DATA 	Keypress: rctrl
65.4313 	EXP 	Sound  started
66.1109 	DATA 	Keypress: rctrl
66.1813 	EXP 	Sound  started
66.8949 	DATA 	Keypress: rctrl
66.9313 	EXP 	Sound  started
67.6629 	DATA 	Keypress: lctrl
67.6813 	EXP 	Sound  started
68.3668 	DATA 	Keypress: rctrl
68.4313 	EXP 	Sound  started
69.1189 	DATA 	Keypress: rctrl
69.1814 	EXP 	Sound  started
69.9314 	EXP 	Sound  started
69.9508 	DATA 	Keypress: rctrl
70.6814 	EXP 	Sound  started
70.6869 	DATA 	Keypress: rctrl
71.4314 	EXP 	Sound  started
71.4388 	DATA 	Keypress: lctrl
72.1428 	DATA 	Keypress: lctrl
72.1814 	EXP 	Sound  started
72.9269 	DATA 	Keypress: rctrl
72.9314 	EXP 	Sound  started
73.6629 	DATA 	Keypress: lctrl
73.6814 	EXP 	Sound  started
74.3828 	DATA 	Keypress: lctrl
74.4315 	EXP 	Sound  started
75.1189 	DATA 	Keypress: lctrl
75.1815 	EXP 	Sound  started
75.8709 	DATA 	Keypress: rctrl
75.9315 	EXP 	Sound  started
76.6069 	DATA 	Keypress: rctrl
76.6815 	EXP 	Sound  started
77.3748 	DATA 	Keypress: lctrl
77.4315 	EXP 	Sound  started
78.1269 	DATA 	Keypress: rctrl
78.1815 	EXP 	Sound  started
78.9316 	EXP 	Sound  started
78.9588 	DATA 	Keypress: rctrl
79.6148 	DATA 	Keypress: rctrl
79.6816 	EXP 	Sound  started
80.3669 	DATA 	Keypress: rctrl
80.4316 	EXP 	Sound  started
81.1348 	DATA 	Keypress: rctrl
81.1816 	EXP 	Sound  started
81.8709 	DATA 	Keypress: lctrl
81.9316 	EXP 	Sound  started
82.6389 	DATA 	Keypress: rctrl
82.6816 	EXP 	Sound  started
83.3908 	DATA 	Keypress: lctrl
83.4316 	EXP 	Sound  started
84.1108 	DATA 	Keypress: lctrl
84.1816 	EXP 	Sound  started
84.8308 	DATA 	Keypress: lctrl
84.9317 	EXP 	Sound  started
85.5988 	DATA 	Keypress: lctrl
85.6817 	EXP 	Sound  started
86.3829 	DATA 	Keypress: lctrl
86.4317 	EXP 	Sound  started
87.1188 	DATA 	Keypress: lctrl
87.1817 	EXP 	Sound  started
87.8389 	DATA 	Keypress: lctrl
87.9317 	EXP 	Sound  started
88.5749 	DATA 	Keypress: rctrl
88.6817 	EXP 	Sound  started
89.3749 	DATA 	Keypress: rctrl
89.4317 	EXP 	Sound  started
90.1108 	DATA 	Keypress: lctrl
90.1818 	EXP 	Sound  started
90.8948 	DATA 	Keypress: rctrl
90.9318 	EXP 	Sound  started
91.6308 	DATA 	Keypress: rctrl
91.6818 	EXP 	Sound  started
92.3988 	DATA 	Keypress: rctrl
92.4318 	EXP 	Sound  started
93.1508 	DATA 	Keypress: lctrl
93.1972 	EXP 	unnamed TextStim: text = ''
93.1972 	EXP 	unnamed TextStim: text = ''
94.8983 	DATA 	Keypress: 2
94.9148 	EXP 	unnamed ShapeStim: vertices = <class 'numpy.ndarray'>
96.4661 	EXP 	unnamed TextStim: text = ''
96.4661 	EXP 	unnamed TextStim: text = ''
98.1678 	DATA 	Keypress: 3
98.1841 	EXP 	unnamed ShapeStim: vertices = <class 'numpy.ndarray'>
99.7188 	EXP 	unnamed TextStim: text = ''
99.7188 	EXP 	unnamed TextStim: text = ''
106.6579 	DATA 	Keypress: 1
106.6744 	EXP 	unnamed ShapeStim: vertices = <class 'numpy.ndarray'>
108.9588 	EXP 	Sound  started
109.0229 	DATA 	Keypress: rctrl
109.7088 	EXP 	Sound  started
109.7268 	DATA 	Keypress: rctrl
110.4308 	DATA 	Keypress: rctrl
110.4588 	EXP 	Sound  started
111.1988 	DATA 	Keypress: rctrl
111.2088 	EXP 	Sound  started
111.8868 	DATA 	Keypress: lctrl
111.9589 	EXP 	Sound  started
112.6708 	DATA 	Keypress: lctrl
112.7089 	EXP 	Sound  started
113.4589 	EXP 	Sound  started
113.5188 	DATA 	Keypress: lctrl
114.1748 	DATA 	Keypress: rctrl
114.2089 	EXP 	Sound  started
114.9108 	DATA 	Keypress: rctrl
114.9589 	EXP 	Sound  started
115.6788 	DATA 	Keypress: rctrl
115.7089 	EXP 	Sound  started
116.3988 	DATA 	Keypress: rctrl
116.4589 	EXP 	Sound  started
117.1348 	DATA 	Keypress: lctrl
117.2090 	EXP 	Sound  started
117.8548 	DATA 	Keypress: lctrl
117.9590 	EXP 	Sound  started
118.7090 	EXP 	Sound  started
118.7188 	DATA 	Keypress: lctrl
119.4388 	DATA 	Keypress: lctrl
119.4590 	EXP 	Sound  started
120.1908 	DATA 	Keypress: lctrl
120.2090 	EXP 	Sound  started
120.9268 	DATA 	Keypress: rctrl
120.9590 	EXP 	Sound  started
121.6468 	DATA 	Keypress: lctrl
121.7091 	EXP 	Sound  started
122.3988 	DATA 	Keypress: lctrl
122.4591 	EXP 	Sound  started
123.1668 	DATA 	Keypress: lctrl
123.2091 	EXP 	Sound  started
123.9028 	DATA 	Keypress: rctrl
123.9591 	EXP 	Sound  started
124.6548 	DATA 	Keypress: lctrl
124.7091 	EXP 	Sound  started
125.3908 	DATA 	Keypress: lctrl
125.4591 	EXP 	Sound  started
126.1430 	DATA 	Keypress: lctrl
126.2091 	EXP 	Sound  started
126.8788 	DATA 	Keypress: lctrl
126.9592 	EXP 	Sound  started
127.6468 	DATA 	Keypress: lctrl
127.7092 	EXP 	Sound  started
128.4468 	DATA 	Keypress: rctrl
128.4592 	EXP 	Sound  started
129.1988 	DATA 	Keypress: rctrl
129.2092 	EXP 	Sound  started
129.9508 	DATA 	Keypress: lctrl
129.9592 	EXP 	Sound  started
130.6868 	DATA 	Keypress: lctrl
130.7092 	EXP 	Sound  started
131.4388 	DATA 	Keypress: lctrl
131.4592 	EXP 	Sound  started
132.1429 	DATA 	Keypress: lctrl
132.2093 	EXP 	Sound  started
132.9108 	DATA 	Keypress: rctrl
132.9593 	EXP 	Sound  started
133.6628 	DATA 	Keypress: rctrl
133.7093 	EXP 	Sound  started
134.4468 	DATA 	Keypress: lctrl
134.4593 	EXP 	Sound  started
135.1988 	DATA 	Keypress: rctrl
135.2093 	EXP 	Sound  started
135.9508 	DATA 	Keypress: rctrl
135.9593 	EXP 	Sound  started
136.6868 	DATA 	Keypress: rctrl
136.7093 	EXP 	Sound  started
137.4388 	DATA 	Keypress: rctrl
137.4594 	EXP 	Sound  started
138.2094 	EXP 	Sound  started
138.2388 	DATA 	Keypress: rctrl
138.9268 	DATA 	Keypress: lctrl
138.9594 	EXP 	Sound  started
139.6628 	DATA 	Keypress: lctrl
139.7094 	EXP 	Sound  started
140.3987 	DATA 	Keypress: rctrl
140.4594 	EXP 	Sound  started
141.1828 	DATA 	Keypress: lctrl
141.2095 	EXP 	Sound  started
141.9188 	DATA 	Keypress: lctrl
141.9595 	EXP 	Sound  started
142.7028 	DATA 	Keypress: lctrl
142.7095 	EXP 	Sound  started
143.4388 	DATA 	Keypress: rctrl
143.4595 	EXP 	Sound  started
144.1908 	DATA 	Keypress: rctrl
144.2095 	EXP 	Sound  started
144.9108 	DATA 	Keypress: lctrl
144.9595 	EXP 	Sound  started
145.6468 	DATA 	Keypress: rctrl
145.7095 	EXP 	Sound  started
146.4148 	DATA 	Keypress: rctrl
146.4595 	EXP 	Sound  started
147.2096 	EXP 	Sound  started
147.2468 	DATA 	Keypress: rctrl
147.9596 	EXP 	Sound  started
147.9988 	DATA 	Keypress: rctrl
148.6868 	DATA 	Keypress: lctrl
148.7096 	EXP 	Sound  started
149.4388 	DATA 	Keypress: lctrl
149.4596 	EXP 	Sound  started
150.2096 	EXP 	Sound  started
150.2227 	DATA 	Keypress: rctrl
150.9108 	DATA 	Keypress: lctrl
150.9596 	EXP 	Sound  started
151.6467 	DATA 	Keypress: lctrl
151.7096 	EXP 	Sound  started
152.4468 	DATA 	Keypress: lctrl
152.4597 	EXP 	Sound  started
153.1988 	DATA 	Keypress: rctrl
153.2097 	EXP 	Sound  started
153.9508 	DATA 	Keypress: lctrl
153.9597 	EXP 	Sound  started
154.6707 	DATA 	Keypress: lctrl
154.7097 	EXP 	Sound  started
155.4068 	DATA 	Keypress: rctrl
155.4597 	EXP 	Sound  started
156.2068 	DATA 	Keypress: rctrl
156.2097 	EXP 	Sound  started
156.9598 	EXP 	Sound  started
156.9908 	DATA 	Keypress: rctrl
157.7098 	EXP 	Sound  started
157.7269 	DATA 	Keypress: rctrl
158.4308 	DATA 	Keypress: rctrl
158.4598 	EXP 	Sound  started
159.1507 	DATA 	Keypress: rctrl
159.2098 	EXP 	Sound  started
159.9507 	DATA 	Keypress: lctrl
159.9598 	EXP 	Sound  started
160.6547 	DATA 	Keypress: lctrl
160.7098 	EXP 	Sound  started
161.4228 	DATA 	Keypress: rctrl
161.4598 	EXP 	Sound  started
162.1748 	DATA 	Keypress: lctrl
162.2098 	EXP 	Sound  started
162.9108 	DATA 	Keypress: lctrl
162.9599 	EXP 	Sound  started
163.6947 	DATA 	Keypress: lctrl
163.7099 	EXP 	Sound  started
164.3988 	DATA 	Keypress: lctrl
164.4599 	EXP 	Sound  started
165.1828 	DATA 	Keypress: lctrl
165.2099 	EXP 	Sound  started
165.8868 	DATA 	Keypress: rctrl
165.9599 	EXP 	Sound  started
166.6708 	DATA 	Keypress: rctrl
166.7099 	EXP 	Sound  started
167.4547 	DATA 	Keypress: rctrl
167.4599 	EXP 	Sound  started
168.1747 	DATA 	Keypress: rctrl
168.2100 	EXP 	Sound  started
168.9268 	DATA 	Keypress: lctrl
168.9600 	EXP 	Sound  started
169.6788 	DATA 	Keypress: rctrl
171.8447 	DATA 	Keypress: 3
171.8611 	EXP 	unnamed ShapeStim: vertices = <class 'numpy.ndarray'>
179.5844 	DATA 	Keypress: 3
179.6008 	EXP 	unnamed ShapeStim: vertices = <class 'numpy.ndarray'>
184.8554 	DATA 	Keypress: 3
184.8718 	EXP 	unnamed ShapeStim: vertices = <class 'numpy.ndarray'>
187.1572 	EXP 	Sound  started
187.3428 	DATA 	Keypress: rctrl
187.9072 	EXP 	Sound  started
187.9669 	DATA 	Keypress: rctrl
188.6548 	DATA 	Keypress: rctrl
188.6572 	EXP 	Sound  started
189.4072 	EXP 	Sound  started
189.4387 	DATA 	Keypress: rctrl
190.1573 	EXP 	Sound  started
190.1587 	DATA 	Keypress: rctrl
190.9073 	EXP 	Sound  started
190.9267 	DATA 	Keypress: rctrl
191.6467 	DATA 	Keypress: rctrl
191.6573 	EXP 	Sound  started
192.3668 	DATA 	Keypress: rctrl
192.4073 	EXP 	Sound  started
193.1573 	EXP 	Sound  started
193.1828 	DATA 	Keypress: lctrl
193.8707 	DATA 	Keypress: rctrl
193.9073 	EXP 	Sound  started
194.6228 	DATA 	Keypress: lctrl
194.6574 	EXP 	Sound  started
195.4074 	EXP 	Sound  started
195.4388 	DATA 	Keypress: lctrl
196.1574 	EXP 	Sound  started
196.2228 	DATA 	Keypress: lctrl
196.9074 	EXP 	Sound  started
196.9107 	DATA 	Keypress: lctrl
197.6147 	DATA 	Keypress: lctrl
197.6574 	EXP 	Sound  started
198.3508 	DATA 	Keypress: rctrl
198.4074 	EXP 	Sound  started
199.1187 	DATA 	Keypress: lctrl
199.1574 	EXP 	Sound  started
199.8547 	DATA 	Keypress: rctrl
199.9075 	EXP 	Sound  started
200.5747 	DATA 	Keypress: lctrl
200.6575 	EXP 	Sound  started
201.3428 	DATA 	Keypress: lctrl
201.4075 	EXP 	Sound  started
202.1575 	EXP 	Sound  started
202.1748 	DATA 	Keypress: lctrl
202.8947 	DATA 	Keypress: lctrl
202.9075 	EXP 	Sound  started
203.6575 	EXP 	Sound  started
203.6947 	DATA 	Keypress: lctrl
204.3987 	DATA 	Keypress: rctrl
204.4076 	EXP 	Sound  started
205.1576 	EXP 	Sound  started
205.1667 	DATA 	Keypress: lctrl
205.9076 	EXP 	Sound  started
205.9187 	DATA 	Keypress: lctrl
206.6388 	DATA 	Keypress: lctrl
206.6576 	EXP 	Sound  started
207.4076 	EXP 	Sound  started
207.4227 	DATA 	Keypress: lctrl
208.1107 	DATA 	Keypress: lctrl
208.1576 	EXP 	Sound  started
208.9077 	EXP 	Sound  started
208.9267 	DATA 	Keypress: lctrl
209.6308 	DATA 	Keypress: rctrl
209.6577 	EXP 	Sound  started
210.3668 	DATA 	Keypress: rctrl
210.4077 	EXP 	Sound  started
211.0867 	DATA 	Keypress: rctrl
211.1577 	EXP 	Sound  started
211.8547 	DATA 	Keypress: lctrl
211.9077 	EXP 	Sound  started
212.6069 	DATA 	Keypress: lctrl
212.6577 	EXP 	Sound  started
213.3587 	DATA 	Keypress: lctrl
213.4078 	EXP 	Sound  started
214.0947 	DATA 	Keypress: lctrl
214.1578 	EXP 	Sound  started
214.9078 	EXP 	Sound  started
214.9108 	DATA 	Keypress: lctrl
215.6578 	EXP 	Sound  started
215.6628 	DATA 	Keypress: lctrl
216.3827 	DATA 	Keypress: lctrl
216.4078 	EXP 	Sound  started
217.1578 	EXP 	Sound  started
217.1667 	DATA 	Keypress: rctrl
217.8867 	DATA 	Keypress: rctrl
217.9078 	EXP 	Sound  started
218.6227 	DATA 	Keypress: lctrl
218.6578 	EXP 	Sound  started
219.4079 	EXP 	Sound  started
219.4388 	DATA 	Keypress: rctrl
220.1268 	DATA 	Keypress: rctrl
220.1579 	EXP 	Sound  started
220.8148 	DATA 	Keypress: rctrl
220.9079 	EXP 	Sound  started
221.5348 	DATA 	Keypress: lctrl
221.6579 	EXP 	Sound  started
222.3667 	DATA 	Keypress: lctrl
222.4079 	EXP 	Sound  started
223.1028 	DATA 	Keypress: lctrl
223.1579 	EXP 	Sound  started
223.8387 	DATA 	Keypress: rctrl
223.9080 	EXP 	Sound  started
224.5907 	DATA 	Keypress: rctrl
224.6580 	EXP 	Sound  started
225.3747 	DATA 	Keypress: rctrl
225.4080 	EXP 	Sound  started
226.1108 	DATA 	Keypress: rctrl
226.1580 	EXP 	Sound  started
226.8788 	DATA 	Keypress: rctrl
226.9080 	EXP 	Sound  started
227.5988 	DATA 	Keypress: rctrl
227.6580 	EXP 	Sound  started
228.3667 	DATA 	Keypress: rctrl
228.4080 	EXP 	Sound  started
229.1581 	EXP 	Sound  started
229.1667 	DATA 	Keypress: lctrl
229.9027 	DATA 	Keypress: rctrl
229.9081 	EXP 	Sound  started
230.6068 	DATA 	Keypress: lctrl
230.6581 	EXP 	Sound  started
231.3908 	DATA 	Keypress: lctrl
231.4081 	EXP 	Sound  started
232.1427 	DATA 	Keypress: lctrl
232.1581 	EXP 	Sound  started
232.9081 	EXP 	Sound  started
232.9268 	DATA 	Keypress: lctrl
233.6582 	EXP 	Sound  started
233.6628 	DATA 	Keypress: lctrl
234.3347 	DATA 	Keypress: rctrl
234.4082 	EXP 	Sound  started
235.1188 	DATA 	Keypress: rctrl
235.1582 	EXP 	Sound  started
235.8387 	DATA 	Keypress: rctrl
235.9082 	EXP 	Sound  started
236.6067 	DATA 	Keypress: rctrl
236.6582 	EXP 	Sound  started
237.3747 	DATA 	Keypress: rctrl
237.4082 	EXP 	Sound  started
238.1107 	DATA 	Keypress: lctrl
238.1582 	EXP 	Sound  started
238.8787 	DATA 	Keypress: rctrl
238.9082 	EXP 	Sound  started
239.6467 	DATA 	Keypress: rctrl
239.6583 	EXP 	Sound  started
240.3187 	DATA 	Keypress: rctrl
240.4083 	EXP 	Sound  started
241.1187 	DATA 	Keypress: rctrl
242.9195 	DATA 	Keypress: 2
242.9360 	EXP 	unnamed ShapeStim: vertices = <class 'numpy.ndarray'>
245.4086 	DATA 	Keypress: 2
245.4381 	EXP 	unnamed ShapeStim: vertices = <class 'numpy.ndarray'>
251.9269 	DATA 	Keypress: 3
251.9434 	EXP 	unnamed ShapeStim: vertices = <class 'numpy.ndarray'>
254.2275 	EXP 	Sound  started
254.2388 	DATA 	Keypress: rctrl
254.9775 	EXP 	Sound  started
254.9907 	DATA 	Keypress: rctrl
255.7275 	EXP 	Sound  started
255.7587 	DATA 	Keypress: rctrl
256.4775 	EXP 	Sound  started
256.4787 	DATA 	Keypress: lctrl
257.2147 	DATA 	Keypress: lctrl
257.2275 	EXP 	Sound  started
257.9507 	DATA 	Keypress: rctrl
257.9775 	EXP 	Sound  started
258.7275 	EXP 	Sound  started
258.7347 	DATA 	Keypress: lctrl
259.4775 	EXP 	Sound  started
259.5027 	DATA 	Keypress: lctrl
260.1267 	DATA 	Keypress: lctrl
260.2276 	EXP 	Sound  started
260.9427 	DATA 	Keypress: lctrl
260.9776 	EXP 	Sound  started
261.6627 	DATA 	Keypress: lctrl
261.7276 	EXP 	Sound  started
262.4307 	DATA 	Keypress: rctrl
262.4776 	EXP 	Sound  started
263.2147 	DATA 	Keypress: lctrl
263.2276 	EXP 	Sound  started
263.9507 	DATA 	Keypress: lctrl
263.9776 	EXP 	Sound  started
264.6707 	DATA 	Keypress: lctrl
264.7277 	EXP 	Sound  started
265.4777 	EXP 	Sound  started
265.4867 	DATA 	Keypress: lctrl
266.1907 	DATA 	Keypress: rctrl
266.2277 	EXP 	Sound  started
266.9747 	DATA 	Keypress: rctrl
266.9777 	EXP 	Sound  started
267.7107 	DATA 	Keypress: rctrl
267.7277 	EXP 	Sound  started
268.4777 	EXP 	Sound  started
268.4787 	DATA 	Keypress: lctrl
269.2277 	EXP 	Sound  started
269.2307 	DATA 	Keypress: lctrl
269.9778 	EXP 	Sound  started
269.9986 	DATA 	Keypress: lctrl
270.7187 	DATA 	Keypress: lctrl
270.7278 	EXP 	Sound  started
271.4778 	EXP 	Sound  started
271.5027 	DATA 	Keypress: lctrl
272.2278 	EXP 	Sound  started
272.2387 	DATA 	Keypress: lctrl
272.9427 	DATA 	Keypress: lctrl
272.9778 	EXP 	Sound  started
273.7268 	DATA 	Keypress: lctrl
273.7278 	EXP 	Sound  started
274.4467 	DATA 	Keypress: lctrl
274.4778 	EXP 	Sound  started
275.1827 	DATA 	Keypress: lctrl
275.2278 	EXP 	Sound  started
275.9779 	EXP 	Sound  started
275.9987 	DATA 	Keypress: lctrl
276.7187 	DATA 	Keypress: lctrl
276.7279 	EXP 	Sound  started
277.4386 	DATA 	Keypress: rctrl
277.4779 	EXP 	Sound  started
278.2279 	EXP 	Sound  started
278.2388 	DATA 	Keypress: rctrl
278.9587 	DATA 	Keypress: lctrl
278.9779 	EXP 	Sound  started
279.6787 	DATA 	Keypress: rctrl
279.7279 	EXP 	Sound  started
280.4627 	DATA 	Keypress: rctrl
280.4779 	EXP 	Sound  started
281.1506 	DATA 	Keypress: rctrl
281.2280 	EXP 	Sound  started
281.9507 	DATA 	Keypress: rctrl
281.9780 	EXP 	Sound  started
282.6868 	DATA 	Keypress: lctrl
282.7280 	EXP 	Sound  started
283.4547 	DATA 	Keypress: lctrl
283.4780 	EXP 	Sound  started
284.1907 	DATA 	Keypress: rctrl
284.2280 	EXP 	Sound  started
284.8786 	DATA 	Keypress: lctrl
284.9780 	EXP 	Sound  started
285.7107 	DATA 	Keypress: lctrl
285.7280 	EXP 	Sound  started
286.4627 	DATA 	Keypress: lctrl
286.4780 	EXP 	Sound  started
287.2281 	EXP 	Sound  started
287.2627 	DATA 	Keypress: lctrl
287.9507 	DATA 	Keypress: rctrl
287.9781 	EXP 	Sound  started
288.7028 	DATA 	Keypress: rctrl
288.7281 	EXP 	Sound  started
289.4781 	EXP 	Sound  started
289.4867 	DATA 	Keypress: rctrl
290.2067 	DATA 	Keypress: rctrl
290.2281 	EXP 	Sound  started
290.8947 	DATA 	Keypress: lctrl
290.9781 	EXP 	Sound  started
291.7106 	DATA 	Keypress: rctrl
291.7282 	EXP 	Sound  started
292.4467 	DATA 	Keypress: rctrl
292.4782 	EXP 	Sound  started
293.2282 	EXP 	Sound  started
293.2307 	DATA 	Keypress: rctrl
293.9782 	EXP 	Sound  started
293.9987 	DATA 	Keypress: rctrl
294.7186 	DATA 	Keypress: lctrl
294.7282 	EXP 	Sound  started
295.4067 	DATA 	Keypress: rctrl
295.4782 	EXP 	Sound  started
296.1747 	DATA 	Keypress: rctrl
298.7152 	DATA 	Keypress: 1
298.7317 	EXP 	unnamed ShapeStim: vertices = <class 'numpy.ndarray'>
303.0893 	DATA 	Keypress: 4
303.1187 	EXP 	unnamed ShapeStim: vertices = <class 'numpy.ndarray'>
307.0554 	DATA 	Keypress: 1
307.0719 	EXP 	unnamed ShapeStim: vertices = <class 'numpy.ndarray'>
309.3570 	EXP 	Sound  started
309.3573 	DATA 	Keypress: lctrl
310.0787 	DATA 	Keypress: lctrl
310.1069 	EXP 	Sound  started
310.8570 	EXP 	Sound  started
310.8946 	DATA 	Keypress: lctrl
311.6070 	EXP 	Sound  started
311.6146 	DATA 	Keypress: lctrl
312.3570 	EXP 	Sound  started
312.3667 	DATA 	Keypress: rctrl
313.1070 	EXP 	Sound  started
313.1186 	DATA 	Keypress: lctrl
313.8570 	EXP 	Sound  started
313.8867 	DATA 	Keypress: rctrl
314.6067 	DATA 	Keypress: lctrl
314.6070 	EXP 	Sound  started
315.3427 	DATA 	Keypress: lctrl
315.3571 	EXP 	Sound  started
316.1071 	EXP 	Sound  started
316.1107 	DATA 	Keypress: lctrl
316.8466 	DATA 	Keypress: rctrl
316.8571 	EXP 	Sound  started
317.5827 	DATA 	Keypress: rctrl
317.6071 	EXP 	Sound  started
318.3347 	DATA 	Keypress: rctrl
318.3571 	EXP 	Sound  started
319.0867 	DATA 	Keypress: lctrl
319.1071 	EXP 	Sound  started
319.8546 	DATA 	Keypress: lctrl
319.8572 	EXP 	Sound  started
320.5746 	DATA 	Keypress: lctrl
320.6072 	EXP 	Sound  started
321.2947 	DATA 	Keypress: rctrl
321.3572 	EXP 	Sound  started
322.0947 	DATA 	Keypress: lctrl
322.1072 	EXP 	Sound  started
322.8572 	EXP 	Sound  started
322.8787 	DATA 	Keypress: rctrl
323.6072 	EXP 	Sound  started
323.6146 	DATA 	Keypress: rctrl
324.3507 	DATA 	Keypress: rctrl
324.3572 	EXP 	Sound  started
325.1027 	DATA 	Keypress: rctrl
325.1073 	EXP 	Sound  started
325.8573 	EXP 	Sound  started
325.8866 	DATA 	Keypress: lctrl
326.6073 	EXP 	Sound  started
326.6227 	DATA 	Keypress: lctrl
327.3267 	DATA 	Keypress: rctrl
327.3573 	EXP 	Sound  started
328.0786 	DATA 	Keypress: lctrl
328.1073 	EXP 	Sound  started
328.8574 	EXP 	Sound  started
328.8627 	DATA 	Keypress: lctrl
329.5986 	DATA 	Keypress: lctrl
329.6074 	EXP 	Sound  started
330.3346 	DATA 	Keypress: rctrl
330.3574 	EXP 	Sound  started
331.1074 	EXP 	Sound  started
331.1187 	DATA 	Keypress: lctrl
331.8387 	DATA 	Keypress: rctrl
331.8574 	EXP 	Sound  started
332.6067 	DATA 	Keypress: rctrl
332.6074 	EXP 	Sound  started
333.3575 	EXP 	Sound  started
333.3746 	DATA 	Keypress: rctrl
334.0786 	DATA 	Keypress: rctrl
334.1075 	EXP 	Sound  started
334.8575 	EXP 	Sound  started
334.8626 	DATA 	Keypress: lctrl
335.5827 	DATA 	Keypress: rctrl
335.6075 	EXP 	Sound  started
336.3507 	DATA 	Keypress: rctrl
336.3575 	EXP 	Sound  started
337.0867 	DATA 	Keypress: rctrl
337.1075 	EXP 	Sound  started
337.8387 	DATA 	Keypress: rctrl
337.8575 	EXP 	Sound  started
338.5746 	DATA 	Keypress: lctrl
338.6075 	EXP 	Sound  started
339.3576 	EXP 	Sound  started
339.3587 	DATA 	Keypress: lctrl
340.0946 	DATA 	Keypress: lctrl
340.1076 	EXP 	Sound  started
340.8576 	EXP 	Sound  started
340.8626 	DATA 	Keypress: lctrl
341.6076 	EXP 	Sound  started
341.6146 	DATA 	Keypress: lctrl
342.3186 	DATA 	Keypress: rctrl
342.3576 	EXP 	Sound  started
343.0866 	DATA 	Keypress: lctrl
343.1076 	EXP 	Sound  started
343.8387 	DATA 	Keypress: rctrl
343.8577 	EXP 	Sound  started
344.6067 	DATA 	Keypress: rctrl
344.6077 	EXP 	Sound  started
345.3577 	EXP 	Sound  started
345.3586 	DATA 	Keypress: rctrl
346.0946 	DATA 	Keypress: rctrl
346.1077 	EXP 	Sound  started
346.7827 	DATA 	Keypress: lctrl
346.8577 	EXP 	Sound  started
347.5667 	DATA 	Keypress: lctrl
347.6077 	EXP 	Sound  started
348.3346 	DATA 	Keypress: lctrl
348.3577 	EXP 	Sound  started
349.0546 	DATA 	Keypress: lctrl
349.1078 	EXP 	Sound  started
349.7906 	DATA 	Keypress: rctrl
349.8578 	EXP 	Sound  started
350.5906 	DATA 	Keypress: rctrl
350.6078 	EXP 	Sound  started
351.3426 	DATA 	Keypress: rctrl
351.3578 	EXP 	Sound  started
352.0946 	DATA 	Keypress: lctrl
352.1078 	EXP 	Sound  started
352.7826 	DATA 	Keypress: rctrl
352.8578 	EXP 	Sound  started
353.5506 	DATA 	Keypress: rctrl
353.6079 	EXP 	Sound  started
354.3579 	EXP 	Sound  started
354.3666 	DATA 	Keypress: lctrl
355.1026 	DATA 	Keypress: lctrl
355.1079 	EXP 	Sound  started
355.8546 	DATA 	Keypress: lctrl
355.8579 	EXP 	Sound  started
356.5426 	DATA 	Keypress: lctrl
356.6079 	EXP 	Sound  started
357.2946 	DATA 	Keypress: rctrl
357.3579 	EXP 	Sound  started
358.0787 	DATA 	Keypress: lctrl
358.1079 	EXP 	Sound  started
358.8580 	EXP 	Sound  started
358.8627 	DATA 	Keypress: rctrl
359.6080 	EXP 	Sound  started
359.6146 	DATA 	Keypress: lctrl
360.3580 	EXP 	Sound  started
360.3667 	DATA 	Keypress: lctrl
361.1026 	DATA 	Keypress: lctrl
361.1080 	EXP 	Sound  started
361.8226 	DATA 	Keypress: rctrl
361.8580 	EXP 	Sound  started
362.6066 	DATA 	Keypress: rctrl
364.4691 	DATA 	Keypress: 1
364.4856 	EXP 	unnamed ShapeStim: vertices = <class 'numpy.ndarray'>
366.3539 	DATA 	Keypress: 4
366.3710 	EXP 	unnamed ShapeStim: vertices = <class 'numpy.ndarray'>
372.1125 	DATA 	Keypress: 1
372.1419 	EXP 	unnamed ShapeStim: vertices = <class 'numpy.ndarray'>
374.4262 	EXP 	Sound  started
374.6546 	DATA 	Keypress: lctrl
375.1761 	EXP 	Sound  started
375.2146 	DATA 	Keypress: lctrl
375.9261 	EXP 	Sound  started
375.9506 	DATA 	Keypress: rctrl
376.6706 	DATA 	Keypress: rctrl
376.6761 	EXP 	Sound  started
377.4226 	DATA 	Keypress: lctrl
377.4262 	EXP 	Sound  started
378.1746 	DATA 	Keypress: rctrl
378.1762 	EXP 	Sound  started
378.9262 	EXP 	Sound  started
378.9266 	DATA 	Keypress: rctrl
379.6762 	EXP 	Sound  started
379.7106 	DATA 	Keypress: rctrl
380.4146 	DATA 	Keypress: rctrl
380.4262 	EXP 	Sound  started
381.1346 	DATA 	Keypress: rctrl
381.1762 	EXP 	Sound  started
381.9263 	EXP 	Sound  started
381.9666 	DATA 	Keypress: lctrl
382.6763 	EXP 	Sound  started
382.6866 	DATA 	Keypress: rctrl
383.4263 	EXP 	Sound  started
383.4386 	DATA 	Keypress: lctrl
384.1763 	EXP 	Sound  started
384.1906 	DATA 	Keypress: lctrl
384.9263 	EXP 	Sound  started
384.9587 	DATA 	Keypress: rctrl
385.6147 	DATA 	Keypress: rctrl
385.6763 	EXP 	Sound  started
386.3827 	DATA 	Keypress: lctrl
386.4263 	EXP 	Sound  started
387.1666 	DATA 	Keypress: rctrl
387.1764 	EXP 	Sound  started
387.9264 	EXP 	Sound  started
387.9347 	DATA 	Keypress: lctrl
388.6764 	EXP 	Sound  started
388.6866 	DATA 	Keypress: lctrl
389.4264 	EXP 	Sound  started
389.5826 	DATA 	Keypress: lctrl
390.1764 	EXP 	Sound  started
390.1906 	DATA 	Keypress: lctrl
390.9264 	EXP 	Sound  started
390.9426 	DATA 	Keypress: lctrl
391.6765 	EXP 	Sound  started
391.7107 	DATA 	Keypress: rctrl
392.4265 	EXP 	Sound  started
392.4306 	DATA 	Keypress: lctrl
393.1666 	DATA 	Keypress: lctrl
393.1765 	EXP 	Sound  started
393.9026 	DATA 	Keypress: lctrl
393.9265 	EXP 	Sound  started
394.6708 	DATA 	Keypress: rctrl
394.6765 	EXP 	Sound  started
395.3746 	DATA 	Keypress: rctrl
395.4265 	EXP 	Sound  started
396.1586 	DATA 	Keypress: lctrl
396.1765 	EXP 	Sound  started
396.8786 	DATA 	Keypress: rctrl
396.9266 	EXP 	Sound  started
397.6626 	DATA 	Keypress: rctrl
397.6766 	EXP 	Sound  started
398.4266 	EXP 	Sound  started
398.4305 	DATA 	Keypress: lctrl
399.1346 	DATA 	Keypress: rctrl
399.1766 	EXP 	Sound  started
399.9026 	DATA 	Keypress: rctrl
399.9266 	EXP 	Sound  started
400.6227 	DATA 	Keypress: rctrl
400.6766 	EXP 	Sound  started
401.4226 	DATA 	Keypress: lctrl
401.4266 	EXP 	Sound  started
402.1426 	DATA 	Keypress: rctrl
402.1767 	EXP 	Sound  started
402.9266 	DATA 	Keypress: rctrl
402.9269 	EXP 	Sound  started
403.6769 	EXP 	Sound  started
403.6946 	DATA 	Keypress: rctrl
404.3986 	DATA 	Keypress: rctrl
404.4269 	EXP 	Sound  started
405.1346 	DATA 	Keypress: lctrl
405.1769 	EXP 	Sound  started
405.9026 	DATA 	Keypress: lctrl
405.9269 	EXP 	Sound  started
406.6770 	EXP 	Sound  started
406.6866 	DATA 	Keypress: lctrl
407.4270 	EXP 	Sound  started
407.4386 	DATA 	Keypress: lctrl
408.1427 	DATA 	Keypress: lctrl
408.1770 	EXP 	Sound  started
408.8785 	DATA 	Keypress: rctrl
408.9270 	EXP 	Sound  started
409.6146 	DATA 	Keypress: rctrl
409.6770 	EXP 	Sound  started
410.3507 	DATA 	Keypress: rctrl
410.4270 	EXP 	Sound  started
411.1026 	DATA 	Keypress: rctrl
411.1770 	EXP 	Sound  started
411.8706 	DATA 	Keypress: rctrl
411.9271 	EXP 	Sound  started
412.6547 	DATA 	Keypress: lctrl
412.6771 	EXP 	Sound  started
413.4271 	EXP 	Sound  started
413.4387 	DATA 	Keypress: lctrl
414.1426 	DATA 	Keypress: rctrl
414.1771 	EXP 	Sound  started
414.8787 	DATA 	Keypress: lctrl
414.9271 	EXP 	Sound  started
415.6771 	EXP 	Sound  started
415.6786 	DATA 	Keypress: lctrl
416.4146 	DATA 	Keypress: lctrl
416.4272 	EXP 	Sound  started
417.1186 	DATA 	Keypress: rctrl
417.1772 	EXP 	Sound  started
417.8706 	DATA 	Keypress: rctrl
417.9272 	EXP 	Sound  started
418.6226 	DATA 	Keypress: lctrl
418.6772 	EXP 	Sound  started
419.3906 	DATA 	Keypress: rctrl
419.4272 	EXP 	Sound  started
420.1106 	DATA 	Keypress: rctrl
420.1772 	EXP 	Sound  started
420.8786 	DATA 	Keypress: rctrl
420.9273 	EXP 	Sound  started
421.5986 	DATA 	Keypress: rctrl
421.6773 	EXP 	Sound  started
422.3826 	DATA 	Keypress: rctrl
422.4273 	EXP 	Sound  started
423.1186 	DATA 	Keypress: rctrl
423.1773 	EXP 	Sound  started
423.8866 	DATA 	Keypress: lctrl
423.9273 	EXP 	Sound  started
424.6546 	DATA 	Keypress: lctrl
424.6773 	EXP 	Sound  started
425.4273 	EXP 	Sound  started
425.4386 	DATA 	Keypress: lctrl
426.1106 	DATA 	Keypress: rctrl
426.1773 	EXP 	Sound  started
426.8946 	DATA 	Keypress: lctrl
426.9274 	EXP 	Sound  started
427.6306 	DATA 	Keypress: lctrl
427.6774 	EXP 	Sound  started
428.4145 	DATA 	Keypress: lctrl
428.4274 	EXP 	Sound  started
429.1506 	DATA 	Keypress: lctrl
429.1774 	EXP 	Sound  started
429.9026 	DATA 	Keypress: lctrl
429.9274 	EXP 	Sound  started
430.5746 	DATA 	Keypress: rctrl
430.6774 	EXP 	Sound  started
431.3746 	DATA 	Keypress: rctrl
431.4274 	EXP 	Sound  started
432.1746 	DATA 	Keypress: lctrl
432.1775 	EXP 	Sound  started
432.9275 	EXP 	Sound  started
432.9425 	DATA 	Keypress: rctrl
433.6626 	DATA 	Keypress: rctrl
433.6775 	EXP 	Sound  started
434.3666 	DATA 	Keypress: lctrl
434.4275 	EXP 	Sound  started
435.1505 	DATA 	Keypress: lctrl
435.1775 	EXP 	Sound  started
435.9026 	DATA 	Keypress: lctrl
435.9275 	EXP 	Sound  started
436.6705 	DATA 	Keypress: lctrl
436.6776 	EXP 	Sound  started
437.3907 	DATA 	Keypress: rctrl
437.4276 	EXP 	Sound  started
438.1266 	DATA 	Keypress: rctrl
438.1776 	EXP 	Sound  started
438.9266 	DATA 	Keypress: rctrl
438.9276 	EXP 	Sound  started
439.6626 	DATA 	Keypress: rctrl
439.6776 	EXP 	Sound  started
440.4276 	EXP 	Sound  started
440.4465 	DATA 	Keypress: lctrl
441.1345 	DATA 	Keypress: rctrl
445.1685 	DATA 	Keypress: 2
445.1850 	EXP 	unnamed ShapeStim: vertices = <class 'numpy.ndarray'>
446.7087 	DATA 	Keypress: 3
446.7530 	EXP 	unnamed ShapeStim: vertices = <class 'numpy.ndarray'>
453.5420 	DATA 	Keypress: 1
453.5585 	EXP 	unnamed ShapeStim: vertices = <class 'numpy.ndarray'>
455.8439 	EXP 	Sound  started
456.0786 	DATA 	Keypress: lctrl
456.5745 	DATA 	Keypress: lctrl
456.5939 	EXP 	Sound  started
457.3266 	DATA 	Keypress: lctrl
457.3439 	EXP 	Sound  started
458.0626 	DATA 	Keypress: rctrl
458.0939 	EXP 	Sound  started
458.8439 	EXP 	Sound  started
458.8467 	DATA 	Keypress: rctrl
459.5939 	EXP 	Sound  started
459.6146 	DATA 	Keypress: lctrl
460.3345 	DATA 	Keypress: rctrl
460.3440 	EXP 	Sound  started
461.0706 	DATA 	Keypress: rctrl
461.0940 	EXP 	Sound  started
461.7905 	DATA 	Keypress: rctrl
461.8440 	EXP 	Sound  started
462.5265 	DATA 	Keypress: rctrl
462.5940 	EXP 	Sound  started
463.3265 	DATA 	Keypress: lctrl
463.3440 	EXP 	Sound  started
464.0627 	DATA 	Keypress: lctrl
464.0940 	EXP 	Sound  started
464.7825 	DATA 	Keypress: rctrl
464.8441 	EXP 	Sound  started
465.5025 	DATA 	Keypress: rctrl
465.5941 	EXP 	Sound  started
466.3027 	DATA 	Keypress: rctrl
466.3441 	EXP 	Sound  started
467.0706 	DATA 	Keypress: rctrl
467.0941 	EXP 	Sound  started
467.8065 	DATA 	Keypress: lctrl
467.8441 	EXP 	Sound  started
468.5585 	DATA 	Keypress: rctrl
468.5941 	EXP 	Sound  started
469.3425 	DATA 	Keypress: rctrl
469.3442 	EXP 	Sound  started
470.0942 	EXP 	Sound  started
470.1106 	DATA 	Keypress: lctrl
470.8306 	DATA 	Keypress: lctrl
470.8442 	EXP 	Sound  started
471.5666 	DATA 	Keypress: lctrl
471.5942 	EXP 	Sound  started
472.3442 	EXP 	Sound  started
472.3665 	DATA 	Keypress: lctrl
473.0705 	DATA 	Keypress: rctrl
473.0942 	EXP 	Sound  started
473.8066 	DATA 	Keypress: lctrl
473.8443 	EXP 	Sound  started
474.5745 	DATA 	Keypress: rctrl
474.5943 	EXP 	Sound  started
475.3106 	DATA 	Keypress: lctrl
475.3443 	EXP 	Sound  started
476.0306 	DATA 	Keypress: lctrl
476.0943 	EXP 	Sound  started
476.8443 	EXP 	Sound  started
476.8465 	DATA 	Keypress: rctrl
477.5506 	DATA 	Keypress: lctrl
477.5943 	EXP 	Sound  started
478.2865 	DATA 	Keypress: lctrl
478.3444 	EXP 	Sound  started
479.0944 	EXP 	Sound  started
479.1345 	DATA 	Keypress: lctrl
479.8444 	EXP 	Sound  started
479.8866 	DATA 	Keypress: rctrl
480.5944 	EXP 	Sound  started
480.6385 	DATA 	Keypress: rctrl
481.3444 	EXP 	Sound  started
481.3905 	DATA 	Keypress: lctrl
482.0944 	EXP 	Sound  started
482.1106 	DATA 	Keypress: rctrl
482.8445 	EXP 	Sound  started
482.8465 	DATA 	Keypress: rctrl
483.5825 	DATA 	Keypress: rctrl
483.5945 	EXP 	Sound  started
484.3445 	EXP 	Sound  started
484.3507 	DATA 	Keypress: lctrl
485.0945 	EXP 	Sound  started
485.1026 	DATA 	Keypress: lctrl
485.8445 	EXP 	Sound  started
485.8705 	DATA 	Keypress: rctrl
486.5945 	EXP 	Sound  started
486.6065 	DATA 	Keypress: rctrl
487.3266 	DATA 	Keypress: lctrl
487.3445 	EXP 	Sound  started
488.0786 	DATA 	Keypress: rctrl
488.0946 	EXP 	Sound  started
488.8446 	EXP 	Sound  started
488.8625 	DATA 	Keypress: lctrl
489.5946 	EXP 	Sound  started
489.6466 	DATA 	Keypress: lctrl
490.3446 	EXP 	Sound  started
490.3505 	DATA 	Keypress: rctrl
491.0866 	DATA 	Keypress: lctrl
491.0946 	EXP 	Sound  started
491.8446 	EXP 	Sound  started
491.8705 	DATA 	Keypress: lctrl
492.5946 	EXP 	Sound  started
492.6065 	DATA 	Keypress: rctrl
493.3447 	EXP 	Sound  started
493.3585 	DATA 	Keypress: lctrl
494.0946 	DATA 	Keypress: rctrl
494.0949 	EXP 	Sound  started
494.8146 	DATA 	Keypress: rctrl
494.8449 	EXP 	Sound  started
495.5825 	DATA 	Keypress: rctrl
495.5949 	EXP 	Sound  started
496.3185 	DATA 	Keypress: rctrl
496.3449 	EXP 	Sound  started
497.0950 	EXP 	Sound  started
497.1025 	DATA 	Keypress: lctrl
497.8450 	EXP 	Sound  started
497.8545 	DATA 	Keypress: lctrl
498.5950 	EXP 	Sound  started
498.6065 	DATA 	Keypress: rctrl
499.3267 	DATA 	Keypress: rctrl
499.3450 	EXP 	Sound  started
500.0626 	DATA 	Keypress: rctrl
500.0950 	EXP 	Sound  started
500.8450 	EXP 	Sound  started
500.8466 	DATA 	Keypress: rctrl
501.5665 	DATA 	Keypress: lctrl
502.9330 	DATA 	Keypress: 4
502.9495 	EXP 	unnamed ShapeStim: vertices = <class 'numpy.ndarray'>
507.0397 	DATA 	Keypress: 1
507.0690 	EXP 	unnamed ShapeStim: vertices = <class 'numpy.ndarray'>
508.9912 	DATA 	Keypress: 4
509.0206 	EXP 	unnamed ShapeStim: vertices = <class 'numpy.ndarray'>
511.3063 	EXP 	Sound  started
511.4705 	DATA 	Keypress: lctrl
512.0562 	EXP 	Sound  started
512.0626 	DATA 	Keypress: lctrl
512.7665 	DATA 	Keypress: rctrl
512.8062 	EXP 	Sound  started
513.5506 	DATA 	Keypress: lctrl
513.5563 	EXP 	Sound  started
514.2385 	DATA 	Keypress: rctrl
514.3063 	EXP 	Sound  started
515.0545 	DATA 	Keypress: rctrl
515.0563 	EXP 	Sound  started
515.7586 	DATA 	Keypress: lctrl
515.8063 	EXP 	Sound  started
516.5563 	EXP 	Sound  started
516.5585 	DATA 	Keypress: rctrl
517.3064 	EXP 	Sound  started
517.3425 	DATA 	Keypress: lctrl
518.0305 	DATA 	Keypress: lctrl
518.0564 	EXP 	Sound  started
518.7826 	DATA 	Keypress: lctrl
518.8064 	EXP 	Sound  started
519.5345 	DATA 	Keypress: rctrl
519.5564 	EXP 	Sound  started
520.2865 	DATA 	Keypress: rctrl
520.3064 	EXP 	Sound  started
521.0385 	DATA 	Keypress: lctrl
521.0564 	EXP 	Sound  started
521.7907 	DATA 	Keypress: rctrl
521.8064 	EXP 	Sound  started
522.5565 	EXP 	Sound  started
522.5585 	DATA 	Keypress: rctrl
523.3065 	EXP 	Sound  started
523.3585 	DATA 	Keypress: lctrl
524.0565 	EXP 	Sound  started
524.0785 	DATA 	Keypress: lctrl
524.8065 	EXP 	Sound  started
524.8145 	DATA 	Keypress: rctrl
525.5565 	EXP 	Sound  started
525.5985 	DATA 	Keypress: lctrl
526.3065 	EXP 	Sound  started
526.3185 	DATA 	Keypress: rctrl
527.0545 	DATA 	Keypress: rctrl
527.0566 	EXP 	Sound  started
527.7745 	DATA 	Keypress: lctrl
527.8066 	EXP 	Sound  started
528.5566 	EXP 	Sound  started
528.5585 	DATA 	Keypress: lctrl
529.3066 	EXP 	Sound  started
529.3105 	DATA 	Keypress: lctrl
530.0566 	EXP 	Sound  started
530.0625 	DATA 	Keypress: lctrl
530.7825 	DATA 	Keypress: lctrl
530.8066 	EXP 	Sound  started
531.5345 	DATA 	Keypress: rctrl
531.5567 	EXP 	Sound  started
532.2385 	DATA 	Keypress: lctrl
532.3067 	EXP 	Sound  started
533.0225 	DATA 	Keypress: rctrl
533.0567 	EXP 	Sound  started
533.7425 	DATA 	Keypress: rctrl
533.8067 	EXP 	Sound  started
534.5265 	DATA 	Keypress: lctrl
534.5567 	EXP 	Sound  started
535.2785 	DATA 	Keypress: lctrl
535.3067 	EXP 	Sound  started
536.0567 	EXP 	Sound  started
536.1425 	DATA 	Keypress: rctrl
536.8068 	EXP 	Sound  started
536.8465 	DATA 	Keypress: lctrl
537.5505 	DATA 	Keypress: rctrl
537.5568 	EXP 	Sound  started
538.2865 	DATA 	Keypress: lctrl
538.3068 	EXP 	Sound  started
539.0225 	DATA 	Keypress: lctrl
539.0568 	EXP 	Sound  started
539.8066 	DATA 	Keypress: lctrl
539.8068 	EXP 	Sound  started
540.4945 	DATA 	Keypress: rctrl
540.5569 	EXP 	Sound  started
541.3069 	EXP 	Sound  started
541.3105 	DATA 	Keypress: rctrl
542.0569 	EXP 	Sound  started
542.0785 	DATA 	Keypress: lctrl
542.7666 	DATA 	Keypress: rctrl
542.8069 	EXP 	Sound  started
543.5505 	DATA 	Keypress: rctrl
543.5569 	EXP 	Sound  started
544.3069 	EXP 	Sound  started
545.0225 	DATA 	Keypress: rctrl
545.0569 	EXP 	Sound  started
545.7905 	DATA 	Keypress: rctrl
545.8070 	EXP 	Sound  started
546.5570 	EXP 	Sound  started
546.5585 	DATA 	Keypress: lctrl
547.3070 	EXP 	Sound  started
547.3105 	DATA 	Keypress: lctrl
547.9986 	DATA 	Keypress: lctrl
548.0570 	EXP 	Sound  started
548.7985 	DATA 	Keypress: lctrl
548.8070 	EXP 	Sound  started
549.5185 	DATA 	Keypress: lctrl
549.5570 	EXP 	Sound  started
550.2705 	DATA 	Keypress: lctrl
550.3071 	EXP 	Sound  started
551.0545 	DATA 	Keypress: rctrl
551.0571 	EXP 	Sound  started
551.8071 	EXP 	Sound  started
551.8225 	DATA 	Keypress: lctrl
552.4945 	DATA 	Keypress: rctrl
552.5571 	EXP 	Sound  started
553.2306 	DATA 	Keypress: rctrl
553.3071 	EXP 	Sound  started
554.0571 	EXP 	Sound  started
554.0624 	DATA 	Keypress: rctrl
554.7665 	DATA 	Keypress: rctrl
554.8071 	EXP 	Sound  started
555.5345 	DATA 	Keypress: rctrl
555.5572 	EXP 	Sound  started
556.2865 	DATA 	Keypress: lctrl
556.3072 	EXP 	Sound  started
557.0385 	DATA 	Keypress: rctrl
557.0572 	EXP 	Sound  started
557.7745 	DATA 	Keypress: rctrl
557.8072 	EXP 	Sound  started
558.4785 	DATA 	Keypress: lctrl
558.5572 	EXP 	Sound  started
559.2625 	DATA 	Keypress: lctrl
559.3072 	EXP 	Sound  started
560.0572 	EXP 	Sound  started
560.0625 	DATA 	Keypress: rctrl
560.7824 	DATA 	Keypress: lctrl
560.8072 	EXP 	Sound  started
561.5345 	DATA 	Keypress: lctrl
561.5573 	EXP 	Sound  started
562.2705 	DATA 	Keypress: rctrl
562.3073 	EXP 	Sound  started
563.0385 	DATA 	Keypress: rctrl
563.0573 	EXP 	Sound  started
563.7906 	DATA 	Keypress: rctrl
565.5838 	DATA 	Keypress: 1
565.6003 	EXP 	unnamed ShapeStim: vertices = <class 'numpy.ndarray'>
567.5359 	DATA 	Keypress: 4
567.5524 	EXP 	unnamed ShapeStim: vertices = <class 'numpy.ndarray'>
572.5266 	DATA 	Keypress: 2
572.5560 	EXP 	unnamed ShapeStim: vertices = <class 'numpy.ndarray'>
574.8407 	EXP 	Sound  started
575.0386 	DATA 	Keypress: rctrl
575.5907 	EXP 	Sound  started
575.6305 	DATA 	Keypress: rctrl
576.3407 	EXP 	Sound  started
576.3505 	DATA 	Keypress: rctrl
577.0908 	EXP 	Sound  started
577.1184 	DATA 	Keypress: lctrl
577.8408 	EXP 	Sound  started
577.8545 	DATA 	Keypress: lctrl
578.5908 	EXP 	Sound  started
578.6065 	DATA 	Keypress: rctrl
579.2945 	DATA 	Keypress: lctrl
579.3408 	EXP 	Sound  started
580.0908 	EXP 	Sound  started
580.1104 	DATA 	Keypress: lctrl
580.8408 	EXP 	Sound  started
580.8465 	DATA 	Keypress: lctrl
581.5665 	DATA 	Keypress: rctrl
581.5909 	EXP 	Sound  started
582.3345 	DATA 	Keypress: lctrl
582.3409 	EXP 	Sound  started
583.0909 	EXP 	Sound  started
583.1024 	DATA 	Keypress: rctrl
583.8065 	DATA 	Keypress: lctrl
583.8409 	EXP 	Sound  started
584.5585 	DATA 	Keypress: lctrl
584.5909 	EXP 	Sound  started
585.3265 	DATA 	Keypress: rctrl
585.3409 	EXP 	Sound  started
586.0625 	DATA 	Keypress: rctrl
586.0910 	EXP 	Sound  started
586.7985 	DATA 	Keypress: lctrl
586.8410 	EXP 	Sound  started
587.5665 	DATA 	Keypress: lctrl
587.5910 	EXP 	Sound  started
588.3345 	DATA 	Keypress: lctrl
588.3410 	EXP 	Sound  started
589.0910 	EXP 	Sound  started
589.1504 	DATA 	Keypress: lctrl
589.8410 	EXP 	Sound  started
589.8545 	DATA 	Keypress: rctrl
590.5911 	EXP 	Sound  started
590.6064 	DATA 	Keypress: lctrl
591.3411 	EXP 	Sound  started
591.3425 	DATA 	Keypress: lctrl
592.0911 	EXP 	Sound  started
592.0944 	DATA 	Keypress: rctrl
592.8304 	DATA 	Keypress: lctrl
592.8411 	EXP 	Sound  started
593.5911 	EXP 	Sound  started
593.5984 	DATA 	Keypress: lctrl
594.3411 	EXP 	Sound  started
594.3505 	DATA 	Keypress: lctrl
595.0911 	EXP 	Sound  started
595.1186 	DATA 	Keypress: lctrl
595.8384 	DATA 	Keypress: rctrl
595.8411 	EXP 	Sound  started
596.5912 	EXP 	Sound  started
596.6065 	DATA 	Keypress: rctrl
597.3265 	DATA 	Keypress: rctrl
597.3412 	EXP 	Sound  started
598.0624 	DATA 	Keypress: rctrl
598.0912 	EXP 	Sound  started
598.8146 	DATA 	Keypress: rctrl
598.8412 	EXP 	Sound  started
599.5912 	EXP 	Sound  started
599.6144 	DATA 	Keypress: lctrl
600.3025 	DATA 	Keypress: lctrl
600.3412 	EXP 	Sound  started
601.0544 	DATA 	Keypress: lctrl
601.0912 	EXP 	Sound  started
601.8225 	DATA 	Keypress: rctrl
601.8413 	EXP 	Sound  started
602.5745 	DATA 	Keypress: lctrl
602.5913 	EXP 	Sound  started
603.3104 	DATA 	Keypress: lctrl
603.3413 	EXP 	Sound  started
604.0625 	DATA 	Keypress: lctrl
604.0913 	EXP 	Sound  started
604.7824 	DATA 	Keypress: rctrl
604.8413 	EXP 	Sound  started
605.5505 	DATA 	Keypress: rctrl
605.5913 	EXP 	Sound  started
606.2545 	DATA 	Keypress: lctrl
606.3414 	EXP 	Sound  started
607.0224 	DATA 	Keypress: rctrl
607.0914 	EXP 	Sound  started
607.7906 	DATA 	Keypress: rctrl
607.8414 	EXP 	Sound  started
608.5745 	DATA 	Keypress: lctrl
608.5914 	EXP 	Sound  started
609.3414 	EXP 	Sound  started
609.3424 	DATA 	Keypress: lctrl
610.0784 	DATA 	Keypress: lctrl
610.0914 	EXP 	Sound  started
610.8304 	DATA 	Keypress: rctrl
610.8414 	EXP 	Sound  started
611.5915 	EXP 	Sound  started
611.5984 	DATA 	Keypress: rctrl
612.2864 	DATA 	Keypress: rctrl
612.3415 	EXP 	Sound  started
613.0915 	EXP 	Sound  started
613.1024 	DATA 	Keypress: rctrl
613.8384 	DATA 	Keypress: lctrl
613.8415 	EXP 	Sound  started
614.5745 	DATA 	Keypress: rctrl
614.5915 	EXP 	Sound  started
615.3104 	DATA 	Keypress: lctrl
615.3415 	EXP 	Sound  started
616.0464 	DATA 	Keypress: lctrl
616.0915 	EXP 	Sound  started
616.8144 	DATA 	Keypress: rctrl
616.8416 	EXP 	Sound  started
617.5505 	DATA 	Keypress: lctrl
617.5916 	EXP 	Sound  started
618.3024 	DATA 	Keypress: lctrl
618.3416 	EXP 	Sound  started
619.0065 	DATA 	Keypress: rctrl
619.0916 	EXP 	Sound  started
619.8385 	DATA 	Keypress: rctrl
619.8416 	EXP 	Sound  started
620.5905 	DATA 	Keypress: lctrl
620.5916 	EXP 	Sound  started
621.2784 	DATA 	Keypress: rctrl
621.3416 	EXP 	Sound  started
622.0305 	DATA 	Keypress: rctrl
622.0917 	EXP 	Sound  started
622.7984 	DATA 	Keypress: lctrl
622.8417 	EXP 	Sound  started
623.5824 	DATA 	Keypress: lctrl
623.5917 	EXP 	Sound  started
624.3024 	DATA 	Keypress: lctrl
624.3417 	EXP 	Sound  started
625.0705 	DATA 	Keypress: lctrl
625.0917 	EXP 	Sound  started
625.8065 	DATA 	Keypress: rctrl
625.8417 	EXP 	Sound  started
626.5584 	DATA 	Keypress: lctrl
626.5918 	EXP 	Sound  started
627.2784 	DATA 	Keypress: rctrl
627.3418 	EXP 	Sound  started
628.0624 	DATA 	Keypress: rctrl
628.0918 	EXP 	Sound  started
628.7664 	DATA 	Keypress: lctrl
628.8418 	EXP 	Sound  started
629.5345 	DATA 	Keypress: lctrl
629.5918 	EXP 	Sound  started
630.2864 	DATA 	Keypress: rctrl
630.3418 	EXP 	Sound  started
631.0919 	EXP 	Sound  started
631.1344 	DATA 	Keypress: rctrl
631.8225 	DATA 	Keypress: rctrl
631.8419 	EXP 	Sound  started
632.5584 	DATA 	Keypress: rctrl
632.5919 	EXP 	Sound  started
633.2145 	DATA 	Keypress: lctrl
633.3419 	EXP 	Sound  started
634.0305 	DATA 	Keypress: lctrl
634.0919 	EXP 	Sound  started
634.7664 	DATA 	Keypress: rctrl
634.8419 	EXP 	Sound  started
635.5664 	DATA 	Keypress: lctrl
635.5919 	EXP 	Sound  started
636.3344 	DATA 	Keypress: lctrl
636.3420 	EXP 	Sound  started
637.0384 	DATA 	Keypress: lctrl
637.0920 	EXP 	Sound  started
637.8064 	DATA 	Keypress: rctrl
637.8420 	EXP 	Sound  started
638.5920 	EXP 	Sound  started
638.6064 	DATA 	Keypress: rctrl
639.3466 	DATA 	Keypress: rctrl
642.7675 	DATA 	Keypress: 3
642.7969 	EXP 	unnamed ShapeStim: vertices = <class 'numpy.ndarray'>
645.1828 	DATA 	Keypress: 1
645.1993 	EXP 	unnamed ShapeStim: vertices = <class 'numpy.ndarray'>
650.3032 	DATA 	Keypress: 3
650.3197 	EXP 	unnamed ShapeStim: vertices = <class 'numpy.ndarray'>
652.6049 	EXP 	Sound  started
652.8144 	DATA 	Keypress: lctrl
653.3548 	EXP 	Sound  started
653.4224 	DATA 	Keypress: rctrl
654.1049 	EXP 	Sound  started
654.1584 	DATA 	Keypress: rctrl
654.8549 	EXP 	Sound  started
654.8624 	DATA 	Keypress: rctrl
655.5664 	DATA 	Keypress: lctrl
655.6049 	EXP 	Sound  started
656.3345 	DATA 	Keypress: rctrl
656.3549 	EXP 	Sound  started
657.0704 	DATA 	Keypress: lctrl
657.1049 	EXP 	Sound  started
657.8224 	DATA 	Keypress: lctrl
657.8549 	EXP 	Sound  started
658.6049 	EXP 	Sound  started
658.6064 	DATA 	Keypress: lctrl
659.3550 	EXP 	Sound  started
659.3584 	DATA 	Keypress: rctrl
660.0624 	DATA 	Keypress: lctrl
660.1050 	EXP 	Sound  started
660.7984 	DATA 	Keypress: lctrl
660.8550 	EXP 	Sound  started
661.5824 	DATA 	Keypress: rctrl
661.6050 	EXP 	Sound  started
662.3344 	DATA 	Keypress: rctrl
662.3550 	EXP 	Sound  started
663.1050 	EXP 	Sound  started
663.1184 	DATA 	Keypress: lctrl
663.8224 	DATA 	Keypress: rctrl
663.8550 	EXP 	Sound  started
664.6050 	EXP 	Sound  started
664.6064 	DATA 	Keypress: rctrl
665.3551 	EXP 	Sound  started
665.3904 	DATA 	Keypress: lctrl
666.1051 	EXP 	Sound  started
666.1104 	DATA 	Keypress: rctrl
666.8551 	EXP 	Sound  started
666.8624 	DATA 	Keypress: rctrl
667.5664 	DATA 	Keypress: lctrl
667.6051 	EXP 	Sound  started
668.3184 	DATA 	Keypress: lctrl
668.3551 	EXP 	Sound  started
669.0704 	DATA 	Keypress: rctrl
669.1051 	EXP 	Sound  started
669.8224 	DATA 	Keypress: lctrl
669.8552 	EXP 	Sound  started
670.5904 	DATA 	Keypress: lctrl
670.6052 	EXP 	Sound  started
671.3552 	EXP 	Sound  started
671.3584 	DATA 	Keypress: lctrl
672.0624 	DATA 	Keypress: rctrl
672.1052 	EXP 	Sound  started
672.8464 	DATA 	Keypress: rctrl
672.8552 	EXP 	Sound  started
673.5665 	DATA 	Keypress: lctrl
673.6052 	EXP 	Sound  started
674.3184 	DATA 	Keypress: lctrl
674.3552 	EXP 	Sound  started
675.1053 	EXP 	Sound  started
675.1184 	DATA 	Keypress: rctrl
675.8224 	DATA 	Keypress: lctrl
675.8553 	EXP 	Sound  started
676.5744 	DATA 	Keypress: rctrl
676.6053 	EXP 	Sound  started
677.3105 	DATA 	Keypress: lctrl
677.3553 	EXP 	Sound  started
678.0785 	DATA 	Keypress: rctrl
678.1053 	EXP 	Sound  started
678.8144 	DATA 	Keypress: rctrl
678.8553 	EXP 	Sound  started
679.5504 	DATA 	Keypress: lctrl
679.6053 	EXP 	Sound  started
680.2864 	DATA 	Keypress: lctrl
680.3553 	EXP 	Sound  started
681.0864 	DATA 	Keypress: lctrl
681.1054 	EXP 	Sound  started
681.8224 	DATA 	Keypress: rctrl
681.8554 	EXP 	Sound  started
682.5584 	DATA 	Keypress: lctrl
682.6054 	EXP 	Sound  started
683.2945 	DATA 	Keypress: rctrl
683.3554 	EXP 	Sound  started
684.0784 	DATA 	Keypress: rctrl
684.1054 	EXP 	Sound  started
684.8144 	DATA 	Keypress: rctrl
684.8554 	EXP 	Sound  started
685.5824 	DATA 	Keypress: rctrl
685.6054 	EXP 	Sound  started
686.2864 	DATA 	Keypress: rctrl
686.3554 	EXP 	Sound  started
687.0705 	DATA 	Keypress: rctrl
687.1055 	EXP 	Sound  started
687.8224 	DATA 	Keypress: rctrl
687.8555 	EXP 	Sound  started
688.5904 	DATA 	Keypress: rctrl
688.6055 	EXP 	Sound  started
689.3104 	DATA 	Keypress: rctrl
689.3555 	EXP 	Sound  started
689.9984 	DATA 	Keypress: lctrl
690.1055 	EXP 	Sound  started
690.7663 	DATA 	Keypress: lctrl
690.8555 	EXP 	Sound  started
691.5344 	DATA 	Keypress: rctrl
691.6056 	EXP 	Sound  started
692.2864 	DATA 	Keypress: lctrl
692.3556 	EXP 	Sound  started
693.0225 	DATA 	Keypress: rctrl
693.1056 	EXP 	Sound  started
693.7264 	DATA 	Keypress: lctrl
693.8556 	EXP 	Sound  started
694.5584 	DATA 	Keypress: lctrl
694.6056 	EXP 	Sound  started
695.2464 	DATA 	Keypress: rctrl
695.3556 	EXP 	Sound  started
695.9984 	DATA 	Keypress: rctrl
696.1056 	EXP 	Sound  started
696.7344 	DATA 	Keypress: lctrl
696.8557 	EXP 	Sound  started
697.5344 	DATA 	Keypress: lctrl
697.6057 	EXP 	Sound  started
698.3024 	DATA 	Keypress: lctrl
698.3557 	EXP 	Sound  started
699.0384 	DATA 	Keypress: rctrl
699.1057 	EXP 	Sound  started
699.7264 	DATA 	Keypress: lctrl
699.8557 	EXP 	Sound  started
700.4624 	DATA 	Keypress: lctrl
700.6057 	EXP 	Sound  started
701.2784 	DATA 	Keypress: rctrl
701.3557 	EXP 	Sound  started
701.9985 	DATA 	Keypress: lctrl
702.1058 	EXP 	Sound  started
702.7825 	DATA 	Keypress: rctrl
702.8558 	EXP 	Sound  started
703.4704 	DATA 	Keypress: lctrl
703.6058 	EXP 	Sound  started
704.2543 	DATA 	Keypress: lctrl
704.3558 	EXP 	Sound  started
705.0384 	DATA 	Keypress: lctrl
705.1058 	EXP 	Sound  started
705.7904 	DATA 	Keypress: lctrl
707.6835 	DATA 	Keypress: 4
707.7000 	EXP 	unnamed ShapeStim: vertices = <class 'numpy.ndarray'>
709.6356 	DATA 	Keypress: 3
709.6521 	EXP 	unnamed ShapeStim: vertices = <class 'numpy.ndarray'>
712.6414 	DATA 	Keypress: 4
712.6708 	EXP 	unnamed ShapeStim: vertices = <class 'numpy.ndarray'>
714.9560 	EXP 	Sound  started
715.1504 	DATA 	Keypress: lctrl
715.7060 	EXP 	Sound  started
715.7424 	DATA 	Keypress: lctrl
716.4464 	DATA 	Keypress: rctrl
716.4560 	EXP 	Sound  started
717.1824 	DATA 	Keypress: lctrl
717.2060 	EXP 	Sound  started
717.9560 	EXP 	Sound  started
717.9665 	DATA 	Keypress: rctrl
718.7060 	EXP 	Sound  started
718.7183 	DATA 	Keypress: rctrl
719.4384 	DATA 	Keypress: rctrl
719.4560 	EXP 	Sound  started
720.1743 	DATA 	Keypress: rctrl
720.2060 	EXP 	Sound  started
720.9104 	DATA 	Keypress: lctrl
720.9561 	EXP 	Sound  started
721.6944 	DATA 	Keypress: lctrl
721.7061 	EXP 	Sound  started
722.4464 	DATA 	Keypress: rctrl
722.4561 	EXP 	Sound  started
723.2061 	EXP 	Sound  started
723.2143 	DATA 	Keypress: lctrl
723.9504 	DATA 	Keypress: lctrl
723.9561 	EXP 	Sound  started
724.6703 	DATA 	Keypress: lctrl
724.7061 	EXP 	Sound  started
725.3743 	DATA 	Keypress: lctrl
725.4562 	EXP 	Sound  started
726.1743 	DATA 	Keypress: rctrl
726.2062 	EXP 	Sound  started
726.9424 	DATA 	Keypress: lctrl
726.9562 	EXP 	Sound  started
727.6784 	DATA 	Keypress: lctrl
727.7062 	EXP 	Sound  started
728.4304 	DATA 	Keypress: lctrl
728.4562 	EXP 	Sound  started
729.1504 	DATA 	Keypress: lctrl
729.2062 	EXP 	Sound  started
729.9504 	DATA 	Keypress: rctrl
729.9562 	EXP 	Sound  started
730.6863 	DATA 	Keypress: lctrl
730.7063 	EXP 	Sound  started
731.3904 	DATA 	Keypress: rctrl
731.4563 	EXP 	Sound  started
732.1743 	DATA 	Keypress: rctrl
732.2063 	EXP 	Sound  started
732.9104 	DATA 	Keypress: lctrl
732.9563 	EXP 	Sound  started
733.6464 	DATA 	Keypress: rctrl
733.7063 	EXP 	Sound  started
734.4143 	DATA 	Keypress: rctrl
734.4563 	EXP 	Sound  started
735.1984 	DATA 	Keypress: rctrl
735.2063 	EXP 	Sound  started
735.9504 	DATA 	Keypress: lctrl
735.9564 	EXP 	Sound  started
736.6543 	DATA 	Keypress: rctrl
736.7064 	EXP 	Sound  started
737.4564 	EXP 	Sound  started
737.4704 	DATA 	Keypress: rctrl
738.2064 	EXP 	Sound  started
738.2223 	DATA 	Keypress: lctrl
738.9104 	DATA 	Keypress: lctrl
738.9564 	EXP 	Sound  started
739.5984 	DATA 	Keypress: rctrl
739.7064 	EXP 	Sound  started
740.4144 	DATA 	Keypress: rctrl
740.4564 	EXP 	Sound  started
741.1823 	DATA 	Keypress: lctrl
741.2065 	EXP 	Sound  started
741.8863 	DATA 	Keypress: rctrl
741.9565 	EXP 	Sound  started
742.6544 	DATA 	Keypress: lctrl
742.7065 	EXP 	Sound  started
743.3903 	DATA 	Keypress: lctrl
743.4565 	EXP 	Sound  started
744.1103 	DATA 	Keypress: rctrl
744.2065 	EXP 	Sound  started
744.9103 	DATA 	Keypress: lctrl
744.9565 	EXP 	Sound  started
745.6303 	DATA 	Keypress: rctrl
745.7065 	EXP 	Sound  started
746.3823 	DATA 	Keypress: lctrl
746.4566 	EXP 	Sound  started
747.1344 	DATA 	Keypress: lctrl
747.2066 	EXP 	Sound  started
747.8703 	DATA 	Keypress: lctrl
747.9566 	EXP 	Sound  started
748.6384 	DATA 	Keypress: rctrl
748.7066 	EXP 	Sound  started
749.4223 	DATA 	Keypress: rctrl
749.4566 	EXP 	Sound  started
750.1583 	DATA 	Keypress: rctrl
750.2066 	EXP 	Sound  started
750.8943 	DATA 	Keypress: rctrl
750.9567 	EXP 	Sound  started
751.6143 	DATA 	Keypress: lctrl
751.7067 	EXP 	Sound  started
752.4303 	DATA 	Keypress: rctrl
752.4567 	EXP 	Sound  started
753.1983 	DATA 	Keypress: rctrl
753.2067 	EXP 	Sound  started
753.9024 	DATA 	Keypress: rctrl
753.9567 	EXP 	Sound  started
754.6223 	DATA 	Keypress: lctrl
754.7067 	EXP 	Sound  started
755.3904 	DATA 	Keypress: rctrl
755.4567 	EXP 	Sound  started
756.1263 	DATA 	Keypress: rctrl
756.2067 	EXP 	Sound  started
756.9568 	EXP 	Sound  started
756.9583 	DATA 	Keypress: lctrl
757.6784 	DATA 	Keypress: lctrl
757.7068 	EXP 	Sound  started
758.3983 	DATA 	Keypress: rctrl
758.4568 	EXP 	Sound  started
759.1664 	DATA 	Keypress: rctrl
759.2068 	EXP 	Sound  started
759.9024 	DATA 	Keypress: rctrl
759.9568 	EXP 	Sound  started
760.6703 	DATA 	Keypress: rctrl
760.7068 	EXP 	Sound  started
761.3583 	DATA 	Keypress: lctrl
761.4569 	EXP 	Sound  started
762.1103 	DATA 	Keypress: rctrl
762.2069 	EXP 	Sound  started
762.8944 	DATA 	Keypress: lctrl
762.9569 	EXP 	Sound  started
763.6783 	DATA 	Keypress: lctrl
763.7069 	EXP 	Sound  started
764.3823 	DATA 	Keypress: lctrl
764.4569 	EXP 	Sound  started
765.1664 	DATA 	Keypress: lctrl
765.2069 	EXP 	Sound  started
765.9183 	DATA 	Keypress: rctrl
765.9569 	EXP 	Sound  started
766.6544 	DATA 	Keypress: lctrl
766.7070 	EXP 	Sound  started
767.4064 	DATA 	Keypress: lctrl
767.4570 	EXP 	Sound  started
768.1583 	DATA 	Keypress: lctrl
768.2070 	EXP 	Sound  started
768.9263 	DATA 	Keypress: lctrl
768.9570 	EXP 	Sound  started
769.7070 	EXP 	Sound  started
769.7743 	DATA 	Keypress: lctrl
770.4570 	EXP 	Sound  started
770.4784 	DATA 	Keypress: lctrl
771.2071 	EXP 	Sound  started
771.2943 	DATA 	Keypress: rctrl
771.9571 	EXP 	Sound  started
771.9983 	DATA 	Keypress: lctrl
772.7023 	DATA 	Keypress: rctrl
772.7071 	EXP 	Sound  started
773.4383 	DATA 	Keypress: rctrl
773.4571 	EXP 	Sound  started
774.1903 	DATA 	Keypress: rctrl
776.3731 	DATA 	Keypress: 3
776.3896 	EXP 	unnamed ShapeStim: vertices = <class 'numpy.ndarray'>
781.8443 	DATA 	Keypress: 3
781.8608 	EXP 	unnamed ShapeStim: vertices = <class 'numpy.ndarray'>
789.0168 	DATA 	Keypress: 2
789.0333 	EXP 	unnamed ShapeStim: vertices = <class 'numpy.ndarray'>
793.3356 	DATA 	Keypress: lctrl
986.2222 	DATA 	Keypress: return
986.3027 	EXP 	window1: mouseVisible = True
