774.2819 	WARNING 	User requested fullscreen with size [1024  768], but screen is actually [1920, 1200]. Using actual size
775.0770 	EXP 	Created window1 = Window(allowGUI=False, allowStencil=False, autoLog=True, backendConf=UNKNOWN, bitsMode=UNKNOWN, blendMode='avg', bpc=(8, 8, 8), color=array([0, 0, 0]), colorSpace='rgb', depthBits=8, fullscr=<method-wrapper '__getattribute__' of attributeSetter object at 0x0000011E554A67B8>, gamma=None, gammaErrorPolicy='raise', lms=UNKNOWN, monitor=<psychopy.monitors.calibTools.Monitor object at 0x0000011E56BE40B8>, multiSample=False, name='window1', numSamples=2, pos=[0.0, 0.0], screen=0, size=array([1920, 1200]), stencilBits=0, stereo=False, units='norm', useFBO=True, useRetina=False, viewOri=0.0, viewPos=None, viewScale=None, waitBlanking=True, winType='pyglet')
775.0773 	EXP 	window1: mouseVisible = True
775.0774 	EXP 	window1: mouseVisible = False
775.0774 	EXP 	window1: recordFrameIntervals = False
775.2435 	EXP 	window1: recordFrameIntervals = True
775.4270 	EXP 	window1: recordFrameIntervals = False
775.4807 	EXP 	Created text = TextStim(__class__=<class 'psychopy.visual.text.TextStim'>, alignHoriz=method-wrapper(...), alignText='center', alignVert=method-wrapper(...), anchorHoriz='center', anchorVert='center', antialias=True, autoLog=True, bold=False, color=array([1., 1., 1.]), colorSpace='rgb', contrast=1.0, depth=0.0, flipHoriz=False, flipVert=False, font='Arial', fontFiles=[], height=0.15, italic=False, languageStyle='LTR', name='text', opacity=1, ori=0, pos=array([0., 0.]), rgb=UNKNOWN, text='+', units='norm', win=Window(...), wrapWidth=1)
775.5011 	EXP 	Created text = TextStim(__class__=<class 'psychopy.visual.text.TextStim'>, alignHoriz=method-wrapper(...), alignText='center', alignVert=method-wrapper(...), anchorHoriz='center', anchorVert='center', antialias=True, autoLog=True, bold=False, color=array([1., 1., 1.]), colorSpace='rgb', contrast=1.0, depth=0.0, flipHoriz=False, flipVert=False, font='Arial', fontFiles=[], height=0.07, italic=False, languageStyle='LTR', name='text', opacity=1, ori=0, pos=array([0., 0.]), rgb=UNKNOWN, text=str(...), units='norm', win=Window(...), wrapWidth=1.65)
775.5133 	EXP 	Created text = TextStim(__class__=<class 'psychopy.visual.text.TextStim'>, alignHoriz=method-wrapper(...), alignText='center', alignVert=method-wrapper(...), anchorHoriz='center', anchorVert='center', antialias=True, autoLog=True, bold=False, color=array([1., 1., 1.]), colorSpace='rgb', contrast=1.0, depth=0.0, flipHoriz=False, flipVert=False, font='Arial', fontFiles=[], height=0.07, italic=False, languageStyle='LTR', name='text', opacity=1, ori=0, pos=array([0., 0.]), rgb=UNKNOWN, text=str(...), units='norm', win=Window(...), wrapWidth=1.65)
775.5230 	EXP 	Created text = TextStim(__class__=<class 'psychopy.visual.text.TextStim'>, alignHoriz=method-wrapper(...), alignText='center', alignVert=method-wrapper(...), anchorHoriz='center', anchorVert='center', antialias=True, autoLog=True, bold=False, color=array([1., 1., 1.]), colorSpace='rgb', contrast=1.0, depth=0.0, flipHoriz=False, flipVert=False, font='Arial', fontFiles=[], height=0.07, italic=False, languageStyle='LTR', name='text', opacity=1, ori=0, pos=array([0., 0.]), rgb=UNKNOWN, text=str(...), units='norm', win=Window(...), wrapWidth=1.65)
775.5331 	EXP 	Created text = TextStim(__class__=<class 'psychopy.visual.text.TextStim'>, alignHoriz=method-wrapper(...), alignText='center', alignVert=method-wrapper(...), anchorHoriz='center', anchorVert='center', antialias=True, autoLog=True, bold=False, color=array([1., 1., 1.]), colorSpace='rgb', contrast=1.0, depth=0.0, flipHoriz=False, flipVert=False, font='Arial', fontFiles=[], height=0.07, italic=False, languageStyle='LTR', name='text', opacity=1, ori=0, pos=array([0., 0.]), rgb=UNKNOWN, text=str(...), units='norm', win=Window(...), wrapWidth=1.65)
775.5381 	EXP 	Created text = TextStim(__class__=<class 'psychopy.visual.text.TextStim'>, alignHoriz=method-wrapper(...), alignText='center', alignVert=method-wrapper(...), anchorHoriz='center', anchorVert='center', antialias=True, autoLog=True, bold=False, color=array([1., 1., 1.]), colorSpace='rgb', contrast=1.0, depth=0.0, flipHoriz=False, flipVert=False, font='Arial', fontFiles=[], height=0.07, italic=False, languageStyle='LTR', name='text', opacity=1, ori=0, pos=array([0., 0.]), rgb=UNKNOWN, text=str(...), units='norm', win=Window(...), wrapWidth=1.65)
775.5518 	EXP 	Created text = TextStim(__class__=<class 'psychopy.visual.text.TextStim'>, alignHoriz=method-wrapper(...), alignText='center', alignVert=method-wrapper(...), anchorHoriz='center', anchorVert='center', antialias=True, autoLog=True, bold=False, color=array([1., 1., 1.]), colorSpace='rgb', contrast=1.0, depth=0.0, flipHoriz=False, flipVert=False, font='Arial', fontFiles=[], height=0.15, italic=False, languageStyle='LTR', name='text', opacity=1, ori=0, pos=array([0., 0.]), rgb=UNKNOWN, text=str(...), units='norm', win=Window(...), wrapWidth=1.65)
775.5804 	EXP 	Created text = TextStim(__class__=<class 'psychopy.visual.text.TextStim'>, alignHoriz=method-wrapper(...), alignText='center', alignVert=method-wrapper(...), anchorHoriz='center', anchorVert='center', antialias=True, autoLog=True, bold=False, color=array([1., 1., 1.]), colorSpace='rgb', contrast=1.0, depth=0.0, flipHoriz=False, flipVert=False, font='Arial', fontFiles=[], height=0.07, italic=False, languageStyle='LTR', name='text', opacity=1, ori=0, pos=array([0., 0.]), rgb=UNKNOWN, text=str(...), units='norm', win=Window(...), wrapWidth=1.65)
775.5985 	EXP 	Created text = TextStim(__class__=<class 'psychopy.visual.text.TextStim'>, alignHoriz=method-wrapper(...), alignText='center', alignVert=method-wrapper(...), anchorHoriz='center', anchorVert='center', antialias=True, autoLog=True, bold=False, color=array([1., 1., 1.]), colorSpace='rgb', contrast=1.0, depth=0.0, flipHoriz=False, flipVert=False, font='Arial', fontFiles=[], height=0.07, italic=False, languageStyle='LTR', name='text', opacity=1, ori=0, pos=array([0., 0.]), rgb=UNKNOWN, text=str(...), units='norm', win=Window(...), wrapWidth=1.65)
775.6295 	EXP 	Created text = TextStim(__class__=<class 'psychopy.visual.text.TextStim'>, alignHoriz=method-wrapper(...), alignText='center', alignVert=method-wrapper(...), anchorHoriz='center', anchorVert='center', antialias=True, autoLog=True, bold=False, color=array([1., 1., 1.]), colorSpace='rgb', contrast=1.0, depth=0.0, flipHoriz=False, flipVert=False, font='Arial', fontFiles=[], height=0.07, italic=False, languageStyle='LTR', name='text', opacity=1, ori=0, pos=array([0., 0.]), rgb=UNKNOWN, text=str(...), units='norm', win=Window(...), wrapWidth=1.65)
775.6576 	EXP 	Created text = TextStim(__class__=<class 'psychopy.visual.text.TextStim'>, alignHoriz=method-wrapper(...), alignText='center', alignVert=method-wrapper(...), anchorHoriz='center', anchorVert='center', antialias=True, autoLog=True, bold=False, color=array([1., 1., 1.]), colorSpace='rgb', contrast=1.0, depth=0.0, flipHoriz=False, flipVert=False, font='Arial', fontFiles=[], height=0.07, italic=False, languageStyle='LTR', name='text', opacity=1, ori=0, pos=array([0., 0.]), rgb=UNKNOWN, text=str(...), units='norm', win=Window(...), wrapWidth=1.65)
775.6900 	EXP 	Created text = TextStim(__class__=<class 'psychopy.visual.text.TextStim'>, alignHoriz=method-wrapper(...), alignText='center', alignVert=method-wrapper(...), anchorHoriz='center', anchorVert='center', antialias=True, autoLog=True, bold=False, color=array([1., 1., 1.]), colorSpace='rgb', contrast=1.0, depth=0.0, flipHoriz=False, flipVert=False, font='Arial', fontFiles=[], height=0.07, italic=False, languageStyle='LTR', name='text', opacity=1, ori=0, pos=array([0., 0.]), rgb=UNKNOWN, text=str(...), units='norm', win=Window(...), wrapWidth=1.65)
775.6989 	EXP 	Created text = TextStim(__class__=<class 'psychopy.visual.text.TextStim'>, alignHoriz=method-wrapper(...), alignText='center', alignVert=method-wrapper(...), anchorHoriz='center', anchorVert='center', antialias=True, autoLog=True, bold=False, color=array([1., 1., 1.]), colorSpace='rgb', contrast=1.0, depth=0.0, flipHoriz=False, flipVert=False, font='Arial', fontFiles=[], height=0.07, italic=False, languageStyle='LTR', name='text', opacity=1, ori=0, pos=array([0., 0.]), rgb=UNKNOWN, text=str(...), units='norm', win=Window(...), wrapWidth=1.65)
775.7114 	EXP 	Created text = TextStim(__class__=<class 'psychopy.visual.text.TextStim'>, alignHoriz=method-wrapper(...), alignText='center', alignVert=method-wrapper(...), anchorHoriz='center', anchorVert='center', antialias=True, autoLog=True, bold=False, color=array([1., 1., 1.]), colorSpace='rgb', contrast=1.0, depth=0.0, flipHoriz=False, flipVert=False, font='Arial', fontFiles=[], height=0.07, italic=False, languageStyle='LTR', name='text', opacity=1, ori=0, pos=array([0., 0.]), rgb=UNKNOWN, text=str(...), units='norm', win=Window(...), wrapWidth=1.65)
775.7160 	EXP 	Created instru = TextStim(__class__=<class 'psychopy.visual.text.TextStim'>, alignHoriz=method-wrapper(...), alignText='center', alignVert=method-wrapper(...), anchorHoriz='center', anchorVert='center', antialias=True, autoLog=True, bold=False, color=array([1., 1., 1.]), colorSpace='rgb', contrast=1.0, depth=0.0, flipHoriz=False, flipVert=False, font='Arial', fontFiles=[], height=0.07, italic=False, languageStyle='LTR', name='instru', opacity=1, ori=0, pos=array([0. , 0.5]), rgb=UNKNOWN, text=str(...), units='norm', win=Window(...), wrapWidth=1)
775.7186 	EXP 	Created unnamed Line = Line(__class__=<class 'psychopy.visual.line.Line'>, autoDraw=False, autoLog=True, closeShape=False, color=array([1., 1., 1.]), colorSpace='rgb', contrast=None, depth=0, fillColor=array([0, 0, 0]), fillColorSpace='rgb', fillRGB=array([0, 0, 0]), interpolate=True, lineColor=array([1., 1., 1.]), lineColorSpace='rgb', lineRGB=array([1, 1, 1]), lineWidth=5, name='unnamed Line', opacity=0.5, ori=0.0, pos=array([0., 0.]), size=array([1., 1.]), units='norm', vertices=array([[-0.5,  0. ],
       [ 0.5,  0. ]]), win=Window(...), windingRule=None)
775.7206 	EXP 	Created unnamed Line = Line(__class__=<class 'psychopy.visual.line.Line'>, autoDraw=False, autoLog=True, closeShape=False, color=array([1., 1., 1.]), colorSpace='rgb', contrast=None, depth=0, fillColor=array([0, 0, 0]), fillColorSpace='rgb', fillRGB=array([0, 0, 0]), interpolate=True, lineColor=array([1., 1., 1.]), lineColorSpace='rgb', lineRGB=array([1, 1, 1]), lineWidth=3, name='unnamed Line', opacity=0.5, ori=0.0, pos=array([0., 0.]), size=array([1., 1.]), units='norm', vertices=array([[-0.5 , -0.05],
       [-0.5 ,  0.05]]), win=Window(...), windingRule=None)
775.7226 	EXP 	Created unnamed Line = Line(__class__=<class 'psychopy.visual.line.Line'>, autoDraw=False, autoLog=True, closeShape=False, color=array([1., 1., 1.]), colorSpace='rgb', contrast=None, depth=0, fillColor=array([0, 0, 0]), fillColorSpace='rgb', fillRGB=array([0, 0, 0]), interpolate=True, lineColor=array([1., 1., 1.]), lineColorSpace='rgb', lineRGB=array([1, 1, 1]), lineWidth=3, name='unnamed Line', opacity=0.5, ori=0.0, pos=array([0., 0.]), size=array([1., 1.]), units='norm', vertices=ndarray(...), win=Window(...), windingRule=None)
775.7245 	EXP 	Created unnamed Line = Line(__class__=<class 'psychopy.visual.line.Line'>, autoDraw=False, autoLog=True, closeShape=False, color=array([1., 1., 1.]), colorSpace='rgb', contrast=None, depth=0, fillColor=array([0, 0, 0]), fillColorSpace='rgb', fillRGB=array([0, 0, 0]), interpolate=True, lineColor=array([1., 1., 1.]), lineColorSpace='rgb', lineRGB=array([1, 1, 1]), lineWidth=3, name='unnamed Line', opacity=0.5, ori=0.0, pos=array([0., 0.]), size=array([1., 1.]), units='norm', vertices=ndarray(...), win=Window(...), windingRule=None)
775.7265 	EXP 	Created unnamed Line = Line(__class__=<class 'psychopy.visual.line.Line'>, autoDraw=False, autoLog=True, closeShape=False, color=array([1., 1., 1.]), colorSpace='rgb', contrast=None, depth=0, fillColor=array([0, 0, 0]), fillColorSpace='rgb', fillRGB=array([0, 0, 0]), interpolate=True, lineColor=array([1., 1., 1.]), lineColorSpace='rgb', lineRGB=array([1, 1, 1]), lineWidth=3, name='unnamed Line', opacity=0.5, ori=0.0, pos=array([0., 0.]), size=array([1., 1.]), units='norm', vertices=array([[ 0.5 , -0.05],
       [ 0.5 ,  0.05]]), win=Window(...), windingRule=None)
775.7385 	EXP 	Created unnamed TextStim = TextStim(__class__=<class 'psychopy.visual.text.TextStim'>, alignHoriz=method-wrapper(...), alignText='center', alignVert=method-wrapper(...), anchorHoriz='center', anchorVert='center', antialias=True, autoLog=True, bold=False, color=array([1., 1., 1.]), colorSpace='rgb', contrast=1.0, depth=0, flipHoriz=False, flipVert=False, font='', fontFiles=[], height=0.05, italic=False, languageStyle='LTR', name='unnamed TextStim', opacity=1.0, ori=0.0, pos=array([-0.5, -0.1]), rgb=UNKNOWN, text='Clearly \n NOT FOCUSED', units='norm', win=Window(...), wrapWidth=1)
775.7396 	EXP 	Created unnamed TextStim = TextStim(__class__=<class 'psychopy.visual.text.TextStim'>, alignHoriz=method-wrapper(...), alignText='center', alignVert=method-wrapper(...), anchorHoriz='center', anchorVert='center', antialias=True, autoLog=True, bold=False, color=array([1., 1., 1.]), colorSpace='rgb', contrast=1.0, depth=0, flipHoriz=False, flipVert=False, font='', fontFiles=[], height=0.05, italic=False, languageStyle='LTR', name='unnamed TextStim', opacity=1.0, ori=0.0, pos=array([-0.16666667, -0.1       ]), rgb=UNKNOWN, text='', units='norm', win=Window(...), wrapWidth=1)
775.7407 	EXP 	Created unnamed TextStim = TextStim(__class__=<class 'psychopy.visual.text.TextStim'>, alignHoriz=method-wrapper(...), alignText='center', alignVert=method-wrapper(...), anchorHoriz='center', anchorVert='center', antialias=True, autoLog=True, bold=False, color=array([1., 1., 1.]), colorSpace='rgb', contrast=1.0, depth=0, flipHoriz=False, flipVert=False, font='', fontFiles=[], height=0.05, italic=False, languageStyle='LTR', name='unnamed TextStim', opacity=1.0, ori=0.0, pos=array([ 0.16666667, -0.1       ]), rgb=UNKNOWN, text='', units='norm', win=Window(...), wrapWidth=1)
775.7438 	EXP 	Created unnamed TextStim = TextStim(__class__=<class 'psychopy.visual.text.TextStim'>, alignHoriz=method-wrapper(...), alignText='center', alignVert=method-wrapper(...), anchorHoriz='center', anchorVert='center', antialias=True, autoLog=True, bold=False, color=array([1., 1., 1.]), colorSpace='rgb', contrast=1.0, depth=0, flipHoriz=False, flipVert=False, font='', fontFiles=[], height=0.05, italic=False, languageStyle='LTR', name='unnamed TextStim', opacity=1.0, ori=0.0, pos=array([ 0.5, -0.1]), rgb=UNKNOWN, text='Clearly \n FOCUSED', units='norm', win=Window(...), wrapWidth=1)
775.7456 	EXP 	Created unnamed ShapeStim = ShapeStim(__class__=<class 'psychopy.visual.shape.ShapeStim'>, autoDraw=False, autoLog=True, closeShape=True, color=method-wrapper(...), colorSpace='rgb', contrast=None, depth=0, fillColor=array([1, 1, 1]), fillColorSpace='rgb', fillRGB=array([1, 1, 1]), interpolate=True, lineColor=array([-1., -1., -1.]), lineColorSpace='rgb', lineRGB=array([-1, -1, -1]), lineWidth=1.5, name='unnamed ShapeStim', opacity=1.0, ori=0.0, pos=array([0., 0.]), size=array([1., 1.]), units='norm', vertices=ndarray(...), win=Window(...), windingRule=None)
775.7541 	EXP 	Created instru = TextStim(__class__=<class 'psychopy.visual.text.TextStim'>, alignHoriz=method-wrapper(...), alignText='center', alignVert=method-wrapper(...), anchorHoriz='center', anchorVert='center', antialias=True, autoLog=True, bold=False, color=array([1., 1., 1.]), colorSpace='rgb', contrast=1.0, depth=0.0, flipHoriz=False, flipVert=False, font='Arial', fontFiles=[], height=0.07, italic=False, languageStyle='LTR', name='instru', opacity=1, ori=0, pos=array([0. , 0.5]), rgb=UNKNOWN, text=str(...), units='norm', win=Window(...), wrapWidth=1)
775.7560 	EXP 	Created unnamed Line = Line(__class__=<class 'psychopy.visual.line.Line'>, autoDraw=False, autoLog=True, closeShape=False, color=array([1., 1., 1.]), colorSpace='rgb', contrast=None, depth=0, fillColor=array([0, 0, 0]), fillColorSpace='rgb', fillRGB=array([0, 0, 0]), interpolate=True, lineColor=array([1., 1., 1.]), lineColorSpace='rgb', lineRGB=array([1, 1, 1]), lineWidth=5, name='unnamed Line', opacity=0.5, ori=0.0, pos=array([0., 0.]), size=array([1., 1.]), units='norm', vertices=array([[-0.5,  0. ],
       [ 0.5,  0. ]]), win=Window(...), windingRule=None)
775.7581 	EXP 	Created unnamed Line = Line(__class__=<class 'psychopy.visual.line.Line'>, autoDraw=False, autoLog=True, closeShape=False, color=array([1., 1., 1.]), colorSpace='rgb', contrast=None, depth=0, fillColor=array([0, 0, 0]), fillColorSpace='rgb', fillRGB=array([0, 0, 0]), interpolate=True, lineColor=array([1., 1., 1.]), lineColorSpace='rgb', lineRGB=array([1, 1, 1]), lineWidth=3, name='unnamed Line', opacity=0.5, ori=0.0, pos=array([0., 0.]), size=array([1., 1.]), units='norm', vertices=array([[-0.5 , -0.05],
       [-0.5 ,  0.05]]), win=Window(...), windingRule=None)
775.7600 	EXP 	Created unnamed Line = Line(__class__=<class 'psychopy.visual.line.Line'>, autoDraw=False, autoLog=True, closeShape=False, color=array([1., 1., 1.]), colorSpace='rgb', contrast=None, depth=0, fillColor=array([0, 0, 0]), fillColorSpace='rgb', fillRGB=array([0, 0, 0]), interpolate=True, lineColor=array([1., 1., 1.]), lineColorSpace='rgb', lineRGB=array([1, 1, 1]), lineWidth=3, name='unnamed Line', opacity=0.5, ori=0.0, pos=array([0., 0.]), size=array([1., 1.]), units='norm', vertices=ndarray(...), win=Window(...), windingRule=None)
775.7620 	EXP 	Created unnamed Line = Line(__class__=<class 'psychopy.visual.line.Line'>, autoDraw=False, autoLog=True, closeShape=False, color=array([1., 1., 1.]), colorSpace='rgb', contrast=None, depth=0, fillColor=array([0, 0, 0]), fillColorSpace='rgb', fillRGB=array([0, 0, 0]), interpolate=True, lineColor=array([1., 1., 1.]), lineColorSpace='rgb', lineRGB=array([1, 1, 1]), lineWidth=3, name='unnamed Line', opacity=0.5, ori=0.0, pos=array([0., 0.]), size=array([1., 1.]), units='norm', vertices=ndarray(...), win=Window(...), windingRule=None)
775.7640 	EXP 	Created unnamed Line = Line(__class__=<class 'psychopy.visual.line.Line'>, autoDraw=False, autoLog=True, closeShape=False, color=array([1., 1., 1.]), colorSpace='rgb', contrast=None, depth=0, fillColor=array([0, 0, 0]), fillColorSpace='rgb', fillRGB=array([0, 0, 0]), interpolate=True, lineColor=array([1., 1., 1.]), lineColorSpace='rgb', lineRGB=array([1, 1, 1]), lineWidth=3, name='unnamed Line', opacity=0.5, ori=0.0, pos=array([0., 0.]), size=array([1., 1.]), units='norm', vertices=array([[ 0.5 , -0.05],
       [ 0.5 ,  0.05]]), win=Window(...), windingRule=None)
775.7692 	EXP 	Created unnamed TextStim = TextStim(__class__=<class 'psychopy.visual.text.TextStim'>, alignHoriz=method-wrapper(...), alignText='center', alignVert=method-wrapper(...), anchorHoriz='center', anchorVert='center', antialias=True, autoLog=True, bold=False, color=array([1., 1., 1.]), colorSpace='rgb', contrast=1.0, depth=0, flipHoriz=False, flipVert=False, font='', fontFiles=[], height=0.05, italic=False, languageStyle='LTR', name='unnamed TextStim', opacity=1.0, ori=0.0, pos=array([-0.5, -0.1]), rgb=UNKNOWN, text='Clearly \n NOTHING', units='norm', win=Window(...), wrapWidth=1)
775.7703 	EXP 	Created unnamed TextStim = TextStim(__class__=<class 'psychopy.visual.text.TextStim'>, alignHoriz=method-wrapper(...), alignText='center', alignVert=method-wrapper(...), anchorHoriz='center', anchorVert='center', antialias=True, autoLog=True, bold=False, color=array([1., 1., 1.]), colorSpace='rgb', contrast=1.0, depth=0, flipHoriz=False, flipVert=False, font='', fontFiles=[], height=0.05, italic=False, languageStyle='LTR', name='unnamed TextStim', opacity=1.0, ori=0.0, pos=array([-0.16666667, -0.1       ]), rgb=UNKNOWN, text='', units='norm', win=Window(...), wrapWidth=1)
775.7712 	EXP 	Created unnamed TextStim = TextStim(__class__=<class 'psychopy.visual.text.TextStim'>, alignHoriz=method-wrapper(...), alignText='center', alignVert=method-wrapper(...), anchorHoriz='center', anchorVert='center', antialias=True, autoLog=True, bold=False, color=array([1., 1., 1.]), colorSpace='rgb', contrast=1.0, depth=0, flipHoriz=False, flipVert=False, font='', fontFiles=[], height=0.05, italic=False, languageStyle='LTR', name='unnamed TextStim', opacity=1.0, ori=0.0, pos=array([ 0.16666667, -0.1       ]), rgb=UNKNOWN, text='', units='norm', win=Window(...), wrapWidth=1)
775.7753 	EXP 	Created unnamed TextStim = TextStim(__class__=<class 'psychopy.visual.text.TextStim'>, alignHoriz=method-wrapper(...), alignText='center', alignVert=method-wrapper(...), anchorHoriz='center', anchorVert='center', antialias=True, autoLog=True, bold=False, color=array([1., 1., 1.]), colorSpace='rgb', contrast=1.0, depth=0, flipHoriz=False, flipVert=False, font='', fontFiles=[], height=0.05, italic=False, languageStyle='LTR', name='unnamed TextStim', opacity=1.0, ori=0.0, pos=array([ 0.5, -0.1]), rgb=UNKNOWN, text='Clearly \n SOMETHING', units='norm', win=Window(...), wrapWidth=1)
775.7772 	EXP 	Created unnamed ShapeStim = ShapeStim(__class__=<class 'psychopy.visual.shape.ShapeStim'>, autoDraw=False, autoLog=True, closeShape=True, color=method-wrapper(...), colorSpace='rgb', contrast=None, depth=0, fillColor=array([1, 1, 1]), fillColorSpace='rgb', fillRGB=array([1, 1, 1]), interpolate=True, lineColor=array([-1., -1., -1.]), lineColorSpace='rgb', lineRGB=array([-1, -1, -1]), lineWidth=1.5, name='unnamed ShapeStim', opacity=1.0, ori=0.0, pos=array([0., 0.]), size=array([1., 1.]), units='norm', vertices=ndarray(...), win=Window(...), windingRule=None)
775.7838 	EXP 	Created instru = TextStim(__class__=<class 'psychopy.visual.text.TextStim'>, alignHoriz=method-wrapper(...), alignText='center', alignVert=method-wrapper(...), anchorHoriz='center', anchorVert='center', antialias=True, autoLog=True, bold=False, color=array([1., 1., 1.]), colorSpace='rgb', contrast=1.0, depth=0.0, flipHoriz=False, flipVert=False, font='Arial', fontFiles=[], height=0.07, italic=False, languageStyle='LTR', name='instru', opacity=1, ori=0, pos=array([0. , 0.5]), rgb=UNKNOWN, text=str(...), units='norm', win=Window(...), wrapWidth=1)
775.7858 	EXP 	Created unnamed Line = Line(__class__=<class 'psychopy.visual.line.Line'>, autoDraw=False, autoLog=True, closeShape=False, color=array([1., 1., 1.]), colorSpace='rgb', contrast=None, depth=0, fillColor=array([0, 0, 0]), fillColorSpace='rgb', fillRGB=array([0, 0, 0]), interpolate=True, lineColor=array([1., 1., 1.]), lineColorSpace='rgb', lineRGB=array([1, 1, 1]), lineWidth=5, name='unnamed Line', opacity=0.5, ori=0.0, pos=array([0., 0.]), size=array([1., 1.]), units='norm', vertices=array([[-0.5,  0. ],
       [ 0.5,  0. ]]), win=Window(...), windingRule=None)
775.7878 	EXP 	Created unnamed Line = Line(__class__=<class 'psychopy.visual.line.Line'>, autoDraw=False, autoLog=True, closeShape=False, color=array([1., 1., 1.]), colorSpace='rgb', contrast=None, depth=0, fillColor=array([0, 0, 0]), fillColorSpace='rgb', fillRGB=array([0, 0, 0]), interpolate=True, lineColor=array([1., 1., 1.]), lineColorSpace='rgb', lineRGB=array([1, 1, 1]), lineWidth=3, name='unnamed Line', opacity=0.5, ori=0.0, pos=array([0., 0.]), size=array([1., 1.]), units='norm', vertices=array([[-0.5 , -0.05],
       [-0.5 ,  0.05]]), win=Window(...), windingRule=None)
775.7897 	EXP 	Created unnamed Line = Line(__class__=<class 'psychopy.visual.line.Line'>, autoDraw=False, autoLog=True, closeShape=False, color=array([1., 1., 1.]), colorSpace='rgb', contrast=None, depth=0, fillColor=array([0, 0, 0]), fillColorSpace='rgb', fillRGB=array([0, 0, 0]), interpolate=True, lineColor=array([1., 1., 1.]), lineColorSpace='rgb', lineRGB=array([1, 1, 1]), lineWidth=3, name='unnamed Line', opacity=0.5, ori=0.0, pos=array([0., 0.]), size=array([1., 1.]), units='norm', vertices=ndarray(...), win=Window(...), windingRule=None)
775.7917 	EXP 	Created unnamed Line = Line(__class__=<class 'psychopy.visual.line.Line'>, autoDraw=False, autoLog=True, closeShape=False, color=array([1., 1., 1.]), colorSpace='rgb', contrast=None, depth=0, fillColor=array([0, 0, 0]), fillColorSpace='rgb', fillRGB=array([0, 0, 0]), interpolate=True, lineColor=array([1., 1., 1.]), lineColorSpace='rgb', lineRGB=array([1, 1, 1]), lineWidth=3, name='unnamed Line', opacity=0.5, ori=0.0, pos=array([0., 0.]), size=array([1., 1.]), units='norm', vertices=ndarray(...), win=Window(...), windingRule=None)
775.7936 	EXP 	Created unnamed Line = Line(__class__=<class 'psychopy.visual.line.Line'>, autoDraw=False, autoLog=True, closeShape=False, color=array([1., 1., 1.]), colorSpace='rgb', contrast=None, depth=0, fillColor=array([0, 0, 0]), fillColorSpace='rgb', fillRGB=array([0, 0, 0]), interpolate=True, lineColor=array([1., 1., 1.]), lineColorSpace='rgb', lineRGB=array([1, 1, 1]), lineWidth=3, name='unnamed Line', opacity=0.5, ori=0.0, pos=array([0., 0.]), size=array([1., 1.]), units='norm', vertices=array([[ 0.5 , -0.05],
       [ 0.5 ,  0.05]]), win=Window(...), windingRule=None)
775.7986 	EXP 	Created unnamed TextStim = TextStim(__class__=<class 'psychopy.visual.text.TextStim'>, alignHoriz=method-wrapper(...), alignText='center', alignVert=method-wrapper(...), anchorHoriz='center', anchorVert='center', antialias=True, autoLog=True, bold=False, color=array([1., 1., 1.]), colorSpace='rgb', contrast=1.0, depth=0, flipHoriz=False, flipVert=False, font='', fontFiles=[], height=0.05, italic=False, languageStyle='LTR', name='unnamed TextStim', opacity=1.0, ori=0.0, pos=array([-0.5, -0.1]), rgb=UNKNOWN, text='Clearly \n SPONTANEOUS', units='norm', win=Window(...), wrapWidth=1)
775.7996 	EXP 	Created unnamed TextStim = TextStim(__class__=<class 'psychopy.visual.text.TextStim'>, alignHoriz=method-wrapper(...), alignText='center', alignVert=method-wrapper(...), anchorHoriz='center', anchorVert='center', antialias=True, autoLog=True, bold=False, color=array([1., 1., 1.]), colorSpace='rgb', contrast=1.0, depth=0, flipHoriz=False, flipVert=False, font='', fontFiles=[], height=0.05, italic=False, languageStyle='LTR', name='unnamed TextStim', opacity=1.0, ori=0.0, pos=array([-0.16666667, -0.1       ]), rgb=UNKNOWN, text='', units='norm', win=Window(...), wrapWidth=1)
775.8008 	EXP 	Created unnamed TextStim = TextStim(__class__=<class 'psychopy.visual.text.TextStim'>, alignHoriz=method-wrapper(...), alignText='center', alignVert=method-wrapper(...), anchorHoriz='center', anchorVert='center', antialias=True, autoLog=True, bold=False, color=array([1., 1., 1.]), colorSpace='rgb', contrast=1.0, depth=0, flipHoriz=False, flipVert=False, font='', fontFiles=[], height=0.05, italic=False, languageStyle='LTR', name='unnamed TextStim', opacity=1.0, ori=0.0, pos=array([ 0.16666667, -0.1       ]), rgb=UNKNOWN, text='', units='norm', win=Window(...), wrapWidth=1)
775.8060 	EXP 	Created unnamed TextStim = TextStim(__class__=<class 'psychopy.visual.text.TextStim'>, alignHoriz=method-wrapper(...), alignText='center', alignVert=method-wrapper(...), anchorHoriz='center', anchorVert='center', antialias=True, autoLog=True, bold=False, color=array([1., 1., 1.]), colorSpace='rgb', contrast=1.0, depth=0, flipHoriz=False, flipVert=False, font='', fontFiles=[], height=0.05, italic=False, languageStyle='LTR', name='unnamed TextStim', opacity=1.0, ori=0.0, pos=array([ 0.5, -0.1]), rgb=UNKNOWN, text='Clearly \n DELIBERATE', units='norm', win=Window(...), wrapWidth=1)
775.8078 	EXP 	Created unnamed ShapeStim = ShapeStim(__class__=<class 'psychopy.visual.shape.ShapeStim'>, autoDraw=False, autoLog=True, closeShape=True, color=method-wrapper(...), colorSpace='rgb', contrast=None, depth=0, fillColor=array([1, 1, 1]), fillColorSpace='rgb', fillRGB=array([1, 1, 1]), interpolate=True, lineColor=array([-1., -1., -1.]), lineColorSpace='rgb', lineRGB=array([-1, -1, -1]), lineWidth=1.5, name='unnamed ShapeStim', opacity=1.0, ori=0.0, pos=array([0., 0.]), size=array([1., 1.]), units='norm', vertices=ndarray(...), win=Window(...), windingRule=None)
775.8709 	EXP 	Sound  set volume 1.000
775.8996 	EXP 	unnamed ShapeStim: vertices = <class 'numpy.ndarray'>
775.8996 	EXP 	unnamed ShapeStim: vertices = <class 'numpy.ndarray'>
775.8996 	EXP 	unnamed ShapeStim: vertices = <class 'numpy.ndarray'>
779.8603 	DATA 	Keypress: rctrl
780.3814 	EXP 	Sound  started
781.0602 	DATA 	Keypress: rctrl
781.1313 	EXP 	Sound  started
781.7641 	DATA 	Keypress: lctrl
781.8813 	EXP 	Sound  started
782.5002 	DATA 	Keypress: lctrl
782.6314 	EXP 	Sound  started
783.2522 	DATA 	Keypress: lctrl
783.3814 	EXP 	Sound  started
783.9561 	DATA 	Keypress: rctrl
784.1314 	EXP 	Sound  started
784.8043 	DATA 	Keypress: lctrl
784.8814 	EXP 	Sound  started
785.5402 	DATA 	Keypress: lctrl
785.6314 	EXP 	Sound  started
786.2602 	DATA 	Keypress: lctrl
786.3814 	EXP 	Sound  started
786.9643 	DATA 	Keypress: rctrl
787.1315 	EXP 	Sound  started
787.8121 	DATA 	Keypress: rctrl
787.8815 	EXP 	Sound  started
788.5002 	DATA 	Keypress: rctrl
788.6315 	EXP 	Sound  started
789.3162 	DATA 	Keypress: rctrl
789.3815 	EXP 	Sound  started
790.0042 	DATA 	Keypress: lctrl
790.1315 	EXP 	Sound  started
790.7722 	DATA 	Keypress: lctrl
790.8815 	EXP 	Sound  started
791.5241 	DATA 	Keypress: rctrl
791.6315 	EXP 	Sound  started
792.2441 	DATA 	Keypress: lctrl
792.3815 	EXP 	Sound  started
792.9962 	DATA 	Keypress: lctrl
793.1316 	EXP 	Sound  started
793.7162 	DATA 	Keypress: lctrl
793.8816 	EXP 	Sound  started
794.4841 	DATA 	Keypress: rctrl
794.6316 	EXP 	Sound  started
795.3162 	DATA 	Keypress: rctrl
795.3816 	EXP 	Sound  started
796.0521 	DATA 	Keypress: rctrl
796.1316 	EXP 	Sound  started
796.7722 	DATA 	Keypress: lctrl
796.8816 	EXP 	Sound  started
797.5242 	DATA 	Keypress: lctrl
797.6316 	EXP 	Sound  started
798.2441 	DATA 	Keypress: lctrl
798.3817 	EXP 	Sound  started
798.9962 	DATA 	Keypress: rctrl
799.1317 	EXP 	Sound  started
799.7641 	DATA 	Keypress: rctrl
799.8817 	EXP 	Sound  started
800.5002 	DATA 	Keypress: rctrl
800.6317 	EXP 	Sound  started
801.2521 	DATA 	Keypress: lctrl
801.3817 	EXP 	Sound  started
802.0043 	DATA 	Keypress: rctrl
802.1317 	EXP 	Sound  started
802.7883 	DATA 	Keypress: lctrl
802.8817 	EXP 	Sound  started
803.5722 	DATA 	Keypress: lctrl
803.6318 	EXP 	Sound  started
804.2601 	DATA 	Keypress: lctrl
804.3818 	EXP 	Sound  started
804.9802 	DATA 	Keypress: lctrl
805.1318 	EXP 	Sound  started
805.7482 	DATA 	Keypress: rctrl
805.8818 	EXP 	Sound  started
806.5001 	DATA 	Keypress: rctrl
806.6318 	EXP 	Sound  started
807.2842 	DATA 	Keypress: rctrl
807.3819 	EXP 	Sound  started
808.0202 	DATA 	Keypress: lctrl
808.1318 	EXP 	Sound  started
808.8202 	DATA 	Keypress: lctrl
808.8819 	EXP 	Sound  started
809.5081 	DATA 	Keypress: lctrl
809.6319 	EXP 	Sound  started
810.2281 	DATA 	Keypress: rctrl
810.3819 	EXP 	Sound  started
811.0761 	DATA 	Keypress: lctrl
811.1319 	EXP 	Sound  started
811.7641 	DATA 	Keypress: rctrl
811.8819 	EXP 	Sound  started
812.5001 	DATA 	Keypress: rctrl
812.6319 	EXP 	Sound  started
813.2522 	DATA 	Keypress: rctrl
813.3819 	EXP 	Sound  started
814.0042 	DATA 	Keypress: lctrl
814.1320 	EXP 	Sound  started
814.7881 	DATA 	Keypress: rctrl
814.8820 	EXP 	Sound  started
815.5242 	DATA 	Keypress: rctrl
815.6320 	EXP 	Sound  started
816.3081 	DATA 	Keypress: lctrl
816.3820 	EXP 	Sound  started
817.0601 	DATA 	Keypress: rctrl
817.1320 	EXP 	Sound  started
817.8121 	DATA 	Keypress: lctrl
817.8820 	EXP 	Sound  started
818.5161 	DATA 	Keypress: lctrl
818.6320 	EXP 	Sound  started
819.2842 	DATA 	Keypress: lctrl
819.3821 	EXP 	Sound  started
820.0042 	DATA 	Keypress: lctrl
820.1321 	EXP 	Sound  started
820.7561 	DATA 	Keypress: lctrl
820.8821 	EXP 	Sound  started
821.4762 	DATA 	Keypress: rctrl
821.6321 	EXP 	Sound  started
822.3082 	DATA 	Keypress: rctrl
822.3821 	EXP 	Sound  started
823.0761 	DATA 	Keypress: rctrl
823.1321 	EXP 	Sound  started
823.7961 	DATA 	Keypress: lctrl
823.8821 	EXP 	Sound  started
824.5481 	DATA 	Keypress: rctrl
824.6322 	EXP 	Sound  started
825.2841 	DATA 	Keypress: lctrl
825.3822 	EXP 	Sound  started
826.1322 	EXP 	Sound  started
826.8201 	DATA 	Keypress: rctrl
826.8822 	EXP 	Sound  started
827.5242 	DATA 	Keypress: lctrl
827.6322 	EXP 	Sound  started
828.2761 	DATA 	Keypress: rctrl
828.3822 	EXP 	Sound  started
828.9801 	DATA 	Keypress: lctrl
829.1322 	EXP 	Sound  started
829.7481 	DATA 	Keypress: lctrl
829.8822 	EXP 	Sound  started
830.5641 	DATA 	Keypress: lctrl
830.6323 	EXP 	Sound  started
831.3481 	DATA 	Keypress: lctrl
831.3823 	EXP 	Sound  started
832.0522 	DATA 	Keypress: rctrl
832.1323 	EXP 	Sound  started
832.8042 	DATA 	Keypress: lctrl
832.8823 	EXP 	Sound  started
833.5242 	DATA 	Keypress: lctrl
833.6323 	EXP 	Sound  started
834.3242 	DATA 	Keypress: lctrl
834.3823 	EXP 	Sound  started
835.0602 	DATA 	Keypress: rctrl
835.1324 	EXP 	Sound  started
835.7961 	DATA 	Keypress: lctrl
835.8824 	EXP 	Sound  started
836.5482 	DATA 	Keypress: lctrl
836.6324 	EXP 	Sound  started
837.3162 	DATA 	Keypress: lctrl
837.3824 	EXP 	Sound  started
838.0363 	DATA 	Keypress: rctrl
838.1324 	EXP 	Sound  started
838.7882 	DATA 	Keypress: lctrl
838.8824 	EXP 	Sound  started
839.5402 	DATA 	Keypress: lctrl
839.6324 	EXP 	Sound  started
840.2762 	DATA 	Keypress: lctrl
840.3825 	EXP 	Sound  started
841.0281 	DATA 	Keypress: rctrl
841.1325 	EXP 	Sound  started
841.7802 	DATA 	Keypress: lctrl
841.8825 	EXP 	Sound  started
842.5481 	DATA 	Keypress: lctrl
842.6664 	EXP 	unnamed TextStim: text = ''
842.6664 	EXP 	unnamed TextStim: text = ''
845.0336 	DATA 	Keypress: 4
845.0501 	EXP 	unnamed ShapeStim: vertices = <class 'numpy.ndarray'>
846.5847 	EXP 	unnamed TextStim: text = ''
846.5847 	EXP 	unnamed TextStim: text = ''
850.2379 	DATA 	Keypress: 1
850.2544 	EXP 	unnamed ShapeStim: vertices = <class 'numpy.ndarray'>
851.7890 	EXP 	unnamed TextStim: text = ''
851.7890 	EXP 	unnamed TextStim: text = ''
857.1436 	DATA 	Keypress: 4
857.1600 	EXP 	unnamed ShapeStim: vertices = <class 'numpy.ndarray'>
859.4443 	EXP 	Sound  started
859.4451 	DATA 	Keypress: rctrl
860.0362 	DATA 	Keypress: lctrl
860.1942 	EXP 	Sound  started
860.8201 	DATA 	Keypress: lctrl
860.9442 	EXP 	Sound  started
861.5721 	DATA 	Keypress: rctrl
861.6942 	EXP 	Sound  started
862.3402 	DATA 	Keypress: lctrl
862.4442 	EXP 	Sound  started
863.0921 	DATA 	Keypress: rctrl
863.1942 	EXP 	Sound  started
863.8282 	DATA 	Keypress: rctrl
863.9442 	EXP 	Sound  started
864.5642 	DATA 	Keypress: rctrl
864.6942 	EXP 	Sound  started
865.3161 	DATA 	Keypress: rctrl
865.4442 	EXP 	Sound  started
866.0841 	DATA 	Keypress: lctrl
866.1943 	EXP 	Sound  started
866.7881 	DATA 	Keypress: rctrl
866.9443 	EXP 	Sound  started
867.6202 	DATA 	Keypress: rctrl
867.6943 	EXP 	Sound  started
868.3242 	DATA 	Keypress: rctrl
868.4443 	EXP 	Sound  started
869.0441 	DATA 	Keypress: lctrl
869.1943 	EXP 	Sound  started
869.8282 	DATA 	Keypress: lctrl
869.9443 	EXP 	Sound  started
870.6281 	DATA 	Keypress: lctrl
870.6943 	EXP 	Sound  started
871.3321 	DATA 	Keypress: lctrl
871.4444 	EXP 	Sound  started
872.1944 	EXP 	Sound  started
872.2601 	DATA 	Keypress: rctrl
872.9321 	DATA 	Keypress: lctrl
872.9444 	EXP 	Sound  started
873.5561 	DATA 	Keypress: rctrl
873.6944 	EXP 	Sound  started
874.2921 	DATA 	Keypress: lctrl
874.4444 	EXP 	Sound  started
875.0921 	DATA 	Keypress: lctrl
875.1944 	EXP 	Sound  started
875.8441 	DATA 	Keypress: lctrl
875.9444 	EXP 	Sound  started
876.6602 	DATA 	Keypress: rctrl
876.6945 	EXP 	Sound  started
877.3641 	DATA 	Keypress: rctrl
877.4445 	EXP 	Sound  started
878.1321 	DATA 	Keypress: rctrl
878.1945 	EXP 	Sound  started
878.8361 	DATA 	Keypress: rctrl
878.9445 	EXP 	Sound  started
879.5721 	DATA 	Keypress: lctrl
879.6945 	EXP 	Sound  started
880.3081 	DATA 	Keypress: lctrl
880.4445 	EXP 	Sound  started
881.0761 	DATA 	Keypress: lctrl
881.1945 	EXP 	Sound  started
881.8441 	DATA 	Keypress: rctrl
881.9445 	EXP 	Sound  started
882.5801 	DATA 	Keypress: rctrl
882.6946 	EXP 	Sound  started
883.3321 	DATA 	Keypress: lctrl
883.4446 	EXP 	Sound  started
884.1321 	DATA 	Keypress: rctrl
884.1946 	EXP 	Sound  started
884.8522 	DATA 	Keypress: lctrl
884.9446 	EXP 	Sound  started
885.5721 	DATA 	Keypress: lctrl
885.6946 	EXP 	Sound  started
886.3561 	DATA 	Keypress: lctrl
886.4446 	EXP 	Sound  started
887.1080 	DATA 	Keypress: rctrl
887.1946 	EXP 	Sound  started
887.8122 	DATA 	Keypress: rctrl
887.9447 	EXP 	Sound  started
888.5801 	DATA 	Keypress: lctrl
888.6947 	EXP 	Sound  started
889.3642 	DATA 	Keypress: lctrl
889.4447 	EXP 	Sound  started
890.0681 	DATA 	Keypress: lctrl
890.1947 	EXP 	Sound  started
890.8521 	DATA 	Keypress: rctrl
890.9447 	EXP 	Sound  started
891.5561 	DATA 	Keypress: lctrl
891.6947 	EXP 	Sound  started
892.3240 	DATA 	Keypress: rctrl
892.4447 	EXP 	Sound  started
893.0441 	DATA 	Keypress: rctrl
893.1948 	EXP 	Sound  started
893.7961 	DATA 	Keypress: rctrl
893.9448 	EXP 	Sound  started
894.5481 	DATA 	Keypress: lctrl
894.6948 	EXP 	Sound  started
895.3481 	DATA 	Keypress: lctrl
895.4448 	EXP 	Sound  started
896.0681 	DATA 	Keypress: lctrl
896.1948 	EXP 	Sound  started
896.7881 	DATA 	Keypress: rctrl
896.9448 	EXP 	Sound  started
897.5400 	DATA 	Keypress: lctrl
897.6949 	EXP 	Sound  started
898.3720 	DATA 	Keypress: rctrl
898.4449 	EXP 	Sound  started
899.0762 	DATA 	Keypress: lctrl
899.1949 	EXP 	Sound  started
899.8121 	DATA 	Keypress: rctrl
899.9449 	EXP 	Sound  started
900.5480 	DATA 	Keypress: rctrl
900.6949 	EXP 	Sound  started
901.3321 	DATA 	Keypress: rctrl
901.4449 	EXP 	Sound  started
902.0520 	DATA 	Keypress: lctrl
902.1949 	EXP 	Sound  started
902.8041 	DATA 	Keypress: rctrl
902.9449 	EXP 	Sound  started
903.6040 	DATA 	Keypress: lctrl
903.6950 	EXP 	Sound  started
904.2922 	DATA 	Keypress: lctrl
904.4450 	EXP 	Sound  started
905.1082 	DATA 	Keypress: lctrl
905.1950 	EXP 	Sound  started
905.8440 	DATA 	Keypress: lctrl
905.9450 	EXP 	Sound  started
906.5800 	DATA 	Keypress: rctrl
906.6950 	EXP 	Sound  started
907.3001 	DATA 	Keypress: rctrl
907.4451 	EXP 	Sound  started
908.0681 	DATA 	Keypress: lctrl
908.1951 	EXP 	Sound  started
908.7880 	DATA 	Keypress: rctrl
908.9451 	EXP 	Sound  started
909.5562 	DATA 	Keypress: rctrl
909.6951 	EXP 	Sound  started
910.2602 	DATA 	Keypress: rctrl
910.4451 	EXP 	Sound  started
911.0921 	DATA 	Keypress: lctrl
911.1951 	EXP 	Sound  started
911.8602 	DATA 	Keypress: rctrl
911.9451 	EXP 	Sound  started
912.5802 	DATA 	Keypress: rctrl
912.6951 	EXP 	Sound  started
913.3161 	DATA 	Keypress: rctrl
913.4452 	EXP 	Sound  started
914.0360 	DATA 	Keypress: lctrl
916.0584 	DATA 	Keypress: 4
916.0749 	EXP 	unnamed ShapeStim: vertices = <class 'numpy.ndarray'>
921.2459 	DATA 	Keypress: 4
921.2625 	EXP 	unnamed ShapeStim: vertices = <class 'numpy.ndarray'>
924.5987 	DATA 	Keypress: 4
924.6152 	EXP 	unnamed ShapeStim: vertices = <class 'numpy.ndarray'>
926.8996 	EXP 	Sound  started
926.9005 	DATA 	Keypress: rctrl
927.5242 	DATA 	Keypress: lctrl
927.6495 	EXP 	Sound  started
928.3081 	DATA 	Keypress: rctrl
928.3995 	EXP 	Sound  started
929.0282 	DATA 	Keypress: rctrl
929.1495 	EXP 	Sound  started
929.8121 	DATA 	Keypress: rctrl
929.8995 	EXP 	Sound  started
930.5481 	DATA 	Keypress: lctrl
930.6495 	EXP 	Sound  started
931.2681 	DATA 	Keypress: rctrl
931.3995 	EXP 	Sound  started
932.0040 	DATA 	Keypress: lctrl
932.1495 	EXP 	Sound  started
932.8201 	DATA 	Keypress: rctrl
932.8995 	EXP 	Sound  started
933.6042 	DATA 	Keypress: lctrl
933.6496 	EXP 	Sound  started
934.3081 	DATA 	Keypress: rctrl
934.3996 	EXP 	Sound  started
935.0280 	DATA 	Keypress: rctrl
935.1496 	EXP 	Sound  started
935.7801 	DATA 	Keypress: rctrl
935.8996 	EXP 	Sound  started
936.5321 	DATA 	Keypress: rctrl
936.6496 	EXP 	Sound  started
937.2841 	DATA 	Keypress: lctrl
937.3996 	EXP 	Sound  started
937.9720 	DATA 	Keypress: rctrl
938.1496 	EXP 	Sound  started
938.7721 	DATA 	Keypress: lctrl
938.8996 	EXP 	Sound  started
939.4761 	DATA 	Keypress: rctrl
939.6497 	EXP 	Sound  started
940.2921 	DATA 	Keypress: rctrl
940.3997 	EXP 	Sound  started
941.0601 	DATA 	Keypress: lctrl
941.1497 	EXP 	Sound  started
941.8441 	DATA 	Keypress: rctrl
941.8997 	EXP 	Sound  started
942.5800 	DATA 	Keypress: lctrl
942.6497 	EXP 	Sound  started
943.2840 	DATA 	Keypress: rctrl
943.3997 	EXP 	Sound  started
944.0841 	DATA 	Keypress: rctrl
944.1497 	EXP 	Sound  started
944.8041 	DATA 	Keypress: rctrl
944.8997 	EXP 	Sound  started
945.5721 	DATA 	Keypress: lctrl
945.6498 	EXP 	Sound  started
946.2921 	DATA 	Keypress: lctrl
946.3998 	EXP 	Sound  started
947.0280 	DATA 	Keypress: lctrl
947.1498 	EXP 	Sound  started
947.7641 	DATA 	Keypress: rctrl
947.8998 	EXP 	Sound  started
948.5481 	DATA 	Keypress: lctrl
948.6498 	EXP 	Sound  started
949.3161 	DATA 	Keypress: lctrl
949.3999 	EXP 	Sound  started
950.1000 	DATA 	Keypress: lctrl
950.1499 	EXP 	Sound  started
950.8520 	DATA 	Keypress: rctrl
950.8999 	EXP 	Sound  started
951.6040 	DATA 	Keypress: lctrl
951.6499 	EXP 	Sound  started
952.3401 	DATA 	Keypress: rctrl
952.3999 	EXP 	Sound  started
953.0441 	DATA 	Keypress: rctrl
953.1499 	EXP 	Sound  started
953.8441 	DATA 	Keypress: rctrl
953.8999 	EXP 	Sound  started
954.5481 	DATA 	Keypress: lctrl
954.6500 	EXP 	Sound  started
955.2841 	DATA 	Keypress: rctrl
955.4000 	EXP 	Sound  started
956.0362 	DATA 	Keypress: lctrl
956.1500 	EXP 	Sound  started
956.7880 	DATA 	Keypress: rctrl
956.9000 	EXP 	Sound  started
957.5241 	DATA 	Keypress: rctrl
957.6500 	EXP 	Sound  started
958.2601 	DATA 	Keypress: rctrl
958.4000 	EXP 	Sound  started
959.0281 	DATA 	Keypress: lctrl
959.1500 	EXP 	Sound  started
959.8121 	DATA 	Keypress: lctrl
959.9001 	EXP 	Sound  started
960.5320 	DATA 	Keypress: rctrl
960.6501 	EXP 	Sound  started
961.2841 	DATA 	Keypress: lctrl
961.4001 	EXP 	Sound  started
962.0361 	DATA 	Keypress: lctrl
962.1501 	EXP 	Sound  started
962.7882 	DATA 	Keypress: rctrl
962.9003 	EXP 	Sound  started
963.5241 	DATA 	Keypress: lctrl
963.6503 	EXP 	Sound  started
964.2440 	DATA 	Keypress: rctrl
964.4003 	EXP 	Sound  started
965.0121 	DATA 	Keypress: rctrl
965.1503 	EXP 	Sound  started
965.7801 	DATA 	Keypress: rctrl
965.9003 	EXP 	Sound  started
966.5481 	DATA 	Keypress: lctrl
966.6503 	EXP 	Sound  started
967.3321 	DATA 	Keypress: lctrl
967.4003 	EXP 	Sound  started
968.0521 	DATA 	Keypress: rctrl
968.1503 	EXP 	Sound  started
968.8041 	DATA 	Keypress: lctrl
968.9004 	EXP 	Sound  started
969.5241 	DATA 	Keypress: lctrl
969.6504 	EXP 	Sound  started
970.2762 	DATA 	Keypress: lctrl
970.4004 	EXP 	Sound  started
971.0121 	DATA 	Keypress: rctrl
971.1504 	EXP 	Sound  started
971.7961 	DATA 	Keypress: lctrl
971.9004 	EXP 	Sound  started
972.5480 	DATA 	Keypress: rctrl
972.6504 	EXP 	Sound  started
973.3000 	DATA 	Keypress: lctrl
973.4004 	EXP 	Sound  started
974.0681 	DATA 	Keypress: lctrl
974.1505 	EXP 	Sound  started
974.7881 	DATA 	Keypress: lctrl
974.9005 	EXP 	Sound  started
975.5880 	DATA 	Keypress: rctrl
975.6505 	EXP 	Sound  started
976.3400 	DATA 	Keypress: lctrl
978.2130 	DATA 	Keypress: 4
978.2424 	EXP 	unnamed ShapeStim: vertices = <class 'numpy.ndarray'>
983.5803 	DATA 	Keypress: 4
983.5968 	EXP 	unnamed ShapeStim: vertices = <class 'numpy.ndarray'>
989.3350 	DATA 	Keypress: 4
989.3515 	EXP 	unnamed ShapeStim: vertices = <class 'numpy.ndarray'>
991.6365 	EXP 	Sound  started
991.6373 	DATA 	Keypress: lctrl
992.2760 	DATA 	Keypress: rctrl
992.3863 	EXP 	Sound  started
993.0120 	DATA 	Keypress: lctrl
993.1363 	EXP 	Sound  started
993.7960 	DATA 	Keypress: lctrl
993.8863 	EXP 	Sound  started
994.5160 	DATA 	Keypress: lctrl
994.6363 	EXP 	Sound  started
995.2520 	DATA 	Keypress: rctrl
995.3863 	EXP 	Sound  started
996.0360 	DATA 	Keypress: rctrl
996.1364 	EXP 	Sound  started
996.8864 	EXP 	Sound  started
997.5560 	DATA 	Keypress: lctrl
997.6364 	EXP 	Sound  started
998.2760 	DATA 	Keypress: rctrl
998.3864 	EXP 	Sound  started
999.0280 	DATA 	Keypress: rctrl
999.1364 	EXP 	Sound  started
999.7480 	DATA 	Keypress: rctrl
999.8864 	EXP 	Sound  started
1000.5161 	DATA 	Keypress: lctrl
1000.6365 	EXP 	Sound  started
1001.2840 	DATA 	Keypress: rctrl
1001.3865 	EXP 	Sound  started
1002.0680 	DATA 	Keypress: lctrl
1002.1365 	EXP 	Sound  started
1002.7880 	DATA 	Keypress: lctrl
1002.8865 	EXP 	Sound  started
1003.5400 	DATA 	Keypress: lctrl
1003.6365 	EXP 	Sound  started
1004.2600 	DATA 	Keypress: rctrl
1004.3865 	EXP 	Sound  started
1004.9960 	DATA 	Keypress: lctrl
1005.1365 	EXP 	Sound  started
1005.7480 	DATA 	Keypress: lctrl
1005.8866 	EXP 	Sound  started
1006.5320 	DATA 	Keypress: lctrl
1006.6366 	EXP 	Sound  started
1007.3160 	DATA 	Keypress: rctrl
1007.3866 	EXP 	Sound  started
1008.0680 	DATA 	Keypress: lctrl
1008.1366 	EXP 	Sound  started
1008.7880 	DATA 	Keypress: rctrl
1008.8866 	EXP 	Sound  started
1009.5401 	DATA 	Keypress: lctrl
1009.6366 	EXP 	Sound  started
1010.2760 	DATA 	Keypress: lctrl
1010.3867 	EXP 	Sound  started
1011.0280 	DATA 	Keypress: lctrl
1011.1367 	EXP 	Sound  started
1011.7961 	DATA 	Keypress: lctrl
1011.8867 	EXP 	Sound  started
1012.5641 	DATA 	Keypress: rctrl
1012.6367 	EXP 	Sound  started
1013.2681 	DATA 	Keypress: lctrl
1013.3867 	EXP 	Sound  started
1014.0520 	DATA 	Keypress: rctrl
1014.1367 	EXP 	Sound  started
1014.8040 	DATA 	Keypress: rctrl
1014.8867 	EXP 	Sound  started
1015.5400 	DATA 	Keypress: rctrl
1015.6368 	EXP 	Sound  started
1016.2760 	DATA 	Keypress: lctrl
1016.3868 	EXP 	Sound  started
1017.1368 	EXP 	Sound  started
1017.8441 	DATA 	Keypress: rctrl
1017.8868 	EXP 	Sound  started
1018.5321 	DATA 	Keypress: rctrl
1018.6368 	EXP 	Sound  started
1019.2680 	DATA 	Keypress: lctrl
1019.3868 	EXP 	Sound  started
1020.0200 	DATA 	Keypress: rctrl
1020.1368 	EXP 	Sound  started
1020.7400 	DATA 	Keypress: lctrl
1020.8868 	EXP 	Sound  started
1021.5081 	DATA 	Keypress: lctrl
1021.6369 	EXP 	Sound  started
1022.2600 	DATA 	Keypress: lctrl
1022.3869 	EXP 	Sound  started
1023.0600 	DATA 	Keypress: rctrl
1023.1369 	EXP 	Sound  started
1023.7960 	DATA 	Keypress: lctrl
1023.8869 	EXP 	Sound  started
1024.5160 	DATA 	Keypress: rctrl
1024.6369 	EXP 	Sound  started
1025.2360 	DATA 	Keypress: rctrl
1025.3869 	EXP 	Sound  started
1025.9721 	DATA 	Keypress: rctrl
1026.1369 	EXP 	Sound  started
1026.7560 	DATA 	Keypress: lctrl
1026.8869 	EXP 	Sound  started
1027.5240 	DATA 	Keypress: rctrl
1027.6370 	EXP 	Sound  started
1028.2920 	DATA 	Keypress: rctrl
1028.3870 	EXP 	Sound  started
1029.0601 	DATA 	Keypress: lctrl
1029.1370 	EXP 	Sound  started
1029.7960 	DATA 	Keypress: rctrl
1029.8870 	EXP 	Sound  started
1030.5320 	DATA 	Keypress: rctrl
1030.6370 	EXP 	Sound  started
1031.2361 	DATA 	Keypress: rctrl
1031.3870 	EXP 	Sound  started
1032.0520 	DATA 	Keypress: lctrl
1032.1371 	EXP 	Sound  started
1032.7560 	DATA 	Keypress: rctrl
1032.8871 	EXP 	Sound  started
1033.5240 	DATA 	Keypress: lctrl
1033.6371 	EXP 	Sound  started
1034.2440 	DATA 	Keypress: lctrl
1034.3871 	EXP 	Sound  started
1035.0600 	DATA 	Keypress: rctrl
1035.1371 	EXP 	Sound  started
1035.7960 	DATA 	Keypress: lctrl
1035.8871 	EXP 	Sound  started
1036.5320 	DATA 	Keypress: rctrl
1036.6371 	EXP 	Sound  started
1037.2681 	DATA 	Keypress: rctrl
1037.3871 	EXP 	Sound  started
1038.0360 	DATA 	Keypress: rctrl
1038.1372 	EXP 	Sound  started
1038.7880 	DATA 	Keypress: lctrl
1038.8872 	EXP 	Sound  started
1039.5881 	DATA 	Keypress: lctrl
1039.6372 	EXP 	Sound  started
1040.3080 	DATA 	Keypress: lctrl
1040.3872 	EXP 	Sound  started
1041.0440 	DATA 	Keypress: rctrl
1041.1372 	EXP 	Sound  started
1041.7960 	DATA 	Keypress: lctrl
1041.8872 	EXP 	Sound  started
1042.5321 	DATA 	Keypress: rctrl
1042.6372 	EXP 	Sound  started
1043.2840 	DATA 	Keypress: rctrl
1043.3873 	EXP 	Sound  started
1044.0680 	DATA 	Keypress: lctrl
1044.1373 	EXP 	Sound  started
1044.8520 	DATA 	Keypress: rctrl
1044.8873 	EXP 	Sound  started
1045.6041 	DATA 	Keypress: lctrl
1045.6373 	EXP 	Sound  started
1046.2760 	DATA 	Keypress: lctrl
1046.3873 	EXP 	Sound  started
1047.0281 	DATA 	Keypress: lctrl
1047.1373 	EXP 	Sound  started
1047.8120 	DATA 	Keypress: rctrl
1047.8873 	EXP 	Sound  started
1048.5480 	DATA 	Keypress: rctrl
1048.6374 	EXP 	Sound  started
1049.2840 	DATA 	Keypress: lctrl
1049.3874 	EXP 	Sound  started
1050.1374 	EXP 	Sound  started
1050.1480 	DATA 	Keypress: rctrl
1050.8040 	DATA 	Keypress: lctrl
1050.8874 	EXP 	Sound  started
1051.6040 	DATA 	Keypress: rctrl
1051.6374 	EXP 	Sound  started
1052.3400 	DATA 	Keypress: lctrl
1052.3874 	EXP 	Sound  started
1053.1080 	DATA 	Keypress: lctrl
1054.5054 	DATA 	Keypress: 3
1054.5215 	EXP 	unnamed ShapeStim: vertices = <class 'numpy.ndarray'>
1060.5099 	DATA 	Keypress: 4
1060.5264 	EXP 	unnamed ShapeStim: vertices = <class 'numpy.ndarray'>
1063.7830 	DATA 	Keypress: 4
1063.8125 	EXP 	unnamed ShapeStim: vertices = <class 'numpy.ndarray'>
1066.0967 	EXP 	Sound  started
1066.0976 	DATA 	Keypress: rctrl
1066.7401 	DATA 	Keypress: lctrl
1066.8466 	EXP 	Sound  started
1067.4760 	DATA 	Keypress: rctrl
1067.5966 	EXP 	Sound  started
1068.2280 	DATA 	Keypress: rctrl
1068.3466 	EXP 	Sound  started
1069.0120 	DATA 	Keypress: rctrl
1069.0966 	EXP 	Sound  started
1069.7480 	DATA 	Keypress: lctrl
1069.8466 	EXP 	Sound  started
1070.4839 	DATA 	Keypress: rctrl
1070.5966 	EXP 	Sound  started
1071.1880 	DATA 	Keypress: rctrl
1071.3466 	EXP 	Sound  started
1072.0520 	DATA 	Keypress: rctrl
1072.0967 	EXP 	Sound  started
1072.7720 	DATA 	Keypress: lctrl
1072.8467 	EXP 	Sound  started
1073.5080 	DATA 	Keypress: rctrl
1073.5967 	EXP 	Sound  started
1074.2280 	DATA 	Keypress: lctrl
1074.3467 	EXP 	Sound  started
1074.9960 	DATA 	Keypress: lctrl
1075.0967 	EXP 	Sound  started
1075.7479 	DATA 	Keypress: lctrl
1075.8467 	EXP 	Sound  started
1076.5160 	DATA 	Keypress: rctrl
1076.5968 	EXP 	Sound  started
1077.2360 	DATA 	Keypress: lctrl
1077.3468 	EXP 	Sound  started
1077.9559 	DATA 	Keypress: lctrl
1078.0968 	EXP 	Sound  started
1078.7401 	DATA 	Keypress: rctrl
1078.8468 	EXP 	Sound  started
1079.4760 	DATA 	Keypress: lctrl
1079.5968 	EXP 	Sound  started
1080.1960 	DATA 	Keypress: rctrl
1080.3468 	EXP 	Sound  started
1080.9321 	DATA 	Keypress: lctrl
1081.0968 	EXP 	Sound  started
1081.7320 	DATA 	Keypress: lctrl
1081.8469 	EXP 	Sound  started
1082.4201 	DATA 	Keypress: lctrl
1082.5969 	EXP 	Sound  started
1083.2200 	DATA 	Keypress: rctrl
1083.3469 	EXP 	Sound  started
1084.0520 	DATA 	Keypress: lctrl
1084.0969 	EXP 	Sound  started
1084.8201 	DATA 	Keypress: lctrl
1084.8469 	EXP 	Sound  started
1085.5559 	DATA 	Keypress: lctrl
1085.5969 	EXP 	Sound  started
1086.2760 	DATA 	Keypress: rctrl
1086.3469 	EXP 	Sound  started
1087.0440 	DATA 	Keypress: rctrl
1087.0970 	EXP 	Sound  started
1087.7320 	DATA 	Keypress: rctrl
1087.8470 	EXP 	Sound  started
1088.4840 	DATA 	Keypress: rctrl
1088.5970 	EXP 	Sound  started
1089.2361 	DATA 	Keypress: lctrl
1089.3470 	EXP 	Sound  started
1090.0361 	DATA 	Keypress: rctrl
1090.0970 	EXP 	Sound  started
1090.7880 	DATA 	Keypress: rctrl
1090.8470 	EXP 	Sound  started
1091.5400 	DATA 	Keypress: rctrl
1091.5970 	EXP 	Sound  started
1092.2760 	DATA 	Keypress: lctrl
1092.3471 	EXP 	Sound  started
1093.0279 	DATA 	Keypress: lctrl
1093.0971 	EXP 	Sound  started
1093.7960 	DATA 	Keypress: lctrl
1093.8471 	EXP 	Sound  started
1094.5160 	DATA 	Keypress: rctrl
1094.5971 	EXP 	Sound  started
1095.2839 	DATA 	Keypress: rctrl
1095.3471 	EXP 	Sound  started
1096.0971 	EXP 	Sound  started
1096.1161 	DATA 	Keypress: lctrl
1096.8039 	DATA 	Keypress: rctrl
1096.8471 	EXP 	Sound  started
1097.5400 	DATA 	Keypress: rctrl
1097.5972 	EXP 	Sound  started
1098.2920 	DATA 	Keypress: lctrl
1098.3472 	EXP 	Sound  started
1099.0440 	DATA 	Keypress: lctrl
1099.0972 	EXP 	Sound  started
1099.8279 	DATA 	Keypress: lctrl
1099.8472 	EXP 	Sound  started
1100.5320 	DATA 	Keypress: rctrl
1100.5972 	EXP 	Sound  started
1101.2679 	DATA 	Keypress: lctrl
1101.3472 	EXP 	Sound  started
1102.0039 	DATA 	Keypress: rctrl
1102.0972 	EXP 	Sound  started
1102.7559 	DATA 	Keypress: lctrl
1102.8473 	EXP 	Sound  started
1103.5239 	DATA 	Keypress: rctrl
1103.5973 	EXP 	Sound  started
1104.3080 	DATA 	Keypress: lctrl
1104.3473 	EXP 	Sound  started
1105.0440 	DATA 	Keypress: lctrl
1105.0973 	EXP 	Sound  started
1105.7319 	DATA 	Keypress: rctrl
1105.8473 	EXP 	Sound  started
1106.4200 	DATA 	Keypress: lctrl
1106.5973 	EXP 	Sound  started
1107.2201 	DATA 	Keypress: rctrl
1107.3474 	EXP 	Sound  started
1108.0040 	DATA 	Keypress: rctrl
1108.0974 	EXP 	Sound  started
1108.7240 	DATA 	Keypress: lctrl
1108.8474 	EXP 	Sound  started
1109.4440 	DATA 	Keypress: rctrl
1109.5974 	EXP 	Sound  started
1110.1800 	DATA 	Keypress: lctrl
1110.3474 	EXP 	Sound  started
1111.0279 	DATA 	Keypress: lctrl
1111.0974 	EXP 	Sound  started
1111.6999 	DATA 	Keypress: lctrl
1111.8474 	EXP 	Sound  started
1112.4519 	DATA 	Keypress: rctrl
1112.5975 	EXP 	Sound  started
1113.2360 	DATA 	Keypress: rctrl
1113.3475 	EXP 	Sound  started
1114.0360 	DATA 	Keypress: lctrl
1114.0975 	EXP 	Sound  started
1114.7719 	DATA 	Keypress: rctrl
1114.8475 	EXP 	Sound  started
1115.4600 	DATA 	Keypress: rctrl
1115.5975 	EXP 	Sound  started
1116.2761 	DATA 	Keypress: lctrl
1116.3475 	EXP 	Sound  started
1116.9800 	DATA 	Keypress: rctrl
1117.0975 	EXP 	Sound  started
1117.7800 	DATA 	Keypress: lctrl
1117.8476 	EXP 	Sound  started
1118.5000 	DATA 	Keypress: lctrl
1118.5976 	EXP 	Sound  started
1119.2520 	DATA 	Keypress: lctrl
1119.3476 	EXP 	Sound  started
1119.9560 	DATA 	Keypress: rctrl
1120.0976 	EXP 	Sound  started
1120.7720 	DATA 	Keypress: lctrl
1120.8476 	EXP 	Sound  started
1121.5239 	DATA 	Keypress: lctrl
1121.5976 	EXP 	Sound  started
1122.2919 	DATA 	Keypress: lctrl
1122.3476 	EXP 	Sound  started
1123.0600 	DATA 	Keypress: rctrl
1123.0977 	EXP 	Sound  started
1123.7800 	DATA 	Keypress: rctrl
1125.3506 	DATA 	Keypress: 3
1125.3800 	EXP 	unnamed ShapeStim: vertices = <class 'numpy.ndarray'>
1129.1828 	DATA 	Keypress: 4
1129.1993 	EXP 	unnamed ShapeStim: vertices = <class 'numpy.ndarray'>
1131.6391 	DATA 	Keypress: 3
1131.6685 	EXP 	unnamed ShapeStim: vertices = <class 'numpy.ndarray'>
1133.9536 	EXP 	Sound  started
1133.9545 	DATA 	Keypress: rctrl
1134.5959 	DATA 	Keypress: lctrl
1134.7034 	EXP 	Sound  started
1135.3640 	DATA 	Keypress: rctrl
1135.4534 	EXP 	Sound  started
1136.0679 	DATA 	Keypress: rctrl
1136.2034 	EXP 	Sound  started
1136.8520 	DATA 	Keypress: rctrl
1136.9535 	EXP 	Sound  started
1137.5880 	DATA 	Keypress: lctrl
1137.7035 	EXP 	Sound  started
1138.3399 	DATA 	Keypress: rctrl
1138.4535 	EXP 	Sound  started
1139.1400 	DATA 	Keypress: rctrl
1139.2035 	EXP 	Sound  started
1139.8599 	DATA 	Keypress: lctrl
1139.9535 	EXP 	Sound  started
1140.6439 	DATA 	Keypress: lctrl
1140.7035 	EXP 	Sound  started
1141.3479 	DATA 	Keypress: rctrl
1141.4535 	EXP 	Sound  started
1142.0999 	DATA 	Keypress: lctrl
1142.2036 	EXP 	Sound  started
1142.8359 	DATA 	Keypress: rctrl
1142.9536 	EXP 	Sound  started
1143.5719 	DATA 	Keypress: lctrl
1143.7036 	EXP 	Sound  started
1144.3240 	DATA 	Keypress: rctrl
1144.4536 	EXP 	Sound  started
1145.0920 	DATA 	Keypress: rctrl
1145.2036 	EXP 	Sound  started
1145.8439 	DATA 	Keypress: rctrl
1145.9536 	EXP 	Sound  started
1146.5959 	DATA 	Keypress: lctrl
1146.7036 	EXP 	Sound  started
1147.3320 	DATA 	Keypress: rctrl
1147.4537 	EXP 	Sound  started
1148.1000 	DATA 	Keypress: rctrl
1148.2037 	EXP 	Sound  started
1148.8680 	DATA 	Keypress: rctrl
1148.9537 	EXP 	Sound  started
1149.5880 	DATA 	Keypress: lctrl
1149.7037 	EXP 	Sound  started
1150.3399 	DATA 	Keypress: lctrl
1150.4537 	EXP 	Sound  started
1151.0759 	DATA 	Keypress: rctrl
1151.2037 	EXP 	Sound  started
1151.8600 	DATA 	Keypress: lctrl
1151.9538 	EXP 	Sound  started
1152.5640 	DATA 	Keypress: rctrl
1152.7038 	EXP 	Sound  started
1153.3159 	DATA 	Keypress: lctrl
1153.4538 	EXP 	Sound  started
1154.1319 	DATA 	Keypress: lctrl
1154.2038 	EXP 	Sound  started
1154.8519 	DATA 	Keypress: lctrl
1154.9538 	EXP 	Sound  started
1155.6040 	DATA 	Keypress: lctrl
1155.7038 	EXP 	Sound  started
1156.3719 	DATA 	Keypress: rctrl
1156.4538 	EXP 	Sound  started
1157.0919 	DATA 	Keypress: lctrl
1157.2039 	EXP 	Sound  started
1157.8280 	DATA 	Keypress: rctrl
1157.9539 	EXP 	Sound  started
1158.5480 	DATA 	Keypress: rctrl
1158.7039 	EXP 	Sound  started
1159.3639 	DATA 	Keypress: rctrl
1159.4539 	EXP 	Sound  started
1160.1159 	DATA 	Keypress: lctrl
1160.2039 	EXP 	Sound  started
1160.8840 	DATA 	Keypress: rctrl
1160.9539 	EXP 	Sound  started
1161.6200 	DATA 	Keypress: lctrl
1161.7039 	EXP 	Sound  started
1162.3239 	DATA 	Keypress: rctrl
1162.4540 	EXP 	Sound  started
1163.0919 	DATA 	Keypress: rctrl
1163.2040 	EXP 	Sound  started
1163.8599 	DATA 	Keypress: rctrl
1163.9540 	EXP 	Sound  started
1164.5640 	DATA 	Keypress: lctrl
1164.7040 	EXP 	Sound  started
1165.3480 	DATA 	Keypress: lctrl
1165.4540 	EXP 	Sound  started
1166.0999 	DATA 	Keypress: rctrl
1166.2040 	EXP 	Sound  started
1166.8680 	DATA 	Keypress: lctrl
1166.9540 	EXP 	Sound  started
1167.5720 	DATA 	Keypress: rctrl
1167.7041 	EXP 	Sound  started
1168.3719 	DATA 	Keypress: rctrl
1168.4541 	EXP 	Sound  started
1169.1240 	DATA 	Keypress: rctrl
1169.2041 	EXP 	Sound  started
1169.8760 	DATA 	Keypress: rctrl
1169.9541 	EXP 	Sound  started
1170.5959 	DATA 	Keypress: rctrl
1170.7041 	EXP 	Sound  started
1171.4440 	DATA 	Keypress: lctrl
1171.4541 	EXP 	Sound  started
1172.1319 	DATA 	Keypress: rctrl
1172.2042 	EXP 	Sound  started
1172.8200 	DATA 	Keypress: lctrl
1172.9542 	EXP 	Sound  started
1173.6199 	DATA 	Keypress: lctrl
1173.7042 	EXP 	Sound  started
1174.3879 	DATA 	Keypress: lctrl
1174.4542 	EXP 	Sound  started
1175.1399 	DATA 	Keypress: lctrl
1175.2042 	EXP 	Sound  started
1175.8920 	DATA 	Keypress: rctrl
1175.9542 	EXP 	Sound  started
1176.6600 	DATA 	Keypress: rctrl
1176.7042 	EXP 	Sound  started
1177.3800 	DATA 	Keypress: lctrl
1177.4543 	EXP 	Sound  started
1178.0999 	DATA 	Keypress: rctrl
1179.8780 	DATA 	Keypress: 3
1179.9075 	EXP 	unnamed ShapeStim: vertices = <class 'numpy.ndarray'>
1184.0944 	DATA 	Keypress: 4
1184.1109 	EXP 	unnamed ShapeStim: vertices = <class 'numpy.ndarray'>
1190.6998 	DATA 	Keypress: 4
1190.7163 	EXP 	unnamed ShapeStim: vertices = <class 'numpy.ndarray'>
1193.0014 	EXP 	Sound  started
1193.0022 	DATA 	Keypress: rctrl
1193.6519 	DATA 	Keypress: lctrl
1193.7512 	EXP 	Sound  started
1194.3879 	DATA 	Keypress: lctrl
1194.5012 	EXP 	Sound  started
1195.1399 	DATA 	Keypress: rctrl
1195.2512 	EXP 	Sound  started
1195.8600 	DATA 	Keypress: lctrl
1196.0013 	EXP 	Sound  started
1196.6119 	DATA 	Keypress: rctrl
1196.7513 	EXP 	Sound  started
1197.3639 	DATA 	Keypress: rctrl
1197.5013 	EXP 	Sound  started
1198.1800 	DATA 	Keypress: rctrl
1198.2513 	EXP 	Sound  started
1198.8999 	DATA 	Keypress: lctrl
1199.0013 	EXP 	Sound  started
1199.6199 	DATA 	Keypress: rctrl
1199.7513 	EXP 	Sound  started
1200.4040 	DATA 	Keypress: lctrl
1200.5013 	EXP 	Sound  started
1201.2513 	EXP 	Sound  started
1201.2679 	DATA 	Keypress: lctrl
1201.9079 	DATA 	Keypress: lctrl
1202.0014 	EXP 	Sound  started
1202.6440 	DATA 	Keypress: rctrl
1202.7514 	EXP 	Sound  started
1203.3479 	DATA 	Keypress: lctrl
1203.5014 	EXP 	Sound  started
1204.1000 	DATA 	Keypress: lctrl
1204.2514 	EXP 	Sound  started
1204.8199 	DATA 	Keypress: rctrl
1205.0014 	EXP 	Sound  started
1205.5879 	DATA 	Keypress: lctrl
1205.7514 	EXP 	Sound  started
1206.4039 	DATA 	Keypress: rctrl
1206.5014 	EXP 	Sound  started
1207.1559 	DATA 	Keypress: rctrl
1207.2515 	EXP 	Sound  started
1207.8919 	DATA 	Keypress: rctrl
1208.0015 	EXP 	Sound  started
1208.5960 	DATA 	Keypress: lctrl
1208.7515 	EXP 	Sound  started
1209.3640 	DATA 	Keypress: lctrl
1209.5015 	EXP 	Sound  started
1210.1160 	DATA 	Keypress: lctrl
1210.2515 	EXP 	Sound  started
1210.9319 	DATA 	Keypress: rctrl
1211.0015 	EXP 	Sound  started
1211.6680 	DATA 	Keypress: lctrl
1211.7515 	EXP 	Sound  started
1212.4039 	DATA 	Keypress: rctrl
1212.5015 	EXP 	Sound  started
1213.1239 	DATA 	Keypress: lctrl
1213.2516 	EXP 	Sound  started
1213.9239 	DATA 	Keypress: rctrl
1214.0016 	EXP 	Sound  started
1214.6599 	DATA 	Keypress: rctrl
1214.7516 	EXP 	Sound  started
1215.3799 	DATA 	Keypress: rctrl
1215.5016 	EXP 	Sound  started
1216.1799 	DATA 	Keypress: lctrl
1216.2516 	EXP 	Sound  started
1216.9799 	DATA 	Keypress: lctrl
1217.0016 	EXP 	Sound  started
1217.7159 	DATA 	Keypress: lctrl
1217.7516 	EXP 	Sound  started
1218.4199 	DATA 	Keypress: lctrl
1218.5017 	EXP 	Sound  started
1219.1238 	DATA 	Keypress: rctrl
1219.2517 	EXP 	Sound  started
1219.9239 	DATA 	Keypress: lctrl
1220.0017 	EXP 	Sound  started
1220.6759 	DATA 	Keypress: lctrl
1220.7517 	EXP 	Sound  started
1221.3958 	DATA 	Keypress: rctrl
1221.5017 	EXP 	Sound  started
1222.1319 	DATA 	Keypress: lctrl
1222.2517 	EXP 	Sound  started
1222.9319 	DATA 	Keypress: lctrl
1223.0017 	EXP 	Sound  started
1223.6680 	DATA 	Keypress: lctrl
1223.7518 	EXP 	Sound  started
1224.4359 	DATA 	Keypress: rctrl
1224.5018 	EXP 	Sound  started
1225.2039 	DATA 	Keypress: rctrl
1225.2518 	EXP 	Sound  started
1225.9559 	DATA 	Keypress: rctrl
1226.0018 	EXP 	Sound  started
1226.6919 	DATA 	Keypress: lctrl
1226.7518 	EXP 	Sound  started
1227.4440 	DATA 	Keypress: rctrl
1227.5018 	EXP 	Sound  started
1228.1641 	DATA 	Keypress: lctrl
1228.2518 	EXP 	Sound  started
1228.8839 	DATA 	Keypress: lctrl
1229.0018 	EXP 	Sound  started
1229.6679 	DATA 	Keypress: rctrl
1229.7519 	EXP 	Sound  started
1230.4519 	DATA 	Keypress: rctrl
1230.5019 	EXP 	Sound  started
1231.2358 	DATA 	Keypress: lctrl
1231.2519 	EXP 	Sound  started
1231.9878 	DATA 	Keypress: lctrl
1232.0019 	EXP 	Sound  started
1232.7519 	EXP 	Sound  started
1232.8519 	DATA 	Keypress: lctrl
1233.4759 	DATA 	Keypress: rctrl
1233.5019 	EXP 	Sound  started
1234.1639 	DATA 	Keypress: lctrl
1234.2519 	EXP 	Sound  started
1234.9319 	DATA 	Keypress: rctrl
1235.0020 	EXP 	Sound  started
1235.6199 	DATA 	Keypress: lctrl
1235.7520 	EXP 	Sound  started
1236.3719 	DATA 	Keypress: lctrl
1236.5020 	EXP 	Sound  started
1237.1558 	DATA 	Keypress: lctrl
1237.2520 	EXP 	Sound  started
1237.9559 	DATA 	Keypress: rctrl
1238.0020 	EXP 	Sound  started
1238.6439 	DATA 	Keypress: lctrl
1238.7520 	EXP 	Sound  started
1239.3959 	DATA 	Keypress: rctrl
1239.5021 	EXP 	Sound  started
1240.1639 	DATA 	Keypress: rctrl
1240.2521 	EXP 	Sound  started
1240.8999 	DATA 	Keypress: rctrl
1241.0021 	EXP 	Sound  started
1241.6519 	DATA 	Keypress: lctrl
1241.7521 	EXP 	Sound  started
1242.4519 	DATA 	Keypress: rctrl
1242.5021 	EXP 	Sound  started
1243.1558 	DATA 	Keypress: lctrl
1243.2521 	EXP 	Sound  started
1243.9079 	DATA 	Keypress: lctrl
1244.0021 	EXP 	Sound  started
1244.6122 	DATA 	Keypress: lctrl
1246.9329 	DATA 	Keypress: 3
1246.9623 	EXP 	unnamed ShapeStim: vertices = <class 'numpy.ndarray'>
1250.6490 	DATA 	Keypress: 4
1250.6654 	EXP 	unnamed ShapeStim: vertices = <class 'numpy.ndarray'>
1254.5354 	DATA 	Keypress: 2
1254.5519 	EXP 	unnamed ShapeStim: vertices = <class 'numpy.ndarray'>
1256.8361 	EXP 	Sound  started
1256.8370 	DATA 	Keypress: lctrl
1257.4599 	DATA 	Keypress: rctrl
1257.5860 	EXP 	Sound  started
1258.2599 	DATA 	Keypress: lctrl
1258.3360 	EXP 	Sound  started
1259.0119 	DATA 	Keypress: lctrl
1259.0860 	EXP 	Sound  started
1259.7639 	DATA 	Keypress: lctrl
1259.8360 	EXP 	Sound  started
1260.4839 	DATA 	Keypress: rctrl
1260.5860 	EXP 	Sound  started
1261.2358 	DATA 	Keypress: rctrl
1261.3361 	EXP 	Sound  started
1261.9718 	DATA 	Keypress: rctrl
1262.0861 	EXP 	Sound  started
1262.7400 	DATA 	Keypress: lctrl
1262.8361 	EXP 	Sound  started
1263.5079 	DATA 	Keypress: rctrl
1263.5861 	EXP 	Sound  started
1264.2599 	DATA 	Keypress: rctrl
1264.3361 	EXP 	Sound  started
1265.0279 	DATA 	Keypress: lctrl
1265.0861 	EXP 	Sound  started
1265.7319 	DATA 	Keypress: rctrl
1265.8361 	EXP 	Sound  started
1266.4358 	DATA 	Keypress: lctrl
1266.5862 	EXP 	Sound  started
1267.2359 	DATA 	Keypress: rctrl
1267.3362 	EXP 	Sound  started
1267.9879 	DATA 	Keypress: rctrl
1268.0862 	EXP 	Sound  started
1268.7398 	DATA 	Keypress: rctrl
1268.8362 	EXP 	Sound  started
1269.5079 	DATA 	Keypress: lctrl
1269.5862 	EXP 	Sound  started
1270.2919 	DATA 	Keypress: rctrl
1270.3362 	EXP 	Sound  started
1270.9798 	DATA 	Keypress: lctrl
1271.0862 	EXP 	Sound  started
1271.6998 	DATA 	Keypress: rctrl
1271.8363 	EXP 	Sound  started
1272.4359 	DATA 	Keypress: rctrl
1272.5863 	EXP 	Sound  started
1273.2679 	DATA 	Keypress: lctrl
1273.3363 	EXP 	Sound  started
1274.0039 	DATA 	Keypress: rctrl
1274.0863 	EXP 	Sound  started
1274.7558 	DATA 	Keypress: rctrl
1274.8363 	EXP 	Sound  started
1275.4439 	DATA 	Keypress: rctrl
1275.5863 	EXP 	Sound  started
1276.2599 	DATA 	Keypress: lctrl
1276.3363 	EXP 	Sound  started
1276.9959 	DATA 	Keypress: rctrl
1277.0864 	EXP 	Sound  started
1277.7799 	DATA 	Keypress: lctrl
1277.8364 	EXP 	Sound  started
1278.5864 	EXP 	Sound  started
1278.5959 	DATA 	Keypress: lctrl
1279.2999 	DATA 	Keypress: rctrl
1279.3364 	EXP 	Sound  started
1280.0038 	DATA 	Keypress: lctrl
1280.0864 	EXP 	Sound  started
1280.7399 	DATA 	Keypress: rctrl
1280.8364 	EXP 	Sound  started
1281.4758 	DATA 	Keypress: rctrl
1281.5864 	EXP 	Sound  started
1282.2919 	DATA 	Keypress: rctrl
1282.3364 	EXP 	Sound  started
1282.9799 	DATA 	Keypress: lctrl
1283.0865 	EXP 	Sound  started
1283.7638 	DATA 	Keypress: rctrl
1283.8365 	EXP 	Sound  started
1284.4839 	DATA 	Keypress: lctrl
1284.5865 	EXP 	Sound  started
1285.2358 	DATA 	Keypress: lctrl
1285.3365 	EXP 	Sound  started
1285.9879 	DATA 	Keypress: lctrl
1286.0865 	EXP 	Sound  started
1286.6918 	DATA 	Keypress: rctrl
1286.8365 	EXP 	Sound  started
1287.4759 	DATA 	Keypress: rctrl
1287.5866 	EXP 	Sound  started
1288.2760 	DATA 	Keypress: rctrl
1288.3366 	EXP 	Sound  started
1289.0119 	DATA 	Keypress: lctrl
1289.0866 	EXP 	Sound  started
1289.7639 	DATA 	Keypress: lctrl
1289.8366 	EXP 	Sound  started
1290.4998 	DATA 	Keypress: rctrl
1290.5866 	EXP 	Sound  started
1291.2359 	DATA 	Keypress: rctrl
1291.3366 	EXP 	Sound  started
1291.9879 	DATA 	Keypress: rctrl
1292.0866 	EXP 	Sound  started
1292.7399 	DATA 	Keypress: lctrl
1292.8367 	EXP 	Sound  started
1293.4758 	DATA 	Keypress: rctrl
1293.5867 	EXP 	Sound  started
1294.1959 	DATA 	Keypress: lctrl
1294.3367 	EXP 	Sound  started
1294.9478 	DATA 	Keypress: lctrl
1295.0867 	EXP 	Sound  started
1295.7798 	DATA 	Keypress: lctrl
1295.8367 	EXP 	Sound  started
1296.5480 	DATA 	Keypress: rctrl
1296.5867 	EXP 	Sound  started
1297.2678 	DATA 	Keypress: lctrl
1297.3367 	EXP 	Sound  started
1298.0039 	DATA 	Keypress: lctrl
1298.0868 	EXP 	Sound  started
1298.7238 	DATA 	Keypress: lctrl
1298.8368 	EXP 	Sound  started
1299.5078 	DATA 	Keypress: rctrl
1299.5868 	EXP 	Sound  started
1300.2439 	DATA 	Keypress: lctrl
1300.3368 	EXP 	Sound  started
1300.9799 	DATA 	Keypress: lctrl
1301.0868 	EXP 	Sound  started
1301.7798 	DATA 	Keypress: rctrl
1301.8368 	EXP 	Sound  started
1302.4838 	DATA 	Keypress: lctrl
1302.5868 	EXP 	Sound  started
1303.2359 	DATA 	Keypress: lctrl
1303.3369 	EXP 	Sound  started
1303.9239 	DATA 	Keypress: rctrl
1304.0869 	EXP 	Sound  started
1304.7238 	DATA 	Keypress: lctrl
1304.8369 	EXP 	Sound  started
1305.4598 	DATA 	Keypress: rctrl
1305.5869 	EXP 	Sound  started
1306.2118 	DATA 	Keypress: lctrl
1306.3369 	EXP 	Sound  started
1307.0119 	DATA 	Keypress: lctrl
1307.0869 	EXP 	Sound  started
1307.7638 	DATA 	Keypress: rctrl
1307.8369 	EXP 	Sound  started
1308.4838 	DATA 	Keypress: lctrl
1308.5870 	EXP 	Sound  started
1309.2679 	DATA 	Keypress: rctrl
1309.3370 	EXP 	Sound  started
1310.0039 	DATA 	Keypress: rctrl
1310.0870 	EXP 	Sound  started
1310.7238 	DATA 	Keypress: rctrl
1310.8370 	EXP 	Sound  started
1311.5559 	DATA 	Keypress: lctrl
1311.5870 	EXP 	Sound  started
1312.2918 	DATA 	Keypress: rctrl
1312.3370 	EXP 	Sound  started
1312.9479 	DATA 	Keypress: lctrl
1313.0870 	EXP 	Sound  started
1313.7478 	DATA 	Keypress: rctrl
1315.4524 	DATA 	Keypress: 3
1315.4689 	EXP 	unnamed ShapeStim: vertices = <class 'numpy.ndarray'>
1321.5274 	DATA 	Keypress: 4
1321.5567 	EXP 	unnamed ShapeStim: vertices = <class 'numpy.ndarray'>
1330.1807 	DATA 	Keypress: 3
1330.1971 	EXP 	unnamed ShapeStim: vertices = <class 'numpy.ndarray'>
1332.4823 	EXP 	Sound  started
1332.7080 	DATA 	Keypress: rctrl
1333.1558 	DATA 	Keypress: lctrl
1333.2322 	EXP 	Sound  started
1333.8758 	DATA 	Keypress: rctrl
1333.9822 	EXP 	Sound  started
1334.6279 	DATA 	Keypress: rctrl
1334.7322 	EXP 	Sound  started
1335.3319 	DATA 	Keypress: rctrl
1335.4822 	EXP 	Sound  started
1336.1159 	DATA 	Keypress: lctrl
1336.2322 	EXP 	Sound  started
1336.8520 	DATA 	Keypress: rctrl
1336.9822 	EXP 	Sound  started
1337.6198 	DATA 	Keypress: lctrl
1337.7322 	EXP 	Sound  started
1338.3719 	DATA 	Keypress: lctrl
1338.4823 	EXP 	Sound  started
1339.0760 	DATA 	Keypress: lctrl
1339.2323 	EXP 	Sound  started
1339.9400 	DATA 	Keypress: rctrl
1339.9823 	EXP 	Sound  started
1340.6598 	DATA 	Keypress: lctrl
1340.7323 	EXP 	Sound  started
1341.4439 	DATA 	Keypress: rctrl
1341.4823 	EXP 	Sound  started
1342.1478 	DATA 	Keypress: rctrl
1342.2323 	EXP 	Sound  started
1342.8998 	DATA 	Keypress: rctrl
1342.9823 	EXP 	Sound  started
1343.6358 	DATA 	Keypress: lctrl
1343.7324 	EXP 	Sound  started
1344.3879 	DATA 	Keypress: rctrl
1344.4824 	EXP 	Sound  started
1345.1079 	DATA 	Keypress: lctrl
1345.2324 	EXP 	Sound  started
1345.8758 	DATA 	Keypress: lctrl
1345.9824 	EXP 	Sound  started
1346.6278 	DATA 	Keypress: rctrl
1346.7324 	EXP 	Sound  started
1347.3639 	DATA 	Keypress: lctrl
1347.4825 	EXP 	Sound  started
1348.0999 	DATA 	Keypress: rctrl
1348.2325 	EXP 	Sound  started
1348.8678 	DATA 	Keypress: rctrl
1348.9825 	EXP 	Sound  started
1349.6519 	DATA 	Keypress: rctrl
1349.7325 	EXP 	Sound  started
1350.3878 	DATA 	Keypress: lctrl
1350.4825 	EXP 	Sound  started
1351.1558 	DATA 	Keypress: rctrl
1351.2325 	EXP 	Sound  started
1351.9078 	DATA 	Keypress: rctrl
1351.9825 	EXP 	Sound  started
1352.6598 	DATA 	Keypress: lctrl
1352.7325 	EXP 	Sound  started
1353.3638 	DATA 	Keypress: rctrl
1353.4826 	EXP 	Sound  started
1354.1478 	DATA 	Keypress: rctrl
1354.2326 	EXP 	Sound  started
1354.8678 	DATA 	Keypress: rctrl
1354.9826 	EXP 	Sound  started
1355.6198 	DATA 	Keypress: rctrl
1355.7326 	EXP 	Sound  started
1356.3559 	DATA 	Keypress: rctrl
1356.4826 	EXP 	Sound  started
1357.1398 	DATA 	Keypress: lctrl
1357.2326 	EXP 	Sound  started
1357.8598 	DATA 	Keypress: rctrl
1357.9826 	EXP 	Sound  started
1358.6278 	DATA 	Keypress: lctrl
1358.7326 	EXP 	Sound  started
1359.3479 	DATA 	Keypress: lctrl
1359.4827 	EXP 	Sound  started
1360.1638 	DATA 	Keypress: lctrl
1360.2327 	EXP 	Sound  started
1360.9158 	DATA 	Keypress: rctrl
1360.9827 	EXP 	Sound  started
1361.6838 	DATA 	Keypress: lctrl
1361.7327 	EXP 	Sound  started
1362.2918 	DATA 	Keypress: rctrl
1362.4827 	EXP 	Sound  started
1363.1399 	DATA 	Keypress: lctrl
1363.2327 	EXP 	Sound  started
1363.9238 	DATA 	Keypress: rctrl
1363.9827 	EXP 	Sound  started
1364.6438 	DATA 	Keypress: lctrl
1364.7327 	EXP 	Sound  started
1365.4438 	DATA 	Keypress: rctrl
1365.4828 	EXP 	Sound  started
1366.1639 	DATA 	Keypress: lctrl
1366.2328 	EXP 	Sound  started
1366.9318 	DATA 	Keypress: rctrl
1366.9828 	EXP 	Sound  started
1367.6678 	DATA 	Keypress: rctrl
1367.7328 	EXP 	Sound  started
1368.4198 	DATA 	Keypress: lctrl
1368.4828 	EXP 	Sound  started
1369.2039 	DATA 	Keypress: lctrl
1369.2328 	EXP 	Sound  started
1369.9719 	DATA 	Keypress: lctrl
1369.9829 	EXP 	Sound  started
1370.6918 	DATA 	Keypress: lctrl
1370.7329 	EXP 	Sound  started
1371.4439 	DATA 	Keypress: rctrl
1371.4829 	EXP 	Sound  started
1372.1638 	DATA 	Keypress: rctrl
1372.2329 	EXP 	Sound  started
1372.8678 	DATA 	Keypress: lctrl
1372.9829 	EXP 	Sound  started
1373.6198 	DATA 	Keypress: rctrl
1373.7329 	EXP 	Sound  started
1374.3718 	DATA 	Keypress: lctrl
1374.4829 	EXP 	Sound  started
1375.1398 	DATA 	Keypress: lctrl
1375.2329 	EXP 	Sound  started
1375.9238 	DATA 	Keypress: rctrl
1375.9830 	EXP 	Sound  started
1376.6758 	DATA 	Keypress: lctrl
1376.7330 	EXP 	Sound  started
1377.3638 	DATA 	Keypress: rctrl
1379.0373 	DATA 	Keypress: 3
1379.0538 	EXP 	unnamed ShapeStim: vertices = <class 'numpy.ndarray'>
1382.2065 	DATA 	Keypress: 2
1382.2231 	EXP 	unnamed ShapeStim: vertices = <class 'numpy.ndarray'>
1387.0440 	DATA 	Keypress: 1
1387.0604 	EXP 	unnamed ShapeStim: vertices = <class 'numpy.ndarray'>
1389.3446 	EXP 	Sound  started
1389.3455 	DATA 	Keypress: rctrl
1390.0038 	DATA 	Keypress: lctrl
1390.0945 	EXP 	Sound  started
1390.7399 	DATA 	Keypress: rctrl
1390.8445 	EXP 	Sound  started
1391.4919 	DATA 	Keypress: rctrl
1391.5945 	EXP 	Sound  started
1392.2597 	DATA 	Keypress: rctrl
1392.3445 	EXP 	Sound  started
1393.0118 	DATA 	Keypress: lctrl
1393.0946 	EXP 	Sound  started
1393.7637 	DATA 	Keypress: rctrl
1393.8446 	EXP 	Sound  started
1394.4999 	DATA 	Keypress: lctrl
1394.5946 	EXP 	Sound  started
1395.2358 	DATA 	Keypress: lctrl
1395.3446 	EXP 	Sound  started
1395.9878 	DATA 	Keypress: rctrl
1396.0946 	EXP 	Sound  started
1396.7719 	DATA 	Keypress: rctrl
1396.8446 	EXP 	Sound  started
1397.4917 	DATA 	Keypress: rctrl
1397.5947 	EXP 	Sound  started
1398.2118 	DATA 	Keypress: lctrl
1398.3447 	EXP 	Sound  started
1398.9478 	DATA 	Keypress: lctrl
1399.0947 	EXP 	Sound  started
1399.7158 	DATA 	Keypress: lctrl
1399.8447 	EXP 	Sound  started
1400.5158 	DATA 	Keypress: lctrl
1400.5947 	EXP 	Sound  started
1401.2038 	DATA 	Keypress: rctrl
1401.3447 	EXP 	Sound  started
1401.9398 	DATA 	Keypress: lctrl
1402.0947 	EXP 	Sound  started
1402.7399 	DATA 	Keypress: rctrl
1402.8447 	EXP 	Sound  started
1403.4757 	DATA 	Keypress: lctrl
1403.5948 	EXP 	Sound  started
1404.2438 	DATA 	Keypress: lctrl
1404.3448 	EXP 	Sound  started
1405.0118 	DATA 	Keypress: lctrl
1405.0948 	EXP 	Sound  started
1405.6678 	DATA 	Keypress: lctrl
1405.8448 	EXP 	Sound  started
1406.5158 	DATA 	Keypress: rctrl
1406.5948 	EXP 	Sound  started
1407.2518 	DATA 	Keypress: lctrl
1407.3448 	EXP 	Sound  started
1408.0198 	DATA 	Keypress: lctrl
1408.0949 	EXP 	Sound  started
1408.7398 	DATA 	Keypress: lctrl
1408.8449 	EXP 	Sound  started
1409.4918 	DATA 	Keypress: rctrl
1409.5949 	EXP 	Sound  started
1410.2438 	DATA 	Keypress: lctrl
1410.3449 	EXP 	Sound  started
1410.9958 	DATA 	Keypress: lctrl
1411.0949 	EXP 	Sound  started
1411.7638 	DATA 	Keypress: lctrl
1411.8449 	EXP 	Sound  started
1412.4998 	DATA 	Keypress: rctrl
1412.5949 	EXP 	Sound  started
1413.2198 	DATA 	Keypress: lctrl
1413.3450 	EXP 	Sound  started
1413.9717 	DATA 	Keypress: lctrl
1414.0950 	EXP 	Sound  started
1414.7238 	DATA 	Keypress: lctrl
1414.8450 	EXP 	Sound  started
1415.5399 	DATA 	Keypress: rctrl
1415.5950 	EXP 	Sound  started
1416.2758 	DATA 	Keypress: rctrl
1416.3450 	EXP 	Sound  started
1417.0439 	DATA 	Keypress: rctrl
1417.0951 	EXP 	Sound  started
1417.7477 	DATA 	Keypress: rctrl
1417.8451 	EXP 	Sound  started
1418.4518 	DATA 	Keypress: lctrl
1418.5951 	EXP 	Sound  started
1419.2838 	DATA 	Keypress: lctrl
1419.3451 	EXP 	Sound  started
1420.0678 	DATA 	Keypress: lctrl
1420.0951 	EXP 	Sound  started
1420.8451 	EXP 	Sound  started
1420.9638 	DATA 	Keypress: rctrl
1421.4918 	DATA 	Keypress: rctrl
1421.5951 	EXP 	Sound  started
1422.2918 	DATA 	Keypress: lctrl
1422.3451 	EXP 	Sound  started
1423.0278 	DATA 	Keypress: lctrl
1423.0952 	EXP 	Sound  started
1423.7958 	DATA 	Keypress: rctrl
1423.8452 	EXP 	Sound  started
1424.4997 	DATA 	Keypress: rctrl
1424.5952 	EXP 	Sound  started
1425.2838 	DATA 	Keypress: rctrl
1425.3452 	EXP 	Sound  started
1426.0198 	DATA 	Keypress: lctrl
1426.0952 	EXP 	Sound  started
1426.7718 	DATA 	Keypress: rctrl
1426.8452 	EXP 	Sound  started
1427.5077 	DATA 	Keypress: rctrl
1427.5952 	EXP 	Sound  started
1428.2118 	DATA 	Keypress: lctrl
1428.3453 	EXP 	Sound  started
1428.9638 	DATA 	Keypress: rctrl
1429.0953 	EXP 	Sound  started
1429.7477 	DATA 	Keypress: lctrl
1429.8453 	EXP 	Sound  started
1430.4517 	DATA 	Keypress: lctrl
1430.5953 	EXP 	Sound  started
1431.2198 	DATA 	Keypress: lctrl
1431.3453 	EXP 	Sound  started
1431.9237 	DATA 	Keypress: rctrl
1432.0953 	EXP 	Sound  started
1432.7399 	DATA 	Keypress: lctrl
1432.8454 	EXP 	Sound  started
1433.4758 	DATA 	Keypress: lctrl
1433.5954 	EXP 	Sound  started
1434.2278 	DATA 	Keypress: lctrl
1434.3454 	EXP 	Sound  started
1434.9638 	DATA 	Keypress: rctrl
1435.0954 	EXP 	Sound  started
1435.6997 	DATA 	Keypress: lctrl
1435.8454 	EXP 	Sound  started
1436.5157 	DATA 	Keypress: rctrl
1436.5954 	EXP 	Sound  started
1437.2198 	DATA 	Keypress: rctrl
1437.3454 	EXP 	Sound  started
1437.9879 	DATA 	Keypress: lctrl
1441.3550 	DATA 	Keypress: 3
1441.3715 	EXP 	unnamed ShapeStim: vertices = <class 'numpy.ndarray'>
1445.8625 	DATA 	Keypress: 1
1445.8918 	EXP 	unnamed ShapeStim: vertices = <class 'numpy.ndarray'>
1448.4779 	DATA 	Keypress: 1
1448.4945 	EXP 	unnamed ShapeStim: vertices = <class 'numpy.ndarray'>
1450.7784 	EXP 	Sound  started
1450.7793 	DATA 	Keypress: rctrl
1451.4757 	DATA 	Keypress: lctrl
1451.5282 	EXP 	Sound  started
1452.2118 	DATA 	Keypress: rctrl
1452.2782 	EXP 	Sound  started
1452.9478 	DATA 	Keypress: rctrl
1453.0283 	EXP 	Sound  started
1453.6837 	DATA 	Keypress: rctrl
1453.7783 	EXP 	Sound  started
1454.4357 	DATA 	Keypress: lctrl
1454.5283 	EXP 	Sound  started
1455.1717 	DATA 	Keypress: lctrl
1455.2783 	EXP 	Sound  started
1455.9078 	DATA 	Keypress: rctrl
1456.0283 	EXP 	Sound  started
1456.6757 	DATA 	Keypress: lctrl
1456.7783 	EXP 	Sound  started
1457.4118 	DATA 	Keypress: lctrl
1457.5284 	EXP 	Sound  started
1458.0678 	DATA 	Keypress: lctrl
1458.2784 	EXP 	Sound  started
1458.8518 	DATA 	Keypress: rctrl
1459.0284 	EXP 	Sound  started
1459.6838 	DATA 	Keypress: lctrl
1459.7784 	EXP 	Sound  started
1460.3717 	DATA 	Keypress: rctrl
1460.5284 	EXP 	Sound  started
1461.1557 	DATA 	Keypress: lctrl
1461.2784 	EXP 	Sound  started
1461.8918 	DATA 	Keypress: lctrl
1462.0284 	EXP 	Sound  started
1462.6918 	DATA 	Keypress: lctrl
1462.7784 	EXP 	Sound  started
1463.4917 	DATA 	Keypress: rctrl
1463.5285 	EXP 	Sound  started
1464.2279 	DATA 	Keypress: rctrl
1464.2785 	EXP 	Sound  started
1464.8838 	DATA 	Keypress: lctrl
1465.0285 	EXP 	Sound  started
1465.6678 	DATA 	Keypress: rctrl
1465.7785 	EXP 	Sound  started
1466.4518 	DATA 	Keypress: rctrl
1466.5285 	EXP 	Sound  started
1467.2039 	DATA 	Keypress: rctrl
1467.2785 	EXP 	Sound  started
1467.9398 	DATA 	Keypress: lctrl
1468.0285 	EXP 	Sound  started
1468.6918 	DATA 	Keypress: lctrl
1468.7785 	EXP 	Sound  started
1469.4437 	DATA 	Keypress: rctrl
1469.5286 	EXP 	Sound  started
1470.1478 	DATA 	Keypress: lctrl
1470.2786 	EXP 	Sound  started
1470.9158 	DATA 	Keypress: rctrl
1471.0286 	EXP 	Sound  started
1471.6837 	DATA 	Keypress: rctrl
1471.7786 	EXP 	Sound  started
1472.4198 	DATA 	Keypress: lctrl
1472.5286 	EXP 	Sound  started
1473.1877 	DATA 	Keypress: lctrl
1473.2786 	EXP 	Sound  started
1473.9398 	DATA 	Keypress: rctrl
1474.0286 	EXP 	Sound  started
1474.6118 	DATA 	Keypress: lctrl
1474.7787 	EXP 	Sound  started
1475.4277 	DATA 	Keypress: rctrl
1475.5287 	EXP 	Sound  started
1476.2117 	DATA 	Keypress: rctrl
1476.2787 	EXP 	Sound  started
1476.9798 	DATA 	Keypress: rctrl
1477.0287 	EXP 	Sound  started
1477.6997 	DATA 	Keypress: lctrl
1477.7787 	EXP 	Sound  started
1478.4357 	DATA 	Keypress: lctrl
1478.5287 	EXP 	Sound  started
1479.2518 	DATA 	Keypress: rctrl
1479.2787 	EXP 	Sound  started
1479.9558 	DATA 	Keypress: lctrl
1480.0288 	EXP 	Sound  started
1480.6918 	DATA 	Keypress: rctrl
1480.7788 	EXP 	Sound  started
1481.4118 	DATA 	Keypress: lctrl
1481.5288 	EXP 	Sound  started
1482.1958 	DATA 	Keypress: rctrl
1482.2788 	EXP 	Sound  started
1482.9477 	DATA 	Keypress: rctrl
1483.0288 	EXP 	Sound  started
1483.6838 	DATA 	Keypress: lctrl
1483.7788 	EXP 	Sound  started
1484.5157 	DATA 	Keypress: lctrl
1484.5289 	EXP 	Sound  started
1485.2677 	DATA 	Keypress: rctrl
1485.2789 	EXP 	Sound  started
1485.9558 	DATA 	Keypress: lctrl
1486.0289 	EXP 	Sound  started
1486.7557 	DATA 	Keypress: rctrl
1486.7789 	EXP 	Sound  started
1487.4917 	DATA 	Keypress: rctrl
1487.5289 	EXP 	Sound  started
1488.2118 	DATA 	Keypress: lctrl
1488.2789 	EXP 	Sound  started
1489.0118 	DATA 	Keypress: rctrl
1489.0289 	EXP 	Sound  started
1489.7317 	DATA 	Keypress: lctrl
1489.7789 	EXP 	Sound  started
1490.5158 	DATA 	Keypress: lctrl
1490.5289 	EXP 	Sound  started
1491.2790 	EXP 	Sound  started
1491.2837 	DATA 	Keypress: rctrl
1492.0290 	EXP 	Sound  started
1492.0358 	DATA 	Keypress: lctrl
1492.7078 	DATA 	Keypress: rctrl
1492.7790 	EXP 	Sound  started
1493.4117 	DATA 	Keypress: lctrl
1493.5290 	EXP 	Sound  started
1494.2117 	DATA 	Keypress: rctrl
1494.2790 	EXP 	Sound  started
1494.9478 	DATA 	Keypress: lctrl
1495.0290 	EXP 	Sound  started
1495.6998 	DATA 	Keypress: rctrl
1495.7790 	EXP 	Sound  started
1496.4197 	DATA 	Keypress: lctrl
1496.5290 	EXP 	Sound  started
1497.1878 	DATA 	Keypress: rctrl
1497.2791 	EXP 	Sound  started
1497.9558 	DATA 	Keypress: lctrl
1498.0291 	EXP 	Sound  started
1498.7558 	DATA 	Keypress: rctrl
1498.7791 	EXP 	Sound  started
1499.4437 	DATA 	Keypress: lctrl
1499.5291 	EXP 	Sound  started
1500.2597 	DATA 	Keypress: rctrl
1500.2791 	EXP 	Sound  started
1500.9638 	DATA 	Keypress: lctrl
1501.0291 	EXP 	Sound  started
1501.7638 	DATA 	Keypress: rctrl
1501.7792 	EXP 	Sound  started
1502.4518 	DATA 	Keypress: rctrl
1502.5292 	EXP 	Sound  started
1503.2518 	DATA 	Keypress: lctrl
1503.2792 	EXP 	Sound  started
1503.9557 	DATA 	Keypress: lctrl
1504.0292 	EXP 	Sound  started
1504.7557 	DATA 	Keypress: rctrl
1504.7792 	EXP 	Sound  started
1505.4117 	DATA 	Keypress: rctrl
1505.5292 	EXP 	Sound  started
1506.2438 	DATA 	Keypress: lctrl
1506.2792 	EXP 	Sound  started
1506.9797 	DATA 	Keypress: lctrl
1507.0293 	EXP 	Sound  started
1507.7793 	EXP 	Sound  started
1507.7798 	DATA 	Keypress: rctrl
1508.4837 	DATA 	Keypress: lctrl
1508.5293 	EXP 	Sound  started
1509.2518 	DATA 	Keypress: rctrl
1509.2793 	EXP 	Sound  started
1509.9558 	DATA 	Keypress: rctrl
1512.7467 	DATA 	Keypress: 3
1512.7633 	EXP 	unnamed ShapeStim: vertices = <class 'numpy.ndarray'>
1515.4828 	DATA 	Keypress: 1
1515.4993 	EXP 	unnamed ShapeStim: vertices = <class 'numpy.ndarray'>
1518.0682 	DATA 	Keypress: 2
1518.0848 	EXP 	unnamed ShapeStim: vertices = <class 'numpy.ndarray'>
1520.3732 	DATA 	Keypress: lctrl
1537.2198 	DATA 	Keypress: escape
1537.2886 	EXP 	window1: mouseVisible = True
