530.6707 	WARNING 	User requested fullscreen with size [1024  768], but screen is actually [1920, 1200]. Using actual size
531.4688 	EXP 	Created window1 = Window(allowGUI=False, allowStencil=False, autoLog=True, backendConf=UNKNOWN, bitsMode=UNKNOWN, blendMode='avg', bpc=(8, 8, 8), color=array([0, 0, 0]), colorSpace='rgb', depthBits=8, fullscr=<method-wrapper '__getattribute__' of attributeSetter object at 0x000001F82F3267B8>, gamma=None, gammaErrorPolicy='raise', lms=UNKNOWN, monitor=<psychopy.monitors.calibTools.Monitor object at 0x000001F830A340B8>, multiSample=False, name='window1', numSamples=2, pos=[0.0, 0.0], screen=0, size=array([1920, 1200]), stencilBits=0, stereo=False, units='norm', useFBO=True, useRetina=False, viewOri=0.0, viewPos=None, viewScale=None, waitBlanking=True, winType='pyglet')
531.4692 	EXP 	window1: mouseVisible = True
531.4692 	EXP 	window1: mouseVisible = False
531.4693 	EXP 	window1: recordFrameIntervals = False
531.6353 	EXP 	window1: recordFrameIntervals = True
531.8189 	EXP 	window1: recordFrameIntervals = False
531.8727 	EXP 	Created text = TextStim(__class__=<class 'psychopy.visual.text.TextStim'>, alignHoriz=method-wrapper(...), alignText='center', alignVert=method-wrapper(...), anchorHoriz='center', anchorVert='center', antialias=True, autoLog=True, bold=False, color=array([1., 1., 1.]), colorSpace='rgb', contrast=1.0, depth=0.0, flipHoriz=False, flipVert=False, font='Arial', fontFiles=[], height=0.15, italic=False, languageStyle='LTR', name='text', opacity=1, ori=0, pos=array([0., 0.]), rgb=UNKNOWN, text='+', units='norm', win=Window(...), wrapWidth=1)
531.8947 	EXP 	Created text = TextStim(__class__=<class 'psychopy.visual.text.TextStim'>, alignHoriz=method-wrapper(...), alignText='center', alignVert=method-wrapper(...), anchorHoriz='center', anchorVert='center', antialias=True, autoLog=True, bold=False, color=array([1., 1., 1.]), colorSpace='rgb', contrast=1.0, depth=0.0, flipHoriz=False, flipVert=False, font='Arial', fontFiles=[], height=0.07, italic=False, languageStyle='LTR', name='text', opacity=1, ori=0, pos=array([0., 0.]), rgb=UNKNOWN, text=str(...), units='norm', win=Window(...), wrapWidth=1.65)
531.9040 	EXP 	Created text = TextStim(__class__=<class 'psychopy.visual.text.TextStim'>, alignHoriz=method-wrapper(...), alignText='center', alignVert=method-wrapper(...), anchorHoriz='center', anchorVert='center', antialias=True, autoLog=True, bold=False, color=array([1., 1., 1.]), colorSpace='rgb', contrast=1.0, depth=0.0, flipHoriz=False, flipVert=False, font='Arial', fontFiles=[], height=0.07, italic=False, languageStyle='LTR', name='text', opacity=1, ori=0, pos=array([0., 0.]), rgb=UNKNOWN, text=str(...), units='norm', win=Window(...), wrapWidth=1.65)
531.9130 	EXP 	Created text = TextStim(__class__=<class 'psychopy.visual.text.TextStim'>, alignHoriz=method-wrapper(...), alignText='center', alignVert=method-wrapper(...), anchorHoriz='center', anchorVert='center', antialias=True, autoLog=True, bold=False, color=array([1., 1., 1.]), colorSpace='rgb', contrast=1.0, depth=0.0, flipHoriz=False, flipVert=False, font='Arial', fontFiles=[], height=0.07, italic=False, languageStyle='LTR', name='text', opacity=1, ori=0, pos=array([0., 0.]), rgb=UNKNOWN, text=str(...), units='norm', win=Window(...), wrapWidth=1.65)
531.9231 	EXP 	Created text = TextStim(__class__=<class 'psychopy.visual.text.TextStim'>, alignHoriz=method-wrapper(...), alignText='center', alignVert=method-wrapper(...), anchorHoriz='center', anchorVert='center', antialias=True, autoLog=True, bold=False, color=array([1., 1., 1.]), colorSpace='rgb', contrast=1.0, depth=0.0, flipHoriz=False, flipVert=False, font='Arial', fontFiles=[], height=0.07, italic=False, languageStyle='LTR', name='text', opacity=1, ori=0, pos=array([0., 0.]), rgb=UNKNOWN, text=str(...), units='norm', win=Window(...), wrapWidth=1.65)
531.9288 	EXP 	Created text = TextStim(__class__=<class 'psychopy.visual.text.TextStim'>, alignHoriz=method-wrapper(...), alignText='center', alignVert=method-wrapper(...), anchorHoriz='center', anchorVert='center', antialias=True, autoLog=True, bold=False, color=array([1., 1., 1.]), colorSpace='rgb', contrast=1.0, depth=0.0, flipHoriz=False, flipVert=False, font='Arial', fontFiles=[], height=0.07, italic=False, languageStyle='LTR', name='text', opacity=1, ori=0, pos=array([0., 0.]), rgb=UNKNOWN, text=str(...), units='norm', win=Window(...), wrapWidth=1.65)
531.9428 	EXP 	Created text = TextStim(__class__=<class 'psychopy.visual.text.TextStim'>, alignHoriz=method-wrapper(...), alignText='center', alignVert=method-wrapper(...), anchorHoriz='center', anchorVert='center', antialias=True, autoLog=True, bold=False, color=array([1., 1., 1.]), colorSpace='rgb', contrast=1.0, depth=0.0, flipHoriz=False, flipVert=False, font='Arial', fontFiles=[], height=0.15, italic=False, languageStyle='LTR', name='text', opacity=1, ori=0, pos=array([0., 0.]), rgb=UNKNOWN, text=str(...), units='norm', win=Window(...), wrapWidth=1.65)
531.9712 	EXP 	Created text = TextStim(__class__=<class 'psychopy.visual.text.TextStim'>, alignHoriz=method-wrapper(...), alignText='center', alignVert=method-wrapper(...), anchorHoriz='center', anchorVert='center', antialias=True, autoLog=True, bold=False, color=array([1., 1., 1.]), colorSpace='rgb', contrast=1.0, depth=0.0, flipHoriz=False, flipVert=False, font='Arial', fontFiles=[], height=0.07, italic=False, languageStyle='LTR', name='text', opacity=1, ori=0, pos=array([0., 0.]), rgb=UNKNOWN, text=str(...), units='norm', win=Window(...), wrapWidth=1.65)
531.9917 	EXP 	Created text = TextStim(__class__=<class 'psychopy.visual.text.TextStim'>, alignHoriz=method-wrapper(...), alignText='center', alignVert=method-wrapper(...), anchorHoriz='center', anchorVert='center', antialias=True, autoLog=True, bold=False, color=array([1., 1., 1.]), colorSpace='rgb', contrast=1.0, depth=0.0, flipHoriz=False, flipVert=False, font='Arial', fontFiles=[], height=0.07, italic=False, languageStyle='LTR', name='text', opacity=1, ori=0, pos=array([0., 0.]), rgb=UNKNOWN, text=str(...), units='norm', win=Window(...), wrapWidth=1.65)
532.0214 	EXP 	Created text = TextStim(__class__=<class 'psychopy.visual.text.TextStim'>, alignHoriz=method-wrapper(...), alignText='center', alignVert=method-wrapper(...), anchorHoriz='center', anchorVert='center', antialias=True, autoLog=True, bold=False, color=array([1., 1., 1.]), colorSpace='rgb', contrast=1.0, depth=0.0, flipHoriz=False, flipVert=False, font='Arial', fontFiles=[], height=0.07, italic=False, languageStyle='LTR', name='text', opacity=1, ori=0, pos=array([0., 0.]), rgb=UNKNOWN, text=str(...), units='norm', win=Window(...), wrapWidth=1.65)
532.0452 	EXP 	Created text = TextStim(__class__=<class 'psychopy.visual.text.TextStim'>, alignHoriz=method-wrapper(...), alignText='center', alignVert=method-wrapper(...), anchorHoriz='center', anchorVert='center', antialias=True, autoLog=True, bold=False, color=array([1., 1., 1.]), colorSpace='rgb', contrast=1.0, depth=0.0, flipHoriz=False, flipVert=False, font='Arial', fontFiles=[], height=0.07, italic=False, languageStyle='LTR', name='text', opacity=1, ori=0, pos=array([0., 0.]), rgb=UNKNOWN, text=str(...), units='norm', win=Window(...), wrapWidth=1.65)
532.0743 	EXP 	Created text = TextStim(__class__=<class 'psychopy.visual.text.TextStim'>, alignHoriz=method-wrapper(...), alignText='center', alignVert=method-wrapper(...), anchorHoriz='center', anchorVert='center', antialias=True, autoLog=True, bold=False, color=array([1., 1., 1.]), colorSpace='rgb', contrast=1.0, depth=0.0, flipHoriz=False, flipVert=False, font='Arial', fontFiles=[], height=0.07, italic=False, languageStyle='LTR', name='text', opacity=1, ori=0, pos=array([0., 0.]), rgb=UNKNOWN, text=str(...), units='norm', win=Window(...), wrapWidth=1.65)
532.0847 	EXP 	Created text = TextStim(__class__=<class 'psychopy.visual.text.TextStim'>, alignHoriz=method-wrapper(...), alignText='center', alignVert=method-wrapper(...), anchorHoriz='center', anchorVert='center', antialias=True, autoLog=True, bold=False, color=array([1., 1., 1.]), colorSpace='rgb', contrast=1.0, depth=0.0, flipHoriz=False, flipVert=False, font='Arial', fontFiles=[], height=0.07, italic=False, languageStyle='LTR', name='text', opacity=1, ori=0, pos=array([0., 0.]), rgb=UNKNOWN, text=str(...), units='norm', win=Window(...), wrapWidth=1.65)
532.0970 	EXP 	Created text = TextStim(__class__=<class 'psychopy.visual.text.TextStim'>, alignHoriz=method-wrapper(...), alignText='center', alignVert=method-wrapper(...), anchorHoriz='center', anchorVert='center', antialias=True, autoLog=True, bold=False, color=array([1., 1., 1.]), colorSpace='rgb', contrast=1.0, depth=0.0, flipHoriz=False, flipVert=False, font='Arial', fontFiles=[], height=0.07, italic=False, languageStyle='LTR', name='text', opacity=1, ori=0, pos=array([0., 0.]), rgb=UNKNOWN, text=str(...), units='norm', win=Window(...), wrapWidth=1.65)
532.1013 	EXP 	Created instru = TextStim(__class__=<class 'psychopy.visual.text.TextStim'>, alignHoriz=method-wrapper(...), alignText='center', alignVert=method-wrapper(...), anchorHoriz='center', anchorVert='center', antialias=True, autoLog=True, bold=False, color=array([1., 1., 1.]), colorSpace='rgb', contrast=1.0, depth=0.0, flipHoriz=False, flipVert=False, font='Arial', fontFiles=[], height=0.07, italic=False, languageStyle='LTR', name='instru', opacity=1, ori=0, pos=array([0. , 0.5]), rgb=UNKNOWN, text=str(...), units='norm', win=Window(...), wrapWidth=1)
532.1038 	EXP 	Created unnamed Line = Line(__class__=<class 'psychopy.visual.line.Line'>, autoDraw=False, autoLog=True, closeShape=False, color=array([1., 1., 1.]), colorSpace='rgb', contrast=None, depth=0, fillColor=array([0, 0, 0]), fillColorSpace='rgb', fillRGB=array([0, 0, 0]), interpolate=True, lineColor=array([1., 1., 1.]), lineColorSpace='rgb', lineRGB=array([1, 1, 1]), lineWidth=5, name='unnamed Line', opacity=0.5, ori=0.0, pos=array([0., 0.]), size=array([1., 1.]), units='norm', vertices=array([[-0.5,  0. ],
       [ 0.5,  0. ]]), win=Window(...), windingRule=None)
532.1058 	EXP 	Created unnamed Line = Line(__class__=<class 'psychopy.visual.line.Line'>, autoDraw=False, autoLog=True, closeShape=False, color=array([1., 1., 1.]), colorSpace='rgb', contrast=None, depth=0, fillColor=array([0, 0, 0]), fillColorSpace='rgb', fillRGB=array([0, 0, 0]), interpolate=True, lineColor=array([1., 1., 1.]), lineColorSpace='rgb', lineRGB=array([1, 1, 1]), lineWidth=3, name='unnamed Line', opacity=0.5, ori=0.0, pos=array([0., 0.]), size=array([1., 1.]), units='norm', vertices=array([[-0.5 , -0.05],
       [-0.5 ,  0.05]]), win=Window(...), windingRule=None)
532.1078 	EXP 	Created unnamed Line = Line(__class__=<class 'psychopy.visual.line.Line'>, autoDraw=False, autoLog=True, closeShape=False, color=array([1., 1., 1.]), colorSpace='rgb', contrast=None, depth=0, fillColor=array([0, 0, 0]), fillColorSpace='rgb', fillRGB=array([0, 0, 0]), interpolate=True, lineColor=array([1., 1., 1.]), lineColorSpace='rgb', lineRGB=array([1, 1, 1]), lineWidth=3, name='unnamed Line', opacity=0.5, ori=0.0, pos=array([0., 0.]), size=array([1., 1.]), units='norm', vertices=ndarray(...), win=Window(...), windingRule=None)
532.1098 	EXP 	Created unnamed Line = Line(__class__=<class 'psychopy.visual.line.Line'>, autoDraw=False, autoLog=True, closeShape=False, color=array([1., 1., 1.]), colorSpace='rgb', contrast=None, depth=0, fillColor=array([0, 0, 0]), fillColorSpace='rgb', fillRGB=array([0, 0, 0]), interpolate=True, lineColor=array([1., 1., 1.]), lineColorSpace='rgb', lineRGB=array([1, 1, 1]), lineWidth=3, name='unnamed Line', opacity=0.5, ori=0.0, pos=array([0., 0.]), size=array([1., 1.]), units='norm', vertices=ndarray(...), win=Window(...), windingRule=None)
532.1117 	EXP 	Created unnamed Line = Line(__class__=<class 'psychopy.visual.line.Line'>, autoDraw=False, autoLog=True, closeShape=False, color=array([1., 1., 1.]), colorSpace='rgb', contrast=None, depth=0, fillColor=array([0, 0, 0]), fillColorSpace='rgb', fillRGB=array([0, 0, 0]), interpolate=True, lineColor=array([1., 1., 1.]), lineColorSpace='rgb', lineRGB=array([1, 1, 1]), lineWidth=3, name='unnamed Line', opacity=0.5, ori=0.0, pos=array([0., 0.]), size=array([1., 1.]), units='norm', vertices=array([[ 0.5 , -0.05],
       [ 0.5 ,  0.05]]), win=Window(...), windingRule=None)
532.1240 	EXP 	Created unnamed TextStim = TextStim(__class__=<class 'psychopy.visual.text.TextStim'>, alignHoriz=method-wrapper(...), alignText='center', alignVert=method-wrapper(...), anchorHoriz='center', anchorVert='center', antialias=True, autoLog=True, bold=False, color=array([1., 1., 1.]), colorSpace='rgb', contrast=1.0, depth=0, flipHoriz=False, flipVert=False, font='', fontFiles=[], height=0.05, italic=False, languageStyle='LTR', name='unnamed TextStim', opacity=1.0, ori=0.0, pos=array([-0.5, -0.1]), rgb=UNKNOWN, text='Helt klart \n IKKE FOKUSERT', units='norm', win=Window(...), wrapWidth=1)
532.1250 	EXP 	Created unnamed TextStim = TextStim(__class__=<class 'psychopy.visual.text.TextStim'>, alignHoriz=method-wrapper(...), alignText='center', alignVert=method-wrapper(...), anchorHoriz='center', anchorVert='center', antialias=True, autoLog=True, bold=False, color=array([1., 1., 1.]), colorSpace='rgb', contrast=1.0, depth=0, flipHoriz=False, flipVert=False, font='', fontFiles=[], height=0.05, italic=False, languageStyle='LTR', name='unnamed TextStim', opacity=1.0, ori=0.0, pos=array([-0.16666667, -0.1       ]), rgb=UNKNOWN, text='', units='norm', win=Window(...), wrapWidth=1)
532.1261 	EXP 	Created unnamed TextStim = TextStim(__class__=<class 'psychopy.visual.text.TextStim'>, alignHoriz=method-wrapper(...), alignText='center', alignVert=method-wrapper(...), anchorHoriz='center', anchorVert='center', antialias=True, autoLog=True, bold=False, color=array([1., 1., 1.]), colorSpace='rgb', contrast=1.0, depth=0, flipHoriz=False, flipVert=False, font='', fontFiles=[], height=0.05, italic=False, languageStyle='LTR', name='unnamed TextStim', opacity=1.0, ori=0.0, pos=array([ 0.16666667, -0.1       ]), rgb=UNKNOWN, text='', units='norm', win=Window(...), wrapWidth=1)
532.1296 	EXP 	Created unnamed TextStim = TextStim(__class__=<class 'psychopy.visual.text.TextStim'>, alignHoriz=method-wrapper(...), alignText='center', alignVert=method-wrapper(...), anchorHoriz='center', anchorVert='center', antialias=True, autoLog=True, bold=False, color=array([1., 1., 1.]), colorSpace='rgb', contrast=1.0, depth=0, flipHoriz=False, flipVert=False, font='', fontFiles=[], height=0.05, italic=False, languageStyle='LTR', name='unnamed TextStim', opacity=1.0, ori=0.0, pos=array([ 0.5, -0.1]), rgb=UNKNOWN, text='Helt klart \n FOKUSERT', units='norm', win=Window(...), wrapWidth=1)
532.1316 	EXP 	Created unnamed ShapeStim = ShapeStim(__class__=<class 'psychopy.visual.shape.ShapeStim'>, autoDraw=False, autoLog=True, closeShape=True, color=method-wrapper(...), colorSpace='rgb', contrast=None, depth=0, fillColor=array([1, 1, 1]), fillColorSpace='rgb', fillRGB=array([1, 1, 1]), interpolate=True, lineColor=array([-1., -1., -1.]), lineColorSpace='rgb', lineRGB=array([-1, -1, -1]), lineWidth=1.5, name='unnamed ShapeStim', opacity=1.0, ori=0.0, pos=array([0., 0.]), size=array([1., 1.]), units='norm', vertices=ndarray(...), win=Window(...), windingRule=None)
532.1388 	EXP 	Created instru = TextStim(__class__=<class 'psychopy.visual.text.TextStim'>, alignHoriz=method-wrapper(...), alignText='center', alignVert=method-wrapper(...), anchorHoriz='center', anchorVert='center', antialias=True, autoLog=True, bold=False, color=array([1., 1., 1.]), colorSpace='rgb', contrast=1.0, depth=0.0, flipHoriz=False, flipVert=False, font='Arial', fontFiles=[], height=0.07, italic=False, languageStyle='LTR', name='instru', opacity=1, ori=0, pos=array([0. , 0.5]), rgb=UNKNOWN, text=str(...), units='norm', win=Window(...), wrapWidth=1)
532.1408 	EXP 	Created unnamed Line = Line(__class__=<class 'psychopy.visual.line.Line'>, autoDraw=False, autoLog=True, closeShape=False, color=array([1., 1., 1.]), colorSpace='rgb', contrast=None, depth=0, fillColor=array([0, 0, 0]), fillColorSpace='rgb', fillRGB=array([0, 0, 0]), interpolate=True, lineColor=array([1., 1., 1.]), lineColorSpace='rgb', lineRGB=array([1, 1, 1]), lineWidth=5, name='unnamed Line', opacity=0.5, ori=0.0, pos=array([0., 0.]), size=array([1., 1.]), units='norm', vertices=array([[-0.5,  0. ],
       [ 0.5,  0. ]]), win=Window(...), windingRule=None)
532.1428 	EXP 	Created unnamed Line = Line(__class__=<class 'psychopy.visual.line.Line'>, autoDraw=False, autoLog=True, closeShape=False, color=array([1., 1., 1.]), colorSpace='rgb', contrast=None, depth=0, fillColor=array([0, 0, 0]), fillColorSpace='rgb', fillRGB=array([0, 0, 0]), interpolate=True, lineColor=array([1., 1., 1.]), lineColorSpace='rgb', lineRGB=array([1, 1, 1]), lineWidth=3, name='unnamed Line', opacity=0.5, ori=0.0, pos=array([0., 0.]), size=array([1., 1.]), units='norm', vertices=array([[-0.5 , -0.05],
       [-0.5 ,  0.05]]), win=Window(...), windingRule=None)
532.1448 	EXP 	Created unnamed Line = Line(__class__=<class 'psychopy.visual.line.Line'>, autoDraw=False, autoLog=True, closeShape=False, color=array([1., 1., 1.]), colorSpace='rgb', contrast=None, depth=0, fillColor=array([0, 0, 0]), fillColorSpace='rgb', fillRGB=array([0, 0, 0]), interpolate=True, lineColor=array([1., 1., 1.]), lineColorSpace='rgb', lineRGB=array([1, 1, 1]), lineWidth=3, name='unnamed Line', opacity=0.5, ori=0.0, pos=array([0., 0.]), size=array([1., 1.]), units='norm', vertices=ndarray(...), win=Window(...), windingRule=None)
532.1468 	EXP 	Created unnamed Line = Line(__class__=<class 'psychopy.visual.line.Line'>, autoDraw=False, autoLog=True, closeShape=False, color=array([1., 1., 1.]), colorSpace='rgb', contrast=None, depth=0, fillColor=array([0, 0, 0]), fillColorSpace='rgb', fillRGB=array([0, 0, 0]), interpolate=True, lineColor=array([1., 1., 1.]), lineColorSpace='rgb', lineRGB=array([1, 1, 1]), lineWidth=3, name='unnamed Line', opacity=0.5, ori=0.0, pos=array([0., 0.]), size=array([1., 1.]), units='norm', vertices=ndarray(...), win=Window(...), windingRule=None)
532.1488 	EXP 	Created unnamed Line = Line(__class__=<class 'psychopy.visual.line.Line'>, autoDraw=False, autoLog=True, closeShape=False, color=array([1., 1., 1.]), colorSpace='rgb', contrast=None, depth=0, fillColor=array([0, 0, 0]), fillColorSpace='rgb', fillRGB=array([0, 0, 0]), interpolate=True, lineColor=array([1., 1., 1.]), lineColorSpace='rgb', lineRGB=array([1, 1, 1]), lineWidth=3, name='unnamed Line', opacity=0.5, ori=0.0, pos=array([0., 0.]), size=array([1., 1.]), units='norm', vertices=array([[ 0.5 , -0.05],
       [ 0.5 ,  0.05]]), win=Window(...), windingRule=None)
532.1537 	EXP 	Created unnamed TextStim = TextStim(__class__=<class 'psychopy.visual.text.TextStim'>, alignHoriz=method-wrapper(...), alignText='center', alignVert=method-wrapper(...), anchorHoriz='center', anchorVert='center', antialias=True, autoLog=True, bold=False, color=array([1., 1., 1.]), colorSpace='rgb', contrast=1.0, depth=0, flipHoriz=False, flipVert=False, font='', fontFiles=[], height=0.05, italic=False, languageStyle='LTR', name='unnamed TextStim', opacity=1.0, ori=0.0, pos=array([-0.5, -0.1]), rgb=UNKNOWN, text='Helt klart \n INGENTING', units='norm', win=Window(...), wrapWidth=1)
532.1547 	EXP 	Created unnamed TextStim = TextStim(__class__=<class 'psychopy.visual.text.TextStim'>, alignHoriz=method-wrapper(...), alignText='center', alignVert=method-wrapper(...), anchorHoriz='center', anchorVert='center', antialias=True, autoLog=True, bold=False, color=array([1., 1., 1.]), colorSpace='rgb', contrast=1.0, depth=0, flipHoriz=False, flipVert=False, font='', fontFiles=[], height=0.05, italic=False, languageStyle='LTR', name='unnamed TextStim', opacity=1.0, ori=0.0, pos=array([-0.16666667, -0.1       ]), rgb=UNKNOWN, text='', units='norm', win=Window(...), wrapWidth=1)
532.1557 	EXP 	Created unnamed TextStim = TextStim(__class__=<class 'psychopy.visual.text.TextStim'>, alignHoriz=method-wrapper(...), alignText='center', alignVert=method-wrapper(...), anchorHoriz='center', anchorVert='center', antialias=True, autoLog=True, bold=False, color=array([1., 1., 1.]), colorSpace='rgb', contrast=1.0, depth=0, flipHoriz=False, flipVert=False, font='', fontFiles=[], height=0.05, italic=False, languageStyle='LTR', name='unnamed TextStim', opacity=1.0, ori=0.0, pos=array([ 0.16666667, -0.1       ]), rgb=UNKNOWN, text='', units='norm', win=Window(...), wrapWidth=1)
532.1588 	EXP 	Created unnamed TextStim = TextStim(__class__=<class 'psychopy.visual.text.TextStim'>, alignHoriz=method-wrapper(...), alignText='center', alignVert=method-wrapper(...), anchorHoriz='center', anchorVert='center', antialias=True, autoLog=True, bold=False, color=array([1., 1., 1.]), colorSpace='rgb', contrast=1.0, depth=0, flipHoriz=False, flipVert=False, font='', fontFiles=[], height=0.05, italic=False, languageStyle='LTR', name='unnamed TextStim', opacity=1.0, ori=0.0, pos=array([ 0.5, -0.1]), rgb=UNKNOWN, text='Helt klart \n NOE', units='norm', win=Window(...), wrapWidth=1)
532.1606 	EXP 	Created unnamed ShapeStim = ShapeStim(__class__=<class 'psychopy.visual.shape.ShapeStim'>, autoDraw=False, autoLog=True, closeShape=True, color=method-wrapper(...), colorSpace='rgb', contrast=None, depth=0, fillColor=array([1, 1, 1]), fillColorSpace='rgb', fillRGB=array([1, 1, 1]), interpolate=True, lineColor=array([-1., -1., -1.]), lineColorSpace='rgb', lineRGB=array([-1, -1, -1]), lineWidth=1.5, name='unnamed ShapeStim', opacity=1.0, ori=0.0, pos=array([0., 0.]), size=array([1., 1.]), units='norm', vertices=ndarray(...), win=Window(...), windingRule=None)
532.1673 	EXP 	Created instru = TextStim(__class__=<class 'psychopy.visual.text.TextStim'>, alignHoriz=method-wrapper(...), alignText='center', alignVert=method-wrapper(...), anchorHoriz='center', anchorVert='center', antialias=True, autoLog=True, bold=False, color=array([1., 1., 1.]), colorSpace='rgb', contrast=1.0, depth=0.0, flipHoriz=False, flipVert=False, font='Arial', fontFiles=[], height=0.07, italic=False, languageStyle='LTR', name='instru', opacity=1, ori=0, pos=array([0. , 0.5]), rgb=UNKNOWN, text=str(...), units='norm', win=Window(...), wrapWidth=1)
532.1693 	EXP 	Created unnamed Line = Line(__class__=<class 'psychopy.visual.line.Line'>, autoDraw=False, autoLog=True, closeShape=False, color=array([1., 1., 1.]), colorSpace='rgb', contrast=None, depth=0, fillColor=array([0, 0, 0]), fillColorSpace='rgb', fillRGB=array([0, 0, 0]), interpolate=True, lineColor=array([1., 1., 1.]), lineColorSpace='rgb', lineRGB=array([1, 1, 1]), lineWidth=5, name='unnamed Line', opacity=0.5, ori=0.0, pos=array([0., 0.]), size=array([1., 1.]), units='norm', vertices=array([[-0.5,  0. ],
       [ 0.5,  0. ]]), win=Window(...), windingRule=None)
532.1713 	EXP 	Created unnamed Line = Line(__class__=<class 'psychopy.visual.line.Line'>, autoDraw=False, autoLog=True, closeShape=False, color=array([1., 1., 1.]), colorSpace='rgb', contrast=None, depth=0, fillColor=array([0, 0, 0]), fillColorSpace='rgb', fillRGB=array([0, 0, 0]), interpolate=True, lineColor=array([1., 1., 1.]), lineColorSpace='rgb', lineRGB=array([1, 1, 1]), lineWidth=3, name='unnamed Line', opacity=0.5, ori=0.0, pos=array([0., 0.]), size=array([1., 1.]), units='norm', vertices=array([[-0.5 , -0.05],
       [-0.5 ,  0.05]]), win=Window(...), windingRule=None)
532.1732 	EXP 	Created unnamed Line = Line(__class__=<class 'psychopy.visual.line.Line'>, autoDraw=False, autoLog=True, closeShape=False, color=array([1., 1., 1.]), colorSpace='rgb', contrast=None, depth=0, fillColor=array([0, 0, 0]), fillColorSpace='rgb', fillRGB=array([0, 0, 0]), interpolate=True, lineColor=array([1., 1., 1.]), lineColorSpace='rgb', lineRGB=array([1, 1, 1]), lineWidth=3, name='unnamed Line', opacity=0.5, ori=0.0, pos=array([0., 0.]), size=array([1., 1.]), units='norm', vertices=ndarray(...), win=Window(...), windingRule=None)
532.1752 	EXP 	Created unnamed Line = Line(__class__=<class 'psychopy.visual.line.Line'>, autoDraw=False, autoLog=True, closeShape=False, color=array([1., 1., 1.]), colorSpace='rgb', contrast=None, depth=0, fillColor=array([0, 0, 0]), fillColorSpace='rgb', fillRGB=array([0, 0, 0]), interpolate=True, lineColor=array([1., 1., 1.]), lineColorSpace='rgb', lineRGB=array([1, 1, 1]), lineWidth=3, name='unnamed Line', opacity=0.5, ori=0.0, pos=array([0., 0.]), size=array([1., 1.]), units='norm', vertices=ndarray(...), win=Window(...), windingRule=None)
532.1771 	EXP 	Created unnamed Line = Line(__class__=<class 'psychopy.visual.line.Line'>, autoDraw=False, autoLog=True, closeShape=False, color=array([1., 1., 1.]), colorSpace='rgb', contrast=None, depth=0, fillColor=array([0, 0, 0]), fillColorSpace='rgb', fillRGB=array([0, 0, 0]), interpolate=True, lineColor=array([1., 1., 1.]), lineColorSpace='rgb', lineRGB=array([1, 1, 1]), lineWidth=3, name='unnamed Line', opacity=0.5, ori=0.0, pos=array([0., 0.]), size=array([1., 1.]), units='norm', vertices=array([[ 0.5 , -0.05],
       [ 0.5 ,  0.05]]), win=Window(...), windingRule=None)
532.1820 	EXP 	Created unnamed TextStim = TextStim(__class__=<class 'psychopy.visual.text.TextStim'>, alignHoriz=method-wrapper(...), alignText='center', alignVert=method-wrapper(...), anchorHoriz='center', anchorVert='center', antialias=True, autoLog=True, bold=False, color=array([1., 1., 1.]), colorSpace='rgb', contrast=1.0, depth=0, flipHoriz=False, flipVert=False, font='', fontFiles=[], height=0.05, italic=False, languageStyle='LTR', name='unnamed TextStim', opacity=1.0, ori=0.0, pos=array([-0.5, -0.1]), rgb=UNKNOWN, text='Helt klart \n SPONTAN', units='norm', win=Window(...), wrapWidth=1)
532.1830 	EXP 	Created unnamed TextStim = TextStim(__class__=<class 'psychopy.visual.text.TextStim'>, alignHoriz=method-wrapper(...), alignText='center', alignVert=method-wrapper(...), anchorHoriz='center', anchorVert='center', antialias=True, autoLog=True, bold=False, color=array([1., 1., 1.]), colorSpace='rgb', contrast=1.0, depth=0, flipHoriz=False, flipVert=False, font='', fontFiles=[], height=0.05, italic=False, languageStyle='LTR', name='unnamed TextStim', opacity=1.0, ori=0.0, pos=array([-0.16666667, -0.1       ]), rgb=UNKNOWN, text='', units='norm', win=Window(...), wrapWidth=1)
532.1840 	EXP 	Created unnamed TextStim = TextStim(__class__=<class 'psychopy.visual.text.TextStim'>, alignHoriz=method-wrapper(...), alignText='center', alignVert=method-wrapper(...), anchorHoriz='center', anchorVert='center', antialias=True, autoLog=True, bold=False, color=array([1., 1., 1.]), colorSpace='rgb', contrast=1.0, depth=0, flipHoriz=False, flipVert=False, font='', fontFiles=[], height=0.05, italic=False, languageStyle='LTR', name='unnamed TextStim', opacity=1.0, ori=0.0, pos=array([ 0.16666667, -0.1       ]), rgb=UNKNOWN, text='', units='norm', win=Window(...), wrapWidth=1)
532.1886 	EXP 	Created unnamed TextStim = TextStim(__class__=<class 'psychopy.visual.text.TextStim'>, alignHoriz=method-wrapper(...), alignText='center', alignVert=method-wrapper(...), anchorHoriz='center', anchorVert='center', antialias=True, autoLog=True, bold=False, color=array([1., 1., 1.]), colorSpace='rgb', contrast=1.0, depth=0, flipHoriz=False, flipVert=False, font='', fontFiles=[], height=0.05, italic=False, languageStyle='LTR', name='unnamed TextStim', opacity=1.0, ori=0.0, pos=array([ 0.5, -0.1]), rgb=UNKNOWN, text='Helt klart \n BEVISST', units='norm', win=Window(...), wrapWidth=1)
532.1904 	EXP 	Created unnamed ShapeStim = ShapeStim(__class__=<class 'psychopy.visual.shape.ShapeStim'>, autoDraw=False, autoLog=True, closeShape=True, color=method-wrapper(...), colorSpace='rgb', contrast=None, depth=0, fillColor=array([1, 1, 1]), fillColorSpace='rgb', fillRGB=array([1, 1, 1]), interpolate=True, lineColor=array([-1., -1., -1.]), lineColorSpace='rgb', lineRGB=array([-1, -1, -1]), lineWidth=1.5, name='unnamed ShapeStim', opacity=1.0, ori=0.0, pos=array([0., 0.]), size=array([1., 1.]), units='norm', vertices=ndarray(...), win=Window(...), windingRule=None)
532.2545 	EXP 	Sound  set volume 1.000
532.2839 	EXP 	unnamed ShapeStim: vertices = <class 'numpy.ndarray'>
532.2839 	EXP 	unnamed ShapeStim: vertices = <class 'numpy.ndarray'>
532.2839 	EXP 	unnamed ShapeStim: vertices = <class 'numpy.ndarray'>
536.8329 	DATA 	Keypress: rctrl
537.3621 	EXP 	Sound  started
538.0169 	DATA 	Keypress: lctrl
538.1121 	EXP 	Sound  started
538.6728 	DATA 	Keypress: rctrl
538.8621 	EXP 	Sound  started
539.4408 	DATA 	Keypress: lctrl
539.6121 	EXP 	Sound  started
540.1927 	DATA 	Keypress: lctrl
540.3621 	EXP 	Sound  started
540.9448 	DATA 	Keypress: lctrl
541.1122 	EXP 	Sound  started
541.7127 	DATA 	Keypress: lctrl
541.8622 	EXP 	Sound  started
542.4808 	DATA 	Keypress: rctrl
542.6122 	EXP 	Sound  started
543.2647 	DATA 	Keypress: lctrl
543.3622 	EXP 	Sound  started
543.8728 	DATA 	Keypress: rctrl
544.1122 	EXP 	Sound  started
544.7368 	DATA 	Keypress: lctrl
544.8622 	EXP 	Sound  started
545.4407 	DATA 	Keypress: lctrl
545.6122 	EXP 	Sound  started
546.1927 	DATA 	Keypress: lctrl
546.3622 	EXP 	Sound  started
546.9447 	DATA 	Keypress: rctrl
547.1123 	EXP 	Sound  started
547.7447 	DATA 	Keypress: rctrl
547.8623 	EXP 	Sound  started
548.5127 	DATA 	Keypress: lctrl
548.6123 	EXP 	Sound  started
549.2967 	DATA 	Keypress: rctrl
549.3623 	EXP 	Sound  started
549.9847 	DATA 	Keypress: lctrl
550.1123 	EXP 	Sound  started
550.7208 	DATA 	Keypress: rctrl
550.8623 	EXP 	Sound  started
551.3927 	DATA 	Keypress: lctrl
551.6123 	EXP 	Sound  started
552.2248 	DATA 	Keypress: rctrl
552.3624 	EXP 	Sound  started
552.9127 	DATA 	Keypress: rctrl
553.1124 	EXP 	Sound  started
553.5527 	DATA 	Keypress: rctrl
553.8624 	EXP 	Sound  started
554.4007 	DATA 	Keypress: lctrl
554.6124 	EXP 	Sound  started
555.1368 	DATA 	Keypress: lctrl
555.3624 	EXP 	Sound  started
555.9847 	DATA 	Keypress: lctrl
556.1124 	EXP 	Sound  started
556.7847 	DATA 	Keypress: lctrl
556.8624 	EXP 	Sound  started
557.4407 	DATA 	Keypress: rctrl
557.6124 	EXP 	Sound  started
558.1927 	DATA 	Keypress: lctrl
558.3625 	EXP 	Sound  started
558.9927 	DATA 	Keypress: rctrl
559.1125 	EXP 	Sound  started
559.7127 	DATA 	Keypress: lctrl
559.8625 	EXP 	Sound  started
560.5287 	DATA 	Keypress: rctrl
560.6125 	EXP 	Sound  started
561.2328 	DATA 	Keypress: lctrl
561.3625 	EXP 	Sound  started
561.9368 	DATA 	Keypress: rctrl
562.1125 	EXP 	Sound  started
562.6087 	DATA 	Keypress: lctrl
562.8625 	EXP 	Sound  started
563.4087 	DATA 	Keypress: rctrl
563.6125 	EXP 	Sound  started
564.2247 	DATA 	Keypress: lctrl
564.3626 	EXP 	Sound  started
564.9927 	DATA 	Keypress: lctrl
565.1126 	EXP 	Sound  started
565.7287 	DATA 	Keypress: rctrl
565.8626 	EXP 	Sound  started
566.4647 	DATA 	Keypress: lctrl
566.6126 	EXP 	Sound  started
567.2487 	DATA 	Keypress: rctrl
567.3626 	EXP 	Sound  started
567.9527 	DATA 	Keypress: rctrl
568.1126 	EXP 	Sound  started
568.6567 	DATA 	Keypress: rctrl
568.8626 	EXP 	Sound  started
569.3447 	DATA 	Keypress: lctrl
569.6126 	EXP 	Sound  started
570.1287 	DATA 	Keypress: rctrl
570.3627 	EXP 	Sound  started
570.9128 	DATA 	Keypress: lctrl
571.1127 	EXP 	Sound  started
571.6487 	DATA 	Keypress: rctrl
571.8627 	EXP 	Sound  started
572.4488 	DATA 	Keypress: lctrl
572.6127 	EXP 	Sound  started
573.2007 	DATA 	Keypress: rctrl
573.3627 	EXP 	Sound  started
573.9687 	DATA 	Keypress: lctrl
574.1128 	EXP 	Sound  started
574.6887 	DATA 	Keypress: rctrl
574.8628 	EXP 	Sound  started
575.4087 	DATA 	Keypress: rctrl
575.6128 	EXP 	Sound  started
576.2567 	DATA 	Keypress: lctrl
576.3629 	EXP 	Sound  started
577.0247 	DATA 	Keypress: rctrl
577.1129 	EXP 	Sound  started
577.7768 	DATA 	Keypress: lctrl
577.8629 	EXP 	Sound  started
578.4167 	DATA 	Keypress: rctrl
578.6456 	EXP 	unnamed TextStim: text = ''
578.6456 	EXP 	unnamed TextStim: text = ''
582.7435 	DATA 	Keypress: 3
582.7600 	EXP 	unnamed ShapeStim: vertices = <class 'numpy.ndarray'>
584.2946 	EXP 	unnamed TextStim: text = ''
584.2946 	EXP 	unnamed TextStim: text = ''
589.4490 	DATA 	Keypress: 2
589.4655 	EXP 	unnamed ShapeStim: vertices = <class 'numpy.ndarray'>
591.0001 	EXP 	unnamed TextStim: text = ''
591.0001 	EXP 	unnamed TextStim: text = ''
592.3551 	DATA 	Keypress: 1
592.3845 	EXP 	unnamed ShapeStim: vertices = <class 'numpy.ndarray'>
594.6692 	EXP 	Sound  started
594.6700 	DATA 	Keypress: rctrl
595.3607 	DATA 	Keypress: lctrl
595.4191 	EXP 	Sound  started
596.0488 	DATA 	Keypress: lctrl
596.1691 	EXP 	Sound  started
596.8007 	DATA 	Keypress: lctrl
596.9191 	EXP 	Sound  started
597.5528 	DATA 	Keypress: rctrl
597.6691 	EXP 	Sound  started
598.3847 	DATA 	Keypress: lctrl
598.4191 	EXP 	Sound  started
599.1047 	DATA 	Keypress: rctrl
599.1691 	EXP 	Sound  started
599.8248 	DATA 	Keypress: lctrl
599.9192 	EXP 	Sound  started
600.4808 	DATA 	Keypress: rctrl
600.6692 	EXP 	Sound  started
601.2488 	DATA 	Keypress: lctrl
601.4192 	EXP 	Sound  started
601.9528 	DATA 	Keypress: rctrl
602.1692 	EXP 	Sound  started
602.7367 	DATA 	Keypress: lctrl
602.9192 	EXP 	Sound  started
603.5047 	DATA 	Keypress: lctrl
603.6692 	EXP 	Sound  started
604.1926 	DATA 	Keypress: lctrl
604.4192 	EXP 	Sound  started
604.9607 	DATA 	Keypress: lctrl
605.1692 	EXP 	Sound  started
605.6968 	DATA 	Keypress: rctrl
605.9192 	EXP 	Sound  started
606.4487 	DATA 	Keypress: lctrl
606.6692 	EXP 	Sound  started
607.1207 	DATA 	Keypress: rctrl
607.4193 	EXP 	Sound  started
607.9528 	DATA 	Keypress: rctrl
608.1693 	EXP 	Sound  started
608.6727 	DATA 	Keypress: lctrl
608.9193 	EXP 	Sound  started
609.4407 	DATA 	Keypress: rctrl
609.6693 	EXP 	Sound  started
610.2247 	DATA 	Keypress: lctrl
610.4193 	EXP 	Sound  started
610.9608 	DATA 	Keypress: rctrl
611.1693 	EXP 	Sound  started
611.7448 	DATA 	Keypress: lctrl
611.9193 	EXP 	Sound  started
612.4328 	DATA 	Keypress: rctrl
612.6694 	EXP 	Sound  started
613.3449 	DATA 	Keypress: lctrl
613.4194 	EXP 	Sound  started
614.0006 	DATA 	Keypress: rctrl
614.1694 	EXP 	Sound  started
614.7528 	DATA 	Keypress: lctrl
614.9194 	EXP 	Sound  started
615.5688 	DATA 	Keypress: rctrl
615.6694 	EXP 	Sound  started
616.2887 	DATA 	Keypress: lctrl
616.4194 	EXP 	Sound  started
617.0887 	DATA 	Keypress: rctrl
617.1694 	EXP 	Sound  started
617.7767 	DATA 	Keypress: rctrl
617.9195 	EXP 	Sound  started
618.5606 	DATA 	Keypress: rctrl
618.6695 	EXP 	Sound  started
619.2488 	DATA 	Keypress: lctrl
619.4195 	EXP 	Sound  started
620.0327 	DATA 	Keypress: lctrl
620.1695 	EXP 	Sound  started
620.7687 	DATA 	Keypress: rctrl
620.9195 	EXP 	Sound  started
621.4887 	DATA 	Keypress: lctrl
621.6695 	EXP 	Sound  started
622.2247 	DATA 	Keypress: rctrl
622.4196 	EXP 	Sound  started
622.9927 	DATA 	Keypress: lctrl
623.1696 	EXP 	Sound  started
623.7608 	DATA 	Keypress: lctrl
623.9196 	EXP 	Sound  started
624.5287 	DATA 	Keypress: rctrl
624.6696 	EXP 	Sound  started
625.3446 	DATA 	Keypress: rctrl
625.4196 	EXP 	Sound  started
626.0007 	DATA 	Keypress: lctrl
626.1696 	EXP 	Sound  started
626.7207 	DATA 	Keypress: rctrl
626.9196 	EXP 	Sound  started
627.4886 	DATA 	Keypress: lctrl
627.6696 	EXP 	Sound  started
628.2247 	DATA 	Keypress: lctrl
628.4197 	EXP 	Sound  started
628.9607 	DATA 	Keypress: rctrl
629.1697 	EXP 	Sound  started
629.7287 	DATA 	Keypress: lctrl
629.9197 	EXP 	Sound  started
630.4647 	DATA 	Keypress: rctrl
630.6697 	EXP 	Sound  started
631.2006 	DATA 	Keypress: lctrl
631.4197 	EXP 	Sound  started
632.0007 	DATA 	Keypress: rctrl
632.1697 	EXP 	Sound  started
632.8007 	DATA 	Keypress: lctrl
632.9198 	EXP 	Sound  started
633.5528 	DATA 	Keypress: lctrl
633.6698 	EXP 	Sound  started
634.1447 	DATA 	Keypress: lctrl
634.4198 	EXP 	Sound  started
634.9767 	DATA 	Keypress: rctrl
635.1698 	EXP 	Sound  started
635.7607 	DATA 	Keypress: rctrl
635.9198 	EXP 	Sound  started
636.4487 	DATA 	Keypress: lctrl
636.6698 	EXP 	Sound  started
637.2326 	DATA 	Keypress: rctrl
637.4198 	EXP 	Sound  started
637.9686 	DATA 	Keypress: rctrl
638.1698 	EXP 	Sound  started
638.7047 	DATA 	Keypress: rctrl
638.9198 	EXP 	Sound  started
639.4886 	DATA 	Keypress: lctrl
639.6699 	EXP 	Sound  started
640.2727 	DATA 	Keypress: rctrl
640.4199 	EXP 	Sound  started
641.0886 	DATA 	Keypress: lctrl
641.1699 	EXP 	Sound  started
641.8087 	DATA 	Keypress: rctrl
641.9199 	EXP 	Sound  started
642.6247 	DATA 	Keypress: lctrl
642.6699 	EXP 	Sound  started
643.3447 	DATA 	Keypress: lctrl
643.4199 	EXP 	Sound  started
644.0007 	DATA 	Keypress: rctrl
644.1700 	EXP 	Sound  started
644.7847 	DATA 	Keypress: rctrl
644.9200 	EXP 	Sound  started
645.5047 	DATA 	Keypress: lctrl
645.6700 	EXP 	Sound  started
646.2566 	DATA 	Keypress: lctrl
646.4200 	EXP 	Sound  started
646.9927 	DATA 	Keypress: rctrl
651.2662 	DATA 	Keypress: 3
651.2827 	EXP 	unnamed ShapeStim: vertices = <class 'numpy.ndarray'>
653.3183 	DATA 	Keypress: 2
653.3349 	EXP 	unnamed ShapeStim: vertices = <class 'numpy.ndarray'>
655.2032 	DATA 	Keypress: 1
655.2197 	EXP 	unnamed ShapeStim: vertices = <class 'numpy.ndarray'>
657.5044 	EXP 	Sound  started
657.6808 	DATA 	Keypress: lctrl
658.2543 	EXP 	Sound  started
658.3046 	DATA 	Keypress: rctrl
658.9607 	DATA 	Keypress: lctrl
659.0043 	EXP 	Sound  started
659.6486 	DATA 	Keypress: rctrl
659.7543 	EXP 	Sound  started
660.3528 	DATA 	Keypress: rctrl
660.5043 	EXP 	Sound  started
661.1686 	DATA 	Keypress: lctrl
661.2543 	EXP 	Sound  started
661.9848 	DATA 	Keypress: lctrl
662.0043 	EXP 	Sound  started
662.6247 	DATA 	Keypress: rctrl
662.7544 	EXP 	Sound  started
663.4087 	DATA 	Keypress: lctrl
663.5044 	EXP 	Sound  started
664.1766 	DATA 	Keypress: lctrl
664.2544 	EXP 	Sound  started
664.8007 	DATA 	Keypress: rctrl
665.0044 	EXP 	Sound  started
665.5526 	DATA 	Keypress: lctrl
665.7544 	EXP 	Sound  started
666.3047 	DATA 	Keypress: rctrl
666.5044 	EXP 	Sound  started
667.0088 	DATA 	Keypress: lctrl
667.2544 	EXP 	Sound  started
667.8087 	DATA 	Keypress: rctrl
668.0045 	EXP 	Sound  started
668.6407 	DATA 	Keypress: lctrl
668.7545 	EXP 	Sound  started
669.3127 	DATA 	Keypress: rctrl
669.5045 	EXP 	Sound  started
670.1447 	DATA 	Keypress: lctrl
670.2545 	EXP 	Sound  started
670.8967 	DATA 	Keypress: lctrl
671.0045 	EXP 	Sound  started
671.6167 	DATA 	Keypress: rctrl
671.7545 	EXP 	Sound  started
672.3526 	DATA 	Keypress: rctrl
672.5045 	EXP 	Sound  started
673.1047 	DATA 	Keypress: rctrl
673.2546 	EXP 	Sound  started
673.8567 	DATA 	Keypress: lctrl
674.0046 	EXP 	Sound  started
674.5766 	DATA 	Keypress: rctrl
674.7546 	EXP 	Sound  started
675.3766 	DATA 	Keypress: lctrl
675.5046 	EXP 	Sound  started
676.0967 	DATA 	Keypress: rctrl
676.2546 	EXP 	Sound  started
676.8647 	DATA 	Keypress: lctrl
677.0046 	EXP 	Sound  started
677.5847 	DATA 	Keypress: rctrl
677.7546 	EXP 	Sound  started
678.4327 	DATA 	Keypress: lctrl
678.5046 	EXP 	Sound  started
679.1686 	DATA 	Keypress: rctrl
679.2547 	EXP 	Sound  started
679.8726 	DATA 	Keypress: rctrl
680.0047 	EXP 	Sound  started
680.6406 	DATA 	Keypress: lctrl
680.7547 	EXP 	Sound  started
681.3286 	DATA 	Keypress: rctrl
681.5047 	EXP 	Sound  started
682.0966 	DATA 	Keypress: lctrl
682.2547 	EXP 	Sound  started
682.8167 	DATA 	Keypress: rctrl
683.0047 	EXP 	Sound  started
683.5526 	DATA 	Keypress: lctrl
683.7547 	EXP 	Sound  started
684.3206 	DATA 	Keypress: lctrl
684.5047 	EXP 	Sound  started
685.0886 	DATA 	Keypress: rctrl
685.2548 	EXP 	Sound  started
685.9046 	DATA 	Keypress: lctrl
686.0048 	EXP 	Sound  started
686.6246 	DATA 	Keypress: rctrl
686.7548 	EXP 	Sound  started
687.3927 	DATA 	Keypress: lctrl
687.5048 	EXP 	Sound  started
688.1447 	DATA 	Keypress: rctrl
688.2548 	EXP 	Sound  started
688.9287 	DATA 	Keypress: lctrl
689.0049 	EXP 	Sound  started
689.7287 	DATA 	Keypress: lctrl
689.7549 	EXP 	Sound  started
690.4647 	DATA 	Keypress: rctrl
690.5049 	EXP 	Sound  started
691.2006 	DATA 	Keypress: lctrl
691.2549 	EXP 	Sound  started
691.9686 	DATA 	Keypress: rctrl
692.0049 	EXP 	Sound  started
692.7047 	DATA 	Keypress: lctrl
692.7549 	EXP 	Sound  started
693.4246 	DATA 	Keypress: rctrl
693.5049 	EXP 	Sound  started
694.2407 	DATA 	Keypress: lctrl
694.2549 	EXP 	Sound  started
694.9126 	DATA 	Keypress: rctrl
695.0049 	EXP 	Sound  started
695.6647 	DATA 	Keypress: rctrl
695.7550 	EXP 	Sound  started
696.3527 	DATA 	Keypress: rctrl
696.5050 	EXP 	Sound  started
697.1046 	DATA 	Keypress: lctrl
697.2550 	EXP 	Sound  started
697.8726 	DATA 	Keypress: rctrl
698.0050 	EXP 	Sound  started
698.6086 	DATA 	Keypress: lctrl
698.7550 	EXP 	Sound  started
699.3766 	DATA 	Keypress: rctrl
699.5050 	EXP 	Sound  started
700.2086 	DATA 	Keypress: lctrl
700.2550 	EXP 	Sound  started
700.9286 	DATA 	Keypress: rctrl
701.0051 	EXP 	Sound  started
701.7551 	EXP 	Sound  started
701.7767 	DATA 	Keypress: rctrl
702.5051 	EXP 	Sound  started
702.5127 	DATA 	Keypress: rctrl
703.1686 	DATA 	Keypress: lctrl
703.2551 	EXP 	Sound  started
703.8246 	DATA 	Keypress: rctrl
704.0051 	EXP 	Sound  started
704.6727 	DATA 	Keypress: rctrl
704.7551 	EXP 	Sound  started
705.4567 	DATA 	Keypress: lctrl
705.5051 	EXP 	Sound  started
706.2086 	DATA 	Keypress: lctrl
706.2552 	EXP 	Sound  started
706.8807 	DATA 	Keypress: rctrl
707.0052 	EXP 	Sound  started
707.6807 	DATA 	Keypress: lctrl
707.7552 	EXP 	Sound  started
708.4326 	DATA 	Keypress: lctrl
708.5052 	EXP 	Sound  started
709.2007 	DATA 	Keypress: rctrl
709.2552 	EXP 	Sound  started
709.9046 	DATA 	Keypress: lctrl
710.0052 	EXP 	Sound  started
710.6726 	DATA 	Keypress: lctrl
710.7552 	EXP 	Sound  started
711.3926 	DATA 	Keypress: lctrl
711.5052 	EXP 	Sound  started
712.0967 	DATA 	Keypress: rctrl
712.2553 	EXP 	Sound  started
712.8487 	DATA 	Keypress: lctrl
713.0053 	EXP 	Sound  started
713.6327 	DATA 	Keypress: rctrl
713.7553 	EXP 	Sound  started
714.3846 	DATA 	Keypress: lctrl
714.5053 	EXP 	Sound  started
715.2007 	DATA 	Keypress: lctrl
715.2553 	EXP 	Sound  started
715.8407 	DATA 	Keypress: rctrl
716.0053 	EXP 	Sound  started
716.7046 	DATA 	Keypress: lctrl
716.7553 	EXP 	Sound  started
717.3928 	DATA 	Keypress: rctrl
717.5054 	EXP 	Sound  started
718.2087 	DATA 	Keypress: lctrl
718.2554 	EXP 	Sound  started
718.9287 	DATA 	Keypress: rctrl
719.0054 	EXP 	Sound  started
719.6647 	DATA 	Keypress: rctrl
719.7554 	EXP 	Sound  started
720.4170 	DATA 	Keypress: lctrl
720.5054 	EXP 	Sound  started
721.1527 	DATA 	Keypress: rctrl
721.2554 	EXP 	Sound  started
721.9046 	DATA 	Keypress: lctrl
722.0054 	EXP 	Sound  started
722.7046 	DATA 	Keypress: lctrl
730.2641 	DATA 	Keypress: 3
730.2807 	EXP 	unnamed ShapeStim: vertices = <class 'numpy.ndarray'>
735.2516 	DATA 	Keypress: 1
735.2681 	EXP 	unnamed ShapeStim: vertices = <class 'numpy.ndarray'>
736.7936 	DATA 	Keypress: 1
736.8360 	EXP 	unnamed ShapeStim: vertices = <class 'numpy.ndarray'>
739.1213 	EXP 	Sound  started
739.3288 	DATA 	Keypress: lctrl
739.8711 	EXP 	Sound  started
740.0647 	DATA 	Keypress: lctrl
740.6211 	EXP 	Sound  started
740.6886 	DATA 	Keypress: lctrl
741.3712 	EXP 	Sound  started
741.4087 	DATA 	Keypress: rctrl
742.1212 	EXP 	Sound  started
742.1446 	DATA 	Keypress: lctrl
742.7687 	DATA 	Keypress: rctrl
742.8712 	EXP 	Sound  started
743.5046 	DATA 	Keypress: rctrl
743.6212 	EXP 	Sound  started
744.2248 	DATA 	Keypress: rctrl
744.3712 	EXP 	Sound  started
744.9766 	DATA 	Keypress: lctrl
745.1212 	EXP 	Sound  started
745.7606 	DATA 	Keypress: rctrl
745.8712 	EXP 	Sound  started
746.5926 	DATA 	Keypress: lctrl
746.6212 	EXP 	Sound  started
747.2646 	DATA 	Keypress: rctrl
747.3713 	EXP 	Sound  started
747.9847 	DATA 	Keypress: rctrl
748.1213 	EXP 	Sound  started
748.7367 	DATA 	Keypress: lctrl
748.8713 	EXP 	Sound  started
749.3926 	DATA 	Keypress: rctrl
749.6213 	EXP 	Sound  started
750.2406 	DATA 	Keypress: lctrl
750.3713 	EXP 	Sound  started
750.9767 	DATA 	Keypress: rctrl
751.1213 	EXP 	Sound  started
751.7926 	DATA 	Keypress: rctrl
751.8714 	EXP 	Sound  started
752.4806 	DATA 	Keypress: rctrl
752.6214 	EXP 	Sound  started
753.2166 	DATA 	Keypress: rctrl
753.3714 	EXP 	Sound  started
753.9367 	DATA 	Keypress: lctrl
754.1214 	EXP 	Sound  started
754.6566 	DATA 	Keypress: lctrl
754.8714 	EXP 	Sound  started
755.4245 	DATA 	Keypress: lctrl
755.6214 	EXP 	Sound  started
756.2086 	DATA 	Keypress: rctrl
756.3714 	EXP 	Sound  started
757.0247 	DATA 	Keypress: lctrl
757.1214 	EXP 	Sound  started
757.7766 	DATA 	Keypress: lctrl
757.8715 	EXP 	Sound  started
758.5447 	DATA 	Keypress: rctrl
758.6215 	EXP 	Sound  started
759.2006 	DATA 	Keypress: lctrl
759.3715 	EXP 	Sound  started
759.9686 	DATA 	Keypress: rctrl
760.1215 	EXP 	Sound  started
760.7045 	DATA 	Keypress: rctrl
760.8715 	EXP 	Sound  started
761.4726 	DATA 	Keypress: lctrl
761.6215 	EXP 	Sound  started
762.1926 	DATA 	Keypress: lctrl
762.3716 	EXP 	Sound  started
762.9126 	DATA 	Keypress: rctrl
763.1216 	EXP 	Sound  started
763.6966 	DATA 	Keypress: lctrl
763.8716 	EXP 	Sound  started
764.4166 	DATA 	Keypress: rctrl
764.6216 	EXP 	Sound  started
765.2006 	DATA 	Keypress: lctrl
765.3716 	EXP 	Sound  started
765.9046 	DATA 	Keypress: rctrl
766.1216 	EXP 	Sound  started
766.7366 	DATA 	Keypress: rctrl
766.8716 	EXP 	Sound  started
767.5046 	DATA 	Keypress: rctrl
767.6216 	EXP 	Sound  started
768.2726 	DATA 	Keypress: lctrl
768.3717 	EXP 	Sound  started
769.0246 	DATA 	Keypress: rctrl
769.1217 	EXP 	Sound  started
769.7606 	DATA 	Keypress: lctrl
769.8717 	EXP 	Sound  started
770.4965 	DATA 	Keypress: rctrl
770.6217 	EXP 	Sound  started
771.2006 	DATA 	Keypress: rctrl
771.3717 	EXP 	Sound  started
772.0007 	DATA 	Keypress: lctrl
772.1217 	EXP 	Sound  started
772.7686 	DATA 	Keypress: rctrl
772.8717 	EXP 	Sound  started
773.6005 	DATA 	Keypress: lctrl
773.6217 	EXP 	Sound  started
774.3046 	DATA 	Keypress: lctrl
774.3718 	EXP 	Sound  started
774.9606 	DATA 	Keypress: lctrl
775.1218 	EXP 	Sound  started
775.6166 	DATA 	Keypress: rctrl
775.8718 	EXP 	Sound  started
776.4486 	DATA 	Keypress: rctrl
776.6218 	EXP 	Sound  started
777.2166 	DATA 	Keypress: rctrl
777.3718 	EXP 	Sound  started
777.9046 	DATA 	Keypress: lctrl
778.1218 	EXP 	Sound  started
778.7207 	DATA 	Keypress: rctrl
778.8719 	EXP 	Sound  started
779.4886 	DATA 	Keypress: rctrl
779.6219 	EXP 	Sound  started
780.1926 	DATA 	Keypress: rctrl
780.3719 	EXP 	Sound  started
780.9765 	DATA 	Keypress: lctrl
781.1219 	EXP 	Sound  started
781.6805 	DATA 	Keypress: lctrl
781.8719 	EXP 	Sound  started
782.4646 	DATA 	Keypress: lctrl
782.6219 	EXP 	Sound  started
783.2646 	DATA 	Keypress: lctrl
783.3719 	EXP 	Sound  started
784.0166 	DATA 	Keypress: lctrl
784.1219 	EXP 	Sound  started
784.7846 	DATA 	Keypress: lctrl
784.8719 	EXP 	Sound  started
785.4885 	DATA 	Keypress: rctrl
785.6220 	EXP 	Sound  started
786.3046 	DATA 	Keypress: lctrl
786.3720 	EXP 	Sound  started
787.0885 	DATA 	Keypress: lctrl
787.1220 	EXP 	Sound  started
787.8086 	DATA 	Keypress: lctrl
787.8720 	EXP 	Sound  started
788.4166 	DATA 	Keypress: rctrl
788.6220 	EXP 	Sound  started
789.2006 	DATA 	Keypress: rctrl
793.9866 	DATA 	Keypress: 3
794.0161 	EXP 	unnamed ShapeStim: vertices = <class 'numpy.ndarray'>
798.0196 	DATA 	Keypress: 1
798.0361 	EXP 	unnamed ShapeStim: vertices = <class 'numpy.ndarray'>
802.1730 	DATA 	Keypress: 2
802.1895 	EXP 	unnamed ShapeStim: vertices = <class 'numpy.ndarray'>
804.4747 	EXP 	Sound  started
804.4755 	DATA 	Keypress: lctrl
805.0406 	DATA 	Keypress: rctrl
805.2245 	EXP 	Sound  started
805.7766 	DATA 	Keypress: lctrl
805.9745 	EXP 	Sound  started
806.5605 	DATA 	Keypress: lctrl
806.7246 	EXP 	Sound  started
807.2966 	DATA 	Keypress: rctrl
807.4746 	EXP 	Sound  started
808.0486 	DATA 	Keypress: rctrl
808.2246 	EXP 	Sound  started
808.8325 	DATA 	Keypress: lctrl
808.9746 	EXP 	Sound  started
809.6165 	DATA 	Keypress: lctrl
809.7246 	EXP 	Sound  started
810.3685 	DATA 	Keypress: rctrl
810.4746 	EXP 	Sound  started
811.0565 	DATA 	Keypress: lctrl
811.2246 	EXP 	Sound  started
811.7765 	DATA 	Keypress: rctrl
811.9747 	EXP 	Sound  started
812.4966 	DATA 	Keypress: rctrl
812.7247 	EXP 	Sound  started
813.2486 	DATA 	Keypress: rctrl
813.4747 	EXP 	Sound  started
814.0166 	DATA 	Keypress: lctrl
814.2247 	EXP 	Sound  started
814.8166 	DATA 	Keypress: rctrl
814.9747 	EXP 	Sound  started
815.5046 	DATA 	Keypress: lctrl
815.7247 	EXP 	Sound  started
816.2246 	DATA 	Keypress: rctrl
816.4747 	EXP 	Sound  started
816.9766 	DATA 	Keypress: rctrl
817.2247 	EXP 	Sound  started
817.7445 	DATA 	Keypress: rctrl
817.9748 	EXP 	Sound  started
818.4326 	DATA 	Keypress: lctrl
818.7248 	EXP 	Sound  started
819.3446 	DATA 	Keypress: rctrl
819.4748 	EXP 	Sound  started
820.0965 	DATA 	Keypress: lctrl
820.2248 	EXP 	Sound  started
820.9127 	DATA 	Keypress: lctrl
820.9748 	EXP 	Sound  started
821.6326 	DATA 	Keypress: lctrl
821.7248 	EXP 	Sound  started
822.3525 	DATA 	Keypress: rctrl
822.4748 	EXP 	Sound  started
823.1686 	DATA 	Keypress: lctrl
823.2249 	EXP 	Sound  started
823.8406 	DATA 	Keypress: rctrl
823.9749 	EXP 	Sound  started
824.5926 	DATA 	Keypress: rctrl
824.7249 	EXP 	Sound  started
825.4085 	DATA 	Keypress: lctrl
825.4749 	EXP 	Sound  started
826.1125 	DATA 	Keypress: lctrl
826.2249 	EXP 	Sound  started
826.7686 	DATA 	Keypress: rctrl
826.9749 	EXP 	Sound  started
827.5685 	DATA 	Keypress: lctrl
827.7249 	EXP 	Sound  started
828.2725 	DATA 	Keypress: rctrl
828.4749 	EXP 	Sound  started
829.0405 	DATA 	Keypress: rctrl
829.2249 	EXP 	Sound  started
829.8408 	DATA 	Keypress: lctrl
829.9750 	EXP 	Sound  started
830.5607 	DATA 	Keypress: lctrl
830.7250 	EXP 	Sound  started
831.3446 	DATA 	Keypress: rctrl
831.4750 	EXP 	Sound  started
832.0966 	DATA 	Keypress: lctrl
832.2250 	EXP 	Sound  started
832.8646 	DATA 	Keypress: rctrl
832.9750 	EXP 	Sound  started
833.6487 	DATA 	Keypress: lctrl
833.7250 	EXP 	Sound  started
834.3365 	DATA 	Keypress: rctrl
834.4750 	EXP 	Sound  started
835.1046 	DATA 	Keypress: lctrl
835.2250 	EXP 	Sound  started
835.8245 	DATA 	Keypress: rctrl
835.9751 	EXP 	Sound  started
836.4965 	DATA 	Keypress: lctrl
836.7251 	EXP 	Sound  started
837.2165 	DATA 	Keypress: rctrl
837.4751 	EXP 	Sound  started
838.0486 	DATA 	Keypress: rctrl
838.2251 	EXP 	Sound  started
838.7847 	DATA 	Keypress: rctrl
838.9751 	EXP 	Sound  started
839.5526 	DATA 	Keypress: lctrl
839.7251 	EXP 	Sound  started
840.3525 	DATA 	Keypress: lctrl
840.4752 	EXP 	Sound  started
841.0566 	DATA 	Keypress: rctrl
841.2252 	EXP 	Sound  started
841.7926 	DATA 	Keypress: lctrl
841.9752 	EXP 	Sound  started
842.5606 	DATA 	Keypress: rctrl
842.7252 	EXP 	Sound  started
843.3605 	DATA 	Keypress: lctrl
843.4752 	EXP 	Sound  started
844.0645 	DATA 	Keypress: lctrl
844.2252 	EXP 	Sound  started
844.8646 	DATA 	Keypress: rctrl
844.9752 	EXP 	Sound  started
845.6167 	DATA 	Keypress: rctrl
845.7253 	EXP 	Sound  started
846.3365 	DATA 	Keypress: lctrl
846.4753 	EXP 	Sound  started
847.1365 	DATA 	Keypress: rctrl
847.2253 	EXP 	Sound  started
847.8566 	DATA 	Keypress: lctrl
855.3831 	DATA 	Keypress: 2
855.3997 	EXP 	unnamed ShapeStim: vertices = <class 'numpy.ndarray'>
858.1859 	DATA 	Keypress: 3
858.2024 	EXP 	unnamed ShapeStim: vertices = <class 'numpy.ndarray'>
860.2408 	DATA 	Keypress: 1
860.2708 	EXP 	unnamed ShapeStim: vertices = <class 'numpy.ndarray'>
862.5551 	EXP 	Sound  started
862.5559 	DATA 	Keypress: lctrl
863.1845 	DATA 	Keypress: rctrl
863.3049 	EXP 	Sound  started
863.8085 	DATA 	Keypress: rctrl
864.0549 	EXP 	Sound  started
864.6085 	DATA 	Keypress: rctrl
864.8049 	EXP 	Sound  started
865.4246 	DATA 	Keypress: lctrl
865.5549 	EXP 	Sound  started
866.1606 	DATA 	Keypress: lctrl
866.3049 	EXP 	Sound  started
866.8485 	DATA 	Keypress: rctrl
867.0549 	EXP 	Sound  started
867.7285 	DATA 	Keypress: lctrl
867.8049 	EXP 	Sound  started
868.4485 	DATA 	Keypress: rctrl
868.5549 	EXP 	Sound  started
869.1366 	DATA 	Keypress: rctrl
869.3050 	EXP 	Sound  started
869.8885 	DATA 	Keypress: lctrl
870.0550 	EXP 	Sound  started
870.5446 	DATA 	Keypress: lctrl
870.8050 	EXP 	Sound  started
871.3926 	DATA 	Keypress: rctrl
871.5550 	EXP 	Sound  started
872.1125 	DATA 	Keypress: rctrl
872.3050 	EXP 	Sound  started
872.8486 	DATA 	Keypress: rctrl
873.0550 	EXP 	Sound  started
873.6005 	DATA 	Keypress: lctrl
873.8051 	EXP 	Sound  started
874.4326 	DATA 	Keypress: rctrl
874.5551 	EXP 	Sound  started
875.1685 	DATA 	Keypress: lctrl
875.3051 	EXP 	Sound  started
875.9686 	DATA 	Keypress: lctrl
876.0551 	EXP 	Sound  started
876.6565 	DATA 	Keypress: lctrl
876.8051 	EXP 	Sound  started
877.4085 	DATA 	Keypress: rctrl
877.5551 	EXP 	Sound  started
878.1606 	DATA 	Keypress: lctrl
878.3051 	EXP 	Sound  started
878.9445 	DATA 	Keypress: rctrl
879.0551 	EXP 	Sound  started
879.6965 	DATA 	Keypress: lctrl
879.8052 	EXP 	Sound  started
880.4485 	DATA 	Keypress: lctrl
880.5552 	EXP 	Sound  started
881.2325 	DATA 	Keypress: rctrl
881.3052 	EXP 	Sound  started
881.9685 	DATA 	Keypress: lctrl
882.0552 	EXP 	Sound  started
882.6885 	DATA 	Keypress: rctrl
882.8052 	EXP 	Sound  started
883.4085 	DATA 	Keypress: lctrl
883.5552 	EXP 	Sound  started
884.1125 	DATA 	Keypress: rctrl
884.3052 	EXP 	Sound  started
884.9285 	DATA 	Keypress: lctrl
885.0553 	EXP 	Sound  started
885.6646 	DATA 	Keypress: lctrl
885.8053 	EXP 	Sound  started
886.4166 	DATA 	Keypress: rctrl
886.5553 	EXP 	Sound  started
887.1846 	DATA 	Keypress: lctrl
887.3053 	EXP 	Sound  started
887.9685 	DATA 	Keypress: rctrl
888.0553 	EXP 	Sound  started
888.6885 	DATA 	Keypress: lctrl
888.8053 	EXP 	Sound  started
889.4886 	DATA 	Keypress: rctrl
889.5554 	EXP 	Sound  started
890.1606 	DATA 	Keypress: rctrl
890.3054 	EXP 	Sound  started
890.9765 	DATA 	Keypress: rctrl
891.0554 	EXP 	Sound  started
891.6965 	DATA 	Keypress: lctrl
891.8054 	EXP 	Sound  started
892.4485 	DATA 	Keypress: rctrl
892.5554 	EXP 	Sound  started
893.1845 	DATA 	Keypress: lctrl
893.3054 	EXP 	Sound  started
893.9046 	DATA 	Keypress: rctrl
894.0554 	EXP 	Sound  started
894.7367 	DATA 	Keypress: lctrl
894.8054 	EXP 	Sound  started
895.4726 	DATA 	Keypress: lctrl
895.5555 	EXP 	Sound  started
896.2245 	DATA 	Keypress: rctrl
896.3055 	EXP 	Sound  started
896.9125 	DATA 	Keypress: lctrl
897.0555 	EXP 	Sound  started
897.7926 	DATA 	Keypress: rctrl
897.8055 	EXP 	Sound  started
898.4805 	DATA 	Keypress: lctrl
898.5555 	EXP 	Sound  started
899.2325 	DATA 	Keypress: rctrl
899.3055 	EXP 	Sound  started
899.9526 	DATA 	Keypress: lctrl
900.0556 	EXP 	Sound  started
900.6886 	DATA 	Keypress: lctrl
900.8056 	EXP 	Sound  started
901.3925 	DATA 	Keypress: rctrl
901.5556 	EXP 	Sound  started
902.2086 	DATA 	Keypress: lctrl
902.3056 	EXP 	Sound  started
902.9925 	DATA 	Keypress: rctrl
903.0556 	EXP 	Sound  started
903.8056 	EXP 	Sound  started
903.8725 	DATA 	Keypress: lctrl
904.5556 	EXP 	Sound  started
904.5606 	DATA 	Keypress: rctrl
905.1525 	DATA 	Keypress: rctrl
905.3056 	EXP 	Sound  started
905.8885 	DATA 	Keypress: lctrl
906.0556 	EXP 	Sound  started
906.6245 	DATA 	Keypress: rctrl
906.8057 	EXP 	Sound  started
907.3925 	DATA 	Keypress: lctrl
907.5557 	EXP 	Sound  started
908.2406 	DATA 	Keypress: rctrl
908.3057 	EXP 	Sound  started
908.9926 	DATA 	Keypress: rctrl
909.0557 	EXP 	Sound  started
909.6645 	DATA 	Keypress: lctrl
909.8057 	EXP 	Sound  started
910.4485 	DATA 	Keypress: rctrl
910.5557 	EXP 	Sound  started
911.1686 	DATA 	Keypress: lctrl
911.3057 	EXP 	Sound  started
911.9845 	DATA 	Keypress: rctrl
912.0557 	EXP 	Sound  started
912.6565 	DATA 	Keypress: rctrl
912.8058 	EXP 	Sound  started
913.4566 	DATA 	Keypress: lctrl
913.5558 	EXP 	Sound  started
914.2566 	DATA 	Keypress: lctrl
914.3058 	EXP 	Sound  started
914.9766 	DATA 	Keypress: rctrl
915.0558 	EXP 	Sound  started
915.6966 	DATA 	Keypress: lctrl
915.8058 	EXP 	Sound  started
916.4485 	DATA 	Keypress: lctrl
916.5558 	EXP 	Sound  started
917.2165 	DATA 	Keypress: lctrl
917.3059 	EXP 	Sound  started
917.9845 	DATA 	Keypress: lctrl
918.0559 	EXP 	Sound  started
918.7205 	DATA 	Keypress: rctrl
918.8059 	EXP 	Sound  started
919.4405 	DATA 	Keypress: lctrl
919.5559 	EXP 	Sound  started
920.3045 	DATA 	Keypress: lctrl
920.3059 	EXP 	Sound  started
921.0245 	DATA 	Keypress: lctrl
921.0559 	EXP 	Sound  started
921.6645 	DATA 	Keypress: lctrl
921.8059 	EXP 	Sound  started
922.4645 	DATA 	Keypress: rctrl
922.5559 	EXP 	Sound  started
923.2005 	DATA 	Keypress: lctrl
923.3060 	EXP 	Sound  started
923.9525 	DATA 	Keypress: rctrl
924.0560 	EXP 	Sound  started
924.7525 	DATA 	Keypress: lctrl
924.8060 	EXP 	Sound  started
925.4725 	DATA 	Keypress: lctrl
925.5560 	EXP 	Sound  started
926.2405 	DATA 	Keypress: lctrl
926.3060 	EXP 	Sound  started
926.9605 	DATA 	Keypress: rctrl
927.0560 	EXP 	Sound  started
927.7125 	DATA 	Keypress: rctrl
932.5129 	DATA 	Keypress: 3
932.5294 	EXP 	unnamed ShapeStim: vertices = <class 'numpy.ndarray'>
937.4336 	DATA 	Keypress: 2
937.4501 	EXP 	unnamed ShapeStim: vertices = <class 'numpy.ndarray'>
939.4727 	DATA 	Keypress: 2
939.5023 	EXP 	unnamed ShapeStim: vertices = <class 'numpy.ndarray'>
941.0226 	DATA 	Keypress: lctrl
941.7867 	EXP 	Sound  started
941.9365 	DATA 	Keypress: lctrl
942.4965 	DATA 	Keypress: rctrl
942.5366 	EXP 	Sound  started
943.1686 	DATA 	Keypress: rctrl
943.2866 	EXP 	Sound  started
943.8565 	DATA 	Keypress: rctrl
944.0366 	EXP 	Sound  started
944.6086 	DATA 	Keypress: rctrl
944.7866 	EXP 	Sound  started
945.3765 	DATA 	Keypress: lctrl
945.5366 	EXP 	Sound  started
946.1605 	DATA 	Keypress: rctrl
946.2866 	EXP 	Sound  started
946.9287 	DATA 	Keypress: lctrl
947.0367 	EXP 	Sound  started
947.6486 	DATA 	Keypress: lctrl
947.7867 	EXP 	Sound  started
948.2885 	DATA 	Keypress: rctrl
948.5367 	EXP 	Sound  started
949.0724 	DATA 	Keypress: rctrl
949.2867 	EXP 	Sound  started
949.8564 	DATA 	Keypress: lctrl
950.0367 	EXP 	Sound  started
950.5926 	DATA 	Keypress: rctrl
950.7867 	EXP 	Sound  started
951.4085 	DATA 	Keypress: lctrl
951.5367 	EXP 	Sound  started
952.1765 	DATA 	Keypress: lctrl
952.2867 	EXP 	Sound  started
952.8965 	DATA 	Keypress: lctrl
953.0368 	EXP 	Sound  started
953.6484 	DATA 	Keypress: lctrl
953.7868 	EXP 	Sound  started
954.4004 	DATA 	Keypress: rctrl
954.5368 	EXP 	Sound  started
955.1686 	DATA 	Keypress: lctrl
955.2868 	EXP 	Sound  started
955.9044 	DATA 	Keypress: rctrl
956.0368 	EXP 	Sound  started
956.6404 	DATA 	Keypress: rctrl
956.7868 	EXP 	Sound  started
957.3926 	DATA 	Keypress: rctrl
957.5369 	EXP 	Sound  started
958.0966 	DATA 	Keypress: rctrl
958.2869 	EXP 	Sound  started
958.8645 	DATA 	Keypress: rctrl
959.0369 	EXP 	Sound  started
959.6165 	DATA 	Keypress: rctrl
959.7869 	EXP 	Sound  started
960.3525 	DATA 	Keypress: lctrl
960.5369 	EXP 	Sound  started
961.1045 	DATA 	Keypress: rctrl
961.2869 	EXP 	Sound  started
961.8886 	DATA 	Keypress: lctrl
962.0369 	EXP 	Sound  started
962.6406 	DATA 	Keypress: rctrl
962.7869 	EXP 	Sound  started
963.4245 	DATA 	Keypress: lctrl
963.5369 	EXP 	Sound  started
964.1445 	DATA 	Keypress: rctrl
964.2870 	EXP 	Sound  started
964.8485 	DATA 	Keypress: rctrl
965.0370 	EXP 	Sound  started
965.6324 	DATA 	Keypress: lctrl
965.7870 	EXP 	Sound  started
966.3365 	DATA 	Keypress: rctrl
966.5370 	EXP 	Sound  started
967.1685 	DATA 	Keypress: lctrl
967.2870 	EXP 	Sound  started
967.9365 	DATA 	Keypress: lctrl
968.0370 	EXP 	Sound  started
968.6405 	DATA 	Keypress: rctrl
968.7871 	EXP 	Sound  started
969.3125 	DATA 	Keypress: rctrl
969.5371 	EXP 	Sound  started
970.0485 	DATA 	Keypress: rctrl
970.2871 	EXP 	Sound  started
970.8325 	DATA 	Keypress: rctrl
971.0371 	EXP 	Sound  started
971.7125 	DATA 	Keypress: lctrl
971.7871 	EXP 	Sound  started
972.4806 	DATA 	Keypress: rctrl
972.5371 	EXP 	Sound  started
972.9445 	DATA 	Keypress: lctrl
973.2871 	EXP 	Sound  started
973.9365 	DATA 	Keypress: lctrl
974.0371 	EXP 	Sound  started
974.6885 	DATA 	Keypress: rctrl
974.7872 	EXP 	Sound  started
975.5044 	DATA 	Keypress: lctrl
975.5372 	EXP 	Sound  started
976.2245 	DATA 	Keypress: rctrl
976.2872 	EXP 	Sound  started
976.9285 	DATA 	Keypress: rctrl
977.0372 	EXP 	Sound  started
977.6805 	DATA 	Keypress: rctrl
977.7872 	EXP 	Sound  started
978.3845 	DATA 	Keypress: rctrl
978.5372 	EXP 	Sound  started
979.1366 	DATA 	Keypress: lctrl
979.2873 	EXP 	Sound  started
979.9045 	DATA 	Keypress: rctrl
980.0373 	EXP 	Sound  started
980.7365 	DATA 	Keypress: lctrl
980.7873 	EXP 	Sound  started
981.4405 	DATA 	Keypress: lctrl
981.5373 	EXP 	Sound  started
982.1284 	DATA 	Keypress: rctrl
982.2873 	EXP 	Sound  started
982.9285 	DATA 	Keypress: rctrl
983.0373 	EXP 	Sound  started
983.6804 	DATA 	Keypress: lctrl
983.7873 	EXP 	Sound  started
984.3845 	DATA 	Keypress: rctrl
984.5373 	EXP 	Sound  started
985.1685 	DATA 	Keypress: lctrl
985.2874 	EXP 	Sound  started
985.9045 	DATA 	Keypress: lctrl
986.0374 	EXP 	Sound  started
986.6724 	DATA 	Keypress: rctrl
986.7874 	EXP 	Sound  started
987.4885 	DATA 	Keypress: lctrl
987.5374 	EXP 	Sound  started
988.2084 	DATA 	Keypress: rctrl
988.2874 	EXP 	Sound  started
988.9445 	DATA 	Keypress: lctrl
989.0374 	EXP 	Sound  started
989.6485 	DATA 	Keypress: rctrl
989.7874 	EXP 	Sound  started
990.4164 	DATA 	Keypress: lctrl
990.5375 	EXP 	Sound  started
991.1684 	DATA 	Keypress: lctrl
991.2875 	EXP 	Sound  started
991.9044 	DATA 	Keypress: rctrl
992.0375 	EXP 	Sound  started
992.7845 	DATA 	Keypress: lctrl
992.7875 	EXP 	Sound  started
993.3924 	DATA 	Keypress: rctrl
993.5375 	EXP 	Sound  started
994.1765 	DATA 	Keypress: lctrl
994.2875 	EXP 	Sound  started
994.8805 	DATA 	Keypress: rctrl
995.0375 	EXP 	Sound  started
995.6485 	DATA 	Keypress: rctrl
1006.4400 	DATA 	Keypress: 3
1006.4566 	EXP 	unnamed ShapeStim: vertices = <class 'numpy.ndarray'>
1014.0501 	DATA 	Keypress: 2
1014.0795 	EXP 	unnamed ShapeStim: vertices = <class 'numpy.ndarray'>
1020.1346 	DATA 	Keypress: 2
1020.1511 	EXP 	unnamed ShapeStim: vertices = <class 'numpy.ndarray'>
1022.4363 	EXP 	Sound  started
1022.4371 	DATA 	Keypress: lctrl
1023.0565 	DATA 	Keypress: rctrl
1023.1861 	EXP 	Sound  started
1023.8245 	DATA 	Keypress: lctrl
1023.9361 	EXP 	Sound  started
1024.5445 	DATA 	Keypress: rctrl
1024.6861 	EXP 	Sound  started
1025.2964 	DATA 	Keypress: rctrl
1025.4362 	EXP 	Sound  started
1026.0165 	DATA 	Keypress: lctrl
1026.1862 	EXP 	Sound  started
1026.7845 	DATA 	Keypress: rctrl
1026.9362 	EXP 	Sound  started
1027.5364 	DATA 	Keypress: lctrl
1027.6862 	EXP 	Sound  started
1028.3205 	DATA 	Keypress: lctrl
1028.4362 	EXP 	Sound  started
1028.9924 	DATA 	Keypress: lctrl
1029.1862 	EXP 	Sound  started
1029.7924 	DATA 	Keypress: lctrl
1029.9362 	EXP 	Sound  started
1030.5284 	DATA 	Keypress: rctrl
1030.6862 	EXP 	Sound  started
1031.2645 	DATA 	Keypress: lctrl
1031.4363 	EXP 	Sound  started
1032.0004 	DATA 	Keypress: rctrl
1032.1863 	EXP 	Sound  started
1032.6564 	DATA 	Keypress: rctrl
1032.9363 	EXP 	Sound  started
1033.4885 	DATA 	Keypress: lctrl
1033.6863 	EXP 	Sound  started
1034.2085 	DATA 	Keypress: rctrl
1034.4363 	EXP 	Sound  started
1034.9924 	DATA 	Keypress: lctrl
1035.1863 	EXP 	Sound  started
1035.7124 	DATA 	Keypress: lctrl
1035.9363 	EXP 	Sound  started
1036.4804 	DATA 	Keypress: lctrl
1036.6864 	EXP 	Sound  started
1037.2644 	DATA 	Keypress: rctrl
1037.4364 	EXP 	Sound  started
1037.9845 	DATA 	Keypress: lctrl
1038.1864 	EXP 	Sound  started
1038.7044 	DATA 	Keypress: rctrl
1038.9364 	EXP 	Sound  started
1039.4884 	DATA 	Keypress: rctrl
1039.6864 	EXP 	Sound  started
1040.4004 	DATA 	Keypress: lctrl
1040.4364 	EXP 	Sound  started
1041.1045 	DATA 	Keypress: rctrl
1041.1864 	EXP 	Sound  started
1041.8085 	DATA 	Keypress: lctrl
1041.9364 	EXP 	Sound  started
1042.5764 	DATA 	Keypress: rctrl
1042.6865 	EXP 	Sound  started
1043.3284 	DATA 	Keypress: rctrl
1043.4365 	EXP 	Sound  started
1044.0964 	DATA 	Keypress: lctrl
1044.1865 	EXP 	Sound  started
1044.8645 	DATA 	Keypress: rctrl
1044.9365 	EXP 	Sound  started
1045.6005 	DATA 	Keypress: rctrl
1045.6865 	EXP 	Sound  started
1046.2885 	DATA 	Keypress: rctrl
1046.4365 	EXP 	Sound  started
1047.0244 	DATA 	Keypress: lctrl
1047.1865 	EXP 	Sound  started
1047.8084 	DATA 	Keypress: rctrl
1047.9366 	EXP 	Sound  started
1048.6085 	DATA 	Keypress: lctrl
1048.6866 	EXP 	Sound  started
1049.4366 	EXP 	Sound  started
1049.4565 	DATA 	Keypress: lctrl
1050.0484 	DATA 	Keypress: rctrl
1050.1866 	EXP 	Sound  started
1050.7844 	DATA 	Keypress: rctrl
1050.9366 	EXP 	Sound  started
1051.5044 	DATA 	Keypress: lctrl
1051.6866 	EXP 	Sound  started
1052.3525 	DATA 	Keypress: rctrl
1052.4366 	EXP 	Sound  started
1053.1206 	DATA 	Keypress: rctrl
1053.1867 	EXP 	Sound  started
1053.7604 	DATA 	Keypress: rctrl
1053.9367 	EXP 	Sound  started
1054.5764 	DATA 	Keypress: rctrl
1054.6867 	EXP 	Sound  started
1055.3284 	DATA 	Keypress: rctrl
1055.4367 	EXP 	Sound  started
1056.0484 	DATA 	Keypress: lctrl
1056.1867 	EXP 	Sound  started
1056.8485 	DATA 	Keypress: rctrl
1056.9367 	EXP 	Sound  started
1057.5684 	DATA 	Keypress: lctrl
1057.6867 	EXP 	Sound  started
1058.3844 	DATA 	Keypress: lctrl
1058.4367 	EXP 	Sound  started
1059.1044 	DATA 	Keypress: rctrl
1059.1867 	EXP 	Sound  started
1059.8564 	DATA 	Keypress: lctrl
1059.9368 	EXP 	Sound  started
1060.6244 	DATA 	Keypress: lctrl
1060.6868 	EXP 	Sound  started
1061.3924 	DATA 	Keypress: lctrl
1061.4368 	EXP 	Sound  started
1062.0804 	DATA 	Keypress: lctrl
1062.1868 	EXP 	Sound  started
1062.8164 	DATA 	Keypress: lctrl
1062.9368 	EXP 	Sound  started
1063.6004 	DATA 	Keypress: lctrl
1074.4327 	DATA 	Keypress: 3
1074.4622 	EXP 	unnamed ShapeStim: vertices = <class 'numpy.ndarray'>
1079.1162 	DATA 	Keypress: 2
1079.1327 	EXP 	unnamed ShapeStim: vertices = <class 'numpy.ndarray'>
1081.2513 	DATA 	Keypress: 2
1081.2678 	EXP 	unnamed ShapeStim: vertices = <class 'numpy.ndarray'>
1083.5524 	EXP 	Sound  started
1083.5533 	DATA 	Keypress: lctrl
1084.2725 	DATA 	Keypress: rctrl
1084.3023 	EXP 	Sound  started
1084.9764 	DATA 	Keypress: rctrl
1085.0523 	EXP 	Sound  started
1085.6645 	DATA 	Keypress: rctrl
1085.8023 	EXP 	Sound  started
1086.4164 	DATA 	Keypress: rctrl
1086.5523 	EXP 	Sound  started
1087.2324 	DATA 	Keypress: lctrl
1087.3023 	EXP 	Sound  started
1087.9364 	DATA 	Keypress: lctrl
1088.0523 	EXP 	Sound  started
1088.6724 	DATA 	Keypress: rctrl
1088.8023 	EXP 	Sound  started
1089.5044 	DATA 	Keypress: lctrl
1089.5524 	EXP 	Sound  started
1090.2084 	DATA 	Keypress: rctrl
1090.3024 	EXP 	Sound  started
1090.9604 	DATA 	Keypress: lctrl
1091.0524 	EXP 	Sound  started
1091.6325 	DATA 	Keypress: rctrl
1091.8024 	EXP 	Sound  started
1092.3845 	DATA 	Keypress: lctrl
1092.5524 	EXP 	Sound  started
1093.1684 	DATA 	Keypress: rctrl
1093.3024 	EXP 	Sound  started
1093.8884 	DATA 	Keypress: rctrl
1094.0525 	EXP 	Sound  started
1094.7204 	DATA 	Keypress: rctrl
1094.8025 	EXP 	Sound  started
1095.4884 	DATA 	Keypress: lctrl
1095.5525 	EXP 	Sound  started
1096.1764 	DATA 	Keypress: lctrl
1096.3025 	EXP 	Sound  started
1096.8964 	DATA 	Keypress: lctrl
1097.0525 	EXP 	Sound  started
1097.6324 	DATA 	Keypress: rctrl
1097.8025 	EXP 	Sound  started
1098.4484 	DATA 	Keypress: lctrl
1098.5525 	EXP 	Sound  started
1099.1044 	DATA 	Keypress: rctrl
1099.3025 	EXP 	Sound  started
1099.8884 	DATA 	Keypress: lctrl
1100.0526 	EXP 	Sound  started
1100.7044 	DATA 	Keypress: rctrl
1100.8026 	EXP 	Sound  started
1101.4084 	DATA 	Keypress: rctrl
1101.5526 	EXP 	Sound  started
1101.9364 	DATA 	Keypress: lctrl
1102.3026 	EXP 	Sound  started
1102.9924 	DATA 	Keypress: rctrl
1103.0526 	EXP 	Sound  started
1103.7444 	DATA 	Keypress: lctrl
1103.8026 	EXP 	Sound  started
1104.4164 	DATA 	Keypress: rctrl
1104.5526 	EXP 	Sound  started
1105.1684 	DATA 	Keypress: lctrl
1105.3027 	EXP 	Sound  started
1105.8404 	DATA 	Keypress: rctrl
1106.0527 	EXP 	Sound  started
1106.6885 	DATA 	Keypress: lctrl
1106.8027 	EXP 	Sound  started
1107.4084 	DATA 	Keypress: rctrl
1107.5527 	EXP 	Sound  started
1108.1284 	DATA 	Keypress: rctrl
1108.3027 	EXP 	Sound  started
1108.8804 	DATA 	Keypress: lctrl
1109.0527 	EXP 	Sound  started
1109.6803 	DATA 	Keypress: lctrl
1109.8027 	EXP 	Sound  started
1110.4644 	DATA 	Keypress: lctrl
1110.5527 	EXP 	Sound  started
1111.2003 	DATA 	Keypress: lctrl
1111.3027 	EXP 	Sound  started
1111.9524 	DATA 	Keypress: lctrl
1112.0528 	EXP 	Sound  started
1112.7045 	DATA 	Keypress: rctrl
1112.8028 	EXP 	Sound  started
1113.4883 	DATA 	Keypress: lctrl
1113.5528 	EXP 	Sound  started
1114.2404 	DATA 	Keypress: rctrl
1114.3028 	EXP 	Sound  started
1114.8804 	DATA 	Keypress: rctrl
1115.0528 	EXP 	Sound  started
1115.6324 	DATA 	Keypress: lctrl
1115.8028 	EXP 	Sound  started
1116.5284 	DATA 	Keypress: rctrl
1116.5529 	EXP 	Sound  started
1117.2324 	DATA 	Keypress: rctrl
1117.3029 	EXP 	Sound  started
1117.9044 	DATA 	Keypress: rctrl
1118.0529 	EXP 	Sound  started
1118.6564 	DATA 	Keypress: rctrl
1118.8029 	EXP 	Sound  started
1119.4404 	DATA 	Keypress: lctrl
1119.5529 	EXP 	Sound  started
1120.2244 	DATA 	Keypress: rctrl
1120.3029 	EXP 	Sound  started
1120.9124 	DATA 	Keypress: lctrl
1121.0529 	EXP 	Sound  started
1121.6964 	DATA 	Keypress: lctrl
1121.8030 	EXP 	Sound  started
1122.4964 	DATA 	Keypress: rctrl
1122.5530 	EXP 	Sound  started
1123.2963 	DATA 	Keypress: lctrl
1123.3030 	EXP 	Sound  started
1123.9043 	DATA 	Keypress: rctrl
1124.0530 	EXP 	Sound  started
1124.5765 	DATA 	Keypress: lctrl
1124.8030 	EXP 	Sound  started
1125.2964 	DATA 	Keypress: rctrl
1125.5530 	EXP 	Sound  started
1126.1283 	DATA 	Keypress: lctrl
1126.3030 	EXP 	Sound  started
1126.8804 	DATA 	Keypress: lctrl
1127.0531 	EXP 	Sound  started
1127.6644 	DATA 	Keypress: lctrl
1127.8031 	EXP 	Sound  started
1128.4644 	DATA 	Keypress: lctrl
1128.5531 	EXP 	Sound  started
1129.2004 	DATA 	Keypress: lctrl
1129.3031 	EXP 	Sound  started
1129.9524 	DATA 	Keypress: lctrl
1130.0531 	EXP 	Sound  started
1130.6564 	DATA 	Keypress: rctrl
1130.8031 	EXP 	Sound  started
1131.5204 	DATA 	Keypress: lctrl
1131.5531 	EXP 	Sound  started
1132.2724 	DATA 	Keypress: rctrl
1132.3032 	EXP 	Sound  started
1132.9604 	DATA 	Keypress: rctrl
1133.0532 	EXP 	Sound  started
1133.6804 	DATA 	Keypress: lctrl
1133.8032 	EXP 	Sound  started
1134.5124 	DATA 	Keypress: rctrl
1134.5532 	EXP 	Sound  started
1135.1205 	DATA 	Keypress: lctrl
1135.3032 	EXP 	Sound  started
1135.9043 	DATA 	Keypress: rctrl
1136.0532 	EXP 	Sound  started
1136.6403 	DATA 	Keypress: rctrl
1136.8032 	EXP 	Sound  started
1137.3925 	DATA 	Keypress: lctrl
1137.5533 	EXP 	Sound  started
1138.2084 	DATA 	Keypress: rctrl
1138.3033 	EXP 	Sound  started
1138.9925 	DATA 	Keypress: lctrl
1139.0533 	EXP 	Sound  started
1139.7924 	DATA 	Keypress: lctrl
1147.3553 	DATA 	Keypress: 2
1147.3719 	EXP 	unnamed ShapeStim: vertices = <class 'numpy.ndarray'>
1152.6597 	DATA 	Keypress: 3
1152.6762 	EXP 	unnamed ShapeStim: vertices = <class 'numpy.ndarray'>
1155.3286 	DATA 	Keypress: 2
1155.3450 	EXP 	unnamed ShapeStim: vertices = <class 'numpy.ndarray'>
1157.6294 	EXP 	Sound  started
1157.6303 	DATA 	Keypress: lctrl
1158.2884 	DATA 	Keypress: rctrl
1158.3793 	EXP 	Sound  started
1159.0724 	DATA 	Keypress: lctrl
1159.1293 	EXP 	Sound  started
1159.8563 	DATA 	Keypress: lctrl
1159.8793 	EXP 	Sound  started
1160.4483 	DATA 	Keypress: lctrl
1160.6293 	EXP 	Sound  started
1161.2484 	DATA 	Keypress: rctrl
1161.3793 	EXP 	Sound  started
1162.0643 	DATA 	Keypress: lctrl
1162.1293 	EXP 	Sound  started
1162.7843 	DATA 	Keypress: rctrl
1162.8793 	EXP 	Sound  started
1163.5205 	DATA 	Keypress: rctrl
1163.6293 	EXP 	Sound  started
1164.1604 	DATA 	Keypress: lctrl
1164.3794 	EXP 	Sound  started
1164.9604 	DATA 	Keypress: rctrl
1165.1294 	EXP 	Sound  started
1165.8724 	DATA 	Keypress: lctrl
1165.8794 	EXP 	Sound  started
1166.5443 	DATA 	Keypress: rctrl
1166.6294 	EXP 	Sound  started
1167.2323 	DATA 	Keypress: rctrl
1167.3794 	EXP 	Sound  started
1167.9523 	DATA 	Keypress: rctrl
1168.1294 	EXP 	Sound  started
1168.6404 	DATA 	Keypress: rctrl
1168.8795 	EXP 	Sound  started
1169.4724 	DATA 	Keypress: lctrl
1169.6295 	EXP 	Sound  started
1170.2724 	DATA 	Keypress: rctrl
1170.3795 	EXP 	Sound  started
1171.0404 	DATA 	Keypress: lctrl
1171.1295 	EXP 	Sound  started
1171.7763 	DATA 	Keypress: lctrl
1171.8795 	EXP 	Sound  started
1172.4164 	DATA 	Keypress: lctrl
1172.6295 	EXP 	Sound  started
1173.2004 	DATA 	Keypress: rctrl
1173.3795 	EXP 	Sound  started
1173.9524 	DATA 	Keypress: lctrl
1174.1296 	EXP 	Sound  started
1174.7363 	DATA 	Keypress: rctrl
1174.8796 	EXP 	Sound  started
1175.4883 	DATA 	Keypress: rctrl
1175.6296 	EXP 	Sound  started
1176.2244 	DATA 	Keypress: lctrl
1176.3796 	EXP 	Sound  started
1177.0563 	DATA 	Keypress: rctrl
1177.1296 	EXP 	Sound  started
1177.8796 	EXP 	Sound  started
1177.9204 	DATA 	Keypress: rctrl
1178.6296 	EXP 	Sound  started
1178.6403 	DATA 	Keypress: lctrl
1179.2964 	DATA 	Keypress: rctrl
1179.3797 	EXP 	Sound  started
1179.9683 	DATA 	Keypress: rctrl
1180.1297 	EXP 	Sound  started
1180.7044 	DATA 	Keypress: rctrl
1180.8797 	EXP 	Sound  started
1181.5363 	DATA 	Keypress: rctrl
1181.6297 	EXP 	Sound  started
1182.2883 	DATA 	Keypress: lctrl
1182.3797 	EXP 	Sound  started
1183.0723 	DATA 	Keypress: rctrl
1183.1297 	EXP 	Sound  started
1183.8244 	DATA 	Keypress: lctrl
1183.8798 	EXP 	Sound  started
1184.5604 	DATA 	Keypress: rctrl
1184.6298 	EXP 	Sound  started
1185.2483 	DATA 	Keypress: lctrl
1185.3798 	EXP 	Sound  started
1185.9843 	DATA 	Keypress: rctrl
1186.1298 	EXP 	Sound  started
1186.7684 	DATA 	Keypress: rctrl
1186.8798 	EXP 	Sound  started
1187.6003 	DATA 	Keypress: lctrl
1187.6298 	EXP 	Sound  started
1188.3798 	EXP 	Sound  started
1188.4003 	DATA 	Keypress: rctrl
1188.9283 	DATA 	Keypress: lctrl
1189.1299 	EXP 	Sound  started
1189.7764 	DATA 	Keypress: rctrl
1189.8799 	EXP 	Sound  started
1190.5124 	DATA 	Keypress: lctrl
1190.6299 	EXP 	Sound  started
1191.2163 	DATA 	Keypress: lctrl
1191.3799 	EXP 	Sound  started
1191.9684 	DATA 	Keypress: rctrl
1192.1299 	EXP 	Sound  started
1192.7524 	DATA 	Keypress: lctrl
1192.8799 	EXP 	Sound  started
1193.5203 	DATA 	Keypress: rctrl
1193.6299 	EXP 	Sound  started
1194.2244 	DATA 	Keypress: rctrl
1194.3800 	EXP 	Sound  started
1195.1300 	EXP 	Sound  started
1195.1364 	DATA 	Keypress: lctrl
1195.7284 	DATA 	Keypress: rctrl
1195.8800 	EXP 	Sound  started
1196.4804 	DATA 	Keypress: lctrl
1196.6300 	EXP 	Sound  started
1197.2323 	DATA 	Keypress: rctrl
1197.3800 	EXP 	Sound  started
1197.9844 	DATA 	Keypress: rctrl
1198.1300 	EXP 	Sound  started
1198.7203 	DATA 	Keypress: lctrl
1198.8800 	EXP 	Sound  started
1199.6164 	DATA 	Keypress: rctrl
1199.6301 	EXP 	Sound  started
1200.2564 	DATA 	Keypress: lctrl
1200.3801 	EXP 	Sound  started
1201.1301 	EXP 	Sound  started
1201.2803 	DATA 	Keypress: rctrl
1201.8801 	EXP 	Sound  started
1201.9205 	DATA 	Keypress: lctrl
1202.6084 	DATA 	Keypress: rctrl
1202.6301 	EXP 	Sound  started
1203.2643 	DATA 	Keypress: rctrl
1203.3801 	EXP 	Sound  started
1203.9524 	DATA 	Keypress: lctrl
1204.1301 	EXP 	Sound  started
1204.7683 	DATA 	Keypress: rctrl
1204.8802 	EXP 	Sound  started
1205.5044 	DATA 	Keypress: rctrl
1205.6302 	EXP 	Sound  started
1206.2884 	DATA 	Keypress: lctrl
1206.3802 	EXP 	Sound  started
1207.0403 	DATA 	Keypress: rctrl
1207.1302 	EXP 	Sound  started
1207.7283 	DATA 	Keypress: lctrl
1207.8802 	EXP 	Sound  started
1208.4643 	DATA 	Keypress: rctrl
1208.6302 	EXP 	Sound  started
1209.2163 	DATA 	Keypress: lctrl
1209.3802 	EXP 	Sound  started
1210.0323 	DATA 	Keypress: rctrl
1210.1302 	EXP 	Sound  started
1210.7683 	DATA 	Keypress: rctrl
1210.8803 	EXP 	Sound  started
1211.5044 	DATA 	Keypress: rctrl
1211.6303 	EXP 	Sound  started
1212.2403 	DATA 	Keypress: lctrl
1212.3803 	EXP 	Sound  started
1213.0404 	DATA 	Keypress: lctrl
1213.1303 	EXP 	Sound  started
1213.7603 	DATA 	Keypress: lctrl
1213.8803 	EXP 	Sound  started
1214.4643 	DATA 	Keypress: lctrl
1214.6303 	EXP 	Sound  started
1215.2965 	DATA 	Keypress: rctrl
1215.3804 	EXP 	Sound  started
1216.0163 	DATA 	Keypress: rctrl
1216.1304 	EXP 	Sound  started
1216.8644 	DATA 	Keypress: lctrl
1216.8804 	EXP 	Sound  started
1217.6304 	EXP 	Sound  started
1217.6963 	DATA 	Keypress: rctrl
1218.3203 	DATA 	Keypress: lctrl
1218.3804 	EXP 	Sound  started
1219.0244 	DATA 	Keypress: lctrl
1219.1304 	EXP 	Sound  started
1219.8404 	DATA 	Keypress: lctrl
1219.8804 	EXP 	Sound  started
1220.6083 	DATA 	Keypress: rctrl
1229.2890 	DATA 	Keypress: 2
1229.3056 	EXP 	unnamed ShapeStim: vertices = <class 'numpy.ndarray'>
1234.7935 	DATA 	Keypress: 3
1234.8101 	EXP 	unnamed ShapeStim: vertices = <class 'numpy.ndarray'>
1238.1129 	DATA 	Keypress: 1
1238.1294 	EXP 	unnamed ShapeStim: vertices = <class 'numpy.ndarray'>
1240.4140 	EXP 	Sound  started
1240.4148 	DATA 	Keypress: rctrl
1241.0244 	DATA 	Keypress: lctrl
1241.1639 	EXP 	Sound  started
1241.8243 	DATA 	Keypress: lctrl
1241.9139 	EXP 	Sound  started
1242.5603 	DATA 	Keypress: rctrl
1242.6639 	EXP 	Sound  started
1243.3123 	DATA 	Keypress: rctrl
1243.4139 	EXP 	Sound  started
1244.0323 	DATA 	Keypress: rctrl
1244.1639 	EXP 	Sound  started
1244.7523 	DATA 	Keypress: lctrl
1244.9139 	EXP 	Sound  started
1245.4563 	DATA 	Keypress: rctrl
1245.6640 	EXP 	Sound  started
1246.3043 	DATA 	Keypress: lctrl
1246.4140 	EXP 	Sound  started
1247.0563 	DATA 	Keypress: rctrl
1247.1640 	EXP 	Sound  started
1247.8244 	DATA 	Keypress: rctrl
1247.9140 	EXP 	Sound  started
1248.5763 	DATA 	Keypress: rctrl
1248.6640 	EXP 	Sound  started
1249.3123 	DATA 	Keypress: rctrl
1249.4140 	EXP 	Sound  started
1250.0643 	DATA 	Keypress: lctrl
1250.1640 	EXP 	Sound  started
1250.8483 	DATA 	Keypress: rctrl
1250.9141 	EXP 	Sound  started
1251.5523 	DATA 	Keypress: lctrl
1251.6641 	EXP 	Sound  started
1252.2084 	DATA 	Keypress: rctrl
1252.4141 	EXP 	Sound  started
1252.9923 	DATA 	Keypress: lctrl
1253.1641 	EXP 	Sound  started
1253.7123 	DATA 	Keypress: lctrl
1253.9141 	EXP 	Sound  started
1254.4483 	DATA 	Keypress: lctrl
1254.6641 	EXP 	Sound  started
1255.2803 	DATA 	Keypress: rctrl
1255.4141 	EXP 	Sound  started
1256.0163 	DATA 	Keypress: lctrl
1256.1641 	EXP 	Sound  started
1256.7844 	DATA 	Keypress: rctrl
1256.9142 	EXP 	Sound  started
1257.5204 	DATA 	Keypress: lctrl
1257.6642 	EXP 	Sound  started
1258.3203 	DATA 	Keypress: rctrl
1258.4142 	EXP 	Sound  started
1259.1364 	DATA 	Keypress: rctrl
1259.1642 	EXP 	Sound  started
1259.8723 	DATA 	Keypress: lctrl
1259.9142 	EXP 	Sound  started
1260.6243 	DATA 	Keypress: lctrl
1260.6642 	EXP 	Sound  started
1261.4083 	DATA 	Keypress: rctrl
1261.4142 	EXP 	Sound  started
1262.1123 	DATA 	Keypress: rctrl
1262.1642 	EXP 	Sound  started
1262.8163 	DATA 	Keypress: lctrl
1262.9143 	EXP 	Sound  started
1263.5363 	DATA 	Keypress: lctrl
1263.6643 	EXP 	Sound  started
1264.3684 	DATA 	Keypress: rctrl
1264.4143 	EXP 	Sound  started
1265.1203 	DATA 	Keypress: rctrl
1265.1643 	EXP 	Sound  started
1265.8084 	DATA 	Keypress: lctrl
1265.9143 	EXP 	Sound  started
1266.4803 	DATA 	Keypress: rctrl
1266.6643 	EXP 	Sound  started
1267.4083 	DATA 	Keypress: lctrl
1267.4144 	EXP 	Sound  started
1268.1442 	DATA 	Keypress: rctrl
1268.1644 	EXP 	Sound  started
1268.8002 	DATA 	Keypress: rctrl
1268.9144 	EXP 	Sound  started
1269.5523 	DATA 	Keypress: lctrl
1269.6644 	EXP 	Sound  started
1270.2883 	DATA 	Keypress: rctrl
1270.4144 	EXP 	Sound  started
1270.9762 	DATA 	Keypress: lctrl
1271.1644 	EXP 	Sound  started
1271.5204 	DATA 	Keypress: rctrl
1271.9145 	EXP 	Sound  started
1272.5443 	DATA 	Keypress: lctrl
1272.6645 	EXP 	Sound  started
1273.3283 	DATA 	Keypress: rctrl
1273.4145 	EXP 	Sound  started
1274.1443 	DATA 	Keypress: lctrl
1274.1645 	EXP 	Sound  started
1274.8963 	DATA 	Keypress: rctrl
1274.9145 	EXP 	Sound  started
1275.5683 	DATA 	Keypress: lctrl
1275.6645 	EXP 	Sound  started
1276.2883 	DATA 	Keypress: rctrl
1276.4145 	EXP 	Sound  started
1277.0243 	DATA 	Keypress: rctrl
1277.1645 	EXP 	Sound  started
1277.7124 	DATA 	Keypress: lctrl
1277.9146 	EXP 	Sound  started
1278.4964 	DATA 	Keypress: lctrl
1278.6646 	EXP 	Sound  started
1279.2004 	DATA 	Keypress: rctrl
1279.4146 	EXP 	Sound  started
1280.0323 	DATA 	Keypress: lctrl
1280.1646 	EXP 	Sound  started
1280.8004 	DATA 	Keypress: rctrl
1280.9146 	EXP 	Sound  started
1281.5204 	DATA 	Keypress: lctrl
1281.6646 	EXP 	Sound  started
1282.2243 	DATA 	Keypress: rctrl
1282.4146 	EXP 	Sound  started
1283.0723 	DATA 	Keypress: rctrl
1283.1647 	EXP 	Sound  started
1283.7122 	DATA 	Keypress: lctrl
1283.9147 	EXP 	Sound  started
1284.4163 	DATA 	Keypress: lctrl
1284.6647 	EXP 	Sound  started
1285.1682 	DATA 	Keypress: rctrl
1285.4147 	EXP 	Sound  started
1286.0163 	DATA 	Keypress: lctrl
1286.1647 	EXP 	Sound  started
1286.7043 	DATA 	Keypress: rctrl
1286.9147 	EXP 	Sound  started
1287.5363 	DATA 	Keypress: lctrl
1287.6647 	EXP 	Sound  started
1288.3843 	DATA 	Keypress: lctrl
1288.4147 	EXP 	Sound  started
1289.1043 	DATA 	Keypress: lctrl
1289.1647 	EXP 	Sound  started
1289.7923 	DATA 	Keypress: lctrl
1289.9148 	EXP 	Sound  started
1290.4803 	DATA 	Keypress: lctrl
1290.6648 	EXP 	Sound  started
1291.3443 	DATA 	Keypress: lctrl
1291.4148 	EXP 	Sound  started
1292.0163 	DATA 	Keypress: rctrl
1292.1648 	EXP 	Sound  started
1292.8323 	DATA 	Keypress: lctrl
1292.9148 	EXP 	Sound  started
1293.5682 	DATA 	Keypress: lctrl
1293.6648 	EXP 	Sound  started
1294.4003 	DATA 	Keypress: rctrl
1294.4148 	EXP 	Sound  started
1295.1363 	DATA 	Keypress: lctrl
1295.1649 	EXP 	Sound  started
1295.7283 	DATA 	Keypress: rctrl
1295.9149 	EXP 	Sound  started
1296.5923 	DATA 	Keypress: lctrl
1296.6649 	EXP 	Sound  started
1297.3763 	DATA 	Keypress: lctrl
1297.4149 	EXP 	Sound  started
1298.0163 	DATA 	Keypress: lctrl
1298.1649 	EXP 	Sound  started
1298.7682 	DATA 	Keypress: lctrl
1298.9149 	EXP 	Sound  started
1299.4403 	DATA 	Keypress: lctrl
1309.4417 	DATA 	Keypress: 2
1309.4712 	EXP 	unnamed ShapeStim: vertices = <class 'numpy.ndarray'>
1313.7619 	DATA 	Keypress: 3
1313.7914 	EXP 	unnamed ShapeStim: vertices = <class 'numpy.ndarray'>
1315.7470 	DATA 	Keypress: 1
1315.7763 	EXP 	unnamed ShapeStim: vertices = <class 'numpy.ndarray'>
1318.0665 	DATA 	Keypress: rctrl
1336.0644 	DATA 	Keypress: escape
1336.1304 	EXP 	window1: mouseVisible = True
