14.0512 	WARNING 	User requested fullscreen with size [1024  768], but screen is actually [1920, 1200]. Using actual size
15.3591 	EXP 	Created window1 = Window(allowGUI=False, allowStencil=False, autoLog=True, backendConf=UNKNOWN, bitsMode=UNKNOWN, blendMode='avg', bpc=(8, 8, 8), color=array([0, 0, 0]), colorSpace='rgb', depthBits=8, fullscr=<method-wrapper '__getattribute__' of attributeSetter object at 0x000001F7434239B0>, gamma=None, gammaErrorPolicy='raise', lms=UNKNOWN, monitor=<psychopy.monitors.calibTools.Monitor object at 0x000001F74B9F12B0>, multiSample=False, name='window1', numSamples=2, pos=[0.0, 0.0], screen=0, size=array([1920, 1200]), stencilBits=0, stereo=False, units='norm', useFBO=True, useRetina=False, viewOri=0.0, viewPos=None, viewScale=None, waitBlanking=True, winType='pyglet')
15.3597 	EXP 	window1: mouseVisible = True
15.3598 	EXP 	window1: mouseVisible = False
15.3599 	EXP 	window1: recordFrameIntervals = False
15.5245 	EXP 	window1: recordFrameIntervals = True
15.7083 	EXP 	window1: recordFrameIntervals = False
15.7700 	EXP 	Created text = TextStim(__class__=<class 'psychopy.visual.text.TextStim'>, alignHoriz=method-wrapper(...), alignText='center', alignVert=method-wrapper(...), anchorHoriz='center', anchorVert='center', antialias=True, autoLog=True, bold=False, color=array([1., 1., 1.]), colorSpace='rgb', contrast=1.0, depth=0.0, flipHoriz=False, flipVert=False, font='Arial', fontFiles=[], height=0.15, italic=False, languageStyle='LTR', name='text', opacity=1, ori=0, pos=array([0., 0.]), rgb=UNKNOWN, text='+', units='norm', win=Window(...), wrapWidth=1)
15.7914 	EXP 	Created text = TextStim(__class__=<class 'psychopy.visual.text.TextStim'>, alignHoriz=method-wrapper(...), alignText='center', alignVert=method-wrapper(...), anchorHoriz='center', anchorVert='center', antialias=True, autoLog=True, bold=False, color=array([1., 1., 1.]), colorSpace='rgb', contrast=1.0, depth=0.0, flipHoriz=False, flipVert=False, font='Arial', fontFiles=[], height=0.07, italic=False, languageStyle='LTR', name='text', opacity=1, ori=0, pos=array([0., 0.]), rgb=UNKNOWN, text=str(...), units='norm', win=Window(...), wrapWidth=1.65)
15.8013 	EXP 	Created text = TextStim(__class__=<class 'psychopy.visual.text.TextStim'>, alignHoriz=method-wrapper(...), alignText='center', alignVert=method-wrapper(...), anchorHoriz='center', anchorVert='center', antialias=True, autoLog=True, bold=False, color=array([1., 1., 1.]), colorSpace='rgb', contrast=1.0, depth=0.0, flipHoriz=False, flipVert=False, font='Arial', fontFiles=[], height=0.07, italic=False, languageStyle='LTR', name='text', opacity=1, ori=0, pos=array([0., 0.]), rgb=UNKNOWN, text=str(...), units='norm', win=Window(...), wrapWidth=1.65)
15.8108 	EXP 	Created text = TextStim(__class__=<class 'psychopy.visual.text.TextStim'>, alignHoriz=method-wrapper(...), alignText='center', alignVert=method-wrapper(...), anchorHoriz='center', anchorVert='center', antialias=True, autoLog=True, bold=False, color=array([1., 1., 1.]), colorSpace='rgb', contrast=1.0, depth=0.0, flipHoriz=False, flipVert=False, font='Arial', fontFiles=[], height=0.07, italic=False, languageStyle='LTR', name='text', opacity=1, ori=0, pos=array([0., 0.]), rgb=UNKNOWN, text=str(...), units='norm', win=Window(...), wrapWidth=1.65)
15.8195 	EXP 	Created text = TextStim(__class__=<class 'psychopy.visual.text.TextStim'>, alignHoriz=method-wrapper(...), alignText='center', alignVert=method-wrapper(...), anchorHoriz='center', anchorVert='center', antialias=True, autoLog=True, bold=False, color=array([1., 1., 1.]), colorSpace='rgb', contrast=1.0, depth=0.0, flipHoriz=False, flipVert=False, font='Arial', fontFiles=[], height=0.07, italic=False, languageStyle='LTR', name='text', opacity=1, ori=0, pos=array([0., 0.]), rgb=UNKNOWN, text=str(...), units='norm', win=Window(...), wrapWidth=1.65)
15.8253 	EXP 	Created text = TextStim(__class__=<class 'psychopy.visual.text.TextStim'>, alignHoriz=method-wrapper(...), alignText='center', alignVert=method-wrapper(...), anchorHoriz='center', anchorVert='center', antialias=True, autoLog=True, bold=False, color=array([1., 1., 1.]), colorSpace='rgb', contrast=1.0, depth=0.0, flipHoriz=False, flipVert=False, font='Arial', fontFiles=[], height=0.07, italic=False, languageStyle='LTR', name='text', opacity=1, ori=0, pos=array([0., 0.]), rgb=UNKNOWN, text=str(...), units='norm', win=Window(...), wrapWidth=1.65)
15.8405 	EXP 	Created text = TextStim(__class__=<class 'psychopy.visual.text.TextStim'>, alignHoriz=method-wrapper(...), alignText='center', alignVert=method-wrapper(...), anchorHoriz='center', anchorVert='center', antialias=True, autoLog=True, bold=False, color=array([1., 1., 1.]), colorSpace='rgb', contrast=1.0, depth=0.0, flipHoriz=False, flipVert=False, font='Arial', fontFiles=[], height=0.15, italic=False, languageStyle='LTR', name='text', opacity=1, ori=0, pos=array([0., 0.]), rgb=UNKNOWN, text=str(...), units='norm', win=Window(...), wrapWidth=1.65)
15.8693 	EXP 	Created text = TextStim(__class__=<class 'psychopy.visual.text.TextStim'>, alignHoriz=method-wrapper(...), alignText='center', alignVert=method-wrapper(...), anchorHoriz='center', anchorVert='center', antialias=True, autoLog=True, bold=False, color=array([1., 1., 1.]), colorSpace='rgb', contrast=1.0, depth=0.0, flipHoriz=False, flipVert=False, font='Arial', fontFiles=[], height=0.07, italic=False, languageStyle='LTR', name='text', opacity=1, ori=0, pos=array([0., 0.]), rgb=UNKNOWN, text=str(...), units='norm', win=Window(...), wrapWidth=1.65)
15.8898 	EXP 	Created text = TextStim(__class__=<class 'psychopy.visual.text.TextStim'>, alignHoriz=method-wrapper(...), alignText='center', alignVert=method-wrapper(...), anchorHoriz='center', anchorVert='center', antialias=True, autoLog=True, bold=False, color=array([1., 1., 1.]), colorSpace='rgb', contrast=1.0, depth=0.0, flipHoriz=False, flipVert=False, font='Arial', fontFiles=[], height=0.07, italic=False, languageStyle='LTR', name='text', opacity=1, ori=0, pos=array([0., 0.]), rgb=UNKNOWN, text=str(...), units='norm', win=Window(...), wrapWidth=1.65)
15.9195 	EXP 	Created text = TextStim(__class__=<class 'psychopy.visual.text.TextStim'>, alignHoriz=method-wrapper(...), alignText='center', alignVert=method-wrapper(...), anchorHoriz='center', anchorVert='center', antialias=True, autoLog=True, bold=False, color=array([1., 1., 1.]), colorSpace='rgb', contrast=1.0, depth=0.0, flipHoriz=False, flipVert=False, font='Arial', fontFiles=[], height=0.07, italic=False, languageStyle='LTR', name='text', opacity=1, ori=0, pos=array([0., 0.]), rgb=UNKNOWN, text=str(...), units='norm', win=Window(...), wrapWidth=1.65)
15.9432 	EXP 	Created text = TextStim(__class__=<class 'psychopy.visual.text.TextStim'>, alignHoriz=method-wrapper(...), alignText='center', alignVert=method-wrapper(...), anchorHoriz='center', anchorVert='center', antialias=True, autoLog=True, bold=False, color=array([1., 1., 1.]), colorSpace='rgb', contrast=1.0, depth=0.0, flipHoriz=False, flipVert=False, font='Arial', fontFiles=[], height=0.07, italic=False, languageStyle='LTR', name='text', opacity=1, ori=0, pos=array([0., 0.]), rgb=UNKNOWN, text=str(...), units='norm', win=Window(...), wrapWidth=1.65)
15.9741 	EXP 	Created text = TextStim(__class__=<class 'psychopy.visual.text.TextStim'>, alignHoriz=method-wrapper(...), alignText='center', alignVert=method-wrapper(...), anchorHoriz='center', anchorVert='center', antialias=True, autoLog=True, bold=False, color=array([1., 1., 1.]), colorSpace='rgb', contrast=1.0, depth=0.0, flipHoriz=False, flipVert=False, font='Arial', fontFiles=[], height=0.07, italic=False, languageStyle='LTR', name='text', opacity=1, ori=0, pos=array([0., 0.]), rgb=UNKNOWN, text=str(...), units='norm', win=Window(...), wrapWidth=1.65)
15.9842 	EXP 	Created text = TextStim(__class__=<class 'psychopy.visual.text.TextStim'>, alignHoriz=method-wrapper(...), alignText='center', alignVert=method-wrapper(...), anchorHoriz='center', anchorVert='center', antialias=True, autoLog=True, bold=False, color=array([1., 1., 1.]), colorSpace='rgb', contrast=1.0, depth=0.0, flipHoriz=False, flipVert=False, font='Arial', fontFiles=[], height=0.07, italic=False, languageStyle='LTR', name='text', opacity=1, ori=0, pos=array([0., 0.]), rgb=UNKNOWN, text=str(...), units='norm', win=Window(...), wrapWidth=1.65)
15.9965 	EXP 	Created text = TextStim(__class__=<class 'psychopy.visual.text.TextStim'>, alignHoriz=method-wrapper(...), alignText='center', alignVert=method-wrapper(...), anchorHoriz='center', anchorVert='center', antialias=True, autoLog=True, bold=False, color=array([1., 1., 1.]), colorSpace='rgb', contrast=1.0, depth=0.0, flipHoriz=False, flipVert=False, font='Arial', fontFiles=[], height=0.07, italic=False, languageStyle='LTR', name='text', opacity=1, ori=0, pos=array([0., 0.]), rgb=UNKNOWN, text=str(...), units='norm', win=Window(...), wrapWidth=1.65)
16.0008 	EXP 	Created instru = TextStim(__class__=<class 'psychopy.visual.text.TextStim'>, alignHoriz=method-wrapper(...), alignText='center', alignVert=method-wrapper(...), anchorHoriz='center', anchorVert='center', antialias=True, autoLog=True, bold=False, color=array([1., 1., 1.]), colorSpace='rgb', contrast=1.0, depth=0.0, flipHoriz=False, flipVert=False, font='Arial', fontFiles=[], height=0.07, italic=False, languageStyle='LTR', name='instru', opacity=1, ori=0, pos=array([0. , 0.5]), rgb=UNKNOWN, text=str(...), units='norm', win=Window(...), wrapWidth=1)
16.0033 	EXP 	Created unnamed Line = Line(__class__=<class 'psychopy.visual.line.Line'>, autoDraw=False, autoLog=True, closeShape=False, color=array([1., 1., 1.]), colorSpace='rgb', contrast=None, depth=0, fillColor=array([0, 0, 0]), fillColorSpace='rgb', fillRGB=array([0, 0, 0]), interpolate=True, lineColor=array([1., 1., 1.]), lineColorSpace='rgb', lineRGB=array([1, 1, 1]), lineWidth=5, name='unnamed Line', opacity=0.5, ori=0.0, pos=array([0., 0.]), size=array([1., 1.]), units='norm', vertices=array([[-0.5,  0. ],
       [ 0.5,  0. ]]), win=Window(...), windingRule=None)
16.0053 	EXP 	Created unnamed Line = Line(__class__=<class 'psychopy.visual.line.Line'>, autoDraw=False, autoLog=True, closeShape=False, color=array([1., 1., 1.]), colorSpace='rgb', contrast=None, depth=0, fillColor=array([0, 0, 0]), fillColorSpace='rgb', fillRGB=array([0, 0, 0]), interpolate=True, lineColor=array([1., 1., 1.]), lineColorSpace='rgb', lineRGB=array([1, 1, 1]), lineWidth=3, name='unnamed Line', opacity=0.5, ori=0.0, pos=array([0., 0.]), size=array([1., 1.]), units='norm', vertices=array([[-0.5 , -0.05],
       [-0.5 ,  0.05]]), win=Window(...), windingRule=None)
16.0073 	EXP 	Created unnamed Line = Line(__class__=<class 'psychopy.visual.line.Line'>, autoDraw=False, autoLog=True, closeShape=False, color=array([1., 1., 1.]), colorSpace='rgb', contrast=None, depth=0, fillColor=array([0, 0, 0]), fillColorSpace='rgb', fillRGB=array([0, 0, 0]), interpolate=True, lineColor=array([1., 1., 1.]), lineColorSpace='rgb', lineRGB=array([1, 1, 1]), lineWidth=3, name='unnamed Line', opacity=0.5, ori=0.0, pos=array([0., 0.]), size=array([1., 1.]), units='norm', vertices=ndarray(...), win=Window(...), windingRule=None)
16.0093 	EXP 	Created unnamed Line = Line(__class__=<class 'psychopy.visual.line.Line'>, autoDraw=False, autoLog=True, closeShape=False, color=array([1., 1., 1.]), colorSpace='rgb', contrast=None, depth=0, fillColor=array([0, 0, 0]), fillColorSpace='rgb', fillRGB=array([0, 0, 0]), interpolate=True, lineColor=array([1., 1., 1.]), lineColorSpace='rgb', lineRGB=array([1, 1, 1]), lineWidth=3, name='unnamed Line', opacity=0.5, ori=0.0, pos=array([0., 0.]), size=array([1., 1.]), units='norm', vertices=ndarray(...), win=Window(...), windingRule=None)
16.0113 	EXP 	Created unnamed Line = Line(__class__=<class 'psychopy.visual.line.Line'>, autoDraw=False, autoLog=True, closeShape=False, color=array([1., 1., 1.]), colorSpace='rgb', contrast=None, depth=0, fillColor=array([0, 0, 0]), fillColorSpace='rgb', fillRGB=array([0, 0, 0]), interpolate=True, lineColor=array([1., 1., 1.]), lineColorSpace='rgb', lineRGB=array([1, 1, 1]), lineWidth=3, name='unnamed Line', opacity=0.5, ori=0.0, pos=array([0., 0.]), size=array([1., 1.]), units='norm', vertices=array([[ 0.5 , -0.05],
       [ 0.5 ,  0.05]]), win=Window(...), windingRule=None)
16.0232 	EXP 	Created unnamed TextStim = TextStim(__class__=<class 'psychopy.visual.text.TextStim'>, alignHoriz=method-wrapper(...), alignText='center', alignVert=method-wrapper(...), anchorHoriz='center', anchorVert='center', antialias=True, autoLog=True, bold=False, color=array([1., 1., 1.]), colorSpace='rgb', contrast=1.0, depth=0, flipHoriz=False, flipVert=False, font='', fontFiles=[], height=0.05, italic=False, languageStyle='LTR', name='unnamed TextStim', opacity=1.0, ori=0.0, pos=array([-0.5, -0.1]), rgb=UNKNOWN, text='Helt klart \n IKKE FOKUSERT', units='norm', win=Window(...), wrapWidth=1)
16.0242 	EXP 	Created unnamed TextStim = TextStim(__class__=<class 'psychopy.visual.text.TextStim'>, alignHoriz=method-wrapper(...), alignText='center', alignVert=method-wrapper(...), anchorHoriz='center', anchorVert='center', antialias=True, autoLog=True, bold=False, color=array([1., 1., 1.]), colorSpace='rgb', contrast=1.0, depth=0, flipHoriz=False, flipVert=False, font='', fontFiles=[], height=0.05, italic=False, languageStyle='LTR', name='unnamed TextStim', opacity=1.0, ori=0.0, pos=array([-0.16666667, -0.1       ]), rgb=UNKNOWN, text='', units='norm', win=Window(...), wrapWidth=1)
16.0252 	EXP 	Created unnamed TextStim = TextStim(__class__=<class 'psychopy.visual.text.TextStim'>, alignHoriz=method-wrapper(...), alignText='center', alignVert=method-wrapper(...), anchorHoriz='center', anchorVert='center', antialias=True, autoLog=True, bold=False, color=array([1., 1., 1.]), colorSpace='rgb', contrast=1.0, depth=0, flipHoriz=False, flipVert=False, font='', fontFiles=[], height=0.05, italic=False, languageStyle='LTR', name='unnamed TextStim', opacity=1.0, ori=0.0, pos=array([ 0.16666667, -0.1       ]), rgb=UNKNOWN, text='', units='norm', win=Window(...), wrapWidth=1)
16.0283 	EXP 	Created unnamed TextStim = TextStim(__class__=<class 'psychopy.visual.text.TextStim'>, alignHoriz=method-wrapper(...), alignText='center', alignVert=method-wrapper(...), anchorHoriz='center', anchorVert='center', antialias=True, autoLog=True, bold=False, color=array([1., 1., 1.]), colorSpace='rgb', contrast=1.0, depth=0, flipHoriz=False, flipVert=False, font='', fontFiles=[], height=0.05, italic=False, languageStyle='LTR', name='unnamed TextStim', opacity=1.0, ori=0.0, pos=array([ 0.5, -0.1]), rgb=UNKNOWN, text='Helt klart \n FOKUSERT', units='norm', win=Window(...), wrapWidth=1)
16.0302 	EXP 	Created unnamed ShapeStim = ShapeStim(__class__=<class 'psychopy.visual.shape.ShapeStim'>, autoDraw=False, autoLog=True, closeShape=True, color=method-wrapper(...), colorSpace='rgb', contrast=None, depth=0, fillColor=array([1, 1, 1]), fillColorSpace='rgb', fillRGB=array([1, 1, 1]), interpolate=True, lineColor=array([-1., -1., -1.]), lineColorSpace='rgb', lineRGB=array([-1, -1, -1]), lineWidth=1.5, name='unnamed ShapeStim', opacity=1.0, ori=0.0, pos=array([0., 0.]), size=array([1., 1.]), units='norm', vertices=ndarray(...), win=Window(...), windingRule=None)
16.0370 	EXP 	Created instru = TextStim(__class__=<class 'psychopy.visual.text.TextStim'>, alignHoriz=method-wrapper(...), alignText='center', alignVert=method-wrapper(...), anchorHoriz='center', anchorVert='center', antialias=True, autoLog=True, bold=False, color=array([1., 1., 1.]), colorSpace='rgb', contrast=1.0, depth=0.0, flipHoriz=False, flipVert=False, font='Arial', fontFiles=[], height=0.07, italic=False, languageStyle='LTR', name='instru', opacity=1, ori=0, pos=array([0. , 0.5]), rgb=UNKNOWN, text=str(...), units='norm', win=Window(...), wrapWidth=1)
16.0390 	EXP 	Created unnamed Line = Line(__class__=<class 'psychopy.visual.line.Line'>, autoDraw=False, autoLog=True, closeShape=False, color=array([1., 1., 1.]), colorSpace='rgb', contrast=None, depth=0, fillColor=array([0, 0, 0]), fillColorSpace='rgb', fillRGB=array([0, 0, 0]), interpolate=True, lineColor=array([1., 1., 1.]), lineColorSpace='rgb', lineRGB=array([1, 1, 1]), lineWidth=5, name='unnamed Line', opacity=0.5, ori=0.0, pos=array([0., 0.]), size=array([1., 1.]), units='norm', vertices=array([[-0.5,  0. ],
       [ 0.5,  0. ]]), win=Window(...), windingRule=None)
16.0410 	EXP 	Created unnamed Line = Line(__class__=<class 'psychopy.visual.line.Line'>, autoDraw=False, autoLog=True, closeShape=False, color=array([1., 1., 1.]), colorSpace='rgb', contrast=None, depth=0, fillColor=array([0, 0, 0]), fillColorSpace='rgb', fillRGB=array([0, 0, 0]), interpolate=True, lineColor=array([1., 1., 1.]), lineColorSpace='rgb', lineRGB=array([1, 1, 1]), lineWidth=3, name='unnamed Line', opacity=0.5, ori=0.0, pos=array([0., 0.]), size=array([1., 1.]), units='norm', vertices=array([[-0.5 , -0.05],
       [-0.5 ,  0.05]]), win=Window(...), windingRule=None)
16.0430 	EXP 	Created unnamed Line = Line(__class__=<class 'psychopy.visual.line.Line'>, autoDraw=False, autoLog=True, closeShape=False, color=array([1., 1., 1.]), colorSpace='rgb', contrast=None, depth=0, fillColor=array([0, 0, 0]), fillColorSpace='rgb', fillRGB=array([0, 0, 0]), interpolate=True, lineColor=array([1., 1., 1.]), lineColorSpace='rgb', lineRGB=array([1, 1, 1]), lineWidth=3, name='unnamed Line', opacity=0.5, ori=0.0, pos=array([0., 0.]), size=array([1., 1.]), units='norm', vertices=ndarray(...), win=Window(...), windingRule=None)
16.0451 	EXP 	Created unnamed Line = Line(__class__=<class 'psychopy.visual.line.Line'>, autoDraw=False, autoLog=True, closeShape=False, color=array([1., 1., 1.]), colorSpace='rgb', contrast=None, depth=0, fillColor=array([0, 0, 0]), fillColorSpace='rgb', fillRGB=array([0, 0, 0]), interpolate=True, lineColor=array([1., 1., 1.]), lineColorSpace='rgb', lineRGB=array([1, 1, 1]), lineWidth=3, name='unnamed Line', opacity=0.5, ori=0.0, pos=array([0., 0.]), size=array([1., 1.]), units='norm', vertices=ndarray(...), win=Window(...), windingRule=None)
16.0471 	EXP 	Created unnamed Line = Line(__class__=<class 'psychopy.visual.line.Line'>, autoDraw=False, autoLog=True, closeShape=False, color=array([1., 1., 1.]), colorSpace='rgb', contrast=None, depth=0, fillColor=array([0, 0, 0]), fillColorSpace='rgb', fillRGB=array([0, 0, 0]), interpolate=True, lineColor=array([1., 1., 1.]), lineColorSpace='rgb', lineRGB=array([1, 1, 1]), lineWidth=3, name='unnamed Line', opacity=0.5, ori=0.0, pos=array([0., 0.]), size=array([1., 1.]), units='norm', vertices=array([[ 0.5 , -0.05],
       [ 0.5 ,  0.05]]), win=Window(...), windingRule=None)
16.0513 	EXP 	Created unnamed TextStim = TextStim(__class__=<class 'psychopy.visual.text.TextStim'>, alignHoriz=method-wrapper(...), alignText='center', alignVert=method-wrapper(...), anchorHoriz='center', anchorVert='center', antialias=True, autoLog=True, bold=False, color=array([1., 1., 1.]), colorSpace='rgb', contrast=1.0, depth=0, flipHoriz=False, flipVert=False, font='', fontFiles=[], height=0.05, italic=False, languageStyle='LTR', name='unnamed TextStim', opacity=1.0, ori=0.0, pos=array([-0.5, -0.1]), rgb=UNKNOWN, text='Helt klart \n INGENTING', units='norm', win=Window(...), wrapWidth=1)
16.0523 	EXP 	Created unnamed TextStim = TextStim(__class__=<class 'psychopy.visual.text.TextStim'>, alignHoriz=method-wrapper(...), alignText='center', alignVert=method-wrapper(...), anchorHoriz='center', anchorVert='center', antialias=True, autoLog=True, bold=False, color=array([1., 1., 1.]), colorSpace='rgb', contrast=1.0, depth=0, flipHoriz=False, flipVert=False, font='', fontFiles=[], height=0.05, italic=False, languageStyle='LTR', name='unnamed TextStim', opacity=1.0, ori=0.0, pos=array([-0.16666667, -0.1       ]), rgb=UNKNOWN, text='', units='norm', win=Window(...), wrapWidth=1)
16.0533 	EXP 	Created unnamed TextStim = TextStim(__class__=<class 'psychopy.visual.text.TextStim'>, alignHoriz=method-wrapper(...), alignText='center', alignVert=method-wrapper(...), anchorHoriz='center', anchorVert='center', antialias=True, autoLog=True, bold=False, color=array([1., 1., 1.]), colorSpace='rgb', contrast=1.0, depth=0, flipHoriz=False, flipVert=False, font='', fontFiles=[], height=0.05, italic=False, languageStyle='LTR', name='unnamed TextStim', opacity=1.0, ori=0.0, pos=array([ 0.16666667, -0.1       ]), rgb=UNKNOWN, text='', units='norm', win=Window(...), wrapWidth=1)
16.0564 	EXP 	Created unnamed TextStim = TextStim(__class__=<class 'psychopy.visual.text.TextStim'>, alignHoriz=method-wrapper(...), alignText='center', alignVert=method-wrapper(...), anchorHoriz='center', anchorVert='center', antialias=True, autoLog=True, bold=False, color=array([1., 1., 1.]), colorSpace='rgb', contrast=1.0, depth=0, flipHoriz=False, flipVert=False, font='', fontFiles=[], height=0.05, italic=False, languageStyle='LTR', name='unnamed TextStim', opacity=1.0, ori=0.0, pos=array([ 0.5, -0.1]), rgb=UNKNOWN, text='Helt klart \n NOE', units='norm', win=Window(...), wrapWidth=1)
16.0580 	EXP 	Created unnamed ShapeStim = ShapeStim(__class__=<class 'psychopy.visual.shape.ShapeStim'>, autoDraw=False, autoLog=True, closeShape=True, color=method-wrapper(...), colorSpace='rgb', contrast=None, depth=0, fillColor=array([1, 1, 1]), fillColorSpace='rgb', fillRGB=array([1, 1, 1]), interpolate=True, lineColor=array([-1., -1., -1.]), lineColorSpace='rgb', lineRGB=array([-1, -1, -1]), lineWidth=1.5, name='unnamed ShapeStim', opacity=1.0, ori=0.0, pos=array([0., 0.]), size=array([1., 1.]), units='norm', vertices=ndarray(...), win=Window(...), windingRule=None)
16.0643 	EXP 	Created instru = TextStim(__class__=<class 'psychopy.visual.text.TextStim'>, alignHoriz=method-wrapper(...), alignText='center', alignVert=method-wrapper(...), anchorHoriz='center', anchorVert='center', antialias=True, autoLog=True, bold=False, color=array([1., 1., 1.]), colorSpace='rgb', contrast=1.0, depth=0.0, flipHoriz=False, flipVert=False, font='Arial', fontFiles=[], height=0.07, italic=False, languageStyle='LTR', name='instru', opacity=1, ori=0, pos=array([0. , 0.5]), rgb=UNKNOWN, text=str(...), units='norm', win=Window(...), wrapWidth=1)
16.0663 	EXP 	Created unnamed Line = Line(__class__=<class 'psychopy.visual.line.Line'>, autoDraw=False, autoLog=True, closeShape=False, color=array([1., 1., 1.]), colorSpace='rgb', contrast=None, depth=0, fillColor=array([0, 0, 0]), fillColorSpace='rgb', fillRGB=array([0, 0, 0]), interpolate=True, lineColor=array([1., 1., 1.]), lineColorSpace='rgb', lineRGB=array([1, 1, 1]), lineWidth=5, name='unnamed Line', opacity=0.5, ori=0.0, pos=array([0., 0.]), size=array([1., 1.]), units='norm', vertices=array([[-0.5,  0. ],
       [ 0.5,  0. ]]), win=Window(...), windingRule=None)
16.0683 	EXP 	Created unnamed Line = Line(__class__=<class 'psychopy.visual.line.Line'>, autoDraw=False, autoLog=True, closeShape=False, color=array([1., 1., 1.]), colorSpace='rgb', contrast=None, depth=0, fillColor=array([0, 0, 0]), fillColorSpace='rgb', fillRGB=array([0, 0, 0]), interpolate=True, lineColor=array([1., 1., 1.]), lineColorSpace='rgb', lineRGB=array([1, 1, 1]), lineWidth=3, name='unnamed Line', opacity=0.5, ori=0.0, pos=array([0., 0.]), size=array([1., 1.]), units='norm', vertices=array([[-0.5 , -0.05],
       [-0.5 ,  0.05]]), win=Window(...), windingRule=None)
16.0703 	EXP 	Created unnamed Line = Line(__class__=<class 'psychopy.visual.line.Line'>, autoDraw=False, autoLog=True, closeShape=False, color=array([1., 1., 1.]), colorSpace='rgb', contrast=None, depth=0, fillColor=array([0, 0, 0]), fillColorSpace='rgb', fillRGB=array([0, 0, 0]), interpolate=True, lineColor=array([1., 1., 1.]), lineColorSpace='rgb', lineRGB=array([1, 1, 1]), lineWidth=3, name='unnamed Line', opacity=0.5, ori=0.0, pos=array([0., 0.]), size=array([1., 1.]), units='norm', vertices=ndarray(...), win=Window(...), windingRule=None)
16.0722 	EXP 	Created unnamed Line = Line(__class__=<class 'psychopy.visual.line.Line'>, autoDraw=False, autoLog=True, closeShape=False, color=array([1., 1., 1.]), colorSpace='rgb', contrast=None, depth=0, fillColor=array([0, 0, 0]), fillColorSpace='rgb', fillRGB=array([0, 0, 0]), interpolate=True, lineColor=array([1., 1., 1.]), lineColorSpace='rgb', lineRGB=array([1, 1, 1]), lineWidth=3, name='unnamed Line', opacity=0.5, ori=0.0, pos=array([0., 0.]), size=array([1., 1.]), units='norm', vertices=ndarray(...), win=Window(...), windingRule=None)
16.0742 	EXP 	Created unnamed Line = Line(__class__=<class 'psychopy.visual.line.Line'>, autoDraw=False, autoLog=True, closeShape=False, color=array([1., 1., 1.]), colorSpace='rgb', contrast=None, depth=0, fillColor=array([0, 0, 0]), fillColorSpace='rgb', fillRGB=array([0, 0, 0]), interpolate=True, lineColor=array([1., 1., 1.]), lineColorSpace='rgb', lineRGB=array([1, 1, 1]), lineWidth=3, name='unnamed Line', opacity=0.5, ori=0.0, pos=array([0., 0.]), size=array([1., 1.]), units='norm', vertices=array([[ 0.5 , -0.05],
       [ 0.5 ,  0.05]]), win=Window(...), windingRule=None)
16.0783 	EXP 	Created unnamed TextStim = TextStim(__class__=<class 'psychopy.visual.text.TextStim'>, alignHoriz=method-wrapper(...), alignText='center', alignVert=method-wrapper(...), anchorHoriz='center', anchorVert='center', antialias=True, autoLog=True, bold=False, color=array([1., 1., 1.]), colorSpace='rgb', contrast=1.0, depth=0, flipHoriz=False, flipVert=False, font='', fontFiles=[], height=0.05, italic=False, languageStyle='LTR', name='unnamed TextStim', opacity=1.0, ori=0.0, pos=array([-0.5, -0.1]), rgb=UNKNOWN, text='Helt klart \n SPONTAN', units='norm', win=Window(...), wrapWidth=1)
16.0793 	EXP 	Created unnamed TextStim = TextStim(__class__=<class 'psychopy.visual.text.TextStim'>, alignHoriz=method-wrapper(...), alignText='center', alignVert=method-wrapper(...), anchorHoriz='center', anchorVert='center', antialias=True, autoLog=True, bold=False, color=array([1., 1., 1.]), colorSpace='rgb', contrast=1.0, depth=0, flipHoriz=False, flipVert=False, font='', fontFiles=[], height=0.05, italic=False, languageStyle='LTR', name='unnamed TextStim', opacity=1.0, ori=0.0, pos=array([-0.16666667, -0.1       ]), rgb=UNKNOWN, text='', units='norm', win=Window(...), wrapWidth=1)
16.0803 	EXP 	Created unnamed TextStim = TextStim(__class__=<class 'psychopy.visual.text.TextStim'>, alignHoriz=method-wrapper(...), alignText='center', alignVert=method-wrapper(...), anchorHoriz='center', anchorVert='center', antialias=True, autoLog=True, bold=False, color=array([1., 1., 1.]), colorSpace='rgb', contrast=1.0, depth=0, flipHoriz=False, flipVert=False, font='', fontFiles=[], height=0.05, italic=False, languageStyle='LTR', name='unnamed TextStim', opacity=1.0, ori=0.0, pos=array([ 0.16666667, -0.1       ]), rgb=UNKNOWN, text='', units='norm', win=Window(...), wrapWidth=1)
16.0844 	EXP 	Created unnamed TextStim = TextStim(__class__=<class 'psychopy.visual.text.TextStim'>, alignHoriz=method-wrapper(...), alignText='center', alignVert=method-wrapper(...), anchorHoriz='center', anchorVert='center', antialias=True, autoLog=True, bold=False, color=array([1., 1., 1.]), colorSpace='rgb', contrast=1.0, depth=0, flipHoriz=False, flipVert=False, font='', fontFiles=[], height=0.05, italic=False, languageStyle='LTR', name='unnamed TextStim', opacity=1.0, ori=0.0, pos=array([ 0.5, -0.1]), rgb=UNKNOWN, text='Helt klart \n BEVISST', units='norm', win=Window(...), wrapWidth=1)
16.0860 	EXP 	Created unnamed ShapeStim = ShapeStim(__class__=<class 'psychopy.visual.shape.ShapeStim'>, autoDraw=False, autoLog=True, closeShape=True, color=method-wrapper(...), colorSpace='rgb', contrast=None, depth=0, fillColor=array([1, 1, 1]), fillColorSpace='rgb', fillRGB=array([1, 1, 1]), interpolate=True, lineColor=array([-1., -1., -1.]), lineColorSpace='rgb', lineRGB=array([-1, -1, -1]), lineWidth=1.5, name='unnamed ShapeStim', opacity=1.0, ori=0.0, pos=array([0., 0.]), size=array([1., 1.]), units='norm', vertices=ndarray(...), win=Window(...), windingRule=None)
16.1376 	EXP 	Sound  set volume 1.000
16.1428 	EXP 	unnamed ShapeStim: vertices = <class 'numpy.ndarray'>
16.1428 	EXP 	unnamed ShapeStim: vertices = <class 'numpy.ndarray'>
16.1428 	EXP 	unnamed ShapeStim: vertices = <class 'numpy.ndarray'>
63.8972 	DATA 	Keypress: rctrl
64.4021 	EXP 	Sound  started
64.4572 	DATA 	Keypress: lctrl
65.0171 	DATA 	Keypress: lctrl
65.1520 	EXP 	Sound  started
65.8651 	DATA 	Keypress: rctrl
65.9020 	EXP 	Sound  started
66.6331 	DATA 	Keypress: lctrl
66.6520 	EXP 	Sound  started
67.2730 	DATA 	Keypress: lctrl
67.4020 	EXP 	Sound  started
67.9611 	DATA 	Keypress: rctrl
68.1520 	EXP 	Sound  started
68.7130 	DATA 	Keypress: rctrl
68.9020 	EXP 	Sound  started
69.4650 	DATA 	Keypress: rctrl
69.6521 	EXP 	Sound  started
70.2650 	DATA 	Keypress: rctrl
70.4021 	EXP 	Sound  started
71.0010 	DATA 	Keypress: lctrl
71.1521 	EXP 	Sound  started
71.7691 	DATA 	Keypress: lctrl
71.9021 	EXP 	Sound  started
72.4570 	DATA 	Keypress: rctrl
72.6521 	EXP 	Sound  started
73.1770 	DATA 	Keypress: lctrl
73.4021 	EXP 	Sound  started
73.9611 	DATA 	Keypress: lctrl
74.1521 	EXP 	Sound  started
74.6170 	DATA 	Keypress: rctrl
74.9021 	EXP 	Sound  started
75.3210 	DATA 	Keypress: rctrl
75.6522 	EXP 	Sound  started
76.1531 	DATA 	Keypress: rctrl
76.4022 	EXP 	Sound  started
77.0010 	DATA 	Keypress: rctrl
77.1522 	EXP 	Sound  started
77.6890 	DATA 	Keypress: rctrl
77.9022 	EXP 	Sound  started
78.4090 	DATA 	Keypress: rctrl
78.6522 	EXP 	Sound  started
79.1770 	DATA 	Keypress: lctrl
79.4022 	EXP 	Sound  started
79.9130 	DATA 	Keypress: lctrl
80.1522 	EXP 	Sound  started
80.6010 	DATA 	Keypress: rctrl
80.9023 	EXP 	Sound  started
81.4491 	DATA 	Keypress: lctrl
81.6523 	EXP 	Sound  started
82.1051 	DATA 	Keypress: rctrl
82.4023 	EXP 	Sound  started
82.9850 	DATA 	Keypress: lctrl
83.1523 	EXP 	Sound  started
83.6731 	DATA 	Keypress: rctrl
83.9023 	EXP 	Sound  started
84.5210 	DATA 	Keypress: lctrl
84.6523 	EXP 	Sound  started
85.2411 	DATA 	Keypress: rctrl
85.4023 	EXP 	Sound  started
85.9930 	DATA 	Keypress: rctrl
86.1524 	EXP 	Sound  started
86.6811 	DATA 	Keypress: rctrl
86.9024 	EXP 	Sound  started
87.4970 	DATA 	Keypress: lctrl
87.6524 	EXP 	Sound  started
88.2651 	DATA 	Keypress: lctrl
88.4024 	EXP 	Sound  started
88.8891 	DATA 	Keypress: lctrl
89.1524 	EXP 	Sound  started
89.6571 	DATA 	Keypress: lctrl
89.9024 	EXP 	Sound  started
90.3931 	DATA 	Keypress: rctrl
90.6525 	EXP 	Sound  started
91.1290 	DATA 	Keypress: rctrl
91.4025 	EXP 	Sound  started
91.8810 	DATA 	Keypress: lctrl
92.1525 	EXP 	Sound  started
92.5690 	DATA 	Keypress: rctrl
92.9025 	EXP 	Sound  started
93.3850 	DATA 	Keypress: lctrl
93.6525 	EXP 	Sound  started
94.1051 	DATA 	Keypress: lctrl
94.4025 	EXP 	Sound  started
94.9210 	DATA 	Keypress: lctrl
95.1525 	EXP 	Sound  started
95.7371 	DATA 	Keypress: rctrl
95.9025 	EXP 	Sound  started
96.4570 	DATA 	Keypress: rctrl
96.6526 	EXP 	Sound  started
97.2412 	DATA 	Keypress: lctrl
97.4026 	EXP 	Sound  started
97.8970 	DATA 	Keypress: lctrl
98.1526 	EXP 	Sound  started
98.6810 	DATA 	Keypress: lctrl
98.9026 	EXP 	Sound  started
99.4010 	DATA 	Keypress: rctrl
99.6527 	EXP 	Sound  started
100.1530 	DATA 	Keypress: lctrl
100.4026 	EXP 	Sound  started
100.8890 	DATA 	Keypress: rctrl
101.1527 	EXP 	Sound  started
101.3530 	DATA 	Keypress: rctrl
101.9027 	EXP 	Sound  started
102.0572 	DATA 	Keypress: rctrl
102.6613 	EXP 	unnamed TextStim: text = ''
102.6613 	EXP 	unnamed TextStim: text = ''
104.6553 	DATA 	Keypress: 4
104.6718 	EXP 	unnamed ShapeStim: vertices = <class 'numpy.ndarray'>
106.2007 	EXP 	unnamed TextStim: text = ''
106.2007 	EXP 	unnamed TextStim: text = ''
106.5228 	DATA 	Keypress: 4
106.5391 	EXP 	unnamed ShapeStim: vertices = <class 'numpy.ndarray'>
108.0683 	EXP 	unnamed TextStim: text = ''
108.0683 	EXP 	unnamed TextStim: text = ''
111.0576 	DATA 	Keypress: 4
111.0741 	EXP 	unnamed ShapeStim: vertices = <class 'numpy.ndarray'>
113.3484 	EXP 	Sound  started
113.3493 	DATA 	Keypress: rctrl
113.8492 	DATA 	Keypress: lctrl
114.0982 	EXP 	Sound  started
114.6330 	DATA 	Keypress: rctrl
114.8482 	EXP 	Sound  started
115.3690 	DATA 	Keypress: lctrl
115.5983 	EXP 	Sound  started
116.1531 	DATA 	Keypress: rctrl
116.3483 	EXP 	Sound  started
116.9051 	DATA 	Keypress: rctrl
117.0983 	EXP 	Sound  started
117.5610 	DATA 	Keypress: rctrl
117.8483 	EXP 	Sound  started
118.4252 	DATA 	Keypress: rctrl
118.5983 	EXP 	Sound  started
119.1450 	DATA 	Keypress: lctrl
119.3483 	EXP 	Sound  started
119.9130 	DATA 	Keypress: lctrl
120.0983 	EXP 	Sound  started
120.5850 	DATA 	Keypress: rctrl
120.8483 	EXP 	Sound  started
121.3370 	DATA 	Keypress: rctrl
121.5984 	EXP 	Sound  started
122.1370 	DATA 	Keypress: lctrl
122.3484 	EXP 	Sound  started
122.9050 	DATA 	Keypress: lctrl
123.0984 	EXP 	Sound  started
123.6570 	DATA 	Keypress: rctrl
123.8484 	EXP 	Sound  started
124.3611 	DATA 	Keypress: lctrl
124.5984 	EXP 	Sound  started
125.1772 	DATA 	Keypress: rctrl
125.3484 	EXP 	Sound  started
125.9290 	DATA 	Keypress: lctrl
126.0984 	EXP 	Sound  started
126.6650 	DATA 	Keypress: rctrl
126.8485 	EXP 	Sound  started
127.3530 	DATA 	Keypress: rctrl
127.5985 	EXP 	Sound  started
128.1850 	DATA 	Keypress: rctrl
128.3485 	EXP 	Sound  started
128.8570 	DATA 	Keypress: rctrl
129.0985 	EXP 	Sound  started
129.6890 	DATA 	Keypress: rctrl
129.8485 	EXP 	Sound  started
130.4249 	DATA 	Keypress: lctrl
130.5985 	EXP 	Sound  started
131.1770 	DATA 	Keypress: rctrl
131.3485 	EXP 	Sound  started
131.9770 	DATA 	Keypress: rctrl
132.0986 	EXP 	Sound  started
132.7770 	DATA 	Keypress: lctrl
132.8486 	EXP 	Sound  started
133.4970 	DATA 	Keypress: rctrl
133.5986 	EXP 	Sound  started
134.2330 	DATA 	Keypress: rctrl
134.3486 	EXP 	Sound  started
135.0010 	DATA 	Keypress: rctrl
135.0986 	EXP 	Sound  started
135.7050 	DATA 	Keypress: lctrl
135.8486 	EXP 	Sound  started
136.4410 	DATA 	Keypress: rctrl
136.5986 	EXP 	Sound  started
137.1770 	DATA 	Keypress: rctrl
137.3486 	EXP 	Sound  started
137.9451 	DATA 	Keypress: lctrl
138.0987 	EXP 	Sound  started
138.6170 	DATA 	Keypress: lctrl
138.8487 	EXP 	Sound  started
139.3849 	DATA 	Keypress: lctrl
139.5987 	EXP 	Sound  started
140.0570 	DATA 	Keypress: lctrl
140.3487 	EXP 	Sound  started
140.8249 	DATA 	Keypress: lctrl
141.0987 	EXP 	Sound  started
141.6090 	DATA 	Keypress: lctrl
141.8487 	EXP 	Sound  started
142.3770 	DATA 	Keypress: lctrl
142.5987 	EXP 	Sound  started
143.1932 	DATA 	Keypress: rctrl
143.3488 	EXP 	Sound  started
143.9770 	DATA 	Keypress: rctrl
144.0988 	EXP 	Sound  started
144.6810 	DATA 	Keypress: lctrl
144.8488 	EXP 	Sound  started
145.3049 	DATA 	Keypress: rctrl
145.5988 	EXP 	Sound  started
146.1370 	DATA 	Keypress: lctrl
146.3488 	EXP 	Sound  started
146.8729 	DATA 	Keypress: rctrl
147.0988 	EXP 	Sound  started
147.6250 	DATA 	Keypress: lctrl
147.8488 	EXP 	Sound  started
148.4730 	DATA 	Keypress: rctrl
148.5989 	EXP 	Sound  started
149.2250 	DATA 	Keypress: rctrl
149.3489 	EXP 	Sound  started
149.9131 	DATA 	Keypress: lctrl
150.0989 	EXP 	Sound  started
150.6810 	DATA 	Keypress: lctrl
150.8489 	EXP 	Sound  started
151.4650 	DATA 	Keypress: rctrl
151.5989 	EXP 	Sound  started
152.2169 	DATA 	Keypress: lctrl
152.3489 	EXP 	Sound  started
152.9691 	DATA 	Keypress: lctrl
153.0990 	EXP 	Sound  started
153.7370 	DATA 	Keypress: lctrl
153.8490 	EXP 	Sound  started
154.4730 	DATA 	Keypress: rctrl
154.5990 	EXP 	Sound  started
155.2090 	DATA 	Keypress: rctrl
155.3490 	EXP 	Sound  started
155.9289 	DATA 	Keypress: lctrl
156.0990 	EXP 	Sound  started
156.6330 	DATA 	Keypress: lctrl
156.8490 	EXP 	Sound  started
157.4170 	DATA 	Keypress: lctrl
157.5990 	EXP 	Sound  started
158.1689 	DATA 	Keypress: lctrl
158.3491 	EXP 	Sound  started
158.8729 	DATA 	Keypress: rctrl
159.0991 	EXP 	Sound  started
159.6409 	DATA 	Keypress: lctrl
159.8491 	EXP 	Sound  started
160.4409 	DATA 	Keypress: rctrl
160.5991 	EXP 	Sound  started
161.3491 	EXP 	Sound  started
162.0410 	DATA 	Keypress: lctrl
162.0991 	EXP 	Sound  started
162.8492 	EXP 	Sound  started
162.8570 	DATA 	Keypress: rctrl
163.5769 	DATA 	Keypress: lctrl
163.5992 	EXP 	Sound  started
164.1850 	DATA 	Keypress: rctrl
164.3492 	EXP 	Sound  started
164.9209 	DATA 	Keypress: lctrl
165.0992 	EXP 	Sound  started
165.6090 	DATA 	Keypress: rctrl
165.8492 	EXP 	Sound  started
166.4089 	DATA 	Keypress: lctrl
166.5992 	EXP 	Sound  started
167.1609 	DATA 	Keypress: rctrl
167.3492 	EXP 	Sound  started
167.8971 	DATA 	Keypress: rctrl
168.0993 	EXP 	Sound  started
168.6649 	DATA 	Keypress: rctrl
168.8493 	EXP 	Sound  started
169.4810 	DATA 	Keypress: rctrl
169.5993 	EXP 	Sound  started
170.2009 	DATA 	Keypress: rctrl
170.3493 	EXP 	Sound  started
170.9529 	DATA 	Keypress: lctrl
171.0994 	EXP 	Sound  started
171.6250 	DATA 	Keypress: rctrl
171.8494 	EXP 	Sound  started
172.4409 	DATA 	Keypress: lctrl
172.5994 	EXP 	Sound  started
173.1449 	DATA 	Keypress: rctrl
173.3494 	EXP 	Sound  started
173.8970 	DATA 	Keypress: rctrl
174.0994 	EXP 	Sound  started
174.7930 	DATA 	Keypress: lctrl
174.8494 	EXP 	Sound  started
175.4650 	DATA 	Keypress: rctrl
175.5994 	EXP 	Sound  started
176.1690 	DATA 	Keypress: rctrl
176.3494 	EXP 	Sound  started
177.0490 	DATA 	Keypress: lctrl
177.0995 	EXP 	Sound  started
177.7529 	DATA 	Keypress: lctrl
177.8495 	EXP 	Sound  started
178.3929 	DATA 	Keypress: rctrl
178.5995 	EXP 	Sound  started
179.1770 	DATA 	Keypress: rctrl
179.3495 	EXP 	Sound  started
179.9610 	DATA 	Keypress: rctrl
182.1152 	DATA 	Keypress: 4
182.1318 	EXP 	unnamed ShapeStim: vertices = <class 'numpy.ndarray'>
183.9827 	DATA 	Keypress: 4
183.9992 	EXP 	unnamed ShapeStim: vertices = <class 'numpy.ndarray'>
186.0336 	DATA 	Keypress: 4
186.0500 	EXP 	unnamed ShapeStim: vertices = <class 'numpy.ndarray'>
188.3239 	EXP 	Sound  started
188.3932 	DATA 	Keypress: rctrl
189.0489 	DATA 	Keypress: rctrl
189.0738 	EXP 	Sound  started
189.7689 	DATA 	Keypress: rctrl
189.8238 	EXP 	Sound  started
190.4729 	DATA 	Keypress: rctrl
190.5738 	EXP 	Sound  started
191.2729 	DATA 	Keypress: lctrl
191.3238 	EXP 	Sound  started
191.9289 	DATA 	Keypress: rctrl
192.0738 	EXP 	Sound  started
192.6969 	DATA 	Keypress: lctrl
192.8239 	EXP 	Sound  started
193.4329 	DATA 	Keypress: lctrl
193.5739 	EXP 	Sound  started
194.1689 	DATA 	Keypress: rctrl
194.3239 	EXP 	Sound  started
194.9531 	DATA 	Keypress: lctrl
195.0739 	EXP 	Sound  started
195.6889 	DATA 	Keypress: rctrl
195.8239 	EXP 	Sound  started
196.4251 	DATA 	Keypress: lctrl
196.5739 	EXP 	Sound  started
197.1291 	DATA 	Keypress: rctrl
197.3240 	EXP 	Sound  started
197.8170 	DATA 	Keypress: lctrl
198.0740 	EXP 	Sound  started
198.5850 	DATA 	Keypress: lctrl
198.8240 	EXP 	Sound  started
199.2890 	DATA 	Keypress: rctrl
199.5740 	EXP 	Sound  started
200.0889 	DATA 	Keypress: rctrl
200.3240 	EXP 	Sound  started
200.9209 	DATA 	Keypress: lctrl
201.0740 	EXP 	Sound  started
201.6089 	DATA 	Keypress: rctrl
201.8240 	EXP 	Sound  started
202.3130 	DATA 	Keypress: rctrl
202.5741 	EXP 	Sound  started
203.0971 	DATA 	Keypress: lctrl
203.3241 	EXP 	Sound  started
203.8490 	DATA 	Keypress: lctrl
204.0741 	EXP 	Sound  started
204.6010 	DATA 	Keypress: lctrl
204.8241 	EXP 	Sound  started
205.3369 	DATA 	Keypress: rctrl
205.5741 	EXP 	Sound  started
206.0729 	DATA 	Keypress: lctrl
206.3241 	EXP 	Sound  started
206.8569 	DATA 	Keypress: rctrl
207.0741 	EXP 	Sound  started
207.5450 	DATA 	Keypress: lctrl
207.8241 	EXP 	Sound  started
208.4570 	DATA 	Keypress: rctrl
208.5742 	EXP 	Sound  started
209.2089 	DATA 	Keypress: rctrl
209.3242 	EXP 	Sound  started
209.8810 	DATA 	Keypress: rctrl
210.0742 	EXP 	Sound  started
210.6812 	DATA 	Keypress: lctrl
210.8242 	EXP 	Sound  started
211.5449 	DATA 	Keypress: rctrl
211.5742 	EXP 	Sound  started
212.2010 	DATA 	Keypress: rctrl
212.3242 	EXP 	Sound  started
212.8729 	DATA 	Keypress: rctrl
213.0742 	EXP 	Sound  started
213.5769 	DATA 	Keypress: rctrl
213.8243 	EXP 	Sound  started
214.3611 	DATA 	Keypress: rctrl
214.5743 	EXP 	Sound  started
215.0649 	DATA 	Keypress: rctrl
215.3243 	EXP 	Sound  started
215.8169 	DATA 	Keypress: rctrl
216.0743 	EXP 	Sound  started
216.5370 	DATA 	Keypress: rctrl
216.8243 	EXP 	Sound  started
217.3530 	DATA 	Keypress: rctrl
217.5743 	EXP 	Sound  started
218.0889 	DATA 	Keypress: rctrl
218.3244 	EXP 	Sound  started
218.8729 	DATA 	Keypress: lctrl
219.0744 	EXP 	Sound  started
219.5450 	DATA 	Keypress: rctrl
219.8244 	EXP 	Sound  started
220.4730 	DATA 	Keypress: lctrl
220.5744 	EXP 	Sound  started
221.1609 	DATA 	Keypress: lctrl
221.3244 	EXP 	Sound  started
221.8969 	DATA 	Keypress: lctrl
222.0744 	EXP 	Sound  started
222.6330 	DATA 	Keypress: rctrl
222.8245 	EXP 	Sound  started
223.3850 	DATA 	Keypress: lctrl
223.5745 	EXP 	Sound  started
224.1049 	DATA 	Keypress: rctrl
224.3245 	EXP 	Sound  started
224.8410 	DATA 	Keypress: lctrl
225.0745 	EXP 	Sound  started
225.6729 	DATA 	Keypress: rctrl
225.8245 	EXP 	Sound  started
226.5211 	DATA 	Keypress: lctrl
226.5745 	EXP 	Sound  started
227.3245 	EXP 	Sound  started
227.3529 	DATA 	Keypress: rctrl
228.0729 	DATA 	Keypress: lctrl
228.0745 	EXP 	Sound  started
228.7770 	DATA 	Keypress: rctrl
228.8245 	EXP 	Sound  started
229.4970 	DATA 	Keypress: rctrl
229.5745 	EXP 	Sound  started
230.1529 	DATA 	Keypress: rctrl
230.3246 	EXP 	Sound  started
230.8890 	DATA 	Keypress: lctrl
231.0746 	EXP 	Sound  started
231.6889 	DATA 	Keypress: lctrl
231.8246 	EXP 	Sound  started
232.3770 	DATA 	Keypress: rctrl
232.5746 	EXP 	Sound  started
233.1289 	DATA 	Keypress: rctrl
233.3246 	EXP 	Sound  started
233.9609 	DATA 	Keypress: rctrl
234.0746 	EXP 	Sound  started
234.6809 	DATA 	Keypress: rctrl
242.2363 	DATA 	Keypress: 4
242.2524 	EXP 	unnamed ShapeStim: vertices = <class 'numpy.ndarray'>
244.9249 	DATA 	Keypress: 4
244.9537 	EXP 	unnamed ShapeStim: vertices = <class 'numpy.ndarray'>
249.4722 	DATA 	Keypress: capslock
263.5488 	DATA 	Keypress: 4
263.5767 	EXP 	unnamed ShapeStim: vertices = <class 'numpy.ndarray'>
265.8523 	EXP 	Sound  started
265.8534 	DATA 	Keypress: rctrl
266.3770 	DATA 	Keypress: rctrl
266.6021 	EXP 	Sound  started
267.0969 	DATA 	Keypress: lctrl
267.3521 	EXP 	Sound  started
267.8649 	DATA 	Keypress: rctrl
268.1021 	EXP 	Sound  started
268.6170 	DATA 	Keypress: lctrl
268.8522 	EXP 	Sound  started
269.3689 	DATA 	Keypress: rctrl
269.6022 	EXP 	Sound  started
270.0729 	DATA 	Keypress: lctrl
270.3522 	EXP 	Sound  started
270.8889 	DATA 	Keypress: rctrl
271.1022 	EXP 	Sound  started
271.6890 	DATA 	Keypress: lctrl
271.8522 	EXP 	Sound  started
272.4889 	DATA 	Keypress: lctrl
272.6022 	EXP 	Sound  started
273.3369 	DATA 	Keypress: lctrl
273.3522 	EXP 	Sound  started
274.0089 	DATA 	Keypress: lctrl
274.1023 	EXP 	Sound  started
274.7609 	DATA 	Keypress: lctrl
274.8523 	EXP 	Sound  started
275.5609 	DATA 	Keypress: lctrl
275.6023 	EXP 	Sound  started
276.2169 	DATA 	Keypress: lctrl
276.3523 	EXP 	Sound  started
276.8089 	DATA 	Keypress: lctrl
277.1023 	EXP 	Sound  started
277.6249 	DATA 	Keypress: rctrl
277.8523 	EXP 	Sound  started
278.3929 	DATA 	Keypress: rctrl
278.6024 	EXP 	Sound  started
279.1610 	DATA 	Keypress: rctrl
279.3524 	EXP 	Sound  started
279.8969 	DATA 	Keypress: lctrl
280.1024 	EXP 	Sound  started
280.6169 	DATA 	Keypress: rctrl
280.8524 	EXP 	Sound  started
281.4171 	DATA 	Keypress: lctrl
281.6024 	EXP 	Sound  started
282.3524 	EXP 	Sound  started
282.9689 	DATA 	Keypress: lctrl
283.1024 	EXP 	Sound  started
283.6891 	DATA 	Keypress: rctrl
283.8524 	EXP 	Sound  started
284.4569 	DATA 	Keypress: lctrl
284.6025 	EXP 	Sound  started
285.1769 	DATA 	Keypress: rctrl
285.3525 	EXP 	Sound  started
285.9769 	DATA 	Keypress: rctrl
286.1025 	EXP 	Sound  started
286.6970 	DATA 	Keypress: lctrl
286.8525 	EXP 	Sound  started
287.4329 	DATA 	Keypress: lctrl
287.6025 	EXP 	Sound  started
288.1849 	DATA 	Keypress: rctrl
288.3525 	EXP 	Sound  started
288.7931 	DATA 	Keypress: rctrl
289.1025 	EXP 	Sound  started
289.7209 	DATA 	Keypress: rctrl
289.8525 	EXP 	Sound  started
290.4729 	DATA 	Keypress: lctrl
290.6026 	EXP 	Sound  started
291.2249 	DATA 	Keypress: rctrl
291.3526 	EXP 	Sound  started
291.9929 	DATA 	Keypress: lctrl
292.1026 	EXP 	Sound  started
292.6649 	DATA 	Keypress: lctrl
292.8526 	EXP 	Sound  started
293.3530 	DATA 	Keypress: rctrl
293.6026 	EXP 	Sound  started
294.1049 	DATA 	Keypress: rctrl
294.3526 	EXP 	Sound  started
294.8889 	DATA 	Keypress: rctrl
295.1026 	EXP 	Sound  started
295.6569 	DATA 	Keypress: rctrl
295.8527 	EXP 	Sound  started
296.3929 	DATA 	Keypress: lctrl
296.6027 	EXP 	Sound  started
297.1769 	DATA 	Keypress: lctrl
297.3527 	EXP 	Sound  started
297.9131 	DATA 	Keypress: lctrl
298.1027 	EXP 	Sound  started
298.6969 	DATA 	Keypress: rctrl
298.8527 	EXP 	Sound  started
299.4170 	DATA 	Keypress: lctrl
299.6027 	EXP 	Sound  started
300.1049 	DATA 	Keypress: rctrl
300.3528 	EXP 	Sound  started
300.8889 	DATA 	Keypress: lctrl
301.1028 	EXP 	Sound  started
301.6251 	DATA 	Keypress: lctrl
301.8528 	EXP 	Sound  started
302.4889 	DATA 	Keypress: lctrl
302.6028 	EXP 	Sound  started
303.2089 	DATA 	Keypress: rctrl
303.3530 	EXP 	Sound  started
303.9610 	DATA 	Keypress: rctrl
304.1030 	EXP 	Sound  started
304.6489 	DATA 	Keypress: rctrl
304.8530 	EXP 	Sound  started
305.4969 	DATA 	Keypress: rctrl
305.6031 	EXP 	Sound  started
306.2809 	DATA 	Keypress: lctrl
306.3531 	EXP 	Sound  started
306.9209 	DATA 	Keypress: rctrl
307.1031 	EXP 	Sound  started
307.7528 	DATA 	Keypress: lctrl
307.8531 	EXP 	Sound  started
308.4409 	DATA 	Keypress: rctrl
308.6031 	EXP 	Sound  started
309.2249 	DATA 	Keypress: lctrl
309.3531 	EXP 	Sound  started
309.9769 	DATA 	Keypress: rctrl
310.1031 	EXP 	Sound  started
310.6970 	DATA 	Keypress: lctrl
310.8531 	EXP 	Sound  started
311.4490 	DATA 	Keypress: rctrl
311.6032 	EXP 	Sound  started
312.2169 	DATA 	Keypress: lctrl
312.3532 	EXP 	Sound  started
312.9690 	DATA 	Keypress: lctrl
313.1032 	EXP 	Sound  started
313.7369 	DATA 	Keypress: lctrl
313.8532 	EXP 	Sound  started
314.4409 	DATA 	Keypress: rctrl
314.6032 	EXP 	Sound  started
315.1609 	DATA 	Keypress: lctrl
315.3532 	EXP 	Sound  started
315.9449 	DATA 	Keypress: rctrl
316.1032 	EXP 	Sound  started
316.6969 	DATA 	Keypress: lctrl
316.8532 	EXP 	Sound  started
317.5289 	DATA 	Keypress: rctrl
317.6033 	EXP 	Sound  started
318.2649 	DATA 	Keypress: rctrl
318.3533 	EXP 	Sound  started
318.9528 	DATA 	Keypress: rctrl
319.1033 	EXP 	Sound  started
319.6729 	DATA 	Keypress: rctrl
319.8533 	EXP 	Sound  started
320.4569 	DATA 	Keypress: rctrl
320.6033 	EXP 	Sound  started
321.2728 	DATA 	Keypress: rctrl
321.3533 	EXP 	Sound  started
322.0089 	DATA 	Keypress: rctrl
322.1033 	EXP 	Sound  started
322.8089 	DATA 	Keypress: rctrl
322.8534 	EXP 	Sound  started
323.5128 	DATA 	Keypress: rctrl
323.6034 	EXP 	Sound  started
324.2169 	DATA 	Keypress: lctrl
324.3534 	EXP 	Sound  started
324.9848 	DATA 	Keypress: rctrl
325.1034 	EXP 	Sound  started
325.8170 	DATA 	Keypress: lctrl
325.8534 	EXP 	Sound  started
326.5369 	DATA 	Keypress: lctrl
326.6034 	EXP 	Sound  started
327.2888 	DATA 	Keypress: lctrl
327.3534 	EXP 	Sound  started
327.9929 	DATA 	Keypress: rctrl
328.1035 	EXP 	Sound  started
328.7288 	DATA 	Keypress: rctrl
328.8535 	EXP 	Sound  started
329.4648 	DATA 	Keypress: lctrl
329.6035 	EXP 	Sound  started
330.2009 	DATA 	Keypress: rctrl
330.3535 	EXP 	Sound  started
330.9368 	DATA 	Keypress: rctrl
331.1035 	EXP 	Sound  started
331.7049 	DATA 	Keypress: lctrl
331.8535 	EXP 	Sound  started
332.4890 	DATA 	Keypress: rctrl
332.6035 	EXP 	Sound  started
333.3049 	DATA 	Keypress: lctrl
336.2854 	DATA 	Keypress: 4
336.3017 	EXP 	unnamed ShapeStim: vertices = <class 'numpy.ndarray'>
341.8206 	DATA 	Keypress: 4
341.8372 	EXP 	unnamed ShapeStim: vertices = <class 'numpy.ndarray'>
356.0423 	DATA 	Keypress: 3
356.0587 	EXP 	unnamed ShapeStim: vertices = <class 'numpy.ndarray'>
358.3340 	EXP 	Sound  started
358.4091 	DATA 	Keypress: rctrl
358.9688 	DATA 	Keypress: lctrl
359.0838 	EXP 	Sound  started
359.7049 	DATA 	Keypress: rctrl
359.8338 	EXP 	Sound  started
360.3608 	DATA 	Keypress: rctrl
360.5838 	EXP 	Sound  started
361.1129 	DATA 	Keypress: rctrl
361.3338 	EXP 	Sound  started
361.7849 	DATA 	Keypress: rctrl
362.0839 	EXP 	Sound  started
362.5849 	DATA 	Keypress: rctrl
362.8339 	EXP 	Sound  started
363.3689 	DATA 	Keypress: lctrl
363.5839 	EXP 	Sound  started
364.1689 	DATA 	Keypress: rctrl
364.3339 	EXP 	Sound  started
365.0009 	DATA 	Keypress: lctrl
365.0839 	EXP 	Sound  started
365.7049 	DATA 	Keypress: rctrl
365.8339 	EXP 	Sound  started
366.4249 	DATA 	Keypress: lctrl
366.5839 	EXP 	Sound  started
367.1609 	DATA 	Keypress: lctrl
367.3339 	EXP 	Sound  started
367.9609 	DATA 	Keypress: rctrl
368.0840 	EXP 	Sound  started
368.6649 	DATA 	Keypress: lctrl
368.8340 	EXP 	Sound  started
369.4649 	DATA 	Keypress: lctrl
369.5840 	EXP 	Sound  started
370.2330 	DATA 	Keypress: rctrl
370.3340 	EXP 	Sound  started
371.0840 	EXP 	Sound  started
371.2088 	DATA 	Keypress: lctrl
371.8340 	EXP 	Sound  started
371.8649 	DATA 	Keypress: lctrl
372.5209 	DATA 	Keypress: lctrl
372.5840 	EXP 	Sound  started
373.2250 	DATA 	Keypress: lctrl
373.3341 	EXP 	Sound  started
373.8328 	DATA 	Keypress: rctrl
374.0841 	EXP 	Sound  started
374.6169 	DATA 	Keypress: rctrl
374.8341 	EXP 	Sound  started
375.3848 	DATA 	Keypress: rctrl
375.5841 	EXP 	Sound  started
376.0889 	DATA 	Keypress: lctrl
376.3341 	EXP 	Sound  started
376.8409 	DATA 	Keypress: rctrl
377.0841 	EXP 	Sound  started
377.6728 	DATA 	Keypress: lctrl
377.8341 	EXP 	Sound  started
378.3128 	DATA 	Keypress: rctrl
378.5842 	EXP 	Sound  started
379.1449 	DATA 	Keypress: lctrl
379.3342 	EXP 	Sound  started
379.8489 	DATA 	Keypress: rctrl
380.0842 	EXP 	Sound  started
380.6329 	DATA 	Keypress: lctrl
380.8342 	EXP 	Sound  started
381.3529 	DATA 	Keypress: rctrl
381.5842 	EXP 	Sound  started
382.1688 	DATA 	Keypress: lctrl
382.3342 	EXP 	Sound  started
383.0009 	DATA 	Keypress: rctrl
383.0842 	EXP 	Sound  started
383.7048 	DATA 	Keypress: rctrl
383.8343 	EXP 	Sound  started
384.4568 	DATA 	Keypress: rctrl
384.5843 	EXP 	Sound  started
385.2249 	DATA 	Keypress: rctrl
385.3343 	EXP 	Sound  started
385.9609 	DATA 	Keypress: lctrl
386.0843 	EXP 	Sound  started
386.7129 	DATA 	Keypress: lctrl
386.8343 	EXP 	Sound  started
387.3368 	DATA 	Keypress: rctrl
387.5843 	EXP 	Sound  started
388.1529 	DATA 	Keypress: rctrl
388.3343 	EXP 	Sound  started
388.8888 	DATA 	Keypress: rctrl
389.0843 	EXP 	Sound  started
389.5928 	DATA 	Keypress: rctrl
389.8344 	EXP 	Sound  started
390.4249 	DATA 	Keypress: rctrl
390.5844 	EXP 	Sound  started
391.1288 	DATA 	Keypress: rctrl
391.3344 	EXP 	Sound  started
391.8968 	DATA 	Keypress: lctrl
392.0844 	EXP 	Sound  started
392.6648 	DATA 	Keypress: rctrl
392.8344 	EXP 	Sound  started
393.4648 	DATA 	Keypress: lctrl
393.5844 	EXP 	Sound  started
394.2489 	DATA 	Keypress: lctrl
394.3344 	EXP 	Sound  started
394.9848 	DATA 	Keypress: rctrl
395.0845 	EXP 	Sound  started
395.7368 	DATA 	Keypress: lctrl
395.8345 	EXP 	Sound  started
396.4728 	DATA 	Keypress: rctrl
396.5845 	EXP 	Sound  started
397.2568 	DATA 	Keypress: lctrl
397.3345 	EXP 	Sound  started
397.9768 	DATA 	Keypress: rctrl
398.0845 	EXP 	Sound  started
398.8248 	DATA 	Keypress: lctrl
398.8345 	EXP 	Sound  started
399.5288 	DATA 	Keypress: lctrl
399.5845 	EXP 	Sound  started
400.2649 	DATA 	Keypress: lctrl
400.3346 	EXP 	Sound  started
400.9848 	DATA 	Keypress: rctrl
401.0846 	EXP 	Sound  started
401.7849 	DATA 	Keypress: lctrl
401.8346 	EXP 	Sound  started
402.4889 	DATA 	Keypress: rctrl
402.5846 	EXP 	Sound  started
403.3209 	DATA 	Keypress: lctrl
403.3346 	EXP 	Sound  started
404.0088 	DATA 	Keypress: rctrl
404.0846 	EXP 	Sound  started
404.7768 	DATA 	Keypress: lctrl
404.8347 	EXP 	Sound  started
405.4968 	DATA 	Keypress: rctrl
405.5847 	EXP 	Sound  started
406.1849 	DATA 	Keypress: rctrl
406.3347 	EXP 	Sound  started
406.9689 	DATA 	Keypress: lctrl
407.0847 	EXP 	Sound  started
407.6728 	DATA 	Keypress: rctrl
407.8347 	EXP 	Sound  started
408.5208 	DATA 	Keypress: lctrl
408.5847 	EXP 	Sound  started
409.2088 	DATA 	Keypress: rctrl
409.3347 	EXP 	Sound  started
409.9609 	DATA 	Keypress: lctrl
410.0848 	EXP 	Sound  started
410.6489 	DATA 	Keypress: rctrl
410.8348 	EXP 	Sound  started
411.5289 	DATA 	Keypress: lctrl
420.5754 	DATA 	Keypress: 2
420.5974 	EXP 	unnamed ShapeStim: vertices = <class 'numpy.ndarray'>
425.5996 	DATA 	Keypress: 4
425.6160 	EXP 	unnamed ShapeStim: vertices = <class 'numpy.ndarray'>
429.5677 	DATA 	Keypress: 4
429.5842 	EXP 	unnamed ShapeStim: vertices = <class 'numpy.ndarray'>
431.8587 	EXP 	Sound  started
431.8596 	DATA 	Keypress: lctrl
432.4089 	DATA 	Keypress: lctrl
432.6086 	EXP 	Sound  started
433.1288 	DATA 	Keypress: rctrl
433.3586 	EXP 	Sound  started
433.7848 	DATA 	Keypress: lctrl
434.1086 	EXP 	Sound  started
434.5688 	DATA 	Keypress: lctrl
434.8586 	EXP 	Sound  started
435.2728 	DATA 	Keypress: lctrl
435.6086 	EXP 	Sound  started
436.0248 	DATA 	Keypress: rctrl
436.3587 	EXP 	Sound  started
436.9368 	DATA 	Keypress: lctrl
437.1087 	EXP 	Sound  started
437.6568 	DATA 	Keypress: rctrl
437.8587 	EXP 	Sound  started
438.4408 	DATA 	Keypress: rctrl
438.6087 	EXP 	Sound  started
439.2408 	DATA 	Keypress: rctrl
439.3587 	EXP 	Sound  started
440.1087 	EXP 	Sound  started
440.1208 	DATA 	Keypress: rctrl
440.8587 	EXP 	Sound  started
440.8728 	DATA 	Keypress: rctrl
441.4648 	DATA 	Keypress: rctrl
441.6088 	EXP 	Sound  started
442.1688 	DATA 	Keypress: lctrl
442.3588 	EXP 	Sound  started
442.9529 	DATA 	Keypress: rctrl
443.1088 	EXP 	Sound  started
443.6728 	DATA 	Keypress: lctrl
443.8588 	EXP 	Sound  started
444.6088 	EXP 	Sound  started
444.6648 	DATA 	Keypress: rctrl
445.2568 	DATA 	Keypress: lctrl
445.3588 	EXP 	Sound  started
445.8969 	DATA 	Keypress: rctrl
446.1089 	EXP 	Sound  started
446.6648 	DATA 	Keypress: lctrl
446.8589 	EXP 	Sound  started
447.4009 	DATA 	Keypress: rctrl
447.6089 	EXP 	Sound  started
448.1210 	DATA 	Keypress: rctrl
448.3589 	EXP 	Sound  started
448.9049 	DATA 	Keypress: lctrl
449.1089 	EXP 	Sound  started
449.5768 	DATA 	Keypress: rctrl
449.8589 	EXP 	Sound  started
450.3448 	DATA 	Keypress: rctrl
450.6089 	EXP 	Sound  started
451.0488 	DATA 	Keypress: lctrl
451.3590 	EXP 	Sound  started
451.8489 	DATA 	Keypress: rctrl
452.1090 	EXP 	Sound  started
452.6328 	DATA 	Keypress: lctrl
452.8590 	EXP 	Sound  started
453.3528 	DATA 	Keypress: lctrl
453.6090 	EXP 	Sound  started
454.1209 	DATA 	Keypress: rctrl
454.3590 	EXP 	Sound  started
454.9049 	DATA 	Keypress: lctrl
455.1090 	EXP 	Sound  started
455.6248 	DATA 	Keypress: rctrl
455.8590 	EXP 	Sound  started
456.4088 	DATA 	Keypress: lctrl
456.6090 	EXP 	Sound  started
457.1448 	DATA 	Keypress: rctrl
457.3591 	EXP 	Sound  started
457.8969 	DATA 	Keypress: lctrl
458.1091 	EXP 	Sound  started
458.6328 	DATA 	Keypress: lctrl
458.8591 	EXP 	Sound  started
459.4008 	DATA 	Keypress: lctrl
459.6091 	EXP 	Sound  started
460.1370 	DATA 	Keypress: lctrl
460.3591 	EXP 	Sound  started
460.9848 	DATA 	Keypress: lctrl
461.1091 	EXP 	Sound  started
461.7689 	DATA 	Keypress: lctrl
461.8591 	EXP 	Sound  started
462.5208 	DATA 	Keypress: lctrl
462.6091 	EXP 	Sound  started
463.3049 	DATA 	Keypress: lctrl
463.3592 	EXP 	Sound  started
464.0408 	DATA 	Keypress: lctrl
464.1092 	EXP 	Sound  started
464.7128 	DATA 	Keypress: lctrl
464.8592 	EXP 	Sound  started
465.6092 	EXP 	Sound  started
465.6248 	DATA 	Keypress: lctrl
466.2648 	DATA 	Keypress: lctrl
466.3592 	EXP 	Sound  started
466.9688 	DATA 	Keypress: rctrl
467.1092 	EXP 	Sound  started
467.7049 	DATA 	Keypress: lctrl
467.8592 	EXP 	Sound  started
468.4247 	DATA 	Keypress: rctrl
468.6093 	EXP 	Sound  started
469.2088 	DATA 	Keypress: lctrl
469.3593 	EXP 	Sound  started
469.9608 	DATA 	Keypress: rctrl
470.1093 	EXP 	Sound  started
470.7768 	DATA 	Keypress: rctrl
470.8593 	EXP 	Sound  started
471.4327 	DATA 	Keypress: rctrl
471.6093 	EXP 	Sound  started
472.1848 	DATA 	Keypress: lctrl
472.3593 	EXP 	Sound  started
472.9848 	DATA 	Keypress: rctrl
473.1093 	EXP 	Sound  started
473.6248 	DATA 	Keypress: lctrl
473.8594 	EXP 	Sound  started
474.4088 	DATA 	Keypress: rctrl
474.6094 	EXP 	Sound  started
475.2087 	DATA 	Keypress: lctrl
475.3594 	EXP 	Sound  started
475.9929 	DATA 	Keypress: rctrl
476.1094 	EXP 	Sound  started
476.7608 	DATA 	Keypress: lctrl
476.8594 	EXP 	Sound  started
477.5287 	DATA 	Keypress: lctrl
477.6094 	EXP 	Sound  started
478.2647 	DATA 	Keypress: lctrl
478.3594 	EXP 	Sound  started
478.9688 	DATA 	Keypress: rctrl
479.1094 	EXP 	Sound  started
479.7048 	DATA 	Keypress: lctrl
479.8595 	EXP 	Sound  started
480.4248 	DATA 	Keypress: rctrl
480.6095 	EXP 	Sound  started
481.2248 	DATA 	Keypress: lctrl
481.3595 	EXP 	Sound  started
482.1095 	EXP 	Sound  started
482.2488 	DATA 	Keypress: rctrl
482.7607 	DATA 	Keypress: rctrl
482.8595 	EXP 	Sound  started
483.6089 	DATA 	Keypress: rctrl
483.6095 	EXP 	Sound  started
484.2329 	DATA 	Keypress: rctrl
484.3596 	EXP 	Sound  started
484.8888 	DATA 	Keypress: lctrl
485.1096 	EXP 	Sound  started
485.6728 	DATA 	Keypress: lctrl
485.8596 	EXP 	Sound  started
486.3128 	DATA 	Keypress: rctrl
486.6096 	EXP 	Sound  started
487.1128 	DATA 	Keypress: lctrl
487.3596 	EXP 	Sound  started
487.8807 	DATA 	Keypress: lctrl
488.1096 	EXP 	Sound  started
488.6967 	DATA 	Keypress: rctrl
488.8596 	EXP 	Sound  started
489.4488 	DATA 	Keypress: rctrl
489.6096 	EXP 	Sound  started
490.2488 	DATA 	Keypress: rctrl
490.3596 	EXP 	Sound  started
491.0328 	DATA 	Keypress: rctrl
491.1097 	EXP 	Sound  started
491.7527 	DATA 	Keypress: lctrl
491.8597 	EXP 	Sound  started
492.4568 	DATA 	Keypress: lctrl
492.6097 	EXP 	Sound  started
493.2408 	DATA 	Keypress: rctrl
493.3597 	EXP 	Sound  started
493.9289 	DATA 	Keypress: rctrl
494.1097 	EXP 	Sound  started
494.6968 	DATA 	Keypress: rctrl
494.8597 	EXP 	Sound  started
495.4648 	DATA 	Keypress: lctrl
495.6098 	EXP 	Sound  started
496.2328 	DATA 	Keypress: rctrl
496.3598 	EXP 	Sound  started
496.9207 	DATA 	Keypress: rctrl
497.1098 	EXP 	Sound  started
497.6888 	DATA 	Keypress: lctrl
497.8598 	EXP 	Sound  started
498.4408 	DATA 	Keypress: lctrl
498.6098 	EXP 	Sound  started
499.2088 	DATA 	Keypress: rctrl
499.3598 	EXP 	Sound  started
499.9448 	DATA 	Keypress: rctrl
503.1031 	DATA 	Keypress: 3
503.1259 	EXP 	unnamed ShapeStim: vertices = <class 'numpy.ndarray'>
512.3962 	DATA 	Keypress: 3
512.4128 	EXP 	unnamed ShapeStim: vertices = <class 'numpy.ndarray'>
515.6475 	DATA 	Keypress: 3
515.6640 	EXP 	unnamed ShapeStim: vertices = <class 'numpy.ndarray'>
517.9380 	EXP 	Sound  started
518.1530 	DATA 	Keypress: rctrl
518.5847 	DATA 	Keypress: lctrl
518.6878 	EXP 	Sound  started
519.2089 	DATA 	Keypress: rctrl
519.4378 	EXP 	Sound  started
520.0248 	DATA 	Keypress: lctrl
520.1878 	EXP 	Sound  started
520.6807 	DATA 	Keypress: rctrl
520.9378 	EXP 	Sound  started
521.3367 	DATA 	Keypress: rctrl
521.6879 	EXP 	Sound  started
522.2328 	DATA 	Keypress: lctrl
522.4379 	EXP 	Sound  started
523.0007 	DATA 	Keypress: lctrl
523.1879 	EXP 	Sound  started
523.7688 	DATA 	Keypress: rctrl
523.9379 	EXP 	Sound  started
524.4887 	DATA 	Keypress: lctrl
524.6879 	EXP 	Sound  started
525.3047 	DATA 	Keypress: rctrl
525.4379 	EXP 	Sound  started
526.0408 	DATA 	Keypress: rctrl
526.1879 	EXP 	Sound  started
526.7608 	DATA 	Keypress: rctrl
526.9379 	EXP 	Sound  started
527.4808 	DATA 	Keypress: lctrl
527.6879 	EXP 	Sound  started
528.1368 	DATA 	Keypress: rctrl
528.4380 	EXP 	Sound  started
528.9687 	DATA 	Keypress: rctrl
529.1880 	EXP 	Sound  started
529.7048 	DATA 	Keypress: lctrl
529.9380 	EXP 	Sound  started
530.3928 	DATA 	Keypress: lctrl
530.6880 	EXP 	Sound  started
531.0328 	DATA 	Keypress: rctrl
531.4380 	EXP 	Sound  started
532.0568 	DATA 	Keypress: rctrl
532.1880 	EXP 	Sound  started
532.8409 	DATA 	Keypress: lctrl
532.9380 	EXP 	Sound  started
533.5608 	DATA 	Keypress: lctrl
533.6881 	EXP 	Sound  started
534.3448 	DATA 	Keypress: lctrl
534.4381 	EXP 	Sound  started
535.0807 	DATA 	Keypress: lctrl
535.1881 	EXP 	Sound  started
535.8167 	DATA 	Keypress: lctrl
535.9381 	EXP 	Sound  started
536.5367 	DATA 	Keypress: lctrl
536.6881 	EXP 	Sound  started
537.2569 	DATA 	Keypress: lctrl
537.4381 	EXP 	Sound  started
538.0567 	DATA 	Keypress: lctrl
538.1881 	EXP 	Sound  started
538.7288 	DATA 	Keypress: rctrl
538.9381 	EXP 	Sound  started
539.5768 	DATA 	Keypress: rctrl
539.6882 	EXP 	Sound  started
540.2807 	DATA 	Keypress: lctrl
540.4382 	EXP 	Sound  started
541.0168 	DATA 	Keypress: lctrl
541.1882 	EXP 	Sound  started
541.7368 	DATA 	Keypress: rctrl
541.9382 	EXP 	Sound  started
542.5208 	DATA 	Keypress: rctrl
542.6882 	EXP 	Sound  started
543.3208 	DATA 	Keypress: lctrl
543.4382 	EXP 	Sound  started
544.0408 	DATA 	Keypress: rctrl
544.1883 	EXP 	Sound  started
544.8408 	DATA 	Keypress: lctrl
544.9383 	EXP 	Sound  started
545.5128 	DATA 	Keypress: rctrl
545.6883 	EXP 	Sound  started
546.3128 	DATA 	Keypress: lctrl
546.4383 	EXP 	Sound  started
547.0487 	DATA 	Keypress: rctrl
547.1883 	EXP 	Sound  started
547.7688 	DATA 	Keypress: lctrl
547.9383 	EXP 	Sound  started
548.5369 	DATA 	Keypress: rctrl
548.6883 	EXP 	Sound  started
549.3367 	DATA 	Keypress: rctrl
549.4384 	EXP 	Sound  started
550.0569 	DATA 	Keypress: rctrl
550.1884 	EXP 	Sound  started
550.7127 	DATA 	Keypress: lctrl
550.9384 	EXP 	Sound  started
551.4968 	DATA 	Keypress: rctrl
551.6884 	EXP 	Sound  started
552.3927 	DATA 	Keypress: rctrl
552.4384 	EXP 	Sound  started
553.0968 	DATA 	Keypress: rctrl
553.1884 	EXP 	Sound  started
553.7689 	DATA 	Keypress: rctrl
553.9384 	EXP 	Sound  started
554.5207 	DATA 	Keypress: lctrl
554.6884 	EXP 	Sound  started
555.3207 	DATA 	Keypress: lctrl
555.4385 	EXP 	Sound  started
556.0407 	DATA 	Keypress: rctrl
556.1885 	EXP 	Sound  started
556.7928 	DATA 	Keypress: rctrl
556.9385 	EXP 	Sound  started
557.5607 	DATA 	Keypress: lctrl
559.9958 	DATA 	Keypress: 2
560.0123 	EXP 	unnamed ShapeStim: vertices = <class 'numpy.ndarray'>
567.8032 	DATA 	Keypress: 4
567.8318 	EXP 	unnamed ShapeStim: vertices = <class 'numpy.ndarray'>
570.5049 	DATA 	Keypress: 2
570.5329 	EXP 	unnamed ShapeStim: vertices = <class 'numpy.ndarray'>
572.8076 	EXP 	Sound  started
572.8085 	DATA 	Keypress: rctrl
573.4327 	DATA 	Keypress: lctrl
573.5575 	EXP 	Sound  started
574.1368 	DATA 	Keypress: rctrl
574.3075 	EXP 	Sound  started
574.8727 	DATA 	Keypress: rctrl
575.0575 	EXP 	Sound  started
575.6247 	DATA 	Keypress: rctrl
575.8075 	EXP 	Sound  started
576.3927 	DATA 	Keypress: lctrl
576.5575 	EXP 	Sound  started
577.1608 	DATA 	Keypress: lctrl
577.3076 	EXP 	Sound  started
577.8328 	DATA 	Keypress: rctrl
578.0576 	EXP 	Sound  started
578.5527 	DATA 	Keypress: lctrl
578.8076 	EXP 	Sound  started
579.3369 	DATA 	Keypress: rctrl
579.5576 	EXP 	Sound  started
580.0887 	DATA 	Keypress: rctrl
580.3076 	EXP 	Sound  started
580.8887 	DATA 	Keypress: lctrl
581.0576 	EXP 	Sound  started
581.6407 	DATA 	Keypress: rctrl
581.8076 	EXP 	Sound  started
582.3288 	DATA 	Keypress: rctrl
582.5576 	EXP 	Sound  started
583.1448 	DATA 	Keypress: lctrl
583.3077 	EXP 	Sound  started
583.9128 	DATA 	Keypress: lctrl
584.0577 	EXP 	Sound  started
584.6488 	DATA 	Keypress: rctrl
584.8077 	EXP 	Sound  started
585.4328 	DATA 	Keypress: rctrl
585.5577 	EXP 	Sound  started
586.1367 	DATA 	Keypress: rctrl
586.3077 	EXP 	Sound  started
586.8727 	DATA 	Keypress: rctrl
587.0577 	EXP 	Sound  started
587.6407 	DATA 	Keypress: rctrl
587.8077 	EXP 	Sound  started
588.4567 	DATA 	Keypress: rctrl
588.5577 	EXP 	Sound  started
589.1447 	DATA 	Keypress: rctrl
589.3078 	EXP 	Sound  started
589.9608 	DATA 	Keypress: rctrl
590.0578 	EXP 	Sound  started
590.6807 	DATA 	Keypress: lctrl
590.8078 	EXP 	Sound  started
591.3847 	DATA 	Keypress: rctrl
591.5578 	EXP 	Sound  started
592.1847 	DATA 	Keypress: lctrl
592.3078 	EXP 	Sound  started
592.8887 	DATA 	Keypress: rctrl
593.0578 	EXP 	Sound  started
593.6568 	DATA 	Keypress: rctrl
593.8079 	EXP 	Sound  started
594.5579 	EXP 	Sound  started
595.1607 	DATA 	Keypress: rctrl
595.3079 	EXP 	Sound  started
595.9287 	DATA 	Keypress: lctrl
596.0579 	EXP 	Sound  started
596.6808 	DATA 	Keypress: lctrl
596.8079 	EXP 	Sound  started
597.4808 	DATA 	Keypress: lctrl
597.5579 	EXP 	Sound  started
598.2168 	DATA 	Keypress: lctrl
598.3079 	EXP 	Sound  started
598.9367 	DATA 	Keypress: rctrl
599.0579 	EXP 	Sound  started
599.6729 	DATA 	Keypress: lctrl
599.8080 	EXP 	Sound  started
600.3928 	DATA 	Keypress: rctrl
600.5580 	EXP 	Sound  started
601.0967 	DATA 	Keypress: lctrl
601.3080 	EXP 	Sound  started
601.8647 	DATA 	Keypress: lctrl
602.0580 	EXP 	Sound  started
602.6007 	DATA 	Keypress: lctrl
602.8080 	EXP 	Sound  started
603.3527 	DATA 	Keypress: lctrl
603.5580 	EXP 	Sound  started
604.1368 	DATA 	Keypress: lctrl
604.3081 	EXP 	Sound  started
604.8887 	DATA 	Keypress: rctrl
605.0581 	EXP 	Sound  started
605.6407 	DATA 	Keypress: lctrl
605.8081 	EXP 	Sound  started
606.3607 	DATA 	Keypress: rctrl
606.5581 	EXP 	Sound  started
607.1927 	DATA 	Keypress: lctrl
607.3081 	EXP 	Sound  started
607.9927 	DATA 	Keypress: lctrl
608.0581 	EXP 	Sound  started
608.6807 	DATA 	Keypress: lctrl
608.8081 	EXP 	Sound  started
609.4167 	DATA 	Keypress: rctrl
609.5581 	EXP 	Sound  started
610.2008 	DATA 	Keypress: rctrl
610.3081 	EXP 	Sound  started
611.0582 	EXP 	Sound  started
611.0807 	DATA 	Keypress: lctrl
611.7687 	DATA 	Keypress: rctrl
611.8082 	EXP 	Sound  started
612.5367 	DATA 	Keypress: lctrl
612.5582 	EXP 	Sound  started
613.3082 	EXP 	Sound  started
613.3208 	DATA 	Keypress: rctrl
613.9927 	DATA 	Keypress: lctrl
614.0582 	EXP 	Sound  started
614.7448 	DATA 	Keypress: rctrl
614.8082 	EXP 	Sound  started
615.4808 	DATA 	Keypress: rctrl
615.5582 	EXP 	Sound  started
616.1527 	DATA 	Keypress: rctrl
616.3083 	EXP 	Sound  started
616.9208 	DATA 	Keypress: rctrl
617.0583 	EXP 	Sound  started
617.6407 	DATA 	Keypress: rctrl
617.8083 	EXP 	Sound  started
618.4248 	DATA 	Keypress: rctrl
618.5583 	EXP 	Sound  started
619.1447 	DATA 	Keypress: lctrl
619.3083 	EXP 	Sound  started
619.8327 	DATA 	Keypress: rctrl
620.0583 	EXP 	Sound  started
620.6327 	DATA 	Keypress: lctrl
620.8083 	EXP 	Sound  started
621.3207 	DATA 	Keypress: lctrl
621.5584 	EXP 	Sound  started
622.1367 	DATA 	Keypress: lctrl
622.3084 	EXP 	Sound  started
622.9367 	DATA 	Keypress: lctrl
623.0584 	EXP 	Sound  started
623.6887 	DATA 	Keypress: lctrl
623.8084 	EXP 	Sound  started
624.3767 	DATA 	Keypress: rctrl
624.5584 	EXP 	Sound  started
625.1448 	DATA 	Keypress: lctrl
625.3084 	EXP 	Sound  started
625.8648 	DATA 	Keypress: rctrl
626.0584 	EXP 	Sound  started
626.6647 	DATA 	Keypress: lctrl
626.8084 	EXP 	Sound  started
627.3847 	DATA 	Keypress: rctrl
627.5585 	EXP 	Sound  started
628.1527 	DATA 	Keypress: lctrl
628.3085 	EXP 	Sound  started
628.8567 	DATA 	Keypress: lctrl
629.0585 	EXP 	Sound  started
629.5287 	DATA 	Keypress: rctrl
629.8085 	EXP 	Sound  started
630.2647 	DATA 	Keypress: lctrl
630.5585 	EXP 	Sound  started
630.9687 	DATA 	Keypress: lctrl
631.3085 	EXP 	Sound  started
631.8647 	DATA 	Keypress: lctrl
632.0586 	EXP 	Sound  started
632.5687 	DATA 	Keypress: rctrl
634.6220 	DATA 	Keypress: 4
634.6382 	EXP 	unnamed ShapeStim: vertices = <class 'numpy.ndarray'>
637.9448 	DATA 	Keypress: 4
637.9729 	EXP 	unnamed ShapeStim: vertices = <class 'numpy.ndarray'>
641.7577 	DATA 	Keypress: 3
641.7743 	EXP 	unnamed ShapeStim: vertices = <class 'numpy.ndarray'>
644.0487 	EXP 	Sound  started
644.0496 	DATA 	Keypress: rctrl
644.6169 	DATA 	Keypress: lctrl
644.7986 	EXP 	Sound  started
645.4167 	DATA 	Keypress: rctrl
645.5486 	EXP 	Sound  started
646.1367 	DATA 	Keypress: lctrl
646.2986 	EXP 	Sound  started
646.8567 	DATA 	Keypress: lctrl
647.0486 	EXP 	Sound  started
647.6088 	DATA 	Keypress: lctrl
647.7986 	EXP 	Sound  started
648.3287 	DATA 	Keypress: rctrl
648.5486 	EXP 	Sound  started
649.1447 	DATA 	Keypress: lctrl
649.2986 	EXP 	Sound  started
649.8327 	DATA 	Keypress: rctrl
650.0487 	EXP 	Sound  started
650.5528 	DATA 	Keypress: rctrl
650.7987 	EXP 	Sound  started
651.3368 	DATA 	Keypress: lctrl
651.5487 	EXP 	Sound  started
652.0727 	DATA 	Keypress: rctrl
652.2987 	EXP 	Sound  started
652.7766 	DATA 	Keypress: rctrl
653.0487 	EXP 	Sound  started
653.5767 	DATA 	Keypress: rctrl
653.7987 	EXP 	Sound  started
654.3927 	DATA 	Keypress: rctrl
654.5487 	EXP 	Sound  started
655.0967 	DATA 	Keypress: rctrl
655.2988 	EXP 	Sound  started
655.8487 	DATA 	Keypress: lctrl
656.0488 	EXP 	Sound  started
656.5527 	DATA 	Keypress: rctrl
656.7988 	EXP 	Sound  started
657.3688 	DATA 	Keypress: lctrl
657.5488 	EXP 	Sound  started
658.1687 	DATA 	Keypress: lctrl
658.2988 	EXP 	Sound  started
658.8727 	DATA 	Keypress: rctrl
659.0488 	EXP 	Sound  started
659.6567 	DATA 	Keypress: lctrl
659.7988 	EXP 	Sound  started
660.4247 	DATA 	Keypress: rctrl
660.5488 	EXP 	Sound  started
661.1927 	DATA 	Keypress: lctrl
661.2989 	EXP 	Sound  started
661.8807 	DATA 	Keypress: rctrl
662.0489 	EXP 	Sound  started
662.6647 	DATA 	Keypress: rctrl
662.7989 	EXP 	Sound  started
663.4327 	DATA 	Keypress: rctrl
663.5489 	EXP 	Sound  started
664.1367 	DATA 	Keypress: lctrl
664.2989 	EXP 	Sound  started
664.8087 	DATA 	Keypress: rctrl
665.0489 	EXP 	Sound  started
665.6087 	DATA 	Keypress: lctrl
665.7989 	EXP 	Sound  started
666.2167 	DATA 	Keypress: rctrl
666.5490 	EXP 	Sound  started
667.2990 	EXP 	Sound  started
667.8487 	DATA 	Keypress: rctrl
668.0490 	EXP 	Sound  started
668.5848 	DATA 	Keypress: lctrl
668.7990 	EXP 	Sound  started
669.3046 	DATA 	Keypress: rctrl
669.5490 	EXP 	Sound  started
670.1207 	DATA 	Keypress: rctrl
670.2990 	EXP 	Sound  started
670.8087 	DATA 	Keypress: lctrl
671.0490 	EXP 	Sound  started
671.6406 	DATA 	Keypress: lctrl
671.7990 	EXP 	Sound  started
672.2968 	DATA 	Keypress: rctrl
672.5491 	EXP 	Sound  started
673.1127 	DATA 	Keypress: lctrl
673.2991 	EXP 	Sound  started
673.8487 	DATA 	Keypress: rctrl
674.0491 	EXP 	Sound  started
674.6487 	DATA 	Keypress: lctrl
674.7991 	EXP 	Sound  started
675.5491 	EXP 	Sound  started
676.1207 	DATA 	Keypress: lctrl
676.2991 	EXP 	Sound  started
676.8887 	DATA 	Keypress: lctrl
677.0492 	EXP 	Sound  started
677.6247 	DATA 	Keypress: lctrl
677.7992 	EXP 	Sound  started
678.4087 	DATA 	Keypress: lctrl
678.5492 	EXP 	Sound  started
679.2087 	DATA 	Keypress: lctrl
679.2992 	EXP 	Sound  started
679.9446 	DATA 	Keypress: lctrl
680.0492 	EXP 	Sound  started
680.6806 	DATA 	Keypress: lctrl
680.7992 	EXP 	Sound  started
681.4807 	DATA 	Keypress: lctrl
681.5492 	EXP 	Sound  started
682.2326 	DATA 	Keypress: lctrl
682.2992 	EXP 	Sound  started
682.9206 	DATA 	Keypress: rctrl
686.4733 	DATA 	Keypress: 3
686.4895 	EXP 	unnamed ShapeStim: vertices = <class 'numpy.ndarray'>
688.7072 	DATA 	Keypress: 3
688.7237 	EXP 	unnamed ShapeStim: vertices = <class 'numpy.ndarray'>
691.7250 	DATA 	Keypress: 3
691.7416 	EXP 	unnamed ShapeStim: vertices = <class 'numpy.ndarray'>
694.0155 	EXP 	Sound  started
694.0163 	DATA 	Keypress: rctrl
694.5528 	DATA 	Keypress: rctrl
694.7653 	EXP 	Sound  started
695.2887 	DATA 	Keypress: rctrl
695.5154 	EXP 	Sound  started
696.0567 	DATA 	Keypress: rctrl
696.2654 	EXP 	Sound  started
696.8566 	DATA 	Keypress: rctrl
697.0154 	EXP 	Sound  started
697.5126 	DATA 	Keypress: lctrl
697.7654 	EXP 	Sound  started
698.2647 	DATA 	Keypress: rctrl
698.5154 	EXP 	Sound  started
699.0007 	DATA 	Keypress: rctrl
699.2654 	EXP 	Sound  started
699.7366 	DATA 	Keypress: lctrl
700.0154 	EXP 	Sound  started
700.5847 	DATA 	Keypress: rctrl
700.7654 	EXP 	Sound  started
701.3367 	DATA 	Keypress: lctrl
701.5155 	EXP 	Sound  started
702.0566 	DATA 	Keypress: lctrl
702.2655 	EXP 	Sound  started
702.7607 	DATA 	Keypress: lctrl
703.0155 	EXP 	Sound  started
703.4807 	DATA 	Keypress: rctrl
703.7655 	EXP 	Sound  started
704.2327 	DATA 	Keypress: lctrl
704.5155 	EXP 	Sound  started
705.0007 	DATA 	Keypress: rctrl
705.2655 	EXP 	Sound  started
705.7688 	DATA 	Keypress: lctrl
706.0155 	EXP 	Sound  started
706.5528 	DATA 	Keypress: lctrl
706.7656 	EXP 	Sound  started
707.2248 	DATA 	Keypress: rctrl
707.5156 	EXP 	Sound  started
707.9286 	DATA 	Keypress: lctrl
708.2656 	EXP 	Sound  started
708.6966 	DATA 	Keypress: lctrl
709.0156 	EXP 	Sound  started
709.3847 	DATA 	Keypress: rctrl
709.7656 	EXP 	Sound  started
710.1366 	DATA 	Keypress: lctrl
710.5156 	EXP 	Sound  started
711.0327 	DATA 	Keypress: rctrl
711.2656 	EXP 	Sound  started
711.9126 	DATA 	Keypress: lctrl
712.0157 	EXP 	Sound  started
712.5687 	DATA 	Keypress: rctrl
712.7657 	EXP 	Sound  started
713.2727 	DATA 	Keypress: rctrl
713.5157 	EXP 	Sound  started
714.0246 	DATA 	Keypress: rctrl
714.2657 	EXP 	Sound  started
714.7446 	DATA 	Keypress: lctrl
715.0157 	EXP 	Sound  started
715.5287 	DATA 	Keypress: rctrl
715.7657 	EXP 	Sound  started
716.3446 	DATA 	Keypress: lctrl
716.5157 	EXP 	Sound  started
717.0807 	DATA 	Keypress: rctrl
717.2658 	EXP 	Sound  started
717.8487 	DATA 	Keypress: lctrl
718.0158 	EXP 	Sound  started
718.5528 	DATA 	Keypress: lctrl
718.7658 	EXP 	Sound  started
719.3206 	DATA 	Keypress: lctrl
719.5158 	EXP 	Sound  started
720.0726 	DATA 	Keypress: lctrl
720.2658 	EXP 	Sound  started
720.7767 	DATA 	Keypress: rctrl
721.0158 	EXP 	Sound  started
721.5607 	DATA 	Keypress: lctrl
721.7658 	EXP 	Sound  started
722.2166 	DATA 	Keypress: rctrl
722.5159 	EXP 	Sound  started
723.0807 	DATA 	Keypress: lctrl
723.2659 	EXP 	Sound  started
723.8807 	DATA 	Keypress: rctrl
724.0159 	EXP 	Sound  started
724.6967 	DATA 	Keypress: lctrl
724.7659 	EXP 	Sound  started
725.3527 	DATA 	Keypress: rctrl
725.5159 	EXP 	Sound  started
726.1207 	DATA 	Keypress: lctrl
726.2659 	EXP 	Sound  started
726.8567 	DATA 	Keypress: lctrl
727.0159 	EXP 	Sound  started
727.5448 	DATA 	Keypress: lctrl
727.7659 	EXP 	Sound  started
728.2006 	DATA 	Keypress: lctrl
728.5160 	EXP 	Sound  started
729.0647 	DATA 	Keypress: rctrl
729.2660 	EXP 	Sound  started
729.8487 	DATA 	Keypress: rctrl
730.0160 	EXP 	Sound  started
730.5687 	DATA 	Keypress: lctrl
730.7660 	EXP 	Sound  started
731.3527 	DATA 	Keypress: rctrl
731.5160 	EXP 	Sound  started
732.0886 	DATA 	Keypress: lctrl
732.2660 	EXP 	Sound  started
732.8246 	DATA 	Keypress: lctrl
733.0160 	EXP 	Sound  started
733.6406 	DATA 	Keypress: lctrl
733.7661 	EXP 	Sound  started
734.4406 	DATA 	Keypress: rctrl
734.5161 	EXP 	Sound  started
735.1127 	DATA 	Keypress: lctrl
735.2661 	EXP 	Sound  started
735.8966 	DATA 	Keypress: rctrl
736.0161 	EXP 	Sound  started
736.6326 	DATA 	Keypress: rctrl
736.7661 	EXP 	Sound  started
737.3846 	DATA 	Keypress: lctrl
737.5161 	EXP 	Sound  started
738.1527 	DATA 	Keypress: rctrl
738.2661 	EXP 	Sound  started
738.8727 	DATA 	Keypress: rctrl
739.0162 	EXP 	Sound  started
739.5926 	DATA 	Keypress: lctrl
739.7662 	EXP 	Sound  started
740.2806 	DATA 	Keypress: rctrl
740.5162 	EXP 	Sound  started
740.9687 	DATA 	Keypress: rctrl
741.2662 	EXP 	Sound  started
741.8167 	DATA 	Keypress: lctrl
742.0162 	EXP 	Sound  started
742.5527 	DATA 	Keypress: rctrl
742.7662 	EXP 	Sound  started
743.3208 	DATA 	Keypress: lctrl
743.5162 	EXP 	Sound  started
744.0408 	DATA 	Keypress: lctrl
744.2663 	EXP 	Sound  started
744.6806 	DATA 	Keypress: lctrl
745.0163 	EXP 	Sound  started
745.6246 	DATA 	Keypress: lctrl
745.7663 	EXP 	Sound  started
746.3289 	DATA 	Keypress: lctrl
746.5163 	EXP 	Sound  started
747.0487 	DATA 	Keypress: rctrl
750.8954 	DATA 	Keypress: 4
750.9119 	EXP 	unnamed ShapeStim: vertices = <class 'numpy.ndarray'>
752.7628 	DATA 	Keypress: 4
752.7792 	EXP 	unnamed ShapeStim: vertices = <class 'numpy.ndarray'>
755.8354 	DATA 	Keypress: 4
755.8636 	EXP 	unnamed ShapeStim: vertices = <class 'numpy.ndarray'>
758.1384 	EXP 	Sound  started
758.1393 	DATA 	Keypress: lctrl
758.6487 	DATA 	Keypress: lctrl
758.8883 	EXP 	Sound  started
759.4006 	DATA 	Keypress: rctrl
759.6383 	EXP 	Sound  started
760.0726 	DATA 	Keypress: lctrl
760.3883 	EXP 	Sound  started
760.7926 	DATA 	Keypress: lctrl
761.1383 	EXP 	Sound  started
761.6886 	DATA 	Keypress: lctrl
761.8883 	EXP 	Sound  started
762.4406 	DATA 	Keypress: rctrl
762.6383 	EXP 	Sound  started
763.2247 	DATA 	Keypress: lctrl
763.3883 	EXP 	Sound  started
763.7686 	DATA 	Keypress: lctrl
764.1383 	EXP 	Sound  started
764.6486 	DATA 	Keypress: rctrl
764.8884 	EXP 	Sound  started
765.3846 	DATA 	Keypress: lctrl
765.6384 	EXP 	Sound  started
766.2166 	DATA 	Keypress: rctrl
766.3884 	EXP 	Sound  started
766.9366 	DATA 	Keypress: rctrl
767.1384 	EXP 	Sound  started
767.7046 	DATA 	Keypress: rctrl
767.8884 	EXP 	Sound  started
768.4887 	DATA 	Keypress: rctrl
768.6384 	EXP 	Sound  started
769.2566 	DATA 	Keypress: rctrl
769.3884 	EXP 	Sound  started
769.9446 	DATA 	Keypress: rctrl
770.1384 	EXP 	Sound  started
770.7446 	DATA 	Keypress: rctrl
770.8885 	EXP 	Sound  started
771.4646 	DATA 	Keypress: lctrl
771.6385 	EXP 	Sound  started
772.1847 	DATA 	Keypress: rctrl
772.3885 	EXP 	Sound  started
773.0326 	DATA 	Keypress: lctrl
773.1385 	EXP 	Sound  started
773.7366 	DATA 	Keypress: rctrl
773.8885 	EXP 	Sound  started
774.4087 	DATA 	Keypress: lctrl
774.6385 	EXP 	Sound  started
775.1767 	DATA 	Keypress: lctrl
775.3885 	EXP 	Sound  started
775.8806 	DATA 	Keypress: lctrl
776.1385 	EXP 	Sound  started
776.6166 	DATA 	Keypress: rctrl
776.8886 	EXP 	Sound  started
777.4487 	DATA 	Keypress: rctrl
777.6386 	EXP 	Sound  started
778.2806 	DATA 	Keypress: rctrl
778.3886 	EXP 	Sound  started
778.9687 	DATA 	Keypress: rctrl
779.1386 	EXP 	Sound  started
779.6726 	DATA 	Keypress: lctrl
779.8886 	EXP 	Sound  started
780.4406 	DATA 	Keypress: rctrl
780.6386 	EXP 	Sound  started
781.2246 	DATA 	Keypress: rctrl
781.3886 	EXP 	Sound  started
781.9606 	DATA 	Keypress: lctrl
782.1387 	EXP 	Sound  started
782.7126 	DATA 	Keypress: lctrl
782.8887 	EXP 	Sound  started
783.4646 	DATA 	Keypress: lctrl
783.6387 	EXP 	Sound  started
784.1847 	DATA 	Keypress: rctrl
784.3887 	EXP 	Sound  started
784.9527 	DATA 	Keypress: lctrl
785.1387 	EXP 	Sound  started
785.6726 	DATA 	Keypress: rctrl
785.8887 	EXP 	Sound  started
786.4086 	DATA 	Keypress: lctrl
786.6387 	EXP 	Sound  started
786.9366 	DATA 	Keypress: lctrl
787.3888 	EXP 	Sound  started
787.9606 	DATA 	Keypress: rctrl
788.1388 	EXP 	Sound  started
788.7766 	DATA 	Keypress: lctrl
788.8888 	EXP 	Sound  started
789.5606 	DATA 	Keypress: rctrl
789.6388 	EXP 	Sound  started
790.2486 	DATA 	Keypress: lctrl
790.3888 	EXP 	Sound  started
791.0006 	DATA 	Keypress: rctrl
791.1388 	EXP 	Sound  started
791.6566 	DATA 	Keypress: lctrl
791.8888 	EXP 	Sound  started
792.4246 	DATA 	Keypress: rctrl
792.6389 	EXP 	Sound  started
793.1286 	DATA 	Keypress: lctrl
793.3889 	EXP 	Sound  started
794.0566 	DATA 	Keypress: lctrl
794.1389 	EXP 	Sound  started
794.7927 	DATA 	Keypress: rctrl
794.8889 	EXP 	Sound  started
795.5446 	DATA 	Keypress: lctrl
795.6389 	EXP 	Sound  started
796.3606 	DATA 	Keypress: rctrl
796.3889 	EXP 	Sound  started
797.1126 	DATA 	Keypress: lctrl
797.1389 	EXP 	Sound  started
797.8166 	DATA 	Keypress: rctrl
797.8890 	EXP 	Sound  started
798.5686 	DATA 	Keypress: rctrl
798.6390 	EXP 	Sound  started
799.3206 	DATA 	Keypress: lctrl
799.3890 	EXP 	Sound  started
800.0086 	DATA 	Keypress: lctrl
800.1390 	EXP 	Sound  started
800.7607 	DATA 	Keypress: rctrl
800.8890 	EXP 	Sound  started
801.5606 	DATA 	Keypress: rctrl
801.6390 	EXP 	Sound  started
802.3890 	EXP 	Sound  started
802.4406 	DATA 	Keypress: lctrl
803.0966 	DATA 	Keypress: lctrl
803.1390 	EXP 	Sound  started
803.8166 	DATA 	Keypress: lctrl
803.8891 	EXP 	Sound  started
804.5366 	DATA 	Keypress: lctrl
804.6391 	EXP 	Sound  started
805.2886 	DATA 	Keypress: rctrl
805.3891 	EXP 	Sound  started
806.0086 	DATA 	Keypress: rctrl
806.1391 	EXP 	Sound  started
806.7288 	DATA 	Keypress: lctrl
806.8891 	EXP 	Sound  started
807.6391 	EXP 	Sound  started
808.2967 	DATA 	Keypress: lctrl
808.3892 	EXP 	Sound  started
808.9846 	DATA 	Keypress: rctrl
809.1392 	EXP 	Sound  started
809.7046 	DATA 	Keypress: rctrl
809.8892 	EXP 	Sound  started
810.4408 	DATA 	Keypress: rctrl
810.6392 	EXP 	Sound  started
811.2406 	DATA 	Keypress: rctrl
811.3892 	EXP 	Sound  started
812.0246 	DATA 	Keypress: lctrl
812.1392 	EXP 	Sound  started
812.7926 	DATA 	Keypress: rctrl
812.8892 	EXP 	Sound  started
813.5606 	DATA 	Keypress: lctrl
813.6393 	EXP 	Sound  started
814.3446 	DATA 	Keypress: rctrl
814.3893 	EXP 	Sound  started
815.1126 	DATA 	Keypress: lctrl
815.1393 	EXP 	Sound  started
815.8166 	DATA 	Keypress: rctrl
815.8893 	EXP 	Sound  started
816.5686 	DATA 	Keypress: lctrl
816.6393 	EXP 	Sound  started
817.3366 	DATA 	Keypress: lctrl
819.5192 	DATA 	Keypress: 2
819.5355 	EXP 	unnamed ShapeStim: vertices = <class 'numpy.ndarray'>
824.4253 	DATA 	Keypress: 4
824.4538 	EXP 	unnamed ShapeStim: vertices = <class 'numpy.ndarray'>
832.3618 	DATA 	Keypress: capslock
832.8739 	DATA 	Keypress: capslock
836.3968 	DATA 	Keypress: 4
836.4246 	EXP 	unnamed ShapeStim: vertices = <class 'numpy.ndarray'>
838.7044 	DATA 	Keypress: rctrl
1078.4726 	DATA 	Keypress: return
1078.6440 	EXP 	window1: mouseVisible = True
