16.4179 	WARNING 	User requested fullscreen with size [1024  768], but screen is actually [1920, 1200]. Using actual size
17.2059 	EXP 	Created window1 = Window(allowGUI=False, allowStencil=False, autoLog=True, backendConf=UNKNOWN, bitsMode=UNKNOWN, blendMode='avg', bpc=(8, 8, 8), color=array([0, 0, 0]), colorSpace='rgb', depthBits=8, fullscr=<method-wrapper '__getattribute__' of attributeSetter object at 0x00000183DA8D6780>, gamma=None, gammaErrorPolicy='raise', lms=UNKNOWN, monitor=<psychopy.monitors.calibTools.Monitor object at 0x00000183DBFE4080>, multiSample=False, name='window1', numSamples=2, pos=[0.0, 0.0], screen=0, size=array([1920, 1200]), stencilBits=0, stereo=False, units='norm', useFBO=True, useRetina=False, viewOri=0.0, viewPos=None, viewScale=None, waitBlanking=True, winType='pyglet')
17.2062 	EXP 	window1: mouseVisible = True
17.2062 	EXP 	window1: mouseVisible = False
17.2062 	EXP 	window1: recordFrameIntervals = False
17.3724 	EXP 	window1: recordFrameIntervals = True
17.5560 	EXP 	window1: recordFrameIntervals = False
17.6102 	EXP 	Created text = TextStim(__class__=<class 'psychopy.visual.text.TextStim'>, alignHoriz=method-wrapper(...), alignText='center', alignVert=method-wrapper(...), anchorHoriz='center', anchorVert='center', antialias=True, autoLog=True, bold=False, color=array([1., 1., 1.]), colorSpace='rgb', contrast=1.0, depth=0.0, flipHoriz=False, flipVert=False, font='Arial', fontFiles=[], height=0.15, italic=False, languageStyle='LTR', name='text', opacity=1, ori=0, pos=array([0., 0.]), rgb=UNKNOWN, text='+', units='norm', win=Window(...), wrapWidth=1)
17.6293 	EXP 	Created text = TextStim(__class__=<class 'psychopy.visual.text.TextStim'>, alignHoriz=method-wrapper(...), alignText='center', alignVert=method-wrapper(...), anchorHoriz='center', anchorVert='center', antialias=True, autoLog=True, bold=False, color=array([1., 1., 1.]), colorSpace='rgb', contrast=1.0, depth=0.0, flipHoriz=False, flipVert=False, font='Arial', fontFiles=[], height=0.07, italic=False, languageStyle='LTR', name='text', opacity=1, ori=0, pos=array([0., 0.]), rgb=UNKNOWN, text=str(...), units='norm', win=Window(...), wrapWidth=1.65)
17.6383 	EXP 	Created text = TextStim(__class__=<class 'psychopy.visual.text.TextStim'>, alignHoriz=method-wrapper(...), alignText='center', alignVert=method-wrapper(...), anchorHoriz='center', anchorVert='center', antialias=True, autoLog=True, bold=False, color=array([1., 1., 1.]), colorSpace='rgb', contrast=1.0, depth=0.0, flipHoriz=False, flipVert=False, font='Arial', fontFiles=[], height=0.07, italic=False, languageStyle='LTR', name='text', opacity=1, ori=0, pos=array([0., 0.]), rgb=UNKNOWN, text=str(...), units='norm', win=Window(...), wrapWidth=1.65)
17.6479 	EXP 	Created text = TextStim(__class__=<class 'psychopy.visual.text.TextStim'>, alignHoriz=method-wrapper(...), alignText='center', alignVert=method-wrapper(...), anchorHoriz='center', anchorVert='center', antialias=True, autoLog=True, bold=False, color=array([1., 1., 1.]), colorSpace='rgb', contrast=1.0, depth=0.0, flipHoriz=False, flipVert=False, font='Arial', fontFiles=[], height=0.07, italic=False, languageStyle='LTR', name='text', opacity=1, ori=0, pos=array([0., 0.]), rgb=UNKNOWN, text=str(...), units='norm', win=Window(...), wrapWidth=1.65)
17.6575 	EXP 	Created text = TextStim(__class__=<class 'psychopy.visual.text.TextStim'>, alignHoriz=method-wrapper(...), alignText='center', alignVert=method-wrapper(...), anchorHoriz='center', anchorVert='center', antialias=True, autoLog=True, bold=False, color=array([1., 1., 1.]), colorSpace='rgb', contrast=1.0, depth=0.0, flipHoriz=False, flipVert=False, font='Arial', fontFiles=[], height=0.07, italic=False, languageStyle='LTR', name='text', opacity=1, ori=0, pos=array([0., 0.]), rgb=UNKNOWN, text=str(...), units='norm', win=Window(...), wrapWidth=1.65)
17.6633 	EXP 	Created text = TextStim(__class__=<class 'psychopy.visual.text.TextStim'>, alignHoriz=method-wrapper(...), alignText='center', alignVert=method-wrapper(...), anchorHoriz='center', anchorVert='center', antialias=True, autoLog=True, bold=False, color=array([1., 1., 1.]), colorSpace='rgb', contrast=1.0, depth=0.0, flipHoriz=False, flipVert=False, font='Arial', fontFiles=[], height=0.07, italic=False, languageStyle='LTR', name='text', opacity=1, ori=0, pos=array([0., 0.]), rgb=UNKNOWN, text=str(...), units='norm', win=Window(...), wrapWidth=1.65)
17.6779 	EXP 	Created text = TextStim(__class__=<class 'psychopy.visual.text.TextStim'>, alignHoriz=method-wrapper(...), alignText='center', alignVert=method-wrapper(...), anchorHoriz='center', anchorVert='center', antialias=True, autoLog=True, bold=False, color=array([1., 1., 1.]), colorSpace='rgb', contrast=1.0, depth=0.0, flipHoriz=False, flipVert=False, font='Arial', fontFiles=[], height=0.15, italic=False, languageStyle='LTR', name='text', opacity=1, ori=0, pos=array([0., 0.]), rgb=UNKNOWN, text=str(...), units='norm', win=Window(...), wrapWidth=1.65)
17.7064 	EXP 	Created text = TextStim(__class__=<class 'psychopy.visual.text.TextStim'>, alignHoriz=method-wrapper(...), alignText='center', alignVert=method-wrapper(...), anchorHoriz='center', anchorVert='center', antialias=True, autoLog=True, bold=False, color=array([1., 1., 1.]), colorSpace='rgb', contrast=1.0, depth=0.0, flipHoriz=False, flipVert=False, font='Arial', fontFiles=[], height=0.07, italic=False, languageStyle='LTR', name='text', opacity=1, ori=0, pos=array([0., 0.]), rgb=UNKNOWN, text=str(...), units='norm', win=Window(...), wrapWidth=1.65)
17.7266 	EXP 	Created text = TextStim(__class__=<class 'psychopy.visual.text.TextStim'>, alignHoriz=method-wrapper(...), alignText='center', alignVert=method-wrapper(...), anchorHoriz='center', anchorVert='center', antialias=True, autoLog=True, bold=False, color=array([1., 1., 1.]), colorSpace='rgb', contrast=1.0, depth=0.0, flipHoriz=False, flipVert=False, font='Arial', fontFiles=[], height=0.07, italic=False, languageStyle='LTR', name='text', opacity=1, ori=0, pos=array([0., 0.]), rgb=UNKNOWN, text=str(...), units='norm', win=Window(...), wrapWidth=1.65)
17.7572 	EXP 	Created text = TextStim(__class__=<class 'psychopy.visual.text.TextStim'>, alignHoriz=method-wrapper(...), alignText='center', alignVert=method-wrapper(...), anchorHoriz='center', anchorVert='center', antialias=True, autoLog=True, bold=False, color=array([1., 1., 1.]), colorSpace='rgb', contrast=1.0, depth=0.0, flipHoriz=False, flipVert=False, font='Arial', fontFiles=[], height=0.07, italic=False, languageStyle='LTR', name='text', opacity=1, ori=0, pos=array([0., 0.]), rgb=UNKNOWN, text=str(...), units='norm', win=Window(...), wrapWidth=1.65)
17.7807 	EXP 	Created text = TextStim(__class__=<class 'psychopy.visual.text.TextStim'>, alignHoriz=method-wrapper(...), alignText='center', alignVert=method-wrapper(...), anchorHoriz='center', anchorVert='center', antialias=True, autoLog=True, bold=False, color=array([1., 1., 1.]), colorSpace='rgb', contrast=1.0, depth=0.0, flipHoriz=False, flipVert=False, font='Arial', fontFiles=[], height=0.07, italic=False, languageStyle='LTR', name='text', opacity=1, ori=0, pos=array([0., 0.]), rgb=UNKNOWN, text=str(...), units='norm', win=Window(...), wrapWidth=1.65)
17.8100 	EXP 	Created text = TextStim(__class__=<class 'psychopy.visual.text.TextStim'>, alignHoriz=method-wrapper(...), alignText='center', alignVert=method-wrapper(...), anchorHoriz='center', anchorVert='center', antialias=True, autoLog=True, bold=False, color=array([1., 1., 1.]), colorSpace='rgb', contrast=1.0, depth=0.0, flipHoriz=False, flipVert=False, font='Arial', fontFiles=[], height=0.07, italic=False, languageStyle='LTR', name='text', opacity=1, ori=0, pos=array([0., 0.]), rgb=UNKNOWN, text=str(...), units='norm', win=Window(...), wrapWidth=1.65)
17.8205 	EXP 	Created text = TextStim(__class__=<class 'psychopy.visual.text.TextStim'>, alignHoriz=method-wrapper(...), alignText='center', alignVert=method-wrapper(...), anchorHoriz='center', anchorVert='center', antialias=True, autoLog=True, bold=False, color=array([1., 1., 1.]), colorSpace='rgb', contrast=1.0, depth=0.0, flipHoriz=False, flipVert=False, font='Arial', fontFiles=[], height=0.07, italic=False, languageStyle='LTR', name='text', opacity=1, ori=0, pos=array([0., 0.]), rgb=UNKNOWN, text=str(...), units='norm', win=Window(...), wrapWidth=1.65)
17.8327 	EXP 	Created text = TextStim(__class__=<class 'psychopy.visual.text.TextStim'>, alignHoriz=method-wrapper(...), alignText='center', alignVert=method-wrapper(...), anchorHoriz='center', anchorVert='center', antialias=True, autoLog=True, bold=False, color=array([1., 1., 1.]), colorSpace='rgb', contrast=1.0, depth=0.0, flipHoriz=False, flipVert=False, font='Arial', fontFiles=[], height=0.07, italic=False, languageStyle='LTR', name='text', opacity=1, ori=0, pos=array([0., 0.]), rgb=UNKNOWN, text=str(...), units='norm', win=Window(...), wrapWidth=1.65)
17.8371 	EXP 	Created instru = TextStim(__class__=<class 'psychopy.visual.text.TextStim'>, alignHoriz=method-wrapper(...), alignText='center', alignVert=method-wrapper(...), anchorHoriz='center', anchorVert='center', antialias=True, autoLog=True, bold=False, color=array([1., 1., 1.]), colorSpace='rgb', contrast=1.0, depth=0.0, flipHoriz=False, flipVert=False, font='Arial', fontFiles=[], height=0.07, italic=False, languageStyle='LTR', name='instru', opacity=1, ori=0, pos=array([0. , 0.5]), rgb=UNKNOWN, text=str(...), units='norm', win=Window(...), wrapWidth=1)
17.8396 	EXP 	Created unnamed Line = Line(__class__=<class 'psychopy.visual.line.Line'>, autoDraw=False, autoLog=True, closeShape=False, color=array([1., 1., 1.]), colorSpace='rgb', contrast=None, depth=0, fillColor=array([0, 0, 0]), fillColorSpace='rgb', fillRGB=array([0, 0, 0]), interpolate=True, lineColor=array([1., 1., 1.]), lineColorSpace='rgb', lineRGB=array([1, 1, 1]), lineWidth=5, name='unnamed Line', opacity=0.5, ori=0.0, pos=array([0., 0.]), size=array([1., 1.]), units='norm', vertices=array([[-0.5,  0. ],
       [ 0.5,  0. ]]), win=Window(...), windingRule=None)
17.8416 	EXP 	Created unnamed Line = Line(__class__=<class 'psychopy.visual.line.Line'>, autoDraw=False, autoLog=True, closeShape=False, color=array([1., 1., 1.]), colorSpace='rgb', contrast=None, depth=0, fillColor=array([0, 0, 0]), fillColorSpace='rgb', fillRGB=array([0, 0, 0]), interpolate=True, lineColor=array([1., 1., 1.]), lineColorSpace='rgb', lineRGB=array([1, 1, 1]), lineWidth=3, name='unnamed Line', opacity=0.5, ori=0.0, pos=array([0., 0.]), size=array([1., 1.]), units='norm', vertices=array([[-0.5 , -0.05],
       [-0.5 ,  0.05]]), win=Window(...), windingRule=None)
17.8436 	EXP 	Created unnamed Line = Line(__class__=<class 'psychopy.visual.line.Line'>, autoDraw=False, autoLog=True, closeShape=False, color=array([1., 1., 1.]), colorSpace='rgb', contrast=None, depth=0, fillColor=array([0, 0, 0]), fillColorSpace='rgb', fillRGB=array([0, 0, 0]), interpolate=True, lineColor=array([1., 1., 1.]), lineColorSpace='rgb', lineRGB=array([1, 1, 1]), lineWidth=3, name='unnamed Line', opacity=0.5, ori=0.0, pos=array([0., 0.]), size=array([1., 1.]), units='norm', vertices=ndarray(...), win=Window(...), windingRule=None)
17.8455 	EXP 	Created unnamed Line = Line(__class__=<class 'psychopy.visual.line.Line'>, autoDraw=False, autoLog=True, closeShape=False, color=array([1., 1., 1.]), colorSpace='rgb', contrast=None, depth=0, fillColor=array([0, 0, 0]), fillColorSpace='rgb', fillRGB=array([0, 0, 0]), interpolate=True, lineColor=array([1., 1., 1.]), lineColorSpace='rgb', lineRGB=array([1, 1, 1]), lineWidth=3, name='unnamed Line', opacity=0.5, ori=0.0, pos=array([0., 0.]), size=array([1., 1.]), units='norm', vertices=ndarray(...), win=Window(...), windingRule=None)
17.8475 	EXP 	Created unnamed Line = Line(__class__=<class 'psychopy.visual.line.Line'>, autoDraw=False, autoLog=True, closeShape=False, color=array([1., 1., 1.]), colorSpace='rgb', contrast=None, depth=0, fillColor=array([0, 0, 0]), fillColorSpace='rgb', fillRGB=array([0, 0, 0]), interpolate=True, lineColor=array([1., 1., 1.]), lineColorSpace='rgb', lineRGB=array([1, 1, 1]), lineWidth=3, name='unnamed Line', opacity=0.5, ori=0.0, pos=array([0., 0.]), size=array([1., 1.]), units='norm', vertices=array([[ 0.5 , -0.05],
       [ 0.5 ,  0.05]]), win=Window(...), windingRule=None)
17.8594 	EXP 	Created unnamed TextStim = TextStim(__class__=<class 'psychopy.visual.text.TextStim'>, alignHoriz=method-wrapper(...), alignText='center', alignVert=method-wrapper(...), anchorHoriz='center', anchorVert='center', antialias=True, autoLog=True, bold=False, color=array([1., 1., 1.]), colorSpace='rgb', contrast=1.0, depth=0, flipHoriz=False, flipVert=False, font='', fontFiles=[], height=0.05, italic=False, languageStyle='LTR', name='unnamed TextStim', opacity=1.0, ori=0.0, pos=array([-0.5, -0.1]), rgb=UNKNOWN, text='Helt klart \n IKKE FOKUSERT', units='norm', win=Window(...), wrapWidth=1)
17.8605 	EXP 	Created unnamed TextStim = TextStim(__class__=<class 'psychopy.visual.text.TextStim'>, alignHoriz=method-wrapper(...), alignText='center', alignVert=method-wrapper(...), anchorHoriz='center', anchorVert='center', antialias=True, autoLog=True, bold=False, color=array([1., 1., 1.]), colorSpace='rgb', contrast=1.0, depth=0, flipHoriz=False, flipVert=False, font='', fontFiles=[], height=0.05, italic=False, languageStyle='LTR', name='unnamed TextStim', opacity=1.0, ori=0.0, pos=array([-0.16666667, -0.1       ]), rgb=UNKNOWN, text='', units='norm', win=Window(...), wrapWidth=1)
17.8615 	EXP 	Created unnamed TextStim = TextStim(__class__=<class 'psychopy.visual.text.TextStim'>, alignHoriz=method-wrapper(...), alignText='center', alignVert=method-wrapper(...), anchorHoriz='center', anchorVert='center', antialias=True, autoLog=True, bold=False, color=array([1., 1., 1.]), colorSpace='rgb', contrast=1.0, depth=0, flipHoriz=False, flipVert=False, font='', fontFiles=[], height=0.05, italic=False, languageStyle='LTR', name='unnamed TextStim', opacity=1.0, ori=0.0, pos=array([ 0.16666667, -0.1       ]), rgb=UNKNOWN, text='', units='norm', win=Window(...), wrapWidth=1)
17.8648 	EXP 	Created unnamed TextStim = TextStim(__class__=<class 'psychopy.visual.text.TextStim'>, alignHoriz=method-wrapper(...), alignText='center', alignVert=method-wrapper(...), anchorHoriz='center', anchorVert='center', antialias=True, autoLog=True, bold=False, color=array([1., 1., 1.]), colorSpace='rgb', contrast=1.0, depth=0, flipHoriz=False, flipVert=False, font='', fontFiles=[], height=0.05, italic=False, languageStyle='LTR', name='unnamed TextStim', opacity=1.0, ori=0.0, pos=array([ 0.5, -0.1]), rgb=UNKNOWN, text='Helt klart \n FOKUSERT', units='norm', win=Window(...), wrapWidth=1)
17.8669 	EXP 	Created unnamed ShapeStim = ShapeStim(__class__=<class 'psychopy.visual.shape.ShapeStim'>, autoDraw=False, autoLog=True, closeShape=True, color=method-wrapper(...), colorSpace='rgb', contrast=None, depth=0, fillColor=array([1, 1, 1]), fillColorSpace='rgb', fillRGB=array([1, 1, 1]), interpolate=True, lineColor=array([-1., -1., -1.]), lineColorSpace='rgb', lineRGB=array([-1, -1, -1]), lineWidth=1.5, name='unnamed ShapeStim', opacity=1.0, ori=0.0, pos=array([0., 0.]), size=array([1., 1.]), units='norm', vertices=ndarray(...), win=Window(...), windingRule=None)
17.8748 	EXP 	Created instru = TextStim(__class__=<class 'psychopy.visual.text.TextStim'>, alignHoriz=method-wrapper(...), alignText='center', alignVert=method-wrapper(...), anchorHoriz='center', anchorVert='center', antialias=True, autoLog=True, bold=False, color=array([1., 1., 1.]), colorSpace='rgb', contrast=1.0, depth=0.0, flipHoriz=False, flipVert=False, font='Arial', fontFiles=[], height=0.07, italic=False, languageStyle='LTR', name='instru', opacity=1, ori=0, pos=array([0. , 0.5]), rgb=UNKNOWN, text=str(...), units='norm', win=Window(...), wrapWidth=1)
17.8768 	EXP 	Created unnamed Line = Line(__class__=<class 'psychopy.visual.line.Line'>, autoDraw=False, autoLog=True, closeShape=False, color=array([1., 1., 1.]), colorSpace='rgb', contrast=None, depth=0, fillColor=array([0, 0, 0]), fillColorSpace='rgb', fillRGB=array([0, 0, 0]), interpolate=True, lineColor=array([1., 1., 1.]), lineColorSpace='rgb', lineRGB=array([1, 1, 1]), lineWidth=5, name='unnamed Line', opacity=0.5, ori=0.0, pos=array([0., 0.]), size=array([1., 1.]), units='norm', vertices=array([[-0.5,  0. ],
       [ 0.5,  0. ]]), win=Window(...), windingRule=None)
17.8788 	EXP 	Created unnamed Line = Line(__class__=<class 'psychopy.visual.line.Line'>, autoDraw=False, autoLog=True, closeShape=False, color=array([1., 1., 1.]), colorSpace='rgb', contrast=None, depth=0, fillColor=array([0, 0, 0]), fillColorSpace='rgb', fillRGB=array([0, 0, 0]), interpolate=True, lineColor=array([1., 1., 1.]), lineColorSpace='rgb', lineRGB=array([1, 1, 1]), lineWidth=3, name='unnamed Line', opacity=0.5, ori=0.0, pos=array([0., 0.]), size=array([1., 1.]), units='norm', vertices=array([[-0.5 , -0.05],
       [-0.5 ,  0.05]]), win=Window(...), windingRule=None)
17.8808 	EXP 	Created unnamed Line = Line(__class__=<class 'psychopy.visual.line.Line'>, autoDraw=False, autoLog=True, closeShape=False, color=array([1., 1., 1.]), colorSpace='rgb', contrast=None, depth=0, fillColor=array([0, 0, 0]), fillColorSpace='rgb', fillRGB=array([0, 0, 0]), interpolate=True, lineColor=array([1., 1., 1.]), lineColorSpace='rgb', lineRGB=array([1, 1, 1]), lineWidth=3, name='unnamed Line', opacity=0.5, ori=0.0, pos=array([0., 0.]), size=array([1., 1.]), units='norm', vertices=ndarray(...), win=Window(...), windingRule=None)
17.8828 	EXP 	Created unnamed Line = Line(__class__=<class 'psychopy.visual.line.Line'>, autoDraw=False, autoLog=True, closeShape=False, color=array([1., 1., 1.]), colorSpace='rgb', contrast=None, depth=0, fillColor=array([0, 0, 0]), fillColorSpace='rgb', fillRGB=array([0, 0, 0]), interpolate=True, lineColor=array([1., 1., 1.]), lineColorSpace='rgb', lineRGB=array([1, 1, 1]), lineWidth=3, name='unnamed Line', opacity=0.5, ori=0.0, pos=array([0., 0.]), size=array([1., 1.]), units='norm', vertices=ndarray(...), win=Window(...), windingRule=None)
17.8848 	EXP 	Created unnamed Line = Line(__class__=<class 'psychopy.visual.line.Line'>, autoDraw=False, autoLog=True, closeShape=False, color=array([1., 1., 1.]), colorSpace='rgb', contrast=None, depth=0, fillColor=array([0, 0, 0]), fillColorSpace='rgb', fillRGB=array([0, 0, 0]), interpolate=True, lineColor=array([1., 1., 1.]), lineColorSpace='rgb', lineRGB=array([1, 1, 1]), lineWidth=3, name='unnamed Line', opacity=0.5, ori=0.0, pos=array([0., 0.]), size=array([1., 1.]), units='norm', vertices=array([[ 0.5 , -0.05],
       [ 0.5 ,  0.05]]), win=Window(...), windingRule=None)
17.8897 	EXP 	Created unnamed TextStim = TextStim(__class__=<class 'psychopy.visual.text.TextStim'>, alignHoriz=method-wrapper(...), alignText='center', alignVert=method-wrapper(...), anchorHoriz='center', anchorVert='center', antialias=True, autoLog=True, bold=False, color=array([1., 1., 1.]), colorSpace='rgb', contrast=1.0, depth=0, flipHoriz=False, flipVert=False, font='', fontFiles=[], height=0.05, italic=False, languageStyle='LTR', name='unnamed TextStim', opacity=1.0, ori=0.0, pos=array([-0.5, -0.1]), rgb=UNKNOWN, text='Helt klart \n INGENTING', units='norm', win=Window(...), wrapWidth=1)
17.8908 	EXP 	Created unnamed TextStim = TextStim(__class__=<class 'psychopy.visual.text.TextStim'>, alignHoriz=method-wrapper(...), alignText='center', alignVert=method-wrapper(...), anchorHoriz='center', anchorVert='center', antialias=True, autoLog=True, bold=False, color=array([1., 1., 1.]), colorSpace='rgb', contrast=1.0, depth=0, flipHoriz=False, flipVert=False, font='', fontFiles=[], height=0.05, italic=False, languageStyle='LTR', name='unnamed TextStim', opacity=1.0, ori=0.0, pos=array([-0.16666667, -0.1       ]), rgb=UNKNOWN, text='', units='norm', win=Window(...), wrapWidth=1)
17.8918 	EXP 	Created unnamed TextStim = TextStim(__class__=<class 'psychopy.visual.text.TextStim'>, alignHoriz=method-wrapper(...), alignText='center', alignVert=method-wrapper(...), anchorHoriz='center', anchorVert='center', antialias=True, autoLog=True, bold=False, color=array([1., 1., 1.]), colorSpace='rgb', contrast=1.0, depth=0, flipHoriz=False, flipVert=False, font='', fontFiles=[], height=0.05, italic=False, languageStyle='LTR', name='unnamed TextStim', opacity=1.0, ori=0.0, pos=array([ 0.16666667, -0.1       ]), rgb=UNKNOWN, text='', units='norm', win=Window(...), wrapWidth=1)
17.8951 	EXP 	Created unnamed TextStim = TextStim(__class__=<class 'psychopy.visual.text.TextStim'>, alignHoriz=method-wrapper(...), alignText='center', alignVert=method-wrapper(...), anchorHoriz='center', anchorVert='center', antialias=True, autoLog=True, bold=False, color=array([1., 1., 1.]), colorSpace='rgb', contrast=1.0, depth=0, flipHoriz=False, flipVert=False, font='', fontFiles=[], height=0.05, italic=False, languageStyle='LTR', name='unnamed TextStim', opacity=1.0, ori=0.0, pos=array([ 0.5, -0.1]), rgb=UNKNOWN, text='Helt klart \n NOE', units='norm', win=Window(...), wrapWidth=1)
17.8969 	EXP 	Created unnamed ShapeStim = ShapeStim(__class__=<class 'psychopy.visual.shape.ShapeStim'>, autoDraw=False, autoLog=True, closeShape=True, color=method-wrapper(...), colorSpace='rgb', contrast=None, depth=0, fillColor=array([1, 1, 1]), fillColorSpace='rgb', fillRGB=array([1, 1, 1]), interpolate=True, lineColor=array([-1., -1., -1.]), lineColorSpace='rgb', lineRGB=array([-1, -1, -1]), lineWidth=1.5, name='unnamed ShapeStim', opacity=1.0, ori=0.0, pos=array([0., 0.]), size=array([1., 1.]), units='norm', vertices=ndarray(...), win=Window(...), windingRule=None)
17.9039 	EXP 	Created instru = TextStim(__class__=<class 'psychopy.visual.text.TextStim'>, alignHoriz=method-wrapper(...), alignText='center', alignVert=method-wrapper(...), anchorHoriz='center', anchorVert='center', antialias=True, autoLog=True, bold=False, color=array([1., 1., 1.]), colorSpace='rgb', contrast=1.0, depth=0.0, flipHoriz=False, flipVert=False, font='Arial', fontFiles=[], height=0.07, italic=False, languageStyle='LTR', name='instru', opacity=1, ori=0, pos=array([0. , 0.5]), rgb=UNKNOWN, text=str(...), units='norm', win=Window(...), wrapWidth=1)
17.9059 	EXP 	Created unnamed Line = Line(__class__=<class 'psychopy.visual.line.Line'>, autoDraw=False, autoLog=True, closeShape=False, color=array([1., 1., 1.]), colorSpace='rgb', contrast=None, depth=0, fillColor=array([0, 0, 0]), fillColorSpace='rgb', fillRGB=array([0, 0, 0]), interpolate=True, lineColor=array([1., 1., 1.]), lineColorSpace='rgb', lineRGB=array([1, 1, 1]), lineWidth=5, name='unnamed Line', opacity=0.5, ori=0.0, pos=array([0., 0.]), size=array([1., 1.]), units='norm', vertices=array([[-0.5,  0. ],
       [ 0.5,  0. ]]), win=Window(...), windingRule=None)
17.9079 	EXP 	Created unnamed Line = Line(__class__=<class 'psychopy.visual.line.Line'>, autoDraw=False, autoLog=True, closeShape=False, color=array([1., 1., 1.]), colorSpace='rgb', contrast=None, depth=0, fillColor=array([0, 0, 0]), fillColorSpace='rgb', fillRGB=array([0, 0, 0]), interpolate=True, lineColor=array([1., 1., 1.]), lineColorSpace='rgb', lineRGB=array([1, 1, 1]), lineWidth=3, name='unnamed Line', opacity=0.5, ori=0.0, pos=array([0., 0.]), size=array([1., 1.]), units='norm', vertices=array([[-0.5 , -0.05],
       [-0.5 ,  0.05]]), win=Window(...), windingRule=None)
17.9099 	EXP 	Created unnamed Line = Line(__class__=<class 'psychopy.visual.line.Line'>, autoDraw=False, autoLog=True, closeShape=False, color=array([1., 1., 1.]), colorSpace='rgb', contrast=None, depth=0, fillColor=array([0, 0, 0]), fillColorSpace='rgb', fillRGB=array([0, 0, 0]), interpolate=True, lineColor=array([1., 1., 1.]), lineColorSpace='rgb', lineRGB=array([1, 1, 1]), lineWidth=3, name='unnamed Line', opacity=0.5, ori=0.0, pos=array([0., 0.]), size=array([1., 1.]), units='norm', vertices=ndarray(...), win=Window(...), windingRule=None)
17.9119 	EXP 	Created unnamed Line = Line(__class__=<class 'psychopy.visual.line.Line'>, autoDraw=False, autoLog=True, closeShape=False, color=array([1., 1., 1.]), colorSpace='rgb', contrast=None, depth=0, fillColor=array([0, 0, 0]), fillColorSpace='rgb', fillRGB=array([0, 0, 0]), interpolate=True, lineColor=array([1., 1., 1.]), lineColorSpace='rgb', lineRGB=array([1, 1, 1]), lineWidth=3, name='unnamed Line', opacity=0.5, ori=0.0, pos=array([0., 0.]), size=array([1., 1.]), units='norm', vertices=ndarray(...), win=Window(...), windingRule=None)
17.9139 	EXP 	Created unnamed Line = Line(__class__=<class 'psychopy.visual.line.Line'>, autoDraw=False, autoLog=True, closeShape=False, color=array([1., 1., 1.]), colorSpace='rgb', contrast=None, depth=0, fillColor=array([0, 0, 0]), fillColorSpace='rgb', fillRGB=array([0, 0, 0]), interpolate=True, lineColor=array([1., 1., 1.]), lineColorSpace='rgb', lineRGB=array([1, 1, 1]), lineWidth=3, name='unnamed Line', opacity=0.5, ori=0.0, pos=array([0., 0.]), size=array([1., 1.]), units='norm', vertices=array([[ 0.5 , -0.05],
       [ 0.5 ,  0.05]]), win=Window(...), windingRule=None)
17.9188 	EXP 	Created unnamed TextStim = TextStim(__class__=<class 'psychopy.visual.text.TextStim'>, alignHoriz=method-wrapper(...), alignText='center', alignVert=method-wrapper(...), anchorHoriz='center', anchorVert='center', antialias=True, autoLog=True, bold=False, color=array([1., 1., 1.]), colorSpace='rgb', contrast=1.0, depth=0, flipHoriz=False, flipVert=False, font='', fontFiles=[], height=0.05, italic=False, languageStyle='LTR', name='unnamed TextStim', opacity=1.0, ori=0.0, pos=array([-0.5, -0.1]), rgb=UNKNOWN, text='Helt klart \n SPONTAN', units='norm', win=Window(...), wrapWidth=1)
17.9199 	EXP 	Created unnamed TextStim = TextStim(__class__=<class 'psychopy.visual.text.TextStim'>, alignHoriz=method-wrapper(...), alignText='center', alignVert=method-wrapper(...), anchorHoriz='center', anchorVert='center', antialias=True, autoLog=True, bold=False, color=array([1., 1., 1.]), colorSpace='rgb', contrast=1.0, depth=0, flipHoriz=False, flipVert=False, font='', fontFiles=[], height=0.05, italic=False, languageStyle='LTR', name='unnamed TextStim', opacity=1.0, ori=0.0, pos=array([-0.16666667, -0.1       ]), rgb=UNKNOWN, text='', units='norm', win=Window(...), wrapWidth=1)
17.9209 	EXP 	Created unnamed TextStim = TextStim(__class__=<class 'psychopy.visual.text.TextStim'>, alignHoriz=method-wrapper(...), alignText='center', alignVert=method-wrapper(...), anchorHoriz='center', anchorVert='center', antialias=True, autoLog=True, bold=False, color=array([1., 1., 1.]), colorSpace='rgb', contrast=1.0, depth=0, flipHoriz=False, flipVert=False, font='', fontFiles=[], height=0.05, italic=False, languageStyle='LTR', name='unnamed TextStim', opacity=1.0, ori=0.0, pos=array([ 0.16666667, -0.1       ]), rgb=UNKNOWN, text='', units='norm', win=Window(...), wrapWidth=1)
17.9255 	EXP 	Created unnamed TextStim = TextStim(__class__=<class 'psychopy.visual.text.TextStim'>, alignHoriz=method-wrapper(...), alignText='center', alignVert=method-wrapper(...), anchorHoriz='center', anchorVert='center', antialias=True, autoLog=True, bold=False, color=array([1., 1., 1.]), colorSpace='rgb', contrast=1.0, depth=0, flipHoriz=False, flipVert=False, font='', fontFiles=[], height=0.05, italic=False, languageStyle='LTR', name='unnamed TextStim', opacity=1.0, ori=0.0, pos=array([ 0.5, -0.1]), rgb=UNKNOWN, text='Helt klart \n BEVISST', units='norm', win=Window(...), wrapWidth=1)
17.9274 	EXP 	Created unnamed ShapeStim = ShapeStim(__class__=<class 'psychopy.visual.shape.ShapeStim'>, autoDraw=False, autoLog=True, closeShape=True, color=method-wrapper(...), colorSpace='rgb', contrast=None, depth=0, fillColor=array([1, 1, 1]), fillColorSpace='rgb', fillRGB=array([1, 1, 1]), interpolate=True, lineColor=array([-1., -1., -1.]), lineColorSpace='rgb', lineRGB=array([-1, -1, -1]), lineWidth=1.5, name='unnamed ShapeStim', opacity=1.0, ori=0.0, pos=array([0., 0.]), size=array([1., 1.]), units='norm', vertices=ndarray(...), win=Window(...), windingRule=None)
17.9767 	EXP 	Sound  set volume 1.000
18.0066 	EXP 	unnamed ShapeStim: vertices = <class 'numpy.ndarray'>
18.0066 	EXP 	unnamed ShapeStim: vertices = <class 'numpy.ndarray'>
18.0066 	EXP 	unnamed ShapeStim: vertices = <class 'numpy.ndarray'>
44.5297 	DATA 	Keypress: rctrl
45.0456 	EXP 	Sound  started
45.2656 	DATA 	Keypress: rctrl
45.7956 	EXP 	Sound  started
45.9856 	DATA 	Keypress: lctrl
46.4976 	DATA 	Keypress: rctrl
46.5456 	EXP 	Sound  started
47.2336 	DATA 	Keypress: lctrl
47.2957 	EXP 	Sound  started
47.9696 	DATA 	Keypress: rctrl
48.0457 	EXP 	Sound  started
48.6736 	DATA 	Keypress: lctrl
48.7957 	EXP 	Sound  started
49.4577 	DATA 	Keypress: rctrl
49.5457 	EXP 	Sound  started
50.2096 	DATA 	Keypress: lctrl
50.2957 	EXP 	Sound  started
50.9456 	DATA 	Keypress: rctrl
51.0457 	EXP 	Sound  started
51.6496 	DATA 	Keypress: lctrl
51.7958 	EXP 	Sound  started
52.4336 	DATA 	Keypress: rctrl
52.5458 	EXP 	Sound  started
53.1216 	DATA 	Keypress: lctrl
53.2958 	EXP 	Sound  started
53.8896 	DATA 	Keypress: rctrl
54.0458 	EXP 	Sound  started
54.6417 	DATA 	Keypress: rctrl
54.7958 	EXP 	Sound  started
55.4096 	DATA 	Keypress: lctrl
55.5458 	EXP 	Sound  started
56.1296 	DATA 	Keypress: rctrl
56.2958 	EXP 	Sound  started
56.8496 	DATA 	Keypress: lctrl
57.0458 	EXP 	Sound  started
57.5376 	DATA 	Keypress: lctrl
57.7959 	EXP 	Sound  started
58.2896 	DATA 	Keypress: rctrl
58.5459 	EXP 	Sound  started
59.0736 	DATA 	Keypress: rctrl
59.2959 	EXP 	Sound  started
59.7936 	DATA 	Keypress: lctrl
60.0459 	EXP 	Sound  started
60.4816 	DATA 	Keypress: rctrl
60.7959 	EXP 	Sound  started
61.4096 	DATA 	Keypress: lctrl
61.5459 	EXP 	Sound  started
62.1297 	DATA 	Keypress: rctrl
62.2959 	EXP 	Sound  started
62.8337 	DATA 	Keypress: lctrl
63.0460 	EXP 	Sound  started
63.6176 	DATA 	Keypress: rctrl
63.7960 	EXP 	Sound  started
64.4017 	DATA 	Keypress: lctrl
64.5460 	EXP 	Sound  started
65.1376 	DATA 	Keypress: rctrl
65.2960 	EXP 	Sound  started
65.9376 	DATA 	Keypress: lctrl
66.0460 	EXP 	Sound  started
66.6096 	DATA 	Keypress: lctrl
66.7960 	EXP 	Sound  started
67.3936 	DATA 	Keypress: rctrl
67.5460 	EXP 	Sound  started
68.1136 	DATA 	Keypress: rctrl
68.2961 	EXP 	Sound  started
68.8497 	DATA 	Keypress: lctrl
69.0461 	EXP 	Sound  started
69.5536 	DATA 	Keypress: rctrl
69.7961 	EXP 	Sound  started
70.3376 	DATA 	Keypress: lctrl
70.5461 	EXP 	Sound  started
71.1056 	DATA 	Keypress: lctrl
71.2961 	EXP 	Sound  started
71.9056 	DATA 	Keypress: rctrl
72.0461 	EXP 	Sound  started
72.6416 	DATA 	Keypress: lctrl
72.7961 	EXP 	Sound  started
73.3777 	DATA 	Keypress: lctrl
73.5462 	EXP 	Sound  started
74.0976 	DATA 	Keypress: rctrl
74.2962 	EXP 	Sound  started
74.8176 	DATA 	Keypress: lctrl
75.0462 	EXP 	Sound  started
75.5696 	DATA 	Keypress: rctrl
75.7962 	EXP 	Sound  started
76.3216 	DATA 	Keypress: rctrl
76.5462 	EXP 	Sound  started
77.0896 	DATA 	Keypress: lctrl
77.2962 	EXP 	Sound  started
77.7937 	DATA 	Keypress: rctrl
78.0462 	EXP 	Sound  started
78.5456 	DATA 	Keypress: lctrl
78.7963 	EXP 	Sound  started
79.3136 	DATA 	Keypress: lctrl
79.5463 	EXP 	Sound  started
80.0016 	DATA 	Keypress: rctrl
80.2963 	EXP 	Sound  started
80.7377 	DATA 	Keypress: rctrl
81.0463 	EXP 	Sound  started
81.6496 	DATA 	Keypress: lctrl
81.7963 	EXP 	Sound  started
82.4977 	DATA 	Keypress: lctrl
82.5463 	EXP 	Sound  started
83.2816 	DATA 	Keypress: rctrl
83.2963 	EXP 	Sound  started
83.9376 	DATA 	Keypress: lctrl
84.0463 	EXP 	Sound  started
84.6737 	DATA 	Keypress: lctrl
84.7964 	EXP 	Sound  started
85.4736 	DATA 	Keypress: rctrl
85.5464 	EXP 	Sound  started
86.2416 	DATA 	Keypress: rctrl
86.2964 	EXP 	Sound  started
87.0096 	DATA 	Keypress: lctrl
87.0464 	EXP 	Sound  started
87.7616 	DATA 	Keypress: rctrl
87.7964 	EXP 	Sound  started
88.4656 	DATA 	Keypress: lctrl
88.5464 	EXP 	Sound  started
89.2337 	DATA 	Keypress: rctrl
89.2964 	EXP 	Sound  started
89.9856 	DATA 	Keypress: lctrl
90.0465 	EXP 	Sound  started
90.7536 	DATA 	Keypress: lctrl
90.7965 	EXP 	Sound  started
91.4576 	DATA 	Keypress: lctrl
91.5465 	EXP 	Sound  started
92.1616 	DATA 	Keypress: rctrl
92.2965 	EXP 	Sound  started
92.8656 	DATA 	Keypress: rctrl
93.0465 	EXP 	Sound  started
93.6656 	DATA 	Keypress: rctrl
93.7965 	EXP 	Sound  started
94.3376 	DATA 	Keypress: rctrl
94.5465 	EXP 	Sound  started
95.2336 	DATA 	Keypress: lctrl
95.2966 	EXP 	Sound  started
95.9856 	DATA 	Keypress: lctrl
96.0466 	EXP 	Sound  started
96.7376 	DATA 	Keypress: lctrl
96.7966 	EXP 	Sound  started
97.4416 	DATA 	Keypress: lctrl
97.5466 	EXP 	Sound  started
98.1777 	DATA 	Keypress: rctrl
98.2966 	EXP 	Sound  started
98.9136 	DATA 	Keypress: lctrl
99.0466 	EXP 	Sound  started
99.6016 	DATA 	Keypress: rctrl
99.7967 	EXP 	Sound  started
100.3376 	DATA 	Keypress: rctrl
100.5467 	EXP 	Sound  started
101.1536 	DATA 	Keypress: lctrl
101.2967 	EXP 	Sound  started
101.8576 	DATA 	Keypress: rctrl
102.0467 	EXP 	Sound  started
102.5777 	DATA 	Keypress: lctrl
102.7967 	EXP 	Sound  started
103.3136 	DATA 	Keypress: rctrl
103.5467 	EXP 	Sound  started
104.1937 	DATA 	Keypress: lctrl
104.3270 	EXP 	unnamed TextStim: text = ''
104.3270 	EXP 	unnamed TextStim: text = ''
105.6449 	DATA 	Keypress: 4
105.6615 	EXP 	unnamed ShapeStim: vertices = <class 'numpy.ndarray'>
107.1956 	EXP 	unnamed TextStim: text = ''
107.1956 	EXP 	unnamed TextStim: text = ''
112.0497 	DATA 	Keypress: 2
112.0662 	EXP 	unnamed ShapeStim: vertices = <class 'numpy.ndarray'>
113.6008 	EXP 	unnamed TextStim: text = ''
113.6008 	EXP 	unnamed TextStim: text = ''
119.6059 	DATA 	Keypress: 4
119.6224 	EXP 	unnamed ShapeStim: vertices = <class 'numpy.ndarray'>
121.9068 	EXP 	Sound  started
121.9070 	DATA 	Keypress: lctrl
122.5457 	DATA 	Keypress: rctrl
122.6568 	EXP 	Sound  started
123.3616 	DATA 	Keypress: lctrl
123.4068 	EXP 	Sound  started
124.0496 	DATA 	Keypress: rctrl
124.1568 	EXP 	Sound  started
124.7856 	DATA 	Keypress: lctrl
124.9068 	EXP 	Sound  started
125.5056 	DATA 	Keypress: rctrl
125.6568 	EXP 	Sound  started
126.2576 	DATA 	Keypress: lctrl
126.4068 	EXP 	Sound  started
126.8817 	DATA 	Keypress: rctrl
127.1568 	EXP 	Sound  started
127.6497 	DATA 	Keypress: rctrl
127.9069 	EXP 	Sound  started
128.4337 	DATA 	Keypress: lctrl
128.6569 	EXP 	Sound  started
129.2017 	DATA 	Keypress: rctrl
129.4069 	EXP 	Sound  started
129.9056 	DATA 	Keypress: lctrl
130.1569 	EXP 	Sound  started
130.6256 	DATA 	Keypress: lctrl
130.9069 	EXP 	Sound  started
131.3136 	DATA 	Keypress: lctrl
131.6569 	EXP 	Sound  started
132.1616 	DATA 	Keypress: rctrl
132.4069 	EXP 	Sound  started
132.8656 	DATA 	Keypress: lctrl
133.1570 	EXP 	Sound  started
133.4897 	DATA 	Keypress: lctrl
133.9070 	EXP 	Sound  started
134.3537 	DATA 	Keypress: rctrl
134.6570 	EXP 	Sound  started
135.1216 	DATA 	Keypress: rctrl
135.4070 	EXP 	Sound  started
135.9057 	DATA 	Keypress: lctrl
136.1570 	EXP 	Sound  started
136.6256 	DATA 	Keypress: rctrl
136.9070 	EXP 	Sound  started
137.4417 	DATA 	Keypress: lctrl
137.6570 	EXP 	Sound  started
138.2256 	DATA 	Keypress: rctrl
138.4071 	EXP 	Sound  started
138.9456 	DATA 	Keypress: lctrl
139.1571 	EXP 	Sound  started
139.7136 	DATA 	Keypress: lctrl
139.9071 	EXP 	Sound  started
140.4176 	DATA 	Keypress: rctrl
140.6571 	EXP 	Sound  started
141.2016 	DATA 	Keypress: rctrl
141.4071 	EXP 	Sound  started
141.9537 	DATA 	Keypress: rctrl
142.1571 	EXP 	Sound  started
142.7056 	DATA 	Keypress: lctrl
142.9071 	EXP 	Sound  started
143.4416 	DATA 	Keypress: rctrl
143.6572 	EXP 	Sound  started
144.1776 	DATA 	Keypress: lctrl
144.4072 	EXP 	Sound  started
144.9776 	DATA 	Keypress: rctrl
145.1572 	EXP 	Sound  started
145.6977 	DATA 	Keypress: rctrl
145.9072 	EXP 	Sound  started
146.4817 	DATA 	Keypress: lctrl
146.6572 	EXP 	Sound  started
147.1856 	DATA 	Keypress: lctrl
147.4072 	EXP 	Sound  started
148.0016 	DATA 	Keypress: lctrl
148.1573 	EXP 	Sound  started
148.7857 	DATA 	Keypress: rctrl
148.9073 	EXP 	Sound  started
149.4096 	DATA 	Keypress: lctrl
149.6573 	EXP 	Sound  started
150.1777 	DATA 	Keypress: lctrl
150.4073 	EXP 	Sound  started
150.8976 	DATA 	Keypress: rctrl
151.1573 	EXP 	Sound  started
151.5696 	DATA 	Keypress: lctrl
151.9073 	EXP 	Sound  started
152.3855 	DATA 	Keypress: rctrl
152.6573 	EXP 	Sound  started
153.0416 	DATA 	Keypress: rctrl
153.4074 	EXP 	Sound  started
153.8416 	DATA 	Keypress: lctrl
154.1574 	EXP 	Sound  started
154.6096 	DATA 	Keypress: rctrl
154.9074 	EXP 	Sound  started
155.5376 	DATA 	Keypress: lctrl
155.6574 	EXP 	Sound  started
156.2416 	DATA 	Keypress: rctrl
156.4074 	EXP 	Sound  started
156.8495 	DATA 	Keypress: rctrl
156.8975 	DATA 	Keypress: rctrl
157.1574 	EXP 	Sound  started
157.6335 	DATA 	Keypress: lctrl
157.9074 	EXP 	Sound  started
158.3857 	DATA 	Keypress: lctrl
158.6575 	EXP 	Sound  started
159.1216 	DATA 	Keypress: rctrl
159.4075 	EXP 	Sound  started
159.8736 	DATA 	Keypress: rctrl
160.1575 	EXP 	Sound  started
160.6736 	DATA 	Keypress: lctrl
160.9075 	EXP 	Sound  started
161.4255 	DATA 	Keypress: lctrl
161.6575 	EXP 	Sound  started
162.1295 	DATA 	Keypress: rctrl
162.4075 	EXP 	Sound  started
162.8816 	DATA 	Keypress: rctrl
163.1575 	EXP 	Sound  started
163.6338 	DATA 	Keypress: lctrl
163.9076 	EXP 	Sound  started
164.3856 	DATA 	Keypress: lctrl
164.6576 	EXP 	Sound  started
165.2177 	DATA 	Keypress: rctrl
165.4076 	EXP 	Sound  started
165.9696 	DATA 	Keypress: rctrl
166.1576 	EXP 	Sound  started
166.6896 	DATA 	Keypress: lctrl
166.9076 	EXP 	Sound  started
167.3456 	DATA 	Keypress: lctrl
167.6576 	EXP 	Sound  started
168.2416 	DATA 	Keypress: rctrl
168.4076 	EXP 	Sound  started
168.9136 	DATA 	Keypress: rctrl
169.1577 	EXP 	Sound  started
169.2817 	DATA 	Keypress: lctrl
169.9077 	EXP 	Sound  started
170.4016 	DATA 	Keypress: lctrl
170.6577 	EXP 	Sound  started
171.1856 	DATA 	Keypress: rctrl
171.4077 	EXP 	Sound  started
171.9376 	DATA 	Keypress: rctrl
172.1577 	EXP 	Sound  started
172.8016 	DATA 	Keypress: lctrl
172.9077 	EXP 	Sound  started
173.5377 	DATA 	Keypress: lctrl
173.6577 	EXP 	Sound  started
174.2416 	DATA 	Keypress: rctrl
174.4078 	EXP 	Sound  started
175.0096 	DATA 	Keypress: rctrl
175.1578 	EXP 	Sound  started
175.7936 	DATA 	Keypress: lctrl
175.9078 	EXP 	Sound  started
176.5776 	DATA 	Keypress: rctrl
176.6578 	EXP 	Sound  started
177.2816 	DATA 	Keypress: lctrl
177.4078 	EXP 	Sound  started
177.9856 	DATA 	Keypress: rctrl
178.1578 	EXP 	Sound  started
178.7536 	DATA 	Keypress: lctrl
178.9078 	EXP 	Sound  started
179.4416 	DATA 	Keypress: lctrl
179.6579 	EXP 	Sound  started
180.1776 	DATA 	Keypress: rctrl
180.4079 	EXP 	Sound  started
180.9456 	DATA 	Keypress: rctrl
181.1579 	EXP 	Sound  started
181.7136 	DATA 	Keypress: lctrl
184.1960 	DATA 	Keypress: 4
184.2254 	EXP 	unnamed ShapeStim: vertices = <class 'numpy.ndarray'>
189.7802 	DATA 	Keypress: 2
189.7967 	EXP 	unnamed ShapeStim: vertices = <class 'numpy.ndarray'>
194.0375 	DATA 	Keypress: 4
194.0668 	EXP 	unnamed ShapeStim: vertices = <class 'numpy.ndarray'>
196.3516 	EXP 	Sound  started
196.5136 	DATA 	Keypress: lctrl
197.0416 	DATA 	Keypress: rctrl
197.1016 	EXP 	Sound  started
197.7616 	DATA 	Keypress: lctrl
197.8516 	EXP 	Sound  started
198.4656 	DATA 	Keypress: lctrl
198.6016 	EXP 	Sound  started
199.2176 	DATA 	Keypress: rctrl
199.3516 	EXP 	Sound  started
199.9857 	DATA 	Keypress: rctrl
200.1016 	EXP 	Sound  started
200.6416 	DATA 	Keypress: lctrl
200.8516 	EXP 	Sound  started
201.3776 	DATA 	Keypress: lctrl
201.6016 	EXP 	Sound  started
202.0816 	DATA 	Keypress: rctrl
202.3517 	EXP 	Sound  started
202.8336 	DATA 	Keypress: rctrl
203.1017 	EXP 	Sound  started
203.6496 	DATA 	Keypress: lctrl
203.8517 	EXP 	Sound  started
204.3696 	DATA 	Keypress: lctrl
204.6017 	EXP 	Sound  started
205.1376 	DATA 	Keypress: rctrl
205.3517 	EXP 	Sound  started
205.8736 	DATA 	Keypress: rctrl
206.1017 	EXP 	Sound  started
206.5937 	DATA 	Keypress: lctrl
206.8517 	EXP 	Sound  started
207.4736 	DATA 	Keypress: rctrl
207.6017 	EXP 	Sound  started
208.2256 	DATA 	Keypress: lctrl
208.3518 	EXP 	Sound  started
208.9296 	DATA 	Keypress: lctrl
209.1018 	EXP 	Sound  started
209.6497 	DATA 	Keypress: rctrl
209.8518 	EXP 	Sound  started
210.3856 	DATA 	Keypress: rctrl
210.6018 	EXP 	Sound  started
211.1857 	DATA 	Keypress: lctrl
211.3518 	EXP 	Sound  started
211.8896 	DATA 	Keypress: rctrl
212.1019 	EXP 	Sound  started
212.6897 	DATA 	Keypress: lctrl
212.8519 	EXP 	Sound  started
213.4415 	DATA 	Keypress: lctrl
213.6019 	EXP 	Sound  started
214.1616 	DATA 	Keypress: rctrl
214.3519 	EXP 	Sound  started
214.9936 	DATA 	Keypress: lctrl
215.1019 	EXP 	Sound  started
215.6976 	DATA 	Keypress: rctrl
215.8519 	EXP 	Sound  started
216.4016 	DATA 	Keypress: rctrl
216.6020 	EXP 	Sound  started
217.1856 	DATA 	Keypress: lctrl
217.3520 	EXP 	Sound  started
217.9376 	DATA 	Keypress: lctrl
218.1020 	EXP 	Sound  started
218.7217 	DATA 	Keypress: rctrl
218.8520 	EXP 	Sound  started
219.4096 	DATA 	Keypress: rctrl
219.6020 	EXP 	Sound  started
220.2256 	DATA 	Keypress: lctrl
220.3520 	EXP 	Sound  started
220.9936 	DATA 	Keypress: rctrl
221.1020 	EXP 	Sound  started
221.7456 	DATA 	Keypress: lctrl
221.8520 	EXP 	Sound  started
222.5456 	DATA 	Keypress: lctrl
222.6021 	EXP 	Sound  started
223.2976 	DATA 	Keypress: rctrl
223.3521 	EXP 	Sound  started
224.0976 	DATA 	Keypress: rctrl
224.1021 	EXP 	Sound  started
224.8176 	DATA 	Keypress: lctrl
224.8521 	EXP 	Sound  started
225.5217 	DATA 	Keypress: lctrl
225.6021 	EXP 	Sound  started
226.2736 	DATA 	Keypress: rctrl
226.3521 	EXP 	Sound  started
226.9936 	DATA 	Keypress: rctrl
227.1022 	EXP 	Sound  started
227.7776 	DATA 	Keypress: lctrl
227.8522 	EXP 	Sound  started
228.5616 	DATA 	Keypress: lctrl
228.6022 	EXP 	Sound  started
229.2656 	DATA 	Keypress: rctrl
229.3522 	EXP 	Sound  started
230.0656 	DATA 	Keypress: lctrl
230.1022 	EXP 	Sound  started
230.7537 	DATA 	Keypress: rctrl
230.8522 	EXP 	Sound  started
231.4896 	DATA 	Keypress: lctrl
231.6022 	EXP 	Sound  started
232.2256 	DATA 	Keypress: rctrl
232.3522 	EXP 	Sound  started
232.9619 	DATA 	Keypress: rctrl
233.1022 	EXP 	Sound  started
233.7136 	DATA 	Keypress: lctrl
233.8523 	EXP 	Sound  started
234.4496 	DATA 	Keypress: lctrl
234.6023 	EXP 	Sound  started
235.2496 	DATA 	Keypress: rctrl
235.3523 	EXP 	Sound  started
236.0495 	DATA 	Keypress: lctrl
236.1023 	EXP 	Sound  started
236.7697 	DATA 	Keypress: lctrl
236.8523 	EXP 	Sound  started
237.5696 	DATA 	Keypress: rctrl
237.6023 	EXP 	Sound  started
238.2736 	DATA 	Keypress: rctrl
238.3523 	EXP 	Sound  started
239.0576 	DATA 	Keypress: lctrl
239.1023 	EXP 	Sound  started
239.7135 	DATA 	Keypress: lctrl
239.8524 	EXP 	Sound  started
240.4495 	DATA 	Keypress: rctrl
240.6024 	EXP 	Sound  started
241.2015 	DATA 	Keypress: rctrl
241.3524 	EXP 	Sound  started
241.9856 	DATA 	Keypress: lctrl
242.1024 	EXP 	Sound  started
242.7696 	DATA 	Keypress: lctrl
242.8524 	EXP 	Sound  started
243.5536 	DATA 	Keypress: rctrl
243.6024 	EXP 	Sound  started
244.2736 	DATA 	Keypress: rctrl
244.3525 	EXP 	Sound  started
245.0576 	DATA 	Keypress: lctrl
245.1025 	EXP 	Sound  started
245.6977 	DATA 	Keypress: lctrl
245.8525 	EXP 	Sound  started
246.5296 	DATA 	Keypress: rctrl
246.6025 	EXP 	Sound  started
247.2816 	DATA 	Keypress: rctrl
247.3525 	EXP 	Sound  started
248.0336 	DATA 	Keypress: lctrl
248.1025 	EXP 	Sound  started
248.7536 	DATA 	Keypress: lctrl
248.8525 	EXP 	Sound  started
249.4896 	DATA 	Keypress: rctrl
249.6025 	EXP 	Sound  started
250.2416 	DATA 	Keypress: lctrl
250.3526 	EXP 	Sound  started
251.0416 	DATA 	Keypress: rctrl
251.1026 	EXP 	Sound  started
251.7616 	DATA 	Keypress: lctrl
251.8526 	EXP 	Sound  started
252.4976 	DATA 	Keypress: rctrl
252.6026 	EXP 	Sound  started
253.2816 	DATA 	Keypress: lctrl
253.3526 	EXP 	Sound  started
254.0176 	DATA 	Keypress: lctrl
254.1026 	EXP 	Sound  started
254.7056 	DATA 	Keypress: rctrl
254.8527 	EXP 	Sound  started
255.5056 	DATA 	Keypress: rctrl
255.6027 	EXP 	Sound  started
256.2577 	DATA 	Keypress: rctrl
256.3527 	EXP 	Sound  started
256.9937 	DATA 	Keypress: lctrl
257.1027 	EXP 	Sound  started
257.7296 	DATA 	Keypress: lctrl
257.8527 	EXP 	Sound  started
258.4976 	DATA 	Keypress: rctrl
258.6027 	EXP 	Sound  started
259.2656 	DATA 	Keypress: rctrl
259.3527 	EXP 	Sound  started
260.0176 	DATA 	Keypress: rctrl
260.1027 	EXP 	Sound  started
260.8335 	DATA 	Keypress: lctrl
260.8527 	EXP 	Sound  started
261.5216 	DATA 	Keypress: lctrl
261.6028 	EXP 	Sound  started
262.2736 	DATA 	Keypress: rctrl
262.3528 	EXP 	Sound  started
263.0257 	DATA 	Keypress: rctrl
266.8767 	DATA 	Keypress: 3
266.8932 	EXP 	unnamed ShapeStim: vertices = <class 'numpy.ndarray'>
271.8141 	DATA 	Keypress: 2
271.8306 	EXP 	unnamed ShapeStim: vertices = <class 'numpy.ndarray'>
284.2448 	DATA 	Keypress: 3
284.2741 	EXP 	unnamed ShapeStim: vertices = <class 'numpy.ndarray'>
286.5595 	EXP 	Sound  started
286.5597 	DATA 	Keypress: rctrl
286.7695 	DATA 	Keypress: lctrl
287.3095 	EXP 	Sound  started
287.8576 	DATA 	Keypress: lctrl
288.0596 	EXP 	Sound  started
288.6255 	DATA 	Keypress: rctrl
288.8096 	EXP 	Sound  started
289.3936 	DATA 	Keypress: rctrl
289.5596 	EXP 	Sound  started
290.0977 	DATA 	Keypress: rctrl
290.3096 	EXP 	Sound  started
290.8977 	DATA 	Keypress: lctrl
291.0596 	EXP 	Sound  started
291.6496 	DATA 	Keypress: lctrl
291.8096 	EXP 	Sound  started
292.3856 	DATA 	Keypress: rctrl
292.5596 	EXP 	Sound  started
293.1696 	DATA 	Keypress: rctrl
293.3097 	EXP 	Sound  started
293.9216 	DATA 	Keypress: lctrl
294.0597 	EXP 	Sound  started
294.7216 	DATA 	Keypress: lctrl
294.8097 	EXP 	Sound  started
295.3936 	DATA 	Keypress: rctrl
295.5597 	EXP 	Sound  started
296.0657 	DATA 	Keypress: lctrl
296.3097 	EXP 	Sound  started
296.8016 	DATA 	Keypress: lctrl
297.0597 	EXP 	Sound  started
297.5856 	DATA 	Keypress: rctrl
297.8097 	EXP 	Sound  started
298.3056 	DATA 	Keypress: rctrl
298.5597 	EXP 	Sound  started
299.0896 	DATA 	Keypress: rctrl
299.3098 	EXP 	Sound  started
299.9697 	DATA 	Keypress: lctrl
300.0598 	EXP 	Sound  started
300.6576 	DATA 	Keypress: rctrl
300.8098 	EXP 	Sound  started
301.3616 	DATA 	Keypress: lctrl
301.5598 	EXP 	Sound  started
302.0497 	DATA 	Keypress: lctrl
302.3098 	EXP 	Sound  started
302.8656 	DATA 	Keypress: rctrl
303.0598 	EXP 	Sound  started
303.5696 	DATA 	Keypress: rctrl
303.8098 	EXP 	Sound  started
304.3216 	DATA 	Keypress: rctrl
304.5599 	EXP 	Sound  started
305.0416 	DATA 	Keypress: rctrl
305.3099 	EXP 	Sound  started
305.8416 	DATA 	Keypress: lctrl
306.0599 	EXP 	Sound  started
306.6577 	DATA 	Keypress: lctrl
306.8099 	EXP 	Sound  started
307.3936 	DATA 	Keypress: lctrl
307.5599 	EXP 	Sound  started
308.0976 	DATA 	Keypress: rctrl
308.3099 	EXP 	Sound  started
308.8337 	DATA 	Keypress: rctrl
309.0599 	EXP 	Sound  started
309.6017 	DATA 	Keypress: lctrl
309.8100 	EXP 	Sound  started
310.3696 	DATA 	Keypress: lctrl
310.5600 	EXP 	Sound  started
311.0736 	DATA 	Keypress: lctrl
311.3100 	EXP 	Sound  started
311.8577 	DATA 	Keypress: rctrl
312.0600 	EXP 	Sound  started
312.6417 	DATA 	Keypress: rctrl
312.8100 	EXP 	Sound  started
313.3456 	DATA 	Keypress: rctrl
313.5600 	EXP 	Sound  started
314.1296 	DATA 	Keypress: rctrl
314.3100 	EXP 	Sound  started
314.9136 	DATA 	Keypress: rctrl
315.0601 	EXP 	Sound  started
315.6497 	DATA 	Keypress: rctrl
315.8101 	EXP 	Sound  started
316.4016 	DATA 	Keypress: lctrl
316.5601 	EXP 	Sound  started
317.1536 	DATA 	Keypress: lctrl
317.3101 	EXP 	Sound  started
317.8416 	DATA 	Keypress: rctrl
318.0601 	EXP 	Sound  started
318.5776 	DATA 	Keypress: rctrl
318.8101 	EXP 	Sound  started
319.2816 	DATA 	Keypress: lctrl
319.5601 	EXP 	Sound  started
320.0977 	DATA 	Keypress: rctrl
320.3101 	EXP 	Sound  started
320.9456 	DATA 	Keypress: rctrl
321.0602 	EXP 	Sound  started
321.6656 	DATA 	Keypress: lctrl
321.8102 	EXP 	Sound  started
322.4016 	DATA 	Keypress: lctrl
322.5602 	EXP 	Sound  started
323.1856 	DATA 	Keypress: rctrl
323.3102 	EXP 	Sound  started
323.9056 	DATA 	Keypress: rctrl
324.0602 	EXP 	Sound  started
324.7377 	DATA 	Keypress: lctrl
324.8102 	EXP 	Sound  started
325.5216 	DATA 	Keypress: lctrl
325.5602 	EXP 	Sound  started
326.2416 	DATA 	Keypress: rctrl
326.3103 	EXP 	Sound  started
326.9457 	DATA 	Keypress: lctrl
327.0603 	EXP 	Sound  started
327.6336 	DATA 	Keypress: rctrl
327.8103 	EXP 	Sound  started
328.4976 	DATA 	Keypress: lctrl
328.5603 	EXP 	Sound  started
329.1856 	DATA 	Keypress: rctrl
329.3103 	EXP 	Sound  started
329.9376 	DATA 	Keypress: lctrl
330.0603 	EXP 	Sound  started
330.6736 	DATA 	Keypress: rctrl
330.8103 	EXP 	Sound  started
331.4736 	DATA 	Keypress: lctrl
331.5604 	EXP 	Sound  started
332.2257 	DATA 	Keypress: rctrl
335.6498 	DATA 	Keypress: 3
335.6663 	EXP 	unnamed ShapeStim: vertices = <class 'numpy.ndarray'>
339.0025 	DATA 	Keypress: 2
339.0190 	EXP 	unnamed ShapeStim: vertices = <class 'numpy.ndarray'>
341.6053 	DATA 	Keypress: 3
341.6217 	EXP 	unnamed ShapeStim: vertices = <class 'numpy.ndarray'>
343.9053 	EXP 	Sound  started
343.9055 	DATA 	Keypress: lctrl
344.4496 	DATA 	Keypress: rctrl
344.6553 	EXP 	Sound  started
345.2816 	DATA 	Keypress: lctrl
345.4053 	EXP 	Sound  started
345.9697 	DATA 	Keypress: lctrl
346.1553 	EXP 	Sound  started
346.7376 	DATA 	Keypress: rctrl
346.9053 	EXP 	Sound  started
347.5536 	DATA 	Keypress: lctrl
347.6554 	EXP 	Sound  started
348.2416 	DATA 	Keypress: rctrl
348.4054 	EXP 	Sound  started
348.9776 	DATA 	Keypress: rctrl
349.1554 	EXP 	Sound  started
349.7616 	DATA 	Keypress: lctrl
349.9054 	EXP 	Sound  started
350.4976 	DATA 	Keypress: lctrl
350.6554 	EXP 	Sound  started
351.2496 	DATA 	Keypress: rctrl
351.4054 	EXP 	Sound  started
351.9376 	DATA 	Keypress: rctrl
352.1555 	EXP 	Sound  started
352.7376 	DATA 	Keypress: lctrl
352.9055 	EXP 	Sound  started
353.5056 	DATA 	Keypress: rctrl
353.6555 	EXP 	Sound  started
354.2736 	DATA 	Keypress: lctrl
354.4055 	EXP 	Sound  started
355.0256 	DATA 	Keypress: rctrl
355.1555 	EXP 	Sound  started
355.7936 	DATA 	Keypress: lctrl
355.9055 	EXP 	Sound  started
356.4976 	DATA 	Keypress: lctrl
356.6555 	EXP 	Sound  started
357.2656 	DATA 	Keypress: rctrl
357.4055 	EXP 	Sound  started
358.0336 	DATA 	Keypress: rctrl
358.1556 	EXP 	Sound  started
358.7856 	DATA 	Keypress: rctrl
358.9056 	EXP 	Sound  started
359.5696 	DATA 	Keypress: lctrl
359.6556 	EXP 	Sound  started
360.3216 	DATA 	Keypress: lctrl
360.4056 	EXP 	Sound  started
361.0736 	DATA 	Keypress: rctrl
361.1556 	EXP 	Sound  started
361.8256 	DATA 	Keypress: lctrl
361.9056 	EXP 	Sound  started
362.6097 	DATA 	Keypress: rctrl
362.6556 	EXP 	Sound  started
363.3137 	DATA 	Keypress: lctrl
363.4057 	EXP 	Sound  started
364.0337 	DATA 	Keypress: rctrl
364.1557 	EXP 	Sound  started
364.7856 	DATA 	Keypress: lctrl
364.9057 	EXP 	Sound  started
365.6557 	EXP 	Sound  started
365.6656 	DATA 	Keypress: rctrl
366.4057 	EXP 	Sound  started
366.4656 	DATA 	Keypress: lctrl
367.1377 	DATA 	Keypress: rctrl
367.1557 	EXP 	Sound  started
367.8896 	DATA 	Keypress: lctrl
367.9057 	EXP 	Sound  started
368.5936 	DATA 	Keypress: lctrl
368.6557 	EXP 	Sound  started
369.3776 	DATA 	Keypress: rctrl
369.4058 	EXP 	Sound  started
370.1296 	DATA 	Keypress: rctrl
370.1558 	EXP 	Sound  started
370.8497 	DATA 	Keypress: lctrl
370.9058 	EXP 	Sound  started
371.5697 	DATA 	Keypress: rctrl
371.6558 	EXP 	Sound  started
372.4016 	DATA 	Keypress: lctrl
372.4058 	EXP 	Sound  started
373.1376 	DATA 	Keypress: lctrl
373.1558 	EXP 	Sound  started
373.8576 	DATA 	Keypress: lctrl
373.9059 	EXP 	Sound  started
374.5776 	DATA 	Keypress: lctrl
374.6559 	EXP 	Sound  started
375.4059 	EXP 	Sound  started
375.4256 	DATA 	Keypress: lctrl
376.1559 	EXP 	Sound  started
376.2096 	DATA 	Keypress: lctrl
376.9059 	EXP 	Sound  started
376.9457 	DATA 	Keypress: lctrl
377.6559 	EXP 	Sound  started
377.7296 	DATA 	Keypress: lctrl
378.4060 	EXP 	Sound  started
378.4817 	DATA 	Keypress: lctrl
379.1216 	DATA 	Keypress: rctrl
379.1560 	EXP 	Sound  started
379.9060 	EXP 	Sound  started
379.9376 	DATA 	Keypress: lctrl
380.6560 	EXP 	Sound  started
380.6736 	DATA 	Keypress: rctrl
381.3456 	DATA 	Keypress: lctrl
381.4060 	EXP 	Sound  started
382.1456 	DATA 	Keypress: rctrl
382.1560 	EXP 	Sound  started
382.8816 	DATA 	Keypress: lctrl
382.9060 	EXP 	Sound  started
383.4897 	DATA 	Keypress: rctrl
383.6560 	EXP 	Sound  started
384.2896 	DATA 	Keypress: lctrl
384.4061 	EXP 	Sound  started
385.0416 	DATA 	Keypress: rctrl
385.1561 	EXP 	Sound  started
385.7936 	DATA 	Keypress: lctrl
385.9061 	EXP 	Sound  started
386.6257 	DATA 	Keypress: rctrl
386.6561 	EXP 	Sound  started
387.4061 	EXP 	Sound  started
387.4096 	DATA 	Keypress: lctrl
388.1136 	DATA 	Keypress: rctrl
388.1561 	EXP 	Sound  started
388.8977 	DATA 	Keypress: lctrl
388.9061 	EXP 	Sound  started
389.6017 	DATA 	Keypress: lctrl
389.6562 	EXP 	Sound  started
390.2736 	DATA 	Keypress: rctrl
390.4062 	EXP 	Sound  started
391.0736 	DATA 	Keypress: rctrl
391.1562 	EXP 	Sound  started
391.8096 	DATA 	Keypress: lctrl
391.9062 	EXP 	Sound  started
392.5296 	DATA 	Keypress: lctrl
392.6562 	EXP 	Sound  started
393.3457 	DATA 	Keypress: rctrl
393.4062 	EXP 	Sound  started
394.1562 	EXP 	Sound  started
394.1617 	DATA 	Keypress: lctrl
394.8656 	DATA 	Keypress: lctrl
394.9062 	EXP 	Sound  started
395.6337 	DATA 	Keypress: lctrl
395.6563 	EXP 	Sound  started
396.4063 	EXP 	Sound  started
396.4336 	DATA 	Keypress: lctrl
397.1376 	DATA 	Keypress: rctrl
397.1563 	EXP 	Sound  started
397.9063 	EXP 	Sound  started
397.9696 	DATA 	Keypress: rctrl
398.5937 	DATA 	Keypress: rctrl
401.2369 	DATA 	Keypress: 3
401.2534 	EXP 	unnamed ShapeStim: vertices = <class 'numpy.ndarray'>
403.1089 	DATA 	Keypress: 2
403.1383 	EXP 	unnamed ShapeStim: vertices = <class 'numpy.ndarray'>
411.8957 	DATA 	Keypress: 3
411.9122 	EXP 	unnamed ShapeStim: vertices = <class 'numpy.ndarray'>
414.1961 	EXP 	Sound  started
414.1963 	DATA 	Keypress: lctrl
414.8016 	DATA 	Keypress: rctrl
414.9461 	EXP 	Sound  started
415.5696 	DATA 	Keypress: rctrl
415.6961 	EXP 	Sound  started
416.2737 	DATA 	Keypress: lctrl
416.4461 	EXP 	Sound  started
417.0256 	DATA 	Keypress: rctrl
417.1961 	EXP 	Sound  started
417.7616 	DATA 	Keypress: lctrl
417.9461 	EXP 	Sound  started
418.4977 	DATA 	Keypress: rctrl
418.6962 	EXP 	Sound  started
419.2976 	DATA 	Keypress: lctrl
419.4462 	EXP 	Sound  started
420.0017 	DATA 	Keypress: rctrl
420.1962 	EXP 	Sound  started
420.8336 	DATA 	Keypress: lctrl
420.9462 	EXP 	Sound  started
421.5856 	DATA 	Keypress: lctrl
421.6962 	EXP 	Sound  started
422.3376 	DATA 	Keypress: rctrl
422.4462 	EXP 	Sound  started
423.1056 	DATA 	Keypress: rctrl
423.1962 	EXP 	Sound  started
423.8576 	DATA 	Keypress: lctrl
423.9462 	EXP 	Sound  started
424.6256 	DATA 	Keypress: lctrl
424.6963 	EXP 	Sound  started
425.3616 	DATA 	Keypress: rctrl
425.4463 	EXP 	Sound  started
426.0656 	DATA 	Keypress: rctrl
426.1963 	EXP 	Sound  started
426.9136 	DATA 	Keypress: lctrl
426.9463 	EXP 	Sound  started
427.6016 	DATA 	Keypress: lctrl
427.6963 	EXP 	Sound  started
428.3857 	DATA 	Keypress: rctrl
428.4463 	EXP 	Sound  started
429.1696 	DATA 	Keypress: rctrl
429.1963 	EXP 	Sound  started
429.8417 	DATA 	Keypress: rctrl
429.9464 	EXP 	Sound  started
430.5456 	DATA 	Keypress: lctrl
430.6964 	EXP 	Sound  started
431.3297 	DATA 	Keypress: lctrl
431.4464 	EXP 	Sound  started
432.0976 	DATA 	Keypress: lctrl
432.1964 	EXP 	Sound  started
432.8816 	DATA 	Keypress: rctrl
432.9464 	EXP 	Sound  started
433.6964 	EXP 	Sound  started
434.4464 	EXP 	Sound  started
435.0897 	DATA 	Keypress: rctrl
435.1965 	EXP 	Sound  started
435.9465 	EXP 	Sound  started
435.9696 	DATA 	Keypress: lctrl
436.6416 	DATA 	Keypress: lctrl
436.6965 	EXP 	Sound  started
437.3457 	DATA 	Keypress: lctrl
437.4465 	EXP 	Sound  started
438.1616 	DATA 	Keypress: rctrl
438.1965 	EXP 	Sound  started
438.9465 	EXP 	Sound  started
439.6656 	DATA 	Keypress: rctrl
439.6965 	EXP 	Sound  started
440.3696 	DATA 	Keypress: lctrl
440.4466 	EXP 	Sound  started
441.1056 	DATA 	Keypress: rctrl
441.1966 	EXP 	Sound  started
441.8096 	DATA 	Keypress: lctrl
441.9466 	EXP 	Sound  started
442.5297 	DATA 	Keypress: lctrl
442.6966 	EXP 	Sound  started
443.4256 	DATA 	Keypress: rctrl
443.4466 	EXP 	Sound  started
444.1136 	DATA 	Keypress: lctrl
444.1966 	EXP 	Sound  started
444.8656 	DATA 	Keypress: rctrl
444.9466 	EXP 	Sound  started
445.6016 	DATA 	Keypress: lctrl
445.6966 	EXP 	Sound  started
446.4467 	EXP 	Sound  started
447.1377 	DATA 	Keypress: lctrl
447.1967 	EXP 	Sound  started
447.8096 	DATA 	Keypress: rctrl
447.9467 	EXP 	Sound  started
448.6096 	DATA 	Keypress: lctrl
448.6967 	EXP 	Sound  started
449.4416 	DATA 	Keypress: rctrl
449.4467 	EXP 	Sound  started
450.0817 	DATA 	Keypress: lctrl
450.1967 	EXP 	Sound  started
450.9136 	DATA 	Keypress: lctrl
450.9467 	EXP 	Sound  started
451.6016 	DATA 	Keypress: lctrl
451.6968 	EXP 	Sound  started
452.4336 	DATA 	Keypress: lctrl
452.4468 	EXP 	Sound  started
453.1857 	DATA 	Keypress: lctrl
453.1968 	EXP 	Sound  started
453.8736 	DATA 	Keypress: rctrl
453.9468 	EXP 	Sound  started
454.6968 	EXP 	Sound  started
454.7376 	DATA 	Keypress: rctrl
455.2976 	DATA 	Keypress: rctrl
455.4469 	EXP 	Sound  started
456.1616 	DATA 	Keypress: rctrl
456.1969 	EXP 	Sound  started
456.9456 	DATA 	Keypress: lctrl
456.9469 	EXP 	Sound  started
457.5856 	DATA 	Keypress: rctrl
457.6969 	EXP 	Sound  started
458.2898 	DATA 	Keypress: lctrl
458.4469 	EXP 	Sound  started
459.1216 	DATA 	Keypress: rctrl
459.1969 	EXP 	Sound  started
459.7135 	DATA 	Keypress: lctrl
459.9469 	EXP 	Sound  started
460.6096 	DATA 	Keypress: rctrl
460.6969 	EXP 	Sound  started
461.3616 	DATA 	Keypress: rctrl
469.0759 	DATA 	Keypress: 2
469.0924 	EXP 	unnamed ShapeStim: vertices = <class 'numpy.ndarray'>
474.3135 	DATA 	Keypress: 2
474.3300 	EXP 	unnamed ShapeStim: vertices = <class 'numpy.ndarray'>
482.6036 	DATA 	Keypress: 2
482.6201 	EXP 	unnamed ShapeStim: vertices = <class 'numpy.ndarray'>
484.9049 	EXP 	Sound  started
484.9051 	DATA 	Keypress: rctrl
485.4575 	DATA 	Keypress: lctrl
485.6549 	EXP 	Sound  started
486.2736 	DATA 	Keypress: lctrl
486.4050 	EXP 	Sound  started
487.0256 	DATA 	Keypress: rctrl
487.1550 	EXP 	Sound  started
487.7296 	DATA 	Keypress: rctrl
487.9050 	EXP 	Sound  started
488.5136 	DATA 	Keypress: lctrl
488.6550 	EXP 	Sound  started
489.2176 	DATA 	Keypress: rctrl
489.4050 	EXP 	Sound  started
490.0336 	DATA 	Keypress: lctrl
490.1550 	EXP 	Sound  started
490.7376 	DATA 	Keypress: lctrl
490.9050 	EXP 	Sound  started
491.5536 	DATA 	Keypress: rctrl
491.6551 	EXP 	Sound  started
492.3536 	DATA 	Keypress: lctrl
492.4051 	EXP 	Sound  started
493.0736 	DATA 	Keypress: lctrl
493.1551 	EXP 	Sound  started
493.8416 	DATA 	Keypress: rctrl
493.9051 	EXP 	Sound  started
494.6096 	DATA 	Keypress: rctrl
494.6551 	EXP 	Sound  started
495.3615 	DATA 	Keypress: lctrl
495.4051 	EXP 	Sound  started
496.0976 	DATA 	Keypress: rctrl
496.1552 	EXP 	Sound  started
496.7696 	DATA 	Keypress: lctrl
496.9052 	EXP 	Sound  started
497.5056 	DATA 	Keypress: rctrl
497.6552 	EXP 	Sound  started
498.2256 	DATA 	Keypress: rctrl
498.4052 	EXP 	Sound  started
499.0096 	DATA 	Keypress: rctrl
499.1552 	EXP 	Sound  started
499.7936 	DATA 	Keypress: lctrl
499.9052 	EXP 	Sound  started
500.5136 	DATA 	Keypress: lctrl
500.6552 	EXP 	Sound  started
501.2816 	DATA 	Keypress: rctrl
501.4052 	EXP 	Sound  started
502.0976 	DATA 	Keypress: rctrl
502.1553 	EXP 	Sound  started
502.8176 	DATA 	Keypress: rctrl
502.9053 	EXP 	Sound  started
503.5536 	DATA 	Keypress: rctrl
503.6553 	EXP 	Sound  started
504.3696 	DATA 	Keypress: rctrl
504.4053 	EXP 	Sound  started
505.0416 	DATA 	Keypress: lctrl
505.1553 	EXP 	Sound  started
505.7456 	DATA 	Keypress: lctrl
505.9053 	EXP 	Sound  started
506.4817 	DATA 	Keypress: lctrl
506.6553 	EXP 	Sound  started
507.2816 	DATA 	Keypress: rctrl
507.4054 	EXP 	Sound  started
508.0016 	DATA 	Keypress: rctrl
508.1554 	EXP 	Sound  started
508.7216 	DATA 	Keypress: lctrl
508.9054 	EXP 	Sound  started
509.4736 	DATA 	Keypress: lctrl
509.6554 	EXP 	Sound  started
510.2256 	DATA 	Keypress: lctrl
510.4054 	EXP 	Sound  started
510.9616 	DATA 	Keypress: rctrl
511.1554 	EXP 	Sound  started
511.8576 	DATA 	Keypress: lctrl
511.9054 	EXP 	Sound  started
512.4656 	DATA 	Keypress: lctrl
512.6554 	EXP 	Sound  started
513.2976 	DATA 	Keypress: rctrl
513.4055 	EXP 	Sound  started
514.1136 	DATA 	Keypress: rctrl
514.1555 	EXP 	Sound  started
514.7856 	DATA 	Keypress: rctrl
514.9055 	EXP 	Sound  started
515.6336 	DATA 	Keypress: rctrl
515.6555 	EXP 	Sound  started
516.3056 	DATA 	Keypress: rctrl
516.4055 	EXP 	Sound  started
517.1057 	DATA 	Keypress: rctrl
517.1555 	EXP 	Sound  started
517.8097 	DATA 	Keypress: lctrl
517.9055 	EXP 	Sound  started
518.5297 	DATA 	Keypress: lctrl
518.6556 	EXP 	Sound  started
519.1376 	DATA 	Keypress: lctrl
519.4056 	EXP 	Sound  started
519.9856 	DATA 	Keypress: rctrl
520.1556 	EXP 	Sound  started
520.7536 	DATA 	Keypress: lctrl
520.9056 	EXP 	Sound  started
521.5376 	DATA 	Keypress: lctrl
521.6556 	EXP 	Sound  started
522.2256 	DATA 	Keypress: lctrl
522.4056 	EXP 	Sound  started
523.0577 	DATA 	Keypress: rctrl
523.1557 	EXP 	Sound  started
523.8256 	DATA 	Keypress: lctrl
523.9056 	EXP 	Sound  started
524.4976 	DATA 	Keypress: rctrl
524.6557 	EXP 	Sound  started
525.2817 	DATA 	Keypress: rctrl
525.4057 	EXP 	Sound  started
526.0016 	DATA 	Keypress: rctrl
526.1557 	EXP 	Sound  started
526.8016 	DATA 	Keypress: lctrl
526.9057 	EXP 	Sound  started
527.5536 	DATA 	Keypress: rctrl
527.6557 	EXP 	Sound  started
528.2897 	DATA 	Keypress: lctrl
528.4057 	EXP 	Sound  started
529.0576 	DATA 	Keypress: rctrl
529.1557 	EXP 	Sound  started
529.7776 	DATA 	Keypress: lctrl
529.9058 	EXP 	Sound  started
530.6256 	DATA 	Keypress: lctrl
530.6558 	EXP 	Sound  started
531.2656 	DATA 	Keypress: rctrl
534.0497 	DATA 	Keypress: 2
534.0790 	EXP 	unnamed ShapeStim: vertices = <class 'numpy.ndarray'>
537.6526 	DATA 	Keypress: 2
537.6820 	EXP 	unnamed ShapeStim: vertices = <class 'numpy.ndarray'>
541.1721 	DATA 	Keypress: 3
541.2016 	EXP 	unnamed ShapeStim: vertices = <class 'numpy.ndarray'>
543.4871 	EXP 	Sound  started
543.5217 	DATA 	Keypress: rctrl
544.1617 	DATA 	Keypress: lctrl
544.2370 	EXP 	Sound  started
544.9136 	DATA 	Keypress: lctrl
544.9871 	EXP 	Sound  started
545.6336 	DATA 	Keypress: lctrl
545.7371 	EXP 	Sound  started
546.3376 	DATA 	Keypress: rctrl
546.4871 	EXP 	Sound  started
547.1216 	DATA 	Keypress: rctrl
547.2371 	EXP 	Sound  started
547.8256 	DATA 	Keypress: lctrl
547.9871 	EXP 	Sound  started
548.5936 	DATA 	Keypress: rctrl
548.7371 	EXP 	Sound  started
549.2176 	DATA 	Keypress: lctrl
549.4871 	EXP 	Sound  started
550.0016 	DATA 	Keypress: rctrl
550.2372 	EXP 	Sound  started
550.7696 	DATA 	Keypress: lctrl
550.9872 	EXP 	Sound  started
551.5536 	DATA 	Keypress: rctrl
551.7372 	EXP 	Sound  started
552.2737 	DATA 	Keypress: lctrl
552.4872 	EXP 	Sound  started
553.0736 	DATA 	Keypress: rctrl
553.2372 	EXP 	Sound  started
553.7776 	DATA 	Keypress: lctrl
553.9872 	EXP 	Sound  started
554.5776 	DATA 	Keypress: rctrl
554.7372 	EXP 	Sound  started
555.3296 	DATA 	Keypress: lctrl
555.4873 	EXP 	Sound  started
556.0656 	DATA 	Keypress: rctrl
556.2373 	EXP 	Sound  started
556.8336 	DATA 	Keypress: lctrl
556.9873 	EXP 	Sound  started
557.6176 	DATA 	Keypress: rctrl
557.7373 	EXP 	Sound  started
558.3536 	DATA 	Keypress: lctrl
558.4873 	EXP 	Sound  started
559.1217 	DATA 	Keypress: rctrl
559.2373 	EXP 	Sound  started
559.8736 	DATA 	Keypress: lctrl
559.9873 	EXP 	Sound  started
560.6417 	DATA 	Keypress: rctrl
560.7374 	EXP 	Sound  started
561.4257 	DATA 	Keypress: lctrl
561.4874 	EXP 	Sound  started
562.1936 	DATA 	Keypress: rctrl
562.2374 	EXP 	Sound  started
562.9456 	DATA 	Keypress: rctrl
562.9874 	EXP 	Sound  started
563.6977 	DATA 	Keypress: lctrl
563.7374 	EXP 	Sound  started
564.4176 	DATA 	Keypress: lctrl
564.4874 	EXP 	Sound  started
565.1857 	DATA 	Keypress: rctrl
565.2375 	EXP 	Sound  started
565.8896 	DATA 	Keypress: rctrl
565.9875 	EXP 	Sound  started
566.7056 	DATA 	Keypress: lctrl
566.7375 	EXP 	Sound  started
567.3136 	DATA 	Keypress: lctrl
567.4875 	EXP 	Sound  started
568.0817 	DATA 	Keypress: lctrl
568.2375 	EXP 	Sound  started
568.8177 	DATA 	Keypress: rctrl
568.9875 	EXP 	Sound  started
569.6337 	DATA 	Keypress: rctrl
569.7376 	EXP 	Sound  started
570.2736 	DATA 	Keypress: lctrl
570.4876 	EXP 	Sound  started
571.0896 	DATA 	Keypress: lctrl
571.2376 	EXP 	Sound  started
571.8576 	DATA 	Keypress: lctrl
571.9876 	EXP 	Sound  started
572.6096 	DATA 	Keypress: rctrl
572.7376 	EXP 	Sound  started
573.3617 	DATA 	Keypress: rctrl
573.4876 	EXP 	Sound  started
574.0656 	DATA 	Keypress: rctrl
574.2376 	EXP 	Sound  started
574.8176 	DATA 	Keypress: rctrl
574.9876 	EXP 	Sound  started
575.5536 	DATA 	Keypress: lctrl
575.7377 	EXP 	Sound  started
576.3056 	DATA 	Keypress: rctrl
576.4877 	EXP 	Sound  started
577.0736 	DATA 	Keypress: lctrl
577.2377 	EXP 	Sound  started
577.8897 	DATA 	Keypress: lctrl
577.9877 	EXP 	Sound  started
578.6097 	DATA 	Keypress: rctrl
578.7377 	EXP 	Sound  started
579.2977 	DATA 	Keypress: lctrl
579.4877 	EXP 	Sound  started
580.0976 	DATA 	Keypress: lctrl
580.2377 	EXP 	Sound  started
580.8016 	DATA 	Keypress: rctrl
580.9878 	EXP 	Sound  started
581.5856 	DATA 	Keypress: lctrl
581.7378 	EXP 	Sound  started
582.4016 	DATA 	Keypress: rctrl
582.4878 	EXP 	Sound  started
583.1217 	DATA 	Keypress: rctrl
588.2737 	DATA 	Keypress: 3
588.2901 	EXP 	unnamed ShapeStim: vertices = <class 'numpy.ndarray'>
590.1252 	DATA 	Keypress: 2
590.1417 	EXP 	unnamed ShapeStim: vertices = <class 'numpy.ndarray'>
592.9313 	DATA 	Keypress: 3
592.9606 	EXP 	unnamed ShapeStim: vertices = <class 'numpy.ndarray'>
595.2459 	EXP 	Sound  started
595.3296 	DATA 	Keypress: rctrl
595.9536 	DATA 	Keypress: lctrl
595.9959 	EXP 	Sound  started
596.6256 	DATA 	Keypress: lctrl
596.7459 	EXP 	Sound  started
597.3456 	DATA 	Keypress: lctrl
597.4959 	EXP 	Sound  started
598.2097 	DATA 	Keypress: lctrl
598.2459 	EXP 	Sound  started
598.8976 	DATA 	Keypress: rctrl
598.9960 	EXP 	Sound  started
599.6656 	DATA 	Keypress: rctrl
599.7460 	EXP 	Sound  started
600.2736 	DATA 	Keypress: rctrl
600.4960 	EXP 	Sound  started
601.1696 	DATA 	Keypress: lctrl
601.2460 	EXP 	Sound  started
601.9056 	DATA 	Keypress: rctrl
601.9960 	EXP 	Sound  started
602.6896 	DATA 	Keypress: lctrl
602.7460 	EXP 	Sound  started
603.3776 	DATA 	Keypress: rctrl
603.4961 	EXP 	Sound  started
604.1456 	DATA 	Keypress: lctrl
604.2461 	EXP 	Sound  started
604.8657 	DATA 	Keypress: lctrl
604.9961 	EXP 	Sound  started
605.6177 	DATA 	Keypress: rctrl
605.7461 	EXP 	Sound  started
606.3537 	DATA 	Keypress: rctrl
606.4961 	EXP 	Sound  started
607.0736 	DATA 	Keypress: rctrl
607.2461 	EXP 	Sound  started
607.8576 	DATA 	Keypress: lctrl
607.9961 	EXP 	Sound  started
608.6256 	DATA 	Keypress: rctrl
608.7462 	EXP 	Sound  started
609.3136 	DATA 	Keypress: rctrl
609.4962 	EXP 	Sound  started
610.0976 	DATA 	Keypress: rctrl
610.2462 	EXP 	Sound  started
610.9456 	DATA 	Keypress: lctrl
610.9962 	EXP 	Sound  started
611.7136 	DATA 	Keypress: rctrl
611.7462 	EXP 	Sound  started
612.4962 	EXP 	Sound  started
612.5456 	DATA 	Keypress: lctrl
613.2017 	DATA 	Keypress: rctrl
613.2462 	EXP 	Sound  started
613.6976 	DATA 	Keypress: rctrl
613.9963 	EXP 	Sound  started
614.7463 	EXP 	Sound  started
614.7856 	DATA 	Keypress: rctrl
615.4736 	DATA 	Keypress: rctrl
615.4963 	EXP 	Sound  started
616.1616 	DATA 	Keypress: lctrl
616.2463 	EXP 	Sound  started
616.9616 	DATA 	Keypress: lctrl
616.9963 	EXP 	Sound  started
617.6976 	DATA 	Keypress: rctrl
617.7463 	EXP 	Sound  started
618.4963 	EXP 	Sound  started
618.5296 	DATA 	Keypress: lctrl
619.1696 	DATA 	Keypress: rctrl
619.2463 	EXP 	Sound  started
619.9216 	DATA 	Keypress: lctrl
619.9963 	EXP 	Sound  started
620.5776 	DATA 	Keypress: rctrl
620.7464 	EXP 	Sound  started
621.3136 	DATA 	Keypress: lctrl
621.4964 	EXP 	Sound  started
622.0016 	DATA 	Keypress: rctrl
622.2464 	EXP 	Sound  started
622.8336 	DATA 	Keypress: rctrl
622.9964 	EXP 	Sound  started
623.5857 	DATA 	Keypress: rctrl
623.7464 	EXP 	Sound  started
624.4017 	DATA 	Keypress: lctrl
624.4964 	EXP 	Sound  started
625.0576 	DATA 	Keypress: lctrl
625.2464 	EXP 	Sound  started
625.7456 	DATA 	Keypress: rctrl
625.9965 	EXP 	Sound  started
626.4496 	DATA 	Keypress: rctrl
626.7465 	EXP 	Sound  started
627.2176 	DATA 	Keypress: rctrl
627.4965 	EXP 	Sound  started
628.0496 	DATA 	Keypress: rctrl
628.2465 	EXP 	Sound  started
628.8016 	DATA 	Keypress: lctrl
628.9965 	EXP 	Sound  started
629.5377 	DATA 	Keypress: lctrl
629.7465 	EXP 	Sound  started
630.2896 	DATA 	Keypress: lctrl
630.4965 	EXP 	Sound  started
630.9616 	DATA 	Keypress: lctrl
631.2466 	EXP 	Sound  started
631.7776 	DATA 	Keypress: rctrl
631.9966 	EXP 	Sound  started
632.5136 	DATA 	Keypress: lctrl
632.7466 	EXP 	Sound  started
633.2497 	DATA 	Keypress: rctrl
633.4966 	EXP 	Sound  started
634.0337 	DATA 	Keypress: rctrl
634.2466 	EXP 	Sound  started
634.7376 	DATA 	Keypress: lctrl
634.9966 	EXP 	Sound  started
635.4896 	DATA 	Keypress: rctrl
635.7467 	EXP 	Sound  started
636.2097 	DATA 	Keypress: rctrl
636.4967 	EXP 	Sound  started
637.0736 	DATA 	Keypress: lctrl
637.2467 	EXP 	Sound  started
637.7136 	DATA 	Keypress: lctrl
637.9967 	EXP 	Sound  started
638.5618 	DATA 	Keypress: rctrl
638.7467 	EXP 	Sound  started
639.4096 	DATA 	Keypress: rctrl
639.4967 	EXP 	Sound  started
640.1776 	DATA 	Keypress: lctrl
640.2467 	EXP 	Sound  started
640.9967 	EXP 	Sound  started
641.0577 	DATA 	Keypress: rctrl
641.6976 	DATA 	Keypress: rctrl
641.7467 	EXP 	Sound  started
642.4656 	DATA 	Keypress: rctrl
642.4968 	EXP 	Sound  started
643.2468 	EXP 	Sound  started
643.9537 	DATA 	Keypress: lctrl
643.9968 	EXP 	Sound  started
644.6736 	DATA 	Keypress: lctrl
644.7468 	EXP 	Sound  started
645.4097 	DATA 	Keypress: lctrl
645.4968 	EXP 	Sound  started
646.1776 	DATA 	Keypress: lctrl
646.2468 	EXP 	Sound  started
646.9136 	DATA 	Keypress: rctrl
646.9968 	EXP 	Sound  started
647.6816 	DATA 	Keypress: rctrl
647.7469 	EXP 	Sound  started
648.3856 	DATA 	Keypress: rctrl
648.4969 	EXP 	Sound  started
649.1537 	DATA 	Keypress: rctrl
649.2469 	EXP 	Sound  started
649.8576 	DATA 	Keypress: rctrl
649.9969 	EXP 	Sound  started
650.5776 	DATA 	Keypress: lctrl
650.7469 	EXP 	Sound  started
651.2976 	DATA 	Keypress: rctrl
651.4969 	EXP 	Sound  started
652.0976 	DATA 	Keypress: lctrl
652.2470 	EXP 	Sound  started
652.8496 	DATA 	Keypress: rctrl
652.9970 	EXP 	Sound  started
653.5537 	DATA 	Keypress: lctrl
653.7470 	EXP 	Sound  started
654.3696 	DATA 	Keypress: rctrl
654.4970 	EXP 	Sound  started
655.1376 	DATA 	Keypress: rctrl
655.2470 	EXP 	Sound  started
655.7776 	DATA 	Keypress: lctrl
657.8307 	DATA 	Keypress: 2
657.8472 	EXP 	unnamed ShapeStim: vertices = <class 'numpy.ndarray'>
661.0833 	DATA 	Keypress: 2
661.0999 	EXP 	unnamed ShapeStim: vertices = <class 'numpy.ndarray'>
666.6046 	DATA 	Keypress: 2
666.6211 	EXP 	unnamed ShapeStim: vertices = <class 'numpy.ndarray'>
668.9056 	EXP 	Sound  started
669.3937 	DATA 	Keypress: rctrl
669.6556 	EXP 	Sound  started
670.2576 	DATA 	Keypress: lctrl
670.4056 	EXP 	Sound  started
671.0577 	DATA 	Keypress: lctrl
671.1556 	EXP 	Sound  started
671.8097 	DATA 	Keypress: rctrl
671.9058 	EXP 	Sound  started
672.5296 	DATA 	Keypress: lctrl
672.6558 	EXP 	Sound  started
673.3136 	DATA 	Keypress: rctrl
673.4058 	EXP 	Sound  started
674.0816 	DATA 	Keypress: lctrl
674.1559 	EXP 	Sound  started
674.7696 	DATA 	Keypress: rctrl
674.9059 	EXP 	Sound  started
675.5216 	DATA 	Keypress: lctrl
675.6559 	EXP 	Sound  started
676.2896 	DATA 	Keypress: lctrl
676.4059 	EXP 	Sound  started
676.9936 	DATA 	Keypress: lctrl
677.1559 	EXP 	Sound  started
677.7616 	DATA 	Keypress: rctrl
677.9059 	EXP 	Sound  started
678.4976 	DATA 	Keypress: rctrl
678.6560 	EXP 	Sound  started
679.1856 	DATA 	Keypress: rctrl
679.4060 	EXP 	Sound  started
679.9696 	DATA 	Keypress: lctrl
680.1560 	EXP 	Sound  started
680.6896 	DATA 	Keypress: lctrl
680.9060 	EXP 	Sound  started
681.3777 	DATA 	Keypress: lctrl
681.6560 	EXP 	Sound  started
682.2096 	DATA 	Keypress: rctrl
682.4060 	EXP 	Sound  started
682.9136 	DATA 	Keypress: rctrl
683.1561 	EXP 	Sound  started
683.6977 	DATA 	Keypress: rctrl
683.9061 	EXP 	Sound  started
684.4496 	DATA 	Keypress: lctrl
684.6561 	EXP 	Sound  started
685.1536 	DATA 	Keypress: lctrl
685.4061 	EXP 	Sound  started
685.9696 	DATA 	Keypress: rctrl
686.1561 	EXP 	Sound  started
686.7056 	DATA 	Keypress: rctrl
686.9061 	EXP 	Sound  started
687.4097 	DATA 	Keypress: lctrl
687.6561 	EXP 	Sound  started
688.1936 	DATA 	Keypress: lctrl
688.4062 	EXP 	Sound  started
688.9776 	DATA 	Keypress: lctrl
689.1562 	EXP 	Sound  started
689.7296 	DATA 	Keypress: rctrl
689.9062 	EXP 	Sound  started
690.4656 	DATA 	Keypress: rctrl
690.6562 	EXP 	Sound  started
691.1858 	DATA 	Keypress: rctrl
691.4062 	EXP 	Sound  started
691.9696 	DATA 	Keypress: lctrl
692.1562 	EXP 	Sound  started
692.6896 	DATA 	Keypress: lctrl
692.9062 	EXP 	Sound  started
693.5536 	DATA 	Keypress: rctrl
693.6563 	EXP 	Sound  started
694.1936 	DATA 	Keypress: lctrl
694.4063 	EXP 	Sound  started
694.8977 	DATA 	Keypress: rctrl
695.1563 	EXP 	Sound  started
695.7457 	DATA 	Keypress: rctrl
695.9063 	EXP 	Sound  started
696.4496 	DATA 	Keypress: lctrl
696.6563 	EXP 	Sound  started
697.1856 	DATA 	Keypress: lctrl
697.4063 	EXP 	Sound  started
697.8896 	DATA 	Keypress: lctrl
698.1563 	EXP 	Sound  started
698.6097 	DATA 	Keypress: lctrl
698.9064 	EXP 	Sound  started
699.4736 	DATA 	Keypress: rctrl
699.6564 	EXP 	Sound  started
700.1776 	DATA 	Keypress: lctrl
700.4064 	EXP 	Sound  started
700.9936 	DATA 	Keypress: rctrl
701.1564 	EXP 	Sound  started
701.6336 	DATA 	Keypress: rctrl
701.9064 	EXP 	Sound  started
702.4496 	DATA 	Keypress: rctrl
702.6564 	EXP 	Sound  started
703.1537 	DATA 	Keypress: rctrl
703.4064 	EXP 	Sound  started
703.8897 	DATA 	Keypress: rctrl
704.1565 	EXP 	Sound  started
704.6896 	DATA 	Keypress: rctrl
704.9065 	EXP 	Sound  started
705.4416 	DATA 	Keypress: rctrl
705.6565 	EXP 	Sound  started
706.2417 	DATA 	Keypress: lctrl
706.4065 	EXP 	Sound  started
706.8976 	DATA 	Keypress: lctrl
707.1565 	EXP 	Sound  started
707.6657 	DATA 	Keypress: lctrl
707.9065 	EXP 	Sound  started
708.4177 	DATA 	Keypress: lctrl
708.6565 	EXP 	Sound  started
709.1376 	DATA 	Keypress: rctrl
709.4065 	EXP 	Sound  started
709.8417 	DATA 	Keypress: rctrl
710.1566 	EXP 	Sound  started
710.6256 	DATA 	Keypress: lctrl
710.9066 	EXP 	Sound  started
711.3937 	DATA 	Keypress: lctrl
711.6566 	EXP 	Sound  started
712.1776 	DATA 	Keypress: rctrl
712.4066 	EXP 	Sound  started
712.9296 	DATA 	Keypress: rctrl
713.1566 	EXP 	Sound  started
713.7136 	DATA 	Keypress: rctrl
713.9066 	EXP 	Sound  started
714.6566 	EXP 	Sound  started
715.2336 	DATA 	Keypress: lctrl
715.4067 	EXP 	Sound  started
716.1567 	EXP 	Sound  started
716.8336 	DATA 	Keypress: lctrl
716.9067 	EXP 	Sound  started
717.6496 	DATA 	Keypress: rctrl
717.6567 	EXP 	Sound  started
718.2576 	DATA 	Keypress: rctrl
718.4067 	EXP 	Sound  started
719.0256 	DATA 	Keypress: lctrl
719.1567 	EXP 	Sound  started
719.8256 	DATA 	Keypress: lctrl
719.9067 	EXP 	Sound  started
720.7494 	DATA 	Keypress: rctrl
723.8182 	DATA 	Keypress: 2
723.8347 	EXP 	unnamed ShapeStim: vertices = <class 'numpy.ndarray'>
727.6880 	DATA 	Keypress: 2
727.7045 	EXP 	unnamed ShapeStim: vertices = <class 'numpy.ndarray'>
730.5941 	DATA 	Keypress: 2
730.6236 	EXP 	unnamed ShapeStim: vertices = <class 'numpy.ndarray'>
732.9087 	EXP 	Sound  started
732.9089 	DATA 	Keypress: rctrl
733.4897 	DATA 	Keypress: rctrl
733.6588 	EXP 	Sound  started
734.3218 	DATA 	Keypress: rctrl
734.4088 	EXP 	Sound  started
735.0256 	DATA 	Keypress: lctrl
735.1588 	EXP 	Sound  started
735.7937 	DATA 	Keypress: lctrl
735.9088 	EXP 	Sound  started
736.5136 	DATA 	Keypress: lctrl
736.6588 	EXP 	Sound  started
737.2336 	DATA 	Keypress: lctrl
737.4088 	EXP 	Sound  started
737.9377 	DATA 	Keypress: lctrl
738.1588 	EXP 	Sound  started
738.7377 	DATA 	Keypress: rctrl
738.9089 	EXP 	Sound  started
739.5376 	DATA 	Keypress: rctrl
739.6589 	EXP 	Sound  started
740.2576 	DATA 	Keypress: rctrl
740.4089 	EXP 	Sound  started
740.9936 	DATA 	Keypress: rctrl
741.1589 	EXP 	Sound  started
741.7296 	DATA 	Keypress: rctrl
741.9089 	EXP 	Sound  started
742.4816 	DATA 	Keypress: lctrl
742.6589 	EXP 	Sound  started
743.2336 	DATA 	Keypress: lctrl
743.4089 	EXP 	Sound  started
743.9696 	DATA 	Keypress: rctrl
744.1590 	EXP 	Sound  started
744.7376 	DATA 	Keypress: lctrl
744.9090 	EXP 	Sound  started
745.4896 	DATA 	Keypress: rctrl
745.6590 	EXP 	Sound  started
746.1136 	DATA 	Keypress: rctrl
746.4090 	EXP 	Sound  started
746.9936 	DATA 	Keypress: rctrl
747.1590 	EXP 	Sound  started
747.6176 	DATA 	Keypress: lctrl
747.9090 	EXP 	Sound  started
748.3856 	DATA 	Keypress: rctrl
748.6590 	EXP 	Sound  started
749.0576 	DATA 	Keypress: lctrl
749.4091 	EXP 	Sound  started
749.9056 	DATA 	Keypress: lctrl
750.1591 	EXP 	Sound  started
750.5936 	DATA 	Keypress: rctrl
750.9091 	EXP 	Sound  started
751.5056 	DATA 	Keypress: lctrl
751.6591 	EXP 	Sound  started
752.1296 	DATA 	Keypress: rctrl
752.4091 	EXP 	Sound  started
753.0896 	DATA 	Keypress: lctrl
753.1591 	EXP 	Sound  started
753.7616 	DATA 	Keypress: rctrl
753.9091 	EXP 	Sound  started
754.5777 	DATA 	Keypress: lctrl
754.6591 	EXP 	Sound  started
755.2177 	DATA 	Keypress: rctrl
755.4092 	EXP 	Sound  started
755.9536 	DATA 	Keypress: rctrl
756.1592 	EXP 	Sound  started
756.7216 	DATA 	Keypress: lctrl
756.9092 	EXP 	Sound  started
757.5536 	DATA 	Keypress: rctrl
757.6592 	EXP 	Sound  started
758.3857 	DATA 	Keypress: lctrl
758.4092 	EXP 	Sound  started
759.0096 	DATA 	Keypress: lctrl
759.1592 	EXP 	Sound  started
759.6496 	DATA 	Keypress: lctrl
759.9092 	EXP 	Sound  started
760.3376 	DATA 	Keypress: lctrl
760.6592 	EXP 	Sound  started
761.2977 	DATA 	Keypress: lctrl
761.4093 	EXP 	Sound  started
762.1456 	DATA 	Keypress: lctrl
762.1593 	EXP 	Sound  started
762.4976 	DATA 	Keypress: lctrl
762.9093 	EXP 	Sound  started
763.3297 	DATA 	Keypress: rctrl
763.6593 	EXP 	Sound  started
764.1457 	DATA 	Keypress: rctrl
764.4093 	EXP 	Sound  started
764.8496 	DATA 	Keypress: rctrl
765.1593 	EXP 	Sound  started
765.6497 	DATA 	Keypress: lctrl
765.9093 	EXP 	Sound  started
766.3856 	DATA 	Keypress: lctrl
766.6594 	EXP 	Sound  started
767.1537 	DATA 	Keypress: lctrl
767.4094 	EXP 	Sound  started
767.9856 	DATA 	Keypress: rctrl
768.1594 	EXP 	Sound  started
768.9094 	EXP 	Sound  started
769.6594 	EXP 	Sound  started
770.3216 	DATA 	Keypress: lctrl
770.4094 	EXP 	Sound  started
771.0416 	DATA 	Keypress: lctrl
771.1594 	EXP 	Sound  started
771.9094 	EXP 	Sound  started
772.6416 	DATA 	Keypress: rctrl
772.6595 	EXP 	Sound  started
773.4095 	EXP 	Sound  started
774.1595 	EXP 	Sound  started
774.9095 	EXP 	Sound  started
775.6595 	EXP 	Sound  started
776.3057 	DATA 	Keypress: rctrl
776.4095 	EXP 	Sound  started
777.0256 	DATA 	Keypress: rctrl
777.1595 	EXP 	Sound  started
777.6656 	DATA 	Keypress: lctrl
777.9096 	EXP 	Sound  started
778.4656 	DATA 	Keypress: lctrl
778.6596 	EXP 	Sound  started
779.1856 	DATA 	Keypress: rctrl
779.4096 	EXP 	Sound  started
779.9536 	DATA 	Keypress: lctrl
780.1596 	EXP 	Sound  started
780.7056 	DATA 	Keypress: lctrl
780.9096 	EXP 	Sound  started
781.4256 	DATA 	Keypress: rctrl
781.6596 	EXP 	Sound  started
782.1936 	DATA 	Keypress: lctrl
782.4096 	EXP 	Sound  started
782.9137 	DATA 	Keypress: rctrl
783.1597 	EXP 	Sound  started
783.5856 	DATA 	Keypress: lctrl
783.9097 	EXP 	Sound  started
784.4976 	DATA 	Keypress: rctrl
784.6597 	EXP 	Sound  started
785.2176 	DATA 	Keypress: lctrl
785.4097 	EXP 	Sound  started
785.9536 	DATA 	Keypress: lctrl
786.1597 	EXP 	Sound  started
786.6576 	DATA 	Keypress: rctrl
786.9097 	EXP 	Sound  started
787.3456 	DATA 	Keypress: rctrl
787.6597 	EXP 	Sound  started
788.2737 	DATA 	Keypress: lctrl
788.4098 	EXP 	Sound  started
789.0096 	DATA 	Keypress: rctrl
789.1598 	EXP 	Sound  started
789.6976 	DATA 	Keypress: lctrl
789.9098 	EXP 	Sound  started
790.4817 	DATA 	Keypress: lctrl
790.6598 	EXP 	Sound  started
791.2497 	DATA 	Keypress: rctrl
791.4098 	EXP 	Sound  started
792.0336 	DATA 	Keypress: rctrl
793.9757 	DATA 	Keypress: 2
793.9922 	EXP 	unnamed ShapeStim: vertices = <class 'numpy.ndarray'>
798.0457 	DATA 	Keypress: 2
798.0622 	EXP 	unnamed ShapeStim: vertices = <class 'numpy.ndarray'>
801.1316 	DATA 	Keypress: 2
801.1481 	EXP 	unnamed ShapeStim: vertices = <class 'numpy.ndarray'>
805.4510 	DATA 	Keypress: rctrl
962.2897 	DATA 	Keypress: return
962.3550 	EXP 	window1: mouseVisible = True
