11.4942 	WARNING 	User requested fullscreen with size [1024  768], but screen is actually [1920, 1200]. Using actual size
12.3056 	EXP 	Created window1 = Window(allowGUI=False, allowStencil=False, autoLog=True, backendConf=UNKNOWN, bitsMode=UNKNOWN, blendMode='avg', bpc=(8, 8, 8), color=array([0, 0, 0]), colorSpace='rgb', depthBits=8, fullscr=<method-wrapper '__getattribute__' of attributeSetter object at 0x00000264783067B8>, gamma=None, gammaErrorPolicy='raise', lms=UNKNOWN, monitor=<psychopy.monitors.calibTools.Monitor object at 0x0000026479A150B8>, multiSample=False, name='window1', numSamples=2, pos=[0.0, 0.0], screen=0, size=array([1920, 1200]), stencilBits=0, stereo=False, units='norm', useFBO=True, useRetina=False, viewOri=0.0, viewPos=None, viewScale=None, waitBlanking=True, winType='pyglet')
12.3059 	EXP 	window1: mouseVisible = True
12.3060 	EXP 	window1: mouseVisible = False
12.3060 	EXP 	window1: recordFrameIntervals = False
12.4721 	EXP 	window1: recordFrameIntervals = True
12.6557 	EXP 	window1: recordFrameIntervals = False
12.7103 	EXP 	Created text = TextStim(__class__=<class 'psychopy.visual.text.TextStim'>, alignHoriz=method-wrapper(...), alignText='center', alignVert=method-wrapper(...), anchorHoriz='center', anchorVert='center', antialias=True, autoLog=True, bold=False, color=array([1., 1., 1.]), colorSpace='rgb', contrast=1.0, depth=0.0, flipHoriz=False, flipVert=False, font='Arial', fontFiles=[], height=0.15, italic=False, languageStyle='LTR', name='text', opacity=1, ori=0, pos=array([0., 0.]), rgb=UNKNOWN, text='+', units='norm', win=Window(...), wrapWidth=1)
12.7309 	EXP 	Created text = TextStim(__class__=<class 'psychopy.visual.text.TextStim'>, alignHoriz=method-wrapper(...), alignText='center', alignVert=method-wrapper(...), anchorHoriz='center', anchorVert='center', antialias=True, autoLog=True, bold=False, color=array([1., 1., 1.]), colorSpace='rgb', contrast=1.0, depth=0.0, flipHoriz=False, flipVert=False, font='Arial', fontFiles=[], height=0.07, italic=False, languageStyle='LTR', name='text', opacity=1, ori=0, pos=array([0., 0.]), rgb=UNKNOWN, text=str(...), units='norm', win=Window(...), wrapWidth=1.65)
12.7431 	EXP 	Created text = TextStim(__class__=<class 'psychopy.visual.text.TextStim'>, alignHoriz=method-wrapper(...), alignText='center', alignVert=method-wrapper(...), anchorHoriz='center', anchorVert='center', antialias=True, autoLog=True, bold=False, color=array([1., 1., 1.]), colorSpace='rgb', contrast=1.0, depth=0.0, flipHoriz=False, flipVert=False, font='Arial', fontFiles=[], height=0.07, italic=False, languageStyle='LTR', name='text', opacity=1, ori=0, pos=array([0., 0.]), rgb=UNKNOWN, text=str(...), units='norm', win=Window(...), wrapWidth=1.65)
12.7531 	EXP 	Created text = TextStim(__class__=<class 'psychopy.visual.text.TextStim'>, alignHoriz=method-wrapper(...), alignText='center', alignVert=method-wrapper(...), anchorHoriz='center', anchorVert='center', antialias=True, autoLog=True, bold=False, color=array([1., 1., 1.]), colorSpace='rgb', contrast=1.0, depth=0.0, flipHoriz=False, flipVert=False, font='Arial', fontFiles=[], height=0.07, italic=False, languageStyle='LTR', name='text', opacity=1, ori=0, pos=array([0., 0.]), rgb=UNKNOWN, text=str(...), units='norm', win=Window(...), wrapWidth=1.65)
12.7632 	EXP 	Created text = TextStim(__class__=<class 'psychopy.visual.text.TextStim'>, alignHoriz=method-wrapper(...), alignText='center', alignVert=method-wrapper(...), anchorHoriz='center', anchorVert='center', antialias=True, autoLog=True, bold=False, color=array([1., 1., 1.]), colorSpace='rgb', contrast=1.0, depth=0.0, flipHoriz=False, flipVert=False, font='Arial', fontFiles=[], height=0.07, italic=False, languageStyle='LTR', name='text', opacity=1, ori=0, pos=array([0., 0.]), rgb=UNKNOWN, text=str(...), units='norm', win=Window(...), wrapWidth=1.65)
12.7680 	EXP 	Created text = TextStim(__class__=<class 'psychopy.visual.text.TextStim'>, alignHoriz=method-wrapper(...), alignText='center', alignVert=method-wrapper(...), anchorHoriz='center', anchorVert='center', antialias=True, autoLog=True, bold=False, color=array([1., 1., 1.]), colorSpace='rgb', contrast=1.0, depth=0.0, flipHoriz=False, flipVert=False, font='Arial', fontFiles=[], height=0.07, italic=False, languageStyle='LTR', name='text', opacity=1, ori=0, pos=array([0., 0.]), rgb=UNKNOWN, text=str(...), units='norm', win=Window(...), wrapWidth=1.65)
12.7819 	EXP 	Created text = TextStim(__class__=<class 'psychopy.visual.text.TextStim'>, alignHoriz=method-wrapper(...), alignText='center', alignVert=method-wrapper(...), anchorHoriz='center', anchorVert='center', antialias=True, autoLog=True, bold=False, color=array([1., 1., 1.]), colorSpace='rgb', contrast=1.0, depth=0.0, flipHoriz=False, flipVert=False, font='Arial', fontFiles=[], height=0.15, italic=False, languageStyle='LTR', name='text', opacity=1, ori=0, pos=array([0., 0.]), rgb=UNKNOWN, text=str(...), units='norm', win=Window(...), wrapWidth=1.65)
12.8098 	EXP 	Created text = TextStim(__class__=<class 'psychopy.visual.text.TextStim'>, alignHoriz=method-wrapper(...), alignText='center', alignVert=method-wrapper(...), anchorHoriz='center', anchorVert='center', antialias=True, autoLog=True, bold=False, color=array([1., 1., 1.]), colorSpace='rgb', contrast=1.0, depth=0.0, flipHoriz=False, flipVert=False, font='Arial', fontFiles=[], height=0.07, italic=False, languageStyle='LTR', name='text', opacity=1, ori=0, pos=array([0., 0.]), rgb=UNKNOWN, text=str(...), units='norm', win=Window(...), wrapWidth=1.65)
12.8277 	EXP 	Created text = TextStim(__class__=<class 'psychopy.visual.text.TextStim'>, alignHoriz=method-wrapper(...), alignText='center', alignVert=method-wrapper(...), anchorHoriz='center', anchorVert='center', antialias=True, autoLog=True, bold=False, color=array([1., 1., 1.]), colorSpace='rgb', contrast=1.0, depth=0.0, flipHoriz=False, flipVert=False, font='Arial', fontFiles=[], height=0.07, italic=False, languageStyle='LTR', name='text', opacity=1, ori=0, pos=array([0., 0.]), rgb=UNKNOWN, text=str(...), units='norm', win=Window(...), wrapWidth=1.65)
12.8581 	EXP 	Created text = TextStim(__class__=<class 'psychopy.visual.text.TextStim'>, alignHoriz=method-wrapper(...), alignText='center', alignVert=method-wrapper(...), anchorHoriz='center', anchorVert='center', antialias=True, autoLog=True, bold=False, color=array([1., 1., 1.]), colorSpace='rgb', contrast=1.0, depth=0.0, flipHoriz=False, flipVert=False, font='Arial', fontFiles=[], height=0.07, italic=False, languageStyle='LTR', name='text', opacity=1, ori=0, pos=array([0., 0.]), rgb=UNKNOWN, text=str(...), units='norm', win=Window(...), wrapWidth=1.65)
12.8855 	EXP 	Created text = TextStim(__class__=<class 'psychopy.visual.text.TextStim'>, alignHoriz=method-wrapper(...), alignText='center', alignVert=method-wrapper(...), anchorHoriz='center', anchorVert='center', antialias=True, autoLog=True, bold=False, color=array([1., 1., 1.]), colorSpace='rgb', contrast=1.0, depth=0.0, flipHoriz=False, flipVert=False, font='Arial', fontFiles=[], height=0.07, italic=False, languageStyle='LTR', name='text', opacity=1, ori=0, pos=array([0., 0.]), rgb=UNKNOWN, text=str(...), units='norm', win=Window(...), wrapWidth=1.65)
12.9169 	EXP 	Created text = TextStim(__class__=<class 'psychopy.visual.text.TextStim'>, alignHoriz=method-wrapper(...), alignText='center', alignVert=method-wrapper(...), anchorHoriz='center', anchorVert='center', antialias=True, autoLog=True, bold=False, color=array([1., 1., 1.]), colorSpace='rgb', contrast=1.0, depth=0.0, flipHoriz=False, flipVert=False, font='Arial', fontFiles=[], height=0.07, italic=False, languageStyle='LTR', name='text', opacity=1, ori=0, pos=array([0., 0.]), rgb=UNKNOWN, text=str(...), units='norm', win=Window(...), wrapWidth=1.65)
12.9255 	EXP 	Created text = TextStim(__class__=<class 'psychopy.visual.text.TextStim'>, alignHoriz=method-wrapper(...), alignText='center', alignVert=method-wrapper(...), anchorHoriz='center', anchorVert='center', antialias=True, autoLog=True, bold=False, color=array([1., 1., 1.]), colorSpace='rgb', contrast=1.0, depth=0.0, flipHoriz=False, flipVert=False, font='Arial', fontFiles=[], height=0.07, italic=False, languageStyle='LTR', name='text', opacity=1, ori=0, pos=array([0., 0.]), rgb=UNKNOWN, text=str(...), units='norm', win=Window(...), wrapWidth=1.65)
12.9378 	EXP 	Created text = TextStim(__class__=<class 'psychopy.visual.text.TextStim'>, alignHoriz=method-wrapper(...), alignText='center', alignVert=method-wrapper(...), anchorHoriz='center', anchorVert='center', antialias=True, autoLog=True, bold=False, color=array([1., 1., 1.]), colorSpace='rgb', contrast=1.0, depth=0.0, flipHoriz=False, flipVert=False, font='Arial', fontFiles=[], height=0.07, italic=False, languageStyle='LTR', name='text', opacity=1, ori=0, pos=array([0., 0.]), rgb=UNKNOWN, text=str(...), units='norm', win=Window(...), wrapWidth=1.65)
12.9422 	EXP 	Created instru = TextStim(__class__=<class 'psychopy.visual.text.TextStim'>, alignHoriz=method-wrapper(...), alignText='center', alignVert=method-wrapper(...), anchorHoriz='center', anchorVert='center', antialias=True, autoLog=True, bold=False, color=array([1., 1., 1.]), colorSpace='rgb', contrast=1.0, depth=0.0, flipHoriz=False, flipVert=False, font='Arial', fontFiles=[], height=0.07, italic=False, languageStyle='LTR', name='instru', opacity=1, ori=0, pos=array([0. , 0.5]), rgb=UNKNOWN, text=str(...), units='norm', win=Window(...), wrapWidth=1)
12.9448 	EXP 	Created unnamed Line = Line(__class__=<class 'psychopy.visual.line.Line'>, autoDraw=False, autoLog=True, closeShape=False, color=array([1., 1., 1.]), colorSpace='rgb', contrast=None, depth=0, fillColor=array([0, 0, 0]), fillColorSpace='rgb', fillRGB=array([0, 0, 0]), interpolate=True, lineColor=array([1., 1., 1.]), lineColorSpace='rgb', lineRGB=array([1, 1, 1]), lineWidth=5, name='unnamed Line', opacity=0.5, ori=0.0, pos=array([0., 0.]), size=array([1., 1.]), units='norm', vertices=array([[-0.5,  0. ],
       [ 0.5,  0. ]]), win=Window(...), windingRule=None)
12.9468 	EXP 	Created unnamed Line = Line(__class__=<class 'psychopy.visual.line.Line'>, autoDraw=False, autoLog=True, closeShape=False, color=array([1., 1., 1.]), colorSpace='rgb', contrast=None, depth=0, fillColor=array([0, 0, 0]), fillColorSpace='rgb', fillRGB=array([0, 0, 0]), interpolate=True, lineColor=array([1., 1., 1.]), lineColorSpace='rgb', lineRGB=array([1, 1, 1]), lineWidth=3, name='unnamed Line', opacity=0.5, ori=0.0, pos=array([0., 0.]), size=array([1., 1.]), units='norm', vertices=array([[-0.5 , -0.05],
       [-0.5 ,  0.05]]), win=Window(...), windingRule=None)
12.9487 	EXP 	Created unnamed Line = Line(__class__=<class 'psychopy.visual.line.Line'>, autoDraw=False, autoLog=True, closeShape=False, color=array([1., 1., 1.]), colorSpace='rgb', contrast=None, depth=0, fillColor=array([0, 0, 0]), fillColorSpace='rgb', fillRGB=array([0, 0, 0]), interpolate=True, lineColor=array([1., 1., 1.]), lineColorSpace='rgb', lineRGB=array([1, 1, 1]), lineWidth=3, name='unnamed Line', opacity=0.5, ori=0.0, pos=array([0., 0.]), size=array([1., 1.]), units='norm', vertices=ndarray(...), win=Window(...), windingRule=None)
12.9507 	EXP 	Created unnamed Line = Line(__class__=<class 'psychopy.visual.line.Line'>, autoDraw=False, autoLog=True, closeShape=False, color=array([1., 1., 1.]), colorSpace='rgb', contrast=None, depth=0, fillColor=array([0, 0, 0]), fillColorSpace='rgb', fillRGB=array([0, 0, 0]), interpolate=True, lineColor=array([1., 1., 1.]), lineColorSpace='rgb', lineRGB=array([1, 1, 1]), lineWidth=3, name='unnamed Line', opacity=0.5, ori=0.0, pos=array([0., 0.]), size=array([1., 1.]), units='norm', vertices=ndarray(...), win=Window(...), windingRule=None)
12.9526 	EXP 	Created unnamed Line = Line(__class__=<class 'psychopy.visual.line.Line'>, autoDraw=False, autoLog=True, closeShape=False, color=array([1., 1., 1.]), colorSpace='rgb', contrast=None, depth=0, fillColor=array([0, 0, 0]), fillColorSpace='rgb', fillRGB=array([0, 0, 0]), interpolate=True, lineColor=array([1., 1., 1.]), lineColorSpace='rgb', lineRGB=array([1, 1, 1]), lineWidth=3, name='unnamed Line', opacity=0.5, ori=0.0, pos=array([0., 0.]), size=array([1., 1.]), units='norm', vertices=array([[ 0.5 , -0.05],
       [ 0.5 ,  0.05]]), win=Window(...), windingRule=None)
12.9646 	EXP 	Created unnamed TextStim = TextStim(__class__=<class 'psychopy.visual.text.TextStim'>, alignHoriz=method-wrapper(...), alignText='center', alignVert=method-wrapper(...), anchorHoriz='center', anchorVert='center', antialias=True, autoLog=True, bold=False, color=array([1., 1., 1.]), colorSpace='rgb', contrast=1.0, depth=0, flipHoriz=False, flipVert=False, font='', fontFiles=[], height=0.05, italic=False, languageStyle='LTR', name='unnamed TextStim', opacity=1.0, ori=0.0, pos=array([-0.5, -0.1]), rgb=UNKNOWN, text='Clearly \n NOT FOCUSED', units='norm', win=Window(...), wrapWidth=1)
12.9656 	EXP 	Created unnamed TextStim = TextStim(__class__=<class 'psychopy.visual.text.TextStim'>, alignHoriz=method-wrapper(...), alignText='center', alignVert=method-wrapper(...), anchorHoriz='center', anchorVert='center', antialias=True, autoLog=True, bold=False, color=array([1., 1., 1.]), colorSpace='rgb', contrast=1.0, depth=0, flipHoriz=False, flipVert=False, font='', fontFiles=[], height=0.05, italic=False, languageStyle='LTR', name='unnamed TextStim', opacity=1.0, ori=0.0, pos=array([-0.16666667, -0.1       ]), rgb=UNKNOWN, text='', units='norm', win=Window(...), wrapWidth=1)
12.9666 	EXP 	Created unnamed TextStim = TextStim(__class__=<class 'psychopy.visual.text.TextStim'>, alignHoriz=method-wrapper(...), alignText='center', alignVert=method-wrapper(...), anchorHoriz='center', anchorVert='center', antialias=True, autoLog=True, bold=False, color=array([1., 1., 1.]), colorSpace='rgb', contrast=1.0, depth=0, flipHoriz=False, flipVert=False, font='', fontFiles=[], height=0.05, italic=False, languageStyle='LTR', name='unnamed TextStim', opacity=1.0, ori=0.0, pos=array([ 0.16666667, -0.1       ]), rgb=UNKNOWN, text='', units='norm', win=Window(...), wrapWidth=1)
12.9696 	EXP 	Created unnamed TextStim = TextStim(__class__=<class 'psychopy.visual.text.TextStim'>, alignHoriz=method-wrapper(...), alignText='center', alignVert=method-wrapper(...), anchorHoriz='center', anchorVert='center', antialias=True, autoLog=True, bold=False, color=array([1., 1., 1.]), colorSpace='rgb', contrast=1.0, depth=0, flipHoriz=False, flipVert=False, font='', fontFiles=[], height=0.05, italic=False, languageStyle='LTR', name='unnamed TextStim', opacity=1.0, ori=0.0, pos=array([ 0.5, -0.1]), rgb=UNKNOWN, text='Clearly \n FOCUSED', units='norm', win=Window(...), wrapWidth=1)
12.9714 	EXP 	Created unnamed ShapeStim = ShapeStim(__class__=<class 'psychopy.visual.shape.ShapeStim'>, autoDraw=False, autoLog=True, closeShape=True, color=method-wrapper(...), colorSpace='rgb', contrast=None, depth=0, fillColor=array([1, 1, 1]), fillColorSpace='rgb', fillRGB=array([1, 1, 1]), interpolate=True, lineColor=array([-1., -1., -1.]), lineColorSpace='rgb', lineRGB=array([-1, -1, -1]), lineWidth=1.5, name='unnamed ShapeStim', opacity=1.0, ori=0.0, pos=array([0., 0.]), size=array([1., 1.]), units='norm', vertices=ndarray(...), win=Window(...), windingRule=None)
12.9798 	EXP 	Created instru = TextStim(__class__=<class 'psychopy.visual.text.TextStim'>, alignHoriz=method-wrapper(...), alignText='center', alignVert=method-wrapper(...), anchorHoriz='center', anchorVert='center', antialias=True, autoLog=True, bold=False, color=array([1., 1., 1.]), colorSpace='rgb', contrast=1.0, depth=0.0, flipHoriz=False, flipVert=False, font='Arial', fontFiles=[], height=0.07, italic=False, languageStyle='LTR', name='instru', opacity=1, ori=0, pos=array([0. , 0.5]), rgb=UNKNOWN, text=str(...), units='norm', win=Window(...), wrapWidth=1)
12.9817 	EXP 	Created unnamed Line = Line(__class__=<class 'psychopy.visual.line.Line'>, autoDraw=False, autoLog=True, closeShape=False, color=array([1., 1., 1.]), colorSpace='rgb', contrast=None, depth=0, fillColor=array([0, 0, 0]), fillColorSpace='rgb', fillRGB=array([0, 0, 0]), interpolate=True, lineColor=array([1., 1., 1.]), lineColorSpace='rgb', lineRGB=array([1, 1, 1]), lineWidth=5, name='unnamed Line', opacity=0.5, ori=0.0, pos=array([0., 0.]), size=array([1., 1.]), units='norm', vertices=array([[-0.5,  0. ],
       [ 0.5,  0. ]]), win=Window(...), windingRule=None)
12.9837 	EXP 	Created unnamed Line = Line(__class__=<class 'psychopy.visual.line.Line'>, autoDraw=False, autoLog=True, closeShape=False, color=array([1., 1., 1.]), colorSpace='rgb', contrast=None, depth=0, fillColor=array([0, 0, 0]), fillColorSpace='rgb', fillRGB=array([0, 0, 0]), interpolate=True, lineColor=array([1., 1., 1.]), lineColorSpace='rgb', lineRGB=array([1, 1, 1]), lineWidth=3, name='unnamed Line', opacity=0.5, ori=0.0, pos=array([0., 0.]), size=array([1., 1.]), units='norm', vertices=array([[-0.5 , -0.05],
       [-0.5 ,  0.05]]), win=Window(...), windingRule=None)
12.9857 	EXP 	Created unnamed Line = Line(__class__=<class 'psychopy.visual.line.Line'>, autoDraw=False, autoLog=True, closeShape=False, color=array([1., 1., 1.]), colorSpace='rgb', contrast=None, depth=0, fillColor=array([0, 0, 0]), fillColorSpace='rgb', fillRGB=array([0, 0, 0]), interpolate=True, lineColor=array([1., 1., 1.]), lineColorSpace='rgb', lineRGB=array([1, 1, 1]), lineWidth=3, name='unnamed Line', opacity=0.5, ori=0.0, pos=array([0., 0.]), size=array([1., 1.]), units='norm', vertices=ndarray(...), win=Window(...), windingRule=None)
12.9877 	EXP 	Created unnamed Line = Line(__class__=<class 'psychopy.visual.line.Line'>, autoDraw=False, autoLog=True, closeShape=False, color=array([1., 1., 1.]), colorSpace='rgb', contrast=None, depth=0, fillColor=array([0, 0, 0]), fillColorSpace='rgb', fillRGB=array([0, 0, 0]), interpolate=True, lineColor=array([1., 1., 1.]), lineColorSpace='rgb', lineRGB=array([1, 1, 1]), lineWidth=3, name='unnamed Line', opacity=0.5, ori=0.0, pos=array([0., 0.]), size=array([1., 1.]), units='norm', vertices=ndarray(...), win=Window(...), windingRule=None)
12.9896 	EXP 	Created unnamed Line = Line(__class__=<class 'psychopy.visual.line.Line'>, autoDraw=False, autoLog=True, closeShape=False, color=array([1., 1., 1.]), colorSpace='rgb', contrast=None, depth=0, fillColor=array([0, 0, 0]), fillColorSpace='rgb', fillRGB=array([0, 0, 0]), interpolate=True, lineColor=array([1., 1., 1.]), lineColorSpace='rgb', lineRGB=array([1, 1, 1]), lineWidth=3, name='unnamed Line', opacity=0.5, ori=0.0, pos=array([0., 0.]), size=array([1., 1.]), units='norm', vertices=array([[ 0.5 , -0.05],
       [ 0.5 ,  0.05]]), win=Window(...), windingRule=None)
12.9947 	EXP 	Created unnamed TextStim = TextStim(__class__=<class 'psychopy.visual.text.TextStim'>, alignHoriz=method-wrapper(...), alignText='center', alignVert=method-wrapper(...), anchorHoriz='center', anchorVert='center', antialias=True, autoLog=True, bold=False, color=array([1., 1., 1.]), colorSpace='rgb', contrast=1.0, depth=0, flipHoriz=False, flipVert=False, font='', fontFiles=[], height=0.05, italic=False, languageStyle='LTR', name='unnamed TextStim', opacity=1.0, ori=0.0, pos=array([-0.5, -0.1]), rgb=UNKNOWN, text='Clearly \n NOTHING', units='norm', win=Window(...), wrapWidth=1)
12.9957 	EXP 	Created unnamed TextStim = TextStim(__class__=<class 'psychopy.visual.text.TextStim'>, alignHoriz=method-wrapper(...), alignText='center', alignVert=method-wrapper(...), anchorHoriz='center', anchorVert='center', antialias=True, autoLog=True, bold=False, color=array([1., 1., 1.]), colorSpace='rgb', contrast=1.0, depth=0, flipHoriz=False, flipVert=False, font='', fontFiles=[], height=0.05, italic=False, languageStyle='LTR', name='unnamed TextStim', opacity=1.0, ori=0.0, pos=array([-0.16666667, -0.1       ]), rgb=UNKNOWN, text='', units='norm', win=Window(...), wrapWidth=1)
12.9967 	EXP 	Created unnamed TextStim = TextStim(__class__=<class 'psychopy.visual.text.TextStim'>, alignHoriz=method-wrapper(...), alignText='center', alignVert=method-wrapper(...), anchorHoriz='center', anchorVert='center', antialias=True, autoLog=True, bold=False, color=array([1., 1., 1.]), colorSpace='rgb', contrast=1.0, depth=0, flipHoriz=False, flipVert=False, font='', fontFiles=[], height=0.05, italic=False, languageStyle='LTR', name='unnamed TextStim', opacity=1.0, ori=0.0, pos=array([ 0.16666667, -0.1       ]), rgb=UNKNOWN, text='', units='norm', win=Window(...), wrapWidth=1)
13.0006 	EXP 	Created unnamed TextStim = TextStim(__class__=<class 'psychopy.visual.text.TextStim'>, alignHoriz=method-wrapper(...), alignText='center', alignVert=method-wrapper(...), anchorHoriz='center', anchorVert='center', antialias=True, autoLog=True, bold=False, color=array([1., 1., 1.]), colorSpace='rgb', contrast=1.0, depth=0, flipHoriz=False, flipVert=False, font='', fontFiles=[], height=0.05, italic=False, languageStyle='LTR', name='unnamed TextStim', opacity=1.0, ori=0.0, pos=array([ 0.5, -0.1]), rgb=UNKNOWN, text='Clearly \n SOMETHING', units='norm', win=Window(...), wrapWidth=1)
13.0024 	EXP 	Created unnamed ShapeStim = ShapeStim(__class__=<class 'psychopy.visual.shape.ShapeStim'>, autoDraw=False, autoLog=True, closeShape=True, color=method-wrapper(...), colorSpace='rgb', contrast=None, depth=0, fillColor=array([1, 1, 1]), fillColorSpace='rgb', fillRGB=array([1, 1, 1]), interpolate=True, lineColor=array([-1., -1., -1.]), lineColorSpace='rgb', lineRGB=array([-1, -1, -1]), lineWidth=1.5, name='unnamed ShapeStim', opacity=1.0, ori=0.0, pos=array([0., 0.]), size=array([1., 1.]), units='norm', vertices=ndarray(...), win=Window(...), windingRule=None)
13.0089 	EXP 	Created instru = TextStim(__class__=<class 'psychopy.visual.text.TextStim'>, alignHoriz=method-wrapper(...), alignText='center', alignVert=method-wrapper(...), anchorHoriz='center', anchorVert='center', antialias=True, autoLog=True, bold=False, color=array([1., 1., 1.]), colorSpace='rgb', contrast=1.0, depth=0.0, flipHoriz=False, flipVert=False, font='Arial', fontFiles=[], height=0.07, italic=False, languageStyle='LTR', name='instru', opacity=1, ori=0, pos=array([0. , 0.5]), rgb=UNKNOWN, text=str(...), units='norm', win=Window(...), wrapWidth=1)
13.0109 	EXP 	Created unnamed Line = Line(__class__=<class 'psychopy.visual.line.Line'>, autoDraw=False, autoLog=True, closeShape=False, color=array([1., 1., 1.]), colorSpace='rgb', contrast=None, depth=0, fillColor=array([0, 0, 0]), fillColorSpace='rgb', fillRGB=array([0, 0, 0]), interpolate=True, lineColor=array([1., 1., 1.]), lineColorSpace='rgb', lineRGB=array([1, 1, 1]), lineWidth=5, name='unnamed Line', opacity=0.5, ori=0.0, pos=array([0., 0.]), size=array([1., 1.]), units='norm', vertices=array([[-0.5,  0. ],
       [ 0.5,  0. ]]), win=Window(...), windingRule=None)
13.0128 	EXP 	Created unnamed Line = Line(__class__=<class 'psychopy.visual.line.Line'>, autoDraw=False, autoLog=True, closeShape=False, color=array([1., 1., 1.]), colorSpace='rgb', contrast=None, depth=0, fillColor=array([0, 0, 0]), fillColorSpace='rgb', fillRGB=array([0, 0, 0]), interpolate=True, lineColor=array([1., 1., 1.]), lineColorSpace='rgb', lineRGB=array([1, 1, 1]), lineWidth=3, name='unnamed Line', opacity=0.5, ori=0.0, pos=array([0., 0.]), size=array([1., 1.]), units='norm', vertices=array([[-0.5 , -0.05],
       [-0.5 ,  0.05]]), win=Window(...), windingRule=None)
13.0148 	EXP 	Created unnamed Line = Line(__class__=<class 'psychopy.visual.line.Line'>, autoDraw=False, autoLog=True, closeShape=False, color=array([1., 1., 1.]), colorSpace='rgb', contrast=None, depth=0, fillColor=array([0, 0, 0]), fillColorSpace='rgb', fillRGB=array([0, 0, 0]), interpolate=True, lineColor=array([1., 1., 1.]), lineColorSpace='rgb', lineRGB=array([1, 1, 1]), lineWidth=3, name='unnamed Line', opacity=0.5, ori=0.0, pos=array([0., 0.]), size=array([1., 1.]), units='norm', vertices=ndarray(...), win=Window(...), windingRule=None)
13.0167 	EXP 	Created unnamed Line = Line(__class__=<class 'psychopy.visual.line.Line'>, autoDraw=False, autoLog=True, closeShape=False, color=array([1., 1., 1.]), colorSpace='rgb', contrast=None, depth=0, fillColor=array([0, 0, 0]), fillColorSpace='rgb', fillRGB=array([0, 0, 0]), interpolate=True, lineColor=array([1., 1., 1.]), lineColorSpace='rgb', lineRGB=array([1, 1, 1]), lineWidth=3, name='unnamed Line', opacity=0.5, ori=0.0, pos=array([0., 0.]), size=array([1., 1.]), units='norm', vertices=ndarray(...), win=Window(...), windingRule=None)
13.0187 	EXP 	Created unnamed Line = Line(__class__=<class 'psychopy.visual.line.Line'>, autoDraw=False, autoLog=True, closeShape=False, color=array([1., 1., 1.]), colorSpace='rgb', contrast=None, depth=0, fillColor=array([0, 0, 0]), fillColorSpace='rgb', fillRGB=array([0, 0, 0]), interpolate=True, lineColor=array([1., 1., 1.]), lineColorSpace='rgb', lineRGB=array([1, 1, 1]), lineWidth=3, name='unnamed Line', opacity=0.5, ori=0.0, pos=array([0., 0.]), size=array([1., 1.]), units='norm', vertices=array([[ 0.5 , -0.05],
       [ 0.5 ,  0.05]]), win=Window(...), windingRule=None)
13.0236 	EXP 	Created unnamed TextStim = TextStim(__class__=<class 'psychopy.visual.text.TextStim'>, alignHoriz=method-wrapper(...), alignText='center', alignVert=method-wrapper(...), anchorHoriz='center', anchorVert='center', antialias=True, autoLog=True, bold=False, color=array([1., 1., 1.]), colorSpace='rgb', contrast=1.0, depth=0, flipHoriz=False, flipVert=False, font='', fontFiles=[], height=0.05, italic=False, languageStyle='LTR', name='unnamed TextStim', opacity=1.0, ori=0.0, pos=array([-0.5, -0.1]), rgb=UNKNOWN, text='Clearly \n SPONTANEOUS', units='norm', win=Window(...), wrapWidth=1)
13.0247 	EXP 	Created unnamed TextStim = TextStim(__class__=<class 'psychopy.visual.text.TextStim'>, alignHoriz=method-wrapper(...), alignText='center', alignVert=method-wrapper(...), anchorHoriz='center', anchorVert='center', antialias=True, autoLog=True, bold=False, color=array([1., 1., 1.]), colorSpace='rgb', contrast=1.0, depth=0, flipHoriz=False, flipVert=False, font='', fontFiles=[], height=0.05, italic=False, languageStyle='LTR', name='unnamed TextStim', opacity=1.0, ori=0.0, pos=array([-0.16666667, -0.1       ]), rgb=UNKNOWN, text='', units='norm', win=Window(...), wrapWidth=1)
13.0257 	EXP 	Created unnamed TextStim = TextStim(__class__=<class 'psychopy.visual.text.TextStim'>, alignHoriz=method-wrapper(...), alignText='center', alignVert=method-wrapper(...), anchorHoriz='center', anchorVert='center', antialias=True, autoLog=True, bold=False, color=array([1., 1., 1.]), colorSpace='rgb', contrast=1.0, depth=0, flipHoriz=False, flipVert=False, font='', fontFiles=[], height=0.05, italic=False, languageStyle='LTR', name='unnamed TextStim', opacity=1.0, ori=0.0, pos=array([ 0.16666667, -0.1       ]), rgb=UNKNOWN, text='', units='norm', win=Window(...), wrapWidth=1)
13.0314 	EXP 	Created unnamed TextStim = TextStim(__class__=<class 'psychopy.visual.text.TextStim'>, alignHoriz=method-wrapper(...), alignText='center', alignVert=method-wrapper(...), anchorHoriz='center', anchorVert='center', antialias=True, autoLog=True, bold=False, color=array([1., 1., 1.]), colorSpace='rgb', contrast=1.0, depth=0, flipHoriz=False, flipVert=False, font='', fontFiles=[], height=0.05, italic=False, languageStyle='LTR', name='unnamed TextStim', opacity=1.0, ori=0.0, pos=array([ 0.5, -0.1]), rgb=UNKNOWN, text='Clearly \n DELIBERATE', units='norm', win=Window(...), wrapWidth=1)
13.0332 	EXP 	Created unnamed ShapeStim = ShapeStim(__class__=<class 'psychopy.visual.shape.ShapeStim'>, autoDraw=False, autoLog=True, closeShape=True, color=method-wrapper(...), colorSpace='rgb', contrast=None, depth=0, fillColor=array([1, 1, 1]), fillColorSpace='rgb', fillRGB=array([1, 1, 1]), interpolate=True, lineColor=array([-1., -1., -1.]), lineColorSpace='rgb', lineRGB=array([-1, -1, -1]), lineWidth=1.5, name='unnamed ShapeStim', opacity=1.0, ori=0.0, pos=array([0., 0.]), size=array([1., 1.]), units='norm', vertices=ndarray(...), win=Window(...), windingRule=None)
13.0818 	EXP 	Sound  set volume 1.000
13.1126 	EXP 	unnamed ShapeStim: vertices = <class 'numpy.ndarray'>
13.1126 	EXP 	unnamed ShapeStim: vertices = <class 'numpy.ndarray'>
13.1126 	EXP 	unnamed ShapeStim: vertices = <class 'numpy.ndarray'>
245.8168 	DATA 	Keypress: rctrl
246.3313 	EXP 	Sound  started
246.5047 	DATA 	Keypress: lctrl
247.0811 	EXP 	Sound  started
247.1286 	DATA 	Keypress: rctrl
247.8311 	EXP 	Sound  started
247.8327 	DATA 	Keypress: lctrl
248.5687 	DATA 	Keypress: lctrl
248.5882 	EXP 	Sound  started
249.3382 	EXP 	Sound  started
249.3847 	DATA 	Keypress: rctrl
250.0726 	DATA 	Keypress: rctrl
250.0882 	EXP 	Sound  started
250.8087 	DATA 	Keypress: rctrl
250.8382 	EXP 	Sound  started
251.5883 	EXP 	Sound  started
251.6247 	DATA 	Keypress: rctrl
252.3383 	EXP 	Sound  started
252.3608 	DATA 	Keypress: lctrl
253.0883 	EXP 	Sound  started
253.1287 	DATA 	Keypress: rctrl
253.8383 	EXP 	Sound  started
253.8647 	DATA 	Keypress: lctrl
254.5883 	EXP 	Sound  started
254.6167 	DATA 	Keypress: lctrl
255.3207 	DATA 	Keypress: rctrl
255.3384 	EXP 	Sound  started
256.0247 	DATA 	Keypress: lctrl
256.0884 	EXP 	Sound  started
256.8087 	DATA 	Keypress: rctrl
256.8384 	EXP 	Sound  started
257.5127 	DATA 	Keypress: rctrl
257.5884 	EXP 	Sound  started
258.2806 	DATA 	Keypress: rctrl
258.3384 	EXP 	Sound  started
259.0329 	DATA 	Keypress: rctrl
259.0884 	EXP 	Sound  started
259.8384 	EXP 	Sound  started
259.8486 	DATA 	Keypress: rctrl
260.5367 	DATA 	Keypress: rctrl
260.5884 	EXP 	Sound  started
261.3047 	DATA 	Keypress: lctrl
261.3385 	EXP 	Sound  started
262.0727 	DATA 	Keypress: lctrl
262.0885 	EXP 	Sound  started
262.8385 	EXP 	Sound  started
262.8407 	DATA 	Keypress: lctrl
263.5607 	DATA 	Keypress: lctrl
263.5885 	EXP 	Sound  started
264.2647 	DATA 	Keypress: rctrl
264.3385 	EXP 	Sound  started
265.0167 	DATA 	Keypress: rctrl
265.0885 	EXP 	Sound  started
265.8008 	DATA 	Keypress: rctrl
265.8385 	EXP 	Sound  started
266.5047 	DATA 	Keypress: rctrl
266.5886 	EXP 	Sound  started
267.3386 	EXP 	Sound  started
267.3527 	DATA 	Keypress: lctrl
268.0567 	DATA 	Keypress: rctrl
268.0886 	EXP 	Sound  started
268.8087 	DATA 	Keypress: lctrl
268.8386 	EXP 	Sound  started
269.5126 	DATA 	Keypress: lctrl
269.5886 	EXP 	Sound  started
270.2646 	DATA 	Keypress: rctrl
270.3386 	EXP 	Sound  started
271.0327 	DATA 	Keypress: lctrl
271.0886 	EXP 	Sound  started
271.7686 	DATA 	Keypress: rctrl
271.8387 	EXP 	Sound  started
272.4567 	DATA 	Keypress: rctrl
272.5887 	EXP 	Sound  started
273.2726 	DATA 	Keypress: rctrl
273.3387 	EXP 	Sound  started
274.0728 	DATA 	Keypress: lctrl
274.0887 	EXP 	Sound  started
274.8387 	EXP 	Sound  started
274.8407 	DATA 	Keypress: rctrl
275.5766 	DATA 	Keypress: lctrl
275.5887 	EXP 	Sound  started
276.2806 	DATA 	Keypress: rctrl
276.3388 	EXP 	Sound  started
277.0808 	DATA 	Keypress: rctrl
277.0888 	EXP 	Sound  started
277.8388 	EXP 	Sound  started
277.8486 	DATA 	Keypress: rctrl
278.5207 	DATA 	Keypress: rctrl
278.5888 	EXP 	Sound  started
279.3047 	DATA 	Keypress: lctrl
279.3388 	EXP 	Sound  started
280.0407 	DATA 	Keypress: rctrl
280.0888 	EXP 	Sound  started
280.8247 	DATA 	Keypress: lctrl
280.8388 	EXP 	Sound  started
281.5447 	DATA 	Keypress: lctrl
281.5889 	EXP 	Sound  started
282.2647 	DATA 	Keypress: rctrl
282.3389 	EXP 	Sound  started
283.0006 	DATA 	Keypress: rctrl
283.0889 	EXP 	Sound  started
283.7207 	DATA 	Keypress: rctrl
283.8389 	EXP 	Sound  started
284.5207 	DATA 	Keypress: lctrl
284.5889 	EXP 	Sound  started
285.2566 	DATA 	Keypress: rctrl
285.3389 	EXP 	Sound  started
286.0087 	DATA 	Keypress: lctrl
286.0889 	EXP 	Sound  started
286.7287 	DATA 	Keypress: rctrl
286.8389 	EXP 	Sound  started
287.4326 	DATA 	Keypress: rctrl
287.5890 	EXP 	Sound  started
288.2487 	DATA 	Keypress: rctrl
288.3390 	EXP 	Sound  started
289.0007 	DATA 	Keypress: rctrl
289.0890 	EXP 	Sound  started
289.8390 	EXP 	Sound  started
289.8487 	DATA 	Keypress: lctrl
290.5207 	DATA 	Keypress: rctrl
290.5890 	EXP 	Sound  started
291.2887 	DATA 	Keypress: lctrl
291.3743 	EXP 	unnamed TextStim: text = ''
291.3743 	EXP 	unnamed TextStim: text = ''
292.9051 	DATA 	Keypress: 4
292.9345 	EXP 	unnamed ShapeStim: vertices = <class 'numpy.ndarray'>
294.4696 	EXP 	unnamed TextStim: text = ''
294.4696 	EXP 	unnamed TextStim: text = ''
296.7713 	DATA 	Keypress: 1
296.7877 	EXP 	unnamed ShapeStim: vertices = <class 'numpy.ndarray'>
298.3223 	EXP 	unnamed TextStim: text = ''
298.3223 	EXP 	unnamed TextStim: text = ''
299.0569 	DATA 	Keypress: 2
299.0734 	EXP 	unnamed ShapeStim: vertices = <class 'numpy.ndarray'>
301.3583 	EXP 	Sound  started
301.3591 	DATA 	Keypress: rctrl
302.0247 	DATA 	Keypress: lctrl
302.1081 	EXP 	Sound  started
302.8407 	DATA 	Keypress: rctrl
302.8581 	EXP 	Sound  started
303.5926 	DATA 	Keypress: lctrl
303.6081 	EXP 	Sound  started
304.2967 	DATA 	Keypress: rctrl
304.3581 	EXP 	Sound  started
305.0648 	DATA 	Keypress: rctrl
305.1082 	EXP 	Sound  started
305.8582 	EXP 	Sound  started
305.9287 	DATA 	Keypress: rctrl
306.6082 	EXP 	Sound  started
306.6167 	DATA 	Keypress: rctrl
307.3047 	DATA 	Keypress: rctrl
307.3582 	EXP 	Sound  started
308.0407 	DATA 	Keypress: rctrl
308.1082 	EXP 	Sound  started
308.8407 	DATA 	Keypress: lctrl
308.8582 	EXP 	Sound  started
309.6082 	EXP 	Sound  started
309.6246 	DATA 	Keypress: lctrl
310.2967 	DATA 	Keypress: rctrl
310.3583 	EXP 	Sound  started
311.1083 	EXP 	Sound  started
311.1286 	DATA 	Keypress: lctrl
311.8583 	EXP 	Sound  started
311.8647 	DATA 	Keypress: lctrl
312.5686 	DATA 	Keypress: lctrl
312.6083 	EXP 	Sound  started
313.3047 	DATA 	Keypress: rctrl
313.3583 	EXP 	Sound  started
314.0887 	DATA 	Keypress: lctrl
314.1083 	EXP 	Sound  started
314.7926 	DATA 	Keypress: lctrl
314.8583 	EXP 	Sound  started
315.5607 	DATA 	Keypress: lctrl
315.6084 	EXP 	Sound  started
316.2807 	DATA 	Keypress: lctrl
316.3584 	EXP 	Sound  started
317.0807 	DATA 	Keypress: lctrl
317.1084 	EXP 	Sound  started
317.8167 	DATA 	Keypress: rctrl
317.8584 	EXP 	Sound  started
318.5526 	DATA 	Keypress: lctrl
318.6084 	EXP 	Sound  started
319.3366 	DATA 	Keypress: rctrl
319.3584 	EXP 	Sound  started
320.0566 	DATA 	Keypress: lctrl
320.1085 	EXP 	Sound  started
320.8407 	DATA 	Keypress: rctrl
320.8585 	EXP 	Sound  started
321.5287 	DATA 	Keypress: rctrl
321.6085 	EXP 	Sound  started
322.3585 	EXP 	Sound  started
322.3606 	DATA 	Keypress: rctrl
323.0487 	DATA 	Keypress: rctrl
323.1085 	EXP 	Sound  started
323.8326 	DATA 	Keypress: lctrl
323.8585 	EXP 	Sound  started
324.5687 	DATA 	Keypress: lctrl
324.6085 	EXP 	Sound  started
325.3585 	EXP 	Sound  started
325.3687 	DATA 	Keypress: lctrl
326.1086 	EXP 	Sound  started
326.1207 	DATA 	Keypress: lctrl
326.8566 	DATA 	Keypress: rctrl
326.8586 	EXP 	Sound  started
327.6087 	DATA 	Keypress: lctrl
327.6089 	EXP 	Sound  started
328.2966 	DATA 	Keypress: rctrl
328.3589 	EXP 	Sound  started
329.0806 	DATA 	Keypress: rctrl
329.1089 	EXP 	Sound  started
329.8006 	DATA 	Keypress: rctrl
329.8589 	EXP 	Sound  started
330.6090 	EXP 	Sound  started
330.6166 	DATA 	Keypress: lctrl
331.3207 	DATA 	Keypress: rctrl
331.3590 	EXP 	Sound  started
332.0727 	DATA 	Keypress: rctrl
332.1090 	EXP 	Sound  started
332.8566 	DATA 	Keypress: lctrl
332.8590 	EXP 	Sound  started
333.5926 	DATA 	Keypress: rctrl
333.6090 	EXP 	Sound  started
334.3590 	EXP 	Sound  started
334.3606 	DATA 	Keypress: lctrl
335.1091 	EXP 	Sound  started
335.1126 	DATA 	Keypress: lctrl
335.8591 	EXP 	Sound  started
335.8646 	DATA 	Keypress: lctrl
336.5686 	DATA 	Keypress: lctrl
336.6091 	EXP 	Sound  started
337.3047 	DATA 	Keypress: rctrl
337.3591 	EXP 	Sound  started
338.0567 	DATA 	Keypress: lctrl
338.1091 	EXP 	Sound  started
338.8567 	DATA 	Keypress: rctrl
338.8591 	EXP 	Sound  started
339.5766 	DATA 	Keypress: rctrl
339.6091 	EXP 	Sound  started
340.2967 	DATA 	Keypress: lctrl
340.3592 	EXP 	Sound  started
341.0326 	DATA 	Keypress: rctrl
341.1092 	EXP 	Sound  started
341.8592 	EXP 	Sound  started
341.8806 	DATA 	Keypress: lctrl
342.6006 	DATA 	Keypress: lctrl
343.9306 	DATA 	Keypress: 4
343.9596 	EXP 	unnamed ShapeStim: vertices = <class 'numpy.ndarray'>
345.7951 	DATA 	Keypress: 1
345.8116 	EXP 	unnamed ShapeStim: vertices = <class 'numpy.ndarray'>
347.6633 	DATA 	Keypress: 1
347.6799 	EXP 	unnamed ShapeStim: vertices = <class 'numpy.ndarray'>
349.9647 	EXP 	Sound  started
350.0089 	DATA 	Keypress: rctrl
350.6646 	DATA 	Keypress: lctrl
350.7145 	EXP 	Sound  started
351.4646 	DATA 	Keypress: rctrl
351.4648 	EXP 	Sound  started
352.1686 	DATA 	Keypress: lctrl
352.2149 	EXP 	Sound  started
352.9649 	EXP 	Sound  started
352.9846 	DATA 	Keypress: rctrl
353.6886 	DATA 	Keypress: lctrl
353.7149 	EXP 	Sound  started
354.4649 	EXP 	Sound  started
354.5206 	DATA 	Keypress: rctrl
355.2149 	EXP 	Sound  started
355.4166 	DATA 	Keypress: lctrl
355.9649 	EXP 	Sound  started
356.1046 	DATA 	Keypress: lctrl
356.7149 	EXP 	Sound  started
356.7606 	DATA 	Keypress: lctrl
357.4167 	DATA 	Keypress: rctrl
357.4649 	EXP 	Sound  started
358.1846 	DATA 	Keypress: lctrl
358.2149 	EXP 	Sound  started
358.9526 	DATA 	Keypress: lctrl
358.9650 	EXP 	Sound  started
359.7150 	EXP 	Sound  started
359.7527 	DATA 	Keypress: lctrl
360.4650 	EXP 	Sound  started
360.5046 	DATA 	Keypress: rctrl
361.1926 	DATA 	Keypress: lctrl
361.2150 	EXP 	Sound  started
361.9446 	DATA 	Keypress: rctrl
361.9650 	EXP 	Sound  started
362.6485 	DATA 	Keypress: lctrl
362.7150 	EXP 	Sound  started
363.4487 	DATA 	Keypress: rctrl
363.4651 	EXP 	Sound  started
364.2151 	EXP 	Sound  started
364.2326 	DATA 	Keypress: lctrl
364.9651 	EXP 	Sound  started
364.9686 	DATA 	Keypress: rctrl
365.7151 	EXP 	Sound  started
365.7366 	DATA 	Keypress: lctrl
366.4651 	EXP 	Sound  started
366.4887 	DATA 	Keypress: rctrl
367.2151 	EXP 	Sound  started
367.2407 	DATA 	Keypress: lctrl
367.9606 	DATA 	Keypress: rctrl
367.9651 	EXP 	Sound  started
368.3287 	DATA 	Keypress: lctrl
368.7152 	EXP 	Sound  started
368.7606 	DATA 	Keypress: lctrl
369.4652 	EXP 	Sound  started
369.5126 	DATA 	Keypress: lctrl
370.2152 	EXP 	Sound  started
370.2486 	DATA 	Keypress: rctrl
370.9652 	EXP 	Sound  started
371.0166 	DATA 	Keypress: lctrl
371.7152 	EXP 	Sound  started
371.8006 	DATA 	Keypress: lctrl
372.4652 	EXP 	Sound  started
372.5046 	DATA 	Keypress: lctrl
373.2152 	EXP 	Sound  started
373.2566 	DATA 	Keypress: lctrl
373.9653 	EXP 	Sound  started
374.0246 	DATA 	Keypress: rctrl
374.7153 	EXP 	Sound  started
374.7286 	DATA 	Keypress: lctrl
375.4653 	EXP 	Sound  started
375.4967 	DATA 	Keypress: rctrl
376.2153 	EXP 	Sound  started
376.2486 	DATA 	Keypress: lctrl
376.9653 	EXP 	Sound  started
376.9686 	DATA 	Keypress: rctrl
377.6887 	DATA 	Keypress: rctrl
377.7153 	EXP 	Sound  started
378.4086 	DATA 	Keypress: rctrl
378.4653 	EXP 	Sound  started
379.2153 	EXP 	Sound  started
379.2246 	DATA 	Keypress: rctrl
379.9286 	DATA 	Keypress: lctrl
379.9654 	EXP 	Sound  started
380.7154 	EXP 	Sound  started
380.7286 	DATA 	Keypress: lctrl
381.4654 	EXP 	Sound  started
381.4806 	DATA 	Keypress: lctrl
382.2154 	EXP 	Sound  started
382.2167 	DATA 	Keypress: lctrl
382.9654 	EXP 	Sound  started
383.0006 	DATA 	Keypress: rctrl
383.7155 	EXP 	Sound  started
383.7367 	DATA 	Keypress: lctrl
384.4406 	DATA 	Keypress: rctrl
384.4655 	EXP 	Sound  started
385.1766 	DATA 	Keypress: rctrl
385.2155 	EXP 	Sound  started
385.9286 	DATA 	Keypress: rctrl
385.9655 	EXP 	Sound  started
386.6646 	DATA 	Keypress: lctrl
386.7155 	EXP 	Sound  started
387.4166 	DATA 	Keypress: rctrl
387.4655 	EXP 	Sound  started
388.1686 	DATA 	Keypress: rctrl
388.2155 	EXP 	Sound  started
388.9206 	DATA 	Keypress: lctrl
388.9655 	EXP 	Sound  started
389.6886 	DATA 	Keypress: lctrl
389.7156 	EXP 	Sound  started
390.4656 	EXP 	Sound  started
390.4726 	DATA 	Keypress: rctrl
391.1606 	DATA 	Keypress: rctrl
391.2156 	EXP 	Sound  started
391.8966 	DATA 	Keypress: lctrl
391.9656 	EXP 	Sound  started
392.6806 	DATA 	Keypress: rctrl
392.7156 	EXP 	Sound  started
393.4646 	DATA 	Keypress: lctrl
393.4656 	EXP 	Sound  started
394.1845 	DATA 	Keypress: lctrl
394.2156 	EXP 	Sound  started
394.9526 	DATA 	Keypress: lctrl
394.9657 	EXP 	Sound  started
395.6726 	DATA 	Keypress: rctrl
395.7157 	EXP 	Sound  started
396.4405 	DATA 	Keypress: lctrl
396.4657 	EXP 	Sound  started
397.1767 	DATA 	Keypress: lctrl
397.2157 	EXP 	Sound  started
397.9285 	DATA 	Keypress: lctrl
397.9657 	EXP 	Sound  started
398.6806 	DATA 	Keypress: rctrl
398.7157 	EXP 	Sound  started
399.4486 	DATA 	Keypress: lctrl
399.4658 	EXP 	Sound  started
400.2158 	EXP 	Sound  started
400.2326 	DATA 	Keypress: rctrl
400.9205 	DATA 	Keypress: lctrl
400.9658 	EXP 	Sound  started
401.6886 	DATA 	Keypress: lctrl
401.7158 	EXP 	Sound  started
402.4085 	DATA 	Keypress: rctrl
402.4658 	EXP 	Sound  started
403.1605 	DATA 	Keypress: lctrl
403.2158 	EXP 	Sound  started
403.9286 	DATA 	Keypress: rctrl
403.9658 	EXP 	Sound  started
404.6645 	DATA 	Keypress: rctrl
404.7158 	EXP 	Sound  started
405.3685 	DATA 	Keypress: rctrl
405.4659 	EXP 	Sound  started
406.1207 	DATA 	Keypress: lctrl
406.2159 	EXP 	Sound  started
406.9366 	DATA 	Keypress: lctrl
406.9659 	EXP 	Sound  started
407.6886 	DATA 	Keypress: rctrl
407.7159 	EXP 	Sound  started
408.4086 	DATA 	Keypress: lctrl
408.4659 	EXP 	Sound  started
409.1765 	DATA 	Keypress: lctrl
409.2159 	EXP 	Sound  started
409.9285 	DATA 	Keypress: lctrl
411.4984 	DATA 	Keypress: 4
411.5150 	EXP 	unnamed ShapeStim: vertices = <class 'numpy.ndarray'>
413.9342 	DATA 	Keypress: 2
413.9508 	EXP 	unnamed ShapeStim: vertices = <class 'numpy.ndarray'>
416.7194 	DATA 	Keypress: 2
416.7359 	EXP 	unnamed ShapeStim: vertices = <class 'numpy.ndarray'>
419.0202 	EXP 	Sound  started
419.0487 	DATA 	Keypress: rctrl
419.7046 	DATA 	Keypress: lctrl
419.7700 	EXP 	Sound  started
420.4406 	DATA 	Keypress: rctrl
420.5201 	EXP 	Sound  started
421.2247 	DATA 	Keypress: rctrl
421.2701 	EXP 	Sound  started
421.9605 	DATA 	Keypress: rctrl
422.0201 	EXP 	Sound  started
422.7606 	DATA 	Keypress: rctrl
422.7701 	EXP 	Sound  started
423.5127 	DATA 	Keypress: lctrl
423.5201 	EXP 	Sound  started
424.2006 	DATA 	Keypress: lctrl
424.2701 	EXP 	Sound  started
424.9046 	DATA 	Keypress: lctrl
425.0201 	EXP 	Sound  started
425.7205 	DATA 	Keypress: lctrl
425.7702 	EXP 	Sound  started
426.4565 	DATA 	Keypress: rctrl
426.5202 	EXP 	Sound  started
427.1926 	DATA 	Keypress: lctrl
427.2702 	EXP 	Sound  started
427.9926 	DATA 	Keypress: rctrl
428.0202 	EXP 	Sound  started
428.7606 	DATA 	Keypress: rctrl
428.7702 	EXP 	Sound  started
429.4485 	DATA 	Keypress: lctrl
429.5202 	EXP 	Sound  started
430.2325 	DATA 	Keypress: lctrl
430.2702 	EXP 	Sound  started
430.9686 	DATA 	Keypress: lctrl
431.0203 	EXP 	Sound  started
431.7206 	DATA 	Keypress: lctrl
431.7703 	EXP 	Sound  started
432.5203 	EXP 	Sound  started
432.5206 	DATA 	Keypress: rctrl
433.2406 	DATA 	Keypress: lctrl
433.2703 	EXP 	Sound  started
433.9926 	DATA 	Keypress: rctrl
434.0203 	EXP 	Sound  started
434.6805 	DATA 	Keypress: rctrl
434.7703 	EXP 	Sound  started
435.4646 	DATA 	Keypress: lctrl
435.5204 	EXP 	Sound  started
436.2646 	DATA 	Keypress: lctrl
436.2704 	EXP 	Sound  started
436.9686 	DATA 	Keypress: lctrl
437.0204 	EXP 	Sound  started
437.7687 	DATA 	Keypress: lctrl
437.7704 	EXP 	Sound  started
438.4727 	DATA 	Keypress: rctrl
438.5204 	EXP 	Sound  started
439.1767 	DATA 	Keypress: lctrl
439.2704 	EXP 	Sound  started
440.0086 	DATA 	Keypress: rctrl
440.0204 	EXP 	Sound  started
440.7125 	DATA 	Keypress: lctrl
440.7705 	EXP 	Sound  started
441.4646 	DATA 	Keypress: rctrl
441.5205 	EXP 	Sound  started
442.2166 	DATA 	Keypress: lctrl
442.2705 	EXP 	Sound  started
443.0165 	DATA 	Keypress: lctrl
443.0205 	EXP 	Sound  started
443.7206 	DATA 	Keypress: lctrl
443.7705 	EXP 	Sound  started
444.5206 	DATA 	Keypress: lctrl
444.5208 	EXP 	Sound  started
445.2246 	DATA 	Keypress: rctrl
445.2708 	EXP 	Sound  started
445.9606 	DATA 	Keypress: lctrl
446.0208 	EXP 	Sound  started
446.7125 	DATA 	Keypress: rctrl
446.7708 	EXP 	Sound  started
447.4646 	DATA 	Keypress: lctrl
447.5209 	EXP 	Sound  started
448.2326 	DATA 	Keypress: lctrl
448.2709 	EXP 	Sound  started
449.0209 	EXP 	Sound  started
449.0326 	DATA 	Keypress: lctrl
449.7526 	DATA 	Keypress: lctrl
449.7709 	EXP 	Sound  started
450.5206 	DATA 	Keypress: rctrl
450.5209 	EXP 	Sound  started
451.2709 	EXP 	Sound  started
451.2886 	DATA 	Keypress: lctrl
451.9606 	DATA 	Keypress: rctrl
452.0209 	EXP 	Sound  started
452.7286 	DATA 	Keypress: lctrl
452.7710 	EXP 	Sound  started
453.4646 	DATA 	Keypress: rctrl
453.5210 	EXP 	Sound  started
454.2326 	DATA 	Keypress: rctrl
454.2710 	EXP 	Sound  started
454.9686 	DATA 	Keypress: rctrl
455.0210 	EXP 	Sound  started
455.7686 	DATA 	Keypress: lctrl
455.7710 	EXP 	Sound  started
456.5210 	EXP 	Sound  started
456.5525 	DATA 	Keypress: lctrl
457.2406 	DATA 	Keypress: rctrl
457.2710 	EXP 	Sound  started
458.0211 	EXP 	Sound  started
458.0246 	DATA 	Keypress: lctrl
458.7711 	EXP 	Sound  started
458.7766 	DATA 	Keypress: lctrl
459.5549 	DATA 	Keypress: lctrl
461.1062 	DATA 	Keypress: 4
461.1222 	EXP 	unnamed ShapeStim: vertices = <class 'numpy.ndarray'>
464.1749 	DATA 	Keypress: 2
464.1914 	EXP 	unnamed ShapeStim: vertices = <class 'numpy.ndarray'>
466.0269 	DATA 	Keypress: 1
466.0434 	EXP 	unnamed ShapeStim: vertices = <class 'numpy.ndarray'>
468.3279 	EXP 	Sound  started
468.4407 	DATA 	Keypress: rctrl
469.0778 	EXP 	Sound  started
469.0966 	DATA 	Keypress: lctrl
469.8278 	EXP 	Sound  started
469.8326 	DATA 	Keypress: rctrl
470.5778 	EXP 	Sound  started
470.6006 	DATA 	Keypress: lctrl
471.2726 	DATA 	Keypress: rctrl
471.3278 	EXP 	Sound  started
472.0725 	DATA 	Keypress: rctrl
472.0778 	EXP 	Sound  started
472.8085 	DATA 	Keypress: rctrl
472.8278 	EXP 	Sound  started
473.5606 	DATA 	Keypress: lctrl
473.5779 	EXP 	Sound  started
474.3279 	EXP 	Sound  started
474.3606 	DATA 	Keypress: rctrl
475.0779 	EXP 	Sound  started
475.0806 	DATA 	Keypress: lctrl
475.7846 	DATA 	Keypress: lctrl
475.8279 	EXP 	Sound  started
476.5686 	DATA 	Keypress: lctrl
476.5779 	EXP 	Sound  started
477.3205 	DATA 	Keypress: rctrl
477.3279 	EXP 	Sound  started
478.0245 	DATA 	Keypress: lctrl
478.0779 	EXP 	Sound  started
478.8086 	DATA 	Keypress: rctrl
478.8280 	EXP 	Sound  started
479.5780 	EXP 	Sound  started
479.6725 	DATA 	Keypress: lctrl
480.3280 	EXP 	Sound  started
480.3446 	DATA 	Keypress: lctrl
481.0645 	DATA 	Keypress: lctrl
481.0780 	EXP 	Sound  started
481.7686 	DATA 	Keypress: rctrl
481.8280 	EXP 	Sound  started
482.5780 	EXP 	Sound  started
482.6325 	DATA 	Keypress: rctrl
483.3280 	EXP 	Sound  started
483.3845 	DATA 	Keypress: rctrl
484.0726 	DATA 	Keypress: lctrl
484.0780 	EXP 	Sound  started
484.7445 	DATA 	Keypress: rctrl
484.8281 	EXP 	Sound  started
485.5606 	DATA 	Keypress: lctrl
485.5781 	EXP 	Sound  started
486.2965 	DATA 	Keypress: lctrl
486.3281 	EXP 	Sound  started
487.0646 	DATA 	Keypress: lctrl
487.0781 	EXP 	Sound  started
487.7846 	DATA 	Keypress: rctrl
487.8281 	EXP 	Sound  started
488.5205 	DATA 	Keypress: lctrl
488.5781 	EXP 	Sound  started
489.3045 	DATA 	Keypress: rctrl
489.3281 	EXP 	Sound  started
490.0725 	DATA 	Keypress: rctrl
490.0782 	EXP 	Sound  started
490.7606 	DATA 	Keypress: rctrl
490.8282 	EXP 	Sound  started
491.5126 	DATA 	Keypress: lctrl
491.5782 	EXP 	Sound  started
492.3282 	EXP 	Sound  started
492.3446 	DATA 	Keypress: lctrl
493.0325 	DATA 	Keypress: lctrl
493.0782 	EXP 	Sound  started
493.8006 	DATA 	Keypress: rctrl
493.8282 	EXP 	Sound  started
494.5782 	EXP 	Sound  started
494.5845 	DATA 	Keypress: lctrl
495.3046 	DATA 	Keypress: rctrl
495.3283 	EXP 	Sound  started
495.9765 	DATA 	Keypress: rctrl
496.0783 	EXP 	Sound  started
496.8085 	DATA 	Keypress: rctrl
496.8283 	EXP 	Sound  started
497.5125 	DATA 	Keypress: lctrl
497.5783 	EXP 	Sound  started
498.3126 	DATA 	Keypress: lctrl
498.3283 	EXP 	Sound  started
499.0645 	DATA 	Keypress: lctrl
499.0783 	EXP 	Sound  started
499.8006 	DATA 	Keypress: rctrl
499.8283 	EXP 	Sound  started
500.5784 	EXP 	Sound  started
500.5846 	DATA 	Keypress: lctrl
501.3046 	DATA 	Keypress: rctrl
501.3284 	EXP 	Sound  started
502.0726 	DATA 	Keypress: rctrl
502.0784 	EXP 	Sound  started
502.8284 	EXP 	Sound  started
502.8405 	DATA 	Keypress: lctrl
503.5445 	DATA 	Keypress: rctrl
503.5784 	EXP 	Sound  started
504.2805 	DATA 	Keypress: lctrl
504.3284 	EXP 	Sound  started
505.0166 	DATA 	Keypress: lctrl
505.0784 	EXP 	Sound  started
505.7845 	DATA 	Keypress: lctrl
505.8285 	EXP 	Sound  started
506.5686 	DATA 	Keypress: lctrl
506.5785 	EXP 	Sound  started
507.2885 	DATA 	Keypress: rctrl
507.3285 	EXP 	Sound  started
508.0725 	DATA 	Keypress: lctrl
508.0785 	EXP 	Sound  started
508.7926 	DATA 	Keypress: rctrl
508.8285 	EXP 	Sound  started
509.5605 	DATA 	Keypress: rctrl
509.5785 	EXP 	Sound  started
510.3285 	EXP 	Sound  started
510.3606 	DATA 	Keypress: lctrl
511.0785 	EXP 	Sound  started
511.0805 	DATA 	Keypress: rctrl
511.8166 	DATA 	Keypress: lctrl
511.8286 	EXP 	Sound  started
512.5525 	DATA 	Keypress: rctrl
512.5786 	EXP 	Sound  started
513.2725 	DATA 	Keypress: lctrl
513.3286 	EXP 	Sound  started
514.0725 	DATA 	Keypress: lctrl
514.0786 	EXP 	Sound  started
514.8286 	EXP 	Sound  started
514.8566 	DATA 	Keypress: lctrl
515.5786 	EXP 	Sound  started
515.5926 	DATA 	Keypress: rctrl
516.3125 	DATA 	Keypress: lctrl
516.3286 	EXP 	Sound  started
517.0166 	DATA 	Keypress: rctrl
517.0787 	EXP 	Sound  started
517.8166 	DATA 	Keypress: rctrl
517.8287 	EXP 	Sound  started
518.5365 	DATA 	Keypress: lctrl
518.5787 	EXP 	Sound  started
519.2885 	DATA 	Keypress: rctrl
519.3287 	EXP 	Sound  started
520.0725 	DATA 	Keypress: lctrl
520.0787 	EXP 	Sound  started
520.8287 	EXP 	Sound  started
520.8405 	DATA 	Keypress: rctrl
521.5285 	DATA 	Keypress: rctrl
521.5788 	EXP 	Sound  started
522.3125 	DATA 	Keypress: lctrl
522.3288 	EXP 	Sound  started
523.0165 	DATA 	Keypress: rctrl
523.0788 	EXP 	Sound  started
523.7846 	DATA 	Keypress: lctrl
523.8288 	EXP 	Sound  started
524.5206 	DATA 	Keypress: rctrl
524.5788 	EXP 	Sound  started
525.2885 	DATA 	Keypress: rctrl
525.3288 	EXP 	Sound  started
526.0245 	DATA 	Keypress: rctrl
526.0788 	EXP 	Sound  started
526.7765 	DATA 	Keypress: lctrl
526.8288 	EXP 	Sound  started
527.5286 	DATA 	Keypress: rctrl
527.5789 	EXP 	Sound  started
528.3125 	DATA 	Keypress: lctrl
528.3289 	EXP 	Sound  started
529.0789 	EXP 	Sound  started
529.0806 	DATA 	Keypress: lctrl
529.7685 	DATA 	Keypress: rctrl
531.3471 	DATA 	Keypress: 4
531.3636 	EXP 	unnamed ShapeStim: vertices = <class 'numpy.ndarray'>
533.4988 	DATA 	Keypress: 2
533.5153 	EXP 	unnamed ShapeStim: vertices = <class 'numpy.ndarray'>
535.3536 	DATA 	Keypress: 1
535.3831 	EXP 	unnamed ShapeStim: vertices = <class 'numpy.ndarray'>
537.6682 	EXP 	Sound  started
537.6886 	DATA 	Keypress: rctrl
538.3765 	DATA 	Keypress: lctrl
538.4180 	EXP 	Sound  started
539.1605 	DATA 	Keypress: rctrl
539.1681 	EXP 	Sound  started
539.8646 	DATA 	Keypress: lctrl
539.9181 	EXP 	Sound  started
540.6485 	DATA 	Keypress: lctrl
540.6681 	EXP 	Sound  started
541.4181 	EXP 	Sound  started
541.4486 	DATA 	Keypress: lctrl
542.1681 	EXP 	Sound  started
542.1845 	DATA 	Keypress: rctrl
542.9045 	DATA 	Keypress: lctrl
542.9181 	EXP 	Sound  started
543.6566 	DATA 	Keypress: rctrl
543.6681 	EXP 	Sound  started
544.4086 	DATA 	Keypress: rctrl
544.4182 	EXP 	Sound  started
545.1682 	EXP 	Sound  started
545.1766 	DATA 	Keypress: rctrl
545.9126 	DATA 	Keypress: lctrl
545.9182 	EXP 	Sound  started
546.6165 	DATA 	Keypress: rctrl
546.6682 	EXP 	Sound  started
547.3845 	DATA 	Keypress: lctrl
547.4182 	EXP 	Sound  started
548.1682 	EXP 	Sound  started
548.1685 	DATA 	Keypress: lctrl
548.9182 	EXP 	Sound  started
548.9365 	DATA 	Keypress: rctrl
549.6566 	DATA 	Keypress: rctrl
549.6683 	EXP 	Sound  started
550.4085 	DATA 	Keypress: rctrl
550.4183 	EXP 	Sound  started
551.1285 	DATA 	Keypress: lctrl
551.1683 	EXP 	Sound  started
551.8646 	DATA 	Keypress: lctrl
551.9183 	EXP 	Sound  started
552.6645 	DATA 	Keypress: rctrl
552.6683 	EXP 	Sound  started
553.4005 	DATA 	Keypress: lctrl
553.4183 	EXP 	Sound  started
554.1683 	EXP 	Sound  started
554.2005 	DATA 	Keypress: rctrl
554.9184 	EXP 	Sound  started
554.9365 	DATA 	Keypress: lctrl
555.6684 	EXP 	Sound  started
555.6727 	DATA 	Keypress: lctrl
556.3926 	DATA 	Keypress: lctrl
556.4184 	EXP 	Sound  started
557.0805 	DATA 	Keypress: rctrl
557.1684 	EXP 	Sound  started
557.8645 	DATA 	Keypress: rctrl
557.9184 	EXP 	Sound  started
558.5845 	DATA 	Keypress: lctrl
558.6684 	EXP 	Sound  started
559.3365 	DATA 	Keypress: rctrl
559.4184 	EXP 	Sound  started
560.1525 	DATA 	Keypress: lctrl
560.1685 	EXP 	Sound  started
560.8724 	DATA 	Keypress: lctrl
560.9185 	EXP 	Sound  started
561.5925 	DATA 	Keypress: rctrl
561.6685 	EXP 	Sound  started
562.3924 	DATA 	Keypress: rctrl
562.4185 	EXP 	Sound  started
563.1685 	EXP 	Sound  started
563.2564 	DATA 	Keypress: rctrl
563.9185 	EXP 	Sound  started
563.9285 	DATA 	Keypress: lctrl
564.6004 	DATA 	Keypress: rctrl
564.6685 	EXP 	Sound  started
565.3845 	DATA 	Keypress: rctrl
565.4185 	EXP 	Sound  started
566.1365 	DATA 	Keypress: lctrl
566.1686 	EXP 	Sound  started
566.8885 	DATA 	Keypress: rctrl
566.9186 	EXP 	Sound  started
567.6565 	DATA 	Keypress: lctrl
567.6686 	EXP 	Sound  started
568.3606 	DATA 	Keypress: lctrl
568.4186 	EXP 	Sound  started
569.1686 	EXP 	Sound  started
569.2406 	DATA 	Keypress: lctrl
569.9186 	EXP 	Sound  started
569.9286 	DATA 	Keypress: lctrl
570.6484 	DATA 	Keypress: rctrl
570.6686 	EXP 	Sound  started
571.4005 	DATA 	Keypress: rctrl
571.4187 	EXP 	Sound  started
572.1205 	DATA 	Keypress: lctrl
572.1687 	EXP 	Sound  started
572.8885 	DATA 	Keypress: lctrl
572.9187 	EXP 	Sound  started
573.6086 	DATA 	Keypress: rctrl
573.6687 	EXP 	Sound  started
574.4085 	DATA 	Keypress: rctrl
574.4187 	EXP 	Sound  started
575.1687 	EXP 	Sound  started
575.1925 	DATA 	Keypress: lctrl
575.9187 	EXP 	Sound  started
575.9285 	DATA 	Keypress: lctrl
576.6484 	DATA 	Keypress: rctrl
576.6687 	EXP 	Sound  started
577.4165 	DATA 	Keypress: lctrl
577.4188 	EXP 	Sound  started
578.1688 	EXP 	Sound  started
578.2006 	DATA 	Keypress: rctrl
578.9188 	EXP 	Sound  started
578.9525 	DATA 	Keypress: rctrl
579.6405 	DATA 	Keypress: rctrl
579.6688 	EXP 	Sound  started
580.3124 	DATA 	Keypress: rctrl
580.4188 	EXP 	Sound  started
581.1126 	DATA 	Keypress: rctrl
581.1688 	EXP 	Sound  started
581.8325 	DATA 	Keypress: rctrl
581.9188 	EXP 	Sound  started
582.6006 	DATA 	Keypress: lctrl
582.6689 	EXP 	Sound  started
583.3524 	DATA 	Keypress: lctrl
583.4189 	EXP 	Sound  started
584.1525 	DATA 	Keypress: lctrl
584.1689 	EXP 	Sound  started
584.8885 	DATA 	Keypress: lctrl
584.9189 	EXP 	Sound  started
585.6565 	DATA 	Keypress: rctrl
585.6689 	EXP 	Sound  started
586.3605 	DATA 	Keypress: lctrl
586.4189 	EXP 	Sound  started
587.0645 	DATA 	Keypress: rctrl
587.1689 	EXP 	Sound  started
587.9125 	DATA 	Keypress: lctrl
587.9190 	EXP 	Sound  started
588.6005 	DATA 	Keypress: rctrl
588.6690 	EXP 	Sound  started
589.3525 	DATA 	Keypress: lctrl
589.4190 	EXP 	Sound  started
590.1690 	EXP 	Sound  started
590.1845 	DATA 	Keypress: lctrl
590.9044 	DATA 	Keypress: lctrl
590.9190 	EXP 	Sound  started
591.6085 	DATA 	Keypress: lctrl
591.6690 	EXP 	Sound  started
592.3925 	DATA 	Keypress: lctrl
592.4190 	EXP 	Sound  started
593.0644 	DATA 	Keypress: rctrl
593.1690 	EXP 	Sound  started
593.8964 	DATA 	Keypress: lctrl
593.9191 	EXP 	Sound  started
594.6326 	DATA 	Keypress: rctrl
594.6691 	EXP 	Sound  started
595.4191 	EXP 	Sound  started
595.4484 	DATA 	Keypress: rctrl
596.1205 	DATA 	Keypress: rctrl
596.1691 	EXP 	Sound  started
596.9045 	DATA 	Keypress: lctrl
596.9191 	EXP 	Sound  started
597.6244 	DATA 	Keypress: rctrl
597.6691 	EXP 	Sound  started
598.3286 	DATA 	Keypress: lctrl
598.4191 	EXP 	Sound  started
599.1125 	DATA 	Keypress: rctrl
601.0537 	DATA 	Keypress: 3
601.0702 	EXP 	unnamed ShapeStim: vertices = <class 'numpy.ndarray'>
603.4889 	DATA 	Keypress: 2
603.5055 	EXP 	unnamed ShapeStim: vertices = <class 'numpy.ndarray'>
605.3404 	DATA 	Keypress: 1
605.3570 	EXP 	unnamed ShapeStim: vertices = <class 'numpy.ndarray'>
607.6418 	EXP 	Sound  started
607.6886 	DATA 	Keypress: rctrl
608.3445 	DATA 	Keypress: lctrl
608.3916 	EXP 	Sound  started
609.1416 	EXP 	Sound  started
609.1605 	DATA 	Keypress: rctrl
609.8916 	EXP 	Sound  started
609.8965 	DATA 	Keypress: lctrl
610.6416 	EXP 	Sound  started
610.6644 	DATA 	Keypress: rctrl
611.3917 	EXP 	Sound  started
611.4004 	DATA 	Keypress: lctrl
612.0884 	DATA 	Keypress: rctrl
612.1417 	EXP 	Sound  started
612.8565 	DATA 	Keypress: lctrl
612.8917 	EXP 	Sound  started
613.6245 	DATA 	Keypress: lctrl
613.6417 	EXP 	Sound  started
614.3445 	DATA 	Keypress: lctrl
614.3917 	EXP 	Sound  started
615.0805 	DATA 	Keypress: rctrl
615.1417 	EXP 	Sound  started
615.7525 	DATA 	Keypress: lctrl
615.8918 	EXP 	Sound  started
616.6418 	EXP 	Sound  started
616.6966 	DATA 	Keypress: rctrl
617.3845 	DATA 	Keypress: lctrl
617.3918 	EXP 	Sound  started
618.0885 	DATA 	Keypress: rctrl
618.1418 	EXP 	Sound  started
618.8918 	EXP 	Sound  started
618.9045 	DATA 	Keypress: lctrl
619.6085 	DATA 	Keypress: rctrl
619.6419 	EXP 	Sound  started
620.3607 	DATA 	Keypress: rctrl
620.3919 	EXP 	Sound  started
621.1419 	EXP 	Sound  started
621.1444 	DATA 	Keypress: rctrl
621.8805 	DATA 	Keypress: lctrl
621.8919 	EXP 	Sound  started
622.5525 	DATA 	Keypress: lctrl
622.6419 	EXP 	Sound  started
623.3919 	EXP 	Sound  started
623.4004 	DATA 	Keypress: lctrl
624.1419 	EXP 	Sound  started
624.2164 	DATA 	Keypress: rctrl
624.8885 	DATA 	Keypress: lctrl
624.8919 	EXP 	Sound  started
625.6085 	DATA 	Keypress: rctrl
625.6420 	EXP 	Sound  started
626.3920 	EXP 	Sound  started
626.3924 	DATA 	Keypress: rctrl
627.1285 	DATA 	Keypress: rctrl
627.1420 	EXP 	Sound  started
627.8920 	EXP 	Sound  started
627.9286 	DATA 	Keypress: lctrl
628.6324 	DATA 	Keypress: rctrl
628.6420 	EXP 	Sound  started
629.3845 	DATA 	Keypress: lctrl
629.3920 	EXP 	Sound  started
630.0884 	DATA 	Keypress: rctrl
630.1420 	EXP 	Sound  started
630.8404 	DATA 	Keypress: lctrl
630.8921 	EXP 	Sound  started
631.6084 	DATA 	Keypress: rctrl
631.6421 	EXP 	Sound  started
632.3921 	EXP 	Sound  started
632.3924 	DATA 	Keypress: rctrl
633.1124 	DATA 	Keypress: lctrl
633.1421 	EXP 	Sound  started
633.8921 	EXP 	Sound  started
633.9124 	DATA 	Keypress: lctrl
634.6165 	DATA 	Keypress: rctrl
634.6421 	EXP 	Sound  started
635.3365 	DATA 	Keypress: lctrl
635.3921 	EXP 	Sound  started
636.1044 	DATA 	Keypress: rctrl
636.1422 	EXP 	Sound  started
636.8085 	DATA 	Keypress: lctrl
636.8922 	EXP 	Sound  started
637.5924 	DATA 	Keypress: rctrl
637.6422 	EXP 	Sound  started
638.3766 	DATA 	Keypress: rctrl
638.3922 	EXP 	Sound  started
639.1284 	DATA 	Keypress: lctrl
639.1422 	EXP 	Sound  started
639.8922 	EXP 	Sound  started
639.8964 	DATA 	Keypress: lctrl
640.6422 	EXP 	Sound  started
640.6484 	DATA 	Keypress: rctrl
641.3845 	DATA 	Keypress: lctrl
641.3922 	EXP 	Sound  started
642.0884 	DATA 	Keypress: rctrl
642.1423 	EXP 	Sound  started
642.8923 	EXP 	Sound  started
642.9045 	DATA 	Keypress: rctrl
643.6423 	EXP 	Sound  started
643.6565 	DATA 	Keypress: lctrl
644.3923 	EXP 	Sound  started
644.3925 	DATA 	Keypress: lctrl
645.0965 	DATA 	Keypress: rctrl
645.1423 	EXP 	Sound  started
645.8923 	EXP 	Sound  started
645.9446 	DATA 	Keypress: lctrl
646.5684 	DATA 	Keypress: rctrl
646.6423 	EXP 	Sound  started
647.3365 	DATA 	Keypress: rctrl
647.3924 	EXP 	Sound  started
648.1205 	DATA 	Keypress: lctrl
648.1424 	EXP 	Sound  started
648.8564 	DATA 	Keypress: lctrl
648.8924 	EXP 	Sound  started
649.6084 	DATA 	Keypress: rctrl
649.6424 	EXP 	Sound  started
650.3124 	DATA 	Keypress: lctrl
650.3924 	EXP 	Sound  started
651.0644 	DATA 	Keypress: rctrl
651.1424 	EXP 	Sound  started
651.8324 	DATA 	Keypress: lctrl
651.8924 	EXP 	Sound  started
652.6164 	DATA 	Keypress: rctrl
652.6425 	EXP 	Sound  started
653.3525 	DATA 	Keypress: rctrl
653.3925 	EXP 	Sound  started
654.0725 	DATA 	Keypress: lctrl
654.1425 	EXP 	Sound  started
654.8404 	DATA 	Keypress: lctrl
654.8925 	EXP 	Sound  started
655.5605 	DATA 	Keypress: lctrl
655.6425 	EXP 	Sound  started
656.2966 	DATA 	Keypress: rctrl
656.3925 	EXP 	Sound  started
657.0645 	DATA 	Keypress: rctrl
657.1425 	EXP 	Sound  started
657.7684 	DATA 	Keypress: lctrl
657.8926 	EXP 	Sound  started
658.6165 	DATA 	Keypress: rctrl
658.6426 	EXP 	Sound  started
659.2885 	DATA 	Keypress: rctrl
659.3926 	EXP 	Sound  started
660.0725 	DATA 	Keypress: rctrl
660.1426 	EXP 	Sound  started
660.7925 	DATA 	Keypress: lctrl
660.8926 	EXP 	Sound  started
661.5444 	DATA 	Keypress: rctrl
661.6426 	EXP 	Sound  started
662.3284 	DATA 	Keypress: rctrl
662.3927 	EXP 	Sound  started
663.0804 	DATA 	Keypress: rctrl
663.1427 	EXP 	Sound  started
663.7524 	DATA 	Keypress: lctrl
663.8927 	EXP 	Sound  started
664.5524 	DATA 	Keypress: lctrl
664.6427 	EXP 	Sound  started
665.3684 	DATA 	Keypress: lctrl
665.3927 	EXP 	Sound  started
666.1044 	DATA 	Keypress: lctrl
666.1427 	EXP 	Sound  started
666.8084 	DATA 	Keypress: lctrl
666.8927 	EXP 	Sound  started
667.5444 	DATA 	Keypress: rctrl
667.6428 	EXP 	Sound  started
668.3604 	DATA 	Keypress: rctrl
668.3928 	EXP 	Sound  started
669.1125 	DATA 	Keypress: lctrl
669.1428 	EXP 	Sound  started
669.8485 	DATA 	Keypress: lctrl
669.8928 	EXP 	Sound  started
670.5684 	DATA 	Keypress: lctrl
670.6428 	EXP 	Sound  started
671.3364 	DATA 	Keypress: lctrl
671.3929 	EXP 	Sound  started
672.1364 	DATA 	Keypress: rctrl
672.1428 	EXP 	Sound  started
672.8245 	DATA 	Keypress: lctrl
677.8035 	DATA 	Keypress: 2
677.8330 	EXP 	unnamed ShapeStim: vertices = <class 'numpy.ndarray'>
680.3692 	DATA 	Keypress: 3
680.3856 	EXP 	unnamed ShapeStim: vertices = <class 'numpy.ndarray'>
683.1213 	DATA 	Keypress: 1
683.1378 	EXP 	unnamed ShapeStim: vertices = <class 'numpy.ndarray'>
685.4226 	EXP 	Sound  started
685.5925 	DATA 	Keypress: rctrl
686.1364 	DATA 	Keypress: lctrl
686.1724 	EXP 	Sound  started
686.8245 	DATA 	Keypress: lctrl
686.9224 	EXP 	Sound  started
687.6244 	DATA 	Keypress: lctrl
687.6724 	EXP 	Sound  started
688.3604 	DATA 	Keypress: rctrl
688.4225 	EXP 	Sound  started
689.1124 	DATA 	Keypress: lctrl
689.1725 	EXP 	Sound  started
689.8484 	DATA 	Keypress: rctrl
689.9225 	EXP 	Sound  started
690.6164 	DATA 	Keypress: rctrl
690.6725 	EXP 	Sound  started
691.4225 	EXP 	Sound  started
691.4324 	DATA 	Keypress: rctrl
692.1685 	DATA 	Keypress: lctrl
692.1725 	EXP 	Sound  started
692.9204 	DATA 	Keypress: rctrl
692.9225 	EXP 	Sound  started
693.5605 	DATA 	Keypress: rctrl
693.6726 	EXP 	Sound  started
694.3765 	DATA 	Keypress: rctrl
694.4226 	EXP 	Sound  started
695.0485 	DATA 	Keypress: lctrl
695.1726 	EXP 	Sound  started
695.8644 	DATA 	Keypress: rctrl
695.9226 	EXP 	Sound  started
696.6324 	DATA 	Keypress: rctrl
696.6726 	EXP 	Sound  started
697.3044 	DATA 	Keypress: rctrl
697.4226 	EXP 	Sound  started
698.0725 	DATA 	Keypress: lctrl
698.1726 	EXP 	Sound  started
698.9227 	EXP 	Sound  started
699.0004 	DATA 	Keypress: lctrl
699.6084 	DATA 	Keypress: lctrl
699.6727 	EXP 	Sound  started
700.3924 	DATA 	Keypress: lctrl
700.4227 	EXP 	Sound  started
701.0644 	DATA 	Keypress: rctrl
701.1727 	EXP 	Sound  started
701.9125 	DATA 	Keypress: lctrl
701.9227 	EXP 	Sound  started
702.6164 	DATA 	Keypress: rctrl
702.6727 	EXP 	Sound  started
703.4005 	DATA 	Keypress: lctrl
703.4227 	EXP 	Sound  started
704.1366 	DATA 	Keypress: rctrl
704.1728 	EXP 	Sound  started
704.9044 	DATA 	Keypress: lctrl
704.9228 	EXP 	Sound  started
705.5924 	DATA 	Keypress: lctrl
705.6728 	EXP 	Sound  started
706.3924 	DATA 	Keypress: rctrl
706.4228 	EXP 	Sound  started
707.1124 	DATA 	Keypress: lctrl
707.1728 	EXP 	Sound  started
707.8484 	DATA 	Keypress: rctrl
707.9228 	EXP 	Sound  started
708.6164 	DATA 	Keypress: rctrl
708.6728 	EXP 	Sound  started
709.3525 	DATA 	Keypress: rctrl
709.4229 	EXP 	Sound  started
710.0885 	DATA 	Keypress: lctrl
710.1729 	EXP 	Sound  started
710.8244 	DATA 	Keypress: rctrl
710.9229 	EXP 	Sound  started
711.5443 	DATA 	Keypress: lctrl
711.6729 	EXP 	Sound  started
712.3444 	DATA 	Keypress: rctrl
712.4229 	EXP 	Sound  started
713.1124 	DATA 	Keypress: rctrl
713.1729 	EXP 	Sound  started
713.8484 	DATA 	Keypress: lctrl
713.9229 	EXP 	Sound  started
714.5365 	DATA 	Keypress: rctrl
714.6729 	EXP 	Sound  started
715.3524 	DATA 	Keypress: lctrl
715.4230 	EXP 	Sound  started
716.1044 	DATA 	Keypress: rctrl
716.1730 	EXP 	Sound  started
716.8724 	DATA 	Keypress: lctrl
716.9230 	EXP 	Sound  started
717.6406 	DATA 	Keypress: lctrl
717.6730 	EXP 	Sound  started
718.3925 	DATA 	Keypress: lctrl
718.4230 	EXP 	Sound  started
719.1124 	DATA 	Keypress: rctrl
719.1730 	EXP 	Sound  started
719.8805 	DATA 	Keypress: rctrl
719.9231 	EXP 	Sound  started
720.5844 	DATA 	Keypress: lctrl
720.6731 	EXP 	Sound  started
721.3365 	DATA 	Keypress: rctrl
721.4231 	EXP 	Sound  started
722.1044 	DATA 	Keypress: rctrl
722.1731 	EXP 	Sound  started
722.8724 	DATA 	Keypress: rctrl
722.9231 	EXP 	Sound  started
723.5764 	DATA 	Keypress: lctrl
723.6731 	EXP 	Sound  started
724.3284 	DATA 	Keypress: rctrl
724.4231 	EXP 	Sound  started
725.1124 	DATA 	Keypress: rctrl
725.1731 	EXP 	Sound  started
725.8804 	DATA 	Keypress: rctrl
725.9232 	EXP 	Sound  started
726.5524 	DATA 	Keypress: lctrl
726.6732 	EXP 	Sound  started
727.3684 	DATA 	Keypress: lctrl
727.4232 	EXP 	Sound  started
728.1044 	DATA 	Keypress: lctrl
728.1732 	EXP 	Sound  started
728.8884 	DATA 	Keypress: lctrl
728.9232 	EXP 	Sound  started
729.5925 	DATA 	Keypress: rctrl
729.6732 	EXP 	Sound  started
730.3604 	DATA 	Keypress: lctrl
730.4233 	EXP 	Sound  started
731.1444 	DATA 	Keypress: rctrl
731.1732 	EXP 	Sound  started
731.8004 	DATA 	Keypress: lctrl
733.6288 	DATA 	Keypress: 4
733.6454 	EXP 	unnamed ShapeStim: vertices = <class 'numpy.ndarray'>
736.2352 	DATA 	Keypress: 2
736.2647 	EXP 	unnamed ShapeStim: vertices = <class 'numpy.ndarray'>
738.1534 	DATA 	Keypress: 1
738.1829 	EXP 	unnamed ShapeStim: vertices = <class 'numpy.ndarray'>
740.4670 	EXP 	Sound  started
740.5365 	DATA 	Keypress: rctrl
741.1604 	DATA 	Keypress: lctrl
741.2169 	EXP 	Sound  started
741.9445 	DATA 	Keypress: rctrl
741.9669 	EXP 	Sound  started
742.7124 	DATA 	Keypress: rctrl
742.7169 	EXP 	Sound  started
743.4165 	DATA 	Keypress: rctrl
743.4669 	EXP 	Sound  started
744.1843 	DATA 	Keypress: lctrl
744.2169 	EXP 	Sound  started
744.9204 	DATA 	Keypress: lctrl
744.9669 	EXP 	Sound  started
745.7045 	DATA 	Keypress: lctrl
745.7169 	EXP 	Sound  started
746.3604 	DATA 	Keypress: lctrl
746.4670 	EXP 	Sound  started
747.1443 	DATA 	Keypress: lctrl
747.2170 	EXP 	Sound  started
747.9124 	DATA 	Keypress: rctrl
747.9670 	EXP 	Sound  started
748.7170 	EXP 	Sound  started
748.7284 	DATA 	Keypress: rctrl
749.4323 	DATA 	Keypress: rctrl
749.4670 	EXP 	Sound  started
750.1684 	DATA 	Keypress: lctrl
750.2170 	EXP 	Sound  started
750.8565 	DATA 	Keypress: rctrl
750.9670 	EXP 	Sound  started
751.6563 	DATA 	Keypress: rctrl
751.7171 	EXP 	Sound  started
752.4566 	DATA 	Keypress: lctrl
752.4671 	EXP 	Sound  started
753.1124 	DATA 	Keypress: rctrl
753.2171 	EXP 	Sound  started
753.9124 	DATA 	Keypress: rctrl
753.9671 	EXP 	Sound  started
754.6965 	DATA 	Keypress: lctrl
754.7171 	EXP 	Sound  started
755.2883 	DATA 	Keypress: rctrl
755.4671 	EXP 	Sound  started
756.1684 	DATA 	Keypress: lctrl
756.2172 	EXP 	Sound  started
756.9672 	EXP 	Sound  started
756.9684 	DATA 	Keypress: rctrl
757.6725 	DATA 	Keypress: rctrl
757.7172 	EXP 	Sound  started
758.4245 	DATA 	Keypress: rctrl
758.4672 	EXP 	Sound  started
759.1284 	DATA 	Keypress: lctrl
759.2172 	EXP 	Sound  started
759.9124 	DATA 	Keypress: lctrl
759.9672 	EXP 	Sound  started
760.6164 	DATA 	Keypress: rctrl
760.7172 	EXP 	Sound  started
761.4003 	DATA 	Keypress: lctrl
761.4673 	EXP 	Sound  started
762.1844 	DATA 	Keypress: rctrl
762.2173 	EXP 	Sound  started
762.9673 	EXP 	Sound  started
762.9843 	DATA 	Keypress: rctrl
763.7173 	EXP 	Sound  started
763.7524 	DATA 	Keypress: lctrl
764.4243 	DATA 	Keypress: rctrl
764.4673 	EXP 	Sound  started
765.1603 	DATA 	Keypress: rctrl
765.2173 	EXP 	Sound  started
765.9603 	DATA 	Keypress: lctrl
765.9673 	EXP 	Sound  started
766.7123 	DATA 	Keypress: rctrl
766.7174 	EXP 	Sound  started
767.4323 	DATA 	Keypress: rctrl
767.4674 	EXP 	Sound  started
768.1523 	DATA 	Keypress: rctrl
768.2174 	EXP 	Sound  started
768.9674 	EXP 	Sound  started
768.9684 	DATA 	Keypress: rctrl
769.6884 	DATA 	Keypress: lctrl
769.7174 	EXP 	Sound  started
770.4674 	EXP 	Sound  started
770.5204 	DATA 	Keypress: lctrl
771.1764 	DATA 	Keypress: rctrl
771.2174 	EXP 	Sound  started
771.9284 	DATA 	Keypress: lctrl
771.9675 	EXP 	Sound  started
772.7175 	EXP 	Sound  started
772.7284 	DATA 	Keypress: rctrl
773.4675 	EXP 	Sound  started
773.4964 	DATA 	Keypress: rctrl
774.1684 	DATA 	Keypress: rctrl
774.2175 	EXP 	Sound  started
774.8725 	DATA 	Keypress: lctrl
774.9675 	EXP 	Sound  started
775.6724 	DATA 	Keypress: lctrl
775.7176 	EXP 	Sound  started
776.4676 	EXP 	Sound  started
776.5204 	DATA 	Keypress: lctrl
777.1605 	DATA 	Keypress: rctrl
777.2176 	EXP 	Sound  started
777.9445 	DATA 	Keypress: rctrl
777.9676 	EXP 	Sound  started
778.6643 	DATA 	Keypress: lctrl
778.7176 	EXP 	Sound  started
779.3685 	DATA 	Keypress: rctrl
779.4676 	EXP 	Sound  started
780.1204 	DATA 	Keypress: lctrl
780.2176 	EXP 	Sound  started
780.9676 	EXP 	Sound  started
780.9844 	DATA 	Keypress: rctrl
781.6404 	DATA 	Keypress: rctrl
781.7176 	EXP 	Sound  started
782.4676 	EXP 	Sound  started
782.4724 	DATA 	Keypress: rctrl
783.1604 	DATA 	Keypress: lctrl
783.2177 	EXP 	Sound  started
783.9284 	DATA 	Keypress: rctrl
783.9677 	EXP 	Sound  started
784.6324 	DATA 	Keypress: lctrl
784.7177 	EXP 	Sound  started
785.4004 	DATA 	Keypress: lctrl
785.4677 	EXP 	Sound  started
786.2164 	DATA 	Keypress: lctrl
786.2177 	EXP 	Sound  started
786.9043 	DATA 	Keypress: rctrl
786.9677 	EXP 	Sound  started
787.6563 	DATA 	Keypress: lctrl
787.7177 	EXP 	Sound  started
788.4244 	DATA 	Keypress: rctrl
788.4678 	EXP 	Sound  started
789.2084 	DATA 	Keypress: rctrl
789.2178 	EXP 	Sound  started
789.9123 	DATA 	Keypress: lctrl
789.9678 	EXP 	Sound  started
790.6964 	DATA 	Keypress: rctrl
790.7178 	EXP 	Sound  started
791.4164 	DATA 	Keypress: lctrl
791.4678 	EXP 	Sound  started
792.1363 	DATA 	Keypress: rctrl
792.2178 	EXP 	Sound  started
792.9203 	DATA 	Keypress: rctrl
792.9678 	EXP 	Sound  started
793.6404 	DATA 	Keypress: rctrl
793.7179 	EXP 	Sound  started
794.3925 	DATA 	Keypress: lctrl
794.4679 	EXP 	Sound  started
795.1763 	DATA 	Keypress: lctrl
795.2179 	EXP 	Sound  started
795.9124 	DATA 	Keypress: lctrl
795.9679 	EXP 	Sound  started
796.6964 	DATA 	Keypress: rctrl
796.7179 	EXP 	Sound  started
797.4323 	DATA 	Keypress: lctrl
797.4679 	EXP 	Sound  started
798.2003 	DATA 	Keypress: rctrl
798.2179 	EXP 	Sound  started
798.9045 	DATA 	Keypress: lctrl
798.9680 	EXP 	Sound  started
799.6724 	DATA 	Keypress: rctrl
799.7180 	EXP 	Sound  started
800.4243 	DATA 	Keypress: rctrl
800.4680 	EXP 	Sound  started
801.1763 	DATA 	Keypress: lctrl
801.2180 	EXP 	Sound  started
801.8804 	DATA 	Keypress: lctrl
801.9680 	EXP 	Sound  started
802.6644 	DATA 	Keypress: lctrl
802.7180 	EXP 	Sound  started
803.3523 	DATA 	Keypress: rctrl
803.4680 	EXP 	Sound  started
804.1363 	DATA 	Keypress: lctrl
804.2181 	EXP 	Sound  started
804.8723 	DATA 	Keypress: rctrl
804.9681 	EXP 	Sound  started
805.6723 	DATA 	Keypress: lctrl
805.7181 	EXP 	Sound  started
806.3764 	DATA 	Keypress: lctrl
808.0435 	DATA 	Keypress: 4
808.0730 	EXP 	unnamed ShapeStim: vertices = <class 'numpy.ndarray'>
809.8412 	DATA 	Keypress: 1
809.8578 	EXP 	unnamed ShapeStim: vertices = <class 'numpy.ndarray'>
811.6932 	DATA 	Keypress: 1
811.7098 	EXP 	unnamed ShapeStim: vertices = <class 'numpy.ndarray'>
813.9948 	EXP 	Sound  started
814.0725 	DATA 	Keypress: rctrl
814.7124 	DATA 	Keypress: lctrl
814.7447 	EXP 	Sound  started
815.4484 	DATA 	Keypress: lctrl
815.4947 	EXP 	Sound  started
816.2003 	DATA 	Keypress: rctrl
816.2447 	EXP 	Sound  started
816.9843 	DATA 	Keypress: rctrl
816.9947 	EXP 	Sound  started
817.7447 	EXP 	Sound  started
818.4947 	EXP 	Sound  started
818.5364 	DATA 	Keypress: rctrl
819.1923 	DATA 	Keypress: rctrl
819.2447 	EXP 	Sound  started
819.9283 	DATA 	Keypress: rctrl
819.9947 	EXP 	Sound  started
820.7448 	EXP 	Sound  started
820.7603 	DATA 	Keypress: rctrl
821.4803 	DATA 	Keypress: lctrl
821.4948 	EXP 	Sound  started
822.2004 	DATA 	Keypress: lctrl
822.2448 	EXP 	Sound  started
822.9683 	DATA 	Keypress: rctrl
822.9948 	EXP 	Sound  started
823.6564 	DATA 	Keypress: rctrl
823.7448 	EXP 	Sound  started
824.4404 	DATA 	Keypress: rctrl
824.4948 	EXP 	Sound  started
825.1923 	DATA 	Keypress: rctrl
825.2449 	EXP 	Sound  started
825.8963 	DATA 	Keypress: rctrl
825.9949 	EXP 	Sound  started
826.6164 	DATA 	Keypress: lctrl
826.7449 	EXP 	Sound  started
827.4324 	DATA 	Keypress: lctrl
827.4949 	EXP 	Sound  started
828.2004 	DATA 	Keypress: lctrl
828.2449 	EXP 	Sound  started
828.9524 	DATA 	Keypress: lctrl
828.9949 	EXP 	Sound  started
829.6564 	DATA 	Keypress: lctrl
829.7449 	EXP 	Sound  started
830.4723 	DATA 	Keypress: lctrl
830.4950 	EXP 	Sound  started
831.1603 	DATA 	Keypress: rctrl
831.2450 	EXP 	Sound  started
831.9444 	DATA 	Keypress: lctrl
831.9950 	EXP 	Sound  started
832.6804 	DATA 	Keypress: lctrl
832.7450 	EXP 	Sound  started
833.4323 	DATA 	Keypress: lctrl
833.4950 	EXP 	Sound  started
834.1524 	DATA 	Keypress: rctrl
834.2450 	EXP 	Sound  started
834.9043 	DATA 	Keypress: lctrl
834.9951 	EXP 	Sound  started
835.6885 	DATA 	Keypress: rctrl
835.7451 	EXP 	Sound  started
836.4083 	DATA 	Keypress: rctrl
836.4951 	EXP 	Sound  started
837.1923 	DATA 	Keypress: rctrl
837.2451 	EXP 	Sound  started
837.9123 	DATA 	Keypress: lctrl
837.9951 	EXP 	Sound  started
838.6644 	DATA 	Keypress: rctrl
838.7451 	EXP 	Sound  started
839.4323 	DATA 	Keypress: lctrl
839.4951 	EXP 	Sound  started
840.1524 	DATA 	Keypress: rctrl
840.2451 	EXP 	Sound  started
840.9363 	DATA 	Keypress: rctrl
840.9952 	EXP 	Sound  started
841.7203 	DATA 	Keypress: lctrl
841.7452 	EXP 	Sound  started
842.4883 	DATA 	Keypress: lctrl
842.4952 	EXP 	Sound  started
843.1284 	DATA 	Keypress: rctrl
843.2452 	EXP 	Sound  started
843.9123 	DATA 	Keypress: lctrl
843.9952 	EXP 	Sound  started
844.6483 	DATA 	Keypress: rctrl
844.7452 	EXP 	Sound  started
845.3843 	DATA 	Keypress: rctrl
845.4953 	EXP 	Sound  started
846.2004 	DATA 	Keypress: rctrl
846.2453 	EXP 	Sound  started
846.8563 	DATA 	Keypress: lctrl
846.9953 	EXP 	Sound  started
847.6724 	DATA 	Keypress: rctrl
847.7453 	EXP 	Sound  started
848.4883 	DATA 	Keypress: rctrl
848.4953 	EXP 	Sound  started
849.1603 	DATA 	Keypress: lctrl
849.2453 	EXP 	Sound  started
849.9283 	DATA 	Keypress: rctrl
849.9953 	EXP 	Sound  started
850.6643 	DATA 	Keypress: rctrl
850.7453 	EXP 	Sound  started
851.4165 	DATA 	Keypress: lctrl
851.4954 	EXP 	Sound  started
852.1363 	DATA 	Keypress: rctrl
852.2454 	EXP 	Sound  started
852.8883 	DATA 	Keypress: rctrl
852.9954 	EXP 	Sound  started
853.6084 	DATA 	Keypress: rctrl
853.7454 	EXP 	Sound  started
854.3923 	DATA 	Keypress: lctrl
854.4954 	EXP 	Sound  started
855.1604 	DATA 	Keypress: rctrl
855.2455 	EXP 	Sound  started
855.9604 	DATA 	Keypress: lctrl
855.9955 	EXP 	Sound  started
856.7283 	DATA 	Keypress: lctrl
856.7455 	EXP 	Sound  started
857.4643 	DATA 	Keypress: rctrl
857.4955 	EXP 	Sound  started
858.1683 	DATA 	Keypress: lctrl
858.2455 	EXP 	Sound  started
858.8883 	DATA 	Keypress: rctrl
861.0165 	DATA 	Keypress: 4
861.0330 	EXP 	unnamed ShapeStim: vertices = <class 'numpy.ndarray'>
863.1182 	DATA 	Keypress: 1
863.1347 	EXP 	unnamed ShapeStim: vertices = <class 'numpy.ndarray'>
866.4209 	DATA 	Keypress: 2
866.4374 	EXP 	unnamed ShapeStim: vertices = <class 'numpy.ndarray'>
868.7225 	EXP 	Sound  started
868.9204 	DATA 	Keypress: rctrl
869.4724 	EXP 	Sound  started
869.5443 	DATA 	Keypress: rctrl
870.2224 	EXP 	Sound  started
870.2484 	DATA 	Keypress: rctrl
870.9203 	DATA 	Keypress: rctrl
870.9724 	EXP 	Sound  started
871.6724 	DATA 	Keypress: rctrl
871.7224 	EXP 	Sound  started
872.4243 	DATA 	Keypress: rctrl
872.4724 	EXP 	Sound  started
873.1443 	DATA 	Keypress: rctrl
873.2224 	EXP 	Sound  started
873.9123 	DATA 	Keypress: lctrl
873.9724 	EXP 	Sound  started
874.7123 	DATA 	Keypress: lctrl
874.7225 	EXP 	Sound  started
875.4643 	DATA 	Keypress: lctrl
875.4725 	EXP 	Sound  started
876.2003 	DATA 	Keypress: rctrl
876.2225 	EXP 	Sound  started
876.9043 	DATA 	Keypress: lctrl
876.9725 	EXP 	Sound  started
877.6723 	DATA 	Keypress: rctrl
877.7225 	EXP 	Sound  started
878.3603 	DATA 	Keypress: rctrl
878.4725 	EXP 	Sound  started
879.1124 	DATA 	Keypress: rctrl
879.2225 	EXP 	Sound  started
879.9123 	DATA 	Keypress: lctrl
879.9725 	EXP 	Sound  started
880.6803 	DATA 	Keypress: lctrl
880.7226 	EXP 	Sound  started
881.3523 	DATA 	Keypress: rctrl
881.4726 	EXP 	Sound  started
882.1683 	DATA 	Keypress: lctrl
882.2226 	EXP 	Sound  started
882.9523 	DATA 	Keypress: lctrl
882.9726 	EXP 	Sound  started
883.6404 	DATA 	Keypress: rctrl
883.7226 	EXP 	Sound  started
884.4244 	DATA 	Keypress: rctrl
884.4726 	EXP 	Sound  started
885.1603 	DATA 	Keypress: lctrl
885.2226 	EXP 	Sound  started
885.9284 	DATA 	Keypress: lctrl
885.9727 	EXP 	Sound  started
886.7124 	DATA 	Keypress: lctrl
886.7227 	EXP 	Sound  started
887.4727 	EXP 	Sound  started
887.5923 	DATA 	Keypress: lctrl
888.2227 	EXP 	Sound  started
888.2963 	DATA 	Keypress: rctrl
888.9364 	DATA 	Keypress: rctrl
888.9727 	EXP 	Sound  started
889.6883 	DATA 	Keypress: lctrl
889.7227 	EXP 	Sound  started
890.4244 	DATA 	Keypress: rctrl
890.4728 	EXP 	Sound  started
891.1603 	DATA 	Keypress: lctrl
891.2228 	EXP 	Sound  started
891.8963 	DATA 	Keypress: lctrl
891.9728 	EXP 	Sound  started
892.6322 	DATA 	Keypress: rctrl
892.7228 	EXP 	Sound  started
893.4643 	DATA 	Keypress: rctrl
893.4728 	EXP 	Sound  started
894.1843 	DATA 	Keypress: lctrl
894.2228 	EXP 	Sound  started
894.9042 	DATA 	Keypress: rctrl
894.9728 	EXP 	Sound  started
895.6404 	DATA 	Keypress: lctrl
895.7229 	EXP 	Sound  started
896.4243 	DATA 	Keypress: lctrl
896.4729 	EXP 	Sound  started
897.1443 	DATA 	Keypress: rctrl
897.2229 	EXP 	Sound  started
897.9729 	EXP 	Sound  started
898.0084 	DATA 	Keypress: rctrl
898.6804 	DATA 	Keypress: rctrl
898.7229 	EXP 	Sound  started
899.4323 	DATA 	Keypress: lctrl
899.4729 	EXP 	Sound  started
900.1683 	DATA 	Keypress: rctrl
900.2229 	EXP 	Sound  started
900.9203 	DATA 	Keypress: lctrl
900.9729 	EXP 	Sound  started
901.6403 	DATA 	Keypress: rctrl
901.7230 	EXP 	Sound  started
902.4563 	DATA 	Keypress: rctrl
902.4730 	EXP 	Sound  started
903.1603 	DATA 	Keypress: lctrl
903.2230 	EXP 	Sound  started
903.9443 	DATA 	Keypress: rctrl
903.9730 	EXP 	Sound  started
904.6802 	DATA 	Keypress: lctrl
904.7230 	EXP 	Sound  started
905.4643 	DATA 	Keypress: lctrl
905.4730 	EXP 	Sound  started
906.1843 	DATA 	Keypress: rctrl
906.2230 	EXP 	Sound  started
906.8883 	DATA 	Keypress: lctrl
906.9730 	EXP 	Sound  started
907.6723 	DATA 	Keypress: rctrl
907.7231 	EXP 	Sound  started
908.4403 	DATA 	Keypress: rctrl
908.4731 	EXP 	Sound  started
909.1602 	DATA 	Keypress: rctrl
909.2231 	EXP 	Sound  started
909.9123 	DATA 	Keypress: lctrl
909.9731 	EXP 	Sound  started
910.6643 	DATA 	Keypress: rctrl
910.7231 	EXP 	Sound  started
911.4163 	DATA 	Keypress: lctrl
911.4731 	EXP 	Sound  started
912.1203 	DATA 	Keypress: lctrl
912.2231 	EXP 	Sound  started
912.8564 	DATA 	Keypress: lctrl
912.9732 	EXP 	Sound  started
913.6883 	DATA 	Keypress: rctrl
913.7232 	EXP 	Sound  started
914.3923 	DATA 	Keypress: lctrl
914.4732 	EXP 	Sound  started
915.1123 	DATA 	Keypress: rctrl
915.2232 	EXP 	Sound  started
915.8643 	DATA 	Keypress: rctrl
915.9732 	EXP 	Sound  started
916.6322 	DATA 	Keypress: rctrl
916.7232 	EXP 	Sound  started
917.3683 	DATA 	Keypress: rctrl
917.4732 	EXP 	Sound  started
918.1683 	DATA 	Keypress: lctrl
918.2233 	EXP 	Sound  started
918.9523 	DATA 	Keypress: rctrl
918.9733 	EXP 	Sound  started
919.6563 	DATA 	Keypress: lctrl
919.7233 	EXP 	Sound  started
920.3443 	DATA 	Keypress: lctrl
920.4733 	EXP 	Sound  started
921.1923 	DATA 	Keypress: lctrl
921.2233 	EXP 	Sound  started
921.9283 	DATA 	Keypress: lctrl
921.9733 	EXP 	Sound  started
922.6642 	DATA 	Keypress: rctrl
922.7233 	EXP 	Sound  started
923.3683 	DATA 	Keypress: lctrl
923.4734 	EXP 	Sound  started
924.1683 	DATA 	Keypress: rctrl
924.2234 	EXP 	Sound  started
924.9043 	DATA 	Keypress: rctrl
924.9734 	EXP 	Sound  started
925.6403 	DATA 	Keypress: lctrl
925.7234 	EXP 	Sound  started
926.3764 	DATA 	Keypress: lctrl
926.4734 	EXP 	Sound  started
927.0803 	DATA 	Keypress: rctrl
927.2234 	EXP 	Sound  started
927.9444 	DATA 	Keypress: lctrl
929.5559 	DATA 	Keypress: 4
929.5724 	EXP 	unnamed ShapeStim: vertices = <class 'numpy.ndarray'>
931.8416 	DATA 	Keypress: 1
931.8581 	EXP 	unnamed ShapeStim: vertices = <class 'numpy.ndarray'>
933.7098 	DATA 	Keypress: 1
933.7263 	EXP 	unnamed ShapeStim: vertices = <class 'numpy.ndarray'>
1086.3923 	DATA 	Keypress: return
1086.4550 	EXP 	window1: mouseVisible = True
