621.7170 	WARNING 	User requested fullscreen with size [1024  768], but screen is actually [1920, 1200]. Using actual size
622.5101 	EXP 	Created window1 = Window(allowGUI=False, allowStencil=False, autoLog=True, backendConf=UNKNOWN, bitsMode=UNKNOWN, blendMode='avg', bpc=(8, 8, 8), color=array([0, 0, 0]), colorSpace='rgb', depthBits=8, fullscr=<method-wrapper '__getattribute__' of attributeSetter object at 0x00000130B4316710>, gamma=None, gammaErrorPolicy='raise', lms=UNKNOWN, monitor=<psychopy.monitors.calibTools.Monitor object at 0x00000130B5A47FD0>, multiSample=False, name='window1', numSamples=2, pos=[0.0, 0.0], screen=0, size=array([1920, 1200]), stencilBits=0, stereo=False, units='norm', useFBO=True, useRetina=False, viewOri=0.0, viewPos=None, viewScale=None, waitBlanking=True, winType='pyglet')
622.5105 	EXP 	window1: mouseVisible = True
622.5105 	EXP 	window1: mouseVisible = False
622.5105 	EXP 	window1: recordFrameIntervals = False
622.6767 	EXP 	window1: recordFrameIntervals = True
622.8602 	EXP 	window1: recordFrameIntervals = False
622.9149 	EXP 	Created text = TextStim(__class__=<class 'psychopy.visual.text.TextStim'>, alignHoriz=method-wrapper(...), alignText='center', alignVert=method-wrapper(...), anchorHoriz='center', anchorVert='center', antialias=True, autoLog=True, bold=False, color=array([1., 1., 1.]), colorSpace='rgb', contrast=1.0, depth=0.0, flipHoriz=False, flipVert=False, font='Arial', fontFiles=[], height=0.15, italic=False, languageStyle='LTR', name='text', opacity=1, ori=0, pos=array([0., 0.]), rgb=UNKNOWN, text='+', units='norm', win=Window(...), wrapWidth=1)
622.9369 	EXP 	Created text = TextStim(__class__=<class 'psychopy.visual.text.TextStim'>, alignHoriz=method-wrapper(...), alignText='center', alignVert=method-wrapper(...), anchorHoriz='center', anchorVert='center', antialias=True, autoLog=True, bold=False, color=array([1., 1., 1.]), colorSpace='rgb', contrast=1.0, depth=0.0, flipHoriz=False, flipVert=False, font='Arial', fontFiles=[], height=0.07, italic=False, languageStyle='LTR', name='text', opacity=1, ori=0, pos=array([0., 0.]), rgb=UNKNOWN, text=str(...), units='norm', win=Window(...), wrapWidth=1.65)
622.9462 	EXP 	Created text = TextStim(__class__=<class 'psychopy.visual.text.TextStim'>, alignHoriz=method-wrapper(...), alignText='center', alignVert=method-wrapper(...), anchorHoriz='center', anchorVert='center', antialias=True, autoLog=True, bold=False, color=array([1., 1., 1.]), colorSpace='rgb', contrast=1.0, depth=0.0, flipHoriz=False, flipVert=False, font='Arial', fontFiles=[], height=0.07, italic=False, languageStyle='LTR', name='text', opacity=1, ori=0, pos=array([0., 0.]), rgb=UNKNOWN, text=str(...), units='norm', win=Window(...), wrapWidth=1.65)
622.9553 	EXP 	Created text = TextStim(__class__=<class 'psychopy.visual.text.TextStim'>, alignHoriz=method-wrapper(...), alignText='center', alignVert=method-wrapper(...), anchorHoriz='center', anchorVert='center', antialias=True, autoLog=True, bold=False, color=array([1., 1., 1.]), colorSpace='rgb', contrast=1.0, depth=0.0, flipHoriz=False, flipVert=False, font='Arial', fontFiles=[], height=0.07, italic=False, languageStyle='LTR', name='text', opacity=1, ori=0, pos=array([0., 0.]), rgb=UNKNOWN, text=str(...), units='norm', win=Window(...), wrapWidth=1.65)
622.9657 	EXP 	Created text = TextStim(__class__=<class 'psychopy.visual.text.TextStim'>, alignHoriz=method-wrapper(...), alignText='center', alignVert=method-wrapper(...), anchorHoriz='center', anchorVert='center', antialias=True, autoLog=True, bold=False, color=array([1., 1., 1.]), colorSpace='rgb', contrast=1.0, depth=0.0, flipHoriz=False, flipVert=False, font='Arial', fontFiles=[], height=0.07, italic=False, languageStyle='LTR', name='text', opacity=1, ori=0, pos=array([0., 0.]), rgb=UNKNOWN, text=str(...), units='norm', win=Window(...), wrapWidth=1.65)
622.9713 	EXP 	Created text = TextStim(__class__=<class 'psychopy.visual.text.TextStim'>, alignHoriz=method-wrapper(...), alignText='center', alignVert=method-wrapper(...), anchorHoriz='center', anchorVert='center', antialias=True, autoLog=True, bold=False, color=array([1., 1., 1.]), colorSpace='rgb', contrast=1.0, depth=0.0, flipHoriz=False, flipVert=False, font='Arial', fontFiles=[], height=0.07, italic=False, languageStyle='LTR', name='text', opacity=1, ori=0, pos=array([0., 0.]), rgb=UNKNOWN, text=str(...), units='norm', win=Window(...), wrapWidth=1.65)
622.9854 	EXP 	Created text = TextStim(__class__=<class 'psychopy.visual.text.TextStim'>, alignHoriz=method-wrapper(...), alignText='center', alignVert=method-wrapper(...), anchorHoriz='center', anchorVert='center', antialias=True, autoLog=True, bold=False, color=array([1., 1., 1.]), colorSpace='rgb', contrast=1.0, depth=0.0, flipHoriz=False, flipVert=False, font='Arial', fontFiles=[], height=0.15, italic=False, languageStyle='LTR', name='text', opacity=1, ori=0, pos=array([0., 0.]), rgb=UNKNOWN, text=str(...), units='norm', win=Window(...), wrapWidth=1.65)
623.0142 	EXP 	Created text = TextStim(__class__=<class 'psychopy.visual.text.TextStim'>, alignHoriz=method-wrapper(...), alignText='center', alignVert=method-wrapper(...), anchorHoriz='center', anchorVert='center', antialias=True, autoLog=True, bold=False, color=array([1., 1., 1.]), colorSpace='rgb', contrast=1.0, depth=0.0, flipHoriz=False, flipVert=False, font='Arial', fontFiles=[], height=0.07, italic=False, languageStyle='LTR', name='text', opacity=1, ori=0, pos=array([0., 0.]), rgb=UNKNOWN, text=str(...), units='norm', win=Window(...), wrapWidth=1.65)
623.0348 	EXP 	Created text = TextStim(__class__=<class 'psychopy.visual.text.TextStim'>, alignHoriz=method-wrapper(...), alignText='center', alignVert=method-wrapper(...), anchorHoriz='center', anchorVert='center', antialias=True, autoLog=True, bold=False, color=array([1., 1., 1.]), colorSpace='rgb', contrast=1.0, depth=0.0, flipHoriz=False, flipVert=False, font='Arial', fontFiles=[], height=0.07, italic=False, languageStyle='LTR', name='text', opacity=1, ori=0, pos=array([0., 0.]), rgb=UNKNOWN, text=str(...), units='norm', win=Window(...), wrapWidth=1.65)
623.0639 	EXP 	Created text = TextStim(__class__=<class 'psychopy.visual.text.TextStim'>, alignHoriz=method-wrapper(...), alignText='center', alignVert=method-wrapper(...), anchorHoriz='center', anchorVert='center', antialias=True, autoLog=True, bold=False, color=array([1., 1., 1.]), colorSpace='rgb', contrast=1.0, depth=0.0, flipHoriz=False, flipVert=False, font='Arial', fontFiles=[], height=0.07, italic=False, languageStyle='LTR', name='text', opacity=1, ori=0, pos=array([0., 0.]), rgb=UNKNOWN, text=str(...), units='norm', win=Window(...), wrapWidth=1.65)
623.0878 	EXP 	Created text = TextStim(__class__=<class 'psychopy.visual.text.TextStim'>, alignHoriz=method-wrapper(...), alignText='center', alignVert=method-wrapper(...), anchorHoriz='center', anchorVert='center', antialias=True, autoLog=True, bold=False, color=array([1., 1., 1.]), colorSpace='rgb', contrast=1.0, depth=0.0, flipHoriz=False, flipVert=False, font='Arial', fontFiles=[], height=0.07, italic=False, languageStyle='LTR', name='text', opacity=1, ori=0, pos=array([0., 0.]), rgb=UNKNOWN, text=str(...), units='norm', win=Window(...), wrapWidth=1.65)
623.1168 	EXP 	Created text = TextStim(__class__=<class 'psychopy.visual.text.TextStim'>, alignHoriz=method-wrapper(...), alignText='center', alignVert=method-wrapper(...), anchorHoriz='center', anchorVert='center', antialias=True, autoLog=True, bold=False, color=array([1., 1., 1.]), colorSpace='rgb', contrast=1.0, depth=0.0, flipHoriz=False, flipVert=False, font='Arial', fontFiles=[], height=0.07, italic=False, languageStyle='LTR', name='text', opacity=1, ori=0, pos=array([0., 0.]), rgb=UNKNOWN, text=str(...), units='norm', win=Window(...), wrapWidth=1.65)
623.1271 	EXP 	Created text = TextStim(__class__=<class 'psychopy.visual.text.TextStim'>, alignHoriz=method-wrapper(...), alignText='center', alignVert=method-wrapper(...), anchorHoriz='center', anchorVert='center', antialias=True, autoLog=True, bold=False, color=array([1., 1., 1.]), colorSpace='rgb', contrast=1.0, depth=0.0, flipHoriz=False, flipVert=False, font='Arial', fontFiles=[], height=0.07, italic=False, languageStyle='LTR', name='text', opacity=1, ori=0, pos=array([0., 0.]), rgb=UNKNOWN, text=str(...), units='norm', win=Window(...), wrapWidth=1.65)
623.1392 	EXP 	Created text = TextStim(__class__=<class 'psychopy.visual.text.TextStim'>, alignHoriz=method-wrapper(...), alignText='center', alignVert=method-wrapper(...), anchorHoriz='center', anchorVert='center', antialias=True, autoLog=True, bold=False, color=array([1., 1., 1.]), colorSpace='rgb', contrast=1.0, depth=0.0, flipHoriz=False, flipVert=False, font='Arial', fontFiles=[], height=0.07, italic=False, languageStyle='LTR', name='text', opacity=1, ori=0, pos=array([0., 0.]), rgb=UNKNOWN, text=str(...), units='norm', win=Window(...), wrapWidth=1.65)
623.1436 	EXP 	Created instru = TextStim(__class__=<class 'psychopy.visual.text.TextStim'>, alignHoriz=method-wrapper(...), alignText='center', alignVert=method-wrapper(...), anchorHoriz='center', anchorVert='center', antialias=True, autoLog=True, bold=False, color=array([1., 1., 1.]), colorSpace='rgb', contrast=1.0, depth=0.0, flipHoriz=False, flipVert=False, font='Arial', fontFiles=[], height=0.07, italic=False, languageStyle='LTR', name='instru', opacity=1, ori=0, pos=array([0. , 0.5]), rgb=UNKNOWN, text=str(...), units='norm', win=Window(...), wrapWidth=1)
623.1460 	EXP 	Created unnamed Line = Line(__class__=<class 'psychopy.visual.line.Line'>, autoDraw=False, autoLog=True, closeShape=False, color=array([1., 1., 1.]), colorSpace='rgb', contrast=None, depth=0, fillColor=array([0, 0, 0]), fillColorSpace='rgb', fillRGB=array([0, 0, 0]), interpolate=True, lineColor=array([1., 1., 1.]), lineColorSpace='rgb', lineRGB=array([1, 1, 1]), lineWidth=5, name='unnamed Line', opacity=0.5, ori=0.0, pos=array([0., 0.]), size=array([1., 1.]), units='norm', vertices=array([[-0.5,  0. ],
       [ 0.5,  0. ]]), win=Window(...), windingRule=None)
623.1480 	EXP 	Created unnamed Line = Line(__class__=<class 'psychopy.visual.line.Line'>, autoDraw=False, autoLog=True, closeShape=False, color=array([1., 1., 1.]), colorSpace='rgb', contrast=None, depth=0, fillColor=array([0, 0, 0]), fillColorSpace='rgb', fillRGB=array([0, 0, 0]), interpolate=True, lineColor=array([1., 1., 1.]), lineColorSpace='rgb', lineRGB=array([1, 1, 1]), lineWidth=3, name='unnamed Line', opacity=0.5, ori=0.0, pos=array([0., 0.]), size=array([1., 1.]), units='norm', vertices=array([[-0.5 , -0.05],
       [-0.5 ,  0.05]]), win=Window(...), windingRule=None)
623.1500 	EXP 	Created unnamed Line = Line(__class__=<class 'psychopy.visual.line.Line'>, autoDraw=False, autoLog=True, closeShape=False, color=array([1., 1., 1.]), colorSpace='rgb', contrast=None, depth=0, fillColor=array([0, 0, 0]), fillColorSpace='rgb', fillRGB=array([0, 0, 0]), interpolate=True, lineColor=array([1., 1., 1.]), lineColorSpace='rgb', lineRGB=array([1, 1, 1]), lineWidth=3, name='unnamed Line', opacity=0.5, ori=0.0, pos=array([0., 0.]), size=array([1., 1.]), units='norm', vertices=ndarray(...), win=Window(...), windingRule=None)
623.1519 	EXP 	Created unnamed Line = Line(__class__=<class 'psychopy.visual.line.Line'>, autoDraw=False, autoLog=True, closeShape=False, color=array([1., 1., 1.]), colorSpace='rgb', contrast=None, depth=0, fillColor=array([0, 0, 0]), fillColorSpace='rgb', fillRGB=array([0, 0, 0]), interpolate=True, lineColor=array([1., 1., 1.]), lineColorSpace='rgb', lineRGB=array([1, 1, 1]), lineWidth=3, name='unnamed Line', opacity=0.5, ori=0.0, pos=array([0., 0.]), size=array([1., 1.]), units='norm', vertices=ndarray(...), win=Window(...), windingRule=None)
623.1539 	EXP 	Created unnamed Line = Line(__class__=<class 'psychopy.visual.line.Line'>, autoDraw=False, autoLog=True, closeShape=False, color=array([1., 1., 1.]), colorSpace='rgb', contrast=None, depth=0, fillColor=array([0, 0, 0]), fillColorSpace='rgb', fillRGB=array([0, 0, 0]), interpolate=True, lineColor=array([1., 1., 1.]), lineColorSpace='rgb', lineRGB=array([1, 1, 1]), lineWidth=3, name='unnamed Line', opacity=0.5, ori=0.0, pos=array([0., 0.]), size=array([1., 1.]), units='norm', vertices=array([[ 0.5 , -0.05],
       [ 0.5 ,  0.05]]), win=Window(...), windingRule=None)
623.1665 	EXP 	Created unnamed TextStim = TextStim(__class__=<class 'psychopy.visual.text.TextStim'>, alignHoriz=method-wrapper(...), alignText='center', alignVert=method-wrapper(...), anchorHoriz='center', anchorVert='center', antialias=True, autoLog=True, bold=False, color=array([1., 1., 1.]), colorSpace='rgb', contrast=1.0, depth=0, flipHoriz=False, flipVert=False, font='', fontFiles=[], height=0.05, italic=False, languageStyle='LTR', name='unnamed TextStim', opacity=1.0, ori=0.0, pos=array([-0.5, -0.1]), rgb=UNKNOWN, text='Helt klart \n IKKE FOKUSERT', units='norm', win=Window(...), wrapWidth=1)
623.1675 	EXP 	Created unnamed TextStim = TextStim(__class__=<class 'psychopy.visual.text.TextStim'>, alignHoriz=method-wrapper(...), alignText='center', alignVert=method-wrapper(...), anchorHoriz='center', anchorVert='center', antialias=True, autoLog=True, bold=False, color=array([1., 1., 1.]), colorSpace='rgb', contrast=1.0, depth=0, flipHoriz=False, flipVert=False, font='', fontFiles=[], height=0.05, italic=False, languageStyle='LTR', name='unnamed TextStim', opacity=1.0, ori=0.0, pos=array([-0.16666667, -0.1       ]), rgb=UNKNOWN, text='', units='norm', win=Window(...), wrapWidth=1)
623.1685 	EXP 	Created unnamed TextStim = TextStim(__class__=<class 'psychopy.visual.text.TextStim'>, alignHoriz=method-wrapper(...), alignText='center', alignVert=method-wrapper(...), anchorHoriz='center', anchorVert='center', antialias=True, autoLog=True, bold=False, color=array([1., 1., 1.]), colorSpace='rgb', contrast=1.0, depth=0, flipHoriz=False, flipVert=False, font='', fontFiles=[], height=0.05, italic=False, languageStyle='LTR', name='unnamed TextStim', opacity=1.0, ori=0.0, pos=array([ 0.16666667, -0.1       ]), rgb=UNKNOWN, text='', units='norm', win=Window(...), wrapWidth=1)
623.1719 	EXP 	Created unnamed TextStim = TextStim(__class__=<class 'psychopy.visual.text.TextStim'>, alignHoriz=method-wrapper(...), alignText='center', alignVert=method-wrapper(...), anchorHoriz='center', anchorVert='center', antialias=True, autoLog=True, bold=False, color=array([1., 1., 1.]), colorSpace='rgb', contrast=1.0, depth=0, flipHoriz=False, flipVert=False, font='', fontFiles=[], height=0.05, italic=False, languageStyle='LTR', name='unnamed TextStim', opacity=1.0, ori=0.0, pos=array([ 0.5, -0.1]), rgb=UNKNOWN, text='Helt klart \n FOKUSERT', units='norm', win=Window(...), wrapWidth=1)
623.1739 	EXP 	Created unnamed ShapeStim = ShapeStim(__class__=<class 'psychopy.visual.shape.ShapeStim'>, autoDraw=False, autoLog=True, closeShape=True, color=method-wrapper(...), colorSpace='rgb', contrast=None, depth=0, fillColor=array([1, 1, 1]), fillColorSpace='rgb', fillRGB=array([1, 1, 1]), interpolate=True, lineColor=array([-1., -1., -1.]), lineColorSpace='rgb', lineRGB=array([-1, -1, -1]), lineWidth=1.5, name='unnamed ShapeStim', opacity=1.0, ori=0.0, pos=array([0., 0.]), size=array([1., 1.]), units='norm', vertices=ndarray(...), win=Window(...), windingRule=None)
623.1811 	EXP 	Created instru = TextStim(__class__=<class 'psychopy.visual.text.TextStim'>, alignHoriz=method-wrapper(...), alignText='center', alignVert=method-wrapper(...), anchorHoriz='center', anchorVert='center', antialias=True, autoLog=True, bold=False, color=array([1., 1., 1.]), colorSpace='rgb', contrast=1.0, depth=0.0, flipHoriz=False, flipVert=False, font='Arial', fontFiles=[], height=0.07, italic=False, languageStyle='LTR', name='instru', opacity=1, ori=0, pos=array([0. , 0.5]), rgb=UNKNOWN, text=str(...), units='norm', win=Window(...), wrapWidth=1)
623.1831 	EXP 	Created unnamed Line = Line(__class__=<class 'psychopy.visual.line.Line'>, autoDraw=False, autoLog=True, closeShape=False, color=array([1., 1., 1.]), colorSpace='rgb', contrast=None, depth=0, fillColor=array([0, 0, 0]), fillColorSpace='rgb', fillRGB=array([0, 0, 0]), interpolate=True, lineColor=array([1., 1., 1.]), lineColorSpace='rgb', lineRGB=array([1, 1, 1]), lineWidth=5, name='unnamed Line', opacity=0.5, ori=0.0, pos=array([0., 0.]), size=array([1., 1.]), units='norm', vertices=array([[-0.5,  0. ],
       [ 0.5,  0. ]]), win=Window(...), windingRule=None)
623.1851 	EXP 	Created unnamed Line = Line(__class__=<class 'psychopy.visual.line.Line'>, autoDraw=False, autoLog=True, closeShape=False, color=array([1., 1., 1.]), colorSpace='rgb', contrast=None, depth=0, fillColor=array([0, 0, 0]), fillColorSpace='rgb', fillRGB=array([0, 0, 0]), interpolate=True, lineColor=array([1., 1., 1.]), lineColorSpace='rgb', lineRGB=array([1, 1, 1]), lineWidth=3, name='unnamed Line', opacity=0.5, ori=0.0, pos=array([0., 0.]), size=array([1., 1.]), units='norm', vertices=array([[-0.5 , -0.05],
       [-0.5 ,  0.05]]), win=Window(...), windingRule=None)
623.1870 	EXP 	Created unnamed Line = Line(__class__=<class 'psychopy.visual.line.Line'>, autoDraw=False, autoLog=True, closeShape=False, color=array([1., 1., 1.]), colorSpace='rgb', contrast=None, depth=0, fillColor=array([0, 0, 0]), fillColorSpace='rgb', fillRGB=array([0, 0, 0]), interpolate=True, lineColor=array([1., 1., 1.]), lineColorSpace='rgb', lineRGB=array([1, 1, 1]), lineWidth=3, name='unnamed Line', opacity=0.5, ori=0.0, pos=array([0., 0.]), size=array([1., 1.]), units='norm', vertices=ndarray(...), win=Window(...), windingRule=None)
623.1890 	EXP 	Created unnamed Line = Line(__class__=<class 'psychopy.visual.line.Line'>, autoDraw=False, autoLog=True, closeShape=False, color=array([1., 1., 1.]), colorSpace='rgb', contrast=None, depth=0, fillColor=array([0, 0, 0]), fillColorSpace='rgb', fillRGB=array([0, 0, 0]), interpolate=True, lineColor=array([1., 1., 1.]), lineColorSpace='rgb', lineRGB=array([1, 1, 1]), lineWidth=3, name='unnamed Line', opacity=0.5, ori=0.0, pos=array([0., 0.]), size=array([1., 1.]), units='norm', vertices=ndarray(...), win=Window(...), windingRule=None)
623.1910 	EXP 	Created unnamed Line = Line(__class__=<class 'psychopy.visual.line.Line'>, autoDraw=False, autoLog=True, closeShape=False, color=array([1., 1., 1.]), colorSpace='rgb', contrast=None, depth=0, fillColor=array([0, 0, 0]), fillColorSpace='rgb', fillRGB=array([0, 0, 0]), interpolate=True, lineColor=array([1., 1., 1.]), lineColorSpace='rgb', lineRGB=array([1, 1, 1]), lineWidth=3, name='unnamed Line', opacity=0.5, ori=0.0, pos=array([0., 0.]), size=array([1., 1.]), units='norm', vertices=array([[ 0.5 , -0.05],
       [ 0.5 ,  0.05]]), win=Window(...), windingRule=None)
623.1959 	EXP 	Created unnamed TextStim = TextStim(__class__=<class 'psychopy.visual.text.TextStim'>, alignHoriz=method-wrapper(...), alignText='center', alignVert=method-wrapper(...), anchorHoriz='center', anchorVert='center', antialias=True, autoLog=True, bold=False, color=array([1., 1., 1.]), colorSpace='rgb', contrast=1.0, depth=0, flipHoriz=False, flipVert=False, font='', fontFiles=[], height=0.05, italic=False, languageStyle='LTR', name='unnamed TextStim', opacity=1.0, ori=0.0, pos=array([-0.5, -0.1]), rgb=UNKNOWN, text='Helt klart \n INGENTING', units='norm', win=Window(...), wrapWidth=1)
623.1970 	EXP 	Created unnamed TextStim = TextStim(__class__=<class 'psychopy.visual.text.TextStim'>, alignHoriz=method-wrapper(...), alignText='center', alignVert=method-wrapper(...), anchorHoriz='center', anchorVert='center', antialias=True, autoLog=True, bold=False, color=array([1., 1., 1.]), colorSpace='rgb', contrast=1.0, depth=0, flipHoriz=False, flipVert=False, font='', fontFiles=[], height=0.05, italic=False, languageStyle='LTR', name='unnamed TextStim', opacity=1.0, ori=0.0, pos=array([-0.16666667, -0.1       ]), rgb=UNKNOWN, text='', units='norm', win=Window(...), wrapWidth=1)
623.1980 	EXP 	Created unnamed TextStim = TextStim(__class__=<class 'psychopy.visual.text.TextStim'>, alignHoriz=method-wrapper(...), alignText='center', alignVert=method-wrapper(...), anchorHoriz='center', anchorVert='center', antialias=True, autoLog=True, bold=False, color=array([1., 1., 1.]), colorSpace='rgb', contrast=1.0, depth=0, flipHoriz=False, flipVert=False, font='', fontFiles=[], height=0.05, italic=False, languageStyle='LTR', name='unnamed TextStim', opacity=1.0, ori=0.0, pos=array([ 0.16666667, -0.1       ]), rgb=UNKNOWN, text='', units='norm', win=Window(...), wrapWidth=1)
623.2011 	EXP 	Created unnamed TextStim = TextStim(__class__=<class 'psychopy.visual.text.TextStim'>, alignHoriz=method-wrapper(...), alignText='center', alignVert=method-wrapper(...), anchorHoriz='center', anchorVert='center', antialias=True, autoLog=True, bold=False, color=array([1., 1., 1.]), colorSpace='rgb', contrast=1.0, depth=0, flipHoriz=False, flipVert=False, font='', fontFiles=[], height=0.05, italic=False, languageStyle='LTR', name='unnamed TextStim', opacity=1.0, ori=0.0, pos=array([ 0.5, -0.1]), rgb=UNKNOWN, text='Helt klart \n NOE', units='norm', win=Window(...), wrapWidth=1)
623.2029 	EXP 	Created unnamed ShapeStim = ShapeStim(__class__=<class 'psychopy.visual.shape.ShapeStim'>, autoDraw=False, autoLog=True, closeShape=True, color=method-wrapper(...), colorSpace='rgb', contrast=None, depth=0, fillColor=array([1, 1, 1]), fillColorSpace='rgb', fillRGB=array([1, 1, 1]), interpolate=True, lineColor=array([-1., -1., -1.]), lineColorSpace='rgb', lineRGB=array([-1, -1, -1]), lineWidth=1.5, name='unnamed ShapeStim', opacity=1.0, ori=0.0, pos=array([0., 0.]), size=array([1., 1.]), units='norm', vertices=ndarray(...), win=Window(...), windingRule=None)
623.2097 	EXP 	Created instru = TextStim(__class__=<class 'psychopy.visual.text.TextStim'>, alignHoriz=method-wrapper(...), alignText='center', alignVert=method-wrapper(...), anchorHoriz='center', anchorVert='center', antialias=True, autoLog=True, bold=False, color=array([1., 1., 1.]), colorSpace='rgb', contrast=1.0, depth=0.0, flipHoriz=False, flipVert=False, font='Arial', fontFiles=[], height=0.07, italic=False, languageStyle='LTR', name='instru', opacity=1, ori=0, pos=array([0. , 0.5]), rgb=UNKNOWN, text=str(...), units='norm', win=Window(...), wrapWidth=1)
623.2117 	EXP 	Created unnamed Line = Line(__class__=<class 'psychopy.visual.line.Line'>, autoDraw=False, autoLog=True, closeShape=False, color=array([1., 1., 1.]), colorSpace='rgb', contrast=None, depth=0, fillColor=array([0, 0, 0]), fillColorSpace='rgb', fillRGB=array([0, 0, 0]), interpolate=True, lineColor=array([1., 1., 1.]), lineColorSpace='rgb', lineRGB=array([1, 1, 1]), lineWidth=5, name='unnamed Line', opacity=0.5, ori=0.0, pos=array([0., 0.]), size=array([1., 1.]), units='norm', vertices=array([[-0.5,  0. ],
       [ 0.5,  0. ]]), win=Window(...), windingRule=None)
623.2137 	EXP 	Created unnamed Line = Line(__class__=<class 'psychopy.visual.line.Line'>, autoDraw=False, autoLog=True, closeShape=False, color=array([1., 1., 1.]), colorSpace='rgb', contrast=None, depth=0, fillColor=array([0, 0, 0]), fillColorSpace='rgb', fillRGB=array([0, 0, 0]), interpolate=True, lineColor=array([1., 1., 1.]), lineColorSpace='rgb', lineRGB=array([1, 1, 1]), lineWidth=3, name='unnamed Line', opacity=0.5, ori=0.0, pos=array([0., 0.]), size=array([1., 1.]), units='norm', vertices=array([[-0.5 , -0.05],
       [-0.5 ,  0.05]]), win=Window(...), windingRule=None)
623.2156 	EXP 	Created unnamed Line = Line(__class__=<class 'psychopy.visual.line.Line'>, autoDraw=False, autoLog=True, closeShape=False, color=array([1., 1., 1.]), colorSpace='rgb', contrast=None, depth=0, fillColor=array([0, 0, 0]), fillColorSpace='rgb', fillRGB=array([0, 0, 0]), interpolate=True, lineColor=array([1., 1., 1.]), lineColorSpace='rgb', lineRGB=array([1, 1, 1]), lineWidth=3, name='unnamed Line', opacity=0.5, ori=0.0, pos=array([0., 0.]), size=array([1., 1.]), units='norm', vertices=ndarray(...), win=Window(...), windingRule=None)
623.2176 	EXP 	Created unnamed Line = Line(__class__=<class 'psychopy.visual.line.Line'>, autoDraw=False, autoLog=True, closeShape=False, color=array([1., 1., 1.]), colorSpace='rgb', contrast=None, depth=0, fillColor=array([0, 0, 0]), fillColorSpace='rgb', fillRGB=array([0, 0, 0]), interpolate=True, lineColor=array([1., 1., 1.]), lineColorSpace='rgb', lineRGB=array([1, 1, 1]), lineWidth=3, name='unnamed Line', opacity=0.5, ori=0.0, pos=array([0., 0.]), size=array([1., 1.]), units='norm', vertices=ndarray(...), win=Window(...), windingRule=None)
623.2195 	EXP 	Created unnamed Line = Line(__class__=<class 'psychopy.visual.line.Line'>, autoDraw=False, autoLog=True, closeShape=False, color=array([1., 1., 1.]), colorSpace='rgb', contrast=None, depth=0, fillColor=array([0, 0, 0]), fillColorSpace='rgb', fillRGB=array([0, 0, 0]), interpolate=True, lineColor=array([1., 1., 1.]), lineColorSpace='rgb', lineRGB=array([1, 1, 1]), lineWidth=3, name='unnamed Line', opacity=0.5, ori=0.0, pos=array([0., 0.]), size=array([1., 1.]), units='norm', vertices=array([[ 0.5 , -0.05],
       [ 0.5 ,  0.05]]), win=Window(...), windingRule=None)
623.2245 	EXP 	Created unnamed TextStim = TextStim(__class__=<class 'psychopy.visual.text.TextStim'>, alignHoriz=method-wrapper(...), alignText='center', alignVert=method-wrapper(...), anchorHoriz='center', anchorVert='center', antialias=True, autoLog=True, bold=False, color=array([1., 1., 1.]), colorSpace='rgb', contrast=1.0, depth=0, flipHoriz=False, flipVert=False, font='', fontFiles=[], height=0.05, italic=False, languageStyle='LTR', name='unnamed TextStim', opacity=1.0, ori=0.0, pos=array([-0.5, -0.1]), rgb=UNKNOWN, text='Helt klart \n SPONTAN', units='norm', win=Window(...), wrapWidth=1)
623.2255 	EXP 	Created unnamed TextStim = TextStim(__class__=<class 'psychopy.visual.text.TextStim'>, alignHoriz=method-wrapper(...), alignText='center', alignVert=method-wrapper(...), anchorHoriz='center', anchorVert='center', antialias=True, autoLog=True, bold=False, color=array([1., 1., 1.]), colorSpace='rgb', contrast=1.0, depth=0, flipHoriz=False, flipVert=False, font='', fontFiles=[], height=0.05, italic=False, languageStyle='LTR', name='unnamed TextStim', opacity=1.0, ori=0.0, pos=array([-0.16666667, -0.1       ]), rgb=UNKNOWN, text='', units='norm', win=Window(...), wrapWidth=1)
623.2265 	EXP 	Created unnamed TextStim = TextStim(__class__=<class 'psychopy.visual.text.TextStim'>, alignHoriz=method-wrapper(...), alignText='center', alignVert=method-wrapper(...), anchorHoriz='center', anchorVert='center', antialias=True, autoLog=True, bold=False, color=array([1., 1., 1.]), colorSpace='rgb', contrast=1.0, depth=0, flipHoriz=False, flipVert=False, font='', fontFiles=[], height=0.05, italic=False, languageStyle='LTR', name='unnamed TextStim', opacity=1.0, ori=0.0, pos=array([ 0.16666667, -0.1       ]), rgb=UNKNOWN, text='', units='norm', win=Window(...), wrapWidth=1)
623.2312 	EXP 	Created unnamed TextStim = TextStim(__class__=<class 'psychopy.visual.text.TextStim'>, alignHoriz=method-wrapper(...), alignText='center', alignVert=method-wrapper(...), anchorHoriz='center', anchorVert='center', antialias=True, autoLog=True, bold=False, color=array([1., 1., 1.]), colorSpace='rgb', contrast=1.0, depth=0, flipHoriz=False, flipVert=False, font='', fontFiles=[], height=0.05, italic=False, languageStyle='LTR', name='unnamed TextStim', opacity=1.0, ori=0.0, pos=array([ 0.5, -0.1]), rgb=UNKNOWN, text='Helt klart \n BEVISST', units='norm', win=Window(...), wrapWidth=1)
623.2330 	EXP 	Created unnamed ShapeStim = ShapeStim(__class__=<class 'psychopy.visual.shape.ShapeStim'>, autoDraw=False, autoLog=True, closeShape=True, color=method-wrapper(...), colorSpace='rgb', contrast=None, depth=0, fillColor=array([1, 1, 1]), fillColorSpace='rgb', fillRGB=array([1, 1, 1]), interpolate=True, lineColor=array([-1., -1., -1.]), lineColorSpace='rgb', lineRGB=array([-1, -1, -1]), lineWidth=1.5, name='unnamed ShapeStim', opacity=1.0, ori=0.0, pos=array([0., 0.]), size=array([1., 1.]), units='norm', vertices=ndarray(...), win=Window(...), windingRule=None)
623.2975 	EXP 	Sound  set volume 1.000
623.3268 	EXP 	unnamed ShapeStim: vertices = <class 'numpy.ndarray'>
623.3268 	EXP 	unnamed ShapeStim: vertices = <class 'numpy.ndarray'>
623.3268 	EXP 	unnamed ShapeStim: vertices = <class 'numpy.ndarray'>
626.6947 	DATA 	Keypress: rctrl
627.2138 	EXP 	Sound  started
627.9585 	DATA 	Keypress: rctrl
627.9637 	EXP 	Sound  started
628.6785 	DATA 	Keypress: rctrl
628.7136 	EXP 	Sound  started
629.3825 	DATA 	Keypress: rctrl
629.4637 	EXP 	Sound  started
630.2137 	EXP 	Sound  started
630.2145 	DATA 	Keypress: rctrl
630.9346 	DATA 	Keypress: rctrl
630.9637 	EXP 	Sound  started
631.6545 	DATA 	Keypress: lctrl
631.7137 	EXP 	Sound  started
632.3745 	DATA 	Keypress: lctrl
632.4637 	EXP 	Sound  started
633.0945 	DATA 	Keypress: rctrl
633.2137 	EXP 	Sound  started
633.8946 	DATA 	Keypress: lctrl
633.9638 	EXP 	Sound  started
634.6146 	DATA 	Keypress: rctrl
634.7138 	EXP 	Sound  started
635.3345 	DATA 	Keypress: lctrl
635.4638 	EXP 	Sound  started
636.1186 	DATA 	Keypress: rctrl
636.2138 	EXP 	Sound  started
636.8865 	DATA 	Keypress: lctrl
636.9638 	EXP 	Sound  started
637.6705 	DATA 	Keypress: lctrl
637.7138 	EXP 	Sound  started
638.3745 	DATA 	Keypress: lctrl
638.4638 	EXP 	Sound  started
639.2139 	EXP 	Sound  started
639.2385 	DATA 	Keypress: lctrl
639.9585 	DATA 	Keypress: rctrl
639.9639 	EXP 	Sound  started
640.6625 	DATA 	Keypress: rctrl
640.7139 	EXP 	Sound  started
641.4639 	EXP 	Sound  started
641.4785 	DATA 	Keypress: lctrl
642.1665 	DATA 	Keypress: lctrl
642.2139 	EXP 	Sound  started
642.9345 	DATA 	Keypress: lctrl
642.9639 	EXP 	Sound  started
643.6865 	DATA 	Keypress: lctrl
643.7139 	EXP 	Sound  started
644.3905 	DATA 	Keypress: rctrl
644.4640 	EXP 	Sound  started
645.0785 	DATA 	Keypress: rctrl
645.2140 	EXP 	Sound  started
645.8465 	DATA 	Keypress: lctrl
645.9640 	EXP 	Sound  started
646.5825 	DATA 	Keypress: lctrl
646.7140 	EXP 	Sound  started
647.3345 	DATA 	Keypress: lctrl
647.4640 	EXP 	Sound  started
648.0386 	DATA 	Keypress: lctrl
648.2140 	EXP 	Sound  started
648.8226 	DATA 	Keypress: lctrl
648.9640 	EXP 	Sound  started
649.6065 	DATA 	Keypress: lctrl
649.7141 	EXP 	Sound  started
650.3425 	DATA 	Keypress: lctrl
650.4641 	EXP 	Sound  started
651.0465 	DATA 	Keypress: lctrl
651.2141 	EXP 	Sound  started
651.7665 	DATA 	Keypress: lctrl
651.9641 	EXP 	Sound  started
652.5985 	DATA 	Keypress: lctrl
652.7141 	EXP 	Sound  started
653.4145 	DATA 	Keypress: rctrl
653.4641 	EXP 	Sound  started
654.1665 	DATA 	Keypress: rctrl
654.2141 	EXP 	Sound  started
654.9024 	DATA 	Keypress: lctrl
654.9642 	EXP 	Sound  started
655.5905 	DATA 	Keypress: lctrl
655.7142 	EXP 	Sound  started
656.3265 	DATA 	Keypress: lctrl
656.4642 	EXP 	Sound  started
657.0784 	DATA 	Keypress: lctrl
657.2142 	EXP 	Sound  started
657.8945 	DATA 	Keypress: rctrl
657.9642 	EXP 	Sound  started
658.5985 	DATA 	Keypress: rctrl
658.7143 	EXP 	Sound  started
659.3505 	DATA 	Keypress: rctrl
659.4643 	EXP 	Sound  started
660.0706 	DATA 	Keypress: lctrl
660.2143 	EXP 	Sound  started
660.8225 	DATA 	Keypress: lctrl
660.9643 	EXP 	Sound  started
661.5904 	DATA 	Keypress: lctrl
661.7143 	EXP 	Sound  started
662.3424 	DATA 	Keypress: rctrl
662.4643 	EXP 	Sound  started
663.0466 	DATA 	Keypress: rctrl
663.2143 	EXP 	Sound  started
663.7664 	DATA 	Keypress: lctrl
663.9643 	EXP 	Sound  started
664.5185 	DATA 	Keypress: lctrl
664.7144 	EXP 	Sound  started
665.3186 	DATA 	Keypress: lctrl
665.4644 	EXP 	Sound  started
666.0865 	DATA 	Keypress: rctrl
666.2144 	EXP 	Sound  started
666.8225 	DATA 	Keypress: lctrl
666.9796 	EXP 	unnamed TextStim: text = ''
666.9796 	EXP 	unnamed TextStim: text = ''
670.0984 	DATA 	Keypress: 3
670.1150 	EXP 	unnamed ShapeStim: vertices = <class 'numpy.ndarray'>
671.6496 	EXP 	unnamed TextStim: text = ''
671.6496 	EXP 	unnamed TextStim: text = ''
686.5286 	DATA 	Keypress: 3
686.5451 	EXP 	unnamed ShapeStim: vertices = <class 'numpy.ndarray'>
688.0797 	EXP 	unnamed TextStim: text = ''
688.0797 	EXP 	unnamed TextStim: text = ''
693.6178 	DATA 	Keypress: 4
693.6342 	EXP 	unnamed ShapeStim: vertices = <class 'numpy.ndarray'>
695.9185 	EXP 	Sound  started
696.1346 	DATA 	Keypress: rctrl
696.6624 	DATA 	Keypress: rctrl
696.6684 	EXP 	Sound  started
697.3344 	DATA 	Keypress: rctrl
697.4184 	EXP 	Sound  started
698.0705 	DATA 	Keypress: lctrl
698.1684 	EXP 	Sound  started
698.8385 	DATA 	Keypress: lctrl
698.9184 	EXP 	Sound  started
699.5744 	DATA 	Keypress: lctrl
699.6684 	EXP 	Sound  started
700.2785 	DATA 	Keypress: lctrl
700.4184 	EXP 	Sound  started
700.9985 	DATA 	Keypress: lctrl
701.1685 	EXP 	Sound  started
701.7985 	DATA 	Keypress: lctrl
701.9185 	EXP 	Sound  started
702.4864 	DATA 	Keypress: lctrl
702.6685 	EXP 	Sound  started
703.2705 	DATA 	Keypress: lctrl
703.4185 	EXP 	Sound  started
704.0065 	DATA 	Keypress: lctrl
704.1685 	EXP 	Sound  started
704.7425 	DATA 	Keypress: lctrl
704.9185 	EXP 	Sound  started
705.5265 	DATA 	Keypress: lctrl
705.6685 	EXP 	Sound  started
706.2944 	DATA 	Keypress: lctrl
706.4186 	EXP 	Sound  started
707.0304 	DATA 	Keypress: lctrl
707.1686 	EXP 	Sound  started
707.8304 	DATA 	Keypress: rctrl
707.9186 	EXP 	Sound  started
708.5665 	DATA 	Keypress: rctrl
708.6686 	EXP 	Sound  started
709.2705 	DATA 	Keypress: lctrl
709.4186 	EXP 	Sound  started
710.0065 	DATA 	Keypress: rctrl
710.1686 	EXP 	Sound  started
710.7584 	DATA 	Keypress: rctrl
710.9186 	EXP 	Sound  started
711.5264 	DATA 	Keypress: rctrl
711.6687 	EXP 	Sound  started
712.2305 	DATA 	Keypress: rctrl
712.4187 	EXP 	Sound  started
712.9985 	DATA 	Keypress: lctrl
713.1687 	EXP 	Sound  started
713.7825 	DATA 	Keypress: lctrl
713.9187 	EXP 	Sound  started
714.5505 	DATA 	Keypress: lctrl
714.6687 	EXP 	Sound  started
715.3025 	DATA 	Keypress: rctrl
715.4187 	EXP 	Sound  started
716.0544 	DATA 	Keypress: rctrl
716.1687 	EXP 	Sound  started
716.7744 	DATA 	Keypress: rctrl
716.9188 	EXP 	Sound  started
717.5586 	DATA 	Keypress: lctrl
717.6688 	EXP 	Sound  started
718.3105 	DATA 	Keypress: rctrl
718.4188 	EXP 	Sound  started
719.0945 	DATA 	Keypress: lctrl
719.1688 	EXP 	Sound  started
719.8304 	DATA 	Keypress: rctrl
719.9188 	EXP 	Sound  started
720.6464 	DATA 	Keypress: lctrl
720.6688 	EXP 	Sound  started
721.3505 	DATA 	Keypress: lctrl
721.4188 	EXP 	Sound  started
722.1185 	DATA 	Keypress: lctrl
722.1689 	EXP 	Sound  started
722.8064 	DATA 	Keypress: lctrl
722.9189 	EXP 	Sound  started
723.5745 	DATA 	Keypress: lctrl
723.6689 	EXP 	Sound  started
724.3265 	DATA 	Keypress: rctrl
724.4189 	EXP 	Sound  started
725.0465 	DATA 	Keypress: lctrl
725.1689 	EXP 	Sound  started
725.7824 	DATA 	Keypress: lctrl
725.9189 	EXP 	Sound  started
726.5825 	DATA 	Keypress: rctrl
726.6690 	EXP 	Sound  started
727.3345 	DATA 	Keypress: lctrl
727.4190 	EXP 	Sound  started
728.0544 	DATA 	Keypress: lctrl
728.1690 	EXP 	Sound  started
728.8225 	DATA 	Keypress: lctrl
728.9190 	EXP 	Sound  started
729.5905 	DATA 	Keypress: lctrl
729.6690 	EXP 	Sound  started
730.3265 	DATA 	Keypress: lctrl
730.4190 	EXP 	Sound  started
731.1106 	DATA 	Keypress: lctrl
731.1691 	EXP 	Sound  started
731.8465 	DATA 	Keypress: lctrl
731.9191 	EXP 	Sound  started
732.5664 	DATA 	Keypress: lctrl
732.6691 	EXP 	Sound  started
733.3345 	DATA 	Keypress: lctrl
733.4191 	EXP 	Sound  started
734.1024 	DATA 	Keypress: rctrl
734.1691 	EXP 	Sound  started
734.8385 	DATA 	Keypress: lctrl
734.9191 	EXP 	Sound  started
735.5904 	DATA 	Keypress: lctrl
735.6691 	EXP 	Sound  started
736.3104 	DATA 	Keypress: rctrl
736.4191 	EXP 	Sound  started
737.0624 	DATA 	Keypress: lctrl
737.1691 	EXP 	Sound  started
737.8145 	DATA 	Keypress: lctrl
737.9192 	EXP 	Sound  started
738.5825 	DATA 	Keypress: lctrl
738.6692 	EXP 	Sound  started
739.3184 	DATA 	Keypress: lctrl
739.4192 	EXP 	Sound  started
740.1025 	DATA 	Keypress: rctrl
740.1692 	EXP 	Sound  started
740.8545 	DATA 	Keypress: lctrl
740.9192 	EXP 	Sound  started
741.6224 	DATA 	Keypress: rctrl
741.6692 	EXP 	Sound  started
742.4064 	DATA 	Keypress: lctrl
742.4192 	EXP 	Sound  started
743.1105 	DATA 	Keypress: lctrl
743.1693 	EXP 	Sound  started
743.8784 	DATA 	Keypress: rctrl
743.9193 	EXP 	Sound  started
744.5504 	DATA 	Keypress: rctrl
744.6693 	EXP 	Sound  started
745.2704 	DATA 	Keypress: rctrl
745.4193 	EXP 	Sound  started
746.0385 	DATA 	Keypress: lctrl
746.1693 	EXP 	Sound  started
746.7904 	DATA 	Keypress: rctrl
746.9193 	EXP 	Sound  started
747.5584 	DATA 	Keypress: rctrl
747.6694 	EXP 	Sound  started
748.3105 	DATA 	Keypress: rctrl
748.4194 	EXP 	Sound  started
749.0464 	DATA 	Keypress: rctrl
749.1694 	EXP 	Sound  started
749.7825 	DATA 	Keypress: rctrl
749.9194 	EXP 	Sound  started
750.5825 	DATA 	Keypress: rctrl
750.6694 	EXP 	Sound  started
751.2864 	DATA 	Keypress: lctrl
751.4194 	EXP 	Sound  started
752.1504 	DATA 	Keypress: lctrl
752.1694 	EXP 	Sound  started
752.9194 	EXP 	Sound  started
752.9345 	DATA 	Keypress: rctrl
753.6695 	EXP 	Sound  started
753.6705 	DATA 	Keypress: rctrl
754.4195 	EXP 	Sound  started
754.4224 	DATA 	Keypress: rctrl
755.1425 	DATA 	Keypress: rctrl
755.1695 	EXP 	Sound  started
755.8785 	DATA 	Keypress: lctrl
755.9195 	EXP 	Sound  started
756.6145 	DATA 	Keypress: lctrl
756.6695 	EXP 	Sound  started
757.3985 	DATA 	Keypress: lctrl
757.4195 	EXP 	Sound  started
758.1186 	DATA 	Keypress: rctrl
758.1696 	EXP 	Sound  started
758.8224 	DATA 	Keypress: lctrl
758.9196 	EXP 	Sound  started
759.5904 	DATA 	Keypress: rctrl
759.6696 	EXP 	Sound  started
760.2944 	DATA 	Keypress: lctrl
760.4196 	EXP 	Sound  started
761.1424 	DATA 	Keypress: rctrl
761.1696 	EXP 	Sound  started
761.8305 	DATA 	Keypress: rctrl
767.3281 	DATA 	Keypress: 4
767.3446 	EXP 	unnamed ShapeStim: vertices = <class 'numpy.ndarray'>
781.4563 	DATA 	Keypress: 3
781.4728 	EXP 	unnamed ShapeStim: vertices = <class 'numpy.ndarray'>
785.5596 	DATA 	Keypress: 3
785.5762 	EXP 	unnamed ShapeStim: vertices = <class 'numpy.ndarray'>
787.8610 	EXP 	Sound  started
788.0705 	DATA 	Keypress: rctrl
788.5985 	DATA 	Keypress: lctrl
788.6109 	EXP 	Sound  started
789.2864 	DATA 	Keypress: rctrl
789.3609 	EXP 	Sound  started
789.9904 	DATA 	Keypress: rctrl
790.1109 	EXP 	Sound  started
790.7265 	DATA 	Keypress: lctrl
790.8609 	EXP 	Sound  started
791.4944 	DATA 	Keypress: lctrl
791.6109 	EXP 	Sound  started
792.2305 	DATA 	Keypress: lctrl
792.3609 	EXP 	Sound  started
792.9825 	DATA 	Keypress: rctrl
793.1109 	EXP 	Sound  started
793.6704 	DATA 	Keypress: lctrl
793.8609 	EXP 	Sound  started
794.4225 	DATA 	Keypress: rctrl
794.6110 	EXP 	Sound  started
795.1904 	DATA 	Keypress: rctrl
795.3610 	EXP 	Sound  started
795.9264 	DATA 	Keypress: rctrl
796.1110 	EXP 	Sound  started
796.6784 	DATA 	Keypress: rctrl
796.8610 	EXP 	Sound  started
797.4303 	DATA 	Keypress: lctrl
797.6110 	EXP 	Sound  started
798.1824 	DATA 	Keypress: lctrl
798.3610 	EXP 	Sound  started
798.9184 	DATA 	Keypress: lctrl
799.1111 	EXP 	Sound  started
799.7344 	DATA 	Keypress: lctrl
799.8611 	EXP 	Sound  started
800.4864 	DATA 	Keypress: rctrl
800.6111 	EXP 	Sound  started
801.2225 	DATA 	Keypress: lctrl
801.3611 	EXP 	Sound  started
801.9905 	DATA 	Keypress: rctrl
802.1111 	EXP 	Sound  started
802.7744 	DATA 	Keypress: rctrl
802.8611 	EXP 	Sound  started
803.5264 	DATA 	Keypress: rctrl
803.6111 	EXP 	Sound  started
804.2464 	DATA 	Keypress: lctrl
804.3611 	EXP 	Sound  started
804.9664 	DATA 	Keypress: lctrl
805.1111 	EXP 	Sound  started
805.7345 	DATA 	Keypress: lctrl
805.8612 	EXP 	Sound  started
806.4704 	DATA 	Keypress: lctrl
806.6112 	EXP 	Sound  started
807.2063 	DATA 	Keypress: lctrl
807.3612 	EXP 	Sound  started
807.9265 	DATA 	Keypress: lctrl
808.1112 	EXP 	Sound  started
808.7424 	DATA 	Keypress: lctrl
808.8612 	EXP 	Sound  started
809.4944 	DATA 	Keypress: rctrl
809.6112 	EXP 	Sound  started
810.2145 	DATA 	Keypress: lctrl
810.3612 	EXP 	Sound  started
811.0944 	DATA 	Keypress: rctrl
811.1113 	EXP 	Sound  started
811.8143 	DATA 	Keypress: lctrl
811.8613 	EXP 	Sound  started
812.5505 	DATA 	Keypress: lctrl
812.6113 	EXP 	Sound  started
813.3613 	EXP 	Sound  started
813.3664 	DATA 	Keypress: lctrl
814.1113 	EXP 	Sound  started
814.1344 	DATA 	Keypress: lctrl
814.8224 	DATA 	Keypress: rctrl
814.8613 	EXP 	Sound  started
815.5744 	DATA 	Keypress: rctrl
815.6113 	EXP 	Sound  started
816.3265 	DATA 	Keypress: lctrl
816.3613 	EXP 	Sound  started
817.0624 	DATA 	Keypress: lctrl
817.1114 	EXP 	Sound  started
817.8305 	DATA 	Keypress: lctrl
817.8614 	EXP 	Sound  started
818.5983 	DATA 	Keypress: lctrl
818.6114 	EXP 	Sound  started
819.3344 	DATA 	Keypress: lctrl
819.3614 	EXP 	Sound  started
820.0704 	DATA 	Keypress: lctrl
820.1114 	EXP 	Sound  started
820.8383 	DATA 	Keypress: lctrl
820.8614 	EXP 	Sound  started
821.5584 	DATA 	Keypress: rctrl
821.6114 	EXP 	Sound  started
822.3423 	DATA 	Keypress: rctrl
822.3615 	EXP 	Sound  started
823.0944 	DATA 	Keypress: lctrl
823.1115 	EXP 	Sound  started
823.7985 	DATA 	Keypress: lctrl
823.8615 	EXP 	Sound  started
824.5504 	DATA 	Keypress: rctrl
824.6115 	EXP 	Sound  started
825.3504 	DATA 	Keypress: rctrl
825.3615 	EXP 	Sound  started
826.1024 	DATA 	Keypress: rctrl
826.1115 	EXP 	Sound  started
826.7744 	DATA 	Keypress: lctrl
826.8616 	EXP 	Sound  started
827.5264 	DATA 	Keypress: rctrl
827.6116 	EXP 	Sound  started
828.2464 	DATA 	Keypress: lctrl
828.3616 	EXP 	Sound  started
829.0303 	DATA 	Keypress: rctrl
829.1116 	EXP 	Sound  started
829.8304 	DATA 	Keypress: rctrl
829.8616 	EXP 	Sound  started
830.5344 	DATA 	Keypress: lctrl
830.6117 	EXP 	Sound  started
831.3504 	DATA 	Keypress: lctrl
831.3617 	EXP 	Sound  started
832.0863 	DATA 	Keypress: lctrl
832.1117 	EXP 	Sound  started
832.8384 	DATA 	Keypress: lctrl
835.3838 	DATA 	Keypress: 3
835.4003 	EXP 	unnamed ShapeStim: vertices = <class 'numpy.ndarray'>
848.9782 	DATA 	Keypress: 4
848.9948 	EXP 	unnamed ShapeStim: vertices = <class 'numpy.ndarray'>
852.6979 	DATA 	Keypress: 3
852.7145 	EXP 	unnamed ShapeStim: vertices = <class 'numpy.ndarray'>
854.9990 	EXP 	Sound  started
855.6705 	DATA 	Keypress: rctrl
855.7488 	EXP 	Sound  started
856.3743 	DATA 	Keypress: lctrl
856.4988 	EXP 	Sound  started
857.1583 	DATA 	Keypress: rctrl
857.2488 	EXP 	Sound  started
857.9264 	DATA 	Keypress: lctrl
857.9989 	EXP 	Sound  started
858.7104 	DATA 	Keypress: lctrl
858.7489 	EXP 	Sound  started
859.4623 	DATA 	Keypress: lctrl
859.4989 	EXP 	Sound  started
860.1984 	DATA 	Keypress: lctrl
860.2489 	EXP 	Sound  started
860.9024 	DATA 	Keypress: rctrl
860.9989 	EXP 	Sound  started
861.6864 	DATA 	Keypress: rctrl
861.7489 	EXP 	Sound  started
862.3904 	DATA 	Keypress: lctrl
862.4989 	EXP 	Sound  started
863.1424 	DATA 	Keypress: rctrl
863.2490 	EXP 	Sound  started
863.9743 	DATA 	Keypress: lctrl
863.9990 	EXP 	Sound  started
864.7263 	DATA 	Keypress: rctrl
864.7490 	EXP 	Sound  started
865.4304 	DATA 	Keypress: lctrl
865.4990 	EXP 	Sound  started
866.1343 	DATA 	Keypress: lctrl
866.2490 	EXP 	Sound  started
866.9503 	DATA 	Keypress: lctrl
866.9990 	EXP 	Sound  started
867.7024 	DATA 	Keypress: rctrl
867.7491 	EXP 	Sound  started
868.4863 	DATA 	Keypress: rctrl
868.4991 	EXP 	Sound  started
869.1424 	DATA 	Keypress: lctrl
869.2491 	EXP 	Sound  started
869.8943 	DATA 	Keypress: rctrl
869.9991 	EXP 	Sound  started
870.6463 	DATA 	Keypress: lctrl
870.7491 	EXP 	Sound  started
871.4143 	DATA 	Keypress: lctrl
871.4991 	EXP 	Sound  started
872.2144 	DATA 	Keypress: lctrl
872.2491 	EXP 	Sound  started
872.9343 	DATA 	Keypress: lctrl
872.9991 	EXP 	Sound  started
873.7492 	EXP 	Sound  started
873.7504 	DATA 	Keypress: lctrl
874.4544 	DATA 	Keypress: lctrl
874.4992 	EXP 	Sound  started
875.2063 	DATA 	Keypress: lctrl
875.2492 	EXP 	Sound  started
875.9424 	DATA 	Keypress: lctrl
875.9992 	EXP 	Sound  started
876.6943 	DATA 	Keypress: rctrl
876.7492 	EXP 	Sound  started
877.4143 	DATA 	Keypress: rctrl
877.4992 	EXP 	Sound  started
878.1504 	DATA 	Keypress: rctrl
878.2493 	EXP 	Sound  started
878.9343 	DATA 	Keypress: lctrl
878.9993 	EXP 	Sound  started
879.6544 	DATA 	Keypress: rctrl
879.7493 	EXP 	Sound  started
880.4064 	DATA 	Keypress: rctrl
880.4993 	EXP 	Sound  started
881.0944 	DATA 	Keypress: lctrl
881.2493 	EXP 	Sound  started
881.8784 	DATA 	Keypress: rctrl
881.9993 	EXP 	Sound  started
882.6143 	DATA 	Keypress: lctrl
882.7493 	EXP 	Sound  started
883.4143 	DATA 	Keypress: rctrl
883.4994 	EXP 	Sound  started
884.1343 	DATA 	Keypress: rctrl
884.2494 	EXP 	Sound  started
884.9663 	DATA 	Keypress: lctrl
884.9994 	EXP 	Sound  started
885.7494 	EXP 	Sound  started
885.7505 	DATA 	Keypress: lctrl
886.4383 	DATA 	Keypress: lctrl
886.4994 	EXP 	Sound  started
887.2383 	DATA 	Keypress: lctrl
887.2494 	EXP 	Sound  started
887.9994 	EXP 	Sound  started
888.0224 	DATA 	Keypress: lctrl
888.7103 	DATA 	Keypress: rctrl
888.7495 	EXP 	Sound  started
889.4303 	DATA 	Keypress: lctrl
889.4995 	EXP 	Sound  started
890.1983 	DATA 	Keypress: rctrl
890.2495 	EXP 	Sound  started
890.9184 	DATA 	Keypress: rctrl
890.9995 	EXP 	Sound  started
891.6863 	DATA 	Keypress: rctrl
891.7495 	EXP 	Sound  started
892.4995 	EXP 	Sound  started
892.5343 	DATA 	Keypress: lctrl
893.2223 	DATA 	Keypress: lctrl
893.2495 	EXP 	Sound  started
893.9743 	DATA 	Keypress: lctrl
893.9996 	EXP 	Sound  started
894.7103 	DATA 	Keypress: lctrl
894.7496 	EXP 	Sound  started
895.4943 	DATA 	Keypress: rctrl
895.4996 	EXP 	Sound  started
896.1503 	DATA 	Keypress: lctrl
896.2496 	EXP 	Sound  started
896.9023 	DATA 	Keypress: rctrl
896.9996 	EXP 	Sound  started
897.6703 	DATA 	Keypress: rctrl
897.7497 	EXP 	Sound  started
898.4224 	DATA 	Keypress: rctrl
898.4997 	EXP 	Sound  started
899.1265 	DATA 	Keypress: lctrl
899.2497 	EXP 	Sound  started
899.8943 	DATA 	Keypress: rctrl
899.9997 	EXP 	Sound  started
900.6783 	DATA 	Keypress: lctrl
900.7497 	EXP 	Sound  started
901.4623 	DATA 	Keypress: rctrl
901.4997 	EXP 	Sound  started
902.1503 	DATA 	Keypress: lctrl
902.2497 	EXP 	Sound  started
902.8864 	DATA 	Keypress: rctrl
902.9998 	EXP 	Sound  started
903.7023 	DATA 	Keypress: lctrl
903.7498 	EXP 	Sound  started
904.4544 	DATA 	Keypress: lctrl
904.4998 	EXP 	Sound  started
905.2063 	DATA 	Keypress: lctrl
905.2498 	EXP 	Sound  started
905.9744 	DATA 	Keypress: lctrl
905.9998 	EXP 	Sound  started
906.7263 	DATA 	Keypress: lctrl
906.7498 	EXP 	Sound  started
907.4464 	DATA 	Keypress: rctrl
907.4999 	EXP 	Sound  started
908.1824 	DATA 	Keypress: rctrl
908.2499 	EXP 	Sound  started
908.9183 	DATA 	Keypress: lctrl
908.9999 	EXP 	Sound  started
909.6383 	DATA 	Keypress: lctrl
909.7499 	EXP 	Sound  started
910.4383 	DATA 	Keypress: lctrl
910.4999 	EXP 	Sound  started
911.1903 	DATA 	Keypress: lctrl
913.7684 	DATA 	Keypress: 3
913.7978 	EXP 	unnamed ShapeStim: vertices = <class 'numpy.ndarray'>
921.9750 	DATA 	Keypress: 3
922.0045 	EXP 	unnamed ShapeStim: vertices = <class 'numpy.ndarray'>
928.4600 	DATA 	Keypress: 3
928.4765 	EXP 	unnamed ShapeStim: vertices = <class 'numpy.ndarray'>
930.7610 	EXP 	Sound  started
931.0464 	DATA 	Keypress: rctrl
931.5108 	EXP 	Sound  started
931.5743 	DATA 	Keypress: rctrl
932.1983 	DATA 	Keypress: rctrl
932.2608 	EXP 	Sound  started
932.9183 	DATA 	Keypress: lctrl
933.0109 	EXP 	Sound  started
933.7024 	DATA 	Keypress: lctrl
933.7609 	EXP 	Sound  started
934.4062 	DATA 	Keypress: rctrl
934.5109 	EXP 	Sound  started
935.1103 	DATA 	Keypress: lctrl
935.2609 	EXP 	Sound  started
935.8302 	DATA 	Keypress: rctrl
936.0109 	EXP 	Sound  started
936.5983 	DATA 	Keypress: lctrl
936.7609 	EXP 	Sound  started
937.3503 	DATA 	Keypress: rctrl
937.5109 	EXP 	Sound  started
938.0863 	DATA 	Keypress: lctrl
938.2610 	EXP 	Sound  started
938.8223 	DATA 	Keypress: rctrl
939.0110 	EXP 	Sound  started
939.5583 	DATA 	Keypress: lctrl
939.7610 	EXP 	Sound  started
940.3743 	DATA 	Keypress: rctrl
940.5110 	EXP 	Sound  started
941.1902 	DATA 	Keypress: lctrl
941.2610 	EXP 	Sound  started
942.0110 	EXP 	Sound  started
942.0383 	DATA 	Keypress: rctrl
942.7103 	DATA 	Keypress: lctrl
942.7611 	EXP 	Sound  started
943.4783 	DATA 	Keypress: rctrl
943.5111 	EXP 	Sound  started
944.2304 	DATA 	Keypress: rctrl
944.2611 	EXP 	Sound  started
944.8544 	DATA 	Keypress: lctrl
945.0111 	EXP 	Sound  started
945.6542 	DATA 	Keypress: rctrl
945.7611 	EXP 	Sound  started
946.3742 	DATA 	Keypress: lctrl
946.5111 	EXP 	Sound  started
947.2063 	DATA 	Keypress: lctrl
947.2611 	EXP 	Sound  started
948.0112 	EXP 	Sound  started
948.0223 	DATA 	Keypress: rctrl
948.7583 	DATA 	Keypress: lctrl
948.7612 	EXP 	Sound  started
949.5112 	EXP 	Sound  started
949.5263 	DATA 	Keypress: rctrl
950.1823 	DATA 	Keypress: lctrl
950.2612 	EXP 	Sound  started
950.9503 	DATA 	Keypress: rctrl
951.0112 	EXP 	Sound  started
951.7343 	DATA 	Keypress: lctrl
951.7612 	EXP 	Sound  started
952.4543 	DATA 	Keypress: rctrl
952.5112 	EXP 	Sound  started
953.1903 	DATA 	Keypress: lctrl
953.2613 	EXP 	Sound  started
954.0113 	EXP 	Sound  started
954.0223 	DATA 	Keypress: rctrl
954.6623 	DATA 	Keypress: lctrl
954.7613 	EXP 	Sound  started
955.5113 	EXP 	Sound  started
955.5262 	DATA 	Keypress: rctrl
956.2613 	EXP 	Sound  started
956.4062 	DATA 	Keypress: lctrl
957.0113 	EXP 	Sound  started
957.0783 	DATA 	Keypress: rctrl
957.7342 	DATA 	Keypress: lctrl
957.7613 	EXP 	Sound  started
958.4543 	DATA 	Keypress: rctrl
958.5114 	EXP 	Sound  started
959.2062 	DATA 	Keypress: lctrl
959.2614 	EXP 	Sound  started
959.9423 	DATA 	Keypress: rctrl
960.0114 	EXP 	Sound  started
960.7262 	DATA 	Keypress: lctrl
960.7614 	EXP 	Sound  started
961.4622 	DATA 	Keypress: rctrl
961.5114 	EXP 	Sound  started
962.1983 	DATA 	Keypress: lctrl
962.2614 	EXP 	Sound  started
962.9663 	DATA 	Keypress: lctrl
963.0114 	EXP 	Sound  started
963.7615 	EXP 	Sound  started
963.7984 	DATA 	Keypress: lctrl
964.5023 	DATA 	Keypress: rctrl
964.5115 	EXP 	Sound  started
965.1583 	DATA 	Keypress: rctrl
965.2615 	EXP 	Sound  started
965.9743 	DATA 	Keypress: lctrl
966.0115 	EXP 	Sound  started
966.7103 	DATA 	Keypress: lctrl
966.7615 	EXP 	Sound  started
967.4783 	DATA 	Keypress: lctrl
967.5116 	EXP 	Sound  started
968.2142 	DATA 	Keypress: lctrl
968.2615 	EXP 	Sound  started
968.9983 	DATA 	Keypress: rctrl
969.0116 	EXP 	Sound  started
969.6862 	DATA 	Keypress: lctrl
969.7616 	EXP 	Sound  started
970.5116 	EXP 	Sound  started
970.5343 	DATA 	Keypress: rctrl
971.2544 	DATA 	Keypress: rctrl
971.2616 	EXP 	Sound  started
972.0116 	EXP 	Sound  started
972.0223 	DATA 	Keypress: rctrl
972.7262 	DATA 	Keypress: rctrl
972.7616 	EXP 	Sound  started
973.5103 	DATA 	Keypress: rctrl
973.5116 	EXP 	Sound  started
974.2617 	EXP 	Sound  started
974.2623 	DATA 	Keypress: rctrl
974.9022 	DATA 	Keypress: lctrl
975.0117 	EXP 	Sound  started
975.7182 	DATA 	Keypress: rctrl
975.7617 	EXP 	Sound  started
976.5022 	DATA 	Keypress: lctrl
976.5117 	EXP 	Sound  started
977.2062 	DATA 	Keypress: rctrl
977.2617 	EXP 	Sound  started
977.9903 	DATA 	Keypress: rctrl
978.0117 	EXP 	Sound  started
978.7422 	DATA 	Keypress: lctrl
978.7618 	EXP 	Sound  started
979.4622 	DATA 	Keypress: rctrl
979.5118 	EXP 	Sound  started
980.2303 	DATA 	Keypress: rctrl
980.2618 	EXP 	Sound  started
981.0118 	EXP 	Sound  started
981.1582 	DATA 	Keypress: lctrl
981.7503 	DATA 	Keypress: lctrl
981.7618 	EXP 	Sound  started
982.5023 	DATA 	Keypress: lctrl
982.5118 	EXP 	Sound  started
983.2618 	EXP 	Sound  started
983.2702 	DATA 	Keypress: rctrl
984.0118 	EXP 	Sound  started
984.0223 	DATA 	Keypress: rctrl
984.7619 	EXP 	Sound  started
984.8703 	DATA 	Keypress: lctrl
985.5103 	DATA 	Keypress: lctrl
985.5119 	EXP 	Sound  started
986.2619 	EXP 	Sound  started
986.2783 	DATA 	Keypress: lctrl
987.0119 	EXP 	Sound  started
987.0464 	DATA 	Keypress: lctrl
987.7343 	DATA 	Keypress: rctrl
987.7619 	EXP 	Sound  started
988.4543 	DATA 	Keypress: rctrl
988.5119 	EXP 	Sound  started
989.1902 	DATA 	Keypress: lctrl
989.2619 	EXP 	Sound  started
989.9422 	DATA 	Keypress: lctrl
990.0120 	EXP 	Sound  started
990.7102 	DATA 	Keypress: lctrl
990.7620 	EXP 	Sound  started
991.4622 	DATA 	Keypress: lctrl
991.5120 	EXP 	Sound  started
992.2620 	EXP 	Sound  started
992.2782 	DATA 	Keypress: lctrl
992.9503 	DATA 	Keypress: rctrl
993.0120 	EXP 	Sound  started
993.6863 	DATA 	Keypress: rctrl
993.7620 	EXP 	Sound  started
994.4062 	DATA 	Keypress: lctrl
994.5121 	EXP 	Sound  started
995.2223 	DATA 	Keypress: lctrl
995.2621 	EXP 	Sound  started
996.0063 	DATA 	Keypress: lctrl
996.0121 	EXP 	Sound  started
996.7582 	DATA 	Keypress: lctrl
996.7621 	EXP 	Sound  started
997.5374 	DATA 	Keypress: lctrl
1003.5585 	DATA 	Keypress: 1
1003.5880 	EXP 	unnamed ShapeStim: vertices = <class 'numpy.ndarray'>
1008.2087 	DATA 	Keypress: 3
1008.2251 	EXP 	unnamed ShapeStim: vertices = <class 'numpy.ndarray'>
1011.9117 	DATA 	Keypress: 2
1011.9282 	EXP 	unnamed ShapeStim: vertices = <class 'numpy.ndarray'>
1014.2129 	EXP 	Sound  started
1014.3744 	DATA 	Keypress: lctrl
1014.9342 	DATA 	Keypress: lctrl
1014.9627 	EXP 	Sound  started
1015.5742 	DATA 	Keypress: lctrl
1015.7127 	EXP 	Sound  started
1016.3422 	DATA 	Keypress: lctrl
1016.4627 	EXP 	Sound  started
1017.1582 	DATA 	Keypress: lctrl
1017.2127 	EXP 	Sound  started
1017.8462 	DATA 	Keypress: lctrl
1017.9628 	EXP 	Sound  started
1018.5502 	DATA 	Keypress: lctrl
1018.7128 	EXP 	Sound  started
1019.3823 	DATA 	Keypress: rctrl
1019.4628 	EXP 	Sound  started
1020.1342 	DATA 	Keypress: rctrl
1020.2128 	EXP 	Sound  started
1020.8543 	DATA 	Keypress: rctrl
1020.9628 	EXP 	Sound  started
1021.5742 	DATA 	Keypress: lctrl
1021.7128 	EXP 	Sound  started
1022.3582 	DATA 	Keypress: rctrl
1022.4629 	EXP 	Sound  started
1023.1423 	DATA 	Keypress: lctrl
1023.2129 	EXP 	Sound  started
1023.9262 	DATA 	Keypress: rctrl
1023.9629 	EXP 	Sound  started
1024.6782 	DATA 	Keypress: rctrl
1024.7129 	EXP 	Sound  started
1025.4302 	DATA 	Keypress: rctrl
1025.4629 	EXP 	Sound  started
1026.1983 	DATA 	Keypress: lctrl
1026.2129 	EXP 	Sound  started
1026.7583 	DATA 	Keypress: rctrl
1026.9630 	EXP 	Sound  started
1027.6382 	DATA 	Keypress: lctrl
1027.7130 	EXP 	Sound  started
1028.4383 	DATA 	Keypress: rctrl
1028.4630 	EXP 	Sound  started
1029.2062 	DATA 	Keypress: lctrl
1029.2130 	EXP 	Sound  started
1029.9422 	DATA 	Keypress: lctrl
1029.9630 	EXP 	Sound  started
1030.6943 	DATA 	Keypress: lctrl
1030.7130 	EXP 	Sound  started
1031.4622 	DATA 	Keypress: lctrl
1031.4630 	EXP 	Sound  started
1032.2131 	EXP 	Sound  started
1032.2622 	DATA 	Keypress: rctrl
1032.9631 	EXP 	Sound  started
1032.9823 	DATA 	Keypress: rctrl
1033.7131 	EXP 	Sound  started
1033.7342 	DATA 	Keypress: rctrl
1034.4382 	DATA 	Keypress: rctrl
1034.4631 	EXP 	Sound  started
1035.1422 	DATA 	Keypress: lctrl
1035.2131 	EXP 	Sound  started
1035.9583 	DATA 	Keypress: lctrl
1035.9632 	EXP 	Sound  started
1036.7131 	EXP 	Sound  started
1036.7263 	DATA 	Keypress: rctrl
1037.4622 	DATA 	Keypress: lctrl
1037.4632 	EXP 	Sound  started
1038.2132 	EXP 	Sound  started
1038.2143 	DATA 	Keypress: rctrl
1038.9503 	DATA 	Keypress: lctrl
1038.9632 	EXP 	Sound  started
1039.6542 	DATA 	Keypress: rctrl
1039.7132 	EXP 	Sound  started
1040.4062 	DATA 	Keypress: lctrl
1040.4632 	EXP 	Sound  started
1041.1742 	DATA 	Keypress: rctrl
1041.2132 	EXP 	Sound  started
1041.9583 	DATA 	Keypress: lctrl
1041.9633 	EXP 	Sound  started
1042.6942 	DATA 	Keypress: rctrl
1042.7133 	EXP 	Sound  started
1043.4302 	DATA 	Keypress: lctrl
1043.4633 	EXP 	Sound  started
1044.2133 	EXP 	Sound  started
1044.2623 	DATA 	Keypress: lctrl
1044.9633 	EXP 	Sound  started
1044.9983 	DATA 	Keypress: lctrl
1045.7134 	EXP 	Sound  started
1045.7504 	DATA 	Keypress: lctrl
1046.4633 	EXP 	Sound  started
1046.4702 	DATA 	Keypress: rctrl
1047.1902 	DATA 	Keypress: lctrl
1047.2134 	EXP 	Sound  started
1047.8462 	DATA 	Keypress: rctrl
1047.9634 	EXP 	Sound  started
1048.6463 	DATA 	Keypress: lctrl
1048.7134 	EXP 	Sound  started
1049.3982 	DATA 	Keypress: rctrl
1049.4634 	EXP 	Sound  started
1050.2134 	EXP 	Sound  started
1050.2142 	DATA 	Keypress: lctrl
1050.9182 	DATA 	Keypress: rctrl
1050.9634 	EXP 	Sound  started
1051.6543 	DATA 	Keypress: lctrl
1051.7134 	EXP 	Sound  started
1052.4222 	DATA 	Keypress: rctrl
1052.4635 	EXP 	Sound  started
1053.1902 	DATA 	Keypress: lctrl
1053.2135 	EXP 	Sound  started
1053.9635 	EXP 	Sound  started
1053.9902 	DATA 	Keypress: lctrl
1054.7135 	EXP 	Sound  started
1054.7583 	DATA 	Keypress: lctrl
1055.4635 	EXP 	Sound  started
1055.5262 	DATA 	Keypress: lctrl
1056.2135 	EXP 	Sound  started
1056.2782 	DATA 	Keypress: lctrl
1056.9635 	EXP 	Sound  started
1056.9983 	DATA 	Keypress: lctrl
1057.7136 	EXP 	Sound  started
1057.7822 	DATA 	Keypress: lctrl
1058.4383 	DATA 	Keypress: rctrl
1058.4636 	EXP 	Sound  started
1059.2136 	EXP 	Sound  started
1059.2382 	DATA 	Keypress: rctrl
1059.9636 	EXP 	Sound  started
1060.0702 	DATA 	Keypress: lctrl
1060.7102 	DATA 	Keypress: lctrl
1060.7136 	EXP 	Sound  started
1061.4636 	EXP 	Sound  started
1061.5102 	DATA 	Keypress: lctrl
1062.2137 	EXP 	Sound  started
1062.2622 	DATA 	Keypress: lctrl
1062.9637 	EXP 	Sound  started
1062.9822 	DATA 	Keypress: lctrl
1063.7137 	EXP 	Sound  started
1063.7342 	DATA 	Keypress: lctrl
1064.4637 	EXP 	Sound  started
1064.5662 	DATA 	Keypress: rctrl
1065.2137 	EXP 	Sound  started
1065.2222 	DATA 	Keypress: lctrl
1065.9582 	DATA 	Keypress: rctrl
1065.9637 	EXP 	Sound  started
1066.6783 	DATA 	Keypress: lctrl
1066.7138 	EXP 	Sound  started
1067.3822 	DATA 	Keypress: rctrl
1067.4638 	EXP 	Sound  started
1068.1982 	DATA 	Keypress: lctrl
1068.2138 	EXP 	Sound  started
1068.8862 	DATA 	Keypress: rctrl
1068.9638 	EXP 	Sound  started
1069.6542 	DATA 	Keypress: lctrl
1069.7138 	EXP 	Sound  started
1070.4542 	DATA 	Keypress: lctrl
1070.4639 	EXP 	Sound  started
1071.2139 	EXP 	Sound  started
1071.2542 	DATA 	Keypress: lctrl
1071.9263 	DATA 	Keypress: lctrl
1071.9639 	EXP 	Sound  started
1072.7103 	DATA 	Keypress: rctrl
1072.7139 	EXP 	Sound  started
1073.3822 	DATA 	Keypress: rctrl
1073.4639 	EXP 	Sound  started
1074.1502 	DATA 	Keypress: lctrl
1074.2139 	EXP 	Sound  started
1074.9639 	EXP 	Sound  started
1074.9662 	DATA 	Keypress: rctrl
1075.6702 	DATA 	Keypress: rctrl
1075.7139 	EXP 	Sound  started
1076.3582 	DATA 	Keypress: rctrl
1076.4639 	EXP 	Sound  started
1077.1262 	DATA 	Keypress: lctrl
1077.2140 	EXP 	Sound  started
1077.9582 	DATA 	Keypress: lctrl
1077.9640 	EXP 	Sound  started
1078.7102 	DATA 	Keypress: lctrl
1078.7140 	EXP 	Sound  started
1079.3662 	DATA 	Keypress: rctrl
1079.4640 	EXP 	Sound  started
1080.1502 	DATA 	Keypress: rctrl
1080.2140 	EXP 	Sound  started
1080.9502 	DATA 	Keypress: lctrl
1082.8735 	DATA 	Keypress: 2
1082.9030 	EXP 	unnamed ShapeStim: vertices = <class 'numpy.ndarray'>
1088.2075 	DATA 	Keypress: 3
1088.2240 	EXP 	unnamed ShapeStim: vertices = <class 'numpy.ndarray'>
1092.0107 	DATA 	Keypress: 2
1092.0271 	EXP 	unnamed ShapeStim: vertices = <class 'numpy.ndarray'>
1094.3114 	EXP 	Sound  started
1094.5503 	DATA 	Keypress: rctrl
1095.0463 	DATA 	Keypress: rctrl
1095.0613 	EXP 	Sound  started
1095.7502 	DATA 	Keypress: lctrl
1095.8113 	EXP 	Sound  started
1096.4543 	DATA 	Keypress: rctrl
1096.5613 	EXP 	Sound  started
1097.2223 	DATA 	Keypress: rctrl
1097.3113 	EXP 	Sound  started
1097.9262 	DATA 	Keypress: lctrl
1098.0613 	EXP 	Sound  started
1098.6622 	DATA 	Keypress: lctrl
1098.8113 	EXP 	Sound  started
1099.4782 	DATA 	Keypress: lctrl
1099.5614 	EXP 	Sound  started
1100.3114 	EXP 	Sound  started
1100.3262 	DATA 	Keypress: rctrl
1100.9981 	DATA 	Keypress: lctrl
1101.0614 	EXP 	Sound  started
1101.7821 	DATA 	Keypress: rctrl
1101.8114 	EXP 	Sound  started
1102.5022 	DATA 	Keypress: rctrl
1102.5614 	EXP 	Sound  started
1103.2862 	DATA 	Keypress: lctrl
1103.3114 	EXP 	Sound  started
1103.9741 	DATA 	Keypress: lctrl
1104.0614 	EXP 	Sound  started
1104.7901 	DATA 	Keypress: lctrl
1104.8115 	EXP 	Sound  started
1105.5615 	EXP 	Sound  started
1105.5742 	DATA 	Keypress: lctrl
1106.3102 	DATA 	Keypress: rctrl
1106.3115 	EXP 	Sound  started
1107.0142 	DATA 	Keypress: rctrl
1107.0615 	EXP 	Sound  started
1107.8115 	EXP 	Sound  started
1107.8142 	DATA 	Keypress: rctrl
1108.5615 	EXP 	Sound  started
1108.5982 	DATA 	Keypress: rctrl
1109.3021 	DATA 	Keypress: lctrl
1109.3115 	EXP 	Sound  started
1110.0381 	DATA 	Keypress: rctrl
1110.0616 	EXP 	Sound  started
1110.6941 	DATA 	Keypress: lctrl
1110.8116 	EXP 	Sound  started
1111.3821 	DATA 	Keypress: rctrl
1111.5616 	EXP 	Sound  started
1112.1661 	DATA 	Keypress: lctrl
1112.3116 	EXP 	Sound  started
1112.9822 	DATA 	Keypress: lctrl
1113.0616 	EXP 	Sound  started
1113.8116 	EXP 	Sound  started
1113.8142 	DATA 	Keypress: rctrl
1114.4541 	DATA 	Keypress: rctrl
1114.5617 	EXP 	Sound  started
1115.2702 	DATA 	Keypress: rctrl
1115.3117 	EXP 	Sound  started
1115.9581 	DATA 	Keypress: lctrl
1116.0617 	EXP 	Sound  started
1116.7742 	DATA 	Keypress: rctrl
1116.8117 	EXP 	Sound  started
1117.5102 	DATA 	Keypress: rctrl
1117.5617 	EXP 	Sound  started
1118.1821 	DATA 	Keypress: lctrl
1118.3117 	EXP 	Sound  started
1118.9822 	DATA 	Keypress: rctrl
1119.0617 	EXP 	Sound  started
1119.7181 	DATA 	Keypress: rctrl
1119.8118 	EXP 	Sound  started
1120.4541 	DATA 	Keypress: rctrl
1120.5618 	EXP 	Sound  started
1121.2061 	DATA 	Keypress: rctrl
1121.3118 	EXP 	Sound  started
1122.0382 	DATA 	Keypress: lctrl
1122.0618 	EXP 	Sound  started
1122.7582 	DATA 	Keypress: lctrl
1122.8118 	EXP 	Sound  started
1123.4462 	DATA 	Keypress: rctrl
1123.5618 	EXP 	Sound  started
1124.2462 	DATA 	Keypress: lctrl
1124.3118 	EXP 	Sound  started
1125.0618 	EXP 	Sound  started
1125.0621 	DATA 	Keypress: rctrl
1125.7661 	DATA 	Keypress: rctrl
1125.8119 	EXP 	Sound  started
1126.5021 	DATA 	Keypress: rctrl
1126.5619 	EXP 	Sound  started
1127.2542 	DATA 	Keypress: rctrl
1127.3119 	EXP 	Sound  started
1128.0222 	DATA 	Keypress: lctrl
1128.0619 	EXP 	Sound  started
1128.7742 	DATA 	Keypress: lctrl
1128.8119 	EXP 	Sound  started
1129.5619 	EXP 	Sound  started
1129.5901 	DATA 	Keypress: lctrl
1130.3119 	EXP 	Sound  started
1130.3422 	DATA 	Keypress: lctrl
1131.0620 	EXP 	Sound  started
1131.1742 	DATA 	Keypress: lctrl
1131.8120 	EXP 	Sound  started
1131.8301 	DATA 	Keypress: lctrl
1132.5342 	DATA 	Keypress: rctrl
1132.5620 	EXP 	Sound  started
1133.2861 	DATA 	Keypress: lctrl
1133.3120 	EXP 	Sound  started
1134.0061 	DATA 	Keypress: lctrl
1134.0620 	EXP 	Sound  started
1134.7741 	DATA 	Keypress: lctrl
1137.8815 	DATA 	Keypress: 3
1137.8980 	EXP 	unnamed ShapeStim: vertices = <class 'numpy.ndarray'>
1141.8014 	DATA 	Keypress: 3
1141.8179 	EXP 	unnamed ShapeStim: vertices = <class 'numpy.ndarray'>
1150.4751 	DATA 	Keypress: 3
1150.4916 	EXP 	unnamed ShapeStim: vertices = <class 'numpy.ndarray'>
1152.7761 	EXP 	Sound  started
1152.8543 	DATA 	Keypress: rctrl
1153.4462 	DATA 	Keypress: rctrl
1153.5259 	EXP 	Sound  started
1154.1821 	DATA 	Keypress: lctrl
1154.2759 	EXP 	Sound  started
1154.8381 	DATA 	Keypress: rctrl
1155.0259 	EXP 	Sound  started
1155.6222 	DATA 	Keypress: lctrl
1155.7760 	EXP 	Sound  started
1156.3581 	DATA 	Keypress: lctrl
1156.5260 	EXP 	Sound  started
1157.0941 	DATA 	Keypress: rctrl
1157.2760 	EXP 	Sound  started
1157.8461 	DATA 	Keypress: rctrl
1158.0260 	EXP 	Sound  started
1158.6142 	DATA 	Keypress: lctrl
1158.7760 	EXP 	Sound  started
1159.4621 	DATA 	Keypress: lctrl
1159.5260 	EXP 	Sound  started
1160.1502 	DATA 	Keypress: rctrl
1160.2760 	EXP 	Sound  started
1160.9341 	DATA 	Keypress: rctrl
1161.0261 	EXP 	Sound  started
1161.6702 	DATA 	Keypress: lctrl
1161.7761 	EXP 	Sound  started
1162.4701 	DATA 	Keypress: rctrl
1162.5261 	EXP 	Sound  started
1163.1901 	DATA 	Keypress: rctrl
1163.2761 	EXP 	Sound  started
1163.8941 	DATA 	Keypress: lctrl
1164.0261 	EXP 	Sound  started
1164.6462 	DATA 	Keypress: lctrl
1164.7761 	EXP 	Sound  started
1165.4622 	DATA 	Keypress: rctrl
1165.5262 	EXP 	Sound  started
1166.1981 	DATA 	Keypress: lctrl
1166.2762 	EXP 	Sound  started
1166.9821 	DATA 	Keypress: rctrl
1167.0262 	EXP 	Sound  started
1167.7341 	DATA 	Keypress: rctrl
1167.7762 	EXP 	Sound  started
1168.4701 	DATA 	Keypress: lctrl
1168.5262 	EXP 	Sound  started
1169.2762 	EXP 	Sound  started
1169.3021 	DATA 	Keypress: lctrl
1169.9421 	DATA 	Keypress: lctrl
1170.0262 	EXP 	Sound  started
1170.6942 	DATA 	Keypress: rctrl
1170.7762 	EXP 	Sound  started
1171.4142 	DATA 	Keypress: lctrl
1171.5263 	EXP 	Sound  started
1172.2301 	DATA 	Keypress: lctrl
1172.2763 	EXP 	Sound  started
1172.9821 	DATA 	Keypress: lctrl
1173.0263 	EXP 	Sound  started
1173.7501 	DATA 	Keypress: lctrl
1173.7763 	EXP 	Sound  started
1174.5021 	DATA 	Keypress: lctrl
1174.5263 	EXP 	Sound  started
1175.2763 	EXP 	Sound  started
1175.3181 	DATA 	Keypress: lctrl
1176.0263 	EXP 	Sound  started
1176.0382 	DATA 	Keypress: lctrl
1176.7102 	DATA 	Keypress: lctrl
1176.7764 	EXP 	Sound  started
1177.4462 	DATA 	Keypress: lctrl
1177.5264 	EXP 	Sound  started
1178.2764 	EXP 	Sound  started
1178.2781 	DATA 	Keypress: rctrl
1178.9341 	DATA 	Keypress: rctrl
1179.0264 	EXP 	Sound  started
1179.7021 	DATA 	Keypress: rctrl
1179.7764 	EXP 	Sound  started
1180.4221 	DATA 	Keypress: lctrl
1180.5264 	EXP 	Sound  started
1181.1901 	DATA 	Keypress: rctrl
1181.2765 	EXP 	Sound  started
1181.9901 	DATA 	Keypress: rctrl
1182.0265 	EXP 	Sound  started
1182.6941 	DATA 	Keypress: lctrl
1182.7765 	EXP 	Sound  started
1183.4621 	DATA 	Keypress: lctrl
1183.5265 	EXP 	Sound  started
1184.2621 	DATA 	Keypress: rctrl
1184.2765 	EXP 	Sound  started
1184.9981 	DATA 	Keypress: rctrl
1185.0265 	EXP 	Sound  started
1185.7182 	DATA 	Keypress: lctrl
1185.7765 	EXP 	Sound  started
1186.5266 	EXP 	Sound  started
1186.5341 	DATA 	Keypress: lctrl
1187.2766 	EXP 	Sound  started
1187.2861 	DATA 	Keypress: lctrl
1188.0266 	EXP 	Sound  started
1188.0541 	DATA 	Keypress: lctrl
1188.7766 	EXP 	Sound  started
1188.8221 	DATA 	Keypress: lctrl
1189.5101 	DATA 	Keypress: rctrl
1189.5266 	EXP 	Sound  started
1190.1821 	DATA 	Keypress: lctrl
1190.2766 	EXP 	Sound  started
1190.9821 	DATA 	Keypress: rctrl
1191.0266 	EXP 	Sound  started
1191.7021 	DATA 	Keypress: lctrl
1191.7767 	EXP 	Sound  started
1192.5181 	DATA 	Keypress: rctrl
1192.5267 	EXP 	Sound  started
1193.1741 	DATA 	Keypress: rctrl
1193.2767 	EXP 	Sound  started
1193.9741 	DATA 	Keypress: lctrl
1194.0267 	EXP 	Sound  started
1194.7101 	DATA 	Keypress: lctrl
1194.7767 	EXP 	Sound  started
1195.4942 	DATA 	Keypress: rctrl
1195.5267 	EXP 	Sound  started
1196.1821 	DATA 	Keypress: lctrl
1196.2767 	EXP 	Sound  started
1197.0268 	EXP 	Sound  started
1197.0621 	DATA 	Keypress: rctrl
1197.7181 	DATA 	Keypress: lctrl
1197.7768 	EXP 	Sound  started
1198.5268 	EXP 	Sound  started
1198.5341 	DATA 	Keypress: rctrl
1199.2768 	EXP 	Sound  started
1199.2863 	DATA 	Keypress: rctrl
1199.9741 	DATA 	Keypress: rctrl
1200.0268 	EXP 	Sound  started
1200.7421 	DATA 	Keypress: rctrl
1200.7768 	EXP 	Sound  started
1201.4940 	DATA 	Keypress: lctrl
1201.5268 	EXP 	Sound  started
1202.2301 	DATA 	Keypress: lctrl
1202.2769 	EXP 	Sound  started
1203.0269 	EXP 	Sound  started
1203.0621 	DATA 	Keypress: rctrl
1203.7769 	EXP 	Sound  started
1203.8302 	DATA 	Keypress: rctrl
1204.5181 	DATA 	Keypress: lctrl
1204.5269 	EXP 	Sound  started
1205.2221 	DATA 	Keypress: lctrl
1205.2769 	EXP 	Sound  started
1205.8782 	DATA 	Keypress: rctrl
1206.0269 	EXP 	Sound  started
1206.7101 	DATA 	Keypress: lctrl
1206.7770 	EXP 	Sound  started
1207.5270 	EXP 	Sound  started
1207.5421 	DATA 	Keypress: rctrl
1208.2770 	EXP 	Sound  started
1208.3101 	DATA 	Keypress: lctrl
1209.0141 	DATA 	Keypress: lctrl
1209.0270 	EXP 	Sound  started
1209.7770 	EXP 	Sound  started
1209.8461 	DATA 	Keypress: lctrl
1210.5270 	EXP 	Sound  started
1210.5341 	DATA 	Keypress: lctrl
1211.1261 	DATA 	Keypress: lctrl
1211.2771 	EXP 	Sound  started
1212.0271 	EXP 	Sound  started
1212.1981 	DATA 	Keypress: lctrl
1212.7771 	EXP 	Sound  started
1212.8061 	DATA 	Keypress: lctrl
1213.4781 	DATA 	Keypress: rctrl
1213.5271 	EXP 	Sound  started
1214.2300 	DATA 	Keypress: lctrl
1216.3958 	DATA 	Keypress: 2
1216.4123 	EXP 	unnamed ShapeStim: vertices = <class 'numpy.ndarray'>
1222.8177 	DATA 	Keypress: 2
1222.8342 	EXP 	unnamed ShapeStim: vertices = <class 'numpy.ndarray'>
1226.5708 	DATA 	Keypress: 2
1226.5873 	EXP 	unnamed ShapeStim: vertices = <class 'numpy.ndarray'>
1228.8729 	EXP 	Sound  started
1229.0941 	DATA 	Keypress: lctrl
1229.6228 	EXP 	Sound  started
1229.6382 	DATA 	Keypress: lctrl
1230.2301 	DATA 	Keypress: lctrl
1230.3728 	EXP 	Sound  started
1231.0301 	DATA 	Keypress: lctrl
1231.1228 	EXP 	Sound  started
1231.7660 	DATA 	Keypress: rctrl
1231.8728 	EXP 	Sound  started
1232.5181 	DATA 	Keypress: rctrl
1232.6228 	EXP 	Sound  started
1233.2221 	DATA 	Keypress: lctrl
1233.3728 	EXP 	Sound  started
1234.0221 	DATA 	Keypress: lctrl
1234.1228 	EXP 	Sound  started
1234.8220 	DATA 	Keypress: rctrl
1234.8729 	EXP 	Sound  started
1235.5900 	DATA 	Keypress: lctrl
1235.6229 	EXP 	Sound  started
1236.3582 	DATA 	Keypress: rctrl
1236.3729 	EXP 	Sound  started
1237.0941 	DATA 	Keypress: rctrl
1237.1229 	EXP 	Sound  started
1237.8142 	DATA 	Keypress: rctrl
1237.8729 	EXP 	Sound  started
1238.5980 	DATA 	Keypress: rctrl
1238.6229 	EXP 	Sound  started
1239.3341 	DATA 	Keypress: rctrl
1239.3729 	EXP 	Sound  started
1240.1021 	DATA 	Keypress: lctrl
1240.1230 	EXP 	Sound  started
1240.8730 	EXP 	Sound  started
1240.8861 	DATA 	Keypress: rctrl
1241.5580 	DATA 	Keypress: lctrl
1241.6230 	EXP 	Sound  started
1242.3421 	DATA 	Keypress: rctrl
1242.3730 	EXP 	Sound  started
1243.0940 	DATA 	Keypress: lctrl
1243.1230 	EXP 	Sound  started
1243.8302 	DATA 	Keypress: rctrl
1243.8730 	EXP 	Sound  started
1244.5821 	DATA 	Keypress: lctrl
1244.6230 	EXP 	Sound  started
1245.3731 	EXP 	Sound  started
1245.3821 	DATA 	Keypress: rctrl
1246.1182 	DATA 	Keypress: lctrl
1246.1231 	EXP 	Sound  started
1246.8381 	DATA 	Keypress: lctrl
1246.8731 	EXP 	Sound  started
1247.5901 	DATA 	Keypress: lctrl
1247.6231 	EXP 	Sound  started
1248.3731 	EXP 	Sound  started
1248.4221 	DATA 	Keypress: rctrl
1249.0940 	DATA 	Keypress: rctrl
1249.1231 	EXP 	Sound  started
1249.7660 	DATA 	Keypress: lctrl
1249.8731 	EXP 	Sound  started
1250.5821 	DATA 	Keypress: lctrl
1250.6232 	EXP 	Sound  started
1251.3340 	DATA 	Keypress: lctrl
1251.3732 	EXP 	Sound  started
1252.1022 	DATA 	Keypress: lctrl
1252.1232 	EXP 	Sound  started
1252.8702 	DATA 	Keypress: rctrl
1252.8732 	EXP 	Sound  started
1253.6061 	DATA 	Keypress: rctrl
1253.6232 	EXP 	Sound  started
1254.2940 	DATA 	Keypress: lctrl
1254.3732 	EXP 	Sound  started
1255.1232 	EXP 	Sound  started
1255.1421 	DATA 	Keypress: rctrl
1255.8621 	DATA 	Keypress: lctrl
1255.8733 	EXP 	Sound  started
1256.5020 	DATA 	Keypress: rctrl
1256.6233 	EXP 	Sound  started
1257.3661 	DATA 	Keypress: lctrl
1257.3733 	EXP 	Sound  started
1258.1022 	DATA 	Keypress: rctrl
1258.1233 	EXP 	Sound  started
1258.8061 	DATA 	Keypress: rctrl
1258.8733 	EXP 	Sound  started
1259.5741 	DATA 	Keypress: rctrl
1259.6233 	EXP 	Sound  started
1260.3261 	DATA 	Keypress: lctrl
1260.3733 	EXP 	Sound  started
1261.1101 	DATA 	Keypress: rctrl
1261.1233 	EXP 	Sound  started
1261.8621 	DATA 	Keypress: rctrl
1261.8733 	EXP 	Sound  started
1262.5821 	DATA 	Keypress: rctrl
1262.6234 	EXP 	Sound  started
1263.2861 	DATA 	Keypress: rctrl
1263.3734 	EXP 	Sound  started
1264.0220 	DATA 	Keypress: lctrl
1264.1234 	EXP 	Sound  started
1264.8060 	DATA 	Keypress: lctrl
1264.8734 	EXP 	Sound  started
1265.5901 	DATA 	Keypress: rctrl
1265.6234 	EXP 	Sound  started
1266.3420 	DATA 	Keypress: lctrl
1266.3734 	EXP 	Sound  started
1267.0621 	DATA 	Keypress: rctrl
1267.1234 	EXP 	Sound  started
1267.7500 	DATA 	Keypress: lctrl
1267.8735 	EXP 	Sound  started
1268.6235 	EXP 	Sound  started
1268.6620 	DATA 	Keypress: rctrl
1269.3501 	DATA 	Keypress: rctrl
1269.3735 	EXP 	Sound  started
1270.0860 	DATA 	Keypress: rctrl
1270.1235 	EXP 	Sound  started
1270.8382 	DATA 	Keypress: lctrl
1270.8735 	EXP 	Sound  started
1271.5901 	DATA 	Keypress: lctrl
1271.6235 	EXP 	Sound  started
1272.3735 	EXP 	Sound  started
1272.3740 	DATA 	Keypress: lctrl
1273.1236 	EXP 	Sound  started
1273.1420 	DATA 	Keypress: lctrl
1273.8736 	EXP 	Sound  started
1273.8941 	DATA 	Keypress: lctrl
1274.5660 	DATA 	Keypress: lctrl
1274.6236 	EXP 	Sound  started
1275.3500 	DATA 	Keypress: rctrl
1275.3736 	EXP 	Sound  started
1276.0701 	DATA 	Keypress: lctrl
1276.1236 	EXP 	Sound  started
1276.8736 	EXP 	Sound  started
1276.9021 	DATA 	Keypress: rctrl
1277.6236 	EXP 	Sound  started
1278.3421 	DATA 	Keypress: rctrl
1278.3737 	EXP 	Sound  started
1279.0621 	DATA 	Keypress: rctrl
1282.8503 	DATA 	Keypress: 3
1282.8667 	EXP 	unnamed ShapeStim: vertices = <class 'numpy.ndarray'>
1287.7375 	DATA 	Keypress: 3
1287.7541 	EXP 	unnamed ShapeStim: vertices = <class 'numpy.ndarray'>
1290.1228 	DATA 	Keypress: 2
1290.1394 	EXP 	unnamed ShapeStim: vertices = <class 'numpy.ndarray'>
1292.4241 	EXP 	Sound  started
1292.6621 	DATA 	Keypress: rctrl
1293.1739 	EXP 	Sound  started
1293.2380 	DATA 	Keypress: lctrl
1293.9100 	DATA 	Keypress: rctrl
1293.9240 	EXP 	Sound  started
1294.6141 	DATA 	Keypress: rctrl
1294.6740 	EXP 	Sound  started
1295.4240 	EXP 	Sound  started
1295.4300 	DATA 	Keypress: rctrl
1296.1740 	EXP 	Sound  started
1296.1820 	DATA 	Keypress: rctrl
1296.9240 	EXP 	Sound  started
1296.9340 	DATA 	Keypress: rctrl
1297.6060 	DATA 	Keypress: rctrl
1297.6740 	EXP 	Sound  started
1298.3260 	DATA 	Keypress: lctrl
1298.4241 	EXP 	Sound  started
1299.0460 	DATA 	Keypress: rctrl
1299.1742 	EXP 	Sound  started
1299.8300 	DATA 	Keypress: lctrl
1299.9242 	EXP 	Sound  started
1300.5821 	DATA 	Keypress: rctrl
1300.6742 	EXP 	Sound  started
1301.3021 	DATA 	Keypress: lctrl
1301.4242 	EXP 	Sound  started
1302.0860 	DATA 	Keypress: rctrl
1302.1742 	EXP 	Sound  started
1302.8861 	DATA 	Keypress: lctrl
1302.9242 	EXP 	Sound  started
1303.6701 	DATA 	Keypress: rctrl
1303.6742 	EXP 	Sound  started
1304.3740 	DATA 	Keypress: rctrl
1304.4243 	EXP 	Sound  started
1305.1740 	DATA 	Keypress: rctrl
1305.1743 	EXP 	Sound  started
1305.9243 	EXP 	Sound  started
1305.9260 	DATA 	Keypress: lctrl
1306.6743 	EXP 	Sound  started
1306.6780 	DATA 	Keypress: rctrl
1307.3661 	DATA 	Keypress: rctrl
1307.4243 	EXP 	Sound  started
1308.1743 	EXP 	Sound  started
1308.2301 	DATA 	Keypress: lctrl
1308.8540 	DATA 	Keypress: lctrl
1308.9243 	EXP 	Sound  started
1309.6221 	DATA 	Keypress: lctrl
1309.6743 	EXP 	Sound  started
1310.3580 	DATA 	Keypress: rctrl
1310.4244 	EXP 	Sound  started
1311.0780 	DATA 	Keypress: rctrl
1311.1744 	EXP 	Sound  started
1311.9244 	EXP 	Sound  started
1311.9260 	DATA 	Keypress: lctrl
1312.5980 	DATA 	Keypress: lctrl
1312.6744 	EXP 	Sound  started
1313.3340 	DATA 	Keypress: rctrl
1313.4244 	EXP 	Sound  started
1314.1500 	DATA 	Keypress: lctrl
1314.1744 	EXP 	Sound  started
1314.8380 	DATA 	Keypress: rctrl
1314.9244 	EXP 	Sound  started
1315.6744 	EXP 	Sound  started
1315.7180 	DATA 	Keypress: lctrl
1316.3580 	DATA 	Keypress: rctrl
1316.4245 	EXP 	Sound  started
1317.0781 	DATA 	Keypress: rctrl
1317.1745 	EXP 	Sound  started
1317.7020 	DATA 	Keypress: lctrl
1317.9245 	EXP 	Sound  started
1318.4861 	DATA 	Keypress: rctrl
1318.6745 	EXP 	Sound  started
1319.2700 	DATA 	Keypress: lctrl
1319.4245 	EXP 	Sound  started
1319.9741 	DATA 	Keypress: rctrl
1320.1745 	EXP 	Sound  started
1320.7580 	DATA 	Keypress: lctrl
1320.9245 	EXP 	Sound  started
1321.5100 	DATA 	Keypress: rctrl
1321.6746 	EXP 	Sound  started
1322.3420 	DATA 	Keypress: lctrl
1322.4246 	EXP 	Sound  started
1323.0941 	DATA 	Keypress: lctrl
1323.1746 	EXP 	Sound  started
1323.8621 	DATA 	Keypress: rctrl
1323.9246 	EXP 	Sound  started
1324.6301 	DATA 	Keypress: rctrl
1324.6746 	EXP 	Sound  started
1325.4246 	EXP 	Sound  started
1325.5421 	DATA 	Keypress: lctrl
1326.0700 	DATA 	Keypress: lctrl
1326.1746 	EXP 	Sound  started
1326.8220 	DATA 	Keypress: rctrl
1326.9247 	EXP 	Sound  started
1327.5580 	DATA 	Keypress: rctrl
1327.6747 	EXP 	Sound  started
1328.2461 	DATA 	Keypress: lctrl
1328.4247 	EXP 	Sound  started
1329.0300 	DATA 	Keypress: lctrl
1329.1747 	EXP 	Sound  started
1329.8620 	DATA 	Keypress: rctrl
1329.9247 	EXP 	Sound  started
1330.6620 	DATA 	Keypress: rctrl
1330.6748 	EXP 	Sound  started
1331.4140 	DATA 	Keypress: lctrl
1331.4248 	EXP 	Sound  started
1332.1180 	DATA 	Keypress: lctrl
1334.1589 	DATA 	Keypress: 2
1334.1754 	EXP 	unnamed ShapeStim: vertices = <class 'numpy.ndarray'>
1337.5951 	DATA 	Keypress: 3
1337.6116 	EXP 	unnamed ShapeStim: vertices = <class 'numpy.ndarray'>
1341.4315 	DATA 	Keypress: 2
1341.4481 	EXP 	unnamed ShapeStim: vertices = <class 'numpy.ndarray'>
1343.7326 	EXP 	Sound  started
1344.2301 	DATA 	Keypress: rctrl
1344.4824 	EXP 	Sound  started
1345.1100 	DATA 	Keypress: rctrl
1345.2325 	EXP 	Sound  started
1345.8621 	DATA 	Keypress: lctrl
1345.9825 	EXP 	Sound  started
1346.6620 	DATA 	Keypress: rctrl
1346.7325 	EXP 	Sound  started
1347.4301 	DATA 	Keypress: rctrl
1347.4825 	EXP 	Sound  started
1348.2141 	DATA 	Keypress: rctrl
1348.2325 	EXP 	Sound  started
1348.9501 	DATA 	Keypress: rctrl
1348.9825 	EXP 	Sound  started
1349.6861 	DATA 	Keypress: rctrl
1349.7325 	EXP 	Sound  started
1350.4380 	DATA 	Keypress: rctrl
1350.4826 	EXP 	Sound  started
1351.2059 	DATA 	Keypress: rctrl
1351.2326 	EXP 	Sound  started
1351.9101 	DATA 	Keypress: lctrl
1351.9826 	EXP 	Sound  started
1352.6781 	DATA 	Keypress: lctrl
1352.7326 	EXP 	Sound  started
1353.3820 	DATA 	Keypress: rctrl
1353.4826 	EXP 	Sound  started
1354.0860 	DATA 	Keypress: lctrl
1354.2326 	EXP 	Sound  started
1354.8860 	DATA 	Keypress: rctrl
1354.9826 	EXP 	Sound  started
1355.7326 	EXP 	Sound  started
1355.7340 	DATA 	Keypress: lctrl
1356.4221 	DATA 	Keypress: lctrl
1356.4827 	EXP 	Sound  started
1357.2060 	DATA 	Keypress: lctrl
1357.2327 	EXP 	Sound  started
1357.9827 	EXP 	Sound  started
1357.9900 	DATA 	Keypress: lctrl
1358.6940 	DATA 	Keypress: rctrl
1358.7327 	EXP 	Sound  started
1359.3660 	DATA 	Keypress: lctrl
1359.4827 	EXP 	Sound  started
1360.1980 	DATA 	Keypress: lctrl
1360.2327 	EXP 	Sound  started
1360.9659 	DATA 	Keypress: lctrl
1360.9827 	EXP 	Sound  started
1361.7180 	DATA 	Keypress: rctrl
1361.7327 	EXP 	Sound  started
1362.4828 	EXP 	Sound  started
1362.5020 	DATA 	Keypress: rctrl
1363.2328 	EXP 	Sound  started
1363.2380 	DATA 	Keypress: rctrl
1363.8940 	DATA 	Keypress: lctrl
1363.9828 	EXP 	Sound  started
1364.6460 	DATA 	Keypress: lctrl
1364.7328 	EXP 	Sound  started
1365.4300 	DATA 	Keypress: rctrl
1365.4828 	EXP 	Sound  started
1366.1820 	DATA 	Keypress: rctrl
1366.2328 	EXP 	Sound  started
1366.9500 	DATA 	Keypress: rctrl
1366.9828 	EXP 	Sound  started
1367.7179 	DATA 	Keypress: rctrl
1367.7328 	EXP 	Sound  started
1368.4829 	EXP 	Sound  started
1368.5020 	DATA 	Keypress: rctrl
1369.2220 	DATA 	Keypress: rctrl
1369.2329 	EXP 	Sound  started
1369.9579 	DATA 	Keypress: lctrl
1369.9829 	EXP 	Sound  started
1370.7260 	DATA 	Keypress: lctrl
1370.7329 	EXP 	Sound  started
1371.4829 	EXP 	Sound  started
1371.5099 	DATA 	Keypress: rctrl
1372.2140 	DATA 	Keypress: lctrl
1372.2329 	EXP 	Sound  started
1372.9500 	DATA 	Keypress: rctrl
1372.9829 	EXP 	Sound  started
1373.6540 	DATA 	Keypress: lctrl
1373.7330 	EXP 	Sound  started
1374.3900 	DATA 	Keypress: rctrl
1374.4830 	EXP 	Sound  started
1375.1420 	DATA 	Keypress: lctrl
1375.2330 	EXP 	Sound  started
1375.8780 	DATA 	Keypress: rctrl
1375.9830 	EXP 	Sound  started
1376.6940 	DATA 	Keypress: rctrl
1376.7330 	EXP 	Sound  started
1377.4300 	DATA 	Keypress: rctrl
1377.4830 	EXP 	Sound  started
1378.1660 	DATA 	Keypress: lctrl
1378.2330 	EXP 	Sound  started
1378.9020 	DATA 	Keypress: lctrl
1378.9831 	EXP 	Sound  started
1379.7331 	EXP 	Sound  started
1379.7500 	DATA 	Keypress: lctrl
1380.4831 	EXP 	Sound  started
1380.4859 	DATA 	Keypress: rctrl
1381.2221 	DATA 	Keypress: lctrl
1381.2331 	EXP 	Sound  started
1381.9831 	EXP 	Sound  started
1381.9900 	DATA 	Keypress: lctrl
1382.7331 	EXP 	Sound  started
1382.7420 	DATA 	Keypress: lctrl
1383.4831 	EXP 	Sound  started
1383.5260 	DATA 	Keypress: lctrl
1384.2332 	EXP 	Sound  started
1384.2460 	DATA 	Keypress: rctrl
1384.9660 	DATA 	Keypress: lctrl
1384.9832 	EXP 	Sound  started
1385.6859 	DATA 	Keypress: rctrl
1385.7332 	EXP 	Sound  started
1386.4540 	DATA 	Keypress: rctrl
1386.4832 	EXP 	Sound  started
1387.1900 	DATA 	Keypress: lctrl
1387.2332 	EXP 	Sound  started
1387.8939 	DATA 	Keypress: rctrl
1387.9832 	EXP 	Sound  started
1388.6619 	DATA 	Keypress: lctrl
1388.7332 	EXP 	Sound  started
1389.3979 	DATA 	Keypress: lctrl
1389.4833 	EXP 	Sound  started
1390.2140 	DATA 	Keypress: lctrl
1390.2333 	EXP 	Sound  started
1390.9833 	EXP 	Sound  started
1391.0141 	DATA 	Keypress: lctrl
1391.7333 	EXP 	Sound  started
1391.7500 	DATA 	Keypress: rctrl
1392.4701 	DATA 	Keypress: lctrl
1392.4833 	EXP 	Sound  started
1393.2333 	EXP 	Sound  started
1393.2539 	DATA 	Keypress: rctrl
1393.9740 	DATA 	Keypress: rctrl
1393.9833 	EXP 	Sound  started
1394.7100 	DATA 	Keypress: rctrl
1394.7333 	EXP 	Sound  started
1395.4621 	DATA 	Keypress: lctrl
1395.4834 	EXP 	Sound  started
1396.1980 	DATA 	Keypress: lctrl
1396.2334 	EXP 	Sound  started
1396.9660 	DATA 	Keypress: rctrl
1396.9834 	EXP 	Sound  started
1397.7334 	EXP 	Sound  started
1397.7501 	DATA 	Keypress: rctrl
1398.4699 	DATA 	Keypress: lctrl
1398.4834 	EXP 	Sound  started
1399.2334 	EXP 	Sound  started
1399.2380 	DATA 	Keypress: lctrl
1399.9835 	EXP 	Sound  started
1399.9900 	DATA 	Keypress: lctrl
1400.7259 	DATA 	Keypress: lctrl
1400.7335 	EXP 	Sound  started
1401.4835 	EXP 	Sound  started
1401.5420 	DATA 	Keypress: rctrl
1402.2335 	EXP 	Sound  started
1402.2620 	DATA 	Keypress: lctrl
1403.0326 	DATA 	Keypress: lctrl
1405.1337 	DATA 	Keypress: 3
1405.1502 	EXP 	unnamed ShapeStim: vertices = <class 'numpy.ndarray'>
1409.3706 	DATA 	Keypress: 3
1409.3870 	EXP 	unnamed ShapeStim: vertices = <class 'numpy.ndarray'>
1418.8283 	DATA 	Keypress: 2
1418.8448 	EXP 	unnamed ShapeStim: vertices = <class 'numpy.ndarray'>
1423.1473 	DATA 	Keypress: rctrl
1439.1102 	DATA 	Keypress: return
1439.1901 	EXP 	window1: mouseVisible = True
