69.4306 	WARNING 	User requested fullscreen with size [1024  768], but screen is actually [1920, 1200]. Using actual size
70.2428 	EXP 	Created window1 = Window(allowGUI=False, allowStencil=False, autoLog=True, backendConf=UNKNOWN, bitsMode=UNKNOWN, blendMode='avg', bpc=(8, 8, 8), color=array([0, 0, 0]), colorSpace='rgb', depthBits=8, fullscr=<method-wrapper '__getattribute__' of attributeSetter object at 0x00000244C0F76780>, gamma=None, gammaErrorPolicy='raise', lms=UNKNOWN, monitor=<psychopy.monitors.calibTools.Monitor object at 0x00000244C2685080>, multiSample=False, name='window1', numSamples=2, pos=[0.0, 0.0], screen=0, size=array([1920, 1200]), stencilBits=0, stereo=False, units='norm', useFBO=True, useRetina=False, viewOri=0.0, viewPos=None, viewScale=None, waitBlanking=True, winType='pyglet')
70.2431 	EXP 	window1: mouseVisible = True
70.2432 	EXP 	window1: mouseVisible = False
70.2432 	EXP 	window1: recordFrameIntervals = False
70.4093 	EXP 	window1: recordFrameIntervals = True
70.5929 	EXP 	window1: recordFrameIntervals = False
70.6464 	EXP 	Created text = TextStim(__class__=<class 'psychopy.visual.text.TextStim'>, alignHoriz=method-wrapper(...), alignText='center', alignVert=method-wrapper(...), anchorHoriz='center', anchorVert='center', antialias=True, autoLog=True, bold=False, color=array([1., 1., 1.]), colorSpace='rgb', contrast=1.0, depth=0.0, flipHoriz=False, flipVert=False, font='Arial', fontFiles=[], height=0.15, italic=False, languageStyle='LTR', name='text', opacity=1, ori=0, pos=array([0., 0.]), rgb=UNKNOWN, text='+', units='norm', win=Window(...), wrapWidth=1)
70.6666 	EXP 	Created text = TextStim(__class__=<class 'psychopy.visual.text.TextStim'>, alignHoriz=method-wrapper(...), alignText='center', alignVert=method-wrapper(...), anchorHoriz='center', anchorVert='center', antialias=True, autoLog=True, bold=False, color=array([1., 1., 1.]), colorSpace='rgb', contrast=1.0, depth=0.0, flipHoriz=False, flipVert=False, font='Arial', fontFiles=[], height=0.07, italic=False, languageStyle='LTR', name='text', opacity=1, ori=0, pos=array([0., 0.]), rgb=UNKNOWN, text=str(...), units='norm', win=Window(...), wrapWidth=1.65)
70.6783 	EXP 	Created text = TextStim(__class__=<class 'psychopy.visual.text.TextStim'>, alignHoriz=method-wrapper(...), alignText='center', alignVert=method-wrapper(...), anchorHoriz='center', anchorVert='center', antialias=True, autoLog=True, bold=False, color=array([1., 1., 1.]), colorSpace='rgb', contrast=1.0, depth=0.0, flipHoriz=False, flipVert=False, font='Arial', fontFiles=[], height=0.07, italic=False, languageStyle='LTR', name='text', opacity=1, ori=0, pos=array([0., 0.]), rgb=UNKNOWN, text=str(...), units='norm', win=Window(...), wrapWidth=1.65)
70.6879 	EXP 	Created text = TextStim(__class__=<class 'psychopy.visual.text.TextStim'>, alignHoriz=method-wrapper(...), alignText='center', alignVert=method-wrapper(...), anchorHoriz='center', anchorVert='center', antialias=True, autoLog=True, bold=False, color=array([1., 1., 1.]), colorSpace='rgb', contrast=1.0, depth=0.0, flipHoriz=False, flipVert=False, font='Arial', fontFiles=[], height=0.07, italic=False, languageStyle='LTR', name='text', opacity=1, ori=0, pos=array([0., 0.]), rgb=UNKNOWN, text=str(...), units='norm', win=Window(...), wrapWidth=1.65)
70.6977 	EXP 	Created text = TextStim(__class__=<class 'psychopy.visual.text.TextStim'>, alignHoriz=method-wrapper(...), alignText='center', alignVert=method-wrapper(...), anchorHoriz='center', anchorVert='center', antialias=True, autoLog=True, bold=False, color=array([1., 1., 1.]), colorSpace='rgb', contrast=1.0, depth=0.0, flipHoriz=False, flipVert=False, font='Arial', fontFiles=[], height=0.07, italic=False, languageStyle='LTR', name='text', opacity=1, ori=0, pos=array([0., 0.]), rgb=UNKNOWN, text=str(...), units='norm', win=Window(...), wrapWidth=1.65)
70.7032 	EXP 	Created text = TextStim(__class__=<class 'psychopy.visual.text.TextStim'>, alignHoriz=method-wrapper(...), alignText='center', alignVert=method-wrapper(...), anchorHoriz='center', anchorVert='center', antialias=True, autoLog=True, bold=False, color=array([1., 1., 1.]), colorSpace='rgb', contrast=1.0, depth=0.0, flipHoriz=False, flipVert=False, font='Arial', fontFiles=[], height=0.07, italic=False, languageStyle='LTR', name='text', opacity=1, ori=0, pos=array([0., 0.]), rgb=UNKNOWN, text=str(...), units='norm', win=Window(...), wrapWidth=1.65)
70.7184 	EXP 	Created text = TextStim(__class__=<class 'psychopy.visual.text.TextStim'>, alignHoriz=method-wrapper(...), alignText='center', alignVert=method-wrapper(...), anchorHoriz='center', anchorVert='center', antialias=True, autoLog=True, bold=False, color=array([1., 1., 1.]), colorSpace='rgb', contrast=1.0, depth=0.0, flipHoriz=False, flipVert=False, font='Arial', fontFiles=[], height=0.15, italic=False, languageStyle='LTR', name='text', opacity=1, ori=0, pos=array([0., 0.]), rgb=UNKNOWN, text=str(...), units='norm', win=Window(...), wrapWidth=1.65)
70.7465 	EXP 	Created text = TextStim(__class__=<class 'psychopy.visual.text.TextStim'>, alignHoriz=method-wrapper(...), alignText='center', alignVert=method-wrapper(...), anchorHoriz='center', anchorVert='center', antialias=True, autoLog=True, bold=False, color=array([1., 1., 1.]), colorSpace='rgb', contrast=1.0, depth=0.0, flipHoriz=False, flipVert=False, font='Arial', fontFiles=[], height=0.07, italic=False, languageStyle='LTR', name='text', opacity=1, ori=0, pos=array([0., 0.]), rgb=UNKNOWN, text=str(...), units='norm', win=Window(...), wrapWidth=1.65)
70.7646 	EXP 	Created text = TextStim(__class__=<class 'psychopy.visual.text.TextStim'>, alignHoriz=method-wrapper(...), alignText='center', alignVert=method-wrapper(...), anchorHoriz='center', anchorVert='center', antialias=True, autoLog=True, bold=False, color=array([1., 1., 1.]), colorSpace='rgb', contrast=1.0, depth=0.0, flipHoriz=False, flipVert=False, font='Arial', fontFiles=[], height=0.07, italic=False, languageStyle='LTR', name='text', opacity=1, ori=0, pos=array([0., 0.]), rgb=UNKNOWN, text=str(...), units='norm', win=Window(...), wrapWidth=1.65)
70.7954 	EXP 	Created text = TextStim(__class__=<class 'psychopy.visual.text.TextStim'>, alignHoriz=method-wrapper(...), alignText='center', alignVert=method-wrapper(...), anchorHoriz='center', anchorVert='center', antialias=True, autoLog=True, bold=False, color=array([1., 1., 1.]), colorSpace='rgb', contrast=1.0, depth=0.0, flipHoriz=False, flipVert=False, font='Arial', fontFiles=[], height=0.07, italic=False, languageStyle='LTR', name='text', opacity=1, ori=0, pos=array([0., 0.]), rgb=UNKNOWN, text=str(...), units='norm', win=Window(...), wrapWidth=1.65)
70.8229 	EXP 	Created text = TextStim(__class__=<class 'psychopy.visual.text.TextStim'>, alignHoriz=method-wrapper(...), alignText='center', alignVert=method-wrapper(...), anchorHoriz='center', anchorVert='center', antialias=True, autoLog=True, bold=False, color=array([1., 1., 1.]), colorSpace='rgb', contrast=1.0, depth=0.0, flipHoriz=False, flipVert=False, font='Arial', fontFiles=[], height=0.07, italic=False, languageStyle='LTR', name='text', opacity=1, ori=0, pos=array([0., 0.]), rgb=UNKNOWN, text=str(...), units='norm', win=Window(...), wrapWidth=1.65)
70.8550 	EXP 	Created text = TextStim(__class__=<class 'psychopy.visual.text.TextStim'>, alignHoriz=method-wrapper(...), alignText='center', alignVert=method-wrapper(...), anchorHoriz='center', anchorVert='center', antialias=True, autoLog=True, bold=False, color=array([1., 1., 1.]), colorSpace='rgb', contrast=1.0, depth=0.0, flipHoriz=False, flipVert=False, font='Arial', fontFiles=[], height=0.07, italic=False, languageStyle='LTR', name='text', opacity=1, ori=0, pos=array([0., 0.]), rgb=UNKNOWN, text=str(...), units='norm', win=Window(...), wrapWidth=1.65)
70.8640 	EXP 	Created text = TextStim(__class__=<class 'psychopy.visual.text.TextStim'>, alignHoriz=method-wrapper(...), alignText='center', alignVert=method-wrapper(...), anchorHoriz='center', anchorVert='center', antialias=True, autoLog=True, bold=False, color=array([1., 1., 1.]), colorSpace='rgb', contrast=1.0, depth=0.0, flipHoriz=False, flipVert=False, font='Arial', fontFiles=[], height=0.07, italic=False, languageStyle='LTR', name='text', opacity=1, ori=0, pos=array([0., 0.]), rgb=UNKNOWN, text=str(...), units='norm', win=Window(...), wrapWidth=1.65)
70.8764 	EXP 	Created text = TextStim(__class__=<class 'psychopy.visual.text.TextStim'>, alignHoriz=method-wrapper(...), alignText='center', alignVert=method-wrapper(...), anchorHoriz='center', anchorVert='center', antialias=True, autoLog=True, bold=False, color=array([1., 1., 1.]), colorSpace='rgb', contrast=1.0, depth=0.0, flipHoriz=False, flipVert=False, font='Arial', fontFiles=[], height=0.07, italic=False, languageStyle='LTR', name='text', opacity=1, ori=0, pos=array([0., 0.]), rgb=UNKNOWN, text=str(...), units='norm', win=Window(...), wrapWidth=1.65)
70.8808 	EXP 	Created instru = TextStim(__class__=<class 'psychopy.visual.text.TextStim'>, alignHoriz=method-wrapper(...), alignText='center', alignVert=method-wrapper(...), anchorHoriz='center', anchorVert='center', antialias=True, autoLog=True, bold=False, color=array([1., 1., 1.]), colorSpace='rgb', contrast=1.0, depth=0.0, flipHoriz=False, flipVert=False, font='Arial', fontFiles=[], height=0.07, italic=False, languageStyle='LTR', name='instru', opacity=1, ori=0, pos=array([0. , 0.5]), rgb=UNKNOWN, text=str(...), units='norm', win=Window(...), wrapWidth=1)
70.8834 	EXP 	Created unnamed Line = Line(__class__=<class 'psychopy.visual.line.Line'>, autoDraw=False, autoLog=True, closeShape=False, color=array([1., 1., 1.]), colorSpace='rgb', contrast=None, depth=0, fillColor=array([0, 0, 0]), fillColorSpace='rgb', fillRGB=array([0, 0, 0]), interpolate=True, lineColor=array([1., 1., 1.]), lineColorSpace='rgb', lineRGB=array([1, 1, 1]), lineWidth=5, name='unnamed Line', opacity=0.5, ori=0.0, pos=array([0., 0.]), size=array([1., 1.]), units='norm', vertices=array([[-0.5,  0. ],
       [ 0.5,  0. ]]), win=Window(...), windingRule=None)
70.8854 	EXP 	Created unnamed Line = Line(__class__=<class 'psychopy.visual.line.Line'>, autoDraw=False, autoLog=True, closeShape=False, color=array([1., 1., 1.]), colorSpace='rgb', contrast=None, depth=0, fillColor=array([0, 0, 0]), fillColorSpace='rgb', fillRGB=array([0, 0, 0]), interpolate=True, lineColor=array([1., 1., 1.]), lineColorSpace='rgb', lineRGB=array([1, 1, 1]), lineWidth=3, name='unnamed Line', opacity=0.5, ori=0.0, pos=array([0., 0.]), size=array([1., 1.]), units='norm', vertices=array([[-0.5 , -0.05],
       [-0.5 ,  0.05]]), win=Window(...), windingRule=None)
70.8873 	EXP 	Created unnamed Line = Line(__class__=<class 'psychopy.visual.line.Line'>, autoDraw=False, autoLog=True, closeShape=False, color=array([1., 1., 1.]), colorSpace='rgb', contrast=None, depth=0, fillColor=array([0, 0, 0]), fillColorSpace='rgb', fillRGB=array([0, 0, 0]), interpolate=True, lineColor=array([1., 1., 1.]), lineColorSpace='rgb', lineRGB=array([1, 1, 1]), lineWidth=3, name='unnamed Line', opacity=0.5, ori=0.0, pos=array([0., 0.]), size=array([1., 1.]), units='norm', vertices=ndarray(...), win=Window(...), windingRule=None)
70.8893 	EXP 	Created unnamed Line = Line(__class__=<class 'psychopy.visual.line.Line'>, autoDraw=False, autoLog=True, closeShape=False, color=array([1., 1., 1.]), colorSpace='rgb', contrast=None, depth=0, fillColor=array([0, 0, 0]), fillColorSpace='rgb', fillRGB=array([0, 0, 0]), interpolate=True, lineColor=array([1., 1., 1.]), lineColorSpace='rgb', lineRGB=array([1, 1, 1]), lineWidth=3, name='unnamed Line', opacity=0.5, ori=0.0, pos=array([0., 0.]), size=array([1., 1.]), units='norm', vertices=ndarray(...), win=Window(...), windingRule=None)
70.8913 	EXP 	Created unnamed Line = Line(__class__=<class 'psychopy.visual.line.Line'>, autoDraw=False, autoLog=True, closeShape=False, color=array([1., 1., 1.]), colorSpace='rgb', contrast=None, depth=0, fillColor=array([0, 0, 0]), fillColorSpace='rgb', fillRGB=array([0, 0, 0]), interpolate=True, lineColor=array([1., 1., 1.]), lineColorSpace='rgb', lineRGB=array([1, 1, 1]), lineWidth=3, name='unnamed Line', opacity=0.5, ori=0.0, pos=array([0., 0.]), size=array([1., 1.]), units='norm', vertices=array([[ 0.5 , -0.05],
       [ 0.5 ,  0.05]]), win=Window(...), windingRule=None)
70.9031 	EXP 	Created unnamed TextStim = TextStim(__class__=<class 'psychopy.visual.text.TextStim'>, alignHoriz=method-wrapper(...), alignText='center', alignVert=method-wrapper(...), anchorHoriz='center', anchorVert='center', antialias=True, autoLog=True, bold=False, color=array([1., 1., 1.]), colorSpace='rgb', contrast=1.0, depth=0, flipHoriz=False, flipVert=False, font='', fontFiles=[], height=0.05, italic=False, languageStyle='LTR', name='unnamed TextStim', opacity=1.0, ori=0.0, pos=array([-0.5, -0.1]), rgb=UNKNOWN, text='Clearly \n NOT FOCUSED', units='norm', win=Window(...), wrapWidth=1)
70.9041 	EXP 	Created unnamed TextStim = TextStim(__class__=<class 'psychopy.visual.text.TextStim'>, alignHoriz=method-wrapper(...), alignText='center', alignVert=method-wrapper(...), anchorHoriz='center', anchorVert='center', antialias=True, autoLog=True, bold=False, color=array([1., 1., 1.]), colorSpace='rgb', contrast=1.0, depth=0, flipHoriz=False, flipVert=False, font='', fontFiles=[], height=0.05, italic=False, languageStyle='LTR', name='unnamed TextStim', opacity=1.0, ori=0.0, pos=array([-0.16666667, -0.1       ]), rgb=UNKNOWN, text='', units='norm', win=Window(...), wrapWidth=1)
70.9051 	EXP 	Created unnamed TextStim = TextStim(__class__=<class 'psychopy.visual.text.TextStim'>, alignHoriz=method-wrapper(...), alignText='center', alignVert=method-wrapper(...), anchorHoriz='center', anchorVert='center', antialias=True, autoLog=True, bold=False, color=array([1., 1., 1.]), colorSpace='rgb', contrast=1.0, depth=0, flipHoriz=False, flipVert=False, font='', fontFiles=[], height=0.05, italic=False, languageStyle='LTR', name='unnamed TextStim', opacity=1.0, ori=0.0, pos=array([ 0.16666667, -0.1       ]), rgb=UNKNOWN, text='', units='norm', win=Window(...), wrapWidth=1)
70.9083 	EXP 	Created unnamed TextStim = TextStim(__class__=<class 'psychopy.visual.text.TextStim'>, alignHoriz=method-wrapper(...), alignText='center', alignVert=method-wrapper(...), anchorHoriz='center', anchorVert='center', antialias=True, autoLog=True, bold=False, color=array([1., 1., 1.]), colorSpace='rgb', contrast=1.0, depth=0, flipHoriz=False, flipVert=False, font='', fontFiles=[], height=0.05, italic=False, languageStyle='LTR', name='unnamed TextStim', opacity=1.0, ori=0.0, pos=array([ 0.5, -0.1]), rgb=UNKNOWN, text='Clearly \n FOCUSED', units='norm', win=Window(...), wrapWidth=1)
70.9100 	EXP 	Created unnamed ShapeStim = ShapeStim(__class__=<class 'psychopy.visual.shape.ShapeStim'>, autoDraw=False, autoLog=True, closeShape=True, color=method-wrapper(...), colorSpace='rgb', contrast=None, depth=0, fillColor=array([1, 1, 1]), fillColorSpace='rgb', fillRGB=array([1, 1, 1]), interpolate=True, lineColor=array([-1., -1., -1.]), lineColorSpace='rgb', lineRGB=array([-1, -1, -1]), lineWidth=1.5, name='unnamed ShapeStim', opacity=1.0, ori=0.0, pos=array([0., 0.]), size=array([1., 1.]), units='norm', vertices=ndarray(...), win=Window(...), windingRule=None)
70.9186 	EXP 	Created instru = TextStim(__class__=<class 'psychopy.visual.text.TextStim'>, alignHoriz=method-wrapper(...), alignText='center', alignVert=method-wrapper(...), anchorHoriz='center', anchorVert='center', antialias=True, autoLog=True, bold=False, color=array([1., 1., 1.]), colorSpace='rgb', contrast=1.0, depth=0.0, flipHoriz=False, flipVert=False, font='Arial', fontFiles=[], height=0.07, italic=False, languageStyle='LTR', name='instru', opacity=1, ori=0, pos=array([0. , 0.5]), rgb=UNKNOWN, text=str(...), units='norm', win=Window(...), wrapWidth=1)
70.9206 	EXP 	Created unnamed Line = Line(__class__=<class 'psychopy.visual.line.Line'>, autoDraw=False, autoLog=True, closeShape=False, color=array([1., 1., 1.]), colorSpace='rgb', contrast=None, depth=0, fillColor=array([0, 0, 0]), fillColorSpace='rgb', fillRGB=array([0, 0, 0]), interpolate=True, lineColor=array([1., 1., 1.]), lineColorSpace='rgb', lineRGB=array([1, 1, 1]), lineWidth=5, name='unnamed Line', opacity=0.5, ori=0.0, pos=array([0., 0.]), size=array([1., 1.]), units='norm', vertices=array([[-0.5,  0. ],
       [ 0.5,  0. ]]), win=Window(...), windingRule=None)
70.9226 	EXP 	Created unnamed Line = Line(__class__=<class 'psychopy.visual.line.Line'>, autoDraw=False, autoLog=True, closeShape=False, color=array([1., 1., 1.]), colorSpace='rgb', contrast=None, depth=0, fillColor=array([0, 0, 0]), fillColorSpace='rgb', fillRGB=array([0, 0, 0]), interpolate=True, lineColor=array([1., 1., 1.]), lineColorSpace='rgb', lineRGB=array([1, 1, 1]), lineWidth=3, name='unnamed Line', opacity=0.5, ori=0.0, pos=array([0., 0.]), size=array([1., 1.]), units='norm', vertices=array([[-0.5 , -0.05],
       [-0.5 ,  0.05]]), win=Window(...), windingRule=None)
70.9246 	EXP 	Created unnamed Line = Line(__class__=<class 'psychopy.visual.line.Line'>, autoDraw=False, autoLog=True, closeShape=False, color=array([1., 1., 1.]), colorSpace='rgb', contrast=None, depth=0, fillColor=array([0, 0, 0]), fillColorSpace='rgb', fillRGB=array([0, 0, 0]), interpolate=True, lineColor=array([1., 1., 1.]), lineColorSpace='rgb', lineRGB=array([1, 1, 1]), lineWidth=3, name='unnamed Line', opacity=0.5, ori=0.0, pos=array([0., 0.]), size=array([1., 1.]), units='norm', vertices=ndarray(...), win=Window(...), windingRule=None)
70.9266 	EXP 	Created unnamed Line = Line(__class__=<class 'psychopy.visual.line.Line'>, autoDraw=False, autoLog=True, closeShape=False, color=array([1., 1., 1.]), colorSpace='rgb', contrast=None, depth=0, fillColor=array([0, 0, 0]), fillColorSpace='rgb', fillRGB=array([0, 0, 0]), interpolate=True, lineColor=array([1., 1., 1.]), lineColorSpace='rgb', lineRGB=array([1, 1, 1]), lineWidth=3, name='unnamed Line', opacity=0.5, ori=0.0, pos=array([0., 0.]), size=array([1., 1.]), units='norm', vertices=ndarray(...), win=Window(...), windingRule=None)
70.9286 	EXP 	Created unnamed Line = Line(__class__=<class 'psychopy.visual.line.Line'>, autoDraw=False, autoLog=True, closeShape=False, color=array([1., 1., 1.]), colorSpace='rgb', contrast=None, depth=0, fillColor=array([0, 0, 0]), fillColorSpace='rgb', fillRGB=array([0, 0, 0]), interpolate=True, lineColor=array([1., 1., 1.]), lineColorSpace='rgb', lineRGB=array([1, 1, 1]), lineWidth=3, name='unnamed Line', opacity=0.5, ori=0.0, pos=array([0., 0.]), size=array([1., 1.]), units='norm', vertices=array([[ 0.5 , -0.05],
       [ 0.5 ,  0.05]]), win=Window(...), windingRule=None)
70.9336 	EXP 	Created unnamed TextStim = TextStim(__class__=<class 'psychopy.visual.text.TextStim'>, alignHoriz=method-wrapper(...), alignText='center', alignVert=method-wrapper(...), anchorHoriz='center', anchorVert='center', antialias=True, autoLog=True, bold=False, color=array([1., 1., 1.]), colorSpace='rgb', contrast=1.0, depth=0, flipHoriz=False, flipVert=False, font='', fontFiles=[], height=0.05, italic=False, languageStyle='LTR', name='unnamed TextStim', opacity=1.0, ori=0.0, pos=array([-0.5, -0.1]), rgb=UNKNOWN, text='Clearly \n NOTHING', units='norm', win=Window(...), wrapWidth=1)
70.9346 	EXP 	Created unnamed TextStim = TextStim(__class__=<class 'psychopy.visual.text.TextStim'>, alignHoriz=method-wrapper(...), alignText='center', alignVert=method-wrapper(...), anchorHoriz='center', anchorVert='center', antialias=True, autoLog=True, bold=False, color=array([1., 1., 1.]), colorSpace='rgb', contrast=1.0, depth=0, flipHoriz=False, flipVert=False, font='', fontFiles=[], height=0.05, italic=False, languageStyle='LTR', name='unnamed TextStim', opacity=1.0, ori=0.0, pos=array([-0.16666667, -0.1       ]), rgb=UNKNOWN, text='', units='norm', win=Window(...), wrapWidth=1)
70.9357 	EXP 	Created unnamed TextStim = TextStim(__class__=<class 'psychopy.visual.text.TextStim'>, alignHoriz=method-wrapper(...), alignText='center', alignVert=method-wrapper(...), anchorHoriz='center', anchorVert='center', antialias=True, autoLog=True, bold=False, color=array([1., 1., 1.]), colorSpace='rgb', contrast=1.0, depth=0, flipHoriz=False, flipVert=False, font='', fontFiles=[], height=0.05, italic=False, languageStyle='LTR', name='unnamed TextStim', opacity=1.0, ori=0.0, pos=array([ 0.16666667, -0.1       ]), rgb=UNKNOWN, text='', units='norm', win=Window(...), wrapWidth=1)
70.9397 	EXP 	Created unnamed TextStim = TextStim(__class__=<class 'psychopy.visual.text.TextStim'>, alignHoriz=method-wrapper(...), alignText='center', alignVert=method-wrapper(...), anchorHoriz='center', anchorVert='center', antialias=True, autoLog=True, bold=False, color=array([1., 1., 1.]), colorSpace='rgb', contrast=1.0, depth=0, flipHoriz=False, flipVert=False, font='', fontFiles=[], height=0.05, italic=False, languageStyle='LTR', name='unnamed TextStim', opacity=1.0, ori=0.0, pos=array([ 0.5, -0.1]), rgb=UNKNOWN, text='Clearly \n SOMETHING', units='norm', win=Window(...), wrapWidth=1)
70.9415 	EXP 	Created unnamed ShapeStim = ShapeStim(__class__=<class 'psychopy.visual.shape.ShapeStim'>, autoDraw=False, autoLog=True, closeShape=True, color=method-wrapper(...), colorSpace='rgb', contrast=None, depth=0, fillColor=array([1, 1, 1]), fillColorSpace='rgb', fillRGB=array([1, 1, 1]), interpolate=True, lineColor=array([-1., -1., -1.]), lineColorSpace='rgb', lineRGB=array([-1, -1, -1]), lineWidth=1.5, name='unnamed ShapeStim', opacity=1.0, ori=0.0, pos=array([0., 0.]), size=array([1., 1.]), units='norm', vertices=ndarray(...), win=Window(...), windingRule=None)
70.9483 	EXP 	Created instru = TextStim(__class__=<class 'psychopy.visual.text.TextStim'>, alignHoriz=method-wrapper(...), alignText='center', alignVert=method-wrapper(...), anchorHoriz='center', anchorVert='center', antialias=True, autoLog=True, bold=False, color=array([1., 1., 1.]), colorSpace='rgb', contrast=1.0, depth=0.0, flipHoriz=False, flipVert=False, font='Arial', fontFiles=[], height=0.07, italic=False, languageStyle='LTR', name='instru', opacity=1, ori=0, pos=array([0. , 0.5]), rgb=UNKNOWN, text=str(...), units='norm', win=Window(...), wrapWidth=1)
70.9503 	EXP 	Created unnamed Line = Line(__class__=<class 'psychopy.visual.line.Line'>, autoDraw=False, autoLog=True, closeShape=False, color=array([1., 1., 1.]), colorSpace='rgb', contrast=None, depth=0, fillColor=array([0, 0, 0]), fillColorSpace='rgb', fillRGB=array([0, 0, 0]), interpolate=True, lineColor=array([1., 1., 1.]), lineColorSpace='rgb', lineRGB=array([1, 1, 1]), lineWidth=5, name='unnamed Line', opacity=0.5, ori=0.0, pos=array([0., 0.]), size=array([1., 1.]), units='norm', vertices=array([[-0.5,  0. ],
       [ 0.5,  0. ]]), win=Window(...), windingRule=None)
70.9523 	EXP 	Created unnamed Line = Line(__class__=<class 'psychopy.visual.line.Line'>, autoDraw=False, autoLog=True, closeShape=False, color=array([1., 1., 1.]), colorSpace='rgb', contrast=None, depth=0, fillColor=array([0, 0, 0]), fillColorSpace='rgb', fillRGB=array([0, 0, 0]), interpolate=True, lineColor=array([1., 1., 1.]), lineColorSpace='rgb', lineRGB=array([1, 1, 1]), lineWidth=3, name='unnamed Line', opacity=0.5, ori=0.0, pos=array([0., 0.]), size=array([1., 1.]), units='norm', vertices=array([[-0.5 , -0.05],
       [-0.5 ,  0.05]]), win=Window(...), windingRule=None)
70.9542 	EXP 	Created unnamed Line = Line(__class__=<class 'psychopy.visual.line.Line'>, autoDraw=False, autoLog=True, closeShape=False, color=array([1., 1., 1.]), colorSpace='rgb', contrast=None, depth=0, fillColor=array([0, 0, 0]), fillColorSpace='rgb', fillRGB=array([0, 0, 0]), interpolate=True, lineColor=array([1., 1., 1.]), lineColorSpace='rgb', lineRGB=array([1, 1, 1]), lineWidth=3, name='unnamed Line', opacity=0.5, ori=0.0, pos=array([0., 0.]), size=array([1., 1.]), units='norm', vertices=ndarray(...), win=Window(...), windingRule=None)
70.9562 	EXP 	Created unnamed Line = Line(__class__=<class 'psychopy.visual.line.Line'>, autoDraw=False, autoLog=True, closeShape=False, color=array([1., 1., 1.]), colorSpace='rgb', contrast=None, depth=0, fillColor=array([0, 0, 0]), fillColorSpace='rgb', fillRGB=array([0, 0, 0]), interpolate=True, lineColor=array([1., 1., 1.]), lineColorSpace='rgb', lineRGB=array([1, 1, 1]), lineWidth=3, name='unnamed Line', opacity=0.5, ori=0.0, pos=array([0., 0.]), size=array([1., 1.]), units='norm', vertices=ndarray(...), win=Window(...), windingRule=None)
70.9582 	EXP 	Created unnamed Line = Line(__class__=<class 'psychopy.visual.line.Line'>, autoDraw=False, autoLog=True, closeShape=False, color=array([1., 1., 1.]), colorSpace='rgb', contrast=None, depth=0, fillColor=array([0, 0, 0]), fillColorSpace='rgb', fillRGB=array([0, 0, 0]), interpolate=True, lineColor=array([1., 1., 1.]), lineColorSpace='rgb', lineRGB=array([1, 1, 1]), lineWidth=3, name='unnamed Line', opacity=0.5, ori=0.0, pos=array([0., 0.]), size=array([1., 1.]), units='norm', vertices=array([[ 0.5 , -0.05],
       [ 0.5 ,  0.05]]), win=Window(...), windingRule=None)
70.9634 	EXP 	Created unnamed TextStim = TextStim(__class__=<class 'psychopy.visual.text.TextStim'>, alignHoriz=method-wrapper(...), alignText='center', alignVert=method-wrapper(...), anchorHoriz='center', anchorVert='center', antialias=True, autoLog=True, bold=False, color=array([1., 1., 1.]), colorSpace='rgb', contrast=1.0, depth=0, flipHoriz=False, flipVert=False, font='', fontFiles=[], height=0.05, italic=False, languageStyle='LTR', name='unnamed TextStim', opacity=1.0, ori=0.0, pos=array([-0.5, -0.1]), rgb=UNKNOWN, text='Clearly \n SPONTANEOUS', units='norm', win=Window(...), wrapWidth=1)
70.9646 	EXP 	Created unnamed TextStim = TextStim(__class__=<class 'psychopy.visual.text.TextStim'>, alignHoriz=method-wrapper(...), alignText='center', alignVert=method-wrapper(...), anchorHoriz='center', anchorVert='center', antialias=True, autoLog=True, bold=False, color=array([1., 1., 1.]), colorSpace='rgb', contrast=1.0, depth=0, flipHoriz=False, flipVert=False, font='', fontFiles=[], height=0.05, italic=False, languageStyle='LTR', name='unnamed TextStim', opacity=1.0, ori=0.0, pos=array([-0.16666667, -0.1       ]), rgb=UNKNOWN, text='', units='norm', win=Window(...), wrapWidth=1)
70.9656 	EXP 	Created unnamed TextStim = TextStim(__class__=<class 'psychopy.visual.text.TextStim'>, alignHoriz=method-wrapper(...), alignText='center', alignVert=method-wrapper(...), anchorHoriz='center', anchorVert='center', antialias=True, autoLog=True, bold=False, color=array([1., 1., 1.]), colorSpace='rgb', contrast=1.0, depth=0, flipHoriz=False, flipVert=False, font='', fontFiles=[], height=0.05, italic=False, languageStyle='LTR', name='unnamed TextStim', opacity=1.0, ori=0.0, pos=array([ 0.16666667, -0.1       ]), rgb=UNKNOWN, text='', units='norm', win=Window(...), wrapWidth=1)
70.9710 	EXP 	Created unnamed TextStim = TextStim(__class__=<class 'psychopy.visual.text.TextStim'>, alignHoriz=method-wrapper(...), alignText='center', alignVert=method-wrapper(...), anchorHoriz='center', anchorVert='center', antialias=True, autoLog=True, bold=False, color=array([1., 1., 1.]), colorSpace='rgb', contrast=1.0, depth=0, flipHoriz=False, flipVert=False, font='', fontFiles=[], height=0.05, italic=False, languageStyle='LTR', name='unnamed TextStim', opacity=1.0, ori=0.0, pos=array([ 0.5, -0.1]), rgb=UNKNOWN, text='Clearly \n DELIBERATE', units='norm', win=Window(...), wrapWidth=1)
70.9730 	EXP 	Created unnamed ShapeStim = ShapeStim(__class__=<class 'psychopy.visual.shape.ShapeStim'>, autoDraw=False, autoLog=True, closeShape=True, color=method-wrapper(...), colorSpace='rgb', contrast=None, depth=0, fillColor=array([1, 1, 1]), fillColorSpace='rgb', fillRGB=array([1, 1, 1]), interpolate=True, lineColor=array([-1., -1., -1.]), lineColorSpace='rgb', lineRGB=array([-1, -1, -1]), lineWidth=1.5, name='unnamed ShapeStim', opacity=1.0, ori=0.0, pos=array([0., 0.]), size=array([1., 1.]), units='norm', vertices=ndarray(...), win=Window(...), windingRule=None)
71.0211 	EXP 	Sound  set volume 1.000
71.0562 	EXP 	unnamed ShapeStim: vertices = <class 'numpy.ndarray'>
71.0562 	EXP 	unnamed ShapeStim: vertices = <class 'numpy.ndarray'>
71.0562 	EXP 	unnamed ShapeStim: vertices = <class 'numpy.ndarray'>
76.6003 	DATA 	Keypress: lctrl
77.4003 	DATA 	Keypress: lctrl
77.9283 	DATA 	Keypress: lctrl
77.9488 	EXP 	unnamed TextStim: text = ''
77.9488 	EXP 	unnamed TextStim: text = ''
78.4327 	DATA 	Keypress: lctrl
79.7537 	DATA 	Keypress: 1
79.7832 	EXP 	unnamed ShapeStim: vertices = <class 'numpy.ndarray'>
84.8884 	DATA 	Keypress: 4
84.9045 	EXP 	unnamed TextStim: text = ''
84.9045 	EXP 	unnamed TextStim: text = ''
85.9389 	DATA 	Keypress: 4
85.9553 	EXP 	unnamed ShapeStim: vertices = <class 'numpy.ndarray'>
88.4724 	DATA 	Keypress: 3
88.4908 	EXP 	unnamed TextStim: text = ''
88.4908 	EXP 	unnamed TextStim: text = ''
88.9746 	DATA 	Keypress: 3
88.9912 	EXP 	unnamed ShapeStim: vertices = <class 'numpy.ndarray'>
90.5118 	DATA 	Keypress: 3
91.9764 	DATA 	Keypress: rctrl
94.1204 	DATA 	Keypress: rctrl
99.4323 	DATA 	Keypress: rctrl
99.9509 	EXP 	Sound  started
100.7007 	EXP 	Sound  started
100.8083 	DATA 	Keypress: lctrl
101.4483 	DATA 	Keypress: rctrl
101.4507 	EXP 	Sound  started
102.1043 	DATA 	Keypress: lctrl
102.2007 	EXP 	Sound  started
102.9043 	DATA 	Keypress: lctrl
102.9508 	EXP 	Sound  started
103.6403 	DATA 	Keypress: rctrl
103.7008 	EXP 	Sound  started
104.4243 	DATA 	Keypress: rctrl
104.4508 	EXP 	Sound  started
105.2008 	EXP 	Sound  started
105.2083 	DATA 	Keypress: lctrl
105.9508 	EXP 	Sound  started
105.9602 	DATA 	Keypress: lctrl
106.6962 	DATA 	Keypress: lctrl
106.7008 	EXP 	Sound  started
107.4163 	DATA 	Keypress: lctrl
107.4508 	EXP 	Sound  started
108.1203 	DATA 	Keypress: lctrl
108.2008 	EXP 	Sound  started
108.8883 	DATA 	Keypress: lctrl
108.9509 	EXP 	Sound  started
109.7009 	EXP 	Sound  started
109.7043 	DATA 	Keypress: rctrl
110.4243 	DATA 	Keypress: lctrl
110.4509 	EXP 	Sound  started
111.2009 	EXP 	Sound  started
111.2242 	DATA 	Keypress: rctrl
111.8962 	DATA 	Keypress: lctrl
111.9509 	EXP 	Sound  started
112.6802 	DATA 	Keypress: rctrl
112.7009 	EXP 	Sound  started
113.4162 	DATA 	Keypress: rctrl
113.4509 	EXP 	Sound  started
114.0722 	DATA 	Keypress: lctrl
114.2009 	EXP 	Sound  started
114.7282 	DATA 	Keypress: rctrl
114.9510 	EXP 	Sound  started
115.5282 	DATA 	Keypress: lctrl
115.7010 	EXP 	Sound  started
116.2962 	DATA 	Keypress: lctrl
116.4510 	EXP 	Sound  started
116.9362 	DATA 	Keypress: rctrl
117.2010 	EXP 	Sound  started
117.7362 	DATA 	Keypress: lctrl
117.9510 	EXP 	Sound  started
118.4882 	DATA 	Keypress: lctrl
118.7010 	EXP 	Sound  started
119.2403 	DATA 	Keypress: lctrl
119.4510 	EXP 	Sound  started
119.9763 	DATA 	Keypress: rctrl
120.2011 	EXP 	Sound  started
120.8082 	DATA 	Keypress: lctrl
120.9511 	EXP 	Sound  started
121.5763 	DATA 	Keypress: lctrl
121.7011 	EXP 	Sound  started
122.3283 	DATA 	Keypress: lctrl
122.4511 	EXP 	Sound  started
123.0002 	DATA 	Keypress: lctrl
123.2011 	EXP 	Sound  started
123.7203 	DATA 	Keypress: lctrl
123.9511 	EXP 	Sound  started
124.5042 	DATA 	Keypress: rctrl
124.7011 	EXP 	Sound  started
125.3203 	DATA 	Keypress: rctrl
125.4512 	EXP 	Sound  started
126.0883 	DATA 	Keypress: rctrl
126.2012 	EXP 	Sound  started
126.8723 	DATA 	Keypress: lctrl
126.9512 	EXP 	Sound  started
127.6403 	DATA 	Keypress: rctrl
127.7012 	EXP 	Sound  started
128.4402 	DATA 	Keypress: rctrl
128.4512 	EXP 	Sound  started
129.1602 	DATA 	Keypress: rctrl
129.2012 	EXP 	Sound  started
129.9443 	DATA 	Keypress: rctrl
129.9512 	EXP 	Sound  started
130.6482 	DATA 	Keypress: lctrl
130.7013 	EXP 	Sound  started
131.4002 	DATA 	Keypress: rctrl
131.4513 	EXP 	Sound  started
132.1202 	DATA 	Keypress: rctrl
132.2013 	EXP 	Sound  started
132.9042 	DATA 	Keypress: lctrl
132.9513 	EXP 	Sound  started
133.6243 	DATA 	Keypress: rctrl
133.7013 	EXP 	Sound  started
134.4242 	DATA 	Keypress: rctrl
134.4513 	EXP 	Sound  started
135.1442 	DATA 	Keypress: rctrl
135.2013 	EXP 	Sound  started
135.8802 	DATA 	Keypress: lctrl
135.9514 	EXP 	Sound  started
136.5523 	DATA 	Keypress: rctrl
136.7014 	EXP 	Sound  started
137.4514 	EXP 	Sound  started
138.1043 	DATA 	Keypress: lctrl
138.2014 	EXP 	Sound  started
138.7763 	DATA 	Keypress: rctrl
143.2354 	DATA 	Keypress: 4
143.2518 	EXP 	unnamed ShapeStim: vertices = <class 'numpy.ndarray'>
161.4502 	DATA 	Keypress: 1
161.4667 	EXP 	unnamed ShapeStim: vertices = <class 'numpy.ndarray'>
169.3401 	DATA 	Keypress: 4
169.3567 	EXP 	unnamed ShapeStim: vertices = <class 'numpy.ndarray'>
171.6408 	EXP 	Sound  started
172.3763 	DATA 	Keypress: rctrl
172.3906 	EXP 	Sound  started
173.1282 	DATA 	Keypress: lctrl
173.1406 	EXP 	Sound  started
173.8907 	EXP 	Sound  started
173.9123 	DATA 	Keypress: rctrl
174.6407 	EXP 	Sound  started
174.6482 	DATA 	Keypress: lctrl
175.3907 	EXP 	Sound  started
175.4003 	DATA 	Keypress: lctrl
176.1407 	EXP 	Sound  started
176.2002 	DATA 	Keypress: rctrl
176.8907 	EXP 	Sound  started
176.9202 	DATA 	Keypress: lctrl
177.6242 	DATA 	Keypress: lctrl
177.6407 	EXP 	Sound  started
178.2803 	DATA 	Keypress: lctrl
178.3907 	EXP 	Sound  started
179.0162 	DATA 	Keypress: rctrl
179.1407 	EXP 	Sound  started
179.8802 	DATA 	Keypress: lctrl
179.8907 	EXP 	Sound  started
180.6408 	EXP 	Sound  started
180.6642 	DATA 	Keypress: rctrl
181.3908 	EXP 	Sound  started
182.1202 	DATA 	Keypress: lctrl
182.1408 	EXP 	Sound  started
182.8563 	DATA 	Keypress: rctrl
182.8908 	EXP 	Sound  started
183.6403 	DATA 	Keypress: lctrl
183.6408 	EXP 	Sound  started
184.3443 	DATA 	Keypress: lctrl
184.3908 	EXP 	Sound  started
185.0321 	DATA 	Keypress: lctrl
185.1408 	EXP 	Sound  started
185.7522 	DATA 	Keypress: rctrl
185.8909 	EXP 	Sound  started
186.5844 	DATA 	Keypress: rctrl
186.6409 	EXP 	Sound  started
187.3362 	DATA 	Keypress: rctrl
187.3909 	EXP 	Sound  started
188.1043 	DATA 	Keypress: lctrl
188.1409 	EXP 	Sound  started
188.8909 	EXP 	Sound  started
188.9042 	DATA 	Keypress: rctrl
189.6402 	DATA 	Keypress: rctrl
189.6409 	EXP 	Sound  started
190.3121 	DATA 	Keypress: rctrl
190.3909 	EXP 	Sound  started
191.0163 	DATA 	Keypress: rctrl
191.1410 	EXP 	Sound  started
191.7042 	DATA 	Keypress: lctrl
191.8910 	EXP 	Sound  started
192.5362 	DATA 	Keypress: rctrl
192.6410 	EXP 	Sound  started
193.3682 	DATA 	Keypress: rctrl
193.3910 	EXP 	Sound  started
194.0562 	DATA 	Keypress: rctrl
194.1410 	EXP 	Sound  started
194.7602 	DATA 	Keypress: rctrl
194.8910 	EXP 	Sound  started
195.5441 	DATA 	Keypress: rctrl
195.6410 	EXP 	Sound  started
196.2162 	DATA 	Keypress: rctrl
196.3910 	EXP 	Sound  started
196.9683 	DATA 	Keypress: rctrl
197.1411 	EXP 	Sound  started
197.7522 	DATA 	Keypress: rctrl
197.8911 	EXP 	Sound  started
198.4882 	DATA 	Keypress: rctrl
198.6411 	EXP 	Sound  started
199.2242 	DATA 	Keypress: lctrl
199.3911 	EXP 	Sound  started
200.0242 	DATA 	Keypress: rctrl
200.1411 	EXP 	Sound  started
200.7922 	DATA 	Keypress: lctrl
200.8911 	EXP 	Sound  started
201.6083 	DATA 	Keypress: rctrl
201.6411 	EXP 	Sound  started
202.3911 	EXP 	Sound  started
202.3922 	DATA 	Keypress: lctrl
203.0482 	DATA 	Keypress: rctrl
203.1412 	EXP 	Sound  started
203.8323 	DATA 	Keypress: rctrl
203.8912 	EXP 	Sound  started
204.5842 	DATA 	Keypress: lctrl
204.6412 	EXP 	Sound  started
205.3912 	EXP 	Sound  started
205.4001 	DATA 	Keypress: lctrl
206.1412 	EXP 	Sound  started
206.1682 	DATA 	Keypress: rctrl
206.8562 	DATA 	Keypress: lctrl
206.8912 	EXP 	Sound  started
207.6243 	DATA 	Keypress: rctrl
207.6412 	EXP 	Sound  started
208.2801 	DATA 	Keypress: lctrl
208.3912 	EXP 	Sound  started
209.0801 	DATA 	Keypress: rctrl
209.1413 	EXP 	Sound  started
209.8322 	DATA 	Keypress: lctrl
209.8913 	EXP 	Sound  started
210.5522 	DATA 	Keypress: lctrl
210.6413 	EXP 	Sound  started
211.3362 	DATA 	Keypress: lctrl
218.9844 	DATA 	Keypress: 4
219.0139 	EXP 	unnamed ShapeStim: vertices = <class 'numpy.ndarray'>
227.6917 	DATA 	Keypress: 1
227.7210 	EXP 	unnamed ShapeStim: vertices = <class 'numpy.ndarray'>
234.6806 	DATA 	Keypress: 4
234.7101 	EXP 	unnamed ShapeStim: vertices = <class 'numpy.ndarray'>
236.9949 	EXP 	Sound  started
237.7203 	DATA 	Keypress: rctrl
237.7448 	EXP 	Sound  started
238.4562 	DATA 	Keypress: lctrl
238.4948 	EXP 	Sound  started
239.2083 	DATA 	Keypress: rctrl
239.2448 	EXP 	Sound  started
239.9948 	EXP 	Sound  started
240.0401 	DATA 	Keypress: lctrl
240.6962 	DATA 	Keypress: rctrl
240.7448 	EXP 	Sound  started
241.4162 	DATA 	Keypress: lctrl
241.4948 	EXP 	Sound  started
242.2321 	DATA 	Keypress: lctrl
242.2449 	EXP 	Sound  started
242.8882 	DATA 	Keypress: rctrl
242.9949 	EXP 	Sound  started
243.6082 	DATA 	Keypress: rctrl
243.7449 	EXP 	Sound  started
244.3283 	DATA 	Keypress: lctrl
244.4949 	EXP 	Sound  started
245.1282 	DATA 	Keypress: lctrl
245.2449 	EXP 	Sound  started
245.8803 	DATA 	Keypress: lctrl
245.9949 	EXP 	Sound  started
246.5523 	DATA 	Keypress: rctrl
246.7450 	EXP 	Sound  started
247.2722 	DATA 	Keypress: lctrl
247.4950 	EXP 	Sound  started
248.0402 	DATA 	Keypress: lctrl
248.2450 	EXP 	Sound  started
248.8882 	DATA 	Keypress: lctrl
248.9950 	EXP 	Sound  started
249.6401 	DATA 	Keypress: lctrl
249.7450 	EXP 	Sound  started
250.3762 	DATA 	Keypress: rctrl
250.4950 	EXP 	Sound  started
251.1442 	DATA 	Keypress: lctrl
251.2450 	EXP 	Sound  started
251.9922 	DATA 	Keypress: rctrl
251.9950 	EXP 	Sound  started
252.5682 	DATA 	Keypress: lctrl
252.7451 	EXP 	Sound  started
253.3201 	DATA 	Keypress: lctrl
253.4951 	EXP 	Sound  started
254.0562 	DATA 	Keypress: lctrl
254.2451 	EXP 	Sound  started
254.9951 	EXP 	Sound  started
255.0162 	DATA 	Keypress: rctrl
255.6402 	DATA 	Keypress: lctrl
255.7451 	EXP 	Sound  started
256.4081 	DATA 	Keypress: lctrl
256.4951 	EXP 	Sound  started
257.1921 	DATA 	Keypress: lctrl
257.2451 	EXP 	Sound  started
257.9951 	EXP 	Sound  started
258.6803 	DATA 	Keypress: rctrl
258.7452 	EXP 	Sound  started
259.3362 	DATA 	Keypress: lctrl
259.4952 	EXP 	Sound  started
260.1201 	DATA 	Keypress: rctrl
260.2452 	EXP 	Sound  started
260.9362 	DATA 	Keypress: lctrl
260.9952 	EXP 	Sound  started
261.6402 	DATA 	Keypress: rctrl
261.7452 	EXP 	Sound  started
262.3923 	DATA 	Keypress: rctrl
262.4953 	EXP 	Sound  started
263.1121 	DATA 	Keypress: rctrl
263.2453 	EXP 	Sound  started
263.8642 	DATA 	Keypress: lctrl
263.9953 	EXP 	Sound  started
264.6642 	DATA 	Keypress: rctrl
264.7453 	EXP 	Sound  started
265.3682 	DATA 	Keypress: lctrl
265.4953 	EXP 	Sound  started
266.1521 	DATA 	Keypress: lctrl
266.2453 	EXP 	Sound  started
266.9953 	EXP 	Sound  started
267.0321 	DATA 	Keypress: lctrl
267.6882 	DATA 	Keypress: lctrl
267.7453 	EXP 	Sound  started
268.3441 	DATA 	Keypress: rctrl
268.4953 	EXP 	Sound  started
269.0961 	DATA 	Keypress: lctrl
269.2454 	EXP 	Sound  started
269.8641 	DATA 	Keypress: lctrl
269.9954 	EXP 	Sound  started
270.6961 	DATA 	Keypress: lctrl
270.7454 	EXP 	Sound  started
271.3681 	DATA 	Keypress: rctrl
271.4954 	EXP 	Sound  started
272.1521 	DATA 	Keypress: rctrl
272.2454 	EXP 	Sound  started
272.8562 	DATA 	Keypress: lctrl
272.9954 	EXP 	Sound  started
273.6241 	DATA 	Keypress: lctrl
273.7454 	EXP 	Sound  started
274.3281 	DATA 	Keypress: rctrl
274.4955 	EXP 	Sound  started
275.1283 	DATA 	Keypress: lctrl
275.2455 	EXP 	Sound  started
275.8641 	DATA 	Keypress: lctrl
275.9955 	EXP 	Sound  started
276.6322 	DATA 	Keypress: lctrl
276.7455 	EXP 	Sound  started
277.4002 	DATA 	Keypress: lctrl
277.4955 	EXP 	Sound  started
278.1202 	DATA 	Keypress: lctrl
278.2455 	EXP 	Sound  started
278.8562 	DATA 	Keypress: lctrl
278.9955 	EXP 	Sound  started
279.7456 	EXP 	Sound  started
279.7681 	DATA 	Keypress: lctrl
280.3922 	DATA 	Keypress: lctrl
280.4956 	EXP 	Sound  started
281.0642 	DATA 	Keypress: lctrl
281.2456 	EXP 	Sound  started
281.9761 	DATA 	Keypress: rctrl
281.9956 	EXP 	Sound  started
282.6482 	DATA 	Keypress: lctrl
282.7456 	EXP 	Sound  started
283.4956 	EXP 	Sound  started
284.2456 	EXP 	Sound  started
284.9361 	DATA 	Keypress: rctrl
284.9956 	EXP 	Sound  started
285.6722 	DATA 	Keypress: rctrl
285.7457 	EXP 	Sound  started
286.4082 	DATA 	Keypress: rctrl
286.4957 	EXP 	Sound  started
287.2457 	EXP 	Sound  started
287.9602 	DATA 	Keypress: rctrl
287.9957 	EXP 	Sound  started
288.7457 	EXP 	Sound  started
288.7601 	DATA 	Keypress: lctrl
289.4957 	EXP 	Sound  started
289.5122 	DATA 	Keypress: rctrl
290.1522 	DATA 	Keypress: lctrl
290.2458 	EXP 	Sound  started
290.9521 	DATA 	Keypress: rctrl
290.9958 	EXP 	Sound  started
291.8075 	DATA 	Keypress: rctrl
295.0597 	DATA 	Keypress: 4
295.0762 	EXP 	unnamed ShapeStim: vertices = <class 'numpy.ndarray'>
313.4247 	DATA 	Keypress: 1
313.4412 	EXP 	unnamed ShapeStim: vertices = <class 'numpy.ndarray'>
322.3154 	DATA 	Keypress: 4
322.3319 	EXP 	unnamed ShapeStim: vertices = <class 'numpy.ndarray'>
324.6160 	EXP 	Sound  started
325.2082 	DATA 	Keypress: rctrl
325.3658 	EXP 	Sound  started
325.9601 	DATA 	Keypress: lctrl
326.1158 	EXP 	Sound  started
326.7761 	DATA 	Keypress: rctrl
326.8658 	EXP 	Sound  started
327.5763 	DATA 	Keypress: rctrl
327.6159 	EXP 	Sound  started
328.3281 	DATA 	Keypress: rctrl
328.3659 	EXP 	Sound  started
329.0641 	DATA 	Keypress: lctrl
329.1159 	EXP 	Sound  started
329.8162 	DATA 	Keypress: lctrl
329.8659 	EXP 	Sound  started
330.5682 	DATA 	Keypress: lctrl
330.6159 	EXP 	Sound  started
331.2882 	DATA 	Keypress: lctrl
331.3659 	EXP 	Sound  started
331.9442 	DATA 	Keypress: rctrl
332.1159 	EXP 	Sound  started
332.6641 	DATA 	Keypress: lctrl
332.8660 	EXP 	Sound  started
333.4001 	DATA 	Keypress: rctrl
333.6160 	EXP 	Sound  started
334.2001 	DATA 	Keypress: rctrl
334.3660 	EXP 	Sound  started
334.8721 	DATA 	Keypress: rctrl
335.1160 	EXP 	Sound  started
335.7201 	DATA 	Keypress: lctrl
335.8660 	EXP 	Sound  started
336.5521 	DATA 	Keypress: lctrl
336.6160 	EXP 	Sound  started
337.1121 	DATA 	Keypress: rctrl
337.3661 	EXP 	Sound  started
337.8481 	DATA 	Keypress: lctrl
338.1161 	EXP 	Sound  started
338.5681 	DATA 	Keypress: rctrl
338.8661 	EXP 	Sound  started
339.3201 	DATA 	Keypress: lctrl
339.6161 	EXP 	Sound  started
340.0881 	DATA 	Keypress: rctrl
340.3661 	EXP 	Sound  started
340.8082 	DATA 	Keypress: lctrl
341.1161 	EXP 	Sound  started
341.4802 	DATA 	Keypress: rctrl
341.8661 	EXP 	Sound  started
342.2642 	DATA 	Keypress: lctrl
342.6162 	EXP 	Sound  started
343.0481 	DATA 	Keypress: lctrl
343.3662 	EXP 	Sound  started
343.7202 	DATA 	Keypress: rctrl
344.1162 	EXP 	Sound  started
344.5202 	DATA 	Keypress: rctrl
344.8662 	EXP 	Sound  started
345.3042 	DATA 	Keypress: lctrl
345.6162 	EXP 	Sound  started
346.0081 	DATA 	Keypress: rctrl
346.3662 	EXP 	Sound  started
346.8401 	DATA 	Keypress: rctrl
347.1162 	EXP 	Sound  started
347.4321 	DATA 	Keypress: lctrl
347.8662 	EXP 	Sound  started
348.4081 	DATA 	Keypress: rctrl
348.6163 	EXP 	Sound  started
349.2082 	DATA 	Keypress: lctrl
349.3663 	EXP 	Sound  started
349.9601 	DATA 	Keypress: lctrl
350.1163 	EXP 	Sound  started
350.6002 	DATA 	Keypress: rctrl
350.8663 	EXP 	Sound  started
351.3521 	DATA 	Keypress: lctrl
351.6163 	EXP 	Sound  started
352.2961 	DATA 	Keypress: lctrl
352.3663 	EXP 	Sound  started
353.0481 	DATA 	Keypress: lctrl
353.1163 	EXP 	Sound  started
353.6880 	DATA 	Keypress: lctrl
353.8663 	EXP 	Sound  started
354.4881 	DATA 	Keypress: rctrl
354.6164 	EXP 	Sound  started
355.2561 	DATA 	Keypress: lctrl
355.3664 	EXP 	Sound  started
355.9921 	DATA 	Keypress: rctrl
356.1164 	EXP 	Sound  started
356.8241 	DATA 	Keypress: lctrl
356.8664 	EXP 	Sound  started
357.5441 	DATA 	Keypress: lctrl
357.6164 	EXP 	Sound  started
358.3664 	EXP 	Sound  started
358.3762 	DATA 	Keypress: lctrl
359.0322 	DATA 	Keypress: rctrl
359.1164 	EXP 	Sound  started
359.8161 	DATA 	Keypress: rctrl
359.8665 	EXP 	Sound  started
360.6161 	DATA 	Keypress: lctrl
360.6165 	EXP 	Sound  started
361.3665 	EXP 	Sound  started
362.1042 	DATA 	Keypress: lctrl
362.1165 	EXP 	Sound  started
362.8241 	DATA 	Keypress: lctrl
362.8665 	EXP 	Sound  started
363.6165 	EXP 	Sound  started
364.1681 	DATA 	Keypress: lctrl
364.3666 	EXP 	Sound  started
365.0641 	DATA 	Keypress: lctrl
365.1166 	EXP 	Sound  started
365.7681 	DATA 	Keypress: rctrl
365.8666 	EXP 	Sound  started
366.5200 	DATA 	Keypress: rctrl
366.6166 	EXP 	Sound  started
367.2561 	DATA 	Keypress: rctrl
367.3666 	EXP 	Sound  started
367.9761 	DATA 	Keypress: rctrl
368.1166 	EXP 	Sound  started
368.6641 	DATA 	Keypress: lctrl
368.8666 	EXP 	Sound  started
369.4961 	DATA 	Keypress: rctrl
369.6167 	EXP 	Sound  started
370.2481 	DATA 	Keypress: rctrl
370.3667 	EXP 	Sound  started
371.0483 	DATA 	Keypress: rctrl
371.1167 	EXP 	Sound  started
371.7200 	DATA 	Keypress: lctrl
371.8667 	EXP 	Sound  started
372.4881 	DATA 	Keypress: rctrl
380.1126 	DATA 	Keypress: 4
380.1292 	EXP 	unnamed ShapeStim: vertices = <class 'numpy.ndarray'>
386.9220 	DATA 	Keypress: 1
386.9514 	EXP 	unnamed ShapeStim: vertices = <class 'numpy.ndarray'>
395.6420 	DATA 	Keypress: 4
395.6586 	EXP 	unnamed ShapeStim: vertices = <class 'numpy.ndarray'>
397.9435 	EXP 	Sound  started
398.2162 	DATA 	Keypress: lctrl
398.6481 	DATA 	Keypress: rctrl
398.6934 	EXP 	Sound  started
399.3520 	DATA 	Keypress: lctrl
399.4434 	EXP 	Sound  started
400.1934 	EXP 	Sound  started
400.2800 	DATA 	Keypress: rctrl
400.9041 	DATA 	Keypress: lctrl
400.9434 	EXP 	Sound  started
401.5921 	DATA 	Keypress: rctrl
401.6934 	EXP 	Sound  started
402.4082 	DATA 	Keypress: rctrl
402.4435 	EXP 	Sound  started
403.1281 	DATA 	Keypress: rctrl
403.1935 	EXP 	Sound  started
403.8481 	DATA 	Keypress: lctrl
403.9435 	EXP 	Sound  started
404.6935 	EXP 	Sound  started
405.4001 	DATA 	Keypress: lctrl
405.4435 	EXP 	Sound  started
406.1361 	DATA 	Keypress: rctrl
406.1935 	EXP 	Sound  started
406.8400 	DATA 	Keypress: lctrl
406.9435 	EXP 	Sound  started
407.6241 	DATA 	Keypress: rctrl
407.6935 	EXP 	Sound  started
408.4401 	DATA 	Keypress: lctrl
408.4436 	EXP 	Sound  started
409.1936 	EXP 	Sound  started
409.2241 	DATA 	Keypress: rctrl
409.9281 	DATA 	Keypress: lctrl
409.9436 	EXP 	Sound  started
410.6801 	DATA 	Keypress: lctrl
410.6936 	EXP 	Sound  started
411.3841 	DATA 	Keypress: rctrl
411.4436 	EXP 	Sound  started
412.1841 	DATA 	Keypress: lctrl
412.1936 	EXP 	Sound  started
412.9436 	EXP 	Sound  started
413.0321 	DATA 	Keypress: lctrl
413.6241 	DATA 	Keypress: lctrl
413.6937 	EXP 	Sound  started
414.2481 	DATA 	Keypress: rctrl
414.4437 	EXP 	Sound  started
414.9201 	DATA 	Keypress: lctrl
415.1937 	EXP 	Sound  started
415.6400 	DATA 	Keypress: rctrl
415.9437 	EXP 	Sound  started
416.3600 	DATA 	Keypress: lctrl
416.6937 	EXP 	Sound  started
417.0640 	DATA 	Keypress: rctrl
417.4437 	EXP 	Sound  started
417.8481 	DATA 	Keypress: rctrl
418.1938 	EXP 	Sound  started
418.6001 	DATA 	Keypress: lctrl
418.9438 	EXP 	Sound  started
419.4001 	DATA 	Keypress: lctrl
419.6938 	EXP 	Sound  started
420.0880 	DATA 	Keypress: lctrl
420.4438 	EXP 	Sound  started
420.8400 	DATA 	Keypress: lctrl
421.1938 	EXP 	Sound  started
421.5760 	DATA 	Keypress: rctrl
421.9438 	EXP 	Sound  started
422.3120 	DATA 	Keypress: rctrl
422.6938 	EXP 	Sound  started
423.0161 	DATA 	Keypress: lctrl
423.4439 	EXP 	Sound  started
423.7200 	DATA 	Keypress: rctrl
424.1939 	EXP 	Sound  started
424.4721 	DATA 	Keypress: lctrl
424.9439 	EXP 	Sound  started
425.1600 	DATA 	Keypress: rctrl
425.6939 	EXP 	Sound  started
425.9281 	DATA 	Keypress: lctrl
426.4439 	EXP 	Sound  started
426.7281 	DATA 	Keypress: lctrl
427.1939 	EXP 	Sound  started
427.4322 	DATA 	Keypress: lctrl
427.9439 	EXP 	Sound  started
428.5521 	DATA 	Keypress: lctrl
428.6940 	EXP 	Sound  started
429.2881 	DATA 	Keypress: lctrl
429.4440 	EXP 	Sound  started
430.0561 	DATA 	Keypress: lctrl
430.1940 	EXP 	Sound  started
430.8400 	DATA 	Keypress: lctrl
430.9440 	EXP 	Sound  started
431.5760 	DATA 	Keypress: lctrl
431.6940 	EXP 	Sound  started
432.2642 	DATA 	Keypress: lctrl
432.4440 	EXP 	Sound  started
433.0480 	DATA 	Keypress: rctrl
433.1940 	EXP 	Sound  started
433.8801 	DATA 	Keypress: lctrl
433.9441 	EXP 	Sound  started
434.5681 	DATA 	Keypress: rctrl
434.6941 	EXP 	Sound  started
435.2881 	DATA 	Keypress: lctrl
435.4441 	EXP 	Sound  started
435.9760 	DATA 	Keypress: lctrl
436.1941 	EXP 	Sound  started
436.7921 	DATA 	Keypress: lctrl
436.9441 	EXP 	Sound  started
437.2401 	DATA 	Keypress: rctrl
437.6941 	EXP 	Sound  started
438.3281 	DATA 	Keypress: lctrl
438.4441 	EXP 	Sound  started
439.1440 	DATA 	Keypress: rctrl
439.1942 	EXP 	Sound  started
439.9280 	DATA 	Keypress: lctrl
439.9442 	EXP 	Sound  started
440.6160 	DATA 	Keypress: lctrl
440.6942 	EXP 	Sound  started
441.4161 	DATA 	Keypress: rctrl
441.4442 	EXP 	Sound  started
442.1680 	DATA 	Keypress: rctrl
442.1942 	EXP 	Sound  started
442.9442 	EXP 	Sound  started
442.9841 	DATA 	Keypress: rctrl
443.6081 	DATA 	Keypress: rctrl
443.6942 	EXP 	Sound  started
444.3761 	DATA 	Keypress: rctrl
444.4443 	EXP 	Sound  started
445.1600 	DATA 	Keypress: rctrl
445.1943 	EXP 	Sound  started
445.8801 	DATA 	Keypress: rctrl
445.9443 	EXP 	Sound  started
446.6320 	DATA 	Keypress: rctrl
446.6943 	EXP 	Sound  started
447.3680 	DATA 	Keypress: rctrl
447.4443 	EXP 	Sound  started
448.1041 	DATA 	Keypress: rctrl
448.1943 	EXP 	Sound  started
448.9041 	DATA 	Keypress: rctrl
448.9444 	EXP 	Sound  started
449.6401 	DATA 	Keypress: lctrl
449.6944 	EXP 	Sound  started
450.4081 	DATA 	Keypress: rctrl
450.4444 	EXP 	Sound  started
451.1760 	DATA 	Keypress: lctrl
451.1944 	EXP 	Sound  started
451.9444 	EXP 	Sound  started
452.6160 	DATA 	Keypress: lctrl
457.4260 	DATA 	Keypress: 4
457.4425 	EXP 	unnamed ShapeStim: vertices = <class 'numpy.ndarray'>
474.3566 	DATA 	Keypress: 1
474.3731 	EXP 	unnamed ShapeStim: vertices = <class 'numpy.ndarray'>
482.8636 	DATA 	Keypress: 4
482.8800 	EXP 	unnamed ShapeStim: vertices = <class 'numpy.ndarray'>
485.1653 	EXP 	Sound  started
485.3841 	DATA 	Keypress: rctrl
485.9151 	EXP 	Sound  started
485.9441 	DATA 	Keypress: lctrl
486.6160 	DATA 	Keypress: lctrl
486.6651 	EXP 	Sound  started
487.4151 	EXP 	Sound  started
487.4320 	DATA 	Keypress: rctrl
488.1652 	EXP 	Sound  started
488.8560 	DATA 	Keypress: lctrl
488.9152 	EXP 	Sound  started
489.6652 	EXP 	Sound  started
489.6880 	DATA 	Keypress: rctrl
490.3920 	DATA 	Keypress: lctrl
490.4152 	EXP 	Sound  started
491.0960 	DATA 	Keypress: rctrl
491.1652 	EXP 	Sound  started
491.8160 	DATA 	Keypress: rctrl
491.9152 	EXP 	Sound  started
492.6320 	DATA 	Keypress: lctrl
492.6653 	EXP 	Sound  started
493.4153 	EXP 	Sound  started
493.6400 	DATA 	Keypress: lctrl
494.0561 	DATA 	Keypress: lctrl
494.1653 	EXP 	Sound  started
494.7600 	DATA 	Keypress: lctrl
494.9153 	EXP 	Sound  started
495.5440 	DATA 	Keypress: rctrl
495.6653 	EXP 	Sound  started
496.2321 	DATA 	Keypress: lctrl
496.4153 	EXP 	Sound  started
497.0320 	DATA 	Keypress: rctrl
497.1653 	EXP 	Sound  started
497.8961 	DATA 	Keypress: rctrl
497.9153 	EXP 	Sound  started
498.6000 	DATA 	Keypress: lctrl
498.6654 	EXP 	Sound  started
499.4001 	DATA 	Keypress: lctrl
499.4154 	EXP 	Sound  started
500.1200 	DATA 	Keypress: lctrl
500.1654 	EXP 	Sound  started
500.9154 	EXP 	Sound  started
500.9520 	DATA 	Keypress: lctrl
501.6654 	EXP 	Sound  started
501.6720 	DATA 	Keypress: rctrl
502.3921 	DATA 	Keypress: lctrl
502.4154 	EXP 	Sound  started
503.0960 	DATA 	Keypress: rctrl
503.1654 	EXP 	Sound  started
503.8161 	DATA 	Keypress: rctrl
503.9154 	EXP 	Sound  started
504.6639 	DATA 	Keypress: lctrl
504.6655 	EXP 	Sound  started
505.4001 	DATA 	Keypress: lctrl
505.4155 	EXP 	Sound  started
506.0401 	DATA 	Keypress: rctrl
506.1655 	EXP 	Sound  started
506.8720 	DATA 	Keypress: lctrl
506.9155 	EXP 	Sound  started
507.6655 	EXP 	Sound  started
507.7361 	DATA 	Keypress: rctrl
508.4155 	EXP 	Sound  started
508.4400 	DATA 	Keypress: lctrl
509.1280 	DATA 	Keypress: lctrl
509.1655 	EXP 	Sound  started
509.8640 	DATA 	Keypress: lctrl
509.9156 	EXP 	Sound  started
510.6000 	DATA 	Keypress: lctrl
510.6656 	EXP 	Sound  started
511.3840 	DATA 	Keypress: rctrl
511.4156 	EXP 	Sound  started
512.0880 	DATA 	Keypress: rctrl
512.1656 	EXP 	Sound  started
512.8879 	DATA 	Keypress: lctrl
512.9156 	EXP 	Sound  started
513.6080 	DATA 	Keypress: rctrl
513.6656 	EXP 	Sound  started
514.4156 	EXP 	Sound  started
514.4560 	DATA 	Keypress: lctrl
515.1657 	EXP 	Sound  started
515.1761 	DATA 	Keypress: lctrl
515.8481 	DATA 	Keypress: lctrl
515.9157 	EXP 	Sound  started
516.6320 	DATA 	Keypress: rctrl
516.6657 	EXP 	Sound  started
517.2400 	DATA 	Keypress: rctrl
517.4157 	EXP 	Sound  started
518.1040 	DATA 	Keypress: rctrl
518.1657 	EXP 	Sound  started
518.8400 	DATA 	Keypress: rctrl
518.9157 	EXP 	Sound  started
519.5920 	DATA 	Keypress: rctrl
519.6658 	EXP 	Sound  started
520.3441 	DATA 	Keypress: lctrl
520.4158 	EXP 	Sound  started
521.1120 	DATA 	Keypress: rctrl
521.1658 	EXP 	Sound  started
521.8800 	DATA 	Keypress: lctrl
521.9158 	EXP 	Sound  started
522.5839 	DATA 	Keypress: rctrl
522.6658 	EXP 	Sound  started
523.3359 	DATA 	Keypress: lctrl
523.4158 	EXP 	Sound  started
524.1039 	DATA 	Keypress: rctrl
524.1658 	EXP 	Sound  started
524.9158 	EXP 	Sound  started
525.0160 	DATA 	Keypress: lctrl
525.6400 	DATA 	Keypress: rctrl
525.6659 	EXP 	Sound  started
526.4159 	EXP 	Sound  started
526.5201 	DATA 	Keypress: lctrl
527.1659 	EXP 	Sound  started
527.8640 	DATA 	Keypress: lctrl
527.9159 	EXP 	Sound  started
528.6000 	DATA 	Keypress: lctrl
528.6659 	EXP 	Sound  started
529.4159 	EXP 	Sound  started
529.4320 	DATA 	Keypress: lctrl
530.1040 	DATA 	Keypress: lctrl
530.1659 	EXP 	Sound  started
530.9160 	EXP 	Sound  started
530.9200 	DATA 	Keypress: lctrl
531.6239 	DATA 	Keypress: lctrl
531.6660 	EXP 	Sound  started
532.4080 	DATA 	Keypress: rctrl
532.4160 	EXP 	Sound  started
533.1440 	DATA 	Keypress: rctrl
533.1660 	EXP 	Sound  started
533.8320 	DATA 	Keypress: lctrl
533.9160 	EXP 	Sound  started
534.6162 	DATA 	Keypress: rctrl
534.6660 	EXP 	Sound  started
535.3680 	DATA 	Keypress: lctrl
535.4161 	EXP 	Sound  started
536.1661 	EXP 	Sound  started
536.1840 	DATA 	Keypress: rctrl
536.8240 	DATA 	Keypress: rctrl
536.9161 	EXP 	Sound  started
537.6081 	DATA 	Keypress: rctrl
537.6661 	EXP 	Sound  started
538.3281 	DATA 	Keypress: rctrl
538.4161 	EXP 	Sound  started
539.1440 	DATA 	Keypress: lctrl
539.1661 	EXP 	Sound  started
539.9119 	DATA 	Keypress: rctrl
539.9161 	EXP 	Sound  started
540.6480 	DATA 	Keypress: lctrl
540.6662 	EXP 	Sound  started
541.4001 	DATA 	Keypress: rctrl
541.4162 	EXP 	Sound  started
542.1359 	DATA 	Keypress: rctrl
542.1662 	EXP 	Sound  started
542.8080 	DATA 	Keypress: rctrl
542.9162 	EXP 	Sound  started
543.5440 	DATA 	Keypress: rctrl
543.6662 	EXP 	Sound  started
544.2800 	DATA 	Keypress: rctrl
544.4162 	EXP 	Sound  started
545.0319 	DATA 	Keypress: rctrl
545.1662 	EXP 	Sound  started
545.6880 	DATA 	Keypress: rctrl
545.9162 	EXP 	Sound  started
546.3919 	DATA 	Keypress: rctrl
546.6662 	EXP 	Sound  started
547.1600 	DATA 	Keypress: rctrl
547.4163 	EXP 	Sound  started
547.9280 	DATA 	Keypress: rctrl
548.1663 	EXP 	Sound  started
548.6161 	DATA 	Keypress: rctrl
548.9163 	EXP 	Sound  started
549.2400 	DATA 	Keypress: rctrl
549.6663 	EXP 	Sound  started
550.0240 	DATA 	Keypress: rctrl
550.4163 	EXP 	Sound  started
550.7760 	DATA 	Keypress: lctrl
551.1663 	EXP 	Sound  started
551.9163 	EXP 	Sound  started
552.5680 	DATA 	Keypress: lctrl
555.5565 	DATA 	Keypress: 4
555.5729 	EXP 	unnamed ShapeStim: vertices = <class 'numpy.ndarray'>
559.7098 	DATA 	Keypress: 1
559.7263 	EXP 	unnamed ShapeStim: vertices = <class 'numpy.ndarray'>
563.3462 	DATA 	Keypress: 4
563.3627 	EXP 	unnamed ShapeStim: vertices = <class 'numpy.ndarray'>
565.6478 	EXP 	Sound  started
566.3281 	DATA 	Keypress: rctrl
566.3977 	EXP 	Sound  started
567.0800 	DATA 	Keypress: lctrl
567.1477 	EXP 	Sound  started
567.8480 	DATA 	Keypress: rctrl
567.8977 	EXP 	Sound  started
568.6477 	EXP 	Sound  started
568.6800 	DATA 	Keypress: rctrl
569.3681 	DATA 	Keypress: lctrl
569.3977 	EXP 	Sound  started
570.0560 	DATA 	Keypress: rctrl
570.1477 	EXP 	Sound  started
570.8240 	DATA 	Keypress: lctrl
570.8977 	EXP 	Sound  started
571.6080 	DATA 	Keypress: lctrl
571.6478 	EXP 	Sound  started
572.2639 	DATA 	Keypress: rctrl
572.3978 	EXP 	Sound  started
573.0481 	DATA 	Keypress: lctrl
573.1478 	EXP 	Sound  started
573.8479 	DATA 	Keypress: lctrl
573.8978 	EXP 	Sound  started
574.6001 	DATA 	Keypress: lctrl
574.6478 	EXP 	Sound  started
575.3199 	DATA 	Keypress: lctrl
575.3978 	EXP 	Sound  started
576.0719 	DATA 	Keypress: rctrl
576.1478 	EXP 	Sound  started
576.8720 	DATA 	Keypress: lctrl
576.8979 	EXP 	Sound  started
577.6080 	DATA 	Keypress: rctrl
577.6479 	EXP 	Sound  started
578.3920 	DATA 	Keypress: lctrl
578.3979 	EXP 	Sound  started
579.1120 	DATA 	Keypress: lctrl
579.1479 	EXP 	Sound  started
579.8959 	DATA 	Keypress: lctrl
579.8979 	EXP 	Sound  started
580.5839 	DATA 	Keypress: rctrl
580.6479 	EXP 	Sound  started
581.3979 	EXP 	Sound  started
581.4000 	DATA 	Keypress: lctrl
582.1479 	EXP 	Sound  started
582.1679 	DATA 	Keypress: rctrl
582.8980 	EXP 	Sound  started
582.9040 	DATA 	Keypress: rctrl
583.6480 	EXP 	Sound  started
583.7359 	DATA 	Keypress: lctrl
584.3759 	DATA 	Keypress: rctrl
584.3980 	EXP 	Sound  started
585.1480 	EXP 	Sound  started
585.1759 	DATA 	Keypress: lctrl
585.8480 	DATA 	Keypress: rctrl
585.8980 	EXP 	Sound  started
586.5680 	DATA 	Keypress: rctrl
586.6480 	EXP 	Sound  started
587.3200 	DATA 	Keypress: rctrl
587.3980 	EXP 	Sound  started
588.1480 	EXP 	Sound  started
588.1840 	DATA 	Keypress: lctrl
588.8981 	EXP 	Sound  started
588.9519 	DATA 	Keypress: lctrl
589.6481 	EXP 	Sound  started
589.6720 	DATA 	Keypress: rctrl
590.3761 	DATA 	Keypress: lctrl
590.3981 	EXP 	Sound  started
591.1280 	DATA 	Keypress: rctrl
591.1481 	EXP 	Sound  started
591.8981 	EXP 	Sound  started
591.9280 	DATA 	Keypress: lctrl
592.6481 	EXP 	Sound  started
592.6959 	DATA 	Keypress: lctrl
593.3981 	EXP 	Sound  started
593.4160 	DATA 	Keypress: lctrl
594.1482 	EXP 	Sound  started
594.1520 	DATA 	Keypress: lctrl
594.8079 	DATA 	Keypress: rctrl
594.8982 	EXP 	Sound  started
595.6240 	DATA 	Keypress: lctrl
595.6482 	EXP 	Sound  started
596.3599 	DATA 	Keypress: rctrl
596.3982 	EXP 	Sound  started
597.0640 	DATA 	Keypress: rctrl
597.1482 	EXP 	Sound  started
597.7360 	DATA 	Keypress: rctrl
597.8982 	EXP 	Sound  started
598.4721 	DATA 	Keypress: rctrl
598.6482 	EXP 	Sound  started
599.1120 	DATA 	Keypress: lctrl
599.3983 	EXP 	Sound  started
599.9439 	DATA 	Keypress: rctrl
600.1483 	EXP 	Sound  started
600.6479 	DATA 	Keypress: lctrl
600.8983 	EXP 	Sound  started
601.6483 	EXP 	Sound  started
602.1040 	DATA 	Keypress: lctrl
602.3983 	EXP 	Sound  started
603.1483 	EXP 	Sound  started
603.5279 	DATA 	Keypress: lctrl
603.8983 	EXP 	Sound  started
604.6484 	EXP 	Sound  started
604.6961 	DATA 	Keypress: lctrl
605.3679 	DATA 	Keypress: lctrl
605.3984 	EXP 	Sound  started
606.1360 	DATA 	Keypress: lctrl
606.1484 	EXP 	Sound  started
606.8560 	DATA 	Keypress: rctrl
606.8984 	EXP 	Sound  started
607.5599 	DATA 	Keypress: lctrl
607.6484 	EXP 	Sound  started
608.3119 	DATA 	Keypress: rctrl
608.3984 	EXP 	Sound  started
609.1280 	DATA 	Keypress: rctrl
609.1484 	EXP 	Sound  started
609.7839 	DATA 	Keypress: lctrl
609.8984 	EXP 	Sound  started
610.6485 	EXP 	Sound  started
610.6639 	DATA 	Keypress: lctrl
611.3519 	DATA 	Keypress: lctrl
611.3985 	EXP 	Sound  started
612.1485 	EXP 	Sound  started
612.1679 	DATA 	Keypress: lctrl
612.8985 	EXP 	Sound  started
612.9040 	DATA 	Keypress: lctrl
613.5919 	DATA 	Keypress: rctrl
613.6485 	EXP 	Sound  started
614.3759 	DATA 	Keypress: rctrl
614.3985 	EXP 	Sound  started
615.0639 	DATA 	Keypress: rctrl
615.1485 	EXP 	Sound  started
615.8159 	DATA 	Keypress: rctrl
615.8986 	EXP 	Sound  started
616.6160 	DATA 	Keypress: lctrl
616.6486 	EXP 	Sound  started
617.3986 	EXP 	Sound  started
617.4320 	DATA 	Keypress: rctrl
618.1486 	EXP 	Sound  started
618.2000 	DATA 	Keypress: lctrl
618.8986 	EXP 	Sound  started
618.9520 	DATA 	Keypress: lctrl
619.6487 	EXP 	Sound  started
619.6560 	DATA 	Keypress: rctrl
620.3987 	EXP 	Sound  started
620.4559 	DATA 	Keypress: lctrl
621.1487 	EXP 	Sound  started
621.1920 	DATA 	Keypress: lctrl
621.8800 	DATA 	Keypress: lctrl
621.8987 	EXP 	Sound  started
622.5519 	DATA 	Keypress: lctrl
622.6487 	EXP 	Sound  started
623.3199 	DATA 	Keypress: lctrl
623.3987 	EXP 	Sound  started
624.0719 	DATA 	Keypress: lctrl
624.1487 	EXP 	Sound  started
624.8400 	DATA 	Keypress: rctrl
624.8987 	EXP 	Sound  started
625.5759 	DATA 	Keypress: lctrl
625.6488 	EXP 	Sound  started
626.3988 	EXP 	Sound  started
626.4719 	DATA 	Keypress: rctrl
627.1488 	EXP 	Sound  started
627.1599 	DATA 	Keypress: lctrl
627.8988 	EXP 	Sound  started
627.9280 	DATA 	Keypress: rctrl
628.5999 	DATA 	Keypress: rctrl
628.6488 	EXP 	Sound  started
629.3839 	DATA 	Keypress: rctrl
629.3988 	EXP 	Sound  started
630.1359 	DATA 	Keypress: rctrl
630.1488 	EXP 	Sound  started
630.8988 	EXP 	Sound  started
630.9359 	DATA 	Keypress: rctrl
631.6489 	EXP 	Sound  started
631.6560 	DATA 	Keypress: rctrl
632.3760 	DATA 	Keypress: lctrl
647.4354 	DATA 	Keypress: 3
647.4649 	EXP 	unnamed ShapeStim: vertices = <class 'numpy.ndarray'>
650.4676 	DATA 	Keypress: 1
650.4840 	EXP 	unnamed ShapeStim: vertices = <class 'numpy.ndarray'>
665.2796 	DATA 	Keypress: 2
665.2962 	EXP 	unnamed ShapeStim: vertices = <class 'numpy.ndarray'>
667.5811 	EXP 	Sound  started
668.3280 	DATA 	Keypress: lctrl
668.3310 	EXP 	Sound  started
669.0319 	DATA 	Keypress: rctrl
669.0810 	EXP 	Sound  started
669.7199 	DATA 	Keypress: lctrl
669.8310 	EXP 	Sound  started
670.5520 	DATA 	Keypress: lctrl
670.5810 	EXP 	Sound  started
671.3310 	EXP 	Sound  started
671.3360 	DATA 	Keypress: lctrl
671.9919 	DATA 	Keypress: rctrl
672.0810 	EXP 	Sound  started
672.7279 	DATA 	Keypress: lctrl
672.8310 	EXP 	Sound  started
673.5279 	DATA 	Keypress: rctrl
673.5810 	EXP 	Sound  started
674.2959 	DATA 	Keypress: rctrl
674.3310 	EXP 	Sound  started
675.0319 	DATA 	Keypress: rctrl
675.0811 	EXP 	Sound  started
675.7519 	DATA 	Keypress: lctrl
675.8311 	EXP 	Sound  started
676.4880 	DATA 	Keypress: lctrl
676.5811 	EXP 	Sound  started
677.3040 	DATA 	Keypress: rctrl
677.3311 	EXP 	Sound  started
678.0719 	DATA 	Keypress: lctrl
678.0811 	EXP 	Sound  started
678.8311 	EXP 	Sound  started
678.8720 	DATA 	Keypress: rctrl
679.5811 	EXP 	Sound  started
679.5919 	DATA 	Keypress: lctrl
680.2958 	DATA 	Keypress: lctrl
680.3312 	EXP 	Sound  started
681.0479 	DATA 	Keypress: lctrl
681.0812 	EXP 	Sound  started
681.7839 	DATA 	Keypress: rctrl
681.8312 	EXP 	Sound  started
682.5812 	EXP 	Sound  started
682.5839 	DATA 	Keypress: lctrl
683.3312 	EXP 	Sound  started
683.5599 	DATA 	Keypress: lctrl
684.0238 	DATA 	Keypress: lctrl
684.0812 	EXP 	Sound  started
684.7919 	DATA 	Keypress: lctrl
684.8312 	EXP 	Sound  started
685.4959 	DATA 	Keypress: rctrl
685.5812 	EXP 	Sound  started
686.2799 	DATA 	Keypress: lctrl
686.3313 	EXP 	Sound  started
686.9679 	DATA 	Keypress: rctrl
687.0813 	EXP 	Sound  started
687.8313 	EXP 	Sound  started
687.9120 	DATA 	Keypress: lctrl
688.5813 	EXP 	Sound  started
688.5839 	DATA 	Keypress: rctrl
689.2238 	DATA 	Keypress: lctrl
689.3313 	EXP 	Sound  started
690.0813 	EXP 	Sound  started
690.0879 	DATA 	Keypress: rctrl
690.7599 	DATA 	Keypress: lctrl
690.8313 	EXP 	Sound  started
691.5599 	DATA 	Keypress: rctrl
691.5814 	EXP 	Sound  started
692.2960 	DATA 	Keypress: lctrl
692.3314 	EXP 	Sound  started
693.0639 	DATA 	Keypress: lctrl
693.0814 	EXP 	Sound  started
693.7839 	DATA 	Keypress: lctrl
693.8314 	EXP 	Sound  started
694.4719 	DATA 	Keypress: lctrl
694.5814 	EXP 	Sound  started
695.3039 	DATA 	Keypress: rctrl
695.3314 	EXP 	Sound  started
696.0814 	EXP 	Sound  started
696.0879 	DATA 	Keypress: lctrl
696.7599 	DATA 	Keypress: rctrl
696.8314 	EXP 	Sound  started
697.4799 	DATA 	Keypress: rctrl
697.5815 	EXP 	Sound  started
698.2479 	DATA 	Keypress: rctrl
698.3315 	EXP 	Sound  started
698.9839 	DATA 	Keypress: rctrl
699.0815 	EXP 	Sound  started
699.7198 	DATA 	Keypress: rctrl
699.8315 	EXP 	Sound  started
700.3919 	DATA 	Keypress: lctrl
700.5815 	EXP 	Sound  started
701.2879 	DATA 	Keypress: rctrl
701.3315 	EXP 	Sound  started
702.0080 	DATA 	Keypress: lctrl
702.0815 	EXP 	Sound  started
702.7599 	DATA 	Keypress: rctrl
702.8316 	EXP 	Sound  started
703.4479 	DATA 	Keypress: lctrl
703.5816 	EXP 	Sound  started
704.1838 	DATA 	Keypress: rctrl
704.3316 	EXP 	Sound  started
705.0159 	DATA 	Keypress: lctrl
705.0816 	EXP 	Sound  started
705.8316 	EXP 	Sound  started
705.8799 	DATA 	Keypress: lctrl
706.5199 	DATA 	Keypress: lctrl
706.5816 	EXP 	Sound  started
707.2720 	DATA 	Keypress: rctrl
707.3316 	EXP 	Sound  started
708.0239 	DATA 	Keypress: rctrl
708.0817 	EXP 	Sound  started
708.7759 	DATA 	Keypress: lctrl
708.8317 	EXP 	Sound  started
709.5598 	DATA 	Keypress: rctrl
709.5817 	EXP 	Sound  started
710.2639 	DATA 	Keypress: lctrl
710.3317 	EXP 	Sound  started
711.0799 	DATA 	Keypress: rctrl
711.0817 	EXP 	Sound  started
711.8317 	EXP 	Sound  started
711.8319 	DATA 	Keypress: rctrl
712.5678 	DATA 	Keypress: lctrl
712.5817 	EXP 	Sound  started
713.2399 	DATA 	Keypress: rctrl
713.3318 	EXP 	Sound  started
714.0818 	EXP 	Sound  started
714.1360 	DATA 	Keypress: lctrl
714.8318 	EXP 	Sound  started
714.8879 	DATA 	Keypress: lctrl
715.5599 	DATA 	Keypress: lctrl
715.5818 	EXP 	Sound  started
716.1838 	DATA 	Keypress: lctrl
716.3318 	EXP 	Sound  started
716.8879 	DATA 	Keypress: lctrl
717.0818 	EXP 	Sound  started
717.7200 	DATA 	Keypress: lctrl
717.8319 	EXP 	Sound  started
718.5679 	DATA 	Keypress: lctrl
718.5819 	EXP 	Sound  started
719.3359 	DATA 	Keypress: lctrl
721.7092 	DATA 	Keypress: 4
721.7257 	EXP 	unnamed ShapeStim: vertices = <class 'numpy.ndarray'>
723.8486 	DATA 	Keypress: 1
723.8780 	EXP 	unnamed ShapeStim: vertices = <class 'numpy.ndarray'>
734.0564 	DATA 	Keypress: 4
734.0859 	EXP 	unnamed ShapeStim: vertices = <class 'numpy.ndarray'>
736.3712 	EXP 	Sound  started
736.9840 	DATA 	Keypress: rctrl
737.1210 	EXP 	Sound  started
737.7998 	DATA 	Keypress: rctrl
737.8710 	EXP 	Sound  started
738.4719 	DATA 	Keypress: lctrl
738.6210 	EXP 	Sound  started
739.2080 	DATA 	Keypress: rctrl
739.3710 	EXP 	Sound  started
739.9919 	DATA 	Keypress: rctrl
740.1211 	EXP 	Sound  started
740.6638 	DATA 	Keypress: lctrl
740.8711 	EXP 	Sound  started
741.4799 	DATA 	Keypress: rctrl
741.6211 	EXP 	Sound  started
742.2478 	DATA 	Keypress: rctrl
742.3711 	EXP 	Sound  started
743.0319 	DATA 	Keypress: rctrl
743.1211 	EXP 	Sound  started
743.7679 	DATA 	Keypress: lctrl
743.8711 	EXP 	Sound  started
744.5358 	DATA 	Keypress: rctrl
744.6211 	EXP 	Sound  started
745.3039 	DATA 	Keypress: lctrl
745.3711 	EXP 	Sound  started
746.0239 	DATA 	Keypress: rctrl
746.1212 	EXP 	Sound  started
746.8399 	DATA 	Keypress: lctrl
746.8712 	EXP 	Sound  started
747.4961 	DATA 	Keypress: lctrl
747.6212 	EXP 	Sound  started
748.3118 	DATA 	Keypress: lctrl
748.3712 	EXP 	Sound  started
749.1212 	EXP 	Sound  started
749.1599 	DATA 	Keypress: lctrl
749.8478 	DATA 	Keypress: rctrl
749.8712 	EXP 	Sound  started
750.6212 	EXP 	Sound  started
750.6478 	DATA 	Keypress: lctrl
751.3039 	DATA 	Keypress: lctrl
751.3712 	EXP 	Sound  started
752.1039 	DATA 	Keypress: lctrl
752.1213 	EXP 	Sound  started
752.7918 	DATA 	Keypress: lctrl
752.8713 	EXP 	Sound  started
753.6213 	EXP 	Sound  started
754.3279 	DATA 	Keypress: lctrl
754.3713 	EXP 	Sound  started
755.0638 	DATA 	Keypress: rctrl
755.1213 	EXP 	Sound  started
755.8159 	DATA 	Keypress: lctrl
755.8713 	EXP 	Sound  started
756.5839 	DATA 	Keypress: rctrl
756.6214 	EXP 	Sound  started
757.3714 	EXP 	Sound  started
757.3838 	DATA 	Keypress: lctrl
758.0879 	DATA 	Keypress: rctrl
758.1214 	EXP 	Sound  started
758.8239 	DATA 	Keypress: lctrl
758.8714 	EXP 	Sound  started
759.6079 	DATA 	Keypress: rctrl
759.6214 	EXP 	Sound  started
760.3279 	DATA 	Keypress: rctrl
760.3714 	EXP 	Sound  started
761.0638 	DATA 	Keypress: rctrl
761.1214 	EXP 	Sound  started
761.8160 	DATA 	Keypress: lctrl
761.8714 	EXP 	Sound  started
762.5199 	DATA 	Keypress: lctrl
762.6215 	EXP 	Sound  started
763.2879 	DATA 	Keypress: lctrl
763.3715 	EXP 	Sound  started
764.0878 	DATA 	Keypress: lctrl
764.1215 	EXP 	Sound  started
764.7919 	DATA 	Keypress: lctrl
764.8715 	EXP 	Sound  started
765.5438 	DATA 	Keypress: rctrl
765.6215 	EXP 	Sound  started
766.3439 	DATA 	Keypress: lctrl
766.3715 	EXP 	Sound  started
767.1215 	EXP 	Sound  started
767.1919 	DATA 	Keypress: rctrl
767.8716 	EXP 	Sound  started
767.8799 	DATA 	Keypress: lctrl
768.5998 	DATA 	Keypress: rctrl
768.6216 	EXP 	Sound  started
769.2719 	DATA 	Keypress: lctrl
769.3716 	EXP 	Sound  started
770.1216 	EXP 	Sound  started
770.3600 	DATA 	Keypress: lctrl
770.8239 	DATA 	Keypress: lctrl
770.8716 	EXP 	Sound  started
771.5439 	DATA 	Keypress: lctrl
771.6216 	EXP 	Sound  started
772.3439 	DATA 	Keypress: rctrl
772.3716 	EXP 	Sound  started
773.0158 	DATA 	Keypress: lctrl
773.1217 	EXP 	Sound  started
773.8717 	EXP 	Sound  started
774.5680 	DATA 	Keypress: rctrl
774.6217 	EXP 	Sound  started
775.3717 	EXP 	Sound  started
775.4480 	DATA 	Keypress: lctrl
776.1198 	DATA 	Keypress: lctrl
776.1217 	EXP 	Sound  started
776.8238 	DATA 	Keypress: lctrl
776.8717 	EXP 	Sound  started
777.5438 	DATA 	Keypress: lctrl
777.6217 	EXP 	Sound  started
778.3279 	DATA 	Keypress: lctrl
778.3718 	EXP 	Sound  started
779.1119 	DATA 	Keypress: rctrl
779.1218 	EXP 	Sound  started
779.8718 	EXP 	Sound  started
779.9439 	DATA 	Keypress: lctrl
780.6218 	EXP 	Sound  started
780.6319 	DATA 	Keypress: rctrl
781.3358 	DATA 	Keypress: lctrl
781.3718 	EXP 	Sound  started
782.0879 	DATA 	Keypress: rctrl
782.1218 	EXP 	Sound  started
782.8718 	DATA 	Keypress: lctrl
782.8720 	EXP 	Sound  started
783.5758 	DATA 	Keypress: rctrl
783.6220 	EXP 	Sound  started
784.3439 	DATA 	Keypress: rctrl
784.3720 	EXP 	Sound  started
785.1220 	EXP 	Sound  started
785.1919 	DATA 	Keypress: lctrl
785.8720 	EXP 	Sound  started
785.9599 	DATA 	Keypress: rctrl
786.6220 	EXP 	Sound  started
786.6478 	DATA 	Keypress: lctrl
787.3198 	DATA 	Keypress: lctrl
787.3721 	EXP 	Sound  started
788.0878 	DATA 	Keypress: lctrl
788.1221 	EXP 	Sound  started
788.8239 	DATA 	Keypress: lctrl
788.8721 	EXP 	Sound  started
789.6221 	EXP 	Sound  started
790.3721 	EXP 	Sound  started
790.3758 	DATA 	Keypress: lctrl
791.1221 	EXP 	Sound  started
791.1278 	DATA 	Keypress: rctrl
791.8721 	EXP 	Sound  started
791.8958 	DATA 	Keypress: lctrl
792.6222 	EXP 	Sound  started
793.3722 	EXP 	Sound  started
794.1038 	DATA 	Keypress: rctrl
794.1222 	EXP 	Sound  started
794.7438 	DATA 	Keypress: rctrl
804.8274 	DATA 	Keypress: 3
804.8438 	EXP 	unnamed ShapeStim: vertices = <class 'numpy.ndarray'>
813.6345 	DATA 	Keypress: 2
813.6510 	EXP 	unnamed ShapeStim: vertices = <class 'numpy.ndarray'>
831.1823 	DATA 	Keypress: 2
831.1988 	EXP 	unnamed ShapeStim: vertices = <class 'numpy.ndarray'>
833.4836 	EXP 	Sound  started
834.0719 	DATA 	Keypress: lctrl
834.2334 	EXP 	Sound  started
834.8079 	DATA 	Keypress: rctrl
834.9835 	EXP 	Sound  started
835.6078 	DATA 	Keypress: rctrl
835.7335 	EXP 	Sound  started
836.4558 	DATA 	Keypress: lctrl
836.4835 	EXP 	Sound  started
837.1919 	DATA 	Keypress: lctrl
837.2335 	EXP 	Sound  started
837.9835 	EXP 	Sound  started
838.0079 	DATA 	Keypress: lctrl
838.6479 	DATA 	Keypress: rctrl
838.7335 	EXP 	Sound  started
839.3358 	DATA 	Keypress: rctrl
839.4835 	EXP 	Sound  started
840.1199 	DATA 	Keypress: lctrl
840.2336 	EXP 	Sound  started
840.8558 	DATA 	Keypress: lctrl
840.9836 	EXP 	Sound  started
841.5438 	DATA 	Keypress: lctrl
841.7336 	EXP 	Sound  started
842.2158 	DATA 	Keypress: rctrl
842.4836 	EXP 	Sound  started
842.8717 	DATA 	Keypress: lctrl
843.2336 	EXP 	Sound  started
843.7198 	DATA 	Keypress: rctrl
843.9836 	EXP 	Sound  started
844.4078 	DATA 	Keypress: lctrl
844.7336 	EXP 	Sound  started
845.4837 	EXP 	Sound  started
846.0879 	DATA 	Keypress: lctrl
846.2337 	EXP 	Sound  started
846.7598 	DATA 	Keypress: lctrl
846.9837 	EXP 	Sound  started
847.5118 	DATA 	Keypress: lctrl
847.7337 	EXP 	Sound  started
848.4837 	EXP 	Sound  started
848.9198 	DATA 	Keypress: lctrl
849.2337 	EXP 	Sound  started
849.9837 	EXP 	Sound  started
850.5359 	DATA 	Keypress: rctrl
850.7337 	EXP 	Sound  started
851.2878 	DATA 	Keypress: rctrl
851.4838 	EXP 	Sound  started
852.0078 	DATA 	Keypress: lctrl
852.2338 	EXP 	Sound  started
852.9838 	EXP 	Sound  started
853.6558 	DATA 	Keypress: lctrl
853.7338 	EXP 	Sound  started
854.4398 	DATA 	Keypress: rctrl
854.4838 	EXP 	Sound  started
855.1598 	DATA 	Keypress: lctrl
855.2338 	EXP 	Sound  started
855.9278 	DATA 	Keypress: rctrl
855.9838 	EXP 	Sound  started
856.7338 	EXP 	Sound  started
856.8878 	DATA 	Keypress: lctrl
857.4839 	EXP 	Sound  started
857.4959 	DATA 	Keypress: lctrl
858.2339 	EXP 	Sound  started
858.2478 	DATA 	Keypress: lctrl
858.9198 	DATA 	Keypress: rctrl
858.9839 	EXP 	Sound  started
859.6079 	DATA 	Keypress: rctrl
859.7339 	EXP 	Sound  started
860.4558 	DATA 	Keypress: lctrl
860.4839 	EXP 	Sound  started
861.2339 	EXP 	Sound  started
861.2399 	DATA 	Keypress: rctrl
861.9438 	DATA 	Keypress: rctrl
861.9839 	EXP 	Sound  started
862.7339 	EXP 	Sound  started
863.4478 	DATA 	Keypress: rctrl
863.4839 	EXP 	Sound  started
864.2159 	DATA 	Keypress: lctrl
864.2340 	EXP 	Sound  started
864.9840 	EXP 	Sound  started
865.6238 	DATA 	Keypress: rctrl
865.7340 	EXP 	Sound  started
866.4238 	DATA 	Keypress: lctrl
866.4841 	EXP 	Sound  started
867.1277 	DATA 	Keypress: rctrl
867.2341 	EXP 	Sound  started
867.9279 	DATA 	Keypress: rctrl
867.9841 	EXP 	Sound  started
868.6638 	DATA 	Keypress: rctrl
868.7341 	EXP 	Sound  started
869.3839 	DATA 	Keypress: rctrl
869.4841 	EXP 	Sound  started
870.1999 	DATA 	Keypress: lctrl
870.2341 	EXP 	Sound  started
870.9677 	DATA 	Keypress: rctrl
870.9841 	EXP 	Sound  started
871.6717 	DATA 	Keypress: rctrl
871.7342 	EXP 	Sound  started
872.4398 	DATA 	Keypress: lctrl
872.4842 	EXP 	Sound  started
873.2238 	DATA 	Keypress: rctrl
873.2342 	EXP 	Sound  started
873.9438 	DATA 	Keypress: rctrl
873.9842 	EXP 	Sound  started
874.6477 	DATA 	Keypress: lctrl
874.7342 	EXP 	Sound  started
875.3837 	DATA 	Keypress: rctrl
875.4842 	EXP 	Sound  started
876.1198 	DATA 	Keypress: rctrl
876.2342 	EXP 	Sound  started
876.8397 	DATA 	Keypress: rctrl
876.9842 	EXP 	Sound  started
877.6558 	DATA 	Keypress: rctrl
877.7343 	EXP 	Sound  started
878.3757 	DATA 	Keypress: lctrl
878.4843 	EXP 	Sound  started
879.1438 	DATA 	Keypress: rctrl
879.2343 	EXP 	Sound  started
879.9438 	DATA 	Keypress: lctrl
879.9843 	EXP 	Sound  started
880.6637 	DATA 	Keypress: lctrl
880.7343 	EXP 	Sound  started
881.3678 	DATA 	Keypress: rctrl
881.4843 	EXP 	Sound  started
882.1358 	DATA 	Keypress: rctrl
882.2343 	EXP 	Sound  started
882.8399 	DATA 	Keypress: lctrl
882.9844 	EXP 	Sound  started
883.7344 	EXP 	Sound  started
884.4238 	DATA 	Keypress: rctrl
884.4844 	EXP 	Sound  started
885.1438 	DATA 	Keypress: rctrl
889.3299 	DATA 	Keypress: 2
889.3464 	EXP 	unnamed ShapeStim: vertices = <class 'numpy.ndarray'>
897.2030 	DATA 	Keypress: 3
897.2195 	EXP 	unnamed ShapeStim: vertices = <class 'numpy.ndarray'>
905.0798 	DATA 	Keypress: 2
905.1093 	EXP 	unnamed ShapeStim: vertices = <class 'numpy.ndarray'>
907.3944 	EXP 	Sound  started
907.5919 	DATA 	Keypress: lctrl
908.0397 	DATA 	Keypress: rctrl
908.1442 	EXP 	Sound  started
908.7918 	DATA 	Keypress: lctrl
908.8943 	EXP 	Sound  started
909.5278 	DATA 	Keypress: rctrl
909.6443 	EXP 	Sound  started
910.2637 	DATA 	Keypress: rctrl
910.3943 	EXP 	Sound  started
911.0799 	DATA 	Keypress: lctrl
911.1443 	EXP 	Sound  started
911.8318 	DATA 	Keypress: rctrl
911.8943 	EXP 	Sound  started
912.5677 	DATA 	Keypress: lctrl
912.6443 	EXP 	Sound  started
913.3198 	DATA 	Keypress: lctrl
913.3943 	EXP 	Sound  started
914.0238 	DATA 	Keypress: rctrl
914.1443 	EXP 	Sound  started
914.8944 	EXP 	Sound  started
914.9518 	DATA 	Keypress: lctrl
915.5917 	DATA 	Keypress: rctrl
915.6444 	EXP 	Sound  started
916.2798 	DATA 	Keypress: rctrl
916.3944 	EXP 	Sound  started
917.1118 	DATA 	Keypress: rctrl
917.1444 	EXP 	Sound  started
917.8318 	DATA 	Keypress: rctrl
917.8944 	EXP 	Sound  started
918.6444 	EXP 	Sound  started
919.3944 	EXP 	Sound  started
919.3998 	DATA 	Keypress: rctrl
920.0717 	DATA 	Keypress: lctrl
920.1445 	EXP 	Sound  started
920.8079 	DATA 	Keypress: lctrl
920.8945 	EXP 	Sound  started
921.6077 	DATA 	Keypress: lctrl
921.6445 	EXP 	Sound  started
922.3757 	DATA 	Keypress: lctrl
922.3945 	EXP 	Sound  started
923.0477 	DATA 	Keypress: rctrl
923.1445 	EXP 	Sound  started
923.7837 	DATA 	Keypress: lctrl
923.8945 	EXP 	Sound  started
924.6445 	EXP 	Sound  started
925.2878 	DATA 	Keypress: lctrl
925.3946 	EXP 	Sound  started
926.1446 	EXP 	Sound  started
926.2158 	DATA 	Keypress: lctrl
926.7597 	DATA 	Keypress: rctrl
926.8946 	EXP 	Sound  started
927.5438 	DATA 	Keypress: lctrl
927.6446 	EXP 	Sound  started
928.3438 	DATA 	Keypress: lctrl
928.3946 	EXP 	Sound  started
929.0798 	DATA 	Keypress: lctrl
929.1446 	EXP 	Sound  started
929.8946 	EXP 	Sound  started
930.0077 	DATA 	Keypress: rctrl
930.6157 	DATA 	Keypress: lctrl
930.6446 	EXP 	Sound  started
931.3518 	DATA 	Keypress: lctrl
931.3947 	EXP 	Sound  started
932.1037 	DATA 	Keypress: rctrl
932.1447 	EXP 	Sound  started
932.8947 	EXP 	Sound  started
932.9197 	DATA 	Keypress: lctrl
933.6077 	DATA 	Keypress: lctrl
933.6447 	EXP 	Sound  started
934.3947 	EXP 	Sound  started
934.4398 	DATA 	Keypress: rctrl
935.1447 	EXP 	Sound  started
935.8158 	DATA 	Keypress: rctrl
935.8947 	EXP 	Sound  started
936.5198 	DATA 	Keypress: rctrl
936.6447 	EXP 	Sound  started
937.3948 	EXP 	Sound  started
937.9918 	DATA 	Keypress: rctrl
938.1448 	EXP 	Sound  started
938.8878 	DATA 	Keypress: lctrl
938.8948 	EXP 	Sound  started
939.5598 	DATA 	Keypress: rctrl
939.6448 	EXP 	Sound  started
940.3918 	DATA 	Keypress: rctrl
940.3949 	EXP 	Sound  started
941.1448 	EXP 	Sound  started
941.7518 	DATA 	Keypress: rctrl
941.8949 	EXP 	Sound  started
942.5039 	DATA 	Keypress: rctrl
942.6449 	EXP 	Sound  started
943.3198 	DATA 	Keypress: rctrl
943.3949 	EXP 	Sound  started
944.0559 	DATA 	Keypress: lctrl
944.1449 	EXP 	Sound  started
944.8557 	DATA 	Keypress: lctrl
944.8949 	EXP 	Sound  started
945.6449 	EXP 	Sound  started
946.3278 	DATA 	Keypress: rctrl
946.3949 	EXP 	Sound  started
947.0157 	DATA 	Keypress: rctrl
947.1449 	EXP 	Sound  started
947.7198 	DATA 	Keypress: rctrl
947.8950 	EXP 	Sound  started
948.5039 	DATA 	Keypress: rctrl
948.6450 	EXP 	Sound  started
949.2238 	DATA 	Keypress: rctrl
949.3950 	EXP 	Sound  started
950.1450 	EXP 	Sound  started
950.7918 	DATA 	Keypress: rctrl
950.8950 	EXP 	Sound  started
951.5597 	DATA 	Keypress: lctrl
951.6450 	EXP 	Sound  started
952.3598 	DATA 	Keypress: rctrl
952.3951 	EXP 	Sound  started
953.1451 	EXP 	Sound  started
953.8158 	DATA 	Keypress: lctrl
953.8951 	EXP 	Sound  started
954.6451 	EXP 	Sound  started
954.6477 	DATA 	Keypress: lctrl
955.2558 	DATA 	Keypress: lctrl
955.3951 	EXP 	Sound  started
956.1451 	EXP 	Sound  started
956.7598 	DATA 	Keypress: lctrl
956.8951 	EXP 	Sound  started
957.6451 	EXP 	Sound  started
958.1998 	DATA 	Keypress: lctrl
958.3952 	EXP 	Sound  started
959.1452 	EXP 	Sound  started
959.8952 	EXP 	Sound  started
960.6452 	EXP 	Sound  started
961.3952 	EXP 	Sound  started
962.1453 	EXP 	Sound  started
962.8078 	DATA 	Keypress: rctrl
962.8953 	EXP 	Sound  started
963.5917 	DATA 	Keypress: rctrl
963.6453 	EXP 	Sound  started
964.3917 	DATA 	Keypress: rctrl
964.3953 	EXP 	Sound  started
965.0797 	DATA 	Keypress: rctrl
965.1453 	EXP 	Sound  started
965.8477 	DATA 	Keypress: rctrl
965.8953 	EXP 	Sound  started
980.1543 	DATA 	Keypress: 4
980.1708 	EXP 	unnamed ShapeStim: vertices = <class 'numpy.ndarray'>
1000.3042 	DATA 	Keypress: 1
1000.3206 	EXP 	unnamed ShapeStim: vertices = <class 'numpy.ndarray'>
1007.0430 	DATA 	Keypress: 3
1007.0595 	EXP 	unnamed ShapeStim: vertices = <class 'numpy.ndarray'>
1029.0318 	DATA 	Keypress: escape
1029.0980 	EXP 	window1: mouseVisible = True
