274.3801 	WARNING 	User requested fullscreen with size [1024  768], but screen is actually [1920, 1200]. Using actual size
275.1936 	EXP 	Created window1 = Window(allowGUI=False, allowStencil=False, autoLog=True, backendConf=UNKNOWN, bitsMode=UNKNOWN, blendMode='avg', bpc=(8, 8, 8), color=array([0, 0, 0]), colorSpace='rgb', depthBits=8, fullscr=<method-wrapper '__getattribute__' of attributeSetter object at 0x0000028398A56780>, gamma=None, gammaErrorPolicy='raise', lms=UNKNOWN, monitor=<psychopy.monitors.calibTools.Monitor object at 0x000002839A195080>, multiSample=False, name='window1', numSamples=2, pos=[0.0, 0.0], screen=0, size=array([1920, 1200]), stencilBits=0, stereo=False, units='norm', useFBO=True, useRetina=False, viewOri=0.0, viewPos=None, viewScale=None, waitBlanking=True, winType='pyglet')
275.1940 	EXP 	window1: mouseVisible = True
275.1940 	EXP 	window1: mouseVisible = False
275.1940 	EXP 	window1: recordFrameIntervals = False
275.3601 	EXP 	window1: recordFrameIntervals = True
275.5438 	EXP 	window1: recordFrameIntervals = False
275.5982 	EXP 	Created text = TextStim(__class__=<class 'psychopy.visual.text.TextStim'>, alignHoriz=method-wrapper(...), alignText='center', alignVert=method-wrapper(...), anchorHoriz='center', anchorVert='center', antialias=True, autoLog=True, bold=False, color=array([1., 1., 1.]), colorSpace='rgb', contrast=1.0, depth=0.0, flipHoriz=False, flipVert=False, font='Arial', fontFiles=[], height=0.15, italic=False, languageStyle='LTR', name='text', opacity=1, ori=0, pos=array([0., 0.]), rgb=UNKNOWN, text='+', units='norm', win=Window(...), wrapWidth=1)
275.6171 	EXP 	Created text = TextStim(__class__=<class 'psychopy.visual.text.TextStim'>, alignHoriz=method-wrapper(...), alignText='center', alignVert=method-wrapper(...), anchorHoriz='center', anchorVert='center', antialias=True, autoLog=True, bold=False, color=array([1., 1., 1.]), colorSpace='rgb', contrast=1.0, depth=0.0, flipHoriz=False, flipVert=False, font='Arial', fontFiles=[], height=0.07, italic=False, languageStyle='LTR', name='text', opacity=1, ori=0, pos=array([0., 0.]), rgb=UNKNOWN, text=str(...), units='norm', win=Window(...), wrapWidth=1.65)
275.6288 	EXP 	Created text = TextStim(__class__=<class 'psychopy.visual.text.TextStim'>, alignHoriz=method-wrapper(...), alignText='center', alignVert=method-wrapper(...), anchorHoriz='center', anchorVert='center', antialias=True, autoLog=True, bold=False, color=array([1., 1., 1.]), colorSpace='rgb', contrast=1.0, depth=0.0, flipHoriz=False, flipVert=False, font='Arial', fontFiles=[], height=0.07, italic=False, languageStyle='LTR', name='text', opacity=1, ori=0, pos=array([0., 0.]), rgb=UNKNOWN, text=str(...), units='norm', win=Window(...), wrapWidth=1.65)
275.6391 	EXP 	Created text = TextStim(__class__=<class 'psychopy.visual.text.TextStim'>, alignHoriz=method-wrapper(...), alignText='center', alignVert=method-wrapper(...), anchorHoriz='center', anchorVert='center', antialias=True, autoLog=True, bold=False, color=array([1., 1., 1.]), colorSpace='rgb', contrast=1.0, depth=0.0, flipHoriz=False, flipVert=False, font='Arial', fontFiles=[], height=0.07, italic=False, languageStyle='LTR', name='text', opacity=1, ori=0, pos=array([0., 0.]), rgb=UNKNOWN, text=str(...), units='norm', win=Window(...), wrapWidth=1.65)
275.6489 	EXP 	Created text = TextStim(__class__=<class 'psychopy.visual.text.TextStim'>, alignHoriz=method-wrapper(...), alignText='center', alignVert=method-wrapper(...), anchorHoriz='center', anchorVert='center', antialias=True, autoLog=True, bold=False, color=array([1., 1., 1.]), colorSpace='rgb', contrast=1.0, depth=0.0, flipHoriz=False, flipVert=False, font='Arial', fontFiles=[], height=0.07, italic=False, languageStyle='LTR', name='text', opacity=1, ori=0, pos=array([0., 0.]), rgb=UNKNOWN, text=str(...), units='norm', win=Window(...), wrapWidth=1.65)
275.6540 	EXP 	Created text = TextStim(__class__=<class 'psychopy.visual.text.TextStim'>, alignHoriz=method-wrapper(...), alignText='center', alignVert=method-wrapper(...), anchorHoriz='center', anchorVert='center', antialias=True, autoLog=True, bold=False, color=array([1., 1., 1.]), colorSpace='rgb', contrast=1.0, depth=0.0, flipHoriz=False, flipVert=False, font='Arial', fontFiles=[], height=0.07, italic=False, languageStyle='LTR', name='text', opacity=1, ori=0, pos=array([0., 0.]), rgb=UNKNOWN, text=str(...), units='norm', win=Window(...), wrapWidth=1.65)
275.6680 	EXP 	Created text = TextStim(__class__=<class 'psychopy.visual.text.TextStim'>, alignHoriz=method-wrapper(...), alignText='center', alignVert=method-wrapper(...), anchorHoriz='center', anchorVert='center', antialias=True, autoLog=True, bold=False, color=array([1., 1., 1.]), colorSpace='rgb', contrast=1.0, depth=0.0, flipHoriz=False, flipVert=False, font='Arial', fontFiles=[], height=0.15, italic=False, languageStyle='LTR', name='text', opacity=1, ori=0, pos=array([0., 0.]), rgb=UNKNOWN, text=str(...), units='norm', win=Window(...), wrapWidth=1.65)
275.6970 	EXP 	Created text = TextStim(__class__=<class 'psychopy.visual.text.TextStim'>, alignHoriz=method-wrapper(...), alignText='center', alignVert=method-wrapper(...), anchorHoriz='center', anchorVert='center', antialias=True, autoLog=True, bold=False, color=array([1., 1., 1.]), colorSpace='rgb', contrast=1.0, depth=0.0, flipHoriz=False, flipVert=False, font='Arial', fontFiles=[], height=0.07, italic=False, languageStyle='LTR', name='text', opacity=1, ori=0, pos=array([0., 0.]), rgb=UNKNOWN, text=str(...), units='norm', win=Window(...), wrapWidth=1.65)
275.7155 	EXP 	Created text = TextStim(__class__=<class 'psychopy.visual.text.TextStim'>, alignHoriz=method-wrapper(...), alignText='center', alignVert=method-wrapper(...), anchorHoriz='center', anchorVert='center', antialias=True, autoLog=True, bold=False, color=array([1., 1., 1.]), colorSpace='rgb', contrast=1.0, depth=0.0, flipHoriz=False, flipVert=False, font='Arial', fontFiles=[], height=0.07, italic=False, languageStyle='LTR', name='text', opacity=1, ori=0, pos=array([0., 0.]), rgb=UNKNOWN, text=str(...), units='norm', win=Window(...), wrapWidth=1.65)
275.7482 	EXP 	Created text = TextStim(__class__=<class 'psychopy.visual.text.TextStim'>, alignHoriz=method-wrapper(...), alignText='center', alignVert=method-wrapper(...), anchorHoriz='center', anchorVert='center', antialias=True, autoLog=True, bold=False, color=array([1., 1., 1.]), colorSpace='rgb', contrast=1.0, depth=0.0, flipHoriz=False, flipVert=False, font='Arial', fontFiles=[], height=0.07, italic=False, languageStyle='LTR', name='text', opacity=1, ori=0, pos=array([0., 0.]), rgb=UNKNOWN, text=str(...), units='norm', win=Window(...), wrapWidth=1.65)
275.7777 	EXP 	Created text = TextStim(__class__=<class 'psychopy.visual.text.TextStim'>, alignHoriz=method-wrapper(...), alignText='center', alignVert=method-wrapper(...), anchorHoriz='center', anchorVert='center', antialias=True, autoLog=True, bold=False, color=array([1., 1., 1.]), colorSpace='rgb', contrast=1.0, depth=0.0, flipHoriz=False, flipVert=False, font='Arial', fontFiles=[], height=0.07, italic=False, languageStyle='LTR', name='text', opacity=1, ori=0, pos=array([0., 0.]), rgb=UNKNOWN, text=str(...), units='norm', win=Window(...), wrapWidth=1.65)
275.8101 	EXP 	Created text = TextStim(__class__=<class 'psychopy.visual.text.TextStim'>, alignHoriz=method-wrapper(...), alignText='center', alignVert=method-wrapper(...), anchorHoriz='center', anchorVert='center', antialias=True, autoLog=True, bold=False, color=array([1., 1., 1.]), colorSpace='rgb', contrast=1.0, depth=0.0, flipHoriz=False, flipVert=False, font='Arial', fontFiles=[], height=0.07, italic=False, languageStyle='LTR', name='text', opacity=1, ori=0, pos=array([0., 0.]), rgb=UNKNOWN, text=str(...), units='norm', win=Window(...), wrapWidth=1.65)
275.8191 	EXP 	Created text = TextStim(__class__=<class 'psychopy.visual.text.TextStim'>, alignHoriz=method-wrapper(...), alignText='center', alignVert=method-wrapper(...), anchorHoriz='center', anchorVert='center', antialias=True, autoLog=True, bold=False, color=array([1., 1., 1.]), colorSpace='rgb', contrast=1.0, depth=0.0, flipHoriz=False, flipVert=False, font='Arial', fontFiles=[], height=0.07, italic=False, languageStyle='LTR', name='text', opacity=1, ori=0, pos=array([0., 0.]), rgb=UNKNOWN, text=str(...), units='norm', win=Window(...), wrapWidth=1.65)
275.8318 	EXP 	Created text = TextStim(__class__=<class 'psychopy.visual.text.TextStim'>, alignHoriz=method-wrapper(...), alignText='center', alignVert=method-wrapper(...), anchorHoriz='center', anchorVert='center', antialias=True, autoLog=True, bold=False, color=array([1., 1., 1.]), colorSpace='rgb', contrast=1.0, depth=0.0, flipHoriz=False, flipVert=False, font='Arial', fontFiles=[], height=0.07, italic=False, languageStyle='LTR', name='text', opacity=1, ori=0, pos=array([0., 0.]), rgb=UNKNOWN, text=str(...), units='norm', win=Window(...), wrapWidth=1.65)
275.8365 	EXP 	Created instru = TextStim(__class__=<class 'psychopy.visual.text.TextStim'>, alignHoriz=method-wrapper(...), alignText='center', alignVert=method-wrapper(...), anchorHoriz='center', anchorVert='center', antialias=True, autoLog=True, bold=False, color=array([1., 1., 1.]), colorSpace='rgb', contrast=1.0, depth=0.0, flipHoriz=False, flipVert=False, font='Arial', fontFiles=[], height=0.07, italic=False, languageStyle='LTR', name='instru', opacity=1, ori=0, pos=array([0. , 0.5]), rgb=UNKNOWN, text=str(...), units='norm', win=Window(...), wrapWidth=1)
275.8391 	EXP 	Created unnamed Line = Line(__class__=<class 'psychopy.visual.line.Line'>, autoDraw=False, autoLog=True, closeShape=False, color=array([1., 1., 1.]), colorSpace='rgb', contrast=None, depth=0, fillColor=array([0, 0, 0]), fillColorSpace='rgb', fillRGB=array([0, 0, 0]), interpolate=True, lineColor=array([1., 1., 1.]), lineColorSpace='rgb', lineRGB=array([1, 1, 1]), lineWidth=5, name='unnamed Line', opacity=0.5, ori=0.0, pos=array([0., 0.]), size=array([1., 1.]), units='norm', vertices=array([[-0.5,  0. ],
       [ 0.5,  0. ]]), win=Window(...), windingRule=None)
275.8412 	EXP 	Created unnamed Line = Line(__class__=<class 'psychopy.visual.line.Line'>, autoDraw=False, autoLog=True, closeShape=False, color=array([1., 1., 1.]), colorSpace='rgb', contrast=None, depth=0, fillColor=array([0, 0, 0]), fillColorSpace='rgb', fillRGB=array([0, 0, 0]), interpolate=True, lineColor=array([1., 1., 1.]), lineColorSpace='rgb', lineRGB=array([1, 1, 1]), lineWidth=3, name='unnamed Line', opacity=0.5, ori=0.0, pos=array([0., 0.]), size=array([1., 1.]), units='norm', vertices=array([[-0.5 , -0.05],
       [-0.5 ,  0.05]]), win=Window(...), windingRule=None)
275.8432 	EXP 	Created unnamed Line = Line(__class__=<class 'psychopy.visual.line.Line'>, autoDraw=False, autoLog=True, closeShape=False, color=array([1., 1., 1.]), colorSpace='rgb', contrast=None, depth=0, fillColor=array([0, 0, 0]), fillColorSpace='rgb', fillRGB=array([0, 0, 0]), interpolate=True, lineColor=array([1., 1., 1.]), lineColorSpace='rgb', lineRGB=array([1, 1, 1]), lineWidth=3, name='unnamed Line', opacity=0.5, ori=0.0, pos=array([0., 0.]), size=array([1., 1.]), units='norm', vertices=ndarray(...), win=Window(...), windingRule=None)
275.8452 	EXP 	Created unnamed Line = Line(__class__=<class 'psychopy.visual.line.Line'>, autoDraw=False, autoLog=True, closeShape=False, color=array([1., 1., 1.]), colorSpace='rgb', contrast=None, depth=0, fillColor=array([0, 0, 0]), fillColorSpace='rgb', fillRGB=array([0, 0, 0]), interpolate=True, lineColor=array([1., 1., 1.]), lineColorSpace='rgb', lineRGB=array([1, 1, 1]), lineWidth=3, name='unnamed Line', opacity=0.5, ori=0.0, pos=array([0., 0.]), size=array([1., 1.]), units='norm', vertices=ndarray(...), win=Window(...), windingRule=None)
275.8472 	EXP 	Created unnamed Line = Line(__class__=<class 'psychopy.visual.line.Line'>, autoDraw=False, autoLog=True, closeShape=False, color=array([1., 1., 1.]), colorSpace='rgb', contrast=None, depth=0, fillColor=array([0, 0, 0]), fillColorSpace='rgb', fillRGB=array([0, 0, 0]), interpolate=True, lineColor=array([1., 1., 1.]), lineColorSpace='rgb', lineRGB=array([1, 1, 1]), lineWidth=3, name='unnamed Line', opacity=0.5, ori=0.0, pos=array([0., 0.]), size=array([1., 1.]), units='norm', vertices=array([[ 0.5 , -0.05],
       [ 0.5 ,  0.05]]), win=Window(...), windingRule=None)
275.8590 	EXP 	Created unnamed TextStim = TextStim(__class__=<class 'psychopy.visual.text.TextStim'>, alignHoriz=method-wrapper(...), alignText='center', alignVert=method-wrapper(...), anchorHoriz='center', anchorVert='center', antialias=True, autoLog=True, bold=False, color=array([1., 1., 1.]), colorSpace='rgb', contrast=1.0, depth=0, flipHoriz=False, flipVert=False, font='', fontFiles=[], height=0.05, italic=False, languageStyle='LTR', name='unnamed TextStim', opacity=1.0, ori=0.0, pos=array([-0.5, -0.1]), rgb=UNKNOWN, text='Clearly \n NOT FOCUSED', units='norm', win=Window(...), wrapWidth=1)
275.8600 	EXP 	Created unnamed TextStim = TextStim(__class__=<class 'psychopy.visual.text.TextStim'>, alignHoriz=method-wrapper(...), alignText='center', alignVert=method-wrapper(...), anchorHoriz='center', anchorVert='center', antialias=True, autoLog=True, bold=False, color=array([1., 1., 1.]), colorSpace='rgb', contrast=1.0, depth=0, flipHoriz=False, flipVert=False, font='', fontFiles=[], height=0.05, italic=False, languageStyle='LTR', name='unnamed TextStim', opacity=1.0, ori=0.0, pos=array([-0.16666667, -0.1       ]), rgb=UNKNOWN, text='', units='norm', win=Window(...), wrapWidth=1)
275.8611 	EXP 	Created unnamed TextStim = TextStim(__class__=<class 'psychopy.visual.text.TextStim'>, alignHoriz=method-wrapper(...), alignText='center', alignVert=method-wrapper(...), anchorHoriz='center', anchorVert='center', antialias=True, autoLog=True, bold=False, color=array([1., 1., 1.]), colorSpace='rgb', contrast=1.0, depth=0, flipHoriz=False, flipVert=False, font='', fontFiles=[], height=0.05, italic=False, languageStyle='LTR', name='unnamed TextStim', opacity=1.0, ori=0.0, pos=array([ 0.16666667, -0.1       ]), rgb=UNKNOWN, text='', units='norm', win=Window(...), wrapWidth=1)
275.8644 	EXP 	Created unnamed TextStim = TextStim(__class__=<class 'psychopy.visual.text.TextStim'>, alignHoriz=method-wrapper(...), alignText='center', alignVert=method-wrapper(...), anchorHoriz='center', anchorVert='center', antialias=True, autoLog=True, bold=False, color=array([1., 1., 1.]), colorSpace='rgb', contrast=1.0, depth=0, flipHoriz=False, flipVert=False, font='', fontFiles=[], height=0.05, italic=False, languageStyle='LTR', name='unnamed TextStim', opacity=1.0, ori=0.0, pos=array([ 0.5, -0.1]), rgb=UNKNOWN, text='Clearly \n FOCUSED', units='norm', win=Window(...), wrapWidth=1)
275.8662 	EXP 	Created unnamed ShapeStim = ShapeStim(__class__=<class 'psychopy.visual.shape.ShapeStim'>, autoDraw=False, autoLog=True, closeShape=True, color=method-wrapper(...), colorSpace='rgb', contrast=None, depth=0, fillColor=array([1, 1, 1]), fillColorSpace='rgb', fillRGB=array([1, 1, 1]), interpolate=True, lineColor=array([-1., -1., -1.]), lineColorSpace='rgb', lineRGB=array([-1, -1, -1]), lineWidth=1.5, name='unnamed ShapeStim', opacity=1.0, ori=0.0, pos=array([0., 0.]), size=array([1., 1.]), units='norm', vertices=ndarray(...), win=Window(...), windingRule=None)
275.8749 	EXP 	Created instru = TextStim(__class__=<class 'psychopy.visual.text.TextStim'>, alignHoriz=method-wrapper(...), alignText='center', alignVert=method-wrapper(...), anchorHoriz='center', anchorVert='center', antialias=True, autoLog=True, bold=False, color=array([1., 1., 1.]), colorSpace='rgb', contrast=1.0, depth=0.0, flipHoriz=False, flipVert=False, font='Arial', fontFiles=[], height=0.07, italic=False, languageStyle='LTR', name='instru', opacity=1, ori=0, pos=array([0. , 0.5]), rgb=UNKNOWN, text=str(...), units='norm', win=Window(...), wrapWidth=1)
275.8769 	EXP 	Created unnamed Line = Line(__class__=<class 'psychopy.visual.line.Line'>, autoDraw=False, autoLog=True, closeShape=False, color=array([1., 1., 1.]), colorSpace='rgb', contrast=None, depth=0, fillColor=array([0, 0, 0]), fillColorSpace='rgb', fillRGB=array([0, 0, 0]), interpolate=True, lineColor=array([1., 1., 1.]), lineColorSpace='rgb', lineRGB=array([1, 1, 1]), lineWidth=5, name='unnamed Line', opacity=0.5, ori=0.0, pos=array([0., 0.]), size=array([1., 1.]), units='norm', vertices=array([[-0.5,  0. ],
       [ 0.5,  0. ]]), win=Window(...), windingRule=None)
275.8790 	EXP 	Created unnamed Line = Line(__class__=<class 'psychopy.visual.line.Line'>, autoDraw=False, autoLog=True, closeShape=False, color=array([1., 1., 1.]), colorSpace='rgb', contrast=None, depth=0, fillColor=array([0, 0, 0]), fillColorSpace='rgb', fillRGB=array([0, 0, 0]), interpolate=True, lineColor=array([1., 1., 1.]), lineColorSpace='rgb', lineRGB=array([1, 1, 1]), lineWidth=3, name='unnamed Line', opacity=0.5, ori=0.0, pos=array([0., 0.]), size=array([1., 1.]), units='norm', vertices=array([[-0.5 , -0.05],
       [-0.5 ,  0.05]]), win=Window(...), windingRule=None)
275.8810 	EXP 	Created unnamed Line = Line(__class__=<class 'psychopy.visual.line.Line'>, autoDraw=False, autoLog=True, closeShape=False, color=array([1., 1., 1.]), colorSpace='rgb', contrast=None, depth=0, fillColor=array([0, 0, 0]), fillColorSpace='rgb', fillRGB=array([0, 0, 0]), interpolate=True, lineColor=array([1., 1., 1.]), lineColorSpace='rgb', lineRGB=array([1, 1, 1]), lineWidth=3, name='unnamed Line', opacity=0.5, ori=0.0, pos=array([0., 0.]), size=array([1., 1.]), units='norm', vertices=ndarray(...), win=Window(...), windingRule=None)
275.8831 	EXP 	Created unnamed Line = Line(__class__=<class 'psychopy.visual.line.Line'>, autoDraw=False, autoLog=True, closeShape=False, color=array([1., 1., 1.]), colorSpace='rgb', contrast=None, depth=0, fillColor=array([0, 0, 0]), fillColorSpace='rgb', fillRGB=array([0, 0, 0]), interpolate=True, lineColor=array([1., 1., 1.]), lineColorSpace='rgb', lineRGB=array([1, 1, 1]), lineWidth=3, name='unnamed Line', opacity=0.5, ori=0.0, pos=array([0., 0.]), size=array([1., 1.]), units='norm', vertices=ndarray(...), win=Window(...), windingRule=None)
275.8851 	EXP 	Created unnamed Line = Line(__class__=<class 'psychopy.visual.line.Line'>, autoDraw=False, autoLog=True, closeShape=False, color=array([1., 1., 1.]), colorSpace='rgb', contrast=None, depth=0, fillColor=array([0, 0, 0]), fillColorSpace='rgb', fillRGB=array([0, 0, 0]), interpolate=True, lineColor=array([1., 1., 1.]), lineColorSpace='rgb', lineRGB=array([1, 1, 1]), lineWidth=3, name='unnamed Line', opacity=0.5, ori=0.0, pos=array([0., 0.]), size=array([1., 1.]), units='norm', vertices=array([[ 0.5 , -0.05],
       [ 0.5 ,  0.05]]), win=Window(...), windingRule=None)
275.8907 	EXP 	Created unnamed TextStim = TextStim(__class__=<class 'psychopy.visual.text.TextStim'>, alignHoriz=method-wrapper(...), alignText='center', alignVert=method-wrapper(...), anchorHoriz='center', anchorVert='center', antialias=True, autoLog=True, bold=False, color=array([1., 1., 1.]), colorSpace='rgb', contrast=1.0, depth=0, flipHoriz=False, flipVert=False, font='', fontFiles=[], height=0.05, italic=False, languageStyle='LTR', name='unnamed TextStim', opacity=1.0, ori=0.0, pos=array([-0.5, -0.1]), rgb=UNKNOWN, text='Clearly \n NOTHING', units='norm', win=Window(...), wrapWidth=1)
275.8917 	EXP 	Created unnamed TextStim = TextStim(__class__=<class 'psychopy.visual.text.TextStim'>, alignHoriz=method-wrapper(...), alignText='center', alignVert=method-wrapper(...), anchorHoriz='center', anchorVert='center', antialias=True, autoLog=True, bold=False, color=array([1., 1., 1.]), colorSpace='rgb', contrast=1.0, depth=0, flipHoriz=False, flipVert=False, font='', fontFiles=[], height=0.05, italic=False, languageStyle='LTR', name='unnamed TextStim', opacity=1.0, ori=0.0, pos=array([-0.16666667, -0.1       ]), rgb=UNKNOWN, text='', units='norm', win=Window(...), wrapWidth=1)
275.8928 	EXP 	Created unnamed TextStim = TextStim(__class__=<class 'psychopy.visual.text.TextStim'>, alignHoriz=method-wrapper(...), alignText='center', alignVert=method-wrapper(...), anchorHoriz='center', anchorVert='center', antialias=True, autoLog=True, bold=False, color=array([1., 1., 1.]), colorSpace='rgb', contrast=1.0, depth=0, flipHoriz=False, flipVert=False, font='', fontFiles=[], height=0.05, italic=False, languageStyle='LTR', name='unnamed TextStim', opacity=1.0, ori=0.0, pos=array([ 0.16666667, -0.1       ]), rgb=UNKNOWN, text='', units='norm', win=Window(...), wrapWidth=1)
275.8972 	EXP 	Created unnamed TextStim = TextStim(__class__=<class 'psychopy.visual.text.TextStim'>, alignHoriz=method-wrapper(...), alignText='center', alignVert=method-wrapper(...), anchorHoriz='center', anchorVert='center', antialias=True, autoLog=True, bold=False, color=array([1., 1., 1.]), colorSpace='rgb', contrast=1.0, depth=0, flipHoriz=False, flipVert=False, font='', fontFiles=[], height=0.05, italic=False, languageStyle='LTR', name='unnamed TextStim', opacity=1.0, ori=0.0, pos=array([ 0.5, -0.1]), rgb=UNKNOWN, text='Clearly \n SOMETHING', units='norm', win=Window(...), wrapWidth=1)
275.8994 	EXP 	Created unnamed ShapeStim = ShapeStim(__class__=<class 'psychopy.visual.shape.ShapeStim'>, autoDraw=False, autoLog=True, closeShape=True, color=method-wrapper(...), colorSpace='rgb', contrast=None, depth=0, fillColor=array([1, 1, 1]), fillColorSpace='rgb', fillRGB=array([1, 1, 1]), interpolate=True, lineColor=array([-1., -1., -1.]), lineColorSpace='rgb', lineRGB=array([-1, -1, -1]), lineWidth=1.5, name='unnamed ShapeStim', opacity=1.0, ori=0.0, pos=array([0., 0.]), size=array([1., 1.]), units='norm', vertices=ndarray(...), win=Window(...), windingRule=None)
275.9073 	EXP 	Created instru = TextStim(__class__=<class 'psychopy.visual.text.TextStim'>, alignHoriz=method-wrapper(...), alignText='center', alignVert=method-wrapper(...), anchorHoriz='center', anchorVert='center', antialias=True, autoLog=True, bold=False, color=array([1., 1., 1.]), colorSpace='rgb', contrast=1.0, depth=0.0, flipHoriz=False, flipVert=False, font='Arial', fontFiles=[], height=0.07, italic=False, languageStyle='LTR', name='instru', opacity=1, ori=0, pos=array([0. , 0.5]), rgb=UNKNOWN, text=str(...), units='norm', win=Window(...), wrapWidth=1)
275.9094 	EXP 	Created unnamed Line = Line(__class__=<class 'psychopy.visual.line.Line'>, autoDraw=False, autoLog=True, closeShape=False, color=array([1., 1., 1.]), colorSpace='rgb', contrast=None, depth=0, fillColor=array([0, 0, 0]), fillColorSpace='rgb', fillRGB=array([0, 0, 0]), interpolate=True, lineColor=array([1., 1., 1.]), lineColorSpace='rgb', lineRGB=array([1, 1, 1]), lineWidth=5, name='unnamed Line', opacity=0.5, ori=0.0, pos=array([0., 0.]), size=array([1., 1.]), units='norm', vertices=array([[-0.5,  0. ],
       [ 0.5,  0. ]]), win=Window(...), windingRule=None)
275.9114 	EXP 	Created unnamed Line = Line(__class__=<class 'psychopy.visual.line.Line'>, autoDraw=False, autoLog=True, closeShape=False, color=array([1., 1., 1.]), colorSpace='rgb', contrast=None, depth=0, fillColor=array([0, 0, 0]), fillColorSpace='rgb', fillRGB=array([0, 0, 0]), interpolate=True, lineColor=array([1., 1., 1.]), lineColorSpace='rgb', lineRGB=array([1, 1, 1]), lineWidth=3, name='unnamed Line', opacity=0.5, ori=0.0, pos=array([0., 0.]), size=array([1., 1.]), units='norm', vertices=array([[-0.5 , -0.05],
       [-0.5 ,  0.05]]), win=Window(...), windingRule=None)
275.9135 	EXP 	Created unnamed Line = Line(__class__=<class 'psychopy.visual.line.Line'>, autoDraw=False, autoLog=True, closeShape=False, color=array([1., 1., 1.]), colorSpace='rgb', contrast=None, depth=0, fillColor=array([0, 0, 0]), fillColorSpace='rgb', fillRGB=array([0, 0, 0]), interpolate=True, lineColor=array([1., 1., 1.]), lineColorSpace='rgb', lineRGB=array([1, 1, 1]), lineWidth=3, name='unnamed Line', opacity=0.5, ori=0.0, pos=array([0., 0.]), size=array([1., 1.]), units='norm', vertices=ndarray(...), win=Window(...), windingRule=None)
275.9155 	EXP 	Created unnamed Line = Line(__class__=<class 'psychopy.visual.line.Line'>, autoDraw=False, autoLog=True, closeShape=False, color=array([1., 1., 1.]), colorSpace='rgb', contrast=None, depth=0, fillColor=array([0, 0, 0]), fillColorSpace='rgb', fillRGB=array([0, 0, 0]), interpolate=True, lineColor=array([1., 1., 1.]), lineColorSpace='rgb', lineRGB=array([1, 1, 1]), lineWidth=3, name='unnamed Line', opacity=0.5, ori=0.0, pos=array([0., 0.]), size=array([1., 1.]), units='norm', vertices=ndarray(...), win=Window(...), windingRule=None)
275.9175 	EXP 	Created unnamed Line = Line(__class__=<class 'psychopy.visual.line.Line'>, autoDraw=False, autoLog=True, closeShape=False, color=array([1., 1., 1.]), colorSpace='rgb', contrast=None, depth=0, fillColor=array([0, 0, 0]), fillColorSpace='rgb', fillRGB=array([0, 0, 0]), interpolate=True, lineColor=array([1., 1., 1.]), lineColorSpace='rgb', lineRGB=array([1, 1, 1]), lineWidth=3, name='unnamed Line', opacity=0.5, ori=0.0, pos=array([0., 0.]), size=array([1., 1.]), units='norm', vertices=array([[ 0.5 , -0.05],
       [ 0.5 ,  0.05]]), win=Window(...), windingRule=None)
275.9231 	EXP 	Created unnamed TextStim = TextStim(__class__=<class 'psychopy.visual.text.TextStim'>, alignHoriz=method-wrapper(...), alignText='center', alignVert=method-wrapper(...), anchorHoriz='center', anchorVert='center', antialias=True, autoLog=True, bold=False, color=array([1., 1., 1.]), colorSpace='rgb', contrast=1.0, depth=0, flipHoriz=False, flipVert=False, font='', fontFiles=[], height=0.05, italic=False, languageStyle='LTR', name='unnamed TextStim', opacity=1.0, ori=0.0, pos=array([-0.5, -0.1]), rgb=UNKNOWN, text='Clearly \n SPONTANEOUS', units='norm', win=Window(...), wrapWidth=1)
275.9242 	EXP 	Created unnamed TextStim = TextStim(__class__=<class 'psychopy.visual.text.TextStim'>, alignHoriz=method-wrapper(...), alignText='center', alignVert=method-wrapper(...), anchorHoriz='center', anchorVert='center', antialias=True, autoLog=True, bold=False, color=array([1., 1., 1.]), colorSpace='rgb', contrast=1.0, depth=0, flipHoriz=False, flipVert=False, font='', fontFiles=[], height=0.05, italic=False, languageStyle='LTR', name='unnamed TextStim', opacity=1.0, ori=0.0, pos=array([-0.16666667, -0.1       ]), rgb=UNKNOWN, text='', units='norm', win=Window(...), wrapWidth=1)
275.9252 	EXP 	Created unnamed TextStim = TextStim(__class__=<class 'psychopy.visual.text.TextStim'>, alignHoriz=method-wrapper(...), alignText='center', alignVert=method-wrapper(...), anchorHoriz='center', anchorVert='center', antialias=True, autoLog=True, bold=False, color=array([1., 1., 1.]), colorSpace='rgb', contrast=1.0, depth=0, flipHoriz=False, flipVert=False, font='', fontFiles=[], height=0.05, italic=False, languageStyle='LTR', name='unnamed TextStim', opacity=1.0, ori=0.0, pos=array([ 0.16666667, -0.1       ]), rgb=UNKNOWN, text='', units='norm', win=Window(...), wrapWidth=1)
275.9306 	EXP 	Created unnamed TextStim = TextStim(__class__=<class 'psychopy.visual.text.TextStim'>, alignHoriz=method-wrapper(...), alignText='center', alignVert=method-wrapper(...), anchorHoriz='center', anchorVert='center', antialias=True, autoLog=True, bold=False, color=array([1., 1., 1.]), colorSpace='rgb', contrast=1.0, depth=0, flipHoriz=False, flipVert=False, font='', fontFiles=[], height=0.05, italic=False, languageStyle='LTR', name='unnamed TextStim', opacity=1.0, ori=0.0, pos=array([ 0.5, -0.1]), rgb=UNKNOWN, text='Clearly \n DELIBERATE', units='norm', win=Window(...), wrapWidth=1)
275.9324 	EXP 	Created unnamed ShapeStim = ShapeStim(__class__=<class 'psychopy.visual.shape.ShapeStim'>, autoDraw=False, autoLog=True, closeShape=True, color=method-wrapper(...), colorSpace='rgb', contrast=None, depth=0, fillColor=array([1, 1, 1]), fillColorSpace='rgb', fillRGB=array([1, 1, 1]), interpolate=True, lineColor=array([-1., -1., -1.]), lineColorSpace='rgb', lineRGB=array([-1, -1, -1]), lineWidth=1.5, name='unnamed ShapeStim', opacity=1.0, ori=0.0, pos=array([0., 0.]), size=array([1., 1.]), units='norm', vertices=ndarray(...), win=Window(...), windingRule=None)
275.9823 	EXP 	Sound  set volume 1.000
276.0326 	EXP 	unnamed ShapeStim: vertices = <class 'numpy.ndarray'>
276.0326 	EXP 	unnamed ShapeStim: vertices = <class 'numpy.ndarray'>
276.0326 	EXP 	unnamed ShapeStim: vertices = <class 'numpy.ndarray'>
323.5085 	DATA 	Keypress: rctrl
332.6925 	DATA 	Keypress: rctrl
335.3005 	DATA 	Keypress: rctrl
335.3258 	EXP 	unnamed TextStim: text = ''
335.3258 	EXP 	unnamed TextStim: text = ''
340.5170 	DATA 	Keypress: 2
340.5462 	EXP 	unnamed ShapeStim: vertices = <class 'numpy.ndarray'>
342.0644 	DATA 	Keypress: rctrl
343.6204 	DATA 	Keypress: rctrl
343.6493 	EXP 	unnamed TextStim: text = ''
343.6493 	EXP 	unnamed TextStim: text = ''
348.5864 	DATA 	Keypress: 3
348.6028 	EXP 	unnamed ShapeStim: vertices = <class 'numpy.ndarray'>
356.5805 	DATA 	Keypress: rctrl
356.6099 	EXP 	unnamed TextStim: text = ''
356.6099 	EXP 	unnamed TextStim: text = ''
358.2481 	DATA 	Keypress: 4
358.2774 	EXP 	unnamed ShapeStim: vertices = <class 'numpy.ndarray'>
366.0365 	DATA 	Keypress: rctrl
372.4045 	DATA 	Keypress: rctrl
377.5085 	DATA 	Keypress: rctrl
378.0281 	EXP 	Sound  started
378.2925 	DATA 	Keypress: rctrl
378.7781 	EXP 	Sound  started
378.9806 	DATA 	Keypress: lctrl
379.5245 	DATA 	Keypress: rctrl
379.5281 	EXP 	Sound  started
380.2284 	DATA 	Keypress: rctrl
380.2781 	EXP 	Sound  started
380.9965 	DATA 	Keypress: rctrl
381.0281 	EXP 	Sound  started
381.6685 	DATA 	Keypress: lctrl
381.7781 	EXP 	Sound  started
382.4845 	DATA 	Keypress: lctrl
382.5281 	EXP 	Sound  started
383.2685 	DATA 	Keypress: rctrl
383.2781 	EXP 	Sound  started
384.0204 	DATA 	Keypress: rctrl
384.0282 	EXP 	Sound  started
384.7725 	DATA 	Keypress: lctrl
384.7782 	EXP 	Sound  started
385.5246 	DATA 	Keypress: rctrl
385.5282 	EXP 	Sound  started
386.2445 	DATA 	Keypress: rctrl
386.2782 	EXP 	Sound  started
386.9644 	DATA 	Keypress: lctrl
387.0282 	EXP 	Sound  started
387.7325 	DATA 	Keypress: lctrl
387.7782 	EXP 	Sound  started
388.5164 	DATA 	Keypress: lctrl
388.5283 	EXP 	Sound  started
389.2205 	DATA 	Keypress: rctrl
389.2783 	EXP 	Sound  started
389.9565 	DATA 	Keypress: rctrl
390.0283 	EXP 	Sound  started
390.6605 	DATA 	Keypress: rctrl
390.7783 	EXP 	Sound  started
391.3804 	DATA 	Keypress: lctrl
391.5283 	EXP 	Sound  started
392.1164 	DATA 	Keypress: lctrl
392.2783 	EXP 	Sound  started
392.9324 	DATA 	Keypress: rctrl
393.0284 	EXP 	Sound  started
393.6204 	DATA 	Keypress: lctrl
393.7784 	EXP 	Sound  started
394.3884 	DATA 	Keypress: lctrl
394.5284 	EXP 	Sound  started
395.1725 	DATA 	Keypress: rctrl
395.2784 	EXP 	Sound  started
395.9244 	DATA 	Keypress: rctrl
396.0284 	EXP 	Sound  started
396.6764 	DATA 	Keypress: lctrl
396.7784 	EXP 	Sound  started
397.3805 	DATA 	Keypress: lctrl
397.5284 	EXP 	Sound  started
398.1324 	DATA 	Keypress: rctrl
398.2785 	EXP 	Sound  started
398.8364 	DATA 	Keypress: rctrl
399.0285 	EXP 	Sound  started
399.5245 	DATA 	Keypress: lctrl
399.7785 	EXP 	Sound  started
400.4045 	DATA 	Keypress: lctrl
400.5285 	EXP 	Sound  started
401.1725 	DATA 	Keypress: lctrl
401.2785 	EXP 	Sound  started
401.8604 	DATA 	Keypress: lctrl
402.0285 	EXP 	Sound  started
402.6924 	DATA 	Keypress: lctrl
402.7786 	EXP 	Sound  started
403.4444 	DATA 	Keypress: rctrl
403.5286 	EXP 	Sound  started
404.2786 	EXP 	Sound  started
404.3245 	DATA 	Keypress: rctrl
405.0124 	DATA 	Keypress: lctrl
405.0286 	EXP 	Sound  started
405.7786 	EXP 	Sound  started
405.8925 	DATA 	Keypress: rctrl
406.5286 	EXP 	Sound  started
406.5324 	DATA 	Keypress: rctrl
407.2525 	DATA 	Keypress: lctrl
407.2787 	EXP 	Sound  started
408.0287 	EXP 	Sound  started
408.1165 	DATA 	Keypress: lctrl
408.7564 	DATA 	Keypress: rctrl
408.7787 	EXP 	Sound  started
409.5287 	EXP 	Sound  started
410.2787 	EXP 	Sound  started
411.0125 	DATA 	Keypress: lctrl
411.0287 	EXP 	Sound  started
411.7787 	EXP 	Sound  started
411.7965 	DATA 	Keypress: lctrl
412.4205 	DATA 	Keypress: lctrl
412.5287 	EXP 	Sound  started
413.2788 	EXP 	Sound  started
413.4924 	DATA 	Keypress: rctrl
414.0288 	EXP 	Sound  started
414.0525 	DATA 	Keypress: rctrl
414.7724 	DATA 	Keypress: rctrl
414.7788 	EXP 	Sound  started
415.3965 	DATA 	Keypress: lctrl
415.5288 	EXP 	Sound  started
416.1644 	DATA 	Keypress: lctrl
416.2788 	EXP 	Sound  started
416.9804 	DATA 	Keypress: rctrl
417.0288 	EXP 	Sound  started
417.7324 	DATA 	Keypress: rctrl
417.7789 	EXP 	Sound  started
418.5289 	EXP 	Sound  started
418.5325 	DATA 	Keypress: lctrl
419.2684 	DATA 	Keypress: lctrl
419.2789 	EXP 	Sound  started
420.0044 	DATA 	Keypress: lctrl
420.0289 	EXP 	Sound  started
420.7404 	DATA 	Keypress: rctrl
420.7789 	EXP 	Sound  started
421.4444 	DATA 	Keypress: rctrl
421.5289 	EXP 	Sound  started
421.9564 	DATA 	Keypress: lctrl
422.2789 	EXP 	Sound  started
422.8845 	DATA 	Keypress: rctrl
423.0290 	EXP 	Sound  started
423.7004 	DATA 	Keypress: lctrl
423.7790 	EXP 	Sound  started
424.5004 	DATA 	Keypress: rctrl
424.5290 	EXP 	Sound  started
425.2524 	DATA 	Keypress: lctrl
425.2790 	EXP 	Sound  started
426.0290 	EXP 	Sound  started
426.0684 	DATA 	Keypress: lctrl
426.6924 	DATA 	Keypress: lctrl
426.7790 	EXP 	Sound  started
427.4604 	DATA 	Keypress: lctrl
427.5291 	EXP 	Sound  started
428.1965 	DATA 	Keypress: lctrl
428.2791 	EXP 	Sound  started
428.9324 	DATA 	Keypress: rctrl
432.5884 	DATA 	Keypress: 4
432.6049 	EXP 	unnamed ShapeStim: vertices = <class 'numpy.ndarray'>
448.7350 	DATA 	Keypress: 4
448.7515 	EXP 	unnamed ShapeStim: vertices = <class 'numpy.ndarray'>
453.2220 	DATA 	Keypress: 4
453.2385 	EXP 	unnamed ShapeStim: vertices = <class 'numpy.ndarray'>
455.5234 	EXP 	Sound  started
455.9884 	DATA 	Keypress: rctrl
456.2732 	EXP 	Sound  started
456.4684 	DATA 	Keypress: lctrl
457.0233 	EXP 	Sound  started
457.0604 	DATA 	Keypress: rctrl
457.7643 	DATA 	Keypress: rctrl
457.7733 	EXP 	Sound  started
458.4044 	DATA 	Keypress: rctrl
458.5233 	EXP 	Sound  started
459.2204 	DATA 	Keypress: lctrl
459.2733 	EXP 	Sound  started
459.9084 	DATA 	Keypress: lctrl
460.0233 	EXP 	Sound  started
460.7733 	EXP 	Sound  started
460.7884 	DATA 	Keypress: rctrl
461.5084 	DATA 	Keypress: rctrl
461.5233 	EXP 	Sound  started
462.2734 	EXP 	Sound  started
462.2924 	DATA 	Keypress: lctrl
462.9805 	DATA 	Keypress: lctrl
463.0234 	EXP 	Sound  started
463.7324 	DATA 	Keypress: rctrl
463.7734 	EXP 	Sound  started
464.4684 	DATA 	Keypress: rctrl
464.5234 	EXP 	Sound  started
465.1724 	DATA 	Keypress: rctrl
465.2734 	EXP 	Sound  started
465.9404 	DATA 	Keypress: rctrl
466.0234 	EXP 	Sound  started
466.6764 	DATA 	Keypress: lctrl
466.7734 	EXP 	Sound  started
467.4925 	DATA 	Keypress: lctrl
467.5235 	EXP 	Sound  started
468.2605 	DATA 	Keypress: rctrl
468.2735 	EXP 	Sound  started
469.0235 	EXP 	Sound  started
469.0764 	DATA 	Keypress: lctrl
469.7735 	EXP 	Sound  started
469.7964 	DATA 	Keypress: rctrl
470.5235 	EXP 	Sound  started
470.5484 	DATA 	Keypress: rctrl
471.2364 	DATA 	Keypress: lctrl
471.2735 	EXP 	Sound  started
471.9724 	DATA 	Keypress: lctrl
472.0235 	EXP 	Sound  started
472.6604 	DATA 	Keypress: lctrl
472.7736 	EXP 	Sound  started
473.4924 	DATA 	Keypress: lctrl
473.5236 	EXP 	Sound  started
474.2736 	EXP 	Sound  started
474.2764 	DATA 	Keypress: rctrl
475.0236 	EXP 	Sound  started
475.0444 	DATA 	Keypress: lctrl
475.7736 	EXP 	Sound  started
475.7964 	DATA 	Keypress: rctrl
476.5236 	EXP 	Sound  started
476.5644 	DATA 	Keypress: lctrl
477.2737 	EXP 	Sound  started
477.3004 	DATA 	Keypress: lctrl
477.9726 	DATA 	Keypress: lctrl
478.0237 	EXP 	Sound  started
478.7084 	DATA 	Keypress: lctrl
478.7737 	EXP 	Sound  started
479.5084 	DATA 	Keypress: rctrl
479.5237 	EXP 	Sound  started
480.2737 	EXP 	Sound  started
480.2764 	DATA 	Keypress: rctrl
481.0237 	EXP 	Sound  started
481.0444 	DATA 	Keypress: lctrl
481.7644 	DATA 	Keypress: rctrl
481.7737 	EXP 	Sound  started
482.5238 	EXP 	Sound  started
482.5804 	DATA 	Keypress: rctrl
483.2738 	EXP 	Sound  started
483.3164 	DATA 	Keypress: lctrl
484.0238 	EXP 	Sound  started
484.0524 	DATA 	Keypress: lctrl
484.7724 	DATA 	Keypress: rctrl
484.7738 	EXP 	Sound  started
485.5238 	EXP 	Sound  started
485.5564 	DATA 	Keypress: rctrl
486.2739 	EXP 	Sound  started
486.3084 	DATA 	Keypress: lctrl
487.0124 	DATA 	Keypress: lctrl
487.0239 	EXP 	Sound  started
487.7004 	DATA 	Keypress: lctrl
487.7739 	EXP 	Sound  started
488.4203 	DATA 	Keypress: rctrl
488.5239 	EXP 	Sound  started
489.2044 	DATA 	Keypress: rctrl
489.2739 	EXP 	Sound  started
489.9724 	DATA 	Keypress: lctrl
490.0042 	DATA 	Keypress: lctrl
490.0239 	EXP 	Sound  started
490.7739 	EXP 	Sound  started
490.7885 	DATA 	Keypress: lctrl
491.4123 	DATA 	Keypress: rctrl
491.5240 	EXP 	Sound  started
492.2740 	EXP 	Sound  started
492.3084 	DATA 	Keypress: lctrl
493.0240 	EXP 	Sound  started
493.0444 	DATA 	Keypress: rctrl
493.7740 	EXP 	Sound  started
493.7805 	DATA 	Keypress: rctrl
494.4525 	DATA 	Keypress: lctrl
494.5240 	EXP 	Sound  started
495.2524 	DATA 	Keypress: lctrl
495.2740 	EXP 	Sound  started
496.0204 	DATA 	Keypress: lctrl
496.0240 	EXP 	Sound  started
496.6764 	DATA 	Keypress: rctrl
496.7741 	EXP 	Sound  started
497.5241 	EXP 	Sound  started
497.5564 	DATA 	Keypress: lctrl
498.2284 	DATA 	Keypress: lctrl
498.2741 	EXP 	Sound  started
498.9804 	DATA 	Keypress: lctrl
499.0241 	EXP 	Sound  started
499.6843 	DATA 	Keypress: rctrl
499.7741 	EXP 	Sound  started
500.4684 	DATA 	Keypress: rctrl
500.5241 	EXP 	Sound  started
501.2204 	DATA 	Keypress: rctrl
501.2742 	EXP 	Sound  started
501.8443 	DATA 	Keypress: lctrl
506.8531 	DATA 	Keypress: 4
506.8824 	EXP 	unnamed ShapeStim: vertices = <class 'numpy.ndarray'>
516.4404 	DATA 	Keypress: 2
516.4569 	EXP 	unnamed ShapeStim: vertices = <class 'numpy.ndarray'>
524.5677 	DATA 	Keypress: 3
524.5969 	EXP 	unnamed ShapeStim: vertices = <class 'numpy.ndarray'>
526.8817 	EXP 	Sound  started
527.6317 	EXP 	Sound  started
528.2604 	DATA 	Keypress: lctrl
528.3817 	EXP 	Sound  started
529.1318 	EXP 	Sound  started
529.1404 	DATA 	Keypress: rctrl
529.8124 	DATA 	Keypress: lctrl
529.8818 	EXP 	Sound  started
530.5804 	DATA 	Keypress: lctrl
530.6318 	EXP 	Sound  started
531.3483 	DATA 	Keypress: lctrl
531.3818 	EXP 	Sound  started
532.0845 	DATA 	Keypress: lctrl
532.1318 	EXP 	Sound  started
532.8818 	EXP 	Sound  started
532.9483 	DATA 	Keypress: rctrl
533.6203 	DATA 	Keypress: rctrl
533.6319 	EXP 	Sound  started
534.3404 	DATA 	Keypress: rctrl
534.3819 	EXP 	Sound  started
535.1319 	EXP 	Sound  started
535.1403 	DATA 	Keypress: rctrl
535.8603 	DATA 	Keypress: lctrl
535.8819 	EXP 	Sound  started
536.6319 	EXP 	Sound  started
536.6444 	DATA 	Keypress: lctrl
537.3483 	DATA 	Keypress: rctrl
537.3819 	EXP 	Sound  started
538.1004 	DATA 	Keypress: rctrl
538.1319 	EXP 	Sound  started
538.8820 	EXP 	Sound  started
538.8844 	DATA 	Keypress: lctrl
539.6320 	EXP 	Sound  started
539.6683 	DATA 	Keypress: rctrl
540.3820 	EXP 	Sound  started
540.4203 	DATA 	Keypress: lctrl
541.0763 	DATA 	Keypress: lctrl
541.1320 	EXP 	Sound  started
541.7643 	DATA 	Keypress: rctrl
541.8820 	EXP 	Sound  started
542.5963 	DATA 	Keypress: lctrl
542.6320 	EXP 	Sound  started
543.3821 	EXP 	Sound  started
543.4123 	DATA 	Keypress: rctrl
544.1321 	EXP 	Sound  started
544.1485 	DATA 	Keypress: rctrl
544.8683 	DATA 	Keypress: lctrl
544.8821 	EXP 	Sound  started
545.6203 	DATA 	Keypress: lctrl
545.6321 	EXP 	Sound  started
546.3564 	DATA 	Keypress: lctrl
546.3821 	EXP 	Sound  started
547.0763 	DATA 	Keypress: rctrl
547.1321 	EXP 	Sound  started
547.7804 	DATA 	Keypress: lctrl
547.8822 	EXP 	Sound  started
548.6123 	DATA 	Keypress: rctrl
548.6322 	EXP 	Sound  started
549.3822 	EXP 	Sound  started
549.3963 	DATA 	Keypress: lctrl
550.1322 	EXP 	Sound  started
550.1325 	DATA 	Keypress: lctrl
550.8044 	DATA 	Keypress: lctrl
550.8822 	EXP 	Sound  started
551.4443 	DATA 	Keypress: lctrl
551.6322 	EXP 	Sound  started
552.1644 	DATA 	Keypress: rctrl
552.3822 	EXP 	Sound  started
552.9324 	DATA 	Keypress: rctrl
553.1323 	EXP 	Sound  started
553.7164 	DATA 	Keypress: rctrl
553.8823 	EXP 	Sound  started
554.5323 	DATA 	Keypress: lctrl
554.6323 	EXP 	Sound  started
555.3163 	DATA 	Keypress: rctrl
555.3823 	EXP 	Sound  started
556.1164 	DATA 	Keypress: rctrl
556.1323 	EXP 	Sound  started
556.8364 	DATA 	Keypress: lctrl
556.8823 	EXP 	Sound  started
557.6203 	DATA 	Keypress: rctrl
557.6323 	EXP 	Sound  started
558.2764 	DATA 	Keypress: lctrl
558.3824 	EXP 	Sound  started
559.0603 	DATA 	Keypress: lctrl
559.1324 	EXP 	Sound  started
559.8124 	DATA 	Keypress: rctrl
559.8824 	EXP 	Sound  started
560.6123 	DATA 	Keypress: rctrl
560.6324 	EXP 	Sound  started
561.3643 	DATA 	Keypress: rctrl
561.3824 	EXP 	Sound  started
562.1163 	DATA 	Keypress: lctrl
562.1324 	EXP 	Sound  started
562.8684 	DATA 	Keypress: lctrl
562.8824 	EXP 	Sound  started
563.6043 	DATA 	Keypress: rctrl
563.6325 	EXP 	Sound  started
564.3404 	DATA 	Keypress: lctrl
564.3825 	EXP 	Sound  started
565.1243 	DATA 	Keypress: rctrl
565.1325 	EXP 	Sound  started
565.8603 	DATA 	Keypress: rctrl
565.8825 	EXP 	Sound  started
566.6124 	DATA 	Keypress: lctrl
566.6325 	EXP 	Sound  started
567.3324 	DATA 	Keypress: lctrl
567.3825 	EXP 	Sound  started
568.1325 	EXP 	Sound  started
568.1963 	DATA 	Keypress: rctrl
575.2719 	DATA 	Keypress: 3
575.2884 	EXP 	unnamed ShapeStim: vertices = <class 'numpy.ndarray'>
581.1600 	DATA 	Keypress: 4
581.1766 	EXP 	unnamed ShapeStim: vertices = <class 'numpy.ndarray'>
587.2690 	DATA 	Keypress: 3
587.2982 	EXP 	unnamed ShapeStim: vertices = <class 'numpy.ndarray'>
589.5831 	EXP 	Sound  started
589.5834 	DATA 	Keypress: rctrl
590.1963 	DATA 	Keypress: lctrl
590.3330 	EXP 	Sound  started
591.0763 	DATA 	Keypress: lctrl
591.0831 	EXP 	Sound  started
591.7803 	DATA 	Keypress: rctrl
591.8331 	EXP 	Sound  started
592.5831 	EXP 	Sound  started
592.6124 	DATA 	Keypress: lctrl
593.3331 	EXP 	Sound  started
593.3963 	DATA 	Keypress: rctrl
594.0831 	EXP 	Sound  started
594.1004 	DATA 	Keypress: rctrl
594.8331 	EXP 	Sound  started
594.8523 	DATA 	Keypress: rctrl
595.5562 	DATA 	Keypress: lctrl
595.5831 	EXP 	Sound  started
596.2603 	DATA 	Keypress: lctrl
596.3332 	EXP 	Sound  started
597.0832 	EXP 	Sound  started
597.1243 	DATA 	Keypress: rctrl
597.7963 	DATA 	Keypress: lctrl
597.8332 	EXP 	Sound  started
598.5483 	DATA 	Keypress: rctrl
598.5832 	EXP 	Sound  started
599.2683 	DATA 	Keypress: rctrl
599.3332 	EXP 	Sound  started
599.9883 	DATA 	Keypress: lctrl
600.0832 	EXP 	Sound  started
600.7723 	DATA 	Keypress: lctrl
600.8332 	EXP 	Sound  started
601.5243 	DATA 	Keypress: lctrl
601.5833 	EXP 	Sound  started
602.1804 	DATA 	Keypress: lctrl
602.3333 	EXP 	Sound  started
602.9483 	DATA 	Keypress: rctrl
603.0833 	EXP 	Sound  started
603.7643 	DATA 	Keypress: rctrl
603.8333 	EXP 	Sound  started
604.5803 	DATA 	Keypress: rctrl
604.5833 	EXP 	Sound  started
605.2843 	DATA 	Keypress: lctrl
605.3333 	EXP 	Sound  started
606.0523 	DATA 	Keypress: lctrl
606.0834 	EXP 	Sound  started
606.7403 	DATA 	Keypress: rctrl
606.8334 	EXP 	Sound  started
607.4923 	DATA 	Keypress: rctrl
607.5834 	EXP 	Sound  started
608.2443 	DATA 	Keypress: lctrl
608.3334 	EXP 	Sound  started
609.0834 	EXP 	Sound  started
609.1083 	DATA 	Keypress: lctrl
609.8334 	EXP 	Sound  started
609.8763 	DATA 	Keypress: lctrl
610.4523 	DATA 	Keypress: rctrl
610.5835 	EXP 	Sound  started
611.2683 	DATA 	Keypress: lctrl
611.3335 	EXP 	Sound  started
611.9883 	DATA 	Keypress: rctrl
612.0835 	EXP 	Sound  started
612.7723 	DATA 	Keypress: lctrl
612.8335 	EXP 	Sound  started
613.5563 	DATA 	Keypress: lctrl
613.5835 	EXP 	Sound  started
614.2445 	DATA 	Keypress: lctrl
614.3335 	EXP 	Sound  started
614.9483 	DATA 	Keypress: rctrl
615.0836 	EXP 	Sound  started
615.6043 	DATA 	Keypress: rctrl
615.8336 	EXP 	Sound  started
616.4043 	DATA 	Keypress: lctrl
616.5836 	EXP 	Sound  started
617.3163 	DATA 	Keypress: lctrl
617.3336 	EXP 	Sound  started
617.9243 	DATA 	Keypress: rctrl
618.0836 	EXP 	Sound  started
618.8336 	EXP 	Sound  started
618.8523 	DATA 	Keypress: rctrl
619.5563 	DATA 	Keypress: rctrl
619.5836 	EXP 	Sound  started
620.3083 	DATA 	Keypress: lctrl
620.3337 	EXP 	Sound  started
621.0837 	EXP 	Sound  started
621.1244 	DATA 	Keypress: lctrl
621.8284 	DATA 	Keypress: rctrl
621.8337 	EXP 	Sound  started
622.5643 	DATA 	Keypress: lctrl
622.5837 	EXP 	Sound  started
623.3323 	DATA 	Keypress: rctrl
623.3337 	EXP 	Sound  started
624.0683 	DATA 	Keypress: rctrl
624.0837 	EXP 	Sound  started
624.7563 	DATA 	Keypress: lctrl
624.8338 	EXP 	Sound  started
625.5243 	DATA 	Keypress: lctrl
625.5838 	EXP 	Sound  started
626.3242 	DATA 	Keypress: lctrl
626.3338 	EXP 	Sound  started
627.0602 	DATA 	Keypress: lctrl
627.0838 	EXP 	Sound  started
627.8122 	DATA 	Keypress: rctrl
627.8338 	EXP 	Sound  started
628.5643 	DATA 	Keypress: rctrl
628.5838 	EXP 	Sound  started
629.3338 	EXP 	Sound  started
629.3963 	DATA 	Keypress: rctrl
630.0523 	DATA 	Keypress: lctrl
630.0839 	EXP 	Sound  started
630.6282 	DATA 	Keypress: rctrl
630.8339 	EXP 	Sound  started
631.4923 	DATA 	Keypress: lctrl
631.5839 	EXP 	Sound  started
632.3243 	DATA 	Keypress: rctrl
632.3339 	EXP 	Sound  started
633.0603 	DATA 	Keypress: lctrl
633.0839 	EXP 	Sound  started
633.8283 	DATA 	Keypress: lctrl
633.8339 	EXP 	Sound  started
634.4523 	DATA 	Keypress: rctrl
634.5840 	EXP 	Sound  started
635.2363 	DATA 	Keypress: rctrl
635.3340 	EXP 	Sound  started
635.9882 	DATA 	Keypress: rctrl
636.0840 	EXP 	Sound  started
636.7563 	DATA 	Keypress: lctrl
636.8340 	EXP 	Sound  started
637.5082 	DATA 	Keypress: rctrl
637.5840 	EXP 	Sound  started
638.2603 	DATA 	Keypress: rctrl
638.3340 	EXP 	Sound  started
638.9163 	DATA 	Keypress: lctrl
639.0840 	EXP 	Sound  started
639.7162 	DATA 	Keypress: lctrl
639.8341 	EXP 	Sound  started
640.4362 	DATA 	Keypress: lctrl
640.5841 	EXP 	Sound  started
641.2043 	DATA 	Keypress: rctrl
641.3341 	EXP 	Sound  started
642.0841 	EXP 	Sound  started
642.0843 	DATA 	Keypress: rctrl
642.8043 	DATA 	Keypress: lctrl
642.8341 	EXP 	Sound  started
643.5841 	EXP 	Sound  started
643.6203 	DATA 	Keypress: rctrl
644.2763 	DATA 	Keypress: rctrl
644.3342 	EXP 	Sound  started
644.9643 	DATA 	Keypress: lctrl
645.0842 	EXP 	Sound  started
645.7162 	DATA 	Keypress: lctrl
645.8342 	EXP 	Sound  started
646.4523 	DATA 	Keypress: lctrl
646.5842 	EXP 	Sound  started
647.0924 	DATA 	Keypress: lctrl
647.3342 	EXP 	Sound  started
652.1516 	DATA 	Keypress: 4
652.1680 	EXP 	unnamed ShapeStim: vertices = <class 'numpy.ndarray'>
654.7250 	DATA 	Keypress: 4
654.7540 	EXP 	unnamed ShapeStim: vertices = <class 'numpy.ndarray'>
659.3908 	DATA 	Keypress: 4
659.4073 	EXP 	unnamed ShapeStim: vertices = <class 'numpy.ndarray'>
661.6923 	EXP 	Sound  started
661.6926 	DATA 	Keypress: rctrl
662.2603 	DATA 	Keypress: rctrl
662.4422 	EXP 	Sound  started
662.9643 	DATA 	Keypress: lctrl
663.1922 	EXP 	Sound  started
663.8604 	DATA 	Keypress: lctrl
663.9423 	EXP 	Sound  started
664.5482 	DATA 	Keypress: lctrl
664.6923 	EXP 	Sound  started
665.3803 	DATA 	Keypress: rctrl
665.4423 	EXP 	Sound  started
666.1923 	EXP 	Sound  started
666.1963 	DATA 	Keypress: rctrl
666.8843 	DATA 	Keypress: lctrl
666.9423 	EXP 	Sound  started
667.6043 	DATA 	Keypress: lctrl
667.6923 	EXP 	Sound  started
668.4042 	DATA 	Keypress: rctrl
668.4423 	EXP 	Sound  started
669.1243 	DATA 	Keypress: rctrl
669.1924 	EXP 	Sound  started
669.8603 	DATA 	Keypress: rctrl
669.9424 	EXP 	Sound  started
670.5803 	DATA 	Keypress: lctrl
670.6924 	EXP 	Sound  started
671.3803 	DATA 	Keypress: rctrl
671.4424 	EXP 	Sound  started
672.0682 	DATA 	Keypress: rctrl
672.1924 	EXP 	Sound  started
672.9424 	EXP 	Sound  started
673.5082 	DATA 	Keypress: lctrl
673.6925 	EXP 	Sound  started
674.3402 	DATA 	Keypress: lctrl
674.4425 	EXP 	Sound  started
674.9803 	DATA 	Keypress: lctrl
675.1925 	EXP 	Sound  started
675.7963 	DATA 	Keypress: lctrl
675.9425 	EXP 	Sound  started
676.6122 	DATA 	Keypress: lctrl
676.6925 	EXP 	Sound  started
677.3483 	DATA 	Keypress: lctrl
677.4425 	EXP 	Sound  started
678.1926 	EXP 	Sound  started
678.2602 	DATA 	Keypress: rctrl
678.9163 	DATA 	Keypress: rctrl
678.9426 	EXP 	Sound  started
679.6202 	DATA 	Keypress: rctrl
679.6926 	EXP 	Sound  started
680.3243 	DATA 	Keypress: rctrl
680.4426 	EXP 	Sound  started
681.0602 	DATA 	Keypress: rctrl
681.1926 	EXP 	Sound  started
681.7482 	DATA 	Keypress: rctrl
681.9426 	EXP 	Sound  started
682.6927 	EXP 	Sound  started
682.7403 	DATA 	Keypress: lctrl
683.3803 	DATA 	Keypress: lctrl
683.4427 	EXP 	Sound  started
684.1483 	DATA 	Keypress: lctrl
684.1927 	EXP 	Sound  started
684.8842 	DATA 	Keypress: lctrl
684.9427 	EXP 	Sound  started
685.5883 	DATA 	Keypress: rctrl
685.6927 	EXP 	Sound  started
686.3722 	DATA 	Keypress: rctrl
686.4427 	EXP 	Sound  started
687.0923 	DATA 	Keypress: lctrl
687.1927 	EXP 	Sound  started
687.8923 	DATA 	Keypress: lctrl
687.9428 	EXP 	Sound  started
688.6123 	DATA 	Keypress: rctrl
688.6928 	EXP 	Sound  started
689.3482 	DATA 	Keypress: rctrl
689.4428 	EXP 	Sound  started
690.0842 	DATA 	Keypress: lctrl
690.1928 	EXP 	Sound  started
690.8362 	DATA 	Keypress: lctrl
690.9428 	EXP 	Sound  started
691.6042 	DATA 	Keypress: lctrl
691.6928 	EXP 	Sound  started
692.3402 	DATA 	Keypress: lctrl
692.4428 	EXP 	Sound  started
693.0762 	DATA 	Keypress: lctrl
693.1929 	EXP 	Sound  started
693.8282 	DATA 	Keypress: lctrl
693.9429 	EXP 	Sound  started
694.5962 	DATA 	Keypress: lctrl
694.6929 	EXP 	Sound  started
695.3482 	DATA 	Keypress: rctrl
695.4429 	EXP 	Sound  started
696.1802 	DATA 	Keypress: rctrl
696.1929 	EXP 	Sound  started
696.9162 	DATA 	Keypress: lctrl
696.9429 	EXP 	Sound  started
697.6363 	DATA 	Keypress: rctrl
697.6930 	EXP 	Sound  started
698.4430 	EXP 	Sound  started
698.4522 	DATA 	Keypress: lctrl
699.1403 	DATA 	Keypress: rctrl
699.1930 	EXP 	Sound  started
699.8762 	DATA 	Keypress: rctrl
699.9430 	EXP 	Sound  started
700.5002 	DATA 	Keypress: rctrl
700.6930 	EXP 	Sound  started
701.3483 	DATA 	Keypress: lctrl
701.4430 	EXP 	Sound  started
702.0842 	DATA 	Keypress: lctrl
702.1930 	EXP 	Sound  started
702.8522 	DATA 	Keypress: rctrl
702.9431 	EXP 	Sound  started
703.5723 	DATA 	Keypress: rctrl
703.6931 	EXP 	Sound  started
704.2763 	DATA 	Keypress: rctrl
704.4431 	EXP 	Sound  started
705.0282 	DATA 	Keypress: lctrl
705.1931 	EXP 	Sound  started
705.7642 	DATA 	Keypress: lctrl
705.9431 	EXP 	Sound  started
706.4682 	DATA 	Keypress: lctrl
706.6931 	EXP 	Sound  started
707.1562 	DATA 	Keypress: lctrl
707.4432 	EXP 	Sound  started
708.1932 	EXP 	Sound  started
708.6762 	DATA 	Keypress: rctrl
708.9432 	EXP 	Sound  started
709.3962 	DATA 	Keypress: rctrl
709.6932 	EXP 	Sound  started
710.1322 	DATA 	Keypress: rctrl
710.4432 	EXP 	Sound  started
710.9002 	DATA 	Keypress: lctrl
711.1932 	EXP 	Sound  started
711.7322 	DATA 	Keypress: lctrl
711.9432 	EXP 	Sound  started
712.5322 	DATA 	Keypress: lctrl
712.6933 	EXP 	Sound  started
713.2362 	DATA 	Keypress: lctrl
713.4433 	EXP 	Sound  started
713.9082 	DATA 	Keypress: rctrl
714.1933 	EXP 	Sound  started
714.7882 	DATA 	Keypress: rctrl
714.9433 	EXP 	Sound  started
715.5402 	DATA 	Keypress: rctrl
715.6933 	EXP 	Sound  started
716.2763 	DATA 	Keypress: rctrl
716.4433 	EXP 	Sound  started
717.0282 	DATA 	Keypress: rctrl
717.1933 	EXP 	Sound  started
717.7323 	DATA 	Keypress: rctrl
717.9434 	EXP 	Sound  started
718.3883 	DATA 	Keypress: rctrl
718.6934 	EXP 	Sound  started
719.0122 	DATA 	Keypress: lctrl
719.4434 	EXP 	Sound  started
719.7163 	DATA 	Keypress: lctrl
720.1934 	EXP 	Sound  started
720.3723 	DATA 	Keypress: lctrl
720.9434 	EXP 	Sound  started
721.0762 	DATA 	Keypress: lctrl
721.5883 	DATA 	Keypress: rctrl
721.6934 	EXP 	Sound  started
722.3082 	DATA 	Keypress: rctrl
722.4435 	EXP 	Sound  started
722.9482 	DATA 	Keypress: lctrl
723.1935 	EXP 	Sound  started
723.8122 	DATA 	Keypress: lctrl
723.9435 	EXP 	Sound  started
724.5162 	DATA 	Keypress: lctrl
724.6935 	EXP 	Sound  started
725.1882 	DATA 	Keypress: rctrl
725.4435 	EXP 	Sound  started
725.9563 	DATA 	Keypress: lctrl
730.7826 	DATA 	Keypress: 2
730.7991 	EXP 	unnamed ShapeStim: vertices = <class 'numpy.ndarray'>
735.3029 	DATA 	Keypress: 4
735.3195 	EXP 	unnamed ShapeStim: vertices = <class 'numpy.ndarray'>
740.5739 	DATA 	Keypress: 2
740.5904 	EXP 	unnamed ShapeStim: vertices = <class 'numpy.ndarray'>
742.8754 	EXP 	Sound  started
743.1722 	DATA 	Keypress: rctrl
743.6254 	EXP 	Sound  started
743.6682 	DATA 	Keypress: lctrl
744.3083 	DATA 	Keypress: rctrl
744.3754 	EXP 	Sound  started
745.0282 	DATA 	Keypress: rctrl
745.1254 	EXP 	Sound  started
745.7482 	DATA 	Keypress: lctrl
745.8754 	EXP 	Sound  started
746.5162 	DATA 	Keypress: lctrl
746.6254 	EXP 	Sound  started
747.1882 	DATA 	Keypress: lctrl
747.3754 	EXP 	Sound  started
747.9402 	DATA 	Keypress: lctrl
748.1255 	EXP 	Sound  started
748.6922 	DATA 	Keypress: lctrl
748.8755 	EXP 	Sound  started
749.4282 	DATA 	Keypress: lctrl
749.6255 	EXP 	Sound  started
750.2122 	DATA 	Keypress: rctrl
750.3755 	EXP 	Sound  started
751.0282 	DATA 	Keypress: rctrl
751.1255 	EXP 	Sound  started
751.7482 	DATA 	Keypress: lctrl
751.8755 	EXP 	Sound  started
752.5002 	DATA 	Keypress: rctrl
752.6255 	EXP 	Sound  started
753.2362 	DATA 	Keypress: rctrl
753.3756 	EXP 	Sound  started
753.9401 	DATA 	Keypress: rctrl
754.1256 	EXP 	Sound  started
754.6442 	DATA 	Keypress: lctrl
754.8756 	EXP 	Sound  started
755.3482 	DATA 	Keypress: lctrl
755.6256 	EXP 	Sound  started
756.2122 	DATA 	Keypress: lctrl
756.3756 	EXP 	Sound  started
756.9322 	DATA 	Keypress: lctrl
757.1256 	EXP 	Sound  started
757.6682 	DATA 	Keypress: rctrl
757.8757 	EXP 	Sound  started
758.5002 	DATA 	Keypress: rctrl
758.6257 	EXP 	Sound  started
759.2362 	DATA 	Keypress: rctrl
759.3757 	EXP 	Sound  started
759.8601 	DATA 	Keypress: rctrl
760.1257 	EXP 	Sound  started
760.6762 	DATA 	Keypress: rctrl
760.8757 	EXP 	Sound  started
761.4282 	DATA 	Keypress: rctrl
761.6257 	EXP 	Sound  started
762.1322 	DATA 	Keypress: rctrl
762.3757 	EXP 	Sound  started
763.1258 	EXP 	Sound  started
763.7162 	DATA 	Keypress: lctrl
763.8758 	EXP 	Sound  started
764.6258 	EXP 	Sound  started
765.3002 	DATA 	Keypress: rctrl
765.3758 	EXP 	Sound  started
765.8922 	DATA 	Keypress: lctrl
766.1258 	EXP 	Sound  started
766.7882 	DATA 	Keypress: rctrl
766.8758 	EXP 	Sound  started
767.4922 	DATA 	Keypress: rctrl
767.6259 	EXP 	Sound  started
768.1482 	DATA 	Keypress: lctrl
768.3759 	EXP 	Sound  started
768.9642 	DATA 	Keypress: lctrl
769.1259 	EXP 	Sound  started
769.7002 	DATA 	Keypress: lctrl
769.8759 	EXP 	Sound  started
770.4362 	DATA 	Keypress: lctrl
770.6259 	EXP 	Sound  started
771.1722 	DATA 	Keypress: rctrl
771.3760 	EXP 	Sound  started
771.9882 	DATA 	Keypress: rctrl
772.1260 	EXP 	Sound  started
772.7722 	DATA 	Keypress: rctrl
772.8760 	EXP 	Sound  started
773.4761 	DATA 	Keypress: rctrl
773.6260 	EXP 	Sound  started
774.1002 	DATA 	Keypress: lctrl
774.3760 	EXP 	Sound  started
774.9002 	DATA 	Keypress: lctrl
775.1260 	EXP 	Sound  started
775.6362 	DATA 	Keypress: lctrl
775.8760 	EXP 	Sound  started
776.3722 	DATA 	Keypress: lctrl
776.6261 	EXP 	Sound  started
777.1082 	DATA 	Keypress: lctrl
777.3761 	EXP 	Sound  started
777.8602 	DATA 	Keypress: lctrl
778.1261 	EXP 	Sound  started
778.5802 	DATA 	Keypress: lctrl
778.8761 	EXP 	Sound  started
779.3961 	DATA 	Keypress: lctrl
779.6261 	EXP 	Sound  started
780.1802 	DATA 	Keypress: rctrl
780.3761 	EXP 	Sound  started
781.0122 	DATA 	Keypress: rctrl
781.1261 	EXP 	Sound  started
781.7321 	DATA 	Keypress: rctrl
781.8761 	EXP 	Sound  started
782.3881 	DATA 	Keypress: lctrl
782.6262 	EXP 	Sound  started
783.1402 	DATA 	Keypress: rctrl
783.3762 	EXP 	Sound  started
783.9242 	DATA 	Keypress: rctrl
784.1262 	EXP 	Sound  started
784.5161 	DATA 	Keypress: lctrl
784.8762 	EXP 	Sound  started
785.1402 	DATA 	Keypress: rctrl
785.6262 	EXP 	Sound  started
785.7642 	DATA 	Keypress: rctrl
786.3762 	EXP 	Sound  started
786.7242 	DATA 	Keypress: lctrl
787.1263 	EXP 	Sound  started
787.5402 	DATA 	Keypress: lctrl
787.8763 	EXP 	Sound  started
788.1962 	DATA 	Keypress: rctrl
788.6263 	EXP 	Sound  started
788.7561 	DATA 	Keypress: rctrl
789.3763 	EXP 	Sound  started
789.3961 	DATA 	Keypress: lctrl
790.1263 	EXP 	Sound  started
790.1961 	DATA 	Keypress: lctrl
790.8202 	DATA 	Keypress: rctrl
790.8763 	EXP 	Sound  started
791.6263 	EXP 	Sound  started
791.6362 	DATA 	Keypress: rctrl
792.3764 	EXP 	Sound  started
792.3881 	DATA 	Keypress: lctrl
793.0922 	DATA 	Keypress: lctrl
793.1264 	EXP 	Sound  started
793.7962 	DATA 	Keypress: lctrl
793.8764 	EXP 	Sound  started
794.6264 	EXP 	Sound  started
794.6442 	DATA 	Keypress: rctrl
795.2682 	DATA 	Keypress: rctrl
795.3764 	EXP 	Sound  started
795.9402 	DATA 	Keypress: rctrl
796.1265 	EXP 	Sound  started
796.6602 	DATA 	Keypress: lctrl
796.8765 	EXP 	Sound  started
797.4762 	DATA 	Keypress: lctrl
797.6265 	EXP 	Sound  started
798.2761 	DATA 	Keypress: lctrl
803.8132 	DATA 	Keypress: 2
803.8422 	EXP 	unnamed ShapeStim: vertices = <class 'numpy.ndarray'>
807.5621 	DATA 	Keypress: 3
807.5786 	EXP 	unnamed ShapeStim: vertices = <class 'numpy.ndarray'>
811.7822 	DATA 	Keypress: 1
811.7988 	EXP 	unnamed ShapeStim: vertices = <class 'numpy.ndarray'>
814.0836 	EXP 	Sound  started
814.6441 	DATA 	Keypress: rctrl
814.8336 	EXP 	Sound  started
815.3321 	DATA 	Keypress: lctrl
815.5836 	EXP 	Sound  started
816.1162 	DATA 	Keypress: rctrl
816.3337 	EXP 	Sound  started
816.8202 	DATA 	Keypress: rctrl
817.0837 	EXP 	Sound  started
817.8337 	EXP 	Sound  started
818.5641 	DATA 	Keypress: lctrl
818.5837 	EXP 	Sound  started
819.3002 	DATA 	Keypress: lctrl
819.3337 	EXP 	Sound  started
820.0042 	DATA 	Keypress: lctrl
820.0837 	EXP 	Sound  started
820.7401 	DATA 	Keypress: rctrl
820.8337 	EXP 	Sound  started
821.5241 	DATA 	Keypress: rctrl
821.5837 	EXP 	Sound  started
822.2601 	DATA 	Keypress: rctrl
822.3338 	EXP 	Sound  started
823.0121 	DATA 	Keypress: lctrl
823.0838 	EXP 	Sound  started
823.7961 	DATA 	Keypress: lctrl
823.8338 	EXP 	Sound  started
824.5002 	DATA 	Keypress: lctrl
824.5838 	EXP 	Sound  started
825.2202 	DATA 	Keypress: lctrl
825.3338 	EXP 	Sound  started
825.9561 	DATA 	Keypress: lctrl
826.0839 	EXP 	Sound  started
826.7241 	DATA 	Keypress: rctrl
826.8339 	EXP 	Sound  started
827.5721 	DATA 	Keypress: rctrl
827.5839 	EXP 	Sound  started
828.2761 	DATA 	Keypress: rctrl
828.3339 	EXP 	Sound  started
828.9802 	DATA 	Keypress: lctrl
829.0839 	EXP 	Sound  started
829.6841 	DATA 	Keypress: rctrl
829.8339 	EXP 	Sound  started
830.4201 	DATA 	Keypress: lctrl
830.5839 	EXP 	Sound  started
831.1722 	DATA 	Keypress: lctrl
831.3340 	EXP 	Sound  started
831.9242 	DATA 	Keypress: lctrl
832.0840 	EXP 	Sound  started
832.6761 	DATA 	Keypress: rctrl
832.8340 	EXP 	Sound  started
833.4281 	DATA 	Keypress: lctrl
833.5840 	EXP 	Sound  started
834.2122 	DATA 	Keypress: lctrl
834.3340 	EXP 	Sound  started
834.9161 	DATA 	Keypress: lctrl
835.0840 	EXP 	Sound  started
835.6521 	DATA 	Keypress: lctrl
835.8340 	EXP 	Sound  started
836.1961 	DATA 	Keypress: rctrl
836.5841 	EXP 	Sound  started
837.1081 	DATA 	Keypress: rctrl
837.3341 	EXP 	Sound  started
837.9722 	DATA 	Keypress: rctrl
838.0843 	EXP 	Sound  started
838.6921 	DATA 	Keypress: rctrl
838.8343 	EXP 	Sound  started
839.3802 	DATA 	Keypress: lctrl
839.5844 	EXP 	Sound  started
840.2601 	DATA 	Keypress: rctrl
840.3344 	EXP 	Sound  started
840.9482 	DATA 	Keypress: lctrl
841.0844 	EXP 	Sound  started
841.7641 	DATA 	Keypress: rctrl
841.8344 	EXP 	Sound  started
842.4681 	DATA 	Keypress: rctrl
842.5844 	EXP 	Sound  started
843.1882 	DATA 	Keypress: lctrl
843.3344 	EXP 	Sound  started
843.9561 	DATA 	Keypress: lctrl
844.0845 	EXP 	Sound  started
844.7401 	DATA 	Keypress: lctrl
844.8345 	EXP 	Sound  started
845.4761 	DATA 	Keypress: rctrl
845.5845 	EXP 	Sound  started
846.1481 	DATA 	Keypress: rctrl
846.3345 	EXP 	Sound  started
846.8841 	DATA 	Keypress: rctrl
847.0845 	EXP 	Sound  started
847.6841 	DATA 	Keypress: rctrl
847.8345 	EXP 	Sound  started
848.4681 	DATA 	Keypress: lctrl
848.5845 	EXP 	Sound  started
849.2202 	DATA 	Keypress: lctrl
849.3346 	EXP 	Sound  started
850.0042 	DATA 	Keypress: lctrl
850.0846 	EXP 	Sound  started
850.8201 	DATA 	Keypress: rctrl
850.8346 	EXP 	Sound  started
851.5401 	DATA 	Keypress: rctrl
851.5846 	EXP 	Sound  started
852.2921 	DATA 	Keypress: lctrl
852.3346 	EXP 	Sound  started
853.0121 	DATA 	Keypress: rctrl
853.0846 	EXP 	Sound  started
853.8281 	DATA 	Keypress: lctrl
853.8346 	EXP 	Sound  started
854.5642 	DATA 	Keypress: lctrl
854.5847 	EXP 	Sound  started
855.3347 	EXP 	Sound  started
855.3481 	DATA 	Keypress: rctrl
855.9881 	DATA 	Keypress: rctrl
856.0847 	EXP 	Sound  started
856.7401 	DATA 	Keypress: rctrl
856.8347 	EXP 	Sound  started
857.4601 	DATA 	Keypress: rctrl
857.5847 	EXP 	Sound  started
858.2122 	DATA 	Keypress: rctrl
858.3347 	EXP 	Sound  started
858.9321 	DATA 	Keypress: rctrl
859.0847 	EXP 	Sound  started
859.7802 	DATA 	Keypress: lctrl
859.8348 	EXP 	Sound  started
860.5801 	DATA 	Keypress: lctrl
860.5848 	EXP 	Sound  started
861.3161 	DATA 	Keypress: lctrl
861.3348 	EXP 	Sound  started
862.0201 	DATA 	Keypress: lctrl
862.0848 	EXP 	Sound  started
862.7722 	DATA 	Keypress: rctrl
862.8348 	EXP 	Sound  started
863.5722 	DATA 	Keypress: rctrl
863.5848 	EXP 	Sound  started
864.2921 	DATA 	Keypress: rctrl
864.3349 	EXP 	Sound  started
864.9961 	DATA 	Keypress: rctrl
865.0849 	EXP 	Sound  started
865.7961 	DATA 	Keypress: rctrl
865.8349 	EXP 	Sound  started
866.4841 	DATA 	Keypress: lctrl
866.5849 	EXP 	Sound  started
867.2681 	DATA 	Keypress: rctrl
867.3349 	EXP 	Sound  started
868.0041 	DATA 	Keypress: rctrl
868.0850 	EXP 	Sound  started
868.6440 	DATA 	Keypress: lctrl
868.8350 	EXP 	Sound  started
869.5401 	DATA 	Keypress: lctrl
869.5850 	EXP 	Sound  started
870.3081 	DATA 	Keypress: lctrl
870.3350 	EXP 	Sound  started
870.9801 	DATA 	Keypress: lctrl
871.0850 	EXP 	Sound  started
871.7001 	DATA 	Keypress: lctrl
871.8350 	EXP 	Sound  started
872.4521 	DATA 	Keypress: lctrl
872.5851 	EXP 	Sound  started
873.1401 	DATA 	Keypress: rctrl
873.3351 	EXP 	Sound  started
874.0201 	DATA 	Keypress: rctrl
879.2876 	DATA 	Keypress: 1
879.3041 	EXP 	unnamed ShapeStim: vertices = <class 'numpy.ndarray'>
882.0570 	DATA 	Keypress: 4
882.0735 	EXP 	unnamed ShapeStim: vertices = <class 'numpy.ndarray'>
887.2774 	DATA 	Keypress: 4
887.2939 	EXP 	unnamed ShapeStim: vertices = <class 'numpy.ndarray'>
889.5786 	EXP 	Sound  started
889.8281 	DATA 	Keypress: rctrl
890.3285 	EXP 	Sound  started
890.3721 	DATA 	Keypress: rctrl
891.0785 	EXP 	Sound  started
891.1561 	DATA 	Keypress: lctrl
891.8281 	DATA 	Keypress: lctrl
891.8285 	EXP 	Sound  started
892.5160 	DATA 	Keypress: lctrl
892.5785 	EXP 	Sound  started
893.2361 	DATA 	Keypress: lctrl
893.3285 	EXP 	Sound  started
894.0201 	DATA 	Keypress: rctrl
894.0786 	EXP 	Sound  started
894.6120 	DATA 	Keypress: rctrl
894.8286 	EXP 	Sound  started
895.4281 	DATA 	Keypress: rctrl
895.5786 	EXP 	Sound  started
896.1963 	DATA 	Keypress: lctrl
896.3286 	EXP 	Sound  started
896.9801 	DATA 	Keypress: rctrl
897.0786 	EXP 	Sound  started
897.6361 	DATA 	Keypress: rctrl
897.8286 	EXP 	Sound  started
898.3721 	DATA 	Keypress: rctrl
898.5786 	EXP 	Sound  started
899.1721 	DATA 	Keypress: rctrl
899.3287 	EXP 	Sound  started
899.9241 	DATA 	Keypress: rctrl
900.0787 	EXP 	Sound  started
900.6761 	DATA 	Keypress: rctrl
900.8287 	EXP 	Sound  started
901.3961 	DATA 	Keypress: rctrl
901.5787 	EXP 	Sound  started
902.1961 	DATA 	Keypress: rctrl
902.3287 	EXP 	Sound  started
902.9321 	DATA 	Keypress: lctrl
903.0787 	EXP 	Sound  started
903.7321 	DATA 	Keypress: lctrl
903.8288 	EXP 	Sound  started
904.4521 	DATA 	Keypress: rctrl
904.5788 	EXP 	Sound  started
905.1721 	DATA 	Keypress: lctrl
905.3288 	EXP 	Sound  started
905.9721 	DATA 	Keypress: lctrl
906.0788 	EXP 	Sound  started
906.7401 	DATA 	Keypress: rctrl
906.8288 	EXP 	Sound  started
907.4281 	DATA 	Keypress: rctrl
907.5788 	EXP 	Sound  started
908.1161 	DATA 	Keypress: lctrl
908.3289 	EXP 	Sound  started
908.9801 	DATA 	Keypress: lctrl
909.0789 	EXP 	Sound  started
909.7961 	DATA 	Keypress: lctrl
909.8289 	EXP 	Sound  started
910.4841 	DATA 	Keypress: rctrl
910.5789 	EXP 	Sound  started
911.2681 	DATA 	Keypress: rctrl
911.3289 	EXP 	Sound  started
912.0681 	DATA 	Keypress: rctrl
912.0789 	EXP 	Sound  started
912.7720 	DATA 	Keypress: lctrl
912.8289 	EXP 	Sound  started
913.5240 	DATA 	Keypress: rctrl
913.5789 	EXP 	Sound  started
914.2761 	DATA 	Keypress: rctrl
914.3290 	EXP 	Sound  started
914.9481 	DATA 	Keypress: lctrl
915.0790 	EXP 	Sound  started
915.7641 	DATA 	Keypress: lctrl
915.8290 	EXP 	Sound  started
916.5641 	DATA 	Keypress: lctrl
916.5790 	EXP 	Sound  started
917.2200 	DATA 	Keypress: lctrl
917.3290 	EXP 	Sound  started
918.0361 	DATA 	Keypress: lctrl
918.0790 	EXP 	Sound  started
918.7721 	DATA 	Keypress: rctrl
918.8291 	EXP 	Sound  started
919.5791 	EXP 	Sound  started
920.2760 	DATA 	Keypress: rctrl
920.3291 	EXP 	Sound  started
921.0281 	DATA 	Keypress: rctrl
921.0791 	EXP 	Sound  started
921.7481 	DATA 	Keypress: lctrl
921.8291 	EXP 	Sound  started
922.4841 	DATA 	Keypress: rctrl
922.5791 	EXP 	Sound  started
923.2841 	DATA 	Keypress: rctrl
923.3292 	EXP 	Sound  started
923.9881 	DATA 	Keypress: lctrl
924.0792 	EXP 	Sound  started
924.7881 	DATA 	Keypress: lctrl
924.8292 	EXP 	Sound  started
925.5080 	DATA 	Keypress: lctrl
925.5792 	EXP 	Sound  started
926.2441 	DATA 	Keypress: lctrl
926.3293 	EXP 	Sound  started
927.0121 	DATA 	Keypress: rctrl
927.0793 	EXP 	Sound  started
927.7640 	DATA 	Keypress: lctrl
927.8293 	EXP 	Sound  started
928.5162 	DATA 	Keypress: lctrl
928.5793 	EXP 	Sound  started
929.2041 	DATA 	Keypress: rctrl
929.3293 	EXP 	Sound  started
929.9880 	DATA 	Keypress: rctrl
930.0793 	EXP 	Sound  started
930.8201 	DATA 	Keypress: lctrl
930.8293 	EXP 	Sound  started
931.5400 	DATA 	Keypress: rctrl
931.5794 	EXP 	Sound  started
932.2120 	DATA 	Keypress: lctrl
932.3294 	EXP 	Sound  started
933.0441 	DATA 	Keypress: lctrl
933.0794 	EXP 	Sound  started
933.8294 	EXP 	Sound  started
933.9240 	DATA 	Keypress: rctrl
934.5794 	EXP 	Sound  started
934.5801 	DATA 	Keypress: lctrl
935.3160 	DATA 	Keypress: lctrl
935.3294 	EXP 	Sound  started
936.0795 	EXP 	Sound  started
936.8041 	DATA 	Keypress: lctrl
936.8295 	EXP 	Sound  started
937.5795 	EXP 	Sound  started
938.3295 	EXP 	Sound  started
938.3401 	DATA 	Keypress: rctrl
939.0795 	EXP 	Sound  started
939.7321 	DATA 	Keypress: lctrl
939.8295 	EXP 	Sound  started
940.5160 	DATA 	Keypress: rctrl
940.5795 	EXP 	Sound  started
941.1721 	DATA 	Keypress: lctrl
941.3296 	EXP 	Sound  started
942.0200 	DATA 	Keypress: rctrl
942.0796 	EXP 	Sound  started
942.7880 	DATA 	Keypress: lctrl
942.8296 	EXP 	Sound  started
943.5796 	EXP 	Sound  started
944.2920 	DATA 	Keypress: lctrl
944.3296 	EXP 	Sound  started
945.0600 	DATA 	Keypress: rctrl
945.0796 	EXP 	Sound  started
945.7000 	DATA 	Keypress: lctrl
945.8296 	EXP 	Sound  started
946.5320 	DATA 	Keypress: rctrl
946.5796 	EXP 	Sound  started
947.2842 	DATA 	Keypress: lctrl
947.3297 	EXP 	Sound  started
948.0361 	DATA 	Keypress: rctrl
948.0797 	EXP 	Sound  started
948.7880 	DATA 	Keypress: lctrl
948.8297 	EXP 	Sound  started
949.5400 	DATA 	Keypress: rctrl
949.5797 	EXP 	Sound  started
950.3080 	DATA 	Keypress: rctrl
950.3297 	EXP 	Sound  started
950.9322 	DATA 	Keypress: lctrl
951.0797 	EXP 	Sound  started
951.7320 	DATA 	Keypress: rctrl
951.8297 	EXP 	Sound  started
952.4840 	DATA 	Keypress: lctrl
952.5798 	EXP 	Sound  started
953.1561 	DATA 	Keypress: lctrl
953.3298 	EXP 	Sound  started
954.0040 	DATA 	Keypress: lctrl
957.3515 	DATA 	Keypress: 1
957.3680 	EXP 	unnamed ShapeStim: vertices = <class 'numpy.ndarray'>
961.3047 	DATA 	Keypress: 3
961.3212 	EXP 	unnamed ShapeStim: vertices = <class 'numpy.ndarray'>
966.1587 	DATA 	Keypress: 2
966.1751 	EXP 	unnamed ShapeStim: vertices = <class 'numpy.ndarray'>
968.4597 	EXP 	Sound  started
968.4604 	DATA 	Keypress: rctrl
969.0600 	DATA 	Keypress: lctrl
969.2095 	EXP 	Sound  started
969.9401 	DATA 	Keypress: rctrl
969.9595 	EXP 	Sound  started
970.6601 	DATA 	Keypress: lctrl
970.7096 	EXP 	Sound  started
971.3481 	DATA 	Keypress: lctrl
971.4596 	EXP 	Sound  started
972.1160 	DATA 	Keypress: lctrl
972.2096 	EXP 	Sound  started
972.9596 	EXP 	Sound  started
972.9800 	DATA 	Keypress: rctrl
973.7096 	EXP 	Sound  started
973.7482 	DATA 	Keypress: rctrl
974.4522 	DATA 	Keypress: rctrl
974.4596 	EXP 	Sound  started
975.1720 	DATA 	Keypress: lctrl
975.2096 	EXP 	Sound  started
975.9081 	DATA 	Keypress: rctrl
975.9597 	EXP 	Sound  started
976.6441 	DATA 	Keypress: lctrl
976.7097 	EXP 	Sound  started
977.3480 	DATA 	Keypress: lctrl
977.4597 	EXP 	Sound  started
978.1640 	DATA 	Keypress: lctrl
978.2097 	EXP 	Sound  started
978.8360 	DATA 	Keypress: lctrl
978.9597 	EXP 	Sound  started
979.6680 	DATA 	Keypress: rctrl
979.7097 	EXP 	Sound  started
980.4040 	DATA 	Keypress: rctrl
980.4598 	EXP 	Sound  started
981.1560 	DATA 	Keypress: rctrl
981.2098 	EXP 	Sound  started
981.8280 	DATA 	Keypress: lctrl
981.9598 	EXP 	Sound  started
982.6760 	DATA 	Keypress: rctrl
982.7098 	EXP 	Sound  started
983.4598 	EXP 	Sound  started
983.4920 	DATA 	Keypress: rctrl
984.1000 	DATA 	Keypress: lctrl
984.2098 	EXP 	Sound  started
984.9480 	DATA 	Keypress: lctrl
984.9598 	EXP 	Sound  started
985.7099 	EXP 	Sound  started
985.7161 	DATA 	Keypress: rctrl
986.4599 	EXP 	Sound  started
986.5160 	DATA 	Keypress: rctrl
987.2099 	EXP 	Sound  started
987.2680 	DATA 	Keypress: lctrl
987.9599 	EXP 	Sound  started
988.0200 	DATA 	Keypress: rctrl
988.7099 	EXP 	Sound  started
988.7240 	DATA 	Keypress: rctrl
989.2200 	DATA 	Keypress: rctrl
989.4599 	EXP 	Sound  started
990.0999 	DATA 	Keypress: lctrl
990.2099 	EXP 	Sound  started
990.9320 	DATA 	Keypress: rctrl
990.9600 	EXP 	Sound  started
991.6200 	DATA 	Keypress: rctrl
991.7100 	EXP 	Sound  started
992.4201 	DATA 	Keypress: rctrl
992.4600 	EXP 	Sound  started
993.1720 	DATA 	Keypress: lctrl
993.2100 	EXP 	Sound  started
993.8600 	DATA 	Keypress: lctrl
993.9600 	EXP 	Sound  started
994.6440 	DATA 	Keypress: lctrl
994.7101 	EXP 	Sound  started
995.3320 	DATA 	Keypress: lctrl
995.4602 	EXP 	Sound  started
996.1000 	DATA 	Keypress: rctrl
996.2102 	EXP 	Sound  started
996.8360 	DATA 	Keypress: rctrl
996.9602 	EXP 	Sound  started
997.6200 	DATA 	Keypress: lctrl
997.7102 	EXP 	Sound  started
998.3081 	DATA 	Keypress: lctrl
998.4602 	EXP 	Sound  started
999.0760 	DATA 	Keypress: lctrl
999.2103 	EXP 	Sound  started
999.8600 	DATA 	Keypress: rctrl
999.9603 	EXP 	Sound  started
1000.6600 	DATA 	Keypress: rctrl
1000.7103 	EXP 	Sound  started
1001.3800 	DATA 	Keypress: rctrl
1001.4603 	EXP 	Sound  started
1002.0680 	DATA 	Keypress: lctrl
1002.2103 	EXP 	Sound  started
1002.9160 	DATA 	Keypress: lctrl
1002.9603 	EXP 	Sound  started
1003.6040 	DATA 	Keypress: lctrl
1003.7103 	EXP 	Sound  started
1004.4040 	DATA 	Keypress: rctrl
1004.4604 	EXP 	Sound  started
1005.1720 	DATA 	Keypress: rctrl
1005.2104 	EXP 	Sound  started
1005.8921 	DATA 	Keypress: lctrl
1005.9604 	EXP 	Sound  started
1006.6921 	DATA 	Keypress: rctrl
1006.7104 	EXP 	Sound  started
1007.4120 	DATA 	Keypress: rctrl
1007.4604 	EXP 	Sound  started
1008.1801 	DATA 	Keypress: lctrl
1008.2104 	EXP 	Sound  started
1008.8520 	DATA 	Keypress: lctrl
1008.9604 	EXP 	Sound  started
1009.7105 	EXP 	Sound  started
1009.9400 	DATA 	Keypress: rctrl
1010.4200 	DATA 	Keypress: lctrl
1010.4605 	EXP 	Sound  started
1011.2105 	EXP 	Sound  started
1011.2360 	DATA 	Keypress: rctrl
1011.9605 	EXP 	Sound  started
1011.9880 	DATA 	Keypress: lctrl
1012.7105 	EXP 	Sound  started
1012.8200 	DATA 	Keypress: rctrl
1013.4440 	DATA 	Keypress: lctrl
1013.4605 	EXP 	Sound  started
1014.2106 	EXP 	Sound  started
1014.9606 	EXP 	Sound  started
1014.9800 	DATA 	Keypress: rctrl
1015.7106 	EXP 	Sound  started
1015.7320 	DATA 	Keypress: rctrl
1016.4360 	DATA 	Keypress: rctrl
1020.2530 	DATA 	Keypress: 2
1020.2695 	EXP 	unnamed ShapeStim: vertices = <class 'numpy.ndarray'>
1023.7226 	DATA 	Keypress: 2
1023.7390 	EXP 	unnamed ShapeStim: vertices = <class 'numpy.ndarray'>
1026.5581 	DATA 	Keypress: 2
1026.5747 	EXP 	unnamed ShapeStim: vertices = <class 'numpy.ndarray'>
1028.8590 	EXP 	Sound  started
1028.8594 	DATA 	Keypress: rctrl
1029.4760 	DATA 	Keypress: lctrl
1029.6089 	EXP 	Sound  started
1030.2760 	DATA 	Keypress: rctrl
1030.3589 	EXP 	Sound  started
1031.0440 	DATA 	Keypress: lctrl
1031.1089 	EXP 	Sound  started
1031.8589 	EXP 	Sound  started
1031.8600 	DATA 	Keypress: rctrl
1032.6090 	EXP 	Sound  started
1032.6120 	DATA 	Keypress: rctrl
1033.2840 	DATA 	Keypress: rctrl
1033.3590 	EXP 	Sound  started
1033.9880 	DATA 	Keypress: lctrl
1034.1090 	EXP 	Sound  started
1034.7400 	DATA 	Keypress: lctrl
1034.8590 	EXP 	Sound  started
1035.5880 	DATA 	Keypress: lctrl
1035.6090 	EXP 	Sound  started
1036.3590 	EXP 	Sound  started
1036.3879 	DATA 	Keypress: rctrl
1037.1079 	DATA 	Keypress: lctrl
1037.1090 	EXP 	Sound  started
1037.8591 	EXP 	Sound  started
1037.8760 	DATA 	Keypress: rctrl
1038.5000 	DATA 	Keypress: rctrl
1038.6091 	EXP 	Sound  started
1039.1720 	DATA 	Keypress: lctrl
1039.3591 	EXP 	Sound  started
1040.0199 	DATA 	Keypress: lctrl
1040.1091 	EXP 	Sound  started
1040.7240 	DATA 	Keypress: lctrl
1040.8591 	EXP 	Sound  started
1041.6091 	EXP 	Sound  started
1042.3400 	DATA 	Keypress: lctrl
1042.3591 	EXP 	Sound  started
1043.1092 	EXP 	Sound  started
1043.1240 	DATA 	Keypress: rctrl
1043.7800 	DATA 	Keypress: lctrl
1043.8592 	EXP 	Sound  started
1044.5640 	DATA 	Keypress: rctrl
1044.6092 	EXP 	Sound  started
1045.3159 	DATA 	Keypress: rctrl
1045.3592 	EXP 	Sound  started
1046.0520 	DATA 	Keypress: lctrl
1046.1092 	EXP 	Sound  started
1046.7560 	DATA 	Keypress: lctrl
1046.8592 	EXP 	Sound  started
1047.6093 	EXP 	Sound  started
1047.7160 	DATA 	Keypress: rctrl
1048.3593 	EXP 	Sound  started
1049.1079 	DATA 	Keypress: lctrl
1049.1093 	EXP 	Sound  started
1049.8593 	EXP 	Sound  started
1049.8920 	DATA 	Keypress: rctrl
1050.5960 	DATA 	Keypress: lctrl
1050.6093 	EXP 	Sound  started
1051.3593 	EXP 	Sound  started
1051.3800 	DATA 	Keypress: rctrl
1052.1093 	EXP 	Sound  started
1052.1960 	DATA 	Keypress: rctrl
1052.8200 	DATA 	Keypress: lctrl
1052.8594 	EXP 	Sound  started
1053.6039 	DATA 	Keypress: rctrl
1053.6094 	EXP 	Sound  started
1054.3560 	DATA 	Keypress: rctrl
1054.3594 	EXP 	Sound  started
1055.0439 	DATA 	Keypress: lctrl
1055.1094 	EXP 	Sound  started
1055.8440 	DATA 	Keypress: rctrl
1055.8594 	EXP 	Sound  started
1056.5480 	DATA 	Keypress: rctrl
1056.6094 	EXP 	Sound  started
1057.2040 	DATA 	Keypress: rctrl
1057.3595 	EXP 	Sound  started
1058.0039 	DATA 	Keypress: rctrl
1058.1095 	EXP 	Sound  started
1058.7240 	DATA 	Keypress: lctrl
1058.8595 	EXP 	Sound  started
1059.5560 	DATA 	Keypress: rctrl
1059.6095 	EXP 	Sound  started
1060.2600 	DATA 	Keypress: rctrl
1060.3595 	EXP 	Sound  started
1061.0279 	DATA 	Keypress: lctrl
1061.1095 	EXP 	Sound  started
1061.7961 	DATA 	Keypress: rctrl
1061.8596 	EXP 	Sound  started
1062.5799 	DATA 	Keypress: rctrl
1062.6096 	EXP 	Sound  started
1063.3159 	DATA 	Keypress: lctrl
1063.3596 	EXP 	Sound  started
1064.0520 	DATA 	Keypress: rctrl
1064.1096 	EXP 	Sound  started
1064.8520 	DATA 	Keypress: rctrl
1064.8596 	EXP 	Sound  started
1065.4760 	DATA 	Keypress: rctrl
1065.6096 	EXP 	Sound  started
1066.3399 	DATA 	Keypress: rctrl
1066.3596 	EXP 	Sound  started
1067.0601 	DATA 	Keypress: lctrl
1067.1097 	EXP 	Sound  started
1067.7639 	DATA 	Keypress: lctrl
1067.8597 	EXP 	Sound  started
1068.5959 	DATA 	Keypress: lctrl
1068.6097 	EXP 	Sound  started
1069.3479 	DATA 	Keypress: rctrl
1069.3597 	EXP 	Sound  started
1070.1097 	EXP 	Sound  started
1070.1480 	DATA 	Keypress: rctrl
1070.8200 	DATA 	Keypress: rctrl
1073.7173 	DATA 	Keypress: 1
1073.7467 	EXP 	unnamed ShapeStim: vertices = <class 'numpy.ndarray'>
1078.1837 	DATA 	Keypress: 3
1078.2003 	EXP 	unnamed ShapeStim: vertices = <class 'numpy.ndarray'>
1080.7904 	DATA 	Keypress: 1
1080.8196 	EXP 	unnamed ShapeStim: vertices = <class 'numpy.ndarray'>
1083.1038 	EXP 	Sound  started
1083.1399 	DATA 	Keypress: rctrl
1083.7639 	DATA 	Keypress: rctrl
1083.8536 	EXP 	Sound  started
1084.6036 	EXP 	Sound  started
1084.6119 	DATA 	Keypress: lctrl
1085.3160 	DATA 	Keypress: rctrl
1085.3537 	EXP 	Sound  started
1086.0519 	DATA 	Keypress: rctrl
1086.1037 	EXP 	Sound  started
1086.7880 	DATA 	Keypress: lctrl
1086.8537 	EXP 	Sound  started
1087.4919 	DATA 	Keypress: lctrl
1087.6037 	EXP 	Sound  started
1088.3239 	DATA 	Keypress: lctrl
1088.3537 	EXP 	Sound  started
1089.0119 	DATA 	Keypress: rctrl
1089.1037 	EXP 	Sound  started
1089.8538 	EXP 	Sound  started
1090.3560 	DATA 	Keypress: lctrl
1090.6038 	EXP 	Sound  started
1091.2359 	DATA 	Keypress: rctrl
1091.3538 	EXP 	Sound  started
1092.0519 	DATA 	Keypress: lctrl
1092.1038 	EXP 	Sound  started
1092.8519 	DATA 	Keypress: lctrl
1092.8538 	EXP 	Sound  started
1093.5719 	DATA 	Keypress: rctrl
1093.6038 	EXP 	Sound  started
1094.3539 	EXP 	Sound  started
1094.3559 	DATA 	Keypress: rctrl
1094.9639 	DATA 	Keypress: lctrl
1095.1039 	EXP 	Sound  started
1095.7480 	DATA 	Keypress: lctrl
1095.8539 	EXP 	Sound  started
1096.4679 	DATA 	Keypress: rctrl
1096.6039 	EXP 	Sound  started
1097.2199 	DATA 	Keypress: lctrl
1097.3539 	EXP 	Sound  started
1097.9879 	DATA 	Keypress: rctrl
1098.1039 	EXP 	Sound  started
1098.8040 	DATA 	Keypress: rctrl
1098.8539 	EXP 	Sound  started
1099.6040 	EXP 	Sound  started
1099.7960 	DATA 	Keypress: lctrl
1100.3540 	EXP 	Sound  started
1100.3879 	DATA 	Keypress: lctrl
1101.1040 	EXP 	Sound  started
1101.1400 	DATA 	Keypress: lctrl
1101.8279 	DATA 	Keypress: lctrl
1101.8540 	EXP 	Sound  started
1102.6040 	EXP 	Sound  started
1102.6280 	DATA 	Keypress: rctrl
1103.2999 	DATA 	Keypress: lctrl
1103.3540 	EXP 	Sound  started
1104.1000 	DATA 	Keypress: rctrl
1104.1041 	EXP 	Sound  started
1104.8359 	DATA 	Keypress: lctrl
1104.8541 	EXP 	Sound  started
1105.5719 	DATA 	Keypress: rctrl
1105.6041 	EXP 	Sound  started
1106.3399 	DATA 	Keypress: lctrl
1106.3541 	EXP 	Sound  started
1107.0760 	DATA 	Keypress: rctrl
1107.1041 	EXP 	Sound  started
1107.7800 	DATA 	Keypress: lctrl
1107.8541 	EXP 	Sound  started
1108.5159 	DATA 	Keypress: lctrl
1108.6041 	EXP 	Sound  started
1109.2999 	DATA 	Keypress: rctrl
1109.3542 	EXP 	Sound  started
1109.9560 	DATA 	Keypress: lctrl
1110.1042 	EXP 	Sound  started
1110.7559 	DATA 	Keypress: rctrl
1110.8542 	EXP 	Sound  started
1111.4759 	DATA 	Keypress: lctrl
1111.6042 	EXP 	Sound  started
1112.2599 	DATA 	Keypress: lctrl
1112.3542 	EXP 	Sound  started
1113.1042 	EXP 	Sound  started
1113.1080 	DATA 	Keypress: rctrl
1113.8543 	EXP 	Sound  started
1113.8599 	DATA 	Keypress: rctrl
1114.5640 	DATA 	Keypress: rctrl
1114.6043 	EXP 	Sound  started
1115.2359 	DATA 	Keypress: lctrl
1115.3543 	EXP 	Sound  started
1115.9882 	DATA 	Keypress: lctrl
1116.1043 	EXP 	Sound  started
1116.6760 	DATA 	Keypress: lctrl
1116.8543 	EXP 	Sound  started
1117.4760 	DATA 	Keypress: lctrl
1117.6043 	EXP 	Sound  started
1118.2439 	DATA 	Keypress: lctrl
1118.3544 	EXP 	Sound  started
1118.9159 	DATA 	Keypress: lctrl
1119.1044 	EXP 	Sound  started
1119.7160 	DATA 	Keypress: lctrl
1119.8544 	EXP 	Sound  started
1120.4519 	DATA 	Keypress: rctrl
1120.6044 	EXP 	Sound  started
1121.3160 	DATA 	Keypress: rctrl
1121.3544 	EXP 	Sound  started
1122.1044 	EXP 	Sound  started
1122.1480 	DATA 	Keypress: lctrl
1122.8360 	DATA 	Keypress: rctrl
1122.8545 	EXP 	Sound  started
1123.6045 	EXP 	Sound  started
1123.6359 	DATA 	Keypress: rctrl
1124.3399 	DATA 	Keypress: rctrl
1124.3545 	EXP 	Sound  started
1125.0600 	DATA 	Keypress: rctrl
1125.1045 	EXP 	Sound  started
1125.7961 	DATA 	Keypress: lctrl
1125.8545 	EXP 	Sound  started
1126.5959 	DATA 	Keypress: lctrl
1126.6045 	EXP 	Sound  started
1127.2680 	DATA 	Keypress: lctrl
1127.3545 	EXP 	Sound  started
1128.0199 	DATA 	Keypress: rctrl
1128.1046 	EXP 	Sound  started
1128.7559 	DATA 	Keypress: rctrl
1128.8546 	EXP 	Sound  started
1129.5719 	DATA 	Keypress: rctrl
1129.6046 	EXP 	Sound  started
1130.2919 	DATA 	Keypress: rctrl
1130.3546 	EXP 	Sound  started
1131.0439 	DATA 	Keypress: lctrl
1131.1046 	EXP 	Sound  started
1131.8119 	DATA 	Keypress: rctrl
1131.8547 	EXP 	Sound  started
1132.6047 	EXP 	Sound  started
1132.6119 	DATA 	Keypress: rctrl
1133.3159 	DATA 	Keypress: rctrl
1133.3547 	EXP 	Sound  started
1133.9879 	DATA 	Keypress: lctrl
1134.1047 	EXP 	Sound  started
1134.7079 	DATA 	Keypress: lctrl
1134.8547 	EXP 	Sound  started
1135.5879 	DATA 	Keypress: lctrl
1135.6047 	EXP 	Sound  started
1136.2920 	DATA 	Keypress: lctrl
1136.3547 	EXP 	Sound  started
1137.0279 	DATA 	Keypress: lctrl
1137.1048 	EXP 	Sound  started
1137.8119 	DATA 	Keypress: rctrl
1137.8548 	EXP 	Sound  started
1138.5959 	DATA 	Keypress: rctrl
1138.6048 	EXP 	Sound  started
1139.2839 	DATA 	Keypress: rctrl
1139.3548 	EXP 	Sound  started
1139.9560 	DATA 	Keypress: lctrl
1140.1048 	EXP 	Sound  started
1140.8039 	DATA 	Keypress: rctrl
1140.8548 	EXP 	Sound  started
1141.4920 	DATA 	Keypress: lctrl
1141.6049 	EXP 	Sound  started
1142.2599 	DATA 	Keypress: lctrl
1146.8067 	DATA 	Keypress: 2
1146.8231 	EXP 	unnamed ShapeStim: vertices = <class 'numpy.ndarray'>
1150.6470 	DATA 	Keypress: 2
1150.6763 	EXP 	unnamed ShapeStim: vertices = <class 'numpy.ndarray'>
1155.8640 	DATA 	Keypress: 1
1155.8806 	EXP 	unnamed ShapeStim: vertices = <class 'numpy.ndarray'>
1158.1676 	DATA 	Keypress: lctrl
1176.4999 	DATA 	Keypress: return
1176.5743 	EXP 	window1: mouseVisible = True
