14.8456 	WARNING 	User requested fullscreen with size [1024  768], but screen is actually [1920, 1200]. Using actual size
15.6431 	EXP 	Created window1 = Window(allowGUI=False, allowStencil=False, autoLog=True, backendConf=UNKNOWN, bitsMode=UNKNOWN, blendMode='avg', bpc=(8, 8, 8), color=array([0, 0, 0]), colorSpace='rgb', depthBits=8, fullscr=<method-wrapper '__getattribute__' of attributeSetter object at 0x00000292520D77B8>, gamma=None, gammaErrorPolicy='raise', lms=UNKNOWN, monitor=<psychopy.monitors.calibTools.Monitor object at 0x00000292537E40B8>, multiSample=False, name='window1', numSamples=2, pos=[0.0, 0.0], screen=0, size=array([1920, 1200]), stencilBits=0, stereo=False, units='norm', useFBO=True, useRetina=False, viewOri=0.0, viewPos=None, viewScale=None, waitBlanking=True, winType='pyglet')
15.6434 	EXP 	window1: mouseVisible = True
15.6435 	EXP 	window1: mouseVisible = False
15.6435 	EXP 	window1: recordFrameIntervals = False
15.8096 	EXP 	window1: recordFrameIntervals = True
15.9932 	EXP 	window1: recordFrameIntervals = False
16.0473 	EXP 	Created text = TextStim(__class__=<class 'psychopy.visual.text.TextStim'>, alignHoriz=method-wrapper(...), alignText='center', alignVert=method-wrapper(...), anchorHoriz='center', anchorVert='center', antialias=True, autoLog=True, bold=False, color=array([1., 1., 1.]), colorSpace='rgb', contrast=1.0, depth=0.0, flipHoriz=False, flipVert=False, font='Arial', fontFiles=[], height=0.15, italic=False, languageStyle='LTR', name='text', opacity=1, ori=0, pos=array([0., 0.]), rgb=UNKNOWN, text='+', units='norm', win=Window(...), wrapWidth=1)
16.0673 	EXP 	Created text = TextStim(__class__=<class 'psychopy.visual.text.TextStim'>, alignHoriz=method-wrapper(...), alignText='center', alignVert=method-wrapper(...), anchorHoriz='center', anchorVert='center', antialias=True, autoLog=True, bold=False, color=array([1., 1., 1.]), colorSpace='rgb', contrast=1.0, depth=0.0, flipHoriz=False, flipVert=False, font='Arial', fontFiles=[], height=0.07, italic=False, languageStyle='LTR', name='text', opacity=1, ori=0, pos=array([0., 0.]), rgb=UNKNOWN, text=str(...), units='norm', win=Window(...), wrapWidth=1.65)
16.0795 	EXP 	Created text = TextStim(__class__=<class 'psychopy.visual.text.TextStim'>, alignHoriz=method-wrapper(...), alignText='center', alignVert=method-wrapper(...), anchorHoriz='center', anchorVert='center', antialias=True, autoLog=True, bold=False, color=array([1., 1., 1.]), colorSpace='rgb', contrast=1.0, depth=0.0, flipHoriz=False, flipVert=False, font='Arial', fontFiles=[], height=0.07, italic=False, languageStyle='LTR', name='text', opacity=1, ori=0, pos=array([0., 0.]), rgb=UNKNOWN, text=str(...), units='norm', win=Window(...), wrapWidth=1.65)
16.0888 	EXP 	Created text = TextStim(__class__=<class 'psychopy.visual.text.TextStim'>, alignHoriz=method-wrapper(...), alignText='center', alignVert=method-wrapper(...), anchorHoriz='center', anchorVert='center', antialias=True, autoLog=True, bold=False, color=array([1., 1., 1.]), colorSpace='rgb', contrast=1.0, depth=0.0, flipHoriz=False, flipVert=False, font='Arial', fontFiles=[], height=0.07, italic=False, languageStyle='LTR', name='text', opacity=1, ori=0, pos=array([0., 0.]), rgb=UNKNOWN, text=str(...), units='norm', win=Window(...), wrapWidth=1.65)
16.0987 	EXP 	Created text = TextStim(__class__=<class 'psychopy.visual.text.TextStim'>, alignHoriz=method-wrapper(...), alignText='center', alignVert=method-wrapper(...), anchorHoriz='center', anchorVert='center', antialias=True, autoLog=True, bold=False, color=array([1., 1., 1.]), colorSpace='rgb', contrast=1.0, depth=0.0, flipHoriz=False, flipVert=False, font='Arial', fontFiles=[], height=0.07, italic=False, languageStyle='LTR', name='text', opacity=1, ori=0, pos=array([0., 0.]), rgb=UNKNOWN, text=str(...), units='norm', win=Window(...), wrapWidth=1.65)
16.1042 	EXP 	Created text = TextStim(__class__=<class 'psychopy.visual.text.TextStim'>, alignHoriz=method-wrapper(...), alignText='center', alignVert=method-wrapper(...), anchorHoriz='center', anchorVert='center', antialias=True, autoLog=True, bold=False, color=array([1., 1., 1.]), colorSpace='rgb', contrast=1.0, depth=0.0, flipHoriz=False, flipVert=False, font='Arial', fontFiles=[], height=0.07, italic=False, languageStyle='LTR', name='text', opacity=1, ori=0, pos=array([0., 0.]), rgb=UNKNOWN, text=str(...), units='norm', win=Window(...), wrapWidth=1.65)
16.1189 	EXP 	Created text = TextStim(__class__=<class 'psychopy.visual.text.TextStim'>, alignHoriz=method-wrapper(...), alignText='center', alignVert=method-wrapper(...), anchorHoriz='center', anchorVert='center', antialias=True, autoLog=True, bold=False, color=array([1., 1., 1.]), colorSpace='rgb', contrast=1.0, depth=0.0, flipHoriz=False, flipVert=False, font='Arial', fontFiles=[], height=0.15, italic=False, languageStyle='LTR', name='text', opacity=1, ori=0, pos=array([0., 0.]), rgb=UNKNOWN, text=str(...), units='norm', win=Window(...), wrapWidth=1.65)
16.1471 	EXP 	Created text = TextStim(__class__=<class 'psychopy.visual.text.TextStim'>, alignHoriz=method-wrapper(...), alignText='center', alignVert=method-wrapper(...), anchorHoriz='center', anchorVert='center', antialias=True, autoLog=True, bold=False, color=array([1., 1., 1.]), colorSpace='rgb', contrast=1.0, depth=0.0, flipHoriz=False, flipVert=False, font='Arial', fontFiles=[], height=0.07, italic=False, languageStyle='LTR', name='text', opacity=1, ori=0, pos=array([0., 0.]), rgb=UNKNOWN, text=str(...), units='norm', win=Window(...), wrapWidth=1.65)
16.1649 	EXP 	Created text = TextStim(__class__=<class 'psychopy.visual.text.TextStim'>, alignHoriz=method-wrapper(...), alignText='center', alignVert=method-wrapper(...), anchorHoriz='center', anchorVert='center', antialias=True, autoLog=True, bold=False, color=array([1., 1., 1.]), colorSpace='rgb', contrast=1.0, depth=0.0, flipHoriz=False, flipVert=False, font='Arial', fontFiles=[], height=0.07, italic=False, languageStyle='LTR', name='text', opacity=1, ori=0, pos=array([0., 0.]), rgb=UNKNOWN, text=str(...), units='norm', win=Window(...), wrapWidth=1.65)
16.1952 	EXP 	Created text = TextStim(__class__=<class 'psychopy.visual.text.TextStim'>, alignHoriz=method-wrapper(...), alignText='center', alignVert=method-wrapper(...), anchorHoriz='center', anchorVert='center', antialias=True, autoLog=True, bold=False, color=array([1., 1., 1.]), colorSpace='rgb', contrast=1.0, depth=0.0, flipHoriz=False, flipVert=False, font='Arial', fontFiles=[], height=0.07, italic=False, languageStyle='LTR', name='text', opacity=1, ori=0, pos=array([0., 0.]), rgb=UNKNOWN, text=str(...), units='norm', win=Window(...), wrapWidth=1.65)
16.2229 	EXP 	Created text = TextStim(__class__=<class 'psychopy.visual.text.TextStim'>, alignHoriz=method-wrapper(...), alignText='center', alignVert=method-wrapper(...), anchorHoriz='center', anchorVert='center', antialias=True, autoLog=True, bold=False, color=array([1., 1., 1.]), colorSpace='rgb', contrast=1.0, depth=0.0, flipHoriz=False, flipVert=False, font='Arial', fontFiles=[], height=0.07, italic=False, languageStyle='LTR', name='text', opacity=1, ori=0, pos=array([0., 0.]), rgb=UNKNOWN, text=str(...), units='norm', win=Window(...), wrapWidth=1.65)
16.2543 	EXP 	Created text = TextStim(__class__=<class 'psychopy.visual.text.TextStim'>, alignHoriz=method-wrapper(...), alignText='center', alignVert=method-wrapper(...), anchorHoriz='center', anchorVert='center', antialias=True, autoLog=True, bold=False, color=array([1., 1., 1.]), colorSpace='rgb', contrast=1.0, depth=0.0, flipHoriz=False, flipVert=False, font='Arial', fontFiles=[], height=0.07, italic=False, languageStyle='LTR', name='text', opacity=1, ori=0, pos=array([0., 0.]), rgb=UNKNOWN, text=str(...), units='norm', win=Window(...), wrapWidth=1.65)
16.2631 	EXP 	Created text = TextStim(__class__=<class 'psychopy.visual.text.TextStim'>, alignHoriz=method-wrapper(...), alignText='center', alignVert=method-wrapper(...), anchorHoriz='center', anchorVert='center', antialias=True, autoLog=True, bold=False, color=array([1., 1., 1.]), colorSpace='rgb', contrast=1.0, depth=0.0, flipHoriz=False, flipVert=False, font='Arial', fontFiles=[], height=0.07, italic=False, languageStyle='LTR', name='text', opacity=1, ori=0, pos=array([0., 0.]), rgb=UNKNOWN, text=str(...), units='norm', win=Window(...), wrapWidth=1.65)
16.2753 	EXP 	Created text = TextStim(__class__=<class 'psychopy.visual.text.TextStim'>, alignHoriz=method-wrapper(...), alignText='center', alignVert=method-wrapper(...), anchorHoriz='center', anchorVert='center', antialias=True, autoLog=True, bold=False, color=array([1., 1., 1.]), colorSpace='rgb', contrast=1.0, depth=0.0, flipHoriz=False, flipVert=False, font='Arial', fontFiles=[], height=0.07, italic=False, languageStyle='LTR', name='text', opacity=1, ori=0, pos=array([0., 0.]), rgb=UNKNOWN, text=str(...), units='norm', win=Window(...), wrapWidth=1.65)
16.2797 	EXP 	Created instru = TextStim(__class__=<class 'psychopy.visual.text.TextStim'>, alignHoriz=method-wrapper(...), alignText='center', alignVert=method-wrapper(...), anchorHoriz='center', anchorVert='center', antialias=True, autoLog=True, bold=False, color=array([1., 1., 1.]), colorSpace='rgb', contrast=1.0, depth=0.0, flipHoriz=False, flipVert=False, font='Arial', fontFiles=[], height=0.07, italic=False, languageStyle='LTR', name='instru', opacity=1, ori=0, pos=array([0. , 0.5]), rgb=UNKNOWN, text=str(...), units='norm', win=Window(...), wrapWidth=1)
16.2823 	EXP 	Created unnamed Line = Line(__class__=<class 'psychopy.visual.line.Line'>, autoDraw=False, autoLog=True, closeShape=False, color=array([1., 1., 1.]), colorSpace='rgb', contrast=None, depth=0, fillColor=array([0, 0, 0]), fillColorSpace='rgb', fillRGB=array([0, 0, 0]), interpolate=True, lineColor=array([1., 1., 1.]), lineColorSpace='rgb', lineRGB=array([1, 1, 1]), lineWidth=5, name='unnamed Line', opacity=0.5, ori=0.0, pos=array([0., 0.]), size=array([1., 1.]), units='norm', vertices=array([[-0.5,  0. ],
       [ 0.5,  0. ]]), win=Window(...), windingRule=None)
16.2843 	EXP 	Created unnamed Line = Line(__class__=<class 'psychopy.visual.line.Line'>, autoDraw=False, autoLog=True, closeShape=False, color=array([1., 1., 1.]), colorSpace='rgb', contrast=None, depth=0, fillColor=array([0, 0, 0]), fillColorSpace='rgb', fillRGB=array([0, 0, 0]), interpolate=True, lineColor=array([1., 1., 1.]), lineColorSpace='rgb', lineRGB=array([1, 1, 1]), lineWidth=3, name='unnamed Line', opacity=0.5, ori=0.0, pos=array([0., 0.]), size=array([1., 1.]), units='norm', vertices=array([[-0.5 , -0.05],
       [-0.5 ,  0.05]]), win=Window(...), windingRule=None)
16.2862 	EXP 	Created unnamed Line = Line(__class__=<class 'psychopy.visual.line.Line'>, autoDraw=False, autoLog=True, closeShape=False, color=array([1., 1., 1.]), colorSpace='rgb', contrast=None, depth=0, fillColor=array([0, 0, 0]), fillColorSpace='rgb', fillRGB=array([0, 0, 0]), interpolate=True, lineColor=array([1., 1., 1.]), lineColorSpace='rgb', lineRGB=array([1, 1, 1]), lineWidth=3, name='unnamed Line', opacity=0.5, ori=0.0, pos=array([0., 0.]), size=array([1., 1.]), units='norm', vertices=ndarray(...), win=Window(...), windingRule=None)
16.2882 	EXP 	Created unnamed Line = Line(__class__=<class 'psychopy.visual.line.Line'>, autoDraw=False, autoLog=True, closeShape=False, color=array([1., 1., 1.]), colorSpace='rgb', contrast=None, depth=0, fillColor=array([0, 0, 0]), fillColorSpace='rgb', fillRGB=array([0, 0, 0]), interpolate=True, lineColor=array([1., 1., 1.]), lineColorSpace='rgb', lineRGB=array([1, 1, 1]), lineWidth=3, name='unnamed Line', opacity=0.5, ori=0.0, pos=array([0., 0.]), size=array([1., 1.]), units='norm', vertices=ndarray(...), win=Window(...), windingRule=None)
16.2902 	EXP 	Created unnamed Line = Line(__class__=<class 'psychopy.visual.line.Line'>, autoDraw=False, autoLog=True, closeShape=False, color=array([1., 1., 1.]), colorSpace='rgb', contrast=None, depth=0, fillColor=array([0, 0, 0]), fillColorSpace='rgb', fillRGB=array([0, 0, 0]), interpolate=True, lineColor=array([1., 1., 1.]), lineColorSpace='rgb', lineRGB=array([1, 1, 1]), lineWidth=3, name='unnamed Line', opacity=0.5, ori=0.0, pos=array([0., 0.]), size=array([1., 1.]), units='norm', vertices=array([[ 0.5 , -0.05],
       [ 0.5 ,  0.05]]), win=Window(...), windingRule=None)
16.3021 	EXP 	Created unnamed TextStim = TextStim(__class__=<class 'psychopy.visual.text.TextStim'>, alignHoriz=method-wrapper(...), alignText='center', alignVert=method-wrapper(...), anchorHoriz='center', anchorVert='center', antialias=True, autoLog=True, bold=False, color=array([1., 1., 1.]), colorSpace='rgb', contrast=1.0, depth=0, flipHoriz=False, flipVert=False, font='', fontFiles=[], height=0.05, italic=False, languageStyle='LTR', name='unnamed TextStim', opacity=1.0, ori=0.0, pos=array([-0.5, -0.1]), rgb=UNKNOWN, text='Clearly \n NOT FOCUSED', units='norm', win=Window(...), wrapWidth=1)
16.3032 	EXP 	Created unnamed TextStim = TextStim(__class__=<class 'psychopy.visual.text.TextStim'>, alignHoriz=method-wrapper(...), alignText='center', alignVert=method-wrapper(...), anchorHoriz='center', anchorVert='center', antialias=True, autoLog=True, bold=False, color=array([1., 1., 1.]), colorSpace='rgb', contrast=1.0, depth=0, flipHoriz=False, flipVert=False, font='', fontFiles=[], height=0.05, italic=False, languageStyle='LTR', name='unnamed TextStim', opacity=1.0, ori=0.0, pos=array([-0.16666667, -0.1       ]), rgb=UNKNOWN, text='', units='norm', win=Window(...), wrapWidth=1)
16.3042 	EXP 	Created unnamed TextStim = TextStim(__class__=<class 'psychopy.visual.text.TextStim'>, alignHoriz=method-wrapper(...), alignText='center', alignVert=method-wrapper(...), anchorHoriz='center', anchorVert='center', antialias=True, autoLog=True, bold=False, color=array([1., 1., 1.]), colorSpace='rgb', contrast=1.0, depth=0, flipHoriz=False, flipVert=False, font='', fontFiles=[], height=0.05, italic=False, languageStyle='LTR', name='unnamed TextStim', opacity=1.0, ori=0.0, pos=array([ 0.16666667, -0.1       ]), rgb=UNKNOWN, text='', units='norm', win=Window(...), wrapWidth=1)
16.3073 	EXP 	Created unnamed TextStim = TextStim(__class__=<class 'psychopy.visual.text.TextStim'>, alignHoriz=method-wrapper(...), alignText='center', alignVert=method-wrapper(...), anchorHoriz='center', anchorVert='center', antialias=True, autoLog=True, bold=False, color=array([1., 1., 1.]), colorSpace='rgb', contrast=1.0, depth=0, flipHoriz=False, flipVert=False, font='', fontFiles=[], height=0.05, italic=False, languageStyle='LTR', name='unnamed TextStim', opacity=1.0, ori=0.0, pos=array([ 0.5, -0.1]), rgb=UNKNOWN, text='Clearly \n FOCUSED', units='norm', win=Window(...), wrapWidth=1)
16.3091 	EXP 	Created unnamed ShapeStim = ShapeStim(__class__=<class 'psychopy.visual.shape.ShapeStim'>, autoDraw=False, autoLog=True, closeShape=True, color=method-wrapper(...), colorSpace='rgb', contrast=None, depth=0, fillColor=array([1, 1, 1]), fillColorSpace='rgb', fillRGB=array([1, 1, 1]), interpolate=True, lineColor=array([-1., -1., -1.]), lineColorSpace='rgb', lineRGB=array([-1, -1, -1]), lineWidth=1.5, name='unnamed ShapeStim', opacity=1.0, ori=0.0, pos=array([0., 0.]), size=array([1., 1.]), units='norm', vertices=ndarray(...), win=Window(...), windingRule=None)
16.3176 	EXP 	Created instru = TextStim(__class__=<class 'psychopy.visual.text.TextStim'>, alignHoriz=method-wrapper(...), alignText='center', alignVert=method-wrapper(...), anchorHoriz='center', anchorVert='center', antialias=True, autoLog=True, bold=False, color=array([1., 1., 1.]), colorSpace='rgb', contrast=1.0, depth=0.0, flipHoriz=False, flipVert=False, font='Arial', fontFiles=[], height=0.07, italic=False, languageStyle='LTR', name='instru', opacity=1, ori=0, pos=array([0. , 0.5]), rgb=UNKNOWN, text=str(...), units='norm', win=Window(...), wrapWidth=1)
16.3196 	EXP 	Created unnamed Line = Line(__class__=<class 'psychopy.visual.line.Line'>, autoDraw=False, autoLog=True, closeShape=False, color=array([1., 1., 1.]), colorSpace='rgb', contrast=None, depth=0, fillColor=array([0, 0, 0]), fillColorSpace='rgb', fillRGB=array([0, 0, 0]), interpolate=True, lineColor=array([1., 1., 1.]), lineColorSpace='rgb', lineRGB=array([1, 1, 1]), lineWidth=5, name='unnamed Line', opacity=0.5, ori=0.0, pos=array([0., 0.]), size=array([1., 1.]), units='norm', vertices=array([[-0.5,  0. ],
       [ 0.5,  0. ]]), win=Window(...), windingRule=None)
16.3216 	EXP 	Created unnamed Line = Line(__class__=<class 'psychopy.visual.line.Line'>, autoDraw=False, autoLog=True, closeShape=False, color=array([1., 1., 1.]), colorSpace='rgb', contrast=None, depth=0, fillColor=array([0, 0, 0]), fillColorSpace='rgb', fillRGB=array([0, 0, 0]), interpolate=True, lineColor=array([1., 1., 1.]), lineColorSpace='rgb', lineRGB=array([1, 1, 1]), lineWidth=3, name='unnamed Line', opacity=0.5, ori=0.0, pos=array([0., 0.]), size=array([1., 1.]), units='norm', vertices=array([[-0.5 , -0.05],
       [-0.5 ,  0.05]]), win=Window(...), windingRule=None)
16.3236 	EXP 	Created unnamed Line = Line(__class__=<class 'psychopy.visual.line.Line'>, autoDraw=False, autoLog=True, closeShape=False, color=array([1., 1., 1.]), colorSpace='rgb', contrast=None, depth=0, fillColor=array([0, 0, 0]), fillColorSpace='rgb', fillRGB=array([0, 0, 0]), interpolate=True, lineColor=array([1., 1., 1.]), lineColorSpace='rgb', lineRGB=array([1, 1, 1]), lineWidth=3, name='unnamed Line', opacity=0.5, ori=0.0, pos=array([0., 0.]), size=array([1., 1.]), units='norm', vertices=ndarray(...), win=Window(...), windingRule=None)
16.3255 	EXP 	Created unnamed Line = Line(__class__=<class 'psychopy.visual.line.Line'>, autoDraw=False, autoLog=True, closeShape=False, color=array([1., 1., 1.]), colorSpace='rgb', contrast=None, depth=0, fillColor=array([0, 0, 0]), fillColorSpace='rgb', fillRGB=array([0, 0, 0]), interpolate=True, lineColor=array([1., 1., 1.]), lineColorSpace='rgb', lineRGB=array([1, 1, 1]), lineWidth=3, name='unnamed Line', opacity=0.5, ori=0.0, pos=array([0., 0.]), size=array([1., 1.]), units='norm', vertices=ndarray(...), win=Window(...), windingRule=None)
16.3275 	EXP 	Created unnamed Line = Line(__class__=<class 'psychopy.visual.line.Line'>, autoDraw=False, autoLog=True, closeShape=False, color=array([1., 1., 1.]), colorSpace='rgb', contrast=None, depth=0, fillColor=array([0, 0, 0]), fillColorSpace='rgb', fillRGB=array([0, 0, 0]), interpolate=True, lineColor=array([1., 1., 1.]), lineColorSpace='rgb', lineRGB=array([1, 1, 1]), lineWidth=3, name='unnamed Line', opacity=0.5, ori=0.0, pos=array([0., 0.]), size=array([1., 1.]), units='norm', vertices=array([[ 0.5 , -0.05],
       [ 0.5 ,  0.05]]), win=Window(...), windingRule=None)
16.3326 	EXP 	Created unnamed TextStim = TextStim(__class__=<class 'psychopy.visual.text.TextStim'>, alignHoriz=method-wrapper(...), alignText='center', alignVert=method-wrapper(...), anchorHoriz='center', anchorVert='center', antialias=True, autoLog=True, bold=False, color=array([1., 1., 1.]), colorSpace='rgb', contrast=1.0, depth=0, flipHoriz=False, flipVert=False, font='', fontFiles=[], height=0.05, italic=False, languageStyle='LTR', name='unnamed TextStim', opacity=1.0, ori=0.0, pos=array([-0.5, -0.1]), rgb=UNKNOWN, text='Clearly \n NOTHING', units='norm', win=Window(...), wrapWidth=1)
16.3336 	EXP 	Created unnamed TextStim = TextStim(__class__=<class 'psychopy.visual.text.TextStim'>, alignHoriz=method-wrapper(...), alignText='center', alignVert=method-wrapper(...), anchorHoriz='center', anchorVert='center', antialias=True, autoLog=True, bold=False, color=array([1., 1., 1.]), colorSpace='rgb', contrast=1.0, depth=0, flipHoriz=False, flipVert=False, font='', fontFiles=[], height=0.05, italic=False, languageStyle='LTR', name='unnamed TextStim', opacity=1.0, ori=0.0, pos=array([-0.16666667, -0.1       ]), rgb=UNKNOWN, text='', units='norm', win=Window(...), wrapWidth=1)
16.3346 	EXP 	Created unnamed TextStim = TextStim(__class__=<class 'psychopy.visual.text.TextStim'>, alignHoriz=method-wrapper(...), alignText='center', alignVert=method-wrapper(...), anchorHoriz='center', anchorVert='center', antialias=True, autoLog=True, bold=False, color=array([1., 1., 1.]), colorSpace='rgb', contrast=1.0, depth=0, flipHoriz=False, flipVert=False, font='', fontFiles=[], height=0.05, italic=False, languageStyle='LTR', name='unnamed TextStim', opacity=1.0, ori=0.0, pos=array([ 0.16666667, -0.1       ]), rgb=UNKNOWN, text='', units='norm', win=Window(...), wrapWidth=1)
16.3385 	EXP 	Created unnamed TextStim = TextStim(__class__=<class 'psychopy.visual.text.TextStim'>, alignHoriz=method-wrapper(...), alignText='center', alignVert=method-wrapper(...), anchorHoriz='center', anchorVert='center', antialias=True, autoLog=True, bold=False, color=array([1., 1., 1.]), colorSpace='rgb', contrast=1.0, depth=0, flipHoriz=False, flipVert=False, font='', fontFiles=[], height=0.05, italic=False, languageStyle='LTR', name='unnamed TextStim', opacity=1.0, ori=0.0, pos=array([ 0.5, -0.1]), rgb=UNKNOWN, text='Clearly \n SOMETHING', units='norm', win=Window(...), wrapWidth=1)
16.3403 	EXP 	Created unnamed ShapeStim = ShapeStim(__class__=<class 'psychopy.visual.shape.ShapeStim'>, autoDraw=False, autoLog=True, closeShape=True, color=method-wrapper(...), colorSpace='rgb', contrast=None, depth=0, fillColor=array([1, 1, 1]), fillColorSpace='rgb', fillRGB=array([1, 1, 1]), interpolate=True, lineColor=array([-1., -1., -1.]), lineColorSpace='rgb', lineRGB=array([-1, -1, -1]), lineWidth=1.5, name='unnamed ShapeStim', opacity=1.0, ori=0.0, pos=array([0., 0.]), size=array([1., 1.]), units='norm', vertices=ndarray(...), win=Window(...), windingRule=None)
16.3469 	EXP 	Created instru = TextStim(__class__=<class 'psychopy.visual.text.TextStim'>, alignHoriz=method-wrapper(...), alignText='center', alignVert=method-wrapper(...), anchorHoriz='center', anchorVert='center', antialias=True, autoLog=True, bold=False, color=array([1., 1., 1.]), colorSpace='rgb', contrast=1.0, depth=0.0, flipHoriz=False, flipVert=False, font='Arial', fontFiles=[], height=0.07, italic=False, languageStyle='LTR', name='instru', opacity=1, ori=0, pos=array([0. , 0.5]), rgb=UNKNOWN, text=str(...), units='norm', win=Window(...), wrapWidth=1)
16.3489 	EXP 	Created unnamed Line = Line(__class__=<class 'psychopy.visual.line.Line'>, autoDraw=False, autoLog=True, closeShape=False, color=array([1., 1., 1.]), colorSpace='rgb', contrast=None, depth=0, fillColor=array([0, 0, 0]), fillColorSpace='rgb', fillRGB=array([0, 0, 0]), interpolate=True, lineColor=array([1., 1., 1.]), lineColorSpace='rgb', lineRGB=array([1, 1, 1]), lineWidth=5, name='unnamed Line', opacity=0.5, ori=0.0, pos=array([0., 0.]), size=array([1., 1.]), units='norm', vertices=array([[-0.5,  0. ],
       [ 0.5,  0. ]]), win=Window(...), windingRule=None)
16.3509 	EXP 	Created unnamed Line = Line(__class__=<class 'psychopy.visual.line.Line'>, autoDraw=False, autoLog=True, closeShape=False, color=array([1., 1., 1.]), colorSpace='rgb', contrast=None, depth=0, fillColor=array([0, 0, 0]), fillColorSpace='rgb', fillRGB=array([0, 0, 0]), interpolate=True, lineColor=array([1., 1., 1.]), lineColorSpace='rgb', lineRGB=array([1, 1, 1]), lineWidth=3, name='unnamed Line', opacity=0.5, ori=0.0, pos=array([0., 0.]), size=array([1., 1.]), units='norm', vertices=array([[-0.5 , -0.05],
       [-0.5 ,  0.05]]), win=Window(...), windingRule=None)
16.3528 	EXP 	Created unnamed Line = Line(__class__=<class 'psychopy.visual.line.Line'>, autoDraw=False, autoLog=True, closeShape=False, color=array([1., 1., 1.]), colorSpace='rgb', contrast=None, depth=0, fillColor=array([0, 0, 0]), fillColorSpace='rgb', fillRGB=array([0, 0, 0]), interpolate=True, lineColor=array([1., 1., 1.]), lineColorSpace='rgb', lineRGB=array([1, 1, 1]), lineWidth=3, name='unnamed Line', opacity=0.5, ori=0.0, pos=array([0., 0.]), size=array([1., 1.]), units='norm', vertices=ndarray(...), win=Window(...), windingRule=None)
16.3548 	EXP 	Created unnamed Line = Line(__class__=<class 'psychopy.visual.line.Line'>, autoDraw=False, autoLog=True, closeShape=False, color=array([1., 1., 1.]), colorSpace='rgb', contrast=None, depth=0, fillColor=array([0, 0, 0]), fillColorSpace='rgb', fillRGB=array([0, 0, 0]), interpolate=True, lineColor=array([1., 1., 1.]), lineColorSpace='rgb', lineRGB=array([1, 1, 1]), lineWidth=3, name='unnamed Line', opacity=0.5, ori=0.0, pos=array([0., 0.]), size=array([1., 1.]), units='norm', vertices=ndarray(...), win=Window(...), windingRule=None)
16.3568 	EXP 	Created unnamed Line = Line(__class__=<class 'psychopy.visual.line.Line'>, autoDraw=False, autoLog=True, closeShape=False, color=array([1., 1., 1.]), colorSpace='rgb', contrast=None, depth=0, fillColor=array([0, 0, 0]), fillColorSpace='rgb', fillRGB=array([0, 0, 0]), interpolate=True, lineColor=array([1., 1., 1.]), lineColorSpace='rgb', lineRGB=array([1, 1, 1]), lineWidth=3, name='unnamed Line', opacity=0.5, ori=0.0, pos=array([0., 0.]), size=array([1., 1.]), units='norm', vertices=array([[ 0.5 , -0.05],
       [ 0.5 ,  0.05]]), win=Window(...), windingRule=None)
16.3618 	EXP 	Created unnamed TextStim = TextStim(__class__=<class 'psychopy.visual.text.TextStim'>, alignHoriz=method-wrapper(...), alignText='center', alignVert=method-wrapper(...), anchorHoriz='center', anchorVert='center', antialias=True, autoLog=True, bold=False, color=array([1., 1., 1.]), colorSpace='rgb', contrast=1.0, depth=0, flipHoriz=False, flipVert=False, font='', fontFiles=[], height=0.05, italic=False, languageStyle='LTR', name='unnamed TextStim', opacity=1.0, ori=0.0, pos=array([-0.5, -0.1]), rgb=UNKNOWN, text='Clearly \n SPONTANEOUS', units='norm', win=Window(...), wrapWidth=1)
16.3628 	EXP 	Created unnamed TextStim = TextStim(__class__=<class 'psychopy.visual.text.TextStim'>, alignHoriz=method-wrapper(...), alignText='center', alignVert=method-wrapper(...), anchorHoriz='center', anchorVert='center', antialias=True, autoLog=True, bold=False, color=array([1., 1., 1.]), colorSpace='rgb', contrast=1.0, depth=0, flipHoriz=False, flipVert=False, font='', fontFiles=[], height=0.05, italic=False, languageStyle='LTR', name='unnamed TextStim', opacity=1.0, ori=0.0, pos=array([-0.16666667, -0.1       ]), rgb=UNKNOWN, text='', units='norm', win=Window(...), wrapWidth=1)
16.3641 	EXP 	Created unnamed TextStim = TextStim(__class__=<class 'psychopy.visual.text.TextStim'>, alignHoriz=method-wrapper(...), alignText='center', alignVert=method-wrapper(...), anchorHoriz='center', anchorVert='center', antialias=True, autoLog=True, bold=False, color=array([1., 1., 1.]), colorSpace='rgb', contrast=1.0, depth=0, flipHoriz=False, flipVert=False, font='', fontFiles=[], height=0.05, italic=False, languageStyle='LTR', name='unnamed TextStim', opacity=1.0, ori=0.0, pos=array([ 0.16666667, -0.1       ]), rgb=UNKNOWN, text='', units='norm', win=Window(...), wrapWidth=1)
16.3698 	EXP 	Created unnamed TextStim = TextStim(__class__=<class 'psychopy.visual.text.TextStim'>, alignHoriz=method-wrapper(...), alignText='center', alignVert=method-wrapper(...), anchorHoriz='center', anchorVert='center', antialias=True, autoLog=True, bold=False, color=array([1., 1., 1.]), colorSpace='rgb', contrast=1.0, depth=0, flipHoriz=False, flipVert=False, font='', fontFiles=[], height=0.05, italic=False, languageStyle='LTR', name='unnamed TextStim', opacity=1.0, ori=0.0, pos=array([ 0.5, -0.1]), rgb=UNKNOWN, text='Clearly \n DELIBERATE', units='norm', win=Window(...), wrapWidth=1)
16.3715 	EXP 	Created unnamed ShapeStim = ShapeStim(__class__=<class 'psychopy.visual.shape.ShapeStim'>, autoDraw=False, autoLog=True, closeShape=True, color=method-wrapper(...), colorSpace='rgb', contrast=None, depth=0, fillColor=array([1, 1, 1]), fillColorSpace='rgb', fillRGB=array([1, 1, 1]), interpolate=True, lineColor=array([-1., -1., -1.]), lineColorSpace='rgb', lineRGB=array([-1, -1, -1]), lineWidth=1.5, name='unnamed ShapeStim', opacity=1.0, ori=0.0, pos=array([0., 0.]), size=array([1., 1.]), units='norm', vertices=ndarray(...), win=Window(...), windingRule=None)
16.4205 	EXP 	Sound  set volume 1.000
16.4546 	EXP 	unnamed ShapeStim: vertices = <class 'numpy.ndarray'>
16.4546 	EXP 	unnamed ShapeStim: vertices = <class 'numpy.ndarray'>
16.4546 	EXP 	unnamed ShapeStim: vertices = <class 'numpy.ndarray'>
17.5196 	DATA 	Keypress: rctrl
18.0454 	EXP 	Sound  started
18.2715 	DATA 	Keypress: rctrl
18.7952 	EXP 	Sound  started
18.8794 	DATA 	Keypress: rctrl
19.5452 	EXP 	Sound  started
19.7115 	DATA 	Keypress: rctrl
20.2953 	EXP 	Sound  started
20.4795 	DATA 	Keypress: lctrl
21.0453 	EXP 	Sound  started
21.2315 	DATA 	Keypress: lctrl
21.7953 	EXP 	Sound  started
21.9834 	DATA 	Keypress: lctrl
22.5453 	EXP 	Sound  started
22.7034 	DATA 	Keypress: lctrl
23.2953 	EXP 	Sound  started
23.4714 	DATA 	Keypress: lctrl
24.0453 	EXP 	Sound  started
24.2074 	DATA 	Keypress: lctrl
24.7953 	EXP 	Sound  started
24.9114 	DATA 	Keypress: rctrl
25.5454 	EXP 	Sound  started
25.6475 	DATA 	Keypress: rctrl
26.2954 	EXP 	Sound  started
26.4634 	DATA 	Keypress: rctrl
27.0454 	EXP 	Sound  started
27.1674 	DATA 	Keypress: rctrl
27.7954 	EXP 	Sound  started
27.9034 	DATA 	Keypress: rctrl
28.5454 	EXP 	Sound  started
28.6554 	DATA 	Keypress: rctrl
29.2954 	EXP 	Sound  started
29.4234 	DATA 	Keypress: lctrl
30.0454 	EXP 	Sound  started
30.1754 	DATA 	Keypress: lctrl
30.7955 	EXP 	Sound  started
30.9594 	DATA 	Keypress: rctrl
31.5455 	EXP 	Sound  started
31.7114 	DATA 	Keypress: rctrl
32.2955 	EXP 	Sound  started
32.4475 	DATA 	Keypress: lctrl
33.0455 	EXP 	Sound  started
33.1515 	DATA 	Keypress: lctrl
33.7955 	EXP 	Sound  started
33.9355 	DATA 	Keypress: rctrl
34.5455 	EXP 	Sound  started
34.7514 	DATA 	Keypress: rctrl
35.2955 	EXP 	Sound  started
35.4714 	DATA 	Keypress: rctrl
36.0456 	EXP 	Sound  started
36.1755 	DATA 	Keypress: lctrl
36.7956 	EXP 	Sound  started
36.9595 	DATA 	Keypress: lctrl
37.5456 	EXP 	Sound  started
37.7114 	DATA 	Keypress: rctrl
38.2956 	EXP 	Sound  started
38.4634 	DATA 	Keypress: rctrl
39.0456 	EXP 	Sound  started
39.2154 	DATA 	Keypress: lctrl
39.7956 	EXP 	Sound  started
39.9354 	DATA 	Keypress: lctrl
40.5456 	EXP 	Sound  started
40.6715 	DATA 	Keypress: lctrl
41.2957 	EXP 	Sound  started
41.3914 	DATA 	Keypress: lctrl
42.0457 	EXP 	Sound  started
42.1914 	DATA 	Keypress: rctrl
42.7957 	EXP 	Sound  started
42.9275 	DATA 	Keypress: rctrl
43.5457 	EXP 	Sound  started
43.7275 	DATA 	Keypress: rctrl
44.2957 	EXP 	Sound  started
44.4315 	DATA 	Keypress: rctrl
45.0457 	EXP 	Sound  started
45.2155 	DATA 	Keypress: rctrl
45.7957 	EXP 	Sound  started
45.9675 	DATA 	Keypress: rctrl
46.5458 	EXP 	Sound  started
46.6874 	DATA 	Keypress: rctrl
47.2958 	EXP 	Sound  started
47.4554 	DATA 	Keypress: rctrl
48.0458 	EXP 	Sound  started
48.1754 	DATA 	Keypress: lctrl
48.7958 	EXP 	Sound  started
48.9274 	DATA 	Keypress: lctrl
49.5458 	EXP 	Sound  started
49.7114 	DATA 	Keypress: lctrl
50.2958 	EXP 	Sound  started
50.4634 	DATA 	Keypress: lctrl
51.0458 	EXP 	Sound  started
51.1994 	DATA 	Keypress: rctrl
51.7959 	EXP 	Sound  started
51.9514 	DATA 	Keypress: rctrl
52.5459 	EXP 	Sound  started
52.6875 	DATA 	Keypress: lctrl
53.2959 	EXP 	Sound  started
53.4874 	DATA 	Keypress: lctrl
54.0459 	EXP 	Sound  started
54.2234 	DATA 	Keypress: rctrl
54.7959 	EXP 	Sound  started
54.9914 	DATA 	Keypress: lctrl
55.5459 	EXP 	Sound  started
55.7274 	DATA 	Keypress: rctrl
56.2960 	EXP 	Sound  started
56.4156 	DATA 	Keypress: lctrl
57.0460 	EXP 	Sound  started
57.1994 	DATA 	Keypress: lctrl
57.7960 	EXP 	Sound  started
57.8394 	DATA 	Keypress: lctrl
58.5460 	EXP 	Sound  started
58.7515 	DATA 	Keypress: lctrl
59.2960 	EXP 	Sound  started
59.5194 	DATA 	Keypress: lctrl
60.0460 	EXP 	Sound  started
60.2714 	DATA 	Keypress: lctrl
60.7960 	EXP 	Sound  started
61.0074 	DATA 	Keypress: lctrl
61.5461 	EXP 	Sound  started
61.7754 	DATA 	Keypress: rctrl
62.2961 	EXP 	Sound  started
62.4955 	DATA 	Keypress: rctrl
63.0461 	EXP 	Sound  started
63.2315 	DATA 	Keypress: rctrl
63.7961 	EXP 	Sound  started
64.0155 	DATA 	Keypress: rctrl
64.5461 	EXP 	Sound  started
64.7194 	DATA 	Keypress: lctrl
65.2961 	EXP 	Sound  started
65.4714 	DATA 	Keypress: lctrl
66.0461 	EXP 	Sound  started
66.2714 	DATA 	Keypress: rctrl
66.7961 	EXP 	Sound  started
67.0234 	DATA 	Keypress: rctrl
67.5462 	EXP 	Sound  started
67.6794 	DATA 	Keypress: rctrl
68.2962 	EXP 	Sound  started
68.4474 	DATA 	Keypress: lctrl
69.0698 	EXP 	unnamed TextStim: text = ''
69.0698 	EXP 	unnamed TextStim: text = ''
69.1534 	DATA 	Keypress: lctrl
70.7209 	DATA 	Keypress: 4
70.7374 	EXP 	unnamed ShapeStim: vertices = <class 'numpy.ndarray'>
72.2720 	EXP 	unnamed TextStim: text = ''
72.2720 	EXP 	unnamed TextStim: text = ''
74.0736 	DATA 	Keypress: 1
74.0901 	EXP 	unnamed ShapeStim: vertices = <class 'numpy.ndarray'>
75.6163 	DATA 	Keypress: 1
75.6252 	EXP 	unnamed TextStim: text = ''
75.6252 	EXP 	unnamed TextStim: text = ''
75.6586 	EXP 	unnamed ShapeStim: vertices = <class 'numpy.ndarray'>
77.9432 	EXP 	Sound  started
78.1435 	DATA 	Keypress: rctrl
78.6931 	EXP 	Sound  started
78.9114 	DATA 	Keypress: rctrl
79.4431 	EXP 	Sound  started
79.6314 	DATA 	Keypress: rctrl
80.1931 	EXP 	Sound  started
80.4153 	DATA 	Keypress: rctrl
80.9431 	EXP 	Sound  started
81.1674 	DATA 	Keypress: lctrl
81.6931 	EXP 	Sound  started
81.8714 	DATA 	Keypress: lctrl
82.4431 	EXP 	Sound  started
82.6554 	DATA 	Keypress: lctrl
83.1931 	EXP 	Sound  started
83.4074 	DATA 	Keypress: lctrl
83.9431 	EXP 	Sound  started
84.1433 	DATA 	Keypress: lctrl
84.6932 	EXP 	Sound  started
84.8794 	DATA 	Keypress: rctrl
85.4432 	EXP 	Sound  started
85.6154 	DATA 	Keypress: lctrl
86.1932 	EXP 	Sound  started
86.3194 	DATA 	Keypress: rctrl
86.9432 	EXP 	Sound  started
87.0874 	DATA 	Keypress: lctrl
87.6932 	EXP 	Sound  started
87.7914 	DATA 	Keypress: lctrl
88.4432 	EXP 	Sound  started
88.6074 	DATA 	Keypress: rctrl
89.1932 	EXP 	Sound  started
89.3754 	DATA 	Keypress: rctrl
89.9433 	EXP 	Sound  started
90.1914 	DATA 	Keypress: rctrl
90.6933 	EXP 	Sound  started
90.8954 	DATA 	Keypress: rctrl
91.4433 	EXP 	Sound  started
91.6474 	DATA 	Keypress: rctrl
92.1933 	EXP 	Sound  started
92.3834 	DATA 	Keypress: rctrl
92.9433 	EXP 	Sound  started
93.1033 	DATA 	Keypress: lctrl
93.6933 	EXP 	Sound  started
93.9034 	DATA 	Keypress: lctrl
94.4433 	EXP 	Sound  started
94.5914 	DATA 	Keypress: lctrl
95.1933 	EXP 	Sound  started
95.2954 	DATA 	Keypress: lctrl
95.9434 	EXP 	Sound  started
96.0795 	DATA 	Keypress: lctrl
96.6934 	EXP 	Sound  started
96.8154 	DATA 	Keypress: lctrl
97.4434 	EXP 	Sound  started
97.5834 	DATA 	Keypress: lctrl
98.1934 	EXP 	Sound  started
98.3353 	DATA 	Keypress: lctrl
98.9434 	EXP 	Sound  started
99.0553 	DATA 	Keypress: rctrl
99.6934 	EXP 	Sound  started
99.7914 	DATA 	Keypress: rctrl
100.4434 	EXP 	Sound  started
100.6074 	DATA 	Keypress: rctrl
101.1934 	EXP 	Sound  started
101.3914 	DATA 	Keypress: lctrl
101.9435 	EXP 	Sound  started
102.0955 	DATA 	Keypress: lctrl
102.6935 	EXP 	Sound  started
102.8473 	DATA 	Keypress: lctrl
103.4435 	EXP 	Sound  started
103.5354 	DATA 	Keypress: lctrl
104.1935 	EXP 	Sound  started
104.2873 	DATA 	Keypress: rctrl
104.9435 	EXP 	Sound  started
105.0394 	DATA 	Keypress: rctrl
105.6935 	EXP 	Sound  started
105.8553 	DATA 	Keypress: rctrl
106.4435 	EXP 	Sound  started
106.6554 	DATA 	Keypress: lctrl
107.1935 	EXP 	Sound  started
107.3753 	DATA 	Keypress: lctrl
107.9436 	EXP 	Sound  started
108.1114 	DATA 	Keypress: lctrl
108.6936 	EXP 	Sound  started
108.8634 	DATA 	Keypress: lctrl
109.4436 	EXP 	Sound  started
109.6153 	DATA 	Keypress: rctrl
110.1936 	EXP 	Sound  started
110.3994 	DATA 	Keypress: rctrl
110.9436 	EXP 	Sound  started
111.1194 	DATA 	Keypress: lctrl
111.6936 	EXP 	Sound  started
111.9194 	DATA 	Keypress: lctrl
112.4436 	EXP 	Sound  started
112.6394 	DATA 	Keypress: lctrl
113.1937 	EXP 	Sound  started
113.3114 	DATA 	Keypress: lctrl
113.9437 	EXP 	Sound  started
114.1273 	DATA 	Keypress: rctrl
114.6937 	EXP 	Sound  started
114.8794 	DATA 	Keypress: rctrl
115.4437 	EXP 	Sound  started
115.5674 	DATA 	Keypress: lctrl
116.1937 	EXP 	Sound  started
116.3513 	DATA 	Keypress: rctrl
116.9437 	EXP 	Sound  started
117.1194 	DATA 	Keypress: lctrl
117.6938 	EXP 	Sound  started
117.8554 	DATA 	Keypress: rctrl
118.4438 	EXP 	Sound  started
118.6074 	DATA 	Keypress: lctrl
119.1938 	EXP 	Sound  started
119.3273 	DATA 	Keypress: rctrl
119.9438 	EXP 	Sound  started
120.0633 	DATA 	Keypress: lctrl
120.8828 	DATA 	Keypress: rctrl
124.1980 	DATA 	Keypress: 4
124.2145 	EXP 	unnamed ShapeStim: vertices = <class 'numpy.ndarray'>
130.3698 	DATA 	Keypress: 1
130.3863 	EXP 	unnamed ShapeStim: vertices = <class 'numpy.ndarray'>
132.1545 	DATA 	Keypress: 1
132.1710 	EXP 	unnamed ShapeStim: vertices = <class 'numpy.ndarray'>
134.4563 	EXP 	Sound  started
134.6555 	DATA 	Keypress: rctrl
135.2061 	EXP 	Sound  started
135.4714 	DATA 	Keypress: lctrl
135.9562 	EXP 	Sound  started
136.2073 	DATA 	Keypress: lctrl
136.7062 	EXP 	Sound  started
136.9274 	DATA 	Keypress: rctrl
137.4562 	EXP 	Sound  started
137.6634 	DATA 	Keypress: rctrl
138.2062 	EXP 	Sound  started
138.4315 	DATA 	Keypress: rctrl
138.9562 	EXP 	Sound  started
139.1674 	DATA 	Keypress: rctrl
139.7062 	EXP 	Sound  started
139.9194 	DATA 	Keypress: rctrl
140.4563 	EXP 	Sound  started
140.6874 	DATA 	Keypress: rctrl
141.2063 	EXP 	Sound  started
141.4233 	DATA 	Keypress: lctrl
141.9563 	EXP 	Sound  started
142.1753 	DATA 	Keypress: lctrl
142.7063 	EXP 	Sound  started
142.9274 	DATA 	Keypress: lctrl
143.4563 	EXP 	Sound  started
143.6953 	DATA 	Keypress: lctrl
144.2063 	EXP 	Sound  started
144.3994 	DATA 	Keypress: lctrl
144.9563 	EXP 	Sound  started
145.1194 	DATA 	Keypress: rctrl
145.7064 	EXP 	Sound  started
145.8714 	DATA 	Keypress: rctrl
146.4564 	EXP 	Sound  started
146.6713 	DATA 	Keypress: rctrl
147.2064 	EXP 	Sound  started
147.3913 	DATA 	Keypress: rctrl
147.9564 	EXP 	Sound  started
148.1913 	DATA 	Keypress: lctrl
148.7064 	EXP 	Sound  started
148.9114 	DATA 	Keypress: lctrl
149.4564 	EXP 	Sound  started
149.6634 	DATA 	Keypress: rctrl
150.2064 	EXP 	Sound  started
150.3674 	DATA 	Keypress: rctrl
150.9565 	EXP 	Sound  started
151.1514 	DATA 	Keypress: lctrl
151.7065 	EXP 	Sound  started
151.8873 	DATA 	Keypress: lctrl
152.4565 	EXP 	Sound  started
152.6233 	DATA 	Keypress: lctrl
153.2065 	EXP 	Sound  started
153.3753 	DATA 	Keypress: rctrl
153.9565 	EXP 	Sound  started
154.1593 	DATA 	Keypress: rctrl
154.7065 	EXP 	Sound  started
154.8634 	DATA 	Keypress: rctrl
155.4565 	EXP 	Sound  started
155.6795 	DATA 	Keypress: lctrl
156.2066 	EXP 	Sound  started
156.3833 	DATA 	Keypress: lctrl
156.9566 	EXP 	Sound  started
157.1193 	DATA 	Keypress: rctrl
157.7066 	EXP 	Sound  started
157.9194 	DATA 	Keypress: lctrl
158.4566 	EXP 	Sound  started
158.6714 	DATA 	Keypress: rctrl
159.2066 	EXP 	Sound  started
159.3754 	DATA 	Keypress: lctrl
159.9566 	EXP 	Sound  started
160.1434 	DATA 	Keypress: rctrl
160.7066 	EXP 	Sound  started
160.9113 	DATA 	Keypress: rctrl
161.4567 	EXP 	Sound  started
161.5833 	DATA 	Keypress: lctrl
162.2067 	EXP 	Sound  started
162.3834 	DATA 	Keypress: lctrl
162.9567 	EXP 	Sound  started
163.1354 	DATA 	Keypress: rctrl
163.7067 	EXP 	Sound  started
163.9033 	DATA 	Keypress: rctrl
164.4567 	EXP 	Sound  started
164.6074 	DATA 	Keypress: lctrl
165.2067 	EXP 	Sound  started
165.3754 	DATA 	Keypress: lctrl
165.9567 	EXP 	Sound  started
166.1275 	DATA 	Keypress: rctrl
166.7068 	EXP 	Sound  started
166.8634 	DATA 	Keypress: rctrl
167.4568 	EXP 	Sound  started
167.6154 	DATA 	Keypress: lctrl
168.2068 	EXP 	Sound  started
168.3994 	DATA 	Keypress: lctrl
168.9568 	EXP 	Sound  started
169.1513 	DATA 	Keypress: rctrl
169.7068 	EXP 	Sound  started
169.8553 	DATA 	Keypress: rctrl
170.4568 	EXP 	Sound  started
170.6233 	DATA 	Keypress: lctrl
171.2068 	EXP 	Sound  started
171.4074 	DATA 	Keypress: lctrl
171.9569 	EXP 	Sound  started
172.1113 	DATA 	Keypress: rctrl
172.7069 	EXP 	Sound  started
172.8793 	DATA 	Keypress: rctrl
173.4569 	EXP 	Sound  started
173.6313 	DATA 	Keypress: lctrl
174.2069 	EXP 	Sound  started
174.3834 	DATA 	Keypress: lctrl
175.2070 	DATA 	Keypress: rctrl
176.6910 	DATA 	Keypress: 4
176.7075 	EXP 	unnamed ShapeStim: vertices = <class 'numpy.ndarray'>
178.6430 	DATA 	Keypress: 4
178.6596 	EXP 	unnamed ShapeStim: vertices = <class 'numpy.ndarray'>
180.3439 	DATA 	Keypress: 1
180.3605 	EXP 	unnamed ShapeStim: vertices = <class 'numpy.ndarray'>
182.6457 	EXP 	Sound  started
182.8474 	DATA 	Keypress: rctrl
183.3955 	EXP 	Sound  started
183.5994 	DATA 	Keypress: lctrl
184.1455 	EXP 	Sound  started
184.3673 	DATA 	Keypress: lctrl
184.8955 	EXP 	Sound  started
185.1354 	DATA 	Keypress: lctrl
185.6456 	EXP 	Sound  started
185.8713 	DATA 	Keypress: lctrl
186.3956 	EXP 	Sound  started
186.6233 	DATA 	Keypress: lctrl
187.1456 	EXP 	Sound  started
187.3594 	DATA 	Keypress: rctrl
187.8956 	EXP 	Sound  started
188.0953 	DATA 	Keypress: rctrl
188.6456 	EXP 	Sound  started
188.8473 	DATA 	Keypress: rctrl
189.3956 	EXP 	Sound  started
189.6153 	DATA 	Keypress: lctrl
190.1457 	EXP 	Sound  started
190.3193 	DATA 	Keypress: lctrl
190.8957 	EXP 	Sound  started
191.0553 	DATA 	Keypress: lctrl
191.6457 	EXP 	Sound  started
191.7913 	DATA 	Keypress: lctrl
192.3957 	EXP 	Sound  started
192.6233 	DATA 	Keypress: rctrl
193.1457 	EXP 	Sound  started
193.3753 	DATA 	Keypress: rctrl
193.8957 	EXP 	Sound  started
194.0633 	DATA 	Keypress: rctrl
194.6457 	EXP 	Sound  started
194.8313 	DATA 	Keypress: lctrl
195.3957 	EXP 	Sound  started
195.5833 	DATA 	Keypress: lctrl
196.1458 	EXP 	Sound  started
196.3834 	DATA 	Keypress: lctrl
196.8958 	EXP 	Sound  started
197.1033 	DATA 	Keypress: rctrl
197.6458 	EXP 	Sound  started
197.9033 	DATA 	Keypress: rctrl
198.3958 	EXP 	Sound  started
198.5913 	DATA 	Keypress: lctrl
199.1458 	EXP 	Sound  started
199.3273 	DATA 	Keypress: lctrl
199.8958 	EXP 	Sound  started
200.0954 	DATA 	Keypress: rctrl
200.6458 	EXP 	Sound  started
200.7674 	DATA 	Keypress: rctrl
201.3958 	EXP 	Sound  started
201.5833 	DATA 	Keypress: lctrl
202.1459 	EXP 	Sound  started
202.3193 	DATA 	Keypress: lctrl
202.8959 	EXP 	Sound  started
203.0874 	DATA 	Keypress: rctrl
203.6459 	EXP 	Sound  started
203.7914 	DATA 	Keypress: lctrl
204.3959 	EXP 	Sound  started
204.5754 	DATA 	Keypress: rctrl
205.1459 	EXP 	Sound  started
205.2474 	DATA 	Keypress: lctrl
205.8959 	EXP 	Sound  started
206.0154 	DATA 	Keypress: rctrl
206.6459 	EXP 	Sound  started
206.7993 	DATA 	Keypress: lctrl
207.3959 	EXP 	Sound  started
207.5834 	DATA 	Keypress: rctrl
208.1460 	EXP 	Sound  started
208.3354 	DATA 	Keypress: rctrl
208.8960 	EXP 	Sound  started
209.0553 	DATA 	Keypress: lctrl
209.6460 	EXP 	Sound  started
209.8074 	DATA 	Keypress: lctrl
210.3960 	EXP 	Sound  started
210.5753 	DATA 	Keypress: rctrl
211.1460 	EXP 	Sound  started
211.2954 	DATA 	Keypress: rctrl
211.8960 	EXP 	Sound  started
212.0633 	DATA 	Keypress: lctrl
212.6460 	EXP 	Sound  started
212.8633 	DATA 	Keypress: lctrl
213.3961 	EXP 	Sound  started
213.6633 	DATA 	Keypress: lctrl
214.1461 	EXP 	Sound  started
214.3833 	DATA 	Keypress: rctrl
214.8961 	EXP 	Sound  started
215.1034 	DATA 	Keypress: rctrl
215.6461 	EXP 	Sound  started
215.8874 	DATA 	Keypress: rctrl
216.3961 	EXP 	Sound  started
216.6073 	DATA 	Keypress: lctrl
217.1461 	EXP 	Sound  started
217.3593 	DATA 	Keypress: lctrl
217.8961 	EXP 	Sound  started
218.0793 	DATA 	Keypress: lctrl
218.6462 	EXP 	Sound  started
218.8154 	DATA 	Keypress: lctrl
219.3962 	EXP 	Sound  started
219.5673 	DATA 	Keypress: rctrl
220.1462 	EXP 	Sound  started
220.3673 	DATA 	Keypress: rctrl
220.8962 	EXP 	Sound  started
221.1033 	DATA 	Keypress: lctrl
221.6462 	EXP 	Sound  started
221.8713 	DATA 	Keypress: lctrl
222.3962 	EXP 	Sound  started
222.6392 	DATA 	Keypress: rctrl
223.1462 	EXP 	Sound  started
223.3594 	DATA 	Keypress: rctrl
223.8963 	EXP 	Sound  started
224.0953 	DATA 	Keypress: lctrl
224.6463 	EXP 	Sound  started
224.8313 	DATA 	Keypress: lctrl
225.3963 	EXP 	Sound  started
225.6154 	DATA 	Keypress: rctrl
226.1463 	EXP 	Sound  started
226.3513 	DATA 	Keypress: rctrl
226.8963 	EXP 	Sound  started
227.0873 	DATA 	Keypress: lctrl
227.6463 	EXP 	Sound  started
227.8233 	DATA 	Keypress: lctrl
228.3963 	EXP 	Sound  started
228.5914 	DATA 	Keypress: rctrl
229.1464 	EXP 	Sound  started
229.2953 	DATA 	Keypress: lctrl
229.8964 	EXP 	Sound  started
230.1113 	DATA 	Keypress: rctrl
230.6464 	EXP 	Sound  started
230.8153 	DATA 	Keypress: rctrl
231.3964 	EXP 	Sound  started
231.6153 	DATA 	Keypress: lctrl
232.1464 	EXP 	Sound  started
232.3353 	DATA 	Keypress: lctrl
232.8964 	EXP 	Sound  started
233.0873 	DATA 	Keypress: lctrl
233.6464 	EXP 	Sound  started
233.9353 	DATA 	Keypress: rctrl
234.3964 	EXP 	Sound  started
234.6553 	DATA 	Keypress: rctrl
235.1465 	EXP 	Sound  started
235.3593 	DATA 	Keypress: rctrl
235.8965 	EXP 	Sound  started
236.1113 	DATA 	Keypress: rctrl
236.6465 	EXP 	Sound  started
236.8795 	DATA 	Keypress: rctrl
237.3965 	EXP 	Sound  started
237.5513 	DATA 	Keypress: rctrl
238.1465 	EXP 	Sound  started
238.3673 	DATA 	Keypress: rctrl
238.8965 	EXP 	Sound  started
239.1193 	DATA 	Keypress: rctrl
239.6465 	EXP 	Sound  started
239.8553 	DATA 	Keypress: lctrl
240.3965 	EXP 	Sound  started
240.5914 	DATA 	Keypress: lctrl
241.3277 	DATA 	Keypress: lctrl
243.0619 	DATA 	Keypress: 4
243.0785 	EXP 	unnamed ShapeStim: vertices = <class 'numpy.ndarray'>
246.0978 	DATA 	Keypress: 1
246.1143 	EXP 	unnamed ShapeStim: vertices = <class 'numpy.ndarray'>
248.2829 	DATA 	Keypress: 1
248.2994 	EXP 	unnamed ShapeStim: vertices = <class 'numpy.ndarray'>
250.5846 	EXP 	Sound  started
250.7674 	DATA 	Keypress: rctrl
251.3344 	EXP 	Sound  started
251.5353 	DATA 	Keypress: rctrl
252.0844 	EXP 	Sound  started
252.2714 	DATA 	Keypress: lctrl
252.8345 	EXP 	Sound  started
253.0073 	DATA 	Keypress: lctrl
253.5845 	EXP 	Sound  started
253.7432 	DATA 	Keypress: lctrl
254.3345 	EXP 	Sound  started
254.4953 	DATA 	Keypress: lctrl
255.0845 	EXP 	Sound  started
255.2473 	DATA 	Keypress: rctrl
255.8345 	EXP 	Sound  started
256.0152 	DATA 	Keypress: rctrl
256.5845 	EXP 	Sound  started
256.7673 	DATA 	Keypress: rctrl
257.3345 	EXP 	Sound  started
257.4712 	DATA 	Keypress: rctrl
258.0846 	EXP 	Sound  started
258.2555 	DATA 	Keypress: lctrl
258.8346 	EXP 	Sound  started
259.0233 	DATA 	Keypress: lctrl
259.5846 	EXP 	Sound  started
259.7592 	DATA 	Keypress: lctrl
260.3346 	EXP 	Sound  started
260.4794 	DATA 	Keypress: lctrl
261.0846 	EXP 	Sound  started
261.2473 	DATA 	Keypress: lctrl
261.8346 	EXP 	Sound  started
262.0153 	DATA 	Keypress: lctrl
262.5846 	EXP 	Sound  started
262.7513 	DATA 	Keypress: lctrl
263.3346 	EXP 	Sound  started
263.4873 	DATA 	Keypress: lctrl
264.0847 	EXP 	Sound  started
264.2713 	DATA 	Keypress: rctrl
264.8347 	EXP 	Sound  started
265.0073 	DATA 	Keypress: rctrl
265.5847 	EXP 	Sound  started
265.6954 	DATA 	Keypress: rctrl
266.3347 	EXP 	Sound  started
266.4793 	DATA 	Keypress: rctrl
267.0847 	EXP 	Sound  started
267.2152 	DATA 	Keypress: rctrl
267.8347 	EXP 	Sound  started
268.0152 	DATA 	Keypress: rctrl
268.5847 	EXP 	Sound  started
268.7673 	DATA 	Keypress: lctrl
269.3348 	EXP 	Sound  started
269.5033 	DATA 	Keypress: lctrl
270.0848 	EXP 	Sound  started
270.2553 	DATA 	Keypress: rctrl
270.8348 	EXP 	Sound  started
270.9592 	DATA 	Keypress: lctrl
271.5848 	EXP 	Sound  started
271.7592 	DATA 	Keypress: rctrl
272.3348 	EXP 	Sound  started
272.4473 	DATA 	Keypress: lctrl
273.0848 	EXP 	Sound  started
273.2473 	DATA 	Keypress: rctrl
273.8348 	EXP 	Sound  started
274.0152 	DATA 	Keypress: lctrl
274.5849 	EXP 	Sound  started
274.7513 	DATA 	Keypress: rctrl
275.3349 	EXP 	Sound  started
275.4873 	DATA 	Keypress: lctrl
276.0849 	EXP 	Sound  started
276.2554 	DATA 	Keypress: rctrl
276.8349 	EXP 	Sound  started
277.0394 	DATA 	Keypress: lctrl
277.5849 	EXP 	Sound  started
277.8073 	DATA 	Keypress: rctrl
278.3349 	EXP 	Sound  started
278.4793 	DATA 	Keypress: lctrl
279.0849 	EXP 	Sound  started
279.2313 	DATA 	Keypress: lctrl
279.8350 	EXP 	Sound  started
279.9673 	DATA 	Keypress: lctrl
280.5850 	EXP 	Sound  started
280.7194 	DATA 	Keypress: rctrl
281.3350 	EXP 	Sound  started
281.4233 	DATA 	Keypress: rctrl
282.0850 	EXP 	Sound  started
282.1592 	DATA 	Keypress: lctrl
282.8350 	EXP 	Sound  started
282.9914 	DATA 	Keypress: rctrl
283.5850 	EXP 	Sound  started
283.7432 	DATA 	Keypress: lctrl
284.3350 	EXP 	Sound  started
284.5432 	DATA 	Keypress: rctrl
285.0851 	EXP 	Sound  started
285.2793 	DATA 	Keypress: rctrl
285.8351 	EXP 	Sound  started
286.0152 	DATA 	Keypress: rctrl
286.5851 	EXP 	Sound  started
286.7833 	DATA 	Keypress: lctrl
287.3351 	EXP 	Sound  started
287.5513 	DATA 	Keypress: lctrl
288.0851 	EXP 	Sound  started
288.3032 	DATA 	Keypress: lctrl
288.8351 	EXP 	Sound  started
289.0072 	DATA 	Keypress: rctrl
289.5851 	EXP 	Sound  started
289.7273 	DATA 	Keypress: rctrl
290.3352 	EXP 	Sound  started
290.4792 	DATA 	Keypress: lctrl
291.0852 	EXP 	Sound  started
291.2472 	DATA 	Keypress: lctrl
291.8352 	EXP 	Sound  started
291.9993 	DATA 	Keypress: rctrl
292.5852 	EXP 	Sound  started
292.7352 	DATA 	Keypress: lctrl
293.3352 	EXP 	Sound  started
293.4872 	DATA 	Keypress: lctrl
294.0852 	EXP 	Sound  started
294.2393 	DATA 	Keypress: rctrl
294.8352 	EXP 	Sound  started
295.0073 	DATA 	Keypress: lctrl
295.5853 	EXP 	Sound  started
295.7433 	DATA 	Keypress: lctrl
296.3353 	EXP 	Sound  started
296.5434 	DATA 	Keypress: rctrl
297.0853 	EXP 	Sound  started
297.2472 	DATA 	Keypress: rctrl
297.8353 	EXP 	Sound  started
298.0153 	DATA 	Keypress: lctrl
298.5853 	EXP 	Sound  started
298.7833 	DATA 	Keypress: lctrl
299.3353 	EXP 	Sound  started
299.5353 	DATA 	Keypress: rctrl
300.0853 	EXP 	Sound  started
300.2553 	DATA 	Keypress: rctrl
300.8354 	EXP 	Sound  started
300.9913 	DATA 	Keypress: lctrl
301.5854 	EXP 	Sound  started
301.7273 	DATA 	Keypress: lctrl
302.3354 	EXP 	Sound  started
302.5272 	DATA 	Keypress: lctrl
303.0854 	EXP 	Sound  started
303.2472 	DATA 	Keypress: lctrl
303.9956 	DATA 	Keypress: rctrl
305.4802 	DATA 	Keypress: 4
305.4969 	EXP 	unnamed ShapeStim: vertices = <class 'numpy.ndarray'>
307.5685 	DATA 	Keypress: 4
307.5980 	EXP 	unnamed ShapeStim: vertices = <class 'numpy.ndarray'>
311.0343 	DATA 	Keypress: 1
311.0508 	EXP 	unnamed ShapeStim: vertices = <class 'numpy.ndarray'>
313.3354 	EXP 	Sound  started
313.5034 	DATA 	Keypress: rctrl
314.0852 	EXP 	Sound  started
314.2552 	DATA 	Keypress: lctrl
314.8352 	EXP 	Sound  started
315.0072 	DATA 	Keypress: lctrl
315.5853 	EXP 	Sound  started
315.7433 	DATA 	Keypress: lctrl
316.3353 	EXP 	Sound  started
316.5272 	DATA 	Keypress: lctrl
317.0853 	EXP 	Sound  started
317.2793 	DATA 	Keypress: rctrl
317.8353 	EXP 	Sound  started
318.0152 	DATA 	Keypress: rctrl
318.5853 	EXP 	Sound  started
318.7993 	DATA 	Keypress: lctrl
319.3353 	EXP 	Sound  started
319.4873 	DATA 	Keypress: lctrl
320.0853 	EXP 	Sound  started
320.1912 	DATA 	Keypress: lctrl
320.8353 	EXP 	Sound  started
320.9432 	DATA 	Keypress: rctrl
321.5854 	EXP 	Sound  started
321.7113 	DATA 	Keypress: rctrl
322.3354 	EXP 	Sound  started
322.4952 	DATA 	Keypress: rctrl
323.0854 	EXP 	Sound  started
323.2632 	DATA 	Keypress: lctrl
323.8354 	EXP 	Sound  started
323.9672 	DATA 	Keypress: lctrl
324.5854 	EXP 	Sound  started
324.7032 	DATA 	Keypress: lctrl
325.3354 	EXP 	Sound  started
325.4393 	DATA 	Keypress: lctrl
326.0854 	EXP 	Sound  started
326.2393 	DATA 	Keypress: lctrl
326.8355 	EXP 	Sound  started
327.0073 	DATA 	Keypress: rctrl
327.5855 	EXP 	Sound  started
327.7433 	DATA 	Keypress: rctrl
328.3355 	EXP 	Sound  started
328.5112 	DATA 	Keypress: lctrl
329.0855 	EXP 	Sound  started
329.2792 	DATA 	Keypress: lctrl
329.8355 	EXP 	Sound  started
330.0153 	DATA 	Keypress: rctrl
330.5855 	EXP 	Sound  started
330.7353 	DATA 	Keypress: rctrl
331.3355 	EXP 	Sound  started
331.5032 	DATA 	Keypress: lctrl
332.0856 	EXP 	Sound  started
332.2392 	DATA 	Keypress: rctrl
332.8356 	EXP 	Sound  started
333.0072 	DATA 	Keypress: rctrl
333.5856 	EXP 	Sound  started
333.7432 	DATA 	Keypress: lctrl
334.3356 	EXP 	Sound  started
334.5112 	DATA 	Keypress: lctrl
335.0856 	EXP 	Sound  started
335.2312 	DATA 	Keypress: rctrl
335.8356 	EXP 	Sound  started
335.9673 	DATA 	Keypress: rctrl
336.5856 	EXP 	Sound  started
336.7352 	DATA 	Keypress: lctrl
337.3356 	EXP 	Sound  started
337.5032 	DATA 	Keypress: lctrl
338.0856 	EXP 	Sound  started
338.2552 	DATA 	Keypress: lctrl
338.8357 	EXP 	Sound  started
339.0073 	DATA 	Keypress: lctrl
339.5857 	EXP 	Sound  started
339.7432 	DATA 	Keypress: rctrl
340.3357 	EXP 	Sound  started
340.4633 	DATA 	Keypress: rctrl
341.0857 	EXP 	Sound  started
341.2153 	DATA 	Keypress: rctrl
341.8357 	EXP 	Sound  started
341.9352 	DATA 	Keypress: rctrl
342.5857 	EXP 	Sound  started
342.7513 	DATA 	Keypress: rctrl
343.3357 	EXP 	Sound  started
343.5032 	DATA 	Keypress: rctrl
344.0857 	EXP 	Sound  started
344.3033 	DATA 	Keypress: lctrl
344.8358 	EXP 	Sound  started
344.9912 	DATA 	Keypress: lctrl
345.5858 	EXP 	Sound  started
345.7912 	DATA 	Keypress: rctrl
346.3358 	EXP 	Sound  started
346.5273 	DATA 	Keypress: rctrl
347.0858 	EXP 	Sound  started
347.3112 	DATA 	Keypress: rctrl
347.8358 	EXP 	Sound  started
347.9832 	DATA 	Keypress: lctrl
348.5859 	EXP 	Sound  started
348.8313 	DATA 	Keypress: lctrl
349.3359 	EXP 	Sound  started
349.5512 	DATA 	Keypress: rctrl
350.0859 	EXP 	Sound  started
350.2713 	DATA 	Keypress: rctrl
350.8359 	EXP 	Sound  started
351.0073 	DATA 	Keypress: rctrl
351.5859 	EXP 	Sound  started
351.7432 	DATA 	Keypress: rctrl
352.3359 	EXP 	Sound  started
352.5113 	DATA 	Keypress: lctrl
353.0859 	EXP 	Sound  started
353.2633 	DATA 	Keypress: lctrl
353.8359 	EXP 	Sound  started
354.0152 	DATA 	Keypress: lctrl
354.5859 	EXP 	Sound  started
354.7672 	DATA 	Keypress: rctrl
355.3360 	EXP 	Sound  started
355.4873 	DATA 	Keypress: rctrl
356.0860 	EXP 	Sound  started
356.2233 	DATA 	Keypress: lctrl
356.8360 	EXP 	Sound  started
356.9912 	DATA 	Keypress: rctrl
357.5860 	EXP 	Sound  started
357.7592 	DATA 	Keypress: lctrl
358.3360 	EXP 	Sound  started
358.5272 	DATA 	Keypress: rctrl
359.0860 	EXP 	Sound  started
359.3112 	DATA 	Keypress: lctrl
359.8360 	EXP 	Sound  started
360.0312 	DATA 	Keypress: rctrl
360.5860 	EXP 	Sound  started
360.8152 	DATA 	Keypress: lctrl
361.3361 	EXP 	Sound  started
361.5192 	DATA 	Keypress: lctrl
362.0861 	EXP 	Sound  started
362.2392 	DATA 	Keypress: rctrl
362.8361 	EXP 	Sound  started
362.9912 	DATA 	Keypress: lctrl
363.5861 	EXP 	Sound  started
363.7753 	DATA 	Keypress: rctrl
364.3361 	EXP 	Sound  started
364.4792 	DATA 	Keypress: rctrl
365.0861 	EXP 	Sound  started
365.2153 	DATA 	Keypress: rctrl
365.8361 	EXP 	Sound  started
366.0152 	DATA 	Keypress: lctrl
366.5861 	EXP 	Sound  started
366.7513 	DATA 	Keypress: lctrl
367.3362 	EXP 	Sound  started
367.4072 	DATA 	Keypress: rctrl
368.0862 	EXP 	Sound  started
368.1752 	DATA 	Keypress: lctrl
368.8822 	DATA 	Keypress: rctrl
372.4178 	DATA 	Keypress: 4
372.4344 	EXP 	unnamed ShapeStim: vertices = <class 'numpy.ndarray'>
375.0038 	DATA 	Keypress: 4
375.0203 	EXP 	unnamed ShapeStim: vertices = <class 'numpy.ndarray'>
376.6718 	DATA 	Keypress: 1
376.6883 	EXP 	unnamed ShapeStim: vertices = <class 'numpy.ndarray'>
378.9730 	EXP 	Sound  started
379.1673 	DATA 	Keypress: rctrl
379.7228 	EXP 	Sound  started
379.9192 	DATA 	Keypress: lctrl
380.4729 	EXP 	Sound  started
380.6392 	DATA 	Keypress: lctrl
381.2229 	EXP 	Sound  started
381.4072 	DATA 	Keypress: rctrl
381.9729 	EXP 	Sound  started
382.0792 	DATA 	Keypress: lctrl
382.7229 	EXP 	Sound  started
382.8152 	DATA 	Keypress: lctrl
383.4729 	EXP 	Sound  started
383.6153 	DATA 	Keypress: lctrl
384.2229 	EXP 	Sound  started
384.3832 	DATA 	Keypress: rctrl
384.9730 	EXP 	Sound  started
385.1512 	DATA 	Keypress: rctrl
385.7230 	EXP 	Sound  started
385.8393 	DATA 	Keypress: lctrl
386.4730 	EXP 	Sound  started
386.6553 	DATA 	Keypress: lctrl
387.2230 	EXP 	Sound  started
387.3912 	DATA 	Keypress: rctrl
387.9730 	EXP 	Sound  started
388.1112 	DATA 	Keypress: rctrl
388.7230 	EXP 	Sound  started
388.8312 	DATA 	Keypress: lctrl
389.4730 	EXP 	Sound  started
389.5992 	DATA 	Keypress: lctrl
390.2231 	EXP 	Sound  started
390.3352 	DATA 	Keypress: rctrl
390.9731 	EXP 	Sound  started
391.1352 	DATA 	Keypress: rctrl
391.7231 	EXP 	Sound  started
391.8872 	DATA 	Keypress: rctrl
392.4731 	EXP 	Sound  started
392.6392 	DATA 	Keypress: lctrl
393.2231 	EXP 	Sound  started
393.3112 	DATA 	Keypress: lctrl
393.9731 	EXP 	Sound  started
394.2072 	DATA 	Keypress: rctrl
394.7231 	EXP 	Sound  started
394.9432 	DATA 	Keypress: lctrl
395.4731 	EXP 	Sound  started
395.6473 	DATA 	Keypress: rctrl
396.2232 	EXP 	Sound  started
396.4472 	DATA 	Keypress: lctrl
396.9732 	EXP 	Sound  started
397.2152 	DATA 	Keypress: rctrl
397.7232 	EXP 	Sound  started
397.9512 	DATA 	Keypress: rctrl
398.4732 	EXP 	Sound  started
398.7672 	DATA 	Keypress: rctrl
399.2232 	EXP 	Sound  started
399.4713 	DATA 	Keypress: lctrl
399.9732 	EXP 	Sound  started
400.1113 	DATA 	Keypress: lctrl
400.7232 	EXP 	Sound  started
400.8632 	DATA 	Keypress: rctrl
401.4733 	EXP 	Sound  started
401.6632 	DATA 	Keypress: rctrl
402.2233 	EXP 	Sound  started
402.3672 	DATA 	Keypress: rctrl
402.9733 	EXP 	Sound  started
403.1992 	DATA 	Keypress: rctrl
403.7233 	EXP 	Sound  started
403.9512 	DATA 	Keypress: lctrl
404.4733 	EXP 	Sound  started
404.7192 	DATA 	Keypress: lctrl
405.2233 	EXP 	Sound  started
405.4553 	DATA 	Keypress: rctrl
405.9733 	EXP 	Sound  started
406.1432 	DATA 	Keypress: rctrl
406.7233 	EXP 	Sound  started
406.9272 	DATA 	Keypress: lctrl
407.4734 	EXP 	Sound  started
407.6632 	DATA 	Keypress: lctrl
408.2234 	EXP 	Sound  started
408.4952 	DATA 	Keypress: rctrl
408.9734 	EXP 	Sound  started
409.1512 	DATA 	Keypress: rctrl
409.7234 	EXP 	Sound  started
409.9673 	DATA 	Keypress: rctrl
410.4734 	EXP 	Sound  started
410.6553 	DATA 	Keypress: lctrl
411.2234 	EXP 	Sound  started
411.5032 	DATA 	Keypress: lctrl
411.9735 	EXP 	Sound  started
412.1752 	DATA 	Keypress: rctrl
412.7235 	EXP 	Sound  started
412.9112 	DATA 	Keypress: rctrl
413.4735 	EXP 	Sound  started
413.7112 	DATA 	Keypress: lctrl
414.2235 	EXP 	Sound  started
414.4632 	DATA 	Keypress: lctrl
414.9735 	EXP 	Sound  started
415.1671 	DATA 	Keypress: rctrl
415.7235 	EXP 	Sound  started
415.9031 	DATA 	Keypress: rctrl
416.4736 	EXP 	Sound  started
416.6873 	DATA 	Keypress: lctrl
417.2236 	EXP 	Sound  started
417.4553 	DATA 	Keypress: lctrl
417.9736 	EXP 	Sound  started
418.1911 	DATA 	Keypress: rctrl
418.7236 	EXP 	Sound  started
419.0553 	DATA 	Keypress: rctrl
419.4736 	EXP 	Sound  started
419.6953 	DATA 	Keypress: lctrl
420.2236 	EXP 	Sound  started
420.4312 	DATA 	Keypress: lctrl
420.9737 	EXP 	Sound  started
421.1831 	DATA 	Keypress: rctrl
421.7237 	EXP 	Sound  started
421.8872 	DATA 	Keypress: rctrl
422.4737 	EXP 	Sound  started
422.6711 	DATA 	Keypress: lctrl
423.2237 	EXP 	Sound  started
423.4552 	DATA 	Keypress: lctrl
423.9737 	EXP 	Sound  started
424.1591 	DATA 	Keypress: rctrl
424.7237 	EXP 	Sound  started
424.8952 	DATA 	Keypress: rctrl
425.4737 	EXP 	Sound  started
425.6952 	DATA 	Keypress: lctrl
426.2237 	EXP 	Sound  started
426.4312 	DATA 	Keypress: lctrl
426.9738 	EXP 	Sound  started
427.1351 	DATA 	Keypress: rctrl
427.7238 	EXP 	Sound  started
427.8872 	DATA 	Keypress: lctrl
428.4738 	EXP 	Sound  started
428.6232 	DATA 	Keypress: rctrl
429.2238 	EXP 	Sound  started
429.3912 	DATA 	Keypress: rctrl
429.9738 	EXP 	Sound  started
430.2071 	DATA 	Keypress: lctrl
430.7238 	EXP 	Sound  started
430.9111 	DATA 	Keypress: lctrl
431.4738 	EXP 	Sound  started
431.7271 	DATA 	Keypress: rctrl
432.2238 	EXP 	Sound  started
432.3993 	DATA 	Keypress: rctrl
432.9738 	EXP 	Sound  started
433.1672 	DATA 	Keypress: lctrl
433.7239 	EXP 	Sound  started
433.9192 	DATA 	Keypress: lctrl
434.4739 	EXP 	Sound  started
434.6553 	DATA 	Keypress: rctrl
435.2239 	EXP 	Sound  started
435.4872 	DATA 	Keypress: rctrl
435.9739 	EXP 	Sound  started
436.2072 	DATA 	Keypress: lctrl
436.7239 	EXP 	Sound  started
436.9432 	DATA 	Keypress: lctrl
437.4739 	EXP 	Sound  started
437.7112 	DATA 	Keypress: rctrl
438.2240 	EXP 	Sound  started
438.4473 	DATA 	Keypress: lctrl
438.9740 	EXP 	Sound  started
439.2631 	DATA 	Keypress: lctrl
439.7240 	EXP 	Sound  started
439.8552 	DATA 	Keypress: rctrl
440.4740 	EXP 	Sound  started
440.6232 	DATA 	Keypress: lctrl
441.2240 	EXP 	Sound  started
441.3912 	DATA 	Keypress: rctrl
441.9740 	EXP 	Sound  started
442.1431 	DATA 	Keypress: lctrl
442.9297 	DATA 	Keypress: lctrl
445.6482 	DATA 	Keypress: 4
445.6777 	EXP 	unnamed ShapeStim: vertices = <class 'numpy.ndarray'>
447.9135 	DATA 	Keypress: 4
447.9300 	EXP 	unnamed ShapeStim: vertices = <class 'numpy.ndarray'>
449.6815 	DATA 	Keypress: 1
449.6981 	EXP 	unnamed ShapeStim: vertices = <class 'numpy.ndarray'>
451.9822 	EXP 	Sound  started
452.1753 	DATA 	Keypress: lctrl
452.7321 	EXP 	Sound  started
452.8632 	DATA 	Keypress: rctrl
453.4821 	EXP 	Sound  started
453.5672 	DATA 	Keypress: rctrl
454.2321 	EXP 	Sound  started
454.3832 	DATA 	Keypress: lctrl
454.9821 	EXP 	Sound  started
455.0712 	DATA 	Keypress: lctrl
455.7321 	EXP 	Sound  started
455.8232 	DATA 	Keypress: lctrl
456.4821 	EXP 	Sound  started
456.6232 	DATA 	Keypress: rctrl
457.2321 	EXP 	Sound  started
457.3432 	DATA 	Keypress: rctrl
457.9822 	EXP 	Sound  started
458.1112 	DATA 	Keypress: rctrl
458.7322 	EXP 	Sound  started
458.8793 	DATA 	Keypress: rctrl
459.4822 	EXP 	Sound  started
459.6472 	DATA 	Keypress: lctrl
460.2322 	EXP 	Sound  started
460.3512 	DATA 	Keypress: lctrl
460.9822 	EXP 	Sound  started
461.0872 	DATA 	Keypress: lctrl
461.7323 	EXP 	Sound  started
461.8712 	DATA 	Keypress: rctrl
462.4823 	EXP 	Sound  started
462.5912 	DATA 	Keypress: rctrl
463.2323 	EXP 	Sound  started
463.3751 	DATA 	Keypress: rctrl
463.9823 	EXP 	Sound  started
464.1271 	DATA 	Keypress: rctrl
464.7323 	EXP 	Sound  started
464.8792 	DATA 	Keypress: lctrl
465.4823 	EXP 	Sound  started
465.6152 	DATA 	Keypress: lctrl
466.2323 	EXP 	Sound  started
466.3032 	DATA 	Keypress: rctrl
466.9823 	EXP 	Sound  started
467.0871 	DATA 	Keypress: rctrl
467.7323 	EXP 	Sound  started
467.8712 	DATA 	Keypress: rctrl
468.4824 	EXP 	Sound  started
468.6392 	DATA 	Keypress: rctrl
469.2324 	EXP 	Sound  started
469.3751 	DATA 	Keypress: lctrl
469.9824 	EXP 	Sound  started
470.0472 	DATA 	Keypress: lctrl
470.7324 	EXP 	Sound  started
470.8152 	DATA 	Keypress: lctrl
471.4824 	EXP 	Sound  started
471.5672 	DATA 	Keypress: lctrl
472.2324 	EXP 	Sound  started
472.3032 	DATA 	Keypress: lctrl
472.9825 	EXP 	Sound  started
473.0711 	DATA 	Keypress: rctrl
473.7325 	EXP 	Sound  started
473.7592 	DATA 	Keypress: rctrl
474.4825 	EXP 	Sound  started
474.6392 	DATA 	Keypress: rctrl
475.2325 	EXP 	Sound  started
475.4231 	DATA 	Keypress: lctrl
475.9825 	EXP 	Sound  started
476.1751 	DATA 	Keypress: lctrl
476.7325 	EXP 	Sound  started
476.8632 	DATA 	Keypress: rctrl
477.4825 	EXP 	Sound  started
477.6152 	DATA 	Keypress: lctrl
478.2326 	EXP 	Sound  started
478.3672 	DATA 	Keypress: rctrl
478.9826 	EXP 	Sound  started
479.1352 	DATA 	Keypress: rctrl
479.7326 	EXP 	Sound  started
479.9031 	DATA 	Keypress: lctrl
480.4826 	EXP 	Sound  started
480.6551 	DATA 	Keypress: lctrl
481.2326 	EXP 	Sound  started
481.4391 	DATA 	Keypress: rctrl
481.9826 	EXP 	Sound  started
482.1911 	DATA 	Keypress: rctrl
482.7326 	EXP 	Sound  started
482.9112 	DATA 	Keypress: lctrl
483.4827 	EXP 	Sound  started
483.6791 	DATA 	Keypress: lctrl
484.2327 	EXP 	Sound  started
484.3991 	DATA 	Keypress: rctrl
484.9827 	EXP 	Sound  started
485.1512 	DATA 	Keypress: rctrl
485.7327 	EXP 	Sound  started
485.8551 	DATA 	Keypress: lctrl
486.4827 	EXP 	Sound  started
486.6072 	DATA 	Keypress: lctrl
487.2327 	EXP 	Sound  started
487.3752 	DATA 	Keypress: rctrl
487.9827 	EXP 	Sound  started
488.1111 	DATA 	Keypress: rctrl
488.7328 	EXP 	Sound  started
488.8791 	DATA 	Keypress: lctrl
489.4828 	EXP 	Sound  started
489.6631 	DATA 	Keypress: lctrl
490.2328 	EXP 	Sound  started
490.3992 	DATA 	Keypress: rctrl
490.9828 	EXP 	Sound  started
491.1672 	DATA 	Keypress: rctrl
491.7328 	EXP 	Sound  started
491.9351 	DATA 	Keypress: lctrl
492.4828 	EXP 	Sound  started
492.7032 	DATA 	Keypress: lctrl
493.2328 	EXP 	Sound  started
493.4553 	DATA 	Keypress: rctrl
493.9829 	EXP 	Sound  started
494.1752 	DATA 	Keypress: rctrl
494.7329 	EXP 	Sound  started
494.8952 	DATA 	Keypress: lctrl
495.4829 	EXP 	Sound  started
495.6151 	DATA 	Keypress: lctrl
496.2329 	EXP 	Sound  started
496.3991 	DATA 	Keypress: rctrl
496.9829 	EXP 	Sound  started
497.1511 	DATA 	Keypress: lctrl
497.7329 	EXP 	Sound  started
497.9352 	DATA 	Keypress: rctrl
498.4830 	EXP 	Sound  started
498.6551 	DATA 	Keypress: lctrl
499.2330 	EXP 	Sound  started
499.3592 	DATA 	Keypress: rctrl
499.9830 	EXP 	Sound  started
500.1272 	DATA 	Keypress: lctrl
500.7330 	EXP 	Sound  started
500.8471 	DATA 	Keypress: rctrl
501.4830 	EXP 	Sound  started
501.6152 	DATA 	Keypress: lctrl
502.2330 	EXP 	Sound  started
502.4471 	DATA 	Keypress: rctrl
502.9830 	EXP 	Sound  started
503.1352 	DATA 	Keypress: lctrl
503.7330 	EXP 	Sound  started
503.9191 	DATA 	Keypress: lctrl
504.4831 	EXP 	Sound  started
504.6712 	DATA 	Keypress: rctrl
505.2331 	EXP 	Sound  started
505.4071 	DATA 	Keypress: rctrl
505.9831 	EXP 	Sound  started
506.1752 	DATA 	Keypress: rctrl
506.7331 	EXP 	Sound  started
506.8951 	DATA 	Keypress: lctrl
507.4831 	EXP 	Sound  started
507.6151 	DATA 	Keypress: lctrl
508.2331 	EXP 	Sound  started
508.3512 	DATA 	Keypress: rctrl
508.9831 	EXP 	Sound  started
509.0871 	DATA 	Keypress: lctrl
509.7332 	EXP 	Sound  started
509.8551 	DATA 	Keypress: rctrl
510.4832 	EXP 	Sound  started
510.6071 	DATA 	Keypress: lctrl
511.2332 	EXP 	Sound  started
511.3431 	DATA 	Keypress: lctrl
511.9832 	EXP 	Sound  started
512.1591 	DATA 	Keypress: rctrl
512.7332 	EXP 	Sound  started
512.9431 	DATA 	Keypress: lctrl
513.4832 	EXP 	Sound  started
514.2332 	EXP 	Sound  started
514.3512 	DATA 	Keypress: lctrl
514.9832 	EXP 	Sound  started
515.1671 	DATA 	Keypress: rctrl
515.7333 	EXP 	Sound  started
515.9032 	DATA 	Keypress: lctrl
516.4833 	EXP 	Sound  started
516.6392 	DATA 	Keypress: rctrl
517.2333 	EXP 	Sound  started
517.4071 	DATA 	Keypress: lctrl
519.5888 	DATA 	Keypress: 4
519.6053 	EXP 	unnamed ShapeStim: vertices = <class 'numpy.ndarray'>
521.2564 	DATA 	Keypress: 1
521.2729 	EXP 	unnamed ShapeStim: vertices = <class 'numpy.ndarray'>
522.7968 	DATA 	Keypress: 1
522.8413 	EXP 	unnamed ShapeStim: vertices = <class 'numpy.ndarray'>
525.1264 	EXP 	Sound  started
525.3592 	DATA 	Keypress: rctrl
525.8762 	EXP 	Sound  started
526.0632 	DATA 	Keypress: lctrl
526.6262 	EXP 	Sound  started
526.8312 	DATA 	Keypress: lctrl
527.3763 	EXP 	Sound  started
527.5831 	DATA 	Keypress: rctrl
528.1263 	EXP 	Sound  started
528.3352 	DATA 	Keypress: lctrl
528.8763 	EXP 	Sound  started
529.0711 	DATA 	Keypress: lctrl
529.6263 	EXP 	Sound  started
529.7751 	DATA 	Keypress: lctrl
530.3763 	EXP 	Sound  started
530.5432 	DATA 	Keypress: lctrl
531.1263 	EXP 	Sound  started
531.2792 	DATA 	Keypress: rctrl
531.8763 	EXP 	Sound  started
532.0312 	DATA 	Keypress: rctrl
532.6264 	EXP 	Sound  started
532.8633 	DATA 	Keypress: lctrl
533.3764 	EXP 	Sound  started
533.5511 	DATA 	Keypress: lctrl
534.1264 	EXP 	Sound  started
534.3192 	DATA 	Keypress: rctrl
534.8764 	EXP 	Sound  started
535.0551 	DATA 	Keypress: lctrl
535.6264 	EXP 	Sound  started
535.8391 	DATA 	Keypress: lctrl
536.3764 	EXP 	Sound  started
536.5753 	DATA 	Keypress: lctrl
537.1264 	EXP 	Sound  started
537.2953 	DATA 	Keypress: lctrl
537.8765 	EXP 	Sound  started
538.0633 	DATA 	Keypress: lctrl
538.6265 	EXP 	Sound  started
538.8312 	DATA 	Keypress: lctrl
539.3765 	EXP 	Sound  started
539.5993 	DATA 	Keypress: lctrl
540.1265 	EXP 	Sound  started
540.3192 	DATA 	Keypress: lctrl
540.8765 	EXP 	Sound  started
541.0872 	DATA 	Keypress: lctrl
541.6265 	EXP 	Sound  started
541.8072 	DATA 	Keypress: lctrl
542.3765 	EXP 	Sound  started
542.5113 	DATA 	Keypress: lctrl
543.1265 	EXP 	Sound  started
543.2792 	DATA 	Keypress: lctrl
543.8766 	EXP 	Sound  started
544.0794 	DATA 	Keypress: lctrl
544.6266 	EXP 	Sound  started
544.8633 	DATA 	Keypress: lctrl
545.3766 	EXP 	Sound  started
545.5834 	DATA 	Keypress: lctrl
546.1266 	EXP 	Sound  started
546.3193 	DATA 	Keypress: lctrl
546.8766 	EXP 	Sound  started
547.0871 	DATA 	Keypress: rctrl
547.6266 	EXP 	Sound  started
547.8392 	DATA 	Keypress: rctrl
548.3766 	EXP 	Sound  started
548.6071 	DATA 	Keypress: lctrl
549.1267 	EXP 	Sound  started
549.3592 	DATA 	Keypress: lctrl
549.8767 	EXP 	Sound  started
550.0951 	DATA 	Keypress: rctrl
550.6267 	EXP 	Sound  started
550.8311 	DATA 	Keypress: rctrl
551.3767 	EXP 	Sound  started
551.5831 	DATA 	Keypress: rctrl
552.1267 	EXP 	Sound  started
552.3351 	DATA 	Keypress: lctrl
552.8767 	EXP 	Sound  started
553.0392 	DATA 	Keypress: lctrl
553.6267 	EXP 	Sound  started
553.8072 	DATA 	Keypress: lctrl
554.3768 	EXP 	Sound  started
554.5591 	DATA 	Keypress: lctrl
555.1268 	EXP 	Sound  started
555.3111 	DATA 	Keypress: rctrl
555.8768 	EXP 	Sound  started
556.0632 	DATA 	Keypress: rctrl
556.6268 	EXP 	Sound  started
556.8151 	DATA 	Keypress: rctrl
557.3768 	EXP 	Sound  started
557.5191 	DATA 	Keypress: rctrl
558.1268 	EXP 	Sound  started
558.2551 	DATA 	Keypress: rctrl
558.8768 	EXP 	Sound  started
559.1351 	DATA 	Keypress: lctrl
559.6268 	EXP 	Sound  started
559.8231 	DATA 	Keypress: lctrl
560.3769 	EXP 	Sound  started
560.4951 	DATA 	Keypress: lctrl
561.1269 	EXP 	Sound  started
561.2631 	DATA 	Keypress: lctrl
561.8769 	EXP 	Sound  started
562.0311 	DATA 	Keypress: lctrl
562.6269 	EXP 	Sound  started
562.7991 	DATA 	Keypress: lctrl
563.3769 	EXP 	Sound  started
563.5991 	DATA 	Keypress: rctrl
564.1269 	EXP 	Sound  started
564.3351 	DATA 	Keypress: rctrl
564.8770 	EXP 	Sound  started
565.0711 	DATA 	Keypress: rctrl
565.6270 	EXP 	Sound  started
565.8231 	DATA 	Keypress: rctrl
566.3770 	EXP 	Sound  started
566.5912 	DATA 	Keypress: rctrl
567.1270 	EXP 	Sound  started
567.3591 	DATA 	Keypress: rctrl
567.8770 	EXP 	Sound  started
568.1111 	DATA 	Keypress: rctrl
568.6270 	EXP 	Sound  started
568.8471 	DATA 	Keypress: rctrl
569.3770 	EXP 	Sound  started
569.5991 	DATA 	Keypress: lctrl
570.1270 	EXP 	Sound  started
570.4150 	DATA 	Keypress: lctrl
570.8771 	EXP 	Sound  started
571.1671 	DATA 	Keypress: lctrl
571.6271 	EXP 	Sound  started
571.9032 	DATA 	Keypress: lctrl
572.3771 	EXP 	Sound  started
572.5912 	DATA 	Keypress: lctrl
573.2995 	DATA 	Keypress: lctrl
575.3173 	DATA 	Keypress: 4
575.3338 	EXP 	unnamed ShapeStim: vertices = <class 'numpy.ndarray'>
579.0074 	DATA 	Keypress: 1
579.0368 	EXP 	unnamed ShapeStim: vertices = <class 'numpy.ndarray'>
580.8556 	DATA 	Keypress: 4
580.8721 	EXP 	unnamed ShapeStim: vertices = <class 'numpy.ndarray'>
583.1568 	EXP 	Sound  started
583.3912 	DATA 	Keypress: rctrl
583.9066 	EXP 	Sound  started
584.1431 	DATA 	Keypress: lctrl
584.6567 	EXP 	Sound  started
584.8631 	DATA 	Keypress: lctrl
585.4067 	EXP 	Sound  started
585.6312 	DATA 	Keypress: rctrl
586.1567 	EXP 	Sound  started
586.3671 	DATA 	Keypress: rctrl
586.9067 	EXP 	Sound  started
587.1192 	DATA 	Keypress: lctrl
587.6567 	EXP 	Sound  started
587.8391 	DATA 	Keypress: lctrl
588.4067 	EXP 	Sound  started
588.5751 	DATA 	Keypress: rctrl
589.1567 	EXP 	Sound  started
589.3270 	DATA 	Keypress: lctrl
589.9067 	EXP 	Sound  started
590.0631 	DATA 	Keypress: rctrl
590.6568 	EXP 	Sound  started
590.7671 	DATA 	Keypress: lctrl
591.4068 	EXP 	Sound  started
591.5511 	DATA 	Keypress: rctrl
592.1568 	EXP 	Sound  started
592.2551 	DATA 	Keypress: lctrl
592.9068 	EXP 	Sound  started
593.0551 	DATA 	Keypress: rctrl
593.6568 	EXP 	Sound  started
593.7911 	DATA 	Keypress: lctrl
594.4068 	EXP 	Sound  started
594.5591 	DATA 	Keypress: rctrl
595.1569 	EXP 	Sound  started
595.3111 	DATA 	Keypress: lctrl
595.9069 	EXP 	Sound  started
596.0951 	DATA 	Keypress: rctrl
596.6569 	EXP 	Sound  started
596.8311 	DATA 	Keypress: lctrl
597.4069 	EXP 	Sound  started
597.5670 	DATA 	Keypress: rctrl
598.1569 	EXP 	Sound  started
598.2872 	DATA 	Keypress: lctrl
598.9069 	EXP 	Sound  started
599.0871 	DATA 	Keypress: rctrl
599.6569 	EXP 	Sound  started
599.8070 	DATA 	Keypress: lctrl
600.4069 	EXP 	Sound  started
600.5750 	DATA 	Keypress: rctrl
601.1570 	EXP 	Sound  started
601.2470 	DATA 	Keypress: lctrl
601.9070 	EXP 	Sound  started
602.0791 	DATA 	Keypress: rctrl
602.6570 	EXP 	Sound  started
602.7991 	DATA 	Keypress: rctrl
603.4070 	EXP 	Sound  started
603.5670 	DATA 	Keypress: lctrl
604.1570 	EXP 	Sound  started
604.3511 	DATA 	Keypress: lctrl
604.9070 	EXP 	Sound  started
605.1191 	DATA 	Keypress: rctrl
605.6570 	EXP 	Sound  started
605.8552 	DATA 	Keypress: rctrl
606.4071 	EXP 	Sound  started
606.6551 	DATA 	Keypress: lctrl
607.1571 	EXP 	Sound  started
607.3751 	DATA 	Keypress: lctrl
607.9071 	EXP 	Sound  started
608.1110 	DATA 	Keypress: rctrl
608.6571 	EXP 	Sound  started
608.8471 	DATA 	Keypress: rctrl
609.4071 	EXP 	Sound  started
609.6310 	DATA 	Keypress: lctrl
610.1571 	EXP 	Sound  started
610.3671 	DATA 	Keypress: rctrl
610.9071 	EXP 	Sound  started
611.0551 	DATA 	Keypress: rctrl
611.6571 	EXP 	Sound  started
611.9192 	DATA 	Keypress: lctrl
612.4072 	EXP 	Sound  started
612.6070 	DATA 	Keypress: lctrl
613.1572 	EXP 	Sound  started
613.3271 	DATA 	Keypress: rctrl
613.9072 	EXP 	Sound  started
614.0151 	DATA 	Keypress: rctrl
614.6572 	EXP 	Sound  started
614.8631 	DATA 	Keypress: lctrl
615.4072 	EXP 	Sound  started
615.5990 	DATA 	Keypress: lctrl
616.1572 	EXP 	Sound  started
616.3671 	DATA 	Keypress: rctrl
616.9072 	EXP 	Sound  started
617.0711 	DATA 	Keypress: rctrl
617.6573 	EXP 	Sound  started
617.8071 	DATA 	Keypress: lctrl
618.4073 	EXP 	Sound  started
618.5112 	DATA 	Keypress: lctrl
619.1573 	EXP 	Sound  started
619.2952 	DATA 	Keypress: rctrl
619.9073 	EXP 	Sound  started
620.0951 	DATA 	Keypress: rctrl
620.6573 	EXP 	Sound  started
620.7990 	DATA 	Keypress: lctrl
621.4073 	EXP 	Sound  started
621.5670 	DATA 	Keypress: lctrl
622.1573 	EXP 	Sound  started
622.3510 	DATA 	Keypress: rctrl
622.9073 	EXP 	Sound  started
623.1191 	DATA 	Keypress: rctrl
623.6574 	EXP 	Sound  started
623.8871 	DATA 	Keypress: lctrl
624.4074 	EXP 	Sound  started
624.5911 	DATA 	Keypress: lctrl
625.1574 	EXP 	Sound  started
625.3271 	DATA 	Keypress: rctrl
625.9074 	EXP 	Sound  started
626.0631 	DATA 	Keypress: rctrl
626.6574 	EXP 	Sound  started
626.9271 	DATA 	Keypress: lctrl
627.4074 	EXP 	Sound  started
627.6311 	DATA 	Keypress: lctrl
628.1574 	EXP 	Sound  started
628.5431 	DATA 	Keypress: lctrl
628.9075 	EXP 	Sound  started
629.1191 	DATA 	Keypress: lctrl
629.6575 	EXP 	Sound  started
629.8390 	DATA 	Keypress: lctrl
630.4075 	EXP 	Sound  started
630.5111 	DATA 	Keypress: rctrl
631.1575 	EXP 	Sound  started
631.3111 	DATA 	Keypress: rctrl
631.9075 	EXP 	Sound  started
632.0951 	DATA 	Keypress: rctrl
632.6575 	EXP 	Sound  started
632.8630 	DATA 	Keypress: rctrl
633.4075 	EXP 	Sound  started
633.5831 	DATA 	Keypress: lctrl
634.1576 	EXP 	Sound  started
634.4151 	DATA 	Keypress: lctrl
634.9076 	EXP 	Sound  started
635.1510 	DATA 	Keypress: lctrl
635.6576 	EXP 	Sound  started
635.9031 	DATA 	Keypress: lctrl
637.6689 	DATA 	Keypress: 4
637.6848 	EXP 	unnamed ShapeStim: vertices = <class 'numpy.ndarray'>
639.5365 	DATA 	Keypress: 1
639.5530 	EXP 	unnamed ShapeStim: vertices = <class 'numpy.ndarray'>
641.2717 	DATA 	Keypress: 1
641.2883 	EXP 	unnamed ShapeStim: vertices = <class 'numpy.ndarray'>
643.5735 	EXP 	Sound  started
643.8072 	DATA 	Keypress: rctrl
644.3233 	EXP 	Sound  started
644.5110 	DATA 	Keypress: rctrl
645.0733 	EXP 	Sound  started
645.2631 	DATA 	Keypress: rctrl
645.8233 	EXP 	Sound  started
645.9991 	DATA 	Keypress: lctrl
646.5733 	EXP 	Sound  started
646.7030 	DATA 	Keypress: lctrl
647.3234 	EXP 	Sound  started
647.4872 	DATA 	Keypress: lctrl
648.0734 	EXP 	Sound  started
648.2710 	DATA 	Keypress: rctrl
648.8234 	EXP 	Sound  started
649.0073 	DATA 	Keypress: lctrl
649.5734 	EXP 	Sound  started
649.7592 	DATA 	Keypress: lctrl
650.3234 	EXP 	Sound  started
650.5111 	DATA 	Keypress: lctrl
651.0734 	EXP 	Sound  started
651.2791 	DATA 	Keypress: lctrl
651.8234 	EXP 	Sound  started
651.9991 	DATA 	Keypress: lctrl
652.5735 	EXP 	Sound  started
652.7670 	DATA 	Keypress: lctrl
653.3235 	EXP 	Sound  started
653.5671 	DATA 	Keypress: lctrl
654.0735 	EXP 	Sound  started
654.2872 	DATA 	Keypress: lctrl
654.8235 	EXP 	Sound  started
654.9911 	DATA 	Keypress: lctrl
655.5735 	EXP 	Sound  started
655.7592 	DATA 	Keypress: lctrl
656.3235 	EXP 	Sound  started
656.5114 	DATA 	Keypress: lctrl
657.0735 	EXP 	Sound  started
657.2633 	DATA 	Keypress: lctrl
657.8236 	EXP 	Sound  started
658.0152 	DATA 	Keypress: lctrl
658.5736 	EXP 	Sound  started
658.7351 	DATA 	Keypress: lctrl
659.3236 	EXP 	Sound  started
659.4871 	DATA 	Keypress: lctrl
660.0736 	EXP 	Sound  started
660.2391 	DATA 	Keypress: rctrl
660.8236 	EXP 	Sound  started
660.9431 	DATA 	Keypress: lctrl
661.5736 	EXP 	Sound  started
661.6631 	DATA 	Keypress: lctrl
662.3236 	EXP 	Sound  started
662.3831 	DATA 	Keypress: rctrl
663.0736 	EXP 	Sound  started
663.1990 	DATA 	Keypress: rctrl
663.8236 	EXP 	Sound  started
663.9191 	DATA 	Keypress: lctrl
664.5736 	EXP 	Sound  started
664.6710 	DATA 	Keypress: lctrl
665.3237 	EXP 	Sound  started
665.4870 	DATA 	Keypress: lctrl
666.0737 	EXP 	Sound  started
666.3031 	DATA 	Keypress: lctrl
666.8237 	EXP 	Sound  started
667.0230 	DATA 	Keypress: lctrl
667.5737 	EXP 	Sound  started
667.7111 	DATA 	Keypress: lctrl
668.3237 	EXP 	Sound  started
668.5111 	DATA 	Keypress: lctrl
669.0737 	EXP 	Sound  started
669.2153 	DATA 	Keypress: lctrl
669.8238 	EXP 	Sound  started
670.0951 	DATA 	Keypress: lctrl
670.5738 	EXP 	Sound  started
670.7832 	DATA 	Keypress: lctrl
671.3238 	EXP 	Sound  started
671.6311 	DATA 	Keypress: lctrl
672.0738 	EXP 	Sound  started
672.3192 	DATA 	Keypress: lctrl
672.8238 	EXP 	Sound  started
673.0231 	DATA 	Keypress: lctrl
673.5738 	EXP 	Sound  started
673.7591 	DATA 	Keypress: lctrl
674.3238 	EXP 	Sound  started
674.5111 	DATA 	Keypress: lctrl
675.0738 	EXP 	Sound  started
675.1991 	DATA 	Keypress: lctrl
675.8239 	EXP 	Sound  started
675.9350 	DATA 	Keypress: lctrl
676.5739 	EXP 	Sound  started
676.7353 	DATA 	Keypress: lctrl
677.3239 	EXP 	Sound  started
677.4551 	DATA 	Keypress: lctrl
678.0739 	EXP 	Sound  started
678.2232 	DATA 	Keypress: lctrl
678.8239 	EXP 	Sound  started
678.9432 	DATA 	Keypress: lctrl
679.5739 	EXP 	Sound  started
679.7592 	DATA 	Keypress: lctrl
680.3239 	EXP 	Sound  started
680.5113 	DATA 	Keypress: lctrl
681.0740 	EXP 	Sound  started
681.2312 	DATA 	Keypress: lctrl
681.8240 	EXP 	Sound  started
681.9672 	DATA 	Keypress: lctrl
682.5740 	EXP 	Sound  started
682.7032 	DATA 	Keypress: lctrl
683.3240 	EXP 	Sound  started
683.4550 	DATA 	Keypress: rctrl
684.0740 	EXP 	Sound  started
684.1590 	DATA 	Keypress: rctrl
684.8240 	EXP 	Sound  started
684.9750 	DATA 	Keypress: rctrl
685.5741 	EXP 	Sound  started
685.7271 	DATA 	Keypress: lctrl
686.3241 	EXP 	Sound  started
686.4790 	DATA 	Keypress: lctrl
687.0741 	EXP 	Sound  started
687.1350 	DATA 	Keypress: lctrl
687.8241 	EXP 	Sound  started
687.9030 	DATA 	Keypress: lctrl
688.5741 	EXP 	Sound  started
688.7030 	DATA 	Keypress: lctrl
689.3241 	EXP 	Sound  started
689.4550 	DATA 	Keypress: lctrl
690.0741 	EXP 	Sound  started
690.2390 	DATA 	Keypress: lctrl
690.8241 	EXP 	Sound  started
690.9590 	DATA 	Keypress: rctrl
691.5742 	EXP 	Sound  started
691.7751 	DATA 	Keypress: rctrl
692.3242 	EXP 	Sound  started
692.4630 	DATA 	Keypress: rctrl
693.0742 	EXP 	Sound  started
693.2310 	DATA 	Keypress: rctrl
693.8242 	EXP 	Sound  started
693.9830 	DATA 	Keypress: lctrl
694.5742 	EXP 	Sound  started
694.6550 	DATA 	Keypress: lctrl
695.3242 	EXP 	Sound  started
695.4391 	DATA 	Keypress: lctrl
696.0743 	EXP 	Sound  started
696.2070 	DATA 	Keypress: rctrl
696.8243 	EXP 	Sound  started
696.9910 	DATA 	Keypress: rctrl
697.5743 	EXP 	Sound  started
697.7430 	DATA 	Keypress: rctrl
698.3243 	EXP 	Sound  started
698.4630 	DATA 	Keypress: lctrl
699.0743 	EXP 	Sound  started
699.2150 	DATA 	Keypress: lctrl
699.8243 	EXP 	Sound  started
699.9350 	DATA 	Keypress: lctrl
700.5743 	EXP 	Sound  started
700.6710 	DATA 	Keypress: rctrl
701.3243 	EXP 	Sound  started
701.4710 	DATA 	Keypress: rctrl
702.0744 	EXP 	Sound  started
702.2390 	DATA 	Keypress: rctrl
702.9761 	DATA 	Keypress: rctrl
704.1067 	DATA 	Keypress: 4
704.1226 	EXP 	unnamed ShapeStim: vertices = <class 'numpy.ndarray'>
706.5289 	DATA 	Keypress: 1
706.5584 	EXP 	unnamed ShapeStim: vertices = <class 'numpy.ndarray'>
710.4484 	DATA 	Keypress: 1
710.4778 	EXP 	unnamed ShapeStim: vertices = <class 'numpy.ndarray'>
957.5193 	DATA 	Keypress: escape
957.5867 	EXP 	window1: mouseVisible = True
