148.5718 	WARNING 	User requested fullscreen with size [1024  768], but screen is actually [1920, 1200]. Using actual size
149.3777 	EXP 	Created window1 = Window(allowGUI=False, allowStencil=False, autoLog=True, backendConf=UNKNOWN, bitsMode=UNKNOWN, blendMode='avg', bpc=(8, 8, 8), color=array([0, 0, 0]), colorSpace='rgb', depthBits=8, fullscr=<method-wrapper '__getattribute__' of attributeSetter object at 0x0000023FE75C6748>, gamma=None, gammaErrorPolicy='raise', lms=UNKNOWN, monitor=<psychopy.monitors.calibTools.Monitor object at 0x0000023FE8CD5048>, multiSample=False, name='window1', numSamples=2, pos=[0.0, 0.0], screen=0, size=array([1920, 1200]), stencilBits=0, stereo=False, units='norm', useFBO=True, useRetina=False, viewOri=0.0, viewPos=None, viewScale=None, waitBlanking=True, winType='pyglet')
149.3781 	EXP 	window1: mouseVisible = True
149.3782 	EXP 	window1: mouseVisible = False
149.3782 	EXP 	window1: recordFrameIntervals = False
149.5442 	EXP 	window1: recordFrameIntervals = True
149.7277 	EXP 	window1: recordFrameIntervals = False
149.7818 	EXP 	Created text = TextStim(__class__=<class 'psychopy.visual.text.TextStim'>, alignHoriz=method-wrapper(...), alignText='center', alignVert=method-wrapper(...), anchorHoriz='center', anchorVert='center', antialias=True, autoLog=True, bold=False, color=array([1., 1., 1.]), colorSpace='rgb', contrast=1.0, depth=0.0, flipHoriz=False, flipVert=False, font='Arial', fontFiles=[], height=0.15, italic=False, languageStyle='LTR', name='text', opacity=1, ori=0, pos=array([0., 0.]), rgb=UNKNOWN, text='+', units='norm', win=Window(...), wrapWidth=1)
149.8012 	EXP 	Created text = TextStim(__class__=<class 'psychopy.visual.text.TextStim'>, alignHoriz=method-wrapper(...), alignText='center', alignVert=method-wrapper(...), anchorHoriz='center', anchorVert='center', antialias=True, autoLog=True, bold=False, color=array([1., 1., 1.]), colorSpace='rgb', contrast=1.0, depth=0.0, flipHoriz=False, flipVert=False, font='Arial', fontFiles=[], height=0.07, italic=False, languageStyle='LTR', name='text', opacity=1, ori=0, pos=array([0., 0.]), rgb=UNKNOWN, text=str(...), units='norm', win=Window(...), wrapWidth=1.65)
149.8110 	EXP 	Created text = TextStim(__class__=<class 'psychopy.visual.text.TextStim'>, alignHoriz=method-wrapper(...), alignText='center', alignVert=method-wrapper(...), anchorHoriz='center', anchorVert='center', antialias=True, autoLog=True, bold=False, color=array([1., 1., 1.]), colorSpace='rgb', contrast=1.0, depth=0.0, flipHoriz=False, flipVert=False, font='Arial', fontFiles=[], height=0.07, italic=False, languageStyle='LTR', name='text', opacity=1, ori=0, pos=array([0., 0.]), rgb=UNKNOWN, text=str(...), units='norm', win=Window(...), wrapWidth=1.65)
149.8202 	EXP 	Created text = TextStim(__class__=<class 'psychopy.visual.text.TextStim'>, alignHoriz=method-wrapper(...), alignText='center', alignVert=method-wrapper(...), anchorHoriz='center', anchorVert='center', antialias=True, autoLog=True, bold=False, color=array([1., 1., 1.]), colorSpace='rgb', contrast=1.0, depth=0.0, flipHoriz=False, flipVert=False, font='Arial', fontFiles=[], height=0.07, italic=False, languageStyle='LTR', name='text', opacity=1, ori=0, pos=array([0., 0.]), rgb=UNKNOWN, text=str(...), units='norm', win=Window(...), wrapWidth=1.65)
149.8307 	EXP 	Created text = TextStim(__class__=<class 'psychopy.visual.text.TextStim'>, alignHoriz=method-wrapper(...), alignText='center', alignVert=method-wrapper(...), anchorHoriz='center', anchorVert='center', antialias=True, autoLog=True, bold=False, color=array([1., 1., 1.]), colorSpace='rgb', contrast=1.0, depth=0.0, flipHoriz=False, flipVert=False, font='Arial', fontFiles=[], height=0.07, italic=False, languageStyle='LTR', name='text', opacity=1, ori=0, pos=array([0., 0.]), rgb=UNKNOWN, text=str(...), units='norm', win=Window(...), wrapWidth=1.65)
149.8362 	EXP 	Created text = TextStim(__class__=<class 'psychopy.visual.text.TextStim'>, alignHoriz=method-wrapper(...), alignText='center', alignVert=method-wrapper(...), anchorHoriz='center', anchorVert='center', antialias=True, autoLog=True, bold=False, color=array([1., 1., 1.]), colorSpace='rgb', contrast=1.0, depth=0.0, flipHoriz=False, flipVert=False, font='Arial', fontFiles=[], height=0.07, italic=False, languageStyle='LTR', name='text', opacity=1, ori=0, pos=array([0., 0.]), rgb=UNKNOWN, text=str(...), units='norm', win=Window(...), wrapWidth=1.65)
149.8504 	EXP 	Created text = TextStim(__class__=<class 'psychopy.visual.text.TextStim'>, alignHoriz=method-wrapper(...), alignText='center', alignVert=method-wrapper(...), anchorHoriz='center', anchorVert='center', antialias=True, autoLog=True, bold=False, color=array([1., 1., 1.]), colorSpace='rgb', contrast=1.0, depth=0.0, flipHoriz=False, flipVert=False, font='Arial', fontFiles=[], height=0.15, italic=False, languageStyle='LTR', name='text', opacity=1, ori=0, pos=array([0., 0.]), rgb=UNKNOWN, text=str(...), units='norm', win=Window(...), wrapWidth=1.65)
149.8793 	EXP 	Created text = TextStim(__class__=<class 'psychopy.visual.text.TextStim'>, alignHoriz=method-wrapper(...), alignText='center', alignVert=method-wrapper(...), anchorHoriz='center', anchorVert='center', antialias=True, autoLog=True, bold=False, color=array([1., 1., 1.]), colorSpace='rgb', contrast=1.0, depth=0.0, flipHoriz=False, flipVert=False, font='Arial', fontFiles=[], height=0.07, italic=False, languageStyle='LTR', name='text', opacity=1, ori=0, pos=array([0., 0.]), rgb=UNKNOWN, text=str(...), units='norm', win=Window(...), wrapWidth=1.65)
149.8998 	EXP 	Created text = TextStim(__class__=<class 'psychopy.visual.text.TextStim'>, alignHoriz=method-wrapper(...), alignText='center', alignVert=method-wrapper(...), anchorHoriz='center', anchorVert='center', antialias=True, autoLog=True, bold=False, color=array([1., 1., 1.]), colorSpace='rgb', contrast=1.0, depth=0.0, flipHoriz=False, flipVert=False, font='Arial', fontFiles=[], height=0.07, italic=False, languageStyle='LTR', name='text', opacity=1, ori=0, pos=array([0., 0.]), rgb=UNKNOWN, text=str(...), units='norm', win=Window(...), wrapWidth=1.65)
149.9298 	EXP 	Created text = TextStim(__class__=<class 'psychopy.visual.text.TextStim'>, alignHoriz=method-wrapper(...), alignText='center', alignVert=method-wrapper(...), anchorHoriz='center', anchorVert='center', antialias=True, autoLog=True, bold=False, color=array([1., 1., 1.]), colorSpace='rgb', contrast=1.0, depth=0.0, flipHoriz=False, flipVert=False, font='Arial', fontFiles=[], height=0.07, italic=False, languageStyle='LTR', name='text', opacity=1, ori=0, pos=array([0., 0.]), rgb=UNKNOWN, text=str(...), units='norm', win=Window(...), wrapWidth=1.65)
149.9538 	EXP 	Created text = TextStim(__class__=<class 'psychopy.visual.text.TextStim'>, alignHoriz=method-wrapper(...), alignText='center', alignVert=method-wrapper(...), anchorHoriz='center', anchorVert='center', antialias=True, autoLog=True, bold=False, color=array([1., 1., 1.]), colorSpace='rgb', contrast=1.0, depth=0.0, flipHoriz=False, flipVert=False, font='Arial', fontFiles=[], height=0.07, italic=False, languageStyle='LTR', name='text', opacity=1, ori=0, pos=array([0., 0.]), rgb=UNKNOWN, text=str(...), units='norm', win=Window(...), wrapWidth=1.65)
149.9830 	EXP 	Created text = TextStim(__class__=<class 'psychopy.visual.text.TextStim'>, alignHoriz=method-wrapper(...), alignText='center', alignVert=method-wrapper(...), anchorHoriz='center', anchorVert='center', antialias=True, autoLog=True, bold=False, color=array([1., 1., 1.]), colorSpace='rgb', contrast=1.0, depth=0.0, flipHoriz=False, flipVert=False, font='Arial', fontFiles=[], height=0.07, italic=False, languageStyle='LTR', name='text', opacity=1, ori=0, pos=array([0., 0.]), rgb=UNKNOWN, text=str(...), units='norm', win=Window(...), wrapWidth=1.65)
149.9934 	EXP 	Created text = TextStim(__class__=<class 'psychopy.visual.text.TextStim'>, alignHoriz=method-wrapper(...), alignText='center', alignVert=method-wrapper(...), anchorHoriz='center', anchorVert='center', antialias=True, autoLog=True, bold=False, color=array([1., 1., 1.]), colorSpace='rgb', contrast=1.0, depth=0.0, flipHoriz=False, flipVert=False, font='Arial', fontFiles=[], height=0.07, italic=False, languageStyle='LTR', name='text', opacity=1, ori=0, pos=array([0., 0.]), rgb=UNKNOWN, text=str(...), units='norm', win=Window(...), wrapWidth=1.65)
150.0054 	EXP 	Created text = TextStim(__class__=<class 'psychopy.visual.text.TextStim'>, alignHoriz=method-wrapper(...), alignText='center', alignVert=method-wrapper(...), anchorHoriz='center', anchorVert='center', antialias=True, autoLog=True, bold=False, color=array([1., 1., 1.]), colorSpace='rgb', contrast=1.0, depth=0.0, flipHoriz=False, flipVert=False, font='Arial', fontFiles=[], height=0.07, italic=False, languageStyle='LTR', name='text', opacity=1, ori=0, pos=array([0., 0.]), rgb=UNKNOWN, text=str(...), units='norm', win=Window(...), wrapWidth=1.65)
150.0098 	EXP 	Created instru = TextStim(__class__=<class 'psychopy.visual.text.TextStim'>, alignHoriz=method-wrapper(...), alignText='center', alignVert=method-wrapper(...), anchorHoriz='center', anchorVert='center', antialias=True, autoLog=True, bold=False, color=array([1., 1., 1.]), colorSpace='rgb', contrast=1.0, depth=0.0, flipHoriz=False, flipVert=False, font='Arial', fontFiles=[], height=0.07, italic=False, languageStyle='LTR', name='instru', opacity=1, ori=0, pos=array([0. , 0.5]), rgb=UNKNOWN, text=str(...), units='norm', win=Window(...), wrapWidth=1)
150.0123 	EXP 	Created unnamed Line = Line(__class__=<class 'psychopy.visual.line.Line'>, autoDraw=False, autoLog=True, closeShape=False, color=array([1., 1., 1.]), colorSpace='rgb', contrast=None, depth=0, fillColor=array([0, 0, 0]), fillColorSpace='rgb', fillRGB=array([0, 0, 0]), interpolate=True, lineColor=array([1., 1., 1.]), lineColorSpace='rgb', lineRGB=array([1, 1, 1]), lineWidth=5, name='unnamed Line', opacity=0.5, ori=0.0, pos=array([0., 0.]), size=array([1., 1.]), units='norm', vertices=array([[-0.5,  0. ],
       [ 0.5,  0. ]]), win=Window(...), windingRule=None)
150.0144 	EXP 	Created unnamed Line = Line(__class__=<class 'psychopy.visual.line.Line'>, autoDraw=False, autoLog=True, closeShape=False, color=array([1., 1., 1.]), colorSpace='rgb', contrast=None, depth=0, fillColor=array([0, 0, 0]), fillColorSpace='rgb', fillRGB=array([0, 0, 0]), interpolate=True, lineColor=array([1., 1., 1.]), lineColorSpace='rgb', lineRGB=array([1, 1, 1]), lineWidth=3, name='unnamed Line', opacity=0.5, ori=0.0, pos=array([0., 0.]), size=array([1., 1.]), units='norm', vertices=array([[-0.5 , -0.05],
       [-0.5 ,  0.05]]), win=Window(...), windingRule=None)
150.0164 	EXP 	Created unnamed Line = Line(__class__=<class 'psychopy.visual.line.Line'>, autoDraw=False, autoLog=True, closeShape=False, color=array([1., 1., 1.]), colorSpace='rgb', contrast=None, depth=0, fillColor=array([0, 0, 0]), fillColorSpace='rgb', fillRGB=array([0, 0, 0]), interpolate=True, lineColor=array([1., 1., 1.]), lineColorSpace='rgb', lineRGB=array([1, 1, 1]), lineWidth=3, name='unnamed Line', opacity=0.5, ori=0.0, pos=array([0., 0.]), size=array([1., 1.]), units='norm', vertices=ndarray(...), win=Window(...), windingRule=None)
150.0184 	EXP 	Created unnamed Line = Line(__class__=<class 'psychopy.visual.line.Line'>, autoDraw=False, autoLog=True, closeShape=False, color=array([1., 1., 1.]), colorSpace='rgb', contrast=None, depth=0, fillColor=array([0, 0, 0]), fillColorSpace='rgb', fillRGB=array([0, 0, 0]), interpolate=True, lineColor=array([1., 1., 1.]), lineColorSpace='rgb', lineRGB=array([1, 1, 1]), lineWidth=3, name='unnamed Line', opacity=0.5, ori=0.0, pos=array([0., 0.]), size=array([1., 1.]), units='norm', vertices=ndarray(...), win=Window(...), windingRule=None)
150.0204 	EXP 	Created unnamed Line = Line(__class__=<class 'psychopy.visual.line.Line'>, autoDraw=False, autoLog=True, closeShape=False, color=array([1., 1., 1.]), colorSpace='rgb', contrast=None, depth=0, fillColor=array([0, 0, 0]), fillColorSpace='rgb', fillRGB=array([0, 0, 0]), interpolate=True, lineColor=array([1., 1., 1.]), lineColorSpace='rgb', lineRGB=array([1, 1, 1]), lineWidth=3, name='unnamed Line', opacity=0.5, ori=0.0, pos=array([0., 0.]), size=array([1., 1.]), units='norm', vertices=array([[ 0.5 , -0.05],
       [ 0.5 ,  0.05]]), win=Window(...), windingRule=None)
150.0330 	EXP 	Created unnamed TextStim = TextStim(__class__=<class 'psychopy.visual.text.TextStim'>, alignHoriz=method-wrapper(...), alignText='center', alignVert=method-wrapper(...), anchorHoriz='center', anchorVert='center', antialias=True, autoLog=True, bold=False, color=array([1., 1., 1.]), colorSpace='rgb', contrast=1.0, depth=0, flipHoriz=False, flipVert=False, font='', fontFiles=[], height=0.05, italic=False, languageStyle='LTR', name='unnamed TextStim', opacity=1.0, ori=0.0, pos=array([-0.5, -0.1]), rgb=UNKNOWN, text='Helt klart \n IKKE FOKUSERT', units='norm', win=Window(...), wrapWidth=1)
150.0340 	EXP 	Created unnamed TextStim = TextStim(__class__=<class 'psychopy.visual.text.TextStim'>, alignHoriz=method-wrapper(...), alignText='center', alignVert=method-wrapper(...), anchorHoriz='center', anchorVert='center', antialias=True, autoLog=True, bold=False, color=array([1., 1., 1.]), colorSpace='rgb', contrast=1.0, depth=0, flipHoriz=False, flipVert=False, font='', fontFiles=[], height=0.05, italic=False, languageStyle='LTR', name='unnamed TextStim', opacity=1.0, ori=0.0, pos=array([-0.16666667, -0.1       ]), rgb=UNKNOWN, text='', units='norm', win=Window(...), wrapWidth=1)
150.0350 	EXP 	Created unnamed TextStim = TextStim(__class__=<class 'psychopy.visual.text.TextStim'>, alignHoriz=method-wrapper(...), alignText='center', alignVert=method-wrapper(...), anchorHoriz='center', anchorVert='center', antialias=True, autoLog=True, bold=False, color=array([1., 1., 1.]), colorSpace='rgb', contrast=1.0, depth=0, flipHoriz=False, flipVert=False, font='', fontFiles=[], height=0.05, italic=False, languageStyle='LTR', name='unnamed TextStim', opacity=1.0, ori=0.0, pos=array([ 0.16666667, -0.1       ]), rgb=UNKNOWN, text='', units='norm', win=Window(...), wrapWidth=1)
150.0384 	EXP 	Created unnamed TextStim = TextStim(__class__=<class 'psychopy.visual.text.TextStim'>, alignHoriz=method-wrapper(...), alignText='center', alignVert=method-wrapper(...), anchorHoriz='center', anchorVert='center', antialias=True, autoLog=True, bold=False, color=array([1., 1., 1.]), colorSpace='rgb', contrast=1.0, depth=0, flipHoriz=False, flipVert=False, font='', fontFiles=[], height=0.05, italic=False, languageStyle='LTR', name='unnamed TextStim', opacity=1.0, ori=0.0, pos=array([ 0.5, -0.1]), rgb=UNKNOWN, text='Helt klart \n FOKUSERT', units='norm', win=Window(...), wrapWidth=1)
150.0405 	EXP 	Created unnamed ShapeStim = ShapeStim(__class__=<class 'psychopy.visual.shape.ShapeStim'>, autoDraw=False, autoLog=True, closeShape=True, color=method-wrapper(...), colorSpace='rgb', contrast=None, depth=0, fillColor=array([1, 1, 1]), fillColorSpace='rgb', fillRGB=array([1, 1, 1]), interpolate=True, lineColor=array([-1., -1., -1.]), lineColorSpace='rgb', lineRGB=array([-1, -1, -1]), lineWidth=1.5, name='unnamed ShapeStim', opacity=1.0, ori=0.0, pos=array([0., 0.]), size=array([1., 1.]), units='norm', vertices=ndarray(...), win=Window(...), windingRule=None)
150.0477 	EXP 	Created instru = TextStim(__class__=<class 'psychopy.visual.text.TextStim'>, alignHoriz=method-wrapper(...), alignText='center', alignVert=method-wrapper(...), anchorHoriz='center', anchorVert='center', antialias=True, autoLog=True, bold=False, color=array([1., 1., 1.]), colorSpace='rgb', contrast=1.0, depth=0.0, flipHoriz=False, flipVert=False, font='Arial', fontFiles=[], height=0.07, italic=False, languageStyle='LTR', name='instru', opacity=1, ori=0, pos=array([0. , 0.5]), rgb=UNKNOWN, text=str(...), units='norm', win=Window(...), wrapWidth=1)
150.0498 	EXP 	Created unnamed Line = Line(__class__=<class 'psychopy.visual.line.Line'>, autoDraw=False, autoLog=True, closeShape=False, color=array([1., 1., 1.]), colorSpace='rgb', contrast=None, depth=0, fillColor=array([0, 0, 0]), fillColorSpace='rgb', fillRGB=array([0, 0, 0]), interpolate=True, lineColor=array([1., 1., 1.]), lineColorSpace='rgb', lineRGB=array([1, 1, 1]), lineWidth=5, name='unnamed Line', opacity=0.5, ori=0.0, pos=array([0., 0.]), size=array([1., 1.]), units='norm', vertices=array([[-0.5,  0. ],
       [ 0.5,  0. ]]), win=Window(...), windingRule=None)
150.0518 	EXP 	Created unnamed Line = Line(__class__=<class 'psychopy.visual.line.Line'>, autoDraw=False, autoLog=True, closeShape=False, color=array([1., 1., 1.]), colorSpace='rgb', contrast=None, depth=0, fillColor=array([0, 0, 0]), fillColorSpace='rgb', fillRGB=array([0, 0, 0]), interpolate=True, lineColor=array([1., 1., 1.]), lineColorSpace='rgb', lineRGB=array([1, 1, 1]), lineWidth=3, name='unnamed Line', opacity=0.5, ori=0.0, pos=array([0., 0.]), size=array([1., 1.]), units='norm', vertices=array([[-0.5 , -0.05],
       [-0.5 ,  0.05]]), win=Window(...), windingRule=None)
150.0538 	EXP 	Created unnamed Line = Line(__class__=<class 'psychopy.visual.line.Line'>, autoDraw=False, autoLog=True, closeShape=False, color=array([1., 1., 1.]), colorSpace='rgb', contrast=None, depth=0, fillColor=array([0, 0, 0]), fillColorSpace='rgb', fillRGB=array([0, 0, 0]), interpolate=True, lineColor=array([1., 1., 1.]), lineColorSpace='rgb', lineRGB=array([1, 1, 1]), lineWidth=3, name='unnamed Line', opacity=0.5, ori=0.0, pos=array([0., 0.]), size=array([1., 1.]), units='norm', vertices=ndarray(...), win=Window(...), windingRule=None)
150.0559 	EXP 	Created unnamed Line = Line(__class__=<class 'psychopy.visual.line.Line'>, autoDraw=False, autoLog=True, closeShape=False, color=array([1., 1., 1.]), colorSpace='rgb', contrast=None, depth=0, fillColor=array([0, 0, 0]), fillColorSpace='rgb', fillRGB=array([0, 0, 0]), interpolate=True, lineColor=array([1., 1., 1.]), lineColorSpace='rgb', lineRGB=array([1, 1, 1]), lineWidth=3, name='unnamed Line', opacity=0.5, ori=0.0, pos=array([0., 0.]), size=array([1., 1.]), units='norm', vertices=ndarray(...), win=Window(...), windingRule=None)
150.0579 	EXP 	Created unnamed Line = Line(__class__=<class 'psychopy.visual.line.Line'>, autoDraw=False, autoLog=True, closeShape=False, color=array([1., 1., 1.]), colorSpace='rgb', contrast=None, depth=0, fillColor=array([0, 0, 0]), fillColorSpace='rgb', fillRGB=array([0, 0, 0]), interpolate=True, lineColor=array([1., 1., 1.]), lineColorSpace='rgb', lineRGB=array([1, 1, 1]), lineWidth=3, name='unnamed Line', opacity=0.5, ori=0.0, pos=array([0., 0.]), size=array([1., 1.]), units='norm', vertices=array([[ 0.5 , -0.05],
       [ 0.5 ,  0.05]]), win=Window(...), windingRule=None)
150.0630 	EXP 	Created unnamed TextStim = TextStim(__class__=<class 'psychopy.visual.text.TextStim'>, alignHoriz=method-wrapper(...), alignText='center', alignVert=method-wrapper(...), anchorHoriz='center', anchorVert='center', antialias=True, autoLog=True, bold=False, color=array([1., 1., 1.]), colorSpace='rgb', contrast=1.0, depth=0, flipHoriz=False, flipVert=False, font='', fontFiles=[], height=0.05, italic=False, languageStyle='LTR', name='unnamed TextStim', opacity=1.0, ori=0.0, pos=array([-0.5, -0.1]), rgb=UNKNOWN, text='Helt klart \n INGENTING', units='norm', win=Window(...), wrapWidth=1)
150.0641 	EXP 	Created unnamed TextStim = TextStim(__class__=<class 'psychopy.visual.text.TextStim'>, alignHoriz=method-wrapper(...), alignText='center', alignVert=method-wrapper(...), anchorHoriz='center', anchorVert='center', antialias=True, autoLog=True, bold=False, color=array([1., 1., 1.]), colorSpace='rgb', contrast=1.0, depth=0, flipHoriz=False, flipVert=False, font='', fontFiles=[], height=0.05, italic=False, languageStyle='LTR', name='unnamed TextStim', opacity=1.0, ori=0.0, pos=array([-0.16666667, -0.1       ]), rgb=UNKNOWN, text='', units='norm', win=Window(...), wrapWidth=1)
150.0651 	EXP 	Created unnamed TextStim = TextStim(__class__=<class 'psychopy.visual.text.TextStim'>, alignHoriz=method-wrapper(...), alignText='center', alignVert=method-wrapper(...), anchorHoriz='center', anchorVert='center', antialias=True, autoLog=True, bold=False, color=array([1., 1., 1.]), colorSpace='rgb', contrast=1.0, depth=0, flipHoriz=False, flipVert=False, font='', fontFiles=[], height=0.05, italic=False, languageStyle='LTR', name='unnamed TextStim', opacity=1.0, ori=0.0, pos=array([ 0.16666667, -0.1       ]), rgb=UNKNOWN, text='', units='norm', win=Window(...), wrapWidth=1)
150.0682 	EXP 	Created unnamed TextStim = TextStim(__class__=<class 'psychopy.visual.text.TextStim'>, alignHoriz=method-wrapper(...), alignText='center', alignVert=method-wrapper(...), anchorHoriz='center', anchorVert='center', antialias=True, autoLog=True, bold=False, color=array([1., 1., 1.]), colorSpace='rgb', contrast=1.0, depth=0, flipHoriz=False, flipVert=False, font='', fontFiles=[], height=0.05, italic=False, languageStyle='LTR', name='unnamed TextStim', opacity=1.0, ori=0.0, pos=array([ 0.5, -0.1]), rgb=UNKNOWN, text='Helt klart \n NOE', units='norm', win=Window(...), wrapWidth=1)
150.0701 	EXP 	Created unnamed ShapeStim = ShapeStim(__class__=<class 'psychopy.visual.shape.ShapeStim'>, autoDraw=False, autoLog=True, closeShape=True, color=method-wrapper(...), colorSpace='rgb', contrast=None, depth=0, fillColor=array([1, 1, 1]), fillColorSpace='rgb', fillRGB=array([1, 1, 1]), interpolate=True, lineColor=array([-1., -1., -1.]), lineColorSpace='rgb', lineRGB=array([-1, -1, -1]), lineWidth=1.5, name='unnamed ShapeStim', opacity=1.0, ori=0.0, pos=array([0., 0.]), size=array([1., 1.]), units='norm', vertices=ndarray(...), win=Window(...), windingRule=None)
150.0769 	EXP 	Created instru = TextStim(__class__=<class 'psychopy.visual.text.TextStim'>, alignHoriz=method-wrapper(...), alignText='center', alignVert=method-wrapper(...), anchorHoriz='center', anchorVert='center', antialias=True, autoLog=True, bold=False, color=array([1., 1., 1.]), colorSpace='rgb', contrast=1.0, depth=0.0, flipHoriz=False, flipVert=False, font='Arial', fontFiles=[], height=0.07, italic=False, languageStyle='LTR', name='instru', opacity=1, ori=0, pos=array([0. , 0.5]), rgb=UNKNOWN, text=str(...), units='norm', win=Window(...), wrapWidth=1)
150.0790 	EXP 	Created unnamed Line = Line(__class__=<class 'psychopy.visual.line.Line'>, autoDraw=False, autoLog=True, closeShape=False, color=array([1., 1., 1.]), colorSpace='rgb', contrast=None, depth=0, fillColor=array([0, 0, 0]), fillColorSpace='rgb', fillRGB=array([0, 0, 0]), interpolate=True, lineColor=array([1., 1., 1.]), lineColorSpace='rgb', lineRGB=array([1, 1, 1]), lineWidth=5, name='unnamed Line', opacity=0.5, ori=0.0, pos=array([0., 0.]), size=array([1., 1.]), units='norm', vertices=array([[-0.5,  0. ],
       [ 0.5,  0. ]]), win=Window(...), windingRule=None)
150.0810 	EXP 	Created unnamed Line = Line(__class__=<class 'psychopy.visual.line.Line'>, autoDraw=False, autoLog=True, closeShape=False, color=array([1., 1., 1.]), colorSpace='rgb', contrast=None, depth=0, fillColor=array([0, 0, 0]), fillColorSpace='rgb', fillRGB=array([0, 0, 0]), interpolate=True, lineColor=array([1., 1., 1.]), lineColorSpace='rgb', lineRGB=array([1, 1, 1]), lineWidth=3, name='unnamed Line', opacity=0.5, ori=0.0, pos=array([0., 0.]), size=array([1., 1.]), units='norm', vertices=array([[-0.5 , -0.05],
       [-0.5 ,  0.05]]), win=Window(...), windingRule=None)
150.0830 	EXP 	Created unnamed Line = Line(__class__=<class 'psychopy.visual.line.Line'>, autoDraw=False, autoLog=True, closeShape=False, color=array([1., 1., 1.]), colorSpace='rgb', contrast=None, depth=0, fillColor=array([0, 0, 0]), fillColorSpace='rgb', fillRGB=array([0, 0, 0]), interpolate=True, lineColor=array([1., 1., 1.]), lineColorSpace='rgb', lineRGB=array([1, 1, 1]), lineWidth=3, name='unnamed Line', opacity=0.5, ori=0.0, pos=array([0., 0.]), size=array([1., 1.]), units='norm', vertices=ndarray(...), win=Window(...), windingRule=None)
150.0850 	EXP 	Created unnamed Line = Line(__class__=<class 'psychopy.visual.line.Line'>, autoDraw=False, autoLog=True, closeShape=False, color=array([1., 1., 1.]), colorSpace='rgb', contrast=None, depth=0, fillColor=array([0, 0, 0]), fillColorSpace='rgb', fillRGB=array([0, 0, 0]), interpolate=True, lineColor=array([1., 1., 1.]), lineColorSpace='rgb', lineRGB=array([1, 1, 1]), lineWidth=3, name='unnamed Line', opacity=0.5, ori=0.0, pos=array([0., 0.]), size=array([1., 1.]), units='norm', vertices=ndarray(...), win=Window(...), windingRule=None)
150.0870 	EXP 	Created unnamed Line = Line(__class__=<class 'psychopy.visual.line.Line'>, autoDraw=False, autoLog=True, closeShape=False, color=array([1., 1., 1.]), colorSpace='rgb', contrast=None, depth=0, fillColor=array([0, 0, 0]), fillColorSpace='rgb', fillRGB=array([0, 0, 0]), interpolate=True, lineColor=array([1., 1., 1.]), lineColorSpace='rgb', lineRGB=array([1, 1, 1]), lineWidth=3, name='unnamed Line', opacity=0.5, ori=0.0, pos=array([0., 0.]), size=array([1., 1.]), units='norm', vertices=array([[ 0.5 , -0.05],
       [ 0.5 ,  0.05]]), win=Window(...), windingRule=None)
150.0918 	EXP 	Created unnamed TextStim = TextStim(__class__=<class 'psychopy.visual.text.TextStim'>, alignHoriz=method-wrapper(...), alignText='center', alignVert=method-wrapper(...), anchorHoriz='center', anchorVert='center', antialias=True, autoLog=True, bold=False, color=array([1., 1., 1.]), colorSpace='rgb', contrast=1.0, depth=0, flipHoriz=False, flipVert=False, font='', fontFiles=[], height=0.05, italic=False, languageStyle='LTR', name='unnamed TextStim', opacity=1.0, ori=0.0, pos=array([-0.5, -0.1]), rgb=UNKNOWN, text='Helt klart \n SPONTAN', units='norm', win=Window(...), wrapWidth=1)
150.0929 	EXP 	Created unnamed TextStim = TextStim(__class__=<class 'psychopy.visual.text.TextStim'>, alignHoriz=method-wrapper(...), alignText='center', alignVert=method-wrapper(...), anchorHoriz='center', anchorVert='center', antialias=True, autoLog=True, bold=False, color=array([1., 1., 1.]), colorSpace='rgb', contrast=1.0, depth=0, flipHoriz=False, flipVert=False, font='', fontFiles=[], height=0.05, italic=False, languageStyle='LTR', name='unnamed TextStim', opacity=1.0, ori=0.0, pos=array([-0.16666667, -0.1       ]), rgb=UNKNOWN, text='', units='norm', win=Window(...), wrapWidth=1)
150.0939 	EXP 	Created unnamed TextStim = TextStim(__class__=<class 'psychopy.visual.text.TextStim'>, alignHoriz=method-wrapper(...), alignText='center', alignVert=method-wrapper(...), anchorHoriz='center', anchorVert='center', antialias=True, autoLog=True, bold=False, color=array([1., 1., 1.]), colorSpace='rgb', contrast=1.0, depth=0, flipHoriz=False, flipVert=False, font='', fontFiles=[], height=0.05, italic=False, languageStyle='LTR', name='unnamed TextStim', opacity=1.0, ori=0.0, pos=array([ 0.16666667, -0.1       ]), rgb=UNKNOWN, text='', units='norm', win=Window(...), wrapWidth=1)
150.0988 	EXP 	Created unnamed TextStim = TextStim(__class__=<class 'psychopy.visual.text.TextStim'>, alignHoriz=method-wrapper(...), alignText='center', alignVert=method-wrapper(...), anchorHoriz='center', anchorVert='center', antialias=True, autoLog=True, bold=False, color=array([1., 1., 1.]), colorSpace='rgb', contrast=1.0, depth=0, flipHoriz=False, flipVert=False, font='', fontFiles=[], height=0.05, italic=False, languageStyle='LTR', name='unnamed TextStim', opacity=1.0, ori=0.0, pos=array([ 0.5, -0.1]), rgb=UNKNOWN, text='Helt klart \n BEVISST', units='norm', win=Window(...), wrapWidth=1)
150.1006 	EXP 	Created unnamed ShapeStim = ShapeStim(__class__=<class 'psychopy.visual.shape.ShapeStim'>, autoDraw=False, autoLog=True, closeShape=True, color=method-wrapper(...), colorSpace='rgb', contrast=None, depth=0, fillColor=array([1, 1, 1]), fillColorSpace='rgb', fillRGB=array([1, 1, 1]), interpolate=True, lineColor=array([-1., -1., -1.]), lineColorSpace='rgb', lineRGB=array([-1, -1, -1]), lineWidth=1.5, name='unnamed ShapeStim', opacity=1.0, ori=0.0, pos=array([0., 0.]), size=array([1., 1.]), units='norm', vertices=ndarray(...), win=Window(...), windingRule=None)
150.1492 	EXP 	Sound  set volume 1.000
150.1772 	EXP 	unnamed ShapeStim: vertices = <class 'numpy.ndarray'>
150.1772 	EXP 	unnamed ShapeStim: vertices = <class 'numpy.ndarray'>
150.1772 	EXP 	unnamed ShapeStim: vertices = <class 'numpy.ndarray'>
152.6948 	DATA 	Keypress: rctrl
153.2136 	EXP 	Sound  started
153.9636 	EXP 	Sound  started
153.9907 	DATA 	Keypress: rctrl
154.6307 	DATA 	Keypress: lctrl
154.7136 	EXP 	Sound  started
155.3827 	DATA 	Keypress: rctrl
155.4636 	EXP 	Sound  started
156.1507 	DATA 	Keypress: rctrl
156.2136 	EXP 	Sound  started
156.9507 	DATA 	Keypress: rctrl
156.9637 	EXP 	Sound  started
157.5747 	DATA 	Keypress: lctrl
157.7137 	EXP 	Sound  started
158.3587 	DATA 	Keypress: rctrl
158.4637 	EXP 	Sound  started
159.1587 	DATA 	Keypress: rctrl
159.2137 	EXP 	Sound  started
159.9427 	DATA 	Keypress: rctrl
159.9637 	EXP 	Sound  started
160.6787 	DATA 	Keypress: rctrl
160.7137 	EXP 	Sound  started
161.4637 	EXP 	Sound  started
161.4787 	DATA 	Keypress: rctrl
162.1507 	DATA 	Keypress: lctrl
162.2138 	EXP 	Sound  started
162.9507 	DATA 	Keypress: lctrl
162.9638 	EXP 	Sound  started
163.7138 	EXP 	Sound  started
163.7187 	DATA 	Keypress: rctrl
163.7826 	DATA 	Keypress: rctrl
164.3907 	DATA 	Keypress: rctrl
164.4638 	EXP 	Sound  started
165.1267 	DATA 	Keypress: rctrl
165.2138 	EXP 	Sound  started
165.8467 	DATA 	Keypress: rctrl
165.9638 	EXP 	Sound  started
166.6467 	DATA 	Keypress: rctrl
166.7138 	EXP 	Sound  started
167.4147 	DATA 	Keypress: rctrl
167.4638 	EXP 	Sound  started
168.1187 	DATA 	Keypress: rctrl
168.2139 	EXP 	Sound  started
168.8068 	DATA 	Keypress: rctrl
168.9639 	EXP 	Sound  started
169.6066 	DATA 	Keypress: lctrl
169.7139 	EXP 	Sound  started
170.3267 	DATA 	Keypress: lctrl
170.4639 	EXP 	Sound  started
171.0787 	DATA 	Keypress: rctrl
171.2139 	EXP 	Sound  started
171.8467 	DATA 	Keypress: rctrl
171.9639 	EXP 	Sound  started
172.5347 	DATA 	Keypress: rctrl
172.7140 	EXP 	Sound  started
173.3667 	DATA 	Keypress: lctrl
173.4640 	EXP 	Sound  started
174.0867 	DATA 	Keypress: rctrl
174.2140 	EXP 	Sound  started
174.8547 	DATA 	Keypress: rctrl
174.9640 	EXP 	Sound  started
175.6067 	DATA 	Keypress: lctrl
175.7140 	EXP 	Sound  started
176.3747 	DATA 	Keypress: rctrl
176.4640 	EXP 	Sound  started
177.1587 	DATA 	Keypress: rctrl
177.2140 	EXP 	Sound  started
177.8947 	DATA 	Keypress: rctrl
177.9641 	EXP 	Sound  started
178.6947 	DATA 	Keypress: rctrl
178.7141 	EXP 	Sound  started
179.3667 	DATA 	Keypress: lctrl
179.4641 	EXP 	Sound  started
180.1186 	DATA 	Keypress: rctrl
180.2141 	EXP 	Sound  started
180.9027 	DATA 	Keypress: rctrl
180.9641 	EXP 	Sound  started
181.6868 	DATA 	Keypress: rctrl
181.7141 	EXP 	Sound  started
182.3747 	DATA 	Keypress: rctrl
182.4641 	EXP 	Sound  started
183.1267 	DATA 	Keypress: rctrl
183.2142 	EXP 	Sound  started
183.8467 	DATA 	Keypress: lctrl
183.9642 	EXP 	Sound  started
184.5987 	DATA 	Keypress: lctrl
184.7142 	EXP 	Sound  started
185.3027 	DATA 	Keypress: rctrl
185.4642 	EXP 	Sound  started
186.1027 	DATA 	Keypress: rctrl
186.2142 	EXP 	Sound  started
186.8387 	DATA 	Keypress: rctrl
186.9642 	EXP 	Sound  started
187.5907 	DATA 	Keypress: rctrl
187.7142 	EXP 	Sound  started
188.3267 	DATA 	Keypress: rctrl
188.4643 	EXP 	Sound  started
189.0947 	DATA 	Keypress: lctrl
189.2143 	EXP 	Sound  started
189.8627 	DATA 	Keypress: lctrl
189.9643 	EXP 	Sound  started
190.6147 	DATA 	Keypress: rctrl
190.7143 	EXP 	Sound  started
191.3827 	DATA 	Keypress: lctrl
191.4643 	EXP 	Sound  started
192.1987 	DATA 	Keypress: rctrl
192.2143 	EXP 	Sound  started
192.9026 	DATA 	Keypress: rctrl
192.9644 	EXP 	Sound  started
193.6707 	DATA 	Keypress: rctrl
193.7144 	EXP 	Sound  started
194.4227 	DATA 	Keypress: rctrl
194.4644 	EXP 	Sound  started
195.1107 	DATA 	Keypress: rctrl
195.2144 	EXP 	Sound  started
195.9107 	DATA 	Keypress: lctrl
195.9644 	EXP 	Sound  started
196.6787 	DATA 	Keypress: rctrl
196.7466 	EXP 	unnamed TextStim: text = ''
196.7466 	EXP 	unnamed TextStim: text = ''
199.8183 	DATA 	Keypress: 4
199.8348 	EXP 	unnamed ShapeStim: vertices = <class 'numpy.ndarray'>
201.3861 	EXP 	unnamed TextStim: text = ''
201.3861 	EXP 	unnamed TextStim: text = ''
205.2099 	DATA 	Keypress: 1
205.2393 	EXP 	unnamed ShapeStim: vertices = <class 'numpy.ndarray'>
206.7739 	EXP 	unnamed TextStim: text = ''
206.7739 	EXP 	unnamed TextStim: text = ''
209.5596 	DATA 	Keypress: 4
209.5762 	EXP 	unnamed ShapeStim: vertices = <class 'numpy.ndarray'>
211.8608 	EXP 	Sound  started
211.8611 	DATA 	Keypress: rctrl
212.4708 	DATA 	Keypress: rctrl
212.6107 	EXP 	Sound  started
213.2707 	DATA 	Keypress: lctrl
213.3608 	EXP 	Sound  started
214.0227 	DATA 	Keypress: rctrl
214.1108 	EXP 	Sound  started
214.7908 	DATA 	Keypress: lctrl
214.8608 	EXP 	Sound  started
215.5747 	DATA 	Keypress: rctrl
215.6108 	EXP 	Sound  started
216.2786 	DATA 	Keypress: lctrl
216.3608 	EXP 	Sound  started
217.0627 	DATA 	Keypress: lctrl
217.1108 	EXP 	Sound  started
217.7987 	DATA 	Keypress: rctrl
217.8608 	EXP 	Sound  started
218.5026 	DATA 	Keypress: rctrl
218.6109 	EXP 	Sound  started
219.2707 	DATA 	Keypress: lctrl
219.3609 	EXP 	Sound  started
220.0387 	DATA 	Keypress: rctrl
220.1109 	EXP 	Sound  started
220.7747 	DATA 	Keypress: rctrl
220.8609 	EXP 	Sound  started
221.5747 	DATA 	Keypress: rctrl
221.6109 	EXP 	Sound  started
222.3609 	EXP 	Sound  started
222.3907 	DATA 	Keypress: rctrl
223.0786 	DATA 	Keypress: lctrl
223.1109 	EXP 	Sound  started
223.7667 	DATA 	Keypress: lctrl
223.8610 	EXP 	Sound  started
224.4227 	DATA 	Keypress: lctrl
224.6110 	EXP 	Sound  started
225.2228 	DATA 	Keypress: lctrl
225.3610 	EXP 	Sound  started
225.9747 	DATA 	Keypress: lctrl
226.1110 	EXP 	Sound  started
226.7587 	DATA 	Keypress: rctrl
226.8610 	EXP 	Sound  started
227.4947 	DATA 	Keypress: rctrl
227.6110 	EXP 	Sound  started
228.2147 	DATA 	Keypress: rctrl
228.3610 	EXP 	Sound  started
228.9507 	DATA 	Keypress: rctrl
229.1111 	EXP 	Sound  started
229.7827 	DATA 	Keypress: rctrl
229.8611 	EXP 	Sound  started
230.5347 	DATA 	Keypress: rctrl
230.6111 	EXP 	Sound  started
231.3507 	DATA 	Keypress: rctrl
231.3611 	EXP 	Sound  started
232.1027 	DATA 	Keypress: rctrl
232.1111 	EXP 	Sound  started
232.8227 	DATA 	Keypress: lctrl
232.8611 	EXP 	Sound  started
233.5907 	DATA 	Keypress: lctrl
233.6111 	EXP 	Sound  started
234.3107 	DATA 	Keypress: lctrl
234.3611 	EXP 	Sound  started
235.0147 	DATA 	Keypress: lctrl
235.1112 	EXP 	Sound  started
235.7827 	DATA 	Keypress: rctrl
235.8612 	EXP 	Sound  started
236.5187 	DATA 	Keypress: rctrl
236.6112 	EXP 	Sound  started
237.3027 	DATA 	Keypress: rctrl
237.3612 	EXP 	Sound  started
238.0547 	DATA 	Keypress: rctrl
238.1112 	EXP 	Sound  started
238.7587 	DATA 	Keypress: rctrl
238.8612 	EXP 	Sound  started
239.5267 	DATA 	Keypress: rctrl
239.6112 	EXP 	Sound  started
240.2627 	DATA 	Keypress: rctrl
240.3613 	EXP 	Sound  started
241.0307 	DATA 	Keypress: rctrl
241.1113 	EXP 	Sound  started
241.7667 	DATA 	Keypress: rctrl
241.8613 	EXP 	Sound  started
242.4546 	DATA 	Keypress: lctrl
242.6113 	EXP 	Sound  started
243.2867 	DATA 	Keypress: lctrl
243.3613 	EXP 	Sound  started
244.0067 	DATA 	Keypress: lctrl
244.1113 	EXP 	Sound  started
244.7106 	DATA 	Keypress: lctrl
244.8614 	EXP 	Sound  started
245.4947 	DATA 	Keypress: lctrl
245.6114 	EXP 	Sound  started
246.2307 	DATA 	Keypress: rctrl
246.3614 	EXP 	Sound  started
247.0627 	DATA 	Keypress: rctrl
247.1114 	EXP 	Sound  started
247.8614 	EXP 	Sound  started
247.8626 	DATA 	Keypress: rctrl
248.5827 	DATA 	Keypress: rctrl
248.6114 	EXP 	Sound  started
249.3187 	DATA 	Keypress: rctrl
249.3614 	EXP 	Sound  started
250.0707 	DATA 	Keypress: rctrl
250.1115 	EXP 	Sound  started
250.8067 	DATA 	Keypress: rctrl
250.8615 	EXP 	Sound  started
251.5427 	DATA 	Keypress: rctrl
251.6115 	EXP 	Sound  started
252.2467 	DATA 	Keypress: rctrl
252.3615 	EXP 	Sound  started
252.9987 	DATA 	Keypress: rctrl
253.1115 	EXP 	Sound  started
253.7987 	DATA 	Keypress: rctrl
253.8615 	EXP 	Sound  started
254.5187 	DATA 	Keypress: lctrl
254.6115 	EXP 	Sound  started
255.3507 	DATA 	Keypress: lctrl
255.3616 	EXP 	Sound  started
256.0547 	DATA 	Keypress: rctrl
256.1116 	EXP 	Sound  started
256.8067 	DATA 	Keypress: rctrl
256.8616 	EXP 	Sound  started
257.5267 	DATA 	Keypress: rctrl
257.6116 	EXP 	Sound  started
258.2787 	DATA 	Keypress: rctrl
258.3616 	EXP 	Sound  started
259.0148 	DATA 	Keypress: lctrl
259.1116 	EXP 	Sound  started
259.7507 	DATA 	Keypress: lctrl
259.8616 	EXP 	Sound  started
260.4707 	DATA 	Keypress: rctrl
260.6117 	EXP 	Sound  started
261.2227 	DATA 	Keypress: rctrl
261.3617 	EXP 	Sound  started
262.1117 	EXP 	Sound  started
262.1826 	DATA 	Keypress: rctrl
262.8546 	DATA 	Keypress: rctrl
262.8617 	EXP 	Sound  started
263.6067 	DATA 	Keypress: lctrl
263.6117 	EXP 	Sound  started
264.2627 	DATA 	Keypress: rctrl
264.3617 	EXP 	Sound  started
264.9986 	DATA 	Keypress: lctrl
265.1117 	EXP 	Sound  started
265.7826 	DATA 	Keypress: rctrl
265.8618 	EXP 	Sound  started
266.5026 	DATA 	Keypress: rctrl
266.6118 	EXP 	Sound  started
267.2867 	DATA 	Keypress: rctrl
267.3618 	EXP 	Sound  started
268.0227 	DATA 	Keypress: rctrl
268.1118 	EXP 	Sound  started
268.8227 	DATA 	Keypress: lctrl
268.8618 	EXP 	Sound  started
269.5747 	DATA 	Keypress: rctrl
269.6118 	EXP 	Sound  started
270.3106 	DATA 	Keypress: rctrl
275.4970 	DATA 	Keypress: 2
275.5135 	EXP 	unnamed ShapeStim: vertices = <class 'numpy.ndarray'>
278.6329 	DATA 	Keypress: 4
278.6494 	EXP 	unnamed ShapeStim: vertices = <class 'numpy.ndarray'>
287.1769 	DATA 	Keypress: 4
287.2064 	EXP 	unnamed ShapeStim: vertices = <class 'numpy.ndarray'>
289.4908 	EXP 	Sound  started
289.4948 	DATA 	Keypress: rctrl
290.1507 	DATA 	Keypress: rctrl
290.2407 	EXP 	Sound  started
290.9347 	DATA 	Keypress: rctrl
290.9909 	EXP 	Sound  started
291.6866 	DATA 	Keypress: rctrl
291.7409 	EXP 	Sound  started
292.4067 	DATA 	Keypress: lctrl
292.4909 	EXP 	Sound  started
293.1266 	DATA 	Keypress: lctrl
293.2409 	EXP 	Sound  started
293.8947 	DATA 	Keypress: lctrl
293.9910 	EXP 	Sound  started
294.6306 	DATA 	Keypress: lctrl
294.7410 	EXP 	Sound  started
295.3827 	DATA 	Keypress: lctrl
295.4910 	EXP 	Sound  started
296.1186 	DATA 	Keypress: rctrl
296.2410 	EXP 	Sound  started
296.8707 	DATA 	Keypress: lctrl
296.9910 	EXP 	Sound  started
297.6387 	DATA 	Keypress: lctrl
297.7410 	EXP 	Sound  started
298.3906 	DATA 	Keypress: lctrl
298.4910 	EXP 	Sound  started
299.0947 	DATA 	Keypress: rctrl
299.2411 	EXP 	Sound  started
299.9911 	EXP 	Sound  started
300.0707 	DATA 	Keypress: rctrl
300.7107 	DATA 	Keypress: rctrl
300.7411 	EXP 	Sound  started
301.4467 	DATA 	Keypress: rctrl
301.4911 	EXP 	Sound  started
302.1027 	DATA 	Keypress: rctrl
302.2411 	EXP 	Sound  started
302.8547 	DATA 	Keypress: rctrl
302.9911 	EXP 	Sound  started
303.5907 	DATA 	Keypress: rctrl
303.7411 	EXP 	Sound  started
304.3747 	DATA 	Keypress: rctrl
304.4912 	EXP 	Sound  started
305.0147 	DATA 	Keypress: lctrl
305.2412 	EXP 	Sound  started
305.8467 	DATA 	Keypress: lctrl
305.9912 	EXP 	Sound  started
306.5669 	DATA 	Keypress: rctrl
306.7412 	EXP 	Sound  started
307.3347 	DATA 	Keypress: rctrl
307.4146 	DATA 	Keypress: lctrl
307.4912 	EXP 	Sound  started
308.1826 	DATA 	Keypress: rctrl
308.2412 	EXP 	Sound  started
308.9188 	DATA 	Keypress: rctrl
308.9912 	EXP 	Sound  started
309.7347 	DATA 	Keypress: rctrl
309.7412 	EXP 	Sound  started
310.4548 	DATA 	Keypress: rctrl
310.4913 	EXP 	Sound  started
311.2387 	DATA 	Keypress: rctrl
311.2413 	EXP 	Sound  started
311.9107 	DATA 	Keypress: rctrl
311.9913 	EXP 	Sound  started
312.6787 	DATA 	Keypress: rctrl
312.7413 	EXP 	Sound  started
313.4147 	DATA 	Keypress: rctrl
313.4913 	EXP 	Sound  started
314.1826 	DATA 	Keypress: rctrl
314.2413 	EXP 	Sound  started
314.8707 	DATA 	Keypress: rctrl
314.9913 	EXP 	Sound  started
315.5907 	DATA 	Keypress: rctrl
315.7414 	EXP 	Sound  started
316.4066 	DATA 	Keypress: rctrl
316.4914 	EXP 	Sound  started
317.1427 	DATA 	Keypress: rctrl
317.2414 	EXP 	Sound  started
317.8466 	DATA 	Keypress: rctrl
317.9914 	EXP 	Sound  started
318.5987 	DATA 	Keypress: lctrl
318.7414 	EXP 	Sound  started
319.3027 	DATA 	Keypress: lctrl
319.4914 	EXP 	Sound  started
320.1026 	DATA 	Keypress: lctrl
320.2414 	EXP 	Sound  started
320.8226 	DATA 	Keypress: rctrl
320.9914 	EXP 	Sound  started
321.5426 	DATA 	Keypress: rctrl
321.7415 	EXP 	Sound  started
322.3586 	DATA 	Keypress: rctrl
322.4915 	EXP 	Sound  started
323.1747 	DATA 	Keypress: rctrl
323.2415 	EXP 	Sound  started
323.9108 	DATA 	Keypress: rctrl
323.9915 	EXP 	Sound  started
324.5987 	DATA 	Keypress: rctrl
324.7415 	EXP 	Sound  started
325.3987 	DATA 	Keypress: lctrl
325.4915 	EXP 	Sound  started
326.1666 	DATA 	Keypress: lctrl
326.2415 	EXP 	Sound  started
326.8546 	DATA 	Keypress: lctrl
326.9916 	EXP 	Sound  started
327.6546 	DATA 	Keypress: lctrl
327.7416 	EXP 	Sound  started
328.4386 	DATA 	Keypress: lctrl
328.4916 	EXP 	Sound  started
329.2227 	DATA 	Keypress: lctrl
329.2416 	EXP 	Sound  started
329.9747 	DATA 	Keypress: rctrl
329.9916 	EXP 	Sound  started
330.6946 	DATA 	Keypress: rctrl
330.7416 	EXP 	Sound  started
331.4466 	DATA 	Keypress: rctrl
331.4916 	EXP 	Sound  started
332.1986 	DATA 	Keypress: rctrl
332.2417 	EXP 	Sound  started
332.9187 	DATA 	Keypress: rctrl
332.9917 	EXP 	Sound  started
333.7417 	EXP 	Sound  started
333.7506 	DATA 	Keypress: rctrl
334.4917 	EXP 	Sound  started
334.5028 	DATA 	Keypress: rctrl
335.2226 	DATA 	Keypress: rctrl
335.2417 	EXP 	Sound  started
335.9907 	DATA 	Keypress: rctrl
335.9917 	EXP 	Sound  started
336.6946 	DATA 	Keypress: rctrl
336.7417 	EXP 	Sound  started
337.4306 	DATA 	Keypress: rctrl
337.4918 	EXP 	Sound  started
338.0866 	DATA 	Keypress: rctrl
338.2418 	EXP 	Sound  started
338.9918 	EXP 	Sound  started
339.0626 	DATA 	Keypress: rctrl
339.7418 	EXP 	Sound  started
339.7507 	DATA 	Keypress: rctrl
340.3907 	DATA 	Keypress: lctrl
340.4918 	EXP 	Sound  started
341.1107 	DATA 	Keypress: lctrl
341.2418 	EXP 	Sound  started
341.8947 	DATA 	Keypress: rctrl
341.9919 	EXP 	Sound  started
342.6467 	DATA 	Keypress: lctrl
342.7419 	EXP 	Sound  started
343.3987 	DATA 	Keypress: rctrl
343.4919 	EXP 	Sound  started
344.1346 	DATA 	Keypress: rctrl
344.2419 	EXP 	Sound  started
344.8547 	DATA 	Keypress: lctrl
344.9919 	EXP 	Sound  started
345.6066 	DATA 	Keypress: rctrl
345.7419 	EXP 	Sound  started
346.4387 	DATA 	Keypress: rctrl
346.4919 	EXP 	Sound  started
347.1747 	DATA 	Keypress: rctrl
347.2419 	EXP 	Sound  started
347.9586 	DATA 	Keypress: rctrl
347.9920 	EXP 	Sound  started
348.6626 	DATA 	Keypress: lctrl
348.7420 	EXP 	Sound  started
349.3988 	DATA 	Keypress: rctrl
349.4920 	EXP 	Sound  started
350.1826 	DATA 	Keypress: lctrl
350.2420 	EXP 	Sound  started
350.9827 	DATA 	Keypress: lctrl
350.9920 	EXP 	Sound  started
351.9267 	DATA 	Keypress: lctrl
364.0566 	DATA 	Keypress: 4
364.0860 	EXP 	unnamed ShapeStim: vertices = <class 'numpy.ndarray'>
370.4580 	DATA 	Keypress: 2
370.4746 	EXP 	unnamed ShapeStim: vertices = <class 'numpy.ndarray'>
378.3812 	DATA 	Keypress: 3
378.3977 	EXP 	unnamed ShapeStim: vertices = <class 'numpy.ndarray'>
380.6824 	EXP 	Sound  started
380.6828 	DATA 	Keypress: rctrl
381.2867 	DATA 	Keypress: rctrl
381.4324 	EXP 	Sound  started
382.0866 	DATA 	Keypress: lctrl
382.1824 	EXP 	Sound  started
382.8066 	DATA 	Keypress: lctrl
382.9324 	EXP 	Sound  started
383.5266 	DATA 	Keypress: lctrl
383.6824 	EXP 	Sound  started
384.3907 	DATA 	Keypress: rctrl
384.4324 	EXP 	Sound  started
385.0626 	DATA 	Keypress: lctrl
385.1824 	EXP 	Sound  started
385.9267 	DATA 	Keypress: lctrl
385.9324 	EXP 	Sound  started
386.5986 	DATA 	Keypress: lctrl
386.6825 	EXP 	Sound  started
387.3347 	DATA 	Keypress: lctrl
387.4325 	EXP 	Sound  started
388.0226 	DATA 	Keypress: lctrl
388.1825 	EXP 	Sound  started
388.7906 	DATA 	Keypress: lctrl
388.9325 	EXP 	Sound  started
389.5266 	DATA 	Keypress: lctrl
389.6825 	EXP 	Sound  started
390.2947 	DATA 	Keypress: rctrl
390.4325 	EXP 	Sound  started
391.0626 	DATA 	Keypress: rctrl
391.1825 	EXP 	Sound  started
391.8149 	DATA 	Keypress: rctrl
391.9326 	EXP 	Sound  started
392.5506 	DATA 	Keypress: rctrl
392.6826 	EXP 	Sound  started
393.2866 	DATA 	Keypress: rctrl
393.4326 	EXP 	Sound  started
394.0707 	DATA 	Keypress: rctrl
394.1826 	EXP 	Sound  started
394.8227 	DATA 	Keypress: rctrl
394.9326 	EXP 	Sound  started
395.5746 	DATA 	Keypress: rctrl
395.6826 	EXP 	Sound  started
396.3426 	DATA 	Keypress: lctrl
396.4327 	EXP 	Sound  started
397.0627 	DATA 	Keypress: lctrl
397.1827 	EXP 	Sound  started
397.8468 	DATA 	Keypress: lctrl
397.9327 	EXP 	Sound  started
398.6147 	DATA 	Keypress: lctrl
398.6827 	EXP 	Sound  started
399.3026 	DATA 	Keypress: lctrl
399.4327 	EXP 	Sound  started
400.0066 	DATA 	Keypress: lctrl
400.1827 	EXP 	Sound  started
400.7426 	DATA 	Keypress: rctrl
400.9328 	EXP 	Sound  started
401.5266 	DATA 	Keypress: rctrl
401.6828 	EXP 	Sound  started
402.3107 	DATA 	Keypress: rctrl
402.4328 	EXP 	Sound  started
403.0626 	DATA 	Keypress: rctrl
403.1828 	EXP 	Sound  started
403.7508 	DATA 	Keypress: rctrl
403.9328 	EXP 	Sound  started
404.5346 	DATA 	Keypress: rctrl
404.6828 	EXP 	Sound  started
405.2547 	DATA 	Keypress: rctrl
405.4328 	EXP 	Sound  started
406.0066 	DATA 	Keypress: lctrl
406.1829 	EXP 	Sound  started
406.8227 	DATA 	Keypress: lctrl
406.9329 	EXP 	Sound  started
407.5906 	DATA 	Keypress: lctrl
407.6829 	EXP 	Sound  started
408.3746 	DATA 	Keypress: lctrl
408.4329 	EXP 	Sound  started
409.0947 	DATA 	Keypress: lctrl
409.1829 	EXP 	Sound  started
409.8787 	DATA 	Keypress: lctrl
409.9329 	EXP 	Sound  started
410.5986 	DATA 	Keypress: rctrl
410.6829 	EXP 	Sound  started
411.4306 	DATA 	Keypress: rctrl
411.4330 	EXP 	Sound  started
412.1346 	DATA 	Keypress: rctrl
412.1830 	EXP 	Sound  started
412.8706 	DATA 	Keypress: rctrl
412.9330 	EXP 	Sound  started
413.6227 	DATA 	Keypress: rctrl
413.6830 	EXP 	Sound  started
414.3427 	DATA 	Keypress: lctrl
414.4330 	EXP 	Sound  started
415.0786 	DATA 	Keypress: lctrl
415.1830 	EXP 	Sound  started
415.8307 	DATA 	Keypress: lctrl
415.9331 	EXP 	Sound  started
416.6307 	DATA 	Keypress: rctrl
416.6831 	EXP 	Sound  started
417.3986 	DATA 	Keypress: rctrl
417.4331 	EXP 	Sound  started
418.1348 	DATA 	Keypress: rctrl
418.1831 	EXP 	Sound  started
418.8706 	DATA 	Keypress: rctrl
418.9331 	EXP 	Sound  started
419.5906 	DATA 	Keypress: rctrl
419.6831 	EXP 	Sound  started
420.3266 	DATA 	Keypress: rctrl
420.4331 	EXP 	Sound  started
420.9987 	DATA 	Keypress: rctrl
421.1832 	EXP 	Sound  started
421.7986 	DATA 	Keypress: rctrl
421.9332 	EXP 	Sound  started
422.5506 	DATA 	Keypress: lctrl
422.6832 	EXP 	Sound  started
423.3347 	DATA 	Keypress: lctrl
430.9075 	DATA 	Keypress: 1
430.9241 	EXP 	unnamed ShapeStim: vertices = <class 'numpy.ndarray'>
438.3637 	DATA 	Keypress: 4
438.3802 	EXP 	unnamed ShapeStim: vertices = <class 'numpy.ndarray'>
440.3820 	DATA 	Keypress: 4
440.3985 	EXP 	unnamed ShapeStim: vertices = <class 'numpy.ndarray'>
442.6832 	EXP 	Sound  started
442.8227 	DATA 	Keypress: rctrl
443.3826 	DATA 	Keypress: rctrl
443.4331 	EXP 	Sound  started
444.0386 	DATA 	Keypress: lctrl
444.1832 	EXP 	Sound  started
444.8066 	DATA 	Keypress: rctrl
444.9332 	EXP 	Sound  started
445.5906 	DATA 	Keypress: lctrl
445.6832 	EXP 	Sound  started
446.3107 	DATA 	Keypress: lctrl
446.4332 	EXP 	Sound  started
447.1266 	DATA 	Keypress: lctrl
447.1832 	EXP 	Sound  started
447.8147 	DATA 	Keypress: lctrl
447.9332 	EXP 	Sound  started
448.5827 	DATA 	Keypress: lctrl
448.6832 	EXP 	Sound  started
449.3666 	DATA 	Keypress: lctrl
449.4333 	EXP 	Sound  started
450.0546 	DATA 	Keypress: rctrl
450.1833 	EXP 	Sound  started
450.7586 	DATA 	Keypress: rctrl
450.9333 	EXP 	Sound  started
451.5586 	DATA 	Keypress: rctrl
451.6833 	EXP 	Sound  started
452.2787 	DATA 	Keypress: rctrl
452.4333 	EXP 	Sound  started
453.0626 	DATA 	Keypress: rctrl
453.1833 	EXP 	Sound  started
453.7507 	DATA 	Keypress: lctrl
453.9334 	EXP 	Sound  started
454.5506 	DATA 	Keypress: rctrl
454.6834 	EXP 	Sound  started
455.3026 	DATA 	Keypress: lctrl
455.4334 	EXP 	Sound  started
456.0066 	DATA 	Keypress: rctrl
456.1834 	EXP 	Sound  started
456.8386 	DATA 	Keypress: rctrl
456.9334 	EXP 	Sound  started
457.6227 	DATA 	Keypress: rctrl
457.6834 	EXP 	Sound  started
458.3426 	DATA 	Keypress: rctrl
458.4334 	EXP 	Sound  started
459.0786 	DATA 	Keypress: rctrl
459.1835 	EXP 	Sound  started
459.8306 	DATA 	Keypress: rctrl
459.9335 	EXP 	Sound  started
460.6306 	DATA 	Keypress: rctrl
460.6835 	EXP 	Sound  started
461.3666 	DATA 	Keypress: rctrl
461.4335 	EXP 	Sound  started
462.1506 	DATA 	Keypress: rctrl
462.1835 	EXP 	Sound  started
462.8706 	DATA 	Keypress: rctrl
462.9335 	EXP 	Sound  started
463.5906 	DATA 	Keypress: rctrl
463.6835 	EXP 	Sound  started
464.2787 	DATA 	Keypress: rctrl
464.4336 	EXP 	Sound  started
465.0466 	DATA 	Keypress: lctrl
465.1836 	EXP 	Sound  started
465.8146 	DATA 	Keypress: lctrl
465.9336 	EXP 	Sound  started
466.5186 	DATA 	Keypress: lctrl
466.6836 	EXP 	Sound  started
467.3346 	DATA 	Keypress: lctrl
467.4336 	EXP 	Sound  started
468.0546 	DATA 	Keypress: lctrl
468.1836 	EXP 	Sound  started
468.7746 	DATA 	Keypress: lctrl
468.9336 	EXP 	Sound  started
469.5266 	DATA 	Keypress: lctrl
469.6836 	EXP 	Sound  started
470.2627 	DATA 	Keypress: lctrl
470.4337 	EXP 	Sound  started
470.9826 	DATA 	Keypress: lctrl
471.1837 	EXP 	Sound  started
471.7507 	DATA 	Keypress: lctrl
471.9337 	EXP 	Sound  started
472.5027 	DATA 	Keypress: lctrl
472.6837 	EXP 	Sound  started
473.2866 	DATA 	Keypress: lctrl
473.4337 	EXP 	Sound  started
474.0228 	DATA 	Keypress: lctrl
474.1837 	EXP 	Sound  started
474.8067 	DATA 	Keypress: lctrl
474.9337 	EXP 	Sound  started
475.5266 	DATA 	Keypress: lctrl
475.6837 	EXP 	Sound  started
476.2787 	DATA 	Keypress: lctrl
476.4338 	EXP 	Sound  started
477.0626 	DATA 	Keypress: rctrl
477.1838 	EXP 	Sound  started
477.8147 	DATA 	Keypress: rctrl
477.9338 	EXP 	Sound  started
478.5026 	DATA 	Keypress: lctrl
478.6838 	EXP 	Sound  started
479.2866 	DATA 	Keypress: rctrl
479.4338 	EXP 	Sound  started
480.0547 	DATA 	Keypress: rctrl
480.1838 	EXP 	Sound  started
480.8227 	DATA 	Keypress: rctrl
480.9338 	EXP 	Sound  started
481.5746 	DATA 	Keypress: rctrl
481.6839 	EXP 	Sound  started
482.3266 	DATA 	Keypress: rctrl
482.4339 	EXP 	Sound  started
483.0626 	DATA 	Keypress: rctrl
483.1839 	EXP 	Sound  started
483.7186 	DATA 	Keypress: lctrl
483.9339 	EXP 	Sound  started
484.5186 	DATA 	Keypress: lctrl
484.6839 	EXP 	Sound  started
485.2708 	DATA 	Keypress: lctrl
485.4339 	EXP 	Sound  started
486.0387 	DATA 	Keypress: rctrl
486.1839 	EXP 	Sound  started
486.7906 	DATA 	Keypress: rctrl
486.9340 	EXP 	Sound  started
487.5746 	DATA 	Keypress: rctrl
487.6840 	EXP 	Sound  started
488.3746 	DATA 	Keypress: lctrl
488.4340 	EXP 	Sound  started
489.1587 	DATA 	Keypress: lctrl
489.1840 	EXP 	Sound  started
489.8946 	DATA 	Keypress: rctrl
489.9340 	EXP 	Sound  started
490.5506 	DATA 	Keypress: lctrl
490.6840 	EXP 	Sound  started
491.3346 	DATA 	Keypress: lctrl
491.4341 	EXP 	Sound  started
492.0227 	DATA 	Keypress: lctrl
492.1841 	EXP 	Sound  started
492.8546 	DATA 	Keypress: lctrl
492.9341 	EXP 	Sound  started
493.6067 	DATA 	Keypress: lctrl
493.6841 	EXP 	Sound  started
494.3906 	DATA 	Keypress: lctrl
494.4341 	EXP 	Sound  started
495.1266 	DATA 	Keypress: lctrl
495.1841 	EXP 	Sound  started
495.8466 	DATA 	Keypress: lctrl
495.9341 	EXP 	Sound  started
496.5667 	DATA 	Keypress: lctrl
496.6842 	EXP 	Sound  started
497.2706 	DATA 	Keypress: lctrl
497.4342 	EXP 	Sound  started
498.0227 	DATA 	Keypress: lctrl
498.1842 	EXP 	Sound  started
498.7426 	DATA 	Keypress: lctrl
498.9342 	EXP 	Sound  started
499.5267 	DATA 	Keypress: rctrl
499.6842 	EXP 	Sound  started
500.2946 	DATA 	Keypress: lctrl
500.4343 	EXP 	Sound  started
501.1586 	DATA 	Keypress: rctrl
501.1843 	EXP 	Sound  started
501.8946 	DATA 	Keypress: rctrl
501.9343 	EXP 	Sound  started
502.6787 	DATA 	Keypress: rctrl
502.6843 	EXP 	Sound  started
503.3346 	DATA 	Keypress: lctrl
503.4343 	EXP 	Sound  started
504.0866 	DATA 	Keypress: rctrl
504.1843 	EXP 	Sound  started
504.8386 	DATA 	Keypress: rctrl
504.9343 	EXP 	Sound  started
505.6386 	DATA 	Keypress: rctrl
505.6843 	EXP 	Sound  started
506.4066 	DATA 	Keypress: rctrl
506.4344 	EXP 	Sound  started
507.1586 	DATA 	Keypress: rctrl
507.1844 	EXP 	Sound  started
507.9106 	DATA 	Keypress: lctrl
510.3393 	DATA 	Keypress: 4
510.3558 	EXP 	unnamed ShapeStim: vertices = <class 'numpy.ndarray'>
513.2083 	DATA 	Keypress: 1
513.2248 	EXP 	unnamed ShapeStim: vertices = <class 'numpy.ndarray'>
519.9138 	DATA 	Keypress: 4
519.9303 	EXP 	unnamed ShapeStim: vertices = <class 'numpy.ndarray'>
522.2152 	EXP 	Sound  started
522.3106 	DATA 	Keypress: rctrl
522.8866 	DATA 	Keypress: rctrl
522.9652 	EXP 	Sound  started
523.6066 	DATA 	Keypress: rctrl
523.7152 	EXP 	Sound  started
524.3427 	DATA 	Keypress: lctrl
524.4652 	EXP 	Sound  started
525.0787 	DATA 	Keypress: rctrl
525.2152 	EXP 	Sound  started
525.8787 	DATA 	Keypress: rctrl
525.9653 	EXP 	Sound  started
526.6307 	DATA 	Keypress: rctrl
526.7153 	EXP 	Sound  started
527.3507 	DATA 	Keypress: rctrl
527.4653 	EXP 	Sound  started
528.1026 	DATA 	Keypress: rctrl
528.2153 	EXP 	Sound  started
528.9026 	DATA 	Keypress: rctrl
528.9653 	EXP 	Sound  started
529.6546 	DATA 	Keypress: rctrl
529.7153 	EXP 	Sound  started
530.3907 	DATA 	Keypress: lctrl
530.4653 	EXP 	Sound  started
531.1427 	DATA 	Keypress: lctrl
531.2153 	EXP 	Sound  started
531.8466 	DATA 	Keypress: lctrl
531.9654 	EXP 	Sound  started
532.5507 	DATA 	Keypress: lctrl
532.7154 	EXP 	Sound  started
533.3346 	DATA 	Keypress: rctrl
533.4654 	EXP 	Sound  started
534.0707 	DATA 	Keypress: rctrl
534.2154 	EXP 	Sound  started
534.8387 	DATA 	Keypress: rctrl
534.9654 	EXP 	Sound  started
535.6066 	DATA 	Keypress: rctrl
535.7154 	EXP 	Sound  started
536.3106 	DATA 	Keypress: rctrl
536.4654 	EXP 	Sound  started
537.0628 	DATA 	Keypress: rctrl
537.2155 	EXP 	Sound  started
537.8626 	DATA 	Keypress: rctrl
537.9655 	EXP 	Sound  started
538.5826 	DATA 	Keypress: rctrl
538.7155 	EXP 	Sound  started
539.3506 	DATA 	Keypress: rctrl
539.4655 	EXP 	Sound  started
540.0706 	DATA 	Keypress: lctrl
540.2155 	EXP 	Sound  started
540.7906 	DATA 	Keypress: lctrl
540.9655 	EXP 	Sound  started
541.5266 	DATA 	Keypress: rctrl
541.7155 	EXP 	Sound  started
542.2626 	DATA 	Keypress: lctrl
542.4656 	EXP 	Sound  started
543.1426 	DATA 	Keypress: rctrl
543.2156 	EXP 	Sound  started
543.8946 	DATA 	Keypress: rctrl
543.9656 	EXP 	Sound  started
544.6306 	DATA 	Keypress: rctrl
544.7156 	EXP 	Sound  started
545.3986 	DATA 	Keypress: rctrl
545.4656 	EXP 	Sound  started
546.1986 	DATA 	Keypress: rctrl
546.2156 	EXP 	Sound  started
546.8546 	DATA 	Keypress: lctrl
546.9656 	EXP 	Sound  started
547.5907 	DATA 	Keypress: lctrl
547.7156 	EXP 	Sound  started
548.3586 	DATA 	Keypress: rctrl
548.4657 	EXP 	Sound  started
549.1266 	DATA 	Keypress: rctrl
549.2157 	EXP 	Sound  started
549.8467 	DATA 	Keypress: rctrl
549.9657 	EXP 	Sound  started
550.5987 	DATA 	Keypress: rctrl
550.7157 	EXP 	Sound  started
551.3826 	DATA 	Keypress: rctrl
551.4657 	EXP 	Sound  started
552.0547 	DATA 	Keypress: rctrl
552.2157 	EXP 	Sound  started
552.8867 	DATA 	Keypress: rctrl
552.9657 	EXP 	Sound  started
553.6707 	DATA 	Keypress: rctrl
553.7157 	EXP 	Sound  started
554.4226 	DATA 	Keypress: rctrl
554.4658 	EXP 	Sound  started
555.1586 	DATA 	Keypress: rctrl
555.2158 	EXP 	Sound  started
555.9106 	DATA 	Keypress: rctrl
555.9658 	EXP 	Sound  started
556.6307 	DATA 	Keypress: rctrl
556.7158 	EXP 	Sound  started
557.4306 	DATA 	Keypress: lctrl
557.4658 	EXP 	Sound  started
558.1186 	DATA 	Keypress: lctrl
558.2158 	EXP 	Sound  started
558.9186 	DATA 	Keypress: rctrl
558.9659 	EXP 	Sound  started
559.6706 	DATA 	Keypress: lctrl
559.7159 	EXP 	Sound  started
560.4066 	DATA 	Keypress: lctrl
560.4659 	EXP 	Sound  started
561.1906 	DATA 	Keypress: lctrl
561.2159 	EXP 	Sound  started
561.9107 	DATA 	Keypress: lctrl
561.9659 	EXP 	Sound  started
562.6467 	DATA 	Keypress: lctrl
562.7159 	EXP 	Sound  started
563.3826 	DATA 	Keypress: lctrl
563.4659 	EXP 	Sound  started
564.1666 	DATA 	Keypress: lctrl
564.2160 	EXP 	Sound  started
564.9187 	DATA 	Keypress: rctrl
564.9660 	EXP 	Sound  started
565.6546 	DATA 	Keypress: lctrl
565.7160 	EXP 	Sound  started
566.4546 	DATA 	Keypress: lctrl
566.4660 	EXP 	Sound  started
567.1747 	DATA 	Keypress: lctrl
567.2160 	EXP 	Sound  started
567.9266 	DATA 	Keypress: lctrl
567.9660 	EXP 	Sound  started
568.7161 	EXP 	Sound  started
568.7426 	DATA 	Keypress: rctrl
569.4626 	DATA 	Keypress: rctrl
569.4661 	EXP 	Sound  started
570.1666 	DATA 	Keypress: rctrl
570.2161 	EXP 	Sound  started
570.9187 	DATA 	Keypress: rctrl
570.9661 	EXP 	Sound  started
571.6547 	DATA 	Keypress: rctrl
571.7161 	EXP 	Sound  started
572.3906 	DATA 	Keypress: rctrl
572.4661 	EXP 	Sound  started
573.1107 	DATA 	Keypress: lctrl
573.2161 	EXP 	Sound  started
573.9266 	DATA 	Keypress: lctrl
573.9662 	EXP 	Sound  started
574.6627 	DATA 	Keypress: rctrl
574.7162 	EXP 	Sound  started
575.4466 	DATA 	Keypress: lctrl
575.4662 	EXP 	Sound  started
576.1666 	DATA 	Keypress: rctrl
576.2162 	EXP 	Sound  started
576.9186 	DATA 	Keypress: rctrl
576.9662 	EXP 	Sound  started
577.6706 	DATA 	Keypress: rctrl
577.7162 	EXP 	Sound  started
578.4386 	DATA 	Keypress: rctrl
578.4662 	EXP 	Sound  started
579.2066 	DATA 	Keypress: rctrl
579.2162 	EXP 	Sound  started
579.9106 	DATA 	Keypress: rctrl
579.9663 	EXP 	Sound  started
580.6786 	DATA 	Keypress: lctrl
580.7163 	EXP 	Sound  started
581.4146 	DATA 	Keypress: lctrl
581.4663 	EXP 	Sound  started
582.1826 	DATA 	Keypress: lctrl
582.2163 	EXP 	Sound  started
582.9347 	DATA 	Keypress: lctrl
582.9663 	EXP 	Sound  started
583.7027 	DATA 	Keypress: lctrl
583.7163 	EXP 	Sound  started
584.3907 	DATA 	Keypress: lctrl
584.4663 	EXP 	Sound  started
585.1426 	DATA 	Keypress: lctrl
587.3061 	DATA 	Keypress: 4
587.3355 	EXP 	unnamed ShapeStim: vertices = <class 'numpy.ndarray'>
590.0885 	DATA 	Keypress: 4
590.1049 	EXP 	unnamed ShapeStim: vertices = <class 'numpy.ndarray'>
591.6307 	DATA 	Keypress: 2
591.6729 	EXP 	unnamed ShapeStim: vertices = <class 'numpy.ndarray'>
593.9586 	EXP 	Sound  started
594.5666 	DATA 	Keypress: rctrl
594.7085 	EXP 	Sound  started
595.3187 	DATA 	Keypress: rctrl
595.4585 	EXP 	Sound  started
596.0546 	DATA 	Keypress: rctrl
596.2085 	EXP 	Sound  started
596.7907 	DATA 	Keypress: rctrl
596.9585 	EXP 	Sound  started
597.7085 	EXP 	Sound  started
598.3106 	DATA 	Keypress: rctrl
598.4586 	EXP 	Sound  started
599.0786 	DATA 	Keypress: lctrl
599.2086 	EXP 	Sound  started
599.8466 	DATA 	Keypress: lctrl
599.9586 	EXP 	Sound  started
600.5506 	DATA 	Keypress: rctrl
600.7086 	EXP 	Sound  started
601.3346 	DATA 	Keypress: lctrl
601.4586 	EXP 	Sound  started
602.0546 	DATA 	Keypress: rctrl
602.2086 	EXP 	Sound  started
602.9026 	DATA 	Keypress: rctrl
602.9587 	EXP 	Sound  started
603.5266 	DATA 	Keypress: lctrl
603.7087 	EXP 	Sound  started
604.2946 	DATA 	Keypress: lctrl
604.4587 	EXP 	Sound  started
605.0946 	DATA 	Keypress: rctrl
605.2087 	EXP 	Sound  started
605.8467 	DATA 	Keypress: rctrl
605.9587 	EXP 	Sound  started
606.6146 	DATA 	Keypress: rctrl
606.7087 	EXP 	Sound  started
607.3986 	DATA 	Keypress: rctrl
607.4587 	EXP 	Sound  started
608.1347 	DATA 	Keypress: rctrl
608.2087 	EXP 	Sound  started
608.9186 	DATA 	Keypress: rctrl
608.9588 	EXP 	Sound  started
609.6706 	DATA 	Keypress: rctrl
609.7088 	EXP 	Sound  started
610.4066 	DATA 	Keypress: rctrl
610.4588 	EXP 	Sound  started
611.1426 	DATA 	Keypress: rctrl
611.2088 	EXP 	Sound  started
611.8306 	DATA 	Keypress: rctrl
611.9588 	EXP 	Sound  started
612.6306 	DATA 	Keypress: rctrl
612.7088 	EXP 	Sound  started
613.3986 	DATA 	Keypress: lctrl
613.4589 	EXP 	Sound  started
614.1026 	DATA 	Keypress: lctrl
614.2089 	EXP 	Sound  started
614.9346 	DATA 	Keypress: rctrl
614.9589 	EXP 	Sound  started
615.6066 	DATA 	Keypress: rctrl
615.7089 	EXP 	Sound  started
616.3426 	DATA 	Keypress: lctrl
616.4589 	EXP 	Sound  started
617.1426 	DATA 	Keypress: rctrl
617.2089 	EXP 	Sound  started
617.8466 	DATA 	Keypress: rctrl
617.9590 	EXP 	Sound  started
618.6146 	DATA 	Keypress: rctrl
618.7090 	EXP 	Sound  started
619.3986 	DATA 	Keypress: rctrl
619.4590 	EXP 	Sound  started
620.1186 	DATA 	Keypress: lctrl
620.2090 	EXP 	Sound  started
620.8706 	DATA 	Keypress: rctrl
620.9590 	EXP 	Sound  started
621.6066 	DATA 	Keypress: rctrl
621.7090 	EXP 	Sound  started
622.4386 	DATA 	Keypress: rctrl
622.4591 	EXP 	Sound  started
623.2091 	EXP 	Sound  started
623.2706 	DATA 	Keypress: lctrl
623.9267 	DATA 	Keypress: lctrl
623.9591 	EXP 	Sound  started
624.5986 	DATA 	Keypress: lctrl
624.7091 	EXP 	Sound  started
625.3346 	DATA 	Keypress: lctrl
625.4591 	EXP 	Sound  started
626.1026 	DATA 	Keypress: lctrl
626.2091 	EXP 	Sound  started
626.9026 	DATA 	Keypress: lctrl
626.9591 	EXP 	Sound  started
627.6866 	DATA 	Keypress: lctrl
627.7091 	EXP 	Sound  started
628.4592 	EXP 	Sound  started
628.5346 	DATA 	Keypress: lctrl
629.1586 	DATA 	Keypress: lctrl
629.2092 	EXP 	Sound  started
629.8626 	DATA 	Keypress: rctrl
629.9592 	EXP 	Sound  started
630.6306 	DATA 	Keypress: rctrl
630.7092 	EXP 	Sound  started
631.3826 	DATA 	Keypress: rctrl
631.4592 	EXP 	Sound  started
632.1186 	DATA 	Keypress: rctrl
632.2092 	EXP 	Sound  started
632.8706 	DATA 	Keypress: rctrl
632.9593 	EXP 	Sound  started
633.6067 	DATA 	Keypress: lctrl
633.7093 	EXP 	Sound  started
634.3746 	DATA 	Keypress: lctrl
634.4593 	EXP 	Sound  started
635.1107 	DATA 	Keypress: rctrl
635.2093 	EXP 	Sound  started
635.8946 	DATA 	Keypress: rctrl
635.9593 	EXP 	Sound  started
636.6306 	DATA 	Keypress: rctrl
636.7093 	EXP 	Sound  started
637.3025 	DATA 	Keypress: rctrl
637.4593 	EXP 	Sound  started
638.0706 	DATA 	Keypress: rctrl
638.2094 	EXP 	Sound  started
638.8866 	DATA 	Keypress: rctrl
638.9594 	EXP 	Sound  started
639.6066 	DATA 	Keypress: rctrl
639.7094 	EXP 	Sound  started
640.4066 	DATA 	Keypress: rctrl
640.4594 	EXP 	Sound  started
641.1746 	DATA 	Keypress: rctrl
641.2094 	EXP 	Sound  started
641.9266 	DATA 	Keypress: rctrl
646.9216 	DATA 	Keypress: 3
646.9510 	EXP 	unnamed ShapeStim: vertices = <class 'numpy.ndarray'>
653.9606 	DATA 	Keypress: 4
653.9901 	EXP 	unnamed ShapeStim: vertices = <class 'numpy.ndarray'>
656.3298 	DATA 	Keypress: 1
656.3592 	EXP 	unnamed ShapeStim: vertices = <class 'numpy.ndarray'>
658.6442 	EXP 	Sound  started
658.6447 	DATA 	Keypress: rctrl
659.2546 	DATA 	Keypress: rctrl
659.3941 	EXP 	Sound  started
659.9586 	DATA 	Keypress: lctrl
660.1442 	EXP 	Sound  started
660.7747 	DATA 	Keypress: rctrl
660.8942 	EXP 	Sound  started
661.6442 	EXP 	Sound  started
662.3266 	DATA 	Keypress: rctrl
662.3942 	EXP 	Sound  started
663.0307 	DATA 	Keypress: lctrl
663.1442 	EXP 	Sound  started
663.7986 	DATA 	Keypress: rctrl
663.8942 	EXP 	Sound  started
664.5666 	DATA 	Keypress: rctrl
664.6442 	EXP 	Sound  started
665.3506 	DATA 	Keypress: rctrl
665.3943 	EXP 	Sound  started
666.0546 	DATA 	Keypress: lctrl
666.1443 	EXP 	Sound  started
666.7746 	DATA 	Keypress: lctrl
666.8943 	EXP 	Sound  started
667.5427 	DATA 	Keypress: lctrl
667.6443 	EXP 	Sound  started
668.2946 	DATA 	Keypress: lctrl
668.3943 	EXP 	Sound  started
668.9986 	DATA 	Keypress: rctrl
669.1443 	EXP 	Sound  started
669.7187 	DATA 	Keypress: lctrl
669.8943 	EXP 	Sound  started
670.5026 	DATA 	Keypress: lctrl
670.6443 	EXP 	Sound  started
671.2386 	DATA 	Keypress: rctrl
671.3944 	EXP 	Sound  started
671.9906 	DATA 	Keypress: rctrl
672.1444 	EXP 	Sound  started
672.7746 	DATA 	Keypress: lctrl
672.8944 	EXP 	Sound  started
673.5426 	DATA 	Keypress: lctrl
673.6444 	EXP 	Sound  started
674.2786 	DATA 	Keypress: lctrl
674.3944 	EXP 	Sound  started
675.0786 	DATA 	Keypress: lctrl
675.1444 	EXP 	Sound  started
675.7986 	DATA 	Keypress: lctrl
675.8944 	EXP 	Sound  started
676.5665 	DATA 	Keypress: lctrl
676.6445 	EXP 	Sound  started
677.3186 	DATA 	Keypress: lctrl
677.3945 	EXP 	Sound  started
678.0227 	DATA 	Keypress: rctrl
678.1445 	EXP 	Sound  started
678.7426 	DATA 	Keypress: lctrl
678.8945 	EXP 	Sound  started
679.5266 	DATA 	Keypress: lctrl
679.6445 	EXP 	Sound  started
680.2946 	DATA 	Keypress: rctrl
680.3946 	EXP 	Sound  started
681.0147 	DATA 	Keypress: lctrl
681.1446 	EXP 	Sound  started
681.8786 	DATA 	Keypress: rctrl
681.8946 	EXP 	Sound  started
682.5986 	DATA 	Keypress: rctrl
682.6446 	EXP 	Sound  started
683.3026 	DATA 	Keypress: rctrl
683.3946 	EXP 	Sound  started
684.0067 	DATA 	Keypress: lctrl
684.1446 	EXP 	Sound  started
684.7746 	DATA 	Keypress: lctrl
684.8946 	EXP 	Sound  started
685.5106 	DATA 	Keypress: lctrl
685.6447 	EXP 	Sound  started
686.3106 	DATA 	Keypress: lctrl
686.3947 	EXP 	Sound  started
687.0147 	DATA 	Keypress: lctrl
687.1447 	EXP 	Sound  started
687.7506 	DATA 	Keypress: lctrl
687.8947 	EXP 	Sound  started
688.4706 	DATA 	Keypress: lctrl
688.6447 	EXP 	Sound  started
689.2547 	DATA 	Keypress: rctrl
689.3947 	EXP 	Sound  started
689.9906 	DATA 	Keypress: rctrl
690.1447 	EXP 	Sound  started
690.7906 	DATA 	Keypress: rctrl
690.8948 	EXP 	Sound  started
691.5266 	DATA 	Keypress: rctrl
691.6448 	EXP 	Sound  started
692.2306 	DATA 	Keypress: rctrl
692.3948 	EXP 	Sound  started
693.0626 	DATA 	Keypress: rctrl
693.1448 	EXP 	Sound  started
693.7346 	DATA 	Keypress: rctrl
693.8948 	EXP 	Sound  started
694.4866 	DATA 	Keypress: rctrl
694.6448 	EXP 	Sound  started
695.1266 	DATA 	Keypress: lctrl
695.3949 	EXP 	Sound  started
695.9266 	DATA 	Keypress: lctrl
696.1449 	EXP 	Sound  started
696.7266 	DATA 	Keypress: lctrl
696.8949 	EXP 	Sound  started
697.4626 	DATA 	Keypress: rctrl
697.6449 	EXP 	Sound  started
698.2306 	DATA 	Keypress: rctrl
698.3949 	EXP 	Sound  started
698.9346 	DATA 	Keypress: lctrl
699.1449 	EXP 	Sound  started
699.7506 	DATA 	Keypress: rctrl
699.8949 	EXP 	Sound  started
700.5026 	DATA 	Keypress: rctrl
700.6450 	EXP 	Sound  started
701.3026 	DATA 	Keypress: rctrl
701.3950 	EXP 	Sound  started
701.9906 	DATA 	Keypress: rctrl
702.1450 	EXP 	Sound  started
702.7427 	DATA 	Keypress: rctrl
704.7151 	DATA 	Keypress: 2
704.7316 	EXP 	unnamed ShapeStim: vertices = <class 'numpy.ndarray'>
708.5220 	DATA 	Keypress: 2
708.5514 	EXP 	unnamed ShapeStim: vertices = <class 'numpy.ndarray'>
711.1709 	DATA 	Keypress: 2
711.1874 	EXP 	unnamed ShapeStim: vertices = <class 'numpy.ndarray'>
713.4718 	EXP 	Sound  started
713.4723 	DATA 	Keypress: rctrl
714.0386 	DATA 	Keypress: rctrl
714.2218 	EXP 	Sound  started
714.8386 	DATA 	Keypress: lctrl
714.9718 	EXP 	Sound  started
715.6546 	DATA 	Keypress: rctrl
715.7218 	EXP 	Sound  started
716.4386 	DATA 	Keypress: lctrl
716.4719 	EXP 	Sound  started
717.1266 	DATA 	Keypress: lctrl
717.2219 	EXP 	Sound  started
717.8946 	DATA 	Keypress: lctrl
717.9719 	EXP 	Sound  started
718.6306 	DATA 	Keypress: lctrl
718.7219 	EXP 	Sound  started
719.3986 	DATA 	Keypress: lctrl
719.4719 	EXP 	Sound  started
720.0706 	DATA 	Keypress: lctrl
720.2219 	EXP 	Sound  started
720.8386 	DATA 	Keypress: lctrl
720.9719 	EXP 	Sound  started
721.6066 	DATA 	Keypress: lctrl
721.7219 	EXP 	Sound  started
722.3586 	DATA 	Keypress: lctrl
722.4720 	EXP 	Sound  started
723.0786 	DATA 	Keypress: lctrl
723.2220 	EXP 	Sound  started
723.7666 	DATA 	Keypress: lctrl
723.9720 	EXP 	Sound  started
724.5506 	DATA 	Keypress: lctrl
724.7220 	EXP 	Sound  started
725.3506 	DATA 	Keypress: lctrl
725.4720 	EXP 	Sound  started
726.1025 	DATA 	Keypress: lctrl
726.2220 	EXP 	Sound  started
726.7746 	DATA 	Keypress: lctrl
726.9720 	EXP 	Sound  started
727.5266 	DATA 	Keypress: rctrl
727.7221 	EXP 	Sound  started
728.3266 	DATA 	Keypress: rctrl
728.4721 	EXP 	Sound  started
728.9826 	DATA 	Keypress: lctrl
729.2221 	EXP 	Sound  started
729.7666 	DATA 	Keypress: lctrl
729.9721 	EXP 	Sound  started
730.5506 	DATA 	Keypress: lctrl
730.7221 	EXP 	Sound  started
731.3186 	DATA 	Keypress: lctrl
731.4721 	EXP 	Sound  started
732.0706 	DATA 	Keypress: rctrl
732.2221 	EXP 	Sound  started
732.8706 	DATA 	Keypress: rctrl
732.9722 	EXP 	Sound  started
733.6226 	DATA 	Keypress: rctrl
733.7222 	EXP 	Sound  started
734.3106 	DATA 	Keypress: lctrl
734.4722 	EXP 	Sound  started
735.0786 	DATA 	Keypress: lctrl
735.2222 	EXP 	Sound  started
735.8306 	DATA 	Keypress: rctrl
735.9722 	EXP 	Sound  started
736.4546 	DATA 	Keypress: lctrl
736.7222 	EXP 	Sound  started
737.3826 	DATA 	Keypress: lctrl
737.4722 	EXP 	Sound  started
738.1506 	DATA 	Keypress: lctrl
738.2223 	EXP 	Sound  started
738.9345 	DATA 	Keypress: lctrl
738.9723 	EXP 	Sound  started
739.6386 	DATA 	Keypress: lctrl
739.7223 	EXP 	Sound  started
740.4226 	DATA 	Keypress: lctrl
740.4723 	EXP 	Sound  started
741.1266 	DATA 	Keypress: lctrl
741.2223 	EXP 	Sound  started
741.9266 	DATA 	Keypress: rctrl
741.9723 	EXP 	Sound  started
742.6786 	DATA 	Keypress: rctrl
742.7223 	EXP 	Sound  started
743.4724 	EXP 	Sound  started
743.4786 	DATA 	Keypress: rctrl
744.1986 	DATA 	Keypress: rctrl
744.2224 	EXP 	Sound  started
744.9666 	DATA 	Keypress: rctrl
744.9724 	EXP 	Sound  started
745.7186 	DATA 	Keypress: rctrl
745.7224 	EXP 	Sound  started
746.4724 	EXP 	Sound  started
746.4867 	DATA 	Keypress: rctrl
747.1746 	DATA 	Keypress: rctrl
747.2224 	EXP 	Sound  started
747.9724 	EXP 	Sound  started
748.1026 	DATA 	Keypress: rctrl
748.7225 	EXP 	Sound  started
748.7267 	DATA 	Keypress: rctrl
749.3506 	DATA 	Keypress: rctrl
749.4725 	EXP 	Sound  started
750.1347 	DATA 	Keypress: rctrl
750.2225 	EXP 	Sound  started
750.8546 	DATA 	Keypress: lctrl
750.9725 	EXP 	Sound  started
751.6546 	DATA 	Keypress: lctrl
751.7225 	EXP 	Sound  started
752.4226 	DATA 	Keypress: lctrl
752.4725 	EXP 	Sound  started
753.1427 	DATA 	Keypress: lctrl
753.2225 	EXP 	Sound  started
753.8466 	DATA 	Keypress: lctrl
753.9726 	EXP 	Sound  started
754.6146 	DATA 	Keypress: rctrl
754.7226 	EXP 	Sound  started
755.3827 	DATA 	Keypress: rctrl
755.4726 	EXP 	Sound  started
756.0546 	DATA 	Keypress: rctrl
756.2226 	EXP 	Sound  started
756.8546 	DATA 	Keypress: rctrl
756.9726 	EXP 	Sound  started
757.5906 	DATA 	Keypress: rctrl
757.7226 	EXP 	Sound  started
758.3747 	DATA 	Keypress: rctrl
758.4726 	EXP 	Sound  started
759.1106 	DATA 	Keypress: rctrl
759.2226 	EXP 	Sound  started
759.9587 	DATA 	Keypress: rctrl
759.9727 	EXP 	Sound  started
760.7227 	EXP 	Sound  started
760.7427 	DATA 	Keypress: rctrl
761.3986 	DATA 	Keypress: rctrl
761.4727 	EXP 	Sound  started
762.1186 	DATA 	Keypress: lctrl
762.2227 	EXP 	Sound  started
762.9026 	DATA 	Keypress: rctrl
762.9727 	EXP 	Sound  started
763.7026 	DATA 	Keypress: rctrl
763.7227 	EXP 	Sound  started
764.3106 	DATA 	Keypress: lctrl
764.4727 	EXP 	Sound  started
765.0947 	DATA 	Keypress: lctrl
765.2228 	EXP 	Sound  started
765.8146 	DATA 	Keypress: lctrl
765.9728 	EXP 	Sound  started
766.5986 	DATA 	Keypress: lctrl
766.7228 	EXP 	Sound  started
767.3506 	DATA 	Keypress: rctrl
767.4728 	EXP 	Sound  started
768.1986 	DATA 	Keypress: rctrl
768.2228 	EXP 	Sound  started
768.8866 	DATA 	Keypress: lctrl
768.9728 	EXP 	Sound  started
769.6546 	DATA 	Keypress: lctrl
769.7228 	EXP 	Sound  started
770.3906 	DATA 	Keypress: lctrl
770.4728 	EXP 	Sound  started
771.1106 	DATA 	Keypress: lctrl
771.2229 	EXP 	Sound  started
771.8946 	DATA 	Keypress: lctrl
771.9729 	EXP 	Sound  started
772.6946 	DATA 	Keypress: lctrl
772.7229 	EXP 	Sound  started
773.4146 	DATA 	Keypress: rctrl
773.4729 	EXP 	Sound  started
774.2229 	EXP 	Sound  started
774.3426 	DATA 	Keypress: rctrl
774.9729 	EXP 	Sound  started
775.0146 	DATA 	Keypress: rctrl
775.7230 	EXP 	Sound  started
775.7345 	DATA 	Keypress: rctrl
776.4546 	DATA 	Keypress: rctrl
776.4730 	EXP 	Sound  started
777.2226 	DATA 	Keypress: rctrl
780.4439 	DATA 	Keypress: 1
780.4603 	EXP 	unnamed ShapeStim: vertices = <class 'numpy.ndarray'>
786.9992 	DATA 	Keypress: 4
787.0157 	EXP 	unnamed ShapeStim: vertices = <class 'numpy.ndarray'>
788.8345 	DATA 	Keypress: 4
788.8510 	EXP 	unnamed ShapeStim: vertices = <class 'numpy.ndarray'>
791.1363 	EXP 	Sound  started
791.1906 	DATA 	Keypress: rctrl
791.8466 	DATA 	Keypress: rctrl
791.8863 	EXP 	Sound  started
792.5507 	DATA 	Keypress: rctrl
792.6363 	EXP 	Sound  started
793.3026 	DATA 	Keypress: rctrl
793.3863 	EXP 	Sound  started
794.0546 	DATA 	Keypress: rctrl
794.1363 	EXP 	Sound  started
794.7586 	DATA 	Keypress: rctrl
794.8863 	EXP 	Sound  started
795.5106 	DATA 	Keypress: lctrl
795.6364 	EXP 	Sound  started
796.3587 	DATA 	Keypress: lctrl
796.3864 	EXP 	Sound  started
796.9826 	DATA 	Keypress: rctrl
797.1364 	EXP 	Sound  started
797.6866 	DATA 	Keypress: lctrl
797.8864 	EXP 	Sound  started
798.5185 	DATA 	Keypress: lctrl
798.6364 	EXP 	Sound  started
799.2706 	DATA 	Keypress: lctrl
799.3864 	EXP 	Sound  started
800.1026 	DATA 	Keypress: rctrl
800.1364 	EXP 	Sound  started
800.8386 	DATA 	Keypress: rctrl
800.8864 	EXP 	Sound  started
801.6365 	EXP 	Sound  started
801.6546 	DATA 	Keypress: rctrl
802.3747 	DATA 	Keypress: lctrl
802.3865 	EXP 	Sound  started
803.0786 	DATA 	Keypress: lctrl
803.1365 	EXP 	Sound  started
803.8626 	DATA 	Keypress: lctrl
803.8865 	EXP 	Sound  started
804.5666 	DATA 	Keypress: lctrl
804.6365 	EXP 	Sound  started
805.3506 	DATA 	Keypress: lctrl
805.3865 	EXP 	Sound  started
806.0226 	DATA 	Keypress: lctrl
806.1366 	EXP 	Sound  started
806.8546 	DATA 	Keypress: lctrl
806.8866 	EXP 	Sound  started
807.5426 	DATA 	Keypress: rctrl
807.6366 	EXP 	Sound  started
808.3426 	DATA 	Keypress: rctrl
808.3866 	EXP 	Sound  started
809.1366 	EXP 	Sound  started
809.1746 	DATA 	Keypress: rctrl
809.8866 	EXP 	Sound  started
809.9106 	DATA 	Keypress: rctrl
810.6367 	EXP 	Sound  started
810.6786 	DATA 	Keypress: rctrl
811.3867 	EXP 	Sound  started
811.4306 	DATA 	Keypress: rctrl
812.1367 	EXP 	Sound  started
812.1665 	DATA 	Keypress: rctrl
812.8867 	EXP 	Sound  started
812.9345 	DATA 	Keypress: rctrl
813.5266 	DATA 	Keypress: lctrl
813.6367 	EXP 	Sound  started
814.3266 	DATA 	Keypress: lctrl
814.3867 	EXP 	Sound  started
815.0466 	DATA 	Keypress: rctrl
815.1367 	EXP 	Sound  started
815.8146 	DATA 	Keypress: rctrl
815.8867 	EXP 	Sound  started
816.5826 	DATA 	Keypress: rctrl
816.6368 	EXP 	Sound  started
817.3346 	DATA 	Keypress: lctrl
817.3868 	EXP 	Sound  started
818.1368 	EXP 	Sound  started
818.1506 	DATA 	Keypress: lctrl
818.8868 	EXP 	Sound  started
819.5905 	DATA 	Keypress: lctrl
819.6368 	EXP 	Sound  started
820.3106 	DATA 	Keypress: lctrl
820.3868 	EXP 	Sound  started
821.0466 	DATA 	Keypress: lctrl
821.1368 	EXP 	Sound  started
821.7186 	DATA 	Keypress: lctrl
821.8869 	EXP 	Sound  started
822.4545 	DATA 	Keypress: lctrl
822.6369 	EXP 	Sound  started
823.2066 	DATA 	Keypress: rctrl
823.3869 	EXP 	Sound  started
824.0066 	DATA 	Keypress: rctrl
824.1369 	EXP 	Sound  started
824.7586 	DATA 	Keypress: rctrl
824.8869 	EXP 	Sound  started
825.4946 	DATA 	Keypress: rctrl
825.6369 	EXP 	Sound  started
826.2786 	DATA 	Keypress: rctrl
826.3869 	EXP 	Sound  started
826.9986 	DATA 	Keypress: rctrl
827.1369 	EXP 	Sound  started
827.7506 	DATA 	Keypress: lctrl
827.8870 	EXP 	Sound  started
828.4866 	DATA 	Keypress: lctrl
828.6370 	EXP 	Sound  started
829.2865 	DATA 	Keypress: lctrl
829.3870 	EXP 	Sound  started
830.0066 	DATA 	Keypress: lctrl
830.1370 	EXP 	Sound  started
830.7586 	DATA 	Keypress: lctrl
830.8870 	EXP 	Sound  started
831.5106 	DATA 	Keypress: rctrl
831.6370 	EXP 	Sound  started
832.2786 	DATA 	Keypress: rctrl
837.8241 	DATA 	Keypress: 2
837.8406 	EXP 	unnamed ShapeStim: vertices = <class 'numpy.ndarray'>
841.9275 	DATA 	Keypress: 4
841.9440 	EXP 	unnamed ShapeStim: vertices = <class 'numpy.ndarray'>
844.0130 	DATA 	Keypress: 1
844.0295 	EXP 	unnamed ShapeStim: vertices = <class 'numpy.ndarray'>
846.3136 	EXP 	Sound  started
846.4866 	DATA 	Keypress: rctrl
847.0146 	DATA 	Keypress: rctrl
847.0635 	EXP 	Sound  started
847.6546 	DATA 	Keypress: rctrl
847.8136 	EXP 	Sound  started
848.4226 	DATA 	Keypress: rctrl
848.5636 	EXP 	Sound  started
849.1746 	DATA 	Keypress: lctrl
849.3136 	EXP 	Sound  started
849.9106 	DATA 	Keypress: lctrl
850.0636 	EXP 	Sound  started
850.7106 	DATA 	Keypress: lctrl
850.8136 	EXP 	Sound  started
851.3826 	DATA 	Keypress: lctrl
851.5636 	EXP 	Sound  started
852.1506 	DATA 	Keypress: lctrl
852.3136 	EXP 	Sound  started
852.9506 	DATA 	Keypress: lctrl
853.0637 	EXP 	Sound  started
853.6866 	DATA 	Keypress: rctrl
853.8137 	EXP 	Sound  started
854.4866 	DATA 	Keypress: rctrl
854.5637 	EXP 	Sound  started
855.2546 	DATA 	Keypress: lctrl
855.3137 	EXP 	Sound  started
855.9426 	DATA 	Keypress: rctrl
856.0637 	EXP 	Sound  started
856.6786 	DATA 	Keypress: rctrl
856.8137 	EXP 	Sound  started
857.4466 	DATA 	Keypress: rctrl
857.5638 	EXP 	Sound  started
858.1666 	DATA 	Keypress: rctrl
858.3138 	EXP 	Sound  started
858.9666 	DATA 	Keypress: rctrl
859.0638 	EXP 	Sound  started
859.7345 	DATA 	Keypress: rctrl
859.8138 	EXP 	Sound  started
860.5025 	DATA 	Keypress: rctrl
860.5638 	EXP 	Sound  started
861.2066 	DATA 	Keypress: lctrl
861.3138 	EXP 	Sound  started
861.9746 	DATA 	Keypress: rctrl
862.0638 	EXP 	Sound  started
862.7106 	DATA 	Keypress: rctrl
862.8139 	EXP 	Sound  started
863.4625 	DATA 	Keypress: rctrl
863.5639 	EXP 	Sound  started
864.2626 	DATA 	Keypress: rctrl
864.3139 	EXP 	Sound  started
864.9666 	DATA 	Keypress: rctrl
865.0639 	EXP 	Sound  started
865.8139 	EXP 	Sound  started
865.8786 	DATA 	Keypress: lctrl
866.5346 	DATA 	Keypress: lctrl
866.5639 	EXP 	Sound  started
867.2706 	DATA 	Keypress: lctrl
867.3139 	EXP 	Sound  started
867.9906 	DATA 	Keypress: lctrl
868.0640 	EXP 	Sound  started
868.7266 	DATA 	Keypress: lctrl
868.8140 	EXP 	Sound  started
869.4788 	DATA 	Keypress: rctrl
869.5640 	EXP 	Sound  started
870.2786 	DATA 	Keypress: rctrl
870.3140 	EXP 	Sound  started
870.9825 	DATA 	Keypress: rctrl
871.0640 	EXP 	Sound  started
871.7346 	DATA 	Keypress: rctrl
871.8140 	EXP 	Sound  started
872.5186 	DATA 	Keypress: rctrl
872.5640 	EXP 	Sound  started
873.2386 	DATA 	Keypress: rctrl
873.3141 	EXP 	Sound  started
873.9586 	DATA 	Keypress: lctrl
874.0641 	EXP 	Sound  started
874.7106 	DATA 	Keypress: rctrl
874.8141 	EXP 	Sound  started
875.4146 	DATA 	Keypress: lctrl
875.5641 	EXP 	Sound  started
876.1986 	DATA 	Keypress: lctrl
876.3141 	EXP 	Sound  started
876.9506 	DATA 	Keypress: lctrl
877.0641 	EXP 	Sound  started
877.6706 	DATA 	Keypress: lctrl
877.8141 	EXP 	Sound  started
878.4546 	DATA 	Keypress: lctrl
878.5642 	EXP 	Sound  started
879.2067 	DATA 	Keypress: rctrl
879.3142 	EXP 	Sound  started
879.9426 	DATA 	Keypress: rctrl
880.0642 	EXP 	Sound  started
880.6946 	DATA 	Keypress: rctrl
880.8142 	EXP 	Sound  started
881.5642 	EXP 	Sound  started
881.6226 	DATA 	Keypress: rctrl
882.3142 	EXP 	Sound  started
882.3426 	DATA 	Keypress: rctrl
883.0306 	DATA 	Keypress: rctrl
883.0642 	EXP 	Sound  started
883.7667 	DATA 	Keypress: rctrl
883.8143 	EXP 	Sound  started
884.5026 	DATA 	Keypress: rctrl
884.5643 	EXP 	Sound  started
885.2546 	DATA 	Keypress: lctrl
885.3143 	EXP 	Sound  started
885.9746 	DATA 	Keypress: lctrl
886.0643 	EXP 	Sound  started
886.7106 	DATA 	Keypress: lctrl
886.8143 	EXP 	Sound  started
887.4626 	DATA 	Keypress: rctrl
887.5643 	EXP 	Sound  started
888.2146 	DATA 	Keypress: lctrl
888.3143 	EXP 	Sound  started
889.0305 	DATA 	Keypress: rctrl
889.0643 	EXP 	Sound  started
889.7505 	DATA 	Keypress: rctrl
889.8144 	EXP 	Sound  started
890.5507 	DATA 	Keypress: rctrl
890.5644 	EXP 	Sound  started
891.2866 	DATA 	Keypress: rctrl
891.3144 	EXP 	Sound  started
892.0546 	DATA 	Keypress: lctrl
892.0644 	EXP 	Sound  started
892.7426 	DATA 	Keypress: lctrl
892.8144 	EXP 	Sound  started
893.5426 	DATA 	Keypress: rctrl
893.5644 	EXP 	Sound  started
894.2945 	DATA 	Keypress: rctrl
894.3144 	EXP 	Sound  started
895.0146 	DATA 	Keypress: rctrl
895.0645 	EXP 	Sound  started
895.7346 	DATA 	Keypress: rctrl
895.8145 	EXP 	Sound  started
896.4385 	DATA 	Keypress: rctrl
896.5645 	EXP 	Sound  started
897.2226 	DATA 	Keypress: rctrl
897.3145 	EXP 	Sound  started
898.0066 	DATA 	Keypress: lctrl
898.0645 	EXP 	Sound  started
898.8066 	DATA 	Keypress: lctrl
898.8145 	EXP 	Sound  started
899.5266 	DATA 	Keypress: lctrl
899.5645 	EXP 	Sound  started
900.2626 	DATA 	Keypress: lctrl
900.3146 	EXP 	Sound  started
901.0146 	DATA 	Keypress: lctrl
901.0646 	EXP 	Sound  started
901.8146 	EXP 	Sound  started
901.8466 	DATA 	Keypress: lctrl
902.5646 	EXP 	Sound  started
902.5986 	DATA 	Keypress: lctrl
903.3146 	EXP 	Sound  started
903.3506 	DATA 	Keypress: lctrl
904.0646 	EXP 	Sound  started
904.1026 	DATA 	Keypress: lctrl
904.8066 	DATA 	Keypress: rctrl
904.8147 	EXP 	Sound  started
905.5586 	DATA 	Keypress: rctrl
909.8331 	DATA 	Keypress: 4
909.8496 	EXP 	unnamed ShapeStim: vertices = <class 'numpy.ndarray'>
914.8872 	DATA 	Keypress: 3
914.9038 	EXP 	unnamed ShapeStim: vertices = <class 'numpy.ndarray'>
924.5118 	DATA 	Keypress: 3
924.5283 	EXP 	unnamed ShapeStim: vertices = <class 'numpy.ndarray'>
928.8301 	DATA 	Keypress: rctrl
1224.6787 	DATA 	Keypress: escape
1224.7447 	EXP 	window1: mouseVisible = True
