164.7072 	WARNING 	User requested fullscreen with size [1024  768], but screen is actually [1920, 1200]. Using actual size
165.5283 	EXP 	Created window1 = Window(allowGUI=False, allowStencil=False, autoLog=True, backendConf=UNKNOWN, bitsMode=UNKNOWN, blendMode='avg', bpc=(8, 8, 8), color=array([0, 0, 0]), colorSpace='rgb', depthBits=8, fullscr=<method-wrapper '__getattribute__' of attributeSetter object at 0x000001A4A6C36780>, gamma=None, gammaErrorPolicy='raise', lms=UNKNOWN, monitor=<psychopy.monitors.calibTools.Monitor object at 0x000001A4A8345080>, multiSample=False, name='window1', numSamples=2, pos=[0.0, 0.0], screen=0, size=array([1920, 1200]), stencilBits=0, stereo=False, units='norm', useFBO=True, useRetina=False, viewOri=0.0, viewPos=None, viewScale=None, waitBlanking=True, winType='pyglet')
165.5287 	EXP 	window1: mouseVisible = True
165.5287 	EXP 	window1: mouseVisible = False
165.5287 	EXP 	window1: recordFrameIntervals = False
165.6948 	EXP 	window1: recordFrameIntervals = True
165.8784 	EXP 	window1: recordFrameIntervals = False
165.9364 	EXP 	Created text = TextStim(__class__=<class 'psychopy.visual.text.TextStim'>, alignHoriz=method-wrapper(...), alignText='center', alignVert=method-wrapper(...), anchorHoriz='center', anchorVert='center', antialias=True, autoLog=True, bold=False, color=array([1., 1., 1.]), colorSpace='rgb', contrast=1.0, depth=0.0, flipHoriz=False, flipVert=False, font='Arial', fontFiles=[], height=0.15, italic=False, languageStyle='LTR', name='text', opacity=1, ori=0, pos=array([0., 0.]), rgb=UNKNOWN, text='+', units='norm', win=Window(...), wrapWidth=1)
165.9576 	EXP 	Created text = TextStim(__class__=<class 'psychopy.visual.text.TextStim'>, alignHoriz=method-wrapper(...), alignText='center', alignVert=method-wrapper(...), anchorHoriz='center', anchorVert='center', antialias=True, autoLog=True, bold=False, color=array([1., 1., 1.]), colorSpace='rgb', contrast=1.0, depth=0.0, flipHoriz=False, flipVert=False, font='Arial', fontFiles=[], height=0.07, italic=False, languageStyle='LTR', name='text', opacity=1, ori=0, pos=array([0., 0.]), rgb=UNKNOWN, text=str(...), units='norm', win=Window(...), wrapWidth=1.65)
165.9695 	EXP 	Created text = TextStim(__class__=<class 'psychopy.visual.text.TextStim'>, alignHoriz=method-wrapper(...), alignText='center', alignVert=method-wrapper(...), anchorHoriz='center', anchorVert='center', antialias=True, autoLog=True, bold=False, color=array([1., 1., 1.]), colorSpace='rgb', contrast=1.0, depth=0.0, flipHoriz=False, flipVert=False, font='Arial', fontFiles=[], height=0.07, italic=False, languageStyle='LTR', name='text', opacity=1, ori=0, pos=array([0., 0.]), rgb=UNKNOWN, text=str(...), units='norm', win=Window(...), wrapWidth=1.65)
165.9800 	EXP 	Created text = TextStim(__class__=<class 'psychopy.visual.text.TextStim'>, alignHoriz=method-wrapper(...), alignText='center', alignVert=method-wrapper(...), anchorHoriz='center', anchorVert='center', antialias=True, autoLog=True, bold=False, color=array([1., 1., 1.]), colorSpace='rgb', contrast=1.0, depth=0.0, flipHoriz=False, flipVert=False, font='Arial', fontFiles=[], height=0.07, italic=False, languageStyle='LTR', name='text', opacity=1, ori=0, pos=array([0., 0.]), rgb=UNKNOWN, text=str(...), units='norm', win=Window(...), wrapWidth=1.65)
165.9908 	EXP 	Created text = TextStim(__class__=<class 'psychopy.visual.text.TextStim'>, alignHoriz=method-wrapper(...), alignText='center', alignVert=method-wrapper(...), anchorHoriz='center', anchorVert='center', antialias=True, autoLog=True, bold=False, color=array([1., 1., 1.]), colorSpace='rgb', contrast=1.0, depth=0.0, flipHoriz=False, flipVert=False, font='Arial', fontFiles=[], height=0.07, italic=False, languageStyle='LTR', name='text', opacity=1, ori=0, pos=array([0., 0.]), rgb=UNKNOWN, text=str(...), units='norm', win=Window(...), wrapWidth=1.65)
165.9961 	EXP 	Created text = TextStim(__class__=<class 'psychopy.visual.text.TextStim'>, alignHoriz=method-wrapper(...), alignText='center', alignVert=method-wrapper(...), anchorHoriz='center', anchorVert='center', antialias=True, autoLog=True, bold=False, color=array([1., 1., 1.]), colorSpace='rgb', contrast=1.0, depth=0.0, flipHoriz=False, flipVert=False, font='Arial', fontFiles=[], height=0.07, italic=False, languageStyle='LTR', name='text', opacity=1, ori=0, pos=array([0., 0.]), rgb=UNKNOWN, text=str(...), units='norm', win=Window(...), wrapWidth=1.65)
166.0114 	EXP 	Created text = TextStim(__class__=<class 'psychopy.visual.text.TextStim'>, alignHoriz=method-wrapper(...), alignText='center', alignVert=method-wrapper(...), anchorHoriz='center', anchorVert='center', antialias=True, autoLog=True, bold=False, color=array([1., 1., 1.]), colorSpace='rgb', contrast=1.0, depth=0.0, flipHoriz=False, flipVert=False, font='Arial', fontFiles=[], height=0.15, italic=False, languageStyle='LTR', name='text', opacity=1, ori=0, pos=array([0., 0.]), rgb=UNKNOWN, text=str(...), units='norm', win=Window(...), wrapWidth=1.65)
166.0402 	EXP 	Created text = TextStim(__class__=<class 'psychopy.visual.text.TextStim'>, alignHoriz=method-wrapper(...), alignText='center', alignVert=method-wrapper(...), anchorHoriz='center', anchorVert='center', antialias=True, autoLog=True, bold=False, color=array([1., 1., 1.]), colorSpace='rgb', contrast=1.0, depth=0.0, flipHoriz=False, flipVert=False, font='Arial', fontFiles=[], height=0.07, italic=False, languageStyle='LTR', name='text', opacity=1, ori=0, pos=array([0., 0.]), rgb=UNKNOWN, text=str(...), units='norm', win=Window(...), wrapWidth=1.65)
166.0582 	EXP 	Created text = TextStim(__class__=<class 'psychopy.visual.text.TextStim'>, alignHoriz=method-wrapper(...), alignText='center', alignVert=method-wrapper(...), anchorHoriz='center', anchorVert='center', antialias=True, autoLog=True, bold=False, color=array([1., 1., 1.]), colorSpace='rgb', contrast=1.0, depth=0.0, flipHoriz=False, flipVert=False, font='Arial', fontFiles=[], height=0.07, italic=False, languageStyle='LTR', name='text', opacity=1, ori=0, pos=array([0., 0.]), rgb=UNKNOWN, text=str(...), units='norm', win=Window(...), wrapWidth=1.65)
166.0887 	EXP 	Created text = TextStim(__class__=<class 'psychopy.visual.text.TextStim'>, alignHoriz=method-wrapper(...), alignText='center', alignVert=method-wrapper(...), anchorHoriz='center', anchorVert='center', antialias=True, autoLog=True, bold=False, color=array([1., 1., 1.]), colorSpace='rgb', contrast=1.0, depth=0.0, flipHoriz=False, flipVert=False, font='Arial', fontFiles=[], height=0.07, italic=False, languageStyle='LTR', name='text', opacity=1, ori=0, pos=array([0., 0.]), rgb=UNKNOWN, text=str(...), units='norm', win=Window(...), wrapWidth=1.65)
166.1173 	EXP 	Created text = TextStim(__class__=<class 'psychopy.visual.text.TextStim'>, alignHoriz=method-wrapper(...), alignText='center', alignVert=method-wrapper(...), anchorHoriz='center', anchorVert='center', antialias=True, autoLog=True, bold=False, color=array([1., 1., 1.]), colorSpace='rgb', contrast=1.0, depth=0.0, flipHoriz=False, flipVert=False, font='Arial', fontFiles=[], height=0.07, italic=False, languageStyle='LTR', name='text', opacity=1, ori=0, pos=array([0., 0.]), rgb=UNKNOWN, text=str(...), units='norm', win=Window(...), wrapWidth=1.65)
166.1502 	EXP 	Created text = TextStim(__class__=<class 'psychopy.visual.text.TextStim'>, alignHoriz=method-wrapper(...), alignText='center', alignVert=method-wrapper(...), anchorHoriz='center', anchorVert='center', antialias=True, autoLog=True, bold=False, color=array([1., 1., 1.]), colorSpace='rgb', contrast=1.0, depth=0.0, flipHoriz=False, flipVert=False, font='Arial', fontFiles=[], height=0.07, italic=False, languageStyle='LTR', name='text', opacity=1, ori=0, pos=array([0., 0.]), rgb=UNKNOWN, text=str(...), units='norm', win=Window(...), wrapWidth=1.65)
166.1593 	EXP 	Created text = TextStim(__class__=<class 'psychopy.visual.text.TextStim'>, alignHoriz=method-wrapper(...), alignText='center', alignVert=method-wrapper(...), anchorHoriz='center', anchorVert='center', antialias=True, autoLog=True, bold=False, color=array([1., 1., 1.]), colorSpace='rgb', contrast=1.0, depth=0.0, flipHoriz=False, flipVert=False, font='Arial', fontFiles=[], height=0.07, italic=False, languageStyle='LTR', name='text', opacity=1, ori=0, pos=array([0., 0.]), rgb=UNKNOWN, text=str(...), units='norm', win=Window(...), wrapWidth=1.65)
166.1723 	EXP 	Created text = TextStim(__class__=<class 'psychopy.visual.text.TextStim'>, alignHoriz=method-wrapper(...), alignText='center', alignVert=method-wrapper(...), anchorHoriz='center', anchorVert='center', antialias=True, autoLog=True, bold=False, color=array([1., 1., 1.]), colorSpace='rgb', contrast=1.0, depth=0.0, flipHoriz=False, flipVert=False, font='Arial', fontFiles=[], height=0.07, italic=False, languageStyle='LTR', name='text', opacity=1, ori=0, pos=array([0., 0.]), rgb=UNKNOWN, text=str(...), units='norm', win=Window(...), wrapWidth=1.65)
166.1769 	EXP 	Created instru = TextStim(__class__=<class 'psychopy.visual.text.TextStim'>, alignHoriz=method-wrapper(...), alignText='center', alignVert=method-wrapper(...), anchorHoriz='center', anchorVert='center', antialias=True, autoLog=True, bold=False, color=array([1., 1., 1.]), colorSpace='rgb', contrast=1.0, depth=0.0, flipHoriz=False, flipVert=False, font='Arial', fontFiles=[], height=0.07, italic=False, languageStyle='LTR', name='instru', opacity=1, ori=0, pos=array([0. , 0.5]), rgb=UNKNOWN, text=str(...), units='norm', win=Window(...), wrapWidth=1)
166.1796 	EXP 	Created unnamed Line = Line(__class__=<class 'psychopy.visual.line.Line'>, autoDraw=False, autoLog=True, closeShape=False, color=array([1., 1., 1.]), colorSpace='rgb', contrast=None, depth=0, fillColor=array([0, 0, 0]), fillColorSpace='rgb', fillRGB=array([0, 0, 0]), interpolate=True, lineColor=array([1., 1., 1.]), lineColorSpace='rgb', lineRGB=array([1, 1, 1]), lineWidth=5, name='unnamed Line', opacity=0.5, ori=0.0, pos=array([0., 0.]), size=array([1., 1.]), units='norm', vertices=array([[-0.5,  0. ],
       [ 0.5,  0. ]]), win=Window(...), windingRule=None)
166.1818 	EXP 	Created unnamed Line = Line(__class__=<class 'psychopy.visual.line.Line'>, autoDraw=False, autoLog=True, closeShape=False, color=array([1., 1., 1.]), colorSpace='rgb', contrast=None, depth=0, fillColor=array([0, 0, 0]), fillColorSpace='rgb', fillRGB=array([0, 0, 0]), interpolate=True, lineColor=array([1., 1., 1.]), lineColorSpace='rgb', lineRGB=array([1, 1, 1]), lineWidth=3, name='unnamed Line', opacity=0.5, ori=0.0, pos=array([0., 0.]), size=array([1., 1.]), units='norm', vertices=array([[-0.5 , -0.05],
       [-0.5 ,  0.05]]), win=Window(...), windingRule=None)
166.1839 	EXP 	Created unnamed Line = Line(__class__=<class 'psychopy.visual.line.Line'>, autoDraw=False, autoLog=True, closeShape=False, color=array([1., 1., 1.]), colorSpace='rgb', contrast=None, depth=0, fillColor=array([0, 0, 0]), fillColorSpace='rgb', fillRGB=array([0, 0, 0]), interpolate=True, lineColor=array([1., 1., 1.]), lineColorSpace='rgb', lineRGB=array([1, 1, 1]), lineWidth=3, name='unnamed Line', opacity=0.5, ori=0.0, pos=array([0., 0.]), size=array([1., 1.]), units='norm', vertices=ndarray(...), win=Window(...), windingRule=None)
166.1859 	EXP 	Created unnamed Line = Line(__class__=<class 'psychopy.visual.line.Line'>, autoDraw=False, autoLog=True, closeShape=False, color=array([1., 1., 1.]), colorSpace='rgb', contrast=None, depth=0, fillColor=array([0, 0, 0]), fillColorSpace='rgb', fillRGB=array([0, 0, 0]), interpolate=True, lineColor=array([1., 1., 1.]), lineColorSpace='rgb', lineRGB=array([1, 1, 1]), lineWidth=3, name='unnamed Line', opacity=0.5, ori=0.0, pos=array([0., 0.]), size=array([1., 1.]), units='norm', vertices=ndarray(...), win=Window(...), windingRule=None)
166.1879 	EXP 	Created unnamed Line = Line(__class__=<class 'psychopy.visual.line.Line'>, autoDraw=False, autoLog=True, closeShape=False, color=array([1., 1., 1.]), colorSpace='rgb', contrast=None, depth=0, fillColor=array([0, 0, 0]), fillColorSpace='rgb', fillRGB=array([0, 0, 0]), interpolate=True, lineColor=array([1., 1., 1.]), lineColorSpace='rgb', lineRGB=array([1, 1, 1]), lineWidth=3, name='unnamed Line', opacity=0.5, ori=0.0, pos=array([0., 0.]), size=array([1., 1.]), units='norm', vertices=array([[ 0.5 , -0.05],
       [ 0.5 ,  0.05]]), win=Window(...), windingRule=None)
166.1999 	EXP 	Created unnamed TextStim = TextStim(__class__=<class 'psychopy.visual.text.TextStim'>, alignHoriz=method-wrapper(...), alignText='center', alignVert=method-wrapper(...), anchorHoriz='center', anchorVert='center', antialias=True, autoLog=True, bold=False, color=array([1., 1., 1.]), colorSpace='rgb', contrast=1.0, depth=0, flipHoriz=False, flipVert=False, font='', fontFiles=[], height=0.05, italic=False, languageStyle='LTR', name='unnamed TextStim', opacity=1.0, ori=0.0, pos=array([-0.5, -0.1]), rgb=UNKNOWN, text='Clearly \n NOT FOCUSED', units='norm', win=Window(...), wrapWidth=1)
166.2010 	EXP 	Created unnamed TextStim = TextStim(__class__=<class 'psychopy.visual.text.TextStim'>, alignHoriz=method-wrapper(...), alignText='center', alignVert=method-wrapper(...), anchorHoriz='center', anchorVert='center', antialias=True, autoLog=True, bold=False, color=array([1., 1., 1.]), colorSpace='rgb', contrast=1.0, depth=0, flipHoriz=False, flipVert=False, font='', fontFiles=[], height=0.05, italic=False, languageStyle='LTR', name='unnamed TextStim', opacity=1.0, ori=0.0, pos=array([-0.16666667, -0.1       ]), rgb=UNKNOWN, text='', units='norm', win=Window(...), wrapWidth=1)
166.2020 	EXP 	Created unnamed TextStim = TextStim(__class__=<class 'psychopy.visual.text.TextStim'>, alignHoriz=method-wrapper(...), alignText='center', alignVert=method-wrapper(...), anchorHoriz='center', anchorVert='center', antialias=True, autoLog=True, bold=False, color=array([1., 1., 1.]), colorSpace='rgb', contrast=1.0, depth=0, flipHoriz=False, flipVert=False, font='', fontFiles=[], height=0.05, italic=False, languageStyle='LTR', name='unnamed TextStim', opacity=1.0, ori=0.0, pos=array([ 0.16666667, -0.1       ]), rgb=UNKNOWN, text='', units='norm', win=Window(...), wrapWidth=1)
166.2051 	EXP 	Created unnamed TextStim = TextStim(__class__=<class 'psychopy.visual.text.TextStim'>, alignHoriz=method-wrapper(...), alignText='center', alignVert=method-wrapper(...), anchorHoriz='center', anchorVert='center', antialias=True, autoLog=True, bold=False, color=array([1., 1., 1.]), colorSpace='rgb', contrast=1.0, depth=0, flipHoriz=False, flipVert=False, font='', fontFiles=[], height=0.05, italic=False, languageStyle='LTR', name='unnamed TextStim', opacity=1.0, ori=0.0, pos=array([ 0.5, -0.1]), rgb=UNKNOWN, text='Clearly \n FOCUSED', units='norm', win=Window(...), wrapWidth=1)
166.2069 	EXP 	Created unnamed ShapeStim = ShapeStim(__class__=<class 'psychopy.visual.shape.ShapeStim'>, autoDraw=False, autoLog=True, closeShape=True, color=method-wrapper(...), colorSpace='rgb', contrast=None, depth=0, fillColor=array([1, 1, 1]), fillColorSpace='rgb', fillRGB=array([1, 1, 1]), interpolate=True, lineColor=array([-1., -1., -1.]), lineColorSpace='rgb', lineRGB=array([-1, -1, -1]), lineWidth=1.5, name='unnamed ShapeStim', opacity=1.0, ori=0.0, pos=array([0., 0.]), size=array([1., 1.]), units='norm', vertices=ndarray(...), win=Window(...), windingRule=None)
166.2156 	EXP 	Created instru = TextStim(__class__=<class 'psychopy.visual.text.TextStim'>, alignHoriz=method-wrapper(...), alignText='center', alignVert=method-wrapper(...), anchorHoriz='center', anchorVert='center', antialias=True, autoLog=True, bold=False, color=array([1., 1., 1.]), colorSpace='rgb', contrast=1.0, depth=0.0, flipHoriz=False, flipVert=False, font='Arial', fontFiles=[], height=0.07, italic=False, languageStyle='LTR', name='instru', opacity=1, ori=0, pos=array([0. , 0.5]), rgb=UNKNOWN, text=str(...), units='norm', win=Window(...), wrapWidth=1)
166.2176 	EXP 	Created unnamed Line = Line(__class__=<class 'psychopy.visual.line.Line'>, autoDraw=False, autoLog=True, closeShape=False, color=array([1., 1., 1.]), colorSpace='rgb', contrast=None, depth=0, fillColor=array([0, 0, 0]), fillColorSpace='rgb', fillRGB=array([0, 0, 0]), interpolate=True, lineColor=array([1., 1., 1.]), lineColorSpace='rgb', lineRGB=array([1, 1, 1]), lineWidth=5, name='unnamed Line', opacity=0.5, ori=0.0, pos=array([0., 0.]), size=array([1., 1.]), units='norm', vertices=array([[-0.5,  0. ],
       [ 0.5,  0. ]]), win=Window(...), windingRule=None)
166.2197 	EXP 	Created unnamed Line = Line(__class__=<class 'psychopy.visual.line.Line'>, autoDraw=False, autoLog=True, closeShape=False, color=array([1., 1., 1.]), colorSpace='rgb', contrast=None, depth=0, fillColor=array([0, 0, 0]), fillColorSpace='rgb', fillRGB=array([0, 0, 0]), interpolate=True, lineColor=array([1., 1., 1.]), lineColorSpace='rgb', lineRGB=array([1, 1, 1]), lineWidth=3, name='unnamed Line', opacity=0.5, ori=0.0, pos=array([0., 0.]), size=array([1., 1.]), units='norm', vertices=array([[-0.5 , -0.05],
       [-0.5 ,  0.05]]), win=Window(...), windingRule=None)
166.2216 	EXP 	Created unnamed Line = Line(__class__=<class 'psychopy.visual.line.Line'>, autoDraw=False, autoLog=True, closeShape=False, color=array([1., 1., 1.]), colorSpace='rgb', contrast=None, depth=0, fillColor=array([0, 0, 0]), fillColorSpace='rgb', fillRGB=array([0, 0, 0]), interpolate=True, lineColor=array([1., 1., 1.]), lineColorSpace='rgb', lineRGB=array([1, 1, 1]), lineWidth=3, name='unnamed Line', opacity=0.5, ori=0.0, pos=array([0., 0.]), size=array([1., 1.]), units='norm', vertices=ndarray(...), win=Window(...), windingRule=None)
166.2236 	EXP 	Created unnamed Line = Line(__class__=<class 'psychopy.visual.line.Line'>, autoDraw=False, autoLog=True, closeShape=False, color=array([1., 1., 1.]), colorSpace='rgb', contrast=None, depth=0, fillColor=array([0, 0, 0]), fillColorSpace='rgb', fillRGB=array([0, 0, 0]), interpolate=True, lineColor=array([1., 1., 1.]), lineColorSpace='rgb', lineRGB=array([1, 1, 1]), lineWidth=3, name='unnamed Line', opacity=0.5, ori=0.0, pos=array([0., 0.]), size=array([1., 1.]), units='norm', vertices=ndarray(...), win=Window(...), windingRule=None)
166.2255 	EXP 	Created unnamed Line = Line(__class__=<class 'psychopy.visual.line.Line'>, autoDraw=False, autoLog=True, closeShape=False, color=array([1., 1., 1.]), colorSpace='rgb', contrast=None, depth=0, fillColor=array([0, 0, 0]), fillColorSpace='rgb', fillRGB=array([0, 0, 0]), interpolate=True, lineColor=array([1., 1., 1.]), lineColorSpace='rgb', lineRGB=array([1, 1, 1]), lineWidth=3, name='unnamed Line', opacity=0.5, ori=0.0, pos=array([0., 0.]), size=array([1., 1.]), units='norm', vertices=array([[ 0.5 , -0.05],
       [ 0.5 ,  0.05]]), win=Window(...), windingRule=None)
166.2306 	EXP 	Created unnamed TextStim = TextStim(__class__=<class 'psychopy.visual.text.TextStim'>, alignHoriz=method-wrapper(...), alignText='center', alignVert=method-wrapper(...), anchorHoriz='center', anchorVert='center', antialias=True, autoLog=True, bold=False, color=array([1., 1., 1.]), colorSpace='rgb', contrast=1.0, depth=0, flipHoriz=False, flipVert=False, font='', fontFiles=[], height=0.05, italic=False, languageStyle='LTR', name='unnamed TextStim', opacity=1.0, ori=0.0, pos=array([-0.5, -0.1]), rgb=UNKNOWN, text='Clearly \n NOTHING', units='norm', win=Window(...), wrapWidth=1)
166.2316 	EXP 	Created unnamed TextStim = TextStim(__class__=<class 'psychopy.visual.text.TextStim'>, alignHoriz=method-wrapper(...), alignText='center', alignVert=method-wrapper(...), anchorHoriz='center', anchorVert='center', antialias=True, autoLog=True, bold=False, color=array([1., 1., 1.]), colorSpace='rgb', contrast=1.0, depth=0, flipHoriz=False, flipVert=False, font='', fontFiles=[], height=0.05, italic=False, languageStyle='LTR', name='unnamed TextStim', opacity=1.0, ori=0.0, pos=array([-0.16666667, -0.1       ]), rgb=UNKNOWN, text='', units='norm', win=Window(...), wrapWidth=1)
166.2326 	EXP 	Created unnamed TextStim = TextStim(__class__=<class 'psychopy.visual.text.TextStim'>, alignHoriz=method-wrapper(...), alignText='center', alignVert=method-wrapper(...), anchorHoriz='center', anchorVert='center', antialias=True, autoLog=True, bold=False, color=array([1., 1., 1.]), colorSpace='rgb', contrast=1.0, depth=0, flipHoriz=False, flipVert=False, font='', fontFiles=[], height=0.05, italic=False, languageStyle='LTR', name='unnamed TextStim', opacity=1.0, ori=0.0, pos=array([ 0.16666667, -0.1       ]), rgb=UNKNOWN, text='', units='norm', win=Window(...), wrapWidth=1)
166.2367 	EXP 	Created unnamed TextStim = TextStim(__class__=<class 'psychopy.visual.text.TextStim'>, alignHoriz=method-wrapper(...), alignText='center', alignVert=method-wrapper(...), anchorHoriz='center', anchorVert='center', antialias=True, autoLog=True, bold=False, color=array([1., 1., 1.]), colorSpace='rgb', contrast=1.0, depth=0, flipHoriz=False, flipVert=False, font='', fontFiles=[], height=0.05, italic=False, languageStyle='LTR', name='unnamed TextStim', opacity=1.0, ori=0.0, pos=array([ 0.5, -0.1]), rgb=UNKNOWN, text='Clearly \n SOMETHING', units='norm', win=Window(...), wrapWidth=1)
166.2386 	EXP 	Created unnamed ShapeStim = ShapeStim(__class__=<class 'psychopy.visual.shape.ShapeStim'>, autoDraw=False, autoLog=True, closeShape=True, color=method-wrapper(...), colorSpace='rgb', contrast=None, depth=0, fillColor=array([1, 1, 1]), fillColorSpace='rgb', fillRGB=array([1, 1, 1]), interpolate=True, lineColor=array([-1., -1., -1.]), lineColorSpace='rgb', lineRGB=array([-1, -1, -1]), lineWidth=1.5, name='unnamed ShapeStim', opacity=1.0, ori=0.0, pos=array([0., 0.]), size=array([1., 1.]), units='norm', vertices=ndarray(...), win=Window(...), windingRule=None)
166.2454 	EXP 	Created instru = TextStim(__class__=<class 'psychopy.visual.text.TextStim'>, alignHoriz=method-wrapper(...), alignText='center', alignVert=method-wrapper(...), anchorHoriz='center', anchorVert='center', antialias=True, autoLog=True, bold=False, color=array([1., 1., 1.]), colorSpace='rgb', contrast=1.0, depth=0.0, flipHoriz=False, flipVert=False, font='Arial', fontFiles=[], height=0.07, italic=False, languageStyle='LTR', name='instru', opacity=1, ori=0, pos=array([0. , 0.5]), rgb=UNKNOWN, text=str(...), units='norm', win=Window(...), wrapWidth=1)
166.2474 	EXP 	Created unnamed Line = Line(__class__=<class 'psychopy.visual.line.Line'>, autoDraw=False, autoLog=True, closeShape=False, color=array([1., 1., 1.]), colorSpace='rgb', contrast=None, depth=0, fillColor=array([0, 0, 0]), fillColorSpace='rgb', fillRGB=array([0, 0, 0]), interpolate=True, lineColor=array([1., 1., 1.]), lineColorSpace='rgb', lineRGB=array([1, 1, 1]), lineWidth=5, name='unnamed Line', opacity=0.5, ori=0.0, pos=array([0., 0.]), size=array([1., 1.]), units='norm', vertices=array([[-0.5,  0. ],
       [ 0.5,  0. ]]), win=Window(...), windingRule=None)
166.2494 	EXP 	Created unnamed Line = Line(__class__=<class 'psychopy.visual.line.Line'>, autoDraw=False, autoLog=True, closeShape=False, color=array([1., 1., 1.]), colorSpace='rgb', contrast=None, depth=0, fillColor=array([0, 0, 0]), fillColorSpace='rgb', fillRGB=array([0, 0, 0]), interpolate=True, lineColor=array([1., 1., 1.]), lineColorSpace='rgb', lineRGB=array([1, 1, 1]), lineWidth=3, name='unnamed Line', opacity=0.5, ori=0.0, pos=array([0., 0.]), size=array([1., 1.]), units='norm', vertices=array([[-0.5 , -0.05],
       [-0.5 ,  0.05]]), win=Window(...), windingRule=None)
166.2514 	EXP 	Created unnamed Line = Line(__class__=<class 'psychopy.visual.line.Line'>, autoDraw=False, autoLog=True, closeShape=False, color=array([1., 1., 1.]), colorSpace='rgb', contrast=None, depth=0, fillColor=array([0, 0, 0]), fillColorSpace='rgb', fillRGB=array([0, 0, 0]), interpolate=True, lineColor=array([1., 1., 1.]), lineColorSpace='rgb', lineRGB=array([1, 1, 1]), lineWidth=3, name='unnamed Line', opacity=0.5, ori=0.0, pos=array([0., 0.]), size=array([1., 1.]), units='norm', vertices=ndarray(...), win=Window(...), windingRule=None)
166.2534 	EXP 	Created unnamed Line = Line(__class__=<class 'psychopy.visual.line.Line'>, autoDraw=False, autoLog=True, closeShape=False, color=array([1., 1., 1.]), colorSpace='rgb', contrast=None, depth=0, fillColor=array([0, 0, 0]), fillColorSpace='rgb', fillRGB=array([0, 0, 0]), interpolate=True, lineColor=array([1., 1., 1.]), lineColorSpace='rgb', lineRGB=array([1, 1, 1]), lineWidth=3, name='unnamed Line', opacity=0.5, ori=0.0, pos=array([0., 0.]), size=array([1., 1.]), units='norm', vertices=ndarray(...), win=Window(...), windingRule=None)
166.2554 	EXP 	Created unnamed Line = Line(__class__=<class 'psychopy.visual.line.Line'>, autoDraw=False, autoLog=True, closeShape=False, color=array([1., 1., 1.]), colorSpace='rgb', contrast=None, depth=0, fillColor=array([0, 0, 0]), fillColorSpace='rgb', fillRGB=array([0, 0, 0]), interpolate=True, lineColor=array([1., 1., 1.]), lineColorSpace='rgb', lineRGB=array([1, 1, 1]), lineWidth=3, name='unnamed Line', opacity=0.5, ori=0.0, pos=array([0., 0.]), size=array([1., 1.]), units='norm', vertices=array([[ 0.5 , -0.05],
       [ 0.5 ,  0.05]]), win=Window(...), windingRule=None)
166.2608 	EXP 	Created unnamed TextStim = TextStim(__class__=<class 'psychopy.visual.text.TextStim'>, alignHoriz=method-wrapper(...), alignText='center', alignVert=method-wrapper(...), anchorHoriz='center', anchorVert='center', antialias=True, autoLog=True, bold=False, color=array([1., 1., 1.]), colorSpace='rgb', contrast=1.0, depth=0, flipHoriz=False, flipVert=False, font='', fontFiles=[], height=0.05, italic=False, languageStyle='LTR', name='unnamed TextStim', opacity=1.0, ori=0.0, pos=array([-0.5, -0.1]), rgb=UNKNOWN, text='Clearly \n SPONTANEOUS', units='norm', win=Window(...), wrapWidth=1)
166.2619 	EXP 	Created unnamed TextStim = TextStim(__class__=<class 'psychopy.visual.text.TextStim'>, alignHoriz=method-wrapper(...), alignText='center', alignVert=method-wrapper(...), anchorHoriz='center', anchorVert='center', antialias=True, autoLog=True, bold=False, color=array([1., 1., 1.]), colorSpace='rgb', contrast=1.0, depth=0, flipHoriz=False, flipVert=False, font='', fontFiles=[], height=0.05, italic=False, languageStyle='LTR', name='unnamed TextStim', opacity=1.0, ori=0.0, pos=array([-0.16666667, -0.1       ]), rgb=UNKNOWN, text='', units='norm', win=Window(...), wrapWidth=1)
166.2631 	EXP 	Created unnamed TextStim = TextStim(__class__=<class 'psychopy.visual.text.TextStim'>, alignHoriz=method-wrapper(...), alignText='center', alignVert=method-wrapper(...), anchorHoriz='center', anchorVert='center', antialias=True, autoLog=True, bold=False, color=array([1., 1., 1.]), colorSpace='rgb', contrast=1.0, depth=0, flipHoriz=False, flipVert=False, font='', fontFiles=[], height=0.05, italic=False, languageStyle='LTR', name='unnamed TextStim', opacity=1.0, ori=0.0, pos=array([ 0.16666667, -0.1       ]), rgb=UNKNOWN, text='', units='norm', win=Window(...), wrapWidth=1)
166.2688 	EXP 	Created unnamed TextStim = TextStim(__class__=<class 'psychopy.visual.text.TextStim'>, alignHoriz=method-wrapper(...), alignText='center', alignVert=method-wrapper(...), anchorHoriz='center', anchorVert='center', antialias=True, autoLog=True, bold=False, color=array([1., 1., 1.]), colorSpace='rgb', contrast=1.0, depth=0, flipHoriz=False, flipVert=False, font='', fontFiles=[], height=0.05, italic=False, languageStyle='LTR', name='unnamed TextStim', opacity=1.0, ori=0.0, pos=array([ 0.5, -0.1]), rgb=UNKNOWN, text='Clearly \n DELIBERATE', units='norm', win=Window(...), wrapWidth=1)
166.2707 	EXP 	Created unnamed ShapeStim = ShapeStim(__class__=<class 'psychopy.visual.shape.ShapeStim'>, autoDraw=False, autoLog=True, closeShape=True, color=method-wrapper(...), colorSpace='rgb', contrast=None, depth=0, fillColor=array([1, 1, 1]), fillColorSpace='rgb', fillRGB=array([1, 1, 1]), interpolate=True, lineColor=array([-1., -1., -1.]), lineColorSpace='rgb', lineRGB=array([-1, -1, -1]), lineWidth=1.5, name='unnamed ShapeStim', opacity=1.0, ori=0.0, pos=array([0., 0.]), size=array([1., 1.]), units='norm', vertices=ndarray(...), win=Window(...), windingRule=None)
166.3202 	EXP 	Sound  set volume 1.000
166.3503 	EXP 	unnamed ShapeStim: vertices = <class 'numpy.ndarray'>
166.3503 	EXP 	unnamed ShapeStim: vertices = <class 'numpy.ndarray'>
166.3503 	EXP 	unnamed ShapeStim: vertices = <class 'numpy.ndarray'>
170.6626 	DATA 	Keypress: rctrl
171.1833 	EXP 	Sound  started
171.4305 	DATA 	Keypress: rctrl
171.8626 	DATA 	Keypress: rctrl
171.9333 	EXP 	Sound  started
172.5666 	DATA 	Keypress: rctrl
172.6833 	EXP 	Sound  started
173.3345 	DATA 	Keypress: rctrl
173.4333 	EXP 	Sound  started
174.1506 	DATA 	Keypress: rctrl
174.1833 	EXP 	Sound  started
174.8705 	DATA 	Keypress: rctrl
174.9333 	EXP 	Sound  started
175.5906 	DATA 	Keypress: lctrl
175.6833 	EXP 	Sound  started
176.3266 	DATA 	Keypress: lctrl
176.4333 	EXP 	Sound  started
177.1267 	DATA 	Keypress: rctrl
177.1834 	EXP 	Sound  started
177.8626 	DATA 	Keypress: rctrl
177.9334 	EXP 	Sound  started
178.5666 	DATA 	Keypress: rctrl
178.6834 	EXP 	Sound  started
179.3666 	DATA 	Keypress: lctrl
179.4334 	EXP 	Sound  started
180.1186 	DATA 	Keypress: lctrl
180.1834 	EXP 	Sound  started
180.8706 	DATA 	Keypress: rctrl
180.9334 	EXP 	Sound  started
181.6834 	EXP 	Sound  started
181.7346 	DATA 	Keypress: lctrl
182.4066 	DATA 	Keypress: lctrl
182.4335 	EXP 	Sound  started
183.1835 	EXP 	Sound  started
183.2226 	DATA 	Keypress: lctrl
183.9335 	EXP 	Sound  started
183.9426 	DATA 	Keypress: lctrl
184.6835 	EXP 	Sound  started
184.7585 	DATA 	Keypress: rctrl
185.3986 	DATA 	Keypress: rctrl
185.4335 	EXP 	Sound  started
186.1666 	DATA 	Keypress: lctrl
186.1835 	EXP 	Sound  started
186.8866 	DATA 	Keypress: lctrl
186.9335 	EXP 	Sound  started
187.5746 	DATA 	Keypress: lctrl
187.6836 	EXP 	Sound  started
188.3425 	DATA 	Keypress: lctrl
188.4336 	EXP 	Sound  started
189.0626 	DATA 	Keypress: lctrl
189.1836 	EXP 	Sound  started
189.7985 	DATA 	Keypress: lctrl
189.9336 	EXP 	Sound  started
190.5345 	DATA 	Keypress: lctrl
190.6836 	EXP 	Sound  started
191.2386 	DATA 	Keypress: lctrl
191.4336 	EXP 	Sound  started
192.0066 	DATA 	Keypress: rctrl
192.1837 	EXP 	Sound  started
192.7105 	DATA 	Keypress: rctrl
192.9337 	EXP 	Sound  started
193.4946 	DATA 	Keypress: lctrl
193.6837 	EXP 	Sound  started
194.3426 	DATA 	Keypress: rctrl
194.4337 	EXP 	Sound  started
195.0626 	DATA 	Keypress: rctrl
195.1837 	EXP 	Sound  started
195.8146 	DATA 	Keypress: lctrl
195.9337 	EXP 	Sound  started
196.6146 	DATA 	Keypress: rctrl
196.6837 	EXP 	Sound  started
197.3185 	DATA 	Keypress: rctrl
197.4338 	EXP 	Sound  started
198.0386 	DATA 	Keypress: lctrl
198.1838 	EXP 	Sound  started
198.8545 	DATA 	Keypress: rctrl
198.9338 	EXP 	Sound  started
199.6838 	EXP 	Sound  started
199.7505 	DATA 	Keypress: rctrl
200.3425 	DATA 	Keypress: rctrl
200.4338 	EXP 	Sound  started
201.0946 	DATA 	Keypress: lctrl
201.1838 	EXP 	Sound  started
201.9105 	DATA 	Keypress: rctrl
201.9338 	EXP 	Sound  started
202.6839 	EXP 	Sound  started
202.7425 	DATA 	Keypress: rctrl
203.3666 	DATA 	Keypress: rctrl
203.4339 	EXP 	Sound  started
204.1185 	DATA 	Keypress: lctrl
204.1839 	EXP 	Sound  started
204.9339 	EXP 	Sound  started
204.9346 	DATA 	Keypress: lctrl
205.5586 	DATA 	Keypress: rctrl
205.6839 	EXP 	Sound  started
206.2626 	DATA 	Keypress: rctrl
206.4339 	EXP 	Sound  started
207.0946 	DATA 	Keypress: lctrl
207.1840 	EXP 	Sound  started
207.8466 	DATA 	Keypress: lctrl
207.9340 	EXP 	Sound  started
208.6306 	DATA 	Keypress: rctrl
208.6840 	EXP 	Sound  started
209.3346 	DATA 	Keypress: rctrl
209.4340 	EXP 	Sound  started
210.0866 	DATA 	Keypress: rctrl
210.1840 	EXP 	Sound  started
210.9026 	DATA 	Keypress: rctrl
210.9340 	EXP 	Sound  started
211.5906 	DATA 	Keypress: lctrl
211.6840 	EXP 	Sound  started
212.3425 	DATA 	Keypress: rctrl
212.4341 	EXP 	Sound  started
213.1106 	DATA 	Keypress: lctrl
213.1841 	EXP 	Sound  started
213.8785 	DATA 	Keypress: lctrl
213.9341 	EXP 	Sound  started
214.5505 	DATA 	Keypress: rctrl
214.6841 	EXP 	Sound  started
215.3025 	DATA 	Keypress: rctrl
215.4341 	EXP 	Sound  started
216.0705 	DATA 	Keypress: lctrl
216.1841 	EXP 	Sound  started
216.7906 	DATA 	Keypress: lctrl
216.9341 	EXP 	Sound  started
217.5105 	DATA 	Keypress: rctrl
217.6842 	EXP 	Sound  started
218.2785 	DATA 	Keypress: rctrl
218.4342 	EXP 	Sound  started
219.0465 	DATA 	Keypress: rctrl
219.1842 	EXP 	Sound  started
219.8626 	DATA 	Keypress: lctrl
219.9342 	EXP 	Sound  started
220.6145 	DATA 	Keypress: rctrl
220.6842 	EXP 	Sound  started
221.2866 	DATA 	Keypress: rctrl
221.4342 	EXP 	Sound  started
222.1186 	DATA 	Keypress: rctrl
222.1842 	EXP 	Sound  started
222.9026 	DATA 	Keypress: lctrl
222.9342 	EXP 	Sound  started
223.5426 	DATA 	Keypress: rctrl
223.6843 	EXP 	Sound  started
224.2465 	DATA 	Keypress: rctrl
224.4343 	EXP 	Sound  started
225.0946 	DATA 	Keypress: lctrl
225.1843 	EXP 	Sound  started
225.9106 	DATA 	Keypress: rctrl
225.9343 	EXP 	Sound  started
226.5825 	DATA 	Keypress: lctrl
226.6843 	EXP 	Sound  started
227.3985 	DATA 	Keypress: rctrl
227.4700 	EXP 	unnamed TextStim: text = ''
227.4700 	EXP 	unnamed TextStim: text = ''
230.6309 	DATA 	Keypress: 3
230.6475 	EXP 	unnamed ShapeStim: vertices = <class 'numpy.ndarray'>
232.1988 	EXP 	unnamed TextStim: text = ''
232.1988 	EXP 	unnamed TextStim: text = ''
236.4563 	DATA 	Keypress: 3
236.4856 	EXP 	unnamed ShapeStim: vertices = <class 'numpy.ndarray'>
238.0369 	EXP 	unnamed TextStim: text = ''
238.0369 	EXP 	unnamed TextStim: text = ''
242.6575 	DATA 	Keypress: 3
242.6740 	EXP 	unnamed ShapeStim: vertices = <class 'numpy.ndarray'>
244.9582 	EXP 	Sound  started
245.1906 	DATA 	Keypress: rctrl
245.7081 	EXP 	Sound  started
245.7185 	DATA 	Keypress: rctrl
246.4226 	DATA 	Keypress: rctrl
246.4581 	EXP 	Sound  started
247.1265 	DATA 	Keypress: lctrl
247.2081 	EXP 	Sound  started
247.9582 	EXP 	Sound  started
247.9746 	DATA 	Keypress: lctrl
248.6625 	DATA 	Keypress: rctrl
248.7082 	EXP 	Sound  started
249.3826 	DATA 	Keypress: rctrl
249.4582 	EXP 	Sound  started
250.1665 	DATA 	Keypress: lctrl
250.2082 	EXP 	Sound  started
250.9506 	DATA 	Keypress: lctrl
250.9582 	EXP 	Sound  started
251.7026 	DATA 	Keypress: lctrl
251.7082 	EXP 	Sound  started
252.4065 	DATA 	Keypress: rctrl
252.4582 	EXP 	Sound  started
253.1265 	DATA 	Keypress: lctrl
253.2082 	EXP 	Sound  started
253.8466 	DATA 	Keypress: rctrl
253.9583 	EXP 	Sound  started
254.6466 	DATA 	Keypress: lctrl
254.7083 	EXP 	Sound  started
255.3666 	DATA 	Keypress: rctrl
255.4583 	EXP 	Sound  started
256.2083 	EXP 	Sound  started
256.2305 	DATA 	Keypress: rctrl
256.9025 	DATA 	Keypress: rctrl
256.9583 	EXP 	Sound  started
257.6385 	DATA 	Keypress: rctrl
257.7083 	EXP 	Sound  started
258.4066 	DATA 	Keypress: lctrl
258.4584 	EXP 	Sound  started
259.2084 	EXP 	Sound  started
259.2226 	DATA 	Keypress: lctrl
259.9584 	EXP 	Sound  started
259.9745 	DATA 	Keypress: rctrl
260.7084 	EXP 	Sound  started
260.7265 	DATA 	Keypress: lctrl
261.4584 	EXP 	Sound  started
261.5106 	DATA 	Keypress: lctrl
262.2084 	EXP 	Sound  started
262.2626 	DATA 	Keypress: rctrl
262.9346 	DATA 	Keypress: lctrl
262.9585 	EXP 	Sound  started
263.6226 	DATA 	Keypress: lctrl
263.7085 	EXP 	Sound  started
264.4585 	EXP 	Sound  started
264.4706 	DATA 	Keypress: rctrl
265.2085 	EXP 	Sound  started
265.2385 	DATA 	Keypress: lctrl
265.9585 	DATA 	Keypress: rctrl
265.9588 	EXP 	Sound  started
266.7088 	EXP 	Sound  started
266.7585 	DATA 	Keypress: lctrl
267.4465 	DATA 	Keypress: lctrl
267.4588 	EXP 	Sound  started
268.1826 	DATA 	Keypress: lctrl
268.2088 	EXP 	Sound  started
268.9185 	DATA 	Keypress: lctrl
268.9589 	EXP 	Sound  started
269.6865 	DATA 	Keypress: rctrl
269.7089 	EXP 	Sound  started
270.3905 	DATA 	Keypress: rctrl
270.4589 	EXP 	Sound  started
271.0785 	DATA 	Keypress: rctrl
271.2089 	EXP 	Sound  started
271.8465 	DATA 	Keypress: rctrl
271.9589 	EXP 	Sound  started
272.6306 	DATA 	Keypress: lctrl
272.7089 	EXP 	Sound  started
273.4306 	DATA 	Keypress: lctrl
273.4589 	EXP 	Sound  started
274.1505 	DATA 	Keypress: rctrl
274.2090 	EXP 	Sound  started
274.9185 	DATA 	Keypress: lctrl
274.9590 	EXP 	Sound  started
275.7090 	EXP 	Sound  started
275.7185 	DATA 	Keypress: rctrl
276.4385 	DATA 	Keypress: rctrl
276.4590 	EXP 	Sound  started
277.1745 	DATA 	Keypress: lctrl
277.2090 	EXP 	Sound  started
277.8786 	DATA 	Keypress: rctrl
277.9590 	EXP 	Sound  started
278.6785 	DATA 	Keypress: rctrl
278.7090 	EXP 	Sound  started
279.3826 	DATA 	Keypress: rctrl
279.4591 	EXP 	Sound  started
280.1185 	DATA 	Keypress: rctrl
280.2091 	EXP 	Sound  started
280.8545 	DATA 	Keypress: rctrl
280.9591 	EXP 	Sound  started
281.6385 	DATA 	Keypress: lctrl
281.7091 	EXP 	Sound  started
282.3905 	DATA 	Keypress: rctrl
282.4591 	EXP 	Sound  started
283.1425 	DATA 	Keypress: lctrl
283.2091 	EXP 	Sound  started
283.8466 	DATA 	Keypress: lctrl
283.9592 	EXP 	Sound  started
284.6625 	DATA 	Keypress: rctrl
284.7092 	EXP 	Sound  started
285.3506 	DATA 	Keypress: rctrl
285.4592 	EXP 	Sound  started
286.1825 	DATA 	Keypress: lctrl
286.2092 	EXP 	Sound  started
286.9505 	DATA 	Keypress: rctrl
286.9592 	EXP 	Sound  started
287.6545 	DATA 	Keypress: lctrl
287.7092 	EXP 	Sound  started
288.4593 	EXP 	Sound  started
288.4705 	DATA 	Keypress: lctrl
289.1905 	DATA 	Keypress: rctrl
289.2093 	EXP 	Sound  started
289.8786 	DATA 	Keypress: rctrl
289.9593 	EXP 	Sound  started
290.5985 	DATA 	Keypress: lctrl
290.7093 	EXP 	Sound  started
291.3825 	DATA 	Keypress: rctrl
291.4593 	EXP 	Sound  started
292.0705 	DATA 	Keypress: rctrl
292.2093 	EXP 	Sound  started
292.9186 	DATA 	Keypress: rctrl
292.9593 	EXP 	Sound  started
293.6867 	DATA 	Keypress: lctrl
293.7094 	EXP 	Sound  started
294.4066 	DATA 	Keypress: lctrl
294.4594 	EXP 	Sound  started
295.1585 	DATA 	Keypress: lctrl
295.2094 	EXP 	Sound  started
295.8946 	DATA 	Keypress: lctrl
295.9594 	EXP 	Sound  started
296.6626 	DATA 	Keypress: rctrl
296.7094 	EXP 	Sound  started
297.4145 	DATA 	Keypress: rctrl
297.4594 	EXP 	Sound  started
298.1505 	DATA 	Keypress: lctrl
298.2094 	EXP 	Sound  started
298.9185 	DATA 	Keypress: rctrl
298.9595 	EXP 	Sound  started
299.5905 	DATA 	Keypress: rctrl
299.7095 	EXP 	Sound  started
300.3425 	DATA 	Keypress: rctrl
300.4595 	EXP 	Sound  started
301.1586 	DATA 	Keypress: lctrl
301.2095 	EXP 	Sound  started
301.8945 	DATA 	Keypress: rctrl
304.4914 	DATA 	Keypress: 4
304.5080 	EXP 	unnamed ShapeStim: vertices = <class 'numpy.ndarray'>
308.2487 	DATA 	Keypress: 1
308.2777 	EXP 	unnamed ShapeStim: vertices = <class 'numpy.ndarray'>
315.5672 	DATA 	Keypress: 3
315.5837 	EXP 	unnamed ShapeStim: vertices = <class 'numpy.ndarray'>
317.8686 	EXP 	Sound  started
318.2146 	DATA 	Keypress: lctrl
318.6186 	EXP 	Sound  started
318.7425 	DATA 	Keypress: lctrl
319.3686 	EXP 	Sound  started
319.3985 	DATA 	Keypress: lctrl
320.0865 	DATA 	Keypress: lctrl
320.1186 	EXP 	Sound  started
320.8066 	DATA 	Keypress: lctrl
320.8686 	EXP 	Sound  started
321.5266 	DATA 	Keypress: lctrl
321.6186 	EXP 	Sound  started
322.3265 	DATA 	Keypress: lctrl
322.3686 	EXP 	Sound  started
322.9985 	DATA 	Keypress: lctrl
323.1187 	EXP 	Sound  started
323.7346 	DATA 	Keypress: lctrl
323.8687 	EXP 	Sound  started
324.5025 	DATA 	Keypress: lctrl
324.6187 	EXP 	Sound  started
325.2065 	DATA 	Keypress: lctrl
325.3687 	EXP 	Sound  started
325.9905 	DATA 	Keypress: lctrl
326.1187 	EXP 	Sound  started
326.7905 	DATA 	Keypress: lctrl
326.8687 	EXP 	Sound  started
327.5586 	DATA 	Keypress: lctrl
327.6188 	EXP 	Sound  started
328.3265 	DATA 	Keypress: lctrl
328.3688 	EXP 	Sound  started
329.0785 	DATA 	Keypress: lctrl
329.1188 	EXP 	Sound  started
329.8465 	DATA 	Keypress: lctrl
329.8688 	EXP 	Sound  started
330.5985 	DATA 	Keypress: lctrl
330.6188 	EXP 	Sound  started
331.3026 	DATA 	Keypress: lctrl
331.3688 	EXP 	Sound  started
332.0705 	DATA 	Keypress: lctrl
332.1188 	EXP 	Sound  started
332.8689 	EXP 	Sound  started
333.6189 	EXP 	Sound  started
333.6385 	DATA 	Keypress: rctrl
334.3426 	DATA 	Keypress: rctrl
334.3689 	EXP 	Sound  started
335.0785 	DATA 	Keypress: rctrl
335.1189 	EXP 	Sound  started
335.7825 	DATA 	Keypress: lctrl
335.8689 	EXP 	Sound  started
336.5985 	DATA 	Keypress: rctrl
336.6189 	EXP 	Sound  started
337.3186 	DATA 	Keypress: rctrl
337.3690 	EXP 	Sound  started
338.0225 	DATA 	Keypress: lctrl
338.1190 	EXP 	Sound  started
338.8066 	DATA 	Keypress: rctrl
338.8690 	EXP 	Sound  started
339.6190 	EXP 	Sound  started
339.6546 	DATA 	Keypress: rctrl
340.2785 	DATA 	Keypress: lctrl
340.3690 	EXP 	Sound  started
341.0145 	DATA 	Keypress: lctrl
341.1190 	EXP 	Sound  started
341.7345 	DATA 	Keypress: rctrl
341.8691 	EXP 	Sound  started
342.5346 	DATA 	Keypress: rctrl
342.6191 	EXP 	Sound  started
343.2705 	DATA 	Keypress: rctrl
343.3691 	EXP 	Sound  started
343.8945 	DATA 	Keypress: lctrl
344.1191 	EXP 	Sound  started
344.8545 	DATA 	Keypress: rctrl
344.8691 	EXP 	Sound  started
345.5745 	DATA 	Keypress: rctrl
345.6191 	EXP 	Sound  started
346.2786 	DATA 	Keypress: rctrl
346.3691 	EXP 	Sound  started
346.9665 	DATA 	Keypress: rctrl
347.1192 	EXP 	Sound  started
347.7985 	DATA 	Keypress: rctrl
347.8692 	EXP 	Sound  started
348.5505 	DATA 	Keypress: rctrl
348.6192 	EXP 	Sound  started
349.3025 	DATA 	Keypress: rctrl
349.3692 	EXP 	Sound  started
350.0385 	DATA 	Keypress: rctrl
350.1192 	EXP 	Sound  started
350.6785 	DATA 	Keypress: lctrl
350.8692 	EXP 	Sound  started
351.5585 	DATA 	Keypress: rctrl
351.6193 	EXP 	Sound  started
352.3105 	DATA 	Keypress: rctrl
352.3693 	EXP 	Sound  started
353.0145 	DATA 	Keypress: rctrl
353.1193 	EXP 	Sound  started
353.7505 	DATA 	Keypress: lctrl
353.8693 	EXP 	Sound  started
354.5346 	DATA 	Keypress: lctrl
354.6193 	EXP 	Sound  started
355.3025 	DATA 	Keypress: rctrl
355.3693 	EXP 	Sound  started
356.0546 	DATA 	Keypress: rctrl
356.1193 	EXP 	Sound  started
356.7905 	DATA 	Keypress: lctrl
356.8694 	EXP 	Sound  started
357.5266 	DATA 	Keypress: rctrl
357.6194 	EXP 	Sound  started
358.3425 	DATA 	Keypress: lctrl
358.3694 	EXP 	Sound  started
359.0945 	DATA 	Keypress: lctrl
359.1194 	EXP 	Sound  started
359.8145 	DATA 	Keypress: rctrl
359.8694 	EXP 	Sound  started
360.5825 	DATA 	Keypress: rctrl
360.6194 	EXP 	Sound  started
361.3694 	EXP 	Sound  started
361.3825 	DATA 	Keypress: lctrl
362.0385 	DATA 	Keypress: rctrl
362.1195 	EXP 	Sound  started
362.7585 	DATA 	Keypress: rctrl
362.8695 	EXP 	Sound  started
363.4945 	DATA 	Keypress: rctrl
363.6195 	EXP 	Sound  started
364.2305 	DATA 	Keypress: lctrl
364.3695 	EXP 	Sound  started
365.0466 	DATA 	Keypress: rctrl
365.1195 	EXP 	Sound  started
365.7826 	DATA 	Keypress: lctrl
365.8695 	EXP 	Sound  started
366.5505 	DATA 	Keypress: rctrl
366.6196 	EXP 	Sound  started
367.3665 	DATA 	Keypress: rctrl
367.3696 	EXP 	Sound  started
368.0705 	DATA 	Keypress: rctrl
368.1196 	EXP 	Sound  started
368.8385 	DATA 	Keypress: lctrl
373.0643 	DATA 	Keypress: 4
373.0808 	EXP 	unnamed ShapeStim: vertices = <class 'numpy.ndarray'>
378.3019 	DATA 	Keypress: 1
378.3184 	EXP 	unnamed ShapeStim: vertices = <class 'numpy.ndarray'>
385.3744 	DATA 	Keypress: 4
385.3909 	EXP 	unnamed ShapeStim: vertices = <class 'numpy.ndarray'>
387.6760 	EXP 	Sound  started
387.9106 	DATA 	Keypress: rctrl
388.4260 	EXP 	Sound  started
388.4385 	DATA 	Keypress: rctrl
389.0466 	DATA 	Keypress: rctrl
389.1760 	EXP 	Sound  started
389.7825 	DATA 	Keypress: rctrl
389.9260 	EXP 	Sound  started
390.6760 	EXP 	Sound  started
390.6785 	DATA 	Keypress: rctrl
391.2865 	DATA 	Keypress: rctrl
391.4260 	EXP 	Sound  started
392.0545 	DATA 	Keypress: rctrl
392.1760 	EXP 	Sound  started
392.8545 	DATA 	Keypress: rctrl
392.9260 	EXP 	Sound  started
393.6226 	DATA 	Keypress: rctrl
393.6761 	EXP 	Sound  started
394.3746 	DATA 	Keypress: rctrl
394.4261 	EXP 	Sound  started
395.1265 	DATA 	Keypress: lctrl
395.1761 	EXP 	Sound  started
395.9261 	EXP 	Sound  started
395.9585 	DATA 	Keypress: lctrl
396.6465 	DATA 	Keypress: rctrl
396.6761 	EXP 	Sound  started
397.3826 	DATA 	Keypress: rctrl
397.4261 	EXP 	Sound  started
398.1762 	EXP 	Sound  started
398.1825 	DATA 	Keypress: lctrl
398.9025 	DATA 	Keypress: lctrl
398.9262 	EXP 	Sound  started
399.6706 	DATA 	Keypress: rctrl
399.6762 	EXP 	Sound  started
400.3425 	DATA 	Keypress: rctrl
400.4262 	EXP 	Sound  started
401.1746 	DATA 	Keypress: lctrl
401.1762 	EXP 	Sound  started
401.9105 	DATA 	Keypress: lctrl
401.9262 	EXP 	Sound  started
402.6465 	DATA 	Keypress: lctrl
402.6762 	EXP 	Sound  started
403.3185 	DATA 	Keypress: rctrl
403.4263 	EXP 	Sound  started
404.1763 	EXP 	Sound  started
404.1825 	DATA 	Keypress: lctrl
404.8225 	DATA 	Keypress: lctrl
404.9263 	EXP 	Sound  started
405.6225 	DATA 	Keypress: rctrl
405.6763 	EXP 	Sound  started
406.4065 	DATA 	Keypress: lctrl
406.4263 	EXP 	Sound  started
407.1763 	EXP 	Sound  started
407.2705 	DATA 	Keypress: lctrl
407.8625 	DATA 	Keypress: rctrl
407.9263 	EXP 	Sound  started
408.5826 	DATA 	Keypress: lctrl
408.6764 	EXP 	Sound  started
409.3505 	DATA 	Keypress: lctrl
409.4264 	EXP 	Sound  started
410.0385 	DATA 	Keypress: rctrl
410.1764 	EXP 	Sound  started
410.9264 	EXP 	Sound  started
410.9665 	DATA 	Keypress: lctrl
411.6764 	EXP 	Sound  started
411.7185 	DATA 	Keypress: lctrl
412.3425 	DATA 	Keypress: lctrl
412.4264 	EXP 	Sound  started
413.0465 	DATA 	Keypress: rctrl
413.1764 	EXP 	Sound  started
413.8625 	DATA 	Keypress: rctrl
413.9265 	EXP 	Sound  started
414.6305 	DATA 	Keypress: lctrl
414.6765 	EXP 	Sound  started
415.4265 	EXP 	Sound  started
415.4465 	DATA 	Keypress: lctrl
416.0706 	DATA 	Keypress: lctrl
416.1765 	EXP 	Sound  started
416.8866 	DATA 	Keypress: rctrl
416.9265 	EXP 	Sound  started
417.5906 	DATA 	Keypress: lctrl
417.6765 	EXP 	Sound  started
418.2625 	DATA 	Keypress: lctrl
418.4265 	EXP 	Sound  started
419.1586 	DATA 	Keypress: lctrl
419.1766 	EXP 	Sound  started
419.9265 	DATA 	Keypress: lctrl
419.9268 	EXP 	Sound  started
420.6306 	DATA 	Keypress: rctrl
420.6768 	EXP 	Sound  started
421.4268 	EXP 	Sound  started
421.4305 	DATA 	Keypress: rctrl
422.1768 	EXP 	Sound  started
422.1985 	DATA 	Keypress: lctrl
422.9268 	EXP 	Sound  started
422.9345 	DATA 	Keypress: rctrl
423.6768 	EXP 	Sound  started
423.6865 	DATA 	Keypress: lctrl
424.3745 	DATA 	Keypress: lctrl
424.4268 	EXP 	Sound  started
425.1265 	DATA 	Keypress: rctrl
425.1769 	EXP 	Sound  started
425.8785 	DATA 	Keypress: lctrl
425.9269 	EXP 	Sound  started
426.6769 	EXP 	Sound  started
426.6945 	DATA 	Keypress: rctrl
427.3665 	DATA 	Keypress: rctrl
427.4269 	EXP 	Sound  started
428.1769 	EXP 	Sound  started
428.2145 	DATA 	Keypress: lctrl
428.9185 	DATA 	Keypress: rctrl
428.9269 	EXP 	Sound  started
429.6770 	EXP 	Sound  started
429.7506 	DATA 	Keypress: lctrl
430.4270 	EXP 	Sound  started
430.5185 	DATA 	Keypress: rctrl
431.1265 	DATA 	Keypress: lctrl
431.1770 	EXP 	Sound  started
431.9105 	DATA 	Keypress: rctrl
435.6989 	DATA 	Keypress: 4
435.7154 	EXP 	unnamed ShapeStim: vertices = <class 'numpy.ndarray'>
443.3385 	DATA 	Keypress: 4
443.3550 	EXP 	unnamed ShapeStim: vertices = <class 'numpy.ndarray'>
447.5586 	DATA 	Keypress: 4
447.5752 	EXP 	unnamed ShapeStim: vertices = <class 'numpy.ndarray'>
449.8591 	EXP 	Sound  started
449.9745 	DATA 	Keypress: lctrl
450.5986 	DATA 	Keypress: lctrl
450.6091 	EXP 	Sound  started
451.3592 	EXP 	Sound  started
451.3665 	DATA 	Keypress: rctrl
452.0705 	DATA 	Keypress: rctrl
452.1092 	EXP 	Sound  started
452.8592 	EXP 	Sound  started
452.8865 	DATA 	Keypress: lctrl
453.5905 	DATA 	Keypress: rctrl
453.6092 	EXP 	Sound  started
454.3592 	EXP 	Sound  started
454.3745 	DATA 	Keypress: lctrl
455.0785 	DATA 	Keypress: lctrl
455.1092 	EXP 	Sound  started
455.8592 	EXP 	Sound  started
455.8625 	DATA 	Keypress: rctrl
456.6093 	EXP 	Sound  started
456.6465 	DATA 	Keypress: rctrl
457.3345 	DATA 	Keypress: lctrl
457.3593 	EXP 	Sound  started
458.0706 	DATA 	Keypress: lctrl
458.1093 	EXP 	Sound  started
458.7906 	DATA 	Keypress: rctrl
458.8593 	EXP 	Sound  started
459.5586 	DATA 	Keypress: rctrl
459.6093 	EXP 	Sound  started
460.2785 	DATA 	Keypress: lctrl
460.3593 	EXP 	Sound  started
461.0625 	DATA 	Keypress: lctrl
461.1093 	EXP 	Sound  started
461.8145 	DATA 	Keypress: rctrl
461.8593 	EXP 	Sound  started
462.5505 	DATA 	Keypress: rctrl
462.6094 	EXP 	Sound  started
463.3594 	EXP 	Sound  started
463.3665 	DATA 	Keypress: lctrl
464.0225 	DATA 	Keypress: lctrl
464.1094 	EXP 	Sound  started
464.8065 	DATA 	Keypress: lctrl
464.8594 	EXP 	Sound  started
465.5265 	DATA 	Keypress: lctrl
465.6094 	EXP 	Sound  started
466.3265 	DATA 	Keypress: rctrl
466.3594 	EXP 	Sound  started
467.0785 	DATA 	Keypress: rctrl
467.1094 	EXP 	Sound  started
467.8465 	DATA 	Keypress: rctrl
467.8595 	EXP 	Sound  started
468.6095 	EXP 	Sound  started
468.6148 	DATA 	Keypress: lctrl
469.3595 	EXP 	Sound  started
469.3985 	DATA 	Keypress: rctrl
470.1095 	EXP 	Sound  started
470.1185 	DATA 	Keypress: lctrl
470.8384 	DATA 	Keypress: rctrl
470.8595 	EXP 	Sound  started
471.5905 	DATA 	Keypress: lctrl
471.6095 	EXP 	Sound  started
472.3266 	DATA 	Keypress: lctrl
472.3595 	EXP 	Sound  started
473.0305 	DATA 	Keypress: rctrl
473.1096 	EXP 	Sound  started
473.8596 	EXP 	Sound  started
473.8625 	DATA 	Keypress: lctrl
474.6096 	EXP 	Sound  started
474.6145 	DATA 	Keypress: lctrl
475.3596 	EXP 	Sound  started
475.4145 	DATA 	Keypress: rctrl
476.1025 	DATA 	Keypress: rctrl
476.1096 	EXP 	Sound  started
476.8545 	DATA 	Keypress: rctrl
476.8596 	EXP 	Sound  started
477.5906 	DATA 	Keypress: rctrl
477.6097 	EXP 	Sound  started
478.3597 	EXP 	Sound  started
478.3905 	DATA 	Keypress: lctrl
479.1097 	EXP 	Sound  started
479.1425 	DATA 	Keypress: lctrl
479.8597 	EXP 	Sound  started
479.8785 	DATA 	Keypress: rctrl
480.5825 	DATA 	Keypress: rctrl
480.6097 	EXP 	Sound  started
481.3597 	EXP 	Sound  started
481.4146 	DATA 	Keypress: lctrl
482.0545 	DATA 	Keypress: lctrl
482.1097 	EXP 	Sound  started
482.8545 	DATA 	Keypress: lctrl
482.8598 	EXP 	Sound  started
483.5745 	DATA 	Keypress: lctrl
483.6098 	EXP 	Sound  started
484.3265 	DATA 	Keypress: rctrl
484.3598 	EXP 	Sound  started
485.0465 	DATA 	Keypress: rctrl
485.1098 	EXP 	Sound  started
485.8145 	DATA 	Keypress: rctrl
485.8598 	EXP 	Sound  started
486.6098 	EXP 	Sound  started
486.6305 	DATA 	Keypress: rctrl
487.3599 	EXP 	Sound  started
487.3665 	DATA 	Keypress: lctrl
488.1025 	DATA 	Keypress: rctrl
488.1099 	EXP 	Sound  started
488.8599 	EXP 	Sound  started
488.8705 	DATA 	Keypress: lctrl
489.5425 	DATA 	Keypress: lctrl
489.6099 	EXP 	Sound  started
490.3425 	DATA 	Keypress: rctrl
490.3599 	EXP 	Sound  started
491.1099 	EXP 	Sound  started
491.1105 	DATA 	Keypress: lctrl
491.8145 	DATA 	Keypress: lctrl
491.8599 	EXP 	Sound  started
492.6100 	EXP 	Sound  started
492.6465 	DATA 	Keypress: lctrl
493.3185 	DATA 	Keypress: rctrl
493.3600 	EXP 	Sound  started
494.0545 	DATA 	Keypress: rctrl
494.1100 	EXP 	Sound  started
494.8066 	DATA 	Keypress: lctrl
494.8600 	EXP 	Sound  started
495.5426 	DATA 	Keypress: rctrl
495.6100 	EXP 	Sound  started
496.3265 	DATA 	Keypress: rctrl
496.3600 	EXP 	Sound  started
497.0785 	DATA 	Keypress: rctrl
497.1101 	EXP 	Sound  started
497.8601 	EXP 	Sound  started
497.8786 	DATA 	Keypress: lctrl
498.5665 	DATA 	Keypress: lctrl
498.6101 	EXP 	Sound  started
499.3601 	EXP 	Sound  started
499.3825 	DATA 	Keypress: lctrl
500.1101 	EXP 	Sound  started
500.1345 	DATA 	Keypress: rctrl
500.8601 	EXP 	Sound  started
500.8705 	DATA 	Keypress: rctrl
501.5745 	DATA 	Keypress: lctrl
501.6102 	EXP 	Sound  started
502.3425 	DATA 	Keypress: lctrl
502.3602 	EXP 	Sound  started
503.0466 	DATA 	Keypress: rctrl
503.1102 	EXP 	Sound  started
503.8145 	DATA 	Keypress: rctrl
503.8602 	EXP 	Sound  started
504.5985 	DATA 	Keypress: lctrl
504.6102 	EXP 	Sound  started
505.2545 	DATA 	Keypress: lctrl
508.9756 	DATA 	Keypress: 4
508.9921 	EXP 	unnamed ShapeStim: vertices = <class 'numpy.ndarray'>
512.1282 	DATA 	Keypress: 1
512.1447 	EXP 	unnamed ShapeStim: vertices = <class 'numpy.ndarray'>
515.6978 	DATA 	Keypress: 4
515.7143 	EXP 	unnamed ShapeStim: vertices = <class 'numpy.ndarray'>
517.9992 	EXP 	Sound  started
518.2145 	DATA 	Keypress: rctrl
518.7491 	EXP 	Sound  started
518.7585 	DATA 	Keypress: rctrl
519.4145 	DATA 	Keypress: rctrl
519.4991 	EXP 	Sound  started
520.1985 	DATA 	Keypress: rctrl
520.2491 	EXP 	Sound  started
520.9345 	DATA 	Keypress: lctrl
520.9991 	EXP 	Sound  started
521.6705 	DATA 	Keypress: lctrl
521.7492 	EXP 	Sound  started
522.3264 	DATA 	Keypress: lctrl
522.4992 	EXP 	Sound  started
523.1586 	DATA 	Keypress: lctrl
523.2492 	EXP 	Sound  started
523.9425 	DATA 	Keypress: rctrl
523.9992 	EXP 	Sound  started
524.7265 	DATA 	Keypress: rctrl
524.7492 	EXP 	Sound  started
525.4992 	EXP 	Sound  started
525.5585 	DATA 	Keypress: rctrl
526.2492 	EXP 	Sound  started
526.2785 	DATA 	Keypress: lctrl
526.9993 	EXP 	Sound  started
527.0145 	DATA 	Keypress: lctrl
527.7493 	EXP 	Sound  started
527.7665 	DATA 	Keypress: rctrl
528.4865 	DATA 	Keypress: rctrl
528.4993 	EXP 	Sound  started
529.2065 	DATA 	Keypress: rctrl
529.2493 	EXP 	Sound  started
529.9905 	DATA 	Keypress: lctrl
529.9993 	EXP 	Sound  started
530.7493 	EXP 	Sound  started
530.7586 	DATA 	Keypress: lctrl
531.4625 	DATA 	Keypress: rctrl
531.4993 	EXP 	Sound  started
532.2305 	DATA 	Keypress: rctrl
532.2493 	EXP 	Sound  started
532.9665 	DATA 	Keypress: rctrl
532.9994 	EXP 	Sound  started
533.7494 	EXP 	Sound  started
533.7665 	DATA 	Keypress: lctrl
534.4705 	DATA 	Keypress: lctrl
534.4994 	EXP 	Sound  started
535.1905 	DATA 	Keypress: rctrl
535.2494 	EXP 	Sound  started
535.9905 	DATA 	Keypress: lctrl
535.9994 	EXP 	Sound  started
536.7494 	EXP 	Sound  started
536.7585 	DATA 	Keypress: lctrl
537.4995 	EXP 	Sound  started
537.5105 	DATA 	Keypress: lctrl
538.2466 	DATA 	Keypress: lctrl
538.2495 	EXP 	Sound  started
538.9985 	DATA 	Keypress: rctrl
538.9995 	EXP 	Sound  started
539.6865 	DATA 	Keypress: lctrl
539.7495 	EXP 	Sound  started
540.4706 	DATA 	Keypress: rctrl
540.4995 	EXP 	Sound  started
541.1904 	DATA 	Keypress: rctrl
541.2495 	EXP 	Sound  started
541.9745 	DATA 	Keypress: lctrl
541.9996 	EXP 	Sound  started
542.6945 	DATA 	Keypress: lctrl
542.7496 	EXP 	Sound  started
543.4996 	EXP 	Sound  started
543.5105 	DATA 	Keypress: lctrl
544.2496 	EXP 	Sound  started
544.2625 	DATA 	Keypress: lctrl
544.9665 	DATA 	Keypress: rctrl
544.9996 	EXP 	Sound  started
545.7185 	DATA 	Keypress: rctrl
545.7496 	EXP 	Sound  started
546.4996 	EXP 	Sound  started
546.5025 	DATA 	Keypress: lctrl
547.1905 	DATA 	Keypress: rctrl
547.2496 	EXP 	Sound  started
547.9584 	DATA 	Keypress: rctrl
547.9997 	EXP 	Sound  started
548.6625 	DATA 	Keypress: lctrl
548.7497 	EXP 	Sound  started
549.4785 	DATA 	Keypress: lctrl
549.4997 	EXP 	Sound  started
550.1665 	DATA 	Keypress: lctrl
550.2497 	EXP 	Sound  started
550.9825 	DATA 	Keypress: rctrl
550.9997 	EXP 	Sound  started
551.7185 	DATA 	Keypress: rctrl
551.7498 	EXP 	Sound  started
552.4865 	DATA 	Keypress: lctrl
552.4998 	EXP 	Sound  started
553.2065 	DATA 	Keypress: lctrl
553.2498 	EXP 	Sound  started
553.9998 	EXP 	Sound  started
554.0065 	DATA 	Keypress: lctrl
554.7264 	DATA 	Keypress: lctrl
554.7498 	EXP 	Sound  started
555.4998 	EXP 	Sound  started
555.5425 	DATA 	Keypress: rctrl
556.2144 	DATA 	Keypress: rctrl
556.2498 	EXP 	Sound  started
556.9345 	DATA 	Keypress: lctrl
556.9999 	EXP 	Sound  started
557.7185 	DATA 	Keypress: rctrl
557.7499 	EXP 	Sound  started
558.4999 	EXP 	Sound  started
558.6145 	DATA 	Keypress: lctrl
559.2499 	EXP 	Sound  started
559.2865 	DATA 	Keypress: rctrl
559.9905 	DATA 	Keypress: rctrl
559.9999 	EXP 	Sound  started
560.6786 	DATA 	Keypress: lctrl
560.7500 	EXP 	Sound  started
561.4945 	DATA 	Keypress: rctrl
561.5000 	EXP 	Sound  started
562.2465 	DATA 	Keypress: rctrl
562.2500 	EXP 	Sound  started
563.0000 	EXP 	Sound  started
563.0465 	DATA 	Keypress: rctrl
563.7500 	EXP 	Sound  started
563.7665 	DATA 	Keypress: rctrl
564.5000 	EXP 	Sound  started
564.5185 	DATA 	Keypress: lctrl
565.2385 	DATA 	Keypress: rctrl
565.2500 	EXP 	Sound  started
565.9585 	DATA 	Keypress: lctrl
566.0001 	EXP 	Sound  started
566.6786 	DATA 	Keypress: rctrl
566.7501 	EXP 	Sound  started
567.4465 	DATA 	Keypress: rctrl
567.5001 	EXP 	Sound  started
568.2785 	DATA 	Keypress: lctrl
571.8817 	DATA 	Keypress: 4
571.9103 	EXP 	unnamed ShapeStim: vertices = <class 'numpy.ndarray'>
575.1632 	DATA 	Keypress: 1
575.1797 	EXP 	unnamed ShapeStim: vertices = <class 'numpy.ndarray'>
576.9684 	DATA 	Keypress: 4
576.9978 	EXP 	unnamed ShapeStim: vertices = <class 'numpy.ndarray'>
579.2834 	EXP 	Sound  started
579.2838 	DATA 	Keypress: rctrl
579.9745 	DATA 	Keypress: rctrl
580.0333 	EXP 	Sound  started
580.7425 	DATA 	Keypress: rctrl
580.7833 	EXP 	Sound  started
581.5334 	EXP 	Sound  started
581.5745 	DATA 	Keypress: lctrl
582.2834 	EXP 	Sound  started
582.2945 	DATA 	Keypress: lctrl
582.9665 	DATA 	Keypress: rctrl
583.0334 	EXP 	Sound  started
583.7345 	DATA 	Keypress: lctrl
583.7834 	EXP 	Sound  started
584.4545 	DATA 	Keypress: rctrl
584.5334 	EXP 	Sound  started
585.2225 	DATA 	Keypress: lctrl
585.2834 	EXP 	Sound  started
586.0224 	DATA 	Keypress: lctrl
586.0335 	EXP 	Sound  started
586.7745 	DATA 	Keypress: lctrl
586.7835 	EXP 	Sound  started
587.4625 	DATA 	Keypress: rctrl
587.5335 	EXP 	Sound  started
588.1985 	DATA 	Keypress: lctrl
588.2835 	EXP 	Sound  started
588.9505 	DATA 	Keypress: lctrl
589.0335 	EXP 	Sound  started
589.6865 	DATA 	Keypress: rctrl
589.7835 	EXP 	Sound  started
590.4864 	DATA 	Keypress: rctrl
590.5335 	EXP 	Sound  started
591.2225 	DATA 	Keypress: rctrl
591.2836 	EXP 	Sound  started
591.9425 	DATA 	Keypress: lctrl
592.0336 	EXP 	Sound  started
592.7836 	EXP 	Sound  started
592.8385 	DATA 	Keypress: lctrl
593.4785 	DATA 	Keypress: rctrl
593.5336 	EXP 	Sound  started
594.2145 	DATA 	Keypress: rctrl
594.2836 	EXP 	Sound  started
594.9025 	DATA 	Keypress: lctrl
595.0336 	EXP 	Sound  started
595.7185 	DATA 	Keypress: rctrl
595.7836 	EXP 	Sound  started
596.4224 	DATA 	Keypress: rctrl
596.5337 	EXP 	Sound  started
597.1744 	DATA 	Keypress: lctrl
597.2837 	EXP 	Sound  started
597.9424 	DATA 	Keypress: lctrl
598.0337 	EXP 	Sound  started
598.6625 	DATA 	Keypress: lctrl
598.7837 	EXP 	Sound  started
599.4945 	DATA 	Keypress: lctrl
599.5337 	EXP 	Sound  started
600.2465 	DATA 	Keypress: rctrl
600.2837 	EXP 	Sound  started
600.9665 	DATA 	Keypress: rctrl
601.0338 	EXP 	Sound  started
601.7505 	DATA 	Keypress: rctrl
601.7838 	EXP 	Sound  started
602.3425 	DATA 	Keypress: lctrl
602.5338 	EXP 	Sound  started
603.2838 	EXP 	Sound  started
603.3185 	DATA 	Keypress: lctrl
604.0065 	DATA 	Keypress: rctrl
604.0338 	EXP 	Sound  started
604.7265 	DATA 	Keypress: rctrl
604.7838 	EXP 	Sound  started
605.5264 	DATA 	Keypress: lctrl
605.5339 	EXP 	Sound  started
606.2785 	DATA 	Keypress: lctrl
606.2839 	EXP 	Sound  started
606.9825 	DATA 	Keypress: lctrl
607.0339 	EXP 	Sound  started
607.7025 	DATA 	Keypress: lctrl
607.7839 	EXP 	Sound  started
608.4705 	DATA 	Keypress: lctrl
608.5339 	EXP 	Sound  started
609.2545 	DATA 	Keypress: rctrl
609.2839 	EXP 	Sound  started
610.0065 	DATA 	Keypress: lctrl
610.0340 	EXP 	Sound  started
610.7585 	DATA 	Keypress: rctrl
610.7840 	EXP 	Sound  started
611.5105 	DATA 	Keypress: rctrl
611.5340 	EXP 	Sound  started
612.2304 	DATA 	Keypress: lctrl
612.2840 	EXP 	Sound  started
612.9185 	DATA 	Keypress: lctrl
613.0340 	EXP 	Sound  started
613.6865 	DATA 	Keypress: rctrl
613.7840 	EXP 	Sound  started
614.4865 	DATA 	Keypress: rctrl
614.5341 	EXP 	Sound  started
615.2545 	DATA 	Keypress: rctrl
615.2841 	EXP 	Sound  started
615.9904 	DATA 	Keypress: lctrl
616.0341 	EXP 	Sound  started
616.7425 	DATA 	Keypress: rctrl
616.7841 	EXP 	Sound  started
617.5265 	DATA 	Keypress: rctrl
617.5342 	EXP 	Sound  started
618.2785 	DATA 	Keypress: lctrl
618.2842 	EXP 	Sound  started
619.0145 	DATA 	Keypress: rctrl
619.0342 	EXP 	Sound  started
619.7505 	DATA 	Keypress: rctrl
619.7842 	EXP 	Sound  started
620.4545 	DATA 	Keypress: lctrl
620.5342 	EXP 	Sound  started
621.2842 	EXP 	Sound  started
621.3185 	DATA 	Keypress: rctrl
622.0225 	DATA 	Keypress: rctrl
622.0342 	EXP 	Sound  started
622.7745 	DATA 	Keypress: lctrl
622.7843 	EXP 	Sound  started
623.5105 	DATA 	Keypress: lctrl
623.5343 	EXP 	Sound  started
624.2843 	EXP 	Sound  started
624.2945 	DATA 	Keypress: lctrl
624.9985 	DATA 	Keypress: lctrl
625.0343 	EXP 	Sound  started
625.7345 	DATA 	Keypress: rctrl
625.7843 	EXP 	Sound  started
626.4705 	DATA 	Keypress: rctrl
626.5343 	EXP 	Sound  started
627.2065 	DATA 	Keypress: lctrl
627.2844 	EXP 	Sound  started
628.0225 	DATA 	Keypress: rctrl
628.0344 	EXP 	Sound  started
628.8243 	DATA 	Keypress: rctrl
631.1590 	DATA 	Keypress: 4
631.1755 	EXP 	unnamed ShapeStim: vertices = <class 'numpy.ndarray'>
633.9447 	DATA 	Keypress: 1
633.9612 	EXP 	unnamed ShapeStim: vertices = <class 'numpy.ndarray'>
635.7838 	DATA 	Keypress: 4
635.8132 	EXP 	unnamed ShapeStim: vertices = <class 'numpy.ndarray'>
638.0973 	EXP 	Sound  started
638.2944 	DATA 	Keypress: rctrl
638.8472 	EXP 	Sound  started
638.8545 	DATA 	Keypress: rctrl
639.5906 	DATA 	Keypress: lctrl
639.5972 	EXP 	Sound  started
640.2945 	DATA 	Keypress: lctrl
640.3472 	EXP 	Sound  started
641.0145 	DATA 	Keypress: rctrl
641.0972 	EXP 	Sound  started
641.7665 	DATA 	Keypress: rctrl
641.8473 	EXP 	Sound  started
642.5184 	DATA 	Keypress: rctrl
642.5973 	EXP 	Sound  started
643.2385 	DATA 	Keypress: rctrl
643.3473 	EXP 	Sound  started
644.0385 	DATA 	Keypress: rctrl
644.0973 	EXP 	Sound  started
644.8065 	DATA 	Keypress: rctrl
644.8473 	EXP 	Sound  started
645.5585 	DATA 	Keypress: rctrl
645.5973 	EXP 	Sound  started
646.2465 	DATA 	Keypress: lctrl
646.3474 	EXP 	Sound  started
647.0305 	DATA 	Keypress: lctrl
647.0974 	EXP 	Sound  started
647.7825 	DATA 	Keypress: rctrl
647.8474 	EXP 	Sound  started
648.5974 	EXP 	Sound  started
648.5985 	DATA 	Keypress: lctrl
649.3024 	DATA 	Keypress: rctrl
649.3474 	EXP 	Sound  started
650.0865 	DATA 	Keypress: rctrl
650.0974 	EXP 	Sound  started
650.8225 	DATA 	Keypress: lctrl
650.8474 	EXP 	Sound  started
651.5975 	EXP 	Sound  started
651.6065 	DATA 	Keypress: rctrl
652.3425 	DATA 	Keypress: lctrl
652.3475 	EXP 	Sound  started
653.0944 	DATA 	Keypress: lctrl
653.0975 	EXP 	Sound  started
653.8475 	EXP 	Sound  started
653.8785 	DATA 	Keypress: lctrl
654.5975 	EXP 	Sound  started
654.6465 	DATA 	Keypress: rctrl
655.3475 	EXP 	Sound  started
655.3505 	DATA 	Keypress: lctrl
656.0865 	DATA 	Keypress: lctrl
656.0975 	EXP 	Sound  started
656.8064 	DATA 	Keypress: rctrl
656.8476 	EXP 	Sound  started
657.5585 	DATA 	Keypress: rctrl
657.5976 	EXP 	Sound  started
658.2785 	DATA 	Keypress: rctrl
658.3476 	EXP 	Sound  started
659.0305 	DATA 	Keypress: lctrl
659.0976 	EXP 	Sound  started
659.7825 	DATA 	Keypress: lctrl
659.8476 	EXP 	Sound  started
660.5665 	DATA 	Keypress: lctrl
660.5976 	EXP 	Sound  started
661.2864 	DATA 	Keypress: lctrl
661.3476 	EXP 	Sound  started
662.0065 	DATA 	Keypress: rctrl
662.0976 	EXP 	Sound  started
662.7585 	DATA 	Keypress: lctrl
662.8477 	EXP 	Sound  started
663.5425 	DATA 	Keypress: rctrl
663.5977 	EXP 	Sound  started
664.3264 	DATA 	Keypress: rctrl
664.3477 	EXP 	Sound  started
665.0785 	DATA 	Keypress: lctrl
665.0977 	EXP 	Sound  started
665.8477 	EXP 	Sound  started
665.8625 	DATA 	Keypress: lctrl
666.5505 	DATA 	Keypress: lctrl
666.5977 	EXP 	Sound  started
667.3025 	DATA 	Keypress: lctrl
667.3478 	EXP 	Sound  started
668.0545 	DATA 	Keypress: rctrl
668.0978 	EXP 	Sound  started
668.7745 	DATA 	Keypress: lctrl
668.8478 	EXP 	Sound  started
669.5745 	DATA 	Keypress: rctrl
669.5978 	EXP 	Sound  started
670.3264 	DATA 	Keypress: rctrl
670.3478 	EXP 	Sound  started
671.0626 	DATA 	Keypress: lctrl
671.0978 	EXP 	Sound  started
671.8145 	DATA 	Keypress: rctrl
671.8478 	EXP 	Sound  started
672.5505 	DATA 	Keypress: rctrl
672.5979 	EXP 	Sound  started
673.2545 	DATA 	Keypress: lctrl
673.3479 	EXP 	Sound  started
674.0865 	DATA 	Keypress: lctrl
674.0979 	EXP 	Sound  started
674.8479 	EXP 	Sound  started
674.9185 	DATA 	Keypress: rctrl
674.9507 	DATA 	Keypress: lctrl
675.5979 	EXP 	Sound  started
675.6705 	DATA 	Keypress: lctrl
676.3479 	EXP 	Sound  started
677.0979 	EXP 	Sound  started
677.1265 	DATA 	Keypress: lctrl
677.8480 	EXP 	Sound  started
677.8625 	DATA 	Keypress: lctrl
678.5980 	EXP 	Sound  started
678.6145 	DATA 	Keypress: rctrl
679.3480 	EXP 	Sound  started
679.3505 	DATA 	Keypress: rctrl
680.0704 	DATA 	Keypress: lctrl
680.0980 	EXP 	Sound  started
680.8386 	DATA 	Keypress: rctrl
680.8480 	EXP 	Sound  started
681.5980 	EXP 	Sound  started
681.6065 	DATA 	Keypress: rctrl
682.2944 	DATA 	Keypress: lctrl
682.3481 	EXP 	Sound  started
683.0981 	EXP 	Sound  started
683.1425 	DATA 	Keypress: lctrl
683.8304 	DATA 	Keypress: rctrl
683.8481 	EXP 	Sound  started
684.5665 	DATA 	Keypress: rctrl
684.5981 	EXP 	Sound  started
685.3481 	EXP 	Sound  started
685.3505 	DATA 	Keypress: rctrl
686.0864 	DATA 	Keypress: lctrl
686.0981 	EXP 	Sound  started
686.8384 	DATA 	Keypress: lctrl
686.8481 	EXP 	Sound  started
687.5982 	EXP 	Sound  started
687.6225 	DATA 	Keypress: lctrl
688.2625 	DATA 	Keypress: rctrl
688.3482 	EXP 	Sound  started
689.0786 	DATA 	Keypress: lctrl
689.0982 	EXP 	Sound  started
689.7985 	DATA 	Keypress: lctrl
689.8482 	EXP 	Sound  started
690.5025 	DATA 	Keypress: rctrl
690.5982 	EXP 	Sound  started
691.2545 	DATA 	Keypress: rctrl
691.3482 	EXP 	Sound  started
692.0705 	DATA 	Keypress: rctrl
692.0982 	EXP 	Sound  started
692.8385 	DATA 	Keypress: rctrl
692.8482 	EXP 	Sound  started
693.4785 	DATA 	Keypress: lctrl
696.4125 	DATA 	Keypress: 4
696.4290 	EXP 	unnamed ShapeStim: vertices = <class 'numpy.ndarray'>
701.9170 	DATA 	Keypress: 2
701.9335 	EXP 	unnamed ShapeStim: vertices = <class 'numpy.ndarray'>
712.8259 	DATA 	Keypress: 4
712.8424 	EXP 	unnamed ShapeStim: vertices = <class 'numpy.ndarray'>
715.1264 	EXP 	Sound  started
715.3345 	DATA 	Keypress: rctrl
715.8764 	EXP 	Sound  started
715.9105 	DATA 	Keypress: rctrl
716.5345 	DATA 	Keypress: rctrl
716.6264 	EXP 	Sound  started
717.3345 	DATA 	Keypress: lctrl
717.3764 	EXP 	Sound  started
718.0865 	DATA 	Keypress: lctrl
718.1264 	EXP 	Sound  started
718.8225 	DATA 	Keypress: rctrl
718.8764 	EXP 	Sound  started
719.5265 	DATA 	Keypress: lctrl
719.6264 	EXP 	Sound  started
720.3105 	DATA 	Keypress: lctrl
720.3764 	EXP 	Sound  started
721.0785 	DATA 	Keypress: rctrl
721.1265 	EXP 	Sound  started
721.8305 	DATA 	Keypress: lctrl
721.8765 	EXP 	Sound  started
722.5985 	DATA 	Keypress: lctrl
722.6265 	EXP 	Sound  started
723.3665 	DATA 	Keypress: lctrl
723.3765 	EXP 	Sound  started
724.0864 	DATA 	Keypress: rctrl
724.1265 	EXP 	Sound  started
724.8385 	DATA 	Keypress: rctrl
724.8765 	EXP 	Sound  started
725.5745 	DATA 	Keypress: lctrl
725.6266 	EXP 	Sound  started
726.2785 	DATA 	Keypress: rctrl
726.3766 	EXP 	Sound  started
727.0624 	DATA 	Keypress: lctrl
727.1266 	EXP 	Sound  started
727.7825 	DATA 	Keypress: lctrl
727.8766 	EXP 	Sound  started
728.5506 	DATA 	Keypress: lctrl
728.6266 	EXP 	Sound  started
729.3344 	DATA 	Keypress: rctrl
729.3766 	EXP 	Sound  started
730.1267 	EXP 	Sound  started
730.1665 	DATA 	Keypress: lctrl
730.8545 	DATA 	Keypress: lctrl
730.8767 	EXP 	Sound  started
731.6064 	DATA 	Keypress: rctrl
731.6267 	EXP 	Sound  started
732.3105 	DATA 	Keypress: rctrl
732.3767 	EXP 	Sound  started
733.0145 	DATA 	Keypress: rctrl
733.1267 	EXP 	Sound  started
733.7826 	DATA 	Keypress: rctrl
733.8767 	EXP 	Sound  started
734.5985 	DATA 	Keypress: rctrl
734.6267 	EXP 	Sound  started
735.3506 	DATA 	Keypress: rctrl
735.3768 	EXP 	Sound  started
736.0545 	DATA 	Keypress: lctrl
736.1268 	EXP 	Sound  started
736.8545 	DATA 	Keypress: rctrl
736.8768 	EXP 	Sound  started
737.6065 	DATA 	Keypress: rctrl
737.6268 	EXP 	Sound  started
738.3768 	EXP 	Sound  started
738.3905 	DATA 	Keypress: lctrl
739.1268 	EXP 	Sound  started
739.1584 	DATA 	Keypress: lctrl
739.8769 	EXP 	Sound  started
739.9105 	DATA 	Keypress: lctrl
740.6269 	EXP 	Sound  started
740.6785 	DATA 	Keypress: lctrl
741.3345 	DATA 	Keypress: rctrl
741.3769 	EXP 	Sound  started
742.0065 	DATA 	Keypress: lctrl
742.1269 	EXP 	Sound  started
742.8385 	DATA 	Keypress: rctrl
742.8769 	EXP 	Sound  started
743.5424 	DATA 	Keypress: rctrl
743.6269 	EXP 	Sound  started
744.3424 	DATA 	Keypress: rctrl
744.3769 	EXP 	Sound  started
745.1105 	DATA 	Keypress: lctrl
745.1270 	EXP 	Sound  started
745.8626 	DATA 	Keypress: lctrl
745.8770 	EXP 	Sound  started
746.6270 	EXP 	Sound  started
746.6305 	DATA 	Keypress: rctrl
747.3770 	EXP 	Sound  started
747.4304 	DATA 	Keypress: rctrl
748.1185 	DATA 	Keypress: lctrl
748.1270 	EXP 	Sound  started
748.8704 	DATA 	Keypress: lctrl
748.8770 	EXP 	Sound  started
749.5906 	DATA 	Keypress: rctrl
749.6270 	EXP 	Sound  started
750.3585 	DATA 	Keypress: rctrl
750.3771 	EXP 	Sound  started
751.0944 	DATA 	Keypress: lctrl
751.1271 	EXP 	Sound  started
751.8624 	DATA 	Keypress: lctrl
751.8771 	EXP 	Sound  started
752.6144 	DATA 	Keypress: lctrl
752.6271 	EXP 	Sound  started
753.3345 	DATA 	Keypress: lctrl
753.3771 	EXP 	Sound  started
754.0705 	DATA 	Keypress: rctrl
754.1271 	EXP 	Sound  started
754.8544 	DATA 	Keypress: rctrl
754.8771 	EXP 	Sound  started
755.6271 	EXP 	Sound  started
755.6385 	DATA 	Keypress: rctrl
756.3744 	DATA 	Keypress: rctrl
756.3772 	EXP 	Sound  started
757.0144 	DATA 	Keypress: lctrl
757.1272 	EXP 	Sound  started
757.8772 	EXP 	Sound  started
757.8785 	DATA 	Keypress: lctrl
758.5986 	DATA 	Keypress: lctrl
758.6272 	EXP 	Sound  started
759.3024 	DATA 	Keypress: rctrl
759.3772 	EXP 	Sound  started
760.0705 	DATA 	Keypress: lctrl
760.1272 	EXP 	Sound  started
760.8385 	DATA 	Keypress: rctrl
760.8772 	EXP 	Sound  started
761.6065 	DATA 	Keypress: rctrl
761.6273 	EXP 	Sound  started
762.3264 	DATA 	Keypress: rctrl
762.3773 	EXP 	Sound  started
763.0625 	DATA 	Keypress: lctrl
763.1273 	EXP 	Sound  started
763.8773 	EXP 	Sound  started
763.8784 	DATA 	Keypress: lctrl
764.5985 	DATA 	Keypress: rctrl
764.6273 	EXP 	Sound  started
765.3504 	DATA 	Keypress: rctrl
765.3773 	EXP 	Sound  started
766.1274 	EXP 	Sound  started
766.1665 	DATA 	Keypress: rctrl
766.8224 	DATA 	Keypress: lctrl
766.8774 	EXP 	Sound  started
767.5584 	DATA 	Keypress: lctrl
767.6274 	EXP 	Sound  started
768.2946 	DATA 	Keypress: lctrl
768.3774 	EXP 	Sound  started
769.0464 	DATA 	Keypress: lctrl
769.1274 	EXP 	Sound  started
769.7185 	DATA 	Keypress: rctrl
769.8774 	EXP 	Sound  started
770.5985 	DATA 	Keypress: lctrl
770.6275 	EXP 	Sound  started
771.3345 	DATA 	Keypress: rctrl
771.3775 	EXP 	Sound  started
772.0865 	DATA 	Keypress: rctrl
772.1275 	EXP 	Sound  started
772.8384 	DATA 	Keypress: lctrl
772.8775 	EXP 	Sound  started
773.5585 	DATA 	Keypress: rctrl
773.6275 	EXP 	Sound  started
774.3425 	DATA 	Keypress: rctrl
774.3775 	EXP 	Sound  started
775.1265 	DATA 	Keypress: lctrl
775.1276 	EXP 	Sound  started
775.8776 	EXP 	Sound  started
775.8785 	DATA 	Keypress: lctrl
776.5984 	DATA 	Keypress: lctrl
776.6276 	EXP 	Sound  started
777.3505 	DATA 	Keypress: rctrl
780.0978 	DATA 	Keypress: 4
780.1142 	EXP 	unnamed ShapeStim: vertices = <class 'numpy.ndarray'>
782.1531 	DATA 	Keypress: 1
782.1826 	EXP 	unnamed ShapeStim: vertices = <class 'numpy.ndarray'>
783.9847 	DATA 	Keypress: 4
784.0012 	EXP 	unnamed ShapeStim: vertices = <class 'numpy.ndarray'>
786.2861 	EXP 	Sound  started
786.5185 	DATA 	Keypress: rctrl
787.0360 	EXP 	Sound  started
787.0785 	DATA 	Keypress: rctrl
787.7345 	DATA 	Keypress: lctrl
787.7860 	EXP 	Sound  started
788.4705 	DATA 	Keypress: lctrl
788.5360 	EXP 	Sound  started
789.2385 	DATA 	Keypress: rctrl
789.2860 	EXP 	Sound  started
789.9904 	DATA 	Keypress: rctrl
790.0360 	EXP 	Sound  started
790.7264 	DATA 	Keypress: lctrl
790.7860 	EXP 	Sound  started
791.4625 	DATA 	Keypress: lctrl
791.5361 	EXP 	Sound  started
792.2785 	DATA 	Keypress: rctrl
792.2861 	EXP 	Sound  started
792.9184 	DATA 	Keypress: lctrl
793.0361 	EXP 	Sound  started
793.7025 	DATA 	Keypress: lctrl
793.7861 	EXP 	Sound  started
794.4705 	DATA 	Keypress: lctrl
794.5361 	EXP 	Sound  started
795.2545 	DATA 	Keypress: rctrl
795.2861 	EXP 	Sound  started
795.9744 	DATA 	Keypress: lctrl
796.0361 	EXP 	Sound  started
796.7105 	DATA 	Keypress: lctrl
796.7861 	EXP 	Sound  started
797.4944 	DATA 	Keypress: lctrl
797.5362 	EXP 	Sound  started
798.2862 	EXP 	Sound  started
798.2944 	DATA 	Keypress: rctrl
798.9665 	DATA 	Keypress: lctrl
799.0362 	EXP 	Sound  started
799.7024 	DATA 	Keypress: rctrl
799.7862 	EXP 	Sound  started
800.4705 	DATA 	Keypress: rctrl
800.5362 	EXP 	Sound  started
801.2862 	EXP 	Sound  started
801.2864 	DATA 	Keypress: lctrl
802.0363 	EXP 	Sound  started
802.0544 	DATA 	Keypress: rctrl
802.7745 	DATA 	Keypress: lctrl
802.7863 	EXP 	Sound  started
803.5363 	EXP 	Sound  started
803.5424 	DATA 	Keypress: rctrl
804.2624 	DATA 	Keypress: rctrl
804.2863 	EXP 	Sound  started
805.0304 	DATA 	Keypress: rctrl
805.0363 	EXP 	Sound  started
805.7863 	EXP 	Sound  started
805.7985 	DATA 	Keypress: rctrl
806.5364 	EXP 	Sound  started
806.5664 	DATA 	Keypress: rctrl
807.2545 	DATA 	Keypress: lctrl
807.2864 	EXP 	Sound  started
808.0225 	DATA 	Keypress: lctrl
808.0364 	EXP 	Sound  started
808.7864 	EXP 	Sound  started
808.7904 	DATA 	Keypress: rctrl
809.4945 	DATA 	Keypress: rctrl
809.5364 	EXP 	Sound  started
810.2784 	DATA 	Keypress: rctrl
810.2864 	EXP 	Sound  started
811.0144 	DATA 	Keypress: rctrl
811.0364 	EXP 	Sound  started
811.7824 	DATA 	Keypress: rctrl
811.7865 	EXP 	Sound  started
812.4866 	DATA 	Keypress: lctrl
812.5365 	EXP 	Sound  started
813.2225 	DATA 	Keypress: rctrl
813.2865 	EXP 	Sound  started
813.9904 	DATA 	Keypress: lctrl
814.0365 	EXP 	Sound  started
814.7865 	EXP 	Sound  started
814.7904 	DATA 	Keypress: lctrl
815.5365 	EXP 	Sound  started
815.5424 	DATA 	Keypress: lctrl
816.2865 	EXP 	Sound  started
816.3264 	DATA 	Keypress: rctrl
816.9664 	DATA 	Keypress: lctrl
817.0366 	EXP 	Sound  started
817.7344 	DATA 	Keypress: lctrl
817.7866 	EXP 	Sound  started
818.5024 	DATA 	Keypress: lctrl
818.5366 	EXP 	Sound  started
819.2384 	DATA 	Keypress: rctrl
819.2866 	EXP 	Sound  started
820.0366 	EXP 	Sound  started
820.0705 	DATA 	Keypress: rctrl
820.7745 	DATA 	Keypress: lctrl
820.7866 	EXP 	Sound  started
821.4945 	DATA 	Keypress: lctrl
821.5367 	EXP 	Sound  started
822.2625 	DATA 	Keypress: lctrl
822.2867 	EXP 	Sound  started
823.0145 	DATA 	Keypress: rctrl
823.0367 	EXP 	Sound  started
823.7665 	DATA 	Keypress: lctrl
823.7867 	EXP 	Sound  started
824.4865 	DATA 	Keypress: rctrl
824.5367 	EXP 	Sound  started
825.2386 	DATA 	Keypress: lctrl
825.2867 	EXP 	Sound  started
825.9744 	DATA 	Keypress: lctrl
826.0367 	EXP 	Sound  started
826.7265 	DATA 	Keypress: rctrl
826.7868 	EXP 	Sound  started
827.4624 	DATA 	Keypress: rctrl
827.5368 	EXP 	Sound  started
828.1984 	DATA 	Keypress: rctrl
828.2868 	EXP 	Sound  started
828.9025 	DATA 	Keypress: lctrl
829.0368 	EXP 	Sound  started
829.7025 	DATA 	Keypress: rctrl
829.7868 	EXP 	Sound  started
830.4065 	DATA 	Keypress: rctrl
830.5368 	EXP 	Sound  started
831.2065 	DATA 	Keypress: lctrl
831.2869 	EXP 	Sound  started
831.9904 	DATA 	Keypress: lctrl
832.0369 	EXP 	Sound  started
832.7869 	EXP 	Sound  started
832.7905 	DATA 	Keypress: lctrl
833.5265 	DATA 	Keypress: lctrl
833.5369 	EXP 	Sound  started
834.2305 	DATA 	Keypress: rctrl
834.2869 	EXP 	Sound  started
834.9825 	DATA 	Keypress: rctrl
835.0369 	EXP 	Sound  started
835.7825 	DATA 	Keypress: lctrl
835.7869 	EXP 	Sound  started
836.4704 	DATA 	Keypress: rctrl
836.5370 	EXP 	Sound  started
837.2544 	DATA 	Keypress: rctrl
840.0468 	DATA 	Keypress: 4
840.0633 	EXP 	unnamed ShapeStim: vertices = <class 'numpy.ndarray'>
842.4326 	DATA 	Keypress: 1
842.4491 	EXP 	unnamed ShapeStim: vertices = <class 'numpy.ndarray'>
844.2503 	DATA 	Keypress: 4
844.2668 	EXP 	unnamed ShapeStim: vertices = <class 'numpy.ndarray'>
846.5521 	EXP 	Sound  started
846.5530 	DATA 	Keypress: rctrl
847.2385 	DATA 	Keypress: rctrl
847.3020 	EXP 	Sound  started
847.9585 	DATA 	Keypress: rctrl
848.0520 	EXP 	Sound  started
848.6945 	DATA 	Keypress: rctrl
848.8020 	EXP 	Sound  started
849.4305 	DATA 	Keypress: lctrl
849.5520 	EXP 	Sound  started
850.1985 	DATA 	Keypress: lctrl
850.3021 	EXP 	Sound  started
850.9985 	DATA 	Keypress: lctrl
851.0521 	EXP 	Sound  started
851.7665 	DATA 	Keypress: rctrl
851.8021 	EXP 	Sound  started
852.5504 	DATA 	Keypress: lctrl
852.5521 	EXP 	Sound  started
853.2704 	DATA 	Keypress: rctrl
853.3021 	EXP 	Sound  started
854.0066 	DATA 	Keypress: lctrl
854.0521 	EXP 	Sound  started
854.7265 	DATA 	Keypress: rctrl
854.8022 	EXP 	Sound  started
855.4945 	DATA 	Keypress: lctrl
855.5522 	EXP 	Sound  started
856.2304 	DATA 	Keypress: rctrl
856.3022 	EXP 	Sound  started
856.9504 	DATA 	Keypress: lctrl
857.0522 	EXP 	Sound  started
857.6864 	DATA 	Keypress: rctrl
857.8022 	EXP 	Sound  started
858.4225 	DATA 	Keypress: lctrl
858.5522 	EXP 	Sound  started
859.2065 	DATA 	Keypress: lctrl
859.3022 	EXP 	Sound  started
860.0522 	EXP 	Sound  started
860.1025 	DATA 	Keypress: lctrl
860.8023 	EXP 	Sound  started
860.8864 	DATA 	Keypress: rctrl
861.5523 	EXP 	Sound  started
861.5744 	DATA 	Keypress: rctrl
862.2624 	DATA 	Keypress: rctrl
862.3023 	EXP 	Sound  started
863.0523 	EXP 	Sound  started
863.0624 	DATA 	Keypress: rctrl
863.7665 	DATA 	Keypress: lctrl
863.8023 	EXP 	Sound  started
864.5523 	EXP 	Sound  started
864.7105 	DATA 	Keypress: lctrl
865.3024 	EXP 	Sound  started
865.3505 	DATA 	Keypress: rctrl
866.0385 	DATA 	Keypress: rctrl
866.0524 	EXP 	Sound  started
866.8024 	EXP 	Sound  started
866.8064 	DATA 	Keypress: rctrl
867.4624 	DATA 	Keypress: lctrl
867.5524 	EXP 	Sound  started
868.2944 	DATA 	Keypress: lctrl
868.3024 	EXP 	Sound  started
869.0524 	EXP 	Sound  started
869.0785 	DATA 	Keypress: rctrl
869.7504 	DATA 	Keypress: lctrl
869.8024 	EXP 	Sound  started
870.5344 	DATA 	Keypress: lctrl
870.5525 	EXP 	Sound  started
871.2384 	DATA 	Keypress: lctrl
871.3025 	EXP 	Sound  started
872.0224 	DATA 	Keypress: rctrl
872.0525 	EXP 	Sound  started
872.7104 	DATA 	Keypress: rctrl
872.8025 	EXP 	Sound  started
873.4304 	DATA 	Keypress: rctrl
873.5525 	EXP 	Sound  started
874.1984 	DATA 	Keypress: lctrl
874.3025 	EXP 	Sound  started
874.9184 	DATA 	Keypress: rctrl
875.0526 	EXP 	Sound  started
875.7345 	DATA 	Keypress: rctrl
875.8026 	EXP 	Sound  started
876.4545 	DATA 	Keypress: lctrl
876.5526 	EXP 	Sound  started
877.2545 	DATA 	Keypress: lctrl
877.3026 	EXP 	Sound  started
878.0065 	DATA 	Keypress: lctrl
878.0526 	EXP 	Sound  started
878.7905 	DATA 	Keypress: lctrl
878.8026 	EXP 	Sound  started
879.4944 	DATA 	Keypress: rctrl
879.5526 	EXP 	Sound  started
880.1985 	DATA 	Keypress: rctrl
880.3027 	EXP 	Sound  started
881.0144 	DATA 	Keypress: rctrl
881.0527 	EXP 	Sound  started
881.7665 	DATA 	Keypress: lctrl
881.8027 	EXP 	Sound  started
882.5527 	EXP 	Sound  started
882.5825 	DATA 	Keypress: rctrl
883.2065 	DATA 	Keypress: lctrl
883.3027 	EXP 	Sound  started
884.0224 	DATA 	Keypress: lctrl
884.0527 	EXP 	Sound  started
884.7744 	DATA 	Keypress: rctrl
884.8027 	EXP 	Sound  started
885.5425 	DATA 	Keypress: rctrl
885.5527 	EXP 	Sound  started
886.2145 	DATA 	Keypress: lctrl
886.3028 	EXP 	Sound  started
886.9985 	DATA 	Keypress: rctrl
887.0528 	EXP 	Sound  started
887.6865 	DATA 	Keypress: lctrl
887.8028 	EXP 	Sound  started
888.4545 	DATA 	Keypress: lctrl
888.5528 	EXP 	Sound  started
889.2225 	DATA 	Keypress: rctrl
889.3028 	EXP 	Sound  started
889.9745 	DATA 	Keypress: rctrl
890.0528 	EXP 	Sound  started
890.6625 	DATA 	Keypress: lctrl
890.8028 	EXP 	Sound  started
891.4625 	DATA 	Keypress: lctrl
891.5529 	EXP 	Sound  started
892.2465 	DATA 	Keypress: rctrl
892.3029 	EXP 	Sound  started
893.0144 	DATA 	Keypress: lctrl
893.0529 	EXP 	Sound  started
893.7505 	DATA 	Keypress: rctrl
893.8029 	EXP 	Sound  started
894.5185 	DATA 	Keypress: lctrl
894.5529 	EXP 	Sound  started
895.3029 	EXP 	Sound  started
895.4144 	DATA 	Keypress: lctrl
896.0384 	DATA 	Keypress: rctrl
896.0530 	EXP 	Sound  started
896.7105 	DATA 	Keypress: rctrl
896.8030 	EXP 	Sound  started
897.4624 	DATA 	Keypress: rctrl
897.5530 	EXP 	Sound  started
898.1824 	DATA 	Keypress: rctrl
898.3030 	EXP 	Sound  started
898.9025 	DATA 	Keypress: lctrl
899.0530 	EXP 	Sound  started
899.7824 	DATA 	Keypress: lctrl
899.8030 	EXP 	Sound  started
900.5531 	EXP 	Sound  started
900.5984 	DATA 	Keypress: lctrl
901.2705 	DATA 	Keypress: rctrl
901.3031 	EXP 	Sound  started
902.0531 	EXP 	Sound  started
902.1185 	DATA 	Keypress: rctrl
902.7105 	DATA 	Keypress: lctrl
902.8031 	EXP 	Sound  started
903.5531 	EXP 	Sound  started
903.5904 	DATA 	Keypress: rctrl
904.3031 	EXP 	Sound  started
904.3904 	DATA 	Keypress: rctrl
905.0146 	DATA 	Keypress: lctrl
905.0532 	EXP 	Sound  started
905.7025 	DATA 	Keypress: lctrl
907.5360 	DATA 	Keypress: 3
907.5524 	EXP 	unnamed ShapeStim: vertices = <class 'numpy.ndarray'>
909.5205 	DATA 	Keypress: 1
909.5369 	EXP 	unnamed ShapeStim: vertices = <class 'numpy.ndarray'>
911.3724 	DATA 	Keypress: 4
911.3889 	EXP 	unnamed ShapeStim: vertices = <class 'numpy.ndarray'>
932.5825 	DATA 	Keypress: escape
932.6521 	EXP 	window1: mouseVisible = True
