273.2104 	WARNING 	User requested fullscreen with size [1024  768], but screen is actually [1920, 1200]. Using actual size
274.0227 	EXP 	Created window1 = Window(allowGUI=False, allowStencil=False, autoLog=True, backendConf=UNKNOWN, bitsMode=UNKNOWN, blendMode='avg', bpc=(8, 8, 8), color=array([0, 0, 0]), colorSpace='rgb', depthBits=8, fullscr=<method-wrapper '__getattribute__' of attributeSetter object at 0x0000013C3E666780>, gamma=None, gammaErrorPolicy='raise', lms=UNKNOWN, monitor=<psychopy.monitors.calibTools.Monitor object at 0x0000013C3FD74080>, multiSample=False, name='window1', numSamples=2, pos=[0.0, 0.0], screen=0, size=array([1920, 1200]), stencilBits=0, stereo=False, units='norm', useFBO=True, useRetina=False, viewOri=0.0, viewPos=None, viewScale=None, waitBlanking=True, winType='pyglet')
274.0231 	EXP 	window1: mouseVisible = True
274.0231 	EXP 	window1: mouseVisible = False
274.0232 	EXP 	window1: recordFrameIntervals = False
274.1892 	EXP 	window1: recordFrameIntervals = True
274.3728 	EXP 	window1: recordFrameIntervals = False
274.4277 	EXP 	Created text = TextStim(__class__=<class 'psychopy.visual.text.TextStim'>, alignHoriz=method-wrapper(...), alignText='center', alignVert=method-wrapper(...), anchorHoriz='center', anchorVert='center', antialias=True, autoLog=True, bold=False, color=array([1., 1., 1.]), colorSpace='rgb', contrast=1.0, depth=0.0, flipHoriz=False, flipVert=False, font='Arial', fontFiles=[], height=0.15, italic=False, languageStyle='LTR', name='text', opacity=1, ori=0, pos=array([0., 0.]), rgb=UNKNOWN, text='+', units='norm', win=Window(...), wrapWidth=1)
274.4465 	EXP 	Created text = TextStim(__class__=<class 'psychopy.visual.text.TextStim'>, alignHoriz=method-wrapper(...), alignText='center', alignVert=method-wrapper(...), anchorHoriz='center', anchorVert='center', antialias=True, autoLog=True, bold=False, color=array([1., 1., 1.]), colorSpace='rgb', contrast=1.0, depth=0.0, flipHoriz=False, flipVert=False, font='Arial', fontFiles=[], height=0.07, italic=False, languageStyle='LTR', name='text', opacity=1, ori=0, pos=array([0., 0.]), rgb=UNKNOWN, text=str(...), units='norm', win=Window(...), wrapWidth=1.65)
274.4585 	EXP 	Created text = TextStim(__class__=<class 'psychopy.visual.text.TextStim'>, alignHoriz=method-wrapper(...), alignText='center', alignVert=method-wrapper(...), anchorHoriz='center', anchorVert='center', antialias=True, autoLog=True, bold=False, color=array([1., 1., 1.]), colorSpace='rgb', contrast=1.0, depth=0.0, flipHoriz=False, flipVert=False, font='Arial', fontFiles=[], height=0.07, italic=False, languageStyle='LTR', name='text', opacity=1, ori=0, pos=array([0., 0.]), rgb=UNKNOWN, text=str(...), units='norm', win=Window(...), wrapWidth=1.65)
274.4693 	EXP 	Created text = TextStim(__class__=<class 'psychopy.visual.text.TextStim'>, alignHoriz=method-wrapper(...), alignText='center', alignVert=method-wrapper(...), anchorHoriz='center', anchorVert='center', antialias=True, autoLog=True, bold=False, color=array([1., 1., 1.]), colorSpace='rgb', contrast=1.0, depth=0.0, flipHoriz=False, flipVert=False, font='Arial', fontFiles=[], height=0.07, italic=False, languageStyle='LTR', name='text', opacity=1, ori=0, pos=array([0., 0.]), rgb=UNKNOWN, text=str(...), units='norm', win=Window(...), wrapWidth=1.65)
274.4791 	EXP 	Created text = TextStim(__class__=<class 'psychopy.visual.text.TextStim'>, alignHoriz=method-wrapper(...), alignText='center', alignVert=method-wrapper(...), anchorHoriz='center', anchorVert='center', antialias=True, autoLog=True, bold=False, color=array([1., 1., 1.]), colorSpace='rgb', contrast=1.0, depth=0.0, flipHoriz=False, flipVert=False, font='Arial', fontFiles=[], height=0.07, italic=False, languageStyle='LTR', name='text', opacity=1, ori=0, pos=array([0., 0.]), rgb=UNKNOWN, text=str(...), units='norm', win=Window(...), wrapWidth=1.65)
274.4841 	EXP 	Created text = TextStim(__class__=<class 'psychopy.visual.text.TextStim'>, alignHoriz=method-wrapper(...), alignText='center', alignVert=method-wrapper(...), anchorHoriz='center', anchorVert='center', antialias=True, autoLog=True, bold=False, color=array([1., 1., 1.]), colorSpace='rgb', contrast=1.0, depth=0.0, flipHoriz=False, flipVert=False, font='Arial', fontFiles=[], height=0.07, italic=False, languageStyle='LTR', name='text', opacity=1, ori=0, pos=array([0., 0.]), rgb=UNKNOWN, text=str(...), units='norm', win=Window(...), wrapWidth=1.65)
274.4982 	EXP 	Created text = TextStim(__class__=<class 'psychopy.visual.text.TextStim'>, alignHoriz=method-wrapper(...), alignText='center', alignVert=method-wrapper(...), anchorHoriz='center', anchorVert='center', antialias=True, autoLog=True, bold=False, color=array([1., 1., 1.]), colorSpace='rgb', contrast=1.0, depth=0.0, flipHoriz=False, flipVert=False, font='Arial', fontFiles=[], height=0.15, italic=False, languageStyle='LTR', name='text', opacity=1, ori=0, pos=array([0., 0.]), rgb=UNKNOWN, text=str(...), units='norm', win=Window(...), wrapWidth=1.65)
274.5267 	EXP 	Created text = TextStim(__class__=<class 'psychopy.visual.text.TextStim'>, alignHoriz=method-wrapper(...), alignText='center', alignVert=method-wrapper(...), anchorHoriz='center', anchorVert='center', antialias=True, autoLog=True, bold=False, color=array([1., 1., 1.]), colorSpace='rgb', contrast=1.0, depth=0.0, flipHoriz=False, flipVert=False, font='Arial', fontFiles=[], height=0.07, italic=False, languageStyle='LTR', name='text', opacity=1, ori=0, pos=array([0., 0.]), rgb=UNKNOWN, text=str(...), units='norm', win=Window(...), wrapWidth=1.65)
274.5452 	EXP 	Created text = TextStim(__class__=<class 'psychopy.visual.text.TextStim'>, alignHoriz=method-wrapper(...), alignText='center', alignVert=method-wrapper(...), anchorHoriz='center', anchorVert='center', antialias=True, autoLog=True, bold=False, color=array([1., 1., 1.]), colorSpace='rgb', contrast=1.0, depth=0.0, flipHoriz=False, flipVert=False, font='Arial', fontFiles=[], height=0.07, italic=False, languageStyle='LTR', name='text', opacity=1, ori=0, pos=array([0., 0.]), rgb=UNKNOWN, text=str(...), units='norm', win=Window(...), wrapWidth=1.65)
274.5765 	EXP 	Created text = TextStim(__class__=<class 'psychopy.visual.text.TextStim'>, alignHoriz=method-wrapper(...), alignText='center', alignVert=method-wrapper(...), anchorHoriz='center', anchorVert='center', antialias=True, autoLog=True, bold=False, color=array([1., 1., 1.]), colorSpace='rgb', contrast=1.0, depth=0.0, flipHoriz=False, flipVert=False, font='Arial', fontFiles=[], height=0.07, italic=False, languageStyle='LTR', name='text', opacity=1, ori=0, pos=array([0., 0.]), rgb=UNKNOWN, text=str(...), units='norm', win=Window(...), wrapWidth=1.65)
274.6050 	EXP 	Created text = TextStim(__class__=<class 'psychopy.visual.text.TextStim'>, alignHoriz=method-wrapper(...), alignText='center', alignVert=method-wrapper(...), anchorHoriz='center', anchorVert='center', antialias=True, autoLog=True, bold=False, color=array([1., 1., 1.]), colorSpace='rgb', contrast=1.0, depth=0.0, flipHoriz=False, flipVert=False, font='Arial', fontFiles=[], height=0.07, italic=False, languageStyle='LTR', name='text', opacity=1, ori=0, pos=array([0., 0.]), rgb=UNKNOWN, text=str(...), units='norm', win=Window(...), wrapWidth=1.65)
274.6389 	EXP 	Created text = TextStim(__class__=<class 'psychopy.visual.text.TextStim'>, alignHoriz=method-wrapper(...), alignText='center', alignVert=method-wrapper(...), anchorHoriz='center', anchorVert='center', antialias=True, autoLog=True, bold=False, color=array([1., 1., 1.]), colorSpace='rgb', contrast=1.0, depth=0.0, flipHoriz=False, flipVert=False, font='Arial', fontFiles=[], height=0.07, italic=False, languageStyle='LTR', name='text', opacity=1, ori=0, pos=array([0., 0.]), rgb=UNKNOWN, text=str(...), units='norm', win=Window(...), wrapWidth=1.65)
274.6480 	EXP 	Created text = TextStim(__class__=<class 'psychopy.visual.text.TextStim'>, alignHoriz=method-wrapper(...), alignText='center', alignVert=method-wrapper(...), anchorHoriz='center', anchorVert='center', antialias=True, autoLog=True, bold=False, color=array([1., 1., 1.]), colorSpace='rgb', contrast=1.0, depth=0.0, flipHoriz=False, flipVert=False, font='Arial', fontFiles=[], height=0.07, italic=False, languageStyle='LTR', name='text', opacity=1, ori=0, pos=array([0., 0.]), rgb=UNKNOWN, text=str(...), units='norm', win=Window(...), wrapWidth=1.65)
274.6607 	EXP 	Created text = TextStim(__class__=<class 'psychopy.visual.text.TextStim'>, alignHoriz=method-wrapper(...), alignText='center', alignVert=method-wrapper(...), anchorHoriz='center', anchorVert='center', antialias=True, autoLog=True, bold=False, color=array([1., 1., 1.]), colorSpace='rgb', contrast=1.0, depth=0.0, flipHoriz=False, flipVert=False, font='Arial', fontFiles=[], height=0.07, italic=False, languageStyle='LTR', name='text', opacity=1, ori=0, pos=array([0., 0.]), rgb=UNKNOWN, text=str(...), units='norm', win=Window(...), wrapWidth=1.65)
274.6652 	EXP 	Created instru = TextStim(__class__=<class 'psychopy.visual.text.TextStim'>, alignHoriz=method-wrapper(...), alignText='center', alignVert=method-wrapper(...), anchorHoriz='center', anchorVert='center', antialias=True, autoLog=True, bold=False, color=array([1., 1., 1.]), colorSpace='rgb', contrast=1.0, depth=0.0, flipHoriz=False, flipVert=False, font='Arial', fontFiles=[], height=0.07, italic=False, languageStyle='LTR', name='instru', opacity=1, ori=0, pos=array([0. , 0.5]), rgb=UNKNOWN, text=str(...), units='norm', win=Window(...), wrapWidth=1)
274.6678 	EXP 	Created unnamed Line = Line(__class__=<class 'psychopy.visual.line.Line'>, autoDraw=False, autoLog=True, closeShape=False, color=array([1., 1., 1.]), colorSpace='rgb', contrast=None, depth=0, fillColor=array([0, 0, 0]), fillColorSpace='rgb', fillRGB=array([0, 0, 0]), interpolate=True, lineColor=array([1., 1., 1.]), lineColorSpace='rgb', lineRGB=array([1, 1, 1]), lineWidth=5, name='unnamed Line', opacity=0.5, ori=0.0, pos=array([0., 0.]), size=array([1., 1.]), units='norm', vertices=array([[-0.5,  0. ],
       [ 0.5,  0. ]]), win=Window(...), windingRule=None)
274.6698 	EXP 	Created unnamed Line = Line(__class__=<class 'psychopy.visual.line.Line'>, autoDraw=False, autoLog=True, closeShape=False, color=array([1., 1., 1.]), colorSpace='rgb', contrast=None, depth=0, fillColor=array([0, 0, 0]), fillColorSpace='rgb', fillRGB=array([0, 0, 0]), interpolate=True, lineColor=array([1., 1., 1.]), lineColorSpace='rgb', lineRGB=array([1, 1, 1]), lineWidth=3, name='unnamed Line', opacity=0.5, ori=0.0, pos=array([0., 0.]), size=array([1., 1.]), units='norm', vertices=array([[-0.5 , -0.05],
       [-0.5 ,  0.05]]), win=Window(...), windingRule=None)
274.6718 	EXP 	Created unnamed Line = Line(__class__=<class 'psychopy.visual.line.Line'>, autoDraw=False, autoLog=True, closeShape=False, color=array([1., 1., 1.]), colorSpace='rgb', contrast=None, depth=0, fillColor=array([0, 0, 0]), fillColorSpace='rgb', fillRGB=array([0, 0, 0]), interpolate=True, lineColor=array([1., 1., 1.]), lineColorSpace='rgb', lineRGB=array([1, 1, 1]), lineWidth=3, name='unnamed Line', opacity=0.5, ori=0.0, pos=array([0., 0.]), size=array([1., 1.]), units='norm', vertices=ndarray(...), win=Window(...), windingRule=None)
274.6737 	EXP 	Created unnamed Line = Line(__class__=<class 'psychopy.visual.line.Line'>, autoDraw=False, autoLog=True, closeShape=False, color=array([1., 1., 1.]), colorSpace='rgb', contrast=None, depth=0, fillColor=array([0, 0, 0]), fillColorSpace='rgb', fillRGB=array([0, 0, 0]), interpolate=True, lineColor=array([1., 1., 1.]), lineColorSpace='rgb', lineRGB=array([1, 1, 1]), lineWidth=3, name='unnamed Line', opacity=0.5, ori=0.0, pos=array([0., 0.]), size=array([1., 1.]), units='norm', vertices=ndarray(...), win=Window(...), windingRule=None)
274.6757 	EXP 	Created unnamed Line = Line(__class__=<class 'psychopy.visual.line.Line'>, autoDraw=False, autoLog=True, closeShape=False, color=array([1., 1., 1.]), colorSpace='rgb', contrast=None, depth=0, fillColor=array([0, 0, 0]), fillColorSpace='rgb', fillRGB=array([0, 0, 0]), interpolate=True, lineColor=array([1., 1., 1.]), lineColorSpace='rgb', lineRGB=array([1, 1, 1]), lineWidth=3, name='unnamed Line', opacity=0.5, ori=0.0, pos=array([0., 0.]), size=array([1., 1.]), units='norm', vertices=array([[ 0.5 , -0.05],
       [ 0.5 ,  0.05]]), win=Window(...), windingRule=None)
274.6881 	EXP 	Created unnamed TextStim = TextStim(__class__=<class 'psychopy.visual.text.TextStim'>, alignHoriz=method-wrapper(...), alignText='center', alignVert=method-wrapper(...), anchorHoriz='center', anchorVert='center', antialias=True, autoLog=True, bold=False, color=array([1., 1., 1.]), colorSpace='rgb', contrast=1.0, depth=0, flipHoriz=False, flipVert=False, font='', fontFiles=[], height=0.05, italic=False, languageStyle='LTR', name='unnamed TextStim', opacity=1.0, ori=0.0, pos=array([-0.5, -0.1]), rgb=UNKNOWN, text='Clearly \n NOT FOCUSED', units='norm', win=Window(...), wrapWidth=1)
274.6892 	EXP 	Created unnamed TextStim = TextStim(__class__=<class 'psychopy.visual.text.TextStim'>, alignHoriz=method-wrapper(...), alignText='center', alignVert=method-wrapper(...), anchorHoriz='center', anchorVert='center', antialias=True, autoLog=True, bold=False, color=array([1., 1., 1.]), colorSpace='rgb', contrast=1.0, depth=0, flipHoriz=False, flipVert=False, font='', fontFiles=[], height=0.05, italic=False, languageStyle='LTR', name='unnamed TextStim', opacity=1.0, ori=0.0, pos=array([-0.16666667, -0.1       ]), rgb=UNKNOWN, text='', units='norm', win=Window(...), wrapWidth=1)
274.6902 	EXP 	Created unnamed TextStim = TextStim(__class__=<class 'psychopy.visual.text.TextStim'>, alignHoriz=method-wrapper(...), alignText='center', alignVert=method-wrapper(...), anchorHoriz='center', anchorVert='center', antialias=True, autoLog=True, bold=False, color=array([1., 1., 1.]), colorSpace='rgb', contrast=1.0, depth=0, flipHoriz=False, flipVert=False, font='', fontFiles=[], height=0.05, italic=False, languageStyle='LTR', name='unnamed TextStim', opacity=1.0, ori=0.0, pos=array([ 0.16666667, -0.1       ]), rgb=UNKNOWN, text='', units='norm', win=Window(...), wrapWidth=1)
274.6933 	EXP 	Created unnamed TextStim = TextStim(__class__=<class 'psychopy.visual.text.TextStim'>, alignHoriz=method-wrapper(...), alignText='center', alignVert=method-wrapper(...), anchorHoriz='center', anchorVert='center', antialias=True, autoLog=True, bold=False, color=array([1., 1., 1.]), colorSpace='rgb', contrast=1.0, depth=0, flipHoriz=False, flipVert=False, font='', fontFiles=[], height=0.05, italic=False, languageStyle='LTR', name='unnamed TextStim', opacity=1.0, ori=0.0, pos=array([ 0.5, -0.1]), rgb=UNKNOWN, text='Clearly \n FOCUSED', units='norm', win=Window(...), wrapWidth=1)
274.6953 	EXP 	Created unnamed ShapeStim = ShapeStim(__class__=<class 'psychopy.visual.shape.ShapeStim'>, autoDraw=False, autoLog=True, closeShape=True, color=method-wrapper(...), colorSpace='rgb', contrast=None, depth=0, fillColor=array([1, 1, 1]), fillColorSpace='rgb', fillRGB=array([1, 1, 1]), interpolate=True, lineColor=array([-1., -1., -1.]), lineColorSpace='rgb', lineRGB=array([-1, -1, -1]), lineWidth=1.5, name='unnamed ShapeStim', opacity=1.0, ori=0.0, pos=array([0., 0.]), size=array([1., 1.]), units='norm', vertices=ndarray(...), win=Window(...), windingRule=None)
274.7041 	EXP 	Created instru = TextStim(__class__=<class 'psychopy.visual.text.TextStim'>, alignHoriz=method-wrapper(...), alignText='center', alignVert=method-wrapper(...), anchorHoriz='center', anchorVert='center', antialias=True, autoLog=True, bold=False, color=array([1., 1., 1.]), colorSpace='rgb', contrast=1.0, depth=0.0, flipHoriz=False, flipVert=False, font='Arial', fontFiles=[], height=0.07, italic=False, languageStyle='LTR', name='instru', opacity=1, ori=0, pos=array([0. , 0.5]), rgb=UNKNOWN, text=str(...), units='norm', win=Window(...), wrapWidth=1)
274.7060 	EXP 	Created unnamed Line = Line(__class__=<class 'psychopy.visual.line.Line'>, autoDraw=False, autoLog=True, closeShape=False, color=array([1., 1., 1.]), colorSpace='rgb', contrast=None, depth=0, fillColor=array([0, 0, 0]), fillColorSpace='rgb', fillRGB=array([0, 0, 0]), interpolate=True, lineColor=array([1., 1., 1.]), lineColorSpace='rgb', lineRGB=array([1, 1, 1]), lineWidth=5, name='unnamed Line', opacity=0.5, ori=0.0, pos=array([0., 0.]), size=array([1., 1.]), units='norm', vertices=array([[-0.5,  0. ],
       [ 0.5,  0. ]]), win=Window(...), windingRule=None)
274.7080 	EXP 	Created unnamed Line = Line(__class__=<class 'psychopy.visual.line.Line'>, autoDraw=False, autoLog=True, closeShape=False, color=array([1., 1., 1.]), colorSpace='rgb', contrast=None, depth=0, fillColor=array([0, 0, 0]), fillColorSpace='rgb', fillRGB=array([0, 0, 0]), interpolate=True, lineColor=array([1., 1., 1.]), lineColorSpace='rgb', lineRGB=array([1, 1, 1]), lineWidth=3, name='unnamed Line', opacity=0.5, ori=0.0, pos=array([0., 0.]), size=array([1., 1.]), units='norm', vertices=array([[-0.5 , -0.05],
       [-0.5 ,  0.05]]), win=Window(...), windingRule=None)
274.7100 	EXP 	Created unnamed Line = Line(__class__=<class 'psychopy.visual.line.Line'>, autoDraw=False, autoLog=True, closeShape=False, color=array([1., 1., 1.]), colorSpace='rgb', contrast=None, depth=0, fillColor=array([0, 0, 0]), fillColorSpace='rgb', fillRGB=array([0, 0, 0]), interpolate=True, lineColor=array([1., 1., 1.]), lineColorSpace='rgb', lineRGB=array([1, 1, 1]), lineWidth=3, name='unnamed Line', opacity=0.5, ori=0.0, pos=array([0., 0.]), size=array([1., 1.]), units='norm', vertices=ndarray(...), win=Window(...), windingRule=None)
274.7120 	EXP 	Created unnamed Line = Line(__class__=<class 'psychopy.visual.line.Line'>, autoDraw=False, autoLog=True, closeShape=False, color=array([1., 1., 1.]), colorSpace='rgb', contrast=None, depth=0, fillColor=array([0, 0, 0]), fillColorSpace='rgb', fillRGB=array([0, 0, 0]), interpolate=True, lineColor=array([1., 1., 1.]), lineColorSpace='rgb', lineRGB=array([1, 1, 1]), lineWidth=3, name='unnamed Line', opacity=0.5, ori=0.0, pos=array([0., 0.]), size=array([1., 1.]), units='norm', vertices=ndarray(...), win=Window(...), windingRule=None)
274.7140 	EXP 	Created unnamed Line = Line(__class__=<class 'psychopy.visual.line.Line'>, autoDraw=False, autoLog=True, closeShape=False, color=array([1., 1., 1.]), colorSpace='rgb', contrast=None, depth=0, fillColor=array([0, 0, 0]), fillColorSpace='rgb', fillRGB=array([0, 0, 0]), interpolate=True, lineColor=array([1., 1., 1.]), lineColorSpace='rgb', lineRGB=array([1, 1, 1]), lineWidth=3, name='unnamed Line', opacity=0.5, ori=0.0, pos=array([0., 0.]), size=array([1., 1.]), units='norm', vertices=array([[ 0.5 , -0.05],
       [ 0.5 ,  0.05]]), win=Window(...), windingRule=None)
274.7192 	EXP 	Created unnamed TextStim = TextStim(__class__=<class 'psychopy.visual.text.TextStim'>, alignHoriz=method-wrapper(...), alignText='center', alignVert=method-wrapper(...), anchorHoriz='center', anchorVert='center', antialias=True, autoLog=True, bold=False, color=array([1., 1., 1.]), colorSpace='rgb', contrast=1.0, depth=0, flipHoriz=False, flipVert=False, font='', fontFiles=[], height=0.05, italic=False, languageStyle='LTR', name='unnamed TextStim', opacity=1.0, ori=0.0, pos=array([-0.5, -0.1]), rgb=UNKNOWN, text='Clearly \n NOTHING', units='norm', win=Window(...), wrapWidth=1)
274.7203 	EXP 	Created unnamed TextStim = TextStim(__class__=<class 'psychopy.visual.text.TextStim'>, alignHoriz=method-wrapper(...), alignText='center', alignVert=method-wrapper(...), anchorHoriz='center', anchorVert='center', antialias=True, autoLog=True, bold=False, color=array([1., 1., 1.]), colorSpace='rgb', contrast=1.0, depth=0, flipHoriz=False, flipVert=False, font='', fontFiles=[], height=0.05, italic=False, languageStyle='LTR', name='unnamed TextStim', opacity=1.0, ori=0.0, pos=array([-0.16666667, -0.1       ]), rgb=UNKNOWN, text='', units='norm', win=Window(...), wrapWidth=1)
274.7213 	EXP 	Created unnamed TextStim = TextStim(__class__=<class 'psychopy.visual.text.TextStim'>, alignHoriz=method-wrapper(...), alignText='center', alignVert=method-wrapper(...), anchorHoriz='center', anchorVert='center', antialias=True, autoLog=True, bold=False, color=array([1., 1., 1.]), colorSpace='rgb', contrast=1.0, depth=0, flipHoriz=False, flipVert=False, font='', fontFiles=[], height=0.05, italic=False, languageStyle='LTR', name='unnamed TextStim', opacity=1.0, ori=0.0, pos=array([ 0.16666667, -0.1       ]), rgb=UNKNOWN, text='', units='norm', win=Window(...), wrapWidth=1)
274.7253 	EXP 	Created unnamed TextStim = TextStim(__class__=<class 'psychopy.visual.text.TextStim'>, alignHoriz=method-wrapper(...), alignText='center', alignVert=method-wrapper(...), anchorHoriz='center', anchorVert='center', antialias=True, autoLog=True, bold=False, color=array([1., 1., 1.]), colorSpace='rgb', contrast=1.0, depth=0, flipHoriz=False, flipVert=False, font='', fontFiles=[], height=0.05, italic=False, languageStyle='LTR', name='unnamed TextStim', opacity=1.0, ori=0.0, pos=array([ 0.5, -0.1]), rgb=UNKNOWN, text='Clearly \n SOMETHING', units='norm', win=Window(...), wrapWidth=1)
274.7271 	EXP 	Created unnamed ShapeStim = ShapeStim(__class__=<class 'psychopy.visual.shape.ShapeStim'>, autoDraw=False, autoLog=True, closeShape=True, color=method-wrapper(...), colorSpace='rgb', contrast=None, depth=0, fillColor=array([1, 1, 1]), fillColorSpace='rgb', fillRGB=array([1, 1, 1]), interpolate=True, lineColor=array([-1., -1., -1.]), lineColorSpace='rgb', lineRGB=array([-1, -1, -1]), lineWidth=1.5, name='unnamed ShapeStim', opacity=1.0, ori=0.0, pos=array([0., 0.]), size=array([1., 1.]), units='norm', vertices=ndarray(...), win=Window(...), windingRule=None)
274.7337 	EXP 	Created instru = TextStim(__class__=<class 'psychopy.visual.text.TextStim'>, alignHoriz=method-wrapper(...), alignText='center', alignVert=method-wrapper(...), anchorHoriz='center', anchorVert='center', antialias=True, autoLog=True, bold=False, color=array([1., 1., 1.]), colorSpace='rgb', contrast=1.0, depth=0.0, flipHoriz=False, flipVert=False, font='Arial', fontFiles=[], height=0.07, italic=False, languageStyle='LTR', name='instru', opacity=1, ori=0, pos=array([0. , 0.5]), rgb=UNKNOWN, text=str(...), units='norm', win=Window(...), wrapWidth=1)
274.7357 	EXP 	Created unnamed Line = Line(__class__=<class 'psychopy.visual.line.Line'>, autoDraw=False, autoLog=True, closeShape=False, color=array([1., 1., 1.]), colorSpace='rgb', contrast=None, depth=0, fillColor=array([0, 0, 0]), fillColorSpace='rgb', fillRGB=array([0, 0, 0]), interpolate=True, lineColor=array([1., 1., 1.]), lineColorSpace='rgb', lineRGB=array([1, 1, 1]), lineWidth=5, name='unnamed Line', opacity=0.5, ori=0.0, pos=array([0., 0.]), size=array([1., 1.]), units='norm', vertices=array([[-0.5,  0. ],
       [ 0.5,  0. ]]), win=Window(...), windingRule=None)
274.7377 	EXP 	Created unnamed Line = Line(__class__=<class 'psychopy.visual.line.Line'>, autoDraw=False, autoLog=True, closeShape=False, color=array([1., 1., 1.]), colorSpace='rgb', contrast=None, depth=0, fillColor=array([0, 0, 0]), fillColorSpace='rgb', fillRGB=array([0, 0, 0]), interpolate=True, lineColor=array([1., 1., 1.]), lineColorSpace='rgb', lineRGB=array([1, 1, 1]), lineWidth=3, name='unnamed Line', opacity=0.5, ori=0.0, pos=array([0., 0.]), size=array([1., 1.]), units='norm', vertices=array([[-0.5 , -0.05],
       [-0.5 ,  0.05]]), win=Window(...), windingRule=None)
274.7397 	EXP 	Created unnamed Line = Line(__class__=<class 'psychopy.visual.line.Line'>, autoDraw=False, autoLog=True, closeShape=False, color=array([1., 1., 1.]), colorSpace='rgb', contrast=None, depth=0, fillColor=array([0, 0, 0]), fillColorSpace='rgb', fillRGB=array([0, 0, 0]), interpolate=True, lineColor=array([1., 1., 1.]), lineColorSpace='rgb', lineRGB=array([1, 1, 1]), lineWidth=3, name='unnamed Line', opacity=0.5, ori=0.0, pos=array([0., 0.]), size=array([1., 1.]), units='norm', vertices=ndarray(...), win=Window(...), windingRule=None)
274.7417 	EXP 	Created unnamed Line = Line(__class__=<class 'psychopy.visual.line.Line'>, autoDraw=False, autoLog=True, closeShape=False, color=array([1., 1., 1.]), colorSpace='rgb', contrast=None, depth=0, fillColor=array([0, 0, 0]), fillColorSpace='rgb', fillRGB=array([0, 0, 0]), interpolate=True, lineColor=array([1., 1., 1.]), lineColorSpace='rgb', lineRGB=array([1, 1, 1]), lineWidth=3, name='unnamed Line', opacity=0.5, ori=0.0, pos=array([0., 0.]), size=array([1., 1.]), units='norm', vertices=ndarray(...), win=Window(...), windingRule=None)
274.7437 	EXP 	Created unnamed Line = Line(__class__=<class 'psychopy.visual.line.Line'>, autoDraw=False, autoLog=True, closeShape=False, color=array([1., 1., 1.]), colorSpace='rgb', contrast=None, depth=0, fillColor=array([0, 0, 0]), fillColorSpace='rgb', fillRGB=array([0, 0, 0]), interpolate=True, lineColor=array([1., 1., 1.]), lineColorSpace='rgb', lineRGB=array([1, 1, 1]), lineWidth=3, name='unnamed Line', opacity=0.5, ori=0.0, pos=array([0., 0.]), size=array([1., 1.]), units='norm', vertices=array([[ 0.5 , -0.05],
       [ 0.5 ,  0.05]]), win=Window(...), windingRule=None)
274.7489 	EXP 	Created unnamed TextStim = TextStim(__class__=<class 'psychopy.visual.text.TextStim'>, alignHoriz=method-wrapper(...), alignText='center', alignVert=method-wrapper(...), anchorHoriz='center', anchorVert='center', antialias=True, autoLog=True, bold=False, color=array([1., 1., 1.]), colorSpace='rgb', contrast=1.0, depth=0, flipHoriz=False, flipVert=False, font='', fontFiles=[], height=0.05, italic=False, languageStyle='LTR', name='unnamed TextStim', opacity=1.0, ori=0.0, pos=array([-0.5, -0.1]), rgb=UNKNOWN, text='Clearly \n SPONTANEOUS', units='norm', win=Window(...), wrapWidth=1)
274.7500 	EXP 	Created unnamed TextStim = TextStim(__class__=<class 'psychopy.visual.text.TextStim'>, alignHoriz=method-wrapper(...), alignText='center', alignVert=method-wrapper(...), anchorHoriz='center', anchorVert='center', antialias=True, autoLog=True, bold=False, color=array([1., 1., 1.]), colorSpace='rgb', contrast=1.0, depth=0, flipHoriz=False, flipVert=False, font='', fontFiles=[], height=0.05, italic=False, languageStyle='LTR', name='unnamed TextStim', opacity=1.0, ori=0.0, pos=array([-0.16666667, -0.1       ]), rgb=UNKNOWN, text='', units='norm', win=Window(...), wrapWidth=1)
274.7512 	EXP 	Created unnamed TextStim = TextStim(__class__=<class 'psychopy.visual.text.TextStim'>, alignHoriz=method-wrapper(...), alignText='center', alignVert=method-wrapper(...), anchorHoriz='center', anchorVert='center', antialias=True, autoLog=True, bold=False, color=array([1., 1., 1.]), colorSpace='rgb', contrast=1.0, depth=0, flipHoriz=False, flipVert=False, font='', fontFiles=[], height=0.05, italic=False, languageStyle='LTR', name='unnamed TextStim', opacity=1.0, ori=0.0, pos=array([ 0.16666667, -0.1       ]), rgb=UNKNOWN, text='', units='norm', win=Window(...), wrapWidth=1)
274.7564 	EXP 	Created unnamed TextStim = TextStim(__class__=<class 'psychopy.visual.text.TextStim'>, alignHoriz=method-wrapper(...), alignText='center', alignVert=method-wrapper(...), anchorHoriz='center', anchorVert='center', antialias=True, autoLog=True, bold=False, color=array([1., 1., 1.]), colorSpace='rgb', contrast=1.0, depth=0, flipHoriz=False, flipVert=False, font='', fontFiles=[], height=0.05, italic=False, languageStyle='LTR', name='unnamed TextStim', opacity=1.0, ori=0.0, pos=array([ 0.5, -0.1]), rgb=UNKNOWN, text='Clearly \n DELIBERATE', units='norm', win=Window(...), wrapWidth=1)
274.7582 	EXP 	Created unnamed ShapeStim = ShapeStim(__class__=<class 'psychopy.visual.shape.ShapeStim'>, autoDraw=False, autoLog=True, closeShape=True, color=method-wrapper(...), colorSpace='rgb', contrast=None, depth=0, fillColor=array([1, 1, 1]), fillColorSpace='rgb', fillRGB=array([1, 1, 1]), interpolate=True, lineColor=array([-1., -1., -1.]), lineColorSpace='rgb', lineRGB=array([-1, -1, -1]), lineWidth=1.5, name='unnamed ShapeStim', opacity=1.0, ori=0.0, pos=array([0., 0.]), size=array([1., 1.]), units='norm', vertices=ndarray(...), win=Window(...), windingRule=None)
274.8076 	EXP 	Sound  set volume 1.000
274.8409 	EXP 	unnamed ShapeStim: vertices = <class 'numpy.ndarray'>
274.8409 	EXP 	unnamed ShapeStim: vertices = <class 'numpy.ndarray'>
274.8409 	EXP 	unnamed ShapeStim: vertices = <class 'numpy.ndarray'>
277.9566 	DATA 	Keypress: rctrl
278.3084 	DATA 	Keypress: rctrl
278.8684 	DATA 	Keypress: rctrl
278.8931 	EXP 	unnamed TextStim: text = ''
278.8931 	EXP 	unnamed TextStim: text = ''
284.8310 	DATA 	Keypress: 4
284.8475 	EXP 	unnamed ShapeStim: vertices = <class 'numpy.ndarray'>
286.3663 	DATA 	Keypress: rctrl
286.8845 	DATA 	Keypress: rctrl
286.8996 	EXP 	unnamed TextStim: text = ''
286.8996 	EXP 	unnamed TextStim: text = ''
291.5031 	DATA 	Keypress: 4
291.5196 	EXP 	unnamed ShapeStim: vertices = <class 'numpy.ndarray'>
293.0415 	DATA 	Keypress: space
294.5645 	DATA 	Keypress: rctrl
294.5893 	EXP 	unnamed TextStim: text = ''
294.5893 	EXP 	unnamed TextStim: text = ''
303.6464 	DATA 	Keypress: 2
303.6629 	EXP 	unnamed ShapeStim: vertices = <class 'numpy.ndarray'>
305.1837 	DATA 	Keypress: rctrl
307.7484 	DATA 	Keypress: rctrl
308.4684 	DATA 	Keypress: rctrl
312.7084 	DATA 	Keypress: rctrl
313.2216 	EXP 	Sound  started
313.4125 	DATA 	Keypress: lctrl
313.9404 	DATA 	Keypress: lctrl
313.9716 	EXP 	Sound  started
314.6604 	DATA 	Keypress: rctrl
314.7216 	EXP 	Sound  started
315.4124 	DATA 	Keypress: rctrl
315.4716 	EXP 	Sound  started
316.1484 	DATA 	Keypress: lctrl
316.2216 	EXP 	Sound  started
316.9164 	DATA 	Keypress: lctrl
316.9716 	EXP 	Sound  started
317.6524 	DATA 	Keypress: rctrl
317.7216 	EXP 	Sound  started
318.3884 	DATA 	Keypress: rctrl
318.4716 	EXP 	Sound  started
319.1564 	DATA 	Keypress: rctrl
319.2217 	EXP 	Sound  started
319.8444 	DATA 	Keypress: lctrl
319.9717 	EXP 	Sound  started
320.6604 	DATA 	Keypress: lctrl
320.7217 	EXP 	Sound  started
321.3644 	DATA 	Keypress: rctrl
321.4717 	EXP 	Sound  started
322.1804 	DATA 	Keypress: lctrl
322.2217 	EXP 	Sound  started
322.9644 	DATA 	Keypress: lctrl
322.9717 	EXP 	Sound  started
323.7004 	DATA 	Keypress: lctrl
323.7217 	EXP 	Sound  started
324.4364 	DATA 	Keypress: lctrl
324.4718 	EXP 	Sound  started
325.1884 	DATA 	Keypress: rctrl
325.2218 	EXP 	Sound  started
325.8604 	DATA 	Keypress: rctrl
325.9718 	EXP 	Sound  started
326.6124 	DATA 	Keypress: rctrl
326.7218 	EXP 	Sound  started
327.3804 	DATA 	Keypress: rctrl
327.4718 	EXP 	Sound  started
328.1964 	DATA 	Keypress: lctrl
328.2218 	EXP 	Sound  started
328.9718 	EXP 	Sound  started
328.9964 	DATA 	Keypress: rctrl
329.7004 	DATA 	Keypress: lctrl
329.7219 	EXP 	Sound  started
330.3884 	DATA 	Keypress: lctrl
330.4719 	EXP 	Sound  started
331.1724 	DATA 	Keypress: lctrl
331.2219 	EXP 	Sound  started
331.9564 	DATA 	Keypress: lctrl
331.9719 	EXP 	Sound  started
332.6284 	DATA 	Keypress: lctrl
332.7219 	EXP 	Sound  started
333.3004 	DATA 	Keypress: rctrl
333.4719 	EXP 	Sound  started
334.1324 	DATA 	Keypress: lctrl
334.2219 	EXP 	Sound  started
334.9164 	DATA 	Keypress: lctrl
334.9720 	EXP 	Sound  started
335.6685 	DATA 	Keypress: rctrl
335.7220 	EXP 	Sound  started
336.4524 	DATA 	Keypress: rctrl
336.4720 	EXP 	Sound  started
337.1564 	DATA 	Keypress: rctrl
337.2220 	EXP 	Sound  started
337.8444 	DATA 	Keypress: lctrl
337.9720 	EXP 	Sound  started
338.6124 	DATA 	Keypress: rctrl
338.7220 	EXP 	Sound  started
339.3964 	DATA 	Keypress: rctrl
339.4720 	EXP 	Sound  started
340.1644 	DATA 	Keypress: lctrl
340.2221 	EXP 	Sound  started
340.9004 	DATA 	Keypress: rctrl
340.9721 	EXP 	Sound  started
341.6684 	DATA 	Keypress: rctrl
341.7221 	EXP 	Sound  started
342.4044 	DATA 	Keypress: lctrl
342.4721 	EXP 	Sound  started
343.1884 	DATA 	Keypress: lctrl
343.2221 	EXP 	Sound  started
343.9084 	DATA 	Keypress: lctrl
343.9721 	EXP 	Sound  started
344.6284 	DATA 	Keypress: rctrl
344.7221 	EXP 	Sound  started
345.3644 	DATA 	Keypress: lctrl
345.4722 	EXP 	Sound  started
346.1003 	DATA 	Keypress: rctrl
346.2222 	EXP 	Sound  started
346.8524 	DATA 	Keypress: rctrl
346.9722 	EXP 	Sound  started
347.5244 	DATA 	Keypress: lctrl
347.7222 	EXP 	Sound  started
348.2604 	DATA 	Keypress: rctrl
348.4722 	EXP 	Sound  started
349.0764 	DATA 	Keypress: lctrl
349.2222 	EXP 	Sound  started
349.8444 	DATA 	Keypress: lctrl
349.9723 	EXP 	Sound  started
350.5964 	DATA 	Keypress: rctrl
350.7223 	EXP 	Sound  started
351.3964 	DATA 	Keypress: lctrl
351.4723 	EXP 	Sound  started
352.1483 	DATA 	Keypress: rctrl
352.2223 	EXP 	Sound  started
352.8684 	DATA 	Keypress: lctrl
352.9723 	EXP 	Sound  started
353.6204 	DATA 	Keypress: rctrl
353.7223 	EXP 	Sound  started
354.3724 	DATA 	Keypress: lctrl
354.4723 	EXP 	Sound  started
355.1244 	DATA 	Keypress: rctrl
355.2223 	EXP 	Sound  started
355.8444 	DATA 	Keypress: lctrl
361.5271 	DATA 	Keypress: 4
361.5436 	EXP 	unnamed ShapeStim: vertices = <class 'numpy.ndarray'>
374.7584 	DATA 	Keypress: 2
374.7878 	EXP 	unnamed ShapeStim: vertices = <class 'numpy.ndarray'>
376.3135 	DATA 	Keypress: space
380.1090 	DATA 	Keypress: 4
380.1255 	EXP 	unnamed ShapeStim: vertices = <class 'numpy.ndarray'>
382.4097 	EXP 	Sound  started
382.6284 	DATA 	Keypress: lctrl
383.1596 	EXP 	Sound  started
383.2524 	DATA 	Keypress: lctrl
383.8924 	DATA 	Keypress: rctrl
383.9097 	EXP 	Sound  started
384.5644 	DATA 	Keypress: lctrl
384.6597 	EXP 	Sound  started
385.4097 	EXP 	Sound  started
385.4284 	DATA 	Keypress: lctrl
386.1324 	DATA 	Keypress: rctrl
386.1597 	EXP 	Sound  started
386.8044 	DATA 	Keypress: rctrl
386.9097 	EXP 	Sound  started
387.6524 	DATA 	Keypress: lctrl
387.6597 	EXP 	Sound  started
388.3084 	DATA 	Keypress: rctrl
388.4097 	EXP 	Sound  started
389.0604 	DATA 	Keypress: lctrl
389.1598 	EXP 	Sound  started
389.8604 	DATA 	Keypress: lctrl
389.9098 	EXP 	Sound  started
390.6284 	DATA 	Keypress: lctrl
390.6598 	EXP 	Sound  started
391.3164 	DATA 	Keypress: rctrl
391.4098 	EXP 	Sound  started
392.0524 	DATA 	Keypress: rctrl
392.1598 	EXP 	Sound  started
392.7723 	DATA 	Keypress: lctrl
392.9098 	EXP 	Sound  started
393.5884 	DATA 	Keypress: rctrl
393.6598 	EXP 	Sound  started
394.2444 	DATA 	Keypress: lctrl
394.4099 	EXP 	Sound  started
394.9964 	DATA 	Keypress: rctrl
395.1599 	EXP 	Sound  started
395.7964 	DATA 	Keypress: rctrl
395.9099 	EXP 	Sound  started
396.5324 	DATA 	Keypress: rctrl
396.6599 	EXP 	Sound  started
397.1564 	DATA 	Keypress: lctrl
397.4099 	EXP 	Sound  started
397.9884 	DATA 	Keypress: rctrl
398.1599 	EXP 	Sound  started
398.8204 	DATA 	Keypress: rctrl
398.9099 	EXP 	Sound  started
399.6044 	DATA 	Keypress: lctrl
399.6600 	EXP 	Sound  started
400.3084 	DATA 	Keypress: lctrl
400.4100 	EXP 	Sound  started
401.0444 	DATA 	Keypress: rctrl
401.1600 	EXP 	Sound  started
401.7484 	DATA 	Keypress: rctrl
401.9100 	EXP 	Sound  started
402.5324 	DATA 	Keypress: lctrl
402.6600 	EXP 	Sound  started
403.2684 	DATA 	Keypress: rctrl
403.4100 	EXP 	Sound  started
404.0203 	DATA 	Keypress: lctrl
404.1600 	EXP 	Sound  started
404.8524 	DATA 	Keypress: lctrl
404.9101 	EXP 	Sound  started
405.5724 	DATA 	Keypress: lctrl
405.6601 	EXP 	Sound  started
406.3404 	DATA 	Keypress: rctrl
406.4101 	EXP 	Sound  started
407.0764 	DATA 	Keypress: lctrl
407.1601 	EXP 	Sound  started
407.8764 	DATA 	Keypress: lctrl
407.9101 	EXP 	Sound  started
408.5964 	DATA 	Keypress: rctrl
408.6601 	EXP 	Sound  started
409.3164 	DATA 	Keypress: rctrl
409.4101 	EXP 	Sound  started
410.1004 	DATA 	Keypress: lctrl
410.1602 	EXP 	Sound  started
410.8843 	DATA 	Keypress: rctrl
410.9102 	EXP 	Sound  started
411.6204 	DATA 	Keypress: rctrl
411.6602 	EXP 	Sound  started
412.3404 	DATA 	Keypress: lctrl
412.4102 	EXP 	Sound  started
413.1404 	DATA 	Keypress: lctrl
413.1602 	EXP 	Sound  started
413.8444 	DATA 	Keypress: lctrl
413.9102 	EXP 	Sound  started
414.5805 	DATA 	Keypress: lctrl
414.6602 	EXP 	Sound  started
415.3004 	DATA 	Keypress: rctrl
415.4103 	EXP 	Sound  started
416.0524 	DATA 	Keypress: rctrl
416.1603 	EXP 	Sound  started
416.8844 	DATA 	Keypress: lctrl
416.9103 	EXP 	Sound  started
417.5724 	DATA 	Keypress: rctrl
417.6603 	EXP 	Sound  started
418.3243 	DATA 	Keypress: rctrl
418.4103 	EXP 	Sound  started
419.1084 	DATA 	Keypress: rctrl
419.1604 	EXP 	Sound  started
419.8763 	DATA 	Keypress: rctrl
419.9104 	EXP 	Sound  started
420.6444 	DATA 	Keypress: rctrl
420.6604 	EXP 	Sound  started
421.3324 	DATA 	Keypress: rctrl
421.4104 	EXP 	Sound  started
422.0523 	DATA 	Keypress: rctrl
422.1604 	EXP 	Sound  started
422.7404 	DATA 	Keypress: rctrl
422.9104 	EXP 	Sound  started
423.5244 	DATA 	Keypress: lctrl
423.6604 	EXP 	Sound  started
424.2445 	DATA 	Keypress: rctrl
424.4105 	EXP 	Sound  started
425.0124 	DATA 	Keypress: lctrl
425.1605 	EXP 	Sound  started
425.8123 	DATA 	Keypress: lctrl
425.9105 	EXP 	Sound  started
426.5804 	DATA 	Keypress: rctrl
426.6605 	EXP 	Sound  started
427.3804 	DATA 	Keypress: lctrl
431.9014 	DATA 	Keypress: 3
431.9179 	EXP 	unnamed ShapeStim: vertices = <class 'numpy.ndarray'>
433.4425 	DATA 	Keypress: space
440.3249 	DATA 	Keypress: 3
440.3415 	EXP 	unnamed ShapeStim: vertices = <class 'numpy.ndarray'>
441.8654 	DATA 	Keypress: space
456.7884 	DATA 	Keypress: 2
456.8049 	EXP 	unnamed ShapeStim: vertices = <class 'numpy.ndarray'>
458.3246 	DATA 	Keypress: 3
459.0902 	EXP 	Sound  started
459.2523 	DATA 	Keypress: rctrl
459.8402 	EXP 	Sound  started
459.8924 	DATA 	Keypress: lctrl
460.5164 	DATA 	Keypress: rctrl
460.5902 	EXP 	Sound  started
461.3164 	DATA 	Keypress: lctrl
461.3402 	EXP 	Sound  started
462.0844 	DATA 	Keypress: rctrl
462.0902 	EXP 	Sound  started
462.8203 	DATA 	Keypress: lctrl
462.8402 	EXP 	Sound  started
463.5903 	EXP 	Sound  started
463.6044 	DATA 	Keypress: rctrl
464.3404 	DATA 	Keypress: lctrl
464.3406 	EXP 	Sound  started
465.0907 	EXP 	Sound  started
465.1085 	DATA 	Keypress: lctrl
465.8124 	DATA 	Keypress: rctrl
465.8407 	EXP 	Sound  started
466.5164 	DATA 	Keypress: lctrl
466.5907 	EXP 	Sound  started
467.2524 	DATA 	Keypress: lctrl
467.3407 	EXP 	Sound  started
468.0043 	DATA 	Keypress: rctrl
468.0907 	EXP 	Sound  started
468.7404 	DATA 	Keypress: lctrl
468.8407 	EXP 	Sound  started
469.4924 	DATA 	Keypress: rctrl
469.5907 	EXP 	Sound  started
470.3244 	DATA 	Keypress: rctrl
470.3408 	EXP 	Sound  started
471.0908 	EXP 	Sound  started
471.1564 	DATA 	Keypress: rctrl
471.8123 	DATA 	Keypress: lctrl
471.8408 	EXP 	Sound  started
472.5485 	DATA 	Keypress: rctrl
472.5908 	EXP 	Sound  started
473.3408 	EXP 	Sound  started
473.3643 	DATA 	Keypress: lctrl
474.0908 	EXP 	Sound  started
474.1004 	DATA 	Keypress: rctrl
474.8409 	EXP 	Sound  started
474.8844 	DATA 	Keypress: rctrl
475.5909 	EXP 	Sound  started
475.6363 	DATA 	Keypress: lctrl
476.2764 	DATA 	Keypress: rctrl
476.3409 	EXP 	Sound  started
476.9805 	DATA 	Keypress: lctrl
477.0909 	EXP 	Sound  started
477.7963 	DATA 	Keypress: rctrl
477.8409 	EXP 	Sound  started
478.5484 	DATA 	Keypress: lctrl
478.5909 	EXP 	Sound  started
479.2684 	DATA 	Keypress: rctrl
479.3409 	EXP 	Sound  started
480.0363 	DATA 	Keypress: rctrl
480.0909 	EXP 	Sound  started
480.7724 	DATA 	Keypress: lctrl
480.8410 	EXP 	Sound  started
481.5910 	EXP 	Sound  started
481.6204 	DATA 	Keypress: lctrl
482.3244 	DATA 	Keypress: lctrl
482.3410 	EXP 	Sound  started
483.0443 	DATA 	Keypress: lctrl
483.0910 	EXP 	Sound  started
483.8123 	DATA 	Keypress: lctrl
483.8410 	EXP 	Sound  started
484.5644 	DATA 	Keypress: lctrl
484.5910 	EXP 	Sound  started
485.3004 	DATA 	Keypress: rctrl
485.3410 	EXP 	Sound  started
486.0523 	DATA 	Keypress: rctrl
486.0911 	EXP 	Sound  started
486.8204 	DATA 	Keypress: rctrl
486.8411 	EXP 	Sound  started
487.5245 	DATA 	Keypress: rctrl
487.5911 	EXP 	Sound  started
488.2603 	DATA 	Keypress: rctrl
488.3411 	EXP 	Sound  started
489.0604 	DATA 	Keypress: lctrl
489.0911 	EXP 	Sound  started
489.8125 	DATA 	Keypress: rctrl
489.8411 	EXP 	Sound  started
490.5912 	EXP 	Sound  started
490.5964 	DATA 	Keypress: lctrl
491.3412 	EXP 	Sound  started
491.3484 	DATA 	Keypress: lctrl
492.0364 	DATA 	Keypress: rctrl
492.0912 	EXP 	Sound  started
492.7724 	DATA 	Keypress: rctrl
492.8412 	EXP 	Sound  started
493.5084 	DATA 	Keypress: lctrl
493.5912 	EXP 	Sound  started
494.2923 	DATA 	Keypress: lctrl
494.3412 	EXP 	Sound  started
494.9964 	DATA 	Keypress: rctrl
495.0913 	EXP 	Sound  started
495.7484 	DATA 	Keypress: lctrl
495.8413 	EXP 	Sound  started
496.5004 	DATA 	Keypress: rctrl
496.5913 	EXP 	Sound  started
497.2684 	DATA 	Keypress: rctrl
497.3413 	EXP 	Sound  started
497.9883 	DATA 	Keypress: lctrl
498.0913 	EXP 	Sound  started
498.7564 	DATA 	Keypress: rctrl
498.8413 	EXP 	Sound  started
499.4604 	DATA 	Keypress: lctrl
499.5913 	EXP 	Sound  started
500.2764 	DATA 	Keypress: lctrl
500.3413 	EXP 	Sound  started
500.9964 	DATA 	Keypress: lctrl
501.0914 	EXP 	Sound  started
501.7644 	DATA 	Keypress: rctrl
501.8414 	EXP 	Sound  started
502.5164 	DATA 	Keypress: rctrl
502.5914 	EXP 	Sound  started
503.2204 	DATA 	Keypress: lctrl
503.3414 	EXP 	Sound  started
503.9564 	DATA 	Keypress: rctrl
504.0914 	EXP 	Sound  started
504.7084 	DATA 	Keypress: lctrl
504.8414 	EXP 	Sound  started
505.4923 	DATA 	Keypress: rctrl
505.5914 	EXP 	Sound  started
506.2604 	DATA 	Keypress: rctrl
506.3414 	EXP 	Sound  started
506.9803 	DATA 	Keypress: lctrl
507.0915 	EXP 	Sound  started
507.7323 	DATA 	Keypress: rctrl
507.8415 	EXP 	Sound  started
508.5004 	DATA 	Keypress: rctrl
508.5915 	EXP 	Sound  started
509.2044 	DATA 	Keypress: rctrl
509.3415 	EXP 	Sound  started
509.9085 	DATA 	Keypress: rctrl
510.0915 	EXP 	Sound  started
510.6284 	DATA 	Keypress: lctrl
510.8415 	EXP 	Sound  started
511.4124 	DATA 	Keypress: lctrl
511.5915 	EXP 	Sound  started
512.1164 	DATA 	Keypress: rctrl
512.3416 	EXP 	Sound  started
512.9004 	DATA 	Keypress: lctrl
513.0916 	EXP 	Sound  started
513.7163 	DATA 	Keypress: rctrl
513.8416 	EXP 	Sound  started
514.5164 	DATA 	Keypress: lctrl
514.5916 	EXP 	Sound  started
515.3324 	DATA 	Keypress: lctrl
515.3416 	EXP 	Sound  started
516.0843 	DATA 	Keypress: lctrl
520.6945 	DATA 	Keypress: 3
520.7240 	EXP 	unnamed ShapeStim: vertices = <class 'numpy.ndarray'>
527.8133 	DATA 	Keypress: 2
527.8298 	EXP 	unnamed ShapeStim: vertices = <class 'numpy.ndarray'>
536.2869 	DATA 	Keypress: 4
536.3034 	EXP 	unnamed ShapeStim: vertices = <class 'numpy.ndarray'>
538.5881 	EXP 	Sound  started
538.7884 	DATA 	Keypress: rctrl
539.3381 	EXP 	Sound  started
539.4603 	DATA 	Keypress: lctrl
540.0881 	EXP 	Sound  started
540.1964 	DATA 	Keypress: lctrl
540.8381 	EXP 	Sound  started
540.8844 	DATA 	Keypress: lctrl
541.5563 	DATA 	Keypress: lctrl
541.5881 	EXP 	Sound  started
542.3083 	DATA 	Keypress: rctrl
542.3381 	EXP 	Sound  started
543.0604 	DATA 	Keypress: lctrl
543.0882 	EXP 	Sound  started
543.8283 	DATA 	Keypress: rctrl
543.8382 	EXP 	Sound  started
544.5324 	DATA 	Keypress: lctrl
544.5882 	EXP 	Sound  started
545.2844 	DATA 	Keypress: lctrl
545.3382 	EXP 	Sound  started
545.9563 	DATA 	Keypress: rctrl
546.0882 	EXP 	Sound  started
546.8043 	DATA 	Keypress: lctrl
546.8382 	EXP 	Sound  started
547.5083 	DATA 	Keypress: lctrl
547.5883 	EXP 	Sound  started
548.2124 	DATA 	Keypress: rctrl
548.3383 	EXP 	Sound  started
548.9964 	DATA 	Keypress: lctrl
549.0883 	EXP 	Sound  started
549.6844 	DATA 	Keypress: lctrl
549.8383 	EXP 	Sound  started
550.4523 	DATA 	Keypress: rctrl
550.5883 	EXP 	Sound  started
551.2364 	DATA 	Keypress: rctrl
551.3383 	EXP 	Sound  started
552.0204 	DATA 	Keypress: rctrl
552.0883 	EXP 	Sound  started
552.7724 	DATA 	Keypress: lctrl
552.8384 	EXP 	Sound  started
553.5403 	DATA 	Keypress: rctrl
553.5884 	EXP 	Sound  started
554.3384 	EXP 	Sound  started
554.3724 	DATA 	Keypress: lctrl
555.0884 	EXP 	Sound  started
555.0923 	DATA 	Keypress: rctrl
555.8384 	EXP 	Sound  started
555.8603 	DATA 	Keypress: rctrl
556.5884 	EXP 	Sound  started
556.6124 	DATA 	Keypress: rctrl
557.3003 	DATA 	Keypress: lctrl
557.3384 	EXP 	Sound  started
558.0204 	DATA 	Keypress: rctrl
558.0885 	EXP 	Sound  started
558.7883 	DATA 	Keypress: rctrl
558.8385 	EXP 	Sound  started
559.5243 	DATA 	Keypress: lctrl
559.5885 	EXP 	Sound  started
560.3385 	EXP 	Sound  started
560.3404 	DATA 	Keypress: rctrl
561.0885 	EXP 	Sound  started
561.1404 	DATA 	Keypress: lctrl
561.8385 	EXP 	Sound  started
561.9244 	DATA 	Keypress: lctrl
562.5885 	EXP 	Sound  started
562.6123 	DATA 	Keypress: lctrl
563.3386 	EXP 	Sound  started
563.3644 	DATA 	Keypress: lctrl
564.0203 	DATA 	Keypress: lctrl
564.0886 	EXP 	Sound  started
564.8386 	EXP 	Sound  started
564.8683 	DATA 	Keypress: rctrl
565.5886 	EXP 	Sound  started
565.6844 	DATA 	Keypress: lctrl
566.3386 	EXP 	Sound  started
566.4363 	DATA 	Keypress: rctrl
567.0886 	EXP 	Sound  started
567.1563 	DATA 	Keypress: lctrl
567.7963 	DATA 	Keypress: lctrl
567.8387 	EXP 	Sound  started
568.5004 	DATA 	Keypress: rctrl
568.5887 	EXP 	Sound  started
569.2684 	DATA 	Keypress: rctrl
569.3387 	EXP 	Sound  started
570.0887 	EXP 	Sound  started
570.1004 	DATA 	Keypress: rctrl
570.8043 	DATA 	Keypress: rctrl
570.8387 	EXP 	Sound  started
571.5564 	DATA 	Keypress: lctrl
571.5887 	EXP 	Sound  started
572.2923 	DATA 	Keypress: rctrl
572.3387 	EXP 	Sound  started
573.0763 	DATA 	Keypress: rctrl
573.0887 	EXP 	Sound  started
573.8387 	EXP 	Sound  started
573.8443 	DATA 	Keypress: rctrl
574.5643 	DATA 	Keypress: rctrl
574.5888 	EXP 	Sound  started
575.3004 	DATA 	Keypress: rctrl
575.3388 	EXP 	Sound  started
575.9883 	DATA 	Keypress: lctrl
576.0888 	EXP 	Sound  started
576.7083 	DATA 	Keypress: rctrl
576.8388 	EXP 	Sound  started
577.5564 	DATA 	Keypress: lctrl
577.5888 	EXP 	Sound  started
578.2924 	DATA 	Keypress: rctrl
578.3388 	EXP 	Sound  started
579.0603 	DATA 	Keypress: lctrl
579.0888 	EXP 	Sound  started
579.7323 	DATA 	Keypress: rctrl
579.8389 	EXP 	Sound  started
580.5889 	EXP 	Sound  started
580.5963 	DATA 	Keypress: rctrl
581.3389 	EXP 	Sound  started
581.3484 	DATA 	Keypress: rctrl
582.0363 	DATA 	Keypress: lctrl
582.0889 	EXP 	Sound  started
582.8389 	EXP 	Sound  started
582.8843 	DATA 	Keypress: lctrl
583.7262 	DATA 	Keypress: lctrl
587.4955 	DATA 	Keypress: 4
587.5120 	EXP 	unnamed ShapeStim: vertices = <class 'numpy.ndarray'>
595.2223 	DATA 	Keypress: 4
595.2517 	EXP 	unnamed ShapeStim: vertices = <class 'numpy.ndarray'>
601.5403 	DATA 	Keypress: 4
601.5568 	EXP 	unnamed ShapeStim: vertices = <class 'numpy.ndarray'>
603.8412 	EXP 	Sound  started
604.1324 	DATA 	Keypress: lctrl
604.5912 	EXP 	Sound  started
604.7564 	DATA 	Keypress: lctrl
605.3164 	DATA 	Keypress: lctrl
605.3412 	EXP 	Sound  started
606.0684 	DATA 	Keypress: rctrl
606.0912 	EXP 	Sound  started
606.8203 	DATA 	Keypress: rctrl
606.8412 	EXP 	Sound  started
607.5083 	DATA 	Keypress: lctrl
607.5913 	EXP 	Sound  started
608.2284 	DATA 	Keypress: lctrl
608.3413 	EXP 	Sound  started
608.9484 	DATA 	Keypress: lctrl
609.0913 	EXP 	Sound  started
609.8413 	EXP 	Sound  started
609.8444 	DATA 	Keypress: rctrl
610.3724 	DATA 	Keypress: lctrl
610.5913 	EXP 	Sound  started
611.1403 	DATA 	Keypress: rctrl
611.3413 	EXP 	Sound  started
611.7323 	DATA 	Keypress: lctrl
612.0914 	EXP 	Sound  started
612.3083 	DATA 	Keypress: lctrl
612.8414 	EXP 	Sound  started
612.8843 	DATA 	Keypress: rctrl
613.4763 	DATA 	Keypress: lctrl
613.5914 	EXP 	Sound  started
614.1644 	DATA 	Keypress: lctrl
614.3414 	EXP 	Sound  started
614.8203 	DATA 	Keypress: rctrl
615.0914 	EXP 	Sound  started
615.6683 	DATA 	Keypress: rctrl
615.8414 	EXP 	Sound  started
616.3724 	DATA 	Keypress: rctrl
616.5914 	EXP 	Sound  started
617.0764 	DATA 	Keypress: lctrl
617.3415 	EXP 	Sound  started
618.0363 	DATA 	Keypress: rctrl
618.0915 	EXP 	Sound  started
618.7883 	DATA 	Keypress: lctrl
618.8415 	EXP 	Sound  started
619.5404 	DATA 	Keypress: rctrl
619.5915 	EXP 	Sound  started
620.3084 	DATA 	Keypress: lctrl
620.3415 	EXP 	Sound  started
621.0916 	EXP 	Sound  started
621.0924 	DATA 	Keypress: rctrl
621.7965 	DATA 	Keypress: rctrl
621.8416 	EXP 	Sound  started
622.5916 	EXP 	Sound  started
622.5963 	DATA 	Keypress: rctrl
623.2684 	DATA 	Keypress: rctrl
623.3416 	EXP 	Sound  started
623.9883 	DATA 	Keypress: rctrl
624.0916 	EXP 	Sound  started
624.7884 	DATA 	Keypress: rctrl
624.8416 	EXP 	Sound  started
625.5916 	EXP 	Sound  started
625.6203 	DATA 	Keypress: lctrl
626.3417 	EXP 	Sound  started
626.3883 	DATA 	Keypress: lctrl
627.0917 	EXP 	Sound  started
627.1244 	DATA 	Keypress: rctrl
627.8417 	EXP 	Sound  started
627.9243 	DATA 	Keypress: rctrl
628.0363 	DATA 	Keypress: lctrl
628.5917 	EXP 	Sound  started
628.8203 	DATA 	Keypress: lctrl
629.3417 	EXP 	Sound  started
629.4603 	DATA 	Keypress: rctrl
630.0917 	EXP 	Sound  started
630.1004 	DATA 	Keypress: rctrl
630.8417 	EXP 	Sound  started
630.9004 	DATA 	Keypress: rctrl
631.5404 	DATA 	Keypress: lctrl
631.5918 	EXP 	Sound  started
632.3403 	DATA 	Keypress: lctrl
632.3418 	EXP 	Sound  started
633.0918 	EXP 	Sound  started
633.0923 	DATA 	Keypress: rctrl
633.8123 	DATA 	Keypress: rctrl
633.8418 	EXP 	Sound  started
634.5003 	DATA 	Keypress: lctrl
634.5918 	EXP 	Sound  started
635.3003 	DATA 	Keypress: rctrl
635.3418 	EXP 	Sound  started
636.0684 	DATA 	Keypress: rctrl
636.0918 	EXP 	Sound  started
636.7563 	DATA 	Keypress: lctrl
636.8419 	EXP 	Sound  started
637.4283 	DATA 	Keypress: rctrl
637.5919 	EXP 	Sound  started
638.1485 	DATA 	Keypress: rctrl
638.3419 	EXP 	Sound  started
639.0123 	DATA 	Keypress: rctrl
639.0919 	EXP 	Sound  started
639.8283 	DATA 	Keypress: rctrl
639.8419 	EXP 	Sound  started
640.5164 	DATA 	Keypress: lctrl
640.5919 	EXP 	Sound  started
641.2203 	DATA 	Keypress: rctrl
641.3419 	EXP 	Sound  started
642.0043 	DATA 	Keypress: lctrl
642.0920 	EXP 	Sound  started
642.8420 	EXP 	Sound  started
642.9003 	DATA 	Keypress: rctrl
643.3324 	DATA 	Keypress: rctrl
643.5920 	EXP 	Sound  started
644.3420 	EXP 	Sound  started
644.3884 	DATA 	Keypress: rctrl
645.0920 	EXP 	Sound  started
645.2044 	DATA 	Keypress: rctrl
645.7483 	DATA 	Keypress: lctrl
645.8420 	EXP 	Sound  started
646.4844 	DATA 	Keypress: rctrl
646.5921 	EXP 	Sound  started
647.3003 	DATA 	Keypress: rctrl
647.3421 	EXP 	Sound  started
648.0523 	DATA 	Keypress: lctrl
648.0921 	EXP 	Sound  started
648.7563 	DATA 	Keypress: rctrl
648.8421 	EXP 	Sound  started
649.5921 	EXP 	Sound  started
649.6203 	DATA 	Keypress: rctrl
650.3404 	DATA 	Keypress: lctrl
650.3421 	EXP 	Sound  started
651.0283 	DATA 	Keypress: rctrl
651.0921 	EXP 	Sound  started
651.7803 	DATA 	Keypress: lctrl
651.8422 	EXP 	Sound  started
652.5804 	DATA 	Keypress: rctrl
652.5922 	EXP 	Sound  started
653.3323 	DATA 	Keypress: lctrl
653.3422 	EXP 	Sound  started
654.0043 	DATA 	Keypress: rctrl
654.0922 	EXP 	Sound  started
654.7243 	DATA 	Keypress: lctrl
654.8422 	EXP 	Sound  started
655.4923 	DATA 	Keypress: rctrl
655.5922 	EXP 	Sound  started
656.3403 	DATA 	Keypress: lctrl
656.3422 	EXP 	Sound  started
657.0603 	DATA 	Keypress: rctrl
657.0923 	EXP 	Sound  started
657.8283 	DATA 	Keypress: lctrl
657.8423 	EXP 	Sound  started
658.5804 	DATA 	Keypress: lctrl
658.5923 	EXP 	Sound  started
659.3004 	DATA 	Keypress: rctrl
659.3423 	EXP 	Sound  started
660.0204 	DATA 	Keypress: rctrl
660.0923 	EXP 	Sound  started
660.8203 	DATA 	Keypress: lctrl
660.8424 	EXP 	Sound  started
661.5244 	DATA 	Keypress: lctrl
661.5924 	EXP 	Sound  started
662.2924 	DATA 	Keypress: lctrl
662.3424 	EXP 	Sound  started
662.9963 	DATA 	Keypress: rctrl
663.0924 	EXP 	Sound  started
663.7323 	DATA 	Keypress: lctrl
663.8424 	EXP 	Sound  started
664.5004 	DATA 	Keypress: lctrl
664.5924 	EXP 	Sound  started
665.2044 	DATA 	Keypress: rctrl
665.3424 	EXP 	Sound  started
665.9563 	DATA 	Keypress: rctrl
666.0925 	EXP 	Sound  started
666.6924 	DATA 	Keypress: rctrl
673.9663 	DATA 	Keypress: 3
673.9828 	EXP 	unnamed ShapeStim: vertices = <class 'numpy.ndarray'>
679.0872 	DATA 	Keypress: 4
679.1037 	EXP 	unnamed ShapeStim: vertices = <class 'numpy.ndarray'>
685.5258 	DATA 	Keypress: 3
685.5423 	EXP 	unnamed ShapeStim: vertices = <class 'numpy.ndarray'>
687.8270 	EXP 	Sound  started
688.0204 	DATA 	Keypress: rctrl
688.5769 	EXP 	Sound  started
688.7083 	DATA 	Keypress: rctrl
689.3269 	EXP 	Sound  started
689.3324 	DATA 	Keypress: rctrl
690.0204 	DATA 	Keypress: rctrl
690.0769 	EXP 	Sound  started
690.8203 	DATA 	Keypress: lctrl
690.8270 	EXP 	Sound  started
691.5244 	DATA 	Keypress: lctrl
691.5770 	EXP 	Sound  started
692.1643 	DATA 	Keypress: rctrl
692.3270 	EXP 	Sound  started
692.9323 	DATA 	Keypress: lctrl
693.0770 	EXP 	Sound  started
693.8123 	DATA 	Keypress: lctrl
693.8270 	EXP 	Sound  started
694.5770 	EXP 	Sound  started
694.5963 	DATA 	Keypress: rctrl
695.3163 	DATA 	Keypress: rctrl
695.3271 	EXP 	Sound  started
696.0523 	DATA 	Keypress: lctrl
696.0771 	EXP 	Sound  started
696.7243 	DATA 	Keypress: rctrl
696.8271 	EXP 	Sound  started
697.5083 	DATA 	Keypress: lctrl
697.5771 	EXP 	Sound  started
698.2924 	DATA 	Keypress: rctrl
698.3271 	EXP 	Sound  started
699.0283 	DATA 	Keypress: lctrl
699.0771 	EXP 	Sound  started
699.8271 	EXP 	Sound  started
700.0203 	DATA 	Keypress: lctrl
700.5772 	EXP 	Sound  started
700.6603 	DATA 	Keypress: lctrl
701.3163 	DATA 	Keypress: lctrl
701.3272 	EXP 	Sound  started
702.0363 	DATA 	Keypress: lctrl
702.0772 	EXP 	Sound  started
702.7564 	DATA 	Keypress: rctrl
702.8272 	EXP 	Sound  started
703.5244 	DATA 	Keypress: rctrl
703.5772 	EXP 	Sound  started
704.2764 	DATA 	Keypress: rctrl
704.3272 	EXP 	Sound  started
705.0124 	DATA 	Keypress: lctrl
705.0772 	EXP 	Sound  started
705.7643 	DATA 	Keypress: lctrl
705.8273 	EXP 	Sound  started
706.4844 	DATA 	Keypress: rctrl
706.5773 	EXP 	Sound  started
707.2524 	DATA 	Keypress: lctrl
707.3273 	EXP 	Sound  started
708.0043 	DATA 	Keypress: rctrl
708.0773 	EXP 	Sound  started
708.7883 	DATA 	Keypress: lctrl
708.8273 	EXP 	Sound  started
709.5403 	DATA 	Keypress: lctrl
709.5773 	EXP 	Sound  started
710.1644 	DATA 	Keypress: rctrl
710.3274 	EXP 	Sound  started
711.0124 	DATA 	Keypress: lctrl
711.0774 	EXP 	Sound  started
711.8123 	DATA 	Keypress: rctrl
711.8274 	EXP 	Sound  started
712.5774 	EXP 	Sound  started
712.5803 	DATA 	Keypress: lctrl
713.2844 	DATA 	Keypress: lctrl
713.3274 	EXP 	Sound  started
714.0203 	DATA 	Keypress: lctrl
714.0774 	EXP 	Sound  started
714.7883 	DATA 	Keypress: rctrl
714.8274 	EXP 	Sound  started
715.5083 	DATA 	Keypress: lctrl
715.5775 	EXP 	Sound  started
716.1963 	DATA 	Keypress: rctrl
716.3275 	EXP 	Sound  started
716.9963 	DATA 	Keypress: lctrl
717.0775 	EXP 	Sound  started
717.7163 	DATA 	Keypress: rctrl
717.8275 	EXP 	Sound  started
718.5004 	DATA 	Keypress: lctrl
718.5775 	EXP 	Sound  started
719.1883 	DATA 	Keypress: lctrl
719.3275 	EXP 	Sound  started
719.9083 	DATA 	Keypress: rctrl
720.0775 	EXP 	Sound  started
720.7723 	DATA 	Keypress: lctrl
720.8275 	EXP 	Sound  started
721.4603 	DATA 	Keypress: rctrl
721.5776 	EXP 	Sound  started
722.2763 	DATA 	Keypress: rctrl
722.3276 	EXP 	Sound  started
723.0443 	DATA 	Keypress: rctrl
723.0776 	EXP 	Sound  started
723.7643 	DATA 	Keypress: lctrl
723.8276 	EXP 	Sound  started
724.5324 	DATA 	Keypress: rctrl
724.5776 	EXP 	Sound  started
725.3003 	DATA 	Keypress: rctrl
725.3276 	EXP 	Sound  started
726.0363 	DATA 	Keypress: rctrl
726.0777 	EXP 	Sound  started
726.7403 	DATA 	Keypress: lctrl
726.8277 	EXP 	Sound  started
727.5563 	DATA 	Keypress: rctrl
727.5777 	EXP 	Sound  started
728.2923 	DATA 	Keypress: lctrl
728.3277 	EXP 	Sound  started
729.0603 	DATA 	Keypress: rctrl
729.0777 	EXP 	Sound  started
729.7324 	DATA 	Keypress: lctrl
729.8277 	EXP 	Sound  started
730.5324 	DATA 	Keypress: lctrl
730.5777 	EXP 	Sound  started
731.3164 	DATA 	Keypress: lctrl
731.3278 	EXP 	Sound  started
732.0683 	DATA 	Keypress: lctrl
732.0778 	EXP 	Sound  started
732.7403 	DATA 	Keypress: rctrl
732.8278 	EXP 	Sound  started
733.4283 	DATA 	Keypress: rctrl
733.5778 	EXP 	Sound  started
734.1644 	DATA 	Keypress: lctrl
734.3278 	EXP 	Sound  started
734.9644 	DATA 	Keypress: lctrl
735.0778 	EXP 	Sound  started
735.6844 	DATA 	Keypress: rctrl
735.8279 	EXP 	Sound  started
736.4044 	DATA 	Keypress: rctrl
736.5779 	EXP 	Sound  started
737.1244 	DATA 	Keypress: lctrl
737.3279 	EXP 	Sound  started
737.9403 	DATA 	Keypress: rctrl
738.0779 	EXP 	Sound  started
738.6603 	DATA 	Keypress: lctrl
738.8279 	EXP 	Sound  started
739.4443 	DATA 	Keypress: lctrl
739.5779 	EXP 	Sound  started
740.1483 	DATA 	Keypress: rctrl
740.3280 	EXP 	Sound  started
740.9484 	DATA 	Keypress: lctrl
741.0780 	EXP 	Sound  started
741.7324 	DATA 	Keypress: rctrl
741.8280 	EXP 	Sound  started
742.4843 	DATA 	Keypress: rctrl
742.5780 	EXP 	Sound  started
743.2844 	DATA 	Keypress: lctrl
743.3280 	EXP 	Sound  started
744.0043 	DATA 	Keypress: rctrl
744.0780 	EXP 	Sound  started
744.6923 	DATA 	Keypress: lctrl
744.8280 	EXP 	Sound  started
745.5243 	DATA 	Keypress: rctrl
745.5781 	EXP 	Sound  started
746.2763 	DATA 	Keypress: lctrl
746.3281 	EXP 	Sound  started
747.0763 	DATA 	Keypress: lctrl
747.0781 	EXP 	Sound  started
747.7963 	DATA 	Keypress: lctrl
747.8281 	EXP 	Sound  started
748.4844 	DATA 	Keypress: lctrl
748.5781 	EXP 	Sound  started
749.2204 	DATA 	Keypress: lctrl
749.3281 	EXP 	Sound  started
749.9723 	DATA 	Keypress: lctrl
750.0781 	EXP 	Sound  started
750.6763 	DATA 	Keypress: rctrl
750.8282 	EXP 	Sound  started
751.5083 	DATA 	Keypress: rctrl
755.2534 	DATA 	Keypress: 3
755.2827 	EXP 	unnamed ShapeStim: vertices = <class 'numpy.ndarray'>
760.6039 	DATA 	Keypress: 4
760.6205 	EXP 	unnamed ShapeStim: vertices = <class 'numpy.ndarray'>
763.1270 	DATA 	Keypress: 4
763.1564 	EXP 	unnamed ShapeStim: vertices = <class 'numpy.ndarray'>
765.4421 	EXP 	Sound  started
765.4426 	DATA 	Keypress: lctrl
766.1643 	DATA 	Keypress: lctrl
766.1920 	EXP 	Sound  started
766.8203 	DATA 	Keypress: lctrl
766.9420 	EXP 	Sound  started
767.6044 	DATA 	Keypress: lctrl
767.6920 	EXP 	Sound  started
768.3564 	DATA 	Keypress: lctrl
768.4420 	EXP 	Sound  started
769.1084 	DATA 	Keypress: lctrl
769.1920 	EXP 	Sound  started
769.7964 	DATA 	Keypress: lctrl
769.9420 	EXP 	Sound  started
770.5483 	DATA 	Keypress: lctrl
770.6921 	EXP 	Sound  started
771.3484 	DATA 	Keypress: lctrl
771.4421 	EXP 	Sound  started
772.1324 	DATA 	Keypress: lctrl
772.1921 	EXP 	Sound  started
772.9004 	DATA 	Keypress: rctrl
772.9421 	EXP 	Sound  started
773.6921 	EXP 	Sound  started
773.7484 	DATA 	Keypress: rctrl
774.4363 	DATA 	Keypress: rctrl
774.4421 	EXP 	Sound  started
775.0923 	DATA 	Keypress: rctrl
775.1921 	EXP 	Sound  started
775.7964 	DATA 	Keypress: lctrl
775.9421 	EXP 	Sound  started
776.5963 	DATA 	Keypress: rctrl
776.6922 	EXP 	Sound  started
777.3803 	DATA 	Keypress: lctrl
777.4422 	EXP 	Sound  started
778.1803 	DATA 	Keypress: rctrl
778.1922 	EXP 	Sound  started
778.9164 	DATA 	Keypress: lctrl
778.9422 	EXP 	Sound  started
779.6203 	DATA 	Keypress: rctrl
779.6922 	EXP 	Sound  started
780.4422 	EXP 	Sound  started
780.4523 	DATA 	Keypress: lctrl
781.1244 	DATA 	Keypress: rctrl
781.1922 	EXP 	Sound  started
781.8603 	DATA 	Keypress: lctrl
781.9423 	EXP 	Sound  started
782.6283 	DATA 	Keypress: rctrl
782.6923 	EXP 	Sound  started
783.3643 	DATA 	Keypress: lctrl
783.4423 	EXP 	Sound  started
784.1643 	DATA 	Keypress: lctrl
784.1923 	EXP 	Sound  started
784.9323 	DATA 	Keypress: rctrl
784.9423 	EXP 	Sound  started
785.6524 	DATA 	Keypress: rctrl
785.6923 	EXP 	Sound  started
786.4043 	DATA 	Keypress: rctrl
786.4423 	EXP 	Sound  started
787.1563 	DATA 	Keypress: rctrl
787.1923 	EXP 	Sound  started
787.8763 	DATA 	Keypress: lctrl
787.9424 	EXP 	Sound  started
788.6283 	DATA 	Keypress: rctrl
788.6924 	EXP 	Sound  started
789.3963 	DATA 	Keypress: rctrl
789.4424 	EXP 	Sound  started
790.1644 	DATA 	Keypress: rctrl
790.1924 	EXP 	Sound  started
790.8684 	DATA 	Keypress: rctrl
790.9424 	EXP 	Sound  started
791.6363 	DATA 	Keypress: rctrl
791.6924 	EXP 	Sound  started
792.3723 	DATA 	Keypress: lctrl
792.4424 	EXP 	Sound  started
793.1243 	DATA 	Keypress: rctrl
793.1924 	EXP 	Sound  started
793.9083 	DATA 	Keypress: lctrl
793.9425 	EXP 	Sound  started
794.6284 	DATA 	Keypress: lctrl
794.6925 	EXP 	Sound  started
795.3963 	DATA 	Keypress: lctrl
795.4425 	EXP 	Sound  started
796.1925 	EXP 	Sound  started
796.1962 	DATA 	Keypress: lctrl
796.9163 	DATA 	Keypress: rctrl
796.9425 	EXP 	Sound  started
797.6524 	DATA 	Keypress: lctrl
797.6925 	EXP 	Sound  started
798.3563 	DATA 	Keypress: rctrl
798.4426 	EXP 	Sound  started
799.1243 	DATA 	Keypress: rctrl
799.1926 	EXP 	Sound  started
799.7483 	DATA 	Keypress: lctrl
799.9426 	EXP 	Sound  started
800.5323 	DATA 	Keypress: rctrl
800.6926 	EXP 	Sound  started
801.2843 	DATA 	Keypress: rctrl
801.4426 	EXP 	Sound  started
802.0043 	DATA 	Keypress: lctrl
802.1926 	EXP 	Sound  started
802.8363 	DATA 	Keypress: lctrl
802.9426 	EXP 	Sound  started
803.6203 	DATA 	Keypress: rctrl
803.6926 	EXP 	Sound  started
804.2763 	DATA 	Keypress: rctrl
804.4427 	EXP 	Sound  started
805.0603 	DATA 	Keypress: rctrl
805.1927 	EXP 	Sound  started
805.8283 	DATA 	Keypress: rctrl
805.9427 	EXP 	Sound  started
806.5324 	DATA 	Keypress: rctrl
806.6927 	EXP 	Sound  started
807.3004 	DATA 	Keypress: rctrl
807.4427 	EXP 	Sound  started
808.0843 	DATA 	Keypress: rctrl
808.1927 	EXP 	Sound  started
808.7724 	DATA 	Keypress: lctrl
808.9427 	EXP 	Sound  started
809.5883 	DATA 	Keypress: rctrl
809.6928 	EXP 	Sound  started
810.3883 	DATA 	Keypress: lctrl
810.4428 	EXP 	Sound  started
811.0764 	DATA 	Keypress: rctrl
811.1928 	EXP 	Sound  started
811.8603 	DATA 	Keypress: lctrl
811.9428 	EXP 	Sound  started
812.5963 	DATA 	Keypress: lctrl
812.6928 	EXP 	Sound  started
813.3804 	DATA 	Keypress: lctrl
813.4428 	EXP 	Sound  started
814.1163 	DATA 	Keypress: rctrl
814.1928 	EXP 	Sound  started
814.8683 	DATA 	Keypress: lctrl
814.9428 	EXP 	Sound  started
815.6203 	DATA 	Keypress: rctrl
815.6929 	EXP 	Sound  started
816.3883 	DATA 	Keypress: rctrl
816.4429 	EXP 	Sound  started
817.1243 	DATA 	Keypress: lctrl
817.1929 	EXP 	Sound  started
817.8603 	DATA 	Keypress: rctrl
817.9429 	EXP 	Sound  started
818.6283 	DATA 	Keypress: lctrl
818.6929 	EXP 	Sound  started
819.3963 	DATA 	Keypress: lctrl
819.4429 	EXP 	Sound  started
820.1803 	DATA 	Keypress: lctrl
820.1930 	EXP 	Sound  started
820.9003 	DATA 	Keypress: lctrl
820.9430 	EXP 	Sound  started
821.6363 	DATA 	Keypress: lctrl
821.6930 	EXP 	Sound  started
822.2763 	DATA 	Keypress: rctrl
822.4430 	EXP 	Sound  started
823.0283 	DATA 	Keypress: lctrl
823.1930 	EXP 	Sound  started
823.7964 	DATA 	Keypress: rctrl
823.9430 	EXP 	Sound  started
824.5483 	DATA 	Keypress: rctrl
824.6931 	EXP 	Sound  started
825.2843 	DATA 	Keypress: rctrl
825.4431 	EXP 	Sound  started
825.9563 	DATA 	Keypress: lctrl
826.1931 	EXP 	Sound  started
826.7723 	DATA 	Keypress: rctrl
830.4111 	DATA 	Keypress: 4
830.4277 	EXP 	unnamed ShapeStim: vertices = <class 'numpy.ndarray'>
834.9520 	DATA 	Keypress: 3
834.9814 	EXP 	unnamed ShapeStim: vertices = <class 'numpy.ndarray'>
837.8005 	DATA 	Keypress: 4
837.8170 	EXP 	unnamed ShapeStim: vertices = <class 'numpy.ndarray'>
840.1021 	EXP 	Sound  started
840.2763 	DATA 	Keypress: lctrl
840.8521 	EXP 	Sound  started
840.8683 	DATA 	Keypress: lctrl
841.5083 	DATA 	Keypress: lctrl
841.6021 	EXP 	Sound  started
842.2443 	DATA 	Keypress: lctrl
842.3521 	EXP 	Sound  started
843.0123 	DATA 	Keypress: lctrl
843.1021 	EXP 	Sound  started
843.8443 	DATA 	Keypress: rctrl
843.8521 	EXP 	Sound  started
844.6022 	EXP 	Sound  started
844.6123 	DATA 	Keypress: rctrl
845.2523 	DATA 	Keypress: lctrl
845.3522 	EXP 	Sound  started
845.9723 	DATA 	Keypress: rctrl
846.1022 	EXP 	Sound  started
846.7403 	DATA 	Keypress: lctrl
846.8522 	EXP 	Sound  started
847.5404 	DATA 	Keypress: rctrl
847.6022 	EXP 	Sound  started
848.3243 	DATA 	Keypress: rctrl
848.3522 	EXP 	Sound  started
849.0283 	DATA 	Keypress: lctrl
849.1022 	EXP 	Sound  started
849.7323 	DATA 	Keypress: rctrl
849.8523 	EXP 	Sound  started
850.4043 	DATA 	Keypress: rctrl
850.6023 	EXP 	Sound  started
851.2363 	DATA 	Keypress: rctrl
851.3523 	EXP 	Sound  started
852.0043 	DATA 	Keypress: lctrl
852.1023 	EXP 	Sound  started
852.8203 	DATA 	Keypress: rctrl
852.8523 	EXP 	Sound  started
853.5883 	DATA 	Keypress: rctrl
853.6023 	EXP 	Sound  started
854.3243 	DATA 	Keypress: lctrl
854.3523 	EXP 	Sound  started
855.0603 	DATA 	Keypress: lctrl
855.1024 	EXP 	Sound  started
855.7643 	DATA 	Keypress: lctrl
855.8524 	EXP 	Sound  started
856.5323 	DATA 	Keypress: lctrl
856.6024 	EXP 	Sound  started
857.2524 	DATA 	Keypress: lctrl
857.3524 	EXP 	Sound  started
858.0203 	DATA 	Keypress: lctrl
858.1024 	EXP 	Sound  started
858.7724 	DATA 	Keypress: lctrl
858.8524 	EXP 	Sound  started
859.5723 	DATA 	Keypress: lctrl
859.6024 	EXP 	Sound  started
860.2763 	DATA 	Keypress: lctrl
860.3524 	EXP 	Sound  started
860.8683 	DATA 	Keypress: rctrl
861.1025 	EXP 	Sound  started
861.8283 	DATA 	Keypress: rctrl
861.8525 	EXP 	Sound  started
862.5163 	DATA 	Keypress: lctrl
862.6025 	EXP 	Sound  started
863.2523 	DATA 	Keypress: rctrl
863.3525 	EXP 	Sound  started
864.0363 	DATA 	Keypress: rctrl
864.1025 	EXP 	Sound  started
864.8363 	DATA 	Keypress: rctrl
864.8525 	EXP 	Sound  started
865.5403 	DATA 	Keypress: rctrl
865.6025 	EXP 	Sound  started
866.2283 	DATA 	Keypress: lctrl
866.3526 	EXP 	Sound  started
866.9643 	DATA 	Keypress: rctrl
867.1026 	EXP 	Sound  started
867.7324 	DATA 	Keypress: rctrl
867.8526 	EXP 	Sound  started
868.3723 	DATA 	Keypress: lctrl
868.6026 	EXP 	Sound  started
869.2364 	DATA 	Keypress: rctrl
869.3526 	EXP 	Sound  started
869.9563 	DATA 	Keypress: rctrl
870.1026 	EXP 	Sound  started
870.6603 	DATA 	Keypress: rctrl
870.8527 	EXP 	Sound  started
871.3963 	DATA 	Keypress: lctrl
871.6027 	EXP 	Sound  started
872.3403 	DATA 	Keypress: lctrl
872.3527 	EXP 	Sound  started
873.0123 	DATA 	Keypress: rctrl
873.1027 	EXP 	Sound  started
873.8527 	EXP 	Sound  started
873.8923 	DATA 	Keypress: rctrl
874.5323 	DATA 	Keypress: lctrl
874.6027 	EXP 	Sound  started
875.2683 	DATA 	Keypress: rctrl
875.3527 	EXP 	Sound  started
876.0523 	DATA 	Keypress: rctrl
876.1028 	EXP 	Sound  started
876.7723 	DATA 	Keypress: lctrl
876.8528 	EXP 	Sound  started
877.5403 	DATA 	Keypress: rctrl
877.6028 	EXP 	Sound  started
878.2763 	DATA 	Keypress: lctrl
878.3528 	EXP 	Sound  started
879.0443 	DATA 	Keypress: rctrl
879.1028 	EXP 	Sound  started
879.8124 	DATA 	Keypress: lctrl
879.8528 	EXP 	Sound  started
880.4523 	DATA 	Keypress: rctrl
880.6029 	EXP 	Sound  started
881.2363 	DATA 	Keypress: lctrl
881.3529 	EXP 	Sound  started
882.0203 	DATA 	Keypress: lctrl
882.1029 	EXP 	Sound  started
882.7723 	DATA 	Keypress: rctrl
882.8529 	EXP 	Sound  started
883.5403 	DATA 	Keypress: rctrl
883.6029 	EXP 	Sound  started
884.2604 	DATA 	Keypress: rctrl
884.3529 	EXP 	Sound  started
885.0123 	DATA 	Keypress: lctrl
885.1029 	EXP 	Sound  started
885.7324 	DATA 	Keypress: lctrl
885.8530 	EXP 	Sound  started
886.5963 	DATA 	Keypress: lctrl
886.6030 	EXP 	Sound  started
887.2843 	DATA 	Keypress: rctrl
887.3530 	EXP 	Sound  started
888.0364 	DATA 	Keypress: rctrl
888.1030 	EXP 	Sound  started
888.8043 	DATA 	Keypress: rctrl
888.8530 	EXP 	Sound  started
889.5243 	DATA 	Keypress: rctrl
894.0132 	DATA 	Keypress: 4
894.0297 	EXP 	unnamed ShapeStim: vertices = <class 'numpy.ndarray'>
897.9498 	DATA 	Keypress: 4
897.9663 	EXP 	unnamed ShapeStim: vertices = <class 'numpy.ndarray'>
899.9894 	DATA 	Keypress: 4
900.0185 	EXP 	unnamed ShapeStim: vertices = <class 'numpy.ndarray'>
902.3025 	EXP 	Sound  started
902.3029 	DATA 	Keypress: lctrl
902.9643 	DATA 	Keypress: lctrl
903.0524 	EXP 	Sound  started
903.7803 	DATA 	Keypress: lctrl
903.8024 	EXP 	Sound  started
904.5003 	DATA 	Keypress: lctrl
904.5525 	EXP 	Sound  started
905.2363 	DATA 	Keypress: rctrl
905.3025 	EXP 	Sound  started
906.0043 	DATA 	Keypress: rctrl
906.0525 	EXP 	Sound  started
906.6923 	DATA 	Keypress: rctrl
906.8025 	EXP 	Sound  started
907.5083 	DATA 	Keypress: rctrl
907.5525 	EXP 	Sound  started
908.2763 	DATA 	Keypress: lctrl
908.3025 	EXP 	Sound  started
908.9963 	DATA 	Keypress: rctrl
909.0525 	EXP 	Sound  started
909.7803 	DATA 	Keypress: lctrl
909.8025 	EXP 	Sound  started
910.5323 	DATA 	Keypress: lctrl
910.5526 	EXP 	Sound  started
911.2524 	DATA 	Keypress: rctrl
911.3026 	EXP 	Sound  started
911.9882 	DATA 	Keypress: rctrl
912.0526 	EXP 	Sound  started
912.7723 	DATA 	Keypress: lctrl
912.8026 	EXP 	Sound  started
913.4763 	DATA 	Keypress: lctrl
913.5526 	EXP 	Sound  started
914.2763 	DATA 	Keypress: lctrl
914.3026 	EXP 	Sound  started
915.0123 	DATA 	Keypress: rctrl
915.0527 	EXP 	Sound  started
915.7163 	DATA 	Keypress: rctrl
915.8027 	EXP 	Sound  started
916.4523 	DATA 	Keypress: rctrl
916.5527 	EXP 	Sound  started
917.1243 	DATA 	Keypress: lctrl
917.3027 	EXP 	Sound  started
917.9883 	DATA 	Keypress: lctrl
918.0527 	EXP 	Sound  started
918.7403 	DATA 	Keypress: lctrl
918.8027 	EXP 	Sound  started
919.5403 	DATA 	Keypress: lctrl
919.5528 	EXP 	Sound  started
920.2763 	DATA 	Keypress: rctrl
920.3028 	EXP 	Sound  started
920.9643 	DATA 	Keypress: rctrl
921.0528 	EXP 	Sound  started
921.7323 	DATA 	Keypress: rctrl
921.8028 	EXP 	Sound  started
922.4683 	DATA 	Keypress: rctrl
922.5528 	EXP 	Sound  started
923.2363 	DATA 	Keypress: lctrl
923.3028 	EXP 	Sound  started
924.0528 	EXP 	Sound  started
924.0683 	DATA 	Keypress: lctrl
924.7242 	DATA 	Keypress: lctrl
924.8029 	EXP 	Sound  started
925.4604 	DATA 	Keypress: lctrl
925.5529 	EXP 	Sound  started
926.2603 	DATA 	Keypress: lctrl
926.3029 	EXP 	Sound  started
926.9323 	DATA 	Keypress: lctrl
927.0529 	EXP 	Sound  started
927.7483 	DATA 	Keypress: rctrl
927.8029 	EXP 	Sound  started
928.4523 	DATA 	Keypress: rctrl
928.5529 	EXP 	Sound  started
929.2523 	DATA 	Keypress: lctrl
929.3029 	EXP 	Sound  started
929.9883 	DATA 	Keypress: rctrl
930.0530 	EXP 	Sound  started
930.7403 	DATA 	Keypress: rctrl
930.8030 	EXP 	Sound  started
931.4923 	DATA 	Keypress: lctrl
931.5530 	EXP 	Sound  started
932.2283 	DATA 	Keypress: rctrl
932.3030 	EXP 	Sound  started
932.9483 	DATA 	Keypress: rctrl
933.0530 	EXP 	Sound  started
933.7323 	DATA 	Keypress: rctrl
933.8030 	EXP 	Sound  started
934.4683 	DATA 	Keypress: lctrl
934.5530 	EXP 	Sound  started
935.2523 	DATA 	Keypress: rctrl
935.3030 	EXP 	Sound  started
935.9403 	DATA 	Keypress: lctrl
936.0531 	EXP 	Sound  started
936.7083 	DATA 	Keypress: rctrl
936.8031 	EXP 	Sound  started
937.4603 	DATA 	Keypress: lctrl
937.5531 	EXP 	Sound  started
938.2283 	DATA 	Keypress: lctrl
938.3031 	EXP 	Sound  started
938.9163 	DATA 	Keypress: lctrl
939.0531 	EXP 	Sound  started
939.7163 	DATA 	Keypress: rctrl
939.8032 	EXP 	Sound  started
940.4043 	DATA 	Keypress: rctrl
940.5532 	EXP 	Sound  started
941.0923 	DATA 	Keypress: rctrl
941.3032 	EXP 	Sound  started
941.8923 	DATA 	Keypress: rctrl
942.0532 	EXP 	Sound  started
942.6602 	DATA 	Keypress: rctrl
942.8032 	EXP 	Sound  started
943.3963 	DATA 	Keypress: rctrl
943.5532 	EXP 	Sound  started
944.0844 	DATA 	Keypress: lctrl
944.3032 	EXP 	Sound  started
944.8043 	DATA 	Keypress: rctrl
945.0533 	EXP 	Sound  started
945.6043 	DATA 	Keypress: lctrl
945.8033 	EXP 	Sound  started
946.3563 	DATA 	Keypress: rctrl
946.5533 	EXP 	Sound  started
947.2843 	DATA 	Keypress: rctrl
947.3033 	EXP 	Sound  started
947.9563 	DATA 	Keypress: lctrl
948.0533 	EXP 	Sound  started
948.7403 	DATA 	Keypress: rctrl
948.8033 	EXP 	Sound  started
949.4763 	DATA 	Keypress: rctrl
949.5534 	EXP 	Sound  started
950.1963 	DATA 	Keypress: lctrl
950.3034 	EXP 	Sound  started
950.9483 	DATA 	Keypress: lctrl
951.0534 	EXP 	Sound  started
951.7643 	DATA 	Keypress: rctrl
951.8034 	EXP 	Sound  started
952.5534 	EXP 	Sound  started
952.5644 	DATA 	Keypress: lctrl
953.2364 	DATA 	Keypress: rctrl
953.3034 	EXP 	Sound  started
953.9403 	DATA 	Keypress: lctrl
954.0535 	EXP 	Sound  started
954.7563 	DATA 	Keypress: lctrl
954.8035 	EXP 	Sound  started
955.4603 	DATA 	Keypress: lctrl
955.5535 	EXP 	Sound  started
956.1963 	DATA 	Keypress: rctrl
956.3035 	EXP 	Sound  started
956.9963 	DATA 	Keypress: rctrl
957.0535 	EXP 	Sound  started
957.7163 	DATA 	Keypress: rctrl
957.8035 	EXP 	Sound  started
958.4683 	DATA 	Keypress: rctrl
958.5535 	EXP 	Sound  started
959.2044 	DATA 	Keypress: rctrl
959.3035 	EXP 	Sound  started
960.0202 	DATA 	Keypress: rctrl
960.0536 	EXP 	Sound  started
960.7403 	DATA 	Keypress: rctrl
960.8036 	EXP 	Sound  started
961.4443 	DATA 	Keypress: lctrl
961.5536 	EXP 	Sound  started
962.2283 	DATA 	Keypress: lctrl
962.3036 	EXP 	Sound  started
963.0536 	EXP 	Sound  started
963.0603 	DATA 	Keypress: lctrl
963.6683 	DATA 	Keypress: lctrl
967.9905 	DATA 	Keypress: 4
968.0070 	EXP 	unnamed ShapeStim: vertices = <class 'numpy.ndarray'>
970.0760 	DATA 	Keypress: 4
970.0925 	EXP 	unnamed ShapeStim: vertices = <class 'numpy.ndarray'>
972.0109 	DATA 	Keypress: 4
972.0274 	EXP 	unnamed ShapeStim: vertices = <class 'numpy.ndarray'>
974.3122 	EXP 	Sound  started
974.5003 	DATA 	Keypress: lctrl
975.0621 	EXP 	Sound  started
975.0763 	DATA 	Keypress: lctrl
975.7803 	DATA 	Keypress: rctrl
975.8121 	EXP 	Sound  started
976.4683 	DATA 	Keypress: rctrl
976.5621 	EXP 	Sound  started
977.2043 	DATA 	Keypress: lctrl
977.3122 	EXP 	Sound  started
978.0204 	DATA 	Keypress: rctrl
978.0622 	EXP 	Sound  started
978.8122 	EXP 	Sound  started
978.8204 	DATA 	Keypress: lctrl
979.5243 	DATA 	Keypress: lctrl
979.5622 	EXP 	Sound  started
980.2923 	DATA 	Keypress: lctrl
980.3122 	EXP 	Sound  started
980.9963 	DATA 	Keypress: rctrl
981.0623 	EXP 	Sound  started
981.6523 	DATA 	Keypress: rctrl
981.8123 	EXP 	Sound  started
982.4362 	DATA 	Keypress: rctrl
982.5623 	EXP 	Sound  started
983.1723 	DATA 	Keypress: rctrl
983.3123 	EXP 	Sound  started
983.9083 	DATA 	Keypress: rctrl
984.0623 	EXP 	Sound  started
984.6443 	DATA 	Keypress: lctrl
984.8123 	EXP 	Sound  started
985.4283 	DATA 	Keypress: lctrl
985.5623 	EXP 	Sound  started
986.1963 	DATA 	Keypress: lctrl
986.3123 	EXP 	Sound  started
986.7083 	DATA 	Keypress: rctrl
987.0624 	EXP 	Sound  started
987.8124 	EXP 	Sound  started
987.8283 	DATA 	Keypress: rctrl
988.5624 	EXP 	Sound  started
988.5643 	DATA 	Keypress: rctrl
989.3003 	DATA 	Keypress: lctrl
989.3124 	EXP 	Sound  started
990.0523 	DATA 	Keypress: lctrl
990.0624 	EXP 	Sound  started
990.8124 	EXP 	Sound  started
990.8363 	DATA 	Keypress: rctrl
991.5625 	EXP 	Sound  started
991.5723 	DATA 	Keypress: lctrl
992.2282 	DATA 	Keypress: rctrl
992.3125 	EXP 	Sound  started
992.9803 	DATA 	Keypress: rctrl
993.0625 	EXP 	Sound  started
993.6843 	DATA 	Keypress: rctrl
993.8125 	EXP 	Sound  started
994.4042 	DATA 	Keypress: lctrl
994.5625 	EXP 	Sound  started
995.2363 	DATA 	Keypress: lctrl
995.3125 	EXP 	Sound  started
995.8923 	DATA 	Keypress: lctrl
996.0625 	EXP 	Sound  started
996.6923 	DATA 	Keypress: rctrl
996.8126 	EXP 	Sound  started
997.5083 	DATA 	Keypress: rctrl
997.5626 	EXP 	Sound  started
998.2123 	DATA 	Keypress: rctrl
998.3126 	EXP 	Sound  started
998.9963 	DATA 	Keypress: rctrl
999.0626 	EXP 	Sound  started
999.6843 	DATA 	Keypress: rctrl
999.8126 	EXP 	Sound  started
1000.2763 	DATA 	Keypress: lctrl
1000.5626 	EXP 	Sound  started
1001.3127 	EXP 	Sound  started
1001.3323 	DATA 	Keypress: rctrl
1002.0523 	DATA 	Keypress: lctrl
1002.0627 	EXP 	Sound  started
1002.7883 	DATA 	Keypress: rctrl
1002.8127 	EXP 	Sound  started
1003.5244 	DATA 	Keypress: lctrl
1003.5627 	EXP 	Sound  started
1004.2763 	DATA 	Keypress: rctrl
1004.3127 	EXP 	Sound  started
1004.9963 	DATA 	Keypress: lctrl
1005.0627 	EXP 	Sound  started
1005.7643 	DATA 	Keypress: lctrl
1005.8128 	EXP 	Sound  started
1006.5003 	DATA 	Keypress: rctrl
1006.5628 	EXP 	Sound  started
1007.2043 	DATA 	Keypress: lctrl
1007.3128 	EXP 	Sound  started
1007.9722 	DATA 	Keypress: rctrl
1008.0628 	EXP 	Sound  started
1008.8129 	EXP 	Sound  started
1008.8203 	DATA 	Keypress: lctrl
1009.5243 	DATA 	Keypress: rctrl
1009.5629 	EXP 	Sound  started
1010.2443 	DATA 	Keypress: lctrl
1010.3129 	EXP 	Sound  started
1010.9323 	DATA 	Keypress: lctrl
1011.0629 	EXP 	Sound  started
1011.8123 	DATA 	Keypress: lctrl
1011.8129 	EXP 	Sound  started
1012.5323 	DATA 	Keypress: lctrl
1012.5629 	EXP 	Sound  started
1013.2363 	DATA 	Keypress: rctrl
1013.3129 	EXP 	Sound  started
1013.9723 	DATA 	Keypress: rctrl
1014.0630 	EXP 	Sound  started
1014.7083 	DATA 	Keypress: rctrl
1014.8130 	EXP 	Sound  started
1015.3963 	DATA 	Keypress: lctrl
1015.5630 	EXP 	Sound  started
1016.2763 	DATA 	Keypress: rctrl
1016.3130 	EXP 	Sound  started
1017.0630 	EXP 	Sound  started
1017.0762 	DATA 	Keypress: lctrl
1017.7803 	DATA 	Keypress: lctrl
1024.0531 	DATA 	Keypress: 1
1024.0696 	EXP 	unnamed ShapeStim: vertices = <class 'numpy.ndarray'>
1028.9404 	DATA 	Keypress: 4
1028.9569 	EXP 	unnamed ShapeStim: vertices = <class 'numpy.ndarray'>
1038.1351 	DATA 	Keypress: 1
1038.1645 	EXP 	unnamed ShapeStim: vertices = <class 'numpy.ndarray'>
1040.4490 	EXP 	Sound  started
1040.6763 	DATA 	Keypress: rctrl
1041.1723 	DATA 	Keypress: rctrl
1041.1990 	EXP 	Sound  started
1041.9403 	DATA 	Keypress: lctrl
1041.9490 	EXP 	Sound  started
1042.6283 	DATA 	Keypress: lctrl
1042.6990 	EXP 	Sound  started
1043.4490 	EXP 	Sound  started
1043.4763 	DATA 	Keypress: rctrl
1044.1483 	DATA 	Keypress: lctrl
1044.1990 	EXP 	Sound  started
1044.8684 	DATA 	Keypress: rctrl
1044.9490 	EXP 	Sound  started
1045.6363 	DATA 	Keypress: lctrl
1045.6990 	EXP 	Sound  started
1046.3883 	DATA 	Keypress: rctrl
1046.4491 	EXP 	Sound  started
1047.0923 	DATA 	Keypress: rctrl
1047.1991 	EXP 	Sound  started
1047.8762 	DATA 	Keypress: rctrl
1047.9491 	EXP 	Sound  started
1048.6123 	DATA 	Keypress: rctrl
1048.6991 	EXP 	Sound  started
1049.4443 	DATA 	Keypress: lctrl
1049.4491 	EXP 	Sound  started
1050.1803 	DATA 	Keypress: rctrl
1050.1991 	EXP 	Sound  started
1050.9491 	EXP 	Sound  started
1050.9963 	DATA 	Keypress: rctrl
1051.6843 	DATA 	Keypress: rctrl
1051.6991 	EXP 	Sound  started
1052.4492 	EXP 	Sound  started
1052.4523 	DATA 	Keypress: lctrl
1053.1992 	EXP 	Sound  started
1053.2203 	DATA 	Keypress: lctrl
1053.9084 	DATA 	Keypress: rctrl
1053.9492 	EXP 	Sound  started
1054.6443 	DATA 	Keypress: rctrl
1054.6992 	EXP 	Sound  started
1055.3803 	DATA 	Keypress: lctrl
1055.4492 	EXP 	Sound  started
1056.1802 	DATA 	Keypress: lctrl
1056.1992 	EXP 	Sound  started
1056.9003 	DATA 	Keypress: lctrl
1056.9492 	EXP 	Sound  started
1057.6043 	DATA 	Keypress: lctrl
1057.6993 	EXP 	Sound  started
1058.3243 	DATA 	Keypress: rctrl
1058.4493 	EXP 	Sound  started
1059.1243 	DATA 	Keypress: lctrl
1059.1993 	EXP 	Sound  started
1059.9493 	EXP 	Sound  started
1059.9563 	DATA 	Keypress: rctrl
1060.6764 	DATA 	Keypress: lctrl
1060.6993 	EXP 	Sound  started
1061.3963 	DATA 	Keypress: rctrl
1061.4493 	EXP 	Sound  started
1062.1803 	DATA 	Keypress: lctrl
1062.1993 	EXP 	Sound  started
1062.9003 	DATA 	Keypress: rctrl
1062.9494 	EXP 	Sound  started
1063.6843 	DATA 	Keypress: rctrl
1063.6994 	EXP 	Sound  started
1064.4494 	EXP 	Sound  started
1064.4523 	DATA 	Keypress: rctrl
1065.1883 	DATA 	Keypress: rctrl
1065.1994 	EXP 	Sound  started
1065.8763 	DATA 	Keypress: rctrl
1065.9494 	EXP 	Sound  started
1066.6283 	DATA 	Keypress: rctrl
1066.6994 	EXP 	Sound  started
1067.3643 	DATA 	Keypress: rctrl
1067.4495 	EXP 	Sound  started
1068.1003 	DATA 	Keypress: lctrl
1068.1995 	EXP 	Sound  started
1068.9163 	DATA 	Keypress: lctrl
1068.9495 	EXP 	Sound  started
1069.6995 	EXP 	Sound  started
1069.7642 	DATA 	Keypress: lctrl
1070.4495 	EXP 	Sound  started
1070.4523 	DATA 	Keypress: rctrl
1071.1403 	DATA 	Keypress: rctrl
1071.1995 	EXP 	Sound  started
1071.8283 	DATA 	Keypress: rctrl
1071.9495 	EXP 	Sound  started
1072.5484 	DATA 	Keypress: lctrl
1072.6996 	EXP 	Sound  started
1073.3323 	DATA 	Keypress: rctrl
1073.4496 	EXP 	Sound  started
1074.1163 	DATA 	Keypress: lctrl
1074.1996 	EXP 	Sound  started
1074.8683 	DATA 	Keypress: rctrl
1074.9496 	EXP 	Sound  started
1075.6203 	DATA 	Keypress: rctrl
1075.6996 	EXP 	Sound  started
1076.3243 	DATA 	Keypress: rctrl
1076.4496 	EXP 	Sound  started
1077.1083 	DATA 	Keypress: rctrl
1077.1996 	EXP 	Sound  started
1077.8442 	DATA 	Keypress: rctrl
1077.9497 	EXP 	Sound  started
1078.5162 	DATA 	Keypress: lctrl
1078.6997 	EXP 	Sound  started
1079.3483 	DATA 	Keypress: rctrl
1079.4497 	EXP 	Sound  started
1080.1643 	DATA 	Keypress: lctrl
1080.1997 	EXP 	Sound  started
1080.9323 	DATA 	Keypress: lctrl
1080.9497 	EXP 	Sound  started
1081.6363 	DATA 	Keypress: rctrl
1081.6997 	EXP 	Sound  started
1082.3563 	DATA 	Keypress: lctrl
1082.4497 	EXP 	Sound  started
1083.1403 	DATA 	Keypress: rctrl
1083.1998 	EXP 	Sound  started
1083.8283 	DATA 	Keypress: rctrl
1083.9498 	EXP 	Sound  started
1084.6603 	DATA 	Keypress: rctrl
1084.6998 	EXP 	Sound  started
1085.3803 	DATA 	Keypress: rctrl
1085.4498 	EXP 	Sound  started
1086.1003 	DATA 	Keypress: lctrl
1086.1998 	EXP 	Sound  started
1086.9003 	DATA 	Keypress: lctrl
1086.9498 	EXP 	Sound  started
1087.6999 	EXP 	Sound  started
1087.7002 	DATA 	Keypress: lctrl
1088.4203 	DATA 	Keypress: lctrl
1088.4499 	EXP 	Sound  started
1089.1883 	DATA 	Keypress: lctrl
1089.1999 	EXP 	Sound  started
1089.9499 	EXP 	Sound  started
1089.9723 	DATA 	Keypress: lctrl
1090.5963 	DATA 	Keypress: rctrl
1090.6999 	EXP 	Sound  started
1091.3963 	DATA 	Keypress: rctrl
1091.4499 	EXP 	Sound  started
1092.1963 	DATA 	Keypress: rctrl
1092.1999 	EXP 	Sound  started
1092.8202 	DATA 	Keypress: lctrl
1092.9499 	EXP 	Sound  started
1093.6203 	DATA 	Keypress: rctrl
1093.7000 	EXP 	Sound  started
1094.2762 	DATA 	Keypress: lctrl
1094.4500 	EXP 	Sound  started
1095.0123 	DATA 	Keypress: rctrl
1095.2000 	EXP 	Sound  started
1095.8444 	DATA 	Keypress: lctrl
1095.9500 	EXP 	Sound  started
1096.6443 	DATA 	Keypress: rctrl
1096.7000 	EXP 	Sound  started
1097.4283 	DATA 	Keypress: lctrl
1097.4500 	EXP 	Sound  started
1098.0843 	DATA 	Keypress: lctrl
1098.2001 	EXP 	Sound  started
1098.8524 	DATA 	Keypress: lctrl
1098.9501 	EXP 	Sound  started
1099.5083 	DATA 	Keypress: rctrl
1104.7728 	DATA 	Keypress: 3
1104.8024 	EXP 	unnamed ShapeStim: vertices = <class 'numpy.ndarray'>
1109.4063 	DATA 	Keypress: 4
1109.4228 	EXP 	unnamed ShapeStim: vertices = <class 'numpy.ndarray'>
1115.5614 	DATA 	Keypress: 3
1115.5779 	EXP 	unnamed ShapeStim: vertices = <class 'numpy.ndarray'>
1140.0203 	DATA 	Keypress: escape
1140.0931 	EXP 	window1: mouseVisible = True
