16.0018 	WARNING 	User requested fullscreen with size [1024  768], but screen is actually [1920, 1200]. Using actual size
16.8745 	EXP 	Created window1 = Window(allowGUI=False, allowStencil=False, autoLog=True, backendConf=UNKNOWN, bitsMode=UNKNOWN, blendMode='avg', bpc=(8, 8, 8), color=array([0, 0, 0]), colorSpace='rgb', depthBits=8, fullscr=<method-wrapper '__getattribute__' of attributeSetter object at 0x0000022E8C9367B8>, gamma=None, gammaErrorPolicy='raise', lms=UNKNOWN, monitor=<psychopy.monitors.calibTools.Monitor object at 0x0000022E8E0750B8>, multiSample=False, name='window1', numSamples=2, pos=[0.0, 0.0], screen=0, size=array([1920, 1200]), stencilBits=0, stereo=False, units='norm', useFBO=True, useRetina=False, viewOri=0.0, viewPos=None, viewScale=None, waitBlanking=True, winType='pyglet')
16.8749 	EXP 	window1: mouseVisible = True
16.8749 	EXP 	window1: mouseVisible = False
16.8749 	EXP 	window1: recordFrameIntervals = False
17.0410 	EXP 	window1: recordFrameIntervals = True
17.2246 	EXP 	window1: recordFrameIntervals = False
17.2790 	EXP 	Created text = TextStim(__class__=<class 'psychopy.visual.text.TextStim'>, alignHoriz=method-wrapper(...), alignText='center', alignVert=method-wrapper(...), anchorHoriz='center', anchorVert='center', antialias=True, autoLog=True, bold=False, color=array([1., 1., 1.]), colorSpace='rgb', contrast=1.0, depth=0.0, flipHoriz=False, flipVert=False, font='Arial', fontFiles=[], height=0.15, italic=False, languageStyle='LTR', name='text', opacity=1, ori=0, pos=array([0., 0.]), rgb=UNKNOWN, text='+', units='norm', win=Window(...), wrapWidth=1)
17.3023 	EXP 	Created text = TextStim(__class__=<class 'psychopy.visual.text.TextStim'>, alignHoriz=method-wrapper(...), alignText='center', alignVert=method-wrapper(...), anchorHoriz='center', anchorVert='center', antialias=True, autoLog=True, bold=False, color=array([1., 1., 1.]), colorSpace='rgb', contrast=1.0, depth=0.0, flipHoriz=False, flipVert=False, font='Arial', fontFiles=[], height=0.07, italic=False, languageStyle='LTR', name='text', opacity=1, ori=0, pos=array([0., 0.]), rgb=UNKNOWN, text=str(...), units='norm', win=Window(...), wrapWidth=1.65)
17.3116 	EXP 	Created text = TextStim(__class__=<class 'psychopy.visual.text.TextStim'>, alignHoriz=method-wrapper(...), alignText='center', alignVert=method-wrapper(...), anchorHoriz='center', anchorVert='center', antialias=True, autoLog=True, bold=False, color=array([1., 1., 1.]), colorSpace='rgb', contrast=1.0, depth=0.0, flipHoriz=False, flipVert=False, font='Arial', fontFiles=[], height=0.07, italic=False, languageStyle='LTR', name='text', opacity=1, ori=0, pos=array([0., 0.]), rgb=UNKNOWN, text=str(...), units='norm', win=Window(...), wrapWidth=1.65)
17.3208 	EXP 	Created text = TextStim(__class__=<class 'psychopy.visual.text.TextStim'>, alignHoriz=method-wrapper(...), alignText='center', alignVert=method-wrapper(...), anchorHoriz='center', anchorVert='center', antialias=True, autoLog=True, bold=False, color=array([1., 1., 1.]), colorSpace='rgb', contrast=1.0, depth=0.0, flipHoriz=False, flipVert=False, font='Arial', fontFiles=[], height=0.07, italic=False, languageStyle='LTR', name='text', opacity=1, ori=0, pos=array([0., 0.]), rgb=UNKNOWN, text=str(...), units='norm', win=Window(...), wrapWidth=1.65)
17.3312 	EXP 	Created text = TextStim(__class__=<class 'psychopy.visual.text.TextStim'>, alignHoriz=method-wrapper(...), alignText='center', alignVert=method-wrapper(...), anchorHoriz='center', anchorVert='center', antialias=True, autoLog=True, bold=False, color=array([1., 1., 1.]), colorSpace='rgb', contrast=1.0, depth=0.0, flipHoriz=False, flipVert=False, font='Arial', fontFiles=[], height=0.07, italic=False, languageStyle='LTR', name='text', opacity=1, ori=0, pos=array([0., 0.]), rgb=UNKNOWN, text=str(...), units='norm', win=Window(...), wrapWidth=1.65)
17.3367 	EXP 	Created text = TextStim(__class__=<class 'psychopy.visual.text.TextStim'>, alignHoriz=method-wrapper(...), alignText='center', alignVert=method-wrapper(...), anchorHoriz='center', anchorVert='center', antialias=True, autoLog=True, bold=False, color=array([1., 1., 1.]), colorSpace='rgb', contrast=1.0, depth=0.0, flipHoriz=False, flipVert=False, font='Arial', fontFiles=[], height=0.07, italic=False, languageStyle='LTR', name='text', opacity=1, ori=0, pos=array([0., 0.]), rgb=UNKNOWN, text=str(...), units='norm', win=Window(...), wrapWidth=1.65)
17.3518 	EXP 	Created text = TextStim(__class__=<class 'psychopy.visual.text.TextStim'>, alignHoriz=method-wrapper(...), alignText='center', alignVert=method-wrapper(...), anchorHoriz='center', anchorVert='center', antialias=True, autoLog=True, bold=False, color=array([1., 1., 1.]), colorSpace='rgb', contrast=1.0, depth=0.0, flipHoriz=False, flipVert=False, font='Arial', fontFiles=[], height=0.15, italic=False, languageStyle='LTR', name='text', opacity=1, ori=0, pos=array([0., 0.]), rgb=UNKNOWN, text=str(...), units='norm', win=Window(...), wrapWidth=1.65)
17.3802 	EXP 	Created text = TextStim(__class__=<class 'psychopy.visual.text.TextStim'>, alignHoriz=method-wrapper(...), alignText='center', alignVert=method-wrapper(...), anchorHoriz='center', anchorVert='center', antialias=True, autoLog=True, bold=False, color=array([1., 1., 1.]), colorSpace='rgb', contrast=1.0, depth=0.0, flipHoriz=False, flipVert=False, font='Arial', fontFiles=[], height=0.07, italic=False, languageStyle='LTR', name='text', opacity=1, ori=0, pos=array([0., 0.]), rgb=UNKNOWN, text=str(...), units='norm', win=Window(...), wrapWidth=1.65)
17.4018 	EXP 	Created text = TextStim(__class__=<class 'psychopy.visual.text.TextStim'>, alignHoriz=method-wrapper(...), alignText='center', alignVert=method-wrapper(...), anchorHoriz='center', anchorVert='center', antialias=True, autoLog=True, bold=False, color=array([1., 1., 1.]), colorSpace='rgb', contrast=1.0, depth=0.0, flipHoriz=False, flipVert=False, font='Arial', fontFiles=[], height=0.07, italic=False, languageStyle='LTR', name='text', opacity=1, ori=0, pos=array([0., 0.]), rgb=UNKNOWN, text=str(...), units='norm', win=Window(...), wrapWidth=1.65)
17.4330 	EXP 	Created text = TextStim(__class__=<class 'psychopy.visual.text.TextStim'>, alignHoriz=method-wrapper(...), alignText='center', alignVert=method-wrapper(...), anchorHoriz='center', anchorVert='center', antialias=True, autoLog=True, bold=False, color=array([1., 1., 1.]), colorSpace='rgb', contrast=1.0, depth=0.0, flipHoriz=False, flipVert=False, font='Arial', fontFiles=[], height=0.07, italic=False, languageStyle='LTR', name='text', opacity=1, ori=0, pos=array([0., 0.]), rgb=UNKNOWN, text=str(...), units='norm', win=Window(...), wrapWidth=1.65)
17.4564 	EXP 	Created text = TextStim(__class__=<class 'psychopy.visual.text.TextStim'>, alignHoriz=method-wrapper(...), alignText='center', alignVert=method-wrapper(...), anchorHoriz='center', anchorVert='center', antialias=True, autoLog=True, bold=False, color=array([1., 1., 1.]), colorSpace='rgb', contrast=1.0, depth=0.0, flipHoriz=False, flipVert=False, font='Arial', fontFiles=[], height=0.07, italic=False, languageStyle='LTR', name='text', opacity=1, ori=0, pos=array([0., 0.]), rgb=UNKNOWN, text=str(...), units='norm', win=Window(...), wrapWidth=1.65)
17.4861 	EXP 	Created text = TextStim(__class__=<class 'psychopy.visual.text.TextStim'>, alignHoriz=method-wrapper(...), alignText='center', alignVert=method-wrapper(...), anchorHoriz='center', anchorVert='center', antialias=True, autoLog=True, bold=False, color=array([1., 1., 1.]), colorSpace='rgb', contrast=1.0, depth=0.0, flipHoriz=False, flipVert=False, font='Arial', fontFiles=[], height=0.07, italic=False, languageStyle='LTR', name='text', opacity=1, ori=0, pos=array([0., 0.]), rgb=UNKNOWN, text=str(...), units='norm', win=Window(...), wrapWidth=1.65)
17.4976 	EXP 	Created text = TextStim(__class__=<class 'psychopy.visual.text.TextStim'>, alignHoriz=method-wrapper(...), alignText='center', alignVert=method-wrapper(...), anchorHoriz='center', anchorVert='center', antialias=True, autoLog=True, bold=False, color=array([1., 1., 1.]), colorSpace='rgb', contrast=1.0, depth=0.0, flipHoriz=False, flipVert=False, font='Arial', fontFiles=[], height=0.07, italic=False, languageStyle='LTR', name='text', opacity=1, ori=0, pos=array([0., 0.]), rgb=UNKNOWN, text=str(...), units='norm', win=Window(...), wrapWidth=1.65)
17.5102 	EXP 	Created text = TextStim(__class__=<class 'psychopy.visual.text.TextStim'>, alignHoriz=method-wrapper(...), alignText='center', alignVert=method-wrapper(...), anchorHoriz='center', anchorVert='center', antialias=True, autoLog=True, bold=False, color=array([1., 1., 1.]), colorSpace='rgb', contrast=1.0, depth=0.0, flipHoriz=False, flipVert=False, font='Arial', fontFiles=[], height=0.07, italic=False, languageStyle='LTR', name='text', opacity=1, ori=0, pos=array([0., 0.]), rgb=UNKNOWN, text=str(...), units='norm', win=Window(...), wrapWidth=1.65)
17.5147 	EXP 	Created instru = TextStim(__class__=<class 'psychopy.visual.text.TextStim'>, alignHoriz=method-wrapper(...), alignText='center', alignVert=method-wrapper(...), anchorHoriz='center', anchorVert='center', antialias=True, autoLog=True, bold=False, color=array([1., 1., 1.]), colorSpace='rgb', contrast=1.0, depth=0.0, flipHoriz=False, flipVert=False, font='Arial', fontFiles=[], height=0.07, italic=False, languageStyle='LTR', name='instru', opacity=1, ori=0, pos=array([0. , 0.5]), rgb=UNKNOWN, text=str(...), units='norm', win=Window(...), wrapWidth=1)
17.5173 	EXP 	Created unnamed Line = Line(__class__=<class 'psychopy.visual.line.Line'>, autoDraw=False, autoLog=True, closeShape=False, color=array([1., 1., 1.]), colorSpace='rgb', contrast=None, depth=0, fillColor=array([0, 0, 0]), fillColorSpace='rgb', fillRGB=array([0, 0, 0]), interpolate=True, lineColor=array([1., 1., 1.]), lineColorSpace='rgb', lineRGB=array([1, 1, 1]), lineWidth=5, name='unnamed Line', opacity=0.5, ori=0.0, pos=array([0., 0.]), size=array([1., 1.]), units='norm', vertices=array([[-0.5,  0. ],
       [ 0.5,  0. ]]), win=Window(...), windingRule=None)
17.5193 	EXP 	Created unnamed Line = Line(__class__=<class 'psychopy.visual.line.Line'>, autoDraw=False, autoLog=True, closeShape=False, color=array([1., 1., 1.]), colorSpace='rgb', contrast=None, depth=0, fillColor=array([0, 0, 0]), fillColorSpace='rgb', fillRGB=array([0, 0, 0]), interpolate=True, lineColor=array([1., 1., 1.]), lineColorSpace='rgb', lineRGB=array([1, 1, 1]), lineWidth=3, name='unnamed Line', opacity=0.5, ori=0.0, pos=array([0., 0.]), size=array([1., 1.]), units='norm', vertices=array([[-0.5 , -0.05],
       [-0.5 ,  0.05]]), win=Window(...), windingRule=None)
17.5213 	EXP 	Created unnamed Line = Line(__class__=<class 'psychopy.visual.line.Line'>, autoDraw=False, autoLog=True, closeShape=False, color=array([1., 1., 1.]), colorSpace='rgb', contrast=None, depth=0, fillColor=array([0, 0, 0]), fillColorSpace='rgb', fillRGB=array([0, 0, 0]), interpolate=True, lineColor=array([1., 1., 1.]), lineColorSpace='rgb', lineRGB=array([1, 1, 1]), lineWidth=3, name='unnamed Line', opacity=0.5, ori=0.0, pos=array([0., 0.]), size=array([1., 1.]), units='norm', vertices=ndarray(...), win=Window(...), windingRule=None)
17.5233 	EXP 	Created unnamed Line = Line(__class__=<class 'psychopy.visual.line.Line'>, autoDraw=False, autoLog=True, closeShape=False, color=array([1., 1., 1.]), colorSpace='rgb', contrast=None, depth=0, fillColor=array([0, 0, 0]), fillColorSpace='rgb', fillRGB=array([0, 0, 0]), interpolate=True, lineColor=array([1., 1., 1.]), lineColorSpace='rgb', lineRGB=array([1, 1, 1]), lineWidth=3, name='unnamed Line', opacity=0.5, ori=0.0, pos=array([0., 0.]), size=array([1., 1.]), units='norm', vertices=ndarray(...), win=Window(...), windingRule=None)
17.5253 	EXP 	Created unnamed Line = Line(__class__=<class 'psychopy.visual.line.Line'>, autoDraw=False, autoLog=True, closeShape=False, color=array([1., 1., 1.]), colorSpace='rgb', contrast=None, depth=0, fillColor=array([0, 0, 0]), fillColorSpace='rgb', fillRGB=array([0, 0, 0]), interpolate=True, lineColor=array([1., 1., 1.]), lineColorSpace='rgb', lineRGB=array([1, 1, 1]), lineWidth=3, name='unnamed Line', opacity=0.5, ori=0.0, pos=array([0., 0.]), size=array([1., 1.]), units='norm', vertices=array([[ 0.5 , -0.05],
       [ 0.5 ,  0.05]]), win=Window(...), windingRule=None)
17.5382 	EXP 	Created unnamed TextStim = TextStim(__class__=<class 'psychopy.visual.text.TextStim'>, alignHoriz=method-wrapper(...), alignText='center', alignVert=method-wrapper(...), anchorHoriz='center', anchorVert='center', antialias=True, autoLog=True, bold=False, color=array([1., 1., 1.]), colorSpace='rgb', contrast=1.0, depth=0, flipHoriz=False, flipVert=False, font='', fontFiles=[], height=0.05, italic=False, languageStyle='LTR', name='unnamed TextStim', opacity=1.0, ori=0.0, pos=array([-0.5, -0.1]), rgb=UNKNOWN, text='Helt klart \n IKKE FOKUSERT', units='norm', win=Window(...), wrapWidth=1)
17.5393 	EXP 	Created unnamed TextStim = TextStim(__class__=<class 'psychopy.visual.text.TextStim'>, alignHoriz=method-wrapper(...), alignText='center', alignVert=method-wrapper(...), anchorHoriz='center', anchorVert='center', antialias=True, autoLog=True, bold=False, color=array([1., 1., 1.]), colorSpace='rgb', contrast=1.0, depth=0, flipHoriz=False, flipVert=False, font='', fontFiles=[], height=0.05, italic=False, languageStyle='LTR', name='unnamed TextStim', opacity=1.0, ori=0.0, pos=array([-0.16666667, -0.1       ]), rgb=UNKNOWN, text='', units='norm', win=Window(...), wrapWidth=1)
17.5403 	EXP 	Created unnamed TextStim = TextStim(__class__=<class 'psychopy.visual.text.TextStim'>, alignHoriz=method-wrapper(...), alignText='center', alignVert=method-wrapper(...), anchorHoriz='center', anchorVert='center', antialias=True, autoLog=True, bold=False, color=array([1., 1., 1.]), colorSpace='rgb', contrast=1.0, depth=0, flipHoriz=False, flipVert=False, font='', fontFiles=[], height=0.05, italic=False, languageStyle='LTR', name='unnamed TextStim', opacity=1.0, ori=0.0, pos=array([ 0.16666667, -0.1       ]), rgb=UNKNOWN, text='', units='norm', win=Window(...), wrapWidth=1)
17.5434 	EXP 	Created unnamed TextStim = TextStim(__class__=<class 'psychopy.visual.text.TextStim'>, alignHoriz=method-wrapper(...), alignText='center', alignVert=method-wrapper(...), anchorHoriz='center', anchorVert='center', antialias=True, autoLog=True, bold=False, color=array([1., 1., 1.]), colorSpace='rgb', contrast=1.0, depth=0, flipHoriz=False, flipVert=False, font='', fontFiles=[], height=0.05, italic=False, languageStyle='LTR', name='unnamed TextStim', opacity=1.0, ori=0.0, pos=array([ 0.5, -0.1]), rgb=UNKNOWN, text='Helt klart \n FOKUSERT', units='norm', win=Window(...), wrapWidth=1)
17.5453 	EXP 	Created unnamed ShapeStim = ShapeStim(__class__=<class 'psychopy.visual.shape.ShapeStim'>, autoDraw=False, autoLog=True, closeShape=True, color=method-wrapper(...), colorSpace='rgb', contrast=None, depth=0, fillColor=array([1, 1, 1]), fillColorSpace='rgb', fillRGB=array([1, 1, 1]), interpolate=True, lineColor=array([-1., -1., -1.]), lineColorSpace='rgb', lineRGB=array([-1, -1, -1]), lineWidth=1.5, name='unnamed ShapeStim', opacity=1.0, ori=0.0, pos=array([0., 0.]), size=array([1., 1.]), units='norm', vertices=ndarray(...), win=Window(...), windingRule=None)
17.5519 	EXP 	Created instru = TextStim(__class__=<class 'psychopy.visual.text.TextStim'>, alignHoriz=method-wrapper(...), alignText='center', alignVert=method-wrapper(...), anchorHoriz='center', anchorVert='center', antialias=True, autoLog=True, bold=False, color=array([1., 1., 1.]), colorSpace='rgb', contrast=1.0, depth=0.0, flipHoriz=False, flipVert=False, font='Arial', fontFiles=[], height=0.07, italic=False, languageStyle='LTR', name='instru', opacity=1, ori=0, pos=array([0. , 0.5]), rgb=UNKNOWN, text=str(...), units='norm', win=Window(...), wrapWidth=1)
17.5539 	EXP 	Created unnamed Line = Line(__class__=<class 'psychopy.visual.line.Line'>, autoDraw=False, autoLog=True, closeShape=False, color=array([1., 1., 1.]), colorSpace='rgb', contrast=None, depth=0, fillColor=array([0, 0, 0]), fillColorSpace='rgb', fillRGB=array([0, 0, 0]), interpolate=True, lineColor=array([1., 1., 1.]), lineColorSpace='rgb', lineRGB=array([1, 1, 1]), lineWidth=5, name='unnamed Line', opacity=0.5, ori=0.0, pos=array([0., 0.]), size=array([1., 1.]), units='norm', vertices=array([[-0.5,  0. ],
       [ 0.5,  0. ]]), win=Window(...), windingRule=None)
17.5559 	EXP 	Created unnamed Line = Line(__class__=<class 'psychopy.visual.line.Line'>, autoDraw=False, autoLog=True, closeShape=False, color=array([1., 1., 1.]), colorSpace='rgb', contrast=None, depth=0, fillColor=array([0, 0, 0]), fillColorSpace='rgb', fillRGB=array([0, 0, 0]), interpolate=True, lineColor=array([1., 1., 1.]), lineColorSpace='rgb', lineRGB=array([1, 1, 1]), lineWidth=3, name='unnamed Line', opacity=0.5, ori=0.0, pos=array([0., 0.]), size=array([1., 1.]), units='norm', vertices=array([[-0.5 , -0.05],
       [-0.5 ,  0.05]]), win=Window(...), windingRule=None)
17.5579 	EXP 	Created unnamed Line = Line(__class__=<class 'psychopy.visual.line.Line'>, autoDraw=False, autoLog=True, closeShape=False, color=array([1., 1., 1.]), colorSpace='rgb', contrast=None, depth=0, fillColor=array([0, 0, 0]), fillColorSpace='rgb', fillRGB=array([0, 0, 0]), interpolate=True, lineColor=array([1., 1., 1.]), lineColorSpace='rgb', lineRGB=array([1, 1, 1]), lineWidth=3, name='unnamed Line', opacity=0.5, ori=0.0, pos=array([0., 0.]), size=array([1., 1.]), units='norm', vertices=ndarray(...), win=Window(...), windingRule=None)
17.5599 	EXP 	Created unnamed Line = Line(__class__=<class 'psychopy.visual.line.Line'>, autoDraw=False, autoLog=True, closeShape=False, color=array([1., 1., 1.]), colorSpace='rgb', contrast=None, depth=0, fillColor=array([0, 0, 0]), fillColorSpace='rgb', fillRGB=array([0, 0, 0]), interpolate=True, lineColor=array([1., 1., 1.]), lineColorSpace='rgb', lineRGB=array([1, 1, 1]), lineWidth=3, name='unnamed Line', opacity=0.5, ori=0.0, pos=array([0., 0.]), size=array([1., 1.]), units='norm', vertices=ndarray(...), win=Window(...), windingRule=None)
17.5619 	EXP 	Created unnamed Line = Line(__class__=<class 'psychopy.visual.line.Line'>, autoDraw=False, autoLog=True, closeShape=False, color=array([1., 1., 1.]), colorSpace='rgb', contrast=None, depth=0, fillColor=array([0, 0, 0]), fillColorSpace='rgb', fillRGB=array([0, 0, 0]), interpolate=True, lineColor=array([1., 1., 1.]), lineColorSpace='rgb', lineRGB=array([1, 1, 1]), lineWidth=3, name='unnamed Line', opacity=0.5, ori=0.0, pos=array([0., 0.]), size=array([1., 1.]), units='norm', vertices=array([[ 0.5 , -0.05],
       [ 0.5 ,  0.05]]), win=Window(...), windingRule=None)
17.5668 	EXP 	Created unnamed TextStim = TextStim(__class__=<class 'psychopy.visual.text.TextStim'>, alignHoriz=method-wrapper(...), alignText='center', alignVert=method-wrapper(...), anchorHoriz='center', anchorVert='center', antialias=True, autoLog=True, bold=False, color=array([1., 1., 1.]), colorSpace='rgb', contrast=1.0, depth=0, flipHoriz=False, flipVert=False, font='', fontFiles=[], height=0.05, italic=False, languageStyle='LTR', name='unnamed TextStim', opacity=1.0, ori=0.0, pos=array([-0.5, -0.1]), rgb=UNKNOWN, text='Helt klart \n INGENTING', units='norm', win=Window(...), wrapWidth=1)
17.5679 	EXP 	Created unnamed TextStim = TextStim(__class__=<class 'psychopy.visual.text.TextStim'>, alignHoriz=method-wrapper(...), alignText='center', alignVert=method-wrapper(...), anchorHoriz='center', anchorVert='center', antialias=True, autoLog=True, bold=False, color=array([1., 1., 1.]), colorSpace='rgb', contrast=1.0, depth=0, flipHoriz=False, flipVert=False, font='', fontFiles=[], height=0.05, italic=False, languageStyle='LTR', name='unnamed TextStim', opacity=1.0, ori=0.0, pos=array([-0.16666667, -0.1       ]), rgb=UNKNOWN, text='', units='norm', win=Window(...), wrapWidth=1)
17.5689 	EXP 	Created unnamed TextStim = TextStim(__class__=<class 'psychopy.visual.text.TextStim'>, alignHoriz=method-wrapper(...), alignText='center', alignVert=method-wrapper(...), anchorHoriz='center', anchorVert='center', antialias=True, autoLog=True, bold=False, color=array([1., 1., 1.]), colorSpace='rgb', contrast=1.0, depth=0, flipHoriz=False, flipVert=False, font='', fontFiles=[], height=0.05, italic=False, languageStyle='LTR', name='unnamed TextStim', opacity=1.0, ori=0.0, pos=array([ 0.16666667, -0.1       ]), rgb=UNKNOWN, text='', units='norm', win=Window(...), wrapWidth=1)
17.5720 	EXP 	Created unnamed TextStim = TextStim(__class__=<class 'psychopy.visual.text.TextStim'>, alignHoriz=method-wrapper(...), alignText='center', alignVert=method-wrapper(...), anchorHoriz='center', anchorVert='center', antialias=True, autoLog=True, bold=False, color=array([1., 1., 1.]), colorSpace='rgb', contrast=1.0, depth=0, flipHoriz=False, flipVert=False, font='', fontFiles=[], height=0.05, italic=False, languageStyle='LTR', name='unnamed TextStim', opacity=1.0, ori=0.0, pos=array([ 0.5, -0.1]), rgb=UNKNOWN, text='Helt klart \n NOE', units='norm', win=Window(...), wrapWidth=1)
17.5738 	EXP 	Created unnamed ShapeStim = ShapeStim(__class__=<class 'psychopy.visual.shape.ShapeStim'>, autoDraw=False, autoLog=True, closeShape=True, color=method-wrapper(...), colorSpace='rgb', contrast=None, depth=0, fillColor=array([1, 1, 1]), fillColorSpace='rgb', fillRGB=array([1, 1, 1]), interpolate=True, lineColor=array([-1., -1., -1.]), lineColorSpace='rgb', lineRGB=array([-1, -1, -1]), lineWidth=1.5, name='unnamed ShapeStim', opacity=1.0, ori=0.0, pos=array([0., 0.]), size=array([1., 1.]), units='norm', vertices=ndarray(...), win=Window(...), windingRule=None)
17.5807 	EXP 	Created instru = TextStim(__class__=<class 'psychopy.visual.text.TextStim'>, alignHoriz=method-wrapper(...), alignText='center', alignVert=method-wrapper(...), anchorHoriz='center', anchorVert='center', antialias=True, autoLog=True, bold=False, color=array([1., 1., 1.]), colorSpace='rgb', contrast=1.0, depth=0.0, flipHoriz=False, flipVert=False, font='Arial', fontFiles=[], height=0.07, italic=False, languageStyle='LTR', name='instru', opacity=1, ori=0, pos=array([0. , 0.5]), rgb=UNKNOWN, text=str(...), units='norm', win=Window(...), wrapWidth=1)
17.5827 	EXP 	Created unnamed Line = Line(__class__=<class 'psychopy.visual.line.Line'>, autoDraw=False, autoLog=True, closeShape=False, color=array([1., 1., 1.]), colorSpace='rgb', contrast=None, depth=0, fillColor=array([0, 0, 0]), fillColorSpace='rgb', fillRGB=array([0, 0, 0]), interpolate=True, lineColor=array([1., 1., 1.]), lineColorSpace='rgb', lineRGB=array([1, 1, 1]), lineWidth=5, name='unnamed Line', opacity=0.5, ori=0.0, pos=array([0., 0.]), size=array([1., 1.]), units='norm', vertices=array([[-0.5,  0. ],
       [ 0.5,  0. ]]), win=Window(...), windingRule=None)
17.5847 	EXP 	Created unnamed Line = Line(__class__=<class 'psychopy.visual.line.Line'>, autoDraw=False, autoLog=True, closeShape=False, color=array([1., 1., 1.]), colorSpace='rgb', contrast=None, depth=0, fillColor=array([0, 0, 0]), fillColorSpace='rgb', fillRGB=array([0, 0, 0]), interpolate=True, lineColor=array([1., 1., 1.]), lineColorSpace='rgb', lineRGB=array([1, 1, 1]), lineWidth=3, name='unnamed Line', opacity=0.5, ori=0.0, pos=array([0., 0.]), size=array([1., 1.]), units='norm', vertices=array([[-0.5 , -0.05],
       [-0.5 ,  0.05]]), win=Window(...), windingRule=None)
17.5867 	EXP 	Created unnamed Line = Line(__class__=<class 'psychopy.visual.line.Line'>, autoDraw=False, autoLog=True, closeShape=False, color=array([1., 1., 1.]), colorSpace='rgb', contrast=None, depth=0, fillColor=array([0, 0, 0]), fillColorSpace='rgb', fillRGB=array([0, 0, 0]), interpolate=True, lineColor=array([1., 1., 1.]), lineColorSpace='rgb', lineRGB=array([1, 1, 1]), lineWidth=3, name='unnamed Line', opacity=0.5, ori=0.0, pos=array([0., 0.]), size=array([1., 1.]), units='norm', vertices=ndarray(...), win=Window(...), windingRule=None)
17.5887 	EXP 	Created unnamed Line = Line(__class__=<class 'psychopy.visual.line.Line'>, autoDraw=False, autoLog=True, closeShape=False, color=array([1., 1., 1.]), colorSpace='rgb', contrast=None, depth=0, fillColor=array([0, 0, 0]), fillColorSpace='rgb', fillRGB=array([0, 0, 0]), interpolate=True, lineColor=array([1., 1., 1.]), lineColorSpace='rgb', lineRGB=array([1, 1, 1]), lineWidth=3, name='unnamed Line', opacity=0.5, ori=0.0, pos=array([0., 0.]), size=array([1., 1.]), units='norm', vertices=ndarray(...), win=Window(...), windingRule=None)
17.5906 	EXP 	Created unnamed Line = Line(__class__=<class 'psychopy.visual.line.Line'>, autoDraw=False, autoLog=True, closeShape=False, color=array([1., 1., 1.]), colorSpace='rgb', contrast=None, depth=0, fillColor=array([0, 0, 0]), fillColorSpace='rgb', fillRGB=array([0, 0, 0]), interpolate=True, lineColor=array([1., 1., 1.]), lineColorSpace='rgb', lineRGB=array([1, 1, 1]), lineWidth=3, name='unnamed Line', opacity=0.5, ori=0.0, pos=array([0., 0.]), size=array([1., 1.]), units='norm', vertices=array([[ 0.5 , -0.05],
       [ 0.5 ,  0.05]]), win=Window(...), windingRule=None)
17.5955 	EXP 	Created unnamed TextStim = TextStim(__class__=<class 'psychopy.visual.text.TextStim'>, alignHoriz=method-wrapper(...), alignText='center', alignVert=method-wrapper(...), anchorHoriz='center', anchorVert='center', antialias=True, autoLog=True, bold=False, color=array([1., 1., 1.]), colorSpace='rgb', contrast=1.0, depth=0, flipHoriz=False, flipVert=False, font='', fontFiles=[], height=0.05, italic=False, languageStyle='LTR', name='unnamed TextStim', opacity=1.0, ori=0.0, pos=array([-0.5, -0.1]), rgb=UNKNOWN, text='Helt klart \n SPONTAN', units='norm', win=Window(...), wrapWidth=1)
17.5967 	EXP 	Created unnamed TextStim = TextStim(__class__=<class 'psychopy.visual.text.TextStim'>, alignHoriz=method-wrapper(...), alignText='center', alignVert=method-wrapper(...), anchorHoriz='center', anchorVert='center', antialias=True, autoLog=True, bold=False, color=array([1., 1., 1.]), colorSpace='rgb', contrast=1.0, depth=0, flipHoriz=False, flipVert=False, font='', fontFiles=[], height=0.05, italic=False, languageStyle='LTR', name='unnamed TextStim', opacity=1.0, ori=0.0, pos=array([-0.16666667, -0.1       ]), rgb=UNKNOWN, text='', units='norm', win=Window(...), wrapWidth=1)
17.5978 	EXP 	Created unnamed TextStim = TextStim(__class__=<class 'psychopy.visual.text.TextStim'>, alignHoriz=method-wrapper(...), alignText='center', alignVert=method-wrapper(...), anchorHoriz='center', anchorVert='center', antialias=True, autoLog=True, bold=False, color=array([1., 1., 1.]), colorSpace='rgb', contrast=1.0, depth=0, flipHoriz=False, flipVert=False, font='', fontFiles=[], height=0.05, italic=False, languageStyle='LTR', name='unnamed TextStim', opacity=1.0, ori=0.0, pos=array([ 0.16666667, -0.1       ]), rgb=UNKNOWN, text='', units='norm', win=Window(...), wrapWidth=1)
17.6024 	EXP 	Created unnamed TextStim = TextStim(__class__=<class 'psychopy.visual.text.TextStim'>, alignHoriz=method-wrapper(...), alignText='center', alignVert=method-wrapper(...), anchorHoriz='center', anchorVert='center', antialias=True, autoLog=True, bold=False, color=array([1., 1., 1.]), colorSpace='rgb', contrast=1.0, depth=0, flipHoriz=False, flipVert=False, font='', fontFiles=[], height=0.05, italic=False, languageStyle='LTR', name='unnamed TextStim', opacity=1.0, ori=0.0, pos=array([ 0.5, -0.1]), rgb=UNKNOWN, text='Helt klart \n BEVISST', units='norm', win=Window(...), wrapWidth=1)
17.6043 	EXP 	Created unnamed ShapeStim = ShapeStim(__class__=<class 'psychopy.visual.shape.ShapeStim'>, autoDraw=False, autoLog=True, closeShape=True, color=method-wrapper(...), colorSpace='rgb', contrast=None, depth=0, fillColor=array([1, 1, 1]), fillColorSpace='rgb', fillRGB=array([1, 1, 1]), interpolate=True, lineColor=array([-1., -1., -1.]), lineColorSpace='rgb', lineRGB=array([-1, -1, -1]), lineWidth=1.5, name='unnamed ShapeStim', opacity=1.0, ori=0.0, pos=array([0., 0.]), size=array([1., 1.]), units='norm', vertices=ndarray(...), win=Window(...), windingRule=None)
17.6537 	EXP 	Sound  set volume 1.000
17.6871 	EXP 	unnamed ShapeStim: vertices = <class 'numpy.ndarray'>
17.6871 	EXP 	unnamed ShapeStim: vertices = <class 'numpy.ndarray'>
17.6871 	EXP 	unnamed ShapeStim: vertices = <class 'numpy.ndarray'>
54.2613 	DATA 	Keypress: lctrl
54.7720 	EXP 	Sound  started
55.4612 	DATA 	Keypress: lctrl
55.5220 	EXP 	Sound  started
55.6532 	DATA 	Keypress: rctrl
56.1811 	DATA 	Keypress: lctrl
56.2720 	EXP 	Sound  started
56.8371 	DATA 	Keypress: rctrl
57.0220 	EXP 	Sound  started
57.6692 	DATA 	Keypress: lctrl
57.7721 	EXP 	Sound  started
58.3732 	DATA 	Keypress: rctrl
58.5221 	EXP 	Sound  started
59.1572 	DATA 	Keypress: lctrl
59.2721 	EXP 	Sound  started
59.8612 	DATA 	Keypress: rctrl
60.0221 	EXP 	Sound  started
60.5332 	DATA 	Keypress: lctrl
60.7721 	EXP 	Sound  started
61.3012 	DATA 	Keypress: rctrl
61.5221 	EXP 	Sound  started
62.1012 	DATA 	Keypress: lctrl
62.2722 	EXP 	Sound  started
62.8052 	DATA 	Keypress: rctrl
63.0222 	EXP 	Sound  started
63.6372 	DATA 	Keypress: lctrl
63.7722 	EXP 	Sound  started
64.3892 	DATA 	Keypress: rctrl
64.5222 	EXP 	Sound  started
65.1092 	DATA 	Keypress: lctrl
65.2722 	EXP 	Sound  started
65.8292 	DATA 	Keypress: rctrl
66.0222 	EXP 	Sound  started
66.6452 	DATA 	Keypress: lctrl
66.7722 	EXP 	Sound  started
67.3171 	DATA 	Keypress: rctrl
67.5223 	EXP 	Sound  started
68.0852 	DATA 	Keypress: lctrl
68.2723 	EXP 	Sound  started
68.8532 	DATA 	Keypress: rctrl
69.0223 	EXP 	Sound  started
69.6052 	DATA 	Keypress: lctrl
69.7724 	EXP 	Sound  started
70.3092 	DATA 	Keypress: rctrl
70.5223 	EXP 	Sound  started
71.1092 	DATA 	Keypress: lctrl
71.2724 	EXP 	Sound  started
71.8132 	DATA 	Keypress: rctrl
72.0224 	EXP 	Sound  started
72.6293 	DATA 	Keypress: lctrl
72.7724 	EXP 	Sound  started
73.3012 	DATA 	Keypress: rctrl
73.5224 	EXP 	Sound  started
74.0692 	DATA 	Keypress: lctrl
74.2724 	EXP 	Sound  started
74.7891 	DATA 	Keypress: rctrl
75.0224 	EXP 	Sound  started
75.5412 	DATA 	Keypress: lctrl
75.7724 	EXP 	Sound  started
76.3092 	DATA 	Keypress: rctrl
76.5224 	EXP 	Sound  started
77.1092 	DATA 	Keypress: lctrl
77.2725 	EXP 	Sound  started
77.8612 	DATA 	Keypress: rctrl
78.0225 	EXP 	Sound  started
78.5652 	DATA 	Keypress: lctrl
78.7725 	EXP 	Sound  started
79.3012 	DATA 	Keypress: rctrl
79.5225 	EXP 	Sound  started
80.1011 	DATA 	Keypress: lctrl
80.2725 	EXP 	Sound  started
80.7892 	DATA 	Keypress: rctrl
81.0225 	EXP 	Sound  started
81.6212 	DATA 	Keypress: lctrl
81.7725 	EXP 	Sound  started
82.2932 	DATA 	Keypress: rctrl
82.5225 	EXP 	Sound  started
83.1092 	DATA 	Keypress: lctrl
83.2726 	EXP 	Sound  started
83.9092 	DATA 	Keypress: rctrl
84.0226 	EXP 	Sound  started
84.6291 	DATA 	Keypress: lctrl
84.7726 	EXP 	Sound  started
85.3492 	DATA 	Keypress: rctrl
85.5226 	EXP 	Sound  started
86.1334 	DATA 	Keypress: lctrl
86.2726 	EXP 	Sound  started
86.8212 	DATA 	Keypress: rctrl
87.0226 	EXP 	Sound  started
87.6212 	DATA 	Keypress: lctrl
87.7727 	EXP 	Sound  started
88.3573 	DATA 	Keypress: rctrl
88.5227 	EXP 	Sound  started
89.0932 	DATA 	Keypress: lctrl
89.2727 	EXP 	Sound  started
89.7492 	DATA 	Keypress: rctrl
90.0227 	EXP 	Sound  started
90.6452 	DATA 	Keypress: lctrl
90.7727 	EXP 	Sound  started
91.3812 	DATA 	Keypress: rctrl
91.5227 	EXP 	Sound  started
92.1652 	DATA 	Keypress: lctrl
92.2727 	EXP 	Sound  started
92.8532 	DATA 	Keypress: rctrl
93.0228 	EXP 	Sound  started
93.6212 	DATA 	Keypress: lctrl
93.7728 	EXP 	Sound  started
94.3572 	DATA 	Keypress: rctrl
94.5228 	EXP 	Sound  started
95.1253 	DATA 	Keypress: lctrl
95.2728 	EXP 	Sound  started
95.7492 	DATA 	Keypress: rctrl
96.0228 	EXP 	Sound  started
96.5652 	DATA 	Keypress: lctrl
96.7728 	EXP 	Sound  started
97.2852 	DATA 	Keypress: rctrl
97.5228 	EXP 	Sound  started
98.1012 	DATA 	Keypress: lctrl
98.2729 	EXP 	Sound  started
98.9173 	DATA 	Keypress: rctrl
99.0229 	EXP 	Sound  started
99.6372 	DATA 	Keypress: lctrl
99.7729 	EXP 	Sound  started
100.2932 	DATA 	Keypress: rctrl
100.5229 	EXP 	Sound  started
101.1252 	DATA 	Keypress: lctrl
101.2729 	EXP 	Sound  started
101.7972 	DATA 	Keypress: rctrl
102.0229 	EXP 	Sound  started
102.5332 	DATA 	Keypress: lctrl
102.7729 	EXP 	Sound  started
103.3331 	DATA 	Keypress: rctrl
103.5229 	EXP 	Sound  started
104.1493 	DATA 	Keypress: lctrl
104.2730 	EXP 	Sound  started
104.8212 	DATA 	Keypress: rctrl
105.0230 	EXP 	Sound  started
105.5892 	DATA 	Keypress: lctrl
105.7730 	EXP 	Sound  started
106.3893 	DATA 	Keypress: rctrl
106.5230 	EXP 	Sound  started
107.1252 	DATA 	Keypress: lctrl
107.2730 	EXP 	Sound  started
107.8612 	DATA 	Keypress: rctrl
108.0230 	EXP 	Sound  started
108.5972 	DATA 	Keypress: lctrl
108.7730 	EXP 	Sound  started
109.3172 	DATA 	Keypress: rctrl
109.5231 	EXP 	Sound  started
110.1172 	DATA 	Keypress: lctrl
110.2731 	EXP 	Sound  started
110.8211 	DATA 	Keypress: rctrl
111.0515 	EXP 	unnamed TextStim: text = ''
111.0515 	EXP 	unnamed TextStim: text = ''
113.2570 	DATA 	Keypress: 4
113.2861 	EXP 	unnamed ShapeStim: vertices = <class 'numpy.ndarray'>
114.8207 	EXP 	unnamed TextStim: text = ''
114.8207 	EXP 	unnamed TextStim: text = ''
116.9726 	DATA 	Keypress: 1
116.9892 	EXP 	unnamed ShapeStim: vertices = <class 'numpy.ndarray'>
118.5238 	EXP 	unnamed TextStim: text = ''
118.5238 	EXP 	unnamed TextStim: text = ''
119.8795 	DATA 	Keypress: 4
119.9087 	EXP 	unnamed ShapeStim: vertices = <class 'numpy.ndarray'>
122.1936 	EXP 	Sound  started
122.1938 	DATA 	Keypress: lctrl
122.7412 	DATA 	Keypress: rctrl
122.9436 	EXP 	Sound  started
123.5252 	DATA 	Keypress: lctrl
123.6936 	EXP 	Sound  started
124.2452 	DATA 	Keypress: rctrl
124.4436 	EXP 	Sound  started
124.9492 	DATA 	Keypress: lctrl
125.1936 	EXP 	Sound  started
125.7333 	DATA 	Keypress: rctrl
125.9437 	EXP 	Sound  started
126.5492 	DATA 	Keypress: lctrl
126.6937 	EXP 	Sound  started
127.2692 	DATA 	Keypress: rctrl
127.4437 	EXP 	Sound  started
128.0694 	DATA 	Keypress: lctrl
128.1937 	EXP 	Sound  started
128.8213 	DATA 	Keypress: rctrl
128.9437 	EXP 	Sound  started
129.5572 	DATA 	Keypress: lctrl
129.6937 	EXP 	Sound  started
130.2451 	DATA 	Keypress: rctrl
130.4437 	EXP 	Sound  started
131.0292 	DATA 	Keypress: lctrl
131.1938 	EXP 	Sound  started
131.7652 	DATA 	Keypress: rctrl
131.9438 	EXP 	Sound  started
132.6131 	DATA 	Keypress: lctrl
132.6938 	EXP 	Sound  started
133.3332 	DATA 	Keypress: rctrl
133.4438 	EXP 	Sound  started
134.0852 	DATA 	Keypress: lctrl
134.1938 	EXP 	Sound  started
134.8211 	DATA 	Keypress: rctrl
134.9438 	EXP 	Sound  started
135.5412 	DATA 	Keypress: lctrl
135.6938 	EXP 	Sound  started
136.2931 	DATA 	Keypress: rctrl
136.4438 	EXP 	Sound  started
137.0291 	DATA 	Keypress: lctrl
137.1939 	EXP 	Sound  started
137.7812 	DATA 	Keypress: rctrl
137.9439 	EXP 	Sound  started
138.5171 	DATA 	Keypress: lctrl
138.6939 	EXP 	Sound  started
139.2852 	DATA 	Keypress: rctrl
139.4439 	EXP 	Sound  started
140.0212 	DATA 	Keypress: lctrl
140.1939 	EXP 	Sound  started
140.6931 	DATA 	Keypress: rctrl
140.9439 	EXP 	Sound  started
141.5732 	DATA 	Keypress: lctrl
141.6939 	EXP 	Sound  started
142.3092 	DATA 	Keypress: rctrl
142.4440 	EXP 	Sound  started
143.0132 	DATA 	Keypress: lctrl
143.1940 	EXP 	Sound  started
143.7651 	DATA 	Keypress: rctrl
143.9440 	EXP 	Sound  started
144.5012 	DATA 	Keypress: lctrl
144.6940 	EXP 	Sound  started
145.3172 	DATA 	Keypress: rctrl
145.4440 	EXP 	Sound  started
146.0372 	DATA 	Keypress: lctrl
146.1940 	EXP 	Sound  started
146.7411 	DATA 	Keypress: rctrl
146.9440 	EXP 	Sound  started
147.5571 	DATA 	Keypress: lctrl
147.6941 	EXP 	Sound  started
148.2931 	DATA 	Keypress: rctrl
148.4441 	EXP 	Sound  started
149.0612 	DATA 	Keypress: lctrl
149.1941 	EXP 	Sound  started
149.7812 	DATA 	Keypress: rctrl
149.9441 	EXP 	Sound  started
150.5811 	DATA 	Keypress: lctrl
150.6941 	EXP 	Sound  started
151.3172 	DATA 	Keypress: rctrl
151.4441 	EXP 	Sound  started
152.0211 	DATA 	Keypress: lctrl
152.1941 	EXP 	Sound  started
152.7731 	DATA 	Keypress: rctrl
152.9442 	EXP 	Sound  started
153.5251 	DATA 	Keypress: lctrl
153.6942 	EXP 	Sound  started
154.2132 	DATA 	Keypress: rctrl
154.4442 	EXP 	Sound  started
155.0291 	DATA 	Keypress: lctrl
155.1942 	EXP 	Sound  started
155.7971 	DATA 	Keypress: rctrl
155.9442 	EXP 	Sound  started
156.6131 	DATA 	Keypress: lctrl
156.6942 	EXP 	Sound  started
157.3171 	DATA 	Keypress: rctrl
157.4442 	EXP 	Sound  started
158.1012 	DATA 	Keypress: lctrl
158.1943 	EXP 	Sound  started
158.8212 	DATA 	Keypress: rctrl
158.9443 	EXP 	Sound  started
159.5411 	DATA 	Keypress: lctrl
159.6943 	EXP 	Sound  started
160.3092 	DATA 	Keypress: rctrl
160.4443 	EXP 	Sound  started
161.1092 	DATA 	Keypress: lctrl
161.1943 	EXP 	Sound  started
161.8292 	DATA 	Keypress: rctrl
161.9443 	EXP 	Sound  started
162.5811 	DATA 	Keypress: lctrl
162.6943 	EXP 	Sound  started
163.3011 	DATA 	Keypress: rctrl
163.4444 	EXP 	Sound  started
164.0692 	DATA 	Keypress: lctrl
164.1944 	EXP 	Sound  started
164.7572 	DATA 	Keypress: rctrl
164.9444 	EXP 	Sound  started
165.5731 	DATA 	Keypress: lctrl
165.6944 	EXP 	Sound  started
166.3732 	DATA 	Keypress: rctrl
166.4444 	EXP 	Sound  started
167.0772 	DATA 	Keypress: lctrl
167.1944 	EXP 	Sound  started
167.7172 	DATA 	Keypress: rctrl
167.9444 	EXP 	Sound  started
168.5811 	DATA 	Keypress: lctrl
168.6945 	EXP 	Sound  started
169.2853 	DATA 	Keypress: rctrl
169.4445 	EXP 	Sound  started
170.1012 	DATA 	Keypress: lctrl
170.1945 	EXP 	Sound  started
170.8211 	DATA 	Keypress: rctrl
170.9445 	EXP 	Sound  started
171.6372 	DATA 	Keypress: lctrl
171.6945 	EXP 	Sound  started
172.2931 	DATA 	Keypress: rctrl
172.4445 	EXP 	Sound  started
173.0452 	DATA 	Keypress: lctrl
173.1945 	EXP 	Sound  started
173.8132 	DATA 	Keypress: rctrl
173.9446 	EXP 	Sound  started
174.5811 	DATA 	Keypress: lctrl
174.6946 	EXP 	Sound  started
175.2531 	DATA 	Keypress: rctrl
175.4446 	EXP 	Sound  started
176.1012 	DATA 	Keypress: lctrl
176.1946 	EXP 	Sound  started
176.8211 	DATA 	Keypress: rctrl
176.9446 	EXP 	Sound  started
177.6051 	DATA 	Keypress: lctrl
177.6946 	EXP 	Sound  started
178.2611 	DATA 	Keypress: rctrl
178.4446 	EXP 	Sound  started
179.0772 	DATA 	Keypress: lctrl
179.1947 	EXP 	Sound  started
179.7171 	DATA 	Keypress: rctrl
179.9447 	EXP 	Sound  started
180.5011 	DATA 	Keypress: lctrl
180.6947 	EXP 	Sound  started
181.3171 	DATA 	Keypress: rctrl
181.4447 	EXP 	Sound  started
182.0051 	DATA 	Keypress: lctrl
182.1947 	EXP 	Sound  started
182.7892 	DATA 	Keypress: rctrl
182.9447 	EXP 	Sound  started
183.5572 	DATA 	Keypress: lctrl
183.6947 	EXP 	Sound  started
184.2131 	DATA 	Keypress: rctrl
184.4447 	EXP 	Sound  started
185.0132 	DATA 	Keypress: lctrl
185.1948 	EXP 	Sound  started
185.7651 	DATA 	Keypress: rctrl
185.9448 	EXP 	Sound  started
186.5172 	DATA 	Keypress: lctrl
186.6948 	EXP 	Sound  started
187.2852 	DATA 	Keypress: rctrl
189.3030 	DATA 	Keypress: 3
189.3318 	EXP 	unnamed ShapeStim: vertices = <class 'numpy.ndarray'>
191.2174 	DATA 	Keypress: 2
191.2339 	EXP 	unnamed ShapeStim: vertices = <class 'numpy.ndarray'>
193.0855 	DATA 	Keypress: 3
193.1021 	EXP 	unnamed ShapeStim: vertices = <class 'numpy.ndarray'>
195.3860 	EXP 	Sound  started
195.4452 	DATA 	Keypress: lctrl
196.1172 	DATA 	Keypress: rctrl
196.1359 	EXP 	Sound  started
196.8372 	DATA 	Keypress: lctrl
196.8859 	EXP 	Sound  started
197.5092 	DATA 	Keypress: rctrl
197.6360 	EXP 	Sound  started
198.2132 	DATA 	Keypress: lctrl
198.3860 	EXP 	Sound  started
198.9652 	DATA 	Keypress: rctrl
199.1360 	EXP 	Sound  started
199.7972 	DATA 	Keypress: lctrl
199.8860 	EXP 	Sound  started
200.5013 	DATA 	Keypress: rctrl
200.6360 	EXP 	Sound  started
201.3332 	DATA 	Keypress: lctrl
201.3860 	EXP 	Sound  started
202.1172 	DATA 	Keypress: rctrl
202.1360 	EXP 	Sound  started
202.8852 	DATA 	Keypress: lctrl
202.8861 	EXP 	Sound  started
203.6361 	EXP 	Sound  started
203.6372 	DATA 	Keypress: rctrl
204.2773 	DATA 	Keypress: lctrl
204.3861 	EXP 	Sound  started
204.9972 	DATA 	Keypress: rctrl
205.1361 	EXP 	Sound  started
205.7812 	DATA 	Keypress: lctrl
205.8861 	EXP 	Sound  started
206.4692 	DATA 	Keypress: rctrl
206.6361 	EXP 	Sound  started
207.2212 	DATA 	Keypress: lctrl
207.3862 	EXP 	Sound  started
207.9732 	DATA 	Keypress: rctrl
208.1362 	EXP 	Sound  started
208.6932 	DATA 	Keypress: lctrl
208.8862 	EXP 	Sound  started
209.4612 	DATA 	Keypress: rctrl
209.6362 	EXP 	Sound  started
210.2293 	DATA 	Keypress: lctrl
210.3862 	EXP 	Sound  started
210.9492 	DATA 	Keypress: rctrl
211.1362 	EXP 	Sound  started
211.7172 	DATA 	Keypress: lctrl
211.8862 	EXP 	Sound  started
212.3893 	DATA 	Keypress: rctrl
212.6362 	EXP 	Sound  started
213.1412 	DATA 	Keypress: lctrl
213.3863 	EXP 	Sound  started
213.9412 	DATA 	Keypress: rctrl
214.1363 	EXP 	Sound  started
214.6773 	DATA 	Keypress: lctrl
214.8863 	EXP 	Sound  started
215.4292 	DATA 	Keypress: rctrl
215.6363 	EXP 	Sound  started
216.2292 	DATA 	Keypress: lctrl
216.3863 	EXP 	Sound  started
216.9012 	DATA 	Keypress: rctrl
217.1363 	EXP 	Sound  started
217.7332 	DATA 	Keypress: lctrl
217.8864 	EXP 	Sound  started
218.4372 	DATA 	Keypress: rctrl
218.6364 	EXP 	Sound  started
219.2852 	DATA 	Keypress: lctrl
219.3864 	EXP 	Sound  started
220.0371 	DATA 	Keypress: rctrl
220.1364 	EXP 	Sound  started
220.7093 	DATA 	Keypress: lctrl
220.8864 	EXP 	Sound  started
221.4293 	DATA 	Keypress: rctrl
221.6364 	EXP 	Sound  started
222.2292 	DATA 	Keypress: lctrl
222.3864 	EXP 	Sound  started
222.9652 	DATA 	Keypress: rctrl
223.1365 	EXP 	Sound  started
223.6852 	DATA 	Keypress: lctrl
223.8865 	EXP 	Sound  started
224.4372 	DATA 	Keypress: rctrl
224.6365 	EXP 	Sound  started
225.1892 	DATA 	Keypress: lctrl
225.3865 	EXP 	Sound  started
225.8932 	DATA 	Keypress: rctrl
226.1365 	EXP 	Sound  started
226.7092 	DATA 	Keypress: lctrl
226.8865 	EXP 	Sound  started
227.4932 	DATA 	Keypress: rctrl
227.6365 	EXP 	Sound  started
228.2772 	DATA 	Keypress: lctrl
228.3866 	EXP 	Sound  started
228.9972 	DATA 	Keypress: rctrl
229.1366 	EXP 	Sound  started
229.7171 	DATA 	Keypress: lctrl
229.8866 	EXP 	Sound  started
230.4372 	DATA 	Keypress: rctrl
230.6366 	EXP 	Sound  started
231.2212 	DATA 	Keypress: lctrl
231.3866 	EXP 	Sound  started
231.9412 	DATA 	Keypress: rctrl
232.1366 	EXP 	Sound  started
232.7412 	DATA 	Keypress: lctrl
232.8866 	EXP 	Sound  started
233.4132 	DATA 	Keypress: rctrl
233.6367 	EXP 	Sound  started
234.2453 	DATA 	Keypress: lctrl
234.3867 	EXP 	Sound  started
234.9332 	DATA 	Keypress: rctrl
235.1367 	EXP 	Sound  started
235.7493 	DATA 	Keypress: lctrl
235.8867 	EXP 	Sound  started
236.4373 	DATA 	Keypress: rctrl
236.6367 	EXP 	Sound  started
237.3012 	DATA 	Keypress: lctrl
237.3867 	EXP 	Sound  started
238.0052 	DATA 	Keypress: rctrl
238.1367 	EXP 	Sound  started
238.7893 	DATA 	Keypress: lctrl
238.8868 	EXP 	Sound  started
239.5412 	DATA 	Keypress: rctrl
239.6368 	EXP 	Sound  started
240.2932 	DATA 	Keypress: lctrl
240.3868 	EXP 	Sound  started
240.9652 	DATA 	Keypress: rctrl
241.1368 	EXP 	Sound  started
241.7492 	DATA 	Keypress: lctrl
243.8934 	DATA 	Keypress: 4
243.9099 	EXP 	unnamed ShapeStim: vertices = <class 'numpy.ndarray'>
245.7282 	DATA 	Keypress: 1
245.7447 	EXP 	unnamed ShapeStim: vertices = <class 'numpy.ndarray'>
248.6310 	DATA 	Keypress: 4
248.6475 	EXP 	unnamed ShapeStim: vertices = <class 'numpy.ndarray'>
250.9319 	EXP 	Sound  started
250.9493 	DATA 	Keypress: lctrl
251.5891 	DATA 	Keypress: rctrl
251.6819 	EXP 	Sound  started
252.3092 	DATA 	Keypress: lctrl
252.4319 	EXP 	Sound  started
253.0452 	DATA 	Keypress: rctrl
253.1820 	EXP 	Sound  started
253.7493 	DATA 	Keypress: lctrl
253.9320 	EXP 	Sound  started
254.4532 	DATA 	Keypress: rctrl
254.6820 	EXP 	Sound  started
255.3011 	DATA 	Keypress: lctrl
255.4320 	EXP 	Sound  started
256.0851 	DATA 	Keypress: rctrl
256.1820 	EXP 	Sound  started
256.8212 	DATA 	Keypress: lctrl
256.9320 	EXP 	Sound  started
257.6212 	DATA 	Keypress: rctrl
257.6820 	EXP 	Sound  started
258.3092 	DATA 	Keypress: lctrl
258.4321 	EXP 	Sound  started
258.9971 	DATA 	Keypress: rctrl
259.1821 	EXP 	Sound  started
259.8131 	DATA 	Keypress: lctrl
259.9321 	EXP 	Sound  started
260.5652 	DATA 	Keypress: rctrl
260.6821 	EXP 	Sound  started
261.3492 	DATA 	Keypress: lctrl
261.4321 	EXP 	Sound  started
262.0531 	DATA 	Keypress: rctrl
262.1821 	EXP 	Sound  started
262.7892 	DATA 	Keypress: lctrl
262.9322 	EXP 	Sound  started
263.6051 	DATA 	Keypress: rctrl
263.6822 	EXP 	Sound  started
264.3092 	DATA 	Keypress: lctrl
264.4322 	EXP 	Sound  started
264.9492 	DATA 	Keypress: rctrl
265.1822 	EXP 	Sound  started
265.7811 	DATA 	Keypress: lctrl
265.9322 	EXP 	Sound  started
266.4692 	DATA 	Keypress: rctrl
266.6822 	EXP 	Sound  started
267.2532 	DATA 	Keypress: lctrl
267.4322 	EXP 	Sound  started
268.0371 	DATA 	Keypress: rctrl
268.1823 	EXP 	Sound  started
268.7252 	DATA 	Keypress: lctrl
268.9323 	EXP 	Sound  started
269.5571 	DATA 	Keypress: rctrl
269.6823 	EXP 	Sound  started
270.2932 	DATA 	Keypress: lctrl
270.4323 	EXP 	Sound  started
270.9492 	DATA 	Keypress: rctrl
271.1823 	EXP 	Sound  started
271.7812 	DATA 	Keypress: lctrl
271.9323 	EXP 	Sound  started
272.4531 	DATA 	Keypress: rctrl
272.6824 	EXP 	Sound  started
273.2532 	DATA 	Keypress: lctrl
273.4324 	EXP 	Sound  started
273.9092 	DATA 	Keypress: rctrl
274.1824 	EXP 	Sound  started
274.7092 	DATA 	Keypress: lctrl
274.9324 	EXP 	Sound  started
275.4773 	DATA 	Keypress: rctrl
275.6824 	EXP 	Sound  started
276.2292 	DATA 	Keypress: lctrl
276.4324 	EXP 	Sound  started
276.9331 	DATA 	Keypress: rctrl
277.1824 	EXP 	Sound  started
277.6692 	DATA 	Keypress: lctrl
277.9325 	EXP 	Sound  started
278.3892 	DATA 	Keypress: rctrl
278.6825 	EXP 	Sound  started
279.2372 	DATA 	Keypress: lctrl
279.4325 	EXP 	Sound  started
279.9412 	DATA 	Keypress: rctrl
280.1825 	EXP 	Sound  started
280.7252 	DATA 	Keypress: lctrl
280.9325 	EXP 	Sound  started
281.4451 	DATA 	Keypress: rctrl
281.6825 	EXP 	Sound  started
282.3412 	DATA 	Keypress: lctrl
282.4325 	EXP 	Sound  started
283.0612 	DATA 	Keypress: rctrl
283.1826 	EXP 	Sound  started
283.8131 	DATA 	Keypress: lctrl
283.9326 	EXP 	Sound  started
284.5013 	DATA 	Keypress: rctrl
284.6826 	EXP 	Sound  started
285.2212 	DATA 	Keypress: lctrl
285.4326 	EXP 	Sound  started
286.0051 	DATA 	Keypress: rctrl
286.1826 	EXP 	Sound  started
286.7892 	DATA 	Keypress: lctrl
286.9326 	EXP 	Sound  started
287.4932 	DATA 	Keypress: rctrl
287.6826 	EXP 	Sound  started
288.3412 	DATA 	Keypress: lctrl
288.4327 	EXP 	Sound  started
289.0451 	DATA 	Keypress: rctrl
289.1827 	EXP 	Sound  started
289.7812 	DATA 	Keypress: lctrl
289.9327 	EXP 	Sound  started
290.5332 	DATA 	Keypress: rctrl
290.6827 	EXP 	Sound  started
291.3812 	DATA 	Keypress: lctrl
291.4327 	EXP 	Sound  started
292.0852 	DATA 	Keypress: rctrl
292.1827 	EXP 	Sound  started
292.8372 	DATA 	Keypress: lctrl
292.9327 	EXP 	Sound  started
293.5411 	DATA 	Keypress: rctrl
293.6828 	EXP 	Sound  started
294.3412 	DATA 	Keypress: lctrl
294.4328 	EXP 	Sound  started
295.0291 	DATA 	Keypress: rctrl
295.1828 	EXP 	Sound  started
295.8132 	DATA 	Keypress: lctrl
295.9328 	EXP 	Sound  started
296.5811 	DATA 	Keypress: rctrl
296.6828 	EXP 	Sound  started
297.2532 	DATA 	Keypress: lctrl
297.4328 	EXP 	Sound  started
297.9412 	DATA 	Keypress: rctrl
298.1828 	EXP 	Sound  started
298.8052 	DATA 	Keypress: lctrl
298.9329 	EXP 	Sound  started
299.5091 	DATA 	Keypress: rctrl
299.6829 	EXP 	Sound  started
300.3252 	DATA 	Keypress: lctrl
300.4329 	EXP 	Sound  started
300.9651 	DATA 	Keypress: rctrl
301.1829 	EXP 	Sound  started
301.8292 	DATA 	Keypress: lctrl
301.9329 	EXP 	Sound  started
302.5333 	DATA 	Keypress: rctrl
302.6829 	EXP 	Sound  started
303.2692 	DATA 	Keypress: lctrl
303.4329 	EXP 	Sound  started
304.0051 	DATA 	Keypress: rctrl
304.1829 	EXP 	Sound  started
304.8691 	DATA 	Keypress: lctrl
304.9330 	EXP 	Sound  started
305.4772 	DATA 	Keypress: rctrl
305.6830 	EXP 	Sound  started
306.3092 	DATA 	Keypress: lctrl
306.4330 	EXP 	Sound  started
307.0132 	DATA 	Keypress: rctrl
307.1830 	EXP 	Sound  started
307.7813 	DATA 	Keypress: lctrl
307.9330 	EXP 	Sound  started
308.5012 	DATA 	Keypress: rctrl
308.6830 	EXP 	Sound  started
309.4293 	DATA 	Keypress: lctrl
309.4331 	EXP 	Sound  started
310.0852 	DATA 	Keypress: rctrl
310.1831 	EXP 	Sound  started
310.9331 	EXP 	Sound  started
310.9492 	DATA 	Keypress: lctrl
311.6051 	DATA 	Keypress: rctrl
311.6831 	EXP 	Sound  started
312.4331 	EXP 	Sound  started
312.4372 	DATA 	Keypress: lctrl
313.0771 	DATA 	Keypress: rctrl
313.1831 	EXP 	Sound  started
313.7972 	DATA 	Keypress: lctrl
315.5854 	DATA 	Keypress: 3
315.6020 	EXP 	unnamed ShapeStim: vertices = <class 'numpy.ndarray'>
317.8206 	DATA 	Keypress: 2
317.8371 	EXP 	unnamed ShapeStim: vertices = <class 'numpy.ndarray'>
319.6393 	DATA 	Keypress: 3
319.6558 	EXP 	unnamed ShapeStim: vertices = <class 'numpy.ndarray'>
321.9404 	EXP 	Sound  started
322.0855 	DATA 	Keypress: lctrl
322.5812 	DATA 	Keypress: rctrl
322.6904 	EXP 	Sound  started
323.2851 	DATA 	Keypress: lctrl
323.4404 	EXP 	Sound  started
324.0371 	DATA 	Keypress: rctrl
324.1904 	EXP 	Sound  started
324.7412 	DATA 	Keypress: lctrl
324.9404 	EXP 	Sound  started
325.5252 	DATA 	Keypress: rctrl
325.6904 	EXP 	Sound  started
326.3091 	DATA 	Keypress: lctrl
326.4404 	EXP 	Sound  started
326.9971 	DATA 	Keypress: rctrl
327.1905 	EXP 	Sound  started
327.7652 	DATA 	Keypress: lctrl
327.9405 	EXP 	Sound  started
328.5172 	DATA 	Keypress: rctrl
328.6905 	EXP 	Sound  started
329.3171 	DATA 	Keypress: lctrl
329.4405 	EXP 	Sound  started
330.0372 	DATA 	Keypress: rctrl
330.1905 	EXP 	Sound  started
330.8052 	DATA 	Keypress: lctrl
330.9405 	EXP 	Sound  started
331.5411 	DATA 	Keypress: rctrl
331.6905 	EXP 	Sound  started
332.3572 	DATA 	Keypress: lctrl
332.4405 	EXP 	Sound  started
333.0611 	DATA 	Keypress: rctrl
333.1905 	EXP 	Sound  started
333.7971 	DATA 	Keypress: lctrl
333.9406 	EXP 	Sound  started
334.5492 	DATA 	Keypress: rctrl
334.6906 	EXP 	Sound  started
335.3332 	DATA 	Keypress: lctrl
335.4406 	EXP 	Sound  started
336.0053 	DATA 	Keypress: rctrl
336.1906 	EXP 	Sound  started
336.8052 	DATA 	Keypress: lctrl
336.9406 	EXP 	Sound  started
337.4771 	DATA 	Keypress: rctrl
337.6906 	EXP 	Sound  started
338.3091 	DATA 	Keypress: lctrl
338.4407 	EXP 	Sound  started
339.0131 	DATA 	Keypress: rctrl
339.1907 	EXP 	Sound  started
339.8451 	DATA 	Keypress: lctrl
339.9407 	EXP 	Sound  started
340.5172 	DATA 	Keypress: rctrl
340.6907 	EXP 	Sound  started
341.2692 	DATA 	Keypress: lctrl
341.4407 	EXP 	Sound  started
341.9732 	DATA 	Keypress: rctrl
342.1907 	EXP 	Sound  started
342.7732 	DATA 	Keypress: lctrl
342.9407 	EXP 	Sound  started
343.6052 	DATA 	Keypress: rctrl
343.6907 	EXP 	Sound  started
344.2932 	DATA 	Keypress: lctrl
344.4408 	EXP 	Sound  started
344.9971 	DATA 	Keypress: rctrl
345.1908 	EXP 	Sound  started
345.7171 	DATA 	Keypress: lctrl
345.9408 	EXP 	Sound  started
346.5011 	DATA 	Keypress: rctrl
346.6908 	EXP 	Sound  started
347.2691 	DATA 	Keypress: lctrl
347.4408 	EXP 	Sound  started
347.9892 	DATA 	Keypress: rctrl
348.1908 	EXP 	Sound  started
348.8052 	DATA 	Keypress: lctrl
348.9408 	EXP 	Sound  started
349.5411 	DATA 	Keypress: rctrl
349.6909 	EXP 	Sound  started
350.3252 	DATA 	Keypress: lctrl
350.4409 	EXP 	Sound  started
351.1572 	DATA 	Keypress: rctrl
351.1909 	EXP 	Sound  started
351.8291 	DATA 	Keypress: lctrl
351.9409 	EXP 	Sound  started
352.5012 	DATA 	Keypress: rctrl
352.6909 	EXP 	Sound  started
353.3492 	DATA 	Keypress: lctrl
353.4409 	EXP 	Sound  started
354.0211 	DATA 	Keypress: rctrl
354.1909 	EXP 	Sound  started
354.7411 	DATA 	Keypress: lctrl
354.9409 	EXP 	Sound  started
355.4931 	DATA 	Keypress: rctrl
355.6910 	EXP 	Sound  started
356.2452 	DATA 	Keypress: lctrl
356.4410 	EXP 	Sound  started
357.0452 	DATA 	Keypress: rctrl
357.1910 	EXP 	Sound  started
357.7813 	DATA 	Keypress: lctrl
357.9410 	EXP 	Sound  started
358.5652 	DATA 	Keypress: rctrl
358.6910 	EXP 	Sound  started
359.3012 	DATA 	Keypress: lctrl
359.4410 	EXP 	Sound  started
360.0532 	DATA 	Keypress: rctrl
360.1910 	EXP 	Sound  started
360.8372 	DATA 	Keypress: lctrl
360.9410 	EXP 	Sound  started
361.5572 	DATA 	Keypress: rctrl
361.6911 	EXP 	Sound  started
362.3092 	DATA 	Keypress: lctrl
362.4411 	EXP 	Sound  started
363.0132 	DATA 	Keypress: rctrl
363.1911 	EXP 	Sound  started
363.9252 	DATA 	Keypress: lctrl
363.9411 	EXP 	Sound  started
364.5812 	DATA 	Keypress: rctrl
364.6911 	EXP 	Sound  started
365.3332 	DATA 	Keypress: lctrl
365.4411 	EXP 	Sound  started
366.1172 	DATA 	Keypress: rctrl
366.1911 	EXP 	Sound  started
366.8212 	DATA 	Keypress: lctrl
366.9411 	EXP 	Sound  started
367.5894 	DATA 	Keypress: rctrl
367.6912 	EXP 	Sound  started
368.3572 	DATA 	Keypress: lctrl
368.4412 	EXP 	Sound  started
369.0292 	DATA 	Keypress: rctrl
369.1912 	EXP 	Sound  started
369.8133 	DATA 	Keypress: lctrl
369.9412 	EXP 	Sound  started
370.5333 	DATA 	Keypress: rctrl
370.6912 	EXP 	Sound  started
371.3012 	DATA 	Keypress: lctrl
371.4412 	EXP 	Sound  started
372.0532 	DATA 	Keypress: rctrl
372.1912 	EXP 	Sound  started
372.8692 	DATA 	Keypress: lctrl
372.9413 	EXP 	Sound  started
373.5892 	DATA 	Keypress: rctrl
373.6913 	EXP 	Sound  started
374.3092 	DATA 	Keypress: lctrl
374.4413 	EXP 	Sound  started
375.0452 	DATA 	Keypress: rctrl
375.1913 	EXP 	Sound  started
375.8772 	DATA 	Keypress: lctrl
375.9413 	EXP 	Sound  started
376.6292 	DATA 	Keypress: rctrl
376.6913 	EXP 	Sound  started
377.4413 	EXP 	Sound  started
377.4452 	DATA 	Keypress: lctrl
378.0532 	DATA 	Keypress: rctrl
378.1914 	EXP 	Sound  started
378.8532 	DATA 	Keypress: lctrl
378.9414 	EXP 	Sound  started
379.5412 	DATA 	Keypress: rctrl
379.6914 	EXP 	Sound  started
380.3092 	DATA 	Keypress: lctrl
382.4070 	DATA 	Keypress: 3
382.4235 	EXP 	unnamed ShapeStim: vertices = <class 'numpy.ndarray'>
383.9449 	DATA 	Keypress: 2
383.9914 	EXP 	unnamed ShapeStim: vertices = <class 'numpy.ndarray'>
385.5137 	DATA 	Keypress: 3
385.5593 	EXP 	unnamed ShapeStim: vertices = <class 'numpy.ndarray'>
387.8442 	EXP 	Sound  started
387.9252 	DATA 	Keypress: lctrl
388.5811 	DATA 	Keypress: rctrl
388.5942 	EXP 	Sound  started
389.2213 	DATA 	Keypress: lctrl
389.3442 	EXP 	Sound  started
389.9412 	DATA 	Keypress: rctrl
390.0943 	EXP 	Sound  started
390.6612 	DATA 	Keypress: lctrl
390.8443 	EXP 	Sound  started
391.4612 	DATA 	Keypress: rctrl
391.5943 	EXP 	Sound  started
392.3092 	DATA 	Keypress: lctrl
392.3443 	EXP 	Sound  started
393.0452 	DATA 	Keypress: rctrl
393.0943 	EXP 	Sound  started
393.8293 	DATA 	Keypress: lctrl
393.8443 	EXP 	Sound  started
394.5943 	EXP 	Sound  started
394.5973 	DATA 	Keypress: rctrl
395.2372 	DATA 	Keypress: lctrl
395.3443 	EXP 	Sound  started
395.8932 	DATA 	Keypress: rctrl
396.0944 	EXP 	Sound  started
396.7251 	DATA 	Keypress: lctrl
396.8444 	EXP 	Sound  started
397.4293 	DATA 	Keypress: rctrl
397.5944 	EXP 	Sound  started
398.1972 	DATA 	Keypress: lctrl
398.3444 	EXP 	Sound  started
398.9972 	DATA 	Keypress: rctrl
399.0944 	EXP 	Sound  started
399.6852 	DATA 	Keypress: lctrl
399.8444 	EXP 	Sound  started
400.4212 	DATA 	Keypress: rctrl
400.5944 	EXP 	Sound  started
401.2372 	DATA 	Keypress: lctrl
401.3444 	EXP 	Sound  started
402.0212 	DATA 	Keypress: rctrl
402.0944 	EXP 	Sound  started
402.7092 	DATA 	Keypress: lctrl
402.8445 	EXP 	Sound  started
403.4132 	DATA 	Keypress: rctrl
403.5945 	EXP 	Sound  started
404.1332 	DATA 	Keypress: lctrl
404.3445 	EXP 	Sound  started
404.8212 	DATA 	Keypress: rctrl
405.0945 	EXP 	Sound  started
405.5412 	DATA 	Keypress: lctrl
405.8445 	EXP 	Sound  started
406.3572 	DATA 	Keypress: rctrl
406.5945 	EXP 	Sound  started
407.1892 	DATA 	Keypress: lctrl
407.3445 	EXP 	Sound  started
407.8452 	DATA 	Keypress: rctrl
408.0946 	EXP 	Sound  started
408.7412 	DATA 	Keypress: lctrl
408.8446 	EXP 	Sound  started
409.4932 	DATA 	Keypress: rctrl
409.5946 	EXP 	Sound  started
410.1972 	DATA 	Keypress: lctrl
410.3446 	EXP 	Sound  started
410.8692 	DATA 	Keypress: rctrl
411.0946 	EXP 	Sound  started
411.7172 	DATA 	Keypress: lctrl
411.8446 	EXP 	Sound  started
412.4052 	DATA 	Keypress: rctrl
412.5946 	EXP 	Sound  started
413.1412 	DATA 	Keypress: lctrl
413.3447 	EXP 	Sound  started
413.9092 	DATA 	Keypress: rctrl
414.0947 	EXP 	Sound  started
414.6132 	DATA 	Keypress: lctrl
414.8447 	EXP 	Sound  started
415.3172 	DATA 	Keypress: rctrl
415.5947 	EXP 	Sound  started
416.0532 	DATA 	Keypress: lctrl
416.3447 	EXP 	Sound  started
416.7892 	DATA 	Keypress: rctrl
417.0947 	EXP 	Sound  started
417.6052 	DATA 	Keypress: lctrl
417.8447 	EXP 	Sound  started
418.3892 	DATA 	Keypress: rctrl
418.5948 	EXP 	Sound  started
419.1892 	DATA 	Keypress: lctrl
419.3448 	EXP 	Sound  started
419.8612 	DATA 	Keypress: rctrl
420.0948 	EXP 	Sound  started
420.6612 	DATA 	Keypress: lctrl
420.8448 	EXP 	Sound  started
421.4132 	DATA 	Keypress: rctrl
421.5948 	EXP 	Sound  started
422.1813 	DATA 	Keypress: lctrl
422.3448 	EXP 	Sound  started
422.8532 	DATA 	Keypress: rctrl
423.0948 	EXP 	Sound  started
423.6212 	DATA 	Keypress: lctrl
423.8449 	EXP 	Sound  started
424.4212 	DATA 	Keypress: rctrl
424.5949 	EXP 	Sound  started
425.2052 	DATA 	Keypress: lctrl
425.3449 	EXP 	Sound  started
425.8772 	DATA 	Keypress: rctrl
426.0949 	EXP 	Sound  started
426.6452 	DATA 	Keypress: lctrl
426.8449 	EXP 	Sound  started
427.3812 	DATA 	Keypress: rctrl
427.5949 	EXP 	Sound  started
428.1173 	DATA 	Keypress: lctrl
428.3450 	EXP 	Sound  started
428.9013 	DATA 	Keypress: rctrl
429.0950 	EXP 	Sound  started
429.7492 	DATA 	Keypress: lctrl
429.8450 	EXP 	Sound  started
430.4852 	DATA 	Keypress: rctrl
430.5950 	EXP 	Sound  started
431.2052 	DATA 	Keypress: lctrl
431.3450 	EXP 	Sound  started
432.0052 	DATA 	Keypress: rctrl
432.0950 	EXP 	Sound  started
432.7251 	DATA 	Keypress: lctrl
432.8450 	EXP 	Sound  started
433.4931 	DATA 	Keypress: rctrl
433.5950 	EXP 	Sound  started
434.2931 	DATA 	Keypress: lctrl
434.3451 	EXP 	Sound  started
434.9172 	DATA 	Keypress: rctrl
435.0951 	EXP 	Sound  started
435.7652 	DATA 	Keypress: lctrl
435.8451 	EXP 	Sound  started
436.4852 	DATA 	Keypress: rctrl
436.5951 	EXP 	Sound  started
437.2372 	DATA 	Keypress: lctrl
437.3451 	EXP 	Sound  started
437.9891 	DATA 	Keypress: rctrl
439.7205 	DATA 	Keypress: 3
439.7371 	EXP 	unnamed ShapeStim: vertices = <class 'numpy.ndarray'>
442.2564 	DATA 	Keypress: 2
442.2730 	EXP 	unnamed ShapeStim: vertices = <class 'numpy.ndarray'>
444.2454 	DATA 	Keypress: 3
444.2746 	EXP 	unnamed ShapeStim: vertices = <class 'numpy.ndarray'>
446.5600 	EXP 	Sound  started
446.5602 	DATA 	Keypress: lctrl
447.1733 	DATA 	Keypress: rctrl
447.3100 	EXP 	Sound  started
447.9092 	DATA 	Keypress: lctrl
448.0600 	EXP 	Sound  started
448.6292 	DATA 	Keypress: rctrl
448.8100 	EXP 	Sound  started
449.3812 	DATA 	Keypress: lctrl
449.5600 	EXP 	Sound  started
450.1651 	DATA 	Keypress: rctrl
450.3101 	EXP 	Sound  started
450.9812 	DATA 	Keypress: lctrl
451.0601 	EXP 	Sound  started
451.6852 	DATA 	Keypress: rctrl
451.8101 	EXP 	Sound  started
452.4051 	DATA 	Keypress: lctrl
452.5601 	EXP 	Sound  started
453.1572 	DATA 	Keypress: rctrl
453.3101 	EXP 	Sound  started
453.9252 	DATA 	Keypress: lctrl
454.0601 	EXP 	Sound  started
454.6453 	DATA 	Keypress: rctrl
454.8101 	EXP 	Sound  started
455.4291 	DATA 	Keypress: lctrl
455.5601 	EXP 	Sound  started
456.1332 	DATA 	Keypress: rctrl
456.3102 	EXP 	Sound  started
456.9651 	DATA 	Keypress: lctrl
457.0602 	EXP 	Sound  started
457.5892 	DATA 	Keypress: rctrl
457.8102 	EXP 	Sound  started
458.3092 	DATA 	Keypress: lctrl
458.5602 	EXP 	Sound  started
459.1091 	DATA 	Keypress: rctrl
459.3102 	EXP 	Sound  started
459.8612 	DATA 	Keypress: lctrl
460.0602 	EXP 	Sound  started
460.6131 	DATA 	Keypress: rctrl
460.8102 	EXP 	Sound  started
461.3172 	DATA 	Keypress: lctrl
461.5602 	EXP 	Sound  started
462.1172 	DATA 	Keypress: rctrl
462.3103 	EXP 	Sound  started
462.9172 	DATA 	Keypress: lctrl
463.0603 	EXP 	Sound  started
463.6371 	DATA 	Keypress: rctrl
463.8103 	EXP 	Sound  started
464.3571 	DATA 	Keypress: lctrl
464.5603 	EXP 	Sound  started
465.0932 	DATA 	Keypress: rctrl
465.3103 	EXP 	Sound  started
465.8771 	DATA 	Keypress: lctrl
466.0603 	EXP 	Sound  started
466.5651 	DATA 	Keypress: rctrl
466.8103 	EXP 	Sound  started
467.3651 	DATA 	Keypress: lctrl
467.5603 	EXP 	Sound  started
468.2132 	DATA 	Keypress: lctrl
468.3104 	EXP 	Sound  started
468.9332 	DATA 	Keypress: rctrl
469.0604 	EXP 	Sound  started
469.6852 	DATA 	Keypress: rctrl
469.8104 	EXP 	Sound  started
470.4052 	DATA 	Keypress: lctrl
470.5604 	EXP 	Sound  started
471.1732 	DATA 	Keypress: rctrl
471.3104 	EXP 	Sound  started
471.8292 	DATA 	Keypress: lctrl
472.0604 	EXP 	Sound  started
472.6771 	DATA 	Keypress: rctrl
472.8104 	EXP 	Sound  started
473.3012 	DATA 	Keypress: lctrl
473.5604 	EXP 	Sound  started
474.0852 	DATA 	Keypress: rctrl
474.3105 	EXP 	Sound  started
474.8692 	DATA 	Keypress: lctrl
475.0605 	EXP 	Sound  started
475.5732 	DATA 	Keypress: rctrl
475.8105 	EXP 	Sound  started
476.4372 	DATA 	Keypress: lctrl
476.5605 	EXP 	Sound  started
477.1572 	DATA 	Keypress: rctrl
477.3105 	EXP 	Sound  started
477.8931 	DATA 	Keypress: lctrl
478.0605 	EXP 	Sound  started
478.5491 	DATA 	Keypress: rctrl
478.8105 	EXP 	Sound  started
479.3652 	DATA 	Keypress: rctrl
479.5606 	EXP 	Sound  started
480.1334 	DATA 	Keypress: lctrl
480.3106 	EXP 	Sound  started
480.8852 	DATA 	Keypress: lctrl
481.0606 	EXP 	Sound  started
481.6692 	DATA 	Keypress: rctrl
481.8106 	EXP 	Sound  started
482.4691 	DATA 	Keypress: lctrl
482.5606 	EXP 	Sound  started
483.2212 	DATA 	Keypress: rctrl
483.3106 	EXP 	Sound  started
483.9251 	DATA 	Keypress: lctrl
484.0606 	EXP 	Sound  started
484.6931 	DATA 	Keypress: rctrl
484.8107 	EXP 	Sound  started
485.4291 	DATA 	Keypress: lctrl
485.5607 	EXP 	Sound  started
486.2452 	DATA 	Keypress: rctrl
486.3107 	EXP 	Sound  started
487.0451 	DATA 	Keypress: lctrl
487.0607 	EXP 	Sound  started
487.7333 	DATA 	Keypress: rctrl
489.3446 	DATA 	Keypress: 4
489.3611 	EXP 	unnamed ShapeStim: vertices = <class 'numpy.ndarray'>
491.4635 	DATA 	Keypress: 1
491.4800 	EXP 	unnamed ShapeStim: vertices = <class 'numpy.ndarray'>
493.6693 	DATA 	Keypress: 4
493.6985 	EXP 	unnamed ShapeStim: vertices = <class 'numpy.ndarray'>
495.9825 	EXP 	Sound  started
495.9827 	DATA 	Keypress: lctrl
496.5972 	DATA 	Keypress: rctrl
496.7325 	EXP 	Sound  started
497.3493 	DATA 	Keypress: lctrl
497.4825 	EXP 	Sound  started
498.0052 	DATA 	Keypress: rctrl
498.2325 	EXP 	Sound  started
498.7892 	DATA 	Keypress: lctrl
498.9825 	EXP 	Sound  started
499.5092 	DATA 	Keypress: rctrl
499.7325 	EXP 	Sound  started
500.2932 	DATA 	Keypress: lctrl
500.4826 	EXP 	Sound  started
501.0453 	DATA 	Keypress: rctrl
501.2326 	EXP 	Sound  started
501.8292 	DATA 	Keypress: lctrl
501.9826 	EXP 	Sound  started
502.5652 	DATA 	Keypress: rctrl
502.7326 	EXP 	Sound  started
503.3172 	DATA 	Keypress: lctrl
503.4826 	EXP 	Sound  started
504.1012 	DATA 	Keypress: rctrl
504.2326 	EXP 	Sound  started
504.9492 	DATA 	Keypress: lctrl
504.9826 	EXP 	Sound  started
505.6053 	DATA 	Keypress: rctrl
505.7327 	EXP 	Sound  started
506.3732 	DATA 	Keypress: lctrl
506.4827 	EXP 	Sound  started
507.0932 	DATA 	Keypress: rctrl
507.2327 	EXP 	Sound  started
507.8772 	DATA 	Keypress: lctrl
507.9827 	EXP 	Sound  started
508.5972 	DATA 	Keypress: rctrl
508.7327 	EXP 	Sound  started
509.3333 	DATA 	Keypress: lctrl
509.4827 	EXP 	Sound  started
510.0692 	DATA 	Keypress: rctrl
510.2327 	EXP 	Sound  started
510.8372 	DATA 	Keypress: lctrl
510.9828 	EXP 	Sound  started
511.5572 	DATA 	Keypress: rctrl
511.7328 	EXP 	Sound  started
512.3572 	DATA 	Keypress: lctrl
512.4828 	EXP 	Sound  started
513.0612 	DATA 	Keypress: rctrl
513.2328 	EXP 	Sound  started
513.8612 	DATA 	Keypress: lctrl
513.9828 	EXP 	Sound  started
514.5972 	DATA 	Keypress: rctrl
514.7329 	EXP 	Sound  started
515.4132 	DATA 	Keypress: lctrl
515.4829 	EXP 	Sound  started
516.0532 	DATA 	Keypress: rctrl
516.2329 	EXP 	Sound  started
516.8532 	DATA 	Keypress: lctrl
516.9829 	EXP 	Sound  started
517.6372 	DATA 	Keypress: rctrl
517.7329 	EXP 	Sound  started
518.3732 	DATA 	Keypress: lctrl
518.4829 	EXP 	Sound  started
519.0612 	DATA 	Keypress: rctrl
519.2329 	EXP 	Sound  started
519.9092 	DATA 	Keypress: lctrl
519.9829 	EXP 	Sound  started
520.5332 	DATA 	Keypress: rctrl
520.7330 	EXP 	Sound  started
521.3172 	DATA 	Keypress: lctrl
521.4830 	EXP 	Sound  started
521.9732 	DATA 	Keypress: rctrl
522.2330 	EXP 	Sound  started
522.7252 	DATA 	Keypress: lctrl
522.9830 	EXP 	Sound  started
523.3492 	DATA 	Keypress: rctrl
523.7330 	EXP 	Sound  started
524.0852 	DATA 	Keypress: lctrl
524.4830 	EXP 	Sound  started
525.0292 	DATA 	Keypress: rctrl
525.2330 	EXP 	Sound  started
525.7972 	DATA 	Keypress: lctrl
525.9831 	EXP 	Sound  started
526.5652 	DATA 	Keypress: rctrl
526.7331 	EXP 	Sound  started
527.3653 	DATA 	Keypress: lctrl
527.4831 	EXP 	Sound  started
528.0692 	DATA 	Keypress: rctrl
528.2331 	EXP 	Sound  started
528.8372 	DATA 	Keypress: lctrl
528.9831 	EXP 	Sound  started
529.6212 	DATA 	Keypress: rctrl
529.7331 	EXP 	Sound  started
530.3732 	DATA 	Keypress: lctrl
530.4831 	EXP 	Sound  started
531.0772 	DATA 	Keypress: rctrl
531.2331 	EXP 	Sound  started
531.8452 	DATA 	Keypress: lctrl
531.9832 	EXP 	Sound  started
532.5972 	DATA 	Keypress: rctrl
532.7332 	EXP 	Sound  started
533.3332 	DATA 	Keypress: lctrl
533.4832 	EXP 	Sound  started
534.1172 	DATA 	Keypress: rctrl
534.2332 	EXP 	Sound  started
534.9011 	DATA 	Keypress: lctrl
534.9832 	EXP 	Sound  started
535.5892 	DATA 	Keypress: rctrl
535.7332 	EXP 	Sound  started
536.3413 	DATA 	Keypress: lctrl
536.4832 	EXP 	Sound  started
537.0932 	DATA 	Keypress: rctrl
537.2333 	EXP 	Sound  started
537.7652 	DATA 	Keypress: lctrl
537.9833 	EXP 	Sound  started
538.5332 	DATA 	Keypress: rctrl
538.7333 	EXP 	Sound  started
539.2852 	DATA 	Keypress: lctrl
539.4833 	EXP 	Sound  started
540.0692 	DATA 	Keypress: rctrl
540.2333 	EXP 	Sound  started
540.8692 	DATA 	Keypress: lctrl
540.9833 	EXP 	Sound  started
541.5732 	DATA 	Keypress: rctrl
541.7334 	EXP 	Sound  started
542.2612 	DATA 	Keypress: lctrl
542.4834 	EXP 	Sound  started
542.9972 	DATA 	Keypress: rctrl
543.2334 	EXP 	Sound  started
543.7812 	DATA 	Keypress: lctrl
543.9834 	EXP 	Sound  started
544.5172 	DATA 	Keypress: rctrl
544.7334 	EXP 	Sound  started
545.3172 	DATA 	Keypress: lctrl
545.4834 	EXP 	Sound  started
546.0372 	DATA 	Keypress: rctrl
546.2334 	EXP 	Sound  started
546.7252 	DATA 	Keypress: lctrl
546.9835 	EXP 	Sound  started
547.4933 	DATA 	Keypress: rctrl
547.7335 	EXP 	Sound  started
548.2772 	DATA 	Keypress: lctrl
548.4835 	EXP 	Sound  started
548.9973 	DATA 	Keypress: rctrl
549.2335 	EXP 	Sound  started
549.8452 	DATA 	Keypress: rctrl
549.9835 	EXP 	Sound  started
550.5652 	DATA 	Keypress: lctrl
550.7335 	EXP 	Sound  started
551.2693 	DATA 	Keypress: lctrl
551.4835 	EXP 	Sound  started
552.0852 	DATA 	Keypress: rctrl
552.2336 	EXP 	Sound  started
552.8692 	DATA 	Keypress: lctrl
552.9836 	EXP 	Sound  started
553.5892 	DATA 	Keypress: rctrl
553.7336 	EXP 	Sound  started
554.2932 	DATA 	Keypress: lctrl
554.4836 	EXP 	Sound  started
555.0292 	DATA 	Keypress: rctrl
555.2336 	EXP 	Sound  started
555.7012 	DATA 	Keypress: lctrl
558.2010 	DATA 	Keypress: 3
558.2176 	EXP 	unnamed ShapeStim: vertices = <class 'numpy.ndarray'>
560.1698 	DATA 	Keypress: 2
560.1863 	EXP 	unnamed ShapeStim: vertices = <class 'numpy.ndarray'>
562.0214 	DATA 	Keypress: 3
562.0379 	EXP 	unnamed ShapeStim: vertices = <class 'numpy.ndarray'>
564.3213 	EXP 	Sound  started
564.4053 	DATA 	Keypress: lctrl
564.9972 	DATA 	Keypress: rctrl
565.0713 	EXP 	Sound  started
565.7812 	DATA 	Keypress: lctrl
565.8214 	EXP 	Sound  started
566.4532 	DATA 	Keypress: rctrl
566.5714 	EXP 	Sound  started
567.1573 	DATA 	Keypress: lctrl
567.3214 	EXP 	Sound  started
567.9252 	DATA 	Keypress: rctrl
568.0714 	EXP 	Sound  started
568.6932 	DATA 	Keypress: lctrl
568.8214 	EXP 	Sound  started
569.4292 	DATA 	Keypress: rctrl
569.5714 	EXP 	Sound  started
570.1653 	DATA 	Keypress: lctrl
570.3215 	EXP 	Sound  started
570.9492 	DATA 	Keypress: rctrl
571.0715 	EXP 	Sound  started
571.7332 	DATA 	Keypress: lctrl
571.8215 	EXP 	Sound  started
572.4372 	DATA 	Keypress: rctrl
572.5715 	EXP 	Sound  started
573.2052 	DATA 	Keypress: lctrl
573.3215 	EXP 	Sound  started
573.9092 	DATA 	Keypress: rctrl
574.0715 	EXP 	Sound  started
574.7093 	DATA 	Keypress: lctrl
574.8215 	EXP 	Sound  started
575.3972 	DATA 	Keypress: rctrl
575.5716 	EXP 	Sound  started
576.1813 	DATA 	Keypress: lctrl
576.3216 	EXP 	Sound  started
576.9492 	DATA 	Keypress: rctrl
577.0716 	EXP 	Sound  started
577.7492 	DATA 	Keypress: lctrl
577.8216 	EXP 	Sound  started
578.4532 	DATA 	Keypress: rctrl
578.5716 	EXP 	Sound  started
579.2053 	DATA 	Keypress: lctrl
579.3216 	EXP 	Sound  started
579.8932 	DATA 	Keypress: rctrl
580.0716 	EXP 	Sound  started
580.6772 	DATA 	Keypress: lctrl
580.8216 	EXP 	Sound  started
581.3812 	DATA 	Keypress: rctrl
581.5717 	EXP 	Sound  started
582.1812 	DATA 	Keypress: lctrl
582.3217 	EXP 	Sound  started
582.8692 	DATA 	Keypress: rctrl
583.0717 	EXP 	Sound  started
583.7012 	DATA 	Keypress: lctrl
583.8217 	EXP 	Sound  started
584.4052 	DATA 	Keypress: rctrl
584.5717 	EXP 	Sound  started
585.1892 	DATA 	Keypress: lctrl
585.3217 	EXP 	Sound  started
585.9573 	DATA 	Keypress: rctrl
586.0717 	EXP 	Sound  started
586.6932 	DATA 	Keypress: lctrl
586.8218 	EXP 	Sound  started
587.3492 	DATA 	Keypress: rctrl
587.5718 	EXP 	Sound  started
588.0852 	DATA 	Keypress: lctrl
588.3218 	EXP 	Sound  started
588.8372 	DATA 	Keypress: rctrl
589.0718 	EXP 	Sound  started
589.6693 	DATA 	Keypress: lctrl
589.8218 	EXP 	Sound  started
590.3412 	DATA 	Keypress: rctrl
590.5718 	EXP 	Sound  started
591.1572 	DATA 	Keypress: lctrl
591.3218 	EXP 	Sound  started
591.8612 	DATA 	Keypress: rctrl
592.0719 	EXP 	Sound  started
592.6452 	DATA 	Keypress: lctrl
592.8219 	EXP 	Sound  started
593.3812 	DATA 	Keypress: rctrl
593.5719 	EXP 	Sound  started
594.1812 	DATA 	Keypress: lctrl
594.3219 	EXP 	Sound  started
594.9652 	DATA 	Keypress: rctrl
595.0719 	EXP 	Sound  started
595.7492 	DATA 	Keypress: lctrl
595.8219 	EXP 	Sound  started
596.4372 	DATA 	Keypress: rctrl
596.5720 	EXP 	Sound  started
597.2212 	DATA 	Keypress: lctrl
597.3220 	EXP 	Sound  started
597.8933 	DATA 	Keypress: rctrl
598.0720 	EXP 	Sound  started
598.7252 	DATA 	Keypress: lctrl
598.8220 	EXP 	Sound  started
599.4292 	DATA 	Keypress: rctrl
599.5720 	EXP 	Sound  started
600.1973 	DATA 	Keypress: lctrl
600.3220 	EXP 	Sound  started
600.9332 	DATA 	Keypress: rctrl
601.0720 	EXP 	Sound  started
601.6532 	DATA 	Keypress: lctrl
601.8220 	EXP 	Sound  started
602.4212 	DATA 	Keypress: rctrl
602.5721 	EXP 	Sound  started
603.2052 	DATA 	Keypress: lctrl
603.3221 	EXP 	Sound  started
603.8773 	DATA 	Keypress: rctrl
604.0721 	EXP 	Sound  started
604.6132 	DATA 	Keypress: lctrl
604.8221 	EXP 	Sound  started
605.3653 	DATA 	Keypress: rctrl
605.5721 	EXP 	Sound  started
606.1812 	DATA 	Keypress: lctrl
606.3221 	EXP 	Sound  started
606.9172 	DATA 	Keypress: rctrl
607.0722 	EXP 	Sound  started
607.6373 	DATA 	Keypress: lctrl
609.9434 	DATA 	Keypress: 4
609.9600 	EXP 	unnamed ShapeStim: vertices = <class 'numpy.ndarray'>
612.4288 	DATA 	Keypress: 1
612.4453 	EXP 	unnamed ShapeStim: vertices = <class 'numpy.ndarray'>
614.2808 	DATA 	Keypress: 4
614.2973 	EXP 	unnamed ShapeStim: vertices = <class 'numpy.ndarray'>
616.5818 	EXP 	Sound  started
616.5820 	DATA 	Keypress: lctrl
617.1572 	DATA 	Keypress: rctrl
617.3318 	EXP 	Sound  started
617.9092 	DATA 	Keypress: lctrl
618.0818 	EXP 	Sound  started
618.6612 	DATA 	Keypress: rctrl
618.8318 	EXP 	Sound  started
619.3972 	DATA 	Keypress: lctrl
619.5819 	EXP 	Sound  started
620.1171 	DATA 	Keypress: rctrl
620.3319 	EXP 	Sound  started
620.9332 	DATA 	Keypress: lctrl
621.0819 	EXP 	Sound  started
621.7011 	DATA 	Keypress: rctrl
621.8319 	EXP 	Sound  started
622.4852 	DATA 	Keypress: lctrl
622.5819 	EXP 	Sound  started
623.3319 	EXP 	Sound  started
623.3331 	DATA 	Keypress: rctrl
624.0371 	DATA 	Keypress: lctrl
624.0820 	EXP 	Sound  started
624.7092 	DATA 	Keypress: rctrl
624.8320 	EXP 	Sound  started
625.4292 	DATA 	Keypress: lctrl
625.5820 	EXP 	Sound  started
626.1972 	DATA 	Keypress: rctrl
626.3320 	EXP 	Sound  started
626.9492 	DATA 	Keypress: lctrl
627.0820 	EXP 	Sound  started
627.6372 	DATA 	Keypress: rctrl
627.8320 	EXP 	Sound  started
628.3571 	DATA 	Keypress: lctrl
628.5820 	EXP 	Sound  started
629.1572 	DATA 	Keypress: rctrl
629.3321 	EXP 	Sound  started
629.9092 	DATA 	Keypress: lctrl
630.0821 	EXP 	Sound  started
630.7412 	DATA 	Keypress: rctrl
630.8321 	EXP 	Sound  started
631.3972 	DATA 	Keypress: lctrl
631.5821 	EXP 	Sound  started
632.0692 	DATA 	Keypress: rctrl
632.3321 	EXP 	Sound  started
632.8532 	DATA 	Keypress: lctrl
633.0821 	EXP 	Sound  started
633.5412 	DATA 	Keypress: rctrl
633.8321 	EXP 	Sound  started
634.3572 	DATA 	Keypress: lctrl
634.5822 	EXP 	Sound  started
635.1092 	DATA 	Keypress: rctrl
635.3322 	EXP 	Sound  started
635.9092 	DATA 	Keypress: lctrl
636.0822 	EXP 	Sound  started
636.6771 	DATA 	Keypress: rctrl
636.8322 	EXP 	Sound  started
637.4771 	DATA 	Keypress: lctrl
637.5822 	EXP 	Sound  started
638.2132 	DATA 	Keypress: rctrl
638.3322 	EXP 	Sound  started
638.9332 	DATA 	Keypress: lctrl
639.0823 	EXP 	Sound  started
639.6372 	DATA 	Keypress: rctrl
639.8323 	EXP 	Sound  started
640.4213 	DATA 	Keypress: lctrl
640.5823 	EXP 	Sound  started
641.1411 	DATA 	Keypress: rctrl
641.3323 	EXP 	Sound  started
641.8612 	DATA 	Keypress: lctrl
642.0823 	EXP 	Sound  started
642.6452 	DATA 	Keypress: rctrl
642.8323 	EXP 	Sound  started
643.4292 	DATA 	Keypress: lctrl
643.5823 	EXP 	Sound  started
644.1811 	DATA 	Keypress: rctrl
644.3323 	EXP 	Sound  started
644.9813 	DATA 	Keypress: lctrl
645.0824 	EXP 	Sound  started
645.7971 	DATA 	Keypress: rctrl
645.8324 	EXP 	Sound  started
646.5012 	DATA 	Keypress: lctrl
646.5824 	EXP 	Sound  started
647.1731 	DATA 	Keypress: rctrl
647.3324 	EXP 	Sound  started
647.9091 	DATA 	Keypress: lctrl
648.0824 	EXP 	Sound  started
648.6772 	DATA 	Keypress: rctrl
648.8324 	EXP 	Sound  started
649.3971 	DATA 	Keypress: lctrl
649.5824 	EXP 	Sound  started
650.1332 	DATA 	Keypress: rctrl
650.3325 	EXP 	Sound  started
650.8853 	DATA 	Keypress: lctrl
651.0825 	EXP 	Sound  started
651.6532 	DATA 	Keypress: rctrl
651.8325 	EXP 	Sound  started
652.4052 	DATA 	Keypress: lctrl
652.5825 	EXP 	Sound  started
653.1572 	DATA 	Keypress: rctrl
653.3325 	EXP 	Sound  started
653.9252 	DATA 	Keypress: lctrl
654.0825 	EXP 	Sound  started
654.6771 	DATA 	Keypress: rctrl
654.8325 	EXP 	Sound  started
655.4452 	DATA 	Keypress: lctrl
655.5826 	EXP 	Sound  started
656.2452 	DATA 	Keypress: rctrl
656.3326 	EXP 	Sound  started
656.9652 	DATA 	Keypress: lctrl
657.0826 	EXP 	Sound  started
657.8131 	DATA 	Keypress: rctrl
657.8326 	EXP 	Sound  started
658.5811 	DATA 	Keypress: lctrl
658.5826 	EXP 	Sound  started
659.2692 	DATA 	Keypress: rctrl
659.3326 	EXP 	Sound  started
660.0373 	DATA 	Keypress: lctrl
660.0827 	EXP 	Sound  started
660.7572 	DATA 	Keypress: rctrl
660.8327 	EXP 	Sound  started
661.4932 	DATA 	Keypress: lctrl
661.5827 	EXP 	Sound  started
662.2291 	DATA 	Keypress: rctrl
662.3327 	EXP 	Sound  started
663.0452 	DATA 	Keypress: lctrl
663.0827 	EXP 	Sound  started
663.8132 	DATA 	Keypress: rctrl
663.8327 	EXP 	Sound  started
664.5491 	DATA 	Keypress: lctrl
666.6773 	DATA 	Keypress: 3
666.7065 	EXP 	unnamed ShapeStim: vertices = <class 'numpy.ndarray'>
668.4086 	DATA 	Keypress: 2
668.4251 	EXP 	unnamed ShapeStim: vertices = <class 'numpy.ndarray'>
670.1973 	DATA 	Keypress: 3
670.2266 	EXP 	unnamed ShapeStim: vertices = <class 'numpy.ndarray'>
672.5103 	EXP 	Sound  started
672.5334 	DATA 	Keypress: lctrl
673.1732 	DATA 	Keypress: rctrl
673.2603 	EXP 	Sound  started
673.9092 	DATA 	Keypress: lctrl
674.0103 	EXP 	Sound  started
674.6613 	DATA 	Keypress: rctrl
674.7603 	EXP 	Sound  started
675.4452 	DATA 	Keypress: lctrl
675.5103 	EXP 	Sound  started
676.1332 	DATA 	Keypress: rctrl
676.2604 	EXP 	Sound  started
676.9332 	DATA 	Keypress: lctrl
677.0104 	EXP 	Sound  started
677.6532 	DATA 	Keypress: rctrl
677.7604 	EXP 	Sound  started
678.4052 	DATA 	Keypress: lctrl
678.5104 	EXP 	Sound  started
679.2212 	DATA 	Keypress: rctrl
679.2604 	EXP 	Sound  started
679.9092 	DATA 	Keypress: lctrl
680.0104 	EXP 	Sound  started
680.5813 	DATA 	Keypress: rctrl
680.7605 	EXP 	Sound  started
681.3333 	DATA 	Keypress: lctrl
681.5105 	EXP 	Sound  started
682.0692 	DATA 	Keypress: rctrl
682.2605 	EXP 	Sound  started
682.8692 	DATA 	Keypress: lctrl
683.0105 	EXP 	Sound  started
683.5572 	DATA 	Keypress: rctrl
683.7605 	EXP 	Sound  started
684.3092 	DATA 	Keypress: lctrl
684.5105 	EXP 	Sound  started
685.0772 	DATA 	Keypress: rctrl
685.2605 	EXP 	Sound  started
685.8292 	DATA 	Keypress: lctrl
686.0105 	EXP 	Sound  started
686.5333 	DATA 	Keypress: rctrl
686.7605 	EXP 	Sound  started
687.3175 	DATA 	Keypress: lctrl
687.5106 	EXP 	Sound  started
688.0692 	DATA 	Keypress: rctrl
688.2606 	EXP 	Sound  started
688.7892 	DATA 	Keypress: lctrl
689.0106 	EXP 	Sound  started
689.5412 	DATA 	Keypress: rctrl
689.7606 	EXP 	Sound  started
690.2292 	DATA 	Keypress: lctrl
690.5106 	EXP 	Sound  started
691.0772 	DATA 	Keypress: rctrl
691.2606 	EXP 	Sound  started
691.9252 	DATA 	Keypress: lctrl
692.0106 	EXP 	Sound  started
692.6773 	DATA 	Keypress: rctrl
692.7606 	EXP 	Sound  started
693.3652 	DATA 	Keypress: lctrl
693.5107 	EXP 	Sound  started
694.0853 	DATA 	Keypress: rctrl
694.2607 	EXP 	Sound  started
694.8212 	DATA 	Keypress: lctrl
695.0107 	EXP 	Sound  started
695.5732 	DATA 	Keypress: rctrl
695.7607 	EXP 	Sound  started
696.3892 	DATA 	Keypress: lctrl
696.5107 	EXP 	Sound  started
697.1732 	DATA 	Keypress: rctrl
697.2607 	EXP 	Sound  started
697.8932 	DATA 	Keypress: lctrl
698.0107 	EXP 	Sound  started
698.5812 	DATA 	Keypress: rctrl
698.7608 	EXP 	Sound  started
699.3812 	DATA 	Keypress: lctrl
699.5108 	EXP 	Sound  started
700.1172 	DATA 	Keypress: rctrl
700.2608 	EXP 	Sound  started
700.9172 	DATA 	Keypress: lctrl
701.0108 	EXP 	Sound  started
701.7332 	DATA 	Keypress: rctrl
701.7608 	EXP 	Sound  started
702.4212 	DATA 	Keypress: lctrl
702.5108 	EXP 	Sound  started
703.2212 	DATA 	Keypress: rctrl
703.2608 	EXP 	Sound  started
704.0108 	EXP 	Sound  started
704.0693 	DATA 	Keypress: lctrl
704.7092 	DATA 	Keypress: rctrl
704.7609 	EXP 	Sound  started
705.3812 	DATA 	Keypress: lctrl
705.5109 	EXP 	Sound  started
706.1652 	DATA 	Keypress: rctrl
706.2609 	EXP 	Sound  started
706.8372 	DATA 	Keypress: lctrl
707.0109 	EXP 	Sound  started
707.6213 	DATA 	Keypress: rctrl
707.7609 	EXP 	Sound  started
708.3412 	DATA 	Keypress: lctrl
708.5109 	EXP 	Sound  started
709.0772 	DATA 	Keypress: rctrl
709.2610 	EXP 	Sound  started
709.8772 	DATA 	Keypress: lctrl
710.0110 	EXP 	Sound  started
710.6932 	DATA 	Keypress: rctrl
710.7610 	EXP 	Sound  started
711.4453 	DATA 	Keypress: lctrl
711.5110 	EXP 	Sound  started
712.1492 	DATA 	Keypress: rctrl
712.2610 	EXP 	Sound  started
712.9332 	DATA 	Keypress: lctrl
713.0110 	EXP 	Sound  started
713.6852 	DATA 	Keypress: rctrl
713.7611 	EXP 	Sound  started
714.4212 	DATA 	Keypress: lctrl
714.5111 	EXP 	Sound  started
715.1253 	DATA 	Keypress: rctrl
715.2611 	EXP 	Sound  started
715.9572 	DATA 	Keypress: lctrl
716.0111 	EXP 	Sound  started
716.7253 	DATA 	Keypress: rctrl
716.7611 	EXP 	Sound  started
717.4292 	DATA 	Keypress: lctrl
717.5111 	EXP 	Sound  started
718.1812 	DATA 	Keypress: rctrl
718.2611 	EXP 	Sound  started
718.9333 	DATA 	Keypress: lctrl
719.0111 	EXP 	Sound  started
719.6852 	DATA 	Keypress: rctrl
719.7612 	EXP 	Sound  started
720.4532 	DATA 	Keypress: lctrl
720.5112 	EXP 	Sound  started
721.1732 	DATA 	Keypress: rctrl
721.2612 	EXP 	Sound  started
721.9252 	DATA 	Keypress: lctrl
722.0112 	EXP 	Sound  started
722.6613 	DATA 	Keypress: rctrl
722.7612 	EXP 	Sound  started
723.3972 	DATA 	Keypress: lctrl
723.5112 	EXP 	Sound  started
724.1012 	DATA 	Keypress: rctrl
724.2612 	EXP 	Sound  started
724.8852 	DATA 	Keypress: lctrl
725.0112 	EXP 	Sound  started
725.6532 	DATA 	Keypress: rctrl
725.7613 	EXP 	Sound  started
726.4372 	DATA 	Keypress: lctrl
726.5113 	EXP 	Sound  started
727.2613 	EXP 	Sound  started
727.2692 	DATA 	Keypress: rctrl
728.0113 	EXP 	Sound  started
728.0533 	DATA 	Keypress: lctrl
728.6932 	DATA 	Keypress: rctrl
728.7613 	EXP 	Sound  started
729.4452 	DATA 	Keypress: lctrl
729.5113 	EXP 	Sound  started
730.2132 	DATA 	Keypress: rctrl
730.2613 	EXP 	Sound  started
731.0114 	EXP 	Sound  started
731.0452 	DATA 	Keypress: lctrl
731.7657 	DATA 	Keypress: rctrl
733.4320 	DATA 	Keypress: 3
733.4612 	EXP 	unnamed ShapeStim: vertices = <class 'numpy.ndarray'>
734.9827 	DATA 	Keypress: 2
735.0297 	EXP 	unnamed ShapeStim: vertices = <class 'numpy.ndarray'>
736.5509 	DATA 	Keypress: 3
736.5971 	EXP 	unnamed ShapeStim: vertices = <class 'numpy.ndarray'>
740.8999 	DATA 	Keypress: lctrl
882.2613 	DATA 	Keypress: return
882.3246 	EXP 	window1: mouseVisible = True
