195.4915 	WARNING 	User requested fullscreen with size [1024  768], but screen is actually [1920, 1200]. Using actual size
196.3053 	EXP 	Created window1 = Window(allowGUI=False, allowStencil=False, autoLog=True, backendConf=UNKNOWN, bitsMode=UNKNOWN, blendMode='avg', bpc=(8, 8, 8), color=array([0, 0, 0]), colorSpace='rgb', depthBits=8, fullscr=<method-wrapper '__getattribute__' of attributeSetter object at 0x000001C5E0426748>, gamma=None, gammaErrorPolicy='raise', lms=UNKNOWN, monitor=<psychopy.monitors.calibTools.Monitor object at 0x000001C5E1B65048>, multiSample=False, name='window1', numSamples=2, pos=[0.0, 0.0], screen=0, size=array([1920, 1200]), stencilBits=0, stereo=False, units='norm', useFBO=True, useRetina=False, viewOri=0.0, viewPos=None, viewScale=None, waitBlanking=True, winType='pyglet')
196.3057 	EXP 	window1: mouseVisible = True
196.3057 	EXP 	window1: mouseVisible = False
196.3057 	EXP 	window1: recordFrameIntervals = False
196.4719 	EXP 	window1: recordFrameIntervals = True
196.6554 	EXP 	window1: recordFrameIntervals = False
196.7109 	EXP 	Created text = TextStim(__class__=<class 'psychopy.visual.text.TextStim'>, alignHoriz=method-wrapper(...), alignText='center', alignVert=method-wrapper(...), anchorHoriz='center', anchorVert='center', antialias=True, autoLog=True, bold=False, color=array([1., 1., 1.]), colorSpace='rgb', contrast=1.0, depth=0.0, flipHoriz=False, flipVert=False, font='Arial', fontFiles=[], height=0.15, italic=False, languageStyle='LTR', name='text', opacity=1, ori=0, pos=array([0., 0.]), rgb=UNKNOWN, text='+', units='norm', win=Window(...), wrapWidth=1)
196.7307 	EXP 	Created text = TextStim(__class__=<class 'psychopy.visual.text.TextStim'>, alignHoriz=method-wrapper(...), alignText='center', alignVert=method-wrapper(...), anchorHoriz='center', anchorVert='center', antialias=True, autoLog=True, bold=False, color=array([1., 1., 1.]), colorSpace='rgb', contrast=1.0, depth=0.0, flipHoriz=False, flipVert=False, font='Arial', fontFiles=[], height=0.07, italic=False, languageStyle='LTR', name='text', opacity=1, ori=0, pos=array([0., 0.]), rgb=UNKNOWN, text=str(...), units='norm', win=Window(...), wrapWidth=1.65)
196.7422 	EXP 	Created text = TextStim(__class__=<class 'psychopy.visual.text.TextStim'>, alignHoriz=method-wrapper(...), alignText='center', alignVert=method-wrapper(...), anchorHoriz='center', anchorVert='center', antialias=True, autoLog=True, bold=False, color=array([1., 1., 1.]), colorSpace='rgb', contrast=1.0, depth=0.0, flipHoriz=False, flipVert=False, font='Arial', fontFiles=[], height=0.07, italic=False, languageStyle='LTR', name='text', opacity=1, ori=0, pos=array([0., 0.]), rgb=UNKNOWN, text=str(...), units='norm', win=Window(...), wrapWidth=1.65)
196.7520 	EXP 	Created text = TextStim(__class__=<class 'psychopy.visual.text.TextStim'>, alignHoriz=method-wrapper(...), alignText='center', alignVert=method-wrapper(...), anchorHoriz='center', anchorVert='center', antialias=True, autoLog=True, bold=False, color=array([1., 1., 1.]), colorSpace='rgb', contrast=1.0, depth=0.0, flipHoriz=False, flipVert=False, font='Arial', fontFiles=[], height=0.07, italic=False, languageStyle='LTR', name='text', opacity=1, ori=0, pos=array([0., 0.]), rgb=UNKNOWN, text=str(...), units='norm', win=Window(...), wrapWidth=1.65)
196.7611 	EXP 	Created text = TextStim(__class__=<class 'psychopy.visual.text.TextStim'>, alignHoriz=method-wrapper(...), alignText='center', alignVert=method-wrapper(...), anchorHoriz='center', anchorVert='center', antialias=True, autoLog=True, bold=False, color=array([1., 1., 1.]), colorSpace='rgb', contrast=1.0, depth=0.0, flipHoriz=False, flipVert=False, font='Arial', fontFiles=[], height=0.07, italic=False, languageStyle='LTR', name='text', opacity=1, ori=0, pos=array([0., 0.]), rgb=UNKNOWN, text=str(...), units='norm', win=Window(...), wrapWidth=1.65)
196.7661 	EXP 	Created text = TextStim(__class__=<class 'psychopy.visual.text.TextStim'>, alignHoriz=method-wrapper(...), alignText='center', alignVert=method-wrapper(...), anchorHoriz='center', anchorVert='center', antialias=True, autoLog=True, bold=False, color=array([1., 1., 1.]), colorSpace='rgb', contrast=1.0, depth=0.0, flipHoriz=False, flipVert=False, font='Arial', fontFiles=[], height=0.07, italic=False, languageStyle='LTR', name='text', opacity=1, ori=0, pos=array([0., 0.]), rgb=UNKNOWN, text=str(...), units='norm', win=Window(...), wrapWidth=1.65)
196.7807 	EXP 	Created text = TextStim(__class__=<class 'psychopy.visual.text.TextStim'>, alignHoriz=method-wrapper(...), alignText='center', alignVert=method-wrapper(...), anchorHoriz='center', anchorVert='center', antialias=True, autoLog=True, bold=False, color=array([1., 1., 1.]), colorSpace='rgb', contrast=1.0, depth=0.0, flipHoriz=False, flipVert=False, font='Arial', fontFiles=[], height=0.15, italic=False, languageStyle='LTR', name='text', opacity=1, ori=0, pos=array([0., 0.]), rgb=UNKNOWN, text=str(...), units='norm', win=Window(...), wrapWidth=1.65)
196.8091 	EXP 	Created text = TextStim(__class__=<class 'psychopy.visual.text.TextStim'>, alignHoriz=method-wrapper(...), alignText='center', alignVert=method-wrapper(...), anchorHoriz='center', anchorVert='center', antialias=True, autoLog=True, bold=False, color=array([1., 1., 1.]), colorSpace='rgb', contrast=1.0, depth=0.0, flipHoriz=False, flipVert=False, font='Arial', fontFiles=[], height=0.07, italic=False, languageStyle='LTR', name='text', opacity=1, ori=0, pos=array([0., 0.]), rgb=UNKNOWN, text=str(...), units='norm', win=Window(...), wrapWidth=1.65)
196.8274 	EXP 	Created text = TextStim(__class__=<class 'psychopy.visual.text.TextStim'>, alignHoriz=method-wrapper(...), alignText='center', alignVert=method-wrapper(...), anchorHoriz='center', anchorVert='center', antialias=True, autoLog=True, bold=False, color=array([1., 1., 1.]), colorSpace='rgb', contrast=1.0, depth=0.0, flipHoriz=False, flipVert=False, font='Arial', fontFiles=[], height=0.07, italic=False, languageStyle='LTR', name='text', opacity=1, ori=0, pos=array([0., 0.]), rgb=UNKNOWN, text=str(...), units='norm', win=Window(...), wrapWidth=1.65)
196.8573 	EXP 	Created text = TextStim(__class__=<class 'psychopy.visual.text.TextStim'>, alignHoriz=method-wrapper(...), alignText='center', alignVert=method-wrapper(...), anchorHoriz='center', anchorVert='center', antialias=True, autoLog=True, bold=False, color=array([1., 1., 1.]), colorSpace='rgb', contrast=1.0, depth=0.0, flipHoriz=False, flipVert=False, font='Arial', fontFiles=[], height=0.07, italic=False, languageStyle='LTR', name='text', opacity=1, ori=0, pos=array([0., 0.]), rgb=UNKNOWN, text=str(...), units='norm', win=Window(...), wrapWidth=1.65)
196.8848 	EXP 	Created text = TextStim(__class__=<class 'psychopy.visual.text.TextStim'>, alignHoriz=method-wrapper(...), alignText='center', alignVert=method-wrapper(...), anchorHoriz='center', anchorVert='center', antialias=True, autoLog=True, bold=False, color=array([1., 1., 1.]), colorSpace='rgb', contrast=1.0, depth=0.0, flipHoriz=False, flipVert=False, font='Arial', fontFiles=[], height=0.07, italic=False, languageStyle='LTR', name='text', opacity=1, ori=0, pos=array([0., 0.]), rgb=UNKNOWN, text=str(...), units='norm', win=Window(...), wrapWidth=1.65)
196.9172 	EXP 	Created text = TextStim(__class__=<class 'psychopy.visual.text.TextStim'>, alignHoriz=method-wrapper(...), alignText='center', alignVert=method-wrapper(...), anchorHoriz='center', anchorVert='center', antialias=True, autoLog=True, bold=False, color=array([1., 1., 1.]), colorSpace='rgb', contrast=1.0, depth=0.0, flipHoriz=False, flipVert=False, font='Arial', fontFiles=[], height=0.07, italic=False, languageStyle='LTR', name='text', opacity=1, ori=0, pos=array([0., 0.]), rgb=UNKNOWN, text=str(...), units='norm', win=Window(...), wrapWidth=1.65)
196.9261 	EXP 	Created text = TextStim(__class__=<class 'psychopy.visual.text.TextStim'>, alignHoriz=method-wrapper(...), alignText='center', alignVert=method-wrapper(...), anchorHoriz='center', anchorVert='center', antialias=True, autoLog=True, bold=False, color=array([1., 1., 1.]), colorSpace='rgb', contrast=1.0, depth=0.0, flipHoriz=False, flipVert=False, font='Arial', fontFiles=[], height=0.07, italic=False, languageStyle='LTR', name='text', opacity=1, ori=0, pos=array([0., 0.]), rgb=UNKNOWN, text=str(...), units='norm', win=Window(...), wrapWidth=1.65)
196.9383 	EXP 	Created text = TextStim(__class__=<class 'psychopy.visual.text.TextStim'>, alignHoriz=method-wrapper(...), alignText='center', alignVert=method-wrapper(...), anchorHoriz='center', anchorVert='center', antialias=True, autoLog=True, bold=False, color=array([1., 1., 1.]), colorSpace='rgb', contrast=1.0, depth=0.0, flipHoriz=False, flipVert=False, font='Arial', fontFiles=[], height=0.07, italic=False, languageStyle='LTR', name='text', opacity=1, ori=0, pos=array([0., 0.]), rgb=UNKNOWN, text=str(...), units='norm', win=Window(...), wrapWidth=1.65)
196.9428 	EXP 	Created instru = TextStim(__class__=<class 'psychopy.visual.text.TextStim'>, alignHoriz=method-wrapper(...), alignText='center', alignVert=method-wrapper(...), anchorHoriz='center', anchorVert='center', antialias=True, autoLog=True, bold=False, color=array([1., 1., 1.]), colorSpace='rgb', contrast=1.0, depth=0.0, flipHoriz=False, flipVert=False, font='Arial', fontFiles=[], height=0.07, italic=False, languageStyle='LTR', name='instru', opacity=1, ori=0, pos=array([0. , 0.5]), rgb=UNKNOWN, text=str(...), units='norm', win=Window(...), wrapWidth=1)
196.9454 	EXP 	Created unnamed Line = Line(__class__=<class 'psychopy.visual.line.Line'>, autoDraw=False, autoLog=True, closeShape=False, color=array([1., 1., 1.]), colorSpace='rgb', contrast=None, depth=0, fillColor=array([0, 0, 0]), fillColorSpace='rgb', fillRGB=array([0, 0, 0]), interpolate=True, lineColor=array([1., 1., 1.]), lineColorSpace='rgb', lineRGB=array([1, 1, 1]), lineWidth=5, name='unnamed Line', opacity=0.5, ori=0.0, pos=array([0., 0.]), size=array([1., 1.]), units='norm', vertices=array([[-0.5,  0. ],
       [ 0.5,  0. ]]), win=Window(...), windingRule=None)
196.9475 	EXP 	Created unnamed Line = Line(__class__=<class 'psychopy.visual.line.Line'>, autoDraw=False, autoLog=True, closeShape=False, color=array([1., 1., 1.]), colorSpace='rgb', contrast=None, depth=0, fillColor=array([0, 0, 0]), fillColorSpace='rgb', fillRGB=array([0, 0, 0]), interpolate=True, lineColor=array([1., 1., 1.]), lineColorSpace='rgb', lineRGB=array([1, 1, 1]), lineWidth=3, name='unnamed Line', opacity=0.5, ori=0.0, pos=array([0., 0.]), size=array([1., 1.]), units='norm', vertices=array([[-0.5 , -0.05],
       [-0.5 ,  0.05]]), win=Window(...), windingRule=None)
196.9495 	EXP 	Created unnamed Line = Line(__class__=<class 'psychopy.visual.line.Line'>, autoDraw=False, autoLog=True, closeShape=False, color=array([1., 1., 1.]), colorSpace='rgb', contrast=None, depth=0, fillColor=array([0, 0, 0]), fillColorSpace='rgb', fillRGB=array([0, 0, 0]), interpolate=True, lineColor=array([1., 1., 1.]), lineColorSpace='rgb', lineRGB=array([1, 1, 1]), lineWidth=3, name='unnamed Line', opacity=0.5, ori=0.0, pos=array([0., 0.]), size=array([1., 1.]), units='norm', vertices=ndarray(...), win=Window(...), windingRule=None)
196.9516 	EXP 	Created unnamed Line = Line(__class__=<class 'psychopy.visual.line.Line'>, autoDraw=False, autoLog=True, closeShape=False, color=array([1., 1., 1.]), colorSpace='rgb', contrast=None, depth=0, fillColor=array([0, 0, 0]), fillColorSpace='rgb', fillRGB=array([0, 0, 0]), interpolate=True, lineColor=array([1., 1., 1.]), lineColorSpace='rgb', lineRGB=array([1, 1, 1]), lineWidth=3, name='unnamed Line', opacity=0.5, ori=0.0, pos=array([0., 0.]), size=array([1., 1.]), units='norm', vertices=ndarray(...), win=Window(...), windingRule=None)
196.9536 	EXP 	Created unnamed Line = Line(__class__=<class 'psychopy.visual.line.Line'>, autoDraw=False, autoLog=True, closeShape=False, color=array([1., 1., 1.]), colorSpace='rgb', contrast=None, depth=0, fillColor=array([0, 0, 0]), fillColorSpace='rgb', fillRGB=array([0, 0, 0]), interpolate=True, lineColor=array([1., 1., 1.]), lineColorSpace='rgb', lineRGB=array([1, 1, 1]), lineWidth=3, name='unnamed Line', opacity=0.5, ori=0.0, pos=array([0., 0.]), size=array([1., 1.]), units='norm', vertices=array([[ 0.5 , -0.05],
       [ 0.5 ,  0.05]]), win=Window(...), windingRule=None)
196.9650 	EXP 	Created unnamed TextStim = TextStim(__class__=<class 'psychopy.visual.text.TextStim'>, alignHoriz=method-wrapper(...), alignText='center', alignVert=method-wrapper(...), anchorHoriz='center', anchorVert='center', antialias=True, autoLog=True, bold=False, color=array([1., 1., 1.]), colorSpace='rgb', contrast=1.0, depth=0, flipHoriz=False, flipVert=False, font='', fontFiles=[], height=0.05, italic=False, languageStyle='LTR', name='unnamed TextStim', opacity=1.0, ori=0.0, pos=array([-0.5, -0.1]), rgb=UNKNOWN, text='Clearly \n NOT FOCUSED', units='norm', win=Window(...), wrapWidth=1)
196.9661 	EXP 	Created unnamed TextStim = TextStim(__class__=<class 'psychopy.visual.text.TextStim'>, alignHoriz=method-wrapper(...), alignText='center', alignVert=method-wrapper(...), anchorHoriz='center', anchorVert='center', antialias=True, autoLog=True, bold=False, color=array([1., 1., 1.]), colorSpace='rgb', contrast=1.0, depth=0, flipHoriz=False, flipVert=False, font='', fontFiles=[], height=0.05, italic=False, languageStyle='LTR', name='unnamed TextStim', opacity=1.0, ori=0.0, pos=array([-0.16666667, -0.1       ]), rgb=UNKNOWN, text='', units='norm', win=Window(...), wrapWidth=1)
196.9671 	EXP 	Created unnamed TextStim = TextStim(__class__=<class 'psychopy.visual.text.TextStim'>, alignHoriz=method-wrapper(...), alignText='center', alignVert=method-wrapper(...), anchorHoriz='center', anchorVert='center', antialias=True, autoLog=True, bold=False, color=array([1., 1., 1.]), colorSpace='rgb', contrast=1.0, depth=0, flipHoriz=False, flipVert=False, font='', fontFiles=[], height=0.05, italic=False, languageStyle='LTR', name='unnamed TextStim', opacity=1.0, ori=0.0, pos=array([ 0.16666667, -0.1       ]), rgb=UNKNOWN, text='', units='norm', win=Window(...), wrapWidth=1)
196.9702 	EXP 	Created unnamed TextStim = TextStim(__class__=<class 'psychopy.visual.text.TextStim'>, alignHoriz=method-wrapper(...), alignText='center', alignVert=method-wrapper(...), anchorHoriz='center', anchorVert='center', antialias=True, autoLog=True, bold=False, color=array([1., 1., 1.]), colorSpace='rgb', contrast=1.0, depth=0, flipHoriz=False, flipVert=False, font='', fontFiles=[], height=0.05, italic=False, languageStyle='LTR', name='unnamed TextStim', opacity=1.0, ori=0.0, pos=array([ 0.5, -0.1]), rgb=UNKNOWN, text='Clearly \n FOCUSED', units='norm', win=Window(...), wrapWidth=1)
196.9722 	EXP 	Created unnamed ShapeStim = ShapeStim(__class__=<class 'psychopy.visual.shape.ShapeStim'>, autoDraw=False, autoLog=True, closeShape=True, color=method-wrapper(...), colorSpace='rgb', contrast=None, depth=0, fillColor=array([1, 1, 1]), fillColorSpace='rgb', fillRGB=array([1, 1, 1]), interpolate=True, lineColor=array([-1., -1., -1.]), lineColorSpace='rgb', lineRGB=array([-1, -1, -1]), lineWidth=1.5, name='unnamed ShapeStim', opacity=1.0, ori=0.0, pos=array([0., 0.]), size=array([1., 1.]), units='norm', vertices=ndarray(...), win=Window(...), windingRule=None)
196.9827 	EXP 	Created instru = TextStim(__class__=<class 'psychopy.visual.text.TextStim'>, alignHoriz=method-wrapper(...), alignText='center', alignVert=method-wrapper(...), anchorHoriz='center', anchorVert='center', antialias=True, autoLog=True, bold=False, color=array([1., 1., 1.]), colorSpace='rgb', contrast=1.0, depth=0.0, flipHoriz=False, flipVert=False, font='Arial', fontFiles=[], height=0.07, italic=False, languageStyle='LTR', name='instru', opacity=1, ori=0, pos=array([0. , 0.5]), rgb=UNKNOWN, text=str(...), units='norm', win=Window(...), wrapWidth=1)
196.9849 	EXP 	Created unnamed Line = Line(__class__=<class 'psychopy.visual.line.Line'>, autoDraw=False, autoLog=True, closeShape=False, color=array([1., 1., 1.]), colorSpace='rgb', contrast=None, depth=0, fillColor=array([0, 0, 0]), fillColorSpace='rgb', fillRGB=array([0, 0, 0]), interpolate=True, lineColor=array([1., 1., 1.]), lineColorSpace='rgb', lineRGB=array([1, 1, 1]), lineWidth=5, name='unnamed Line', opacity=0.5, ori=0.0, pos=array([0., 0.]), size=array([1., 1.]), units='norm', vertices=array([[-0.5,  0. ],
       [ 0.5,  0. ]]), win=Window(...), windingRule=None)
196.9884 	EXP 	Created unnamed Line = Line(__class__=<class 'psychopy.visual.line.Line'>, autoDraw=False, autoLog=True, closeShape=False, color=array([1., 1., 1.]), colorSpace='rgb', contrast=None, depth=0, fillColor=array([0, 0, 0]), fillColorSpace='rgb', fillRGB=array([0, 0, 0]), interpolate=True, lineColor=array([1., 1., 1.]), lineColorSpace='rgb', lineRGB=array([1, 1, 1]), lineWidth=3, name='unnamed Line', opacity=0.5, ori=0.0, pos=array([0., 0.]), size=array([1., 1.]), units='norm', vertices=array([[-0.5 , -0.05],
       [-0.5 ,  0.05]]), win=Window(...), windingRule=None)
196.9911 	EXP 	Created unnamed Line = Line(__class__=<class 'psychopy.visual.line.Line'>, autoDraw=False, autoLog=True, closeShape=False, color=array([1., 1., 1.]), colorSpace='rgb', contrast=None, depth=0, fillColor=array([0, 0, 0]), fillColorSpace='rgb', fillRGB=array([0, 0, 0]), interpolate=True, lineColor=array([1., 1., 1.]), lineColorSpace='rgb', lineRGB=array([1, 1, 1]), lineWidth=3, name='unnamed Line', opacity=0.5, ori=0.0, pos=array([0., 0.]), size=array([1., 1.]), units='norm', vertices=ndarray(...), win=Window(...), windingRule=None)
196.9932 	EXP 	Created unnamed Line = Line(__class__=<class 'psychopy.visual.line.Line'>, autoDraw=False, autoLog=True, closeShape=False, color=array([1., 1., 1.]), colorSpace='rgb', contrast=None, depth=0, fillColor=array([0, 0, 0]), fillColorSpace='rgb', fillRGB=array([0, 0, 0]), interpolate=True, lineColor=array([1., 1., 1.]), lineColorSpace='rgb', lineRGB=array([1, 1, 1]), lineWidth=3, name='unnamed Line', opacity=0.5, ori=0.0, pos=array([0., 0.]), size=array([1., 1.]), units='norm', vertices=ndarray(...), win=Window(...), windingRule=None)
196.9953 	EXP 	Created unnamed Line = Line(__class__=<class 'psychopy.visual.line.Line'>, autoDraw=False, autoLog=True, closeShape=False, color=array([1., 1., 1.]), colorSpace='rgb', contrast=None, depth=0, fillColor=array([0, 0, 0]), fillColorSpace='rgb', fillRGB=array([0, 0, 0]), interpolate=True, lineColor=array([1., 1., 1.]), lineColorSpace='rgb', lineRGB=array([1, 1, 1]), lineWidth=3, name='unnamed Line', opacity=0.5, ori=0.0, pos=array([0., 0.]), size=array([1., 1.]), units='norm', vertices=array([[ 0.5 , -0.05],
       [ 0.5 ,  0.05]]), win=Window(...), windingRule=None)
197.0008 	EXP 	Created unnamed TextStim = TextStim(__class__=<class 'psychopy.visual.text.TextStim'>, alignHoriz=method-wrapper(...), alignText='center', alignVert=method-wrapper(...), anchorHoriz='center', anchorVert='center', antialias=True, autoLog=True, bold=False, color=array([1., 1., 1.]), colorSpace='rgb', contrast=1.0, depth=0, flipHoriz=False, flipVert=False, font='', fontFiles=[], height=0.05, italic=False, languageStyle='LTR', name='unnamed TextStim', opacity=1.0, ori=0.0, pos=array([-0.5, -0.1]), rgb=UNKNOWN, text='Clearly \n NOTHING', units='norm', win=Window(...), wrapWidth=1)
197.0019 	EXP 	Created unnamed TextStim = TextStim(__class__=<class 'psychopy.visual.text.TextStim'>, alignHoriz=method-wrapper(...), alignText='center', alignVert=method-wrapper(...), anchorHoriz='center', anchorVert='center', antialias=True, autoLog=True, bold=False, color=array([1., 1., 1.]), colorSpace='rgb', contrast=1.0, depth=0, flipHoriz=False, flipVert=False, font='', fontFiles=[], height=0.05, italic=False, languageStyle='LTR', name='unnamed TextStim', opacity=1.0, ori=0.0, pos=array([-0.16666667, -0.1       ]), rgb=UNKNOWN, text='', units='norm', win=Window(...), wrapWidth=1)
197.0030 	EXP 	Created unnamed TextStim = TextStim(__class__=<class 'psychopy.visual.text.TextStim'>, alignHoriz=method-wrapper(...), alignText='center', alignVert=method-wrapper(...), anchorHoriz='center', anchorVert='center', antialias=True, autoLog=True, bold=False, color=array([1., 1., 1.]), colorSpace='rgb', contrast=1.0, depth=0, flipHoriz=False, flipVert=False, font='', fontFiles=[], height=0.05, italic=False, languageStyle='LTR', name='unnamed TextStim', opacity=1.0, ori=0.0, pos=array([ 0.16666667, -0.1       ]), rgb=UNKNOWN, text='', units='norm', win=Window(...), wrapWidth=1)
197.0073 	EXP 	Created unnamed TextStim = TextStim(__class__=<class 'psychopy.visual.text.TextStim'>, alignHoriz=method-wrapper(...), alignText='center', alignVert=method-wrapper(...), anchorHoriz='center', anchorVert='center', antialias=True, autoLog=True, bold=False, color=array([1., 1., 1.]), colorSpace='rgb', contrast=1.0, depth=0, flipHoriz=False, flipVert=False, font='', fontFiles=[], height=0.05, italic=False, languageStyle='LTR', name='unnamed TextStim', opacity=1.0, ori=0.0, pos=array([ 0.5, -0.1]), rgb=UNKNOWN, text='Clearly \n SOMETHING', units='norm', win=Window(...), wrapWidth=1)
197.0093 	EXP 	Created unnamed ShapeStim = ShapeStim(__class__=<class 'psychopy.visual.shape.ShapeStim'>, autoDraw=False, autoLog=True, closeShape=True, color=method-wrapper(...), colorSpace='rgb', contrast=None, depth=0, fillColor=array([1, 1, 1]), fillColorSpace='rgb', fillRGB=array([1, 1, 1]), interpolate=True, lineColor=array([-1., -1., -1.]), lineColorSpace='rgb', lineRGB=array([-1, -1, -1]), lineWidth=1.5, name='unnamed ShapeStim', opacity=1.0, ori=0.0, pos=array([0., 0.]), size=array([1., 1.]), units='norm', vertices=ndarray(...), win=Window(...), windingRule=None)
197.0170 	EXP 	Created instru = TextStim(__class__=<class 'psychopy.visual.text.TextStim'>, alignHoriz=method-wrapper(...), alignText='center', alignVert=method-wrapper(...), anchorHoriz='center', anchorVert='center', antialias=True, autoLog=True, bold=False, color=array([1., 1., 1.]), colorSpace='rgb', contrast=1.0, depth=0.0, flipHoriz=False, flipVert=False, font='Arial', fontFiles=[], height=0.07, italic=False, languageStyle='LTR', name='instru', opacity=1, ori=0, pos=array([0. , 0.5]), rgb=UNKNOWN, text=str(...), units='norm', win=Window(...), wrapWidth=1)
197.0190 	EXP 	Created unnamed Line = Line(__class__=<class 'psychopy.visual.line.Line'>, autoDraw=False, autoLog=True, closeShape=False, color=array([1., 1., 1.]), colorSpace='rgb', contrast=None, depth=0, fillColor=array([0, 0, 0]), fillColorSpace='rgb', fillRGB=array([0, 0, 0]), interpolate=True, lineColor=array([1., 1., 1.]), lineColorSpace='rgb', lineRGB=array([1, 1, 1]), lineWidth=5, name='unnamed Line', opacity=0.5, ori=0.0, pos=array([0., 0.]), size=array([1., 1.]), units='norm', vertices=array([[-0.5,  0. ],
       [ 0.5,  0. ]]), win=Window(...), windingRule=None)
197.0211 	EXP 	Created unnamed Line = Line(__class__=<class 'psychopy.visual.line.Line'>, autoDraw=False, autoLog=True, closeShape=False, color=array([1., 1., 1.]), colorSpace='rgb', contrast=None, depth=0, fillColor=array([0, 0, 0]), fillColorSpace='rgb', fillRGB=array([0, 0, 0]), interpolate=True, lineColor=array([1., 1., 1.]), lineColorSpace='rgb', lineRGB=array([1, 1, 1]), lineWidth=3, name='unnamed Line', opacity=0.5, ori=0.0, pos=array([0., 0.]), size=array([1., 1.]), units='norm', vertices=array([[-0.5 , -0.05],
       [-0.5 ,  0.05]]), win=Window(...), windingRule=None)
197.0231 	EXP 	Created unnamed Line = Line(__class__=<class 'psychopy.visual.line.Line'>, autoDraw=False, autoLog=True, closeShape=False, color=array([1., 1., 1.]), colorSpace='rgb', contrast=None, depth=0, fillColor=array([0, 0, 0]), fillColorSpace='rgb', fillRGB=array([0, 0, 0]), interpolate=True, lineColor=array([1., 1., 1.]), lineColorSpace='rgb', lineRGB=array([1, 1, 1]), lineWidth=3, name='unnamed Line', opacity=0.5, ori=0.0, pos=array([0., 0.]), size=array([1., 1.]), units='norm', vertices=ndarray(...), win=Window(...), windingRule=None)
197.0252 	EXP 	Created unnamed Line = Line(__class__=<class 'psychopy.visual.line.Line'>, autoDraw=False, autoLog=True, closeShape=False, color=array([1., 1., 1.]), colorSpace='rgb', contrast=None, depth=0, fillColor=array([0, 0, 0]), fillColorSpace='rgb', fillRGB=array([0, 0, 0]), interpolate=True, lineColor=array([1., 1., 1.]), lineColorSpace='rgb', lineRGB=array([1, 1, 1]), lineWidth=3, name='unnamed Line', opacity=0.5, ori=0.0, pos=array([0., 0.]), size=array([1., 1.]), units='norm', vertices=ndarray(...), win=Window(...), windingRule=None)
197.0272 	EXP 	Created unnamed Line = Line(__class__=<class 'psychopy.visual.line.Line'>, autoDraw=False, autoLog=True, closeShape=False, color=array([1., 1., 1.]), colorSpace='rgb', contrast=None, depth=0, fillColor=array([0, 0, 0]), fillColorSpace='rgb', fillRGB=array([0, 0, 0]), interpolate=True, lineColor=array([1., 1., 1.]), lineColorSpace='rgb', lineRGB=array([1, 1, 1]), lineWidth=3, name='unnamed Line', opacity=0.5, ori=0.0, pos=array([0., 0.]), size=array([1., 1.]), units='norm', vertices=array([[ 0.5 , -0.05],
       [ 0.5 ,  0.05]]), win=Window(...), windingRule=None)
197.0323 	EXP 	Created unnamed TextStim = TextStim(__class__=<class 'psychopy.visual.text.TextStim'>, alignHoriz=method-wrapper(...), alignText='center', alignVert=method-wrapper(...), anchorHoriz='center', anchorVert='center', antialias=True, autoLog=True, bold=False, color=array([1., 1., 1.]), colorSpace='rgb', contrast=1.0, depth=0, flipHoriz=False, flipVert=False, font='', fontFiles=[], height=0.05, italic=False, languageStyle='LTR', name='unnamed TextStim', opacity=1.0, ori=0.0, pos=array([-0.5, -0.1]), rgb=UNKNOWN, text='Clearly \n SPONTANEOUS', units='norm', win=Window(...), wrapWidth=1)
197.0333 	EXP 	Created unnamed TextStim = TextStim(__class__=<class 'psychopy.visual.text.TextStim'>, alignHoriz=method-wrapper(...), alignText='center', alignVert=method-wrapper(...), anchorHoriz='center', anchorVert='center', antialias=True, autoLog=True, bold=False, color=array([1., 1., 1.]), colorSpace='rgb', contrast=1.0, depth=0, flipHoriz=False, flipVert=False, font='', fontFiles=[], height=0.05, italic=False, languageStyle='LTR', name='unnamed TextStim', opacity=1.0, ori=0.0, pos=array([-0.16666667, -0.1       ]), rgb=UNKNOWN, text='', units='norm', win=Window(...), wrapWidth=1)
197.0344 	EXP 	Created unnamed TextStim = TextStim(__class__=<class 'psychopy.visual.text.TextStim'>, alignHoriz=method-wrapper(...), alignText='center', alignVert=method-wrapper(...), anchorHoriz='center', anchorVert='center', antialias=True, autoLog=True, bold=False, color=array([1., 1., 1.]), colorSpace='rgb', contrast=1.0, depth=0, flipHoriz=False, flipVert=False, font='', fontFiles=[], height=0.05, italic=False, languageStyle='LTR', name='unnamed TextStim', opacity=1.0, ori=0.0, pos=array([ 0.16666667, -0.1       ]), rgb=UNKNOWN, text='', units='norm', win=Window(...), wrapWidth=1)
197.0399 	EXP 	Created unnamed TextStim = TextStim(__class__=<class 'psychopy.visual.text.TextStim'>, alignHoriz=method-wrapper(...), alignText='center', alignVert=method-wrapper(...), anchorHoriz='center', anchorVert='center', antialias=True, autoLog=True, bold=False, color=array([1., 1., 1.]), colorSpace='rgb', contrast=1.0, depth=0, flipHoriz=False, flipVert=False, font='', fontFiles=[], height=0.05, italic=False, languageStyle='LTR', name='unnamed TextStim', opacity=1.0, ori=0.0, pos=array([ 0.5, -0.1]), rgb=UNKNOWN, text='Clearly \n DELIBERATE', units='norm', win=Window(...), wrapWidth=1)
197.0417 	EXP 	Created unnamed ShapeStim = ShapeStim(__class__=<class 'psychopy.visual.shape.ShapeStim'>, autoDraw=False, autoLog=True, closeShape=True, color=method-wrapper(...), colorSpace='rgb', contrast=None, depth=0, fillColor=array([1, 1, 1]), fillColorSpace='rgb', fillRGB=array([1, 1, 1]), interpolate=True, lineColor=array([-1., -1., -1.]), lineColorSpace='rgb', lineRGB=array([-1, -1, -1]), lineWidth=1.5, name='unnamed ShapeStim', opacity=1.0, ori=0.0, pos=array([0., 0.]), size=array([1., 1.]), units='norm', vertices=ndarray(...), win=Window(...), windingRule=None)
197.0909 	EXP 	Sound  set volume 1.000
197.1246 	EXP 	unnamed ShapeStim: vertices = <class 'numpy.ndarray'>
197.1246 	EXP 	unnamed ShapeStim: vertices = <class 'numpy.ndarray'>
197.1246 	EXP 	unnamed ShapeStim: vertices = <class 'numpy.ndarray'>
230.3708 	DATA 	Keypress: rctrl
230.9047 	EXP 	Sound  started
231.6346 	DATA 	Keypress: lctrl
231.6547 	EXP 	Sound  started
232.3706 	DATA 	Keypress: rctrl
232.4047 	EXP 	Sound  started
233.0106 	DATA 	Keypress: lctrl
233.1547 	EXP 	Sound  started
233.6986 	DATA 	Keypress: rctrl
233.9047 	EXP 	Sound  started
234.4986 	DATA 	Keypress: rctrl
234.6547 	EXP 	Sound  started
235.1866 	DATA 	Keypress: rctrl
235.4048 	EXP 	Sound  started
235.8745 	DATA 	Keypress: lctrl
236.1548 	EXP 	Sound  started
236.5946 	DATA 	Keypress: rctrl
236.9048 	EXP 	Sound  started
237.3305 	DATA 	Keypress: rctrl
237.6548 	EXP 	Sound  started
238.0185 	DATA 	Keypress: rctrl
238.4048 	EXP 	Sound  started
238.8187 	DATA 	Keypress: lctrl
239.1548 	EXP 	Sound  started
239.4746 	DATA 	Keypress: rctrl
239.9048 	EXP 	Sound  started
240.1946 	DATA 	Keypress: rctrl
240.6549 	EXP 	Sound  started
240.9305 	DATA 	Keypress: lctrl
241.4049 	EXP 	Sound  started
241.5705 	DATA 	Keypress: rctrl
242.1549 	EXP 	Sound  started
242.4025 	DATA 	Keypress: lctrl
242.9049 	EXP 	Sound  started
243.1866 	DATA 	Keypress: lctrl
243.6549 	EXP 	Sound  started
243.9066 	DATA 	Keypress: lctrl
244.4049 	EXP 	Sound  started
244.6425 	DATA 	Keypress: rctrl
245.1549 	EXP 	Sound  started
245.4266 	DATA 	Keypress: rctrl
245.9050 	EXP 	Sound  started
246.2106 	DATA 	Keypress: lctrl
246.6550 	EXP 	Sound  started
246.9787 	DATA 	Keypress: rctrl
247.4050 	EXP 	Sound  started
247.7145 	DATA 	Keypress: lctrl
248.1550 	EXP 	Sound  started
248.4346 	DATA 	Keypress: rctrl
248.9050 	EXP 	Sound  started
249.1065 	DATA 	Keypress: lctrl
249.6550 	EXP 	Sound  started
249.9066 	DATA 	Keypress: lctrl
250.4050 	EXP 	Sound  started
250.6266 	DATA 	Keypress: rctrl
251.1551 	EXP 	Sound  started
251.3945 	DATA 	Keypress: rctrl
251.9051 	EXP 	Sound  started
252.1946 	DATA 	Keypress: rctrl
252.6551 	EXP 	Sound  started
252.9466 	DATA 	Keypress: lctrl
253.4051 	EXP 	Sound  started
253.6986 	DATA 	Keypress: lctrl
254.1551 	EXP 	Sound  started
254.4505 	DATA 	Keypress: rctrl
254.9051 	EXP 	Sound  started
255.3145 	DATA 	Keypress: lctrl
255.6551 	EXP 	Sound  started
256.0345 	DATA 	Keypress: rctrl
256.4052 	EXP 	Sound  started
256.7545 	DATA 	Keypress: lctrl
257.1552 	EXP 	Sound  started
257.4426 	DATA 	Keypress: lctrl
257.9052 	EXP 	Sound  started
258.0507 	DATA 	Keypress: lctrl
258.6552 	EXP 	Sound  started
258.9306 	DATA 	Keypress: rctrl
259.4052 	EXP 	Sound  started
259.7467 	DATA 	Keypress: lctrl
260.1552 	EXP 	Sound  started
260.5786 	DATA 	Keypress: rctrl
260.9053 	EXP 	Sound  started
261.2666 	DATA 	Keypress: rctrl
261.6553 	EXP 	Sound  started
261.9866 	DATA 	Keypress: lctrl
262.4053 	EXP 	Sound  started
262.8506 	DATA 	Keypress: rctrl
263.1553 	EXP 	Sound  started
263.7146 	DATA 	Keypress: rctrl
263.9053 	EXP 	Sound  started
264.3705 	DATA 	Keypress: lctrl
264.6553 	EXP 	Sound  started
265.0906 	DATA 	Keypress: lctrl
265.4053 	EXP 	Sound  started
265.8587 	DATA 	Keypress: lctrl
266.1553 	EXP 	Sound  started
266.6586 	DATA 	Keypress: rctrl
266.9054 	EXP 	Sound  started
267.3307 	DATA 	Keypress: lctrl
267.6554 	EXP 	Sound  started
268.0346 	DATA 	Keypress: rctrl
268.4054 	EXP 	Sound  started
268.7226 	DATA 	Keypress: rctrl
269.1554 	EXP 	Sound  started
269.4745 	DATA 	Keypress: lctrl
269.9054 	EXP 	Sound  started
270.2425 	DATA 	Keypress: rctrl
270.6554 	EXP 	Sound  started
271.0906 	DATA 	Keypress: rctrl
271.4055 	EXP 	Sound  started
271.7145 	DATA 	Keypress: lctrl
272.1555 	EXP 	Sound  started
272.4826 	DATA 	Keypress: lctrl
272.9055 	EXP 	Sound  started
273.2986 	DATA 	Keypress: lctrl
273.6555 	EXP 	Sound  started
274.0987 	DATA 	Keypress: lctrl
274.4358 	EXP 	unnamed TextStim: text = ''
274.4358 	EXP 	unnamed TextStim: text = ''
276.8708 	DATA 	Keypress: 1
276.8873 	EXP 	unnamed ShapeStim: vertices = <class 'numpy.ndarray'>
278.4219 	EXP 	unnamed TextStim: text = ''
278.4219 	EXP 	unnamed TextStim: text = ''
280.8741 	DATA 	Keypress: 3
280.8906 	EXP 	unnamed ShapeStim: vertices = <class 'numpy.ndarray'>
282.4252 	EXP 	unnamed TextStim: text = ''
282.4252 	EXP 	unnamed TextStim: text = ''
287.1125 	DATA 	Keypress: 1
287.1290 	EXP 	unnamed ShapeStim: vertices = <class 'numpy.ndarray'>
289.4145 	EXP 	Sound  started
290.1645 	EXP 	Sound  started
290.9145 	EXP 	Sound  started
290.9147 	DATA 	Keypress: rctrl
291.6645 	EXP 	Sound  started
291.9225 	DATA 	Keypress: lctrl
292.4145 	EXP 	Sound  started
292.4507 	DATA 	Keypress: lctrl
293.0746 	DATA 	Keypress: lctrl
293.1645 	EXP 	Sound  started
293.7786 	DATA 	Keypress: lctrl
293.9146 	EXP 	Sound  started
294.4187 	DATA 	Keypress: lctrl
294.6646 	EXP 	Sound  started
295.2506 	DATA 	Keypress: rctrl
295.4146 	EXP 	Sound  started
295.9705 	DATA 	Keypress: rctrl
296.1646 	EXP 	Sound  started
296.7066 	DATA 	Keypress: rctrl
296.9146 	EXP 	Sound  started
297.4427 	DATA 	Keypress: rctrl
297.6646 	EXP 	Sound  started
298.1786 	DATA 	Keypress: lctrl
298.4146 	EXP 	Sound  started
298.9147 	DATA 	Keypress: lctrl
299.1647 	EXP 	Sound  started
299.6025 	DATA 	Keypress: lctrl
299.9147 	EXP 	Sound  started
300.2426 	DATA 	Keypress: rctrl
300.6647 	EXP 	Sound  started
300.9465 	DATA 	Keypress: rctrl
301.4147 	EXP 	Sound  started
301.6505 	DATA 	Keypress: rctrl
302.1647 	EXP 	Sound  started
302.4506 	DATA 	Keypress: lctrl
302.9147 	EXP 	Sound  started
303.1386 	DATA 	Keypress: lctrl
303.6647 	EXP 	Sound  started
303.8906 	DATA 	Keypress: lctrl
304.4147 	EXP 	Sound  started
304.7385 	DATA 	Keypress: lctrl
305.1648 	EXP 	Sound  started
305.4586 	DATA 	Keypress: rctrl
305.9148 	EXP 	Sound  started
306.1625 	DATA 	Keypress: rctrl
306.6648 	EXP 	Sound  started
306.9945 	DATA 	Keypress: rctrl
307.4148 	EXP 	Sound  started
307.9066 	DATA 	Keypress: lctrl
308.1648 	EXP 	Sound  started
308.8027 	DATA 	Keypress: rctrl
308.9148 	EXP 	Sound  started
309.4745 	DATA 	Keypress: rctrl
309.6649 	EXP 	Sound  started
310.1147 	DATA 	Keypress: lctrl
310.4149 	EXP 	Sound  started
310.7546 	DATA 	Keypress: lctrl
311.1649 	EXP 	Sound  started
311.5065 	DATA 	Keypress: lctrl
311.9149 	EXP 	Sound  started
312.5786 	DATA 	Keypress: lctrl
312.6649 	EXP 	Sound  started
313.2826 	DATA 	Keypress: rctrl
313.4149 	EXP 	Sound  started
313.9706 	DATA 	Keypress: lctrl
314.1650 	EXP 	Sound  started
314.7225 	DATA 	Keypress: lctrl
314.9150 	EXP 	Sound  started
315.4266 	DATA 	Keypress: lctrl
315.6650 	EXP 	Sound  started
316.1465 	DATA 	Keypress: rctrl
316.4150 	EXP 	Sound  started
316.9305 	DATA 	Keypress: lctrl
317.1650 	EXP 	Sound  started
317.8266 	DATA 	Keypress: rctrl
317.9150 	EXP 	Sound  started
318.4825 	DATA 	Keypress: lctrl
318.6650 	EXP 	Sound  started
319.2185 	DATA 	Keypress: rctrl
319.4151 	EXP 	Sound  started
319.9386 	DATA 	Keypress: lctrl
320.1651 	EXP 	Sound  started
320.6905 	DATA 	Keypress: rctrl
320.9151 	EXP 	Sound  started
321.2986 	DATA 	Keypress: lctrl
321.6651 	EXP 	Sound  started
322.0666 	DATA 	Keypress: rctrl
322.4151 	EXP 	Sound  started
322.7385 	DATA 	Keypress: rctrl
323.1651 	EXP 	Sound  started
323.4587 	DATA 	Keypress: lctrl
323.9152 	EXP 	Sound  started
324.2266 	DATA 	Keypress: rctrl
324.6652 	EXP 	Sound  started
324.9625 	DATA 	Keypress: rctrl
325.4152 	EXP 	Sound  started
325.8746 	DATA 	Keypress: rctrl
326.1652 	EXP 	Sound  started
326.5626 	DATA 	Keypress: rctrl
326.9152 	EXP 	Sound  started
327.3786 	DATA 	Keypress: lctrl
327.6652 	EXP 	Sound  started
328.2745 	DATA 	Keypress: rctrl
328.4152 	EXP 	Sound  started
328.9466 	DATA 	Keypress: lctrl
329.1653 	EXP 	Sound  started
329.6826 	DATA 	Keypress: rctrl
329.9153 	EXP 	Sound  started
330.4026 	DATA 	Keypress: rctrl
330.6653 	EXP 	Sound  started
331.0585 	DATA 	Keypress: rctrl
331.4153 	EXP 	Sound  started
331.7146 	DATA 	Keypress: rctrl
332.1653 	EXP 	Sound  started
332.5146 	DATA 	Keypress: lctrl
332.9153 	EXP 	Sound  started
333.2185 	DATA 	Keypress: rctrl
333.6654 	EXP 	Sound  started
333.9706 	DATA 	Keypress: rctrl
334.4154 	EXP 	Sound  started
334.6426 	DATA 	Keypress: rctrl
335.1654 	EXP 	Sound  started
335.5067 	DATA 	Keypress: lctrl
335.9154 	EXP 	Sound  started
336.1626 	DATA 	Keypress: lctrl
336.6654 	EXP 	Sound  started
336.8505 	DATA 	Keypress: lctrl
337.4154 	EXP 	Sound  started
337.9545 	DATA 	Keypress: rctrl
338.1655 	EXP 	Sound  started
338.6426 	DATA 	Keypress: lctrl
338.9155 	EXP 	Sound  started
339.2665 	DATA 	Keypress: rctrl
339.6655 	EXP 	Sound  started
339.9546 	DATA 	Keypress: rctrl
340.4155 	EXP 	Sound  started
340.7707 	DATA 	Keypress: lctrl
341.1655 	EXP 	Sound  started
341.5066 	DATA 	Keypress: lctrl
341.9155 	EXP 	Sound  started
342.3387 	DATA 	Keypress: rctrl
342.6655 	EXP 	Sound  started
343.1065 	DATA 	Keypress: rctrl
343.4156 	EXP 	Sound  started
343.7466 	DATA 	Keypress: rctrl
344.1656 	EXP 	Sound  started
344.4826 	DATA 	Keypress: lctrl
344.9156 	EXP 	Sound  started
345.2186 	DATA 	Keypress: lctrl
345.6656 	EXP 	Sound  started
345.8906 	DATA 	Keypress: lctrl
346.4156 	EXP 	Sound  started
346.6906 	DATA 	Keypress: rctrl
347.1656 	EXP 	Sound  started
347.4586 	DATA 	Keypress: rctrl
347.9156 	EXP 	Sound  started
348.1305 	DATA 	Keypress: rctrl
348.6656 	EXP 	Sound  started
348.9465 	DATA 	Keypress: lctrl
349.4157 	EXP 	Sound  started
349.6985 	DATA 	Keypress: rctrl
350.1657 	EXP 	Sound  started
350.4506 	DATA 	Keypress: rctrl
350.9157 	EXP 	Sound  started
351.2346 	DATA 	Keypress: rctrl
354.1341 	DATA 	Keypress: 1
354.1506 	EXP 	unnamed ShapeStim: vertices = <class 'numpy.ndarray'>
359.6887 	DATA 	Keypress: 4
359.7052 	EXP 	unnamed ShapeStim: vertices = <class 'numpy.ndarray'>
361.9577 	DATA 	Keypress: 1
361.9742 	EXP 	unnamed ShapeStim: vertices = <class 'numpy.ndarray'>
364.2584 	EXP 	Sound  started
365.0084 	EXP 	Sound  started
365.6666 	DATA 	Keypress: lctrl
365.7585 	EXP 	Sound  started
366.3066 	DATA 	Keypress: lctrl
366.5085 	EXP 	Sound  started
366.9786 	DATA 	Keypress: lctrl
367.2585 	EXP 	Sound  started
367.6025 	DATA 	Keypress: rctrl
368.0085 	EXP 	Sound  started
368.4666 	DATA 	Keypress: lctrl
368.7585 	EXP 	Sound  started
369.2986 	DATA 	Keypress: rctrl
369.5085 	EXP 	Sound  started
370.0827 	DATA 	Keypress: lctrl
370.2585 	EXP 	Sound  started
370.7545 	DATA 	Keypress: lctrl
371.0085 	EXP 	Sound  started
371.4266 	DATA 	Keypress: lctrl
371.7586 	EXP 	Sound  started
372.1145 	DATA 	Keypress: rctrl
372.5086 	EXP 	Sound  started
373.1385 	DATA 	Keypress: lctrl
373.2586 	EXP 	Sound  started
373.7946 	DATA 	Keypress: rctrl
374.0086 	EXP 	Sound  started
374.5306 	DATA 	Keypress: rctrl
374.7586 	EXP 	Sound  started
375.1866 	DATA 	Keypress: lctrl
375.5086 	EXP 	Sound  started
375.8266 	DATA 	Keypress: rctrl
376.2587 	EXP 	Sound  started
376.5306 	DATA 	Keypress: rctrl
377.0087 	EXP 	Sound  started
377.2985 	DATA 	Keypress: rctrl
377.7587 	EXP 	Sound  started
378.0505 	DATA 	Keypress: rctrl
378.5087 	EXP 	Sound  started
378.7386 	DATA 	Keypress: rctrl
379.2587 	EXP 	Sound  started
379.5866 	DATA 	Keypress: lctrl
380.0087 	EXP 	Sound  started
380.3385 	DATA 	Keypress: lctrl
380.7587 	EXP 	Sound  started
381.1386 	DATA 	Keypress: rctrl
381.5087 	EXP 	Sound  started
381.8746 	DATA 	Keypress: lctrl
382.2588 	EXP 	Sound  started
382.5946 	DATA 	Keypress: lctrl
383.0088 	EXP 	Sound  started
383.4105 	DATA 	Keypress: rctrl
383.7588 	EXP 	Sound  started
384.0826 	DATA 	Keypress: rctrl
384.5088 	EXP 	Sound  started
384.7706 	DATA 	Keypress: rctrl
385.2588 	EXP 	Sound  started
385.4905 	DATA 	Keypress: lctrl
386.0088 	EXP 	Sound  started
386.2906 	DATA 	Keypress: lctrl
386.7589 	EXP 	Sound  started
386.8986 	DATA 	Keypress: lctrl
387.5089 	EXP 	Sound  started
387.6826 	DATA 	Keypress: lctrl
388.2589 	EXP 	Sound  started
388.4826 	DATA 	Keypress: rctrl
389.0089 	EXP 	Sound  started
389.3146 	DATA 	Keypress: lctrl
389.7589 	EXP 	Sound  started
390.0665 	DATA 	Keypress: lctrl
390.5089 	EXP 	Sound  started
390.8826 	DATA 	Keypress: rctrl
391.2589 	EXP 	Sound  started
391.6986 	DATA 	Keypress: lctrl
392.0089 	EXP 	Sound  started
392.4505 	DATA 	Keypress: lctrl
392.7590 	EXP 	Sound  started
393.1705 	DATA 	Keypress: lctrl
393.5090 	EXP 	Sound  started
394.0186 	DATA 	Keypress: lctrl
394.2590 	EXP 	Sound  started
394.7066 	DATA 	Keypress: lctrl
395.0090 	EXP 	Sound  started
395.3625 	DATA 	Keypress: lctrl
395.7590 	EXP 	Sound  started
396.0186 	DATA 	Keypress: rctrl
396.5090 	EXP 	Sound  started
396.8026 	DATA 	Keypress: rctrl
397.2590 	EXP 	Sound  started
397.4906 	DATA 	Keypress: lctrl
398.0091 	EXP 	Sound  started
398.3706 	DATA 	Keypress: rctrl
398.7591 	EXP 	Sound  started
399.0586 	DATA 	Keypress: lctrl
399.5091 	EXP 	Sound  started
399.8106 	DATA 	Keypress: rctrl
400.2591 	EXP 	Sound  started
400.5625 	DATA 	Keypress: rctrl
401.0091 	EXP 	Sound  started
401.3145 	DATA 	Keypress: lctrl
401.7591 	EXP 	Sound  started
402.0026 	DATA 	Keypress: rctrl
402.5091 	EXP 	Sound  started
402.8506 	DATA 	Keypress: lctrl
403.2592 	EXP 	Sound  started
403.6027 	DATA 	Keypress: rctrl
404.0092 	EXP 	Sound  started
404.5306 	DATA 	Keypress: lctrl
404.7592 	EXP 	Sound  started
405.3306 	DATA 	Keypress: rctrl
405.5092 	EXP 	Sound  started
406.0826 	DATA 	Keypress: lctrl
406.2592 	EXP 	Sound  started
406.8025 	DATA 	Keypress: rctrl
407.0092 	EXP 	Sound  started
407.5546 	DATA 	Keypress: lctrl
407.7592 	EXP 	Sound  started
408.3066 	DATA 	Keypress: lctrl
408.5093 	EXP 	Sound  started
409.0266 	DATA 	Keypress: rctrl
409.2593 	EXP 	Sound  started
409.7305 	DATA 	Keypress: lctrl
410.0093 	EXP 	Sound  started
410.3706 	DATA 	Keypress: rctrl
410.7593 	EXP 	Sound  started
411.0586 	DATA 	Keypress: rctrl
411.5093 	EXP 	Sound  started
411.8745 	DATA 	Keypress: lctrl
412.2593 	EXP 	Sound  started
412.5945 	DATA 	Keypress: rctrl
413.0093 	EXP 	Sound  started
413.3786 	DATA 	Keypress: lctrl
413.7594 	EXP 	Sound  started
414.0985 	DATA 	Keypress: rctrl
414.5094 	EXP 	Sound  started
414.8826 	DATA 	Keypress: lctrl
415.2594 	EXP 	Sound  started
415.6187 	DATA 	Keypress: lctrl
416.0094 	EXP 	Sound  started
416.3866 	DATA 	Keypress: lctrl
416.7594 	EXP 	Sound  started
417.1065 	DATA 	Keypress: lctrl
417.5095 	EXP 	Sound  started
417.8105 	DATA 	Keypress: rctrl
418.2595 	EXP 	Sound  started
418.7066 	DATA 	Keypress: lctrl
419.0095 	EXP 	Sound  started
419.3945 	DATA 	Keypress: rctrl
419.7595 	EXP 	Sound  started
420.1305 	DATA 	Keypress: lctrl
423.1907 	DATA 	Keypress: 1
423.2072 	EXP 	unnamed ShapeStim: vertices = <class 'numpy.ndarray'>
426.5974 	DATA 	Keypress: 3
426.6267 	EXP 	unnamed ShapeStim: vertices = <class 'numpy.ndarray'>
430.7803 	DATA 	Keypress: 1
430.7968 	EXP 	unnamed ShapeStim: vertices = <class 'numpy.ndarray'>
433.0809 	EXP 	Sound  started
433.7626 	DATA 	Keypress: lctrl
433.8309 	EXP 	Sound  started
434.4666 	DATA 	Keypress: rctrl
434.5809 	EXP 	Sound  started
435.1865 	DATA 	Keypress: lctrl
435.3309 	EXP 	Sound  started
435.8585 	DATA 	Keypress: lctrl
436.0809 	EXP 	Sound  started
436.8309 	EXP 	Sound  started
436.8505 	DATA 	Keypress: lctrl
437.5065 	DATA 	Keypress: lctrl
437.5809 	EXP 	Sound  started
438.1786 	DATA 	Keypress: rctrl
438.3309 	EXP 	Sound  started
438.9465 	DATA 	Keypress: lctrl
439.0809 	EXP 	Sound  started
439.6506 	DATA 	Keypress: lctrl
439.8310 	EXP 	Sound  started
440.2905 	DATA 	Keypress: rctrl
440.5810 	EXP 	Sound  started
441.0425 	DATA 	Keypress: rctrl
441.3310 	EXP 	Sound  started
441.6825 	DATA 	Keypress: rctrl
442.0810 	EXP 	Sound  started
442.3706 	DATA 	Keypress: rctrl
442.8310 	EXP 	Sound  started
443.1866 	DATA 	Keypress: rctrl
443.5810 	EXP 	Sound  started
444.3310 	EXP 	Sound  started
444.6105 	DATA 	Keypress: lctrl
445.0810 	EXP 	Sound  started
445.4905 	DATA 	Keypress: rctrl
445.8311 	EXP 	Sound  started
446.1465 	DATA 	Keypress: rctrl
446.5811 	EXP 	Sound  started
446.8506 	DATA 	Keypress: rctrl
447.3311 	EXP 	Sound  started
447.8106 	DATA 	Keypress: lctrl
448.0811 	EXP 	Sound  started
448.5785 	DATA 	Keypress: rctrl
448.8311 	EXP 	Sound  started
449.5811 	EXP 	Sound  started
449.6985 	DATA 	Keypress: rctrl
450.2425 	DATA 	Keypress: rctrl
450.3312 	EXP 	Sound  started
450.8025 	DATA 	Keypress: rctrl
451.0812 	EXP 	Sound  started
451.4746 	DATA 	Keypress: lctrl
451.8312 	EXP 	Sound  started
452.1945 	DATA 	Keypress: rctrl
452.5812 	EXP 	Sound  started
452.9466 	DATA 	Keypress: rctrl
453.3312 	EXP 	Sound  started
453.6827 	DATA 	Keypress: rctrl
454.0812 	EXP 	Sound  started
454.4186 	DATA 	Keypress: lctrl
454.8312 	EXP 	Sound  started
455.1547 	DATA 	Keypress: lctrl
455.5812 	EXP 	Sound  started
455.8745 	DATA 	Keypress: rctrl
456.3313 	EXP 	Sound  started
456.6265 	DATA 	Keypress: rctrl
457.0813 	EXP 	Sound  started
457.3946 	DATA 	Keypress: rctrl
457.8313 	EXP 	Sound  started
458.2266 	DATA 	Keypress: lctrl
458.5813 	EXP 	Sound  started
458.9786 	DATA 	Keypress: rctrl
459.3313 	EXP 	Sound  started
459.6826 	DATA 	Keypress: lctrl
460.0813 	EXP 	Sound  started
460.4666 	DATA 	Keypress: lctrl
460.8313 	EXP 	Sound  started
461.3466 	DATA 	Keypress: rctrl
461.5814 	EXP 	Sound  started
461.9225 	DATA 	Keypress: lctrl
462.3314 	EXP 	Sound  started
462.7225 	DATA 	Keypress: rctrl
463.0814 	EXP 	Sound  started
463.5866 	DATA 	Keypress: lctrl
463.8314 	EXP 	Sound  started
464.5814 	EXP 	Sound  started
465.0746 	DATA 	Keypress: rctrl
465.3315 	EXP 	Sound  started
465.7465 	DATA 	Keypress: rctrl
466.0815 	EXP 	Sound  started
466.5145 	DATA 	Keypress: lctrl
466.8315 	EXP 	Sound  started
467.3785 	DATA 	Keypress: rctrl
467.5815 	EXP 	Sound  started
468.2426 	DATA 	Keypress: rctrl
468.3315 	EXP 	Sound  started
468.9945 	DATA 	Keypress: lctrl
469.0815 	EXP 	Sound  started
469.7626 	DATA 	Keypress: rctrl
469.8315 	EXP 	Sound  started
470.5146 	DATA 	Keypress: lctrl
470.5816 	EXP 	Sound  started
471.3145 	DATA 	Keypress: lctrl
471.3316 	EXP 	Sound  started
471.9866 	DATA 	Keypress: rctrl
472.0816 	EXP 	Sound  started
472.7546 	DATA 	Keypress: rctrl
472.8316 	EXP 	Sound  started
473.4586 	DATA 	Keypress: rctrl
473.5816 	EXP 	Sound  started
474.1945 	DATA 	Keypress: lctrl
474.3316 	EXP 	Sound  started
475.0816 	EXP 	Sound  started
475.0905 	DATA 	Keypress: rctrl
475.7305 	DATA 	Keypress: lctrl
475.8317 	EXP 	Sound  started
476.4666 	DATA 	Keypress: rctrl
476.5817 	EXP 	Sound  started
477.2986 	DATA 	Keypress: lctrl
477.3317 	EXP 	Sound  started
478.0026 	DATA 	Keypress: rctrl
478.0817 	EXP 	Sound  started
478.7065 	DATA 	Keypress: rctrl
478.8317 	EXP 	Sound  started
479.4265 	DATA 	Keypress: lctrl
479.5817 	EXP 	Sound  started
480.1466 	DATA 	Keypress: rctrl
480.3318 	EXP 	Sound  started
480.8506 	DATA 	Keypress: rctrl
481.0817 	EXP 	Sound  started
481.5547 	DATA 	Keypress: rctrl
481.8318 	EXP 	Sound  started
482.4665 	DATA 	Keypress: lctrl
482.5818 	EXP 	Sound  started
483.1546 	DATA 	Keypress: rctrl
483.3318 	EXP 	Sound  started
484.0818 	EXP 	Sound  started
484.1786 	DATA 	Keypress: lctrl
484.7226 	DATA 	Keypress: lctrl
484.8318 	EXP 	Sound  started
485.4586 	DATA 	Keypress: lctrl
485.5818 	EXP 	Sound  started
486.1945 	DATA 	Keypress: rctrl
486.3319 	EXP 	Sound  started
486.9466 	DATA 	Keypress: lctrl
487.0819 	EXP 	Sound  started
487.6665 	DATA 	Keypress: rctrl
487.8319 	EXP 	Sound  started
488.3706 	DATA 	Keypress: rctrl
488.5819 	EXP 	Sound  started
489.1866 	DATA 	Keypress: lctrl
489.3319 	EXP 	Sound  started
490.0186 	DATA 	Keypress: lctrl
490.0819 	EXP 	Sound  started
490.6746 	DATA 	Keypress: rctrl
490.8320 	EXP 	Sound  started
491.4265 	DATA 	Keypress: lctrl
491.5820 	EXP 	Sound  started
492.2425 	DATA 	Keypress: lctrl
492.3320 	EXP 	Sound  started
492.9786 	DATA 	Keypress: lctrl
493.0820 	EXP 	Sound  started
493.8320 	EXP 	Sound  started
494.4987 	DATA 	Keypress: lctrl
494.5820 	EXP 	Sound  started
495.2825 	DATA 	Keypress: rctrl
495.3320 	EXP 	Sound  started
495.9705 	DATA 	Keypress: lctrl
496.0820 	EXP 	Sound  started
496.8025 	DATA 	Keypress: rctrl
496.8321 	EXP 	Sound  started
497.4745 	DATA 	Keypress: lctrl
497.5821 	EXP 	Sound  started
498.1466 	DATA 	Keypress: lctrl
501.0751 	DATA 	Keypress: 3
501.1045 	EXP 	unnamed ShapeStim: vertices = <class 'numpy.ndarray'>
505.3081 	DATA 	Keypress: 2
505.3246 	EXP 	unnamed ShapeStim: vertices = <class 'numpy.ndarray'>
517.7683 	DATA 	Keypress: 1
517.7848 	EXP 	unnamed ShapeStim: vertices = <class 'numpy.ndarray'>
520.0696 	EXP 	Sound  started
520.8196 	EXP 	Sound  started
521.5546 	DATA 	Keypress: lctrl
521.5696 	EXP 	Sound  started
522.2906 	DATA 	Keypress: lctrl
522.3196 	EXP 	Sound  started
522.9626 	DATA 	Keypress: rctrl
523.0696 	EXP 	Sound  started
523.6987 	DATA 	Keypress: lctrl
523.8196 	EXP 	Sound  started
524.4347 	DATA 	Keypress: rctrl
524.5697 	EXP 	Sound  started
525.1705 	DATA 	Keypress: lctrl
525.3197 	EXP 	Sound  started
526.0026 	DATA 	Keypress: rctrl
526.0697 	EXP 	Sound  started
526.7065 	DATA 	Keypress: lctrl
526.8197 	EXP 	Sound  started
527.4586 	DATA 	Keypress: lctrl
527.5697 	EXP 	Sound  started
528.1306 	DATA 	Keypress: rctrl
528.3197 	EXP 	Sound  started
528.9146 	DATA 	Keypress: rctrl
529.0697 	EXP 	Sound  started
529.6346 	DATA 	Keypress: lctrl
529.8197 	EXP 	Sound  started
530.3866 	DATA 	Keypress: rctrl
530.5698 	EXP 	Sound  started
531.0746 	DATA 	Keypress: rctrl
531.3198 	EXP 	Sound  started
531.9385 	DATA 	Keypress: lctrl
532.0698 	EXP 	Sound  started
532.6586 	DATA 	Keypress: rctrl
532.8198 	EXP 	Sound  started
533.3786 	DATA 	Keypress: rctrl
533.5698 	EXP 	Sound  started
534.0986 	DATA 	Keypress: rctrl
534.3198 	EXP 	Sound  started
534.8186 	DATA 	Keypress: rctrl
535.0698 	EXP 	Sound  started
535.5706 	DATA 	Keypress: lctrl
535.8199 	EXP 	Sound  started
536.4506 	DATA 	Keypress: rctrl
536.5699 	EXP 	Sound  started
537.0426 	DATA 	Keypress: rctrl
537.3199 	EXP 	Sound  started
537.7785 	DATA 	Keypress: lctrl
538.0699 	EXP 	Sound  started
538.6748 	DATA 	Keypress: lctrl
538.7545 	DATA 	Keypress: rctrl
538.8199 	EXP 	Sound  started
539.3786 	DATA 	Keypress: rctrl
539.5699 	EXP 	Sound  started
540.0986 	DATA 	Keypress: lctrl
540.3200 	EXP 	Sound  started
540.8665 	DATA 	Keypress: rctrl
541.0700 	EXP 	Sound  started
541.5706 	DATA 	Keypress: lctrl
541.8200 	EXP 	Sound  started
542.2585 	DATA 	Keypress: lctrl
542.5700 	EXP 	Sound  started
542.9626 	DATA 	Keypress: rctrl
543.3200 	EXP 	Sound  started
543.6026 	DATA 	Keypress: rctrl
544.0700 	EXP 	Sound  started
544.4346 	DATA 	Keypress: rctrl
544.8200 	EXP 	Sound  started
545.1867 	DATA 	Keypress: lctrl
545.5700 	EXP 	Sound  started
545.9385 	DATA 	Keypress: lctrl
546.3200 	EXP 	Sound  started
546.6586 	DATA 	Keypress: rctrl
547.0701 	EXP 	Sound  started
547.4106 	DATA 	Keypress: lctrl
547.8201 	EXP 	Sound  started
548.1306 	DATA 	Keypress: rctrl
548.5701 	EXP 	Sound  started
548.9785 	DATA 	Keypress: lctrl
549.3201 	EXP 	Sound  started
549.6666 	DATA 	Keypress: rctrl
550.0701 	EXP 	Sound  started
550.2586 	DATA 	Keypress: rctrl
550.8201 	EXP 	Sound  started
551.1066 	DATA 	Keypress: lctrl
551.5702 	EXP 	Sound  started
551.9385 	DATA 	Keypress: lctrl
552.3202 	EXP 	Sound  started
552.8986 	DATA 	Keypress: rctrl
553.0702 	EXP 	Sound  started
553.5546 	DATA 	Keypress: lctrl
553.8202 	EXP 	Sound  started
554.3226 	DATA 	Keypress: rctrl
554.5702 	EXP 	Sound  started
555.1226 	DATA 	Keypress: lctrl
555.3202 	EXP 	Sound  started
555.8585 	DATA 	Keypress: rctrl
556.0702 	EXP 	Sound  started
556.6106 	DATA 	Keypress: lctrl
556.8202 	EXP 	Sound  started
557.3946 	DATA 	Keypress: lctrl
557.5703 	EXP 	Sound  started
558.1305 	DATA 	Keypress: rctrl
558.3203 	EXP 	Sound  started
558.8985 	DATA 	Keypress: lctrl
559.0703 	EXP 	Sound  started
559.6346 	DATA 	Keypress: rctrl
559.8203 	EXP 	Sound  started
560.3226 	DATA 	Keypress: rctrl
560.5703 	EXP 	Sound  started
561.1386 	DATA 	Keypress: lctrl
561.3203 	EXP 	Sound  started
561.9386 	DATA 	Keypress: lctrl
562.0703 	EXP 	Sound  started
562.6906 	DATA 	Keypress: lctrl
562.8204 	EXP 	Sound  started
563.4266 	DATA 	Keypress: rctrl
563.5704 	EXP 	Sound  started
564.1306 	DATA 	Keypress: lctrl
564.3204 	EXP 	Sound  started
564.8506 	DATA 	Keypress: rctrl
565.0704 	EXP 	Sound  started
565.5706 	DATA 	Keypress: rctrl
565.8204 	EXP 	Sound  started
566.3867 	DATA 	Keypress: rctrl
566.5704 	EXP 	Sound  started
567.0905 	DATA 	Keypress: lctrl
567.3204 	EXP 	Sound  started
568.0704 	EXP 	Sound  started
568.0826 	DATA 	Keypress: rctrl
568.6905 	DATA 	Keypress: lctrl
568.8205 	EXP 	Sound  started
569.4266 	DATA 	Keypress: rctrl
569.5706 	EXP 	Sound  started
570.2426 	DATA 	Keypress: lctrl
570.3206 	EXP 	Sound  started
570.8986 	DATA 	Keypress: lctrl
571.0706 	EXP 	Sound  started
571.5865 	DATA 	Keypress: rctrl
571.8207 	EXP 	Sound  started
572.4505 	DATA 	Keypress: lctrl
572.5707 	EXP 	Sound  started
573.1707 	DATA 	Keypress: lctrl
573.3207 	EXP 	Sound  started
573.8746 	DATA 	Keypress: rctrl
574.0707 	EXP 	Sound  started
574.7386 	DATA 	Keypress: rctrl
574.8207 	EXP 	Sound  started
575.4106 	DATA 	Keypress: lctrl
575.5707 	EXP 	Sound  started
576.1146 	DATA 	Keypress: lctrl
579.7691 	DATA 	Keypress: 1
579.7856 	EXP 	unnamed ShapeStim: vertices = <class 'numpy.ndarray'>
585.0940 	DATA 	Keypress: 4
585.1234 	EXP 	unnamed ShapeStim: vertices = <class 'numpy.ndarray'>
588.2428 	DATA 	Keypress: 1
588.2593 	EXP 	unnamed ShapeStim: vertices = <class 'numpy.ndarray'>
590.5443 	EXP 	Sound  started
591.2027 	DATA 	Keypress: lctrl
591.2943 	EXP 	Sound  started
592.0443 	EXP 	Sound  started
592.2906 	DATA 	Keypress: lctrl
592.7943 	EXP 	Sound  started
592.8186 	DATA 	Keypress: lctrl
593.4265 	DATA 	Keypress: rctrl
593.5443 	EXP 	Sound  started
594.1306 	DATA 	Keypress: lctrl
594.2943 	EXP 	Sound  started
594.8506 	DATA 	Keypress: rctrl
595.0444 	EXP 	Sound  started
595.6026 	DATA 	Keypress: lctrl
595.7944 	EXP 	Sound  started
596.3066 	DATA 	Keypress: lctrl
596.5444 	EXP 	Sound  started
597.0265 	DATA 	Keypress: rctrl
597.2944 	EXP 	Sound  started
597.8266 	DATA 	Keypress: lctrl
598.0444 	EXP 	Sound  started
598.6586 	DATA 	Keypress: rctrl
598.7945 	EXP 	Sound  started
599.3785 	DATA 	Keypress: rctrl
599.5445 	EXP 	Sound  started
600.0346 	DATA 	Keypress: rctrl
600.2945 	EXP 	Sound  started
600.5946 	DATA 	Keypress: rctrl
601.0445 	EXP 	Sound  started
601.4266 	DATA 	Keypress: lctrl
601.7945 	EXP 	Sound  started
602.1627 	DATA 	Keypress: rctrl
602.5445 	EXP 	Sound  started
602.8666 	DATA 	Keypress: rctrl
603.2945 	EXP 	Sound  started
603.6187 	DATA 	Keypress: rctrl
604.0445 	EXP 	Sound  started
604.3546 	DATA 	Keypress: lctrl
604.7946 	EXP 	Sound  started
605.1226 	DATA 	Keypress: lctrl
605.5446 	EXP 	Sound  started
605.9066 	DATA 	Keypress: rctrl
606.2946 	EXP 	Sound  started
606.6746 	DATA 	Keypress: rctrl
607.0446 	EXP 	Sound  started
607.4907 	DATA 	Keypress: lctrl
607.7946 	EXP 	Sound  started
608.1466 	DATA 	Keypress: rctrl
608.5446 	EXP 	Sound  started
608.8505 	DATA 	Keypress: lctrl
609.2947 	EXP 	Sound  started
609.6986 	DATA 	Keypress: rctrl
610.0447 	EXP 	Sound  started
610.3867 	DATA 	Keypress: lctrl
610.7947 	EXP 	Sound  started
611.1225 	DATA 	Keypress: rctrl
611.5447 	EXP 	Sound  started
611.8746 	DATA 	Keypress: rctrl
612.2947 	EXP 	Sound  started
612.5626 	DATA 	Keypress: rctrl
613.0447 	EXP 	Sound  started
613.2986 	DATA 	Keypress: lctrl
613.7947 	EXP 	Sound  started
614.2266 	DATA 	Keypress: lctrl
614.5447 	EXP 	Sound  started
614.9146 	DATA 	Keypress: rctrl
615.2948 	EXP 	Sound  started
615.6027 	DATA 	Keypress: lctrl
616.0448 	EXP 	Sound  started
616.2906 	DATA 	Keypress: lctrl
616.7948 	EXP 	Sound  started
617.1067 	DATA 	Keypress: lctrl
617.5448 	EXP 	Sound  started
617.8746 	DATA 	Keypress: lctrl
618.2948 	EXP 	Sound  started
618.5785 	DATA 	Keypress: rctrl
619.0448 	EXP 	Sound  started
619.5226 	DATA 	Keypress: lctrl
619.7948 	EXP 	Sound  started
620.2266 	DATA 	Keypress: rctrl
620.5449 	EXP 	Sound  started
620.9785 	DATA 	Keypress: rctrl
621.2949 	EXP 	Sound  started
621.6666 	DATA 	Keypress: lctrl
622.0449 	EXP 	Sound  started
622.4025 	DATA 	Keypress: lctrl
622.7949 	EXP 	Sound  started
623.1065 	DATA 	Keypress: rctrl
623.5449 	EXP 	Sound  started
623.9067 	DATA 	Keypress: lctrl
624.2949 	EXP 	Sound  started
624.6746 	DATA 	Keypress: lctrl
625.0449 	EXP 	Sound  started
625.4266 	DATA 	Keypress: lctrl
625.7950 	EXP 	Sound  started
626.0186 	DATA 	Keypress: rctrl
626.5450 	EXP 	Sound  started
626.8346 	DATA 	Keypress: rctrl
627.2950 	EXP 	Sound  started
627.6186 	DATA 	Keypress: rctrl
628.0450 	EXP 	Sound  started
628.4666 	DATA 	Keypress: lctrl
628.7950 	EXP 	Sound  started
629.2985 	DATA 	Keypress: rctrl
629.5450 	EXP 	Sound  started
630.0186 	DATA 	Keypress: rctrl
630.2951 	EXP 	Sound  started
630.7546 	DATA 	Keypress: lctrl
631.0451 	EXP 	Sound  started
631.5706 	DATA 	Keypress: rctrl
631.7951 	EXP 	Sound  started
632.2905 	DATA 	Keypress: lctrl
632.5451 	EXP 	Sound  started
632.9785 	DATA 	Keypress: rctrl
633.2951 	EXP 	Sound  started
633.6985 	DATA 	Keypress: rctrl
634.0451 	EXP 	Sound  started
634.4346 	DATA 	Keypress: rctrl
634.7952 	EXP 	Sound  started
635.1386 	DATA 	Keypress: lctrl
635.5452 	EXP 	Sound  started
636.2266 	DATA 	Keypress: rctrl
636.2952 	EXP 	Sound  started
636.9306 	DATA 	Keypress: lctrl
637.0452 	EXP 	Sound  started
637.7466 	DATA 	Keypress: lctrl
637.7952 	EXP 	Sound  started
638.4186 	DATA 	Keypress: rctrl
638.5453 	EXP 	Sound  started
639.2186 	DATA 	Keypress: lctrl
639.2953 	EXP 	Sound  started
639.9706 	DATA 	Keypress: rctrl
640.0453 	EXP 	Sound  started
640.6905 	DATA 	Keypress: lctrl
640.7953 	EXP 	Sound  started
641.4266 	DATA 	Keypress: lctrl
641.5453 	EXP 	Sound  started
642.1626 	DATA 	Keypress: lctrl
642.2953 	EXP 	Sound  started
642.8825 	DATA 	Keypress: lctrl
643.0453 	EXP 	Sound  started
643.7954 	EXP 	Sound  started
643.8107 	DATA 	Keypress: rctrl
644.4827 	DATA 	Keypress: lctrl
644.5454 	EXP 	Sound  started
645.2026 	DATA 	Keypress: rctrl
645.2954 	EXP 	Sound  started
645.9066 	DATA 	Keypress: lctrl
646.0454 	EXP 	Sound  started
646.6426 	DATA 	Keypress: rctrl
646.7954 	EXP 	Sound  started
647.4586 	DATA 	Keypress: rctrl
647.5454 	EXP 	Sound  started
648.2108 	DATA 	Keypress: rctrl
648.2954 	EXP 	Sound  started
648.9626 	DATA 	Keypress: rctrl
649.0455 	EXP 	Sound  started
649.7626 	DATA 	Keypress: rctrl
649.7955 	EXP 	Sound  started
650.4665 	DATA 	Keypress: rctrl
650.5455 	EXP 	Sound  started
651.2955 	EXP 	Sound  started
651.3787 	DATA 	Keypress: rctrl
651.9226 	DATA 	Keypress: rctrl
652.0455 	EXP 	Sound  started
652.6746 	DATA 	Keypress: rctrl
652.7956 	EXP 	Sound  started
653.4906 	DATA 	Keypress: rctrl
656.3319 	DATA 	Keypress: 3
656.3484 	EXP 	unnamed ShapeStim: vertices = <class 'numpy.ndarray'>
659.5011 	DATA 	Keypress: 1
659.5177 	EXP 	unnamed ShapeStim: vertices = <class 'numpy.ndarray'>
663.4750 	DATA 	Keypress: 4
663.5043 	EXP 	unnamed ShapeStim: vertices = <class 'numpy.ndarray'>
665.7881 	EXP 	Sound  started
666.5381 	EXP 	Sound  started
667.2881 	EXP 	Sound  started
668.0027 	DATA 	Keypress: lctrl
668.0381 	EXP 	Sound  started
668.7546 	DATA 	Keypress: lctrl
668.7881 	EXP 	Sound  started
669.4585 	DATA 	Keypress: lctrl
669.5381 	EXP 	Sound  started
670.1466 	DATA 	Keypress: rctrl
670.2881 	EXP 	Sound  started
670.8985 	DATA 	Keypress: rctrl
671.0381 	EXP 	Sound  started
671.6987 	DATA 	Keypress: lctrl
671.7882 	EXP 	Sound  started
672.4505 	DATA 	Keypress: rctrl
672.5382 	EXP 	Sound  started
673.2026 	DATA 	Keypress: rctrl
673.2882 	EXP 	Sound  started
673.9226 	DATA 	Keypress: rctrl
674.0382 	EXP 	Sound  started
674.6905 	DATA 	Keypress: rctrl
674.7882 	EXP 	Sound  started
675.3625 	DATA 	Keypress: rctrl
675.5382 	EXP 	Sound  started
676.0345 	DATA 	Keypress: rctrl
676.2882 	EXP 	Sound  started
676.8666 	DATA 	Keypress: rctrl
677.0383 	EXP 	Sound  started
677.6026 	DATA 	Keypress: lctrl
677.7883 	EXP 	Sound  started
678.4025 	DATA 	Keypress: rctrl
678.5383 	EXP 	Sound  started
679.1386 	DATA 	Keypress: rctrl
679.2883 	EXP 	Sound  started
679.9066 	DATA 	Keypress: lctrl
680.0383 	EXP 	Sound  started
680.6906 	DATA 	Keypress: rctrl
680.7883 	EXP 	Sound  started
681.4266 	DATA 	Keypress: lctrl
681.5384 	EXP 	Sound  started
682.1306 	DATA 	Keypress: lctrl
682.2884 	EXP 	Sound  started
682.8666 	DATA 	Keypress: lctrl
683.0384 	EXP 	Sound  started
683.6666 	DATA 	Keypress: lctrl
683.7884 	EXP 	Sound  started
684.4666 	DATA 	Keypress: rctrl
684.5384 	EXP 	Sound  started
685.2346 	DATA 	Keypress: lctrl
685.2884 	EXP 	Sound  started
685.9066 	DATA 	Keypress: rctrl
686.0384 	EXP 	Sound  started
686.7884 	EXP 	Sound  started
687.3468 	DATA 	Keypress: lctrl
687.5385 	EXP 	Sound  started
688.0665 	DATA 	Keypress: rctrl
688.2885 	EXP 	Sound  started
688.8666 	DATA 	Keypress: rctrl
689.0385 	EXP 	Sound  started
689.5866 	DATA 	Keypress: lctrl
689.7885 	EXP 	Sound  started
690.4346 	DATA 	Keypress: rctrl
690.5385 	EXP 	Sound  started
691.0906 	DATA 	Keypress: rctrl
691.2885 	EXP 	Sound  started
691.7786 	DATA 	Keypress: lctrl
692.0386 	EXP 	Sound  started
692.5306 	DATA 	Keypress: lctrl
692.7886 	EXP 	Sound  started
693.3146 	DATA 	Keypress: lctrl
693.5386 	EXP 	Sound  started
694.0666 	DATA 	Keypress: rctrl
694.2886 	EXP 	Sound  started
694.8185 	DATA 	Keypress: lctrl
695.0386 	EXP 	Sound  started
695.5386 	DATA 	Keypress: lctrl
695.7886 	EXP 	Sound  started
696.2265 	DATA 	Keypress: rctrl
696.5386 	EXP 	Sound  started
697.1066 	DATA 	Keypress: lctrl
697.2887 	EXP 	Sound  started
697.8426 	DATA 	Keypress: lctrl
698.0387 	EXP 	Sound  started
698.6106 	DATA 	Keypress: lctrl
698.7887 	EXP 	Sound  started
699.3465 	DATA 	Keypress: lctrl
699.5387 	EXP 	Sound  started
700.2887 	EXP 	Sound  started
700.8186 	DATA 	Keypress: lctrl
701.0387 	EXP 	Sound  started
701.5866 	DATA 	Keypress: lctrl
701.7887 	EXP 	Sound  started
702.3066 	DATA 	Keypress: rctrl
702.5388 	EXP 	Sound  started
702.9785 	DATA 	Keypress: lctrl
703.2888 	EXP 	Sound  started
704.0388 	EXP 	Sound  started
704.5466 	DATA 	Keypress: rctrl
704.7888 	EXP 	Sound  started
705.1866 	DATA 	Keypress: rctrl
705.5388 	EXP 	Sound  started
706.0026 	DATA 	Keypress: rctrl
706.2888 	EXP 	Sound  started
706.7066 	DATA 	Keypress: rctrl
707.0388 	EXP 	Sound  started
707.4906 	DATA 	Keypress: rctrl
707.7889 	EXP 	Sound  started
708.2425 	DATA 	Keypress: rctrl
708.5389 	EXP 	Sound  started
709.0106 	DATA 	Keypress: rctrl
709.2889 	EXP 	Sound  started
709.9066 	DATA 	Keypress: rctrl
714.1793 	DATA 	Keypress: 3
714.1959 	EXP 	unnamed ShapeStim: vertices = <class 'numpy.ndarray'>
717.7489 	DATA 	Keypress: 1
717.7655 	EXP 	unnamed ShapeStim: vertices = <class 'numpy.ndarray'>
721.0850 	DATA 	Keypress: 1
721.1015 	EXP 	unnamed ShapeStim: vertices = <class 'numpy.ndarray'>
723.3861 	EXP 	Sound  started
724.1361 	EXP 	Sound  started
724.8861 	EXP 	Sound  started
724.9467 	DATA 	Keypress: lctrl
725.4905 	DATA 	Keypress: lctrl
725.6362 	EXP 	Sound  started
726.2106 	DATA 	Keypress: lctrl
726.3862 	EXP 	Sound  started
726.9306 	DATA 	Keypress: lctrl
727.1362 	EXP 	Sound  started
727.6825 	DATA 	Keypress: lctrl
727.8862 	EXP 	Sound  started
728.2746 	DATA 	Keypress: lctrl
728.6362 	EXP 	Sound  started
729.1707 	DATA 	Keypress: lctrl
729.3862 	EXP 	Sound  started
729.9226 	DATA 	Keypress: rctrl
730.1362 	EXP 	Sound  started
730.7226 	DATA 	Keypress: lctrl
730.8862 	EXP 	Sound  started
731.5546 	DATA 	Keypress: rctrl
731.6363 	EXP 	Sound  started
732.3863 	EXP 	Sound  started
732.4826 	DATA 	Keypress: rctrl
733.1066 	DATA 	Keypress: rctrl
733.1363 	EXP 	Sound  started
733.7786 	DATA 	Keypress: rctrl
733.8863 	EXP 	Sound  started
734.4666 	DATA 	Keypress: rctrl
734.6363 	EXP 	Sound  started
735.2186 	DATA 	Keypress: rctrl
735.3863 	EXP 	Sound  started
735.9546 	DATA 	Keypress: lctrl
736.1363 	EXP 	Sound  started
736.7066 	DATA 	Keypress: rctrl
736.8864 	EXP 	Sound  started
737.4746 	DATA 	Keypress: lctrl
737.6364 	EXP 	Sound  started
738.3066 	DATA 	Keypress: rctrl
738.3864 	EXP 	Sound  started
739.0265 	DATA 	Keypress: lctrl
739.1364 	EXP 	Sound  started
739.7626 	DATA 	Keypress: rctrl
739.8864 	EXP 	Sound  started
740.4986 	DATA 	Keypress: rctrl
740.6364 	EXP 	Sound  started
741.2186 	DATA 	Keypress: rctrl
741.3865 	EXP 	Sound  started
741.9706 	DATA 	Keypress: lctrl
742.1365 	EXP 	Sound  started
742.7706 	DATA 	Keypress: lctrl
742.8865 	EXP 	Sound  started
743.4746 	DATA 	Keypress: rctrl
743.6365 	EXP 	Sound  started
744.1626 	DATA 	Keypress: lctrl
744.3865 	EXP 	Sound  started
744.9946 	DATA 	Keypress: lctrl
745.1365 	EXP 	Sound  started
745.7786 	DATA 	Keypress: rctrl
745.8865 	EXP 	Sound  started
746.5147 	DATA 	Keypress: rctrl
746.6366 	EXP 	Sound  started
747.2025 	DATA 	Keypress: rctrl
747.3866 	EXP 	Sound  started
747.9867 	DATA 	Keypress: lctrl
748.1366 	EXP 	Sound  started
748.8666 	DATA 	Keypress: rctrl
748.8866 	EXP 	Sound  started
749.5066 	DATA 	Keypress: rctrl
749.6366 	EXP 	Sound  started
750.1466 	DATA 	Keypress: rctrl
750.3866 	EXP 	Sound  started
750.7866 	DATA 	Keypress: rctrl
751.1367 	EXP 	Sound  started
751.5387 	DATA 	Keypress: lctrl
751.8867 	EXP 	Sound  started
752.1946 	DATA 	Keypress: rctrl
752.6367 	EXP 	Sound  started
752.9306 	DATA 	Keypress: lctrl
753.3867 	EXP 	Sound  started
753.6506 	DATA 	Keypress: lctrl
754.1367 	EXP 	Sound  started
754.3067 	DATA 	Keypress: rctrl
754.8867 	EXP 	Sound  started
755.4106 	DATA 	Keypress: lctrl
755.6367 	EXP 	Sound  started
756.2106 	DATA 	Keypress: lctrl
756.3868 	EXP 	Sound  started
756.9946 	DATA 	Keypress: lctrl
757.1367 	EXP 	Sound  started
757.7146 	DATA 	Keypress: rctrl
757.8868 	EXP 	Sound  started
758.4186 	DATA 	Keypress: lctrl
758.6368 	EXP 	Sound  started
759.1707 	DATA 	Keypress: rctrl
759.3868 	EXP 	Sound  started
759.9226 	DATA 	Keypress: lctrl
760.1368 	EXP 	Sound  started
760.5946 	DATA 	Keypress: rctrl
760.8868 	EXP 	Sound  started
761.2506 	DATA 	Keypress: rctrl
761.6368 	EXP 	Sound  started
762.0186 	DATA 	Keypress: lctrl
762.3869 	EXP 	Sound  started
762.9786 	DATA 	Keypress: rctrl
763.1369 	EXP 	Sound  started
763.6987 	DATA 	Keypress: lctrl
763.8869 	EXP 	Sound  started
764.6369 	EXP 	Sound  started
764.6747 	DATA 	Keypress: rctrl
765.3147 	DATA 	Keypress: lctrl
765.3869 	EXP 	Sound  started
766.0187 	DATA 	Keypress: rctrl
766.1369 	EXP 	Sound  started
766.7387 	DATA 	Keypress: lctrl
766.8870 	EXP 	Sound  started
767.4746 	DATA 	Keypress: rctrl
767.6370 	EXP 	Sound  started
768.1626 	DATA 	Keypress: lctrl
768.3870 	EXP 	Sound  started
768.9946 	DATA 	Keypress: rctrl
769.1370 	EXP 	Sound  started
769.6667 	DATA 	Keypress: rctrl
769.8870 	EXP 	Sound  started
770.3546 	DATA 	Keypress: rctrl
770.6370 	EXP 	Sound  started
771.0426 	DATA 	Keypress: rctrl
771.3870 	EXP 	Sound  started
771.8106 	DATA 	Keypress: lctrl
772.1370 	EXP 	Sound  started
772.6106 	DATA 	Keypress: rctrl
772.8871 	EXP 	Sound  started
773.3626 	DATA 	Keypress: lctrl
776.8679 	DATA 	Keypress: 4
776.8973 	EXP 	unnamed ShapeStim: vertices = <class 'numpy.ndarray'>
780.6172 	DATA 	Keypress: 3
780.6337 	EXP 	unnamed ShapeStim: vertices = <class 'numpy.ndarray'>
783.7531 	DATA 	Keypress: 1
783.7696 	EXP 	unnamed ShapeStim: vertices = <class 'numpy.ndarray'>
786.0551 	EXP 	Sound  started
786.8051 	EXP 	Sound  started
787.4907 	DATA 	Keypress: lctrl
787.5551 	EXP 	Sound  started
788.3051 	EXP 	Sound  started
788.4186 	DATA 	Keypress: rctrl
788.9946 	DATA 	Keypress: lctrl
789.0551 	EXP 	Sound  started
789.6186 	DATA 	Keypress: lctrl
789.8051 	EXP 	Sound  started
790.3706 	DATA 	Keypress: rctrl
790.5551 	EXP 	Sound  started
791.1227 	DATA 	Keypress: lctrl
791.3052 	EXP 	Sound  started
791.8746 	DATA 	Keypress: rctrl
792.0552 	EXP 	Sound  started
792.5626 	DATA 	Keypress: rctrl
792.8052 	EXP 	Sound  started
793.2987 	DATA 	Keypress: lctrl
793.5552 	EXP 	Sound  started
794.0826 	DATA 	Keypress: rctrl
794.3052 	EXP 	Sound  started
794.9306 	DATA 	Keypress: lctrl
795.0552 	EXP 	Sound  started
795.6026 	DATA 	Keypress: rctrl
795.8052 	EXP 	Sound  started
796.2906 	DATA 	Keypress: lctrl
796.5553 	EXP 	Sound  started
797.1226 	DATA 	Keypress: lctrl
797.3053 	EXP 	Sound  started
797.8586 	DATA 	Keypress: rctrl
798.0553 	EXP 	Sound  started
798.5946 	DATA 	Keypress: rctrl
798.8053 	EXP 	Sound  started
799.3305 	DATA 	Keypress: lctrl
799.5553 	EXP 	Sound  started
800.0507 	DATA 	Keypress: rctrl
800.3053 	EXP 	Sound  started
801.0553 	EXP 	Sound  started
801.2826 	DATA 	Keypress: lctrl
801.7466 	DATA 	Keypress: lctrl
801.8054 	EXP 	Sound  started
802.4346 	DATA 	Keypress: lctrl
802.5554 	EXP 	Sound  started
803.1226 	DATA 	Keypress: lctrl
803.3054 	EXP 	Sound  started
803.9066 	DATA 	Keypress: lctrl
804.0554 	EXP 	Sound  started
804.5786 	DATA 	Keypress: lctrl
804.8054 	EXP 	Sound  started
805.3786 	DATA 	Keypress: rctrl
805.5555 	EXP 	Sound  started
806.1626 	DATA 	Keypress: lctrl
806.3055 	EXP 	Sound  started
806.8347 	DATA 	Keypress: lctrl
807.0555 	EXP 	Sound  started
807.6186 	DATA 	Keypress: lctrl
807.8055 	EXP 	Sound  started
808.3386 	DATA 	Keypress: rctrl
808.5555 	EXP 	Sound  started
809.0906 	DATA 	Keypress: rctrl
809.3055 	EXP 	Sound  started
809.8266 	DATA 	Keypress: lctrl
810.0556 	EXP 	Sound  started
810.5306 	DATA 	Keypress: rctrl
810.8056 	EXP 	Sound  started
811.2347 	DATA 	Keypress: rctrl
811.5556 	EXP 	Sound  started
811.9226 	DATA 	Keypress: rctrl
812.3056 	EXP 	Sound  started
812.8026 	DATA 	Keypress: rctrl
813.0556 	EXP 	Sound  started
813.6026 	DATA 	Keypress: lctrl
813.8056 	EXP 	Sound  started
814.4026 	DATA 	Keypress: lctrl
814.5557 	EXP 	Sound  started
815.1546 	DATA 	Keypress: lctrl
815.3057 	EXP 	Sound  started
815.9386 	DATA 	Keypress: lctrl
816.0557 	EXP 	Sound  started
816.6906 	DATA 	Keypress: rctrl
816.8057 	EXP 	Sound  started
817.3627 	DATA 	Keypress: rctrl
817.5557 	EXP 	Sound  started
818.0986 	DATA 	Keypress: rctrl
818.3057 	EXP 	Sound  started
818.8986 	DATA 	Keypress: lctrl
819.0557 	EXP 	Sound  started
819.6346 	DATA 	Keypress: lctrl
819.8058 	EXP 	Sound  started
820.4186 	DATA 	Keypress: lctrl
820.5558 	EXP 	Sound  started
821.1546 	DATA 	Keypress: rctrl
821.3058 	EXP 	Sound  started
821.9386 	DATA 	Keypress: lctrl
822.0558 	EXP 	Sound  started
822.6266 	DATA 	Keypress: lctrl
822.8058 	EXP 	Sound  started
823.3786 	DATA 	Keypress: rctrl
823.5559 	EXP 	Sound  started
824.2266 	DATA 	Keypress: lctrl
824.3059 	EXP 	Sound  started
824.9466 	DATA 	Keypress: rctrl
825.0559 	EXP 	Sound  started
825.6186 	DATA 	Keypress: lctrl
825.8059 	EXP 	Sound  started
826.4346 	DATA 	Keypress: rctrl
826.5559 	EXP 	Sound  started
827.2186 	DATA 	Keypress: rctrl
830.6748 	DATA 	Keypress: 3
830.6914 	EXP 	unnamed ShapeStim: vertices = <class 'numpy.ndarray'>
835.6289 	DATA 	Keypress: 4
835.6454 	EXP 	unnamed ShapeStim: vertices = <class 'numpy.ndarray'>
838.7315 	DATA 	Keypress: 1
838.7479 	EXP 	unnamed ShapeStim: vertices = <class 'numpy.ndarray'>
841.0324 	EXP 	Sound  started
841.7824 	EXP 	Sound  started
842.5324 	EXP 	Sound  started
843.2507 	DATA 	Keypress: rctrl
843.2825 	EXP 	Sound  started
843.9385 	DATA 	Keypress: rctrl
844.0325 	EXP 	Sound  started
844.7066 	DATA 	Keypress: rctrl
844.7825 	EXP 	Sound  started
845.4746 	DATA 	Keypress: rctrl
845.5325 	EXP 	Sound  started
846.1785 	DATA 	Keypress: lctrl
846.2825 	EXP 	Sound  started
846.8506 	DATA 	Keypress: lctrl
847.0325 	EXP 	Sound  started
847.6346 	DATA 	Keypress: rctrl
847.7826 	EXP 	Sound  started
848.3865 	DATA 	Keypress: lctrl
848.5326 	EXP 	Sound  started
849.0906 	DATA 	Keypress: lctrl
849.2826 	EXP 	Sound  started
849.7945 	DATA 	Keypress: rctrl
850.0326 	EXP 	Sound  started
850.5305 	DATA 	Keypress: lctrl
850.7826 	EXP 	Sound  started
851.3785 	DATA 	Keypress: rctrl
851.5326 	EXP 	Sound  started
852.0825 	DATA 	Keypress: lctrl
852.2826 	EXP 	Sound  started
852.8345 	DATA 	Keypress: rctrl
853.0327 	EXP 	Sound  started
853.7827 	EXP 	Sound  started
854.4186 	DATA 	Keypress: rctrl
854.5327 	EXP 	Sound  started
855.1385 	DATA 	Keypress: rctrl
855.2827 	EXP 	Sound  started
855.8586 	DATA 	Keypress: rctrl
856.0327 	EXP 	Sound  started
856.7225 	DATA 	Keypress: rctrl
856.7827 	EXP 	Sound  started
857.4107 	DATA 	Keypress: rctrl
857.5327 	EXP 	Sound  started
858.1467 	DATA 	Keypress: lctrl
858.2827 	EXP 	Sound  started
858.8825 	DATA 	Keypress: rctrl
859.0328 	EXP 	Sound  started
859.6666 	DATA 	Keypress: lctrl
859.7828 	EXP 	Sound  started
860.3386 	DATA 	Keypress: lctrl
860.5328 	EXP 	Sound  started
861.1386 	DATA 	Keypress: rctrl
861.2828 	EXP 	Sound  started
861.8106 	DATA 	Keypress: lctrl
862.0328 	EXP 	Sound  started
862.5946 	DATA 	Keypress: lctrl
862.7828 	EXP 	Sound  started
863.5329 	EXP 	Sound  started
864.0667 	DATA 	Keypress: lctrl
864.2829 	EXP 	Sound  started
864.8026 	DATA 	Keypress: rctrl
865.0329 	EXP 	Sound  started
865.6986 	DATA 	Keypress: rctrl
865.7829 	EXP 	Sound  started
866.4186 	DATA 	Keypress: lctrl
866.5329 	EXP 	Sound  started
867.1706 	DATA 	Keypress: rctrl
867.2829 	EXP 	Sound  started
867.8586 	DATA 	Keypress: lctrl
868.0329 	EXP 	Sound  started
868.4986 	DATA 	Keypress: lctrl
868.7830 	EXP 	Sound  started
869.4426 	DATA 	Keypress: lctrl
869.5330 	EXP 	Sound  started
870.1145 	DATA 	Keypress: lctrl
870.2830 	EXP 	Sound  started
870.9787 	DATA 	Keypress: rctrl
871.0330 	EXP 	Sound  started
871.6666 	DATA 	Keypress: lctrl
871.7830 	EXP 	Sound  started
872.5146 	DATA 	Keypress: rctrl
872.5330 	EXP 	Sound  started
873.2025 	DATA 	Keypress: lctrl
873.2830 	EXP 	Sound  started
873.9387 	DATA 	Keypress: lctrl
874.0331 	EXP 	Sound  started
874.6906 	DATA 	Keypress: lctrl
874.7831 	EXP 	Sound  started
875.4586 	DATA 	Keypress: rctrl
875.5331 	EXP 	Sound  started
876.1786 	DATA 	Keypress: lctrl
876.2831 	EXP 	Sound  started
876.9626 	DATA 	Keypress: lctrl
877.0331 	EXP 	Sound  started
877.6346 	DATA 	Keypress: rctrl
877.7831 	EXP 	Sound  started
878.4987 	DATA 	Keypress: lctrl
878.5332 	EXP 	Sound  started
879.2827 	DATA 	Keypress: rctrl
879.2832 	EXP 	Sound  started
879.9386 	DATA 	Keypress: lctrl
880.0332 	EXP 	Sound  started
880.6906 	DATA 	Keypress: rctrl
880.7832 	EXP 	Sound  started
881.5066 	DATA 	Keypress: lctrl
881.5332 	EXP 	Sound  started
882.2832 	EXP 	Sound  started
882.4826 	DATA 	Keypress: rctrl
883.0332 	EXP 	Sound  started
883.0905 	DATA 	Keypress: lctrl
883.6986 	DATA 	Keypress: rctrl
883.7833 	EXP 	Sound  started
884.5147 	DATA 	Keypress: lctrl
884.5333 	EXP 	Sound  started
885.2186 	DATA 	Keypress: rctrl
885.2833 	EXP 	Sound  started
885.9386 	DATA 	Keypress: lctrl
886.0333 	EXP 	Sound  started
886.6745 	DATA 	Keypress: rctrl
886.7833 	EXP 	Sound  started
887.3786 	DATA 	Keypress: lctrl
887.5333 	EXP 	Sound  started
888.1307 	DATA 	Keypress: rctrl
888.2833 	EXP 	Sound  started
888.8345 	DATA 	Keypress: lctrl
889.0333 	EXP 	Sound  started
889.5546 	DATA 	Keypress: lctrl
889.7834 	EXP 	Sound  started
890.2747 	DATA 	Keypress: lctrl
890.5334 	EXP 	Sound  started
891.0905 	DATA 	Keypress: rctrl
896.0117 	DATA 	Keypress: 4
896.0283 	EXP 	unnamed ShapeStim: vertices = <class 'numpy.ndarray'>
898.9980 	DATA 	Keypress: 1
899.0146 	EXP 	unnamed ShapeStim: vertices = <class 'numpy.ndarray'>
902.3169 	DATA 	Keypress: 3
902.3334 	EXP 	unnamed ShapeStim: vertices = <class 'numpy.ndarray'>
904.6185 	EXP 	Sound  started
905.3685 	EXP 	Sound  started
906.0987 	DATA 	Keypress: rctrl
906.1185 	EXP 	Sound  started
906.8346 	DATA 	Keypress: rctrl
906.8686 	EXP 	Sound  started
907.5386 	DATA 	Keypress: rctrl
907.6186 	EXP 	Sound  started
908.3066 	DATA 	Keypress: rctrl
908.3686 	EXP 	Sound  started
908.9947 	DATA 	Keypress: lctrl
909.1186 	EXP 	Sound  started
909.6507 	DATA 	Keypress: rctrl
909.8686 	EXP 	Sound  started
910.4667 	DATA 	Keypress: lctrl
910.6186 	EXP 	Sound  started
911.1705 	DATA 	Keypress: rctrl
911.3686 	EXP 	Sound  started
911.9546 	DATA 	Keypress: lctrl
912.1186 	EXP 	Sound  started
912.6426 	DATA 	Keypress: lctrl
912.8687 	EXP 	Sound  started
913.3786 	DATA 	Keypress: lctrl
913.6187 	EXP 	Sound  started
914.1307 	DATA 	Keypress: rctrl
914.3687 	EXP 	Sound  started
914.8826 	DATA 	Keypress: lctrl
915.1187 	EXP 	Sound  started
915.6026 	DATA 	Keypress: rctrl
915.8687 	EXP 	Sound  started
916.4026 	DATA 	Keypress: lctrl
916.6187 	EXP 	Sound  started
917.2507 	DATA 	Keypress: rctrl
917.3687 	EXP 	Sound  started
918.0186 	DATA 	Keypress: lctrl
918.1188 	EXP 	Sound  started
918.7545 	DATA 	Keypress: rctrl
918.8688 	EXP 	Sound  started
919.5546 	DATA 	Keypress: lctrl
919.6191 	EXP 	Sound  started
920.2586 	DATA 	Keypress: rctrl
920.3691 	EXP 	Sound  started
920.9626 	DATA 	Keypress: rctrl
921.1191 	EXP 	Sound  started
921.6346 	DATA 	Keypress: rctrl
921.8691 	EXP 	Sound  started
922.3705 	DATA 	Keypress: lctrl
922.6191 	EXP 	Sound  started
923.1066 	DATA 	Keypress: rctrl
923.3691 	EXP 	Sound  started
924.1191 	EXP 	Sound  started
924.1626 	DATA 	Keypress: lctrl
924.8186 	DATA 	Keypress: rctrl
924.8692 	EXP 	Sound  started
925.5706 	DATA 	Keypress: lctrl
925.6192 	EXP 	Sound  started
926.3387 	DATA 	Keypress: rctrl
926.3692 	EXP 	Sound  started
927.0586 	DATA 	Keypress: rctrl
927.1192 	EXP 	Sound  started
927.7466 	DATA 	Keypress: lctrl
927.8692 	EXP 	Sound  started
928.4506 	DATA 	Keypress: lctrl
928.6192 	EXP 	Sound  started
929.2026 	DATA 	Keypress: lctrl
929.3693 	EXP 	Sound  started
929.9066 	DATA 	Keypress: lctrl
930.1193 	EXP 	Sound  started
930.6586 	DATA 	Keypress: rctrl
930.8693 	EXP 	Sound  started
931.4266 	DATA 	Keypress: lctrl
931.6193 	EXP 	Sound  started
932.1626 	DATA 	Keypress: rctrl
932.3693 	EXP 	Sound  started
932.9466 	DATA 	Keypress: lctrl
933.1193 	EXP 	Sound  started
933.6986 	DATA 	Keypress: rctrl
933.8693 	EXP 	Sound  started
934.4827 	DATA 	Keypress: lctrl
934.6194 	EXP 	Sound  started
935.1866 	DATA 	Keypress: lctrl
935.3694 	EXP 	Sound  started
935.9066 	DATA 	Keypress: lctrl
936.1194 	EXP 	Sound  started
936.8694 	EXP 	Sound  started
937.3786 	DATA 	Keypress: lctrl
937.6194 	EXP 	Sound  started
938.0986 	DATA 	Keypress: lctrl
938.3694 	EXP 	Sound  started
938.9306 	DATA 	Keypress: lctrl
939.1194 	EXP 	Sound  started
939.6506 	DATA 	Keypress: rctrl
939.8695 	EXP 	Sound  started
940.4506 	DATA 	Keypress: rctrl
940.6195 	EXP 	Sound  started
941.1865 	DATA 	Keypress: rctrl
941.3695 	EXP 	Sound  started
941.9066 	DATA 	Keypress: rctrl
942.1195 	EXP 	Sound  started
942.6746 	DATA 	Keypress: lctrl
942.8695 	EXP 	Sound  started
943.4106 	DATA 	Keypress: rctrl
943.6195 	EXP 	Sound  started
944.2426 	DATA 	Keypress: lctrl
944.3696 	EXP 	Sound  started
944.9627 	DATA 	Keypress: rctrl
945.1196 	EXP 	Sound  started
945.8696 	EXP 	Sound  started
945.9707 	DATA 	Keypress: rctrl
946.6196 	EXP 	Sound  started
946.6587 	DATA 	Keypress: lctrl
947.3626 	DATA 	Keypress: rctrl
947.3696 	EXP 	Sound  started
948.1196 	EXP 	Sound  started
948.1465 	DATA 	Keypress: rctrl
948.8667 	DATA 	Keypress: lctrl
948.8697 	EXP 	Sound  started
949.5706 	DATA 	Keypress: rctrl
949.6197 	EXP 	Sound  started
950.3697 	EXP 	Sound  started
950.6906 	DATA 	Keypress: rctrl
951.1197 	EXP 	Sound  started
951.2826 	DATA 	Keypress: lctrl
951.8697 	EXP 	Sound  started
951.8906 	DATA 	Keypress: lctrl
952.5786 	DATA 	Keypress: rctrl
952.6197 	EXP 	Sound  started
953.3307 	DATA 	Keypress: rctrl
953.3697 	EXP 	Sound  started
953.9866 	DATA 	Keypress: lctrl
954.1198 	EXP 	Sound  started
954.7226 	DATA 	Keypress: rctrl
954.8698 	EXP 	Sound  started
955.5866 	DATA 	Keypress: rctrl
955.6198 	EXP 	Sound  started
956.3698 	EXP 	Sound  started
956.4026 	DATA 	Keypress: rctrl
956.9946 	DATA 	Keypress: lctrl
957.1198 	EXP 	Sound  started
957.7946 	DATA 	Keypress: rctrl
957.8698 	EXP 	Sound  started
958.5146 	DATA 	Keypress: lctrl
958.6199 	EXP 	Sound  started
959.3699 	EXP 	Sound  started
960.0826 	DATA 	Keypress: lctrl
960.1199 	EXP 	Sound  started
960.8026 	DATA 	Keypress: lctrl
960.8699 	EXP 	Sound  started
961.6186 	DATA 	Keypress: rctrl
961.6199 	EXP 	Sound  started
962.3699 	EXP 	Sound  started
962.4346 	DATA 	Keypress: rctrl
963.0426 	DATA 	Keypress: lctrl
963.1199 	EXP 	Sound  started
966.6363 	DATA 	Keypress: 3
966.6528 	EXP 	unnamed ShapeStim: vertices = <class 'numpy.ndarray'>
970.3227 	DATA 	Keypress: 3
970.3392 	EXP 	unnamed ShapeStim: vertices = <class 'numpy.ndarray'>
974.3259 	DATA 	Keypress: 4
974.3425 	EXP 	unnamed ShapeStim: vertices = <class 'numpy.ndarray'>
994.5307 	DATA 	Keypress: escape
994.5990 	EXP 	window1: mouseVisible = True
